2026-02-22 23:28:16 KST | INFO | ================================================================================
2026-02-22 23:28:16 KST | INFO | TL++ Orchestrator
2026-02-22 23:28:16 KST | INFO | ================================================================================
2026-02-22 23:28:16 KST | INFO | Log file: logs/TL++_secure_20260222_232816.log
2026-02-22 23:28:16 KST | INFO | 
2026-02-22 23:28:16 KST | INFO | --------------------------------------------------------------------------------
2026-02-22 23:28:16 KST | INFO | CONFIGURATION
2026-02-22 23:28:16 KST | INFO | --------------------------------------------------------------------------------
2026-02-22 23:28:16 KST | INFO | Secure mode:      True
2026-02-22 23:28:16 KST | INFO | Helper endpoint:  127.0.0.1:8082
2026-02-22 23:28:16 KST | INFO | Activation noise: 2.0%
2026-02-22 23:28:16 KST | INFO | Gradient noise:   10.0%
2026-02-22 23:28:16 KST | INFO | Nodes:            7
2026-02-22 23:28:16 KST | INFO | Cut layer:        2
2026-02-22 23:28:16 KST | INFO | Batch size:       128
2026-02-22 23:28:16 KST | INFO | Learning rate:    0.1
2026-02-22 23:28:16 KST | INFO | 
2026-02-22 23:28:16 KST | INFO | Computation device: cuda
2026-02-22 23:28:16 KST | INFO | Secure mode: ✓ ENABLED
2026-02-22 23:28:16 KST | INFO | 
2026-02-22 23:28:16 KST | INFO | --------------------------------------------------------------------------------
2026-02-22 23:28:16 KST | INFO | NETWORK SETUP
2026-02-22 23:28:16 KST | INFO | --------------------------------------------------------------------------------
2026-02-22 23:28:16 KST | INFO | ✓ Orchestrator listening on 127.0.0.1:8080
2026-02-22 23:28:16 KST | INFO | ✓ Helper node on 127.0.0.1:8082
2026-02-22 23:28:16 KST | INFO | 
2026-02-22 23:28:16 KST | INFO | Waiting for helper node...
2026-02-22 23:28:17 KST | INFO | ✓ Helper node connected
2026-02-22 23:28:17 KST | INFO | ✓ Noise config sent to helper (activation: 2.0%, gradient: 10.0%)
2026-02-22 23:28:17 KST | INFO | 
2026-02-22 23:28:17 KST | INFO | Waiting for 7 node(s)...
2026-02-22 23:28:23 KST | INFO |   ✓ Node 1/7 connected
2026-02-22 23:28:24 KST | INFO |   ✓ Node 2/7 connected
2026-02-22 23:28:25 KST | INFO |   ✓ Node 3/7 connected
2026-02-22 23:28:26 KST | INFO |   ✓ Node 4/7 connected
2026-02-22 23:28:27 KST | INFO |   ✓ Node 5/7 connected
2026-02-22 23:28:28 KST | INFO |   ✓ Node 6/7 connected
2026-02-22 23:28:28 KST | INFO |   ✓ Node 7/7 connected
2026-02-22 23:28:28 KST | INFO | ✓ All 7 node(s) connected
2026-02-22 23:28:28 KST | INFO | 
2026-02-22 23:28:28 KST | INFO | --------------------------------------------------------------------------------
2026-02-22 23:28:28 KST | INFO | MODEL INITIALIZATION
2026-02-22 23:28:28 KST | INFO | --------------------------------------------------------------------------------
2026-02-22 23:28:28 KST | INFO | Node-side parameters: 260,160
2026-02-22 23:28:28 KST | INFO | 
2026-02-22 23:28:28 KST | INFO | --------------------------------------------------------------------------------
2026-02-22 23:28:28 KST | INFO | BROADCASTING CONFIGURATION
2026-02-22 23:28:28 KST | INFO | --------------------------------------------------------------------------------
2026-02-22 23:28:28 KST | INFO | ✓ Configuration broadcast to all nodes
2026-02-22 23:28:30 KST | INFO | 
2026-02-22 23:28:30 KST | INFO | Total parameters:     3,246,663
2026-02-22 23:28:30 KST | INFO | Trainable parameters: 3,246,663
2026-02-22 23:28:30 KST | INFO | 
2026-02-22 23:28:30 KST | INFO | --------------------------------------------------------------------------------
2026-02-22 23:28:30 KST | INFO | DATA LOADING
2026-02-22 23:28:30 KST | INFO | --------------------------------------------------------------------------------
2026-02-22 23:28:56 KST | INFO | ✓ Dataset information collected:
2026-02-22 23:28:56 KST | INFO |     Node 1: 5,000 samples
2026-02-22 23:28:56 KST | INFO |     Node 2: 5,000 samples
2026-02-22 23:28:56 KST | INFO |     Node 3: 5,000 samples
2026-02-22 23:28:56 KST | INFO |     Node 4: 5,000 samples
2026-02-22 23:28:56 KST | INFO |     Node 5: 5,000 samples
2026-02-22 23:28:56 KST | INFO |     Node 6: 5,000 samples
2026-02-22 23:28:56 KST | INFO |     Node 7: 5,000 samples
2026-02-22 23:28:56 KST | INFO |   Total training samples: 35,000
2026-02-22 23:28:56 KST | INFO | 
2026-02-22 23:28:59 KST | INFO | ✓ Test dataset loaded: 7,000 samples
2026-02-22 23:28:59 KST | INFO | 
2026-02-22 23:28:59 KST | INFO | ✓ Batch scheduler: 274 batches/epoch
2026-02-22 23:28:59 KST | INFO | 
2026-02-22 23:28:59 KST | INFO | --------------------------------------------------------------------------------
2026-02-22 23:28:59 KST | INFO | OPTIMIZATION SETUP
2026-02-22 23:28:59 KST | INFO | --------------------------------------------------------------------------------
2026-02-22 23:28:59 KST | INFO | ✓ Optimizer: SGD (lr=0.1, momentum=0.9)
2026-02-22 23:28:59 KST | INFO | ✓ Scheduler: cosine
2026-02-22 23:28:59 KST | INFO | ✓ Gradient clipping: 1.0
2026-02-22 23:28:59 KST | INFO | 
2026-02-22 23:28:59 KST | INFO | ================================================================================
2026-02-22 23:28:59 KST | INFO | Setup complete - Ready for training
2026-02-22 23:28:59 KST | INFO | ================================================================================
2026-02-22 23:28:59 KST | INFO | 
2026-02-22 23:28:59 KST | INFO | --------------------------------------------------------------------------------
2026-02-22 23:28:59 KST | INFO | TRAINING
2026-02-22 23:28:59 KST | INFO | --------------------------------------------------------------------------------
2026-02-22 23:28:59 KST | INFO | 
2026-02-22 23:28:59 KST | INFO | Epoch 1/200 | LR: 0.100000
2026-02-22 23:31:19 KST | INFO |   Train Loss: 1.4839 | Test Loss: 0.0051 | Test Acc: 53.20%
2026-02-22 23:31:19 KST | INFO |   🏆 New best accuracy: 53.20%
2026-02-22 23:31:19 KST | INFO | 
2026-02-22 23:31:19 KST | INFO | Epoch 2/200 | LR: 0.099994
2026-02-22 23:33:29 KST | INFO |   Train Loss: 1.1598 | Test Loss: 0.0051 | Test Acc: 54.54%
2026-02-22 23:33:29 KST | INFO |   🏆 New best accuracy: 54.54%
2026-02-22 23:33:29 KST | INFO | 
2026-02-22 23:33:29 KST | INFO | Epoch 3/200 | LR: 0.099975
2026-02-22 23:35:41 KST | INFO |   Train Loss: 0.9608 | Test Loss: 0.0037 | Test Acc: 65.61%
2026-02-22 23:35:41 KST | INFO |   🏆 New best accuracy: 65.61%
2026-02-22 23:35:41 KST | INFO | 
2026-02-22 23:35:41 KST | INFO | Epoch 4/200 | LR: 0.099944
2026-02-22 23:37:51 KST | INFO |   Train Loss: 0.8025 | Test Loss: 0.0033 | Test Acc: 71.97%
2026-02-22 23:37:51 KST | INFO |   🏆 New best accuracy: 71.97%
2026-02-22 23:37:51 KST | INFO | 
2026-02-22 23:37:51 KST | INFO | Epoch 5/200 | LR: 0.099901
2026-02-22 23:40:01 KST | INFO |   Train Loss: 0.7120 | Test Loss: 0.0031 | Test Acc: 72.04%
2026-02-22 23:40:01 KST | INFO |   🏆 New best accuracy: 72.04%
2026-02-22 23:40:01 KST | INFO | 
2026-02-22 23:40:01 KST | INFO | Epoch 6/200 | LR: 0.099846
2026-02-22 23:42:17 KST | INFO |   Train Loss: 0.6409 | Test Loss: 0.0028 | Test Acc: 76.50%
2026-02-22 23:42:17 KST | INFO |   🏆 New best accuracy: 76.50%
2026-02-22 23:42:17 KST | INFO | 
2026-02-22 23:42:17 KST | INFO | Epoch 7/200 | LR: 0.099778
2026-02-22 23:44:21 KST | INFO |   Train Loss: 0.5953 | Test Loss: 0.0030 | Test Acc: 72.89%
2026-02-22 23:44:21 KST | INFO |   No improvement (1/30)
2026-02-22 23:44:21 KST | INFO | 
2026-02-22 23:44:21 KST | INFO | Epoch 8/200 | LR: 0.099698
2026-02-22 23:46:47 KST | INFO |   Train Loss: 0.5604 | Test Loss: 0.0025 | Test Acc: 78.34%
2026-02-22 23:46:47 KST | INFO |   🏆 New best accuracy: 78.34%
2026-02-22 23:46:47 KST | INFO | 
2026-02-22 23:46:47 KST | INFO | Epoch 9/200 | LR: 0.099606
2026-02-22 23:48:50 KST | INFO |   Train Loss: 0.5275 | Test Loss: 0.0025 | Test Acc: 77.40%
2026-02-22 23:48:50 KST | INFO |   No improvement (1/30)
2026-02-22 23:48:50 KST | INFO | 
2026-02-22 23:48:50 KST | INFO | Epoch 10/200 | LR: 0.099501
2026-02-22 23:51:07 KST | INFO |   Train Loss: 0.5055 | Test Loss: 0.0022 | Test Acc: 80.20%
2026-02-22 23:51:07 KST | INFO |   🏆 New best accuracy: 80.20%
2026-02-22 23:51:07 KST | INFO | 
2026-02-22 23:51:07 KST | INFO | Epoch 11/200 | LR: 0.099384
2026-02-22 23:53:24 KST | INFO |   Train Loss: 0.4851 | Test Loss: 0.0021 | Test Acc: 82.70%
2026-02-22 23:53:24 KST | INFO |   🏆 New best accuracy: 82.70%
2026-02-22 23:53:24 KST | INFO | 
2026-02-22 23:53:24 KST | INFO | Epoch 12/200 | LR: 0.099255
2026-02-22 23:55:27 KST | INFO |   Train Loss: 0.4669 | Test Loss: 0.0023 | Test Acc: 79.37%
2026-02-22 23:55:27 KST | INFO |   No improvement (1/30)
2026-02-22 23:55:27 KST | INFO | 
2026-02-22 23:55:27 KST | INFO | Epoch 13/200 | LR: 0.099114
2026-02-22 23:57:44 KST | INFO |   Train Loss: 0.4445 | Test Loss: 0.0021 | Test Acc: 80.59%
2026-02-22 23:57:44 KST | INFO |   No improvement (2/30)
2026-02-22 23:57:44 KST | INFO | 
2026-02-22 23:57:44 KST | INFO | Epoch 14/200 | LR: 0.098961
2026-02-22 23:59:47 KST | INFO |   Train Loss: 0.4401 | Test Loss: 0.0020 | Test Acc: 83.14%
2026-02-22 23:59:47 KST | INFO |   🏆 New best accuracy: 83.14%
2026-02-22 23:59:47 KST | INFO | 
2026-02-22 23:59:47 KST | INFO | Epoch 15/200 | LR: 0.098796
2026-02-23 00:02:00 KST | INFO |   Train Loss: 0.4213 | Test Loss: 0.0020 | Test Acc: 82.51%
2026-02-23 00:02:00 KST | INFO |   No improvement (1/30)
2026-02-23 00:02:00 KST | INFO | 
2026-02-23 00:02:00 KST | INFO | Epoch 16/200 | LR: 0.098619
2026-02-23 00:04:10 KST | INFO |   Train Loss: 0.4095 | Test Loss: 0.0024 | Test Acc: 80.39%
2026-02-23 00:04:10 KST | INFO |   No improvement (2/30)
2026-02-23 00:04:10 KST | INFO | 
2026-02-23 00:04:10 KST | INFO | Epoch 17/200 | LR: 0.098429
2026-02-23 00:06:20 KST | INFO |   Train Loss: 0.4014 | Test Loss: 0.0021 | Test Acc: 82.16%
2026-02-23 00:06:20 KST | INFO |   No improvement (3/30)
2026-02-23 00:06:20 KST | INFO | 
2026-02-23 00:06:20 KST | INFO | Epoch 18/200 | LR: 0.098228
2026-02-23 00:08:37 KST | INFO |   Train Loss: 0.3919 | Test Loss: 0.0023 | Test Acc: 79.99%
2026-02-23 00:08:37 KST | INFO |   No improvement (4/30)
2026-02-23 00:08:37 KST | INFO | 
2026-02-23 00:08:37 KST | INFO | Epoch 19/200 | LR: 0.098015
2026-02-23 00:10:41 KST | INFO |   Train Loss: 0.3840 | Test Loss: 0.0019 | Test Acc: 83.01%
2026-02-23 00:10:41 KST | INFO |   No improvement (5/30)
2026-02-23 00:10:41 KST | INFO | 
2026-02-23 00:10:41 KST | INFO | Epoch 20/200 | LR: 0.097790
2026-02-23 00:12:58 KST | INFO |   Train Loss: 0.3749 | Test Loss: 0.0025 | Test Acc: 77.51%
2026-02-23 00:12:58 KST | INFO |   No improvement (6/30)
2026-02-23 00:12:58 KST | INFO | 
2026-02-23 00:12:58 KST | INFO | Epoch 21/200 | LR: 0.097553
2026-02-23 00:15:08 KST | INFO |   Train Loss: 0.3697 | Test Loss: 0.0021 | Test Acc: 82.37%
2026-02-23 00:15:08 KST | INFO |   No improvement (7/30)
2026-02-23 00:15:08 KST | INFO | 
2026-02-23 00:15:08 KST | INFO | Epoch 22/200 | LR: 0.097304
2026-02-23 00:17:18 KST | INFO |   Train Loss: 0.3647 | Test Loss: 0.0021 | Test Acc: 81.56%
2026-02-23 00:17:18 KST | INFO |   No improvement (8/30)
2026-02-23 00:17:18 KST | INFO | 
2026-02-23 00:17:18 KST | INFO | Epoch 23/200 | LR: 0.097044
2026-02-23 00:19:27 KST | INFO |   Train Loss: 0.3534 | Test Loss: 0.0021 | Test Acc: 82.80%
2026-02-23 00:19:27 KST | INFO |   No improvement (9/30)
2026-02-23 00:19:27 KST | INFO | 
2026-02-23 00:19:27 KST | INFO | Epoch 24/200 | LR: 0.096772
2026-02-23 00:21:42 KST | INFO |   Train Loss: 0.3497 | Test Loss: 0.0018 | Test Acc: 84.16%
2026-02-23 00:21:42 KST | INFO |   🏆 New best accuracy: 84.16%
2026-02-23 00:21:42 KST | INFO | 
2026-02-23 00:21:42 KST | INFO | Epoch 25/200 | LR: 0.096489
2026-02-23 00:23:53 KST | INFO |   Train Loss: 0.3468 | Test Loss: 0.0024 | Test Acc: 79.36%
2026-02-23 00:23:53 KST | INFO |   No improvement (1/30)
2026-02-23 00:23:53 KST | INFO | 
2026-02-23 00:23:53 KST | INFO | Epoch 26/200 | LR: 0.096194
2026-02-23 00:26:03 KST | INFO |   Train Loss: 0.3401 | Test Loss: 0.0016 | Test Acc: 86.09%
2026-02-23 00:26:03 KST | INFO |   🏆 New best accuracy: 86.09%
2026-02-23 00:26:03 KST | INFO | 
2026-02-23 00:26:03 KST | INFO | Epoch 27/200 | LR: 0.095888
2026-02-23 00:28:13 KST | INFO |   Train Loss: 0.3373 | Test Loss: 0.0020 | Test Acc: 82.51%
2026-02-23 00:28:13 KST | INFO |   No improvement (1/30)
2026-02-23 00:28:13 KST | INFO | 
2026-02-23 00:28:13 KST | INFO | Epoch 28/200 | LR: 0.095570
2026-02-23 00:30:23 KST | INFO |   Train Loss: 0.3326 | Test Loss: 0.0017 | Test Acc: 86.31%
2026-02-23 00:30:23 KST | INFO |   🏆 New best accuracy: 86.31%
2026-02-23 00:30:23 KST | INFO | 
2026-02-23 00:30:23 KST | INFO | Epoch 29/200 | LR: 0.095241
2026-02-23 00:32:40 KST | INFO |   Train Loss: 0.3258 | Test Loss: 0.0017 | Test Acc: 85.51%
2026-02-23 00:32:40 KST | INFO |   No improvement (1/30)
2026-02-23 00:32:40 KST | INFO | 
2026-02-23 00:32:40 KST | INFO | Epoch 30/200 | LR: 0.094901
2026-02-23 00:34:44 KST | INFO |   Train Loss: 0.3249 | Test Loss: 0.0016 | Test Acc: 86.20%
2026-02-23 00:34:44 KST | INFO |   No improvement (2/30)
2026-02-23 00:34:44 KST | INFO | 
2026-02-23 00:34:44 KST | INFO | Epoch 31/200 | LR: 0.094550
2026-02-23 00:37:01 KST | INFO |   Train Loss: 0.3200 | Test Loss: 0.0020 | Test Acc: 82.63%
2026-02-23 00:37:01 KST | INFO |   No improvement (3/30)
2026-02-23 00:37:01 KST | INFO | 
2026-02-23 00:37:01 KST | INFO | Epoch 32/200 | LR: 0.094188
2026-02-23 00:39:24 KST | INFO |   Train Loss: 0.3065 | Test Loss: 0.0018 | Test Acc: 84.20%
2026-02-23 00:39:24 KST | INFO |   No improvement (4/30)
2026-02-23 00:39:24 KST | INFO | 
2026-02-23 00:39:24 KST | INFO | Epoch 33/200 | LR: 0.093815
2026-02-23 00:41:28 KST | INFO |   Train Loss: 0.3081 | Test Loss: 0.0018 | Test Acc: 84.56%
2026-02-23 00:41:28 KST | INFO |   No improvement (5/30)
2026-02-23 00:41:28 KST | INFO | 
2026-02-23 00:41:28 KST | INFO | Epoch 34/200 | LR: 0.093432
2026-02-23 00:43:44 KST | INFO |   Train Loss: 0.3092 | Test Loss: 0.0020 | Test Acc: 81.90%
2026-02-23 00:43:44 KST | INFO |   No improvement (6/30)
2026-02-23 00:43:44 KST | INFO | 
2026-02-23 00:43:44 KST | INFO | Epoch 35/200 | LR: 0.093037
2026-02-23 00:45:48 KST | INFO |   Train Loss: 0.3016 | Test Loss: 0.0019 | Test Acc: 84.41%
2026-02-23 00:45:48 KST | INFO |   No improvement (7/30)
2026-02-23 00:45:48 KST | INFO | 
2026-02-23 00:45:48 KST | INFO | Epoch 36/200 | LR: 0.092632
2026-02-23 00:48:04 KST | INFO |   Train Loss: 0.3001 | Test Loss: 0.0016 | Test Acc: 85.79%
2026-02-23 00:48:04 KST | INFO |   No improvement (8/30)
2026-02-23 00:48:04 KST | INFO | 
2026-02-23 00:48:04 KST | INFO | Epoch 37/200 | LR: 0.092216
2026-02-23 00:50:08 KST | INFO |   Train Loss: 0.2967 | Test Loss: 0.0017 | Test Acc: 85.96%
2026-02-23 00:50:08 KST | INFO |   No improvement (9/30)
2026-02-23 00:50:08 KST | INFO | 
2026-02-23 00:50:08 KST | INFO | Epoch 38/200 | LR: 0.091790
2026-02-23 00:52:25 KST | INFO |   Train Loss: 0.2924 | Test Loss: 0.0017 | Test Acc: 85.34%
2026-02-23 00:52:25 KST | INFO |   No improvement (10/30)
2026-02-23 00:52:25 KST | INFO | 
2026-02-23 00:52:25 KST | INFO | Epoch 39/200 | LR: 0.091354
2026-02-23 00:54:29 KST | INFO |   Train Loss: 0.2935 | Test Loss: 0.0016 | Test Acc: 85.60%
2026-02-23 00:54:29 KST | INFO |   No improvement (11/30)
2026-02-23 00:54:29 KST | INFO | 
2026-02-23 00:54:29 KST | INFO | Epoch 40/200 | LR: 0.090908
2026-02-23 00:56:47 KST | INFO |   Train Loss: 0.2853 | Test Loss: 0.0020 | Test Acc: 82.47%
2026-02-23 00:56:47 KST | INFO |   No improvement (12/30)
2026-02-23 00:56:47 KST | INFO | 
2026-02-23 00:56:47 KST | INFO | Epoch 41/200 | LR: 0.090451
2026-02-23 00:59:05 KST | INFO |   Train Loss: 0.2874 | Test Loss: 0.0016 | Test Acc: 86.94%
2026-02-23 00:59:05 KST | INFO |   🏆 New best accuracy: 86.94%
2026-02-23 00:59:05 KST | INFO | 
2026-02-23 00:59:05 KST | INFO | Epoch 42/200 | LR: 0.089984
2026-02-23 01:01:16 KST | INFO |   Train Loss: 0.2801 | Test Loss: 0.0017 | Test Acc: 85.61%
2026-02-23 01:01:16 KST | INFO |   No improvement (1/30)
2026-02-23 01:01:16 KST | INFO | 
2026-02-23 01:01:16 KST | INFO | Epoch 43/200 | LR: 0.089508
2026-02-23 01:03:27 KST | INFO |   Train Loss: 0.2793 | Test Loss: 0.0016 | Test Acc: 86.16%
2026-02-23 01:03:27 KST | INFO |   No improvement (2/30)
2026-02-23 01:03:27 KST | INFO | 
2026-02-23 01:03:27 KST | INFO | Epoch 44/200 | LR: 0.089022
2026-02-23 01:05:43 KST | INFO |   Train Loss: 0.2739 | Test Loss: 0.0015 | Test Acc: 87.79%
2026-02-23 01:05:43 KST | INFO |   🏆 New best accuracy: 87.79%
2026-02-23 01:05:43 KST | INFO | 
2026-02-23 01:05:43 KST | INFO | Epoch 45/200 | LR: 0.088526
2026-02-23 01:07:47 KST | INFO |   Train Loss: 0.2716 | Test Loss: 0.0020 | Test Acc: 83.64%
2026-02-23 01:07:47 KST | INFO |   No improvement (1/30)
2026-02-23 01:07:47 KST | INFO | 
2026-02-23 01:07:47 KST | INFO | Epoch 46/200 | LR: 0.088020
2026-02-23 01:10:10 KST | INFO |   Train Loss: 0.2749 | Test Loss: 0.0017 | Test Acc: 86.09%
2026-02-23 01:10:10 KST | INFO |   No improvement (2/30)
2026-02-23 01:10:10 KST | INFO | 
2026-02-23 01:10:10 KST | INFO | Epoch 47/200 | LR: 0.087506
2026-02-23 01:12:15 KST | INFO |   Train Loss: 0.2671 | Test Loss: 0.0016 | Test Acc: 86.59%
2026-02-23 01:12:15 KST | INFO |   No improvement (3/30)
2026-02-23 01:12:15 KST | INFO | 
2026-02-23 01:12:15 KST | INFO | Epoch 48/200 | LR: 0.086982
2026-02-23 01:14:36 KST | INFO |   Train Loss: 0.2684 | Test Loss: 0.0025 | Test Acc: 79.37%
2026-02-23 01:14:36 KST | INFO |   No improvement (4/30)
2026-02-23 01:14:36 KST | INFO | 
2026-02-23 01:14:36 KST | INFO | Epoch 49/200 | LR: 0.086449
2026-02-23 01:16:43 KST | INFO |   Train Loss: 0.2629 | Test Loss: 0.0015 | Test Acc: 87.74%
2026-02-23 01:16:43 KST | INFO |   No improvement (5/30)
2026-02-23 01:16:43 KST | INFO | 
2026-02-23 01:16:43 KST | INFO | Epoch 50/200 | LR: 0.085906
2026-02-23 01:18:57 KST | INFO |   Train Loss: 0.2615 | Test Loss: 0.0020 | Test Acc: 82.69%
2026-02-23 01:18:57 KST | INFO |   No improvement (6/30)
2026-02-23 01:18:57 KST | INFO | 
2026-02-23 01:18:57 KST | INFO | Epoch 51/200 | LR: 0.085355
2026-02-23 01:21:13 KST | INFO |   Train Loss: 0.2560 | Test Loss: 0.0016 | Test Acc: 86.33%
2026-02-23 01:21:13 KST | INFO |   No improvement (7/30)
2026-02-23 01:21:13 KST | INFO | 
2026-02-23 01:21:13 KST | INFO | Epoch 52/200 | LR: 0.084796
2026-02-23 01:23:16 KST | INFO |   Train Loss: 0.2619 | Test Loss: 0.0016 | Test Acc: 86.54%
2026-02-23 01:23:16 KST | INFO |   No improvement (8/30)
2026-02-23 01:23:16 KST | INFO | 
2026-02-23 01:23:16 KST | INFO | Epoch 53/200 | LR: 0.084228
2026-02-23 01:25:36 KST | INFO |   Train Loss: 0.2512 | Test Loss: 0.0014 | Test Acc: 88.20%
2026-02-23 01:25:36 KST | INFO |   🏆 New best accuracy: 88.20%
2026-02-23 01:25:36 KST | INFO | 
2026-02-23 01:25:36 KST | INFO | Epoch 54/200 | LR: 0.083651
2026-02-23 01:27:55 KST | INFO |   Train Loss: 0.2509 | Test Loss: 0.0020 | Test Acc: 82.93%
2026-02-23 01:27:55 KST | INFO |   No improvement (1/30)
2026-02-23 01:27:55 KST | INFO | 
2026-02-23 01:27:55 KST | INFO | Epoch 55/200 | LR: 0.083066
2026-02-23 01:29:58 KST | INFO |   Train Loss: 0.2462 | Test Loss: 0.0017 | Test Acc: 85.00%
2026-02-23 01:29:58 KST | INFO |   No improvement (2/30)
2026-02-23 01:29:58 KST | INFO | 
2026-02-23 01:29:58 KST | INFO | Epoch 56/200 | LR: 0.082473
2026-02-23 01:32:15 KST | INFO |   Train Loss: 0.2461 | Test Loss: 0.0014 | Test Acc: 87.61%
2026-02-23 01:32:15 KST | INFO |   No improvement (3/30)
2026-02-23 01:32:15 KST | INFO | 
2026-02-23 01:32:15 KST | INFO | Epoch 57/200 | LR: 0.081871
2026-02-23 01:34:21 KST | INFO |   Train Loss: 0.2449 | Test Loss: 0.0014 | Test Acc: 87.67%
2026-02-23 01:34:21 KST | INFO |   No improvement (4/30)
2026-02-23 01:34:21 KST | INFO | 
2026-02-23 01:34:21 KST | INFO | Epoch 58/200 | LR: 0.081262
2026-02-23 01:36:33 KST | INFO |   Train Loss: 0.2421 | Test Loss: 0.0017 | Test Acc: 85.63%
2026-02-23 01:36:33 KST | INFO |   No improvement (5/30)
2026-02-23 01:36:33 KST | INFO | 
2026-02-23 01:36:33 KST | INFO | Epoch 59/200 | LR: 0.080646
2026-02-23 01:38:50 KST | INFO |   Train Loss: 0.2356 | Test Loss: 0.0016 | Test Acc: 86.11%
2026-02-23 01:38:50 KST | INFO |   No improvement (6/30)
2026-02-23 01:38:50 KST | INFO | 
2026-02-23 01:38:50 KST | INFO | Epoch 60/200 | LR: 0.080021
2026-02-23 01:40:53 KST | INFO |   Train Loss: 0.2356 | Test Loss: 0.0016 | Test Acc: 86.66%
2026-02-23 01:40:53 KST | INFO |   No improvement (7/30)
2026-02-23 01:40:53 KST | INFO | 
2026-02-23 01:40:53 KST | INFO | Epoch 61/200 | LR: 0.079389
2026-02-23 01:43:10 KST | INFO |   Train Loss: 0.2359 | Test Loss: 0.0014 | Test Acc: 87.60%
2026-02-23 01:43:10 KST | INFO |   No improvement (8/30)
2026-02-23 01:43:10 KST | INFO | 
2026-02-23 01:43:10 KST | INFO | Epoch 62/200 | LR: 0.078750
2026-02-23 01:45:19 KST | INFO |   Train Loss: 0.2327 | Test Loss: 0.0016 | Test Acc: 86.44%
2026-02-23 01:45:19 KST | INFO |   No improvement (9/30)
2026-02-23 01:45:19 KST | INFO | 
2026-02-23 01:45:19 KST | INFO | Epoch 63/200 | LR: 0.078104
2026-02-23 01:47:29 KST | INFO |   Train Loss: 0.2320 | Test Loss: 0.0014 | Test Acc: 87.81%
2026-02-23 01:47:29 KST | INFO |   No improvement (10/30)
2026-02-23 01:47:29 KST | INFO | 
2026-02-23 01:47:29 KST | INFO | Epoch 64/200 | LR: 0.077451
2026-02-23 01:49:39 KST | INFO |   Train Loss: 0.2289 | Test Loss: 0.0016 | Test Acc: 85.97%
2026-02-23 01:49:39 KST | INFO |   No improvement (11/30)
2026-02-23 01:49:39 KST | INFO | 
2026-02-23 01:49:39 KST | INFO | Epoch 65/200 | LR: 0.076792
2026-02-23 01:51:49 KST | INFO |   Train Loss: 0.2260 | Test Loss: 0.0016 | Test Acc: 85.94%
2026-02-23 01:51:49 KST | INFO |   No improvement (12/30)
2026-02-23 01:51:49 KST | INFO | 
2026-02-23 01:51:49 KST | INFO | Epoch 66/200 | LR: 0.076125
2026-02-23 01:53:59 KST | INFO |   Train Loss: 0.2208 | Test Loss: 0.0014 | Test Acc: 88.47%
2026-02-23 01:53:59 KST | INFO |   🏆 New best accuracy: 88.47%
2026-02-23 01:53:59 KST | INFO | 
2026-02-23 01:53:59 KST | INFO | Epoch 67/200 | LR: 0.075452
2026-02-23 01:56:09 KST | INFO |   Train Loss: 0.2203 | Test Loss: 0.0015 | Test Acc: 87.03%
2026-02-23 01:56:09 KST | INFO |   No improvement (1/30)
2026-02-23 01:56:09 KST | INFO | 
2026-02-23 01:56:09 KST | INFO | Epoch 68/200 | LR: 0.074773
2026-02-23 01:58:19 KST | INFO |   Train Loss: 0.2196 | Test Loss: 0.0016 | Test Acc: 85.96%
2026-02-23 01:58:19 KST | INFO |   No improvement (2/30)
2026-02-23 01:58:19 KST | INFO | 
2026-02-23 01:58:19 KST | INFO | Epoch 69/200 | LR: 0.074088
2026-02-23 02:00:36 KST | INFO |   Train Loss: 0.2147 | Test Loss: 0.0014 | Test Acc: 88.29%
2026-02-23 02:00:36 KST | INFO |   No improvement (3/30)
2026-02-23 02:00:36 KST | INFO | 
2026-02-23 02:00:36 KST | INFO | Epoch 70/200 | LR: 0.073397
2026-02-23 02:02:39 KST | INFO |   Train Loss: 0.2174 | Test Loss: 0.0020 | Test Acc: 83.14%
2026-02-23 02:02:39 KST | INFO |   No improvement (4/30)
2026-02-23 02:02:39 KST | INFO | 
2026-02-23 02:02:39 KST | INFO | Epoch 71/200 | LR: 0.072700
2026-02-23 02:04:56 KST | INFO |   Train Loss: 0.2105 | Test Loss: 0.0017 | Test Acc: 85.30%
2026-02-23 02:04:56 KST | INFO |   No improvement (5/30)
2026-02-23 02:04:56 KST | INFO | 
2026-02-23 02:04:56 KST | INFO | Epoch 72/200 | LR: 0.071997
2026-02-23 02:07:07 KST | INFO |   Train Loss: 0.2106 | Test Loss: 0.0017 | Test Acc: 85.33%
2026-02-23 02:07:07 KST | INFO |   No improvement (6/30)
2026-02-23 02:07:07 KST | INFO | 
2026-02-23 02:07:07 KST | INFO | Epoch 73/200 | LR: 0.071289
2026-02-23 02:09:17 KST | INFO |   Train Loss: 0.2047 | Test Loss: 0.0013 | Test Acc: 88.49%
2026-02-23 02:09:17 KST | INFO |   🏆 New best accuracy: 88.49%
2026-02-23 02:09:17 KST | INFO | 
2026-02-23 02:09:17 KST | INFO | Epoch 74/200 | LR: 0.070576
2026-02-23 02:11:27 KST | INFO |   Train Loss: 0.2035 | Test Loss: 0.0016 | Test Acc: 86.70%
2026-02-23 02:11:27 KST | INFO |   No improvement (1/30)
2026-02-23 02:11:27 KST | INFO | 
2026-02-23 02:11:27 KST | INFO | Epoch 75/200 | LR: 0.069858
2026-02-23 02:13:37 KST | INFO |   Train Loss: 0.1997 | Test Loss: 0.0015 | Test Acc: 87.89%
2026-02-23 02:13:37 KST | INFO |   No improvement (2/30)
2026-02-23 02:13:37 KST | INFO | 
2026-02-23 02:13:37 KST | INFO | Epoch 76/200 | LR: 0.069134
2026-02-23 02:15:54 KST | INFO |   Train Loss: 0.2025 | Test Loss: 0.0013 | Test Acc: 88.46%
2026-02-23 02:15:54 KST | INFO |   No improvement (3/30)
2026-02-23 02:15:54 KST | INFO | 
2026-02-23 02:15:54 KST | INFO | Epoch 77/200 | LR: 0.068407
2026-02-23 02:18:04 KST | INFO |   Train Loss: 0.2023 | Test Loss: 0.0013 | Test Acc: 88.26%
2026-02-23 02:18:04 KST | INFO |   No improvement (4/30)
2026-02-23 02:18:04 KST | INFO | 
2026-02-23 02:18:04 KST | INFO | Epoch 78/200 | LR: 0.067674
2026-02-23 02:20:14 KST | INFO |   Train Loss: 0.1947 | Test Loss: 0.0018 | Test Acc: 84.84%
2026-02-23 02:20:14 KST | INFO |   No improvement (5/30)
2026-02-23 02:20:14 KST | INFO | 
2026-02-23 02:20:14 KST | INFO | Epoch 79/200 | LR: 0.066937
2026-02-23 02:22:31 KST | INFO |   Train Loss: 0.1932 | Test Loss: 0.0013 | Test Acc: 88.34%
2026-02-23 02:22:31 KST | INFO |   No improvement (6/30)
2026-02-23 02:22:31 KST | INFO | 
2026-02-23 02:22:31 KST | INFO | Epoch 80/200 | LR: 0.066196
2026-02-23 02:24:34 KST | INFO |   Train Loss: 0.1889 | Test Loss: 0.0015 | Test Acc: 87.01%
2026-02-23 02:24:34 KST | INFO |   No improvement (7/30)
2026-02-23 02:24:34 KST | INFO | 
2026-02-23 02:24:34 KST | INFO | Epoch 81/200 | LR: 0.065451
2026-02-23 02:26:51 KST | INFO |   Train Loss: 0.1857 | Test Loss: 0.0014 | Test Acc: 87.69%
2026-02-23 02:26:51 KST | INFO |   No improvement (8/30)
2026-02-23 02:26:51 KST | INFO | 
2026-02-23 02:26:51 KST | INFO | Epoch 82/200 | LR: 0.064702
2026-02-23 02:29:01 KST | INFO |   Train Loss: 0.1867 | Test Loss: 0.0015 | Test Acc: 86.91%
2026-02-23 02:29:01 KST | INFO |   No improvement (9/30)
2026-02-23 02:29:01 KST | INFO | 
2026-02-23 02:29:01 KST | INFO | Epoch 83/200 | LR: 0.063950
2026-02-23 02:31:11 KST | INFO |   Train Loss: 0.1833 | Test Loss: 0.0013 | Test Acc: 88.67%
2026-02-23 02:31:11 KST | INFO |   🏆 New best accuracy: 88.67%
2026-02-23 02:31:11 KST | INFO | 
2026-02-23 02:31:11 KST | INFO | Epoch 84/200 | LR: 0.063194
2026-02-23 02:33:28 KST | INFO |   Train Loss: 0.1812 | Test Loss: 0.0014 | Test Acc: 87.49%
2026-02-23 02:33:28 KST | INFO |   No improvement (1/30)
2026-02-23 02:33:28 KST | INFO | 
2026-02-23 02:33:28 KST | INFO | Epoch 85/200 | LR: 0.062435
2026-02-23 02:35:38 KST | INFO |   Train Loss: 0.1832 | Test Loss: 0.0014 | Test Acc: 88.24%
2026-02-23 02:35:38 KST | INFO |   No improvement (2/30)
2026-02-23 02:35:38 KST | INFO | 
2026-02-23 02:35:38 KST | INFO | Epoch 86/200 | LR: 0.061673
2026-02-23 02:37:48 KST | INFO |   Train Loss: 0.1766 | Test Loss: 0.0014 | Test Acc: 87.40%
2026-02-23 02:37:48 KST | INFO |   No improvement (3/30)
2026-02-23 02:37:48 KST | INFO | 
2026-02-23 02:37:48 KST | INFO | Epoch 87/200 | LR: 0.060908
2026-02-23 02:40:05 KST | INFO |   Train Loss: 0.1760 | Test Loss: 0.0014 | Test Acc: 88.14%
2026-02-23 02:40:05 KST | INFO |   No improvement (4/30)
2026-02-23 02:40:05 KST | INFO | 
2026-02-23 02:40:05 KST | INFO | Epoch 88/200 | LR: 0.060140
2026-02-23 02:42:08 KST | INFO |   Train Loss: 0.1707 | Test Loss: 0.0016 | Test Acc: 87.10%
2026-02-23 02:42:08 KST | INFO |   No improvement (5/30)
2026-02-23 02:42:08 KST | INFO | 
2026-02-23 02:42:08 KST | INFO | Epoch 89/200 | LR: 0.059369
2026-02-23 02:44:25 KST | INFO |   Train Loss: 0.1730 | Test Loss: 0.0018 | Test Acc: 84.53%
2026-02-23 02:44:25 KST | INFO |   No improvement (6/30)
2026-02-23 02:44:25 KST | INFO | 
2026-02-23 02:44:25 KST | INFO | Epoch 90/200 | LR: 0.058597
2026-02-23 02:46:36 KST | INFO |   Train Loss: 0.1649 | Test Loss: 0.0014 | Test Acc: 88.17%
2026-02-23 02:46:36 KST | INFO |   No improvement (7/30)
2026-02-23 02:46:36 KST | INFO | 
2026-02-23 02:46:36 KST | INFO | Epoch 91/200 | LR: 0.057822
2026-02-23 02:48:51 KST | INFO |   Train Loss: 0.1665 | Test Loss: 0.0015 | Test Acc: 87.10%
2026-02-23 02:48:51 KST | INFO |   No improvement (8/30)
2026-02-23 02:48:51 KST | INFO | 
2026-02-23 02:48:51 KST | INFO | Epoch 92/200 | LR: 0.057045
2026-02-23 02:50:57 KST | INFO |   Train Loss: 0.1606 | Test Loss: 0.0015 | Test Acc: 87.34%
2026-02-23 02:50:57 KST | INFO |   No improvement (9/30)
2026-02-23 02:50:57 KST | INFO | 
2026-02-23 02:50:57 KST | INFO | Epoch 93/200 | LR: 0.056267
2026-02-23 02:53:12 KST | INFO |   Train Loss: 0.1594 | Test Loss: 0.0015 | Test Acc: 87.19%
2026-02-23 02:53:12 KST | INFO |   No improvement (10/30)
2026-02-23 02:53:12 KST | INFO | 
2026-02-23 02:53:12 KST | INFO | Epoch 94/200 | LR: 0.055487
2026-02-23 02:55:22 KST | INFO |   Train Loss: 0.1579 | Test Loss: 0.0017 | Test Acc: 85.39%
2026-02-23 02:55:22 KST | INFO |   No improvement (11/30)
2026-02-23 02:55:22 KST | INFO | 
2026-02-23 02:55:22 KST | INFO | Epoch 95/200 | LR: 0.054706
2026-02-23 02:57:32 KST | INFO |   Train Loss: 0.1514 | Test Loss: 0.0015 | Test Acc: 87.91%
2026-02-23 02:57:32 KST | INFO |   No improvement (12/30)
2026-02-23 02:57:32 KST | INFO | 
2026-02-23 02:57:32 KST | INFO | Epoch 96/200 | LR: 0.053923
2026-02-23 02:59:42 KST | INFO |   Train Loss: 0.1563 | Test Loss: 0.0012 | Test Acc: 89.69%
2026-02-23 02:59:42 KST | INFO |   🏆 New best accuracy: 89.69%
2026-02-23 02:59:42 KST | INFO | 
2026-02-23 02:59:42 KST | INFO | Epoch 97/200 | LR: 0.053140
2026-02-23 03:01:51 KST | INFO |   Train Loss: 0.1510 | Test Loss: 0.0014 | Test Acc: 88.16%
2026-02-23 03:01:51 KST | INFO |   No improvement (1/30)
2026-02-23 03:01:51 KST | INFO | 
2026-02-23 03:01:51 KST | INFO | Epoch 98/200 | LR: 0.052356
2026-02-23 03:04:01 KST | INFO |   Train Loss: 0.1489 | Test Loss: 0.0020 | Test Acc: 84.59%
2026-02-23 03:04:01 KST | INFO |   No improvement (2/30)
2026-02-23 03:04:01 KST | INFO | 
2026-02-23 03:04:01 KST | INFO | Epoch 99/200 | LR: 0.051571
2026-02-23 03:06:15 KST | INFO |   Train Loss: 0.1432 | Test Loss: 0.0016 | Test Acc: 86.90%
2026-02-23 03:06:15 KST | INFO |   No improvement (3/30)
2026-02-23 03:06:15 KST | INFO | 
2026-02-23 03:06:15 KST | INFO | Epoch 100/200 | LR: 0.050786
2026-02-23 03:08:20 KST | INFO |   Train Loss: 0.1420 | Test Loss: 0.0014 | Test Acc: 88.24%
2026-02-23 03:08:20 KST | INFO |   No improvement (4/30)
2026-02-23 03:08:20 KST | INFO | 
2026-02-23 03:08:20 KST | INFO | Epoch 101/200 | LR: 0.050001
2026-02-23 03:10:36 KST | INFO |   Train Loss: 0.1415 | Test Loss: 0.0015 | Test Acc: 87.06%
2026-02-23 03:10:36 KST | INFO |   No improvement (5/30)
2026-02-23 03:10:36 KST | INFO | 
2026-02-23 03:10:36 KST | INFO | Epoch 102/200 | LR: 0.049215
2026-02-23 03:12:41 KST | INFO |   Train Loss: 0.1399 | Test Loss: 0.0014 | Test Acc: 88.37%
2026-02-23 03:12:41 KST | INFO |   No improvement (6/30)
2026-02-23 03:12:41 KST | INFO | 
2026-02-23 03:12:41 KST | INFO | Epoch 103/200 | LR: 0.048430
2026-02-23 03:14:56 KST | INFO |   Train Loss: 0.1348 | Test Loss: 0.0014 | Test Acc: 88.01%
2026-02-23 03:14:56 KST | INFO |   No improvement (7/30)
2026-02-23 03:14:56 KST | INFO | 
2026-02-23 03:14:56 KST | INFO | Epoch 104/200 | LR: 0.047645
2026-02-23 03:17:06 KST | INFO |   Train Loss: 0.1305 | Test Loss: 0.0015 | Test Acc: 88.00%
2026-02-23 03:17:06 KST | INFO |   No improvement (8/30)
2026-02-23 03:17:06 KST | INFO | 
2026-02-23 03:17:06 KST | INFO | Epoch 105/200 | LR: 0.046861
2026-02-23 03:19:16 KST | INFO |   Train Loss: 0.1306 | Test Loss: 0.0013 | Test Acc: 89.31%
2026-02-23 03:19:16 KST | INFO |   No improvement (9/30)
2026-02-23 03:19:16 KST | INFO | 
2026-02-23 03:19:16 KST | INFO | Epoch 106/200 | LR: 0.046078
2026-02-23 03:21:26 KST | INFO |   Train Loss: 0.1311 | Test Loss: 0.0013 | Test Acc: 89.10%
2026-02-23 03:21:26 KST | INFO |   No improvement (10/30)
2026-02-23 03:21:26 KST | INFO | 
2026-02-23 03:21:26 KST | INFO | Epoch 107/200 | LR: 0.045295
2026-02-23 03:23:35 KST | INFO |   Train Loss: 0.1297 | Test Loss: 0.0013 | Test Acc: 89.16%
2026-02-23 03:23:35 KST | INFO |   No improvement (11/30)
2026-02-23 03:23:35 KST | INFO | 
2026-02-23 03:23:35 KST | INFO | Epoch 108/200 | LR: 0.044514
2026-02-23 03:25:52 KST | INFO |   Train Loss: 0.1231 | Test Loss: 0.0013 | Test Acc: 88.97%
2026-02-23 03:25:52 KST | INFO |   No improvement (12/30)
2026-02-23 03:25:52 KST | INFO | 
2026-02-23 03:25:52 KST | INFO | Epoch 109/200 | LR: 0.043734
2026-02-23 03:27:55 KST | INFO |   Train Loss: 0.1236 | Test Loss: 0.0013 | Test Acc: 88.96%
2026-02-23 03:27:55 KST | INFO |   No improvement (13/30)
2026-02-23 03:27:55 KST | INFO | 
2026-02-23 03:27:55 KST | INFO | Epoch 110/200 | LR: 0.042956
2026-02-23 03:30:13 KST | INFO |   Train Loss: 0.1164 | Test Loss: 0.0013 | Test Acc: 88.87%
2026-02-23 03:30:13 KST | INFO |   No improvement (14/30)
2026-02-23 03:30:13 KST | INFO | 
2026-02-23 03:30:13 KST | INFO | Epoch 111/200 | LR: 0.042179
2026-02-23 03:32:23 KST | INFO |   Train Loss: 0.1194 | Test Loss: 0.0014 | Test Acc: 88.20%
2026-02-23 03:32:23 KST | INFO |   No improvement (15/30)
2026-02-23 03:32:23 KST | INFO | 
2026-02-23 03:32:23 KST | INFO | Epoch 112/200 | LR: 0.041404
2026-02-23 03:34:33 KST | INFO |   Train Loss: 0.1150 | Test Loss: 0.0014 | Test Acc: 88.44%
2026-02-23 03:34:33 KST | INFO |   No improvement (16/30)
2026-02-23 03:34:33 KST | INFO | 
2026-02-23 03:34:33 KST | INFO | Epoch 113/200 | LR: 0.040632
2026-02-23 03:36:56 KST | INFO |   Train Loss: 0.1137 | Test Loss: 0.0015 | Test Acc: 88.41%
2026-02-23 03:36:56 KST | INFO |   No improvement (17/30)
2026-02-23 03:36:56 KST | INFO | 
2026-02-23 03:36:56 KST | INFO | Epoch 114/200 | LR: 0.039861
2026-02-23 03:38:58 KST | INFO |   Train Loss: 0.1075 | Test Loss: 0.0013 | Test Acc: 89.23%
2026-02-23 03:38:58 KST | INFO |   No improvement (18/30)
2026-02-23 03:38:58 KST | INFO | 
2026-02-23 03:38:58 KST | INFO | Epoch 115/200 | LR: 0.039093
2026-02-23 03:41:16 KST | INFO |   Train Loss: 0.1081 | Test Loss: 0.0016 | Test Acc: 87.89%
2026-02-23 03:41:16 KST | INFO |   No improvement (19/30)
2026-02-23 03:41:16 KST | INFO | 
2026-02-23 03:41:16 KST | INFO | Epoch 116/200 | LR: 0.038328
2026-02-23 03:43:38 KST | INFO |   Train Loss: 0.1075 | Test Loss: 0.0015 | Test Acc: 88.40%
2026-02-23 03:43:38 KST | INFO |   No improvement (20/30)
2026-02-23 03:43:38 KST | INFO | 
2026-02-23 03:43:38 KST | INFO | Epoch 117/200 | LR: 0.037566
2026-02-23 03:45:41 KST | INFO |   Train Loss: 0.1034 | Test Loss: 0.0014 | Test Acc: 89.46%
2026-02-23 03:45:41 KST | INFO |   No improvement (21/30)
2026-02-23 03:45:41 KST | INFO | 
2026-02-23 03:45:41 KST | INFO | Epoch 118/200 | LR: 0.036807
2026-02-23 03:48:02 KST | INFO |   Train Loss: 0.0991 | Test Loss: 0.0015 | Test Acc: 88.49%
2026-02-23 03:48:02 KST | INFO |   No improvement (22/30)
2026-02-23 03:48:02 KST | INFO | 
2026-02-23 03:48:02 KST | INFO | Epoch 119/200 | LR: 0.036051
2026-02-23 03:50:05 KST | INFO |   Train Loss: 0.0974 | Test Loss: 0.0015 | Test Acc: 88.24%
2026-02-23 03:50:05 KST | INFO |   No improvement (23/30)
2026-02-23 03:50:05 KST | INFO | 
2026-02-23 03:50:05 KST | INFO | Epoch 120/200 | LR: 0.035299
2026-02-23 03:52:22 KST | INFO |   Train Loss: 0.0951 | Test Loss: 0.0014 | Test Acc: 88.86%
2026-02-23 03:52:22 KST | INFO |   No improvement (24/30)
2026-02-23 03:52:22 KST | INFO | 
2026-02-23 03:52:22 KST | INFO | Epoch 121/200 | LR: 0.034550
2026-02-23 03:54:30 KST | INFO |   Train Loss: 0.0982 | Test Loss: 0.0012 | Test Acc: 90.41%
2026-02-23 03:54:30 KST | INFO |   🏆 New best accuracy: 90.41%
2026-02-23 03:54:30 KST | INFO | 
2026-02-23 03:54:30 KST | INFO | Epoch 122/200 | LR: 0.033805
2026-02-23 03:56:40 KST | INFO |   Train Loss: 0.0920 | Test Loss: 0.0014 | Test Acc: 89.36%
2026-02-23 03:56:40 KST | INFO |   No improvement (1/30)
2026-02-23 03:56:40 KST | INFO | 
2026-02-23 03:56:40 KST | INFO | Epoch 123/200 | LR: 0.033064
2026-02-23 03:58:57 KST | INFO |   Train Loss: 0.0870 | Test Loss: 0.0014 | Test Acc: 89.03%
2026-02-23 03:58:57 KST | INFO |   No improvement (2/30)
2026-02-23 03:58:57 KST | INFO | 
2026-02-23 03:58:57 KST | INFO | Epoch 124/200 | LR: 0.032327
2026-02-23 04:01:00 KST | INFO |   Train Loss: 0.0892 | Test Loss: 0.0014 | Test Acc: 88.40%
2026-02-23 04:01:00 KST | INFO |   No improvement (3/30)
2026-02-23 04:01:00 KST | INFO | 
2026-02-23 04:01:00 KST | INFO | Epoch 125/200 | LR: 0.031594
2026-02-23 04:03:17 KST | INFO |   Train Loss: 0.0863 | Test Loss: 0.0014 | Test Acc: 89.34%
2026-02-23 04:03:17 KST | INFO |   No improvement (4/30)
2026-02-23 04:03:17 KST | INFO | 
2026-02-23 04:03:17 KST | INFO | Epoch 126/200 | LR: 0.030867
2026-02-23 04:05:21 KST | INFO |   Train Loss: 0.0837 | Test Loss: 0.0015 | Test Acc: 88.09%
2026-02-23 04:05:21 KST | INFO |   No improvement (5/30)
2026-02-23 04:05:21 KST | INFO | 
2026-02-23 04:05:21 KST | INFO | Epoch 127/200 | LR: 0.030143
2026-02-23 04:07:37 KST | INFO |   Train Loss: 0.0766 | Test Loss: 0.0013 | Test Acc: 90.00%
2026-02-23 04:07:37 KST | INFO |   No improvement (6/30)
2026-02-23 04:07:37 KST | INFO | 
2026-02-23 04:07:37 KST | INFO | Epoch 128/200 | LR: 0.029425
2026-02-23 04:09:58 KST | INFO |   Train Loss: 0.0768 | Test Loss: 0.0014 | Test Acc: 89.40%
2026-02-23 04:09:58 KST | INFO |   No improvement (7/30)
2026-02-23 04:09:58 KST | INFO | 
2026-02-23 04:09:58 KST | INFO | Epoch 129/200 | LR: 0.028712
2026-02-23 04:12:02 KST | INFO |   Train Loss: 0.0776 | Test Loss: 0.0013 | Test Acc: 89.60%
2026-02-23 04:12:02 KST | INFO |   No improvement (8/30)
2026-02-23 04:12:02 KST | INFO | 
2026-02-23 04:12:02 KST | INFO | Epoch 130/200 | LR: 0.028004
2026-02-23 04:14:18 KST | INFO |   Train Loss: 0.0767 | Test Loss: 0.0014 | Test Acc: 89.84%
2026-02-23 04:14:18 KST | INFO |   No improvement (9/30)
2026-02-23 04:14:18 KST | INFO | 
2026-02-23 04:14:18 KST | INFO | Epoch 131/200 | LR: 0.027301
2026-02-23 04:16:21 KST | INFO |   Train Loss: 0.0713 | Test Loss: 0.0014 | Test Acc: 89.04%
2026-02-23 04:16:21 KST | INFO |   No improvement (10/30)
2026-02-23 04:16:21 KST | INFO | 
2026-02-23 04:16:21 KST | INFO | Epoch 132/200 | LR: 0.026604
2026-02-23 04:18:38 KST | INFO |   Train Loss: 0.0678 | Test Loss: 0.0015 | Test Acc: 88.33%
2026-02-23 04:18:38 KST | INFO |   No improvement (11/30)
2026-02-23 04:18:38 KST | INFO | 
2026-02-23 04:18:38 KST | INFO | Epoch 133/200 | LR: 0.025913
2026-02-23 04:20:41 KST | INFO |   Train Loss: 0.0681 | Test Loss: 0.0015 | Test Acc: 88.80%
2026-02-23 04:20:41 KST | INFO |   No improvement (12/30)
2026-02-23 04:20:41 KST | INFO | 
2026-02-23 04:20:41 KST | INFO | Epoch 134/200 | LR: 0.025228
2026-02-23 04:22:58 KST | INFO |   Train Loss: 0.0663 | Test Loss: 0.0016 | Test Acc: 88.53%
2026-02-23 04:22:58 KST | INFO |   No improvement (13/30)
2026-02-23 04:22:58 KST | INFO | 
2026-02-23 04:22:58 KST | INFO | Epoch 135/200 | LR: 0.024549
2026-02-23 04:25:07 KST | INFO |   Train Loss: 0.0667 | Test Loss: 0.0014 | Test Acc: 89.37%
2026-02-23 04:25:07 KST | INFO |   No improvement (14/30)
2026-02-23 04:25:07 KST | INFO | 
2026-02-23 04:25:07 KST | INFO | Epoch 136/200 | LR: 0.023876
2026-02-23 04:27:22 KST | INFO |   Train Loss: 0.0625 | Test Loss: 0.0015 | Test Acc: 88.51%
2026-02-23 04:27:22 KST | INFO |   No improvement (15/30)
2026-02-23 04:27:22 KST | INFO | 
2026-02-23 04:27:22 KST | INFO | Epoch 137/200 | LR: 0.023209
2026-02-23 04:29:39 KST | INFO |   Train Loss: 0.0594 | Test Loss: 0.0014 | Test Acc: 89.51%
2026-02-23 04:29:39 KST | INFO |   No improvement (16/30)
2026-02-23 04:29:39 KST | INFO | 
2026-02-23 04:29:39 KST | INFO | Epoch 138/200 | LR: 0.022550
2026-02-23 04:31:42 KST | INFO |   Train Loss: 0.0584 | Test Loss: 0.0013 | Test Acc: 90.19%
2026-02-23 04:31:42 KST | INFO |   No improvement (17/30)
2026-02-23 04:31:42 KST | INFO | 
2026-02-23 04:31:42 KST | INFO | Epoch 139/200 | LR: 0.021897
2026-02-23 04:33:59 KST | INFO |   Train Loss: 0.0564 | Test Loss: 0.0014 | Test Acc: 89.56%
2026-02-23 04:33:59 KST | INFO |   No improvement (18/30)
2026-02-23 04:33:59 KST | INFO | 
2026-02-23 04:33:59 KST | INFO | Epoch 140/200 | LR: 0.021251
2026-02-23 04:36:09 KST | INFO |   Train Loss: 0.0569 | Test Loss: 0.0013 | Test Acc: 89.96%
2026-02-23 04:36:09 KST | INFO |   No improvement (19/30)
2026-02-23 04:36:09 KST | INFO | 
2026-02-23 04:36:09 KST | INFO | Epoch 141/200 | LR: 0.020612
2026-02-23 04:38:20 KST | INFO |   Train Loss: 0.0547 | Test Loss: 0.0014 | Test Acc: 90.00%
2026-02-23 04:38:20 KST | INFO |   No improvement (20/30)
2026-02-23 04:38:20 KST | INFO | 
2026-02-23 04:38:20 KST | INFO | Epoch 142/200 | LR: 0.019980
2026-02-23 04:40:33 KST | INFO |   Train Loss: 0.0526 | Test Loss: 0.0015 | Test Acc: 89.40%
2026-02-23 04:40:33 KST | INFO |   No improvement (21/30)
2026-02-23 04:40:33 KST | INFO | 
2026-02-23 04:40:33 KST | INFO | Epoch 143/200 | LR: 0.019355
2026-02-23 04:42:36 KST | INFO |   Train Loss: 0.0489 | Test Loss: 0.0013 | Test Acc: 90.56%
2026-02-23 04:42:36 KST | INFO |   🏆 New best accuracy: 90.56%
2026-02-23 04:42:36 KST | INFO | 
2026-02-23 04:42:36 KST | INFO | Epoch 144/200 | LR: 0.018739
2026-02-23 04:44:53 KST | INFO |   Train Loss: 0.0474 | Test Loss: 0.0014 | Test Acc: 89.61%
2026-02-23 04:44:53 KST | INFO |   No improvement (1/30)
2026-02-23 04:44:53 KST | INFO | 
2026-02-23 04:44:53 KST | INFO | Epoch 145/200 | LR: 0.018130
2026-02-23 04:46:56 KST | INFO |   Train Loss: 0.0449 | Test Loss: 0.0013 | Test Acc: 90.09%
2026-02-23 04:46:56 KST | INFO |   No improvement (2/30)
2026-02-23 04:46:56 KST | INFO | 
2026-02-23 04:46:56 KST | INFO | Epoch 146/200 | LR: 0.017528
2026-02-23 04:49:13 KST | INFO |   Train Loss: 0.0457 | Test Loss: 0.0014 | Test Acc: 90.16%
2026-02-23 04:49:13 KST | INFO |   No improvement (3/30)
2026-02-23 04:49:13 KST | INFO | 
2026-02-23 04:49:13 KST | INFO | Epoch 147/200 | LR: 0.016935
2026-02-23 04:51:16 KST | INFO |   Train Loss: 0.0433 | Test Loss: 0.0013 | Test Acc: 90.51%
2026-02-23 04:51:16 KST | INFO |   No improvement (4/30)
2026-02-23 04:51:16 KST | INFO | 
2026-02-23 04:51:16 KST | INFO | Epoch 148/200 | LR: 0.016350
2026-02-23 04:53:33 KST | INFO |   Train Loss: 0.0406 | Test Loss: 0.0016 | Test Acc: 88.87%
2026-02-23 04:53:33 KST | INFO |   No improvement (5/30)
2026-02-23 04:53:33 KST | INFO | 
2026-02-23 04:53:33 KST | INFO | Epoch 149/200 | LR: 0.015773
2026-02-23 04:55:43 KST | INFO |   Train Loss: 0.0406 | Test Loss: 0.0014 | Test Acc: 90.19%
2026-02-23 04:55:43 KST | INFO |   No improvement (6/30)
2026-02-23 04:55:43 KST | INFO | 
2026-02-23 04:55:43 KST | INFO | Epoch 150/200 | LR: 0.015205
2026-02-23 04:57:52 KST | INFO |   Train Loss: 0.0397 | Test Loss: 0.0014 | Test Acc: 90.00%
2026-02-23 04:57:52 KST | INFO |   No improvement (7/30)
2026-02-23 04:57:52 KST | INFO | 
2026-02-23 04:57:52 KST | INFO | Epoch 151/200 | LR: 0.014646
2026-02-23 05:00:08 KST | INFO |   Train Loss: 0.0387 | Test Loss: 0.0014 | Test Acc: 90.07%
2026-02-23 05:00:08 KST | INFO |   No improvement (8/30)
2026-02-23 05:00:08 KST | INFO | 
2026-02-23 05:00:08 KST | INFO | Epoch 152/200 | LR: 0.014095
2026-02-23 05:02:18 KST | INFO |   Train Loss: 0.0352 | Test Loss: 0.0014 | Test Acc: 90.11%
2026-02-23 05:02:18 KST | INFO |   No improvement (9/30)
2026-02-23 05:02:18 KST | INFO | 
2026-02-23 05:02:18 KST | INFO | Epoch 153/200 | LR: 0.013552
2026-02-23 05:04:28 KST | INFO |   Train Loss: 0.0349 | Test Loss: 0.0013 | Test Acc: 90.56%
2026-02-23 05:04:28 KST | INFO |   No improvement (10/30)
2026-02-23 05:04:28 KST | INFO | 
2026-02-23 05:04:28 KST | INFO | Epoch 154/200 | LR: 0.013019
2026-02-23 05:06:37 KST | INFO |   Train Loss: 0.0346 | Test Loss: 0.0013 | Test Acc: 90.64%
2026-02-23 05:06:37 KST | INFO |   🏆 New best accuracy: 90.64%
2026-02-23 05:06:37 KST | INFO | 
2026-02-23 05:06:37 KST | INFO | Epoch 155/200 | LR: 0.012495
2026-02-23 05:08:46 KST | INFO |   Train Loss: 0.0318 | Test Loss: 0.0013 | Test Acc: 90.23%
2026-02-23 05:08:46 KST | INFO |   No improvement (1/30)
2026-02-23 05:08:46 KST | INFO | 
2026-02-23 05:08:46 KST | INFO | Epoch 156/200 | LR: 0.011981
2026-02-23 05:10:59 KST | INFO |   Train Loss: 0.0321 | Test Loss: 0.0015 | Test Acc: 89.57%
2026-02-23 05:10:59 KST | INFO |   No improvement (2/30)
2026-02-23 05:10:59 KST | INFO | 
2026-02-23 05:10:59 KST | INFO | Epoch 157/200 | LR: 0.011475
2026-02-23 05:13:07 KST | INFO |   Train Loss: 0.0309 | Test Loss: 0.0013 | Test Acc: 90.24%
2026-02-23 05:13:07 KST | INFO |   No improvement (3/30)
2026-02-23 05:13:07 KST | INFO | 
2026-02-23 05:13:07 KST | INFO | Epoch 158/200 | LR: 0.010979
2026-02-23 05:15:24 KST | INFO |   Train Loss: 0.0304 | Test Loss: 0.0014 | Test Acc: 90.93%
2026-02-23 05:15:24 KST | INFO |   🏆 New best accuracy: 90.93%
2026-02-23 05:15:24 KST | INFO | 
2026-02-23 05:15:24 KST | INFO | Epoch 159/200 | LR: 0.010493
2026-02-23 05:17:34 KST | INFO |   Train Loss: 0.0282 | Test Loss: 0.0013 | Test Acc: 90.11%
2026-02-23 05:17:34 KST | INFO |   No improvement (1/30)
2026-02-23 05:17:34 KST | INFO | 
2026-02-23 05:17:34 KST | INFO | Epoch 160/200 | LR: 0.010017
2026-02-23 05:19:44 KST | INFO |   Train Loss: 0.0268 | Test Loss: 0.0013 | Test Acc: 90.69%
2026-02-23 05:19:44 KST | INFO |   No improvement (2/30)
2026-02-23 05:19:44 KST | INFO | 
2026-02-23 05:19:44 KST | INFO | Epoch 161/200 | LR: 0.009550
2026-02-23 05:21:58 KST | INFO |   Train Loss: 0.0263 | Test Loss: 0.0013 | Test Acc: 90.59%
2026-02-23 05:21:58 KST | INFO |   No improvement (3/30)
2026-02-23 05:21:58 KST | INFO | 
2026-02-23 05:21:58 KST | INFO | Epoch 162/200 | LR: 0.009093
2026-02-23 05:24:03 KST | INFO |   Train Loss: 0.0259 | Test Loss: 0.0014 | Test Acc: 90.34%
2026-02-23 05:24:03 KST | INFO |   No improvement (4/30)
2026-02-23 05:24:03 KST | INFO | 
2026-02-23 05:24:03 KST | INFO | Epoch 163/200 | LR: 0.008647
2026-02-23 05:26:20 KST | INFO |   Train Loss: 0.0248 | Test Loss: 0.0014 | Test Acc: 89.86%
2026-02-23 05:26:20 KST | INFO |   No improvement (5/30)
2026-02-23 05:26:20 KST | INFO | 
2026-02-23 05:26:20 KST | INFO | Epoch 164/200 | LR: 0.008211
2026-02-23 05:28:26 KST | INFO |   Train Loss: 0.0252 | Test Loss: 0.0014 | Test Acc: 90.33%
2026-02-23 05:28:26 KST | INFO |   No improvement (6/30)
2026-02-23 05:28:26 KST | INFO | 
2026-02-23 05:28:26 KST | INFO | Epoch 165/200 | LR: 0.007785
2026-02-23 05:30:39 KST | INFO |   Train Loss: 0.0226 | Test Loss: 0.0013 | Test Acc: 91.01%
2026-02-23 05:30:39 KST | INFO |   🏆 New best accuracy: 91.01%
2026-02-23 05:30:39 KST | INFO | 
2026-02-23 05:30:39 KST | INFO | Epoch 166/200 | LR: 0.007369
2026-02-23 05:32:46 KST | INFO |   Train Loss: 0.0230 | Test Loss: 0.0014 | Test Acc: 90.21%
2026-02-23 05:32:46 KST | INFO |   No improvement (1/30)
2026-02-23 05:32:46 KST | INFO | 
2026-02-23 05:32:46 KST | INFO | Epoch 167/200 | LR: 0.006964
2026-02-23 05:34:57 KST | INFO |   Train Loss: 0.0214 | Test Loss: 0.0013 | Test Acc: 90.61%
2026-02-23 05:34:57 KST | INFO |   No improvement (2/30)
2026-02-23 05:34:57 KST | INFO | 
2026-02-23 05:34:57 KST | INFO | Epoch 168/200 | LR: 0.006569
2026-02-23 05:37:20 KST | INFO |   Train Loss: 0.0200 | Test Loss: 0.0014 | Test Acc: 90.60%
2026-02-23 05:37:20 KST | INFO |   No improvement (3/30)
2026-02-23 05:37:20 KST | INFO | 
2026-02-23 05:37:20 KST | INFO | Epoch 169/200 | LR: 0.006186
2026-02-23 05:39:23 KST | INFO |   Train Loss: 0.0205 | Test Loss: 0.0014 | Test Acc: 89.83%
2026-02-23 05:39:23 KST | INFO |   No improvement (4/30)
2026-02-23 05:39:23 KST | INFO | 
2026-02-23 05:39:23 KST | INFO | Epoch 170/200 | LR: 0.005813
2026-02-23 05:41:40 KST | INFO |   Train Loss: 0.0205 | Test Loss: 0.0013 | Test Acc: 90.63%
2026-02-23 05:41:40 KST | INFO |   No improvement (5/30)
2026-02-23 05:41:40 KST | INFO | 
2026-02-23 05:41:40 KST | INFO | Epoch 171/200 | LR: 0.005451
2026-02-23 05:43:55 KST | INFO |   Train Loss: 0.0181 | Test Loss: 0.0014 | Test Acc: 90.27%
2026-02-23 05:43:55 KST | INFO |   No improvement (6/30)
2026-02-23 05:43:55 KST | INFO | 
2026-02-23 05:43:55 KST | INFO | Epoch 172/200 | LR: 0.005100
2026-02-23 05:46:01 KST | INFO |   Train Loss: 0.0181 | Test Loss: 0.0013 | Test Acc: 90.47%
2026-02-23 05:46:01 KST | INFO |   No improvement (7/30)
2026-02-23 05:46:01 KST | INFO | 
2026-02-23 05:46:01 KST | INFO | Epoch 173/200 | LR: 0.004760
2026-02-23 05:48:24 KST | INFO |   Train Loss: 0.0176 | Test Loss: 0.0014 | Test Acc: 90.39%
2026-02-23 05:48:24 KST | INFO |   No improvement (8/30)
2026-02-23 05:48:24 KST | INFO | 
2026-02-23 05:48:24 KST | INFO | Epoch 174/200 | LR: 0.004431
2026-02-23 05:50:28 KST | INFO |   Train Loss: 0.0182 | Test Loss: 0.0014 | Test Acc: 90.59%
2026-02-23 05:50:28 KST | INFO |   No improvement (9/30)
2026-02-23 05:50:28 KST | INFO | 
2026-02-23 05:50:28 KST | INFO | Epoch 175/200 | LR: 0.004113
2026-02-23 05:52:53 KST | INFO |   Train Loss: 0.0168 | Test Loss: 0.0014 | Test Acc: 90.49%
2026-02-23 05:52:53 KST | INFO |   No improvement (10/30)
2026-02-23 05:52:53 KST | INFO | 
2026-02-23 05:52:53 KST | INFO | Epoch 176/200 | LR: 0.003807
2026-02-23 05:54:56 KST | INFO |   Train Loss: 0.0172 | Test Loss: 0.0014 | Test Acc: 90.37%
2026-02-23 05:54:56 KST | INFO |   No improvement (11/30)
2026-02-23 05:54:56 KST | INFO | 
2026-02-23 05:54:56 KST | INFO | Epoch 177/200 | LR: 0.003512
2026-02-23 05:57:13 KST | INFO |   Train Loss: 0.0164 | Test Loss: 0.0014 | Test Acc: 90.66%
2026-02-23 05:57:13 KST | INFO |   No improvement (12/30)
2026-02-23 05:57:13 KST | INFO | 
2026-02-23 05:57:13 KST | INFO | Epoch 178/200 | LR: 0.003229
2026-02-23 05:59:22 KST | INFO |   Train Loss: 0.0163 | Test Loss: 0.0013 | Test Acc: 90.77%
2026-02-23 05:59:22 KST | INFO |   No improvement (13/30)
2026-02-23 05:59:22 KST | INFO | 
2026-02-23 05:59:22 KST | INFO | Epoch 179/200 | LR: 0.002957
2026-02-23 06:01:32 KST | INFO |   Train Loss: 0.0149 | Test Loss: 0.0014 | Test Acc: 90.41%
2026-02-23 06:01:32 KST | INFO |   No improvement (14/30)
2026-02-23 06:01:32 KST | INFO | 
2026-02-23 06:01:32 KST | INFO | Epoch 180/200 | LR: 0.002697
2026-02-23 06:03:43 KST | INFO |   Train Loss: 0.0149 | Test Loss: 0.0014 | Test Acc: 90.60%
2026-02-23 06:03:43 KST | INFO |   No improvement (15/30)
2026-02-23 06:03:43 KST | INFO | 
2026-02-23 06:03:43 KST | INFO | Epoch 181/200 | LR: 0.002448
2026-02-23 06:05:50 KST | INFO |   Train Loss: 0.0143 | Test Loss: 0.0014 | Test Acc: 90.73%
2026-02-23 06:05:50 KST | INFO |   No improvement (16/30)
2026-02-23 06:05:50 KST | INFO | 
2026-02-23 06:05:50 KST | INFO | Epoch 182/200 | LR: 0.002211
2026-02-23 06:08:07 KST | INFO |   Train Loss: 0.0149 | Test Loss: 0.0014 | Test Acc: 90.54%
2026-02-23 06:08:07 KST | INFO |   No improvement (17/30)
2026-02-23 06:08:07 KST | INFO | 
2026-02-23 06:08:07 KST | INFO | Epoch 183/200 | LR: 0.001986
2026-02-23 06:10:17 KST | INFO |   Train Loss: 0.0140 | Test Loss: 0.0014 | Test Acc: 90.56%
2026-02-23 06:10:17 KST | INFO |   No improvement (18/30)
2026-02-23 06:10:17 KST | INFO | 
2026-02-23 06:10:17 KST | INFO | Epoch 184/200 | LR: 0.001773
2026-02-23 06:12:26 KST | INFO |   Train Loss: 0.0132 | Test Loss: 0.0014 | Test Acc: 90.23%
2026-02-23 06:12:26 KST | INFO |   No improvement (19/30)
2026-02-23 06:12:26 KST | INFO | 
2026-02-23 06:12:26 KST | INFO | Epoch 185/200 | LR: 0.001572
2026-02-23 06:14:36 KST | INFO |   Train Loss: 0.0137 | Test Loss: 0.0014 | Test Acc: 90.30%
2026-02-23 06:14:36 KST | INFO |   No improvement (20/30)
2026-02-23 06:14:36 KST | INFO | 
2026-02-23 06:14:36 KST | INFO | Epoch 186/200 | LR: 0.001382
2026-02-23 06:16:46 KST | INFO |   Train Loss: 0.0132 | Test Loss: 0.0014 | Test Acc: 90.71%
2026-02-23 06:16:46 KST | INFO |   No improvement (21/30)
2026-02-23 06:16:46 KST | INFO | 
2026-02-23 06:16:46 KST | INFO | Epoch 187/200 | LR: 0.001205
2026-02-23 06:18:57 KST | INFO |   Train Loss: 0.0129 | Test Loss: 0.0014 | Test Acc: 90.64%
2026-02-23 06:18:57 KST | INFO |   No improvement (22/30)
2026-02-23 06:18:57 KST | INFO | 
2026-02-23 06:18:57 KST | INFO | Epoch 188/200 | LR: 0.001040
2026-02-23 06:21:12 KST | INFO |   Train Loss: 0.0130 | Test Loss: 0.0014 | Test Acc: 90.83%
2026-02-23 06:21:12 KST | INFO |   No improvement (23/30)
2026-02-23 06:21:12 KST | INFO | 
2026-02-23 06:21:12 KST | INFO | Epoch 189/200 | LR: 0.000887
2026-02-23 06:23:21 KST | INFO |   Train Loss: 0.0124 | Test Loss: 0.0014 | Test Acc: 90.73%
2026-02-23 06:23:21 KST | INFO |   No improvement (24/30)
2026-02-23 06:23:21 KST | INFO | 
2026-02-23 06:23:21 KST | INFO | Epoch 190/200 | LR: 0.000746
2026-02-23 06:25:30 KST | INFO |   Train Loss: 0.0124 | Test Loss: 0.0013 | Test Acc: 90.84%
2026-02-23 06:25:30 KST | INFO |   No improvement (25/30)
2026-02-23 06:25:30 KST | INFO | 
2026-02-23 06:25:30 KST | INFO | Epoch 191/200 | LR: 0.000617
2026-02-23 06:27:42 KST | INFO |   Train Loss: 0.0119 | Test Loss: 0.0014 | Test Acc: 90.60%
2026-02-23 06:27:42 KST | INFO |   No improvement (26/30)
2026-02-23 06:27:42 KST | INFO | 
2026-02-23 06:27:42 KST | INFO | Epoch 192/200 | LR: 0.000500
2026-02-23 06:29:47 KST | INFO |   Train Loss: 0.0125 | Test Loss: 0.0014 | Test Acc: 90.83%
2026-02-23 06:29:47 KST | INFO |   No improvement (27/30)
2026-02-23 06:29:47 KST | INFO | 
2026-02-23 06:29:47 KST | INFO | Epoch 193/200 | LR: 0.000395
2026-02-23 06:32:04 KST | INFO |   Train Loss: 0.0123 | Test Loss: 0.0013 | Test Acc: 90.93%
2026-02-23 06:32:04 KST | INFO |   No improvement (28/30)
2026-02-23 06:32:04 KST | INFO | 
2026-02-23 06:32:04 KST | INFO | Epoch 194/200 | LR: 0.000303
2026-02-23 06:34:14 KST | INFO |   Train Loss: 0.0121 | Test Loss: 0.0014 | Test Acc: 90.80%
2026-02-23 06:34:14 KST | INFO |   No improvement (29/30)
2026-02-23 06:34:14 KST | INFO | 
2026-02-23 06:34:14 KST | INFO | Epoch 195/200 | LR: 0.000223
2026-02-23 06:36:24 KST | INFO |   Train Loss: 0.0114 | Test Loss: 0.0014 | Test Acc: 90.90%
2026-02-23 06:36:24 KST | INFO |   No improvement (30/30)
2026-02-23 06:36:24 KST | INFO | 
2026-02-23 06:36:24 KST | INFO | Early stopping after 30 epochs without improvement
2026-02-23 06:36:24 KST | INFO | 
2026-02-23 06:36:24 KST | INFO | ================================================================================
2026-02-23 06:36:24 KST | INFO | TRAINING COMPLETE
2026-02-23 06:36:24 KST | INFO | ================================================================================
2026-02-23 06:36:24 KST | INFO | Best accuracy:  91.01% (Epoch 165)
2026-02-23 06:36:24 KST | INFO | Final accuracy: 90.90%
2026-02-23 06:36:24 KST | INFO | ================================================================================
2026-02-23 06:36:24 KST | INFO | 
2026-02-23 06:36:24 KST | INFO | Notifying nodes of completion...
2026-02-23 06:36:25 KST | INFO | ✓ Nodes notified
2026-02-23 06:36:25 KST | INFO | 
2026-02-23 06:36:25 KST | INFO | Closing connections...
2026-02-23 06:36:25 KST | INFO | ✓ Cleanup complete
2026-02-23 06:36:25 KST | INFO | 
2026-02-23 06:36:25 KST | INFO | Full log: logs/TL++_secure_20260222_232816.log
2026-02-23 06:36:25 KST | INFO | ================================================================================
