2026-04-22 03:47:29 KST | INFO | ================================================================================
2026-04-22 03:47:29 KST | INFO | TL++ Centralized Baseline
2026-04-22 03:47:29 KST | INFO | ================================================================================
2026-04-22 03:47:29 KST | INFO | Log file: logs/centralized_20260422_034729.log
2026-04-22 03:47:29 KST | INFO | 
2026-04-22 03:47:29 KST | INFO | Device: cuda
2026-04-22 03:47:29 KST | INFO | 
2026-04-22 03:47:29 KST | INFO | --------------------------------------------------------------------------------
2026-04-22 03:47:29 KST | INFO | CONFIGURATION
2026-04-22 03:47:29 KST | INFO | --------------------------------------------------------------------------------
2026-04-22 03:47:29 KST | INFO | Classes:          2
2026-04-22 03:47:29 KST | INFO | Batch size:       128
2026-04-22 03:47:29 KST | INFO | Learning rate:    0.1
2026-04-22 03:47:29 KST | INFO | Scheduler:        cosine
2026-04-22 03:47:29 KST | INFO | 
2026-04-22 03:47:29 KST | INFO | --------------------------------------------------------------------------------
2026-04-22 03:47:29 KST | INFO | DATA LOADING
2026-04-22 03:47:29 KST | INFO | --------------------------------------------------------------------------------
2026-04-22 03:47:30 KST | INFO | Filtering to 2 classes (0-1)
2026-04-22 03:47:58 KST | INFO | Training samples:   10,000
2026-04-22 03:47:58 KST | INFO | Test samples:       2,000
2026-04-22 03:47:58 KST | INFO | Training batches:   79
2026-04-22 03:47:58 KST | INFO | Test batches:       8
2026-04-22 03:47:58 KST | INFO | 
2026-04-22 03:47:58 KST | INFO | --------------------------------------------------------------------------------
2026-04-22 03:47:58 KST | INFO | MODEL INITIALIZATION
2026-04-22 03:47:58 KST | INFO | --------------------------------------------------------------------------------
2026-04-22 03:47:58 KST | INFO | Total parameters:     3,244,098
2026-04-22 03:47:58 KST | INFO | Trainable parameters: 3,244,098
2026-04-22 03:47:58 KST | INFO | 
2026-04-22 03:47:58 KST | INFO | --------------------------------------------------------------------------------
2026-04-22 03:47:58 KST | INFO | OPTIMIZER & SCHEDULER
2026-04-22 03:47:58 KST | INFO | --------------------------------------------------------------------------------
2026-04-22 03:47:58 KST | INFO | Optimizer:        SGD (lr=0.1, momentum=0.9)
2026-04-22 03:47:58 KST | INFO | Scheduler:        cosine
2026-04-22 03:47:58 KST | INFO | Gradient clip:    1.0
2026-04-22 03:47:58 KST | INFO | 
2026-04-22 03:47:58 KST | INFO | --------------------------------------------------------------------------------
2026-04-22 03:47:58 KST | INFO | TRAINING
2026-04-22 03:47:58 KST | INFO | --------------------------------------------------------------------------------
2026-04-22 03:47:58 KST | INFO | 
2026-04-22 03:47:58 KST | INFO | Epoch 1/200 | LR: 0.100000
2026-04-22 03:48:02 KST | INFO |   Train Loss: 0.5223 | Test Loss: 0.3426 | Test Acc: 85.45%
2026-04-22 03:48:02 KST | INFO |   🏆 New best accuracy: 85.45%
2026-04-22 03:48:02 KST | INFO | 
2026-04-22 03:48:02 KST | INFO | Epoch 2/200 | LR: 0.099994
2026-04-22 03:48:06 KST | INFO |   Train Loss: 0.3268 | Test Loss: 0.2164 | Test Acc: 91.05%
2026-04-22 03:48:06 KST | INFO |   🏆 New best accuracy: 91.05%
2026-04-22 03:48:06 KST | INFO | 
2026-04-22 03:48:06 KST | INFO | Epoch 3/200 | LR: 0.099975
2026-04-22 03:48:09 KST | INFO |   Train Loss: 0.2121 | Test Loss: 0.1586 | Test Acc: 94.65%
2026-04-22 03:48:09 KST | INFO |   🏆 New best accuracy: 94.65%
2026-04-22 03:48:09 KST | INFO | 
2026-04-22 03:48:09 KST | INFO | Epoch 4/200 | LR: 0.099944
2026-04-22 03:48:13 KST | INFO |   Train Loss: 0.1526 | Test Loss: 0.1009 | Test Acc: 96.35%
2026-04-22 03:48:13 KST | INFO |   🏆 New best accuracy: 96.35%
2026-04-22 03:48:13 KST | INFO | 
2026-04-22 03:48:13 KST | INFO | Epoch 5/200 | LR: 0.099901
2026-04-22 03:48:16 KST | INFO |   Train Loss: 0.1231 | Test Loss: 0.1676 | Test Acc: 94.75%
2026-04-22 03:48:16 KST | INFO |   No improvement (1/30)
2026-04-22 03:48:16 KST | INFO | 
2026-04-22 03:48:16 KST | INFO | Epoch 6/200 | LR: 0.099846
2026-04-22 03:48:19 KST | INFO |   Train Loss: 0.1034 | Test Loss: 0.0967 | Test Acc: 97.60%
2026-04-22 03:48:19 KST | INFO |   🏆 New best accuracy: 97.60%
2026-04-22 03:48:19 KST | INFO | 
2026-04-22 03:48:19 KST | INFO | Epoch 7/200 | LR: 0.099778
2026-04-22 03:48:23 KST | INFO |   Train Loss: 0.0915 | Test Loss: 0.0668 | Test Acc: 97.75%
2026-04-22 03:48:23 KST | INFO |   🏆 New best accuracy: 97.75%
2026-04-22 03:48:23 KST | INFO | 
2026-04-22 03:48:23 KST | INFO | Epoch 8/200 | LR: 0.099698
2026-04-22 03:48:26 KST | INFO |   Train Loss: 0.0863 | Test Loss: 0.0954 | Test Acc: 96.50%
2026-04-22 03:48:26 KST | INFO |   No improvement (1/30)
2026-04-22 03:48:26 KST | INFO | 
2026-04-22 03:48:26 KST | INFO | Epoch 9/200 | LR: 0.099606
2026-04-22 03:48:30 KST | INFO |   Train Loss: 0.0769 | Test Loss: 0.0599 | Test Acc: 98.15%
2026-04-22 03:48:30 KST | INFO |   🏆 New best accuracy: 98.15%
2026-04-22 03:48:30 KST | INFO | 
2026-04-22 03:48:30 KST | INFO | Epoch 10/200 | LR: 0.099501
2026-04-22 03:48:33 KST | INFO |   Train Loss: 0.0687 | Test Loss: 0.0720 | Test Acc: 97.95%
2026-04-22 03:48:33 KST | INFO |   No improvement (1/30)
2026-04-22 03:48:33 KST | INFO | 
2026-04-22 03:48:33 KST | INFO | Epoch 11/200 | LR: 0.099384
2026-04-22 03:48:37 KST | INFO |   Train Loss: 0.0700 | Test Loss: 0.0697 | Test Acc: 97.75%
2026-04-22 03:48:37 KST | INFO |   No improvement (2/30)
2026-04-22 03:48:37 KST | INFO | 
2026-04-22 03:48:37 KST | INFO | Epoch 12/200 | LR: 0.099255
2026-04-22 03:48:40 KST | INFO |   Train Loss: 0.0668 | Test Loss: 0.0873 | Test Acc: 97.35%
2026-04-22 03:48:40 KST | INFO |   No improvement (3/30)
2026-04-22 03:48:40 KST | INFO | 
2026-04-22 03:48:40 KST | INFO | Epoch 13/200 | LR: 0.099114
2026-04-22 03:48:44 KST | INFO |   Train Loss: 0.0636 | Test Loss: 0.0867 | Test Acc: 97.20%
2026-04-22 03:48:44 KST | INFO |   No improvement (4/30)
2026-04-22 03:48:44 KST | INFO | 
2026-04-22 03:48:44 KST | INFO | Epoch 14/200 | LR: 0.098961
2026-04-22 03:48:47 KST | INFO |   Train Loss: 0.0582 | Test Loss: 0.1134 | Test Acc: 97.00%
2026-04-22 03:48:47 KST | INFO |   No improvement (5/30)
2026-04-22 03:48:47 KST | INFO | 
2026-04-22 03:48:47 KST | INFO | Epoch 15/200 | LR: 0.098796
2026-04-22 03:48:50 KST | INFO |   Train Loss: 0.0557 | Test Loss: 0.0743 | Test Acc: 97.50%
2026-04-22 03:48:50 KST | INFO |   No improvement (6/30)
2026-04-22 03:48:50 KST | INFO | 
2026-04-22 03:48:50 KST | INFO | Epoch 16/200 | LR: 0.098619
2026-04-22 03:48:54 KST | INFO |   Train Loss: 0.0546 | Test Loss: 0.0992 | Test Acc: 96.50%
2026-04-22 03:48:54 KST | INFO |   No improvement (7/30)
2026-04-22 03:48:54 KST | INFO | 
2026-04-22 03:48:54 KST | INFO | Epoch 17/200 | LR: 0.098429
2026-04-22 03:48:57 KST | INFO |   Train Loss: 0.0532 | Test Loss: 0.0964 | Test Acc: 96.70%
2026-04-22 03:48:57 KST | INFO |   No improvement (8/30)
2026-04-22 03:48:57 KST | INFO | 
2026-04-22 03:48:57 KST | INFO | Epoch 18/200 | LR: 0.098228
2026-04-22 03:49:00 KST | INFO |   Train Loss: 0.0545 | Test Loss: 0.0706 | Test Acc: 97.95%
2026-04-22 03:49:00 KST | INFO |   No improvement (9/30)
2026-04-22 03:49:00 KST | INFO | 
2026-04-22 03:49:00 KST | INFO | Epoch 19/200 | LR: 0.098015
2026-04-22 03:49:04 KST | INFO |   Train Loss: 0.0489 | Test Loss: 0.0579 | Test Acc: 98.10%
2026-04-22 03:49:04 KST | INFO |   No improvement (10/30)
2026-04-22 03:49:04 KST | INFO | 
2026-04-22 03:49:04 KST | INFO | Epoch 20/200 | LR: 0.097790
2026-04-22 03:49:07 KST | INFO |   Train Loss: 0.0429 | Test Loss: 0.0510 | Test Acc: 98.00%
2026-04-22 03:49:07 KST | INFO |   No improvement (11/30)
2026-04-22 03:49:07 KST | INFO | 
2026-04-22 03:49:07 KST | INFO | Epoch 21/200 | LR: 0.097553
2026-04-22 03:49:10 KST | INFO |   Train Loss: 0.0426 | Test Loss: 0.0627 | Test Acc: 97.95%
2026-04-22 03:49:10 KST | INFO |   No improvement (12/30)
2026-04-22 03:49:10 KST | INFO | 
2026-04-22 03:49:10 KST | INFO | Epoch 22/200 | LR: 0.097304
2026-04-22 03:49:14 KST | INFO |   Train Loss: 0.0465 | Test Loss: 0.0539 | Test Acc: 98.00%
2026-04-22 03:49:14 KST | INFO |   No improvement (13/30)
2026-04-22 03:49:14 KST | INFO | 
2026-04-22 03:49:14 KST | INFO | Epoch 23/200 | LR: 0.097044
2026-04-22 03:49:17 KST | INFO |   Train Loss: 0.0400 | Test Loss: 0.0618 | Test Acc: 97.85%
2026-04-22 03:49:17 KST | INFO |   No improvement (14/30)
2026-04-22 03:49:17 KST | INFO | 
2026-04-22 03:49:17 KST | INFO | Epoch 24/200 | LR: 0.096772
2026-04-22 03:49:21 KST | INFO |   Train Loss: 0.0485 | Test Loss: 0.0841 | Test Acc: 97.30%
2026-04-22 03:49:21 KST | INFO |   No improvement (15/30)
2026-04-22 03:49:21 KST | INFO | 
2026-04-22 03:49:21 KST | INFO | Epoch 25/200 | LR: 0.096489
2026-04-22 03:49:24 KST | INFO |   Train Loss: 0.0434 | Test Loss: 0.0498 | Test Acc: 98.35%
2026-04-22 03:49:24 KST | INFO |   🏆 New best accuracy: 98.35%
2026-04-22 03:49:24 KST | INFO | 
2026-04-22 03:49:24 KST | INFO | Epoch 26/200 | LR: 0.096194
2026-04-22 03:49:27 KST | INFO |   Train Loss: 0.0384 | Test Loss: 0.0590 | Test Acc: 97.85%
2026-04-22 03:49:27 KST | INFO |   No improvement (1/30)
2026-04-22 03:49:27 KST | INFO | 
2026-04-22 03:49:27 KST | INFO | Epoch 27/200 | LR: 0.095888
2026-04-22 03:49:30 KST | INFO |   Train Loss: 0.0431 | Test Loss: 0.0566 | Test Acc: 97.85%
2026-04-22 03:49:30 KST | INFO |   No improvement (2/30)
2026-04-22 03:49:30 KST | INFO | 
2026-04-22 03:49:30 KST | INFO | Epoch 28/200 | LR: 0.095570
2026-04-22 03:49:34 KST | INFO |   Train Loss: 0.0357 | Test Loss: 0.0645 | Test Acc: 97.80%
2026-04-22 03:49:34 KST | INFO |   No improvement (3/30)
2026-04-22 03:49:34 KST | INFO | 
2026-04-22 03:49:34 KST | INFO | Epoch 29/200 | LR: 0.095241
2026-04-22 03:49:37 KST | INFO |   Train Loss: 0.0376 | Test Loss: 0.0476 | Test Acc: 98.55%
2026-04-22 03:49:37 KST | INFO |   🏆 New best accuracy: 98.55%
2026-04-22 03:49:37 KST | INFO | 
2026-04-22 03:49:37 KST | INFO | Epoch 30/200 | LR: 0.094901
2026-04-22 03:49:41 KST | INFO |   Train Loss: 0.0373 | Test Loss: 0.1354 | Test Acc: 96.40%
2026-04-22 03:49:41 KST | INFO |   No improvement (1/30)
2026-04-22 03:49:41 KST | INFO | 
2026-04-22 03:49:41 KST | INFO | Epoch 31/200 | LR: 0.094550
2026-04-22 03:49:44 KST | INFO |   Train Loss: 0.0406 | Test Loss: 0.0667 | Test Acc: 97.20%
2026-04-22 03:49:44 KST | INFO |   No improvement (2/30)
2026-04-22 03:49:44 KST | INFO | 
2026-04-22 03:49:44 KST | INFO | Epoch 32/200 | LR: 0.094188
2026-04-22 03:49:47 KST | INFO |   Train Loss: 0.0352 | Test Loss: 0.0368 | Test Acc: 98.85%
2026-04-22 03:49:47 KST | INFO |   🏆 New best accuracy: 98.85%
2026-04-22 03:49:47 KST | INFO | 
2026-04-22 03:49:47 KST | INFO | Epoch 33/200 | LR: 0.093815
2026-04-22 03:49:51 KST | INFO |   Train Loss: 0.0358 | Test Loss: 0.0567 | Test Acc: 98.35%
2026-04-22 03:49:51 KST | INFO |   No improvement (1/30)
2026-04-22 03:49:51 KST | INFO | 
2026-04-22 03:49:51 KST | INFO | Epoch 34/200 | LR: 0.093432
2026-04-22 03:49:54 KST | INFO |   Train Loss: 0.0345 | Test Loss: 0.0622 | Test Acc: 98.20%
2026-04-22 03:49:54 KST | INFO |   No improvement (2/30)
2026-04-22 03:49:54 KST | INFO | 
2026-04-22 03:49:54 KST | INFO | Epoch 35/200 | LR: 0.093037
2026-04-22 03:49:58 KST | INFO |   Train Loss: 0.0367 | Test Loss: 0.0587 | Test Acc: 98.15%
2026-04-22 03:49:58 KST | INFO |   No improvement (3/30)
2026-04-22 03:49:58 KST | INFO | 
2026-04-22 03:49:58 KST | INFO | Epoch 36/200 | LR: 0.092632
2026-04-22 03:50:02 KST | INFO |   Train Loss: 0.0333 | Test Loss: 0.0533 | Test Acc: 98.35%
2026-04-22 03:50:02 KST | INFO |   No improvement (4/30)
2026-04-22 03:50:02 KST | INFO | 
2026-04-22 03:50:02 KST | INFO | Epoch 37/200 | LR: 0.092216
2026-04-22 03:50:05 KST | INFO |   Train Loss: 0.0346 | Test Loss: 0.0522 | Test Acc: 98.25%
2026-04-22 03:50:05 KST | INFO |   No improvement (5/30)
2026-04-22 03:50:05 KST | INFO | 
2026-04-22 03:50:05 KST | INFO | Epoch 38/200 | LR: 0.091790
2026-04-22 03:50:08 KST | INFO |   Train Loss: 0.0302 | Test Loss: 0.0781 | Test Acc: 98.20%
2026-04-22 03:50:08 KST | INFO |   No improvement (6/30)
2026-04-22 03:50:08 KST | INFO | 
2026-04-22 03:50:08 KST | INFO | Epoch 39/200 | LR: 0.091354
2026-04-22 03:50:12 KST | INFO |   Train Loss: 0.0366 | Test Loss: 0.0588 | Test Acc: 98.25%
2026-04-22 03:50:12 KST | INFO |   No improvement (7/30)
2026-04-22 03:50:12 KST | INFO | 
2026-04-22 03:50:12 KST | INFO | Epoch 40/200 | LR: 0.090908
2026-04-22 03:50:16 KST | INFO |   Train Loss: 0.0332 | Test Loss: 0.0376 | Test Acc: 98.65%
2026-04-22 03:50:16 KST | INFO |   No improvement (8/30)
2026-04-22 03:50:16 KST | INFO | 
2026-04-22 03:50:16 KST | INFO | Epoch 41/200 | LR: 0.090451
2026-04-22 03:50:19 KST | INFO |   Train Loss: 0.0306 | Test Loss: 0.0441 | Test Acc: 98.45%
2026-04-22 03:50:19 KST | INFO |   No improvement (9/30)
2026-04-22 03:50:19 KST | INFO | 
2026-04-22 03:50:19 KST | INFO | Epoch 42/200 | LR: 0.089984
2026-04-22 03:50:22 KST | INFO |   Train Loss: 0.0302 | Test Loss: 0.0337 | Test Acc: 99.05%
2026-04-22 03:50:22 KST | INFO |   🏆 New best accuracy: 99.05%
2026-04-22 03:50:22 KST | INFO | 
2026-04-22 03:50:22 KST | INFO | Epoch 43/200 | LR: 0.089508
2026-04-22 03:50:25 KST | INFO |   Train Loss: 0.0268 | Test Loss: 0.0365 | Test Acc: 98.55%
2026-04-22 03:50:25 KST | INFO |   No improvement (1/30)
2026-04-22 03:50:25 KST | INFO | 
2026-04-22 03:50:25 KST | INFO | Epoch 44/200 | LR: 0.089022
2026-04-22 03:50:29 KST | INFO |   Train Loss: 0.0274 | Test Loss: 0.0408 | Test Acc: 98.45%
2026-04-22 03:50:29 KST | INFO |   No improvement (2/30)
2026-04-22 03:50:29 KST | INFO | 
2026-04-22 03:50:29 KST | INFO | Epoch 45/200 | LR: 0.088526
2026-04-22 03:50:32 KST | INFO |   Train Loss: 0.0289 | Test Loss: 0.0757 | Test Acc: 97.95%
2026-04-22 03:50:32 KST | INFO |   No improvement (3/30)
2026-04-22 03:50:32 KST | INFO | 
2026-04-22 03:50:32 KST | INFO | Epoch 46/200 | LR: 0.088020
2026-04-22 03:50:36 KST | INFO |   Train Loss: 0.0262 | Test Loss: 0.0538 | Test Acc: 98.80%
2026-04-22 03:50:36 KST | INFO |   No improvement (4/30)
2026-04-22 03:50:36 KST | INFO | 
2026-04-22 03:50:36 KST | INFO | Epoch 47/200 | LR: 0.087506
2026-04-22 03:50:39 KST | INFO |   Train Loss: 0.0262 | Test Loss: 0.0534 | Test Acc: 98.65%
2026-04-22 03:50:39 KST | INFO |   No improvement (5/30)
2026-04-22 03:50:39 KST | INFO | 
2026-04-22 03:50:39 KST | INFO | Epoch 48/200 | LR: 0.086982
2026-04-22 03:50:42 KST | INFO |   Train Loss: 0.0299 | Test Loss: 0.0430 | Test Acc: 98.25%
2026-04-22 03:50:42 KST | INFO |   No improvement (6/30)
2026-04-22 03:50:42 KST | INFO | 
2026-04-22 03:50:42 KST | INFO | Epoch 49/200 | LR: 0.086449
2026-04-22 03:50:46 KST | INFO |   Train Loss: 0.0221 | Test Loss: 0.0591 | Test Acc: 98.40%
2026-04-22 03:50:46 KST | INFO |   No improvement (7/30)
2026-04-22 03:50:46 KST | INFO | 
2026-04-22 03:50:46 KST | INFO | Epoch 50/200 | LR: 0.085906
2026-04-22 03:50:49 KST | INFO |   Train Loss: 0.0270 | Test Loss: 0.0459 | Test Acc: 98.70%
2026-04-22 03:50:49 KST | INFO |   No improvement (8/30)
2026-04-22 03:50:49 KST | INFO | 
2026-04-22 03:50:49 KST | INFO | Epoch 51/200 | LR: 0.085355
2026-04-22 03:50:53 KST | INFO |   Train Loss: 0.0274 | Test Loss: 0.0339 | Test Acc: 98.95%
2026-04-22 03:50:53 KST | INFO |   No improvement (9/30)
2026-04-22 03:50:53 KST | INFO | 
2026-04-22 03:50:53 KST | INFO | Epoch 52/200 | LR: 0.084796
2026-04-22 03:50:56 KST | INFO |   Train Loss: 0.0253 | Test Loss: 0.0463 | Test Acc: 98.45%
2026-04-22 03:50:56 KST | INFO |   No improvement (10/30)
2026-04-22 03:50:56 KST | INFO | 
2026-04-22 03:50:56 KST | INFO | Epoch 53/200 | LR: 0.084228
2026-04-22 03:50:59 KST | INFO |   Train Loss: 0.0280 | Test Loss: 0.0368 | Test Acc: 98.70%
2026-04-22 03:50:59 KST | INFO |   No improvement (11/30)
2026-04-22 03:50:59 KST | INFO | 
2026-04-22 03:50:59 KST | INFO | Epoch 54/200 | LR: 0.083651
2026-04-22 03:51:03 KST | INFO |   Train Loss: 0.0222 | Test Loss: 0.0479 | Test Acc: 98.65%
2026-04-22 03:51:03 KST | INFO |   No improvement (12/30)
2026-04-22 03:51:03 KST | INFO | 
2026-04-22 03:51:03 KST | INFO | Epoch 55/200 | LR: 0.083066
2026-04-22 03:51:07 KST | INFO |   Train Loss: 0.0232 | Test Loss: 0.0473 | Test Acc: 98.60%
2026-04-22 03:51:07 KST | INFO |   No improvement (13/30)
2026-04-22 03:51:07 KST | INFO | 
2026-04-22 03:51:07 KST | INFO | Epoch 56/200 | LR: 0.082473
2026-04-22 03:51:10 KST | INFO |   Train Loss: 0.0235 | Test Loss: 0.0392 | Test Acc: 98.60%
2026-04-22 03:51:10 KST | INFO |   No improvement (14/30)
2026-04-22 03:51:10 KST | INFO | 
2026-04-22 03:51:10 KST | INFO | Epoch 57/200 | LR: 0.081871
2026-04-22 03:51:14 KST | INFO |   Train Loss: 0.0242 | Test Loss: 0.0505 | Test Acc: 98.15%
2026-04-22 03:51:14 KST | INFO |   No improvement (15/30)
2026-04-22 03:51:14 KST | INFO | 
2026-04-22 03:51:14 KST | INFO | Epoch 58/200 | LR: 0.081262
2026-04-22 03:51:17 KST | INFO |   Train Loss: 0.0232 | Test Loss: 0.0786 | Test Acc: 97.75%
2026-04-22 03:51:17 KST | INFO |   No improvement (16/30)
2026-04-22 03:51:17 KST | INFO | 
2026-04-22 03:51:17 KST | INFO | Epoch 59/200 | LR: 0.080646
2026-04-22 03:51:20 KST | INFO |   Train Loss: 0.0193 | Test Loss: 0.0371 | Test Acc: 98.85%
2026-04-22 03:51:20 KST | INFO |   No improvement (17/30)
2026-04-22 03:51:20 KST | INFO | 
2026-04-22 03:51:20 KST | INFO | Epoch 60/200 | LR: 0.080021
2026-04-22 03:51:24 KST | INFO |   Train Loss: 0.0194 | Test Loss: 0.0536 | Test Acc: 98.40%
2026-04-22 03:51:24 KST | INFO |   No improvement (18/30)
2026-04-22 03:51:24 KST | INFO | 
2026-04-22 03:51:24 KST | INFO | Epoch 61/200 | LR: 0.079389
2026-04-22 03:51:28 KST | INFO |   Train Loss: 0.0211 | Test Loss: 0.0526 | Test Acc: 98.70%
2026-04-22 03:51:28 KST | INFO |   No improvement (19/30)
2026-04-22 03:51:28 KST | INFO | 
2026-04-22 03:51:28 KST | INFO | Epoch 62/200 | LR: 0.078750
2026-04-22 03:51:31 KST | INFO |   Train Loss: 0.0186 | Test Loss: 0.0502 | Test Acc: 98.65%
2026-04-22 03:51:31 KST | INFO |   No improvement (20/30)
2026-04-22 03:51:31 KST | INFO | 
2026-04-22 03:51:31 KST | INFO | Epoch 63/200 | LR: 0.078104
2026-04-22 03:51:34 KST | INFO |   Train Loss: 0.0193 | Test Loss: 0.0454 | Test Acc: 98.40%
2026-04-22 03:51:34 KST | INFO |   No improvement (21/30)
2026-04-22 03:51:34 KST | INFO | 
2026-04-22 03:51:34 KST | INFO | Epoch 64/200 | LR: 0.077451
2026-04-22 03:51:37 KST | INFO |   Train Loss: 0.0220 | Test Loss: 0.0500 | Test Acc: 98.55%
2026-04-22 03:51:37 KST | INFO |   No improvement (22/30)
2026-04-22 03:51:37 KST | INFO | 
2026-04-22 03:51:37 KST | INFO | Epoch 65/200 | LR: 0.076792
2026-04-22 03:51:41 KST | INFO |   Train Loss: 0.0204 | Test Loss: 0.0683 | Test Acc: 98.20%
2026-04-22 03:51:41 KST | INFO |   No improvement (23/30)
2026-04-22 03:51:41 KST | INFO | 
2026-04-22 03:51:41 KST | INFO | Epoch 66/200 | LR: 0.076125
2026-04-22 03:51:44 KST | INFO |   Train Loss: 0.0218 | Test Loss: 0.0738 | Test Acc: 98.20%
2026-04-22 03:51:44 KST | INFO |   No improvement (24/30)
2026-04-22 03:51:44 KST | INFO | 
2026-04-22 03:51:44 KST | INFO | Epoch 67/200 | LR: 0.075452
2026-04-22 03:51:48 KST | INFO |   Train Loss: 0.0205 | Test Loss: 0.0570 | Test Acc: 98.85%
2026-04-22 03:51:48 KST | INFO |   No improvement (25/30)
2026-04-22 03:51:48 KST | INFO | 
2026-04-22 03:51:48 KST | INFO | Epoch 68/200 | LR: 0.074773
2026-04-22 03:51:52 KST | INFO |   Train Loss: 0.0196 | Test Loss: 0.0540 | Test Acc: 98.55%
2026-04-22 03:51:52 KST | INFO |   No improvement (26/30)
2026-04-22 03:51:52 KST | INFO | 
2026-04-22 03:51:52 KST | INFO | Epoch 69/200 | LR: 0.074088
2026-04-22 03:51:55 KST | INFO |   Train Loss: 0.0182 | Test Loss: 0.1107 | Test Acc: 97.30%
2026-04-22 03:51:55 KST | INFO |   No improvement (27/30)
2026-04-22 03:51:55 KST | INFO | 
2026-04-22 03:51:55 KST | INFO | Epoch 70/200 | LR: 0.073397
2026-04-22 03:51:59 KST | INFO |   Train Loss: 0.0221 | Test Loss: 0.0385 | Test Acc: 98.60%
2026-04-22 03:51:59 KST | INFO |   No improvement (28/30)
2026-04-22 03:51:59 KST | INFO | 
2026-04-22 03:51:59 KST | INFO | Epoch 71/200 | LR: 0.072700
2026-04-22 03:52:03 KST | INFO |   Train Loss: 0.0227 | Test Loss: 0.0456 | Test Acc: 98.65%
2026-04-22 03:52:03 KST | INFO |   No improvement (29/30)
2026-04-22 03:52:03 KST | INFO | 
2026-04-22 03:52:03 KST | INFO | Epoch 72/200 | LR: 0.071997
2026-04-22 03:52:06 KST | INFO |   Train Loss: 0.0183 | Test Loss: 0.0588 | Test Acc: 98.45%
2026-04-22 03:52:06 KST | INFO |   No improvement (30/30)
2026-04-22 03:52:06 KST | INFO | 
2026-04-22 03:52:06 KST | INFO | Early stopping after 30 epochs without improvement
2026-04-22 03:52:06 KST | INFO | 
2026-04-22 03:52:06 KST | INFO | ================================================================================
2026-04-22 03:52:06 KST | INFO | TRAINING COMPLETE
2026-04-22 03:52:06 KST | INFO | ================================================================================
2026-04-22 03:52:06 KST | INFO | Best accuracy:  99.05% (Epoch 42)
2026-04-22 03:52:06 KST | INFO | Final accuracy: 98.45%
2026-04-22 03:52:06 KST | INFO | ================================================================================
2026-04-22 03:52:06 KST | INFO | 
2026-04-22 03:52:06 KST | INFO | Full log: logs/centralized_20260422_034729.log
2026-04-22 03:52:06 KST | INFO | ================================================================================
