2026-04-22 03:36:12 KST | INFO | ================================================================================
2026-04-22 03:36:12 KST | INFO | TL++ Centralized Baseline
2026-04-22 03:36:12 KST | INFO | ================================================================================
2026-04-22 03:36:12 KST | INFO | Log file: logs/centralized_20260422_033612.log
2026-04-22 03:36:12 KST | INFO | 
2026-04-22 03:36:12 KST | INFO | Device: cuda
2026-04-22 03:36:12 KST | INFO | 
2026-04-22 03:36:12 KST | INFO | --------------------------------------------------------------------------------
2026-04-22 03:36:12 KST | INFO | CONFIGURATION
2026-04-22 03:36:12 KST | INFO | --------------------------------------------------------------------------------
2026-04-22 03:36:12 KST | INFO | Classes:          2
2026-04-22 03:36:12 KST | INFO | Batch size:       128
2026-04-22 03:36:12 KST | INFO | Learning rate:    0.1
2026-04-22 03:36:12 KST | INFO | Scheduler:        cosine
2026-04-22 03:36:12 KST | INFO | 
2026-04-22 03:36:12 KST | INFO | --------------------------------------------------------------------------------
2026-04-22 03:36:12 KST | INFO | DATA LOADING
2026-04-22 03:36:12 KST | INFO | --------------------------------------------------------------------------------
2026-04-22 03:36:13 KST | INFO | Filtering to 2 classes (0-1)
2026-04-22 03:36:36 KST | INFO | Training samples:   10,000
2026-04-22 03:36:36 KST | INFO | Test samples:       2,000
2026-04-22 03:36:36 KST | INFO | Training batches:   79
2026-04-22 03:36:36 KST | INFO | Test batches:       8
2026-04-22 03:36:36 KST | INFO | 
2026-04-22 03:36:36 KST | INFO | --------------------------------------------------------------------------------
2026-04-22 03:36:36 KST | INFO | MODEL INITIALIZATION
2026-04-22 03:36:36 KST | INFO | --------------------------------------------------------------------------------
2026-04-22 03:36:36 KST | INFO | Total parameters:     3,244,098
2026-04-22 03:36:36 KST | INFO | Trainable parameters: 3,244,098
2026-04-22 03:36:36 KST | INFO | 
2026-04-22 03:36:36 KST | INFO | --------------------------------------------------------------------------------
2026-04-22 03:36:36 KST | INFO | OPTIMIZER & SCHEDULER
2026-04-22 03:36:36 KST | INFO | --------------------------------------------------------------------------------
2026-04-22 03:36:36 KST | INFO | Optimizer:        SGD (lr=0.1, momentum=0.9)
2026-04-22 03:36:36 KST | INFO | Scheduler:        cosine
2026-04-22 03:36:36 KST | INFO | Gradient clip:    1.0
2026-04-22 03:36:36 KST | INFO | 
2026-04-22 03:36:36 KST | INFO | --------------------------------------------------------------------------------
2026-04-22 03:36:36 KST | INFO | TRAINING
2026-04-22 03:36:36 KST | INFO | --------------------------------------------------------------------------------
2026-04-22 03:36:36 KST | INFO | 
2026-04-22 03:36:36 KST | INFO | Epoch 1/200 | LR: 0.100000
2026-04-22 03:36:40 KST | INFO |   Train Loss: 0.5227 | Test Loss: 0.3166 | Test Acc: 86.40%
2026-04-22 03:36:40 KST | INFO |   🏆 New best accuracy: 86.40%
2026-04-22 03:36:40 KST | INFO | 
2026-04-22 03:36:40 KST | INFO | Epoch 2/200 | LR: 0.099994
2026-04-22 03:36:43 KST | INFO |   Train Loss: 0.3118 | Test Loss: 0.2350 | Test Acc: 91.05%
2026-04-22 03:36:43 KST | INFO |   🏆 New best accuracy: 91.05%
2026-04-22 03:36:43 KST | INFO | 
2026-04-22 03:36:43 KST | INFO | Epoch 3/200 | LR: 0.099975
2026-04-22 03:36:45 KST | INFO |   Train Loss: 0.2194 | Test Loss: 0.1354 | Test Acc: 94.85%
2026-04-22 03:36:45 KST | INFO |   🏆 New best accuracy: 94.85%
2026-04-22 03:36:45 KST | INFO | 
2026-04-22 03:36:45 KST | INFO | Epoch 4/200 | LR: 0.099944
2026-04-22 03:36:48 KST | INFO |   Train Loss: 0.1559 | Test Loss: 0.1083 | Test Acc: 96.65%
2026-04-22 03:36:48 KST | INFO |   🏆 New best accuracy: 96.65%
2026-04-22 03:36:48 KST | INFO | 
2026-04-22 03:36:48 KST | INFO | Epoch 5/200 | LR: 0.099901
2026-04-22 03:36:51 KST | INFO |   Train Loss: 0.1187 | Test Loss: 0.1389 | Test Acc: 93.85%
2026-04-22 03:36:51 KST | INFO |   No improvement (1/30)
2026-04-22 03:36:51 KST | INFO | 
2026-04-22 03:36:51 KST | INFO | Epoch 6/200 | LR: 0.099846
2026-04-22 03:36:54 KST | INFO |   Train Loss: 0.1002 | Test Loss: 0.0872 | Test Acc: 96.90%
2026-04-22 03:36:54 KST | INFO |   🏆 New best accuracy: 96.90%
2026-04-22 03:36:54 KST | INFO | 
2026-04-22 03:36:54 KST | INFO | Epoch 7/200 | LR: 0.099778
2026-04-22 03:36:57 KST | INFO |   Train Loss: 0.0901 | Test Loss: 0.2362 | Test Acc: 92.55%
2026-04-22 03:36:57 KST | INFO |   No improvement (1/30)
2026-04-22 03:36:57 KST | INFO | 
2026-04-22 03:36:57 KST | INFO | Epoch 8/200 | LR: 0.099698
2026-04-22 03:37:00 KST | INFO |   Train Loss: 0.0840 | Test Loss: 0.0682 | Test Acc: 97.70%
2026-04-22 03:37:00 KST | INFO |   🏆 New best accuracy: 97.70%
2026-04-22 03:37:00 KST | INFO | 
2026-04-22 03:37:00 KST | INFO | Epoch 9/200 | LR: 0.099606
2026-04-22 03:37:02 KST | INFO |   Train Loss: 0.0764 | Test Loss: 0.0841 | Test Acc: 97.35%
2026-04-22 03:37:02 KST | INFO |   No improvement (1/30)
2026-04-22 03:37:02 KST | INFO | 
2026-04-22 03:37:02 KST | INFO | Epoch 10/200 | LR: 0.099501
2026-04-22 03:37:05 KST | INFO |   Train Loss: 0.0721 | Test Loss: 0.0684 | Test Acc: 97.50%
2026-04-22 03:37:05 KST | INFO |   No improvement (2/30)
2026-04-22 03:37:05 KST | INFO | 
2026-04-22 03:37:05 KST | INFO | Epoch 11/200 | LR: 0.099384
2026-04-22 03:37:08 KST | INFO |   Train Loss: 0.0686 | Test Loss: 0.1045 | Test Acc: 95.90%
2026-04-22 03:37:08 KST | INFO |   No improvement (3/30)
2026-04-22 03:37:08 KST | INFO | 
2026-04-22 03:37:08 KST | INFO | Epoch 12/200 | LR: 0.099255
2026-04-22 03:37:11 KST | INFO |   Train Loss: 0.0656 | Test Loss: 0.0605 | Test Acc: 97.75%
2026-04-22 03:37:11 KST | INFO |   🏆 New best accuracy: 97.75%
2026-04-22 03:37:11 KST | INFO | 
2026-04-22 03:37:11 KST | INFO | Epoch 13/200 | LR: 0.099114
2026-04-22 03:37:14 KST | INFO |   Train Loss: 0.0583 | Test Loss: 0.0602 | Test Acc: 97.85%
2026-04-22 03:37:14 KST | INFO |   🏆 New best accuracy: 97.85%
2026-04-22 03:37:14 KST | INFO | 
2026-04-22 03:37:14 KST | INFO | Epoch 14/200 | LR: 0.098961
2026-04-22 03:37:17 KST | INFO |   Train Loss: 0.0579 | Test Loss: 0.0696 | Test Acc: 97.50%
2026-04-22 03:37:17 KST | INFO |   No improvement (1/30)
2026-04-22 03:37:17 KST | INFO | 
2026-04-22 03:37:17 KST | INFO | Epoch 15/200 | LR: 0.098796
2026-04-22 03:37:20 KST | INFO |   Train Loss: 0.0541 | Test Loss: 0.0545 | Test Acc: 98.10%
2026-04-22 03:37:20 KST | INFO |   🏆 New best accuracy: 98.10%
2026-04-22 03:37:20 KST | INFO | 
2026-04-22 03:37:20 KST | INFO | Epoch 16/200 | LR: 0.098619
2026-04-22 03:37:22 KST | INFO |   Train Loss: 0.0516 | Test Loss: 0.1548 | Test Acc: 94.15%
2026-04-22 03:37:22 KST | INFO |   No improvement (1/30)
2026-04-22 03:37:22 KST | INFO | 
2026-04-22 03:37:22 KST | INFO | Epoch 17/200 | LR: 0.098429
2026-04-22 03:37:25 KST | INFO |   Train Loss: 0.0527 | Test Loss: 0.0909 | Test Acc: 97.20%
2026-04-22 03:37:25 KST | INFO |   No improvement (2/30)
2026-04-22 03:37:25 KST | INFO | 
2026-04-22 03:37:25 KST | INFO | Epoch 18/200 | LR: 0.098228
2026-04-22 03:37:27 KST | INFO |   Train Loss: 0.0486 | Test Loss: 0.1006 | Test Acc: 96.15%
2026-04-22 03:37:27 KST | INFO |   No improvement (3/30)
2026-04-22 03:37:27 KST | INFO | 
2026-04-22 03:37:27 KST | INFO | Epoch 19/200 | LR: 0.098015
2026-04-22 03:37:30 KST | INFO |   Train Loss: 0.0527 | Test Loss: 0.0677 | Test Acc: 97.95%
2026-04-22 03:37:30 KST | INFO |   No improvement (4/30)
2026-04-22 03:37:30 KST | INFO | 
2026-04-22 03:37:30 KST | INFO | Epoch 20/200 | LR: 0.097790
2026-04-22 03:37:33 KST | INFO |   Train Loss: 0.0424 | Test Loss: 0.1358 | Test Acc: 96.45%
2026-04-22 03:37:33 KST | INFO |   No improvement (5/30)
2026-04-22 03:37:33 KST | INFO | 
2026-04-22 03:37:33 KST | INFO | Epoch 21/200 | LR: 0.097553
2026-04-22 03:37:35 KST | INFO |   Train Loss: 0.0449 | Test Loss: 0.0640 | Test Acc: 97.45%
2026-04-22 03:37:35 KST | INFO |   No improvement (6/30)
2026-04-22 03:37:35 KST | INFO | 
2026-04-22 03:37:35 KST | INFO | Epoch 22/200 | LR: 0.097304
2026-04-22 03:37:38 KST | INFO |   Train Loss: 0.0473 | Test Loss: 0.0736 | Test Acc: 97.75%
2026-04-22 03:37:38 KST | INFO |   No improvement (7/30)
2026-04-22 03:37:38 KST | INFO | 
2026-04-22 03:37:38 KST | INFO | Epoch 23/200 | LR: 0.097044
2026-04-22 03:37:41 KST | INFO |   Train Loss: 0.0433 | Test Loss: 0.1366 | Test Acc: 96.55%
2026-04-22 03:37:41 KST | INFO |   No improvement (8/30)
2026-04-22 03:37:41 KST | INFO | 
2026-04-22 03:37:41 KST | INFO | Epoch 24/200 | LR: 0.096772
2026-04-22 03:37:43 KST | INFO |   Train Loss: 0.0418 | Test Loss: 0.0534 | Test Acc: 98.00%
2026-04-22 03:37:43 KST | INFO |   No improvement (9/30)
2026-04-22 03:37:43 KST | INFO | 
2026-04-22 03:37:43 KST | INFO | Epoch 25/200 | LR: 0.096489
2026-04-22 03:37:46 KST | INFO |   Train Loss: 0.0400 | Test Loss: 0.1097 | Test Acc: 96.50%
2026-04-22 03:37:46 KST | INFO |   No improvement (10/30)
2026-04-22 03:37:46 KST | INFO | 
2026-04-22 03:37:46 KST | INFO | Epoch 26/200 | LR: 0.096194
2026-04-22 03:37:49 KST | INFO |   Train Loss: 0.0381 | Test Loss: 0.0481 | Test Acc: 98.35%
2026-04-22 03:37:49 KST | INFO |   🏆 New best accuracy: 98.35%
2026-04-22 03:37:49 KST | INFO | 
2026-04-22 03:37:49 KST | INFO | Epoch 27/200 | LR: 0.095888
2026-04-22 03:37:51 KST | INFO |   Train Loss: 0.0427 | Test Loss: 0.0598 | Test Acc: 98.25%
2026-04-22 03:37:51 KST | INFO |   No improvement (1/30)
2026-04-22 03:37:51 KST | INFO | 
2026-04-22 03:37:51 KST | INFO | Epoch 28/200 | LR: 0.095570
2026-04-22 03:37:54 KST | INFO |   Train Loss: 0.0360 | Test Loss: 0.0427 | Test Acc: 98.70%
2026-04-22 03:37:54 KST | INFO |   🏆 New best accuracy: 98.70%
2026-04-22 03:37:54 KST | INFO | 
2026-04-22 03:37:54 KST | INFO | Epoch 29/200 | LR: 0.095241
2026-04-22 03:37:57 KST | INFO |   Train Loss: 0.0369 | Test Loss: 0.0427 | Test Acc: 98.70%
2026-04-22 03:37:57 KST | INFO |   No improvement (1/30)
2026-04-22 03:37:57 KST | INFO | 
2026-04-22 03:37:57 KST | INFO | Epoch 30/200 | LR: 0.094901
2026-04-22 03:37:59 KST | INFO |   Train Loss: 0.0295 | Test Loss: 0.0502 | Test Acc: 98.75%
2026-04-22 03:37:59 KST | INFO |   🏆 New best accuracy: 98.75%
2026-04-22 03:37:59 KST | INFO | 
2026-04-22 03:37:59 KST | INFO | Epoch 31/200 | LR: 0.094550
2026-04-22 03:38:02 KST | INFO |   Train Loss: 0.0376 | Test Loss: 0.0524 | Test Acc: 98.55%
2026-04-22 03:38:02 KST | INFO |   No improvement (1/30)
2026-04-22 03:38:02 KST | INFO | 
2026-04-22 03:38:02 KST | INFO | Epoch 32/200 | LR: 0.094188
2026-04-22 03:38:05 KST | INFO |   Train Loss: 0.0311 | Test Loss: 0.0554 | Test Acc: 98.50%
2026-04-22 03:38:05 KST | INFO |   No improvement (2/30)
2026-04-22 03:38:05 KST | INFO | 
2026-04-22 03:38:05 KST | INFO | Epoch 33/200 | LR: 0.093815
2026-04-22 03:38:08 KST | INFO |   Train Loss: 0.0344 | Test Loss: 0.0595 | Test Acc: 98.20%
2026-04-22 03:38:08 KST | INFO |   No improvement (3/30)
2026-04-22 03:38:08 KST | INFO | 
2026-04-22 03:38:08 KST | INFO | Epoch 34/200 | LR: 0.093432
2026-04-22 03:38:10 KST | INFO |   Train Loss: 0.0309 | Test Loss: 0.0746 | Test Acc: 97.90%
2026-04-22 03:38:10 KST | INFO |   No improvement (4/30)
2026-04-22 03:38:10 KST | INFO | 
2026-04-22 03:38:10 KST | INFO | Epoch 35/200 | LR: 0.093037
2026-04-22 03:38:13 KST | INFO |   Train Loss: 0.0351 | Test Loss: 0.0817 | Test Acc: 97.65%
2026-04-22 03:38:13 KST | INFO |   No improvement (5/30)
2026-04-22 03:38:13 KST | INFO | 
2026-04-22 03:38:13 KST | INFO | Epoch 36/200 | LR: 0.092632
2026-04-22 03:38:16 KST | INFO |   Train Loss: 0.0309 | Test Loss: 0.0869 | Test Acc: 96.90%
2026-04-22 03:38:16 KST | INFO |   No improvement (6/30)
2026-04-22 03:38:16 KST | INFO | 
2026-04-22 03:38:16 KST | INFO | Epoch 37/200 | LR: 0.092216
2026-04-22 03:38:19 KST | INFO |   Train Loss: 0.0288 | Test Loss: 0.0537 | Test Acc: 98.25%
2026-04-22 03:38:19 KST | INFO |   No improvement (7/30)
2026-04-22 03:38:19 KST | INFO | 
2026-04-22 03:38:19 KST | INFO | Epoch 38/200 | LR: 0.091790
2026-04-22 03:38:22 KST | INFO |   Train Loss: 0.0312 | Test Loss: 0.0725 | Test Acc: 98.05%
2026-04-22 03:38:22 KST | INFO |   No improvement (8/30)
2026-04-22 03:38:22 KST | INFO | 
2026-04-22 03:38:22 KST | INFO | Epoch 39/200 | LR: 0.091354
2026-04-22 03:38:24 KST | INFO |   Train Loss: 0.0262 | Test Loss: 0.0761 | Test Acc: 97.75%
2026-04-22 03:38:24 KST | INFO |   No improvement (9/30)
2026-04-22 03:38:24 KST | INFO | 
2026-04-22 03:38:24 KST | INFO | Epoch 40/200 | LR: 0.090908
2026-04-22 03:38:27 KST | INFO |   Train Loss: 0.0367 | Test Loss: 0.1677 | Test Acc: 96.00%
2026-04-22 03:38:27 KST | INFO |   No improvement (10/30)
2026-04-22 03:38:27 KST | INFO | 
2026-04-22 03:38:27 KST | INFO | Epoch 41/200 | LR: 0.090451
2026-04-22 03:38:30 KST | INFO |   Train Loss: 0.0291 | Test Loss: 0.0410 | Test Acc: 98.55%
2026-04-22 03:38:30 KST | INFO |   No improvement (11/30)
2026-04-22 03:38:30 KST | INFO | 
2026-04-22 03:38:30 KST | INFO | Epoch 42/200 | LR: 0.089984
2026-04-22 03:38:32 KST | INFO |   Train Loss: 0.0278 | Test Loss: 0.0540 | Test Acc: 98.25%
2026-04-22 03:38:32 KST | INFO |   No improvement (12/30)
2026-04-22 03:38:32 KST | INFO | 
2026-04-22 03:38:32 KST | INFO | Epoch 43/200 | LR: 0.089508
2026-04-22 03:38:35 KST | INFO |   Train Loss: 0.0311 | Test Loss: 0.1623 | Test Acc: 95.30%
2026-04-22 03:38:35 KST | INFO |   No improvement (13/30)
2026-04-22 03:38:35 KST | INFO | 
2026-04-22 03:38:35 KST | INFO | Epoch 44/200 | LR: 0.089022
2026-04-22 03:38:38 KST | INFO |   Train Loss: 0.0376 | Test Loss: 0.0427 | Test Acc: 98.65%
2026-04-22 03:38:38 KST | INFO |   No improvement (14/30)
2026-04-22 03:38:38 KST | INFO | 
2026-04-22 03:38:38 KST | INFO | Epoch 45/200 | LR: 0.088526
2026-04-22 03:38:41 KST | INFO |   Train Loss: 0.0225 | Test Loss: 0.0538 | Test Acc: 98.35%
2026-04-22 03:38:41 KST | INFO |   No improvement (15/30)
2026-04-22 03:38:41 KST | INFO | 
2026-04-22 03:38:41 KST | INFO | Epoch 46/200 | LR: 0.088020
2026-04-22 03:38:43 KST | INFO |   Train Loss: 0.0262 | Test Loss: 0.0758 | Test Acc: 97.80%
2026-04-22 03:38:43 KST | INFO |   No improvement (16/30)
2026-04-22 03:38:43 KST | INFO | 
2026-04-22 03:38:43 KST | INFO | Epoch 47/200 | LR: 0.087506
2026-04-22 03:38:46 KST | INFO |   Train Loss: 0.0237 | Test Loss: 0.0428 | Test Acc: 98.75%
2026-04-22 03:38:46 KST | INFO |   No improvement (17/30)
2026-04-22 03:38:46 KST | INFO | 
2026-04-22 03:38:46 KST | INFO | Epoch 48/200 | LR: 0.086982
2026-04-22 03:38:49 KST | INFO |   Train Loss: 0.0266 | Test Loss: 0.0534 | Test Acc: 98.50%
2026-04-22 03:38:49 KST | INFO |   No improvement (18/30)
2026-04-22 03:38:49 KST | INFO | 
2026-04-22 03:38:49 KST | INFO | Epoch 49/200 | LR: 0.086449
2026-04-22 03:38:51 KST | INFO |   Train Loss: 0.0305 | Test Loss: 0.0388 | Test Acc: 98.80%
2026-04-22 03:38:51 KST | INFO |   🏆 New best accuracy: 98.80%
2026-04-22 03:38:51 KST | INFO | 
2026-04-22 03:38:51 KST | INFO | Epoch 50/200 | LR: 0.085906
2026-04-22 03:38:54 KST | INFO |   Train Loss: 0.0244 | Test Loss: 0.0621 | Test Acc: 98.30%
2026-04-22 03:38:54 KST | INFO |   No improvement (1/30)
2026-04-22 03:38:54 KST | INFO | 
2026-04-22 03:38:54 KST | INFO | Epoch 51/200 | LR: 0.085355
2026-04-22 03:38:57 KST | INFO |   Train Loss: 0.0261 | Test Loss: 0.0686 | Test Acc: 97.95%
2026-04-22 03:38:57 KST | INFO |   No improvement (2/30)
2026-04-22 03:38:57 KST | INFO | 
2026-04-22 03:38:57 KST | INFO | Epoch 52/200 | LR: 0.084796
2026-04-22 03:38:59 KST | INFO |   Train Loss: 0.0258 | Test Loss: 0.0536 | Test Acc: 98.70%
2026-04-22 03:38:59 KST | INFO |   No improvement (3/30)
2026-04-22 03:38:59 KST | INFO | 
2026-04-22 03:38:59 KST | INFO | Epoch 53/200 | LR: 0.084228
2026-04-22 03:39:02 KST | INFO |   Train Loss: 0.0240 | Test Loss: 0.0622 | Test Acc: 98.05%
2026-04-22 03:39:02 KST | INFO |   No improvement (4/30)
2026-04-22 03:39:02 KST | INFO | 
2026-04-22 03:39:02 KST | INFO | Epoch 54/200 | LR: 0.083651
2026-04-22 03:39:05 KST | INFO |   Train Loss: 0.0215 | Test Loss: 0.0590 | Test Acc: 98.20%
2026-04-22 03:39:05 KST | INFO |   No improvement (5/30)
2026-04-22 03:39:05 KST | INFO | 
2026-04-22 03:39:05 KST | INFO | Epoch 55/200 | LR: 0.083066
2026-04-22 03:39:07 KST | INFO |   Train Loss: 0.0215 | Test Loss: 0.0928 | Test Acc: 97.75%
2026-04-22 03:39:07 KST | INFO |   No improvement (6/30)
2026-04-22 03:39:07 KST | INFO | 
2026-04-22 03:39:07 KST | INFO | Epoch 56/200 | LR: 0.082473
2026-04-22 03:39:10 KST | INFO |   Train Loss: 0.0259 | Test Loss: 0.0494 | Test Acc: 98.50%
2026-04-22 03:39:10 KST | INFO |   No improvement (7/30)
2026-04-22 03:39:10 KST | INFO | 
2026-04-22 03:39:10 KST | INFO | Epoch 57/200 | LR: 0.081871
2026-04-22 03:39:13 KST | INFO |   Train Loss: 0.0229 | Test Loss: 0.0502 | Test Acc: 98.20%
2026-04-22 03:39:13 KST | INFO |   No improvement (8/30)
2026-04-22 03:39:13 KST | INFO | 
2026-04-22 03:39:13 KST | INFO | Epoch 58/200 | LR: 0.081262
2026-04-22 03:39:16 KST | INFO |   Train Loss: 0.0213 | Test Loss: 0.0383 | Test Acc: 98.80%
2026-04-22 03:39:16 KST | INFO |   No improvement (9/30)
2026-04-22 03:39:16 KST | INFO | 
2026-04-22 03:39:16 KST | INFO | Epoch 59/200 | LR: 0.080646
2026-04-22 03:39:18 KST | INFO |   Train Loss: 0.0212 | Test Loss: 0.0470 | Test Acc: 98.35%
2026-04-22 03:39:18 KST | INFO |   No improvement (10/30)
2026-04-22 03:39:18 KST | INFO | 
2026-04-22 03:39:18 KST | INFO | Epoch 60/200 | LR: 0.080021
2026-04-22 03:39:21 KST | INFO |   Train Loss: 0.0187 | Test Loss: 0.0603 | Test Acc: 97.65%
2026-04-22 03:39:21 KST | INFO |   No improvement (11/30)
2026-04-22 03:39:21 KST | INFO | 
2026-04-22 03:39:21 KST | INFO | Epoch 61/200 | LR: 0.079389
2026-04-22 03:39:24 KST | INFO |   Train Loss: 0.0217 | Test Loss: 0.0405 | Test Acc: 98.65%
2026-04-22 03:39:24 KST | INFO |   No improvement (12/30)
2026-04-22 03:39:24 KST | INFO | 
2026-04-22 03:39:24 KST | INFO | Epoch 62/200 | LR: 0.078750
2026-04-22 03:39:26 KST | INFO |   Train Loss: 0.0199 | Test Loss: 0.0531 | Test Acc: 98.45%
2026-04-22 03:39:26 KST | INFO |   No improvement (13/30)
2026-04-22 03:39:26 KST | INFO | 
2026-04-22 03:39:26 KST | INFO | Epoch 63/200 | LR: 0.078104
2026-04-22 03:39:29 KST | INFO |   Train Loss: 0.0192 | Test Loss: 0.0666 | Test Acc: 97.95%
2026-04-22 03:39:29 KST | INFO |   No improvement (14/30)
2026-04-22 03:39:29 KST | INFO | 
2026-04-22 03:39:29 KST | INFO | Epoch 64/200 | LR: 0.077451
2026-04-22 03:39:32 KST | INFO |   Train Loss: 0.0202 | Test Loss: 0.0648 | Test Acc: 97.80%
2026-04-22 03:39:32 KST | INFO |   No improvement (15/30)
2026-04-22 03:39:32 KST | INFO | 
2026-04-22 03:39:32 KST | INFO | Epoch 65/200 | LR: 0.076792
2026-04-22 03:39:34 KST | INFO |   Train Loss: 0.0200 | Test Loss: 0.1355 | Test Acc: 96.00%
2026-04-22 03:39:34 KST | INFO |   No improvement (16/30)
2026-04-22 03:39:34 KST | INFO | 
2026-04-22 03:39:34 KST | INFO | Epoch 66/200 | LR: 0.076125
2026-04-22 03:39:37 KST | INFO |   Train Loss: 0.0227 | Test Loss: 0.0517 | Test Acc: 98.40%
2026-04-22 03:39:37 KST | INFO |   No improvement (17/30)
2026-04-22 03:39:37 KST | INFO | 
2026-04-22 03:39:37 KST | INFO | Epoch 67/200 | LR: 0.075452
2026-04-22 03:39:40 KST | INFO |   Train Loss: 0.0180 | Test Loss: 0.0483 | Test Acc: 98.15%
2026-04-22 03:39:40 KST | INFO |   No improvement (18/30)
2026-04-22 03:39:40 KST | INFO | 
2026-04-22 03:39:40 KST | INFO | Epoch 68/200 | LR: 0.074773
2026-04-22 03:39:42 KST | INFO |   Train Loss: 0.0201 | Test Loss: 0.0605 | Test Acc: 98.45%
2026-04-22 03:39:42 KST | INFO |   No improvement (19/30)
2026-04-22 03:39:42 KST | INFO | 
2026-04-22 03:39:42 KST | INFO | Epoch 69/200 | LR: 0.074088
2026-04-22 03:39:45 KST | INFO |   Train Loss: 0.0213 | Test Loss: 0.0545 | Test Acc: 98.35%
2026-04-22 03:39:45 KST | INFO |   No improvement (20/30)
2026-04-22 03:39:45 KST | INFO | 
2026-04-22 03:39:45 KST | INFO | Epoch 70/200 | LR: 0.073397
2026-04-22 03:39:48 KST | INFO |   Train Loss: 0.0204 | Test Loss: 0.0584 | Test Acc: 98.50%
2026-04-22 03:39:48 KST | INFO |   No improvement (21/30)
2026-04-22 03:39:48 KST | INFO | 
2026-04-22 03:39:48 KST | INFO | Epoch 71/200 | LR: 0.072700
2026-04-22 03:39:51 KST | INFO |   Train Loss: 0.0181 | Test Loss: 0.0510 | Test Acc: 97.90%
2026-04-22 03:39:51 KST | INFO |   No improvement (22/30)
2026-04-22 03:39:51 KST | INFO | 
2026-04-22 03:39:51 KST | INFO | Epoch 72/200 | LR: 0.071997
2026-04-22 03:39:53 KST | INFO |   Train Loss: 0.0203 | Test Loss: 0.0770 | Test Acc: 98.15%
2026-04-22 03:39:53 KST | INFO |   No improvement (23/30)
2026-04-22 03:39:53 KST | INFO | 
2026-04-22 03:39:53 KST | INFO | Epoch 73/200 | LR: 0.071289
2026-04-22 03:39:56 KST | INFO |   Train Loss: 0.0209 | Test Loss: 0.0625 | Test Acc: 98.25%
2026-04-22 03:39:56 KST | INFO |   No improvement (24/30)
2026-04-22 03:39:56 KST | INFO | 
2026-04-22 03:39:56 KST | INFO | Epoch 74/200 | LR: 0.070576
2026-04-22 03:39:59 KST | INFO |   Train Loss: 0.0182 | Test Loss: 0.0516 | Test Acc: 98.70%
2026-04-22 03:39:59 KST | INFO |   No improvement (25/30)
2026-04-22 03:39:59 KST | INFO | 
2026-04-22 03:39:59 KST | INFO | Epoch 75/200 | LR: 0.069858
2026-04-22 03:40:01 KST | INFO |   Train Loss: 0.0139 | Test Loss: 0.0492 | Test Acc: 98.65%
2026-04-22 03:40:01 KST | INFO |   No improvement (26/30)
2026-04-22 03:40:01 KST | INFO | 
2026-04-22 03:40:01 KST | INFO | Epoch 76/200 | LR: 0.069134
2026-04-22 03:40:04 KST | INFO |   Train Loss: 0.0131 | Test Loss: 0.0508 | Test Acc: 98.80%
2026-04-22 03:40:04 KST | INFO |   No improvement (27/30)
2026-04-22 03:40:04 KST | INFO | 
2026-04-22 03:40:04 KST | INFO | Epoch 77/200 | LR: 0.068407
2026-04-22 03:40:07 KST | INFO |   Train Loss: 0.0168 | Test Loss: 0.0573 | Test Acc: 98.70%
2026-04-22 03:40:07 KST | INFO |   No improvement (28/30)
2026-04-22 03:40:07 KST | INFO | 
2026-04-22 03:40:07 KST | INFO | Epoch 78/200 | LR: 0.067674
2026-04-22 03:40:10 KST | INFO |   Train Loss: 0.0187 | Test Loss: 0.0561 | Test Acc: 98.25%
2026-04-22 03:40:10 KST | INFO |   No improvement (29/30)
2026-04-22 03:40:10 KST | INFO | 
2026-04-22 03:40:10 KST | INFO | Epoch 79/200 | LR: 0.066937
2026-04-22 03:40:12 KST | INFO |   Train Loss: 0.0171 | Test Loss: 0.1043 | Test Acc: 97.15%
2026-04-22 03:40:12 KST | INFO |   No improvement (30/30)
2026-04-22 03:40:12 KST | INFO | 
2026-04-22 03:40:12 KST | INFO | Early stopping after 30 epochs without improvement
2026-04-22 03:40:12 KST | INFO | 
2026-04-22 03:40:12 KST | INFO | ================================================================================
2026-04-22 03:40:12 KST | INFO | TRAINING COMPLETE
2026-04-22 03:40:12 KST | INFO | ================================================================================
2026-04-22 03:40:12 KST | INFO | Best accuracy:  98.80% (Epoch 49)
2026-04-22 03:40:12 KST | INFO | Final accuracy: 97.15%
2026-04-22 03:40:12 KST | INFO | ================================================================================
2026-04-22 03:40:12 KST | INFO | 
2026-04-22 03:40:12 KST | INFO | Full log: logs/centralized_20260422_033612.log
2026-04-22 03:40:12 KST | INFO | ================================================================================
