2026-03-06 16:02:12 KST | INFO | ================================================================================
2026-03-06 16:02:12 KST | INFO | TL++ Orchestrator
2026-03-06 16:02:12 KST | INFO | ================================================================================
2026-03-06 16:02:12 KST | INFO | Log file: logs/TL++_secure_20260306_160212.log
2026-03-06 16:02:12 KST | INFO | 
2026-03-06 16:02:12 KST | INFO | --------------------------------------------------------------------------------
2026-03-06 16:02:12 KST | INFO | CONFIGURATION
2026-03-06 16:02:12 KST | INFO | --------------------------------------------------------------------------------
2026-03-06 16:02:12 KST | INFO | Secure mode:      True
2026-03-06 16:02:12 KST | INFO | Helper endpoint:  127.0.0.1:8082
2026-03-06 16:02:12 KST | INFO | Activation noise: 2.0%
2026-03-06 16:02:12 KST | INFO | Gradient noise:   10.0%
2026-03-06 16:02:12 KST | INFO | Nodes:            4
2026-03-06 16:02:12 KST | INFO | Cut layer:        3
2026-03-06 16:02:12 KST | INFO | Batch size:       128
2026-03-06 16:02:12 KST | INFO | Learning rate:    0.1
2026-03-06 16:02:12 KST | INFO | 
2026-03-06 16:02:12 KST | INFO | Computation device: cuda
2026-03-06 16:02:12 KST | INFO | Secure mode: ✓ ENABLED
2026-03-06 16:02:12 KST | INFO | 
2026-03-06 16:02:12 KST | INFO | --------------------------------------------------------------------------------
2026-03-06 16:02:12 KST | INFO | NETWORK SETUP
2026-03-06 16:02:12 KST | INFO | --------------------------------------------------------------------------------
2026-03-06 16:02:12 KST | INFO | ✓ Orchestrator listening on 127.0.0.1:8080
2026-03-06 16:02:12 KST | INFO | ✓ Helper node on 127.0.0.1:8082
2026-03-06 16:02:12 KST | INFO | 
2026-03-06 16:02:12 KST | INFO | Waiting for helper node...
2026-03-06 16:02:14 KST | INFO | ✓ Helper node connected
2026-03-06 16:02:14 KST | INFO | ✓ Noise config sent to helper (activation: 2.0%, gradient: 10.0%)
2026-03-06 16:02:14 KST | INFO | 
2026-03-06 16:02:14 KST | INFO | Waiting for 4 node(s)...
2026-03-06 16:02:18 KST | INFO |   ✓ Node 1/4 connected
2026-03-06 16:02:19 KST | INFO |   ✓ Node 2/4 connected
2026-03-06 16:02:20 KST | INFO |   ✓ Node 3/4 connected
2026-03-06 16:02:21 KST | INFO |   ✓ Node 4/4 connected
2026-03-06 16:02:21 KST | INFO | ✓ All 4 node(s) connected
2026-03-06 16:02:21 KST | INFO | 
2026-03-06 16:02:21 KST | INFO | --------------------------------------------------------------------------------
2026-03-06 16:02:21 KST | INFO | MODEL INITIALIZATION
2026-03-06 16:02:21 KST | INFO | --------------------------------------------------------------------------------
2026-03-06 16:02:21 KST | INFO | Node-side parameters: 3,243,072
2026-03-06 16:02:21 KST | INFO | 
2026-03-06 16:02:21 KST | INFO | --------------------------------------------------------------------------------
2026-03-06 16:02:21 KST | INFO | BROADCASTING CONFIGURATION
2026-03-06 16:02:21 KST | INFO | --------------------------------------------------------------------------------
2026-03-06 16:02:21 KST | INFO | ✓ Configuration broadcast to all nodes
2026-03-06 16:02:22 KST | INFO | 
2026-03-06 16:02:22 KST | INFO | Total parameters:     3,245,124
2026-03-06 16:02:22 KST | INFO | Trainable parameters: 3,245,124
2026-03-06 16:02:22 KST | INFO | 
2026-03-06 16:02:22 KST | INFO | --------------------------------------------------------------------------------
2026-03-06 16:02:22 KST | INFO | DATA LOADING
2026-03-06 16:02:22 KST | INFO | --------------------------------------------------------------------------------
2026-03-06 16:02:48 KST | INFO | ✓ Dataset information collected:
2026-03-06 16:02:48 KST | INFO |     Node 1: 5,000 samples
2026-03-06 16:02:48 KST | INFO |     Node 2: 5,000 samples
2026-03-06 16:02:48 KST | INFO |     Node 3: 5,000 samples
2026-03-06 16:02:48 KST | INFO |     Node 4: 5,000 samples
2026-03-06 16:02:48 KST | INFO |   Total training samples: 20,000
2026-03-06 16:02:48 KST | INFO | 
2026-03-06 16:02:51 KST | INFO | ✓ Test dataset loaded: 4,000 samples
2026-03-06 16:02:51 KST | INFO | 
2026-03-06 16:02:51 KST | INFO | ✓ Batch scheduler: 157 batches/epoch
2026-03-06 16:02:51 KST | INFO | 
2026-03-06 16:02:51 KST | INFO | --------------------------------------------------------------------------------
2026-03-06 16:02:51 KST | INFO | OPTIMIZATION SETUP
2026-03-06 16:02:51 KST | INFO | --------------------------------------------------------------------------------
2026-03-06 16:02:51 KST | INFO | ✓ Optimizer: SGD (lr=0.1, momentum=0.9)
2026-03-06 16:02:51 KST | INFO | ✓ Scheduler: cosine
2026-03-06 16:02:51 KST | INFO | ✓ Gradient clipping: 1.0
2026-03-06 16:02:51 KST | INFO | 
2026-03-06 16:02:51 KST | INFO | ================================================================================
2026-03-06 16:02:51 KST | INFO | Setup complete - Ready for training
2026-03-06 16:02:51 KST | INFO | ================================================================================
2026-03-06 16:02:51 KST | INFO | 
2026-03-06 16:02:51 KST | INFO | --------------------------------------------------------------------------------
2026-03-06 16:02:51 KST | INFO | TRAINING
2026-03-06 16:02:51 KST | INFO | --------------------------------------------------------------------------------
2026-03-06 16:02:51 KST | INFO | 
2026-03-06 16:02:51 KST | INFO | Epoch 1/200 | LR: 0.100000
2026-03-06 16:04:52 KST | INFO |   Train Loss: 0.9827 | Test Loss: 0.0028 | Test Acc: 71.20%
2026-03-06 16:04:52 KST | INFO |   🏆 New best accuracy: 71.20%
2026-03-06 16:04:52 KST | INFO | 
2026-03-06 16:04:52 KST | INFO | Epoch 2/200 | LR: 0.099994
2026-03-06 16:06:51 KST | INFO |   Train Loss: 0.6996 | Test Loss: 0.0024 | Test Acc: 77.60%
2026-03-06 16:06:51 KST | INFO |   🏆 New best accuracy: 77.60%
2026-03-06 16:06:51 KST | INFO | 
2026-03-06 16:06:51 KST | INFO | Epoch 3/200 | LR: 0.099975
2026-03-06 16:08:34 KST | INFO |   Train Loss: 0.5767 | Test Loss: 0.0020 | Test Acc: 81.12%
2026-03-06 16:08:34 KST | INFO |   🏆 New best accuracy: 81.12%
2026-03-06 16:08:34 KST | INFO | 
2026-03-06 16:08:34 KST | INFO | Epoch 4/200 | LR: 0.099944
2026-03-06 16:10:33 KST | INFO |   Train Loss: 0.4948 | Test Loss: 0.0018 | Test Acc: 82.85%
2026-03-06 16:10:33 KST | INFO |   🏆 New best accuracy: 82.85%
2026-03-06 16:10:33 KST | INFO | 
2026-03-06 16:10:33 KST | INFO | Epoch 5/200 | LR: 0.099901
2026-03-06 16:12:22 KST | INFO |   Train Loss: 0.4409 | Test Loss: 0.0015 | Test Acc: 85.25%
2026-03-06 16:12:22 KST | INFO |   🏆 New best accuracy: 85.25%
2026-03-06 16:12:22 KST | INFO | 
2026-03-06 16:12:22 KST | INFO | Epoch 6/200 | LR: 0.099846
2026-03-06 16:14:24 KST | INFO |   Train Loss: 0.3960 | Test Loss: 0.0015 | Test Acc: 85.80%
2026-03-06 16:14:24 KST | INFO |   🏆 New best accuracy: 85.80%
2026-03-06 16:14:24 KST | INFO | 
2026-03-06 16:14:24 KST | INFO | Epoch 7/200 | LR: 0.099778
2026-03-06 16:16:26 KST | INFO |   Train Loss: 0.3703 | Test Loss: 0.0017 | Test Acc: 84.50%
2026-03-06 16:16:26 KST | INFO |   No improvement (1/30)
2026-03-06 16:16:26 KST | INFO | 
2026-03-06 16:16:26 KST | INFO | Epoch 8/200 | LR: 0.099698
2026-03-06 16:18:17 KST | INFO |   Train Loss: 0.3363 | Test Loss: 0.0013 | Test Acc: 88.00%
2026-03-06 16:18:17 KST | INFO |   🏆 New best accuracy: 88.00%
2026-03-06 16:18:17 KST | INFO | 
2026-03-06 16:18:17 KST | INFO | Epoch 9/200 | LR: 0.099606
2026-03-06 16:20:22 KST | INFO |   Train Loss: 0.3226 | Test Loss: 0.0016 | Test Acc: 85.28%
2026-03-06 16:20:22 KST | INFO |   No improvement (1/30)
2026-03-06 16:20:22 KST | INFO | 
2026-03-06 16:20:22 KST | INFO | Epoch 10/200 | LR: 0.099501
2026-03-06 16:22:19 KST | INFO |   Train Loss: 0.3074 | Test Loss: 0.0014 | Test Acc: 87.62%
2026-03-06 16:22:19 KST | INFO |   No improvement (2/30)
2026-03-06 16:22:19 KST | INFO | 
2026-03-06 16:22:19 KST | INFO | Epoch 11/200 | LR: 0.099384
2026-03-06 16:24:10 KST | INFO |   Train Loss: 0.2858 | Test Loss: 0.0015 | Test Acc: 86.75%
2026-03-06 16:24:10 KST | INFO |   No improvement (3/30)
2026-03-06 16:24:10 KST | INFO | 
2026-03-06 16:24:10 KST | INFO | Epoch 12/200 | LR: 0.099255
2026-03-06 16:26:02 KST | INFO |   Train Loss: 0.2691 | Test Loss: 0.0013 | Test Acc: 88.75%
2026-03-06 16:26:02 KST | INFO |   🏆 New best accuracy: 88.75%
2026-03-06 16:26:02 KST | INFO | 
2026-03-06 16:26:02 KST | INFO | Epoch 13/200 | LR: 0.099114
2026-03-06 16:27:53 KST | INFO |   Train Loss: 0.2664 | Test Loss: 0.0015 | Test Acc: 86.10%
2026-03-06 16:27:53 KST | INFO |   No improvement (1/30)
2026-03-06 16:27:53 KST | INFO | 
2026-03-06 16:27:53 KST | INFO | Epoch 14/200 | LR: 0.098961
2026-03-06 16:29:49 KST | INFO |   Train Loss: 0.2487 | Test Loss: 0.0020 | Test Acc: 82.80%
2026-03-06 16:29:49 KST | INFO |   No improvement (2/30)
2026-03-06 16:29:49 KST | INFO | 
2026-03-06 16:29:49 KST | INFO | Epoch 15/200 | LR: 0.098796
2026-03-06 16:31:43 KST | INFO |   Train Loss: 0.2446 | Test Loss: 0.0016 | Test Acc: 87.17%
2026-03-06 16:31:43 KST | INFO |   No improvement (3/30)
2026-03-06 16:31:43 KST | INFO | 
2026-03-06 16:31:43 KST | INFO | Epoch 16/200 | LR: 0.098619
2026-03-06 16:33:40 KST | INFO |   Train Loss: 0.2354 | Test Loss: 0.0012 | Test Acc: 88.88%
2026-03-06 16:33:40 KST | INFO |   🏆 New best accuracy: 88.88%
2026-03-06 16:33:40 KST | INFO | 
2026-03-06 16:33:40 KST | INFO | Epoch 17/200 | LR: 0.098429
2026-03-06 16:35:26 KST | INFO |   Train Loss: 0.2269 | Test Loss: 0.0011 | Test Acc: 89.95%
2026-03-06 16:35:26 KST | INFO |   🏆 New best accuracy: 89.95%
2026-03-06 16:35:26 KST | INFO | 
2026-03-06 16:35:26 KST | INFO | Epoch 18/200 | LR: 0.098228
2026-03-06 16:37:24 KST | INFO |   Train Loss: 0.2231 | Test Loss: 0.0014 | Test Acc: 87.60%
2026-03-06 16:37:24 KST | INFO |   No improvement (1/30)
2026-03-06 16:37:24 KST | INFO | 
2026-03-06 16:37:24 KST | INFO | Epoch 19/200 | LR: 0.098015
2026-03-06 16:39:16 KST | INFO |   Train Loss: 0.2146 | Test Loss: 0.0010 | Test Acc: 90.85%
2026-03-06 16:39:16 KST | INFO |   🏆 New best accuracy: 90.85%
2026-03-06 16:39:16 KST | INFO | 
2026-03-06 16:39:16 KST | INFO | Epoch 20/200 | LR: 0.097790
2026-03-06 16:41:09 KST | INFO |   Train Loss: 0.2081 | Test Loss: 0.0009 | Test Acc: 91.85%
2026-03-06 16:41:09 KST | INFO |   🏆 New best accuracy: 91.85%
2026-03-06 16:41:09 KST | INFO | 
2026-03-06 16:41:09 KST | INFO | Epoch 21/200 | LR: 0.097553
2026-03-06 16:43:07 KST | INFO |   Train Loss: 0.1997 | Test Loss: 0.0010 | Test Acc: 90.88%
2026-03-06 16:43:07 KST | INFO |   No improvement (1/30)
2026-03-06 16:43:07 KST | INFO | 
2026-03-06 16:43:07 KST | INFO | Epoch 22/200 | LR: 0.097304
2026-03-06 16:45:00 KST | INFO |   Train Loss: 0.1986 | Test Loss: 0.0011 | Test Acc: 90.78%
2026-03-06 16:45:00 KST | INFO |   No improvement (2/30)
2026-03-06 16:45:00 KST | INFO | 
2026-03-06 16:45:00 KST | INFO | Epoch 23/200 | LR: 0.097044
2026-03-06 16:46:54 KST | INFO |   Train Loss: 0.1916 | Test Loss: 0.0010 | Test Acc: 90.55%
2026-03-06 16:46:54 KST | INFO |   No improvement (3/30)
2026-03-06 16:46:54 KST | INFO | 
2026-03-06 16:46:54 KST | INFO | Epoch 24/200 | LR: 0.096772
2026-03-06 16:48:48 KST | INFO |   Train Loss: 0.1869 | Test Loss: 0.0011 | Test Acc: 90.85%
2026-03-06 16:48:48 KST | INFO |   No improvement (4/30)
2026-03-06 16:48:48 KST | INFO | 
2026-03-06 16:48:48 KST | INFO | Epoch 25/200 | LR: 0.096489
2026-03-06 16:50:44 KST | INFO |   Train Loss: 0.1863 | Test Loss: 0.0009 | Test Acc: 92.05%
2026-03-06 16:50:44 KST | INFO |   🏆 New best accuracy: 92.05%
2026-03-06 16:50:44 KST | INFO | 
2026-03-06 16:50:44 KST | INFO | Epoch 26/200 | LR: 0.096194
2026-03-06 16:52:40 KST | INFO |   Train Loss: 0.1831 | Test Loss: 0.0008 | Test Acc: 92.10%
2026-03-06 16:52:40 KST | INFO |   🏆 New best accuracy: 92.10%
2026-03-06 16:52:40 KST | INFO | 
2026-03-06 16:52:40 KST | INFO | Epoch 27/200 | LR: 0.095888
2026-03-06 16:54:33 KST | INFO |   Train Loss: 0.1801 | Test Loss: 0.0011 | Test Acc: 89.60%
2026-03-06 16:54:33 KST | INFO |   No improvement (1/30)
2026-03-06 16:54:33 KST | INFO | 
2026-03-06 16:54:33 KST | INFO | Epoch 28/200 | LR: 0.095570
2026-03-06 16:56:25 KST | INFO |   Train Loss: 0.1746 | Test Loss: 0.0012 | Test Acc: 89.15%
2026-03-06 16:56:25 KST | INFO |   No improvement (2/30)
2026-03-06 16:56:25 KST | INFO | 
2026-03-06 16:56:25 KST | INFO | Epoch 29/200 | LR: 0.095241
2026-03-06 16:58:19 KST | INFO |   Train Loss: 0.1693 | Test Loss: 0.0012 | Test Acc: 90.20%
2026-03-06 16:58:19 KST | INFO |   No improvement (3/30)
2026-03-06 16:58:19 KST | INFO | 
2026-03-06 16:58:19 KST | INFO | Epoch 30/200 | LR: 0.094901
2026-03-06 17:00:12 KST | INFO |   Train Loss: 0.1709 | Test Loss: 0.0009 | Test Acc: 91.88%
2026-03-06 17:00:12 KST | INFO |   No improvement (4/30)
2026-03-06 17:00:12 KST | INFO | 
2026-03-06 17:00:12 KST | INFO | Epoch 31/200 | LR: 0.094550
2026-03-06 17:02:01 KST | INFO |   Train Loss: 0.1648 | Test Loss: 0.0009 | Test Acc: 92.55%
2026-03-06 17:02:01 KST | INFO |   🏆 New best accuracy: 92.55%
2026-03-06 17:02:01 KST | INFO | 
2026-03-06 17:02:01 KST | INFO | Epoch 32/200 | LR: 0.094188
2026-03-06 17:03:59 KST | INFO |   Train Loss: 0.1655 | Test Loss: 0.0009 | Test Acc: 92.03%
2026-03-06 17:03:59 KST | INFO |   No improvement (1/30)
2026-03-06 17:03:59 KST | INFO | 
2026-03-06 17:03:59 KST | INFO | Epoch 33/200 | LR: 0.093815
2026-03-06 17:05:53 KST | INFO |   Train Loss: 0.1636 | Test Loss: 0.0010 | Test Acc: 91.10%
2026-03-06 17:05:53 KST | INFO |   No improvement (2/30)
2026-03-06 17:05:53 KST | INFO | 
2026-03-06 17:05:53 KST | INFO | Epoch 34/200 | LR: 0.093432
2026-03-06 17:07:46 KST | INFO |   Train Loss: 0.1536 | Test Loss: 0.0009 | Test Acc: 91.70%
2026-03-06 17:07:46 KST | INFO |   No improvement (3/30)
2026-03-06 17:07:46 KST | INFO | 
2026-03-06 17:07:46 KST | INFO | Epoch 35/200 | LR: 0.093037
2026-03-06 17:09:42 KST | INFO |   Train Loss: 0.1489 | Test Loss: 0.0013 | Test Acc: 88.33%
2026-03-06 17:09:42 KST | INFO |   No improvement (4/30)
2026-03-06 17:09:42 KST | INFO | 
2026-03-06 17:09:42 KST | INFO | Epoch 36/200 | LR: 0.092632
2026-03-06 17:11:35 KST | INFO |   Train Loss: 0.1521 | Test Loss: 0.0012 | Test Acc: 90.55%
2026-03-06 17:11:35 KST | INFO |   No improvement (5/30)
2026-03-06 17:11:35 KST | INFO | 
2026-03-06 17:11:35 KST | INFO | Epoch 37/200 | LR: 0.092216
2026-03-06 17:13:26 KST | INFO |   Train Loss: 0.1503 | Test Loss: 0.0014 | Test Acc: 88.60%
2026-03-06 17:13:26 KST | INFO |   No improvement (6/30)
2026-03-06 17:13:26 KST | INFO | 
2026-03-06 17:13:26 KST | INFO | Epoch 38/200 | LR: 0.091790
2026-03-06 17:15:22 KST | INFO |   Train Loss: 0.1512 | Test Loss: 0.0011 | Test Acc: 90.17%
2026-03-06 17:15:22 KST | INFO |   No improvement (7/30)
2026-03-06 17:15:22 KST | INFO | 
2026-03-06 17:15:22 KST | INFO | Epoch 39/200 | LR: 0.091354
2026-03-06 17:17:21 KST | INFO |   Train Loss: 0.1429 | Test Loss: 0.0009 | Test Acc: 92.45%
2026-03-06 17:17:21 KST | INFO |   No improvement (8/30)
2026-03-06 17:17:21 KST | INFO | 
2026-03-06 17:17:21 KST | INFO | Epoch 40/200 | LR: 0.090908
2026-03-06 17:19:10 KST | INFO |   Train Loss: 0.1408 | Test Loss: 0.0011 | Test Acc: 90.92%
2026-03-06 17:19:10 KST | INFO |   No improvement (9/30)
2026-03-06 17:19:10 KST | INFO | 
2026-03-06 17:19:10 KST | INFO | Epoch 41/200 | LR: 0.090451
2026-03-06 17:21:09 KST | INFO |   Train Loss: 0.1424 | Test Loss: 0.0012 | Test Acc: 90.60%
2026-03-06 17:21:09 KST | INFO |   No improvement (10/30)
2026-03-06 17:21:09 KST | INFO | 
2026-03-06 17:21:09 KST | INFO | Epoch 42/200 | LR: 0.089984
2026-03-06 17:23:03 KST | INFO |   Train Loss: 0.1392 | Test Loss: 0.0012 | Test Acc: 90.40%
2026-03-06 17:23:03 KST | INFO |   No improvement (11/30)
2026-03-06 17:23:03 KST | INFO | 
2026-03-06 17:23:03 KST | INFO | Epoch 43/200 | LR: 0.089508
2026-03-06 17:24:54 KST | INFO |   Train Loss: 0.1387 | Test Loss: 0.0008 | Test Acc: 92.65%
2026-03-06 17:24:54 KST | INFO |   🏆 New best accuracy: 92.65%
2026-03-06 17:24:54 KST | INFO | 
2026-03-06 17:24:54 KST | INFO | Epoch 44/200 | LR: 0.089022
2026-03-06 17:26:44 KST | INFO |   Train Loss: 0.1388 | Test Loss: 0.0010 | Test Acc: 91.45%
2026-03-06 17:26:44 KST | INFO |   No improvement (1/30)
2026-03-06 17:26:44 KST | INFO | 
2026-03-06 17:26:44 KST | INFO | Epoch 45/200 | LR: 0.088526
2026-03-06 17:28:36 KST | INFO |   Train Loss: 0.1332 | Test Loss: 0.0008 | Test Acc: 92.90%
2026-03-06 17:28:36 KST | INFO |   🏆 New best accuracy: 92.90%
2026-03-06 17:28:36 KST | INFO | 
2026-03-06 17:28:36 KST | INFO | Epoch 46/200 | LR: 0.088020
2026-03-06 17:30:29 KST | INFO |   Train Loss: 0.1287 | Test Loss: 0.0012 | Test Acc: 91.50%
2026-03-06 17:30:29 KST | INFO |   No improvement (1/30)
2026-03-06 17:30:29 KST | INFO | 
2026-03-06 17:30:29 KST | INFO | Epoch 47/200 | LR: 0.087506
2026-03-06 17:32:19 KST | INFO |   Train Loss: 0.1378 | Test Loss: 0.0008 | Test Acc: 93.20%
2026-03-06 17:32:19 KST | INFO |   🏆 New best accuracy: 93.20%
2026-03-06 17:32:19 KST | INFO | 
2026-03-06 17:32:19 KST | INFO | Epoch 48/200 | LR: 0.086982
2026-03-06 17:34:20 KST | INFO |   Train Loss: 0.1223 | Test Loss: 0.0010 | Test Acc: 91.97%
2026-03-06 17:34:20 KST | INFO |   No improvement (1/30)
2026-03-06 17:34:20 KST | INFO | 
2026-03-06 17:34:20 KST | INFO | Epoch 49/200 | LR: 0.086449
2026-03-06 17:36:11 KST | INFO |   Train Loss: 0.1280 | Test Loss: 0.0009 | Test Acc: 92.22%
2026-03-06 17:36:11 KST | INFO |   No improvement (2/30)
2026-03-06 17:36:11 KST | INFO | 
2026-03-06 17:36:11 KST | INFO | Epoch 50/200 | LR: 0.085906
2026-03-06 17:38:02 KST | INFO |   Train Loss: 0.1255 | Test Loss: 0.0009 | Test Acc: 92.25%
2026-03-06 17:38:02 KST | INFO |   No improvement (3/30)
2026-03-06 17:38:02 KST | INFO | 
2026-03-06 17:38:02 KST | INFO | Epoch 51/200 | LR: 0.085355
2026-03-06 17:39:56 KST | INFO |   Train Loss: 0.1245 | Test Loss: 0.0009 | Test Acc: 92.80%
2026-03-06 17:39:56 KST | INFO |   No improvement (4/30)
2026-03-06 17:39:56 KST | INFO | 
2026-03-06 17:39:56 KST | INFO | Epoch 52/200 | LR: 0.084796
2026-03-06 17:41:47 KST | INFO |   Train Loss: 0.1195 | Test Loss: 0.0013 | Test Acc: 89.95%
2026-03-06 17:41:47 KST | INFO |   No improvement (5/30)
2026-03-06 17:41:47 KST | INFO | 
2026-03-06 17:41:47 KST | INFO | Epoch 53/200 | LR: 0.084228
2026-03-06 17:43:44 KST | INFO |   Train Loss: 0.1188 | Test Loss: 0.0009 | Test Acc: 92.50%
2026-03-06 17:43:44 KST | INFO |   No improvement (6/30)
2026-03-06 17:43:44 KST | INFO | 
2026-03-06 17:43:44 KST | INFO | Epoch 54/200 | LR: 0.083651
2026-03-06 17:45:35 KST | INFO |   Train Loss: 0.1216 | Test Loss: 0.0010 | Test Acc: 91.80%
2026-03-06 17:45:35 KST | INFO |   No improvement (7/30)
2026-03-06 17:45:35 KST | INFO | 
2026-03-06 17:45:35 KST | INFO | Epoch 55/200 | LR: 0.083066
2026-03-06 17:47:30 KST | INFO |   Train Loss: 0.1168 | Test Loss: 0.0011 | Test Acc: 91.65%
2026-03-06 17:47:30 KST | INFO |   No improvement (8/30)
2026-03-06 17:47:30 KST | INFO | 
2026-03-06 17:47:30 KST | INFO | Epoch 56/200 | LR: 0.082473
2026-03-06 17:49:22 KST | INFO |   Train Loss: 0.1131 | Test Loss: 0.0009 | Test Acc: 92.72%
2026-03-06 17:49:22 KST | INFO |   No improvement (9/30)
2026-03-06 17:49:22 KST | INFO | 
2026-03-06 17:49:22 KST | INFO | Epoch 57/200 | LR: 0.081871
2026-03-06 17:51:14 KST | INFO |   Train Loss: 0.1102 | Test Loss: 0.0012 | Test Acc: 91.20%
2026-03-06 17:51:14 KST | INFO |   No improvement (10/30)
2026-03-06 17:51:14 KST | INFO | 
2026-03-06 17:51:14 KST | INFO | Epoch 58/200 | LR: 0.081262
2026-03-06 17:53:05 KST | INFO |   Train Loss: 0.1123 | Test Loss: 0.0012 | Test Acc: 90.58%
2026-03-06 17:53:05 KST | INFO |   No improvement (11/30)
2026-03-06 17:53:05 KST | INFO | 
2026-03-06 17:53:05 KST | INFO | Epoch 59/200 | LR: 0.080646
2026-03-06 17:54:59 KST | INFO |   Train Loss: 0.1163 | Test Loss: 0.0009 | Test Acc: 92.58%
2026-03-06 17:54:59 KST | INFO |   No improvement (12/30)
2026-03-06 17:54:59 KST | INFO | 
2026-03-06 17:54:59 KST | INFO | Epoch 60/200 | LR: 0.080021
2026-03-06 17:56:54 KST | INFO |   Train Loss: 0.1074 | Test Loss: 0.0010 | Test Acc: 92.15%
2026-03-06 17:56:54 KST | INFO |   No improvement (13/30)
2026-03-06 17:56:54 KST | INFO | 
2026-03-06 17:56:54 KST | INFO | Epoch 61/200 | LR: 0.079389
2026-03-06 17:58:39 KST | INFO |   Train Loss: 0.1113 | Test Loss: 0.0007 | Test Acc: 93.83%
2026-03-06 17:58:39 KST | INFO |   🏆 New best accuracy: 93.83%
2026-03-06 17:58:39 KST | INFO | 
2026-03-06 17:58:39 KST | INFO | Epoch 62/200 | LR: 0.078750
2026-03-06 18:00:36 KST | INFO |   Train Loss: 0.1076 | Test Loss: 0.0008 | Test Acc: 93.08%
2026-03-06 18:00:36 KST | INFO |   No improvement (1/30)
2026-03-06 18:00:36 KST | INFO | 
2026-03-06 18:00:36 KST | INFO | Epoch 63/200 | LR: 0.078104
2026-03-06 18:02:35 KST | INFO |   Train Loss: 0.1046 | Test Loss: 0.0010 | Test Acc: 91.92%
2026-03-06 18:02:35 KST | INFO |   No improvement (2/30)
2026-03-06 18:02:35 KST | INFO | 
2026-03-06 18:02:35 KST | INFO | Epoch 64/200 | LR: 0.077451
2026-03-06 18:04:23 KST | INFO |   Train Loss: 0.1028 | Test Loss: 0.0011 | Test Acc: 91.67%
2026-03-06 18:04:23 KST | INFO |   No improvement (3/30)
2026-03-06 18:04:23 KST | INFO | 
2026-03-06 18:04:23 KST | INFO | Epoch 65/200 | LR: 0.076792
2026-03-06 18:06:23 KST | INFO |   Train Loss: 0.1021 | Test Loss: 0.0010 | Test Acc: 93.08%
2026-03-06 18:06:23 KST | INFO |   No improvement (4/30)
2026-03-06 18:06:23 KST | INFO | 
2026-03-06 18:06:23 KST | INFO | Epoch 66/200 | LR: 0.076125
2026-03-06 18:08:12 KST | INFO |   Train Loss: 0.0992 | Test Loss: 0.0009 | Test Acc: 92.92%
2026-03-06 18:08:12 KST | INFO |   No improvement (5/30)
2026-03-06 18:08:12 KST | INFO | 
2026-03-06 18:08:12 KST | INFO | Epoch 67/200 | LR: 0.075452
2026-03-06 18:10:11 KST | INFO |   Train Loss: 0.1024 | Test Loss: 0.0010 | Test Acc: 92.05%
2026-03-06 18:10:11 KST | INFO |   No improvement (6/30)
2026-03-06 18:10:11 KST | INFO | 
2026-03-06 18:10:11 KST | INFO | Epoch 68/200 | LR: 0.074773
2026-03-06 18:12:00 KST | INFO |   Train Loss: 0.1015 | Test Loss: 0.0009 | Test Acc: 92.40%
2026-03-06 18:12:00 KST | INFO |   No improvement (7/30)
2026-03-06 18:12:00 KST | INFO | 
2026-03-06 18:12:00 KST | INFO | Epoch 69/200 | LR: 0.074088
2026-03-06 18:13:53 KST | INFO |   Train Loss: 0.0964 | Test Loss: 0.0009 | Test Acc: 92.85%
2026-03-06 18:13:53 KST | INFO |   No improvement (8/30)
2026-03-06 18:13:53 KST | INFO | 
2026-03-06 18:13:53 KST | INFO | Epoch 70/200 | LR: 0.073397
2026-03-06 18:15:43 KST | INFO |   Train Loss: 0.0958 | Test Loss: 0.0009 | Test Acc: 92.67%
2026-03-06 18:15:43 KST | INFO |   No improvement (9/30)
2026-03-06 18:15:43 KST | INFO | 
2026-03-06 18:15:43 KST | INFO | Epoch 71/200 | LR: 0.072700
2026-03-06 18:17:40 KST | INFO |   Train Loss: 0.0947 | Test Loss: 0.0008 | Test Acc: 93.78%
2026-03-06 18:17:40 KST | INFO |   No improvement (10/30)
2026-03-06 18:17:40 KST | INFO | 
2026-03-06 18:17:40 KST | INFO | Epoch 72/200 | LR: 0.071997
2026-03-06 18:19:40 KST | INFO |   Train Loss: 0.0902 | Test Loss: 0.0010 | Test Acc: 92.00%
2026-03-06 18:19:40 KST | INFO |   No improvement (11/30)
2026-03-06 18:19:40 KST | INFO | 
2026-03-06 18:19:40 KST | INFO | Epoch 73/200 | LR: 0.071289
2026-03-06 18:21:31 KST | INFO |   Train Loss: 0.0921 | Test Loss: 0.0009 | Test Acc: 92.67%
2026-03-06 18:21:31 KST | INFO |   No improvement (12/30)
2026-03-06 18:21:31 KST | INFO | 
2026-03-06 18:21:31 KST | INFO | Epoch 74/200 | LR: 0.070576
2026-03-06 18:23:32 KST | INFO |   Train Loss: 0.0837 | Test Loss: 0.0009 | Test Acc: 93.92%
2026-03-06 18:23:32 KST | INFO |   🏆 New best accuracy: 93.92%
2026-03-06 18:23:32 KST | INFO | 
2026-03-06 18:23:32 KST | INFO | Epoch 75/200 | LR: 0.069858
2026-03-06 18:25:18 KST | INFO |   Train Loss: 0.0845 | Test Loss: 0.0010 | Test Acc: 92.53%
2026-03-06 18:25:18 KST | INFO |   No improvement (1/30)
2026-03-06 18:25:18 KST | INFO | 
2026-03-06 18:25:18 KST | INFO | Epoch 76/200 | LR: 0.069134
2026-03-06 18:27:17 KST | INFO |   Train Loss: 0.0867 | Test Loss: 0.0010 | Test Acc: 92.75%
2026-03-06 18:27:17 KST | INFO |   No improvement (2/30)
2026-03-06 18:27:17 KST | INFO | 
2026-03-06 18:27:17 KST | INFO | Epoch 77/200 | LR: 0.068407
2026-03-06 18:29:14 KST | INFO |   Train Loss: 0.0901 | Test Loss: 0.0009 | Test Acc: 92.88%
2026-03-06 18:29:14 KST | INFO |   No improvement (3/30)
2026-03-06 18:29:14 KST | INFO | 
2026-03-06 18:29:14 KST | INFO | Epoch 78/200 | LR: 0.067674
2026-03-06 18:31:02 KST | INFO |   Train Loss: 0.0894 | Test Loss: 0.0012 | Test Acc: 91.20%
2026-03-06 18:31:02 KST | INFO |   No improvement (4/30)
2026-03-06 18:31:02 KST | INFO | 
2026-03-06 18:31:02 KST | INFO | Epoch 79/200 | LR: 0.066937
2026-03-06 18:33:05 KST | INFO |   Train Loss: 0.0844 | Test Loss: 0.0009 | Test Acc: 92.85%
2026-03-06 18:33:05 KST | INFO |   No improvement (5/30)
2026-03-06 18:33:05 KST | INFO | 
2026-03-06 18:33:05 KST | INFO | Epoch 80/200 | LR: 0.066196
2026-03-06 18:34:59 KST | INFO |   Train Loss: 0.0826 | Test Loss: 0.0010 | Test Acc: 93.03%
2026-03-06 18:34:59 KST | INFO |   No improvement (6/30)
2026-03-06 18:34:59 KST | INFO | 
2026-03-06 18:34:59 KST | INFO | Epoch 81/200 | LR: 0.065451
2026-03-06 18:36:51 KST | INFO |   Train Loss: 0.0830 | Test Loss: 0.0011 | Test Acc: 92.00%
2026-03-06 18:36:51 KST | INFO |   No improvement (7/30)
2026-03-06 18:36:51 KST | INFO | 
2026-03-06 18:36:51 KST | INFO | Epoch 82/200 | LR: 0.064702
2026-03-06 18:38:49 KST | INFO |   Train Loss: 0.0809 | Test Loss: 0.0011 | Test Acc: 91.42%
2026-03-06 18:38:49 KST | INFO |   No improvement (8/30)
2026-03-06 18:38:49 KST | INFO | 
2026-03-06 18:38:49 KST | INFO | Epoch 83/200 | LR: 0.063950
2026-03-06 18:40:47 KST | INFO |   Train Loss: 0.0799 | Test Loss: 0.0009 | Test Acc: 92.90%
2026-03-06 18:40:47 KST | INFO |   No improvement (9/30)
2026-03-06 18:40:47 KST | INFO | 
2026-03-06 18:40:47 KST | INFO | Epoch 84/200 | LR: 0.063194
2026-03-06 18:42:49 KST | INFO |   Train Loss: 0.0826 | Test Loss: 0.0012 | Test Acc: 92.10%
2026-03-06 18:42:49 KST | INFO |   No improvement (10/30)
2026-03-06 18:42:49 KST | INFO | 
2026-03-06 18:42:49 KST | INFO | Epoch 85/200 | LR: 0.062435
2026-03-06 18:44:34 KST | INFO |   Train Loss: 0.0763 | Test Loss: 0.0010 | Test Acc: 92.47%
2026-03-06 18:44:34 KST | INFO |   No improvement (11/30)
2026-03-06 18:44:34 KST | INFO | 
2026-03-06 18:44:34 KST | INFO | Epoch 86/200 | LR: 0.061673
2026-03-06 18:46:32 KST | INFO |   Train Loss: 0.0702 | Test Loss: 0.0010 | Test Acc: 92.92%
2026-03-06 18:46:32 KST | INFO |   No improvement (12/30)
2026-03-06 18:46:32 KST | INFO | 
2026-03-06 18:46:32 KST | INFO | Epoch 87/200 | LR: 0.060908
2026-03-06 18:48:26 KST | INFO |   Train Loss: 0.0753 | Test Loss: 0.0009 | Test Acc: 93.58%
2026-03-06 18:48:26 KST | INFO |   No improvement (13/30)
2026-03-06 18:48:26 KST | INFO | 
2026-03-06 18:48:26 KST | INFO | Epoch 88/200 | LR: 0.060140
2026-03-06 18:50:19 KST | INFO |   Train Loss: 0.0729 | Test Loss: 0.0011 | Test Acc: 91.88%
2026-03-06 18:50:19 KST | INFO |   No improvement (14/30)
2026-03-06 18:50:19 KST | INFO | 
2026-03-06 18:50:19 KST | INFO | Epoch 89/200 | LR: 0.059369
2026-03-06 18:52:14 KST | INFO |   Train Loss: 0.0720 | Test Loss: 0.0011 | Test Acc: 92.20%
2026-03-06 18:52:14 KST | INFO |   No improvement (15/30)
2026-03-06 18:52:14 KST | INFO | 
2026-03-06 18:52:14 KST | INFO | Epoch 90/200 | LR: 0.058597
2026-03-06 18:54:04 KST | INFO |   Train Loss: 0.0725 | Test Loss: 0.0008 | Test Acc: 93.53%
2026-03-06 18:54:04 KST | INFO |   No improvement (16/30)
2026-03-06 18:54:04 KST | INFO | 
2026-03-06 18:54:04 KST | INFO | Epoch 91/200 | LR: 0.057822
2026-03-06 18:56:00 KST | INFO |   Train Loss: 0.0639 | Test Loss: 0.0010 | Test Acc: 92.78%
2026-03-06 18:56:00 KST | INFO |   No improvement (17/30)
2026-03-06 18:56:00 KST | INFO | 
2026-03-06 18:56:00 KST | INFO | Epoch 92/200 | LR: 0.057045
2026-03-06 18:57:52 KST | INFO |   Train Loss: 0.0666 | Test Loss: 0.0008 | Test Acc: 94.03%
2026-03-06 18:57:52 KST | INFO |   🏆 New best accuracy: 94.03%
2026-03-06 18:57:52 KST | INFO | 
2026-03-06 18:57:52 KST | INFO | Epoch 93/200 | LR: 0.056267
2026-03-06 18:59:50 KST | INFO |   Train Loss: 0.0681 | Test Loss: 0.0010 | Test Acc: 92.70%
2026-03-06 18:59:50 KST | INFO |   No improvement (1/30)
2026-03-06 18:59:50 KST | INFO | 
2026-03-06 18:59:50 KST | INFO | Epoch 94/200 | LR: 0.055487
2026-03-06 19:01:37 KST | INFO |   Train Loss: 0.0649 | Test Loss: 0.0012 | Test Acc: 91.67%
2026-03-06 19:01:37 KST | INFO |   No improvement (2/30)
2026-03-06 19:01:37 KST | INFO | 
2026-03-06 19:01:37 KST | INFO | Epoch 95/200 | LR: 0.054706
2026-03-06 19:03:34 KST | INFO |   Train Loss: 0.0619 | Test Loss: 0.0010 | Test Acc: 93.12%
2026-03-06 19:03:34 KST | INFO |   No improvement (3/30)
2026-03-06 19:03:34 KST | INFO | 
2026-03-06 19:03:34 KST | INFO | Epoch 96/200 | LR: 0.053923
2026-03-06 19:05:31 KST | INFO |   Train Loss: 0.0638 | Test Loss: 0.0008 | Test Acc: 93.80%
2026-03-06 19:05:31 KST | INFO |   No improvement (4/30)
2026-03-06 19:05:31 KST | INFO | 
2026-03-06 19:05:31 KST | INFO | Epoch 97/200 | LR: 0.053140
2026-03-06 19:07:19 KST | INFO |   Train Loss: 0.0597 | Test Loss: 0.0009 | Test Acc: 93.55%
2026-03-06 19:07:19 KST | INFO |   No improvement (5/30)
2026-03-06 19:07:19 KST | INFO | 
2026-03-06 19:07:19 KST | INFO | Epoch 98/200 | LR: 0.052356
2026-03-06 19:09:17 KST | INFO |   Train Loss: 0.0584 | Test Loss: 0.0010 | Test Acc: 92.97%
2026-03-06 19:09:17 KST | INFO |   No improvement (6/30)
2026-03-06 19:09:17 KST | INFO | 
2026-03-06 19:09:17 KST | INFO | Epoch 99/200 | LR: 0.051571
2026-03-06 19:11:19 KST | INFO |   Train Loss: 0.0589 | Test Loss: 0.0008 | Test Acc: 93.65%
2026-03-06 19:11:19 KST | INFO |   No improvement (7/30)
2026-03-06 19:11:19 KST | INFO | 
2026-03-06 19:11:19 KST | INFO | Epoch 100/200 | LR: 0.050786
2026-03-06 19:13:19 KST | INFO |   Train Loss: 0.0543 | Test Loss: 0.0010 | Test Acc: 92.97%
2026-03-06 19:13:19 KST | INFO |   No improvement (8/30)
2026-03-06 19:13:19 KST | INFO | 
2026-03-06 19:13:19 KST | INFO | Epoch 101/200 | LR: 0.050001
2026-03-06 19:15:20 KST | INFO |   Train Loss: 0.0585 | Test Loss: 0.0009 | Test Acc: 93.70%
2026-03-06 19:15:20 KST | INFO |   No improvement (9/30)
2026-03-06 19:15:20 KST | INFO | 
2026-03-06 19:15:20 KST | INFO | Epoch 102/200 | LR: 0.049215
2026-03-06 19:17:23 KST | INFO |   Train Loss: 0.0535 | Test Loss: 0.0011 | Test Acc: 92.88%
2026-03-06 19:17:23 KST | INFO |   No improvement (10/30)
2026-03-06 19:17:23 KST | INFO | 
2026-03-06 19:17:23 KST | INFO | Epoch 103/200 | LR: 0.048430
2026-03-06 19:19:34 KST | INFO |   Train Loss: 0.0504 | Test Loss: 0.0009 | Test Acc: 93.78%
2026-03-06 19:19:34 KST | INFO |   No improvement (11/30)
2026-03-06 19:19:34 KST | INFO | 
2026-03-06 19:19:34 KST | INFO | Epoch 104/200 | LR: 0.047645
2026-03-06 19:21:39 KST | INFO |   Train Loss: 0.0569 | Test Loss: 0.0008 | Test Acc: 94.05%
2026-03-06 19:21:39 KST | INFO |   🏆 New best accuracy: 94.05%
2026-03-06 19:21:39 KST | INFO | 
2026-03-06 19:21:39 KST | INFO | Epoch 105/200 | LR: 0.046861
2026-03-06 19:23:49 KST | INFO |   Train Loss: 0.0459 | Test Loss: 0.0009 | Test Acc: 93.17%
2026-03-06 19:23:49 KST | INFO |   No improvement (1/30)
2026-03-06 19:23:49 KST | INFO | 
2026-03-06 19:23:49 KST | INFO | Epoch 106/200 | LR: 0.046078
2026-03-06 19:25:59 KST | INFO |   Train Loss: 0.0520 | Test Loss: 0.0010 | Test Acc: 93.12%
2026-03-06 19:25:59 KST | INFO |   No improvement (2/30)
2026-03-06 19:25:59 KST | INFO | 
2026-03-06 19:25:59 KST | INFO | Epoch 107/200 | LR: 0.045295
2026-03-06 19:28:08 KST | INFO |   Train Loss: 0.0479 | Test Loss: 0.0009 | Test Acc: 93.65%
2026-03-06 19:28:08 KST | INFO |   No improvement (3/30)
2026-03-06 19:28:08 KST | INFO | 
2026-03-06 19:28:08 KST | INFO | Epoch 108/200 | LR: 0.044514
2026-03-06 19:30:18 KST | INFO |   Train Loss: 0.0513 | Test Loss: 0.0009 | Test Acc: 93.88%
2026-03-06 19:30:18 KST | INFO |   No improvement (4/30)
2026-03-06 19:30:18 KST | INFO | 
2026-03-06 19:30:18 KST | INFO | Epoch 109/200 | LR: 0.043734
2026-03-06 19:32:19 KST | INFO |   Train Loss: 0.0482 | Test Loss: 0.0009 | Test Acc: 93.62%
2026-03-06 19:32:19 KST | INFO |   No improvement (5/30)
2026-03-06 19:32:19 KST | INFO | 
2026-03-06 19:32:19 KST | INFO | Epoch 110/200 | LR: 0.042956
2026-03-06 19:34:20 KST | INFO |   Train Loss: 0.0440 | Test Loss: 0.0009 | Test Acc: 93.90%
2026-03-06 19:34:20 KST | INFO |   No improvement (6/30)
2026-03-06 19:34:20 KST | INFO | 
2026-03-06 19:34:20 KST | INFO | Epoch 111/200 | LR: 0.042179
2026-03-06 19:36:23 KST | INFO |   Train Loss: 0.0426 | Test Loss: 0.0008 | Test Acc: 94.60%
2026-03-06 19:36:23 KST | INFO |   🏆 New best accuracy: 94.60%
2026-03-06 19:36:23 KST | INFO | 
2026-03-06 19:36:23 KST | INFO | Epoch 112/200 | LR: 0.041404
2026-03-06 19:38:19 KST | INFO |   Train Loss: 0.0401 | Test Loss: 0.0008 | Test Acc: 94.00%
2026-03-06 19:38:19 KST | INFO |   No improvement (1/30)
2026-03-06 19:38:19 KST | INFO | 
2026-03-06 19:38:19 KST | INFO | Epoch 113/200 | LR: 0.040632
2026-03-06 19:40:11 KST | INFO |   Train Loss: 0.0436 | Test Loss: 0.0011 | Test Acc: 93.00%
2026-03-06 19:40:11 KST | INFO |   No improvement (2/30)
2026-03-06 19:40:11 KST | INFO | 
2026-03-06 19:40:11 KST | INFO | Epoch 114/200 | LR: 0.039861
2026-03-06 19:42:09 KST | INFO |   Train Loss: 0.0380 | Test Loss: 0.0009 | Test Acc: 93.80%
2026-03-06 19:42:09 KST | INFO |   No improvement (3/30)
2026-03-06 19:42:09 KST | INFO | 
2026-03-06 19:42:09 KST | INFO | Epoch 115/200 | LR: 0.039093
2026-03-06 19:44:00 KST | INFO |   Train Loss: 0.0405 | Test Loss: 0.0009 | Test Acc: 94.15%
2026-03-06 19:44:00 KST | INFO |   No improvement (4/30)
2026-03-06 19:44:00 KST | INFO | 
2026-03-06 19:44:00 KST | INFO | Epoch 116/200 | LR: 0.038328
2026-03-06 19:45:49 KST | INFO |   Train Loss: 0.0404 | Test Loss: 0.0009 | Test Acc: 93.65%
2026-03-06 19:45:49 KST | INFO |   No improvement (5/30)
2026-03-06 19:45:49 KST | INFO | 
2026-03-06 19:45:49 KST | INFO | Epoch 117/200 | LR: 0.037566
2026-03-06 19:47:39 KST | INFO |   Train Loss: 0.0376 | Test Loss: 0.0010 | Test Acc: 93.47%
2026-03-06 19:47:39 KST | INFO |   No improvement (6/30)
2026-03-06 19:47:39 KST | INFO | 
2026-03-06 19:47:39 KST | INFO | Epoch 118/200 | LR: 0.036807
2026-03-06 19:49:30 KST | INFO |   Train Loss: 0.0413 | Test Loss: 0.0009 | Test Acc: 94.42%
2026-03-06 19:49:30 KST | INFO |   No improvement (7/30)
2026-03-06 19:49:30 KST | INFO | 
2026-03-06 19:49:30 KST | INFO | Epoch 119/200 | LR: 0.036051
2026-03-06 19:51:30 KST | INFO |   Train Loss: 0.0397 | Test Loss: 0.0009 | Test Acc: 93.97%
2026-03-06 19:51:30 KST | INFO |   No improvement (8/30)
2026-03-06 19:51:30 KST | INFO | 
2026-03-06 19:51:30 KST | INFO | Epoch 120/200 | LR: 0.035299
2026-03-06 19:53:21 KST | INFO |   Train Loss: 0.0360 | Test Loss: 0.0010 | Test Acc: 93.10%
2026-03-06 19:53:21 KST | INFO |   No improvement (9/30)
2026-03-06 19:53:21 KST | INFO | 
2026-03-06 19:53:21 KST | INFO | Epoch 121/200 | LR: 0.034550
2026-03-06 19:55:15 KST | INFO |   Train Loss: 0.0357 | Test Loss: 0.0009 | Test Acc: 94.00%
2026-03-06 19:55:15 KST | INFO |   No improvement (10/30)
2026-03-06 19:55:15 KST | INFO | 
2026-03-06 19:55:15 KST | INFO | Epoch 122/200 | LR: 0.033805
2026-03-06 19:56:58 KST | INFO |   Train Loss: 0.0313 | Test Loss: 0.0010 | Test Acc: 93.72%
2026-03-06 19:56:58 KST | INFO |   No improvement (11/30)
2026-03-06 19:56:58 KST | INFO | 
2026-03-06 19:56:58 KST | INFO | Epoch 123/200 | LR: 0.033064
2026-03-06 19:58:53 KST | INFO |   Train Loss: 0.0313 | Test Loss: 0.0009 | Test Acc: 94.35%
2026-03-06 19:58:53 KST | INFO |   No improvement (12/30)
2026-03-06 19:58:53 KST | INFO | 
2026-03-06 19:58:53 KST | INFO | Epoch 124/200 | LR: 0.032327
2026-03-06 20:00:44 KST | INFO |   Train Loss: 0.0320 | Test Loss: 0.0009 | Test Acc: 94.33%
2026-03-06 20:00:44 KST | INFO |   No improvement (13/30)
2026-03-06 20:00:44 KST | INFO | 
2026-03-06 20:00:44 KST | INFO | Epoch 125/200 | LR: 0.031594
2026-03-06 20:02:32 KST | INFO |   Train Loss: 0.0334 | Test Loss: 0.0009 | Test Acc: 94.00%
2026-03-06 20:02:32 KST | INFO |   No improvement (14/30)
2026-03-06 20:02:32 KST | INFO | 
2026-03-06 20:02:32 KST | INFO | Epoch 126/200 | LR: 0.030867
2026-03-06 20:04:25 KST | INFO |   Train Loss: 0.0269 | Test Loss: 0.0009 | Test Acc: 93.60%
2026-03-06 20:04:25 KST | INFO |   No improvement (15/30)
2026-03-06 20:04:25 KST | INFO | 
2026-03-06 20:04:25 KST | INFO | Epoch 127/200 | LR: 0.030143
2026-03-06 20:06:16 KST | INFO |   Train Loss: 0.0243 | Test Loss: 0.0009 | Test Acc: 94.25%
2026-03-06 20:06:16 KST | INFO |   No improvement (16/30)
2026-03-06 20:06:16 KST | INFO | 
2026-03-06 20:06:16 KST | INFO | Epoch 128/200 | LR: 0.029425
2026-03-06 20:08:02 KST | INFO |   Train Loss: 0.0283 | Test Loss: 0.0008 | Test Acc: 94.53%
2026-03-06 20:08:02 KST | INFO |   No improvement (17/30)
2026-03-06 20:08:02 KST | INFO | 
2026-03-06 20:08:02 KST | INFO | Epoch 129/200 | LR: 0.028712
2026-03-06 20:09:50 KST | INFO |   Train Loss: 0.0249 | Test Loss: 0.0009 | Test Acc: 93.72%
2026-03-06 20:09:50 KST | INFO |   No improvement (18/30)
2026-03-06 20:09:50 KST | INFO | 
2026-03-06 20:09:50 KST | INFO | Epoch 130/200 | LR: 0.028004
2026-03-06 20:11:38 KST | INFO |   Train Loss: 0.0268 | Test Loss: 0.0009 | Test Acc: 94.10%
2026-03-06 20:11:38 KST | INFO |   No improvement (19/30)
2026-03-06 20:11:38 KST | INFO | 
2026-03-06 20:11:38 KST | INFO | Epoch 131/200 | LR: 0.027301
2026-03-06 20:13:27 KST | INFO |   Train Loss: 0.0247 | Test Loss: 0.0011 | Test Acc: 93.67%
2026-03-06 20:13:27 KST | INFO |   No improvement (20/30)
2026-03-06 20:13:27 KST | INFO | 
2026-03-06 20:13:27 KST | INFO | Epoch 132/200 | LR: 0.026604
2026-03-06 20:15:19 KST | INFO |   Train Loss: 0.0250 | Test Loss: 0.0010 | Test Acc: 93.70%
2026-03-06 20:15:19 KST | INFO |   No improvement (21/30)
2026-03-06 20:15:19 KST | INFO | 
2026-03-06 20:15:19 KST | INFO | Epoch 133/200 | LR: 0.025913
2026-03-06 20:17:08 KST | INFO |   Train Loss: 0.0215 | Test Loss: 0.0008 | Test Acc: 94.72%
2026-03-06 20:17:08 KST | INFO |   🏆 New best accuracy: 94.72%
2026-03-06 20:17:08 KST | INFO | 
2026-03-06 20:17:08 KST | INFO | Epoch 134/200 | LR: 0.025228
2026-03-06 20:18:57 KST | INFO |   Train Loss: 0.0220 | Test Loss: 0.0009 | Test Acc: 94.30%
2026-03-06 20:18:57 KST | INFO |   No improvement (1/30)
2026-03-06 20:18:57 KST | INFO | 
2026-03-06 20:18:57 KST | INFO | Epoch 135/200 | LR: 0.024549
2026-03-06 20:20:55 KST | INFO |   Train Loss: 0.0223 | Test Loss: 0.0009 | Test Acc: 93.97%
2026-03-06 20:20:55 KST | INFO |   No improvement (2/30)
2026-03-06 20:20:55 KST | INFO | 
2026-03-06 20:20:55 KST | INFO | Epoch 136/200 | LR: 0.023876
2026-03-06 20:22:42 KST | INFO |   Train Loss: 0.0203 | Test Loss: 0.0008 | Test Acc: 94.75%
2026-03-06 20:22:42 KST | INFO |   🏆 New best accuracy: 94.75%
2026-03-06 20:22:42 KST | INFO | 
2026-03-06 20:22:42 KST | INFO | Epoch 137/200 | LR: 0.023209
2026-03-06 20:24:35 KST | INFO |   Train Loss: 0.0187 | Test Loss: 0.0009 | Test Acc: 94.53%
2026-03-06 20:24:35 KST | INFO |   No improvement (1/30)
2026-03-06 20:24:35 KST | INFO | 
2026-03-06 20:24:35 KST | INFO | Epoch 138/200 | LR: 0.022550
2026-03-06 20:26:23 KST | INFO |   Train Loss: 0.0190 | Test Loss: 0.0011 | Test Acc: 93.90%
2026-03-06 20:26:23 KST | INFO |   No improvement (2/30)
2026-03-06 20:26:23 KST | INFO | 
2026-03-06 20:26:23 KST | INFO | Epoch 139/200 | LR: 0.021897
2026-03-06 20:28:16 KST | INFO |   Train Loss: 0.0194 | Test Loss: 0.0009 | Test Acc: 94.33%
2026-03-06 20:28:16 KST | INFO |   No improvement (3/30)
2026-03-06 20:28:16 KST | INFO | 
2026-03-06 20:28:16 KST | INFO | Epoch 140/200 | LR: 0.021251
2026-03-06 20:30:07 KST | INFO |   Train Loss: 0.0189 | Test Loss: 0.0010 | Test Acc: 94.12%
2026-03-06 20:30:07 KST | INFO |   No improvement (4/30)
2026-03-06 20:30:07 KST | INFO | 
2026-03-06 20:30:07 KST | INFO | Epoch 141/200 | LR: 0.020612
2026-03-06 20:31:53 KST | INFO |   Train Loss: 0.0171 | Test Loss: 0.0009 | Test Acc: 94.33%
2026-03-06 20:31:53 KST | INFO |   No improvement (5/30)
2026-03-06 20:31:53 KST | INFO | 
2026-03-06 20:31:53 KST | INFO | Epoch 142/200 | LR: 0.019980
2026-03-06 20:33:40 KST | INFO |   Train Loss: 0.0190 | Test Loss: 0.0009 | Test Acc: 94.10%
2026-03-06 20:33:40 KST | INFO |   No improvement (6/30)
2026-03-06 20:33:40 KST | INFO | 
2026-03-06 20:33:40 KST | INFO | Epoch 143/200 | LR: 0.019355
2026-03-06 20:35:30 KST | INFO |   Train Loss: 0.0186 | Test Loss: 0.0009 | Test Acc: 94.15%
2026-03-06 20:35:30 KST | INFO |   No improvement (7/30)
2026-03-06 20:35:30 KST | INFO | 
2026-03-06 20:35:30 KST | INFO | Epoch 144/200 | LR: 0.018739
2026-03-06 20:37:24 KST | INFO |   Train Loss: 0.0152 | Test Loss: 0.0009 | Test Acc: 94.00%
2026-03-06 20:37:24 KST | INFO |   No improvement (8/30)
2026-03-06 20:37:24 KST | INFO | 
2026-03-06 20:37:24 KST | INFO | Epoch 145/200 | LR: 0.018130
2026-03-06 20:39:14 KST | INFO |   Train Loss: 0.0144 | Test Loss: 0.0008 | Test Acc: 94.85%
2026-03-06 20:39:14 KST | INFO |   🏆 New best accuracy: 94.85%
2026-03-06 20:39:14 KST | INFO | 
2026-03-06 20:39:14 KST | INFO | Epoch 146/200 | LR: 0.017528
2026-03-06 20:41:11 KST | INFO |   Train Loss: 0.0127 | Test Loss: 0.0010 | Test Acc: 93.83%
2026-03-06 20:41:11 KST | INFO |   No improvement (1/30)
2026-03-06 20:41:11 KST | INFO | 
2026-03-06 20:41:11 KST | INFO | Epoch 147/200 | LR: 0.016935
2026-03-06 20:42:55 KST | INFO |   Train Loss: 0.0131 | Test Loss: 0.0010 | Test Acc: 93.62%
2026-03-06 20:42:55 KST | INFO |   No improvement (2/30)
2026-03-06 20:42:55 KST | INFO | 
2026-03-06 20:42:55 KST | INFO | Epoch 148/200 | LR: 0.016350
2026-03-06 20:44:46 KST | INFO |   Train Loss: 0.0136 | Test Loss: 0.0010 | Test Acc: 93.97%
2026-03-06 20:44:46 KST | INFO |   No improvement (3/30)
2026-03-06 20:44:46 KST | INFO | 
2026-03-06 20:44:46 KST | INFO | Epoch 149/200 | LR: 0.015773
2026-03-06 20:46:35 KST | INFO |   Train Loss: 0.0122 | Test Loss: 0.0008 | Test Acc: 94.47%
2026-03-06 20:46:35 KST | INFO |   No improvement (4/30)
2026-03-06 20:46:35 KST | INFO | 
2026-03-06 20:46:35 KST | INFO | Epoch 150/200 | LR: 0.015205
2026-03-06 20:48:29 KST | INFO |   Train Loss: 0.0120 | Test Loss: 0.0009 | Test Acc: 94.55%
2026-03-06 20:48:29 KST | INFO |   No improvement (5/30)
2026-03-06 20:48:29 KST | INFO | 
2026-03-06 20:48:29 KST | INFO | Epoch 151/200 | LR: 0.014646
2026-03-06 20:50:21 KST | INFO |   Train Loss: 0.0130 | Test Loss: 0.0008 | Test Acc: 94.53%
2026-03-06 20:50:21 KST | INFO |   No improvement (6/30)
2026-03-06 20:50:21 KST | INFO | 
2026-03-06 20:50:21 KST | INFO | Epoch 152/200 | LR: 0.014095
2026-03-06 20:52:06 KST | INFO |   Train Loss: 0.0124 | Test Loss: 0.0009 | Test Acc: 94.45%
2026-03-06 20:52:06 KST | INFO |   No improvement (7/30)
2026-03-06 20:52:06 KST | INFO | 
2026-03-06 20:52:06 KST | INFO | Epoch 153/200 | LR: 0.013552
2026-03-06 20:53:55 KST | INFO |   Train Loss: 0.0091 | Test Loss: 0.0009 | Test Acc: 94.45%
2026-03-06 20:53:55 KST | INFO |   No improvement (8/30)
2026-03-06 20:53:55 KST | INFO | 
2026-03-06 20:53:55 KST | INFO | Epoch 154/200 | LR: 0.013019
2026-03-06 20:55:44 KST | INFO |   Train Loss: 0.0123 | Test Loss: 0.0008 | Test Acc: 94.55%
2026-03-06 20:55:44 KST | INFO |   No improvement (9/30)
2026-03-06 20:55:44 KST | INFO | 
2026-03-06 20:55:44 KST | INFO | Epoch 155/200 | LR: 0.012495
2026-03-06 20:57:37 KST | INFO |   Train Loss: 0.0109 | Test Loss: 0.0009 | Test Acc: 94.35%
2026-03-06 20:57:37 KST | INFO |   No improvement (10/30)
2026-03-06 20:57:37 KST | INFO | 
2026-03-06 20:57:37 KST | INFO | Epoch 156/200 | LR: 0.011981
2026-03-06 20:59:20 KST | INFO |   Train Loss: 0.0100 | Test Loss: 0.0009 | Test Acc: 94.65%
2026-03-06 20:59:20 KST | INFO |   No improvement (11/30)
2026-03-06 20:59:20 KST | INFO | 
2026-03-06 20:59:20 KST | INFO | Epoch 157/200 | LR: 0.011475
2026-03-06 21:01:16 KST | INFO |   Train Loss: 0.0092 | Test Loss: 0.0008 | Test Acc: 94.80%
2026-03-06 21:01:16 KST | INFO |   No improvement (12/30)
2026-03-06 21:01:16 KST | INFO | 
2026-03-06 21:01:16 KST | INFO | Epoch 158/200 | LR: 0.010979
2026-03-06 21:03:00 KST | INFO |   Train Loss: 0.0103 | Test Loss: 0.0009 | Test Acc: 94.75%
2026-03-06 21:03:00 KST | INFO |   No improvement (13/30)
2026-03-06 21:03:00 KST | INFO | 
2026-03-06 21:03:00 KST | INFO | Epoch 159/200 | LR: 0.010493
2026-03-06 21:04:54 KST | INFO |   Train Loss: 0.0083 | Test Loss: 0.0010 | Test Acc: 93.65%
2026-03-06 21:04:54 KST | INFO |   No improvement (14/30)
2026-03-06 21:04:54 KST | INFO | 
2026-03-06 21:04:54 KST | INFO | Epoch 160/200 | LR: 0.010017
2026-03-06 21:06:47 KST | INFO |   Train Loss: 0.0069 | Test Loss: 0.0008 | Test Acc: 94.75%
2026-03-06 21:06:47 KST | INFO |   No improvement (15/30)
2026-03-06 21:06:47 KST | INFO | 
2026-03-06 21:06:47 KST | INFO | Epoch 161/200 | LR: 0.009550
2026-03-06 21:08:37 KST | INFO |   Train Loss: 0.0094 | Test Loss: 0.0008 | Test Acc: 94.78%
2026-03-06 21:08:37 KST | INFO |   No improvement (16/30)
2026-03-06 21:08:37 KST | INFO | 
2026-03-06 21:08:37 KST | INFO | Epoch 162/200 | LR: 0.009093
2026-03-06 21:10:24 KST | INFO |   Train Loss: 0.0076 | Test Loss: 0.0008 | Test Acc: 94.65%
2026-03-06 21:10:24 KST | INFO |   No improvement (17/30)
2026-03-06 21:10:24 KST | INFO | 
2026-03-06 21:10:24 KST | INFO | Epoch 163/200 | LR: 0.008647
2026-03-06 21:12:17 KST | INFO |   Train Loss: 0.0076 | Test Loss: 0.0008 | Test Acc: 94.70%
2026-03-06 21:12:17 KST | INFO |   No improvement (18/30)
2026-03-06 21:12:17 KST | INFO | 
2026-03-06 21:12:17 KST | INFO | Epoch 164/200 | LR: 0.008211
2026-03-06 21:14:02 KST | INFO |   Train Loss: 0.0079 | Test Loss: 0.0008 | Test Acc: 94.83%
2026-03-06 21:14:02 KST | INFO |   No improvement (19/30)
2026-03-06 21:14:02 KST | INFO | 
2026-03-06 21:14:02 KST | INFO | Epoch 165/200 | LR: 0.007785
2026-03-06 21:15:59 KST | INFO |   Train Loss: 0.0075 | Test Loss: 0.0009 | Test Acc: 94.08%
2026-03-06 21:15:59 KST | INFO |   No improvement (20/30)
2026-03-06 21:15:59 KST | INFO | 
2026-03-06 21:15:59 KST | INFO | Epoch 166/200 | LR: 0.007369
2026-03-06 21:17:42 KST | INFO |   Train Loss: 0.0074 | Test Loss: 0.0008 | Test Acc: 94.38%
2026-03-06 21:17:42 KST | INFO |   No improvement (21/30)
2026-03-06 21:17:42 KST | INFO | 
2026-03-06 21:17:42 KST | INFO | Epoch 167/200 | LR: 0.006964
2026-03-06 21:19:40 KST | INFO |   Train Loss: 0.0068 | Test Loss: 0.0008 | Test Acc: 94.53%
2026-03-06 21:19:40 KST | INFO |   No improvement (22/30)
2026-03-06 21:19:40 KST | INFO | 
2026-03-06 21:19:40 KST | INFO | Epoch 168/200 | LR: 0.006569
2026-03-06 21:21:31 KST | INFO |   Train Loss: 0.0064 | Test Loss: 0.0009 | Test Acc: 94.70%
2026-03-06 21:21:31 KST | INFO |   No improvement (23/30)
2026-03-06 21:21:31 KST | INFO | 
2026-03-06 21:21:31 KST | INFO | Epoch 169/200 | LR: 0.006186
2026-03-06 21:23:21 KST | INFO |   Train Loss: 0.0077 | Test Loss: 0.0008 | Test Acc: 94.75%
2026-03-06 21:23:21 KST | INFO |   No improvement (24/30)
2026-03-06 21:23:21 KST | INFO | 
2026-03-06 21:23:21 KST | INFO | Epoch 170/200 | LR: 0.005813
2026-03-06 21:25:09 KST | INFO |   Train Loss: 0.0065 | Test Loss: 0.0009 | Test Acc: 94.60%
2026-03-06 21:25:09 KST | INFO |   No improvement (25/30)
2026-03-06 21:25:09 KST | INFO | 
2026-03-06 21:25:09 KST | INFO | Epoch 171/200 | LR: 0.005451
2026-03-06 21:26:56 KST | INFO |   Train Loss: 0.0061 | Test Loss: 0.0009 | Test Acc: 94.67%
2026-03-06 21:26:56 KST | INFO |   No improvement (26/30)
2026-03-06 21:26:56 KST | INFO | 
2026-03-06 21:26:56 KST | INFO | Epoch 172/200 | LR: 0.005100
2026-03-06 21:28:48 KST | INFO |   Train Loss: 0.0064 | Test Loss: 0.0008 | Test Acc: 94.83%
2026-03-06 21:28:48 KST | INFO |   No improvement (27/30)
2026-03-06 21:28:48 KST | INFO | 
2026-03-06 21:28:48 KST | INFO | Epoch 173/200 | LR: 0.004760
2026-03-06 21:30:42 KST | INFO |   Train Loss: 0.0065 | Test Loss: 0.0009 | Test Acc: 94.47%
2026-03-06 21:30:42 KST | INFO |   No improvement (28/30)
2026-03-06 21:30:42 KST | INFO | 
2026-03-06 21:30:42 KST | INFO | Epoch 174/200 | LR: 0.004431
2026-03-06 21:32:32 KST | INFO |   Train Loss: 0.0066 | Test Loss: 0.0008 | Test Acc: 94.53%
2026-03-06 21:32:32 KST | INFO |   No improvement (29/30)
2026-03-06 21:32:32 KST | INFO | 
2026-03-06 21:32:32 KST | INFO | Epoch 175/200 | LR: 0.004113
2026-03-06 21:34:23 KST | INFO |   Train Loss: 0.0054 | Test Loss: 0.0009 | Test Acc: 94.65%
2026-03-06 21:34:23 KST | INFO |   No improvement (30/30)
2026-03-06 21:34:23 KST | INFO | 
2026-03-06 21:34:23 KST | INFO | Early stopping after 30 epochs without improvement
2026-03-06 21:34:23 KST | INFO | 
2026-03-06 21:34:23 KST | INFO | ================================================================================
2026-03-06 21:34:23 KST | INFO | TRAINING COMPLETE
2026-03-06 21:34:23 KST | INFO | ================================================================================
2026-03-06 21:34:23 KST | INFO | Best accuracy:  94.85% (Epoch 145)
2026-03-06 21:34:23 KST | INFO | Final accuracy: 94.65%
2026-03-06 21:34:23 KST | INFO | ================================================================================
2026-03-06 21:34:23 KST | INFO | 
2026-03-06 21:34:23 KST | INFO | Notifying nodes of completion...
2026-03-06 21:34:24 KST | INFO | ✓ Nodes notified
2026-03-06 21:34:24 KST | INFO | 
2026-03-06 21:34:24 KST | INFO | Closing connections...
2026-03-06 21:34:24 KST | INFO | ✓ Cleanup complete
2026-03-06 21:34:24 KST | INFO | 
2026-03-06 21:34:24 KST | INFO | Full log: logs/TL++_secure_20260306_160212.log
2026-03-06 21:34:24 KST | INFO | ================================================================================
