2026-03-06 04:13:22 KST | INFO | ================================================================================
2026-03-06 04:13:22 KST | INFO | TL++ Orchestrator
2026-03-06 04:13:22 KST | INFO | ================================================================================
2026-03-06 04:13:22 KST | INFO | Log file: logs/TL++_secure_20260306_041322.log
2026-03-06 04:13:22 KST | INFO | 
2026-03-06 04:13:22 KST | INFO | --------------------------------------------------------------------------------
2026-03-06 04:13:22 KST | INFO | CONFIGURATION
2026-03-06 04:13:22 KST | INFO | --------------------------------------------------------------------------------
2026-03-06 04:13:22 KST | INFO | Secure mode:      True
2026-03-06 04:13:22 KST | INFO | Helper endpoint:  127.0.0.1:8082
2026-03-06 04:13:22 KST | INFO | Activation noise: 2.0%
2026-03-06 04:13:22 KST | INFO | Gradient noise:   10.0%
2026-03-06 04:13:22 KST | INFO | Nodes:            4
2026-03-06 04:13:22 KST | INFO | Cut layer:        3
2026-03-06 04:13:22 KST | INFO | Batch size:       128
2026-03-06 04:13:22 KST | INFO | Learning rate:    0.1
2026-03-06 04:13:22 KST | INFO | 
2026-03-06 04:13:22 KST | INFO | Computation device: cuda
2026-03-06 04:13:22 KST | INFO | Secure mode: ✓ ENABLED
2026-03-06 04:13:22 KST | INFO | 
2026-03-06 04:13:22 KST | INFO | --------------------------------------------------------------------------------
2026-03-06 04:13:22 KST | INFO | NETWORK SETUP
2026-03-06 04:13:22 KST | INFO | --------------------------------------------------------------------------------
2026-03-06 04:13:22 KST | INFO | ✓ Orchestrator listening on 127.0.0.1:8080
2026-03-06 04:13:22 KST | INFO | ✓ Helper node on 127.0.0.1:8082
2026-03-06 04:13:22 KST | INFO | 
2026-03-06 04:13:22 KST | INFO | Waiting for helper node...
2026-03-06 04:13:23 KST | INFO | ✓ Helper node connected
2026-03-06 04:13:23 KST | INFO | ✓ Noise config sent to helper (activation: 2.0%, gradient: 10.0%)
2026-03-06 04:13:23 KST | INFO | 
2026-03-06 04:13:23 KST | INFO | Waiting for 4 node(s)...
2026-03-06 04:13:28 KST | INFO |   ✓ Node 1/4 connected
2026-03-06 04:13:29 KST | INFO |   ✓ Node 2/4 connected
2026-03-06 04:13:30 KST | INFO |   ✓ Node 3/4 connected
2026-03-06 04:13:31 KST | INFO |   ✓ Node 4/4 connected
2026-03-06 04:13:31 KST | INFO | ✓ All 4 node(s) connected
2026-03-06 04:13:31 KST | INFO | 
2026-03-06 04:13:31 KST | INFO | --------------------------------------------------------------------------------
2026-03-06 04:13:31 KST | INFO | MODEL INITIALIZATION
2026-03-06 04:13:31 KST | INFO | --------------------------------------------------------------------------------
2026-03-06 04:13:31 KST | INFO | Node-side parameters: 3,243,072
2026-03-06 04:13:31 KST | INFO | 
2026-03-06 04:13:31 KST | INFO | --------------------------------------------------------------------------------
2026-03-06 04:13:31 KST | INFO | BROADCASTING CONFIGURATION
2026-03-06 04:13:31 KST | INFO | --------------------------------------------------------------------------------
2026-03-06 04:13:31 KST | INFO | ✓ Configuration broadcast to all nodes
2026-03-06 04:13:32 KST | INFO | 
2026-03-06 04:13:32 KST | INFO | Total parameters:     3,245,124
2026-03-06 04:13:32 KST | INFO | Trainable parameters: 3,245,124
2026-03-06 04:13:32 KST | INFO | 
2026-03-06 04:13:32 KST | INFO | --------------------------------------------------------------------------------
2026-03-06 04:13:32 KST | INFO | DATA LOADING
2026-03-06 04:13:32 KST | INFO | --------------------------------------------------------------------------------
2026-03-06 04:13:57 KST | INFO | ✓ Dataset information collected:
2026-03-06 04:13:57 KST | INFO |     Node 1: 5,000 samples
2026-03-06 04:13:57 KST | INFO |     Node 2: 5,000 samples
2026-03-06 04:13:57 KST | INFO |     Node 3: 5,000 samples
2026-03-06 04:13:57 KST | INFO |     Node 4: 5,000 samples
2026-03-06 04:13:57 KST | INFO |   Total training samples: 20,000
2026-03-06 04:13:57 KST | INFO | 
2026-03-06 04:14:01 KST | INFO | ✓ Test dataset loaded: 4,000 samples
2026-03-06 04:14:01 KST | INFO | 
2026-03-06 04:14:01 KST | INFO | ✓ Batch scheduler: 157 batches/epoch
2026-03-06 04:14:01 KST | INFO | 
2026-03-06 04:14:01 KST | INFO | --------------------------------------------------------------------------------
2026-03-06 04:14:01 KST | INFO | OPTIMIZATION SETUP
2026-03-06 04:14:01 KST | INFO | --------------------------------------------------------------------------------
2026-03-06 04:14:01 KST | INFO | ✓ Optimizer: SGD (lr=0.1, momentum=0.9)
2026-03-06 04:14:01 KST | INFO | ✓ Scheduler: cosine
2026-03-06 04:14:01 KST | INFO | ✓ Gradient clipping: 1.0
2026-03-06 04:14:01 KST | INFO | 
2026-03-06 04:14:01 KST | INFO | ================================================================================
2026-03-06 04:14:01 KST | INFO | Setup complete - Ready for training
2026-03-06 04:14:01 KST | INFO | ================================================================================
2026-03-06 04:14:01 KST | INFO | 
2026-03-06 04:14:01 KST | INFO | --------------------------------------------------------------------------------
2026-03-06 04:14:01 KST | INFO | TRAINING
2026-03-06 04:14:01 KST | INFO | --------------------------------------------------------------------------------
2026-03-06 04:14:01 KST | INFO | 
2026-03-06 04:14:01 KST | INFO | Epoch 1/200 | LR: 0.100000
2026-03-06 04:15:58 KST | INFO |   Train Loss: 0.9947 | Test Loss: 0.0027 | Test Acc: 73.55%
2026-03-06 04:15:58 KST | INFO |   🏆 New best accuracy: 73.55%
2026-03-06 04:15:58 KST | INFO | 
2026-03-06 04:15:58 KST | INFO | Epoch 2/200 | LR: 0.099994
2026-03-06 04:17:49 KST | INFO |   Train Loss: 0.6974 | Test Loss: 0.0027 | Test Acc: 73.05%
2026-03-06 04:17:49 KST | INFO |   No improvement (1/30)
2026-03-06 04:17:49 KST | INFO | 
2026-03-06 04:17:49 KST | INFO | Epoch 3/200 | LR: 0.099975
2026-03-06 04:19:39 KST | INFO |   Train Loss: 0.5882 | Test Loss: 0.0021 | Test Acc: 79.22%
2026-03-06 04:19:39 KST | INFO |   🏆 New best accuracy: 79.22%
2026-03-06 04:19:39 KST | INFO | 
2026-03-06 04:19:39 KST | INFO | Epoch 4/200 | LR: 0.099944
2026-03-06 04:21:29 KST | INFO |   Train Loss: 0.5125 | Test Loss: 0.0024 | Test Acc: 76.00%
2026-03-06 04:21:29 KST | INFO |   No improvement (1/30)
2026-03-06 04:21:29 KST | INFO | 
2026-03-06 04:21:29 KST | INFO | Epoch 5/200 | LR: 0.099901
2026-03-06 04:23:23 KST | INFO |   Train Loss: 0.4484 | Test Loss: 0.0019 | Test Acc: 81.88%
2026-03-06 04:23:23 KST | INFO |   🏆 New best accuracy: 81.88%
2026-03-06 04:23:23 KST | INFO | 
2026-03-06 04:23:23 KST | INFO | Epoch 6/200 | LR: 0.099846
2026-03-06 04:25:12 KST | INFO |   Train Loss: 0.4001 | Test Loss: 0.0019 | Test Acc: 82.10%
2026-03-06 04:25:12 KST | INFO |   🏆 New best accuracy: 82.10%
2026-03-06 04:25:12 KST | INFO | 
2026-03-06 04:25:12 KST | INFO | Epoch 7/200 | LR: 0.099778
2026-03-06 04:27:07 KST | INFO |   Train Loss: 0.3723 | Test Loss: 0.0015 | Test Acc: 85.92%
2026-03-06 04:27:07 KST | INFO |   🏆 New best accuracy: 85.92%
2026-03-06 04:27:07 KST | INFO | 
2026-03-06 04:27:07 KST | INFO | Epoch 8/200 | LR: 0.099698
2026-03-06 04:28:51 KST | INFO |   Train Loss: 0.3519 | Test Loss: 0.0017 | Test Acc: 84.65%
2026-03-06 04:28:51 KST | INFO |   No improvement (1/30)
2026-03-06 04:28:51 KST | INFO | 
2026-03-06 04:28:51 KST | INFO | Epoch 9/200 | LR: 0.099606
2026-03-06 04:30:37 KST | INFO |   Train Loss: 0.3232 | Test Loss: 0.0015 | Test Acc: 86.22%
2026-03-06 04:30:37 KST | INFO |   🏆 New best accuracy: 86.22%
2026-03-06 04:30:37 KST | INFO | 
2026-03-06 04:30:37 KST | INFO | Epoch 10/200 | LR: 0.099501
2026-03-06 04:32:31 KST | INFO |   Train Loss: 0.2986 | Test Loss: 0.0013 | Test Acc: 88.00%
2026-03-06 04:32:31 KST | INFO |   🏆 New best accuracy: 88.00%
2026-03-06 04:32:31 KST | INFO | 
2026-03-06 04:32:31 KST | INFO | Epoch 11/200 | LR: 0.099384
2026-03-06 04:34:21 KST | INFO |   Train Loss: 0.2923 | Test Loss: 0.0018 | Test Acc: 83.88%
2026-03-06 04:34:21 KST | INFO |   No improvement (1/30)
2026-03-06 04:34:21 KST | INFO | 
2026-03-06 04:34:21 KST | INFO | Epoch 12/200 | LR: 0.099255
2026-03-06 04:36:10 KST | INFO |   Train Loss: 0.2761 | Test Loss: 0.0014 | Test Acc: 87.58%
2026-03-06 04:36:10 KST | INFO |   No improvement (2/30)
2026-03-06 04:36:10 KST | INFO | 
2026-03-06 04:36:10 KST | INFO | Epoch 13/200 | LR: 0.099114
2026-03-06 04:37:59 KST | INFO |   Train Loss: 0.2574 | Test Loss: 0.0013 | Test Acc: 88.78%
2026-03-06 04:37:59 KST | INFO |   🏆 New best accuracy: 88.78%
2026-03-06 04:37:59 KST | INFO | 
2026-03-06 04:37:59 KST | INFO | Epoch 14/200 | LR: 0.098961
2026-03-06 04:39:55 KST | INFO |   Train Loss: 0.2576 | Test Loss: 0.0012 | Test Acc: 89.12%
2026-03-06 04:39:55 KST | INFO |   🏆 New best accuracy: 89.12%
2026-03-06 04:39:55 KST | INFO | 
2026-03-06 04:39:55 KST | INFO | Epoch 15/200 | LR: 0.098796
2026-03-06 04:41:40 KST | INFO |   Train Loss: 0.2450 | Test Loss: 0.0012 | Test Acc: 89.17%
2026-03-06 04:41:40 KST | INFO |   🏆 New best accuracy: 89.17%
2026-03-06 04:41:40 KST | INFO | 
2026-03-06 04:41:40 KST | INFO | Epoch 16/200 | LR: 0.098619
2026-03-06 04:43:23 KST | INFO |   Train Loss: 0.2342 | Test Loss: 0.0011 | Test Acc: 90.80%
2026-03-06 04:43:23 KST | INFO |   🏆 New best accuracy: 90.80%
2026-03-06 04:43:23 KST | INFO | 
2026-03-06 04:43:23 KST | INFO | Epoch 17/200 | LR: 0.098429
2026-03-06 04:45:07 KST | INFO |   Train Loss: 0.2235 | Test Loss: 0.0010 | Test Acc: 90.35%
2026-03-06 04:45:07 KST | INFO |   No improvement (1/30)
2026-03-06 04:45:07 KST | INFO | 
2026-03-06 04:45:07 KST | INFO | Epoch 18/200 | LR: 0.098228
2026-03-06 04:46:55 KST | INFO |   Train Loss: 0.2215 | Test Loss: 0.0009 | Test Acc: 90.92%
2026-03-06 04:46:55 KST | INFO |   🏆 New best accuracy: 90.92%
2026-03-06 04:46:55 KST | INFO | 
2026-03-06 04:46:55 KST | INFO | Epoch 19/200 | LR: 0.098015
2026-03-06 04:48:27 KST | INFO |   Train Loss: 0.2165 | Test Loss: 0.0011 | Test Acc: 89.45%
2026-03-06 04:48:27 KST | INFO |   No improvement (1/30)
2026-03-06 04:48:27 KST | INFO | 
2026-03-06 04:48:27 KST | INFO | Epoch 20/200 | LR: 0.097790
2026-03-06 04:50:06 KST | INFO |   Train Loss: 0.2112 | Test Loss: 0.0016 | Test Acc: 86.03%
2026-03-06 04:50:06 KST | INFO |   No improvement (2/30)
2026-03-06 04:50:06 KST | INFO | 
2026-03-06 04:50:06 KST | INFO | Epoch 21/200 | LR: 0.097553
2026-03-06 04:51:50 KST | INFO |   Train Loss: 0.2053 | Test Loss: 0.0011 | Test Acc: 89.60%
2026-03-06 04:51:50 KST | INFO |   No improvement (3/30)
2026-03-06 04:51:50 KST | INFO | 
2026-03-06 04:51:50 KST | INFO | Epoch 22/200 | LR: 0.097304
2026-03-06 04:53:37 KST | INFO |   Train Loss: 0.1960 | Test Loss: 0.0011 | Test Acc: 90.17%
2026-03-06 04:53:37 KST | INFO |   No improvement (4/30)
2026-03-06 04:53:37 KST | INFO | 
2026-03-06 04:53:37 KST | INFO | Epoch 23/200 | LR: 0.097044
2026-03-06 04:55:15 KST | INFO |   Train Loss: 0.1973 | Test Loss: 0.0010 | Test Acc: 90.83%
2026-03-06 04:55:15 KST | INFO |   No improvement (5/30)
2026-03-06 04:55:15 KST | INFO | 
2026-03-06 04:55:15 KST | INFO | Epoch 24/200 | LR: 0.096772
2026-03-06 04:57:08 KST | INFO |   Train Loss: 0.1890 | Test Loss: 0.0010 | Test Acc: 90.92%
2026-03-06 04:57:08 KST | INFO |   No improvement (6/30)
2026-03-06 04:57:08 KST | INFO | 
2026-03-06 04:57:08 KST | INFO | Epoch 25/200 | LR: 0.096489
2026-03-06 04:58:44 KST | INFO |   Train Loss: 0.1808 | Test Loss: 0.0010 | Test Acc: 91.17%
2026-03-06 04:58:44 KST | INFO |   🏆 New best accuracy: 91.17%
2026-03-06 04:58:44 KST | INFO | 
2026-03-06 04:58:44 KST | INFO | Epoch 26/200 | LR: 0.096194
2026-03-06 05:00:32 KST | INFO |   Train Loss: 0.1821 | Test Loss: 0.0010 | Test Acc: 91.15%
2026-03-06 05:00:32 KST | INFO |   No improvement (1/30)
2026-03-06 05:00:32 KST | INFO | 
2026-03-06 05:00:32 KST | INFO | Epoch 27/200 | LR: 0.095888
2026-03-06 05:02:07 KST | INFO |   Train Loss: 0.1765 | Test Loss: 0.0010 | Test Acc: 90.90%
2026-03-06 05:02:07 KST | INFO |   No improvement (2/30)
2026-03-06 05:02:07 KST | INFO | 
2026-03-06 05:02:07 KST | INFO | Epoch 28/200 | LR: 0.095570
2026-03-06 05:03:51 KST | INFO |   Train Loss: 0.1789 | Test Loss: 0.0011 | Test Acc: 90.15%
2026-03-06 05:03:51 KST | INFO |   No improvement (3/30)
2026-03-06 05:03:51 KST | INFO | 
2026-03-06 05:03:51 KST | INFO | Epoch 29/200 | LR: 0.095241
2026-03-06 05:05:28 KST | INFO |   Train Loss: 0.1756 | Test Loss: 0.0010 | Test Acc: 91.38%
2026-03-06 05:05:28 KST | INFO |   🏆 New best accuracy: 91.38%
2026-03-06 05:05:28 KST | INFO | 
2026-03-06 05:05:28 KST | INFO | Epoch 30/200 | LR: 0.094901
2026-03-06 05:07:19 KST | INFO |   Train Loss: 0.1662 | Test Loss: 0.0011 | Test Acc: 90.22%
2026-03-06 05:07:19 KST | INFO |   No improvement (1/30)
2026-03-06 05:07:19 KST | INFO | 
2026-03-06 05:07:19 KST | INFO | Epoch 31/200 | LR: 0.094550
2026-03-06 05:08:59 KST | INFO |   Train Loss: 0.1624 | Test Loss: 0.0013 | Test Acc: 89.35%
2026-03-06 05:08:59 KST | INFO |   No improvement (2/30)
2026-03-06 05:08:59 KST | INFO | 
2026-03-06 05:08:59 KST | INFO | Epoch 32/200 | LR: 0.094188
2026-03-06 05:10:45 KST | INFO |   Train Loss: 0.1640 | Test Loss: 0.0011 | Test Acc: 90.80%
2026-03-06 05:10:45 KST | INFO |   No improvement (3/30)
2026-03-06 05:10:45 KST | INFO | 
2026-03-06 05:10:45 KST | INFO | Epoch 33/200 | LR: 0.093815
2026-03-06 05:12:26 KST | INFO |   Train Loss: 0.1623 | Test Loss: 0.0013 | Test Acc: 89.42%
2026-03-06 05:12:26 KST | INFO |   No improvement (4/30)
2026-03-06 05:12:26 KST | INFO | 
2026-03-06 05:12:26 KST | INFO | Epoch 34/200 | LR: 0.093432
2026-03-06 05:14:16 KST | INFO |   Train Loss: 0.1590 | Test Loss: 0.0015 | Test Acc: 87.75%
2026-03-06 05:14:16 KST | INFO |   No improvement (5/30)
2026-03-06 05:14:16 KST | INFO | 
2026-03-06 05:14:16 KST | INFO | Epoch 35/200 | LR: 0.093037
2026-03-06 05:15:58 KST | INFO |   Train Loss: 0.1563 | Test Loss: 0.0011 | Test Acc: 90.75%
2026-03-06 05:15:58 KST | INFO |   No improvement (6/30)
2026-03-06 05:15:58 KST | INFO | 
2026-03-06 05:15:58 KST | INFO | Epoch 36/200 | LR: 0.092632
2026-03-06 05:17:40 KST | INFO |   Train Loss: 0.1573 | Test Loss: 0.0009 | Test Acc: 92.10%
2026-03-06 05:17:40 KST | INFO |   🏆 New best accuracy: 92.10%
2026-03-06 05:17:40 KST | INFO | 
2026-03-06 05:17:40 KST | INFO | Epoch 37/200 | LR: 0.092216
2026-03-06 05:19:31 KST | INFO |   Train Loss: 0.1508 | Test Loss: 0.0012 | Test Acc: 89.90%
2026-03-06 05:19:31 KST | INFO |   No improvement (1/30)
2026-03-06 05:19:31 KST | INFO | 
2026-03-06 05:19:31 KST | INFO | Epoch 38/200 | LR: 0.091790
2026-03-06 05:21:06 KST | INFO |   Train Loss: 0.1469 | Test Loss: 0.0012 | Test Acc: 89.97%
2026-03-06 05:21:06 KST | INFO |   No improvement (2/30)
2026-03-06 05:21:06 KST | INFO | 
2026-03-06 05:21:06 KST | INFO | Epoch 39/200 | LR: 0.091354
2026-03-06 05:22:55 KST | INFO |   Train Loss: 0.1402 | Test Loss: 0.0010 | Test Acc: 91.40%
2026-03-06 05:22:55 KST | INFO |   No improvement (3/30)
2026-03-06 05:22:55 KST | INFO | 
2026-03-06 05:22:55 KST | INFO | Epoch 40/200 | LR: 0.090908
2026-03-06 05:24:33 KST | INFO |   Train Loss: 0.1440 | Test Loss: 0.0012 | Test Acc: 90.58%
2026-03-06 05:24:33 KST | INFO |   No improvement (4/30)
2026-03-06 05:24:33 KST | INFO | 
2026-03-06 05:24:33 KST | INFO | Epoch 41/200 | LR: 0.090451
2026-03-06 05:26:26 KST | INFO |   Train Loss: 0.1421 | Test Loss: 0.0010 | Test Acc: 91.75%
2026-03-06 05:26:26 KST | INFO |   No improvement (5/30)
2026-03-06 05:26:26 KST | INFO | 
2026-03-06 05:26:26 KST | INFO | Epoch 42/200 | LR: 0.089984
2026-03-06 05:28:10 KST | INFO |   Train Loss: 0.1346 | Test Loss: 0.0011 | Test Acc: 91.22%
2026-03-06 05:28:10 KST | INFO |   No improvement (6/30)
2026-03-06 05:28:10 KST | INFO | 
2026-03-06 05:28:10 KST | INFO | Epoch 43/200 | LR: 0.089508
2026-03-06 05:29:55 KST | INFO |   Train Loss: 0.1392 | Test Loss: 0.0011 | Test Acc: 90.70%
2026-03-06 05:29:55 KST | INFO |   No improvement (7/30)
2026-03-06 05:29:55 KST | INFO | 
2026-03-06 05:29:55 KST | INFO | Epoch 44/200 | LR: 0.089022
2026-03-06 05:31:38 KST | INFO |   Train Loss: 0.1380 | Test Loss: 0.0012 | Test Acc: 90.45%
2026-03-06 05:31:38 KST | INFO |   No improvement (8/30)
2026-03-06 05:31:38 KST | INFO | 
2026-03-06 05:31:38 KST | INFO | Epoch 45/200 | LR: 0.088526
2026-03-06 05:33:21 KST | INFO |   Train Loss: 0.1348 | Test Loss: 0.0009 | Test Acc: 92.35%
2026-03-06 05:33:21 KST | INFO |   🏆 New best accuracy: 92.35%
2026-03-06 05:33:21 KST | INFO | 
2026-03-06 05:33:21 KST | INFO | Epoch 46/200 | LR: 0.088020
2026-03-06 05:35:05 KST | INFO |   Train Loss: 0.1315 | Test Loss: 0.0013 | Test Acc: 90.12%
2026-03-06 05:35:05 KST | INFO |   No improvement (1/30)
2026-03-06 05:35:05 KST | INFO | 
2026-03-06 05:35:05 KST | INFO | Epoch 47/200 | LR: 0.087506
2026-03-06 05:36:50 KST | INFO |   Train Loss: 0.1318 | Test Loss: 0.0015 | Test Acc: 88.75%
2026-03-06 05:36:50 KST | INFO |   No improvement (2/30)
2026-03-06 05:36:50 KST | INFO | 
2026-03-06 05:36:50 KST | INFO | Epoch 48/200 | LR: 0.086982
2026-03-06 05:38:35 KST | INFO |   Train Loss: 0.1359 | Test Loss: 0.0010 | Test Acc: 92.22%
2026-03-06 05:38:35 KST | INFO |   No improvement (3/30)
2026-03-06 05:38:35 KST | INFO | 
2026-03-06 05:38:35 KST | INFO | Epoch 49/200 | LR: 0.086449
2026-03-06 05:40:22 KST | INFO |   Train Loss: 0.1251 | Test Loss: 0.0010 | Test Acc: 91.95%
2026-03-06 05:40:22 KST | INFO |   No improvement (4/30)
2026-03-06 05:40:22 KST | INFO | 
2026-03-06 05:40:22 KST | INFO | Epoch 50/200 | LR: 0.085906
2026-03-06 05:42:07 KST | INFO |   Train Loss: 0.1269 | Test Loss: 0.0009 | Test Acc: 92.10%
2026-03-06 05:42:07 KST | INFO |   No improvement (5/30)
2026-03-06 05:42:07 KST | INFO | 
2026-03-06 05:42:07 KST | INFO | Epoch 51/200 | LR: 0.085355
2026-03-06 05:43:48 KST | INFO |   Train Loss: 0.1193 | Test Loss: 0.0010 | Test Acc: 92.03%
2026-03-06 05:43:48 KST | INFO |   No improvement (6/30)
2026-03-06 05:43:48 KST | INFO | 
2026-03-06 05:43:48 KST | INFO | Epoch 52/200 | LR: 0.084796
2026-03-06 05:45:29 KST | INFO |   Train Loss: 0.1227 | Test Loss: 0.0010 | Test Acc: 92.05%
2026-03-06 05:45:29 KST | INFO |   No improvement (7/30)
2026-03-06 05:45:29 KST | INFO | 
2026-03-06 05:45:29 KST | INFO | Epoch 53/200 | LR: 0.084228
2026-03-06 05:47:17 KST | INFO |   Train Loss: 0.1186 | Test Loss: 0.0009 | Test Acc: 92.00%
2026-03-06 05:47:17 KST | INFO |   No improvement (8/30)
2026-03-06 05:47:17 KST | INFO | 
2026-03-06 05:47:17 KST | INFO | Epoch 54/200 | LR: 0.083651
2026-03-06 05:49:01 KST | INFO |   Train Loss: 0.1201 | Test Loss: 0.0009 | Test Acc: 92.67%
2026-03-06 05:49:01 KST | INFO |   🏆 New best accuracy: 92.67%
2026-03-06 05:49:01 KST | INFO | 
2026-03-06 05:49:01 KST | INFO | Epoch 55/200 | LR: 0.083066
2026-03-06 05:50:51 KST | INFO |   Train Loss: 0.1204 | Test Loss: 0.0009 | Test Acc: 92.80%
2026-03-06 05:50:51 KST | INFO |   🏆 New best accuracy: 92.80%
2026-03-06 05:50:51 KST | INFO | 
2026-03-06 05:50:51 KST | INFO | Epoch 56/200 | LR: 0.082473
2026-03-06 05:52:41 KST | INFO |   Train Loss: 0.1168 | Test Loss: 0.0008 | Test Acc: 93.20%
2026-03-06 05:52:41 KST | INFO |   🏆 New best accuracy: 93.20%
2026-03-06 05:52:41 KST | INFO | 
2026-03-06 05:52:41 KST | INFO | Epoch 57/200 | LR: 0.081871
2026-03-06 05:54:35 KST | INFO |   Train Loss: 0.1162 | Test Loss: 0.0008 | Test Acc: 93.10%
2026-03-06 05:54:35 KST | INFO |   No improvement (1/30)
2026-03-06 05:54:35 KST | INFO | 
2026-03-06 05:54:35 KST | INFO | Epoch 58/200 | LR: 0.081262
2026-03-06 05:56:25 KST | INFO |   Train Loss: 0.1134 | Test Loss: 0.0010 | Test Acc: 92.50%
2026-03-06 05:56:25 KST | INFO |   No improvement (2/30)
2026-03-06 05:56:25 KST | INFO | 
2026-03-06 05:56:25 KST | INFO | Epoch 59/200 | LR: 0.080646
2026-03-06 05:58:13 KST | INFO |   Train Loss: 0.1209 | Test Loss: 0.0010 | Test Acc: 91.35%
2026-03-06 05:58:13 KST | INFO |   No improvement (3/30)
2026-03-06 05:58:13 KST | INFO | 
2026-03-06 05:58:13 KST | INFO | Epoch 60/200 | LR: 0.080021
2026-03-06 05:59:59 KST | INFO |   Train Loss: 0.1119 | Test Loss: 0.0008 | Test Acc: 93.20%
2026-03-06 05:59:59 KST | INFO |   No improvement (4/30)
2026-03-06 05:59:59 KST | INFO | 
2026-03-06 05:59:59 KST | INFO | Epoch 61/200 | LR: 0.079389
2026-03-06 06:01:47 KST | INFO |   Train Loss: 0.1046 | Test Loss: 0.0009 | Test Acc: 93.00%
2026-03-06 06:01:47 KST | INFO |   No improvement (5/30)
2026-03-06 06:01:47 KST | INFO | 
2026-03-06 06:01:47 KST | INFO | Epoch 62/200 | LR: 0.078750
2026-03-06 06:03:41 KST | INFO |   Train Loss: 0.1080 | Test Loss: 0.0009 | Test Acc: 92.53%
2026-03-06 06:03:41 KST | INFO |   No improvement (6/30)
2026-03-06 06:03:41 KST | INFO | 
2026-03-06 06:03:41 KST | INFO | Epoch 63/200 | LR: 0.078104
2026-03-06 06:05:25 KST | INFO |   Train Loss: 0.1108 | Test Loss: 0.0009 | Test Acc: 92.50%
2026-03-06 06:05:25 KST | INFO |   No improvement (7/30)
2026-03-06 06:05:25 KST | INFO | 
2026-03-06 06:05:25 KST | INFO | Epoch 64/200 | LR: 0.077451
2026-03-06 06:07:17 KST | INFO |   Train Loss: 0.1065 | Test Loss: 0.0009 | Test Acc: 92.50%
2026-03-06 06:07:17 KST | INFO |   No improvement (8/30)
2026-03-06 06:07:17 KST | INFO | 
2026-03-06 06:07:17 KST | INFO | Epoch 65/200 | LR: 0.076792
2026-03-06 06:09:04 KST | INFO |   Train Loss: 0.1009 | Test Loss: 0.0010 | Test Acc: 91.88%
2026-03-06 06:09:04 KST | INFO |   No improvement (9/30)
2026-03-06 06:09:04 KST | INFO | 
2026-03-06 06:09:04 KST | INFO | Epoch 66/200 | LR: 0.076125
2026-03-06 06:10:58 KST | INFO |   Train Loss: 0.1023 | Test Loss: 0.0008 | Test Acc: 93.55%
2026-03-06 06:10:58 KST | INFO |   🏆 New best accuracy: 93.55%
2026-03-06 06:10:58 KST | INFO | 
2026-03-06 06:10:58 KST | INFO | Epoch 67/200 | LR: 0.075452
2026-03-06 06:12:49 KST | INFO |   Train Loss: 0.0979 | Test Loss: 0.0010 | Test Acc: 92.17%
2026-03-06 06:12:49 KST | INFO |   No improvement (1/30)
2026-03-06 06:12:49 KST | INFO | 
2026-03-06 06:12:49 KST | INFO | Epoch 68/200 | LR: 0.074773
2026-03-06 06:14:37 KST | INFO |   Train Loss: 0.0983 | Test Loss: 0.0012 | Test Acc: 91.53%
2026-03-06 06:14:37 KST | INFO |   No improvement (2/30)
2026-03-06 06:14:37 KST | INFO | 
2026-03-06 06:14:37 KST | INFO | Epoch 69/200 | LR: 0.074088
2026-03-06 06:16:33 KST | INFO |   Train Loss: 0.1010 | Test Loss: 0.0011 | Test Acc: 90.95%
2026-03-06 06:16:33 KST | INFO |   No improvement (3/30)
2026-03-06 06:16:33 KST | INFO | 
2026-03-06 06:16:33 KST | INFO | Epoch 70/200 | LR: 0.073397
2026-03-06 06:18:22 KST | INFO |   Train Loss: 0.1023 | Test Loss: 0.0010 | Test Acc: 91.65%
2026-03-06 06:18:22 KST | INFO |   No improvement (4/30)
2026-03-06 06:18:22 KST | INFO | 
2026-03-06 06:18:22 KST | INFO | Epoch 71/200 | LR: 0.072700
2026-03-06 06:20:07 KST | INFO |   Train Loss: 0.0951 | Test Loss: 0.0010 | Test Acc: 92.50%
2026-03-06 06:20:07 KST | INFO |   No improvement (5/30)
2026-03-06 06:20:07 KST | INFO | 
2026-03-06 06:20:07 KST | INFO | Epoch 72/200 | LR: 0.071997
2026-03-06 06:21:55 KST | INFO |   Train Loss: 0.0905 | Test Loss: 0.0009 | Test Acc: 92.83%
2026-03-06 06:21:55 KST | INFO |   No improvement (6/30)
2026-03-06 06:21:55 KST | INFO | 
2026-03-06 06:21:55 KST | INFO | Epoch 73/200 | LR: 0.071289
2026-03-06 06:23:45 KST | INFO |   Train Loss: 0.0898 | Test Loss: 0.0011 | Test Acc: 91.45%
2026-03-06 06:23:45 KST | INFO |   No improvement (7/30)
2026-03-06 06:23:45 KST | INFO | 
2026-03-06 06:23:45 KST | INFO | Epoch 74/200 | LR: 0.070576
2026-03-06 06:25:42 KST | INFO |   Train Loss: 0.0956 | Test Loss: 0.0010 | Test Acc: 92.33%
2026-03-06 06:25:42 KST | INFO |   No improvement (8/30)
2026-03-06 06:25:42 KST | INFO | 
2026-03-06 06:25:42 KST | INFO | Epoch 75/200 | LR: 0.069858
2026-03-06 06:27:27 KST | INFO |   Train Loss: 0.0924 | Test Loss: 0.0009 | Test Acc: 92.40%
2026-03-06 06:27:27 KST | INFO |   No improvement (9/30)
2026-03-06 06:27:27 KST | INFO | 
2026-03-06 06:27:27 KST | INFO | Epoch 76/200 | LR: 0.069134
2026-03-06 06:29:19 KST | INFO |   Train Loss: 0.0933 | Test Loss: 0.0010 | Test Acc: 92.17%
2026-03-06 06:29:19 KST | INFO |   No improvement (10/30)
2026-03-06 06:29:19 KST | INFO | 
2026-03-06 06:29:19 KST | INFO | Epoch 77/200 | LR: 0.068407
2026-03-06 06:31:07 KST | INFO |   Train Loss: 0.0913 | Test Loss: 0.0011 | Test Acc: 91.25%
2026-03-06 06:31:07 KST | INFO |   No improvement (11/30)
2026-03-06 06:31:07 KST | INFO | 
2026-03-06 06:31:07 KST | INFO | Epoch 78/200 | LR: 0.067674
2026-03-06 06:32:59 KST | INFO |   Train Loss: 0.0848 | Test Loss: 0.0009 | Test Acc: 93.40%
2026-03-06 06:32:59 KST | INFO |   No improvement (12/30)
2026-03-06 06:32:59 KST | INFO | 
2026-03-06 06:32:59 KST | INFO | Epoch 79/200 | LR: 0.066937
2026-03-06 06:34:51 KST | INFO |   Train Loss: 0.0839 | Test Loss: 0.0009 | Test Acc: 93.17%
2026-03-06 06:34:51 KST | INFO |   No improvement (13/30)
2026-03-06 06:34:51 KST | INFO | 
2026-03-06 06:34:51 KST | INFO | Epoch 80/200 | LR: 0.066196
2026-03-06 06:36:36 KST | INFO |   Train Loss: 0.0861 | Test Loss: 0.0009 | Test Acc: 92.75%
2026-03-06 06:36:36 KST | INFO |   No improvement (14/30)
2026-03-06 06:36:36 KST | INFO | 
2026-03-06 06:36:36 KST | INFO | Epoch 81/200 | LR: 0.065451
2026-03-06 06:38:31 KST | INFO |   Train Loss: 0.0831 | Test Loss: 0.0009 | Test Acc: 93.28%
2026-03-06 06:38:31 KST | INFO |   No improvement (15/30)
2026-03-06 06:38:31 KST | INFO | 
2026-03-06 06:38:31 KST | INFO | Epoch 82/200 | LR: 0.064702
2026-03-06 06:40:22 KST | INFO |   Train Loss: 0.0792 | Test Loss: 0.0008 | Test Acc: 93.17%
2026-03-06 06:40:22 KST | INFO |   No improvement (16/30)
2026-03-06 06:40:22 KST | INFO | 
2026-03-06 06:40:22 KST | INFO | Epoch 83/200 | LR: 0.063950
2026-03-06 06:42:14 KST | INFO |   Train Loss: 0.0797 | Test Loss: 0.0012 | Test Acc: 90.62%
2026-03-06 06:42:14 KST | INFO |   No improvement (17/30)
2026-03-06 06:42:14 KST | INFO | 
2026-03-06 06:42:14 KST | INFO | Epoch 84/200 | LR: 0.063194
2026-03-06 06:44:06 KST | INFO |   Train Loss: 0.0791 | Test Loss: 0.0008 | Test Acc: 93.53%
2026-03-06 06:44:06 KST | INFO |   No improvement (18/30)
2026-03-06 06:44:06 KST | INFO | 
2026-03-06 06:44:06 KST | INFO | Epoch 85/200 | LR: 0.062435
2026-03-06 06:45:57 KST | INFO |   Train Loss: 0.0733 | Test Loss: 0.0009 | Test Acc: 92.97%
2026-03-06 06:45:57 KST | INFO |   No improvement (19/30)
2026-03-06 06:45:57 KST | INFO | 
2026-03-06 06:45:57 KST | INFO | Epoch 86/200 | LR: 0.061673
2026-03-06 06:47:58 KST | INFO |   Train Loss: 0.0722 | Test Loss: 0.0011 | Test Acc: 91.62%
2026-03-06 06:47:58 KST | INFO |   No improvement (20/30)
2026-03-06 06:47:58 KST | INFO | 
2026-03-06 06:47:58 KST | INFO | Epoch 87/200 | LR: 0.060908
2026-03-06 06:49:45 KST | INFO |   Train Loss: 0.0723 | Test Loss: 0.0009 | Test Acc: 93.05%
2026-03-06 06:49:45 KST | INFO |   No improvement (21/30)
2026-03-06 06:49:45 KST | INFO | 
2026-03-06 06:49:45 KST | INFO | Epoch 88/200 | LR: 0.060140
2026-03-06 06:51:41 KST | INFO |   Train Loss: 0.0694 | Test Loss: 0.0008 | Test Acc: 93.72%
2026-03-06 06:51:41 KST | INFO |   🏆 New best accuracy: 93.72%
2026-03-06 06:51:41 KST | INFO | 
2026-03-06 06:51:41 KST | INFO | Epoch 89/200 | LR: 0.059369
2026-03-06 06:53:30 KST | INFO |   Train Loss: 0.0712 | Test Loss: 0.0008 | Test Acc: 93.70%
2026-03-06 06:53:30 KST | INFO |   No improvement (1/30)
2026-03-06 06:53:30 KST | INFO | 
2026-03-06 06:53:30 KST | INFO | Epoch 90/200 | LR: 0.058597
2026-03-06 06:55:28 KST | INFO |   Train Loss: 0.0702 | Test Loss: 0.0011 | Test Acc: 92.03%
2026-03-06 06:55:28 KST | INFO |   No improvement (2/30)
2026-03-06 06:55:28 KST | INFO | 
2026-03-06 06:55:28 KST | INFO | Epoch 91/200 | LR: 0.057822
2026-03-06 06:57:25 KST | INFO |   Train Loss: 0.0699 | Test Loss: 0.0008 | Test Acc: 93.28%
2026-03-06 06:57:25 KST | INFO |   No improvement (3/30)
2026-03-06 06:57:25 KST | INFO | 
2026-03-06 06:57:25 KST | INFO | Epoch 92/200 | LR: 0.057045
2026-03-06 06:59:16 KST | INFO |   Train Loss: 0.0688 | Test Loss: 0.0011 | Test Acc: 92.15%
2026-03-06 06:59:16 KST | INFO |   No improvement (4/30)
2026-03-06 06:59:16 KST | INFO | 
2026-03-06 06:59:16 KST | INFO | Epoch 93/200 | LR: 0.056267
2026-03-06 07:01:06 KST | INFO |   Train Loss: 0.0654 | Test Loss: 0.0010 | Test Acc: 92.95%
2026-03-06 07:01:06 KST | INFO |   No improvement (5/30)
2026-03-06 07:01:06 KST | INFO | 
2026-03-06 07:01:06 KST | INFO | Epoch 94/200 | LR: 0.055487
2026-03-06 07:03:03 KST | INFO |   Train Loss: 0.0621 | Test Loss: 0.0009 | Test Acc: 93.55%
2026-03-06 07:03:03 KST | INFO |   No improvement (6/30)
2026-03-06 07:03:03 KST | INFO | 
2026-03-06 07:03:03 KST | INFO | Epoch 95/200 | LR: 0.054706
2026-03-06 07:04:44 KST | INFO |   Train Loss: 0.0666 | Test Loss: 0.0009 | Test Acc: 93.28%
2026-03-06 07:04:44 KST | INFO |   No improvement (7/30)
2026-03-06 07:04:44 KST | INFO | 
2026-03-06 07:04:44 KST | INFO | Epoch 96/200 | LR: 0.053923
2026-03-06 07:06:38 KST | INFO |   Train Loss: 0.0634 | Test Loss: 0.0010 | Test Acc: 93.03%
2026-03-06 07:06:38 KST | INFO |   No improvement (8/30)
2026-03-06 07:06:38 KST | INFO | 
2026-03-06 07:06:38 KST | INFO | Epoch 97/200 | LR: 0.053140
2026-03-06 07:08:30 KST | INFO |   Train Loss: 0.0636 | Test Loss: 0.0008 | Test Acc: 93.72%
2026-03-06 07:08:30 KST | INFO |   No improvement (9/30)
2026-03-06 07:08:30 KST | INFO | 
2026-03-06 07:08:30 KST | INFO | Epoch 98/200 | LR: 0.052356
2026-03-06 07:10:18 KST | INFO |   Train Loss: 0.0610 | Test Loss: 0.0010 | Test Acc: 92.72%
2026-03-06 07:10:18 KST | INFO |   No improvement (10/30)
2026-03-06 07:10:18 KST | INFO | 
2026-03-06 07:10:18 KST | INFO | Epoch 99/200 | LR: 0.051571
2026-03-06 07:12:15 KST | INFO |   Train Loss: 0.0633 | Test Loss: 0.0010 | Test Acc: 93.62%
2026-03-06 07:12:15 KST | INFO |   No improvement (11/30)
2026-03-06 07:12:15 KST | INFO | 
2026-03-06 07:12:15 KST | INFO | Epoch 100/200 | LR: 0.050786
2026-03-06 07:14:01 KST | INFO |   Train Loss: 0.0564 | Test Loss: 0.0013 | Test Acc: 90.88%
2026-03-06 07:14:01 KST | INFO |   No improvement (12/30)
2026-03-06 07:14:01 KST | INFO | 
2026-03-06 07:14:01 KST | INFO | Epoch 101/200 | LR: 0.050001
2026-03-06 07:15:56 KST | INFO |   Train Loss: 0.0579 | Test Loss: 0.0013 | Test Acc: 91.20%
2026-03-06 07:15:56 KST | INFO |   No improvement (13/30)
2026-03-06 07:15:56 KST | INFO | 
2026-03-06 07:15:56 KST | INFO | Epoch 102/200 | LR: 0.049215
2026-03-06 07:17:43 KST | INFO |   Train Loss: 0.0574 | Test Loss: 0.0008 | Test Acc: 93.75%
2026-03-06 07:17:43 KST | INFO |   🏆 New best accuracy: 93.75%
2026-03-06 07:17:43 KST | INFO | 
2026-03-06 07:17:43 KST | INFO | Epoch 103/200 | LR: 0.048430
2026-03-06 07:19:40 KST | INFO |   Train Loss: 0.0492 | Test Loss: 0.0012 | Test Acc: 91.62%
2026-03-06 07:19:40 KST | INFO |   No improvement (1/30)
2026-03-06 07:19:40 KST | INFO | 
2026-03-06 07:19:40 KST | INFO | Epoch 104/200 | LR: 0.047645
2026-03-06 07:21:35 KST | INFO |   Train Loss: 0.0564 | Test Loss: 0.0010 | Test Acc: 92.90%
2026-03-06 07:21:35 KST | INFO |   No improvement (2/30)
2026-03-06 07:21:35 KST | INFO | 
2026-03-06 07:21:35 KST | INFO | Epoch 105/200 | LR: 0.046861
2026-03-06 07:23:18 KST | INFO |   Train Loss: 0.0515 | Test Loss: 0.0011 | Test Acc: 92.03%
2026-03-06 07:23:18 KST | INFO |   No improvement (3/30)
2026-03-06 07:23:18 KST | INFO | 
2026-03-06 07:23:18 KST | INFO | Epoch 106/200 | LR: 0.046078
2026-03-06 07:25:15 KST | INFO |   Train Loss: 0.0512 | Test Loss: 0.0010 | Test Acc: 92.97%
2026-03-06 07:25:15 KST | INFO |   No improvement (4/30)
2026-03-06 07:25:15 KST | INFO | 
2026-03-06 07:25:15 KST | INFO | Epoch 107/200 | LR: 0.045295
2026-03-06 07:27:06 KST | INFO |   Train Loss: 0.0483 | Test Loss: 0.0009 | Test Acc: 92.85%
2026-03-06 07:27:06 KST | INFO |   No improvement (5/30)
2026-03-06 07:27:06 KST | INFO | 
2026-03-06 07:27:06 KST | INFO | Epoch 108/200 | LR: 0.044514
2026-03-06 07:28:58 KST | INFO |   Train Loss: 0.0521 | Test Loss: 0.0010 | Test Acc: 93.10%
2026-03-06 07:28:58 KST | INFO |   No improvement (6/30)
2026-03-06 07:28:58 KST | INFO | 
2026-03-06 07:28:58 KST | INFO | Epoch 109/200 | LR: 0.043734
2026-03-06 07:30:50 KST | INFO |   Train Loss: 0.0471 | Test Loss: 0.0010 | Test Acc: 93.38%
2026-03-06 07:30:50 KST | INFO |   No improvement (7/30)
2026-03-06 07:30:50 KST | INFO | 
2026-03-06 07:30:50 KST | INFO | Epoch 110/200 | LR: 0.042956
2026-03-06 07:32:42 KST | INFO |   Train Loss: 0.0469 | Test Loss: 0.0010 | Test Acc: 92.75%
2026-03-06 07:32:42 KST | INFO |   No improvement (8/30)
2026-03-06 07:32:42 KST | INFO | 
2026-03-06 07:32:42 KST | INFO | Epoch 111/200 | LR: 0.042179
2026-03-06 07:34:37 KST | INFO |   Train Loss: 0.0480 | Test Loss: 0.0008 | Test Acc: 93.67%
2026-03-06 07:34:37 KST | INFO |   No improvement (9/30)
2026-03-06 07:34:37 KST | INFO | 
2026-03-06 07:34:37 KST | INFO | Epoch 112/200 | LR: 0.041404
2026-03-06 07:36:26 KST | INFO |   Train Loss: 0.0402 | Test Loss: 0.0010 | Test Acc: 93.17%
2026-03-06 07:36:26 KST | INFO |   No improvement (10/30)
2026-03-06 07:36:26 KST | INFO | 
2026-03-06 07:36:26 KST | INFO | Epoch 113/200 | LR: 0.040632
2026-03-06 07:38:21 KST | INFO |   Train Loss: 0.0422 | Test Loss: 0.0009 | Test Acc: 94.08%
2026-03-06 07:38:21 KST | INFO |   🏆 New best accuracy: 94.08%
2026-03-06 07:38:21 KST | INFO | 
2026-03-06 07:38:21 KST | INFO | Epoch 114/200 | LR: 0.039861
2026-03-06 07:40:17 KST | INFO |   Train Loss: 0.0429 | Test Loss: 0.0009 | Test Acc: 93.67%
2026-03-06 07:40:17 KST | INFO |   No improvement (1/30)
2026-03-06 07:40:17 KST | INFO | 
2026-03-06 07:40:17 KST | INFO | Epoch 115/200 | LR: 0.039093
2026-03-06 07:42:08 KST | INFO |   Train Loss: 0.0401 | Test Loss: 0.0010 | Test Acc: 93.38%
2026-03-06 07:42:08 KST | INFO |   No improvement (2/30)
2026-03-06 07:42:08 KST | INFO | 
2026-03-06 07:42:08 KST | INFO | Epoch 116/200 | LR: 0.038328
2026-03-06 07:43:53 KST | INFO |   Train Loss: 0.0359 | Test Loss: 0.0010 | Test Acc: 93.95%
2026-03-06 07:43:53 KST | INFO |   No improvement (3/30)
2026-03-06 07:43:53 KST | INFO | 
2026-03-06 07:43:53 KST | INFO | Epoch 117/200 | LR: 0.037566
2026-03-06 07:45:42 KST | INFO |   Train Loss: 0.0402 | Test Loss: 0.0010 | Test Acc: 93.20%
2026-03-06 07:45:42 KST | INFO |   No improvement (4/30)
2026-03-06 07:45:42 KST | INFO | 
2026-03-06 07:45:42 KST | INFO | Epoch 118/200 | LR: 0.036807
2026-03-06 07:47:35 KST | INFO |   Train Loss: 0.0391 | Test Loss: 0.0009 | Test Acc: 93.90%
2026-03-06 07:47:35 KST | INFO |   No improvement (5/30)
2026-03-06 07:47:35 KST | INFO | 
2026-03-06 07:47:35 KST | INFO | Epoch 119/200 | LR: 0.036051
2026-03-06 07:49:34 KST | INFO |   Train Loss: 0.0339 | Test Loss: 0.0012 | Test Acc: 93.10%
2026-03-06 07:49:34 KST | INFO |   No improvement (6/30)
2026-03-06 07:49:34 KST | INFO | 
2026-03-06 07:49:34 KST | INFO | Epoch 120/200 | LR: 0.035299
2026-03-06 07:51:30 KST | INFO |   Train Loss: 0.0393 | Test Loss: 0.0009 | Test Acc: 94.20%
2026-03-06 07:51:30 KST | INFO |   🏆 New best accuracy: 94.20%
2026-03-06 07:51:30 KST | INFO | 
2026-03-06 07:51:30 KST | INFO | Epoch 121/200 | LR: 0.034550
2026-03-06 07:53:23 KST | INFO |   Train Loss: 0.0320 | Test Loss: 0.0009 | Test Acc: 93.97%
2026-03-06 07:53:23 KST | INFO |   No improvement (1/30)
2026-03-06 07:53:23 KST | INFO | 
2026-03-06 07:53:23 KST | INFO | Epoch 122/200 | LR: 0.033805
2026-03-06 07:55:17 KST | INFO |   Train Loss: 0.0342 | Test Loss: 0.0012 | Test Acc: 92.70%
2026-03-06 07:55:17 KST | INFO |   No improvement (2/30)
2026-03-06 07:55:17 KST | INFO | 
2026-03-06 07:55:17 KST | INFO | Epoch 123/200 | LR: 0.033064
2026-03-06 07:57:04 KST | INFO |   Train Loss: 0.0328 | Test Loss: 0.0009 | Test Acc: 93.58%
2026-03-06 07:57:04 KST | INFO |   No improvement (3/30)
2026-03-06 07:57:04 KST | INFO | 
2026-03-06 07:57:04 KST | INFO | Epoch 124/200 | LR: 0.032327
2026-03-06 07:59:00 KST | INFO |   Train Loss: 0.0320 | Test Loss: 0.0008 | Test Acc: 94.12%
2026-03-06 07:59:00 KST | INFO |   No improvement (4/30)
2026-03-06 07:59:00 KST | INFO | 
2026-03-06 07:59:00 KST | INFO | Epoch 125/200 | LR: 0.031594
2026-03-06 08:00:51 KST | INFO |   Train Loss: 0.0273 | Test Loss: 0.0009 | Test Acc: 94.30%
2026-03-06 08:00:51 KST | INFO |   🏆 New best accuracy: 94.30%
2026-03-06 08:00:51 KST | INFO | 
2026-03-06 08:00:51 KST | INFO | Epoch 126/200 | LR: 0.030867
2026-03-06 08:02:41 KST | INFO |   Train Loss: 0.0282 | Test Loss: 0.0008 | Test Acc: 94.33%
2026-03-06 08:02:41 KST | INFO |   🏆 New best accuracy: 94.33%
2026-03-06 08:02:41 KST | INFO | 
2026-03-06 08:02:41 KST | INFO | Epoch 127/200 | LR: 0.030143
2026-03-06 08:04:31 KST | INFO |   Train Loss: 0.0305 | Test Loss: 0.0008 | Test Acc: 94.40%
2026-03-06 08:04:31 KST | INFO |   🏆 New best accuracy: 94.40%
2026-03-06 08:04:31 KST | INFO | 
2026-03-06 08:04:31 KST | INFO | Epoch 128/200 | LR: 0.029425
2026-03-06 08:06:24 KST | INFO |   Train Loss: 0.0305 | Test Loss: 0.0010 | Test Acc: 93.15%
2026-03-06 08:06:24 KST | INFO |   No improvement (1/30)
2026-03-06 08:06:24 KST | INFO | 
2026-03-06 08:06:24 KST | INFO | Epoch 129/200 | LR: 0.028712
2026-03-06 08:08:16 KST | INFO |   Train Loss: 0.0266 | Test Loss: 0.0008 | Test Acc: 94.30%
2026-03-06 08:08:16 KST | INFO |   No improvement (2/30)
2026-03-06 08:08:16 KST | INFO | 
2026-03-06 08:08:16 KST | INFO | Epoch 130/200 | LR: 0.028004
2026-03-06 08:10:12 KST | INFO |   Train Loss: 0.0244 | Test Loss: 0.0009 | Test Acc: 93.92%
2026-03-06 08:10:12 KST | INFO |   No improvement (3/30)
2026-03-06 08:10:12 KST | INFO | 
2026-03-06 08:10:12 KST | INFO | Epoch 131/200 | LR: 0.027301
2026-03-06 08:12:05 KST | INFO |   Train Loss: 0.0258 | Test Loss: 0.0009 | Test Acc: 93.92%
2026-03-06 08:12:05 KST | INFO |   No improvement (4/30)
2026-03-06 08:12:05 KST | INFO | 
2026-03-06 08:12:05 KST | INFO | Epoch 132/200 | LR: 0.026604
2026-03-06 08:14:02 KST | INFO |   Train Loss: 0.0272 | Test Loss: 0.0010 | Test Acc: 93.30%
2026-03-06 08:14:02 KST | INFO |   No improvement (5/30)
2026-03-06 08:14:02 KST | INFO | 
2026-03-06 08:14:02 KST | INFO | Epoch 133/200 | LR: 0.025913
2026-03-06 08:15:49 KST | INFO |   Train Loss: 0.0232 | Test Loss: 0.0011 | Test Acc: 93.38%
2026-03-06 08:15:49 KST | INFO |   No improvement (6/30)
2026-03-06 08:15:49 KST | INFO | 
2026-03-06 08:15:49 KST | INFO | Epoch 134/200 | LR: 0.025228
2026-03-06 08:17:46 KST | INFO |   Train Loss: 0.0242 | Test Loss: 0.0009 | Test Acc: 94.33%
2026-03-06 08:17:46 KST | INFO |   No improvement (7/30)
2026-03-06 08:17:46 KST | INFO | 
2026-03-06 08:17:46 KST | INFO | Epoch 135/200 | LR: 0.024549
2026-03-06 08:19:39 KST | INFO |   Train Loss: 0.0225 | Test Loss: 0.0009 | Test Acc: 93.85%
2026-03-06 08:19:39 KST | INFO |   No improvement (8/30)
2026-03-06 08:19:39 KST | INFO | 
2026-03-06 08:19:39 KST | INFO | Epoch 136/200 | LR: 0.023876
2026-03-06 08:21:31 KST | INFO |   Train Loss: 0.0199 | Test Loss: 0.0009 | Test Acc: 94.03%
2026-03-06 08:21:31 KST | INFO |   No improvement (9/30)
2026-03-06 08:21:31 KST | INFO | 
2026-03-06 08:21:31 KST | INFO | Epoch 137/200 | LR: 0.023209
2026-03-06 08:23:27 KST | INFO |   Train Loss: 0.0204 | Test Loss: 0.0009 | Test Acc: 94.25%
2026-03-06 08:23:27 KST | INFO |   No improvement (10/30)
2026-03-06 08:23:27 KST | INFO | 
2026-03-06 08:23:27 KST | INFO | Epoch 138/200 | LR: 0.022550
2026-03-06 08:25:15 KST | INFO |   Train Loss: 0.0201 | Test Loss: 0.0009 | Test Acc: 94.05%
2026-03-06 08:25:15 KST | INFO |   No improvement (11/30)
2026-03-06 08:25:15 KST | INFO | 
2026-03-06 08:25:15 KST | INFO | Epoch 139/200 | LR: 0.021897
2026-03-06 08:27:08 KST | INFO |   Train Loss: 0.0214 | Test Loss: 0.0008 | Test Acc: 94.22%
2026-03-06 08:27:08 KST | INFO |   No improvement (12/30)
2026-03-06 08:27:08 KST | INFO | 
2026-03-06 08:27:08 KST | INFO | Epoch 140/200 | LR: 0.021251
2026-03-06 08:29:01 KST | INFO |   Train Loss: 0.0165 | Test Loss: 0.0009 | Test Acc: 94.22%
2026-03-06 08:29:01 KST | INFO |   No improvement (13/30)
2026-03-06 08:29:01 KST | INFO | 
2026-03-06 08:29:01 KST | INFO | Epoch 141/200 | LR: 0.020612
2026-03-06 08:30:51 KST | INFO |   Train Loss: 0.0190 | Test Loss: 0.0008 | Test Acc: 94.45%
2026-03-06 08:30:51 KST | INFO |   🏆 New best accuracy: 94.45%
2026-03-06 08:30:51 KST | INFO | 
2026-03-06 08:30:51 KST | INFO | Epoch 142/200 | LR: 0.019980
2026-03-06 08:32:52 KST | INFO |   Train Loss: 0.0160 | Test Loss: 0.0009 | Test Acc: 94.17%
2026-03-06 08:32:52 KST | INFO |   No improvement (1/30)
2026-03-06 08:32:52 KST | INFO | 
2026-03-06 08:32:52 KST | INFO | Epoch 143/200 | LR: 0.019355
2026-03-06 08:34:39 KST | INFO |   Train Loss: 0.0161 | Test Loss: 0.0009 | Test Acc: 93.92%
2026-03-06 08:34:39 KST | INFO |   No improvement (2/30)
2026-03-06 08:34:39 KST | INFO | 
2026-03-06 08:34:39 KST | INFO | Epoch 144/200 | LR: 0.018739
2026-03-06 08:36:34 KST | INFO |   Train Loss: 0.0123 | Test Loss: 0.0009 | Test Acc: 94.12%
2026-03-06 08:36:34 KST | INFO |   No improvement (3/30)
2026-03-06 08:36:34 KST | INFO | 
2026-03-06 08:36:34 KST | INFO | Epoch 145/200 | LR: 0.018130
2026-03-06 08:38:26 KST | INFO |   Train Loss: 0.0164 | Test Loss: 0.0010 | Test Acc: 93.80%
2026-03-06 08:38:26 KST | INFO |   No improvement (4/30)
2026-03-06 08:38:26 KST | INFO | 
2026-03-06 08:38:26 KST | INFO | Epoch 146/200 | LR: 0.017528
2026-03-06 08:40:16 KST | INFO |   Train Loss: 0.0151 | Test Loss: 0.0011 | Test Acc: 93.38%
2026-03-06 08:40:16 KST | INFO |   No improvement (5/30)
2026-03-06 08:40:16 KST | INFO | 
2026-03-06 08:40:16 KST | INFO | Epoch 147/200 | LR: 0.016935
2026-03-06 08:42:13 KST | INFO |   Train Loss: 0.0141 | Test Loss: 0.0010 | Test Acc: 94.20%
2026-03-06 08:42:13 KST | INFO |   No improvement (6/30)
2026-03-06 08:42:13 KST | INFO | 
2026-03-06 08:42:13 KST | INFO | Epoch 148/200 | LR: 0.016350
2026-03-06 08:44:00 KST | INFO |   Train Loss: 0.0141 | Test Loss: 0.0009 | Test Acc: 94.08%
2026-03-06 08:44:00 KST | INFO |   No improvement (7/30)
2026-03-06 08:44:00 KST | INFO | 
2026-03-06 08:44:00 KST | INFO | Epoch 149/200 | LR: 0.015773
2026-03-06 08:45:56 KST | INFO |   Train Loss: 0.0116 | Test Loss: 0.0010 | Test Acc: 93.83%
2026-03-06 08:45:56 KST | INFO |   No improvement (8/30)
2026-03-06 08:45:56 KST | INFO | 
2026-03-06 08:45:56 KST | INFO | Epoch 150/200 | LR: 0.015205
2026-03-06 08:47:44 KST | INFO |   Train Loss: 0.0123 | Test Loss: 0.0008 | Test Acc: 94.70%
2026-03-06 08:47:44 KST | INFO |   🏆 New best accuracy: 94.70%
2026-03-06 08:47:44 KST | INFO | 
2026-03-06 08:47:44 KST | INFO | Epoch 151/200 | LR: 0.014646
2026-03-06 08:49:39 KST | INFO |   Train Loss: 0.0145 | Test Loss: 0.0008 | Test Acc: 94.12%
2026-03-06 08:49:39 KST | INFO |   No improvement (1/30)
2026-03-06 08:49:39 KST | INFO | 
2026-03-06 08:49:39 KST | INFO | Epoch 152/200 | LR: 0.014095
2026-03-06 08:51:33 KST | INFO |   Train Loss: 0.0123 | Test Loss: 0.0008 | Test Acc: 94.47%
2026-03-06 08:51:33 KST | INFO |   No improvement (2/30)
2026-03-06 08:51:33 KST | INFO | 
2026-03-06 08:51:33 KST | INFO | Epoch 153/200 | LR: 0.013552
2026-03-06 08:53:22 KST | INFO |   Train Loss: 0.0098 | Test Loss: 0.0008 | Test Acc: 94.65%
2026-03-06 08:53:22 KST | INFO |   No improvement (3/30)
2026-03-06 08:53:22 KST | INFO | 
2026-03-06 08:53:22 KST | INFO | Epoch 154/200 | LR: 0.013019
2026-03-06 08:55:17 KST | INFO |   Train Loss: 0.0099 | Test Loss: 0.0008 | Test Acc: 94.45%
2026-03-06 08:55:17 KST | INFO |   No improvement (4/30)
2026-03-06 08:55:17 KST | INFO | 
2026-03-06 08:55:17 KST | INFO | Epoch 155/200 | LR: 0.012495
2026-03-06 08:57:01 KST | INFO |   Train Loss: 0.0102 | Test Loss: 0.0010 | Test Acc: 94.08%
2026-03-06 08:57:01 KST | INFO |   No improvement (5/30)
2026-03-06 08:57:01 KST | INFO | 
2026-03-06 08:57:01 KST | INFO | Epoch 156/200 | LR: 0.011981
2026-03-06 08:58:55 KST | INFO |   Train Loss: 0.0103 | Test Loss: 0.0009 | Test Acc: 94.25%
2026-03-06 08:58:55 KST | INFO |   No improvement (6/30)
2026-03-06 08:58:55 KST | INFO | 
2026-03-06 08:58:55 KST | INFO | Epoch 157/200 | LR: 0.011475
2026-03-06 09:00:46 KST | INFO |   Train Loss: 0.0092 | Test Loss: 0.0009 | Test Acc: 94.38%
2026-03-06 09:00:46 KST | INFO |   No improvement (7/30)
2026-03-06 09:00:46 KST | INFO | 
2026-03-06 09:00:46 KST | INFO | Epoch 158/200 | LR: 0.010979
2026-03-06 09:02:37 KST | INFO |   Train Loss: 0.0091 | Test Loss: 0.0009 | Test Acc: 94.17%
2026-03-06 09:02:37 KST | INFO |   No improvement (8/30)
2026-03-06 09:02:37 KST | INFO | 
2026-03-06 09:02:37 KST | INFO | Epoch 159/200 | LR: 0.010493
2026-03-06 09:04:35 KST | INFO |   Train Loss: 0.0090 | Test Loss: 0.0009 | Test Acc: 94.50%
2026-03-06 09:04:35 KST | INFO |   No improvement (9/30)
2026-03-06 09:04:35 KST | INFO | 
2026-03-06 09:04:35 KST | INFO | Epoch 160/200 | LR: 0.010017
2026-03-06 09:06:28 KST | INFO |   Train Loss: 0.0091 | Test Loss: 0.0009 | Test Acc: 94.72%
2026-03-06 09:06:28 KST | INFO |   🏆 New best accuracy: 94.72%
2026-03-06 09:06:28 KST | INFO | 
2026-03-06 09:06:28 KST | INFO | Epoch 161/200 | LR: 0.009550
2026-03-06 09:08:18 KST | INFO |   Train Loss: 0.0085 | Test Loss: 0.0009 | Test Acc: 94.42%
2026-03-06 09:08:18 KST | INFO |   No improvement (1/30)
2026-03-06 09:08:18 KST | INFO | 
2026-03-06 09:08:18 KST | INFO | Epoch 162/200 | LR: 0.009093
2026-03-06 09:10:11 KST | INFO |   Train Loss: 0.0083 | Test Loss: 0.0008 | Test Acc: 94.80%
2026-03-06 09:10:11 KST | INFO |   🏆 New best accuracy: 94.80%
2026-03-06 09:10:11 KST | INFO | 
2026-03-06 09:10:11 KST | INFO | Epoch 163/200 | LR: 0.008647
2026-03-06 09:12:03 KST | INFO |   Train Loss: 0.0085 | Test Loss: 0.0009 | Test Acc: 93.97%
2026-03-06 09:12:03 KST | INFO |   No improvement (1/30)
2026-03-06 09:12:03 KST | INFO | 
2026-03-06 09:12:03 KST | INFO | Epoch 164/200 | LR: 0.008211
2026-03-06 09:13:51 KST | INFO |   Train Loss: 0.0074 | Test Loss: 0.0008 | Test Acc: 94.90%
2026-03-06 09:13:51 KST | INFO |   🏆 New best accuracy: 94.90%
2026-03-06 09:13:51 KST | INFO | 
2026-03-06 09:13:51 KST | INFO | Epoch 165/200 | LR: 0.007785
2026-03-06 09:15:46 KST | INFO |   Train Loss: 0.0064 | Test Loss: 0.0009 | Test Acc: 94.42%
2026-03-06 09:15:46 KST | INFO |   No improvement (1/30)
2026-03-06 09:15:46 KST | INFO | 
2026-03-06 09:15:46 KST | INFO | Epoch 166/200 | LR: 0.007369
2026-03-06 09:17:32 KST | INFO |   Train Loss: 0.0065 | Test Loss: 0.0009 | Test Acc: 94.55%
2026-03-06 09:17:32 KST | INFO |   No improvement (2/30)
2026-03-06 09:17:32 KST | INFO | 
2026-03-06 09:17:32 KST | INFO | Epoch 167/200 | LR: 0.006964
2026-03-06 09:19:27 KST | INFO |   Train Loss: 0.0069 | Test Loss: 0.0008 | Test Acc: 94.72%
2026-03-06 09:19:27 KST | INFO |   No improvement (3/30)
2026-03-06 09:19:27 KST | INFO | 
2026-03-06 09:19:27 KST | INFO | Epoch 168/200 | LR: 0.006569
2026-03-06 09:21:18 KST | INFO |   Train Loss: 0.0070 | Test Loss: 0.0008 | Test Acc: 94.72%
2026-03-06 09:21:18 KST | INFO |   No improvement (4/30)
2026-03-06 09:21:18 KST | INFO | 
2026-03-06 09:21:18 KST | INFO | Epoch 169/200 | LR: 0.006186
2026-03-06 09:23:16 KST | INFO |   Train Loss: 0.0058 | Test Loss: 0.0008 | Test Acc: 94.47%
2026-03-06 09:23:16 KST | INFO |   No improvement (5/30)
2026-03-06 09:23:16 KST | INFO | 
2026-03-06 09:23:16 KST | INFO | Epoch 170/200 | LR: 0.005813
2026-03-06 09:25:03 KST | INFO |   Train Loss: 0.0061 | Test Loss: 0.0009 | Test Acc: 94.33%
2026-03-06 09:25:03 KST | INFO |   No improvement (6/30)
2026-03-06 09:25:03 KST | INFO | 
2026-03-06 09:25:03 KST | INFO | Epoch 171/200 | LR: 0.005451
2026-03-06 09:26:59 KST | INFO |   Train Loss: 0.0062 | Test Loss: 0.0008 | Test Acc: 94.45%
2026-03-06 09:26:59 KST | INFO |   No improvement (7/30)
2026-03-06 09:26:59 KST | INFO | 
2026-03-06 09:26:59 KST | INFO | Epoch 172/200 | LR: 0.005100
2026-03-06 09:28:51 KST | INFO |   Train Loss: 0.0061 | Test Loss: 0.0008 | Test Acc: 94.72%
2026-03-06 09:28:51 KST | INFO |   No improvement (8/30)
2026-03-06 09:28:51 KST | INFO | 
2026-03-06 09:28:51 KST | INFO | Epoch 173/200 | LR: 0.004760
2026-03-06 09:30:41 KST | INFO |   Train Loss: 0.0063 | Test Loss: 0.0008 | Test Acc: 94.45%
2026-03-06 09:30:41 KST | INFO |   No improvement (9/30)
2026-03-06 09:30:41 KST | INFO | 
2026-03-06 09:30:41 KST | INFO | Epoch 174/200 | LR: 0.004431
2026-03-06 09:32:39 KST | INFO |   Train Loss: 0.0056 | Test Loss: 0.0008 | Test Acc: 94.47%
2026-03-06 09:32:39 KST | INFO |   No improvement (10/30)
2026-03-06 09:32:39 KST | INFO | 
2026-03-06 09:32:39 KST | INFO | Epoch 175/200 | LR: 0.004113
2026-03-06 09:34:25 KST | INFO |   Train Loss: 0.0056 | Test Loss: 0.0009 | Test Acc: 94.47%
2026-03-06 09:34:25 KST | INFO |   No improvement (11/30)
2026-03-06 09:34:25 KST | INFO | 
2026-03-06 09:34:25 KST | INFO | Epoch 176/200 | LR: 0.003807
2026-03-06 09:36:17 KST | INFO |   Train Loss: 0.0062 | Test Loss: 0.0009 | Test Acc: 94.15%
2026-03-06 09:36:17 KST | INFO |   No improvement (12/30)
2026-03-06 09:36:17 KST | INFO | 
2026-03-06 09:36:17 KST | INFO | Epoch 177/200 | LR: 0.003512
2026-03-06 09:38:14 KST | INFO |   Train Loss: 0.0054 | Test Loss: 0.0009 | Test Acc: 94.53%
2026-03-06 09:38:14 KST | INFO |   No improvement (13/30)
2026-03-06 09:38:14 KST | INFO | 
2026-03-06 09:38:14 KST | INFO | Epoch 178/200 | LR: 0.003229
2026-03-06 09:40:02 KST | INFO |   Train Loss: 0.0054 | Test Loss: 0.0008 | Test Acc: 94.40%
2026-03-06 09:40:02 KST | INFO |   No improvement (14/30)
2026-03-06 09:40:02 KST | INFO | 
2026-03-06 09:40:02 KST | INFO | Epoch 179/200 | LR: 0.002957
2026-03-06 09:41:59 KST | INFO |   Train Loss: 0.0056 | Test Loss: 0.0008 | Test Acc: 94.42%
2026-03-06 09:41:59 KST | INFO |   No improvement (15/30)
2026-03-06 09:41:59 KST | INFO | 
2026-03-06 09:41:59 KST | INFO | Epoch 180/200 | LR: 0.002697
2026-03-06 09:43:50 KST | INFO |   Train Loss: 0.0058 | Test Loss: 0.0009 | Test Acc: 94.50%
2026-03-06 09:43:50 KST | INFO |   No improvement (16/30)
2026-03-06 09:43:50 KST | INFO | 
2026-03-06 09:43:50 KST | INFO | Epoch 181/200 | LR: 0.002448
2026-03-06 09:45:38 KST | INFO |   Train Loss: 0.0051 | Test Loss: 0.0008 | Test Acc: 94.65%
2026-03-06 09:45:38 KST | INFO |   No improvement (17/30)
2026-03-06 09:45:38 KST | INFO | 
2026-03-06 09:45:38 KST | INFO | Epoch 182/200 | LR: 0.002211
2026-03-06 09:47:34 KST | INFO |   Train Loss: 0.0047 | Test Loss: 0.0009 | Test Acc: 94.55%
2026-03-06 09:47:34 KST | INFO |   No improvement (18/30)
2026-03-06 09:47:34 KST | INFO | 
2026-03-06 09:47:34 KST | INFO | Epoch 183/200 | LR: 0.001986
2026-03-06 09:49:30 KST | INFO |   Train Loss: 0.0053 | Test Loss: 0.0008 | Test Acc: 94.65%
2026-03-06 09:49:30 KST | INFO |   No improvement (19/30)
2026-03-06 09:49:30 KST | INFO | 
2026-03-06 09:49:30 KST | INFO | Epoch 184/200 | LR: 0.001773
2026-03-06 09:51:18 KST | INFO |   Train Loss: 0.0047 | Test Loss: 0.0008 | Test Acc: 94.47%
2026-03-06 09:51:18 KST | INFO |   No improvement (20/30)
2026-03-06 09:51:18 KST | INFO | 
2026-03-06 09:51:18 KST | INFO | Epoch 185/200 | LR: 0.001572
2026-03-06 09:53:13 KST | INFO |   Train Loss: 0.0051 | Test Loss: 0.0008 | Test Acc: 94.50%
2026-03-06 09:53:13 KST | INFO |   No improvement (21/30)
2026-03-06 09:53:13 KST | INFO | 
2026-03-06 09:53:13 KST | INFO | Epoch 186/200 | LR: 0.001382
2026-03-06 09:54:58 KST | INFO |   Train Loss: 0.0048 | Test Loss: 0.0008 | Test Acc: 94.78%
2026-03-06 09:54:58 KST | INFO |   No improvement (22/30)
2026-03-06 09:54:58 KST | INFO | 
2026-03-06 09:54:58 KST | INFO | Epoch 187/200 | LR: 0.001205
2026-03-06 09:56:59 KST | INFO |   Train Loss: 0.0050 | Test Loss: 0.0008 | Test Acc: 94.58%
2026-03-06 09:56:59 KST | INFO |   No improvement (23/30)
2026-03-06 09:56:59 KST | INFO | 
2026-03-06 09:56:59 KST | INFO | Epoch 188/200 | LR: 0.001040
2026-03-06 09:58:54 KST | INFO |   Train Loss: 0.0046 | Test Loss: 0.0008 | Test Acc: 94.60%
2026-03-06 09:58:54 KST | INFO |   No improvement (24/30)
2026-03-06 09:58:54 KST | INFO | 
2026-03-06 09:58:54 KST | INFO | Epoch 189/200 | LR: 0.000887
2026-03-06 10:00:37 KST | INFO |   Train Loss: 0.0046 | Test Loss: 0.0008 | Test Acc: 94.67%
2026-03-06 10:00:37 KST | INFO |   No improvement (25/30)
2026-03-06 10:00:37 KST | INFO | 
2026-03-06 10:00:37 KST | INFO | Epoch 190/200 | LR: 0.000746
2026-03-06 10:02:30 KST | INFO |   Train Loss: 0.0044 | Test Loss: 0.0008 | Test Acc: 94.62%
2026-03-06 10:02:30 KST | INFO |   No improvement (26/30)
2026-03-06 10:02:30 KST | INFO | 
2026-03-06 10:02:30 KST | INFO | Epoch 191/200 | LR: 0.000617
2026-03-06 10:04:20 KST | INFO |   Train Loss: 0.0043 | Test Loss: 0.0008 | Test Acc: 94.50%
2026-03-06 10:04:20 KST | INFO |   No improvement (27/30)
2026-03-06 10:04:20 KST | INFO | 
2026-03-06 10:04:20 KST | INFO | Epoch 192/200 | LR: 0.000500
2026-03-06 10:06:12 KST | INFO |   Train Loss: 0.0046 | Test Loss: 0.0008 | Test Acc: 94.55%
2026-03-06 10:06:12 KST | INFO |   No improvement (28/30)
2026-03-06 10:06:12 KST | INFO | 
2026-03-06 10:06:12 KST | INFO | Epoch 193/200 | LR: 0.000395
2026-03-06 10:08:09 KST | INFO |   Train Loss: 0.0044 | Test Loss: 0.0008 | Test Acc: 94.53%
2026-03-06 10:08:09 KST | INFO |   No improvement (29/30)
2026-03-06 10:08:09 KST | INFO | 
2026-03-06 10:08:09 KST | INFO | Epoch 194/200 | LR: 0.000303
2026-03-06 10:09:59 KST | INFO |   Train Loss: 0.0045 | Test Loss: 0.0008 | Test Acc: 94.50%
2026-03-06 10:09:59 KST | INFO |   No improvement (30/30)
2026-03-06 10:09:59 KST | INFO | 
2026-03-06 10:09:59 KST | INFO | Early stopping after 30 epochs without improvement
2026-03-06 10:09:59 KST | INFO | 
2026-03-06 10:09:59 KST | INFO | ================================================================================
2026-03-06 10:09:59 KST | INFO | TRAINING COMPLETE
2026-03-06 10:09:59 KST | INFO | ================================================================================
2026-03-06 10:09:59 KST | INFO | Best accuracy:  94.90% (Epoch 164)
2026-03-06 10:09:59 KST | INFO | Final accuracy: 94.50%
2026-03-06 10:09:59 KST | INFO | ================================================================================
2026-03-06 10:09:59 KST | INFO | 
2026-03-06 10:09:59 KST | INFO | Notifying nodes of completion...
2026-03-06 10:10:00 KST | INFO | ✓ Nodes notified
2026-03-06 10:10:00 KST | INFO | 
2026-03-06 10:10:00 KST | INFO | Closing connections...
2026-03-06 10:10:00 KST | INFO | ✓ Cleanup complete
2026-03-06 10:10:00 KST | INFO | 
2026-03-06 10:10:00 KST | INFO | Full log: logs/TL++_secure_20260306_041322.log
2026-03-06 10:10:00 KST | INFO | ================================================================================
