2026-03-05 19:01:51 KST | INFO | ================================================================================
2026-03-05 19:01:51 KST | INFO | TL++ Orchestrator
2026-03-05 19:01:51 KST | INFO | ================================================================================
2026-03-05 19:01:51 KST | INFO | Log file: logs/TL++_secure_20260305_190151.log
2026-03-05 19:01:51 KST | INFO | 
2026-03-05 19:01:51 KST | INFO | --------------------------------------------------------------------------------
2026-03-05 19:01:51 KST | INFO | CONFIGURATION
2026-03-05 19:01:51 KST | INFO | --------------------------------------------------------------------------------
2026-03-05 19:01:51 KST | INFO | Secure mode:      True
2026-03-05 19:01:51 KST | INFO | Helper endpoint:  127.0.0.1:8082
2026-03-05 19:01:51 KST | INFO | Activation noise: 2.0%
2026-03-05 19:01:51 KST | INFO | Gradient noise:   10.0%
2026-03-05 19:01:51 KST | INFO | Nodes:            4
2026-03-05 19:01:51 KST | INFO | Cut layer:        3
2026-03-05 19:01:51 KST | INFO | Batch size:       128
2026-03-05 19:01:51 KST | INFO | Learning rate:    0.1
2026-03-05 19:01:51 KST | INFO | 
2026-03-05 19:01:51 KST | INFO | Computation device: cuda
2026-03-05 19:01:51 KST | INFO | Secure mode: ✓ ENABLED
2026-03-05 19:01:51 KST | INFO | 
2026-03-05 19:01:51 KST | INFO | --------------------------------------------------------------------------------
2026-03-05 19:01:51 KST | INFO | NETWORK SETUP
2026-03-05 19:01:51 KST | INFO | --------------------------------------------------------------------------------
2026-03-05 19:01:51 KST | INFO | ✓ Orchestrator listening on 127.0.0.1:8080
2026-03-05 19:01:51 KST | INFO | ✓ Helper node on 127.0.0.1:8082
2026-03-05 19:01:51 KST | INFO | 
2026-03-05 19:01:51 KST | INFO | Waiting for helper node...
2026-03-05 19:01:53 KST | INFO | ✓ Helper node connected
2026-03-05 19:01:53 KST | INFO | ✓ Noise config sent to helper (activation: 2.0%, gradient: 10.0%)
2026-03-05 19:01:53 KST | INFO | 
2026-03-05 19:01:53 KST | INFO | Waiting for 4 node(s)...
2026-03-05 19:01:57 KST | INFO |   ✓ Node 1/4 connected
2026-03-05 19:01:58 KST | INFO |   ✓ Node 2/4 connected
2026-03-05 19:01:59 KST | INFO |   ✓ Node 3/4 connected
2026-03-05 19:02:00 KST | INFO |   ✓ Node 4/4 connected
2026-03-05 19:02:00 KST | INFO | ✓ All 4 node(s) connected
2026-03-05 19:02:00 KST | INFO | 
2026-03-05 19:02:00 KST | INFO | --------------------------------------------------------------------------------
2026-03-05 19:02:00 KST | INFO | MODEL INITIALIZATION
2026-03-05 19:02:00 KST | INFO | --------------------------------------------------------------------------------
2026-03-05 19:02:00 KST | INFO | Node-side parameters: 3,243,072
2026-03-05 19:02:00 KST | INFO | 
2026-03-05 19:02:00 KST | INFO | --------------------------------------------------------------------------------
2026-03-05 19:02:00 KST | INFO | BROADCASTING CONFIGURATION
2026-03-05 19:02:00 KST | INFO | --------------------------------------------------------------------------------
2026-03-05 19:02:00 KST | INFO | ✓ Configuration broadcast to all nodes
2026-03-05 19:02:01 KST | INFO | 
2026-03-05 19:02:01 KST | INFO | Total parameters:     3,245,124
2026-03-05 19:02:01 KST | INFO | Trainable parameters: 3,245,124
2026-03-05 19:02:01 KST | INFO | 
2026-03-05 19:02:01 KST | INFO | --------------------------------------------------------------------------------
2026-03-05 19:02:01 KST | INFO | DATA LOADING
2026-03-05 19:02:01 KST | INFO | --------------------------------------------------------------------------------
2026-03-05 19:02:25 KST | INFO | ✓ Dataset information collected:
2026-03-05 19:02:25 KST | INFO |     Node 1: 5,000 samples
2026-03-05 19:02:25 KST | INFO |     Node 2: 5,000 samples
2026-03-05 19:02:25 KST | INFO |     Node 3: 5,000 samples
2026-03-05 19:02:25 KST | INFO |     Node 4: 5,000 samples
2026-03-05 19:02:25 KST | INFO |   Total training samples: 20,000
2026-03-05 19:02:25 KST | INFO | 
2026-03-05 19:02:28 KST | INFO | ✓ Test dataset loaded: 4,000 samples
2026-03-05 19:02:28 KST | INFO | 
2026-03-05 19:02:28 KST | INFO | ✓ Batch scheduler: 157 batches/epoch
2026-03-05 19:02:28 KST | INFO | 
2026-03-05 19:02:28 KST | INFO | --------------------------------------------------------------------------------
2026-03-05 19:02:28 KST | INFO | OPTIMIZATION SETUP
2026-03-05 19:02:28 KST | INFO | --------------------------------------------------------------------------------
2026-03-05 19:02:28 KST | INFO | ✓ Optimizer: SGD (lr=0.1, momentum=0.9)
2026-03-05 19:02:28 KST | INFO | ✓ Scheduler: cosine
2026-03-05 19:02:28 KST | INFO | ✓ Gradient clipping: 1.0
2026-03-05 19:02:28 KST | INFO | 
2026-03-05 19:02:28 KST | INFO | ================================================================================
2026-03-05 19:02:28 KST | INFO | Setup complete - Ready for training
2026-03-05 19:02:28 KST | INFO | ================================================================================
2026-03-05 19:02:28 KST | INFO | 
2026-03-05 19:02:28 KST | INFO | --------------------------------------------------------------------------------
2026-03-05 19:02:28 KST | INFO | TRAINING
2026-03-05 19:02:28 KST | INFO | --------------------------------------------------------------------------------
2026-03-05 19:02:28 KST | INFO | 
2026-03-05 19:02:28 KST | INFO | Epoch 1/200 | LR: 0.100000
2026-03-05 19:04:11 KST | INFO |   Train Loss: 0.9700 | Test Loss: 0.0030 | Test Acc: 71.33%
2026-03-05 19:04:11 KST | INFO |   🏆 New best accuracy: 71.33%
2026-03-05 19:04:11 KST | INFO | 
2026-03-05 19:04:11 KST | INFO | Epoch 2/200 | LR: 0.099994
2026-03-05 19:06:03 KST | INFO |   Train Loss: 0.6918 | Test Loss: 0.0022 | Test Acc: 77.53%
2026-03-05 19:06:03 KST | INFO |   🏆 New best accuracy: 77.53%
2026-03-05 19:06:03 KST | INFO | 
2026-03-05 19:06:03 KST | INFO | Epoch 3/200 | LR: 0.099975
2026-03-05 19:07:42 KST | INFO |   Train Loss: 0.5788 | Test Loss: 0.0020 | Test Acc: 79.88%
2026-03-05 19:07:42 KST | INFO |   🏆 New best accuracy: 79.88%
2026-03-05 19:07:42 KST | INFO | 
2026-03-05 19:07:42 KST | INFO | Epoch 4/200 | LR: 0.099944
2026-03-05 19:09:33 KST | INFO |   Train Loss: 0.4964 | Test Loss: 0.0018 | Test Acc: 82.83%
2026-03-05 19:09:33 KST | INFO |   🏆 New best accuracy: 82.83%
2026-03-05 19:09:33 KST | INFO | 
2026-03-05 19:09:33 KST | INFO | Epoch 5/200 | LR: 0.099901
2026-03-05 19:11:18 KST | INFO |   Train Loss: 0.4371 | Test Loss: 0.0018 | Test Acc: 83.10%
2026-03-05 19:11:18 KST | INFO |   🏆 New best accuracy: 83.10%
2026-03-05 19:11:18 KST | INFO | 
2026-03-05 19:11:18 KST | INFO | Epoch 6/200 | LR: 0.099846
2026-03-05 19:13:04 KST | INFO |   Train Loss: 0.3952 | Test Loss: 0.0017 | Test Acc: 84.50%
2026-03-05 19:13:04 KST | INFO |   🏆 New best accuracy: 84.50%
2026-03-05 19:13:04 KST | INFO | 
2026-03-05 19:13:04 KST | INFO | Epoch 7/200 | LR: 0.099778
2026-03-05 19:15:00 KST | INFO |   Train Loss: 0.3682 | Test Loss: 0.0015 | Test Acc: 85.97%
2026-03-05 19:15:00 KST | INFO |   🏆 New best accuracy: 85.97%
2026-03-05 19:15:00 KST | INFO | 
2026-03-05 19:15:00 KST | INFO | Epoch 8/200 | LR: 0.099698
2026-03-05 19:16:48 KST | INFO |   Train Loss: 0.3399 | Test Loss: 0.0020 | Test Acc: 82.53%
2026-03-05 19:16:48 KST | INFO |   No improvement (1/30)
2026-03-05 19:16:48 KST | INFO | 
2026-03-05 19:16:48 KST | INFO | Epoch 9/200 | LR: 0.099606
2026-03-05 19:18:44 KST | INFO |   Train Loss: 0.3189 | Test Loss: 0.0017 | Test Acc: 82.42%
2026-03-05 19:18:44 KST | INFO |   No improvement (2/30)
2026-03-05 19:18:44 KST | INFO | 
2026-03-05 19:18:44 KST | INFO | Epoch 10/200 | LR: 0.099501
2026-03-05 19:20:23 KST | INFO |   Train Loss: 0.2948 | Test Loss: 0.0015 | Test Acc: 85.83%
2026-03-05 19:20:23 KST | INFO |   No improvement (3/30)
2026-03-05 19:20:23 KST | INFO | 
2026-03-05 19:20:23 KST | INFO | Epoch 11/200 | LR: 0.099384
2026-03-05 19:22:12 KST | INFO |   Train Loss: 0.2882 | Test Loss: 0.0013 | Test Acc: 87.92%
2026-03-05 19:22:12 KST | INFO |   🏆 New best accuracy: 87.92%
2026-03-05 19:22:12 KST | INFO | 
2026-03-05 19:22:12 KST | INFO | Epoch 12/200 | LR: 0.099255
2026-03-05 19:24:00 KST | INFO |   Train Loss: 0.2787 | Test Loss: 0.0012 | Test Acc: 88.92%
2026-03-05 19:24:00 KST | INFO |   🏆 New best accuracy: 88.92%
2026-03-05 19:24:00 KST | INFO | 
2026-03-05 19:24:00 KST | INFO | Epoch 13/200 | LR: 0.099114
2026-03-05 19:25:46 KST | INFO |   Train Loss: 0.2590 | Test Loss: 0.0012 | Test Acc: 89.45%
2026-03-05 19:25:46 KST | INFO |   🏆 New best accuracy: 89.45%
2026-03-05 19:25:46 KST | INFO | 
2026-03-05 19:25:46 KST | INFO | Epoch 14/200 | LR: 0.098961
2026-03-05 19:27:29 KST | INFO |   Train Loss: 0.2527 | Test Loss: 0.0013 | Test Acc: 87.72%
2026-03-05 19:27:29 KST | INFO |   No improvement (1/30)
2026-03-05 19:27:29 KST | INFO | 
2026-03-05 19:27:29 KST | INFO | Epoch 15/200 | LR: 0.098796
2026-03-05 19:29:13 KST | INFO |   Train Loss: 0.2415 | Test Loss: 0.0012 | Test Acc: 89.00%
2026-03-05 19:29:13 KST | INFO |   No improvement (2/30)
2026-03-05 19:29:13 KST | INFO | 
2026-03-05 19:29:13 KST | INFO | Epoch 16/200 | LR: 0.098619
2026-03-05 19:31:06 KST | INFO |   Train Loss: 0.2358 | Test Loss: 0.0012 | Test Acc: 89.17%
2026-03-05 19:31:06 KST | INFO |   No improvement (3/30)
2026-03-05 19:31:06 KST | INFO | 
2026-03-05 19:31:06 KST | INFO | Epoch 17/200 | LR: 0.098429
2026-03-05 19:32:48 KST | INFO |   Train Loss: 0.2275 | Test Loss: 0.0012 | Test Acc: 89.60%
2026-03-05 19:32:48 KST | INFO |   🏆 New best accuracy: 89.60%
2026-03-05 19:32:48 KST | INFO | 
2026-03-05 19:32:48 KST | INFO | Epoch 18/200 | LR: 0.098228
2026-03-05 19:34:36 KST | INFO |   Train Loss: 0.2187 | Test Loss: 0.0016 | Test Acc: 86.45%
2026-03-05 19:34:36 KST | INFO |   No improvement (1/30)
2026-03-05 19:34:36 KST | INFO | 
2026-03-05 19:34:36 KST | INFO | Epoch 19/200 | LR: 0.098015
2026-03-05 19:36:26 KST | INFO |   Train Loss: 0.2150 | Test Loss: 0.0010 | Test Acc: 90.65%
2026-03-05 19:36:26 KST | INFO |   🏆 New best accuracy: 90.65%
2026-03-05 19:36:26 KST | INFO | 
2026-03-05 19:36:26 KST | INFO | Epoch 20/200 | LR: 0.097790
2026-03-05 19:38:12 KST | INFO |   Train Loss: 0.2078 | Test Loss: 0.0013 | Test Acc: 88.60%
2026-03-05 19:38:12 KST | INFO |   No improvement (1/30)
2026-03-05 19:38:12 KST | INFO | 
2026-03-05 19:38:12 KST | INFO | Epoch 21/200 | LR: 0.097553
2026-03-05 19:40:04 KST | INFO |   Train Loss: 0.2048 | Test Loss: 0.0009 | Test Acc: 91.53%
2026-03-05 19:40:04 KST | INFO |   🏆 New best accuracy: 91.53%
2026-03-05 19:40:04 KST | INFO | 
2026-03-05 19:40:04 KST | INFO | Epoch 22/200 | LR: 0.097304
2026-03-05 19:41:44 KST | INFO |   Train Loss: 0.1979 | Test Loss: 0.0011 | Test Acc: 89.85%
2026-03-05 19:41:44 KST | INFO |   No improvement (1/30)
2026-03-05 19:41:44 KST | INFO | 
2026-03-05 19:41:44 KST | INFO | Epoch 23/200 | LR: 0.097044
2026-03-05 19:43:31 KST | INFO |   Train Loss: 0.1932 | Test Loss: 0.0016 | Test Acc: 86.33%
2026-03-05 19:43:31 KST | INFO |   No improvement (2/30)
2026-03-05 19:43:31 KST | INFO | 
2026-03-05 19:43:31 KST | INFO | Epoch 24/200 | LR: 0.096772
2026-03-05 19:45:12 KST | INFO |   Train Loss: 0.1898 | Test Loss: 0.0009 | Test Acc: 91.67%
2026-03-05 19:45:12 KST | INFO |   🏆 New best accuracy: 91.67%
2026-03-05 19:45:12 KST | INFO | 
2026-03-05 19:45:12 KST | INFO | Epoch 25/200 | LR: 0.096489
2026-03-05 19:47:05 KST | INFO |   Train Loss: 0.1882 | Test Loss: 0.0013 | Test Acc: 87.78%
2026-03-05 19:47:05 KST | INFO |   No improvement (1/30)
2026-03-05 19:47:05 KST | INFO | 
2026-03-05 19:47:05 KST | INFO | Epoch 26/200 | LR: 0.096194
2026-03-05 19:48:48 KST | INFO |   Train Loss: 0.1786 | Test Loss: 0.0013 | Test Acc: 88.60%
2026-03-05 19:48:48 KST | INFO |   No improvement (2/30)
2026-03-05 19:48:48 KST | INFO | 
2026-03-05 19:48:48 KST | INFO | Epoch 27/200 | LR: 0.095888
2026-03-05 19:50:37 KST | INFO |   Train Loss: 0.1744 | Test Loss: 0.0011 | Test Acc: 91.10%
2026-03-05 19:50:37 KST | INFO |   No improvement (3/30)
2026-03-05 19:50:37 KST | INFO | 
2026-03-05 19:50:37 KST | INFO | Epoch 28/200 | LR: 0.095570
2026-03-05 19:52:31 KST | INFO |   Train Loss: 0.1824 | Test Loss: 0.0010 | Test Acc: 90.85%
2026-03-05 19:52:31 KST | INFO |   No improvement (4/30)
2026-03-05 19:52:31 KST | INFO | 
2026-03-05 19:52:31 KST | INFO | Epoch 29/200 | LR: 0.095241
2026-03-05 19:54:17 KST | INFO |   Train Loss: 0.1746 | Test Loss: 0.0024 | Test Acc: 81.72%
2026-03-05 19:54:17 KST | INFO |   No improvement (5/30)
2026-03-05 19:54:17 KST | INFO | 
2026-03-05 19:54:17 KST | INFO | Epoch 30/200 | LR: 0.094901
2026-03-05 19:56:02 KST | INFO |   Train Loss: 0.1723 | Test Loss: 0.0010 | Test Acc: 90.83%
2026-03-05 19:56:02 KST | INFO |   No improvement (6/30)
2026-03-05 19:56:02 KST | INFO | 
2026-03-05 19:56:02 KST | INFO | Epoch 31/200 | LR: 0.094550
2026-03-05 19:57:46 KST | INFO |   Train Loss: 0.1653 | Test Loss: 0.0014 | Test Acc: 88.22%
2026-03-05 19:57:46 KST | INFO |   No improvement (7/30)
2026-03-05 19:57:46 KST | INFO | 
2026-03-05 19:57:46 KST | INFO | Epoch 32/200 | LR: 0.094188
2026-03-05 19:59:35 KST | INFO |   Train Loss: 0.1616 | Test Loss: 0.0013 | Test Acc: 89.28%
2026-03-05 19:59:35 KST | INFO |   No improvement (8/30)
2026-03-05 19:59:35 KST | INFO | 
2026-03-05 19:59:35 KST | INFO | Epoch 33/200 | LR: 0.093815
2026-03-05 20:01:16 KST | INFO |   Train Loss: 0.1630 | Test Loss: 0.0010 | Test Acc: 91.35%
2026-03-05 20:01:16 KST | INFO |   No improvement (9/30)
2026-03-05 20:01:16 KST | INFO | 
2026-03-05 20:01:16 KST | INFO | Epoch 34/200 | LR: 0.093432
2026-03-05 20:03:07 KST | INFO |   Train Loss: 0.1659 | Test Loss: 0.0019 | Test Acc: 84.72%
2026-03-05 20:03:07 KST | INFO |   No improvement (10/30)
2026-03-05 20:03:07 KST | INFO | 
2026-03-05 20:03:07 KST | INFO | Epoch 35/200 | LR: 0.093037
2026-03-05 20:04:53 KST | INFO |   Train Loss: 0.1579 | Test Loss: 0.0012 | Test Acc: 89.65%
2026-03-05 20:04:53 KST | INFO |   No improvement (11/30)
2026-03-05 20:04:53 KST | INFO | 
2026-03-05 20:04:53 KST | INFO | Epoch 36/200 | LR: 0.092632
2026-03-05 20:06:49 KST | INFO |   Train Loss: 0.1565 | Test Loss: 0.0016 | Test Acc: 86.78%
2026-03-05 20:06:49 KST | INFO |   No improvement (12/30)
2026-03-05 20:06:49 KST | INFO | 
2026-03-05 20:06:49 KST | INFO | Epoch 37/200 | LR: 0.092216
2026-03-05 20:08:30 KST | INFO |   Train Loss: 0.1519 | Test Loss: 0.0010 | Test Acc: 91.72%
2026-03-05 20:08:30 KST | INFO |   🏆 New best accuracy: 91.72%
2026-03-05 20:08:30 KST | INFO | 
2026-03-05 20:08:30 KST | INFO | Epoch 38/200 | LR: 0.091790
2026-03-05 20:10:13 KST | INFO |   Train Loss: 0.1465 | Test Loss: 0.0010 | Test Acc: 91.67%
2026-03-05 20:10:13 KST | INFO |   No improvement (1/30)
2026-03-05 20:10:13 KST | INFO | 
2026-03-05 20:10:13 KST | INFO | Epoch 39/200 | LR: 0.091354
2026-03-05 20:11:56 KST | INFO |   Train Loss: 0.1472 | Test Loss: 0.0012 | Test Acc: 90.72%
2026-03-05 20:11:56 KST | INFO |   No improvement (2/30)
2026-03-05 20:11:56 KST | INFO | 
2026-03-05 20:11:56 KST | INFO | Epoch 40/200 | LR: 0.090908
2026-03-05 20:13:51 KST | INFO |   Train Loss: 0.1434 | Test Loss: 0.0016 | Test Acc: 87.83%
2026-03-05 20:13:51 KST | INFO |   No improvement (3/30)
2026-03-05 20:13:51 KST | INFO | 
2026-03-05 20:13:51 KST | INFO | Epoch 41/200 | LR: 0.090451
2026-03-05 20:15:32 KST | INFO |   Train Loss: 0.1432 | Test Loss: 0.0009 | Test Acc: 92.22%
2026-03-05 20:15:32 KST | INFO |   🏆 New best accuracy: 92.22%
2026-03-05 20:15:32 KST | INFO | 
2026-03-05 20:15:32 KST | INFO | Epoch 42/200 | LR: 0.089984
2026-03-05 20:17:19 KST | INFO |   Train Loss: 0.1421 | Test Loss: 0.0008 | Test Acc: 92.12%
2026-03-05 20:17:19 KST | INFO |   No improvement (1/30)
2026-03-05 20:17:19 KST | INFO | 
2026-03-05 20:17:19 KST | INFO | Epoch 43/200 | LR: 0.089508
2026-03-05 20:18:58 KST | INFO |   Train Loss: 0.1401 | Test Loss: 0.0009 | Test Acc: 92.50%
2026-03-05 20:18:58 KST | INFO |   🏆 New best accuracy: 92.50%
2026-03-05 20:18:58 KST | INFO | 
2026-03-05 20:18:58 KST | INFO | Epoch 44/200 | LR: 0.089022
2026-03-05 20:20:48 KST | INFO |   Train Loss: 0.1394 | Test Loss: 0.0010 | Test Acc: 91.35%
2026-03-05 20:20:48 KST | INFO |   No improvement (1/30)
2026-03-05 20:20:48 KST | INFO | 
2026-03-05 20:20:48 KST | INFO | Epoch 45/200 | LR: 0.088526
2026-03-05 20:22:34 KST | INFO |   Train Loss: 0.1355 | Test Loss: 0.0009 | Test Acc: 91.85%
2026-03-05 20:22:34 KST | INFO |   No improvement (2/30)
2026-03-05 20:22:34 KST | INFO | 
2026-03-05 20:22:34 KST | INFO | Epoch 46/200 | LR: 0.088020
2026-03-05 20:24:20 KST | INFO |   Train Loss: 0.1354 | Test Loss: 0.0011 | Test Acc: 91.17%
2026-03-05 20:24:20 KST | INFO |   No improvement (3/30)
2026-03-05 20:24:20 KST | INFO | 
2026-03-05 20:24:20 KST | INFO | Epoch 47/200 | LR: 0.087506
2026-03-05 20:26:10 KST | INFO |   Train Loss: 0.1310 | Test Loss: 0.0010 | Test Acc: 90.83%
2026-03-05 20:26:10 KST | INFO |   No improvement (4/30)
2026-03-05 20:26:10 KST | INFO | 
2026-03-05 20:26:10 KST | INFO | Epoch 48/200 | LR: 0.086982
2026-03-05 20:27:54 KST | INFO |   Train Loss: 0.1302 | Test Loss: 0.0009 | Test Acc: 92.75%
2026-03-05 20:27:54 KST | INFO |   🏆 New best accuracy: 92.75%
2026-03-05 20:27:54 KST | INFO | 
2026-03-05 20:27:54 KST | INFO | Epoch 49/200 | LR: 0.086449
2026-03-05 20:29:47 KST | INFO |   Train Loss: 0.1289 | Test Loss: 0.0012 | Test Acc: 89.90%
2026-03-05 20:29:47 KST | INFO |   No improvement (1/30)
2026-03-05 20:29:47 KST | INFO | 
2026-03-05 20:29:47 KST | INFO | Epoch 50/200 | LR: 0.085906
2026-03-05 20:31:24 KST | INFO |   Train Loss: 0.1252 | Test Loss: 0.0010 | Test Acc: 91.60%
2026-03-05 20:31:24 KST | INFO |   No improvement (2/30)
2026-03-05 20:31:24 KST | INFO | 
2026-03-05 20:31:24 KST | INFO | Epoch 51/200 | LR: 0.085355
2026-03-05 20:33:16 KST | INFO |   Train Loss: 0.1314 | Test Loss: 0.0011 | Test Acc: 90.50%
2026-03-05 20:33:16 KST | INFO |   No improvement (3/30)
2026-03-05 20:33:16 KST | INFO | 
2026-03-05 20:33:16 KST | INFO | Epoch 52/200 | LR: 0.084796
2026-03-05 20:34:55 KST | INFO |   Train Loss: 0.1263 | Test Loss: 0.0013 | Test Acc: 90.60%
2026-03-05 20:34:55 KST | INFO |   No improvement (4/30)
2026-03-05 20:34:55 KST | INFO | 
2026-03-05 20:34:55 KST | INFO | Epoch 53/200 | LR: 0.084228
2026-03-05 20:36:47 KST | INFO |   Train Loss: 0.1206 | Test Loss: 0.0010 | Test Acc: 92.22%
2026-03-05 20:36:47 KST | INFO |   No improvement (5/30)
2026-03-05 20:36:47 KST | INFO | 
2026-03-05 20:36:47 KST | INFO | Epoch 54/200 | LR: 0.083651
2026-03-05 20:38:30 KST | INFO |   Train Loss: 0.1201 | Test Loss: 0.0010 | Test Acc: 91.83%
2026-03-05 20:38:30 KST | INFO |   No improvement (6/30)
2026-03-05 20:38:30 KST | INFO | 
2026-03-05 20:38:30 KST | INFO | Epoch 55/200 | LR: 0.083066
2026-03-05 20:40:19 KST | INFO |   Train Loss: 0.1168 | Test Loss: 0.0009 | Test Acc: 92.92%
2026-03-05 20:40:19 KST | INFO |   🏆 New best accuracy: 92.92%
2026-03-05 20:40:19 KST | INFO | 
2026-03-05 20:40:19 KST | INFO | Epoch 56/200 | LR: 0.082473
2026-03-05 20:42:08 KST | INFO |   Train Loss: 0.1141 | Test Loss: 0.0012 | Test Acc: 90.35%
2026-03-05 20:42:08 KST | INFO |   No improvement (1/30)
2026-03-05 20:42:08 KST | INFO | 
2026-03-05 20:42:08 KST | INFO | Epoch 57/200 | LR: 0.081871
2026-03-05 20:44:01 KST | INFO |   Train Loss: 0.1178 | Test Loss: 0.0010 | Test Acc: 91.70%
2026-03-05 20:44:01 KST | INFO |   No improvement (2/30)
2026-03-05 20:44:01 KST | INFO | 
2026-03-05 20:44:01 KST | INFO | Epoch 58/200 | LR: 0.081262
2026-03-05 20:45:46 KST | INFO |   Train Loss: 0.1174 | Test Loss: 0.0010 | Test Acc: 92.22%
2026-03-05 20:45:46 KST | INFO |   No improvement (3/30)
2026-03-05 20:45:46 KST | INFO | 
2026-03-05 20:45:46 KST | INFO | Epoch 59/200 | LR: 0.080646
2026-03-05 20:47:35 KST | INFO |   Train Loss: 0.1152 | Test Loss: 0.0013 | Test Acc: 90.72%
2026-03-05 20:47:35 KST | INFO |   No improvement (4/30)
2026-03-05 20:47:35 KST | INFO | 
2026-03-05 20:47:35 KST | INFO | Epoch 60/200 | LR: 0.080021
2026-03-05 20:49:29 KST | INFO |   Train Loss: 0.1100 | Test Loss: 0.0012 | Test Acc: 91.30%
2026-03-05 20:49:29 KST | INFO |   No improvement (5/30)
2026-03-05 20:49:29 KST | INFO | 
2026-03-05 20:49:29 KST | INFO | Epoch 61/200 | LR: 0.079389
2026-03-05 20:51:14 KST | INFO |   Train Loss: 0.1137 | Test Loss: 0.0010 | Test Acc: 92.10%
2026-03-05 20:51:14 KST | INFO |   No improvement (6/30)
2026-03-05 20:51:14 KST | INFO | 
2026-03-05 20:51:14 KST | INFO | Epoch 62/200 | LR: 0.078750
2026-03-05 20:53:08 KST | INFO |   Train Loss: 0.1116 | Test Loss: 0.0011 | Test Acc: 91.47%
2026-03-05 20:53:08 KST | INFO |   No improvement (7/30)
2026-03-05 20:53:08 KST | INFO | 
2026-03-05 20:53:08 KST | INFO | Epoch 63/200 | LR: 0.078104
2026-03-05 20:54:50 KST | INFO |   Train Loss: 0.1048 | Test Loss: 0.0010 | Test Acc: 92.53%
2026-03-05 20:54:50 KST | INFO |   No improvement (8/30)
2026-03-05 20:54:50 KST | INFO | 
2026-03-05 20:54:50 KST | INFO | Epoch 64/200 | LR: 0.077451
2026-03-05 20:56:46 KST | INFO |   Train Loss: 0.1068 | Test Loss: 0.0010 | Test Acc: 92.10%
2026-03-05 20:56:46 KST | INFO |   No improvement (9/30)
2026-03-05 20:56:46 KST | INFO | 
2026-03-05 20:56:46 KST | INFO | Epoch 65/200 | LR: 0.076792
2026-03-05 20:58:36 KST | INFO |   Train Loss: 0.1050 | Test Loss: 0.0009 | Test Acc: 92.30%
2026-03-05 20:58:36 KST | INFO |   No improvement (10/30)
2026-03-05 20:58:36 KST | INFO | 
2026-03-05 20:58:36 KST | INFO | Epoch 66/200 | LR: 0.076125
2026-03-05 21:00:24 KST | INFO |   Train Loss: 0.1071 | Test Loss: 0.0008 | Test Acc: 92.83%
2026-03-05 21:00:24 KST | INFO |   No improvement (11/30)
2026-03-05 21:00:24 KST | INFO | 
2026-03-05 21:00:24 KST | INFO | Epoch 67/200 | LR: 0.075452
2026-03-05 21:02:17 KST | INFO |   Train Loss: 0.0989 | Test Loss: 0.0008 | Test Acc: 93.60%
2026-03-05 21:02:17 KST | INFO |   🏆 New best accuracy: 93.60%
2026-03-05 21:02:17 KST | INFO | 
2026-03-05 21:02:17 KST | INFO | Epoch 68/200 | LR: 0.074773
2026-03-05 21:04:09 KST | INFO |   Train Loss: 0.0988 | Test Loss: 0.0010 | Test Acc: 92.08%
2026-03-05 21:04:09 KST | INFO |   No improvement (1/30)
2026-03-05 21:04:09 KST | INFO | 
2026-03-05 21:04:09 KST | INFO | Epoch 69/200 | LR: 0.074088
2026-03-05 21:05:56 KST | INFO |   Train Loss: 0.1024 | Test Loss: 0.0009 | Test Acc: 92.42%
2026-03-05 21:05:56 KST | INFO |   No improvement (2/30)
2026-03-05 21:05:56 KST | INFO | 
2026-03-05 21:05:56 KST | INFO | Epoch 70/200 | LR: 0.073397
2026-03-05 21:07:51 KST | INFO |   Train Loss: 0.1001 | Test Loss: 0.0010 | Test Acc: 91.50%
2026-03-05 21:07:51 KST | INFO |   No improvement (3/30)
2026-03-05 21:07:51 KST | INFO | 
2026-03-05 21:07:51 KST | INFO | Epoch 71/200 | LR: 0.072700
2026-03-05 21:09:36 KST | INFO |   Train Loss: 0.0969 | Test Loss: 0.0010 | Test Acc: 92.08%
2026-03-05 21:09:36 KST | INFO |   No improvement (4/30)
2026-03-05 21:09:36 KST | INFO | 
2026-03-05 21:09:36 KST | INFO | Epoch 72/200 | LR: 0.071997
2026-03-05 21:11:32 KST | INFO |   Train Loss: 0.0947 | Test Loss: 0.0009 | Test Acc: 93.12%
2026-03-05 21:11:32 KST | INFO |   No improvement (5/30)
2026-03-05 21:11:32 KST | INFO | 
2026-03-05 21:11:32 KST | INFO | Epoch 73/200 | LR: 0.071289
2026-03-05 21:13:17 KST | INFO |   Train Loss: 0.0959 | Test Loss: 0.0013 | Test Acc: 91.10%
2026-03-05 21:13:17 KST | INFO |   No improvement (6/30)
2026-03-05 21:13:17 KST | INFO | 
2026-03-05 21:13:17 KST | INFO | Epoch 74/200 | LR: 0.070576
2026-03-05 21:15:13 KST | INFO |   Train Loss: 0.0946 | Test Loss: 0.0010 | Test Acc: 92.58%
2026-03-05 21:15:13 KST | INFO |   No improvement (7/30)
2026-03-05 21:15:13 KST | INFO | 
2026-03-05 21:15:13 KST | INFO | Epoch 75/200 | LR: 0.069858
2026-03-05 21:17:10 KST | INFO |   Train Loss: 0.0944 | Test Loss: 0.0010 | Test Acc: 92.12%
2026-03-05 21:17:10 KST | INFO |   No improvement (8/30)
2026-03-05 21:17:10 KST | INFO | 
2026-03-05 21:17:10 KST | INFO | Epoch 76/200 | LR: 0.069134
2026-03-05 21:19:08 KST | INFO |   Train Loss: 0.0909 | Test Loss: 0.0010 | Test Acc: 91.88%
2026-03-05 21:19:08 KST | INFO |   No improvement (9/30)
2026-03-05 21:19:08 KST | INFO | 
2026-03-05 21:19:08 KST | INFO | Epoch 77/200 | LR: 0.068407
2026-03-05 21:21:03 KST | INFO |   Train Loss: 0.0889 | Test Loss: 0.0009 | Test Acc: 93.33%
2026-03-05 21:21:03 KST | INFO |   No improvement (10/30)
2026-03-05 21:21:03 KST | INFO | 
2026-03-05 21:21:03 KST | INFO | Epoch 78/200 | LR: 0.067674
2026-03-05 21:22:56 KST | INFO |   Train Loss: 0.0854 | Test Loss: 0.0009 | Test Acc: 92.92%
2026-03-05 21:22:56 KST | INFO |   No improvement (11/30)
2026-03-05 21:22:56 KST | INFO | 
2026-03-05 21:22:56 KST | INFO | Epoch 79/200 | LR: 0.066937
2026-03-05 21:24:45 KST | INFO |   Train Loss: 0.0897 | Test Loss: 0.0008 | Test Acc: 93.45%
2026-03-05 21:24:45 KST | INFO |   No improvement (12/30)
2026-03-05 21:24:45 KST | INFO | 
2026-03-05 21:24:45 KST | INFO | Epoch 80/200 | LR: 0.066196
2026-03-05 21:26:28 KST | INFO |   Train Loss: 0.0844 | Test Loss: 0.0010 | Test Acc: 91.70%
2026-03-05 21:26:28 KST | INFO |   No improvement (13/30)
2026-03-05 21:26:28 KST | INFO | 
2026-03-05 21:26:28 KST | INFO | Epoch 81/200 | LR: 0.065451
2026-03-05 21:28:22 KST | INFO |   Train Loss: 0.0795 | Test Loss: 0.0010 | Test Acc: 92.20%
2026-03-05 21:28:22 KST | INFO |   No improvement (14/30)
2026-03-05 21:28:22 KST | INFO | 
2026-03-05 21:28:22 KST | INFO | Epoch 82/200 | LR: 0.064702
2026-03-05 21:30:14 KST | INFO |   Train Loss: 0.0795 | Test Loss: 0.0010 | Test Acc: 92.67%
2026-03-05 21:30:14 KST | INFO |   No improvement (15/30)
2026-03-05 21:30:14 KST | INFO | 
2026-03-05 21:30:14 KST | INFO | Epoch 83/200 | LR: 0.063950
2026-03-05 21:32:00 KST | INFO |   Train Loss: 0.0795 | Test Loss: 0.0011 | Test Acc: 92.22%
2026-03-05 21:32:00 KST | INFO |   No improvement (16/30)
2026-03-05 21:32:00 KST | INFO | 
2026-03-05 21:32:00 KST | INFO | Epoch 84/200 | LR: 0.063194
2026-03-05 21:33:56 KST | INFO |   Train Loss: 0.0789 | Test Loss: 0.0011 | Test Acc: 91.25%
2026-03-05 21:33:56 KST | INFO |   No improvement (17/30)
2026-03-05 21:33:56 KST | INFO | 
2026-03-05 21:33:56 KST | INFO | Epoch 85/200 | LR: 0.062435
2026-03-05 21:35:48 KST | INFO |   Train Loss: 0.0729 | Test Loss: 0.0011 | Test Acc: 92.55%
2026-03-05 21:35:48 KST | INFO |   No improvement (18/30)
2026-03-05 21:35:48 KST | INFO | 
2026-03-05 21:35:48 KST | INFO | Epoch 86/200 | LR: 0.061673
2026-03-05 21:37:36 KST | INFO |   Train Loss: 0.0804 | Test Loss: 0.0009 | Test Acc: 93.28%
2026-03-05 21:37:36 KST | INFO |   No improvement (19/30)
2026-03-05 21:37:36 KST | INFO | 
2026-03-05 21:37:36 KST | INFO | Epoch 87/200 | LR: 0.060908
2026-03-05 21:39:26 KST | INFO |   Train Loss: 0.0716 | Test Loss: 0.0009 | Test Acc: 93.28%
2026-03-05 21:39:26 KST | INFO |   No improvement (20/30)
2026-03-05 21:39:26 KST | INFO | 
2026-03-05 21:39:26 KST | INFO | Epoch 88/200 | LR: 0.060140
2026-03-05 21:41:14 KST | INFO |   Train Loss: 0.0761 | Test Loss: 0.0010 | Test Acc: 92.42%
2026-03-05 21:41:14 KST | INFO |   No improvement (21/30)
2026-03-05 21:41:14 KST | INFO | 
2026-03-05 21:41:14 KST | INFO | Epoch 89/200 | LR: 0.059369
2026-03-05 21:43:04 KST | INFO |   Train Loss: 0.0771 | Test Loss: 0.0010 | Test Acc: 92.00%
2026-03-05 21:43:04 KST | INFO |   No improvement (22/30)
2026-03-05 21:43:04 KST | INFO | 
2026-03-05 21:43:04 KST | INFO | Epoch 90/200 | LR: 0.058597
2026-03-05 21:45:00 KST | INFO |   Train Loss: 0.0732 | Test Loss: 0.0009 | Test Acc: 93.35%
2026-03-05 21:45:00 KST | INFO |   No improvement (23/30)
2026-03-05 21:45:00 KST | INFO | 
2026-03-05 21:45:00 KST | INFO | Epoch 91/200 | LR: 0.057822
2026-03-05 21:46:44 KST | INFO |   Train Loss: 0.0721 | Test Loss: 0.0014 | Test Acc: 90.40%
2026-03-05 21:46:44 KST | INFO |   No improvement (24/30)
2026-03-05 21:46:44 KST | INFO | 
2026-03-05 21:46:44 KST | INFO | Epoch 92/200 | LR: 0.057045
2026-03-05 21:48:36 KST | INFO |   Train Loss: 0.0715 | Test Loss: 0.0011 | Test Acc: 91.88%
2026-03-05 21:48:36 KST | INFO |   No improvement (25/30)
2026-03-05 21:48:36 KST | INFO | 
2026-03-05 21:48:36 KST | INFO | Epoch 93/200 | LR: 0.056267
2026-03-05 21:50:28 KST | INFO |   Train Loss: 0.0663 | Test Loss: 0.0009 | Test Acc: 93.08%
2026-03-05 21:50:28 KST | INFO |   No improvement (26/30)
2026-03-05 21:50:28 KST | INFO | 
2026-03-05 21:50:28 KST | INFO | Epoch 94/200 | LR: 0.055487
2026-03-05 21:52:13 KST | INFO |   Train Loss: 0.0628 | Test Loss: 0.0011 | Test Acc: 92.08%
2026-03-05 21:52:13 KST | INFO |   No improvement (27/30)
2026-03-05 21:52:13 KST | INFO | 
2026-03-05 21:52:13 KST | INFO | Epoch 95/200 | LR: 0.054706
2026-03-05 21:54:09 KST | INFO |   Train Loss: 0.0618 | Test Loss: 0.0009 | Test Acc: 92.85%
2026-03-05 21:54:09 KST | INFO |   No improvement (28/30)
2026-03-05 21:54:09 KST | INFO | 
2026-03-05 21:54:09 KST | INFO | Epoch 96/200 | LR: 0.053923
2026-03-05 21:55:55 KST | INFO |   Train Loss: 0.0680 | Test Loss: 0.0009 | Test Acc: 93.50%
2026-03-05 21:55:55 KST | INFO |   No improvement (29/30)
2026-03-05 21:55:55 KST | INFO | 
2026-03-05 21:55:55 KST | INFO | Epoch 97/200 | LR: 0.053140
2026-03-05 21:57:48 KST | INFO |   Train Loss: 0.0677 | Test Loss: 0.0010 | Test Acc: 93.50%
2026-03-05 21:57:48 KST | INFO |   No improvement (30/30)
2026-03-05 21:57:48 KST | INFO | 
2026-03-05 21:57:48 KST | INFO | Early stopping after 30 epochs without improvement
2026-03-05 21:57:48 KST | INFO | 
2026-03-05 21:57:48 KST | INFO | ================================================================================
2026-03-05 21:57:48 KST | INFO | TRAINING COMPLETE
2026-03-05 21:57:48 KST | INFO | ================================================================================
2026-03-05 21:57:48 KST | INFO | Best accuracy:  93.60% (Epoch 67)
2026-03-05 21:57:48 KST | INFO | Final accuracy: 93.50%
2026-03-05 21:57:48 KST | INFO | ================================================================================
2026-03-05 21:57:48 KST | INFO | 
2026-03-05 21:57:48 KST | INFO | Notifying nodes of completion...
2026-03-05 21:57:49 KST | INFO | ✓ Nodes notified
2026-03-05 21:57:49 KST | INFO | 
2026-03-05 21:57:49 KST | INFO | Closing connections...
2026-03-05 21:57:49 KST | INFO | ✓ Cleanup complete
2026-03-05 21:57:49 KST | INFO | 
2026-03-05 21:57:49 KST | INFO | Full log: logs/TL++_secure_20260305_190151.log
2026-03-05 21:57:49 KST | INFO | ================================================================================
