2026-02-05 18:36:41 KST | INFO | ================================================================================
2026-02-05 18:36:41 KST | INFO | TL++ Orchestrator
2026-02-05 18:36:41 KST | INFO | ================================================================================
2026-02-05 18:36:41 KST | INFO | Log file: logs/TL++_base_20260205_183641.log
2026-02-05 18:36:41 KST | INFO | 
2026-02-05 18:36:41 KST | INFO | --------------------------------------------------------------------------------
2026-02-05 18:36:41 KST | INFO | CONFIGURATION
2026-02-05 18:36:41 KST | INFO | --------------------------------------------------------------------------------
2026-02-05 18:36:41 KST | INFO | Secure mode:      False
2026-02-05 18:36:41 KST | INFO | Nodes:            3
2026-02-05 18:36:41 KST | INFO | Cut layer:        2
2026-02-05 18:36:41 KST | INFO | Batch size:       128
2026-02-05 18:36:41 KST | INFO | Learning rate:    0.1
2026-02-05 18:36:41 KST | INFO | 
2026-02-05 18:36:41 KST | INFO | Computation device: cuda
2026-02-05 18:36:41 KST | INFO | Secure mode: DISABLED
2026-02-05 18:36:41 KST | INFO | 
2026-02-05 18:36:41 KST | INFO | --------------------------------------------------------------------------------
2026-02-05 18:36:41 KST | INFO | NETWORK SETUP
2026-02-05 18:36:41 KST | INFO | --------------------------------------------------------------------------------
2026-02-05 18:36:41 KST | INFO | ✓ Orchestrator listening on 127.0.0.1:8080
2026-02-05 18:36:41 KST | INFO | Waiting for 3 node(s)...
2026-02-05 18:36:44 KST | INFO |   ✓ Node 1/3 connected
2026-02-05 18:36:45 KST | INFO |   ✓ Node 2/3 connected
2026-02-05 18:36:46 KST | INFO |   ✓ Node 3/3 connected
2026-02-05 18:36:46 KST | INFO | ✓ All 3 node(s) connected
2026-02-05 18:36:46 KST | INFO | 
2026-02-05 18:36:46 KST | INFO | --------------------------------------------------------------------------------
2026-02-05 18:36:46 KST | INFO | MODEL INITIALIZATION
2026-02-05 18:36:46 KST | INFO | --------------------------------------------------------------------------------
2026-02-05 18:36:46 KST | INFO | Node-side parameters: 260,160
2026-02-05 18:36:46 KST | INFO | 
2026-02-05 18:36:46 KST | INFO | --------------------------------------------------------------------------------
2026-02-05 18:36:46 KST | INFO | BROADCASTING CONFIGURATION
2026-02-05 18:36:46 KST | INFO | --------------------------------------------------------------------------------
2026-02-05 18:36:46 KST | INFO | ✓ Configuration broadcast to all nodes
2026-02-05 18:36:47 KST | INFO | 
2026-02-05 18:36:47 KST | INFO | Total parameters:     3,244,611
2026-02-05 18:36:47 KST | INFO | Trainable parameters: 3,244,611
2026-02-05 18:36:47 KST | INFO | 
2026-02-05 18:36:47 KST | INFO | --------------------------------------------------------------------------------
2026-02-05 18:36:47 KST | INFO | DATA LOADING
2026-02-05 18:36:47 KST | INFO | --------------------------------------------------------------------------------
2026-02-05 18:37:13 KST | INFO | ✓ Dataset information collected:
2026-02-05 18:37:13 KST | INFO |     Node 1: 5,000 samples
2026-02-05 18:37:13 KST | INFO |     Node 2: 5,000 samples
2026-02-05 18:37:13 KST | INFO |     Node 3: 5,000 samples
2026-02-05 18:37:13 KST | INFO |   Total training samples: 15,000
2026-02-05 18:37:13 KST | INFO | 
2026-02-05 18:37:16 KST | INFO | ✓ Test dataset loaded: 3,000 samples
2026-02-05 18:37:16 KST | INFO | 
2026-02-05 18:37:16 KST | INFO | ✓ Batch scheduler: 118 batches/epoch
2026-02-05 18:37:16 KST | INFO | 
2026-02-05 18:37:16 KST | INFO | --------------------------------------------------------------------------------
2026-02-05 18:37:16 KST | INFO | OPTIMIZATION SETUP
2026-02-05 18:37:16 KST | INFO | --------------------------------------------------------------------------------
2026-02-05 18:37:16 KST | INFO | ✓ Optimizer: SGD (lr=0.1, momentum=0.9)
2026-02-05 18:37:16 KST | INFO | ✓ Scheduler: cosine
2026-02-05 18:37:16 KST | INFO | ✓ Gradient clipping: 1.0
2026-02-05 18:37:16 KST | INFO | 
2026-02-05 18:37:16 KST | INFO | ================================================================================
2026-02-05 18:37:16 KST | INFO | Setup complete - Ready for training
2026-02-05 18:37:16 KST | INFO | ================================================================================
2026-02-05 18:37:16 KST | INFO | 
2026-02-05 18:37:16 KST | INFO | --------------------------------------------------------------------------------
2026-02-05 18:37:16 KST | INFO | TRAINING
2026-02-05 18:37:16 KST | INFO | --------------------------------------------------------------------------------
2026-02-05 18:37:16 KST | INFO | 
2026-02-05 18:37:16 KST | INFO | Epoch 1/200 | LR: 0.100000
2026-02-05 18:37:24 KST | INFO |   Train Loss: 0.7553 | Test Loss: 0.0019 | Test Acc: 80.77%
2026-02-05 18:37:24 KST | INFO |   🏆 New best accuracy: 80.77%
2026-02-05 18:37:24 KST | INFO | 
2026-02-05 18:37:24 KST | INFO | Epoch 2/200 | LR: 0.099994
2026-02-05 18:37:31 KST | INFO |   Train Loss: 0.5020 | Test Loss: 0.0017 | Test Acc: 82.83%
2026-02-05 18:37:31 KST | INFO |   🏆 New best accuracy: 82.83%
2026-02-05 18:37:31 KST | INFO | 
2026-02-05 18:37:31 KST | INFO | Epoch 3/200 | LR: 0.099975
2026-02-05 18:37:39 KST | INFO |   Train Loss: 0.4018 | Test Loss: 0.0026 | Test Acc: 76.23%
2026-02-05 18:37:39 KST | INFO |   No improvement (1/30)
2026-02-05 18:37:39 KST | INFO | 
2026-02-05 18:37:39 KST | INFO | Epoch 4/200 | LR: 0.099944
2026-02-05 18:37:46 KST | INFO |   Train Loss: 0.3441 | Test Loss: 0.0012 | Test Acc: 89.03%
2026-02-05 18:37:46 KST | INFO |   🏆 New best accuracy: 89.03%
2026-02-05 18:37:46 KST | INFO | 
2026-02-05 18:37:46 KST | INFO | Epoch 5/200 | LR: 0.099901
2026-02-05 18:37:53 KST | INFO |   Train Loss: 0.2982 | Test Loss: 0.0010 | Test Acc: 90.70%
2026-02-05 18:37:53 KST | INFO |   🏆 New best accuracy: 90.70%
2026-02-05 18:37:53 KST | INFO | 
2026-02-05 18:37:53 KST | INFO | Epoch 6/200 | LR: 0.099846
2026-02-05 18:38:00 KST | INFO |   Train Loss: 0.2570 | Test Loss: 0.0009 | Test Acc: 90.77%
2026-02-05 18:38:00 KST | INFO |   🏆 New best accuracy: 90.77%
2026-02-05 18:38:00 KST | INFO | 
2026-02-05 18:38:00 KST | INFO | Epoch 7/200 | LR: 0.099778
2026-02-05 18:38:07 KST | INFO |   Train Loss: 0.2368 | Test Loss: 0.0011 | Test Acc: 88.93%
2026-02-05 18:38:07 KST | INFO |   No improvement (1/30)
2026-02-05 18:38:07 KST | INFO | 
2026-02-05 18:38:07 KST | INFO | Epoch 8/200 | LR: 0.099698
2026-02-05 18:38:14 KST | INFO |   Train Loss: 0.2223 | Test Loss: 0.0008 | Test Acc: 92.83%
2026-02-05 18:38:14 KST | INFO |   🏆 New best accuracy: 92.83%
2026-02-05 18:38:14 KST | INFO | 
2026-02-05 18:38:14 KST | INFO | Epoch 9/200 | LR: 0.099606
2026-02-05 18:38:22 KST | INFO |   Train Loss: 0.2058 | Test Loss: 0.0007 | Test Acc: 93.37%
2026-02-05 18:38:22 KST | INFO |   🏆 New best accuracy: 93.37%
2026-02-05 18:38:22 KST | INFO | 
2026-02-05 18:38:22 KST | INFO | Epoch 10/200 | LR: 0.099501
2026-02-05 18:38:29 KST | INFO |   Train Loss: 0.1861 | Test Loss: 0.0009 | Test Acc: 91.90%
2026-02-05 18:38:29 KST | INFO |   No improvement (1/30)
2026-02-05 18:38:29 KST | INFO | 
2026-02-05 18:38:29 KST | INFO | Epoch 11/200 | LR: 0.099384
2026-02-05 18:38:36 KST | INFO |   Train Loss: 0.1832 | Test Loss: 0.0007 | Test Acc: 92.83%
2026-02-05 18:38:36 KST | INFO |   No improvement (2/30)
2026-02-05 18:38:36 KST | INFO | 
2026-02-05 18:38:36 KST | INFO | Epoch 12/200 | LR: 0.099255
2026-02-05 18:38:43 KST | INFO |   Train Loss: 0.1762 | Test Loss: 0.0008 | Test Acc: 93.33%
2026-02-05 18:38:43 KST | INFO |   No improvement (3/30)
2026-02-05 18:38:43 KST | INFO | 
2026-02-05 18:38:43 KST | INFO | Epoch 13/200 | LR: 0.099114
2026-02-05 18:38:50 KST | INFO |   Train Loss: 0.1660 | Test Loss: 0.0006 | Test Acc: 93.63%
2026-02-05 18:38:50 KST | INFO |   🏆 New best accuracy: 93.63%
2026-02-05 18:38:50 KST | INFO | 
2026-02-05 18:38:50 KST | INFO | Epoch 14/200 | LR: 0.098961
2026-02-05 18:38:57 KST | INFO |   Train Loss: 0.1609 | Test Loss: 0.0006 | Test Acc: 94.37%
2026-02-05 18:38:57 KST | INFO |   🏆 New best accuracy: 94.37%
2026-02-05 18:38:57 KST | INFO | 
2026-02-05 18:38:57 KST | INFO | Epoch 15/200 | LR: 0.098796
2026-02-05 18:39:04 KST | INFO |   Train Loss: 0.1517 | Test Loss: 0.0007 | Test Acc: 93.30%
2026-02-05 18:39:04 KST | INFO |   No improvement (1/30)
2026-02-05 18:39:04 KST | INFO | 
2026-02-05 18:39:04 KST | INFO | Epoch 16/200 | LR: 0.098619
2026-02-05 18:39:12 KST | INFO |   Train Loss: 0.1531 | Test Loss: 0.0005 | Test Acc: 94.80%
2026-02-05 18:39:12 KST | INFO |   🏆 New best accuracy: 94.80%
2026-02-05 18:39:12 KST | INFO | 
2026-02-05 18:39:12 KST | INFO | Epoch 17/200 | LR: 0.098429
2026-02-05 18:39:19 KST | INFO |   Train Loss: 0.1392 | Test Loss: 0.0008 | Test Acc: 92.70%
2026-02-05 18:39:19 KST | INFO |   No improvement (1/30)
2026-02-05 18:39:19 KST | INFO | 
2026-02-05 18:39:19 KST | INFO | Epoch 18/200 | LR: 0.098228
2026-02-05 18:39:25 KST | INFO |   Train Loss: 0.1454 | Test Loss: 0.0008 | Test Acc: 92.70%
2026-02-05 18:39:25 KST | INFO |   No improvement (2/30)
2026-02-05 18:39:25 KST | INFO | 
2026-02-05 18:39:25 KST | INFO | Epoch 19/200 | LR: 0.098015
2026-02-05 18:39:33 KST | INFO |   Train Loss: 0.1332 | Test Loss: 0.0007 | Test Acc: 93.50%
2026-02-05 18:39:33 KST | INFO |   No improvement (3/30)
2026-02-05 18:39:33 KST | INFO | 
2026-02-05 18:39:33 KST | INFO | Epoch 20/200 | LR: 0.097790
2026-02-05 18:39:40 KST | INFO |   Train Loss: 0.1242 | Test Loss: 0.0006 | Test Acc: 94.17%
2026-02-05 18:39:40 KST | INFO |   No improvement (4/30)
2026-02-05 18:39:40 KST | INFO | 
2026-02-05 18:39:40 KST | INFO | Epoch 21/200 | LR: 0.097553
2026-02-05 18:39:47 KST | INFO |   Train Loss: 0.1266 | Test Loss: 0.0006 | Test Acc: 94.93%
2026-02-05 18:39:47 KST | INFO |   🏆 New best accuracy: 94.93%
2026-02-05 18:39:47 KST | INFO | 
2026-02-05 18:39:47 KST | INFO | Epoch 22/200 | LR: 0.097304
2026-02-05 18:39:54 KST | INFO |   Train Loss: 0.1247 | Test Loss: 0.0008 | Test Acc: 92.90%
2026-02-05 18:39:54 KST | INFO |   No improvement (1/30)
2026-02-05 18:39:54 KST | INFO | 
2026-02-05 18:39:54 KST | INFO | Epoch 23/200 | LR: 0.097044
2026-02-05 18:40:01 KST | INFO |   Train Loss: 0.1166 | Test Loss: 0.0007 | Test Acc: 94.40%
2026-02-05 18:40:01 KST | INFO |   No improvement (2/30)
2026-02-05 18:40:01 KST | INFO | 
2026-02-05 18:40:01 KST | INFO | Epoch 24/200 | LR: 0.096772
2026-02-05 18:40:08 KST | INFO |   Train Loss: 0.1156 | Test Loss: 0.0006 | Test Acc: 94.60%
2026-02-05 18:40:08 KST | INFO |   No improvement (3/30)
2026-02-05 18:40:08 KST | INFO | 
2026-02-05 18:40:08 KST | INFO | Epoch 25/200 | LR: 0.096489
2026-02-05 18:40:15 KST | INFO |   Train Loss: 0.1131 | Test Loss: 0.0007 | Test Acc: 94.17%
2026-02-05 18:40:15 KST | INFO |   No improvement (4/30)
2026-02-05 18:40:15 KST | INFO | 
2026-02-05 18:40:15 KST | INFO | Epoch 26/200 | LR: 0.096194
2026-02-05 18:40:22 KST | INFO |   Train Loss: 0.1121 | Test Loss: 0.0006 | Test Acc: 94.50%
2026-02-05 18:40:22 KST | INFO |   No improvement (5/30)
2026-02-05 18:40:22 KST | INFO | 
2026-02-05 18:40:22 KST | INFO | Epoch 27/200 | LR: 0.095888
2026-02-05 18:40:29 KST | INFO |   Train Loss: 0.1052 | Test Loss: 0.0006 | Test Acc: 95.17%
2026-02-05 18:40:29 KST | INFO |   🏆 New best accuracy: 95.17%
2026-02-05 18:40:29 KST | INFO | 
2026-02-05 18:40:29 KST | INFO | Epoch 28/200 | LR: 0.095570
2026-02-05 18:40:36 KST | INFO |   Train Loss: 0.1020 | Test Loss: 0.0007 | Test Acc: 94.00%
2026-02-05 18:40:36 KST | INFO |   No improvement (1/30)
2026-02-05 18:40:36 KST | INFO | 
2026-02-05 18:40:36 KST | INFO | Epoch 29/200 | LR: 0.095241
2026-02-05 18:40:43 KST | INFO |   Train Loss: 0.1028 | Test Loss: 0.0010 | Test Acc: 91.83%
2026-02-05 18:40:43 KST | INFO |   No improvement (2/30)
2026-02-05 18:40:43 KST | INFO | 
2026-02-05 18:40:43 KST | INFO | Epoch 30/200 | LR: 0.094901
2026-02-05 18:40:51 KST | INFO |   Train Loss: 0.1018 | Test Loss: 0.0005 | Test Acc: 95.80%
2026-02-05 18:40:51 KST | INFO |   🏆 New best accuracy: 95.80%
2026-02-05 18:40:51 KST | INFO | 
2026-02-05 18:40:51 KST | INFO | Epoch 31/200 | LR: 0.094550
2026-02-05 18:40:58 KST | INFO |   Train Loss: 0.0991 | Test Loss: 0.0005 | Test Acc: 94.90%
2026-02-05 18:40:58 KST | INFO |   No improvement (1/30)
2026-02-05 18:40:58 KST | INFO | 
2026-02-05 18:40:58 KST | INFO | Epoch 32/200 | LR: 0.094188
2026-02-05 18:41:05 KST | INFO |   Train Loss: 0.1005 | Test Loss: 0.0007 | Test Acc: 94.23%
2026-02-05 18:41:05 KST | INFO |   No improvement (2/30)
2026-02-05 18:41:05 KST | INFO | 
2026-02-05 18:41:05 KST | INFO | Epoch 33/200 | LR: 0.093815
2026-02-05 18:41:12 KST | INFO |   Train Loss: 0.1003 | Test Loss: 0.0005 | Test Acc: 94.93%
2026-02-05 18:41:12 KST | INFO |   No improvement (3/30)
2026-02-05 18:41:12 KST | INFO | 
2026-02-05 18:41:12 KST | INFO | Epoch 34/200 | LR: 0.093432
2026-02-05 18:41:19 KST | INFO |   Train Loss: 0.0981 | Test Loss: 0.0007 | Test Acc: 93.43%
2026-02-05 18:41:19 KST | INFO |   No improvement (4/30)
2026-02-05 18:41:19 KST | INFO | 
2026-02-05 18:41:19 KST | INFO | Epoch 35/200 | LR: 0.093037
2026-02-05 18:41:26 KST | INFO |   Train Loss: 0.0914 | Test Loss: 0.0004 | Test Acc: 96.37%
2026-02-05 18:41:26 KST | INFO |   🏆 New best accuracy: 96.37%
2026-02-05 18:41:26 KST | INFO | 
2026-02-05 18:41:26 KST | INFO | Epoch 36/200 | LR: 0.092632
2026-02-05 18:41:34 KST | INFO |   Train Loss: 0.0907 | Test Loss: 0.0005 | Test Acc: 95.33%
2026-02-05 18:41:34 KST | INFO |   No improvement (1/30)
2026-02-05 18:41:34 KST | INFO | 
2026-02-05 18:41:34 KST | INFO | Epoch 37/200 | LR: 0.092216
2026-02-05 18:41:41 KST | INFO |   Train Loss: 0.0858 | Test Loss: 0.0006 | Test Acc: 94.53%
2026-02-05 18:41:41 KST | INFO |   No improvement (2/30)
2026-02-05 18:41:41 KST | INFO | 
2026-02-05 18:41:41 KST | INFO | Epoch 38/200 | LR: 0.091790
2026-02-05 18:41:48 KST | INFO |   Train Loss: 0.0853 | Test Loss: 0.0005 | Test Acc: 95.53%
2026-02-05 18:41:48 KST | INFO |   No improvement (3/30)
2026-02-05 18:41:48 KST | INFO | 
2026-02-05 18:41:48 KST | INFO | Epoch 39/200 | LR: 0.091354
2026-02-05 18:41:55 KST | INFO |   Train Loss: 0.0878 | Test Loss: 0.0007 | Test Acc: 93.80%
2026-02-05 18:41:55 KST | INFO |   No improvement (4/30)
2026-02-05 18:41:55 KST | INFO | 
2026-02-05 18:41:55 KST | INFO | Epoch 40/200 | LR: 0.090908
2026-02-05 18:42:02 KST | INFO |   Train Loss: 0.0913 | Test Loss: 0.0008 | Test Acc: 94.00%
2026-02-05 18:42:02 KST | INFO |   No improvement (5/30)
2026-02-05 18:42:02 KST | INFO | 
2026-02-05 18:42:02 KST | INFO | Epoch 41/200 | LR: 0.090451
2026-02-05 18:42:09 KST | INFO |   Train Loss: 0.0808 | Test Loss: 0.0006 | Test Acc: 94.87%
2026-02-05 18:42:09 KST | INFO |   No improvement (6/30)
2026-02-05 18:42:09 KST | INFO | 
2026-02-05 18:42:09 KST | INFO | Epoch 42/200 | LR: 0.089984
2026-02-05 18:42:16 KST | INFO |   Train Loss: 0.0865 | Test Loss: 0.0005 | Test Acc: 95.47%
2026-02-05 18:42:16 KST | INFO |   No improvement (7/30)
2026-02-05 18:42:16 KST | INFO | 
2026-02-05 18:42:16 KST | INFO | Epoch 43/200 | LR: 0.089508
2026-02-05 18:42:23 KST | INFO |   Train Loss: 0.0888 | Test Loss: 0.0004 | Test Acc: 96.17%
2026-02-05 18:42:23 KST | INFO |   No improvement (8/30)
2026-02-05 18:42:23 KST | INFO | 
2026-02-05 18:42:23 KST | INFO | Epoch 44/200 | LR: 0.089022
2026-02-05 18:42:30 KST | INFO |   Train Loss: 0.0770 | Test Loss: 0.0006 | Test Acc: 95.10%
2026-02-05 18:42:30 KST | INFO |   No improvement (9/30)
2026-02-05 18:42:30 KST | INFO | 
2026-02-05 18:42:30 KST | INFO | Epoch 45/200 | LR: 0.088526
2026-02-05 18:42:37 KST | INFO |   Train Loss: 0.0795 | Test Loss: 0.0005 | Test Acc: 95.63%
2026-02-05 18:42:37 KST | INFO |   No improvement (10/30)
2026-02-05 18:42:37 KST | INFO | 
2026-02-05 18:42:37 KST | INFO | Epoch 46/200 | LR: 0.088020
2026-02-05 18:42:44 KST | INFO |   Train Loss: 0.0762 | Test Loss: 0.0006 | Test Acc: 95.00%
2026-02-05 18:42:44 KST | INFO |   No improvement (11/30)
2026-02-05 18:42:44 KST | INFO | 
2026-02-05 18:42:44 KST | INFO | Epoch 47/200 | LR: 0.087506
2026-02-05 18:42:51 KST | INFO |   Train Loss: 0.0726 | Test Loss: 0.0006 | Test Acc: 94.93%
2026-02-05 18:42:51 KST | INFO |   No improvement (12/30)
2026-02-05 18:42:51 KST | INFO | 
2026-02-05 18:42:51 KST | INFO | Epoch 48/200 | LR: 0.086982
2026-02-05 18:42:58 KST | INFO |   Train Loss: 0.0751 | Test Loss: 0.0006 | Test Acc: 94.73%
2026-02-05 18:42:58 KST | INFO |   No improvement (13/30)
2026-02-05 18:42:58 KST | INFO | 
2026-02-05 18:42:58 KST | INFO | Epoch 49/200 | LR: 0.086449
2026-02-05 18:43:05 KST | INFO |   Train Loss: 0.0695 | Test Loss: 0.0007 | Test Acc: 94.73%
2026-02-05 18:43:05 KST | INFO |   No improvement (14/30)
2026-02-05 18:43:05 KST | INFO | 
2026-02-05 18:43:05 KST | INFO | Epoch 50/200 | LR: 0.085906
2026-02-05 18:43:12 KST | INFO |   Train Loss: 0.0763 | Test Loss: 0.0006 | Test Acc: 95.60%
2026-02-05 18:43:12 KST | INFO |   No improvement (15/30)
2026-02-05 18:43:12 KST | INFO | 
2026-02-05 18:43:12 KST | INFO | Epoch 51/200 | LR: 0.085355
2026-02-05 18:43:19 KST | INFO |   Train Loss: 0.0738 | Test Loss: 0.0007 | Test Acc: 94.43%
2026-02-05 18:43:19 KST | INFO |   No improvement (16/30)
2026-02-05 18:43:19 KST | INFO | 
2026-02-05 18:43:19 KST | INFO | Epoch 52/200 | LR: 0.084796
2026-02-05 18:43:26 KST | INFO |   Train Loss: 0.0773 | Test Loss: 0.0010 | Test Acc: 91.77%
2026-02-05 18:43:26 KST | INFO |   No improvement (17/30)
2026-02-05 18:43:26 KST | INFO | 
2026-02-05 18:43:26 KST | INFO | Epoch 53/200 | LR: 0.084228
2026-02-05 18:43:33 KST | INFO |   Train Loss: 0.0763 | Test Loss: 0.0005 | Test Acc: 96.17%
2026-02-05 18:43:33 KST | INFO |   No improvement (18/30)
2026-02-05 18:43:33 KST | INFO | 
2026-02-05 18:43:33 KST | INFO | Epoch 54/200 | LR: 0.083651
2026-02-05 18:43:40 KST | INFO |   Train Loss: 0.0653 | Test Loss: 0.0005 | Test Acc: 95.57%
2026-02-05 18:43:40 KST | INFO |   No improvement (19/30)
2026-02-05 18:43:40 KST | INFO | 
2026-02-05 18:43:40 KST | INFO | Epoch 55/200 | LR: 0.083066
2026-02-05 18:43:47 KST | INFO |   Train Loss: 0.0713 | Test Loss: 0.0006 | Test Acc: 94.70%
2026-02-05 18:43:47 KST | INFO |   No improvement (20/30)
2026-02-05 18:43:47 KST | INFO | 
2026-02-05 18:43:47 KST | INFO | Epoch 56/200 | LR: 0.082473
2026-02-05 18:43:54 KST | INFO |   Train Loss: 0.0638 | Test Loss: 0.0006 | Test Acc: 95.27%
2026-02-05 18:43:54 KST | INFO |   No improvement (21/30)
2026-02-05 18:43:54 KST | INFO | 
2026-02-05 18:43:54 KST | INFO | Epoch 57/200 | LR: 0.081871
2026-02-05 18:44:01 KST | INFO |   Train Loss: 0.0666 | Test Loss: 0.0005 | Test Acc: 95.63%
2026-02-05 18:44:01 KST | INFO |   No improvement (22/30)
2026-02-05 18:44:01 KST | INFO | 
2026-02-05 18:44:01 KST | INFO | Epoch 58/200 | LR: 0.081262
2026-02-05 18:44:08 KST | INFO |   Train Loss: 0.0610 | Test Loss: 0.0005 | Test Acc: 95.63%
2026-02-05 18:44:08 KST | INFO |   No improvement (23/30)
2026-02-05 18:44:08 KST | INFO | 
2026-02-05 18:44:08 KST | INFO | Epoch 59/200 | LR: 0.080646
2026-02-05 18:44:15 KST | INFO |   Train Loss: 0.0668 | Test Loss: 0.0005 | Test Acc: 96.00%
2026-02-05 18:44:15 KST | INFO |   No improvement (24/30)
2026-02-05 18:44:15 KST | INFO | 
2026-02-05 18:44:15 KST | INFO | Epoch 60/200 | LR: 0.080021
2026-02-05 18:44:22 KST | INFO |   Train Loss: 0.0621 | Test Loss: 0.0007 | Test Acc: 94.50%
2026-02-05 18:44:22 KST | INFO |   No improvement (25/30)
2026-02-05 18:44:22 KST | INFO | 
2026-02-05 18:44:22 KST | INFO | Epoch 61/200 | LR: 0.079389
2026-02-05 18:44:29 KST | INFO |   Train Loss: 0.0627 | Test Loss: 0.0005 | Test Acc: 95.27%
2026-02-05 18:44:29 KST | INFO |   No improvement (26/30)
2026-02-05 18:44:29 KST | INFO | 
2026-02-05 18:44:29 KST | INFO | Epoch 62/200 | LR: 0.078750
2026-02-05 18:44:36 KST | INFO |   Train Loss: 0.0615 | Test Loss: 0.0007 | Test Acc: 94.60%
2026-02-05 18:44:36 KST | INFO |   No improvement (27/30)
2026-02-05 18:44:36 KST | INFO | 
2026-02-05 18:44:36 KST | INFO | Epoch 63/200 | LR: 0.078104
2026-02-05 18:44:43 KST | INFO |   Train Loss: 0.0629 | Test Loss: 0.0005 | Test Acc: 95.60%
2026-02-05 18:44:43 KST | INFO |   No improvement (28/30)
2026-02-05 18:44:43 KST | INFO | 
2026-02-05 18:44:43 KST | INFO | Epoch 64/200 | LR: 0.077451
2026-02-05 18:44:50 KST | INFO |   Train Loss: 0.0618 | Test Loss: 0.0005 | Test Acc: 96.33%
2026-02-05 18:44:50 KST | INFO |   No improvement (29/30)
2026-02-05 18:44:50 KST | INFO | 
2026-02-05 18:44:50 KST | INFO | Epoch 65/200 | LR: 0.076792
2026-02-05 18:44:57 KST | INFO |   Train Loss: 0.0573 | Test Loss: 0.0007 | Test Acc: 94.50%
2026-02-05 18:44:57 KST | INFO |   No improvement (30/30)
2026-02-05 18:44:57 KST | INFO | 
2026-02-05 18:44:57 KST | INFO | Early stopping after 30 epochs without improvement
2026-02-05 18:44:57 KST | INFO | 
2026-02-05 18:44:57 KST | INFO | ================================================================================
2026-02-05 18:44:57 KST | INFO | TRAINING COMPLETE
2026-02-05 18:44:57 KST | INFO | ================================================================================
2026-02-05 18:44:57 KST | INFO | Best accuracy:  96.37% (Epoch 35)
2026-02-05 18:44:57 KST | INFO | Final accuracy: 94.50%
2026-02-05 18:44:57 KST | INFO | ================================================================================
2026-02-05 18:44:57 KST | INFO | 
2026-02-05 18:44:57 KST | INFO | Notifying nodes of completion...
2026-02-05 18:44:58 KST | INFO | ✓ Nodes notified
2026-02-05 18:44:58 KST | INFO | 
2026-02-05 18:44:58 KST | INFO | Closing connections...
2026-02-05 18:44:58 KST | INFO | ✓ Cleanup complete
2026-02-05 18:44:58 KST | INFO | 
2026-02-05 18:44:58 KST | INFO | Full log: logs/TL++_base_20260205_183641.log
2026-02-05 18:44:58 KST | INFO | ================================================================================
