2026-02-05 19:18:44 KST | INFO | ================================================================================
2026-02-05 19:18:44 KST | INFO | TL++ Orchestrator
2026-02-05 19:18:44 KST | INFO | ================================================================================
2026-02-05 19:18:44 KST | INFO | Log file: logs/TL++_base_20260205_191844.log
2026-02-05 19:18:44 KST | INFO | 
2026-02-05 19:18:44 KST | INFO | --------------------------------------------------------------------------------
2026-02-05 19:18:44 KST | INFO | CONFIGURATION
2026-02-05 19:18:44 KST | INFO | --------------------------------------------------------------------------------
2026-02-05 19:18:44 KST | INFO | Secure mode:      False
2026-02-05 19:18:44 KST | INFO | Nodes:            3
2026-02-05 19:18:44 KST | INFO | Cut layer:        2
2026-02-05 19:18:44 KST | INFO | Batch size:       128
2026-02-05 19:18:44 KST | INFO | Learning rate:    0.1
2026-02-05 19:18:44 KST | INFO | 
2026-02-05 19:18:45 KST | INFO | Computation device: cuda
2026-02-05 19:18:45 KST | INFO | Secure mode: DISABLED
2026-02-05 19:18:45 KST | INFO | 
2026-02-05 19:18:45 KST | INFO | --------------------------------------------------------------------------------
2026-02-05 19:18:45 KST | INFO | NETWORK SETUP
2026-02-05 19:18:45 KST | INFO | --------------------------------------------------------------------------------
2026-02-05 19:18:45 KST | INFO | ✓ Orchestrator listening on 127.0.0.1:8080
2026-02-05 19:18:45 KST | INFO | Waiting for 3 node(s)...
2026-02-05 19:18:48 KST | INFO |   ✓ Node 1/3 connected
2026-02-05 19:18:49 KST | INFO |   ✓ Node 2/3 connected
2026-02-05 19:18:50 KST | INFO |   ✓ Node 3/3 connected
2026-02-05 19:18:50 KST | INFO | ✓ All 3 node(s) connected
2026-02-05 19:18:50 KST | INFO | 
2026-02-05 19:18:50 KST | INFO | --------------------------------------------------------------------------------
2026-02-05 19:18:50 KST | INFO | MODEL INITIALIZATION
2026-02-05 19:18:50 KST | INFO | --------------------------------------------------------------------------------
2026-02-05 19:18:50 KST | INFO | Node-side parameters: 260,160
2026-02-05 19:18:50 KST | INFO | 
2026-02-05 19:18:50 KST | INFO | --------------------------------------------------------------------------------
2026-02-05 19:18:50 KST | INFO | BROADCASTING CONFIGURATION
2026-02-05 19:18:50 KST | INFO | --------------------------------------------------------------------------------
2026-02-05 19:18:50 KST | INFO | ✓ Configuration broadcast to all nodes
2026-02-05 19:18:51 KST | INFO | 
2026-02-05 19:18:51 KST | INFO | Total parameters:     3,244,611
2026-02-05 19:18:51 KST | INFO | Trainable parameters: 3,244,611
2026-02-05 19:18:51 KST | INFO | 
2026-02-05 19:18:51 KST | INFO | --------------------------------------------------------------------------------
2026-02-05 19:18:51 KST | INFO | DATA LOADING
2026-02-05 19:18:51 KST | INFO | --------------------------------------------------------------------------------
2026-02-05 19:19:16 KST | INFO | ✓ Dataset information collected:
2026-02-05 19:19:16 KST | INFO |     Node 1: 5,000 samples
2026-02-05 19:19:16 KST | INFO |     Node 2: 5,000 samples
2026-02-05 19:19:16 KST | INFO |     Node 3: 5,000 samples
2026-02-05 19:19:16 KST | INFO |   Total training samples: 15,000
2026-02-05 19:19:16 KST | INFO | 
2026-02-05 19:19:19 KST | INFO | ✓ Test dataset loaded: 3,000 samples
2026-02-05 19:19:19 KST | INFO | 
2026-02-05 19:19:19 KST | INFO | ✓ Batch scheduler: 118 batches/epoch
2026-02-05 19:19:19 KST | INFO | 
2026-02-05 19:19:19 KST | INFO | --------------------------------------------------------------------------------
2026-02-05 19:19:19 KST | INFO | OPTIMIZATION SETUP
2026-02-05 19:19:19 KST | INFO | --------------------------------------------------------------------------------
2026-02-05 19:19:19 KST | INFO | ✓ Optimizer: SGD (lr=0.1, momentum=0.9)
2026-02-05 19:19:19 KST | INFO | ✓ Scheduler: cosine
2026-02-05 19:19:19 KST | INFO | ✓ Gradient clipping: 1.0
2026-02-05 19:19:19 KST | INFO | 
2026-02-05 19:19:19 KST | INFO | ================================================================================
2026-02-05 19:19:19 KST | INFO | Setup complete - Ready for training
2026-02-05 19:19:19 KST | INFO | ================================================================================
2026-02-05 19:19:19 KST | INFO | 
2026-02-05 19:19:19 KST | INFO | --------------------------------------------------------------------------------
2026-02-05 19:19:19 KST | INFO | TRAINING
2026-02-05 19:19:19 KST | INFO | --------------------------------------------------------------------------------
2026-02-05 19:19:19 KST | INFO | 
2026-02-05 19:19:19 KST | INFO | Epoch 1/200 | LR: 0.100000
2026-02-05 19:19:28 KST | INFO |   Train Loss: 0.7823 | Test Loss: 0.0018 | Test Acc: 81.63%
2026-02-05 19:19:28 KST | INFO |   🏆 New best accuracy: 81.63%
2026-02-05 19:19:28 KST | INFO | 
2026-02-05 19:19:28 KST | INFO | Epoch 2/200 | LR: 0.099994
2026-02-05 19:19:35 KST | INFO |   Train Loss: 0.5158 | Test Loss: 0.0017 | Test Acc: 83.30%
2026-02-05 19:19:35 KST | INFO |   🏆 New best accuracy: 83.30%
2026-02-05 19:19:35 KST | INFO | 
2026-02-05 19:19:35 KST | INFO | Epoch 3/200 | LR: 0.099975
2026-02-05 19:19:42 KST | INFO |   Train Loss: 0.4165 | Test Loss: 0.0015 | Test Acc: 83.93%
2026-02-05 19:19:42 KST | INFO |   🏆 New best accuracy: 83.93%
2026-02-05 19:19:42 KST | INFO | 
2026-02-05 19:19:42 KST | INFO | Epoch 4/200 | LR: 0.099944
2026-02-05 19:19:49 KST | INFO |   Train Loss: 0.3386 | Test Loss: 0.0019 | Test Acc: 82.03%
2026-02-05 19:19:49 KST | INFO |   No improvement (1/30)
2026-02-05 19:19:49 KST | INFO | 
2026-02-05 19:19:49 KST | INFO | Epoch 5/200 | LR: 0.099901
2026-02-05 19:19:56 KST | INFO |   Train Loss: 0.3015 | Test Loss: 0.0013 | Test Acc: 87.43%
2026-02-05 19:19:56 KST | INFO |   🏆 New best accuracy: 87.43%
2026-02-05 19:19:56 KST | INFO | 
2026-02-05 19:19:56 KST | INFO | Epoch 6/200 | LR: 0.099846
2026-02-05 19:20:03 KST | INFO |   Train Loss: 0.2689 | Test Loss: 0.0010 | Test Acc: 90.27%
2026-02-05 19:20:03 KST | INFO |   🏆 New best accuracy: 90.27%
2026-02-05 19:20:03 KST | INFO | 
2026-02-05 19:20:03 KST | INFO | Epoch 7/200 | LR: 0.099778
2026-02-05 19:20:11 KST | INFO |   Train Loss: 0.2475 | Test Loss: 0.0009 | Test Acc: 91.70%
2026-02-05 19:20:11 KST | INFO |   🏆 New best accuracy: 91.70%
2026-02-05 19:20:11 KST | INFO | 
2026-02-05 19:20:11 KST | INFO | Epoch 8/200 | LR: 0.099698
2026-02-05 19:20:18 KST | INFO |   Train Loss: 0.2220 | Test Loss: 0.0012 | Test Acc: 88.93%
2026-02-05 19:20:18 KST | INFO |   No improvement (1/30)
2026-02-05 19:20:18 KST | INFO | 
2026-02-05 19:20:18 KST | INFO | Epoch 9/200 | LR: 0.099606
2026-02-05 19:20:25 KST | INFO |   Train Loss: 0.2128 | Test Loss: 0.0008 | Test Acc: 92.80%
2026-02-05 19:20:25 KST | INFO |   🏆 New best accuracy: 92.80%
2026-02-05 19:20:25 KST | INFO | 
2026-02-05 19:20:25 KST | INFO | Epoch 10/200 | LR: 0.099501
2026-02-05 19:20:32 KST | INFO |   Train Loss: 0.1973 | Test Loss: 0.0007 | Test Acc: 93.73%
2026-02-05 19:20:32 KST | INFO |   🏆 New best accuracy: 93.73%
2026-02-05 19:20:32 KST | INFO | 
2026-02-05 19:20:32 KST | INFO | Epoch 11/200 | LR: 0.099384
2026-02-05 19:20:39 KST | INFO |   Train Loss: 0.1891 | Test Loss: 0.0017 | Test Acc: 85.17%
2026-02-05 19:20:39 KST | INFO |   No improvement (1/30)
2026-02-05 19:20:39 KST | INFO | 
2026-02-05 19:20:39 KST | INFO | Epoch 12/200 | LR: 0.099255
2026-02-05 19:20:46 KST | INFO |   Train Loss: 0.1748 | Test Loss: 0.0007 | Test Acc: 92.77%
2026-02-05 19:20:46 KST | INFO |   No improvement (2/30)
2026-02-05 19:20:46 KST | INFO | 
2026-02-05 19:20:46 KST | INFO | Epoch 13/200 | LR: 0.099114
2026-02-05 19:20:53 KST | INFO |   Train Loss: 0.1640 | Test Loss: 0.0006 | Test Acc: 93.77%
2026-02-05 19:20:53 KST | INFO |   🏆 New best accuracy: 93.77%
2026-02-05 19:20:53 KST | INFO | 
2026-02-05 19:20:53 KST | INFO | Epoch 14/200 | LR: 0.098961
2026-02-05 19:21:00 KST | INFO |   Train Loss: 0.1578 | Test Loss: 0.0007 | Test Acc: 93.33%
2026-02-05 19:21:00 KST | INFO |   No improvement (1/30)
2026-02-05 19:21:00 KST | INFO | 
2026-02-05 19:21:00 KST | INFO | Epoch 15/200 | LR: 0.098796
2026-02-05 19:21:07 KST | INFO |   Train Loss: 0.1534 | Test Loss: 0.0011 | Test Acc: 90.43%
2026-02-05 19:21:07 KST | INFO |   No improvement (2/30)
2026-02-05 19:21:07 KST | INFO | 
2026-02-05 19:21:07 KST | INFO | Epoch 16/200 | LR: 0.098619
2026-02-05 19:21:14 KST | INFO |   Train Loss: 0.1502 | Test Loss: 0.0006 | Test Acc: 94.03%
2026-02-05 19:21:14 KST | INFO |   🏆 New best accuracy: 94.03%
2026-02-05 19:21:14 KST | INFO | 
2026-02-05 19:21:14 KST | INFO | Epoch 17/200 | LR: 0.098429
2026-02-05 19:21:21 KST | INFO |   Train Loss: 0.1466 | Test Loss: 0.0008 | Test Acc: 93.23%
2026-02-05 19:21:21 KST | INFO |   No improvement (1/30)
2026-02-05 19:21:21 KST | INFO | 
2026-02-05 19:21:21 KST | INFO | Epoch 18/200 | LR: 0.098228
2026-02-05 19:21:28 KST | INFO |   Train Loss: 0.1422 | Test Loss: 0.0007 | Test Acc: 93.43%
2026-02-05 19:21:28 KST | INFO |   No improvement (2/30)
2026-02-05 19:21:28 KST | INFO | 
2026-02-05 19:21:28 KST | INFO | Epoch 19/200 | LR: 0.098015
2026-02-05 19:21:35 KST | INFO |   Train Loss: 0.1353 | Test Loss: 0.0005 | Test Acc: 95.27%
2026-02-05 19:21:35 KST | INFO |   🏆 New best accuracy: 95.27%
2026-02-05 19:21:35 KST | INFO | 
2026-02-05 19:21:35 KST | INFO | Epoch 20/200 | LR: 0.097790
2026-02-05 19:21:42 KST | INFO |   Train Loss: 0.1366 | Test Loss: 0.0007 | Test Acc: 94.10%
2026-02-05 19:21:42 KST | INFO |   No improvement (1/30)
2026-02-05 19:21:42 KST | INFO | 
2026-02-05 19:21:42 KST | INFO | Epoch 21/200 | LR: 0.097553
2026-02-05 19:21:49 KST | INFO |   Train Loss: 0.1248 | Test Loss: 0.0007 | Test Acc: 93.17%
2026-02-05 19:21:49 KST | INFO |   No improvement (2/30)
2026-02-05 19:21:49 KST | INFO | 
2026-02-05 19:21:49 KST | INFO | Epoch 22/200 | LR: 0.097304
2026-02-05 19:21:56 KST | INFO |   Train Loss: 0.1224 | Test Loss: 0.0005 | Test Acc: 95.07%
2026-02-05 19:21:56 KST | INFO |   No improvement (3/30)
2026-02-05 19:21:56 KST | INFO | 
2026-02-05 19:21:56 KST | INFO | Epoch 23/200 | LR: 0.097044
2026-02-05 19:22:03 KST | INFO |   Train Loss: 0.1187 | Test Loss: 0.0005 | Test Acc: 95.07%
2026-02-05 19:22:03 KST | INFO |   No improvement (4/30)
2026-02-05 19:22:03 KST | INFO | 
2026-02-05 19:22:03 KST | INFO | Epoch 24/200 | LR: 0.096772
2026-02-05 19:22:10 KST | INFO |   Train Loss: 0.1164 | Test Loss: 0.0007 | Test Acc: 93.13%
2026-02-05 19:22:10 KST | INFO |   No improvement (5/30)
2026-02-05 19:22:10 KST | INFO | 
2026-02-05 19:22:10 KST | INFO | Epoch 25/200 | LR: 0.096489
2026-02-05 19:22:17 KST | INFO |   Train Loss: 0.1201 | Test Loss: 0.0006 | Test Acc: 94.90%
2026-02-05 19:22:17 KST | INFO |   No improvement (6/30)
2026-02-05 19:22:17 KST | INFO | 
2026-02-05 19:22:17 KST | INFO | Epoch 26/200 | LR: 0.096194
2026-02-05 19:22:25 KST | INFO |   Train Loss: 0.1176 | Test Loss: 0.0005 | Test Acc: 95.27%
2026-02-05 19:22:25 KST | INFO |   No improvement (7/30)
2026-02-05 19:22:25 KST | INFO | 
2026-02-05 19:22:25 KST | INFO | Epoch 27/200 | LR: 0.095888
2026-02-05 19:22:32 KST | INFO |   Train Loss: 0.1086 | Test Loss: 0.0004 | Test Acc: 95.83%
2026-02-05 19:22:32 KST | INFO |   🏆 New best accuracy: 95.83%
2026-02-05 19:22:32 KST | INFO | 
2026-02-05 19:22:32 KST | INFO | Epoch 28/200 | LR: 0.095570
2026-02-05 19:22:39 KST | INFO |   Train Loss: 0.1022 | Test Loss: 0.0005 | Test Acc: 95.23%
2026-02-05 19:22:39 KST | INFO |   No improvement (1/30)
2026-02-05 19:22:39 KST | INFO | 
2026-02-05 19:22:39 KST | INFO | Epoch 29/200 | LR: 0.095241
2026-02-05 19:22:46 KST | INFO |   Train Loss: 0.1079 | Test Loss: 0.0007 | Test Acc: 94.17%
2026-02-05 19:22:46 KST | INFO |   No improvement (2/30)
2026-02-05 19:22:46 KST | INFO | 
2026-02-05 19:22:46 KST | INFO | Epoch 30/200 | LR: 0.094901
2026-02-05 19:22:53 KST | INFO |   Train Loss: 0.1074 | Test Loss: 0.0005 | Test Acc: 95.57%
2026-02-05 19:22:53 KST | INFO |   No improvement (3/30)
2026-02-05 19:22:53 KST | INFO | 
2026-02-05 19:22:53 KST | INFO | Epoch 31/200 | LR: 0.094550
2026-02-05 19:23:00 KST | INFO |   Train Loss: 0.1013 | Test Loss: 0.0010 | Test Acc: 92.23%
2026-02-05 19:23:00 KST | INFO |   No improvement (4/30)
2026-02-05 19:23:00 KST | INFO | 
2026-02-05 19:23:00 KST | INFO | Epoch 32/200 | LR: 0.094188
2026-02-05 19:23:07 KST | INFO |   Train Loss: 0.0978 | Test Loss: 0.0005 | Test Acc: 95.37%
2026-02-05 19:23:07 KST | INFO |   No improvement (5/30)
2026-02-05 19:23:07 KST | INFO | 
2026-02-05 19:23:07 KST | INFO | Epoch 33/200 | LR: 0.093815
2026-02-05 19:23:14 KST | INFO |   Train Loss: 0.0949 | Test Loss: 0.0006 | Test Acc: 93.77%
2026-02-05 19:23:14 KST | INFO |   No improvement (6/30)
2026-02-05 19:23:14 KST | INFO | 
2026-02-05 19:23:14 KST | INFO | Epoch 34/200 | LR: 0.093432
2026-02-05 19:23:22 KST | INFO |   Train Loss: 0.0962 | Test Loss: 0.0007 | Test Acc: 93.80%
2026-02-05 19:23:22 KST | INFO |   No improvement (7/30)
2026-02-05 19:23:22 KST | INFO | 
2026-02-05 19:23:22 KST | INFO | Epoch 35/200 | LR: 0.093037
2026-02-05 19:23:29 KST | INFO |   Train Loss: 0.0945 | Test Loss: 0.0005 | Test Acc: 95.17%
2026-02-05 19:23:29 KST | INFO |   No improvement (8/30)
2026-02-05 19:23:29 KST | INFO | 
2026-02-05 19:23:29 KST | INFO | Epoch 36/200 | LR: 0.092632
2026-02-05 19:23:36 KST | INFO |   Train Loss: 0.0928 | Test Loss: 0.0007 | Test Acc: 93.53%
2026-02-05 19:23:36 KST | INFO |   No improvement (9/30)
2026-02-05 19:23:36 KST | INFO | 
2026-02-05 19:23:36 KST | INFO | Epoch 37/200 | LR: 0.092216
2026-02-05 19:23:42 KST | INFO |   Train Loss: 0.0895 | Test Loss: 0.0006 | Test Acc: 94.87%
2026-02-05 19:23:42 KST | INFO |   No improvement (10/30)
2026-02-05 19:23:42 KST | INFO | 
2026-02-05 19:23:42 KST | INFO | Epoch 38/200 | LR: 0.091790
2026-02-05 19:23:49 KST | INFO |   Train Loss: 0.0892 | Test Loss: 0.0005 | Test Acc: 95.17%
2026-02-05 19:23:49 KST | INFO |   No improvement (11/30)
2026-02-05 19:23:49 KST | INFO | 
2026-02-05 19:23:49 KST | INFO | Epoch 39/200 | LR: 0.091354
2026-02-05 19:23:57 KST | INFO |   Train Loss: 0.0857 | Test Loss: 0.0010 | Test Acc: 92.53%
2026-02-05 19:23:57 KST | INFO |   No improvement (12/30)
2026-02-05 19:23:57 KST | INFO | 
2026-02-05 19:23:57 KST | INFO | Epoch 40/200 | LR: 0.090908
2026-02-05 19:24:04 KST | INFO |   Train Loss: 0.0932 | Test Loss: 0.0006 | Test Acc: 95.17%
2026-02-05 19:24:04 KST | INFO |   No improvement (13/30)
2026-02-05 19:24:04 KST | INFO | 
2026-02-05 19:24:04 KST | INFO | Epoch 41/200 | LR: 0.090451
2026-02-05 19:24:11 KST | INFO |   Train Loss: 0.0832 | Test Loss: 0.0005 | Test Acc: 95.63%
2026-02-05 19:24:11 KST | INFO |   No improvement (14/30)
2026-02-05 19:24:11 KST | INFO | 
2026-02-05 19:24:11 KST | INFO | Epoch 42/200 | LR: 0.089984
2026-02-05 19:24:18 KST | INFO |   Train Loss: 0.0848 | Test Loss: 0.0006 | Test Acc: 94.67%
2026-02-05 19:24:18 KST | INFO |   No improvement (15/30)
2026-02-05 19:24:18 KST | INFO | 
2026-02-05 19:24:18 KST | INFO | Epoch 43/200 | LR: 0.089508
2026-02-05 19:24:25 KST | INFO |   Train Loss: 0.0839 | Test Loss: 0.0006 | Test Acc: 94.60%
2026-02-05 19:24:25 KST | INFO |   No improvement (16/30)
2026-02-05 19:24:25 KST | INFO | 
2026-02-05 19:24:25 KST | INFO | Epoch 44/200 | LR: 0.089022
2026-02-05 19:24:32 KST | INFO |   Train Loss: 0.0792 | Test Loss: 0.0006 | Test Acc: 95.10%
2026-02-05 19:24:32 KST | INFO |   No improvement (17/30)
2026-02-05 19:24:32 KST | INFO | 
2026-02-05 19:24:32 KST | INFO | Epoch 45/200 | LR: 0.088526
2026-02-05 19:24:39 KST | INFO |   Train Loss: 0.0795 | Test Loss: 0.0009 | Test Acc: 93.37%
2026-02-05 19:24:39 KST | INFO |   No improvement (18/30)
2026-02-05 19:24:39 KST | INFO | 
2026-02-05 19:24:39 KST | INFO | Epoch 46/200 | LR: 0.088020
2026-02-05 19:24:46 KST | INFO |   Train Loss: 0.0822 | Test Loss: 0.0008 | Test Acc: 93.80%
2026-02-05 19:24:46 KST | INFO |   No improvement (19/30)
2026-02-05 19:24:46 KST | INFO | 
2026-02-05 19:24:46 KST | INFO | Epoch 47/200 | LR: 0.087506
2026-02-05 19:24:53 KST | INFO |   Train Loss: 0.0761 | Test Loss: 0.0005 | Test Acc: 95.67%
2026-02-05 19:24:53 KST | INFO |   No improvement (20/30)
2026-02-05 19:24:53 KST | INFO | 
2026-02-05 19:24:53 KST | INFO | Epoch 48/200 | LR: 0.086982
2026-02-05 19:25:00 KST | INFO |   Train Loss: 0.0760 | Test Loss: 0.0006 | Test Acc: 94.37%
2026-02-05 19:25:00 KST | INFO |   No improvement (21/30)
2026-02-05 19:25:00 KST | INFO | 
2026-02-05 19:25:00 KST | INFO | Epoch 49/200 | LR: 0.086449
2026-02-05 19:25:07 KST | INFO |   Train Loss: 0.0755 | Test Loss: 0.0005 | Test Acc: 95.77%
2026-02-05 19:25:07 KST | INFO |   No improvement (22/30)
2026-02-05 19:25:07 KST | INFO | 
2026-02-05 19:25:07 KST | INFO | Epoch 50/200 | LR: 0.085906
2026-02-05 19:25:14 KST | INFO |   Train Loss: 0.0751 | Test Loss: 0.0005 | Test Acc: 95.40%
2026-02-05 19:25:14 KST | INFO |   No improvement (23/30)
2026-02-05 19:25:14 KST | INFO | 
2026-02-05 19:25:14 KST | INFO | Epoch 51/200 | LR: 0.085355
2026-02-05 19:25:21 KST | INFO |   Train Loss: 0.0730 | Test Loss: 0.0005 | Test Acc: 95.50%
2026-02-05 19:25:21 KST | INFO |   No improvement (24/30)
2026-02-05 19:25:21 KST | INFO | 
2026-02-05 19:25:21 KST | INFO | Epoch 52/200 | LR: 0.084796
2026-02-05 19:25:28 KST | INFO |   Train Loss: 0.0734 | Test Loss: 0.0006 | Test Acc: 95.13%
2026-02-05 19:25:28 KST | INFO |   No improvement (25/30)
2026-02-05 19:25:28 KST | INFO | 
2026-02-05 19:25:28 KST | INFO | Epoch 53/200 | LR: 0.084228
2026-02-05 19:25:35 KST | INFO |   Train Loss: 0.0713 | Test Loss: 0.0008 | Test Acc: 93.27%
2026-02-05 19:25:35 KST | INFO |   No improvement (26/30)
2026-02-05 19:25:35 KST | INFO | 
2026-02-05 19:25:35 KST | INFO | Epoch 54/200 | LR: 0.083651
2026-02-05 19:25:42 KST | INFO |   Train Loss: 0.0675 | Test Loss: 0.0006 | Test Acc: 94.80%
2026-02-05 19:25:42 KST | INFO |   No improvement (27/30)
2026-02-05 19:25:42 KST | INFO | 
2026-02-05 19:25:42 KST | INFO | Epoch 55/200 | LR: 0.083066
2026-02-05 19:25:49 KST | INFO |   Train Loss: 0.0683 | Test Loss: 0.0004 | Test Acc: 96.03%
2026-02-05 19:25:49 KST | INFO |   🏆 New best accuracy: 96.03%
2026-02-05 19:25:49 KST | INFO | 
2026-02-05 19:25:49 KST | INFO | Epoch 56/200 | LR: 0.082473
2026-02-05 19:25:56 KST | INFO |   Train Loss: 0.0712 | Test Loss: 0.0008 | Test Acc: 93.83%
2026-02-05 19:25:56 KST | INFO |   No improvement (1/30)
2026-02-05 19:25:56 KST | INFO | 
2026-02-05 19:25:56 KST | INFO | Epoch 57/200 | LR: 0.081871
2026-02-05 19:26:03 KST | INFO |   Train Loss: 0.0705 | Test Loss: 0.0005 | Test Acc: 95.77%
2026-02-05 19:26:03 KST | INFO |   No improvement (2/30)
2026-02-05 19:26:03 KST | INFO | 
2026-02-05 19:26:03 KST | INFO | Epoch 58/200 | LR: 0.081262
2026-02-05 19:26:10 KST | INFO |   Train Loss: 0.0649 | Test Loss: 0.0006 | Test Acc: 95.00%
2026-02-05 19:26:10 KST | INFO |   No improvement (3/30)
2026-02-05 19:26:10 KST | INFO | 
2026-02-05 19:26:10 KST | INFO | Epoch 59/200 | LR: 0.080646
2026-02-05 19:26:17 KST | INFO |   Train Loss: 0.0622 | Test Loss: 0.0007 | Test Acc: 93.90%
2026-02-05 19:26:17 KST | INFO |   No improvement (4/30)
2026-02-05 19:26:17 KST | INFO | 
2026-02-05 19:26:17 KST | INFO | Epoch 60/200 | LR: 0.080021
2026-02-05 19:26:24 KST | INFO |   Train Loss: 0.0627 | Test Loss: 0.0006 | Test Acc: 94.57%
2026-02-05 19:26:24 KST | INFO |   No improvement (5/30)
2026-02-05 19:26:24 KST | INFO | 
2026-02-05 19:26:24 KST | INFO | Epoch 61/200 | LR: 0.079389
2026-02-05 19:26:31 KST | INFO |   Train Loss: 0.0634 | Test Loss: 0.0005 | Test Acc: 95.57%
2026-02-05 19:26:31 KST | INFO |   No improvement (6/30)
2026-02-05 19:26:31 KST | INFO | 
2026-02-05 19:26:31 KST | INFO | Epoch 62/200 | LR: 0.078750
2026-02-05 19:26:38 KST | INFO |   Train Loss: 0.0599 | Test Loss: 0.0006 | Test Acc: 94.73%
2026-02-05 19:26:38 KST | INFO |   No improvement (7/30)
2026-02-05 19:26:38 KST | INFO | 
2026-02-05 19:26:38 KST | INFO | Epoch 63/200 | LR: 0.078104
2026-02-05 19:26:46 KST | INFO |   Train Loss: 0.0640 | Test Loss: 0.0005 | Test Acc: 95.97%
2026-02-05 19:26:46 KST | INFO |   No improvement (8/30)
2026-02-05 19:26:46 KST | INFO | 
2026-02-05 19:26:46 KST | INFO | Epoch 64/200 | LR: 0.077451
2026-02-05 19:26:53 KST | INFO |   Train Loss: 0.0632 | Test Loss: 0.0006 | Test Acc: 95.03%
2026-02-05 19:26:53 KST | INFO |   No improvement (9/30)
2026-02-05 19:26:53 KST | INFO | 
2026-02-05 19:26:53 KST | INFO | Epoch 65/200 | LR: 0.076792
2026-02-05 19:27:00 KST | INFO |   Train Loss: 0.0598 | Test Loss: 0.0005 | Test Acc: 95.97%
2026-02-05 19:27:00 KST | INFO |   No improvement (10/30)
2026-02-05 19:27:00 KST | INFO | 
2026-02-05 19:27:00 KST | INFO | Epoch 66/200 | LR: 0.076125
2026-02-05 19:27:07 KST | INFO |   Train Loss: 0.0579 | Test Loss: 0.0004 | Test Acc: 96.07%
2026-02-05 19:27:07 KST | INFO |   🏆 New best accuracy: 96.07%
2026-02-05 19:27:07 KST | INFO | 
2026-02-05 19:27:07 KST | INFO | Epoch 67/200 | LR: 0.075452
2026-02-05 19:27:14 KST | INFO |   Train Loss: 0.0565 | Test Loss: 0.0006 | Test Acc: 94.50%
2026-02-05 19:27:14 KST | INFO |   No improvement (1/30)
2026-02-05 19:27:14 KST | INFO | 
2026-02-05 19:27:14 KST | INFO | Epoch 68/200 | LR: 0.074773
2026-02-05 19:27:21 KST | INFO |   Train Loss: 0.0546 | Test Loss: 0.0005 | Test Acc: 96.27%
2026-02-05 19:27:21 KST | INFO |   🏆 New best accuracy: 96.27%
2026-02-05 19:27:21 KST | INFO | 
2026-02-05 19:27:21 KST | INFO | Epoch 69/200 | LR: 0.074088
2026-02-05 19:27:28 KST | INFO |   Train Loss: 0.0544 | Test Loss: 0.0009 | Test Acc: 93.97%
2026-02-05 19:27:28 KST | INFO |   No improvement (1/30)
2026-02-05 19:27:28 KST | INFO | 
2026-02-05 19:27:28 KST | INFO | Epoch 70/200 | LR: 0.073397
2026-02-05 19:27:35 KST | INFO |   Train Loss: 0.0543 | Test Loss: 0.0005 | Test Acc: 95.43%
2026-02-05 19:27:35 KST | INFO |   No improvement (2/30)
2026-02-05 19:27:35 KST | INFO | 
2026-02-05 19:27:35 KST | INFO | Epoch 71/200 | LR: 0.072700
2026-02-05 19:27:42 KST | INFO |   Train Loss: 0.0546 | Test Loss: 0.0006 | Test Acc: 94.57%
2026-02-05 19:27:42 KST | INFO |   No improvement (3/30)
2026-02-05 19:27:42 KST | INFO | 
2026-02-05 19:27:42 KST | INFO | Epoch 72/200 | LR: 0.071997
2026-02-05 19:27:49 KST | INFO |   Train Loss: 0.0533 | Test Loss: 0.0006 | Test Acc: 95.20%
2026-02-05 19:27:49 KST | INFO |   No improvement (4/30)
2026-02-05 19:27:49 KST | INFO | 
2026-02-05 19:27:49 KST | INFO | Epoch 73/200 | LR: 0.071289
2026-02-05 19:27:56 KST | INFO |   Train Loss: 0.0527 | Test Loss: 0.0006 | Test Acc: 95.37%
2026-02-05 19:27:56 KST | INFO |   No improvement (5/30)
2026-02-05 19:27:56 KST | INFO | 
2026-02-05 19:27:56 KST | INFO | Epoch 74/200 | LR: 0.070576
2026-02-05 19:28:03 KST | INFO |   Train Loss: 0.0494 | Test Loss: 0.0005 | Test Acc: 95.87%
2026-02-05 19:28:03 KST | INFO |   No improvement (6/30)
2026-02-05 19:28:03 KST | INFO | 
2026-02-05 19:28:03 KST | INFO | Epoch 75/200 | LR: 0.069858
2026-02-05 19:28:10 KST | INFO |   Train Loss: 0.0537 | Test Loss: 0.0006 | Test Acc: 95.53%
2026-02-05 19:28:10 KST | INFO |   No improvement (7/30)
2026-02-05 19:28:10 KST | INFO | 
2026-02-05 19:28:10 KST | INFO | Epoch 76/200 | LR: 0.069134
2026-02-05 19:28:17 KST | INFO |   Train Loss: 0.0498 | Test Loss: 0.0005 | Test Acc: 96.20%
2026-02-05 19:28:17 KST | INFO |   No improvement (8/30)
2026-02-05 19:28:17 KST | INFO | 
2026-02-05 19:28:17 KST | INFO | Epoch 77/200 | LR: 0.068407
2026-02-05 19:28:24 KST | INFO |   Train Loss: 0.0515 | Test Loss: 0.0006 | Test Acc: 95.27%
2026-02-05 19:28:24 KST | INFO |   No improvement (9/30)
2026-02-05 19:28:24 KST | INFO | 
2026-02-05 19:28:24 KST | INFO | Epoch 78/200 | LR: 0.067674
2026-02-05 19:28:31 KST | INFO |   Train Loss: 0.0496 | Test Loss: 0.0005 | Test Acc: 95.83%
2026-02-05 19:28:31 KST | INFO |   No improvement (10/30)
2026-02-05 19:28:31 KST | INFO | 
2026-02-05 19:28:31 KST | INFO | Epoch 79/200 | LR: 0.066937
2026-02-05 19:28:38 KST | INFO |   Train Loss: 0.0488 | Test Loss: 0.0010 | Test Acc: 93.00%
2026-02-05 19:28:38 KST | INFO |   No improvement (11/30)
2026-02-05 19:28:38 KST | INFO | 
2026-02-05 19:28:38 KST | INFO | Epoch 80/200 | LR: 0.066196
2026-02-05 19:28:45 KST | INFO |   Train Loss: 0.0492 | Test Loss: 0.0005 | Test Acc: 95.87%
2026-02-05 19:28:45 KST | INFO |   No improvement (12/30)
2026-02-05 19:28:45 KST | INFO | 
2026-02-05 19:28:45 KST | INFO | Epoch 81/200 | LR: 0.065451
2026-02-05 19:28:52 KST | INFO |   Train Loss: 0.0409 | Test Loss: 0.0006 | Test Acc: 95.27%
2026-02-05 19:28:52 KST | INFO |   No improvement (13/30)
2026-02-05 19:28:52 KST | INFO | 
2026-02-05 19:28:52 KST | INFO | Epoch 82/200 | LR: 0.064702
2026-02-05 19:28:59 KST | INFO |   Train Loss: 0.0421 | Test Loss: 0.0008 | Test Acc: 94.17%
2026-02-05 19:28:59 KST | INFO |   No improvement (14/30)
2026-02-05 19:28:59 KST | INFO | 
2026-02-05 19:28:59 KST | INFO | Epoch 83/200 | LR: 0.063950
2026-02-05 19:29:06 KST | INFO |   Train Loss: 0.0461 | Test Loss: 0.0006 | Test Acc: 95.97%
2026-02-05 19:29:06 KST | INFO |   No improvement (15/30)
2026-02-05 19:29:06 KST | INFO | 
2026-02-05 19:29:06 KST | INFO | Epoch 84/200 | LR: 0.063194
2026-02-05 19:29:13 KST | INFO |   Train Loss: 0.0398 | Test Loss: 0.0007 | Test Acc: 95.50%
2026-02-05 19:29:13 KST | INFO |   No improvement (16/30)
2026-02-05 19:29:13 KST | INFO | 
2026-02-05 19:29:13 KST | INFO | Epoch 85/200 | LR: 0.062435
2026-02-05 19:29:20 KST | INFO |   Train Loss: 0.0425 | Test Loss: 0.0007 | Test Acc: 94.67%
2026-02-05 19:29:20 KST | INFO |   No improvement (17/30)
2026-02-05 19:29:20 KST | INFO | 
2026-02-05 19:29:20 KST | INFO | Epoch 86/200 | LR: 0.061673
2026-02-05 19:29:27 KST | INFO |   Train Loss: 0.0433 | Test Loss: 0.0006 | Test Acc: 95.77%
2026-02-05 19:29:27 KST | INFO |   No improvement (18/30)
2026-02-05 19:29:27 KST | INFO | 
2026-02-05 19:29:27 KST | INFO | Epoch 87/200 | LR: 0.060908
2026-02-05 19:29:35 KST | INFO |   Train Loss: 0.0416 | Test Loss: 0.0005 | Test Acc: 95.83%
2026-02-05 19:29:35 KST | INFO |   No improvement (19/30)
2026-02-05 19:29:35 KST | INFO | 
2026-02-05 19:29:35 KST | INFO | Epoch 88/200 | LR: 0.060140
2026-02-05 19:29:42 KST | INFO |   Train Loss: 0.0404 | Test Loss: 0.0006 | Test Acc: 96.17%
2026-02-05 19:29:42 KST | INFO |   No improvement (20/30)
2026-02-05 19:29:42 KST | INFO | 
2026-02-05 19:29:42 KST | INFO | Epoch 89/200 | LR: 0.059369
2026-02-05 19:29:49 KST | INFO |   Train Loss: 0.0439 | Test Loss: 0.0005 | Test Acc: 95.73%
2026-02-05 19:29:49 KST | INFO |   No improvement (21/30)
2026-02-05 19:29:49 KST | INFO | 
2026-02-05 19:29:49 KST | INFO | Epoch 90/200 | LR: 0.058597
2026-02-05 19:29:56 KST | INFO |   Train Loss: 0.0407 | Test Loss: 0.0008 | Test Acc: 94.33%
2026-02-05 19:29:56 KST | INFO |   No improvement (22/30)
2026-02-05 19:29:56 KST | INFO | 
2026-02-05 19:29:56 KST | INFO | Epoch 91/200 | LR: 0.057822
2026-02-05 19:30:03 KST | INFO |   Train Loss: 0.0342 | Test Loss: 0.0005 | Test Acc: 95.83%
2026-02-05 19:30:03 KST | INFO |   No improvement (23/30)
2026-02-05 19:30:03 KST | INFO | 
2026-02-05 19:30:03 KST | INFO | Epoch 92/200 | LR: 0.057045
2026-02-05 19:30:10 KST | INFO |   Train Loss: 0.0396 | Test Loss: 0.0006 | Test Acc: 94.67%
2026-02-05 19:30:10 KST | INFO |   No improvement (24/30)
2026-02-05 19:30:10 KST | INFO | 
2026-02-05 19:30:10 KST | INFO | Epoch 93/200 | LR: 0.056267
2026-02-05 19:30:17 KST | INFO |   Train Loss: 0.0372 | Test Loss: 0.0006 | Test Acc: 95.63%
2026-02-05 19:30:17 KST | INFO |   No improvement (25/30)
2026-02-05 19:30:17 KST | INFO | 
2026-02-05 19:30:17 KST | INFO | Epoch 94/200 | LR: 0.055487
2026-02-05 19:30:24 KST | INFO |   Train Loss: 0.0378 | Test Loss: 0.0006 | Test Acc: 95.50%
2026-02-05 19:30:24 KST | INFO |   No improvement (26/30)
2026-02-05 19:30:24 KST | INFO | 
2026-02-05 19:30:24 KST | INFO | Epoch 95/200 | LR: 0.054706
2026-02-05 19:30:31 KST | INFO |   Train Loss: 0.0366 | Test Loss: 0.0005 | Test Acc: 96.13%
2026-02-05 19:30:31 KST | INFO |   No improvement (27/30)
2026-02-05 19:30:31 KST | INFO | 
2026-02-05 19:30:31 KST | INFO | Epoch 96/200 | LR: 0.053923
2026-02-05 19:30:38 KST | INFO |   Train Loss: 0.0335 | Test Loss: 0.0007 | Test Acc: 95.70%
2026-02-05 19:30:38 KST | INFO |   No improvement (28/30)
2026-02-05 19:30:38 KST | INFO | 
2026-02-05 19:30:38 KST | INFO | Epoch 97/200 | LR: 0.053140
2026-02-05 19:30:45 KST | INFO |   Train Loss: 0.0344 | Test Loss: 0.0007 | Test Acc: 95.07%
2026-02-05 19:30:45 KST | INFO |   No improvement (29/30)
2026-02-05 19:30:45 KST | INFO | 
2026-02-05 19:30:45 KST | INFO | Epoch 98/200 | LR: 0.052356
2026-02-05 19:30:52 KST | INFO |   Train Loss: 0.0328 | Test Loss: 0.0006 | Test Acc: 95.90%
2026-02-05 19:30:52 KST | INFO |   No improvement (30/30)
2026-02-05 19:30:52 KST | INFO | 
2026-02-05 19:30:52 KST | INFO | Early stopping after 30 epochs without improvement
2026-02-05 19:30:52 KST | INFO | 
2026-02-05 19:30:52 KST | INFO | ================================================================================
2026-02-05 19:30:52 KST | INFO | TRAINING COMPLETE
2026-02-05 19:30:52 KST | INFO | ================================================================================
2026-02-05 19:30:52 KST | INFO | Best accuracy:  96.27% (Epoch 68)
2026-02-05 19:30:52 KST | INFO | Final accuracy: 95.90%
2026-02-05 19:30:52 KST | INFO | ================================================================================
2026-02-05 19:30:52 KST | INFO | 
2026-02-05 19:30:52 KST | INFO | Notifying nodes of completion...
2026-02-05 19:30:53 KST | INFO | ✓ Nodes notified
2026-02-05 19:30:53 KST | INFO | 
2026-02-05 19:30:53 KST | INFO | Closing connections...
2026-02-05 19:30:53 KST | INFO | ✓ Cleanup complete
2026-02-05 19:30:53 KST | INFO | 
2026-02-05 19:30:53 KST | INFO | Full log: logs/TL++_base_20260205_191844.log
2026-02-05 19:30:53 KST | INFO | ================================================================================
