2026-02-05 18:45:05 KST | INFO | ================================================================================
2026-02-05 18:45:05 KST | INFO | TL++ Orchestrator
2026-02-05 18:45:05 KST | INFO | ================================================================================
2026-02-05 18:45:05 KST | INFO | Log file: logs/TL++_base_20260205_184505.log
2026-02-05 18:45:05 KST | INFO | 
2026-02-05 18:45:05 KST | INFO | --------------------------------------------------------------------------------
2026-02-05 18:45:05 KST | INFO | CONFIGURATION
2026-02-05 18:45:05 KST | INFO | --------------------------------------------------------------------------------
2026-02-05 18:45:05 KST | INFO | Secure mode:      False
2026-02-05 18:45:05 KST | INFO | Nodes:            3
2026-02-05 18:45:05 KST | INFO | Cut layer:        2
2026-02-05 18:45:05 KST | INFO | Batch size:       128
2026-02-05 18:45:05 KST | INFO | Learning rate:    0.1
2026-02-05 18:45:05 KST | INFO | 
2026-02-05 18:45:05 KST | INFO | Computation device: cuda
2026-02-05 18:45:05 KST | INFO | Secure mode: DISABLED
2026-02-05 18:45:05 KST | INFO | 
2026-02-05 18:45:05 KST | INFO | --------------------------------------------------------------------------------
2026-02-05 18:45:05 KST | INFO | NETWORK SETUP
2026-02-05 18:45:05 KST | INFO | --------------------------------------------------------------------------------
2026-02-05 18:45:05 KST | INFO | ✓ Orchestrator listening on 127.0.0.1:8080
2026-02-05 18:45:05 KST | INFO | Waiting for 3 node(s)...
2026-02-05 18:45:08 KST | INFO |   ✓ Node 1/3 connected
2026-02-05 18:45:10 KST | INFO |   ✓ Node 2/3 connected
2026-02-05 18:45:10 KST | INFO |   ✓ Node 3/3 connected
2026-02-05 18:45:10 KST | INFO | ✓ All 3 node(s) connected
2026-02-05 18:45:10 KST | INFO | 
2026-02-05 18:45:10 KST | INFO | --------------------------------------------------------------------------------
2026-02-05 18:45:10 KST | INFO | MODEL INITIALIZATION
2026-02-05 18:45:10 KST | INFO | --------------------------------------------------------------------------------
2026-02-05 18:45:10 KST | INFO | Node-side parameters: 260,160
2026-02-05 18:45:10 KST | INFO | 
2026-02-05 18:45:10 KST | INFO | --------------------------------------------------------------------------------
2026-02-05 18:45:10 KST | INFO | BROADCASTING CONFIGURATION
2026-02-05 18:45:10 KST | INFO | --------------------------------------------------------------------------------
2026-02-05 18:45:10 KST | INFO | ✓ Configuration broadcast to all nodes
2026-02-05 18:45:11 KST | INFO | 
2026-02-05 18:45:11 KST | INFO | Total parameters:     3,244,611
2026-02-05 18:45:11 KST | INFO | Trainable parameters: 3,244,611
2026-02-05 18:45:11 KST | INFO | 
2026-02-05 18:45:11 KST | INFO | --------------------------------------------------------------------------------
2026-02-05 18:45:11 KST | INFO | DATA LOADING
2026-02-05 18:45:11 KST | INFO | --------------------------------------------------------------------------------
2026-02-05 18:45:38 KST | INFO | ✓ Dataset information collected:
2026-02-05 18:45:38 KST | INFO |     Node 1: 5,000 samples
2026-02-05 18:45:38 KST | INFO |     Node 2: 5,000 samples
2026-02-05 18:45:38 KST | INFO |     Node 3: 5,000 samples
2026-02-05 18:45:38 KST | INFO |   Total training samples: 15,000
2026-02-05 18:45:38 KST | INFO | 
2026-02-05 18:45:41 KST | INFO | ✓ Test dataset loaded: 3,000 samples
2026-02-05 18:45:41 KST | INFO | 
2026-02-05 18:45:41 KST | INFO | ✓ Batch scheduler: 118 batches/epoch
2026-02-05 18:45:41 KST | INFO | 
2026-02-05 18:45:41 KST | INFO | --------------------------------------------------------------------------------
2026-02-05 18:45:41 KST | INFO | OPTIMIZATION SETUP
2026-02-05 18:45:41 KST | INFO | --------------------------------------------------------------------------------
2026-02-05 18:45:41 KST | INFO | ✓ Optimizer: SGD (lr=0.1, momentum=0.9)
2026-02-05 18:45:41 KST | INFO | ✓ Scheduler: cosine
2026-02-05 18:45:41 KST | INFO | ✓ Gradient clipping: 1.0
2026-02-05 18:45:41 KST | INFO | 
2026-02-05 18:45:41 KST | INFO | ================================================================================
2026-02-05 18:45:41 KST | INFO | Setup complete - Ready for training
2026-02-05 18:45:41 KST | INFO | ================================================================================
2026-02-05 18:45:41 KST | INFO | 
2026-02-05 18:45:41 KST | INFO | --------------------------------------------------------------------------------
2026-02-05 18:45:41 KST | INFO | TRAINING
2026-02-05 18:45:41 KST | INFO | --------------------------------------------------------------------------------
2026-02-05 18:45:41 KST | INFO | 
2026-02-05 18:45:41 KST | INFO | Epoch 1/200 | LR: 0.100000
2026-02-05 18:45:49 KST | INFO |   Train Loss: 0.7612 | Test Loss: 0.0019 | Test Acc: 80.83%
2026-02-05 18:45:49 KST | INFO |   🏆 New best accuracy: 80.83%
2026-02-05 18:45:49 KST | INFO | 
2026-02-05 18:45:49 KST | INFO | Epoch 2/200 | LR: 0.099994
2026-02-05 18:45:56 KST | INFO |   Train Loss: 0.5028 | Test Loss: 0.0018 | Test Acc: 82.10%
2026-02-05 18:45:56 KST | INFO |   🏆 New best accuracy: 82.10%
2026-02-05 18:45:56 KST | INFO | 
2026-02-05 18:45:56 KST | INFO | Epoch 3/200 | LR: 0.099975
2026-02-05 18:46:04 KST | INFO |   Train Loss: 0.4017 | Test Loss: 0.0012 | Test Acc: 88.07%
2026-02-05 18:46:04 KST | INFO |   🏆 New best accuracy: 88.07%
2026-02-05 18:46:04 KST | INFO | 
2026-02-05 18:46:04 KST | INFO | Epoch 4/200 | LR: 0.099944
2026-02-05 18:46:11 KST | INFO |   Train Loss: 0.3370 | Test Loss: 0.0011 | Test Acc: 89.27%
2026-02-05 18:46:11 KST | INFO |   🏆 New best accuracy: 89.27%
2026-02-05 18:46:11 KST | INFO | 
2026-02-05 18:46:11 KST | INFO | Epoch 5/200 | LR: 0.099901
2026-02-05 18:46:18 KST | INFO |   Train Loss: 0.2876 | Test Loss: 0.0011 | Test Acc: 89.90%
2026-02-05 18:46:18 KST | INFO |   🏆 New best accuracy: 89.90%
2026-02-05 18:46:18 KST | INFO | 
2026-02-05 18:46:18 KST | INFO | Epoch 6/200 | LR: 0.099846
2026-02-05 18:46:25 KST | INFO |   Train Loss: 0.2562 | Test Loss: 0.0010 | Test Acc: 90.57%
2026-02-05 18:46:25 KST | INFO |   🏆 New best accuracy: 90.57%
2026-02-05 18:46:25 KST | INFO | 
2026-02-05 18:46:25 KST | INFO | Epoch 7/200 | LR: 0.099778
2026-02-05 18:46:32 KST | INFO |   Train Loss: 0.2301 | Test Loss: 0.0009 | Test Acc: 92.47%
2026-02-05 18:46:32 KST | INFO |   🏆 New best accuracy: 92.47%
2026-02-05 18:46:32 KST | INFO | 
2026-02-05 18:46:32 KST | INFO | Epoch 8/200 | LR: 0.099698
2026-02-05 18:46:40 KST | INFO |   Train Loss: 0.2210 | Test Loss: 0.0010 | Test Acc: 90.63%
2026-02-05 18:46:40 KST | INFO |   No improvement (1/30)
2026-02-05 18:46:40 KST | INFO | 
2026-02-05 18:46:40 KST | INFO | Epoch 9/200 | LR: 0.099606
2026-02-05 18:46:47 KST | INFO |   Train Loss: 0.2018 | Test Loss: 0.0007 | Test Acc: 93.40%
2026-02-05 18:46:47 KST | INFO |   🏆 New best accuracy: 93.40%
2026-02-05 18:46:47 KST | INFO | 
2026-02-05 18:46:47 KST | INFO | Epoch 10/200 | LR: 0.099501
2026-02-05 18:46:54 KST | INFO |   Train Loss: 0.1911 | Test Loss: 0.0009 | Test Acc: 91.63%
2026-02-05 18:46:54 KST | INFO |   No improvement (1/30)
2026-02-05 18:46:54 KST | INFO | 
2026-02-05 18:46:54 KST | INFO | Epoch 11/200 | LR: 0.099384
2026-02-05 18:47:01 KST | INFO |   Train Loss: 0.1798 | Test Loss: 0.0007 | Test Acc: 93.63%
2026-02-05 18:47:01 KST | INFO |   🏆 New best accuracy: 93.63%
2026-02-05 18:47:01 KST | INFO | 
2026-02-05 18:47:01 KST | INFO | Epoch 12/200 | LR: 0.099255
2026-02-05 18:47:08 KST | INFO |   Train Loss: 0.1672 | Test Loss: 0.0006 | Test Acc: 93.87%
2026-02-05 18:47:08 KST | INFO |   🏆 New best accuracy: 93.87%
2026-02-05 18:47:08 KST | INFO | 
2026-02-05 18:47:08 KST | INFO | Epoch 13/200 | LR: 0.099114
2026-02-05 18:47:16 KST | INFO |   Train Loss: 0.1639 | Test Loss: 0.0007 | Test Acc: 93.23%
2026-02-05 18:47:16 KST | INFO |   No improvement (1/30)
2026-02-05 18:47:16 KST | INFO | 
2026-02-05 18:47:16 KST | INFO | Epoch 14/200 | LR: 0.098961
2026-02-05 18:47:23 KST | INFO |   Train Loss: 0.1569 | Test Loss: 0.0006 | Test Acc: 94.83%
2026-02-05 18:47:23 KST | INFO |   🏆 New best accuracy: 94.83%
2026-02-05 18:47:23 KST | INFO | 
2026-02-05 18:47:23 KST | INFO | Epoch 15/200 | LR: 0.098796
2026-02-05 18:47:30 KST | INFO |   Train Loss: 0.1530 | Test Loss: 0.0007 | Test Acc: 93.83%
2026-02-05 18:47:30 KST | INFO |   No improvement (1/30)
2026-02-05 18:47:30 KST | INFO | 
2026-02-05 18:47:30 KST | INFO | Epoch 16/200 | LR: 0.098619
2026-02-05 18:47:37 KST | INFO |   Train Loss: 0.1461 | Test Loss: 0.0006 | Test Acc: 94.47%
2026-02-05 18:47:37 KST | INFO |   No improvement (2/30)
2026-02-05 18:47:37 KST | INFO | 
2026-02-05 18:47:37 KST | INFO | Epoch 17/200 | LR: 0.098429
2026-02-05 18:47:44 KST | INFO |   Train Loss: 0.1402 | Test Loss: 0.0006 | Test Acc: 94.50%
2026-02-05 18:47:44 KST | INFO |   No improvement (3/30)
2026-02-05 18:47:44 KST | INFO | 
2026-02-05 18:47:44 KST | INFO | Epoch 18/200 | LR: 0.098228
2026-02-05 18:47:51 KST | INFO |   Train Loss: 0.1368 | Test Loss: 0.0009 | Test Acc: 90.87%
2026-02-05 18:47:51 KST | INFO |   No improvement (4/30)
2026-02-05 18:47:51 KST | INFO | 
2026-02-05 18:47:51 KST | INFO | Epoch 19/200 | LR: 0.098015
2026-02-05 18:47:58 KST | INFO |   Train Loss: 0.1317 | Test Loss: 0.0012 | Test Acc: 90.40%
2026-02-05 18:47:58 KST | INFO |   No improvement (5/30)
2026-02-05 18:47:58 KST | INFO | 
2026-02-05 18:47:58 KST | INFO | Epoch 20/200 | LR: 0.097790
2026-02-05 18:48:06 KST | INFO |   Train Loss: 0.1310 | Test Loss: 0.0006 | Test Acc: 94.57%
2026-02-05 18:48:06 KST | INFO |   No improvement (6/30)
2026-02-05 18:48:06 KST | INFO | 
2026-02-05 18:48:06 KST | INFO | Epoch 21/200 | LR: 0.097553
2026-02-05 18:48:13 KST | INFO |   Train Loss: 0.1242 | Test Loss: 0.0006 | Test Acc: 95.13%
2026-02-05 18:48:13 KST | INFO |   🏆 New best accuracy: 95.13%
2026-02-05 18:48:13 KST | INFO | 
2026-02-05 18:48:13 KST | INFO | Epoch 22/200 | LR: 0.097304
2026-02-05 18:48:20 KST | INFO |   Train Loss: 0.1287 | Test Loss: 0.0005 | Test Acc: 94.97%
2026-02-05 18:48:20 KST | INFO |   No improvement (1/30)
2026-02-05 18:48:20 KST | INFO | 
2026-02-05 18:48:20 KST | INFO | Epoch 23/200 | LR: 0.097044
2026-02-05 18:48:27 KST | INFO |   Train Loss: 0.1227 | Test Loss: 0.0007 | Test Acc: 93.73%
2026-02-05 18:48:27 KST | INFO |   No improvement (2/30)
2026-02-05 18:48:27 KST | INFO | 
2026-02-05 18:48:27 KST | INFO | Epoch 24/200 | LR: 0.096772
2026-02-05 18:48:34 KST | INFO |   Train Loss: 0.1128 | Test Loss: 0.0007 | Test Acc: 93.57%
2026-02-05 18:48:34 KST | INFO |   No improvement (3/30)
2026-02-05 18:48:34 KST | INFO | 
2026-02-05 18:48:34 KST | INFO | Epoch 25/200 | LR: 0.096489
2026-02-05 18:48:41 KST | INFO |   Train Loss: 0.1086 | Test Loss: 0.0006 | Test Acc: 94.57%
2026-02-05 18:48:41 KST | INFO |   No improvement (4/30)
2026-02-05 18:48:41 KST | INFO | 
2026-02-05 18:48:41 KST | INFO | Epoch 26/200 | LR: 0.096194
2026-02-05 18:48:49 KST | INFO |   Train Loss: 0.1140 | Test Loss: 0.0005 | Test Acc: 95.60%
2026-02-05 18:48:49 KST | INFO |   🏆 New best accuracy: 95.60%
2026-02-05 18:48:49 KST | INFO | 
2026-02-05 18:48:49 KST | INFO | Epoch 27/200 | LR: 0.095888
2026-02-05 18:48:56 KST | INFO |   Train Loss: 0.1065 | Test Loss: 0.0006 | Test Acc: 95.07%
2026-02-05 18:48:56 KST | INFO |   No improvement (1/30)
2026-02-05 18:48:56 KST | INFO | 
2026-02-05 18:48:56 KST | INFO | Epoch 28/200 | LR: 0.095570
2026-02-05 18:49:03 KST | INFO |   Train Loss: 0.1118 | Test Loss: 0.0007 | Test Acc: 93.97%
2026-02-05 18:49:03 KST | INFO |   No improvement (2/30)
2026-02-05 18:49:03 KST | INFO | 
2026-02-05 18:49:03 KST | INFO | Epoch 29/200 | LR: 0.095241
2026-02-05 18:49:10 KST | INFO |   Train Loss: 0.1035 | Test Loss: 0.0007 | Test Acc: 94.37%
2026-02-05 18:49:10 KST | INFO |   No improvement (3/30)
2026-02-05 18:49:10 KST | INFO | 
2026-02-05 18:49:10 KST | INFO | Epoch 30/200 | LR: 0.094901
2026-02-05 18:49:17 KST | INFO |   Train Loss: 0.1016 | Test Loss: 0.0005 | Test Acc: 95.97%
2026-02-05 18:49:17 KST | INFO |   🏆 New best accuracy: 95.97%
2026-02-05 18:49:17 KST | INFO | 
2026-02-05 18:49:17 KST | INFO | Epoch 31/200 | LR: 0.094550
2026-02-05 18:49:24 KST | INFO |   Train Loss: 0.1014 | Test Loss: 0.0008 | Test Acc: 94.13%
2026-02-05 18:49:24 KST | INFO |   No improvement (1/30)
2026-02-05 18:49:24 KST | INFO | 
2026-02-05 18:49:24 KST | INFO | Epoch 32/200 | LR: 0.094188
2026-02-05 18:49:31 KST | INFO |   Train Loss: 0.1045 | Test Loss: 0.0007 | Test Acc: 93.97%
2026-02-05 18:49:31 KST | INFO |   No improvement (2/30)
2026-02-05 18:49:31 KST | INFO | 
2026-02-05 18:49:31 KST | INFO | Epoch 33/200 | LR: 0.093815
2026-02-05 18:49:38 KST | INFO |   Train Loss: 0.0896 | Test Loss: 0.0006 | Test Acc: 94.57%
2026-02-05 18:49:38 KST | INFO |   No improvement (3/30)
2026-02-05 18:49:38 KST | INFO | 
2026-02-05 18:49:38 KST | INFO | Epoch 34/200 | LR: 0.093432
2026-02-05 18:49:45 KST | INFO |   Train Loss: 0.0918 | Test Loss: 0.0011 | Test Acc: 90.70%
2026-02-05 18:49:45 KST | INFO |   No improvement (4/30)
2026-02-05 18:49:45 KST | INFO | 
2026-02-05 18:49:45 KST | INFO | Epoch 35/200 | LR: 0.093037
2026-02-05 18:49:52 KST | INFO |   Train Loss: 0.0930 | Test Loss: 0.0006 | Test Acc: 94.63%
2026-02-05 18:49:52 KST | INFO |   No improvement (5/30)
2026-02-05 18:49:52 KST | INFO | 
2026-02-05 18:49:52 KST | INFO | Epoch 36/200 | LR: 0.092632
2026-02-05 18:50:00 KST | INFO |   Train Loss: 0.0986 | Test Loss: 0.0005 | Test Acc: 95.27%
2026-02-05 18:50:00 KST | INFO |   No improvement (6/30)
2026-02-05 18:50:00 KST | INFO | 
2026-02-05 18:50:00 KST | INFO | Epoch 37/200 | LR: 0.092216
2026-02-05 18:50:07 KST | INFO |   Train Loss: 0.0872 | Test Loss: 0.0007 | Test Acc: 94.37%
2026-02-05 18:50:07 KST | INFO |   No improvement (7/30)
2026-02-05 18:50:07 KST | INFO | 
2026-02-05 18:50:07 KST | INFO | Epoch 38/200 | LR: 0.091790
2026-02-05 18:50:14 KST | INFO |   Train Loss: 0.0899 | Test Loss: 0.0006 | Test Acc: 94.97%
2026-02-05 18:50:14 KST | INFO |   No improvement (8/30)
2026-02-05 18:50:14 KST | INFO | 
2026-02-05 18:50:14 KST | INFO | Epoch 39/200 | LR: 0.091354
2026-02-05 18:50:21 KST | INFO |   Train Loss: 0.0888 | Test Loss: 0.0005 | Test Acc: 95.17%
2026-02-05 18:50:21 KST | INFO |   No improvement (9/30)
2026-02-05 18:50:21 KST | INFO | 
2026-02-05 18:50:21 KST | INFO | Epoch 40/200 | LR: 0.090908
2026-02-05 18:50:28 KST | INFO |   Train Loss: 0.0832 | Test Loss: 0.0006 | Test Acc: 94.77%
2026-02-05 18:50:28 KST | INFO |   No improvement (10/30)
2026-02-05 18:50:28 KST | INFO | 
2026-02-05 18:50:28 KST | INFO | Epoch 41/200 | LR: 0.090451
2026-02-05 18:50:35 KST | INFO |   Train Loss: 0.0875 | Test Loss: 0.0007 | Test Acc: 93.57%
2026-02-05 18:50:35 KST | INFO |   No improvement (11/30)
2026-02-05 18:50:35 KST | INFO | 
2026-02-05 18:50:35 KST | INFO | Epoch 42/200 | LR: 0.089984
2026-02-05 18:50:42 KST | INFO |   Train Loss: 0.0838 | Test Loss: 0.0005 | Test Acc: 95.20%
2026-02-05 18:50:42 KST | INFO |   No improvement (12/30)
2026-02-05 18:50:42 KST | INFO | 
2026-02-05 18:50:42 KST | INFO | Epoch 43/200 | LR: 0.089508
2026-02-05 18:50:49 KST | INFO |   Train Loss: 0.0798 | Test Loss: 0.0006 | Test Acc: 95.03%
2026-02-05 18:50:49 KST | INFO |   No improvement (13/30)
2026-02-05 18:50:49 KST | INFO | 
2026-02-05 18:50:49 KST | INFO | Epoch 44/200 | LR: 0.089022
2026-02-05 18:50:56 KST | INFO |   Train Loss: 0.0768 | Test Loss: 0.0008 | Test Acc: 93.37%
2026-02-05 18:50:56 KST | INFO |   No improvement (14/30)
2026-02-05 18:50:56 KST | INFO | 
2026-02-05 18:50:56 KST | INFO | Epoch 45/200 | LR: 0.088526
2026-02-05 18:51:03 KST | INFO |   Train Loss: 0.0790 | Test Loss: 0.0006 | Test Acc: 95.20%
2026-02-05 18:51:03 KST | INFO |   No improvement (15/30)
2026-02-05 18:51:03 KST | INFO | 
2026-02-05 18:51:03 KST | INFO | Epoch 46/200 | LR: 0.088020
2026-02-05 18:51:11 KST | INFO |   Train Loss: 0.0765 | Test Loss: 0.0005 | Test Acc: 95.23%
2026-02-05 18:51:11 KST | INFO |   No improvement (16/30)
2026-02-05 18:51:11 KST | INFO | 
2026-02-05 18:51:11 KST | INFO | Epoch 47/200 | LR: 0.087506
2026-02-05 18:51:18 KST | INFO |   Train Loss: 0.0838 | Test Loss: 0.0006 | Test Acc: 95.03%
2026-02-05 18:51:18 KST | INFO |   No improvement (17/30)
2026-02-05 18:51:18 KST | INFO | 
2026-02-05 18:51:18 KST | INFO | Epoch 48/200 | LR: 0.086982
2026-02-05 18:51:25 KST | INFO |   Train Loss: 0.0728 | Test Loss: 0.0005 | Test Acc: 95.47%
2026-02-05 18:51:25 KST | INFO |   No improvement (18/30)
2026-02-05 18:51:25 KST | INFO | 
2026-02-05 18:51:25 KST | INFO | Epoch 49/200 | LR: 0.086449
2026-02-05 18:51:32 KST | INFO |   Train Loss: 0.0741 | Test Loss: 0.0006 | Test Acc: 95.13%
2026-02-05 18:51:32 KST | INFO |   No improvement (19/30)
2026-02-05 18:51:32 KST | INFO | 
2026-02-05 18:51:32 KST | INFO | Epoch 50/200 | LR: 0.085906
2026-02-05 18:51:39 KST | INFO |   Train Loss: 0.0720 | Test Loss: 0.0010 | Test Acc: 93.13%
2026-02-05 18:51:39 KST | INFO |   No improvement (20/30)
2026-02-05 18:51:39 KST | INFO | 
2026-02-05 18:51:39 KST | INFO | Epoch 51/200 | LR: 0.085355
2026-02-05 18:51:46 KST | INFO |   Train Loss: 0.0736 | Test Loss: 0.0005 | Test Acc: 96.10%
2026-02-05 18:51:46 KST | INFO |   🏆 New best accuracy: 96.10%
2026-02-05 18:51:46 KST | INFO | 
2026-02-05 18:51:46 KST | INFO | Epoch 52/200 | LR: 0.084796
2026-02-05 18:51:53 KST | INFO |   Train Loss: 0.0702 | Test Loss: 0.0009 | Test Acc: 93.77%
2026-02-05 18:51:53 KST | INFO |   No improvement (1/30)
2026-02-05 18:51:53 KST | INFO | 
2026-02-05 18:51:53 KST | INFO | Epoch 53/200 | LR: 0.084228
2026-02-05 18:52:00 KST | INFO |   Train Loss: 0.0744 | Test Loss: 0.0009 | Test Acc: 93.07%
2026-02-05 18:52:00 KST | INFO |   No improvement (2/30)
2026-02-05 18:52:00 KST | INFO | 
2026-02-05 18:52:00 KST | INFO | Epoch 54/200 | LR: 0.083651
2026-02-05 18:52:07 KST | INFO |   Train Loss: 0.0686 | Test Loss: 0.0006 | Test Acc: 95.10%
2026-02-05 18:52:07 KST | INFO |   No improvement (3/30)
2026-02-05 18:52:07 KST | INFO | 
2026-02-05 18:52:07 KST | INFO | Epoch 55/200 | LR: 0.083066
2026-02-05 18:52:14 KST | INFO |   Train Loss: 0.0714 | Test Loss: 0.0006 | Test Acc: 95.47%
2026-02-05 18:52:14 KST | INFO |   No improvement (4/30)
2026-02-05 18:52:14 KST | INFO | 
2026-02-05 18:52:14 KST | INFO | Epoch 56/200 | LR: 0.082473
2026-02-05 18:52:21 KST | INFO |   Train Loss: 0.0662 | Test Loss: 0.0004 | Test Acc: 96.27%
2026-02-05 18:52:21 KST | INFO |   🏆 New best accuracy: 96.27%
2026-02-05 18:52:21 KST | INFO | 
2026-02-05 18:52:21 KST | INFO | Epoch 57/200 | LR: 0.081871
2026-02-05 18:52:28 KST | INFO |   Train Loss: 0.0671 | Test Loss: 0.0005 | Test Acc: 95.47%
2026-02-05 18:52:28 KST | INFO |   No improvement (1/30)
2026-02-05 18:52:28 KST | INFO | 
2026-02-05 18:52:28 KST | INFO | Epoch 58/200 | LR: 0.081262
2026-02-05 18:52:35 KST | INFO |   Train Loss: 0.0657 | Test Loss: 0.0007 | Test Acc: 94.37%
2026-02-05 18:52:35 KST | INFO |   No improvement (2/30)
2026-02-05 18:52:35 KST | INFO | 
2026-02-05 18:52:35 KST | INFO | Epoch 59/200 | LR: 0.080646
2026-02-05 18:52:42 KST | INFO |   Train Loss: 0.0588 | Test Loss: 0.0006 | Test Acc: 95.40%
2026-02-05 18:52:42 KST | INFO |   No improvement (3/30)
2026-02-05 18:52:42 KST | INFO | 
2026-02-05 18:52:42 KST | INFO | Epoch 60/200 | LR: 0.080021
2026-02-05 18:52:49 KST | INFO |   Train Loss: 0.0603 | Test Loss: 0.0006 | Test Acc: 94.67%
2026-02-05 18:52:49 KST | INFO |   No improvement (4/30)
2026-02-05 18:52:49 KST | INFO | 
2026-02-05 18:52:49 KST | INFO | Epoch 61/200 | LR: 0.079389
2026-02-05 18:52:56 KST | INFO |   Train Loss: 0.0678 | Test Loss: 0.0005 | Test Acc: 95.83%
2026-02-05 18:52:56 KST | INFO |   No improvement (5/30)
2026-02-05 18:52:56 KST | INFO | 
2026-02-05 18:52:56 KST | INFO | Epoch 62/200 | LR: 0.078750
2026-02-05 18:53:03 KST | INFO |   Train Loss: 0.0620 | Test Loss: 0.0007 | Test Acc: 94.87%
2026-02-05 18:53:03 KST | INFO |   No improvement (6/30)
2026-02-05 18:53:03 KST | INFO | 
2026-02-05 18:53:03 KST | INFO | Epoch 63/200 | LR: 0.078104
2026-02-05 18:53:10 KST | INFO |   Train Loss: 0.0629 | Test Loss: 0.0006 | Test Acc: 94.87%
2026-02-05 18:53:10 KST | INFO |   No improvement (7/30)
2026-02-05 18:53:10 KST | INFO | 
2026-02-05 18:53:10 KST | INFO | Epoch 64/200 | LR: 0.077451
2026-02-05 18:53:17 KST | INFO |   Train Loss: 0.0609 | Test Loss: 0.0006 | Test Acc: 95.50%
2026-02-05 18:53:17 KST | INFO |   No improvement (8/30)
2026-02-05 18:53:17 KST | INFO | 
2026-02-05 18:53:17 KST | INFO | Epoch 65/200 | LR: 0.076792
2026-02-05 18:53:24 KST | INFO |   Train Loss: 0.0614 | Test Loss: 0.0005 | Test Acc: 95.13%
2026-02-05 18:53:24 KST | INFO |   No improvement (9/30)
2026-02-05 18:53:24 KST | INFO | 
2026-02-05 18:53:24 KST | INFO | Epoch 66/200 | LR: 0.076125
2026-02-05 18:53:31 KST | INFO |   Train Loss: 0.0601 | Test Loss: 0.0006 | Test Acc: 94.97%
2026-02-05 18:53:31 KST | INFO |   No improvement (10/30)
2026-02-05 18:53:31 KST | INFO | 
2026-02-05 18:53:31 KST | INFO | Epoch 67/200 | LR: 0.075452
2026-02-05 18:53:38 KST | INFO |   Train Loss: 0.0592 | Test Loss: 0.0008 | Test Acc: 93.67%
2026-02-05 18:53:38 KST | INFO |   No improvement (11/30)
2026-02-05 18:53:38 KST | INFO | 
2026-02-05 18:53:38 KST | INFO | Epoch 68/200 | LR: 0.074773
2026-02-05 18:53:45 KST | INFO |   Train Loss: 0.0568 | Test Loss: 0.0005 | Test Acc: 95.70%
2026-02-05 18:53:45 KST | INFO |   No improvement (12/30)
2026-02-05 18:53:45 KST | INFO | 
2026-02-05 18:53:45 KST | INFO | Epoch 69/200 | LR: 0.074088
2026-02-05 18:53:52 KST | INFO |   Train Loss: 0.0548 | Test Loss: 0.0005 | Test Acc: 95.73%
2026-02-05 18:53:52 KST | INFO |   No improvement (13/30)
2026-02-05 18:53:52 KST | INFO | 
2026-02-05 18:53:52 KST | INFO | Epoch 70/200 | LR: 0.073397
2026-02-05 18:53:59 KST | INFO |   Train Loss: 0.0539 | Test Loss: 0.0005 | Test Acc: 95.60%
2026-02-05 18:53:59 KST | INFO |   No improvement (14/30)
2026-02-05 18:53:59 KST | INFO | 
2026-02-05 18:53:59 KST | INFO | Epoch 71/200 | LR: 0.072700
2026-02-05 18:54:07 KST | INFO |   Train Loss: 0.0585 | Test Loss: 0.0005 | Test Acc: 95.80%
2026-02-05 18:54:07 KST | INFO |   No improvement (15/30)
2026-02-05 18:54:07 KST | INFO | 
2026-02-05 18:54:07 KST | INFO | Epoch 72/200 | LR: 0.071997
2026-02-05 18:54:14 KST | INFO |   Train Loss: 0.0551 | Test Loss: 0.0007 | Test Acc: 93.93%
2026-02-05 18:54:14 KST | INFO |   No improvement (16/30)
2026-02-05 18:54:14 KST | INFO | 
2026-02-05 18:54:14 KST | INFO | Epoch 73/200 | LR: 0.071289
2026-02-05 18:54:21 KST | INFO |   Train Loss: 0.0542 | Test Loss: 0.0005 | Test Acc: 95.53%
2026-02-05 18:54:21 KST | INFO |   No improvement (17/30)
2026-02-05 18:54:21 KST | INFO | 
2026-02-05 18:54:21 KST | INFO | Epoch 74/200 | LR: 0.070576
2026-02-05 18:54:28 KST | INFO |   Train Loss: 0.0509 | Test Loss: 0.0005 | Test Acc: 95.83%
2026-02-05 18:54:28 KST | INFO |   No improvement (18/30)
2026-02-05 18:54:28 KST | INFO | 
2026-02-05 18:54:28 KST | INFO | Epoch 75/200 | LR: 0.069858
2026-02-05 18:54:35 KST | INFO |   Train Loss: 0.0479 | Test Loss: 0.0006 | Test Acc: 95.53%
2026-02-05 18:54:35 KST | INFO |   No improvement (19/30)
2026-02-05 18:54:35 KST | INFO | 
2026-02-05 18:54:35 KST | INFO | Epoch 76/200 | LR: 0.069134
2026-02-05 18:54:42 KST | INFO |   Train Loss: 0.0575 | Test Loss: 0.0006 | Test Acc: 96.07%
2026-02-05 18:54:42 KST | INFO |   No improvement (20/30)
2026-02-05 18:54:42 KST | INFO | 
2026-02-05 18:54:42 KST | INFO | Epoch 77/200 | LR: 0.068407
2026-02-05 18:54:50 KST | INFO |   Train Loss: 0.0519 | Test Loss: 0.0005 | Test Acc: 95.57%
2026-02-05 18:54:50 KST | INFO |   No improvement (21/30)
2026-02-05 18:54:50 KST | INFO | 
2026-02-05 18:54:50 KST | INFO | Epoch 78/200 | LR: 0.067674
2026-02-05 18:54:57 KST | INFO |   Train Loss: 0.0529 | Test Loss: 0.0005 | Test Acc: 95.80%
2026-02-05 18:54:57 KST | INFO |   No improvement (22/30)
2026-02-05 18:54:57 KST | INFO | 
2026-02-05 18:54:57 KST | INFO | Epoch 79/200 | LR: 0.066937
2026-02-05 18:55:04 KST | INFO |   Train Loss: 0.0496 | Test Loss: 0.0006 | Test Acc: 95.37%
2026-02-05 18:55:04 KST | INFO |   No improvement (23/30)
2026-02-05 18:55:04 KST | INFO | 
2026-02-05 18:55:04 KST | INFO | Epoch 80/200 | LR: 0.066196
2026-02-05 18:55:11 KST | INFO |   Train Loss: 0.0494 | Test Loss: 0.0005 | Test Acc: 95.80%
2026-02-05 18:55:11 KST | INFO |   No improvement (24/30)
2026-02-05 18:55:11 KST | INFO | 
2026-02-05 18:55:11 KST | INFO | Epoch 81/200 | LR: 0.065451
2026-02-05 18:55:18 KST | INFO |   Train Loss: 0.0442 | Test Loss: 0.0006 | Test Acc: 95.77%
2026-02-05 18:55:18 KST | INFO |   No improvement (25/30)
2026-02-05 18:55:18 KST | INFO | 
2026-02-05 18:55:18 KST | INFO | Epoch 82/200 | LR: 0.064702
2026-02-05 18:55:25 KST | INFO |   Train Loss: 0.0448 | Test Loss: 0.0006 | Test Acc: 95.00%
2026-02-05 18:55:25 KST | INFO |   No improvement (26/30)
2026-02-05 18:55:25 KST | INFO | 
2026-02-05 18:55:25 KST | INFO | Epoch 83/200 | LR: 0.063950
2026-02-05 18:55:32 KST | INFO |   Train Loss: 0.0449 | Test Loss: 0.0006 | Test Acc: 95.73%
2026-02-05 18:55:32 KST | INFO |   No improvement (27/30)
2026-02-05 18:55:32 KST | INFO | 
2026-02-05 18:55:32 KST | INFO | Epoch 84/200 | LR: 0.063194
2026-02-05 18:55:39 KST | INFO |   Train Loss: 0.0450 | Test Loss: 0.0006 | Test Acc: 95.53%
2026-02-05 18:55:39 KST | INFO |   No improvement (28/30)
2026-02-05 18:55:39 KST | INFO | 
2026-02-05 18:55:39 KST | INFO | Epoch 85/200 | LR: 0.062435
2026-02-05 18:55:46 KST | INFO |   Train Loss: 0.0433 | Test Loss: 0.0006 | Test Acc: 95.30%
2026-02-05 18:55:46 KST | INFO |   No improvement (29/30)
2026-02-05 18:55:46 KST | INFO | 
2026-02-05 18:55:46 KST | INFO | Epoch 86/200 | LR: 0.061673
2026-02-05 18:55:53 KST | INFO |   Train Loss: 0.0452 | Test Loss: 0.0006 | Test Acc: 95.60%
2026-02-05 18:55:53 KST | INFO |   No improvement (30/30)
2026-02-05 18:55:53 KST | INFO | 
2026-02-05 18:55:53 KST | INFO | Early stopping after 30 epochs without improvement
2026-02-05 18:55:53 KST | INFO | 
2026-02-05 18:55:53 KST | INFO | ================================================================================
2026-02-05 18:55:53 KST | INFO | TRAINING COMPLETE
2026-02-05 18:55:53 KST | INFO | ================================================================================
2026-02-05 18:55:53 KST | INFO | Best accuracy:  96.27% (Epoch 56)
2026-02-05 18:55:53 KST | INFO | Final accuracy: 95.60%
2026-02-05 18:55:53 KST | INFO | ================================================================================
2026-02-05 18:55:53 KST | INFO | 
2026-02-05 18:55:53 KST | INFO | Notifying nodes of completion...
2026-02-05 18:55:54 KST | INFO | ✓ Nodes notified
2026-02-05 18:55:54 KST | INFO | 
2026-02-05 18:55:54 KST | INFO | Closing connections...
2026-02-05 18:55:54 KST | INFO | ✓ Cleanup complete
2026-02-05 18:55:54 KST | INFO | 
2026-02-05 18:55:54 KST | INFO | Full log: logs/TL++_base_20260205_184505.log
2026-02-05 18:55:54 KST | INFO | ================================================================================
