2026-02-20 07:00:27 KST | INFO | ================================================================================
2026-02-20 07:00:27 KST | INFO | TL++ Orchestrator
2026-02-20 07:00:27 KST | INFO | ================================================================================
2026-02-20 07:00:27 KST | INFO | Log file: logs/TL++_secure_20260220_070027.log
2026-02-20 07:00:27 KST | INFO | 
2026-02-20 07:00:27 KST | INFO | --------------------------------------------------------------------------------
2026-02-20 07:00:27 KST | INFO | CONFIGURATION
2026-02-20 07:00:27 KST | INFO | --------------------------------------------------------------------------------
2026-02-20 07:00:27 KST | INFO | Secure mode:      True
2026-02-20 07:00:27 KST | INFO | Helper endpoint:  127.0.0.1:8082
2026-02-20 07:00:27 KST | INFO | Activation noise: 2.0%
2026-02-20 07:00:27 KST | INFO | Gradient noise:   10.0%
2026-02-20 07:00:27 KST | INFO | Nodes:            4
2026-02-20 07:00:27 KST | INFO | Cut layer:        2
2026-02-20 07:00:27 KST | INFO | Batch size:       128
2026-02-20 07:00:27 KST | INFO | Learning rate:    0.1
2026-02-20 07:00:27 KST | INFO | 
2026-02-20 07:00:27 KST | INFO | Computation device: cuda
2026-02-20 07:00:27 KST | INFO | Secure mode: ✓ ENABLED
2026-02-20 07:00:27 KST | INFO | 
2026-02-20 07:00:27 KST | INFO | --------------------------------------------------------------------------------
2026-02-20 07:00:27 KST | INFO | NETWORK SETUP
2026-02-20 07:00:27 KST | INFO | --------------------------------------------------------------------------------
2026-02-20 07:00:27 KST | INFO | ✓ Orchestrator listening on 127.0.0.1:8080
2026-02-20 07:00:27 KST | INFO | ✓ Helper node on 127.0.0.1:8082
2026-02-20 07:00:27 KST | INFO | 
2026-02-20 07:00:27 KST | INFO | Waiting for helper node...
2026-02-20 07:00:29 KST | INFO | ✓ Helper node connected
2026-02-20 07:00:29 KST | INFO | ✓ Noise config sent to helper (activation: 2.0%, gradient: 10.0%)
2026-02-20 07:00:29 KST | INFO | 
2026-02-20 07:00:29 KST | INFO | Waiting for 4 node(s)...
2026-02-20 07:00:33 KST | INFO |   ✓ Node 1/4 connected
2026-02-20 07:00:34 KST | INFO |   ✓ Node 2/4 connected
2026-02-20 07:00:35 KST | INFO |   ✓ Node 3/4 connected
2026-02-20 07:00:36 KST | INFO |   ✓ Node 4/4 connected
2026-02-20 07:00:36 KST | INFO | ✓ All 4 node(s) connected
2026-02-20 07:00:36 KST | INFO | 
2026-02-20 07:00:36 KST | INFO | --------------------------------------------------------------------------------
2026-02-20 07:00:36 KST | INFO | MODEL INITIALIZATION
2026-02-20 07:00:36 KST | INFO | --------------------------------------------------------------------------------
2026-02-20 07:00:36 KST | INFO | Node-side parameters: 260,160
2026-02-20 07:00:36 KST | INFO | 
2026-02-20 07:00:36 KST | INFO | --------------------------------------------------------------------------------
2026-02-20 07:00:36 KST | INFO | BROADCASTING CONFIGURATION
2026-02-20 07:00:36 KST | INFO | --------------------------------------------------------------------------------
2026-02-20 07:00:36 KST | INFO | ✓ Configuration broadcast to all nodes
2026-02-20 07:00:37 KST | INFO | 
2026-02-20 07:00:37 KST | INFO | Total parameters:     3,245,124
2026-02-20 07:00:37 KST | INFO | Trainable parameters: 3,245,124
2026-02-20 07:00:37 KST | INFO | 
2026-02-20 07:00:37 KST | INFO | --------------------------------------------------------------------------------
2026-02-20 07:00:37 KST | INFO | DATA LOADING
2026-02-20 07:00:37 KST | INFO | --------------------------------------------------------------------------------
2026-02-20 07:01:03 KST | INFO | ✓ Dataset information collected:
2026-02-20 07:01:03 KST | INFO |     Node 1: 5,000 samples
2026-02-20 07:01:03 KST | INFO |     Node 2: 5,000 samples
2026-02-20 07:01:03 KST | INFO |     Node 3: 5,000 samples
2026-02-20 07:01:03 KST | INFO |     Node 4: 5,000 samples
2026-02-20 07:01:03 KST | INFO |   Total training samples: 20,000
2026-02-20 07:01:03 KST | INFO | 
2026-02-20 07:01:07 KST | INFO | ✓ Test dataset loaded: 4,000 samples
2026-02-20 07:01:07 KST | INFO | 
2026-02-20 07:01:07 KST | INFO | ✓ Batch scheduler: 157 batches/epoch
2026-02-20 07:01:07 KST | INFO | 
2026-02-20 07:01:07 KST | INFO | --------------------------------------------------------------------------------
2026-02-20 07:01:07 KST | INFO | OPTIMIZATION SETUP
2026-02-20 07:01:07 KST | INFO | --------------------------------------------------------------------------------
2026-02-20 07:01:07 KST | INFO | ✓ Optimizer: SGD (lr=0.1, momentum=0.9)
2026-02-20 07:01:07 KST | INFO | ✓ Scheduler: cosine
2026-02-20 07:01:07 KST | INFO | ✓ Gradient clipping: 1.0
2026-02-20 07:01:07 KST | INFO | 
2026-02-20 07:01:07 KST | INFO | ================================================================================
2026-02-20 07:01:07 KST | INFO | Setup complete - Ready for training
2026-02-20 07:01:07 KST | INFO | ================================================================================
2026-02-20 07:01:07 KST | INFO | 
2026-02-20 07:01:07 KST | INFO | --------------------------------------------------------------------------------
2026-02-20 07:01:07 KST | INFO | TRAINING
2026-02-20 07:01:07 KST | INFO | --------------------------------------------------------------------------------
2026-02-20 07:01:07 KST | INFO | 
2026-02-20 07:01:07 KST | INFO | Epoch 1/200 | LR: 0.100000
2026-02-20 07:01:55 KST | INFO |   Train Loss: 0.9816 | Test Loss: 0.0031 | Test Acc: 70.22%
2026-02-20 07:01:55 KST | INFO |   🏆 New best accuracy: 70.22%
2026-02-20 07:01:55 KST | INFO | 
2026-02-20 07:01:55 KST | INFO | Epoch 2/200 | LR: 0.099994
2026-02-20 07:02:35 KST | INFO |   Train Loss: 0.6944 | Test Loss: 0.0030 | Test Acc: 70.72%
2026-02-20 07:02:35 KST | INFO |   🏆 New best accuracy: 70.72%
2026-02-20 07:02:35 KST | INFO | 
2026-02-20 07:02:35 KST | INFO | Epoch 3/200 | LR: 0.099975
2026-02-20 07:03:17 KST | INFO |   Train Loss: 0.5844 | Test Loss: 0.0024 | Test Acc: 76.88%
2026-02-20 07:03:17 KST | INFO |   🏆 New best accuracy: 76.88%
2026-02-20 07:03:17 KST | INFO | 
2026-02-20 07:03:17 KST | INFO | Epoch 4/200 | LR: 0.099944
2026-02-20 07:03:57 KST | INFO |   Train Loss: 0.5075 | Test Loss: 0.0021 | Test Acc: 79.55%
2026-02-20 07:03:57 KST | INFO |   🏆 New best accuracy: 79.55%
2026-02-20 07:03:57 KST | INFO | 
2026-02-20 07:03:57 KST | INFO | Epoch 5/200 | LR: 0.099901
2026-02-20 07:04:44 KST | INFO |   Train Loss: 0.4401 | Test Loss: 0.0017 | Test Acc: 84.78%
2026-02-20 07:04:44 KST | INFO |   🏆 New best accuracy: 84.78%
2026-02-20 07:04:44 KST | INFO | 
2026-02-20 07:04:44 KST | INFO | Epoch 6/200 | LR: 0.099846
2026-02-20 07:05:31 KST | INFO |   Train Loss: 0.4080 | Test Loss: 0.0025 | Test Acc: 74.75%
2026-02-20 07:05:31 KST | INFO |   No improvement (1/30)
2026-02-20 07:05:31 KST | INFO | 
2026-02-20 07:05:31 KST | INFO | Epoch 7/200 | LR: 0.099778
2026-02-20 07:06:11 KST | INFO |   Train Loss: 0.3691 | Test Loss: 0.0016 | Test Acc: 85.08%
2026-02-20 07:06:11 KST | INFO |   🏆 New best accuracy: 85.08%
2026-02-20 07:06:11 KST | INFO | 
2026-02-20 07:06:11 KST | INFO | Epoch 8/200 | LR: 0.099698
2026-02-20 07:06:52 KST | INFO |   Train Loss: 0.3450 | Test Loss: 0.0019 | Test Acc: 83.75%
2026-02-20 07:06:52 KST | INFO |   No improvement (1/30)
2026-02-20 07:06:52 KST | INFO | 
2026-02-20 07:06:52 KST | INFO | Epoch 9/200 | LR: 0.099606
2026-02-20 07:07:33 KST | INFO |   Train Loss: 0.3239 | Test Loss: 0.0021 | Test Acc: 79.40%
2026-02-20 07:07:33 KST | INFO |   No improvement (2/30)
2026-02-20 07:07:33 KST | INFO | 
2026-02-20 07:07:33 KST | INFO | Epoch 10/200 | LR: 0.099501
2026-02-20 07:08:19 KST | INFO |   Train Loss: 0.3032 | Test Loss: 0.0014 | Test Acc: 88.00%
2026-02-20 07:08:19 KST | INFO |   🏆 New best accuracy: 88.00%
2026-02-20 07:08:19 KST | INFO | 
2026-02-20 07:08:19 KST | INFO | Epoch 11/200 | LR: 0.099384
2026-02-20 07:09:02 KST | INFO |   Train Loss: 0.2870 | Test Loss: 0.0019 | Test Acc: 81.80%
2026-02-20 07:09:02 KST | INFO |   No improvement (1/30)
2026-02-20 07:09:02 KST | INFO | 
2026-02-20 07:09:02 KST | INFO | Epoch 12/200 | LR: 0.099255
2026-02-20 07:09:45 KST | INFO |   Train Loss: 0.2755 | Test Loss: 0.0020 | Test Acc: 82.42%
2026-02-20 07:09:45 KST | INFO |   No improvement (2/30)
2026-02-20 07:09:45 KST | INFO | 
2026-02-20 07:09:45 KST | INFO | Epoch 13/200 | LR: 0.099114
2026-02-20 07:10:30 KST | INFO |   Train Loss: 0.2689 | Test Loss: 0.0019 | Test Acc: 82.25%
2026-02-20 07:10:30 KST | INFO |   No improvement (3/30)
2026-02-20 07:10:30 KST | INFO | 
2026-02-20 07:10:30 KST | INFO | Epoch 14/200 | LR: 0.098961
2026-02-20 07:11:17 KST | INFO |   Train Loss: 0.2573 | Test Loss: 0.0013 | Test Acc: 88.45%
2026-02-20 07:11:17 KST | INFO |   🏆 New best accuracy: 88.45%
2026-02-20 07:11:17 KST | INFO | 
2026-02-20 07:11:17 KST | INFO | Epoch 15/200 | LR: 0.098796
2026-02-20 07:12:00 KST | INFO |   Train Loss: 0.2483 | Test Loss: 0.0013 | Test Acc: 88.90%
2026-02-20 07:12:00 KST | INFO |   🏆 New best accuracy: 88.90%
2026-02-20 07:12:00 KST | INFO | 
2026-02-20 07:12:00 KST | INFO | Epoch 16/200 | LR: 0.098619
2026-02-20 07:12:49 KST | INFO |   Train Loss: 0.2325 | Test Loss: 0.0015 | Test Acc: 86.62%
2026-02-20 07:12:49 KST | INFO |   No improvement (1/30)
2026-02-20 07:12:49 KST | INFO | 
2026-02-20 07:12:49 KST | INFO | Epoch 17/200 | LR: 0.098429
2026-02-20 07:13:32 KST | INFO |   Train Loss: 0.2322 | Test Loss: 0.0017 | Test Acc: 85.72%
2026-02-20 07:13:32 KST | INFO |   No improvement (2/30)
2026-02-20 07:13:32 KST | INFO | 
2026-02-20 07:13:32 KST | INFO | Epoch 18/200 | LR: 0.098228
2026-02-20 07:14:14 KST | INFO |   Train Loss: 0.2330 | Test Loss: 0.0017 | Test Acc: 84.15%
2026-02-20 07:14:14 KST | INFO |   No improvement (3/30)
2026-02-20 07:14:14 KST | INFO | 
2026-02-20 07:14:14 KST | INFO | Epoch 19/200 | LR: 0.098015
2026-02-20 07:14:57 KST | INFO |   Train Loss: 0.2185 | Test Loss: 0.0014 | Test Acc: 87.85%
2026-02-20 07:14:57 KST | INFO |   No improvement (4/30)
2026-02-20 07:14:57 KST | INFO | 
2026-02-20 07:14:57 KST | INFO | Epoch 20/200 | LR: 0.097790
2026-02-20 07:15:42 KST | INFO |   Train Loss: 0.2198 | Test Loss: 0.0014 | Test Acc: 87.67%
2026-02-20 07:15:42 KST | INFO |   No improvement (5/30)
2026-02-20 07:15:42 KST | INFO | 
2026-02-20 07:15:42 KST | INFO | Epoch 21/200 | LR: 0.097553
2026-02-20 07:16:24 KST | INFO |   Train Loss: 0.2049 | Test Loss: 0.0016 | Test Acc: 85.50%
2026-02-20 07:16:24 KST | INFO |   No improvement (6/30)
2026-02-20 07:16:24 KST | INFO | 
2026-02-20 07:16:24 KST | INFO | Epoch 22/200 | LR: 0.097304
2026-02-20 07:17:06 KST | INFO |   Train Loss: 0.2029 | Test Loss: 0.0011 | Test Acc: 90.40%
2026-02-20 07:17:06 KST | INFO |   🏆 New best accuracy: 90.40%
2026-02-20 07:17:06 KST | INFO | 
2026-02-20 07:17:06 KST | INFO | Epoch 23/200 | LR: 0.097044
2026-02-20 07:17:49 KST | INFO |   Train Loss: 0.2023 | Test Loss: 0.0012 | Test Acc: 89.33%
2026-02-20 07:17:49 KST | INFO |   No improvement (1/30)
2026-02-20 07:17:49 KST | INFO | 
2026-02-20 07:17:49 KST | INFO | Epoch 24/200 | LR: 0.096772
2026-02-20 07:18:35 KST | INFO |   Train Loss: 0.1946 | Test Loss: 0.0013 | Test Acc: 88.70%
2026-02-20 07:18:35 KST | INFO |   No improvement (2/30)
2026-02-20 07:18:35 KST | INFO | 
2026-02-20 07:18:35 KST | INFO | Epoch 25/200 | LR: 0.096489
2026-02-20 07:19:15 KST | INFO |   Train Loss: 0.1890 | Test Loss: 0.0014 | Test Acc: 87.83%
2026-02-20 07:19:15 KST | INFO |   No improvement (3/30)
2026-02-20 07:19:15 KST | INFO | 
2026-02-20 07:19:15 KST | INFO | Epoch 26/200 | LR: 0.096194
2026-02-20 07:19:57 KST | INFO |   Train Loss: 0.1849 | Test Loss: 0.0015 | Test Acc: 87.30%
2026-02-20 07:19:57 KST | INFO |   No improvement (4/30)
2026-02-20 07:19:57 KST | INFO | 
2026-02-20 07:19:57 KST | INFO | Epoch 27/200 | LR: 0.095888
2026-02-20 07:20:45 KST | INFO |   Train Loss: 0.1837 | Test Loss: 0.0015 | Test Acc: 86.22%
2026-02-20 07:20:45 KST | INFO |   No improvement (5/30)
2026-02-20 07:20:45 KST | INFO | 
2026-02-20 07:20:45 KST | INFO | Epoch 28/200 | LR: 0.095570
2026-02-20 07:21:31 KST | INFO |   Train Loss: 0.1842 | Test Loss: 0.0013 | Test Acc: 89.00%
2026-02-20 07:21:31 KST | INFO |   No improvement (6/30)
2026-02-20 07:21:31 KST | INFO | 
2026-02-20 07:21:31 KST | INFO | Epoch 29/200 | LR: 0.095241
2026-02-20 07:22:11 KST | INFO |   Train Loss: 0.1730 | Test Loss: 0.0011 | Test Acc: 90.65%
2026-02-20 07:22:11 KST | INFO |   🏆 New best accuracy: 90.65%
2026-02-20 07:22:11 KST | INFO | 
2026-02-20 07:22:11 KST | INFO | Epoch 30/200 | LR: 0.094901
2026-02-20 07:22:53 KST | INFO |   Train Loss: 0.1703 | Test Loss: 0.0015 | Test Acc: 86.20%
2026-02-20 07:22:53 KST | INFO |   No improvement (1/30)
2026-02-20 07:22:53 KST | INFO | 
2026-02-20 07:22:53 KST | INFO | Epoch 31/200 | LR: 0.094550
2026-02-20 07:23:34 KST | INFO |   Train Loss: 0.1665 | Test Loss: 0.0014 | Test Acc: 87.75%
2026-02-20 07:23:34 KST | INFO |   No improvement (2/30)
2026-02-20 07:23:34 KST | INFO | 
2026-02-20 07:23:34 KST | INFO | Epoch 32/200 | LR: 0.094188
2026-02-20 07:24:22 KST | INFO |   Train Loss: 0.1661 | Test Loss: 0.0014 | Test Acc: 88.00%
2026-02-20 07:24:22 KST | INFO |   No improvement (3/30)
2026-02-20 07:24:22 KST | INFO | 
2026-02-20 07:24:22 KST | INFO | Epoch 33/200 | LR: 0.093815
2026-02-20 07:25:04 KST | INFO |   Train Loss: 0.1654 | Test Loss: 0.0013 | Test Acc: 89.58%
2026-02-20 07:25:04 KST | INFO |   No improvement (4/30)
2026-02-20 07:25:04 KST | INFO | 
2026-02-20 07:25:04 KST | INFO | Epoch 34/200 | LR: 0.093432
2026-02-20 07:25:47 KST | INFO |   Train Loss: 0.1555 | Test Loss: 0.0016 | Test Acc: 85.72%
2026-02-20 07:25:47 KST | INFO |   No improvement (5/30)
2026-02-20 07:25:47 KST | INFO | 
2026-02-20 07:25:47 KST | INFO | Epoch 35/200 | LR: 0.093037
2026-02-20 07:26:30 KST | INFO |   Train Loss: 0.1568 | Test Loss: 0.0015 | Test Acc: 86.45%
2026-02-20 07:26:30 KST | INFO |   No improvement (6/30)
2026-02-20 07:26:30 KST | INFO | 
2026-02-20 07:26:30 KST | INFO | Epoch 36/200 | LR: 0.092632
2026-02-20 07:27:19 KST | INFO |   Train Loss: 0.1547 | Test Loss: 0.0013 | Test Acc: 89.40%
2026-02-20 07:27:19 KST | INFO |   No improvement (7/30)
2026-02-20 07:27:19 KST | INFO | 
2026-02-20 07:27:19 KST | INFO | Epoch 37/200 | LR: 0.092216
2026-02-20 07:28:01 KST | INFO |   Train Loss: 0.1596 | Test Loss: 0.0013 | Test Acc: 87.97%
2026-02-20 07:28:01 KST | INFO |   No improvement (8/30)
2026-02-20 07:28:01 KST | INFO | 
2026-02-20 07:28:01 KST | INFO | Epoch 38/200 | LR: 0.091790
2026-02-20 07:28:43 KST | INFO |   Train Loss: 0.1517 | Test Loss: 0.0010 | Test Acc: 90.55%
2026-02-20 07:28:43 KST | INFO |   No improvement (9/30)
2026-02-20 07:28:43 KST | INFO | 
2026-02-20 07:28:43 KST | INFO | Epoch 39/200 | LR: 0.091354
2026-02-20 07:29:25 KST | INFO |   Train Loss: 0.1461 | Test Loss: 0.0012 | Test Acc: 89.47%
2026-02-20 07:29:25 KST | INFO |   No improvement (10/30)
2026-02-20 07:29:25 KST | INFO | 
2026-02-20 07:29:25 KST | INFO | Epoch 40/200 | LR: 0.090908
2026-02-20 07:30:13 KST | INFO |   Train Loss: 0.1452 | Test Loss: 0.0015 | Test Acc: 86.58%
2026-02-20 07:30:13 KST | INFO |   No improvement (11/30)
2026-02-20 07:30:13 KST | INFO | 
2026-02-20 07:30:13 KST | INFO | Epoch 41/200 | LR: 0.090451
2026-02-20 07:30:56 KST | INFO |   Train Loss: 0.1399 | Test Loss: 0.0012 | Test Acc: 89.78%
2026-02-20 07:30:56 KST | INFO |   No improvement (12/30)
2026-02-20 07:30:56 KST | INFO | 
2026-02-20 07:30:56 KST | INFO | Epoch 42/200 | LR: 0.089984
2026-02-20 07:31:39 KST | INFO |   Train Loss: 0.1456 | Test Loss: 0.0011 | Test Acc: 90.50%
2026-02-20 07:31:39 KST | INFO |   No improvement (13/30)
2026-02-20 07:31:39 KST | INFO | 
2026-02-20 07:31:39 KST | INFO | Epoch 43/200 | LR: 0.089508
2026-02-20 07:32:20 KST | INFO |   Train Loss: 0.1421 | Test Loss: 0.0015 | Test Acc: 86.30%
2026-02-20 07:32:20 KST | INFO |   No improvement (14/30)
2026-02-20 07:32:20 KST | INFO | 
2026-02-20 07:32:20 KST | INFO | Epoch 44/200 | LR: 0.089022
2026-02-20 07:33:03 KST | INFO |   Train Loss: 0.1434 | Test Loss: 0.0012 | Test Acc: 89.85%
2026-02-20 07:33:03 KST | INFO |   No improvement (15/30)
2026-02-20 07:33:03 KST | INFO | 
2026-02-20 07:33:03 KST | INFO | Epoch 45/200 | LR: 0.088526
2026-02-20 07:33:52 KST | INFO |   Train Loss: 0.1350 | Test Loss: 0.0017 | Test Acc: 84.75%
2026-02-20 07:33:52 KST | INFO |   No improvement (16/30)
2026-02-20 07:33:52 KST | INFO | 
2026-02-20 07:33:52 KST | INFO | Epoch 46/200 | LR: 0.088020
2026-02-20 07:34:35 KST | INFO |   Train Loss: 0.1378 | Test Loss: 0.0010 | Test Acc: 91.47%
2026-02-20 07:34:35 KST | INFO |   🏆 New best accuracy: 91.47%
2026-02-20 07:34:35 KST | INFO | 
2026-02-20 07:34:35 KST | INFO | Epoch 47/200 | LR: 0.087506
2026-02-20 07:35:18 KST | INFO |   Train Loss: 0.1355 | Test Loss: 0.0014 | Test Acc: 87.72%
2026-02-20 07:35:18 KST | INFO |   No improvement (1/30)
2026-02-20 07:35:18 KST | INFO | 
2026-02-20 07:35:18 KST | INFO | Epoch 48/200 | LR: 0.086982
2026-02-20 07:36:00 KST | INFO |   Train Loss: 0.1318 | Test Loss: 0.0008 | Test Acc: 92.83%
2026-02-20 07:36:00 KST | INFO |   🏆 New best accuracy: 92.83%
2026-02-20 07:36:00 KST | INFO | 
2026-02-20 07:36:00 KST | INFO | Epoch 49/200 | LR: 0.086449
2026-02-20 07:36:50 KST | INFO |   Train Loss: 0.1262 | Test Loss: 0.0011 | Test Acc: 90.15%
2026-02-20 07:36:50 KST | INFO |   No improvement (1/30)
2026-02-20 07:36:50 KST | INFO | 
2026-02-20 07:36:50 KST | INFO | Epoch 50/200 | LR: 0.085906
2026-02-20 07:37:31 KST | INFO |   Train Loss: 0.1285 | Test Loss: 0.0014 | Test Acc: 87.75%
2026-02-20 07:37:31 KST | INFO |   No improvement (2/30)
2026-02-20 07:37:31 KST | INFO | 
2026-02-20 07:37:31 KST | INFO | Epoch 51/200 | LR: 0.085355
2026-02-20 07:38:15 KST | INFO |   Train Loss: 0.1236 | Test Loss: 0.0010 | Test Acc: 91.00%
2026-02-20 07:38:15 KST | INFO |   No improvement (3/30)
2026-02-20 07:38:15 KST | INFO | 
2026-02-20 07:38:15 KST | INFO | Epoch 52/200 | LR: 0.084796
2026-02-20 07:39:04 KST | INFO |   Train Loss: 0.1293 | Test Loss: 0.0013 | Test Acc: 88.17%
2026-02-20 07:39:04 KST | INFO |   No improvement (4/30)
2026-02-20 07:39:04 KST | INFO | 
2026-02-20 07:39:04 KST | INFO | Epoch 53/200 | LR: 0.084228
2026-02-20 07:39:46 KST | INFO |   Train Loss: 0.1265 | Test Loss: 0.0014 | Test Acc: 88.08%
2026-02-20 07:39:46 KST | INFO |   No improvement (5/30)
2026-02-20 07:39:46 KST | INFO | 
2026-02-20 07:39:46 KST | INFO | Epoch 54/200 | LR: 0.083651
2026-02-20 07:40:28 KST | INFO |   Train Loss: 0.1301 | Test Loss: 0.0014 | Test Acc: 88.58%
2026-02-20 07:40:28 KST | INFO |   No improvement (6/30)
2026-02-20 07:40:28 KST | INFO | 
2026-02-20 07:40:28 KST | INFO | Epoch 55/200 | LR: 0.083066
2026-02-20 07:41:10 KST | INFO |   Train Loss: 0.1209 | Test Loss: 0.0009 | Test Acc: 91.97%
2026-02-20 07:41:10 KST | INFO |   No improvement (7/30)
2026-02-20 07:41:10 KST | INFO | 
2026-02-20 07:41:10 KST | INFO | Epoch 56/200 | LR: 0.082473
2026-02-20 07:41:53 KST | INFO |   Train Loss: 0.1226 | Test Loss: 0.0009 | Test Acc: 91.83%
2026-02-20 07:41:53 KST | INFO |   No improvement (8/30)
2026-02-20 07:41:53 KST | INFO | 
2026-02-20 07:41:53 KST | INFO | Epoch 57/200 | LR: 0.081871
2026-02-20 07:42:42 KST | INFO |   Train Loss: 0.1178 | Test Loss: 0.0016 | Test Acc: 87.03%
2026-02-20 07:42:42 KST | INFO |   No improvement (9/30)
2026-02-20 07:42:42 KST | INFO | 
2026-02-20 07:42:42 KST | INFO | Epoch 58/200 | LR: 0.081262
2026-02-20 07:43:25 KST | INFO |   Train Loss: 0.1160 | Test Loss: 0.0009 | Test Acc: 91.75%
2026-02-20 07:43:25 KST | INFO |   No improvement (10/30)
2026-02-20 07:43:25 KST | INFO | 
2026-02-20 07:43:25 KST | INFO | Epoch 59/200 | LR: 0.080646
2026-02-20 07:44:07 KST | INFO |   Train Loss: 0.1159 | Test Loss: 0.0009 | Test Acc: 92.38%
2026-02-20 07:44:07 KST | INFO |   No improvement (11/30)
2026-02-20 07:44:07 KST | INFO | 
2026-02-20 07:44:07 KST | INFO | Epoch 60/200 | LR: 0.080021
2026-02-20 07:44:50 KST | INFO |   Train Loss: 0.1171 | Test Loss: 0.0008 | Test Acc: 92.33%
2026-02-20 07:44:50 KST | INFO |   No improvement (12/30)
2026-02-20 07:44:50 KST | INFO | 
2026-02-20 07:44:50 KST | INFO | Epoch 61/200 | LR: 0.079389
2026-02-20 07:45:39 KST | INFO |   Train Loss: 0.1121 | Test Loss: 0.0010 | Test Acc: 91.85%
2026-02-20 07:45:39 KST | INFO |   No improvement (13/30)
2026-02-20 07:45:39 KST | INFO | 
2026-02-20 07:45:39 KST | INFO | Epoch 62/200 | LR: 0.078750
2026-02-20 07:46:28 KST | INFO |   Train Loss: 0.1135 | Test Loss: 0.0014 | Test Acc: 88.03%
2026-02-20 07:46:28 KST | INFO |   No improvement (14/30)
2026-02-20 07:46:28 KST | INFO | 
2026-02-20 07:46:28 KST | INFO | Epoch 63/200 | LR: 0.078104
2026-02-20 07:47:10 KST | INFO |   Train Loss: 0.1037 | Test Loss: 0.0015 | Test Acc: 87.30%
2026-02-20 07:47:10 KST | INFO |   No improvement (15/30)
2026-02-20 07:47:10 KST | INFO | 
2026-02-20 07:47:10 KST | INFO | Epoch 64/200 | LR: 0.077451
2026-02-20 07:47:52 KST | INFO |   Train Loss: 0.1091 | Test Loss: 0.0010 | Test Acc: 90.75%
2026-02-20 07:47:52 KST | INFO |   No improvement (16/30)
2026-02-20 07:47:52 KST | INFO | 
2026-02-20 07:47:52 KST | INFO | Epoch 65/200 | LR: 0.076792
2026-02-20 07:48:34 KST | INFO |   Train Loss: 0.1047 | Test Loss: 0.0014 | Test Acc: 88.17%
2026-02-20 07:48:34 KST | INFO |   No improvement (17/30)
2026-02-20 07:48:34 KST | INFO | 
2026-02-20 07:48:34 KST | INFO | Epoch 66/200 | LR: 0.076125
2026-02-20 07:49:16 KST | INFO |   Train Loss: 0.1032 | Test Loss: 0.0011 | Test Acc: 90.62%
2026-02-20 07:49:16 KST | INFO |   No improvement (18/30)
2026-02-20 07:49:16 KST | INFO | 
2026-02-20 07:49:16 KST | INFO | Epoch 67/200 | LR: 0.075452
2026-02-20 07:50:04 KST | INFO |   Train Loss: 0.1097 | Test Loss: 0.0012 | Test Acc: 90.03%
2026-02-20 07:50:04 KST | INFO |   No improvement (19/30)
2026-02-20 07:50:04 KST | INFO | 
2026-02-20 07:50:04 KST | INFO | Epoch 68/200 | LR: 0.074773
2026-02-20 07:50:46 KST | INFO |   Train Loss: 0.1028 | Test Loss: 0.0011 | Test Acc: 91.00%
2026-02-20 07:50:46 KST | INFO |   No improvement (20/30)
2026-02-20 07:50:46 KST | INFO | 
2026-02-20 07:50:46 KST | INFO | Epoch 69/200 | LR: 0.074088
2026-02-20 07:51:34 KST | INFO |   Train Loss: 0.1011 | Test Loss: 0.0009 | Test Acc: 91.33%
2026-02-20 07:51:34 KST | INFO |   No improvement (21/30)
2026-02-20 07:51:34 KST | INFO | 
2026-02-20 07:51:34 KST | INFO | Epoch 70/200 | LR: 0.073397
2026-02-20 07:52:21 KST | INFO |   Train Loss: 0.0968 | Test Loss: 0.0009 | Test Acc: 92.28%
2026-02-20 07:52:21 KST | INFO |   No improvement (22/30)
2026-02-20 07:52:21 KST | INFO | 
2026-02-20 07:52:21 KST | INFO | Epoch 71/200 | LR: 0.072700
2026-02-20 07:53:02 KST | INFO |   Train Loss: 0.0982 | Test Loss: 0.0011 | Test Acc: 90.35%
2026-02-20 07:53:02 KST | INFO |   No improvement (23/30)
2026-02-20 07:53:02 KST | INFO | 
2026-02-20 07:53:02 KST | INFO | Epoch 72/200 | LR: 0.071997
2026-02-20 07:53:43 KST | INFO |   Train Loss: 0.0924 | Test Loss: 0.0010 | Test Acc: 90.53%
2026-02-20 07:53:43 KST | INFO |   No improvement (24/30)
2026-02-20 07:53:43 KST | INFO | 
2026-02-20 07:53:43 KST | INFO | Epoch 73/200 | LR: 0.071289
2026-02-20 07:54:27 KST | INFO |   Train Loss: 0.0946 | Test Loss: 0.0009 | Test Acc: 91.92%
2026-02-20 07:54:27 KST | INFO |   No improvement (25/30)
2026-02-20 07:54:27 KST | INFO | 
2026-02-20 07:54:27 KST | INFO | Epoch 74/200 | LR: 0.070576
2026-02-20 07:55:16 KST | INFO |   Train Loss: 0.0864 | Test Loss: 0.0016 | Test Acc: 87.38%
2026-02-20 07:55:16 KST | INFO |   No improvement (26/30)
2026-02-20 07:55:16 KST | INFO | 
2026-02-20 07:55:16 KST | INFO | Epoch 75/200 | LR: 0.069858
2026-02-20 07:55:59 KST | INFO |   Train Loss: 0.0898 | Test Loss: 0.0012 | Test Acc: 90.15%
2026-02-20 07:55:59 KST | INFO |   No improvement (27/30)
2026-02-20 07:55:59 KST | INFO | 
2026-02-20 07:55:59 KST | INFO | Epoch 76/200 | LR: 0.069134
2026-02-20 07:56:41 KST | INFO |   Train Loss: 0.0896 | Test Loss: 0.0008 | Test Acc: 91.75%
2026-02-20 07:56:41 KST | INFO |   No improvement (28/30)
2026-02-20 07:56:41 KST | INFO | 
2026-02-20 07:56:41 KST | INFO | Epoch 77/200 | LR: 0.068407
2026-02-20 07:57:24 KST | INFO |   Train Loss: 0.0820 | Test Loss: 0.0011 | Test Acc: 90.78%
2026-02-20 07:57:24 KST | INFO |   No improvement (29/30)
2026-02-20 07:57:24 KST | INFO | 
2026-02-20 07:57:24 KST | INFO | Epoch 78/200 | LR: 0.067674
2026-02-20 07:58:13 KST | INFO |   Train Loss: 0.0876 | Test Loss: 0.0021 | Test Acc: 83.62%
2026-02-20 07:58:13 KST | INFO |   No improvement (30/30)
2026-02-20 07:58:13 KST | INFO | 
2026-02-20 07:58:13 KST | INFO | Early stopping after 30 epochs without improvement
2026-02-20 07:58:13 KST | INFO | 
2026-02-20 07:58:13 KST | INFO | ================================================================================
2026-02-20 07:58:13 KST | INFO | TRAINING COMPLETE
2026-02-20 07:58:13 KST | INFO | ================================================================================
2026-02-20 07:58:13 KST | INFO | Best accuracy:  92.83% (Epoch 48)
2026-02-20 07:58:13 KST | INFO | Final accuracy: 83.62%
2026-02-20 07:58:13 KST | INFO | ================================================================================
2026-02-20 07:58:13 KST | INFO | 
2026-02-20 07:58:13 KST | INFO | Notifying nodes of completion...
2026-02-20 07:58:14 KST | INFO | ✓ Nodes notified
2026-02-20 07:58:14 KST | INFO | 
2026-02-20 07:58:14 KST | INFO | Closing connections...
2026-02-20 07:58:14 KST | INFO | ✓ Cleanup complete
2026-02-20 07:58:14 KST | INFO | 
2026-02-20 07:58:14 KST | INFO | Full log: logs/TL++_secure_20260220_070027.log
2026-02-20 07:58:14 KST | INFO | ================================================================================
