2026-02-04 20:39:30 KST | INFO | ================================================================================
2026-02-04 20:39:30 KST | INFO | TL++ Orchestrator
2026-02-04 20:39:30 KST | INFO | ================================================================================
2026-02-04 20:39:30 KST | INFO | Log file: logs/TL++_base_20260204_203930.log
2026-02-04 20:39:30 KST | INFO | 
2026-02-04 20:39:30 KST | INFO | --------------------------------------------------------------------------------
2026-02-04 20:39:30 KST | INFO | CONFIGURATION
2026-02-04 20:39:30 KST | INFO | --------------------------------------------------------------------------------
2026-02-04 20:39:30 KST | INFO | Secure mode:      False
2026-02-04 20:39:30 KST | INFO | Nodes:            6
2026-02-04 20:39:30 KST | INFO | Cut layer:        1
2026-02-04 20:39:30 KST | INFO | Batch size:       128
2026-02-04 20:39:30 KST | INFO | Learning rate:    0.1
2026-02-04 20:39:30 KST | INFO | 
2026-02-04 20:39:30 KST | INFO | Computation device: cuda
2026-02-04 20:39:30 KST | INFO | Secure mode: DISABLED
2026-02-04 20:39:30 KST | INFO | 
2026-02-04 20:39:30 KST | INFO | --------------------------------------------------------------------------------
2026-02-04 20:39:30 KST | INFO | NETWORK SETUP
2026-02-04 20:39:30 KST | INFO | --------------------------------------------------------------------------------
2026-02-04 20:39:30 KST | INFO | ✓ Orchestrator listening on 127.0.0.1:8080
2026-02-04 20:39:30 KST | INFO | Waiting for 6 node(s)...
2026-02-04 20:39:33 KST | INFO |   ✓ Node 1/6 connected
2026-02-04 20:39:34 KST | INFO |   ✓ Node 2/6 connected
2026-02-04 20:39:35 KST | INFO |   ✓ Node 3/6 connected
2026-02-04 20:39:36 KST | INFO |   ✓ Node 4/6 connected
2026-02-04 20:39:37 KST | INFO |   ✓ Node 5/6 connected
2026-02-04 20:39:38 KST | INFO |   ✓ Node 6/6 connected
2026-02-04 20:39:38 KST | INFO | ✓ All 6 node(s) connected
2026-02-04 20:39:38 KST | INFO | 
2026-02-04 20:39:38 KST | INFO | --------------------------------------------------------------------------------
2026-02-04 20:39:38 KST | INFO | MODEL INITIALIZATION
2026-02-04 20:39:38 KST | INFO | --------------------------------------------------------------------------------
2026-02-04 20:39:38 KST | INFO | Node-side parameters: 38,720
2026-02-04 20:39:38 KST | INFO | 
2026-02-04 20:39:38 KST | INFO | --------------------------------------------------------------------------------
2026-02-04 20:39:38 KST | INFO | BROADCASTING CONFIGURATION
2026-02-04 20:39:38 KST | INFO | --------------------------------------------------------------------------------
2026-02-04 20:39:38 KST | INFO | ✓ Configuration broadcast to all nodes
2026-02-04 20:39:39 KST | INFO | 
2026-02-04 20:39:39 KST | INFO | Total parameters:     3,246,150
2026-02-04 20:39:39 KST | INFO | Trainable parameters: 3,246,150
2026-02-04 20:39:39 KST | INFO | 
2026-02-04 20:39:39 KST | INFO | --------------------------------------------------------------------------------
2026-02-04 20:39:39 KST | INFO | DATA LOADING
2026-02-04 20:39:39 KST | INFO | --------------------------------------------------------------------------------
2026-02-04 20:40:04 KST | INFO | ✓ Dataset information collected:
2026-02-04 20:40:04 KST | INFO |     Node 1: 5,000 samples
2026-02-04 20:40:04 KST | INFO |     Node 2: 5,000 samples
2026-02-04 20:40:04 KST | INFO |     Node 3: 5,000 samples
2026-02-04 20:40:04 KST | INFO |     Node 4: 5,000 samples
2026-02-04 20:40:04 KST | INFO |     Node 5: 5,000 samples
2026-02-04 20:40:04 KST | INFO |     Node 6: 5,000 samples
2026-02-04 20:40:04 KST | INFO |   Total training samples: 30,000
2026-02-04 20:40:04 KST | INFO | 
2026-02-04 20:40:08 KST | INFO | ✓ Test dataset loaded: 6,000 samples
2026-02-04 20:40:08 KST | INFO | 
2026-02-04 20:40:08 KST | INFO | ✓ Batch scheduler: 235 batches/epoch
2026-02-04 20:40:08 KST | INFO | 
2026-02-04 20:40:08 KST | INFO | --------------------------------------------------------------------------------
2026-02-04 20:40:08 KST | INFO | OPTIMIZATION SETUP
2026-02-04 20:40:08 KST | INFO | --------------------------------------------------------------------------------
2026-02-04 20:40:08 KST | INFO | ✓ Optimizer: SGD (lr=0.1, momentum=0.9)
2026-02-04 20:40:08 KST | INFO | ✓ Scheduler: cosine
2026-02-04 20:40:08 KST | INFO | ✓ Gradient clipping: 1.0
2026-02-04 20:40:08 KST | INFO | 
2026-02-04 20:40:08 KST | INFO | ================================================================================
2026-02-04 20:40:08 KST | INFO | Setup complete - Ready for training
2026-02-04 20:40:08 KST | INFO | ================================================================================
2026-02-04 20:40:08 KST | INFO | 
2026-02-04 20:40:08 KST | INFO | --------------------------------------------------------------------------------
2026-02-04 20:40:08 KST | INFO | TRAINING
2026-02-04 20:40:08 KST | INFO | --------------------------------------------------------------------------------
2026-02-04 20:40:08 KST | INFO | 
2026-02-04 20:40:08 KST | INFO | Epoch 1/200 | LR: 0.100000
2026-02-04 20:40:22 KST | INFO |   Train Loss: 1.3598 | Test Loss: 0.0046 | Test Acc: 55.80%
2026-02-04 20:40:22 KST | INFO |   🏆 New best accuracy: 55.80%
2026-02-04 20:40:22 KST | INFO | 
2026-02-04 20:40:22 KST | INFO | Epoch 2/200 | LR: 0.099994
2026-02-04 20:40:35 KST | INFO |   Train Loss: 1.0625 | Test Loss: 0.0037 | Test Acc: 63.47%
2026-02-04 20:40:35 KST | INFO |   🏆 New best accuracy: 63.47%
2026-02-04 20:40:35 KST | INFO | 
2026-02-04 20:40:35 KST | INFO | Epoch 3/200 | LR: 0.099975
2026-02-04 20:40:48 KST | INFO |   Train Loss: 0.8856 | Test Loss: 0.0031 | Test Acc: 69.53%
2026-02-04 20:40:48 KST | INFO |   🏆 New best accuracy: 69.53%
2026-02-04 20:40:48 KST | INFO | 
2026-02-04 20:40:48 KST | INFO | Epoch 4/200 | LR: 0.099944
2026-02-04 20:41:00 KST | INFO |   Train Loss: 0.7558 | Test Loss: 0.0027 | Test Acc: 74.92%
2026-02-04 20:41:00 KST | INFO |   🏆 New best accuracy: 74.92%
2026-02-04 20:41:00 KST | INFO | 
2026-02-04 20:41:00 KST | INFO | Epoch 5/200 | LR: 0.099901
2026-02-04 20:41:13 KST | INFO |   Train Loss: 0.6647 | Test Loss: 0.0027 | Test Acc: 75.67%
2026-02-04 20:41:13 KST | INFO |   🏆 New best accuracy: 75.67%
2026-02-04 20:41:13 KST | INFO | 
2026-02-04 20:41:13 KST | INFO | Epoch 6/200 | LR: 0.099846
2026-02-04 20:41:26 KST | INFO |   Train Loss: 0.6123 | Test Loss: 0.0023 | Test Acc: 78.80%
2026-02-04 20:41:26 KST | INFO |   🏆 New best accuracy: 78.80%
2026-02-04 20:41:26 KST | INFO | 
2026-02-04 20:41:26 KST | INFO | Epoch 7/200 | LR: 0.099778
2026-02-04 20:41:39 KST | INFO |   Train Loss: 0.5677 | Test Loss: 0.0022 | Test Acc: 80.10%
2026-02-04 20:41:39 KST | INFO |   🏆 New best accuracy: 80.10%
2026-02-04 20:41:39 KST | INFO | 
2026-02-04 20:41:39 KST | INFO | Epoch 8/200 | LR: 0.099698
2026-02-04 20:41:52 KST | INFO |   Train Loss: 0.5281 | Test Loss: 0.0023 | Test Acc: 79.73%
2026-02-04 20:41:52 KST | INFO |   No improvement (1/30)
2026-02-04 20:41:52 KST | INFO | 
2026-02-04 20:41:52 KST | INFO | Epoch 9/200 | LR: 0.099606
2026-02-04 20:42:05 KST | INFO |   Train Loss: 0.5001 | Test Loss: 0.0019 | Test Acc: 82.85%
2026-02-04 20:42:05 KST | INFO |   🏆 New best accuracy: 82.85%
2026-02-04 20:42:05 KST | INFO | 
2026-02-04 20:42:05 KST | INFO | Epoch 10/200 | LR: 0.099501
2026-02-04 20:42:18 KST | INFO |   Train Loss: 0.4786 | Test Loss: 0.0018 | Test Acc: 84.18%
2026-02-04 20:42:18 KST | INFO |   🏆 New best accuracy: 84.18%
2026-02-04 20:42:18 KST | INFO | 
2026-02-04 20:42:18 KST | INFO | Epoch 11/200 | LR: 0.099384
2026-02-04 20:42:31 KST | INFO |   Train Loss: 0.4557 | Test Loss: 0.0021 | Test Acc: 81.95%
2026-02-04 20:42:31 KST | INFO |   No improvement (1/30)
2026-02-04 20:42:31 KST | INFO | 
2026-02-04 20:42:31 KST | INFO | Epoch 12/200 | LR: 0.099255
2026-02-04 20:42:44 KST | INFO |   Train Loss: 0.4348 | Test Loss: 0.0021 | Test Acc: 81.43%
2026-02-04 20:42:44 KST | INFO |   No improvement (2/30)
2026-02-04 20:42:44 KST | INFO | 
2026-02-04 20:42:44 KST | INFO | Epoch 13/200 | LR: 0.099114
2026-02-04 20:42:57 KST | INFO |   Train Loss: 0.4206 | Test Loss: 0.0018 | Test Acc: 84.23%
2026-02-04 20:42:57 KST | INFO |   🏆 New best accuracy: 84.23%
2026-02-04 20:42:57 KST | INFO | 
2026-02-04 20:42:57 KST | INFO | Epoch 14/200 | LR: 0.098961
2026-02-04 20:43:10 KST | INFO |   Train Loss: 0.4070 | Test Loss: 0.0017 | Test Acc: 84.50%
2026-02-04 20:43:10 KST | INFO |   🏆 New best accuracy: 84.50%
2026-02-04 20:43:10 KST | INFO | 
2026-02-04 20:43:10 KST | INFO | Epoch 15/200 | LR: 0.098796
2026-02-04 20:43:22 KST | INFO |   Train Loss: 0.3902 | Test Loss: 0.0019 | Test Acc: 84.25%
2026-02-04 20:43:22 KST | INFO |   No improvement (1/30)
2026-02-04 20:43:22 KST | INFO | 
2026-02-04 20:43:22 KST | INFO | Epoch 16/200 | LR: 0.098619
2026-02-04 20:43:35 KST | INFO |   Train Loss: 0.3869 | Test Loss: 0.0016 | Test Acc: 85.53%
2026-02-04 20:43:35 KST | INFO |   🏆 New best accuracy: 85.53%
2026-02-04 20:43:35 KST | INFO | 
2026-02-04 20:43:35 KST | INFO | Epoch 17/200 | LR: 0.098429
2026-02-04 20:43:48 KST | INFO |   Train Loss: 0.3723 | Test Loss: 0.0016 | Test Acc: 86.18%
2026-02-04 20:43:48 KST | INFO |   🏆 New best accuracy: 86.18%
2026-02-04 20:43:48 KST | INFO | 
2026-02-04 20:43:48 KST | INFO | Epoch 18/200 | LR: 0.098228
2026-02-04 20:44:01 KST | INFO |   Train Loss: 0.3640 | Test Loss: 0.0017 | Test Acc: 85.32%
2026-02-04 20:44:01 KST | INFO |   No improvement (1/30)
2026-02-04 20:44:01 KST | INFO | 
2026-02-04 20:44:01 KST | INFO | Epoch 19/200 | LR: 0.098015
2026-02-04 20:44:14 KST | INFO |   Train Loss: 0.3460 | Test Loss: 0.0016 | Test Acc: 86.12%
2026-02-04 20:44:14 KST | INFO |   No improvement (2/30)
2026-02-04 20:44:14 KST | INFO | 
2026-02-04 20:44:14 KST | INFO | Epoch 20/200 | LR: 0.097790
2026-02-04 20:44:27 KST | INFO |   Train Loss: 0.3493 | Test Loss: 0.0015 | Test Acc: 86.85%
2026-02-04 20:44:27 KST | INFO |   🏆 New best accuracy: 86.85%
2026-02-04 20:44:27 KST | INFO | 
2026-02-04 20:44:27 KST | INFO | Epoch 21/200 | LR: 0.097553
2026-02-04 20:44:40 KST | INFO |   Train Loss: 0.3406 | Test Loss: 0.0016 | Test Acc: 85.97%
2026-02-04 20:44:40 KST | INFO |   No improvement (1/30)
2026-02-04 20:44:40 KST | INFO | 
2026-02-04 20:44:40 KST | INFO | Epoch 22/200 | LR: 0.097304
2026-02-04 20:44:53 KST | INFO |   Train Loss: 0.3355 | Test Loss: 0.0017 | Test Acc: 85.08%
2026-02-04 20:44:53 KST | INFO |   No improvement (2/30)
2026-02-04 20:44:53 KST | INFO | 
2026-02-04 20:44:53 KST | INFO | Epoch 23/200 | LR: 0.097044
2026-02-04 20:45:05 KST | INFO |   Train Loss: 0.3246 | Test Loss: 0.0017 | Test Acc: 85.30%
2026-02-04 20:45:05 KST | INFO |   No improvement (3/30)
2026-02-04 20:45:05 KST | INFO | 
2026-02-04 20:45:05 KST | INFO | Epoch 24/200 | LR: 0.096772
2026-02-04 20:45:18 KST | INFO |   Train Loss: 0.3212 | Test Loss: 0.0015 | Test Acc: 86.55%
2026-02-04 20:45:18 KST | INFO |   No improvement (4/30)
2026-02-04 20:45:18 KST | INFO | 
2026-02-04 20:45:18 KST | INFO | Epoch 25/200 | LR: 0.096489
2026-02-04 20:45:31 KST | INFO |   Train Loss: 0.3191 | Test Loss: 0.0017 | Test Acc: 85.43%
2026-02-04 20:45:31 KST | INFO |   No improvement (5/30)
2026-02-04 20:45:31 KST | INFO | 
2026-02-04 20:45:31 KST | INFO | Epoch 26/200 | LR: 0.096194
2026-02-04 20:45:44 KST | INFO |   Train Loss: 0.3112 | Test Loss: 0.0017 | Test Acc: 85.80%
2026-02-04 20:45:44 KST | INFO |   No improvement (6/30)
2026-02-04 20:45:44 KST | INFO | 
2026-02-04 20:45:44 KST | INFO | Epoch 27/200 | LR: 0.095888
2026-02-04 20:45:57 KST | INFO |   Train Loss: 0.3049 | Test Loss: 0.0015 | Test Acc: 86.70%
2026-02-04 20:45:57 KST | INFO |   No improvement (7/30)
2026-02-04 20:45:57 KST | INFO | 
2026-02-04 20:45:57 KST | INFO | Epoch 28/200 | LR: 0.095570
2026-02-04 20:46:10 KST | INFO |   Train Loss: 0.2996 | Test Loss: 0.0014 | Test Acc: 87.32%
2026-02-04 20:46:10 KST | INFO |   🏆 New best accuracy: 87.32%
2026-02-04 20:46:10 KST | INFO | 
2026-02-04 20:46:10 KST | INFO | Epoch 29/200 | LR: 0.095241
2026-02-04 20:46:22 KST | INFO |   Train Loss: 0.2994 | Test Loss: 0.0014 | Test Acc: 87.87%
2026-02-04 20:46:22 KST | INFO |   🏆 New best accuracy: 87.87%
2026-02-04 20:46:22 KST | INFO | 
2026-02-04 20:46:22 KST | INFO | Epoch 30/200 | LR: 0.094901
2026-02-04 20:46:35 KST | INFO |   Train Loss: 0.2934 | Test Loss: 0.0021 | Test Acc: 81.55%
2026-02-04 20:46:35 KST | INFO |   No improvement (1/30)
2026-02-04 20:46:35 KST | INFO | 
2026-02-04 20:46:35 KST | INFO | Epoch 31/200 | LR: 0.094550
2026-02-04 20:46:48 KST | INFO |   Train Loss: 0.2893 | Test Loss: 0.0014 | Test Acc: 87.35%
2026-02-04 20:46:48 KST | INFO |   No improvement (2/30)
2026-02-04 20:46:48 KST | INFO | 
2026-02-04 20:46:48 KST | INFO | Epoch 32/200 | LR: 0.094188
2026-02-04 20:47:01 KST | INFO |   Train Loss: 0.2813 | Test Loss: 0.0015 | Test Acc: 86.90%
2026-02-04 20:47:01 KST | INFO |   No improvement (3/30)
2026-02-04 20:47:01 KST | INFO | 
2026-02-04 20:47:01 KST | INFO | Epoch 33/200 | LR: 0.093815
2026-02-04 20:47:14 KST | INFO |   Train Loss: 0.2856 | Test Loss: 0.0015 | Test Acc: 86.88%
2026-02-04 20:47:14 KST | INFO |   No improvement (4/30)
2026-02-04 20:47:14 KST | INFO | 
2026-02-04 20:47:14 KST | INFO | Epoch 34/200 | LR: 0.093432
2026-02-04 20:47:27 KST | INFO |   Train Loss: 0.2785 | Test Loss: 0.0015 | Test Acc: 87.50%
2026-02-04 20:47:27 KST | INFO |   No improvement (5/30)
2026-02-04 20:47:27 KST | INFO | 
2026-02-04 20:47:27 KST | INFO | Epoch 35/200 | LR: 0.093037
2026-02-04 20:47:40 KST | INFO |   Train Loss: 0.2706 | Test Loss: 0.0014 | Test Acc: 87.97%
2026-02-04 20:47:40 KST | INFO |   🏆 New best accuracy: 87.97%
2026-02-04 20:47:40 KST | INFO | 
2026-02-04 20:47:40 KST | INFO | Epoch 36/200 | LR: 0.092632
2026-02-04 20:47:52 KST | INFO |   Train Loss: 0.2719 | Test Loss: 0.0018 | Test Acc: 85.75%
2026-02-04 20:47:52 KST | INFO |   No improvement (1/30)
2026-02-04 20:47:52 KST | INFO | 
2026-02-04 20:47:52 KST | INFO | Epoch 37/200 | LR: 0.092216
2026-02-04 20:48:05 KST | INFO |   Train Loss: 0.2683 | Test Loss: 0.0017 | Test Acc: 85.70%
2026-02-04 20:48:05 KST | INFO |   No improvement (2/30)
2026-02-04 20:48:05 KST | INFO | 
2026-02-04 20:48:05 KST | INFO | Epoch 38/200 | LR: 0.091790
2026-02-04 20:48:19 KST | INFO |   Train Loss: 0.2655 | Test Loss: 0.0014 | Test Acc: 87.22%
2026-02-04 20:48:19 KST | INFO |   No improvement (3/30)
2026-02-04 20:48:19 KST | INFO | 
2026-02-04 20:48:19 KST | INFO | Epoch 39/200 | LR: 0.091354
2026-02-04 20:48:31 KST | INFO |   Train Loss: 0.2637 | Test Loss: 0.0015 | Test Acc: 88.00%
2026-02-04 20:48:31 KST | INFO |   🏆 New best accuracy: 88.00%
2026-02-04 20:48:31 KST | INFO | 
2026-02-04 20:48:31 KST | INFO | Epoch 40/200 | LR: 0.090908
2026-02-04 20:48:44 KST | INFO |   Train Loss: 0.2621 | Test Loss: 0.0017 | Test Acc: 86.48%
2026-02-04 20:48:44 KST | INFO |   No improvement (1/30)
2026-02-04 20:48:44 KST | INFO | 
2026-02-04 20:48:44 KST | INFO | Epoch 41/200 | LR: 0.090451
2026-02-04 20:48:57 KST | INFO |   Train Loss: 0.2636 | Test Loss: 0.0014 | Test Acc: 88.48%
2026-02-04 20:48:57 KST | INFO |   🏆 New best accuracy: 88.48%
2026-02-04 20:48:57 KST | INFO | 
2026-02-04 20:48:57 KST | INFO | Epoch 42/200 | LR: 0.089984
2026-02-04 20:49:10 KST | INFO |   Train Loss: 0.2616 | Test Loss: 0.0014 | Test Acc: 87.43%
2026-02-04 20:49:10 KST | INFO |   No improvement (1/30)
2026-02-04 20:49:10 KST | INFO | 
2026-02-04 20:49:10 KST | INFO | Epoch 43/200 | LR: 0.089508
2026-02-04 20:49:23 KST | INFO |   Train Loss: 0.2532 | Test Loss: 0.0014 | Test Acc: 87.65%
2026-02-04 20:49:23 KST | INFO |   No improvement (2/30)
2026-02-04 20:49:23 KST | INFO | 
2026-02-04 20:49:23 KST | INFO | Epoch 44/200 | LR: 0.089022
2026-02-04 20:49:36 KST | INFO |   Train Loss: 0.2422 | Test Loss: 0.0014 | Test Acc: 88.23%
2026-02-04 20:49:36 KST | INFO |   No improvement (3/30)
2026-02-04 20:49:36 KST | INFO | 
2026-02-04 20:49:36 KST | INFO | Epoch 45/200 | LR: 0.088526
2026-02-04 20:49:49 KST | INFO |   Train Loss: 0.2480 | Test Loss: 0.0015 | Test Acc: 86.88%
2026-02-04 20:49:49 KST | INFO |   No improvement (4/30)
2026-02-04 20:49:49 KST | INFO | 
2026-02-04 20:49:49 KST | INFO | Epoch 46/200 | LR: 0.088020
2026-02-04 20:50:02 KST | INFO |   Train Loss: 0.2425 | Test Loss: 0.0016 | Test Acc: 86.98%
2026-02-04 20:50:02 KST | INFO |   No improvement (5/30)
2026-02-04 20:50:02 KST | INFO | 
2026-02-04 20:50:02 KST | INFO | Epoch 47/200 | LR: 0.087506
2026-02-04 20:50:15 KST | INFO |   Train Loss: 0.2427 | Test Loss: 0.0014 | Test Acc: 88.52%
2026-02-04 20:50:15 KST | INFO |   🏆 New best accuracy: 88.52%
2026-02-04 20:50:15 KST | INFO | 
2026-02-04 20:50:15 KST | INFO | Epoch 48/200 | LR: 0.086982
2026-02-04 20:50:28 KST | INFO |   Train Loss: 0.2423 | Test Loss: 0.0013 | Test Acc: 88.90%
2026-02-04 20:50:28 KST | INFO |   🏆 New best accuracy: 88.90%
2026-02-04 20:50:28 KST | INFO | 
2026-02-04 20:50:28 KST | INFO | Epoch 49/200 | LR: 0.086449
2026-02-04 20:50:41 KST | INFO |   Train Loss: 0.2401 | Test Loss: 0.0015 | Test Acc: 87.80%
2026-02-04 20:50:41 KST | INFO |   No improvement (1/30)
2026-02-04 20:50:41 KST | INFO | 
2026-02-04 20:50:41 KST | INFO | Epoch 50/200 | LR: 0.085906
2026-02-04 20:50:53 KST | INFO |   Train Loss: 0.2353 | Test Loss: 0.0017 | Test Acc: 86.52%
2026-02-04 20:50:53 KST | INFO |   No improvement (2/30)
2026-02-04 20:50:53 KST | INFO | 
2026-02-04 20:50:53 KST | INFO | Epoch 51/200 | LR: 0.085355
2026-02-04 20:51:06 KST | INFO |   Train Loss: 0.2395 | Test Loss: 0.0014 | Test Acc: 88.13%
2026-02-04 20:51:06 KST | INFO |   No improvement (3/30)
2026-02-04 20:51:06 KST | INFO | 
2026-02-04 20:51:06 KST | INFO | Epoch 52/200 | LR: 0.084796
2026-02-04 20:51:19 KST | INFO |   Train Loss: 0.2371 | Test Loss: 0.0015 | Test Acc: 87.33%
2026-02-04 20:51:19 KST | INFO |   No improvement (4/30)
2026-02-04 20:51:19 KST | INFO | 
2026-02-04 20:51:19 KST | INFO | Epoch 53/200 | LR: 0.084228
2026-02-04 20:51:32 KST | INFO |   Train Loss: 0.2330 | Test Loss: 0.0013 | Test Acc: 88.65%
2026-02-04 20:51:32 KST | INFO |   No improvement (5/30)
2026-02-04 20:51:32 KST | INFO | 
2026-02-04 20:51:32 KST | INFO | Epoch 54/200 | LR: 0.083651
2026-02-04 20:51:45 KST | INFO |   Train Loss: 0.2305 | Test Loss: 0.0015 | Test Acc: 87.62%
2026-02-04 20:51:45 KST | INFO |   No improvement (6/30)
2026-02-04 20:51:45 KST | INFO | 
2026-02-04 20:51:45 KST | INFO | Epoch 55/200 | LR: 0.083066
2026-02-04 20:51:58 KST | INFO |   Train Loss: 0.2262 | Test Loss: 0.0013 | Test Acc: 88.93%
2026-02-04 20:51:58 KST | INFO |   🏆 New best accuracy: 88.93%
2026-02-04 20:51:58 KST | INFO | 
2026-02-04 20:51:58 KST | INFO | Epoch 56/200 | LR: 0.082473
2026-02-04 20:52:11 KST | INFO |   Train Loss: 0.2268 | Test Loss: 0.0014 | Test Acc: 87.82%
2026-02-04 20:52:11 KST | INFO |   No improvement (1/30)
2026-02-04 20:52:11 KST | INFO | 
2026-02-04 20:52:11 KST | INFO | Epoch 57/200 | LR: 0.081871
2026-02-04 20:52:24 KST | INFO |   Train Loss: 0.2164 | Test Loss: 0.0014 | Test Acc: 88.42%
2026-02-04 20:52:24 KST | INFO |   No improvement (2/30)
2026-02-04 20:52:24 KST | INFO | 
2026-02-04 20:52:24 KST | INFO | Epoch 58/200 | LR: 0.081262
2026-02-04 20:52:37 KST | INFO |   Train Loss: 0.2174 | Test Loss: 0.0016 | Test Acc: 87.42%
2026-02-04 20:52:37 KST | INFO |   No improvement (3/30)
2026-02-04 20:52:37 KST | INFO | 
2026-02-04 20:52:37 KST | INFO | Epoch 59/200 | LR: 0.080646
2026-02-04 20:52:50 KST | INFO |   Train Loss: 0.2154 | Test Loss: 0.0013 | Test Acc: 88.57%
2026-02-04 20:52:50 KST | INFO |   No improvement (4/30)
2026-02-04 20:52:50 KST | INFO | 
2026-02-04 20:52:50 KST | INFO | Epoch 60/200 | LR: 0.080021
2026-02-04 20:53:03 KST | INFO |   Train Loss: 0.2139 | Test Loss: 0.0015 | Test Acc: 87.78%
2026-02-04 20:53:03 KST | INFO |   No improvement (5/30)
2026-02-04 20:53:03 KST | INFO | 
2026-02-04 20:53:03 KST | INFO | Epoch 61/200 | LR: 0.079389
2026-02-04 20:53:16 KST | INFO |   Train Loss: 0.2119 | Test Loss: 0.0016 | Test Acc: 87.22%
2026-02-04 20:53:16 KST | INFO |   No improvement (6/30)
2026-02-04 20:53:16 KST | INFO | 
2026-02-04 20:53:16 KST | INFO | Epoch 62/200 | LR: 0.078750
2026-02-04 20:53:29 KST | INFO |   Train Loss: 0.2112 | Test Loss: 0.0016 | Test Acc: 87.53%
2026-02-04 20:53:29 KST | INFO |   No improvement (7/30)
2026-02-04 20:53:29 KST | INFO | 
2026-02-04 20:53:29 KST | INFO | Epoch 63/200 | LR: 0.078104
2026-02-04 20:53:42 KST | INFO |   Train Loss: 0.2114 | Test Loss: 0.0017 | Test Acc: 86.82%
2026-02-04 20:53:42 KST | INFO |   No improvement (8/30)
2026-02-04 20:53:42 KST | INFO | 
2026-02-04 20:53:42 KST | INFO | Epoch 64/200 | LR: 0.077451
2026-02-04 20:53:55 KST | INFO |   Train Loss: 0.2032 | Test Loss: 0.0014 | Test Acc: 89.18%
2026-02-04 20:53:55 KST | INFO |   🏆 New best accuracy: 89.18%
2026-02-04 20:53:55 KST | INFO | 
2026-02-04 20:53:55 KST | INFO | Epoch 65/200 | LR: 0.076792
2026-02-04 20:54:09 KST | INFO |   Train Loss: 0.1987 | Test Loss: 0.0013 | Test Acc: 89.65%
2026-02-04 20:54:09 KST | INFO |   🏆 New best accuracy: 89.65%
2026-02-04 20:54:09 KST | INFO | 
2026-02-04 20:54:09 KST | INFO | Epoch 66/200 | LR: 0.076125
2026-02-04 20:54:22 KST | INFO |   Train Loss: 0.2003 | Test Loss: 0.0015 | Test Acc: 87.37%
2026-02-04 20:54:22 KST | INFO |   No improvement (1/30)
2026-02-04 20:54:22 KST | INFO | 
2026-02-04 20:54:22 KST | INFO | Epoch 67/200 | LR: 0.075452
2026-02-04 20:54:35 KST | INFO |   Train Loss: 0.1982 | Test Loss: 0.0014 | Test Acc: 88.60%
2026-02-04 20:54:35 KST | INFO |   No improvement (2/30)
2026-02-04 20:54:35 KST | INFO | 
2026-02-04 20:54:35 KST | INFO | Epoch 68/200 | LR: 0.074773
2026-02-04 20:54:48 KST | INFO |   Train Loss: 0.1932 | Test Loss: 0.0014 | Test Acc: 88.30%
2026-02-04 20:54:48 KST | INFO |   No improvement (3/30)
2026-02-04 20:54:48 KST | INFO | 
2026-02-04 20:54:48 KST | INFO | Epoch 69/200 | LR: 0.074088
2026-02-04 20:55:01 KST | INFO |   Train Loss: 0.1915 | Test Loss: 0.0016 | Test Acc: 87.43%
2026-02-04 20:55:01 KST | INFO |   No improvement (4/30)
2026-02-04 20:55:01 KST | INFO | 
2026-02-04 20:55:01 KST | INFO | Epoch 70/200 | LR: 0.073397
2026-02-04 20:55:14 KST | INFO |   Train Loss: 0.1935 | Test Loss: 0.0013 | Test Acc: 88.95%
2026-02-04 20:55:14 KST | INFO |   No improvement (5/30)
2026-02-04 20:55:14 KST | INFO | 
2026-02-04 20:55:14 KST | INFO | Epoch 71/200 | LR: 0.072700
2026-02-04 20:55:27 KST | INFO |   Train Loss: 0.1865 | Test Loss: 0.0013 | Test Acc: 89.23%
2026-02-04 20:55:27 KST | INFO |   No improvement (6/30)
2026-02-04 20:55:27 KST | INFO | 
2026-02-04 20:55:27 KST | INFO | Epoch 72/200 | LR: 0.071997
2026-02-04 20:55:39 KST | INFO |   Train Loss: 0.1867 | Test Loss: 0.0012 | Test Acc: 89.45%
2026-02-04 20:55:39 KST | INFO |   No improvement (7/30)
2026-02-04 20:55:39 KST | INFO | 
2026-02-04 20:55:39 KST | INFO | Epoch 73/200 | LR: 0.071289
2026-02-04 20:55:53 KST | INFO |   Train Loss: 0.1861 | Test Loss: 0.0013 | Test Acc: 89.37%
2026-02-04 20:55:53 KST | INFO |   No improvement (8/30)
2026-02-04 20:55:53 KST | INFO | 
2026-02-04 20:55:53 KST | INFO | Epoch 74/200 | LR: 0.070576
2026-02-04 20:56:05 KST | INFO |   Train Loss: 0.1790 | Test Loss: 0.0019 | Test Acc: 86.58%
2026-02-04 20:56:05 KST | INFO |   No improvement (9/30)
2026-02-04 20:56:05 KST | INFO | 
2026-02-04 20:56:05 KST | INFO | Epoch 75/200 | LR: 0.069858
2026-02-04 20:56:18 KST | INFO |   Train Loss: 0.1811 | Test Loss: 0.0014 | Test Acc: 88.68%
2026-02-04 20:56:18 KST | INFO |   No improvement (10/30)
2026-02-04 20:56:18 KST | INFO | 
2026-02-04 20:56:18 KST | INFO | Epoch 76/200 | LR: 0.069134
2026-02-04 20:56:31 KST | INFO |   Train Loss: 0.1760 | Test Loss: 0.0015 | Test Acc: 88.27%
2026-02-04 20:56:31 KST | INFO |   No improvement (11/30)
2026-02-04 20:56:31 KST | INFO | 
2026-02-04 20:56:31 KST | INFO | Epoch 77/200 | LR: 0.068407
2026-02-04 20:56:44 KST | INFO |   Train Loss: 0.1740 | Test Loss: 0.0015 | Test Acc: 88.07%
2026-02-04 20:56:44 KST | INFO |   No improvement (12/30)
2026-02-04 20:56:44 KST | INFO | 
2026-02-04 20:56:44 KST | INFO | Epoch 78/200 | LR: 0.067674
2026-02-04 20:56:57 KST | INFO |   Train Loss: 0.1727 | Test Loss: 0.0013 | Test Acc: 89.75%
2026-02-04 20:56:57 KST | INFO |   🏆 New best accuracy: 89.75%
2026-02-04 20:56:57 KST | INFO | 
2026-02-04 20:56:57 KST | INFO | Epoch 79/200 | LR: 0.066937
2026-02-04 20:57:10 KST | INFO |   Train Loss: 0.1718 | Test Loss: 0.0014 | Test Acc: 89.25%
2026-02-04 20:57:10 KST | INFO |   No improvement (1/30)
2026-02-04 20:57:10 KST | INFO | 
2026-02-04 20:57:10 KST | INFO | Epoch 80/200 | LR: 0.066196
2026-02-04 20:57:23 KST | INFO |   Train Loss: 0.1672 | Test Loss: 0.0017 | Test Acc: 87.23%
2026-02-04 20:57:23 KST | INFO |   No improvement (2/30)
2026-02-04 20:57:23 KST | INFO | 
2026-02-04 20:57:23 KST | INFO | Epoch 81/200 | LR: 0.065451
2026-02-04 20:57:36 KST | INFO |   Train Loss: 0.1670 | Test Loss: 0.0015 | Test Acc: 88.77%
2026-02-04 20:57:36 KST | INFO |   No improvement (3/30)
2026-02-04 20:57:36 KST | INFO | 
2026-02-04 20:57:36 KST | INFO | Epoch 82/200 | LR: 0.064702
2026-02-04 20:57:49 KST | INFO |   Train Loss: 0.1654 | Test Loss: 0.0016 | Test Acc: 87.92%
2026-02-04 20:57:49 KST | INFO |   No improvement (4/30)
2026-02-04 20:57:49 KST | INFO | 
2026-02-04 20:57:49 KST | INFO | Epoch 83/200 | LR: 0.063950
2026-02-04 20:58:02 KST | INFO |   Train Loss: 0.1640 | Test Loss: 0.0013 | Test Acc: 89.87%
2026-02-04 20:58:02 KST | INFO |   🏆 New best accuracy: 89.87%
2026-02-04 20:58:02 KST | INFO | 
2026-02-04 20:58:02 KST | INFO | Epoch 84/200 | LR: 0.063194
2026-02-04 20:58:15 KST | INFO |   Train Loss: 0.1621 | Test Loss: 0.0013 | Test Acc: 89.68%
2026-02-04 20:58:15 KST | INFO |   No improvement (1/30)
2026-02-04 20:58:15 KST | INFO | 
2026-02-04 20:58:15 KST | INFO | Epoch 85/200 | LR: 0.062435
2026-02-04 20:58:28 KST | INFO |   Train Loss: 0.1593 | Test Loss: 0.0013 | Test Acc: 89.73%
2026-02-04 20:58:28 KST | INFO |   No improvement (2/30)
2026-02-04 20:58:28 KST | INFO | 
2026-02-04 20:58:28 KST | INFO | Epoch 86/200 | LR: 0.061673
2026-02-04 20:58:41 KST | INFO |   Train Loss: 0.1557 | Test Loss: 0.0012 | Test Acc: 89.62%
2026-02-04 20:58:41 KST | INFO |   No improvement (3/30)
2026-02-04 20:58:41 KST | INFO | 
2026-02-04 20:58:41 KST | INFO | Epoch 87/200 | LR: 0.060908
2026-02-04 20:58:54 KST | INFO |   Train Loss: 0.1548 | Test Loss: 0.0014 | Test Acc: 88.50%
2026-02-04 20:58:54 KST | INFO |   No improvement (4/30)
2026-02-04 20:58:54 KST | INFO | 
2026-02-04 20:58:54 KST | INFO | Epoch 88/200 | LR: 0.060140
2026-02-04 20:59:07 KST | INFO |   Train Loss: 0.1510 | Test Loss: 0.0012 | Test Acc: 90.30%
2026-02-04 20:59:07 KST | INFO |   🏆 New best accuracy: 90.30%
2026-02-04 20:59:07 KST | INFO | 
2026-02-04 20:59:07 KST | INFO | Epoch 89/200 | LR: 0.059369
2026-02-04 20:59:20 KST | INFO |   Train Loss: 0.1504 | Test Loss: 0.0014 | Test Acc: 89.00%
2026-02-04 20:59:20 KST | INFO |   No improvement (1/30)
2026-02-04 20:59:20 KST | INFO | 
2026-02-04 20:59:20 KST | INFO | Epoch 90/200 | LR: 0.058597
2026-02-04 20:59:33 KST | INFO |   Train Loss: 0.1489 | Test Loss: 0.0012 | Test Acc: 89.90%
2026-02-04 20:59:33 KST | INFO |   No improvement (2/30)
2026-02-04 20:59:33 KST | INFO | 
2026-02-04 20:59:33 KST | INFO | Epoch 91/200 | LR: 0.057822
2026-02-04 20:59:46 KST | INFO |   Train Loss: 0.1445 | Test Loss: 0.0014 | Test Acc: 89.83%
2026-02-04 20:59:46 KST | INFO |   No improvement (3/30)
2026-02-04 20:59:46 KST | INFO | 
2026-02-04 20:59:46 KST | INFO | Epoch 92/200 | LR: 0.057045
2026-02-04 20:59:59 KST | INFO |   Train Loss: 0.1426 | Test Loss: 0.0014 | Test Acc: 89.27%
2026-02-04 20:59:59 KST | INFO |   No improvement (4/30)
2026-02-04 20:59:59 KST | INFO | 
2026-02-04 20:59:59 KST | INFO | Epoch 93/200 | LR: 0.056267
2026-02-04 21:00:12 KST | INFO |   Train Loss: 0.1421 | Test Loss: 0.0015 | Test Acc: 88.13%
2026-02-04 21:00:12 KST | INFO |   No improvement (5/30)
2026-02-04 21:00:12 KST | INFO | 
2026-02-04 21:00:12 KST | INFO | Epoch 94/200 | LR: 0.055487
2026-02-04 21:00:25 KST | INFO |   Train Loss: 0.1442 | Test Loss: 0.0015 | Test Acc: 88.67%
2026-02-04 21:00:25 KST | INFO |   No improvement (6/30)
2026-02-04 21:00:25 KST | INFO | 
2026-02-04 21:00:25 KST | INFO | Epoch 95/200 | LR: 0.054706
2026-02-04 21:00:38 KST | INFO |   Train Loss: 0.1391 | Test Loss: 0.0012 | Test Acc: 90.00%
2026-02-04 21:00:38 KST | INFO |   No improvement (7/30)
2026-02-04 21:00:38 KST | INFO | 
2026-02-04 21:00:38 KST | INFO | Epoch 96/200 | LR: 0.053923
2026-02-04 21:00:51 KST | INFO |   Train Loss: 0.1367 | Test Loss: 0.0013 | Test Acc: 89.48%
2026-02-04 21:00:51 KST | INFO |   No improvement (8/30)
2026-02-04 21:00:51 KST | INFO | 
2026-02-04 21:00:51 KST | INFO | Epoch 97/200 | LR: 0.053140
2026-02-04 21:01:04 KST | INFO |   Train Loss: 0.1307 | Test Loss: 0.0013 | Test Acc: 89.88%
2026-02-04 21:01:04 KST | INFO |   No improvement (9/30)
2026-02-04 21:01:04 KST | INFO | 
2026-02-04 21:01:04 KST | INFO | Epoch 98/200 | LR: 0.052356
2026-02-04 21:01:17 KST | INFO |   Train Loss: 0.1302 | Test Loss: 0.0015 | Test Acc: 88.18%
2026-02-04 21:01:17 KST | INFO |   No improvement (10/30)
2026-02-04 21:01:17 KST | INFO | 
2026-02-04 21:01:17 KST | INFO | Epoch 99/200 | LR: 0.051571
2026-02-04 21:01:30 KST | INFO |   Train Loss: 0.1276 | Test Loss: 0.0017 | Test Acc: 88.00%
2026-02-04 21:01:30 KST | INFO |   No improvement (11/30)
2026-02-04 21:01:30 KST | INFO | 
2026-02-04 21:01:30 KST | INFO | Epoch 100/200 | LR: 0.050786
2026-02-04 21:01:43 KST | INFO |   Train Loss: 0.1275 | Test Loss: 0.0014 | Test Acc: 89.62%
2026-02-04 21:01:43 KST | INFO |   No improvement (12/30)
2026-02-04 21:01:43 KST | INFO | 
2026-02-04 21:01:43 KST | INFO | Epoch 101/200 | LR: 0.050001
2026-02-04 21:01:56 KST | INFO |   Train Loss: 0.1224 | Test Loss: 0.0013 | Test Acc: 90.33%
2026-02-04 21:01:56 KST | INFO |   🏆 New best accuracy: 90.33%
2026-02-04 21:01:56 KST | INFO | 
2026-02-04 21:01:56 KST | INFO | Epoch 102/200 | LR: 0.049215
2026-02-04 21:02:09 KST | INFO |   Train Loss: 0.1187 | Test Loss: 0.0013 | Test Acc: 90.23%
2026-02-04 21:02:09 KST | INFO |   No improvement (1/30)
2026-02-04 21:02:09 KST | INFO | 
2026-02-04 21:02:09 KST | INFO | Epoch 103/200 | LR: 0.048430
2026-02-04 21:02:22 KST | INFO |   Train Loss: 0.1165 | Test Loss: 0.0014 | Test Acc: 89.63%
2026-02-04 21:02:22 KST | INFO |   No improvement (2/30)
2026-02-04 21:02:22 KST | INFO | 
2026-02-04 21:02:22 KST | INFO | Epoch 104/200 | LR: 0.047645
2026-02-04 21:02:35 KST | INFO |   Train Loss: 0.1163 | Test Loss: 0.0015 | Test Acc: 89.08%
2026-02-04 21:02:35 KST | INFO |   No improvement (3/30)
2026-02-04 21:02:35 KST | INFO | 
2026-02-04 21:02:35 KST | INFO | Epoch 105/200 | LR: 0.046861
2026-02-04 21:02:48 KST | INFO |   Train Loss: 0.1165 | Test Loss: 0.0014 | Test Acc: 89.78%
2026-02-04 21:02:48 KST | INFO |   No improvement (4/30)
2026-02-04 21:02:48 KST | INFO | 
2026-02-04 21:02:48 KST | INFO | Epoch 106/200 | LR: 0.046078
2026-02-04 21:03:01 KST | INFO |   Train Loss: 0.1130 | Test Loss: 0.0014 | Test Acc: 89.35%
2026-02-04 21:03:01 KST | INFO |   No improvement (5/30)
2026-02-04 21:03:01 KST | INFO | 
2026-02-04 21:03:01 KST | INFO | Epoch 107/200 | LR: 0.045295
2026-02-04 21:03:13 KST | INFO |   Train Loss: 0.1089 | Test Loss: 0.0013 | Test Acc: 90.13%
2026-02-04 21:03:13 KST | INFO |   No improvement (6/30)
2026-02-04 21:03:13 KST | INFO | 
2026-02-04 21:03:13 KST | INFO | Epoch 108/200 | LR: 0.044514
2026-02-04 21:03:26 KST | INFO |   Train Loss: 0.1098 | Test Loss: 0.0014 | Test Acc: 89.37%
2026-02-04 21:03:26 KST | INFO |   No improvement (7/30)
2026-02-04 21:03:26 KST | INFO | 
2026-02-04 21:03:26 KST | INFO | Epoch 109/200 | LR: 0.043734
2026-02-04 21:03:39 KST | INFO |   Train Loss: 0.1090 | Test Loss: 0.0013 | Test Acc: 90.57%
2026-02-04 21:03:39 KST | INFO |   🏆 New best accuracy: 90.57%
2026-02-04 21:03:39 KST | INFO | 
2026-02-04 21:03:39 KST | INFO | Epoch 110/200 | LR: 0.042956
2026-02-04 21:03:52 KST | INFO |   Train Loss: 0.1044 | Test Loss: 0.0013 | Test Acc: 90.08%
2026-02-04 21:03:52 KST | INFO |   No improvement (1/30)
2026-02-04 21:03:52 KST | INFO | 
2026-02-04 21:03:52 KST | INFO | Epoch 111/200 | LR: 0.042179
2026-02-04 21:04:05 KST | INFO |   Train Loss: 0.1018 | Test Loss: 0.0015 | Test Acc: 89.35%
2026-02-04 21:04:05 KST | INFO |   No improvement (2/30)
2026-02-04 21:04:05 KST | INFO | 
2026-02-04 21:04:05 KST | INFO | Epoch 112/200 | LR: 0.041404
2026-02-04 21:04:18 KST | INFO |   Train Loss: 0.1004 | Test Loss: 0.0014 | Test Acc: 90.13%
2026-02-04 21:04:18 KST | INFO |   No improvement (3/30)
2026-02-04 21:04:18 KST | INFO | 
2026-02-04 21:04:18 KST | INFO | Epoch 113/200 | LR: 0.040632
2026-02-04 21:04:31 KST | INFO |   Train Loss: 0.0981 | Test Loss: 0.0015 | Test Acc: 90.00%
2026-02-04 21:04:31 KST | INFO |   No improvement (4/30)
2026-02-04 21:04:31 KST | INFO | 
2026-02-04 21:04:31 KST | INFO | Epoch 114/200 | LR: 0.039861
2026-02-04 21:04:44 KST | INFO |   Train Loss: 0.0987 | Test Loss: 0.0015 | Test Acc: 88.60%
2026-02-04 21:04:44 KST | INFO |   No improvement (5/30)
2026-02-04 21:04:44 KST | INFO | 
2026-02-04 21:04:44 KST | INFO | Epoch 115/200 | LR: 0.039093
2026-02-04 21:04:57 KST | INFO |   Train Loss: 0.0936 | Test Loss: 0.0014 | Test Acc: 89.75%
2026-02-04 21:04:57 KST | INFO |   No improvement (6/30)
2026-02-04 21:04:57 KST | INFO | 
2026-02-04 21:04:57 KST | INFO | Epoch 116/200 | LR: 0.038328
2026-02-04 21:05:10 KST | INFO |   Train Loss: 0.0908 | Test Loss: 0.0014 | Test Acc: 89.93%
2026-02-04 21:05:10 KST | INFO |   No improvement (7/30)
2026-02-04 21:05:10 KST | INFO | 
2026-02-04 21:05:10 KST | INFO | Epoch 117/200 | LR: 0.037566
2026-02-04 21:05:23 KST | INFO |   Train Loss: 0.0948 | Test Loss: 0.0014 | Test Acc: 89.53%
2026-02-04 21:05:23 KST | INFO |   No improvement (8/30)
2026-02-04 21:05:23 KST | INFO | 
2026-02-04 21:05:23 KST | INFO | Epoch 118/200 | LR: 0.036807
2026-02-04 21:05:36 KST | INFO |   Train Loss: 0.0890 | Test Loss: 0.0013 | Test Acc: 90.20%
2026-02-04 21:05:36 KST | INFO |   No improvement (9/30)
2026-02-04 21:05:36 KST | INFO | 
2026-02-04 21:05:36 KST | INFO | Epoch 119/200 | LR: 0.036051
2026-02-04 21:05:48 KST | INFO |   Train Loss: 0.0892 | Test Loss: 0.0013 | Test Acc: 89.90%
2026-02-04 21:05:48 KST | INFO |   No improvement (10/30)
2026-02-04 21:05:48 KST | INFO | 
2026-02-04 21:05:48 KST | INFO | Epoch 120/200 | LR: 0.035299
2026-02-04 21:06:01 KST | INFO |   Train Loss: 0.0839 | Test Loss: 0.0014 | Test Acc: 90.40%
2026-02-04 21:06:01 KST | INFO |   No improvement (11/30)
2026-02-04 21:06:01 KST | INFO | 
2026-02-04 21:06:01 KST | INFO | Epoch 121/200 | LR: 0.034550
2026-02-04 21:06:14 KST | INFO |   Train Loss: 0.0831 | Test Loss: 0.0014 | Test Acc: 90.25%
2026-02-04 21:06:14 KST | INFO |   No improvement (12/30)
2026-02-04 21:06:14 KST | INFO | 
2026-02-04 21:06:14 KST | INFO | Epoch 122/200 | LR: 0.033805
2026-02-04 21:06:27 KST | INFO |   Train Loss: 0.0793 | Test Loss: 0.0013 | Test Acc: 90.72%
2026-02-04 21:06:27 KST | INFO |   🏆 New best accuracy: 90.72%
2026-02-04 21:06:27 KST | INFO | 
2026-02-04 21:06:27 KST | INFO | Epoch 123/200 | LR: 0.033064
2026-02-04 21:06:40 KST | INFO |   Train Loss: 0.0816 | Test Loss: 0.0013 | Test Acc: 90.68%
2026-02-04 21:06:40 KST | INFO |   No improvement (1/30)
2026-02-04 21:06:40 KST | INFO | 
2026-02-04 21:06:40 KST | INFO | Epoch 124/200 | LR: 0.032327
2026-02-04 21:06:53 KST | INFO |   Train Loss: 0.0732 | Test Loss: 0.0013 | Test Acc: 90.47%
2026-02-04 21:06:53 KST | INFO |   No improvement (2/30)
2026-02-04 21:06:53 KST | INFO | 
2026-02-04 21:06:53 KST | INFO | Epoch 125/200 | LR: 0.031594
2026-02-04 21:07:06 KST | INFO |   Train Loss: 0.0734 | Test Loss: 0.0015 | Test Acc: 90.13%
2026-02-04 21:07:06 KST | INFO |   No improvement (3/30)
2026-02-04 21:07:06 KST | INFO | 
2026-02-04 21:07:06 KST | INFO | Epoch 126/200 | LR: 0.030867
2026-02-04 21:07:19 KST | INFO |   Train Loss: 0.0725 | Test Loss: 0.0013 | Test Acc: 91.07%
2026-02-04 21:07:19 KST | INFO |   🏆 New best accuracy: 91.07%
2026-02-04 21:07:19 KST | INFO | 
2026-02-04 21:07:19 KST | INFO | Epoch 127/200 | LR: 0.030143
2026-02-04 21:07:32 KST | INFO |   Train Loss: 0.0687 | Test Loss: 0.0018 | Test Acc: 88.53%
2026-02-04 21:07:32 KST | INFO |   No improvement (1/30)
2026-02-04 21:07:32 KST | INFO | 
2026-02-04 21:07:32 KST | INFO | Epoch 128/200 | LR: 0.029425
2026-02-04 21:07:45 KST | INFO |   Train Loss: 0.0682 | Test Loss: 0.0015 | Test Acc: 90.05%
2026-02-04 21:07:45 KST | INFO |   No improvement (2/30)
2026-02-04 21:07:45 KST | INFO | 
2026-02-04 21:07:45 KST | INFO | Epoch 129/200 | LR: 0.028712
2026-02-04 21:07:58 KST | INFO |   Train Loss: 0.0703 | Test Loss: 0.0014 | Test Acc: 90.55%
2026-02-04 21:07:58 KST | INFO |   No improvement (3/30)
2026-02-04 21:07:58 KST | INFO | 
2026-02-04 21:07:58 KST | INFO | Epoch 130/200 | LR: 0.028004
2026-02-04 21:08:11 KST | INFO |   Train Loss: 0.0648 | Test Loss: 0.0014 | Test Acc: 90.28%
2026-02-04 21:08:11 KST | INFO |   No improvement (4/30)
2026-02-04 21:08:11 KST | INFO | 
2026-02-04 21:08:11 KST | INFO | Epoch 131/200 | LR: 0.027301
2026-02-04 21:08:23 KST | INFO |   Train Loss: 0.0627 | Test Loss: 0.0015 | Test Acc: 90.13%
2026-02-04 21:08:23 KST | INFO |   No improvement (5/30)
2026-02-04 21:08:23 KST | INFO | 
2026-02-04 21:08:23 KST | INFO | Epoch 132/200 | LR: 0.026604
2026-02-04 21:08:36 KST | INFO |   Train Loss: 0.0617 | Test Loss: 0.0014 | Test Acc: 90.13%
2026-02-04 21:08:36 KST | INFO |   No improvement (6/30)
2026-02-04 21:08:36 KST | INFO | 
2026-02-04 21:08:36 KST | INFO | Epoch 133/200 | LR: 0.025913
2026-02-04 21:08:49 KST | INFO |   Train Loss: 0.0596 | Test Loss: 0.0013 | Test Acc: 90.83%
2026-02-04 21:08:49 KST | INFO |   No improvement (7/30)
2026-02-04 21:08:49 KST | INFO | 
2026-02-04 21:08:49 KST | INFO | Epoch 134/200 | LR: 0.025228
2026-02-04 21:09:03 KST | INFO |   Train Loss: 0.0574 | Test Loss: 0.0014 | Test Acc: 90.77%
2026-02-04 21:09:03 KST | INFO |   No improvement (8/30)
2026-02-04 21:09:03 KST | INFO | 
2026-02-04 21:09:03 KST | INFO | Epoch 135/200 | LR: 0.024549
2026-02-04 21:09:16 KST | INFO |   Train Loss: 0.0584 | Test Loss: 0.0016 | Test Acc: 90.37%
2026-02-04 21:09:16 KST | INFO |   No improvement (9/30)
2026-02-04 21:09:16 KST | INFO | 
2026-02-04 21:09:16 KST | INFO | Epoch 136/200 | LR: 0.023876
2026-02-04 21:09:29 KST | INFO |   Train Loss: 0.0546 | Test Loss: 0.0014 | Test Acc: 91.00%
2026-02-04 21:09:29 KST | INFO |   No improvement (10/30)
2026-02-04 21:09:29 KST | INFO | 
2026-02-04 21:09:29 KST | INFO | Epoch 137/200 | LR: 0.023209
2026-02-04 21:09:42 KST | INFO |   Train Loss: 0.0533 | Test Loss: 0.0014 | Test Acc: 90.60%
2026-02-04 21:09:42 KST | INFO |   No improvement (11/30)
2026-02-04 21:09:42 KST | INFO | 
2026-02-04 21:09:42 KST | INFO | Epoch 138/200 | LR: 0.022550
2026-02-04 21:09:55 KST | INFO |   Train Loss: 0.0521 | Test Loss: 0.0015 | Test Acc: 90.52%
2026-02-04 21:09:55 KST | INFO |   No improvement (12/30)
2026-02-04 21:09:55 KST | INFO | 
2026-02-04 21:09:55 KST | INFO | Epoch 139/200 | LR: 0.021897
2026-02-04 21:10:08 KST | INFO |   Train Loss: 0.0505 | Test Loss: 0.0014 | Test Acc: 90.92%
2026-02-04 21:10:08 KST | INFO |   No improvement (13/30)
2026-02-04 21:10:08 KST | INFO | 
2026-02-04 21:10:08 KST | INFO | Epoch 140/200 | LR: 0.021251
2026-02-04 21:10:21 KST | INFO |   Train Loss: 0.0477 | Test Loss: 0.0014 | Test Acc: 90.93%
2026-02-04 21:10:21 KST | INFO |   No improvement (14/30)
2026-02-04 21:10:21 KST | INFO | 
2026-02-04 21:10:21 KST | INFO | Epoch 141/200 | LR: 0.020612
2026-02-04 21:10:33 KST | INFO |   Train Loss: 0.0443 | Test Loss: 0.0014 | Test Acc: 90.70%
2026-02-04 21:10:33 KST | INFO |   No improvement (15/30)
2026-02-04 21:10:33 KST | INFO | 
2026-02-04 21:10:33 KST | INFO | Epoch 142/200 | LR: 0.019980
2026-02-04 21:10:46 KST | INFO |   Train Loss: 0.0461 | Test Loss: 0.0014 | Test Acc: 90.90%
2026-02-04 21:10:46 KST | INFO |   No improvement (16/30)
2026-02-04 21:10:46 KST | INFO | 
2026-02-04 21:10:46 KST | INFO | Epoch 143/200 | LR: 0.019355
2026-02-04 21:10:59 KST | INFO |   Train Loss: 0.0473 | Test Loss: 0.0016 | Test Acc: 90.23%
2026-02-04 21:10:59 KST | INFO |   No improvement (17/30)
2026-02-04 21:10:59 KST | INFO | 
2026-02-04 21:10:59 KST | INFO | Epoch 144/200 | LR: 0.018739
2026-02-04 21:11:12 KST | INFO |   Train Loss: 0.0426 | Test Loss: 0.0016 | Test Acc: 89.92%
2026-02-04 21:11:12 KST | INFO |   No improvement (18/30)
2026-02-04 21:11:12 KST | INFO | 
2026-02-04 21:11:12 KST | INFO | Epoch 145/200 | LR: 0.018130
2026-02-04 21:11:25 KST | INFO |   Train Loss: 0.0421 | Test Loss: 0.0017 | Test Acc: 89.58%
2026-02-04 21:11:25 KST | INFO |   No improvement (19/30)
2026-02-04 21:11:25 KST | INFO | 
2026-02-04 21:11:25 KST | INFO | Epoch 146/200 | LR: 0.017528
2026-02-04 21:11:38 KST | INFO |   Train Loss: 0.0395 | Test Loss: 0.0014 | Test Acc: 90.62%
2026-02-04 21:11:38 KST | INFO |   No improvement (20/30)
2026-02-04 21:11:38 KST | INFO | 
2026-02-04 21:11:38 KST | INFO | Epoch 147/200 | LR: 0.016935
2026-02-04 21:11:51 KST | INFO |   Train Loss: 0.0371 | Test Loss: 0.0014 | Test Acc: 91.00%
2026-02-04 21:11:51 KST | INFO |   No improvement (21/30)
2026-02-04 21:11:51 KST | INFO | 
2026-02-04 21:11:51 KST | INFO | Epoch 148/200 | LR: 0.016350
2026-02-04 21:12:04 KST | INFO |   Train Loss: 0.0343 | Test Loss: 0.0016 | Test Acc: 90.37%
2026-02-04 21:12:04 KST | INFO |   No improvement (22/30)
2026-02-04 21:12:04 KST | INFO | 
2026-02-04 21:12:04 KST | INFO | Epoch 149/200 | LR: 0.015773
2026-02-04 21:12:17 KST | INFO |   Train Loss: 0.0364 | Test Loss: 0.0017 | Test Acc: 89.95%
2026-02-04 21:12:17 KST | INFO |   No improvement (23/30)
2026-02-04 21:12:17 KST | INFO | 
2026-02-04 21:12:17 KST | INFO | Epoch 150/200 | LR: 0.015205
2026-02-04 21:12:30 KST | INFO |   Train Loss: 0.0305 | Test Loss: 0.0016 | Test Acc: 90.22%
2026-02-04 21:12:30 KST | INFO |   No improvement (24/30)
2026-02-04 21:12:30 KST | INFO | 
2026-02-04 21:12:30 KST | INFO | Epoch 151/200 | LR: 0.014646
2026-02-04 21:12:43 KST | INFO |   Train Loss: 0.0316 | Test Loss: 0.0014 | Test Acc: 90.98%
2026-02-04 21:12:43 KST | INFO |   No improvement (25/30)
2026-02-04 21:12:43 KST | INFO | 
2026-02-04 21:12:43 KST | INFO | Epoch 152/200 | LR: 0.014095
2026-02-04 21:12:56 KST | INFO |   Train Loss: 0.0324 | Test Loss: 0.0015 | Test Acc: 90.55%
2026-02-04 21:12:56 KST | INFO |   No improvement (26/30)
2026-02-04 21:12:56 KST | INFO | 
2026-02-04 21:12:56 KST | INFO | Epoch 153/200 | LR: 0.013552
2026-02-04 21:13:09 KST | INFO |   Train Loss: 0.0300 | Test Loss: 0.0013 | Test Acc: 91.48%
2026-02-04 21:13:09 KST | INFO |   🏆 New best accuracy: 91.48%
2026-02-04 21:13:09 KST | INFO | 
2026-02-04 21:13:09 KST | INFO | Epoch 154/200 | LR: 0.013019
2026-02-04 21:13:21 KST | INFO |   Train Loss: 0.0263 | Test Loss: 0.0015 | Test Acc: 90.90%
2026-02-04 21:13:21 KST | INFO |   No improvement (1/30)
2026-02-04 21:13:21 KST | INFO | 
2026-02-04 21:13:21 KST | INFO | Epoch 155/200 | LR: 0.012495
2026-02-04 21:13:34 KST | INFO |   Train Loss: 0.0262 | Test Loss: 0.0014 | Test Acc: 90.85%
2026-02-04 21:13:34 KST | INFO |   No improvement (2/30)
2026-02-04 21:13:34 KST | INFO | 
2026-02-04 21:13:34 KST | INFO | Epoch 156/200 | LR: 0.011981
2026-02-04 21:13:47 KST | INFO |   Train Loss: 0.0255 | Test Loss: 0.0014 | Test Acc: 91.00%
2026-02-04 21:13:47 KST | INFO |   No improvement (3/30)
2026-02-04 21:13:47 KST | INFO | 
2026-02-04 21:13:47 KST | INFO | Epoch 157/200 | LR: 0.011475
2026-02-04 21:14:01 KST | INFO |   Train Loss: 0.0255 | Test Loss: 0.0017 | Test Acc: 90.47%
2026-02-04 21:14:01 KST | INFO |   No improvement (4/30)
2026-02-04 21:14:01 KST | INFO | 
2026-02-04 21:14:01 KST | INFO | Epoch 158/200 | LR: 0.010979
2026-02-04 21:14:14 KST | INFO |   Train Loss: 0.0240 | Test Loss: 0.0016 | Test Acc: 91.12%
2026-02-04 21:14:14 KST | INFO |   No improvement (5/30)
2026-02-04 21:14:14 KST | INFO | 
2026-02-04 21:14:14 KST | INFO | Epoch 159/200 | LR: 0.010493
2026-02-04 21:14:27 KST | INFO |   Train Loss: 0.0228 | Test Loss: 0.0015 | Test Acc: 90.78%
2026-02-04 21:14:27 KST | INFO |   No improvement (6/30)
2026-02-04 21:14:27 KST | INFO | 
2026-02-04 21:14:27 KST | INFO | Epoch 160/200 | LR: 0.010017
2026-02-04 21:14:40 KST | INFO |   Train Loss: 0.0209 | Test Loss: 0.0014 | Test Acc: 91.22%
2026-02-04 21:14:40 KST | INFO |   No improvement (7/30)
2026-02-04 21:14:40 KST | INFO | 
2026-02-04 21:14:40 KST | INFO | Epoch 161/200 | LR: 0.009550
2026-02-04 21:14:53 KST | INFO |   Train Loss: 0.0213 | Test Loss: 0.0015 | Test Acc: 91.15%
2026-02-04 21:14:53 KST | INFO |   No improvement (8/30)
2026-02-04 21:14:53 KST | INFO | 
2026-02-04 21:14:53 KST | INFO | Epoch 162/200 | LR: 0.009093
2026-02-04 21:15:06 KST | INFO |   Train Loss: 0.0201 | Test Loss: 0.0014 | Test Acc: 91.38%
2026-02-04 21:15:06 KST | INFO |   No improvement (9/30)
2026-02-04 21:15:06 KST | INFO | 
2026-02-04 21:15:06 KST | INFO | Epoch 163/200 | LR: 0.008647
2026-02-04 21:15:18 KST | INFO |   Train Loss: 0.0194 | Test Loss: 0.0014 | Test Acc: 91.58%
2026-02-04 21:15:18 KST | INFO |   🏆 New best accuracy: 91.58%
2026-02-04 21:15:18 KST | INFO | 
2026-02-04 21:15:18 KST | INFO | Epoch 164/200 | LR: 0.008211
2026-02-04 21:15:31 KST | INFO |   Train Loss: 0.0189 | Test Loss: 0.0014 | Test Acc: 91.48%
2026-02-04 21:15:31 KST | INFO |   No improvement (1/30)
2026-02-04 21:15:31 KST | INFO | 
2026-02-04 21:15:31 KST | INFO | Epoch 165/200 | LR: 0.007785
2026-02-04 21:15:44 KST | INFO |   Train Loss: 0.0177 | Test Loss: 0.0015 | Test Acc: 91.53%
2026-02-04 21:15:44 KST | INFO |   No improvement (2/30)
2026-02-04 21:15:44 KST | INFO | 
2026-02-04 21:15:44 KST | INFO | Epoch 166/200 | LR: 0.007369
2026-02-04 21:15:57 KST | INFO |   Train Loss: 0.0176 | Test Loss: 0.0015 | Test Acc: 90.73%
2026-02-04 21:15:57 KST | INFO |   No improvement (3/30)
2026-02-04 21:15:57 KST | INFO | 
2026-02-04 21:15:57 KST | INFO | Epoch 167/200 | LR: 0.006964
2026-02-04 21:16:10 KST | INFO |   Train Loss: 0.0152 | Test Loss: 0.0015 | Test Acc: 91.53%
2026-02-04 21:16:10 KST | INFO |   No improvement (4/30)
2026-02-04 21:16:10 KST | INFO | 
2026-02-04 21:16:10 KST | INFO | Epoch 168/200 | LR: 0.006569
2026-02-04 21:16:23 KST | INFO |   Train Loss: 0.0151 | Test Loss: 0.0015 | Test Acc: 91.27%
2026-02-04 21:16:23 KST | INFO |   No improvement (5/30)
2026-02-04 21:16:23 KST | INFO | 
2026-02-04 21:16:23 KST | INFO | Epoch 169/200 | LR: 0.006186
2026-02-04 21:16:36 KST | INFO |   Train Loss: 0.0146 | Test Loss: 0.0015 | Test Acc: 91.18%
2026-02-04 21:16:36 KST | INFO |   No improvement (6/30)
2026-02-04 21:16:36 KST | INFO | 
2026-02-04 21:16:36 KST | INFO | Epoch 170/200 | LR: 0.005813
2026-02-04 21:16:49 KST | INFO |   Train Loss: 0.0147 | Test Loss: 0.0014 | Test Acc: 91.57%
2026-02-04 21:16:49 KST | INFO |   No improvement (7/30)
2026-02-04 21:16:49 KST | INFO | 
2026-02-04 21:16:49 KST | INFO | Epoch 171/200 | LR: 0.005451
2026-02-04 21:17:02 KST | INFO |   Train Loss: 0.0130 | Test Loss: 0.0015 | Test Acc: 91.37%
2026-02-04 21:17:02 KST | INFO |   No improvement (8/30)
2026-02-04 21:17:02 KST | INFO | 
2026-02-04 21:17:02 KST | INFO | Epoch 172/200 | LR: 0.005100
2026-02-04 21:17:15 KST | INFO |   Train Loss: 0.0128 | Test Loss: 0.0016 | Test Acc: 90.87%
2026-02-04 21:17:15 KST | INFO |   No improvement (9/30)
2026-02-04 21:17:15 KST | INFO | 
2026-02-04 21:17:15 KST | INFO | Epoch 173/200 | LR: 0.004760
2026-02-04 21:17:28 KST | INFO |   Train Loss: 0.0123 | Test Loss: 0.0014 | Test Acc: 91.65%
2026-02-04 21:17:28 KST | INFO |   🏆 New best accuracy: 91.65%
2026-02-04 21:17:28 KST | INFO | 
2026-02-04 21:17:28 KST | INFO | Epoch 174/200 | LR: 0.004431
2026-02-04 21:17:40 KST | INFO |   Train Loss: 0.0111 | Test Loss: 0.0015 | Test Acc: 91.37%
2026-02-04 21:17:40 KST | INFO |   No improvement (1/30)
2026-02-04 21:17:40 KST | INFO | 
2026-02-04 21:17:40 KST | INFO | Epoch 175/200 | LR: 0.004113
2026-02-04 21:17:53 KST | INFO |   Train Loss: 0.0108 | Test Loss: 0.0015 | Test Acc: 91.55%
2026-02-04 21:17:53 KST | INFO |   No improvement (2/30)
2026-02-04 21:17:53 KST | INFO | 
2026-02-04 21:17:53 KST | INFO | Epoch 176/200 | LR: 0.003807
2026-02-04 21:18:06 KST | INFO |   Train Loss: 0.0111 | Test Loss: 0.0015 | Test Acc: 91.35%
2026-02-04 21:18:06 KST | INFO |   No improvement (3/30)
2026-02-04 21:18:06 KST | INFO | 
2026-02-04 21:18:06 KST | INFO | Epoch 177/200 | LR: 0.003512
2026-02-04 21:18:19 KST | INFO |   Train Loss: 0.0103 | Test Loss: 0.0015 | Test Acc: 91.50%
2026-02-04 21:18:19 KST | INFO |   No improvement (4/30)
2026-02-04 21:18:19 KST | INFO | 
2026-02-04 21:18:19 KST | INFO | Epoch 178/200 | LR: 0.003229
2026-02-04 21:18:32 KST | INFO |   Train Loss: 0.0099 | Test Loss: 0.0015 | Test Acc: 91.43%
2026-02-04 21:18:32 KST | INFO |   No improvement (5/30)
2026-02-04 21:18:32 KST | INFO | 
2026-02-04 21:18:32 KST | INFO | Epoch 179/200 | LR: 0.002957
2026-02-04 21:18:45 KST | INFO |   Train Loss: 0.0096 | Test Loss: 0.0015 | Test Acc: 91.35%
2026-02-04 21:18:45 KST | INFO |   No improvement (6/30)
2026-02-04 21:18:45 KST | INFO | 
2026-02-04 21:18:45 KST | INFO | Epoch 180/200 | LR: 0.002697
2026-02-04 21:18:58 KST | INFO |   Train Loss: 0.0091 | Test Loss: 0.0015 | Test Acc: 91.45%
2026-02-04 21:18:58 KST | INFO |   No improvement (7/30)
2026-02-04 21:18:58 KST | INFO | 
2026-02-04 21:18:58 KST | INFO | Epoch 181/200 | LR: 0.002448
2026-02-04 21:19:11 KST | INFO |   Train Loss: 0.0087 | Test Loss: 0.0015 | Test Acc: 91.62%
2026-02-04 21:19:11 KST | INFO |   No improvement (8/30)
2026-02-04 21:19:11 KST | INFO | 
2026-02-04 21:19:11 KST | INFO | Epoch 182/200 | LR: 0.002211
2026-02-04 21:19:24 KST | INFO |   Train Loss: 0.0086 | Test Loss: 0.0015 | Test Acc: 91.37%
2026-02-04 21:19:24 KST | INFO |   No improvement (9/30)
2026-02-04 21:19:24 KST | INFO | 
2026-02-04 21:19:24 KST | INFO | Epoch 183/200 | LR: 0.001986
2026-02-04 21:19:37 KST | INFO |   Train Loss: 0.0087 | Test Loss: 0.0015 | Test Acc: 91.63%
2026-02-04 21:19:37 KST | INFO |   No improvement (10/30)
2026-02-04 21:19:37 KST | INFO | 
2026-02-04 21:19:37 KST | INFO | Epoch 184/200 | LR: 0.001773
2026-02-04 21:19:49 KST | INFO |   Train Loss: 0.0084 | Test Loss: 0.0015 | Test Acc: 91.68%
2026-02-04 21:19:49 KST | INFO |   🏆 New best accuracy: 91.68%
2026-02-04 21:19:49 KST | INFO | 
2026-02-04 21:19:49 KST | INFO | Epoch 185/200 | LR: 0.001572
2026-02-04 21:20:02 KST | INFO |   Train Loss: 0.0078 | Test Loss: 0.0015 | Test Acc: 91.50%
2026-02-04 21:20:02 KST | INFO |   No improvement (1/30)
2026-02-04 21:20:02 KST | INFO | 
2026-02-04 21:20:02 KST | INFO | Epoch 186/200 | LR: 0.001382
2026-02-04 21:20:15 KST | INFO |   Train Loss: 0.0081 | Test Loss: 0.0015 | Test Acc: 91.52%
2026-02-04 21:20:15 KST | INFO |   No improvement (2/30)
2026-02-04 21:20:15 KST | INFO | 
2026-02-04 21:20:15 KST | INFO | Epoch 187/200 | LR: 0.001205
2026-02-04 21:20:28 KST | INFO |   Train Loss: 0.0074 | Test Loss: 0.0015 | Test Acc: 91.50%
2026-02-04 21:20:28 KST | INFO |   No improvement (3/30)
2026-02-04 21:20:28 KST | INFO | 
2026-02-04 21:20:28 KST | INFO | Epoch 188/200 | LR: 0.001040
2026-02-04 21:20:41 KST | INFO |   Train Loss: 0.0074 | Test Loss: 0.0015 | Test Acc: 91.65%
2026-02-04 21:20:41 KST | INFO |   No improvement (4/30)
2026-02-04 21:20:41 KST | INFO | 
2026-02-04 21:20:41 KST | INFO | Epoch 189/200 | LR: 0.000887
2026-02-04 21:20:54 KST | INFO |   Train Loss: 0.0074 | Test Loss: 0.0015 | Test Acc: 91.55%
2026-02-04 21:20:54 KST | INFO |   No improvement (5/30)
2026-02-04 21:20:54 KST | INFO | 
2026-02-04 21:20:54 KST | INFO | Epoch 190/200 | LR: 0.000746
2026-02-04 21:21:07 KST | INFO |   Train Loss: 0.0072 | Test Loss: 0.0015 | Test Acc: 91.52%
2026-02-04 21:21:07 KST | INFO |   No improvement (6/30)
2026-02-04 21:21:07 KST | INFO | 
2026-02-04 21:21:07 KST | INFO | Epoch 191/200 | LR: 0.000617
2026-02-04 21:21:20 KST | INFO |   Train Loss: 0.0078 | Test Loss: 0.0015 | Test Acc: 91.67%
2026-02-04 21:21:20 KST | INFO |   No improvement (7/30)
2026-02-04 21:21:20 KST | INFO | 
2026-02-04 21:21:20 KST | INFO | Epoch 192/200 | LR: 0.000500
2026-02-04 21:21:33 KST | INFO |   Train Loss: 0.0075 | Test Loss: 0.0015 | Test Acc: 91.58%
2026-02-04 21:21:33 KST | INFO |   No improvement (8/30)
2026-02-04 21:21:33 KST | INFO | 
2026-02-04 21:21:33 KST | INFO | Epoch 193/200 | LR: 0.000395
2026-02-04 21:21:46 KST | INFO |   Train Loss: 0.0065 | Test Loss: 0.0015 | Test Acc: 91.70%
2026-02-04 21:21:46 KST | INFO |   🏆 New best accuracy: 91.70%
2026-02-04 21:21:46 KST | INFO | 
2026-02-04 21:21:46 KST | INFO | Epoch 194/200 | LR: 0.000303
2026-02-04 21:21:58 KST | INFO |   Train Loss: 0.0072 | Test Loss: 0.0015 | Test Acc: 91.53%
2026-02-04 21:21:58 KST | INFO |   No improvement (1/30)
2026-02-04 21:21:58 KST | INFO | 
2026-02-04 21:21:58 KST | INFO | Epoch 195/200 | LR: 0.000223
2026-02-04 21:22:11 KST | INFO |   Train Loss: 0.0066 | Test Loss: 0.0015 | Test Acc: 91.68%
2026-02-04 21:22:11 KST | INFO |   No improvement (2/30)
2026-02-04 21:22:11 KST | INFO | 
2026-02-04 21:22:11 KST | INFO | Epoch 196/200 | LR: 0.000155
2026-02-04 21:22:24 KST | INFO |   Train Loss: 0.0067 | Test Loss: 0.0015 | Test Acc: 91.62%
2026-02-04 21:22:24 KST | INFO |   No improvement (3/30)
2026-02-04 21:22:24 KST | INFO | 
2026-02-04 21:22:24 KST | INFO | Epoch 197/200 | LR: 0.000100
2026-02-04 21:22:37 KST | INFO |   Train Loss: 0.0063 | Test Loss: 0.0015 | Test Acc: 91.62%
2026-02-04 21:22:37 KST | INFO |   No improvement (4/30)
2026-02-04 21:22:37 KST | INFO | 
2026-02-04 21:22:37 KST | INFO | Epoch 198/200 | LR: 0.000057
2026-02-04 21:22:50 KST | INFO |   Train Loss: 0.0069 | Test Loss: 0.0015 | Test Acc: 91.67%
2026-02-04 21:22:50 KST | INFO |   No improvement (5/30)
2026-02-04 21:22:50 KST | INFO | 
2026-02-04 21:22:50 KST | INFO | Epoch 199/200 | LR: 0.000026
2026-02-04 21:23:02 KST | INFO |   Train Loss: 0.0063 | Test Loss: 0.0015 | Test Acc: 91.63%
2026-02-04 21:23:02 KST | INFO |   No improvement (6/30)
2026-02-04 21:23:02 KST | INFO | 
2026-02-04 21:23:02 KST | INFO | Epoch 200/200 | LR: 0.000007
2026-02-04 21:23:15 KST | INFO |   Train Loss: 0.0068 | Test Loss: 0.0015 | Test Acc: 91.63%
2026-02-04 21:23:15 KST | INFO |   No improvement (7/30)
2026-02-04 21:23:15 KST | INFO | 
2026-02-04 21:23:15 KST | INFO | ================================================================================
2026-02-04 21:23:15 KST | INFO | TRAINING COMPLETE
2026-02-04 21:23:15 KST | INFO | ================================================================================
2026-02-04 21:23:15 KST | INFO | Best accuracy:  91.70% (Epoch 193)
2026-02-04 21:23:15 KST | INFO | Final accuracy: 91.63%
2026-02-04 21:23:15 KST | INFO | ================================================================================
2026-02-04 21:23:15 KST | INFO | 
2026-02-04 21:23:15 KST | INFO | Notifying nodes of completion...
2026-02-04 21:23:16 KST | INFO | ✓ Nodes notified
2026-02-04 21:23:16 KST | INFO | 
2026-02-04 21:23:16 KST | INFO | Closing connections...
2026-02-04 21:23:16 KST | INFO | ✓ Cleanup complete
2026-02-04 21:23:16 KST | INFO | 
2026-02-04 21:23:16 KST | INFO | Full log: logs/TL++_base_20260204_203930.log
2026-02-04 21:23:16 KST | INFO | ================================================================================
