2026-02-04 17:56:46 KST | INFO | ================================================================================
2026-02-04 17:56:46 KST | INFO | TL++ Orchestrator
2026-02-04 17:56:46 KST | INFO | ================================================================================
2026-02-04 17:56:46 KST | INFO | Log file: logs/TL++_base_20260204_175646.log
2026-02-04 17:56:46 KST | INFO | 
2026-02-04 17:56:46 KST | INFO | --------------------------------------------------------------------------------
2026-02-04 17:56:46 KST | INFO | CONFIGURATION
2026-02-04 17:56:46 KST | INFO | --------------------------------------------------------------------------------
2026-02-04 17:56:46 KST | INFO | Secure mode:      False
2026-02-04 17:56:46 KST | INFO | Nodes:            6
2026-02-04 17:56:46 KST | INFO | Cut layer:        1
2026-02-04 17:56:46 KST | INFO | Batch size:       128
2026-02-04 17:56:46 KST | INFO | Learning rate:    0.1
2026-02-04 17:56:46 KST | INFO | 
2026-02-04 17:56:46 KST | INFO | Computation device: cuda
2026-02-04 17:56:46 KST | INFO | Secure mode: DISABLED
2026-02-04 17:56:46 KST | INFO | 
2026-02-04 17:56:46 KST | INFO | --------------------------------------------------------------------------------
2026-02-04 17:56:46 KST | INFO | NETWORK SETUP
2026-02-04 17:56:46 KST | INFO | --------------------------------------------------------------------------------
2026-02-04 17:56:46 KST | INFO | ✓ Orchestrator listening on 127.0.0.1:8080
2026-02-04 17:56:46 KST | INFO | Waiting for 6 node(s)...
2026-02-04 17:56:49 KST | INFO |   ✓ Node 1/6 connected
2026-02-04 17:56:50 KST | INFO |   ✓ Node 2/6 connected
2026-02-04 17:56:51 KST | INFO |   ✓ Node 3/6 connected
2026-02-04 17:56:52 KST | INFO |   ✓ Node 4/6 connected
2026-02-04 17:56:53 KST | INFO |   ✓ Node 5/6 connected
2026-02-04 17:56:54 KST | INFO |   ✓ Node 6/6 connected
2026-02-04 17:56:54 KST | INFO | ✓ All 6 node(s) connected
2026-02-04 17:56:54 KST | INFO | 
2026-02-04 17:56:54 KST | INFO | --------------------------------------------------------------------------------
2026-02-04 17:56:54 KST | INFO | MODEL INITIALIZATION
2026-02-04 17:56:54 KST | INFO | --------------------------------------------------------------------------------
2026-02-04 17:56:54 KST | INFO | Node-side parameters: 38,720
2026-02-04 17:56:54 KST | INFO | 
2026-02-04 17:56:54 KST | INFO | --------------------------------------------------------------------------------
2026-02-04 17:56:54 KST | INFO | BROADCASTING CONFIGURATION
2026-02-04 17:56:54 KST | INFO | --------------------------------------------------------------------------------
2026-02-04 17:56:54 KST | INFO | ✓ Configuration broadcast to all nodes
2026-02-04 17:56:55 KST | INFO | 
2026-02-04 17:56:55 KST | INFO | Total parameters:     3,246,150
2026-02-04 17:56:55 KST | INFO | Trainable parameters: 3,246,150
2026-02-04 17:56:55 KST | INFO | 
2026-02-04 17:56:55 KST | INFO | --------------------------------------------------------------------------------
2026-02-04 17:56:55 KST | INFO | DATA LOADING
2026-02-04 17:56:55 KST | INFO | --------------------------------------------------------------------------------
2026-02-04 17:57:20 KST | INFO | ✓ Dataset information collected:
2026-02-04 17:57:20 KST | INFO |     Node 1: 5,000 samples
2026-02-04 17:57:20 KST | INFO |     Node 2: 5,000 samples
2026-02-04 17:57:20 KST | INFO |     Node 3: 5,000 samples
2026-02-04 17:57:20 KST | INFO |     Node 4: 5,000 samples
2026-02-04 17:57:20 KST | INFO |     Node 5: 5,000 samples
2026-02-04 17:57:20 KST | INFO |     Node 6: 5,000 samples
2026-02-04 17:57:20 KST | INFO |   Total training samples: 30,000
2026-02-04 17:57:20 KST | INFO | 
2026-02-04 17:57:23 KST | INFO | ✓ Test dataset loaded: 6,000 samples
2026-02-04 17:57:23 KST | INFO | 
2026-02-04 17:57:23 KST | INFO | ✓ Batch scheduler: 235 batches/epoch
2026-02-04 17:57:23 KST | INFO | 
2026-02-04 17:57:23 KST | INFO | --------------------------------------------------------------------------------
2026-02-04 17:57:23 KST | INFO | OPTIMIZATION SETUP
2026-02-04 17:57:23 KST | INFO | --------------------------------------------------------------------------------
2026-02-04 17:57:23 KST | INFO | ✓ Optimizer: SGD (lr=0.1, momentum=0.9)
2026-02-04 17:57:23 KST | INFO | ✓ Scheduler: cosine
2026-02-04 17:57:23 KST | INFO | ✓ Gradient clipping: 1.0
2026-02-04 17:57:23 KST | INFO | 
2026-02-04 17:57:23 KST | INFO | ================================================================================
2026-02-04 17:57:23 KST | INFO | Setup complete - Ready for training
2026-02-04 17:57:23 KST | INFO | ================================================================================
2026-02-04 17:57:23 KST | INFO | 
2026-02-04 17:57:23 KST | INFO | --------------------------------------------------------------------------------
2026-02-04 17:57:23 KST | INFO | TRAINING
2026-02-04 17:57:23 KST | INFO | --------------------------------------------------------------------------------
2026-02-04 17:57:23 KST | INFO | 
2026-02-04 17:57:23 KST | INFO | Epoch 1/200 | LR: 0.100000
2026-02-04 17:57:37 KST | INFO |   Train Loss: 1.3658 | Test Loss: 0.0046 | Test Acc: 53.70%
2026-02-04 17:57:37 KST | INFO |   🏆 New best accuracy: 53.70%
2026-02-04 17:57:37 KST | INFO | 
2026-02-04 17:57:37 KST | INFO | Epoch 2/200 | LR: 0.099994
2026-02-04 17:57:50 KST | INFO |   Train Loss: 1.0516 | Test Loss: 0.0035 | Test Acc: 66.53%
2026-02-04 17:57:50 KST | INFO |   🏆 New best accuracy: 66.53%
2026-02-04 17:57:50 KST | INFO | 
2026-02-04 17:57:50 KST | INFO | Epoch 3/200 | LR: 0.099975
2026-02-04 17:58:03 KST | INFO |   Train Loss: 0.8755 | Test Loss: 0.0031 | Test Acc: 70.73%
2026-02-04 17:58:03 KST | INFO |   🏆 New best accuracy: 70.73%
2026-02-04 17:58:03 KST | INFO | 
2026-02-04 17:58:03 KST | INFO | Epoch 4/200 | LR: 0.099944
2026-02-04 17:58:16 KST | INFO |   Train Loss: 0.7633 | Test Loss: 0.0030 | Test Acc: 71.75%
2026-02-04 17:58:16 KST | INFO |   🏆 New best accuracy: 71.75%
2026-02-04 17:58:16 KST | INFO | 
2026-02-04 17:58:16 KST | INFO | Epoch 5/200 | LR: 0.099901
2026-02-04 17:58:28 KST | INFO |   Train Loss: 0.6733 | Test Loss: 0.0023 | Test Acc: 78.58%
2026-02-04 17:58:28 KST | INFO |   🏆 New best accuracy: 78.58%
2026-02-04 17:58:28 KST | INFO | 
2026-02-04 17:58:28 KST | INFO | Epoch 6/200 | LR: 0.099846
2026-02-04 17:58:41 KST | INFO |   Train Loss: 0.6158 | Test Loss: 0.0022 | Test Acc: 80.02%
2026-02-04 17:58:41 KST | INFO |   🏆 New best accuracy: 80.02%
2026-02-04 17:58:41 KST | INFO | 
2026-02-04 17:58:41 KST | INFO | Epoch 7/200 | LR: 0.099778
2026-02-04 17:58:54 KST | INFO |   Train Loss: 0.5702 | Test Loss: 0.0022 | Test Acc: 80.07%
2026-02-04 17:58:54 KST | INFO |   🏆 New best accuracy: 80.07%
2026-02-04 17:58:54 KST | INFO | 
2026-02-04 17:58:54 KST | INFO | Epoch 8/200 | LR: 0.099698
2026-02-04 17:59:06 KST | INFO |   Train Loss: 0.5395 | Test Loss: 0.0020 | Test Acc: 81.60%
2026-02-04 17:59:06 KST | INFO |   🏆 New best accuracy: 81.60%
2026-02-04 17:59:06 KST | INFO | 
2026-02-04 17:59:06 KST | INFO | Epoch 9/200 | LR: 0.099606
2026-02-04 17:59:19 KST | INFO |   Train Loss: 0.5000 | Test Loss: 0.0023 | Test Acc: 80.10%
2026-02-04 17:59:19 KST | INFO |   No improvement (1/30)
2026-02-04 17:59:19 KST | INFO | 
2026-02-04 17:59:19 KST | INFO | Epoch 10/200 | LR: 0.099501
2026-02-04 17:59:32 KST | INFO |   Train Loss: 0.4791 | Test Loss: 0.0022 | Test Acc: 80.05%
2026-02-04 17:59:32 KST | INFO |   No improvement (2/30)
2026-02-04 17:59:32 KST | INFO | 
2026-02-04 17:59:32 KST | INFO | Epoch 11/200 | LR: 0.099384
2026-02-04 17:59:44 KST | INFO |   Train Loss: 0.4617 | Test Loss: 0.0021 | Test Acc: 80.52%
2026-02-04 17:59:44 KST | INFO |   No improvement (3/30)
2026-02-04 17:59:44 KST | INFO | 
2026-02-04 17:59:44 KST | INFO | Epoch 12/200 | LR: 0.099255
2026-02-04 17:59:57 KST | INFO |   Train Loss: 0.4449 | Test Loss: 0.0020 | Test Acc: 82.60%
2026-02-04 17:59:57 KST | INFO |   🏆 New best accuracy: 82.60%
2026-02-04 17:59:57 KST | INFO | 
2026-02-04 17:59:57 KST | INFO | Epoch 13/200 | LR: 0.099114
2026-02-04 18:00:10 KST | INFO |   Train Loss: 0.4254 | Test Loss: 0.0018 | Test Acc: 83.83%
2026-02-04 18:00:10 KST | INFO |   🏆 New best accuracy: 83.83%
2026-02-04 18:00:10 KST | INFO | 
2026-02-04 18:00:10 KST | INFO | Epoch 14/200 | LR: 0.098961
2026-02-04 18:00:22 KST | INFO |   Train Loss: 0.4132 | Test Loss: 0.0018 | Test Acc: 84.72%
2026-02-04 18:00:22 KST | INFO |   🏆 New best accuracy: 84.72%
2026-02-04 18:00:22 KST | INFO | 
2026-02-04 18:00:22 KST | INFO | Epoch 15/200 | LR: 0.098796
2026-02-04 18:00:35 KST | INFO |   Train Loss: 0.3980 | Test Loss: 0.0016 | Test Acc: 85.87%
2026-02-04 18:00:35 KST | INFO |   🏆 New best accuracy: 85.87%
2026-02-04 18:00:35 KST | INFO | 
2026-02-04 18:00:35 KST | INFO | Epoch 16/200 | LR: 0.098619
2026-02-04 18:00:48 KST | INFO |   Train Loss: 0.3899 | Test Loss: 0.0017 | Test Acc: 85.10%
2026-02-04 18:00:48 KST | INFO |   No improvement (1/30)
2026-02-04 18:00:48 KST | INFO | 
2026-02-04 18:00:48 KST | INFO | Epoch 17/200 | LR: 0.098429
2026-02-04 18:01:01 KST | INFO |   Train Loss: 0.3755 | Test Loss: 0.0017 | Test Acc: 85.12%
2026-02-04 18:01:01 KST | INFO |   No improvement (2/30)
2026-02-04 18:01:01 KST | INFO | 
2026-02-04 18:01:01 KST | INFO | Epoch 18/200 | LR: 0.098228
2026-02-04 18:01:14 KST | INFO |   Train Loss: 0.3690 | Test Loss: 0.0017 | Test Acc: 84.80%
2026-02-04 18:01:14 KST | INFO |   No improvement (3/30)
2026-02-04 18:01:14 KST | INFO | 
2026-02-04 18:01:14 KST | INFO | Epoch 19/200 | LR: 0.098015
2026-02-04 18:01:27 KST | INFO |   Train Loss: 0.3591 | Test Loss: 0.0015 | Test Acc: 86.75%
2026-02-04 18:01:27 KST | INFO |   🏆 New best accuracy: 86.75%
2026-02-04 18:01:27 KST | INFO | 
2026-02-04 18:01:27 KST | INFO | Epoch 20/200 | LR: 0.097790
2026-02-04 18:01:39 KST | INFO |   Train Loss: 0.3537 | Test Loss: 0.0016 | Test Acc: 86.02%
2026-02-04 18:01:39 KST | INFO |   No improvement (1/30)
2026-02-04 18:01:39 KST | INFO | 
2026-02-04 18:01:39 KST | INFO | Epoch 21/200 | LR: 0.097553
2026-02-04 18:01:52 KST | INFO |   Train Loss: 0.3487 | Test Loss: 0.0017 | Test Acc: 84.93%
2026-02-04 18:01:52 KST | INFO |   No improvement (2/30)
2026-02-04 18:01:52 KST | INFO | 
2026-02-04 18:01:52 KST | INFO | Epoch 22/200 | LR: 0.097304
2026-02-04 18:02:05 KST | INFO |   Train Loss: 0.3422 | Test Loss: 0.0016 | Test Acc: 86.53%
2026-02-04 18:02:05 KST | INFO |   No improvement (3/30)
2026-02-04 18:02:05 KST | INFO | 
2026-02-04 18:02:05 KST | INFO | Epoch 23/200 | LR: 0.097044
2026-02-04 18:02:18 KST | INFO |   Train Loss: 0.3313 | Test Loss: 0.0015 | Test Acc: 87.20%
2026-02-04 18:02:18 KST | INFO |   🏆 New best accuracy: 87.20%
2026-02-04 18:02:18 KST | INFO | 
2026-02-04 18:02:18 KST | INFO | Epoch 24/200 | LR: 0.096772
2026-02-04 18:02:31 KST | INFO |   Train Loss: 0.3271 | Test Loss: 0.0016 | Test Acc: 85.30%
2026-02-04 18:02:31 KST | INFO |   No improvement (1/30)
2026-02-04 18:02:31 KST | INFO | 
2026-02-04 18:02:31 KST | INFO | Epoch 25/200 | LR: 0.096489
2026-02-04 18:02:43 KST | INFO |   Train Loss: 0.3174 | Test Loss: 0.0016 | Test Acc: 86.07%
2026-02-04 18:02:43 KST | INFO |   No improvement (2/30)
2026-02-04 18:02:43 KST | INFO | 
2026-02-04 18:02:43 KST | INFO | Epoch 26/200 | LR: 0.096194
2026-02-04 18:02:56 KST | INFO |   Train Loss: 0.3129 | Test Loss: 0.0017 | Test Acc: 85.83%
2026-02-04 18:02:56 KST | INFO |   No improvement (3/30)
2026-02-04 18:02:56 KST | INFO | 
2026-02-04 18:02:56 KST | INFO | Epoch 27/200 | LR: 0.095888
2026-02-04 18:03:09 KST | INFO |   Train Loss: 0.3070 | Test Loss: 0.0015 | Test Acc: 86.67%
2026-02-04 18:03:09 KST | INFO |   No improvement (4/30)
2026-02-04 18:03:09 KST | INFO | 
2026-02-04 18:03:09 KST | INFO | Epoch 28/200 | LR: 0.095570
2026-02-04 18:03:22 KST | INFO |   Train Loss: 0.3068 | Test Loss: 0.0017 | Test Acc: 85.57%
2026-02-04 18:03:22 KST | INFO |   No improvement (5/30)
2026-02-04 18:03:22 KST | INFO | 
2026-02-04 18:03:22 KST | INFO | Epoch 29/200 | LR: 0.095241
2026-02-04 18:03:34 KST | INFO |   Train Loss: 0.3008 | Test Loss: 0.0014 | Test Acc: 87.93%
2026-02-04 18:03:34 KST | INFO |   🏆 New best accuracy: 87.93%
2026-02-04 18:03:34 KST | INFO | 
2026-02-04 18:03:34 KST | INFO | Epoch 30/200 | LR: 0.094901
2026-02-04 18:03:47 KST | INFO |   Train Loss: 0.2969 | Test Loss: 0.0014 | Test Acc: 87.88%
2026-02-04 18:03:47 KST | INFO |   No improvement (1/30)
2026-02-04 18:03:47 KST | INFO | 
2026-02-04 18:03:47 KST | INFO | Epoch 31/200 | LR: 0.094550
2026-02-04 18:04:00 KST | INFO |   Train Loss: 0.2931 | Test Loss: 0.0013 | Test Acc: 88.53%
2026-02-04 18:04:00 KST | INFO |   🏆 New best accuracy: 88.53%
2026-02-04 18:04:00 KST | INFO | 
2026-02-04 18:04:00 KST | INFO | Epoch 32/200 | LR: 0.094188
2026-02-04 18:04:13 KST | INFO |   Train Loss: 0.2896 | Test Loss: 0.0015 | Test Acc: 86.27%
2026-02-04 18:04:13 KST | INFO |   No improvement (1/30)
2026-02-04 18:04:13 KST | INFO | 
2026-02-04 18:04:13 KST | INFO | Epoch 33/200 | LR: 0.093815
2026-02-04 18:04:26 KST | INFO |   Train Loss: 0.2826 | Test Loss: 0.0015 | Test Acc: 86.40%
2026-02-04 18:04:26 KST | INFO |   No improvement (2/30)
2026-02-04 18:04:26 KST | INFO | 
2026-02-04 18:04:26 KST | INFO | Epoch 34/200 | LR: 0.093432
2026-02-04 18:04:39 KST | INFO |   Train Loss: 0.2830 | Test Loss: 0.0016 | Test Acc: 84.88%
2026-02-04 18:04:39 KST | INFO |   No improvement (3/30)
2026-02-04 18:04:39 KST | INFO | 
2026-02-04 18:04:39 KST | INFO | Epoch 35/200 | LR: 0.093037
2026-02-04 18:04:51 KST | INFO |   Train Loss: 0.2799 | Test Loss: 0.0015 | Test Acc: 86.67%
2026-02-04 18:04:51 KST | INFO |   No improvement (4/30)
2026-02-04 18:04:51 KST | INFO | 
2026-02-04 18:04:51 KST | INFO | Epoch 36/200 | LR: 0.092632
2026-02-04 18:05:04 KST | INFO |   Train Loss: 0.2773 | Test Loss: 0.0013 | Test Acc: 87.55%
2026-02-04 18:05:04 KST | INFO |   No improvement (5/30)
2026-02-04 18:05:04 KST | INFO | 
2026-02-04 18:05:04 KST | INFO | Epoch 37/200 | LR: 0.092216
2026-02-04 18:05:17 KST | INFO |   Train Loss: 0.2718 | Test Loss: 0.0019 | Test Acc: 84.50%
2026-02-04 18:05:17 KST | INFO |   No improvement (6/30)
2026-02-04 18:05:17 KST | INFO | 
2026-02-04 18:05:17 KST | INFO | Epoch 38/200 | LR: 0.091790
2026-02-04 18:05:30 KST | INFO |   Train Loss: 0.2665 | Test Loss: 0.0018 | Test Acc: 84.60%
2026-02-04 18:05:30 KST | INFO |   No improvement (7/30)
2026-02-04 18:05:30 KST | INFO | 
2026-02-04 18:05:30 KST | INFO | Epoch 39/200 | LR: 0.091354
2026-02-04 18:05:43 KST | INFO |   Train Loss: 0.2645 | Test Loss: 0.0016 | Test Acc: 86.00%
2026-02-04 18:05:43 KST | INFO |   No improvement (8/30)
2026-02-04 18:05:43 KST | INFO | 
2026-02-04 18:05:43 KST | INFO | Epoch 40/200 | LR: 0.090908
2026-02-04 18:05:56 KST | INFO |   Train Loss: 0.2601 | Test Loss: 0.0015 | Test Acc: 87.00%
2026-02-04 18:05:56 KST | INFO |   No improvement (9/30)
2026-02-04 18:05:56 KST | INFO | 
2026-02-04 18:05:56 KST | INFO | Epoch 41/200 | LR: 0.090451
2026-02-04 18:06:09 KST | INFO |   Train Loss: 0.2623 | Test Loss: 0.0015 | Test Acc: 87.97%
2026-02-04 18:06:09 KST | INFO |   No improvement (10/30)
2026-02-04 18:06:09 KST | INFO | 
2026-02-04 18:06:09 KST | INFO | Epoch 42/200 | LR: 0.089984
2026-02-04 18:06:21 KST | INFO |   Train Loss: 0.2597 | Test Loss: 0.0015 | Test Acc: 86.90%
2026-02-04 18:06:21 KST | INFO |   No improvement (11/30)
2026-02-04 18:06:21 KST | INFO | 
2026-02-04 18:06:21 KST | INFO | Epoch 43/200 | LR: 0.089508
2026-02-04 18:06:34 KST | INFO |   Train Loss: 0.2577 | Test Loss: 0.0013 | Test Acc: 88.77%
2026-02-04 18:06:34 KST | INFO |   🏆 New best accuracy: 88.77%
2026-02-04 18:06:34 KST | INFO | 
2026-02-04 18:06:34 KST | INFO | Epoch 44/200 | LR: 0.089022
2026-02-04 18:06:47 KST | INFO |   Train Loss: 0.2505 | Test Loss: 0.0015 | Test Acc: 87.32%
2026-02-04 18:06:47 KST | INFO |   No improvement (1/30)
2026-02-04 18:06:47 KST | INFO | 
2026-02-04 18:06:47 KST | INFO | Epoch 45/200 | LR: 0.088526
2026-02-04 18:07:00 KST | INFO |   Train Loss: 0.2498 | Test Loss: 0.0014 | Test Acc: 88.13%
2026-02-04 18:07:00 KST | INFO |   No improvement (2/30)
2026-02-04 18:07:00 KST | INFO | 
2026-02-04 18:07:00 KST | INFO | Epoch 46/200 | LR: 0.088020
2026-02-04 18:07:13 KST | INFO |   Train Loss: 0.2484 | Test Loss: 0.0014 | Test Acc: 87.87%
2026-02-04 18:07:13 KST | INFO |   No improvement (3/30)
2026-02-04 18:07:13 KST | INFO | 
2026-02-04 18:07:13 KST | INFO | Epoch 47/200 | LR: 0.087506
2026-02-04 18:07:26 KST | INFO |   Train Loss: 0.2476 | Test Loss: 0.0013 | Test Acc: 88.67%
2026-02-04 18:07:26 KST | INFO |   No improvement (4/30)
2026-02-04 18:07:26 KST | INFO | 
2026-02-04 18:07:26 KST | INFO | Epoch 48/200 | LR: 0.086982
2026-02-04 18:07:39 KST | INFO |   Train Loss: 0.2415 | Test Loss: 0.0014 | Test Acc: 88.50%
2026-02-04 18:07:39 KST | INFO |   No improvement (5/30)
2026-02-04 18:07:39 KST | INFO | 
2026-02-04 18:07:39 KST | INFO | Epoch 49/200 | LR: 0.086449
2026-02-04 18:07:51 KST | INFO |   Train Loss: 0.2385 | Test Loss: 0.0014 | Test Acc: 87.65%
2026-02-04 18:07:51 KST | INFO |   No improvement (6/30)
2026-02-04 18:07:51 KST | INFO | 
2026-02-04 18:07:51 KST | INFO | Epoch 50/200 | LR: 0.085906
2026-02-04 18:08:04 KST | INFO |   Train Loss: 0.2332 | Test Loss: 0.0014 | Test Acc: 87.70%
2026-02-04 18:08:04 KST | INFO |   No improvement (7/30)
2026-02-04 18:08:04 KST | INFO | 
2026-02-04 18:08:04 KST | INFO | Epoch 51/200 | LR: 0.085355
2026-02-04 18:08:17 KST | INFO |   Train Loss: 0.2347 | Test Loss: 0.0014 | Test Acc: 87.88%
2026-02-04 18:08:17 KST | INFO |   No improvement (8/30)
2026-02-04 18:08:17 KST | INFO | 
2026-02-04 18:08:17 KST | INFO | Epoch 52/200 | LR: 0.084796
2026-02-04 18:08:30 KST | INFO |   Train Loss: 0.2331 | Test Loss: 0.0015 | Test Acc: 87.70%
2026-02-04 18:08:30 KST | INFO |   No improvement (9/30)
2026-02-04 18:08:30 KST | INFO | 
2026-02-04 18:08:30 KST | INFO | Epoch 53/200 | LR: 0.084228
2026-02-04 18:08:42 KST | INFO |   Train Loss: 0.2335 | Test Loss: 0.0013 | Test Acc: 88.48%
2026-02-04 18:08:42 KST | INFO |   No improvement (10/30)
2026-02-04 18:08:42 KST | INFO | 
2026-02-04 18:08:42 KST | INFO | Epoch 54/200 | LR: 0.083651
2026-02-04 18:08:55 KST | INFO |   Train Loss: 0.2302 | Test Loss: 0.0014 | Test Acc: 87.57%
2026-02-04 18:08:55 KST | INFO |   No improvement (11/30)
2026-02-04 18:08:55 KST | INFO | 
2026-02-04 18:08:55 KST | INFO | Epoch 55/200 | LR: 0.083066
2026-02-04 18:09:08 KST | INFO |   Train Loss: 0.2270 | Test Loss: 0.0012 | Test Acc: 89.23%
2026-02-04 18:09:08 KST | INFO |   🏆 New best accuracy: 89.23%
2026-02-04 18:09:08 KST | INFO | 
2026-02-04 18:09:08 KST | INFO | Epoch 56/200 | LR: 0.082473
2026-02-04 18:09:21 KST | INFO |   Train Loss: 0.2214 | Test Loss: 0.0017 | Test Acc: 86.32%
2026-02-04 18:09:21 KST | INFO |   No improvement (1/30)
2026-02-04 18:09:21 KST | INFO | 
2026-02-04 18:09:21 KST | INFO | Epoch 57/200 | LR: 0.081871
2026-02-04 18:09:34 KST | INFO |   Train Loss: 0.2228 | Test Loss: 0.0015 | Test Acc: 87.12%
2026-02-04 18:09:34 KST | INFO |   No improvement (2/30)
2026-02-04 18:09:34 KST | INFO | 
2026-02-04 18:09:34 KST | INFO | Epoch 58/200 | LR: 0.081262
2026-02-04 18:09:47 KST | INFO |   Train Loss: 0.2184 | Test Loss: 0.0014 | Test Acc: 88.32%
2026-02-04 18:09:47 KST | INFO |   No improvement (3/30)
2026-02-04 18:09:47 KST | INFO | 
2026-02-04 18:09:47 KST | INFO | Epoch 59/200 | LR: 0.080646
2026-02-04 18:10:00 KST | INFO |   Train Loss: 0.2170 | Test Loss: 0.0014 | Test Acc: 88.73%
2026-02-04 18:10:00 KST | INFO |   No improvement (4/30)
2026-02-04 18:10:00 KST | INFO | 
2026-02-04 18:10:00 KST | INFO | Epoch 60/200 | LR: 0.080021
2026-02-04 18:10:13 KST | INFO |   Train Loss: 0.2182 | Test Loss: 0.0014 | Test Acc: 88.72%
2026-02-04 18:10:13 KST | INFO |   No improvement (5/30)
2026-02-04 18:10:13 KST | INFO | 
2026-02-04 18:10:13 KST | INFO | Epoch 61/200 | LR: 0.079389
2026-02-04 18:10:25 KST | INFO |   Train Loss: 0.2110 | Test Loss: 0.0014 | Test Acc: 88.63%
2026-02-04 18:10:25 KST | INFO |   No improvement (6/30)
2026-02-04 18:10:25 KST | INFO | 
2026-02-04 18:10:25 KST | INFO | Epoch 62/200 | LR: 0.078750
2026-02-04 18:10:38 KST | INFO |   Train Loss: 0.2127 | Test Loss: 0.0014 | Test Acc: 88.55%
2026-02-04 18:10:38 KST | INFO |   No improvement (7/30)
2026-02-04 18:10:38 KST | INFO | 
2026-02-04 18:10:38 KST | INFO | Epoch 63/200 | LR: 0.078104
2026-02-04 18:10:51 KST | INFO |   Train Loss: 0.2066 | Test Loss: 0.0015 | Test Acc: 88.28%
2026-02-04 18:10:51 KST | INFO |   No improvement (8/30)
2026-02-04 18:10:51 KST | INFO | 
2026-02-04 18:10:51 KST | INFO | Epoch 64/200 | LR: 0.077451
2026-02-04 18:11:04 KST | INFO |   Train Loss: 0.2062 | Test Loss: 0.0017 | Test Acc: 86.90%
2026-02-04 18:11:04 KST | INFO |   No improvement (9/30)
2026-02-04 18:11:04 KST | INFO | 
2026-02-04 18:11:04 KST | INFO | Epoch 65/200 | LR: 0.076792
2026-02-04 18:11:16 KST | INFO |   Train Loss: 0.2037 | Test Loss: 0.0015 | Test Acc: 87.18%
2026-02-04 18:11:16 KST | INFO |   No improvement (10/30)
2026-02-04 18:11:16 KST | INFO | 
2026-02-04 18:11:16 KST | INFO | Epoch 66/200 | LR: 0.076125
2026-02-04 18:11:29 KST | INFO |   Train Loss: 0.2028 | Test Loss: 0.0012 | Test Acc: 89.05%
2026-02-04 18:11:29 KST | INFO |   No improvement (11/30)
2026-02-04 18:11:29 KST | INFO | 
2026-02-04 18:11:29 KST | INFO | Epoch 67/200 | LR: 0.075452
2026-02-04 18:11:42 KST | INFO |   Train Loss: 0.1956 | Test Loss: 0.0013 | Test Acc: 88.98%
2026-02-04 18:11:42 KST | INFO |   No improvement (12/30)
2026-02-04 18:11:42 KST | INFO | 
2026-02-04 18:11:42 KST | INFO | Epoch 68/200 | LR: 0.074773
2026-02-04 18:11:55 KST | INFO |   Train Loss: 0.1992 | Test Loss: 0.0013 | Test Acc: 88.95%
2026-02-04 18:11:55 KST | INFO |   No improvement (13/30)
2026-02-04 18:11:55 KST | INFO | 
2026-02-04 18:11:55 KST | INFO | Epoch 69/200 | LR: 0.074088
2026-02-04 18:12:08 KST | INFO |   Train Loss: 0.1964 | Test Loss: 0.0013 | Test Acc: 88.33%
2026-02-04 18:12:08 KST | INFO |   No improvement (14/30)
2026-02-04 18:12:08 KST | INFO | 
2026-02-04 18:12:08 KST | INFO | Epoch 70/200 | LR: 0.073397
2026-02-04 18:12:21 KST | INFO |   Train Loss: 0.1908 | Test Loss: 0.0013 | Test Acc: 88.90%
2026-02-04 18:12:21 KST | INFO |   No improvement (15/30)
2026-02-04 18:12:21 KST | INFO | 
2026-02-04 18:12:21 KST | INFO | Epoch 71/200 | LR: 0.072700
2026-02-04 18:12:33 KST | INFO |   Train Loss: 0.1945 | Test Loss: 0.0016 | Test Acc: 87.73%
2026-02-04 18:12:33 KST | INFO |   No improvement (16/30)
2026-02-04 18:12:33 KST | INFO | 
2026-02-04 18:12:33 KST | INFO | Epoch 72/200 | LR: 0.071997
2026-02-04 18:12:46 KST | INFO |   Train Loss: 0.1851 | Test Loss: 0.0014 | Test Acc: 88.92%
2026-02-04 18:12:46 KST | INFO |   No improvement (17/30)
2026-02-04 18:12:46 KST | INFO | 
2026-02-04 18:12:46 KST | INFO | Epoch 73/200 | LR: 0.071289
2026-02-04 18:12:59 KST | INFO |   Train Loss: 0.1892 | Test Loss: 0.0017 | Test Acc: 85.68%
2026-02-04 18:12:59 KST | INFO |   No improvement (18/30)
2026-02-04 18:12:59 KST | INFO | 
2026-02-04 18:12:59 KST | INFO | Epoch 74/200 | LR: 0.070576
2026-02-04 18:13:12 KST | INFO |   Train Loss: 0.1801 | Test Loss: 0.0013 | Test Acc: 88.68%
2026-02-04 18:13:12 KST | INFO |   No improvement (19/30)
2026-02-04 18:13:12 KST | INFO | 
2026-02-04 18:13:12 KST | INFO | Epoch 75/200 | LR: 0.069858
2026-02-04 18:13:25 KST | INFO |   Train Loss: 0.1772 | Test Loss: 0.0012 | Test Acc: 89.48%
2026-02-04 18:13:25 KST | INFO |   🏆 New best accuracy: 89.48%
2026-02-04 18:13:25 KST | INFO | 
2026-02-04 18:13:25 KST | INFO | Epoch 76/200 | LR: 0.069134
2026-02-04 18:13:38 KST | INFO |   Train Loss: 0.1803 | Test Loss: 0.0014 | Test Acc: 89.17%
2026-02-04 18:13:38 KST | INFO |   No improvement (1/30)
2026-02-04 18:13:38 KST | INFO | 
2026-02-04 18:13:38 KST | INFO | Epoch 77/200 | LR: 0.068407
2026-02-04 18:13:51 KST | INFO |   Train Loss: 0.1762 | Test Loss: 0.0013 | Test Acc: 89.22%
2026-02-04 18:13:51 KST | INFO |   No improvement (2/30)
2026-02-04 18:13:51 KST | INFO | 
2026-02-04 18:13:51 KST | INFO | Epoch 78/200 | LR: 0.067674
2026-02-04 18:14:04 KST | INFO |   Train Loss: 0.1720 | Test Loss: 0.0015 | Test Acc: 88.48%
2026-02-04 18:14:04 KST | INFO |   No improvement (3/30)
2026-02-04 18:14:04 KST | INFO | 
2026-02-04 18:14:04 KST | INFO | Epoch 79/200 | LR: 0.066937
2026-02-04 18:14:17 KST | INFO |   Train Loss: 0.1717 | Test Loss: 0.0012 | Test Acc: 89.47%
2026-02-04 18:14:17 KST | INFO |   No improvement (4/30)
2026-02-04 18:14:17 KST | INFO | 
2026-02-04 18:14:17 KST | INFO | Epoch 80/200 | LR: 0.066196
2026-02-04 18:14:29 KST | INFO |   Train Loss: 0.1707 | Test Loss: 0.0014 | Test Acc: 89.02%
2026-02-04 18:14:29 KST | INFO |   No improvement (5/30)
2026-02-04 18:14:29 KST | INFO | 
2026-02-04 18:14:29 KST | INFO | Epoch 81/200 | LR: 0.065451
2026-02-04 18:14:42 KST | INFO |   Train Loss: 0.1740 | Test Loss: 0.0013 | Test Acc: 89.25%
2026-02-04 18:14:42 KST | INFO |   No improvement (6/30)
2026-02-04 18:14:42 KST | INFO | 
2026-02-04 18:14:42 KST | INFO | Epoch 82/200 | LR: 0.064702
2026-02-04 18:14:55 KST | INFO |   Train Loss: 0.1673 | Test Loss: 0.0016 | Test Acc: 88.12%
2026-02-04 18:14:55 KST | INFO |   No improvement (7/30)
2026-02-04 18:14:55 KST | INFO | 
2026-02-04 18:14:55 KST | INFO | Epoch 83/200 | LR: 0.063950
2026-02-04 18:15:08 KST | INFO |   Train Loss: 0.1612 | Test Loss: 0.0016 | Test Acc: 87.83%
2026-02-04 18:15:08 KST | INFO |   No improvement (8/30)
2026-02-04 18:15:08 KST | INFO | 
2026-02-04 18:15:08 KST | INFO | Epoch 84/200 | LR: 0.063194
2026-02-04 18:15:21 KST | INFO |   Train Loss: 0.1629 | Test Loss: 0.0013 | Test Acc: 89.42%
2026-02-04 18:15:21 KST | INFO |   No improvement (9/30)
2026-02-04 18:15:21 KST | INFO | 
2026-02-04 18:15:21 KST | INFO | Epoch 85/200 | LR: 0.062435
2026-02-04 18:15:34 KST | INFO |   Train Loss: 0.1578 | Test Loss: 0.0016 | Test Acc: 87.92%
2026-02-04 18:15:34 KST | INFO |   No improvement (10/30)
2026-02-04 18:15:34 KST | INFO | 
2026-02-04 18:15:34 KST | INFO | Epoch 86/200 | LR: 0.061673
2026-02-04 18:15:46 KST | INFO |   Train Loss: 0.1581 | Test Loss: 0.0013 | Test Acc: 89.22%
2026-02-04 18:15:46 KST | INFO |   No improvement (11/30)
2026-02-04 18:15:46 KST | INFO | 
2026-02-04 18:15:46 KST | INFO | Epoch 87/200 | LR: 0.060908
2026-02-04 18:15:59 KST | INFO |   Train Loss: 0.1527 | Test Loss: 0.0013 | Test Acc: 89.83%
2026-02-04 18:15:59 KST | INFO |   🏆 New best accuracy: 89.83%
2026-02-04 18:15:59 KST | INFO | 
2026-02-04 18:15:59 KST | INFO | Epoch 88/200 | LR: 0.060140
2026-02-04 18:16:12 KST | INFO |   Train Loss: 0.1537 | Test Loss: 0.0017 | Test Acc: 87.30%
2026-02-04 18:16:12 KST | INFO |   No improvement (1/30)
2026-02-04 18:16:12 KST | INFO | 
2026-02-04 18:16:12 KST | INFO | Epoch 89/200 | LR: 0.059369
2026-02-04 18:16:25 KST | INFO |   Train Loss: 0.1487 | Test Loss: 0.0015 | Test Acc: 87.65%
2026-02-04 18:16:25 KST | INFO |   No improvement (2/30)
2026-02-04 18:16:25 KST | INFO | 
2026-02-04 18:16:25 KST | INFO | Epoch 90/200 | LR: 0.058597
2026-02-04 18:16:38 KST | INFO |   Train Loss: 0.1487 | Test Loss: 0.0014 | Test Acc: 88.85%
2026-02-04 18:16:38 KST | INFO |   No improvement (3/30)
2026-02-04 18:16:38 KST | INFO | 
2026-02-04 18:16:38 KST | INFO | Epoch 91/200 | LR: 0.057822
2026-02-04 18:16:50 KST | INFO |   Train Loss: 0.1494 | Test Loss: 0.0012 | Test Acc: 89.93%
2026-02-04 18:16:50 KST | INFO |   🏆 New best accuracy: 89.93%
2026-02-04 18:16:50 KST | INFO | 
2026-02-04 18:16:50 KST | INFO | Epoch 92/200 | LR: 0.057045
2026-02-04 18:17:03 KST | INFO |   Train Loss: 0.1481 | Test Loss: 0.0014 | Test Acc: 88.58%
2026-02-04 18:17:03 KST | INFO |   No improvement (1/30)
2026-02-04 18:17:03 KST | INFO | 
2026-02-04 18:17:03 KST | INFO | Epoch 93/200 | LR: 0.056267
2026-02-04 18:17:16 KST | INFO |   Train Loss: 0.1426 | Test Loss: 0.0013 | Test Acc: 89.53%
2026-02-04 18:17:16 KST | INFO |   No improvement (2/30)
2026-02-04 18:17:16 KST | INFO | 
2026-02-04 18:17:16 KST | INFO | Epoch 94/200 | LR: 0.055487
2026-02-04 18:17:29 KST | INFO |   Train Loss: 0.1420 | Test Loss: 0.0012 | Test Acc: 90.23%
2026-02-04 18:17:29 KST | INFO |   🏆 New best accuracy: 90.23%
2026-02-04 18:17:29 KST | INFO | 
2026-02-04 18:17:29 KST | INFO | Epoch 95/200 | LR: 0.054706
2026-02-04 18:17:42 KST | INFO |   Train Loss: 0.1395 | Test Loss: 0.0015 | Test Acc: 89.05%
2026-02-04 18:17:42 KST | INFO |   No improvement (1/30)
2026-02-04 18:17:42 KST | INFO | 
2026-02-04 18:17:42 KST | INFO | Epoch 96/200 | LR: 0.053923
2026-02-04 18:17:55 KST | INFO |   Train Loss: 0.1351 | Test Loss: 0.0012 | Test Acc: 90.17%
2026-02-04 18:17:55 KST | INFO |   No improvement (2/30)
2026-02-04 18:17:55 KST | INFO | 
2026-02-04 18:17:55 KST | INFO | Epoch 97/200 | LR: 0.053140
2026-02-04 18:18:08 KST | INFO |   Train Loss: 0.1326 | Test Loss: 0.0013 | Test Acc: 89.60%
2026-02-04 18:18:08 KST | INFO |   No improvement (3/30)
2026-02-04 18:18:08 KST | INFO | 
2026-02-04 18:18:08 KST | INFO | Epoch 98/200 | LR: 0.052356
2026-02-04 18:18:21 KST | INFO |   Train Loss: 0.1311 | Test Loss: 0.0012 | Test Acc: 90.42%
2026-02-04 18:18:21 KST | INFO |   🏆 New best accuracy: 90.42%
2026-02-04 18:18:21 KST | INFO | 
2026-02-04 18:18:21 KST | INFO | Epoch 99/200 | LR: 0.051571
2026-02-04 18:18:34 KST | INFO |   Train Loss: 0.1289 | Test Loss: 0.0015 | Test Acc: 88.95%
2026-02-04 18:18:34 KST | INFO |   No improvement (1/30)
2026-02-04 18:18:34 KST | INFO | 
2026-02-04 18:18:34 KST | INFO | Epoch 100/200 | LR: 0.050786
2026-02-04 18:18:47 KST | INFO |   Train Loss: 0.1292 | Test Loss: 0.0012 | Test Acc: 90.17%
2026-02-04 18:18:47 KST | INFO |   No improvement (2/30)
2026-02-04 18:18:47 KST | INFO | 
2026-02-04 18:18:47 KST | INFO | Epoch 101/200 | LR: 0.050001
2026-02-04 18:19:00 KST | INFO |   Train Loss: 0.1237 | Test Loss: 0.0013 | Test Acc: 90.00%
2026-02-04 18:19:00 KST | INFO |   No improvement (3/30)
2026-02-04 18:19:00 KST | INFO | 
2026-02-04 18:19:00 KST | INFO | Epoch 102/200 | LR: 0.049215
2026-02-04 18:19:12 KST | INFO |   Train Loss: 0.1213 | Test Loss: 0.0013 | Test Acc: 90.67%
2026-02-04 18:19:12 KST | INFO |   🏆 New best accuracy: 90.67%
2026-02-04 18:19:12 KST | INFO | 
2026-02-04 18:19:12 KST | INFO | Epoch 103/200 | LR: 0.048430
2026-02-04 18:19:25 KST | INFO |   Train Loss: 0.1187 | Test Loss: 0.0014 | Test Acc: 89.02%
2026-02-04 18:19:25 KST | INFO |   No improvement (1/30)
2026-02-04 18:19:25 KST | INFO | 
2026-02-04 18:19:25 KST | INFO | Epoch 104/200 | LR: 0.047645
2026-02-04 18:19:38 KST | INFO |   Train Loss: 0.1199 | Test Loss: 0.0012 | Test Acc: 90.62%
2026-02-04 18:19:38 KST | INFO |   No improvement (2/30)
2026-02-04 18:19:38 KST | INFO | 
2026-02-04 18:19:38 KST | INFO | Epoch 105/200 | LR: 0.046861
2026-02-04 18:19:51 KST | INFO |   Train Loss: 0.1161 | Test Loss: 0.0015 | Test Acc: 89.43%
2026-02-04 18:19:51 KST | INFO |   No improvement (3/30)
2026-02-04 18:19:51 KST | INFO | 
2026-02-04 18:19:51 KST | INFO | Epoch 106/200 | LR: 0.046078
2026-02-04 18:20:04 KST | INFO |   Train Loss: 0.1162 | Test Loss: 0.0012 | Test Acc: 90.78%
2026-02-04 18:20:04 KST | INFO |   🏆 New best accuracy: 90.78%
2026-02-04 18:20:04 KST | INFO | 
2026-02-04 18:20:04 KST | INFO | Epoch 107/200 | LR: 0.045295
2026-02-04 18:20:17 KST | INFO |   Train Loss: 0.1095 | Test Loss: 0.0017 | Test Acc: 87.90%
2026-02-04 18:20:17 KST | INFO |   No improvement (1/30)
2026-02-04 18:20:17 KST | INFO | 
2026-02-04 18:20:17 KST | INFO | Epoch 108/200 | LR: 0.044514
2026-02-04 18:20:30 KST | INFO |   Train Loss: 0.1107 | Test Loss: 0.0012 | Test Acc: 91.12%
2026-02-04 18:20:30 KST | INFO |   🏆 New best accuracy: 91.12%
2026-02-04 18:20:30 KST | INFO | 
2026-02-04 18:20:30 KST | INFO | Epoch 109/200 | LR: 0.043734
2026-02-04 18:20:43 KST | INFO |   Train Loss: 0.1107 | Test Loss: 0.0013 | Test Acc: 90.33%
2026-02-04 18:20:43 KST | INFO |   No improvement (1/30)
2026-02-04 18:20:43 KST | INFO | 
2026-02-04 18:20:43 KST | INFO | Epoch 110/200 | LR: 0.042956
2026-02-04 18:20:56 KST | INFO |   Train Loss: 0.1048 | Test Loss: 0.0014 | Test Acc: 89.42%
2026-02-04 18:20:56 KST | INFO |   No improvement (2/30)
2026-02-04 18:20:56 KST | INFO | 
2026-02-04 18:20:56 KST | INFO | Epoch 111/200 | LR: 0.042179
2026-02-04 18:21:09 KST | INFO |   Train Loss: 0.0994 | Test Loss: 0.0013 | Test Acc: 90.52%
2026-02-04 18:21:09 KST | INFO |   No improvement (3/30)
2026-02-04 18:21:09 KST | INFO | 
2026-02-04 18:21:09 KST | INFO | Epoch 112/200 | LR: 0.041404
2026-02-04 18:21:21 KST | INFO |   Train Loss: 0.0987 | Test Loss: 0.0013 | Test Acc: 90.45%
2026-02-04 18:21:21 KST | INFO |   No improvement (4/30)
2026-02-04 18:21:21 KST | INFO | 
2026-02-04 18:21:21 KST | INFO | Epoch 113/200 | LR: 0.040632
2026-02-04 18:21:34 KST | INFO |   Train Loss: 0.1029 | Test Loss: 0.0013 | Test Acc: 90.00%
2026-02-04 18:21:34 KST | INFO |   No improvement (5/30)
2026-02-04 18:21:34 KST | INFO | 
2026-02-04 18:21:34 KST | INFO | Epoch 114/200 | LR: 0.039861
2026-02-04 18:21:47 KST | INFO |   Train Loss: 0.0967 | Test Loss: 0.0013 | Test Acc: 90.83%
2026-02-04 18:21:47 KST | INFO |   No improvement (6/30)
2026-02-04 18:21:47 KST | INFO | 
2026-02-04 18:21:47 KST | INFO | Epoch 115/200 | LR: 0.039093
2026-02-04 18:22:00 KST | INFO |   Train Loss: 0.0937 | Test Loss: 0.0014 | Test Acc: 89.98%
2026-02-04 18:22:00 KST | INFO |   No improvement (7/30)
2026-02-04 18:22:00 KST | INFO | 
2026-02-04 18:22:00 KST | INFO | Epoch 116/200 | LR: 0.038328
2026-02-04 18:22:13 KST | INFO |   Train Loss: 0.0951 | Test Loss: 0.0014 | Test Acc: 90.07%
2026-02-04 18:22:13 KST | INFO |   No improvement (8/30)
2026-02-04 18:22:13 KST | INFO | 
2026-02-04 18:22:13 KST | INFO | Epoch 117/200 | LR: 0.037566
2026-02-04 18:22:26 KST | INFO |   Train Loss: 0.0898 | Test Loss: 0.0013 | Test Acc: 90.32%
2026-02-04 18:22:26 KST | INFO |   No improvement (9/30)
2026-02-04 18:22:26 KST | INFO | 
2026-02-04 18:22:26 KST | INFO | Epoch 118/200 | LR: 0.036807
2026-02-04 18:22:39 KST | INFO |   Train Loss: 0.0881 | Test Loss: 0.0012 | Test Acc: 91.22%
2026-02-04 18:22:39 KST | INFO |   🏆 New best accuracy: 91.22%
2026-02-04 18:22:39 KST | INFO | 
2026-02-04 18:22:39 KST | INFO | Epoch 119/200 | LR: 0.036051
2026-02-04 18:22:52 KST | INFO |   Train Loss: 0.0856 | Test Loss: 0.0016 | Test Acc: 89.53%
2026-02-04 18:22:52 KST | INFO |   No improvement (1/30)
2026-02-04 18:22:52 KST | INFO | 
2026-02-04 18:22:52 KST | INFO | Epoch 120/200 | LR: 0.035299
2026-02-04 18:23:05 KST | INFO |   Train Loss: 0.0848 | Test Loss: 0.0015 | Test Acc: 90.18%
2026-02-04 18:23:05 KST | INFO |   No improvement (2/30)
2026-02-04 18:23:05 KST | INFO | 
2026-02-04 18:23:05 KST | INFO | Epoch 121/200 | LR: 0.034550
2026-02-04 18:23:17 KST | INFO |   Train Loss: 0.0838 | Test Loss: 0.0012 | Test Acc: 90.98%
2026-02-04 18:23:17 KST | INFO |   No improvement (3/30)
2026-02-04 18:23:17 KST | INFO | 
2026-02-04 18:23:17 KST | INFO | Epoch 122/200 | LR: 0.033805
2026-02-04 18:23:30 KST | INFO |   Train Loss: 0.0797 | Test Loss: 0.0013 | Test Acc: 90.50%
2026-02-04 18:23:30 KST | INFO |   No improvement (4/30)
2026-02-04 18:23:30 KST | INFO | 
2026-02-04 18:23:30 KST | INFO | Epoch 123/200 | LR: 0.033064
2026-02-04 18:23:43 KST | INFO |   Train Loss: 0.0801 | Test Loss: 0.0013 | Test Acc: 90.87%
2026-02-04 18:23:43 KST | INFO |   No improvement (5/30)
2026-02-04 18:23:43 KST | INFO | 
2026-02-04 18:23:43 KST | INFO | Epoch 124/200 | LR: 0.032327
2026-02-04 18:23:56 KST | INFO |   Train Loss: 0.0782 | Test Loss: 0.0012 | Test Acc: 91.32%
2026-02-04 18:23:56 KST | INFO |   🏆 New best accuracy: 91.32%
2026-02-04 18:23:56 KST | INFO | 
2026-02-04 18:23:56 KST | INFO | Epoch 125/200 | LR: 0.031594
2026-02-04 18:24:09 KST | INFO |   Train Loss: 0.0740 | Test Loss: 0.0013 | Test Acc: 91.12%
2026-02-04 18:24:09 KST | INFO |   No improvement (1/30)
2026-02-04 18:24:09 KST | INFO | 
2026-02-04 18:24:09 KST | INFO | Epoch 126/200 | LR: 0.030867
2026-02-04 18:24:22 KST | INFO |   Train Loss: 0.0770 | Test Loss: 0.0013 | Test Acc: 91.22%
2026-02-04 18:24:22 KST | INFO |   No improvement (2/30)
2026-02-04 18:24:22 KST | INFO | 
2026-02-04 18:24:22 KST | INFO | Epoch 127/200 | LR: 0.030143
2026-02-04 18:24:35 KST | INFO |   Train Loss: 0.0714 | Test Loss: 0.0013 | Test Acc: 90.73%
2026-02-04 18:24:35 KST | INFO |   No improvement (3/30)
2026-02-04 18:24:35 KST | INFO | 
2026-02-04 18:24:35 KST | INFO | Epoch 128/200 | LR: 0.029425
2026-02-04 18:24:48 KST | INFO |   Train Loss: 0.0705 | Test Loss: 0.0013 | Test Acc: 90.98%
2026-02-04 18:24:48 KST | INFO |   No improvement (4/30)
2026-02-04 18:24:48 KST | INFO | 
2026-02-04 18:24:48 KST | INFO | Epoch 129/200 | LR: 0.028712
2026-02-04 18:25:01 KST | INFO |   Train Loss: 0.0677 | Test Loss: 0.0013 | Test Acc: 91.10%
2026-02-04 18:25:01 KST | INFO |   No improvement (5/30)
2026-02-04 18:25:01 KST | INFO | 
2026-02-04 18:25:01 KST | INFO | Epoch 130/200 | LR: 0.028004
2026-02-04 18:25:14 KST | INFO |   Train Loss: 0.0639 | Test Loss: 0.0013 | Test Acc: 90.78%
2026-02-04 18:25:14 KST | INFO |   No improvement (6/30)
2026-02-04 18:25:14 KST | INFO | 
2026-02-04 18:25:14 KST | INFO | Epoch 131/200 | LR: 0.027301
2026-02-04 18:25:26 KST | INFO |   Train Loss: 0.0655 | Test Loss: 0.0013 | Test Acc: 90.98%
2026-02-04 18:25:26 KST | INFO |   No improvement (7/30)
2026-02-04 18:25:26 KST | INFO | 
2026-02-04 18:25:26 KST | INFO | Epoch 132/200 | LR: 0.026604
2026-02-04 18:25:39 KST | INFO |   Train Loss: 0.0621 | Test Loss: 0.0014 | Test Acc: 90.57%
2026-02-04 18:25:39 KST | INFO |   No improvement (8/30)
2026-02-04 18:25:39 KST | INFO | 
2026-02-04 18:25:39 KST | INFO | Epoch 133/200 | LR: 0.025913
2026-02-04 18:25:52 KST | INFO |   Train Loss: 0.0592 | Test Loss: 0.0014 | Test Acc: 90.88%
2026-02-04 18:25:52 KST | INFO |   No improvement (9/30)
2026-02-04 18:25:52 KST | INFO | 
2026-02-04 18:25:52 KST | INFO | Epoch 134/200 | LR: 0.025228
2026-02-04 18:26:06 KST | INFO |   Train Loss: 0.0583 | Test Loss: 0.0013 | Test Acc: 91.02%
2026-02-04 18:26:06 KST | INFO |   No improvement (10/30)
2026-02-04 18:26:06 KST | INFO | 
2026-02-04 18:26:06 KST | INFO | Epoch 135/200 | LR: 0.024549
2026-02-04 18:26:19 KST | INFO |   Train Loss: 0.0577 | Test Loss: 0.0014 | Test Acc: 91.00%
2026-02-04 18:26:19 KST | INFO |   No improvement (11/30)
2026-02-04 18:26:19 KST | INFO | 
2026-02-04 18:26:19 KST | INFO | Epoch 136/200 | LR: 0.023876
2026-02-04 18:26:31 KST | INFO |   Train Loss: 0.0556 | Test Loss: 0.0012 | Test Acc: 91.32%
2026-02-04 18:26:31 KST | INFO |   No improvement (12/30)
2026-02-04 18:26:31 KST | INFO | 
2026-02-04 18:26:31 KST | INFO | Epoch 137/200 | LR: 0.023209
2026-02-04 18:26:44 KST | INFO |   Train Loss: 0.0484 | Test Loss: 0.0013 | Test Acc: 91.20%
2026-02-04 18:26:44 KST | INFO |   No improvement (13/30)
2026-02-04 18:26:44 KST | INFO | 
2026-02-04 18:26:44 KST | INFO | Epoch 138/200 | LR: 0.022550
2026-02-04 18:26:57 KST | INFO |   Train Loss: 0.0529 | Test Loss: 0.0016 | Test Acc: 90.50%
2026-02-04 18:26:57 KST | INFO |   No improvement (14/30)
2026-02-04 18:26:57 KST | INFO | 
2026-02-04 18:26:57 KST | INFO | Epoch 139/200 | LR: 0.021897
2026-02-04 18:27:10 KST | INFO |   Train Loss: 0.0515 | Test Loss: 0.0013 | Test Acc: 91.15%
2026-02-04 18:27:10 KST | INFO |   No improvement (15/30)
2026-02-04 18:27:10 KST | INFO | 
2026-02-04 18:27:10 KST | INFO | Epoch 140/200 | LR: 0.021251
2026-02-04 18:27:23 KST | INFO |   Train Loss: 0.0504 | Test Loss: 0.0013 | Test Acc: 91.58%
2026-02-04 18:27:23 KST | INFO |   🏆 New best accuracy: 91.58%
2026-02-04 18:27:23 KST | INFO | 
2026-02-04 18:27:23 KST | INFO | Epoch 141/200 | LR: 0.020612
2026-02-04 18:27:36 KST | INFO |   Train Loss: 0.0472 | Test Loss: 0.0012 | Test Acc: 91.58%
2026-02-04 18:27:36 KST | INFO |   No improvement (1/30)
2026-02-04 18:27:36 KST | INFO | 
2026-02-04 18:27:36 KST | INFO | Epoch 142/200 | LR: 0.019980
2026-02-04 18:27:49 KST | INFO |   Train Loss: 0.0457 | Test Loss: 0.0013 | Test Acc: 90.98%
2026-02-04 18:27:49 KST | INFO |   No improvement (2/30)
2026-02-04 18:27:49 KST | INFO | 
2026-02-04 18:27:49 KST | INFO | Epoch 143/200 | LR: 0.019355
2026-02-04 18:28:01 KST | INFO |   Train Loss: 0.0445 | Test Loss: 0.0018 | Test Acc: 89.53%
2026-02-04 18:28:01 KST | INFO |   No improvement (3/30)
2026-02-04 18:28:01 KST | INFO | 
2026-02-04 18:28:01 KST | INFO | Epoch 144/200 | LR: 0.018739
2026-02-04 18:28:14 KST | INFO |   Train Loss: 0.0418 | Test Loss: 0.0013 | Test Acc: 91.30%
2026-02-04 18:28:14 KST | INFO |   No improvement (4/30)
2026-02-04 18:28:14 KST | INFO | 
2026-02-04 18:28:14 KST | INFO | Epoch 145/200 | LR: 0.018130
2026-02-04 18:28:27 KST | INFO |   Train Loss: 0.0424 | Test Loss: 0.0014 | Test Acc: 91.07%
2026-02-04 18:28:27 KST | INFO |   No improvement (5/30)
2026-02-04 18:28:27 KST | INFO | 
2026-02-04 18:28:27 KST | INFO | Epoch 146/200 | LR: 0.017528
2026-02-04 18:28:39 KST | INFO |   Train Loss: 0.0398 | Test Loss: 0.0014 | Test Acc: 90.95%
2026-02-04 18:28:39 KST | INFO |   No improvement (6/30)
2026-02-04 18:28:39 KST | INFO | 
2026-02-04 18:28:39 KST | INFO | Epoch 147/200 | LR: 0.016935
2026-02-04 18:28:52 KST | INFO |   Train Loss: 0.0379 | Test Loss: 0.0014 | Test Acc: 90.95%
2026-02-04 18:28:52 KST | INFO |   No improvement (7/30)
2026-02-04 18:28:52 KST | INFO | 
2026-02-04 18:28:52 KST | INFO | Epoch 148/200 | LR: 0.016350
2026-02-04 18:29:05 KST | INFO |   Train Loss: 0.0366 | Test Loss: 0.0015 | Test Acc: 90.92%
2026-02-04 18:29:05 KST | INFO |   No improvement (8/30)
2026-02-04 18:29:05 KST | INFO | 
2026-02-04 18:29:05 KST | INFO | Epoch 149/200 | LR: 0.015773
2026-02-04 18:29:18 KST | INFO |   Train Loss: 0.0349 | Test Loss: 0.0015 | Test Acc: 90.47%
2026-02-04 18:29:18 KST | INFO |   No improvement (9/30)
2026-02-04 18:29:18 KST | INFO | 
2026-02-04 18:29:18 KST | INFO | Epoch 150/200 | LR: 0.015205
2026-02-04 18:29:31 KST | INFO |   Train Loss: 0.0330 | Test Loss: 0.0014 | Test Acc: 91.65%
2026-02-04 18:29:31 KST | INFO |   🏆 New best accuracy: 91.65%
2026-02-04 18:29:31 KST | INFO | 
2026-02-04 18:29:31 KST | INFO | Epoch 151/200 | LR: 0.014646
2026-02-04 18:29:44 KST | INFO |   Train Loss: 0.0329 | Test Loss: 0.0014 | Test Acc: 91.03%
2026-02-04 18:29:44 KST | INFO |   No improvement (1/30)
2026-02-04 18:29:44 KST | INFO | 
2026-02-04 18:29:44 KST | INFO | Epoch 152/200 | LR: 0.014095
2026-02-04 18:29:56 KST | INFO |   Train Loss: 0.0301 | Test Loss: 0.0013 | Test Acc: 91.72%
2026-02-04 18:29:56 KST | INFO |   🏆 New best accuracy: 91.72%
2026-02-04 18:29:56 KST | INFO | 
2026-02-04 18:29:56 KST | INFO | Epoch 153/200 | LR: 0.013552
2026-02-04 18:30:09 KST | INFO |   Train Loss: 0.0293 | Test Loss: 0.0013 | Test Acc: 91.45%
2026-02-04 18:30:09 KST | INFO |   No improvement (1/30)
2026-02-04 18:30:09 KST | INFO | 
2026-02-04 18:30:09 KST | INFO | Epoch 154/200 | LR: 0.013019
2026-02-04 18:30:22 KST | INFO |   Train Loss: 0.0278 | Test Loss: 0.0013 | Test Acc: 91.83%
2026-02-04 18:30:22 KST | INFO |   🏆 New best accuracy: 91.83%
2026-02-04 18:30:22 KST | INFO | 
2026-02-04 18:30:22 KST | INFO | Epoch 155/200 | LR: 0.012495
2026-02-04 18:30:35 KST | INFO |   Train Loss: 0.0283 | Test Loss: 0.0015 | Test Acc: 90.72%
2026-02-04 18:30:35 KST | INFO |   No improvement (1/30)
2026-02-04 18:30:35 KST | INFO | 
2026-02-04 18:30:35 KST | INFO | Epoch 156/200 | LR: 0.011981
2026-02-04 18:30:48 KST | INFO |   Train Loss: 0.0236 | Test Loss: 0.0014 | Test Acc: 91.70%
2026-02-04 18:30:48 KST | INFO |   No improvement (2/30)
2026-02-04 18:30:48 KST | INFO | 
2026-02-04 18:30:48 KST | INFO | Epoch 157/200 | LR: 0.011475
2026-02-04 18:31:01 KST | INFO |   Train Loss: 0.0256 | Test Loss: 0.0013 | Test Acc: 91.78%
2026-02-04 18:31:01 KST | INFO |   No improvement (3/30)
2026-02-04 18:31:01 KST | INFO | 
2026-02-04 18:31:01 KST | INFO | Epoch 158/200 | LR: 0.010979
2026-02-04 18:31:14 KST | INFO |   Train Loss: 0.0232 | Test Loss: 0.0013 | Test Acc: 91.70%
2026-02-04 18:31:14 KST | INFO |   No improvement (4/30)
2026-02-04 18:31:14 KST | INFO | 
2026-02-04 18:31:14 KST | INFO | Epoch 159/200 | LR: 0.010493
2026-02-04 18:31:26 KST | INFO |   Train Loss: 0.0228 | Test Loss: 0.0014 | Test Acc: 91.53%
2026-02-04 18:31:26 KST | INFO |   No improvement (5/30)
2026-02-04 18:31:26 KST | INFO | 
2026-02-04 18:31:26 KST | INFO | Epoch 160/200 | LR: 0.010017
2026-02-04 18:31:39 KST | INFO |   Train Loss: 0.0234 | Test Loss: 0.0014 | Test Acc: 91.92%
2026-02-04 18:31:39 KST | INFO |   🏆 New best accuracy: 91.92%
2026-02-04 18:31:39 KST | INFO | 
2026-02-04 18:31:39 KST | INFO | Epoch 161/200 | LR: 0.009550
2026-02-04 18:31:52 KST | INFO |   Train Loss: 0.0212 | Test Loss: 0.0013 | Test Acc: 91.85%
2026-02-04 18:31:52 KST | INFO |   No improvement (1/30)
2026-02-04 18:31:52 KST | INFO | 
2026-02-04 18:31:52 KST | INFO | Epoch 162/200 | LR: 0.009093
2026-02-04 18:32:05 KST | INFO |   Train Loss: 0.0218 | Test Loss: 0.0013 | Test Acc: 92.03%
2026-02-04 18:32:05 KST | INFO |   🏆 New best accuracy: 92.03%
2026-02-04 18:32:05 KST | INFO | 
2026-02-04 18:32:05 KST | INFO | Epoch 163/200 | LR: 0.008647
2026-02-04 18:32:18 KST | INFO |   Train Loss: 0.0194 | Test Loss: 0.0014 | Test Acc: 91.85%
2026-02-04 18:32:18 KST | INFO |   No improvement (1/30)
2026-02-04 18:32:18 KST | INFO | 
2026-02-04 18:32:18 KST | INFO | Epoch 164/200 | LR: 0.008211
2026-02-04 18:32:30 KST | INFO |   Train Loss: 0.0179 | Test Loss: 0.0013 | Test Acc: 91.73%
2026-02-04 18:32:30 KST | INFO |   No improvement (2/30)
2026-02-04 18:32:30 KST | INFO | 
2026-02-04 18:32:30 KST | INFO | Epoch 165/200 | LR: 0.007785
2026-02-04 18:32:43 KST | INFO |   Train Loss: 0.0189 | Test Loss: 0.0014 | Test Acc: 91.47%
2026-02-04 18:32:43 KST | INFO |   No improvement (3/30)
2026-02-04 18:32:43 KST | INFO | 
2026-02-04 18:32:43 KST | INFO | Epoch 166/200 | LR: 0.007369
2026-02-04 18:32:56 KST | INFO |   Train Loss: 0.0179 | Test Loss: 0.0013 | Test Acc: 91.52%
2026-02-04 18:32:56 KST | INFO |   No improvement (4/30)
2026-02-04 18:32:56 KST | INFO | 
2026-02-04 18:32:56 KST | INFO | Epoch 167/200 | LR: 0.006964
2026-02-04 18:33:09 KST | INFO |   Train Loss: 0.0151 | Test Loss: 0.0014 | Test Acc: 91.98%
2026-02-04 18:33:09 KST | INFO |   No improvement (5/30)
2026-02-04 18:33:09 KST | INFO | 
2026-02-04 18:33:09 KST | INFO | Epoch 168/200 | LR: 0.006569
2026-02-04 18:33:22 KST | INFO |   Train Loss: 0.0154 | Test Loss: 0.0014 | Test Acc: 92.05%
2026-02-04 18:33:22 KST | INFO |   🏆 New best accuracy: 92.05%
2026-02-04 18:33:22 KST | INFO | 
2026-02-04 18:33:22 KST | INFO | Epoch 169/200 | LR: 0.006186
2026-02-04 18:33:34 KST | INFO |   Train Loss: 0.0149 | Test Loss: 0.0014 | Test Acc: 91.73%
2026-02-04 18:33:34 KST | INFO |   No improvement (1/30)
2026-02-04 18:33:34 KST | INFO | 
2026-02-04 18:33:34 KST | INFO | Epoch 170/200 | LR: 0.005813
2026-02-04 18:33:47 KST | INFO |   Train Loss: 0.0135 | Test Loss: 0.0014 | Test Acc: 91.92%
2026-02-04 18:33:47 KST | INFO |   No improvement (2/30)
2026-02-04 18:33:47 KST | INFO | 
2026-02-04 18:33:47 KST | INFO | Epoch 171/200 | LR: 0.005451
2026-02-04 18:34:00 KST | INFO |   Train Loss: 0.0139 | Test Loss: 0.0014 | Test Acc: 91.98%
2026-02-04 18:34:00 KST | INFO |   No improvement (3/30)
2026-02-04 18:34:00 KST | INFO | 
2026-02-04 18:34:00 KST | INFO | Epoch 172/200 | LR: 0.005100
2026-02-04 18:34:13 KST | INFO |   Train Loss: 0.0138 | Test Loss: 0.0014 | Test Acc: 91.83%
2026-02-04 18:34:13 KST | INFO |   No improvement (4/30)
2026-02-04 18:34:13 KST | INFO | 
2026-02-04 18:34:13 KST | INFO | Epoch 173/200 | LR: 0.004760
2026-02-04 18:34:26 KST | INFO |   Train Loss: 0.0131 | Test Loss: 0.0014 | Test Acc: 91.43%
2026-02-04 18:34:26 KST | INFO |   No improvement (5/30)
2026-02-04 18:34:26 KST | INFO | 
2026-02-04 18:34:26 KST | INFO | Epoch 174/200 | LR: 0.004431
2026-02-04 18:34:39 KST | INFO |   Train Loss: 0.0117 | Test Loss: 0.0015 | Test Acc: 91.58%
2026-02-04 18:34:39 KST | INFO |   No improvement (6/30)
2026-02-04 18:34:39 KST | INFO | 
2026-02-04 18:34:39 KST | INFO | Epoch 175/200 | LR: 0.004113
2026-02-04 18:34:51 KST | INFO |   Train Loss: 0.0106 | Test Loss: 0.0014 | Test Acc: 92.02%
2026-02-04 18:34:51 KST | INFO |   No improvement (7/30)
2026-02-04 18:34:51 KST | INFO | 
2026-02-04 18:34:51 KST | INFO | Epoch 176/200 | LR: 0.003807
2026-02-04 18:35:04 KST | INFO |   Train Loss: 0.0111 | Test Loss: 0.0014 | Test Acc: 91.95%
2026-02-04 18:35:04 KST | INFO |   No improvement (8/30)
2026-02-04 18:35:04 KST | INFO | 
2026-02-04 18:35:04 KST | INFO | Epoch 177/200 | LR: 0.003512
2026-02-04 18:35:17 KST | INFO |   Train Loss: 0.0103 | Test Loss: 0.0013 | Test Acc: 92.02%
2026-02-04 18:35:17 KST | INFO |   No improvement (9/30)
2026-02-04 18:35:17 KST | INFO | 
2026-02-04 18:35:17 KST | INFO | Epoch 178/200 | LR: 0.003229
2026-02-04 18:35:30 KST | INFO |   Train Loss: 0.0100 | Test Loss: 0.0014 | Test Acc: 92.02%
2026-02-04 18:35:30 KST | INFO |   No improvement (10/30)
2026-02-04 18:35:30 KST | INFO | 
2026-02-04 18:35:30 KST | INFO | Epoch 179/200 | LR: 0.002957
2026-02-04 18:35:43 KST | INFO |   Train Loss: 0.0103 | Test Loss: 0.0015 | Test Acc: 91.78%
2026-02-04 18:35:43 KST | INFO |   No improvement (11/30)
2026-02-04 18:35:43 KST | INFO | 
2026-02-04 18:35:43 KST | INFO | Epoch 180/200 | LR: 0.002697
2026-02-04 18:35:56 KST | INFO |   Train Loss: 0.0096 | Test Loss: 0.0014 | Test Acc: 92.08%
2026-02-04 18:35:56 KST | INFO |   🏆 New best accuracy: 92.08%
2026-02-04 18:35:56 KST | INFO | 
2026-02-04 18:35:56 KST | INFO | Epoch 181/200 | LR: 0.002448
2026-02-04 18:36:09 KST | INFO |   Train Loss: 0.0094 | Test Loss: 0.0014 | Test Acc: 91.98%
2026-02-04 18:36:09 KST | INFO |   No improvement (1/30)
2026-02-04 18:36:09 KST | INFO | 
2026-02-04 18:36:09 KST | INFO | Epoch 182/200 | LR: 0.002211
2026-02-04 18:36:22 KST | INFO |   Train Loss: 0.0090 | Test Loss: 0.0014 | Test Acc: 92.17%
2026-02-04 18:36:22 KST | INFO |   🏆 New best accuracy: 92.17%
2026-02-04 18:36:22 KST | INFO | 
2026-02-04 18:36:22 KST | INFO | Epoch 183/200 | LR: 0.001986
2026-02-04 18:36:35 KST | INFO |   Train Loss: 0.0082 | Test Loss: 0.0014 | Test Acc: 92.25%
2026-02-04 18:36:35 KST | INFO |   🏆 New best accuracy: 92.25%
2026-02-04 18:36:35 KST | INFO | 
2026-02-04 18:36:35 KST | INFO | Epoch 184/200 | LR: 0.001773
2026-02-04 18:36:47 KST | INFO |   Train Loss: 0.0087 | Test Loss: 0.0014 | Test Acc: 92.23%
2026-02-04 18:36:47 KST | INFO |   No improvement (1/30)
2026-02-04 18:36:47 KST | INFO | 
2026-02-04 18:36:47 KST | INFO | Epoch 185/200 | LR: 0.001572
2026-02-04 18:37:00 KST | INFO |   Train Loss: 0.0086 | Test Loss: 0.0014 | Test Acc: 92.28%
2026-02-04 18:37:00 KST | INFO |   🏆 New best accuracy: 92.28%
2026-02-04 18:37:00 KST | INFO | 
2026-02-04 18:37:00 KST | INFO | Epoch 186/200 | LR: 0.001382
2026-02-04 18:37:13 KST | INFO |   Train Loss: 0.0076 | Test Loss: 0.0014 | Test Acc: 92.03%
2026-02-04 18:37:13 KST | INFO |   No improvement (1/30)
2026-02-04 18:37:13 KST | INFO | 
2026-02-04 18:37:13 KST | INFO | Epoch 187/200 | LR: 0.001205
2026-02-04 18:37:26 KST | INFO |   Train Loss: 0.0080 | Test Loss: 0.0014 | Test Acc: 91.82%
2026-02-04 18:37:26 KST | INFO |   No improvement (2/30)
2026-02-04 18:37:26 KST | INFO | 
2026-02-04 18:37:26 KST | INFO | Epoch 188/200 | LR: 0.001040
2026-02-04 18:37:39 KST | INFO |   Train Loss: 0.0078 | Test Loss: 0.0014 | Test Acc: 92.23%
2026-02-04 18:37:39 KST | INFO |   No improvement (3/30)
2026-02-04 18:37:39 KST | INFO | 
2026-02-04 18:37:39 KST | INFO | Epoch 189/200 | LR: 0.000887
2026-02-04 18:37:52 KST | INFO |   Train Loss: 0.0077 | Test Loss: 0.0014 | Test Acc: 92.08%
2026-02-04 18:37:52 KST | INFO |   No improvement (4/30)
2026-02-04 18:37:52 KST | INFO | 
2026-02-04 18:37:52 KST | INFO | Epoch 190/200 | LR: 0.000746
2026-02-04 18:38:05 KST | INFO |   Train Loss: 0.0075 | Test Loss: 0.0014 | Test Acc: 92.03%
2026-02-04 18:38:05 KST | INFO |   No improvement (5/30)
2026-02-04 18:38:05 KST | INFO | 
2026-02-04 18:38:05 KST | INFO | Epoch 191/200 | LR: 0.000617
2026-02-04 18:38:18 KST | INFO |   Train Loss: 0.0072 | Test Loss: 0.0014 | Test Acc: 92.12%
2026-02-04 18:38:18 KST | INFO |   No improvement (6/30)
2026-02-04 18:38:18 KST | INFO | 
2026-02-04 18:38:18 KST | INFO | Epoch 192/200 | LR: 0.000500
2026-02-04 18:38:30 KST | INFO |   Train Loss: 0.0072 | Test Loss: 0.0014 | Test Acc: 92.13%
2026-02-04 18:38:30 KST | INFO |   No improvement (7/30)
2026-02-04 18:38:30 KST | INFO | 
2026-02-04 18:38:30 KST | INFO | Epoch 193/200 | LR: 0.000395
2026-02-04 18:38:43 KST | INFO |   Train Loss: 0.0069 | Test Loss: 0.0014 | Test Acc: 92.05%
2026-02-04 18:38:43 KST | INFO |   No improvement (8/30)
2026-02-04 18:38:43 KST | INFO | 
2026-02-04 18:38:43 KST | INFO | Epoch 194/200 | LR: 0.000303
2026-02-04 18:38:56 KST | INFO |   Train Loss: 0.0068 | Test Loss: 0.0014 | Test Acc: 92.02%
2026-02-04 18:38:56 KST | INFO |   No improvement (9/30)
2026-02-04 18:38:56 KST | INFO | 
2026-02-04 18:38:56 KST | INFO | Epoch 195/200 | LR: 0.000223
2026-02-04 18:39:09 KST | INFO |   Train Loss: 0.0066 | Test Loss: 0.0014 | Test Acc: 92.13%
2026-02-04 18:39:09 KST | INFO |   No improvement (10/30)
2026-02-04 18:39:09 KST | INFO | 
2026-02-04 18:39:09 KST | INFO | Epoch 196/200 | LR: 0.000155
2026-02-04 18:39:22 KST | INFO |   Train Loss: 0.0073 | Test Loss: 0.0014 | Test Acc: 92.10%
2026-02-04 18:39:22 KST | INFO |   No improvement (11/30)
2026-02-04 18:39:22 KST | INFO | 
2026-02-04 18:39:22 KST | INFO | Epoch 197/200 | LR: 0.000100
2026-02-04 18:39:35 KST | INFO |   Train Loss: 0.0069 | Test Loss: 0.0014 | Test Acc: 92.12%
2026-02-04 18:39:35 KST | INFO |   No improvement (12/30)
2026-02-04 18:39:35 KST | INFO | 
2026-02-04 18:39:35 KST | INFO | Epoch 198/200 | LR: 0.000057
2026-02-04 18:39:48 KST | INFO |   Train Loss: 0.0068 | Test Loss: 0.0014 | Test Acc: 92.18%
2026-02-04 18:39:48 KST | INFO |   No improvement (13/30)
2026-02-04 18:39:48 KST | INFO | 
2026-02-04 18:39:48 KST | INFO | Epoch 199/200 | LR: 0.000026
2026-02-04 18:40:01 KST | INFO |   Train Loss: 0.0068 | Test Loss: 0.0014 | Test Acc: 92.15%
2026-02-04 18:40:01 KST | INFO |   No improvement (14/30)
2026-02-04 18:40:01 KST | INFO | 
2026-02-04 18:40:01 KST | INFO | Epoch 200/200 | LR: 0.000007
2026-02-04 18:40:14 KST | INFO |   Train Loss: 0.0067 | Test Loss: 0.0014 | Test Acc: 92.13%
2026-02-04 18:40:14 KST | INFO |   No improvement (15/30)
2026-02-04 18:40:14 KST | INFO | 
2026-02-04 18:40:14 KST | INFO | ================================================================================
2026-02-04 18:40:14 KST | INFO | TRAINING COMPLETE
2026-02-04 18:40:14 KST | INFO | ================================================================================
2026-02-04 18:40:14 KST | INFO | Best accuracy:  92.28% (Epoch 185)
2026-02-04 18:40:14 KST | INFO | Final accuracy: 92.13%
2026-02-04 18:40:14 KST | INFO | ================================================================================
2026-02-04 18:40:14 KST | INFO | 
2026-02-04 18:40:14 KST | INFO | Notifying nodes of completion...
2026-02-04 18:40:15 KST | INFO | ✓ Nodes notified
2026-02-04 18:40:15 KST | INFO | 
2026-02-04 18:40:15 KST | INFO | Closing connections...
2026-02-04 18:40:15 KST | INFO | ✓ Cleanup complete
2026-02-04 18:40:15 KST | INFO | 
2026-02-04 18:40:15 KST | INFO | Full log: logs/TL++_base_20260204_175646.log
2026-02-04 18:40:15 KST | INFO | ================================================================================
