2026-02-04 18:40:23 KST | INFO | ================================================================================
2026-02-04 18:40:23 KST | INFO | TL++ Orchestrator
2026-02-04 18:40:23 KST | INFO | ================================================================================
2026-02-04 18:40:23 KST | INFO | Log file: logs/TL++_base_20260204_184023.log
2026-02-04 18:40:23 KST | INFO | 
2026-02-04 18:40:23 KST | INFO | --------------------------------------------------------------------------------
2026-02-04 18:40:23 KST | INFO | CONFIGURATION
2026-02-04 18:40:23 KST | INFO | --------------------------------------------------------------------------------
2026-02-04 18:40:23 KST | INFO | Secure mode:      False
2026-02-04 18:40:23 KST | INFO | Nodes:            6
2026-02-04 18:40:23 KST | INFO | Cut layer:        1
2026-02-04 18:40:23 KST | INFO | Batch size:       128
2026-02-04 18:40:23 KST | INFO | Learning rate:    0.1
2026-02-04 18:40:23 KST | INFO | 
2026-02-04 18:40:23 KST | INFO | Computation device: cuda
2026-02-04 18:40:23 KST | INFO | Secure mode: DISABLED
2026-02-04 18:40:23 KST | INFO | 
2026-02-04 18:40:23 KST | INFO | --------------------------------------------------------------------------------
2026-02-04 18:40:23 KST | INFO | NETWORK SETUP
2026-02-04 18:40:23 KST | INFO | --------------------------------------------------------------------------------
2026-02-04 18:40:23 KST | INFO | ✓ Orchestrator listening on 127.0.0.1:8080
2026-02-04 18:40:23 KST | INFO | Waiting for 6 node(s)...
2026-02-04 18:40:26 KST | INFO |   ✓ Node 1/6 connected
2026-02-04 18:40:27 KST | INFO |   ✓ Node 2/6 connected
2026-02-04 18:40:28 KST | INFO |   ✓ Node 3/6 connected
2026-02-04 18:40:29 KST | INFO |   ✓ Node 4/6 connected
2026-02-04 18:40:30 KST | INFO |   ✓ Node 5/6 connected
2026-02-04 18:40:31 KST | INFO |   ✓ Node 6/6 connected
2026-02-04 18:40:31 KST | INFO | ✓ All 6 node(s) connected
2026-02-04 18:40:31 KST | INFO | 
2026-02-04 18:40:31 KST | INFO | --------------------------------------------------------------------------------
2026-02-04 18:40:31 KST | INFO | MODEL INITIALIZATION
2026-02-04 18:40:31 KST | INFO | --------------------------------------------------------------------------------
2026-02-04 18:40:31 KST | INFO | Node-side parameters: 38,720
2026-02-04 18:40:31 KST | INFO | 
2026-02-04 18:40:31 KST | INFO | --------------------------------------------------------------------------------
2026-02-04 18:40:31 KST | INFO | BROADCASTING CONFIGURATION
2026-02-04 18:40:31 KST | INFO | --------------------------------------------------------------------------------
2026-02-04 18:40:31 KST | INFO | ✓ Configuration broadcast to all nodes
2026-02-04 18:40:32 KST | INFO | 
2026-02-04 18:40:32 KST | INFO | Total parameters:     3,246,150
2026-02-04 18:40:32 KST | INFO | Trainable parameters: 3,246,150
2026-02-04 18:40:32 KST | INFO | 
2026-02-04 18:40:32 KST | INFO | --------------------------------------------------------------------------------
2026-02-04 18:40:32 KST | INFO | DATA LOADING
2026-02-04 18:40:32 KST | INFO | --------------------------------------------------------------------------------
2026-02-04 18:40:57 KST | INFO | ✓ Dataset information collected:
2026-02-04 18:40:57 KST | INFO |     Node 1: 5,000 samples
2026-02-04 18:40:57 KST | INFO |     Node 2: 5,000 samples
2026-02-04 18:40:57 KST | INFO |     Node 3: 5,000 samples
2026-02-04 18:40:57 KST | INFO |     Node 4: 5,000 samples
2026-02-04 18:40:57 KST | INFO |     Node 5: 5,000 samples
2026-02-04 18:40:57 KST | INFO |     Node 6: 5,000 samples
2026-02-04 18:40:57 KST | INFO |   Total training samples: 30,000
2026-02-04 18:40:57 KST | INFO | 
2026-02-04 18:41:00 KST | INFO | ✓ Test dataset loaded: 6,000 samples
2026-02-04 18:41:00 KST | INFO | 
2026-02-04 18:41:00 KST | INFO | ✓ Batch scheduler: 235 batches/epoch
2026-02-04 18:41:00 KST | INFO | 
2026-02-04 18:41:00 KST | INFO | --------------------------------------------------------------------------------
2026-02-04 18:41:00 KST | INFO | OPTIMIZATION SETUP
2026-02-04 18:41:00 KST | INFO | --------------------------------------------------------------------------------
2026-02-04 18:41:00 KST | INFO | ✓ Optimizer: SGD (lr=0.1, momentum=0.9)
2026-02-04 18:41:00 KST | INFO | ✓ Scheduler: cosine
2026-02-04 18:41:00 KST | INFO | ✓ Gradient clipping: 1.0
2026-02-04 18:41:00 KST | INFO | 
2026-02-04 18:41:00 KST | INFO | ================================================================================
2026-02-04 18:41:00 KST | INFO | Setup complete - Ready for training
2026-02-04 18:41:00 KST | INFO | ================================================================================
2026-02-04 18:41:00 KST | INFO | 
2026-02-04 18:41:00 KST | INFO | --------------------------------------------------------------------------------
2026-02-04 18:41:00 KST | INFO | TRAINING
2026-02-04 18:41:00 KST | INFO | --------------------------------------------------------------------------------
2026-02-04 18:41:00 KST | INFO | 
2026-02-04 18:41:00 KST | INFO | Epoch 1/200 | LR: 0.100000
2026-02-04 18:41:14 KST | INFO |   Train Loss: 1.3609 | Test Loss: 0.0045 | Test Acc: 55.25%
2026-02-04 18:41:14 KST | INFO |   🏆 New best accuracy: 55.25%
2026-02-04 18:41:14 KST | INFO | 
2026-02-04 18:41:14 KST | INFO | Epoch 2/200 | LR: 0.099994
2026-02-04 18:41:27 KST | INFO |   Train Loss: 1.0620 | Test Loss: 0.0035 | Test Acc: 66.93%
2026-02-04 18:41:27 KST | INFO |   🏆 New best accuracy: 66.93%
2026-02-04 18:41:27 KST | INFO | 
2026-02-04 18:41:27 KST | INFO | Epoch 3/200 | LR: 0.099975
2026-02-04 18:41:40 KST | INFO |   Train Loss: 0.8769 | Test Loss: 0.0033 | Test Acc: 67.23%
2026-02-04 18:41:40 KST | INFO |   🏆 New best accuracy: 67.23%
2026-02-04 18:41:40 KST | INFO | 
2026-02-04 18:41:40 KST | INFO | Epoch 4/200 | LR: 0.099944
2026-02-04 18:41:53 KST | INFO |   Train Loss: 0.7541 | Test Loss: 0.0025 | Test Acc: 75.15%
2026-02-04 18:41:53 KST | INFO |   🏆 New best accuracy: 75.15%
2026-02-04 18:41:53 KST | INFO | 
2026-02-04 18:41:53 KST | INFO | Epoch 5/200 | LR: 0.099901
2026-02-04 18:42:06 KST | INFO |   Train Loss: 0.6731 | Test Loss: 0.0029 | Test Acc: 73.22%
2026-02-04 18:42:06 KST | INFO |   No improvement (1/30)
2026-02-04 18:42:06 KST | INFO | 
2026-02-04 18:42:06 KST | INFO | Epoch 6/200 | LR: 0.099846
2026-02-04 18:42:19 KST | INFO |   Train Loss: 0.6088 | Test Loss: 0.0024 | Test Acc: 78.28%
2026-02-04 18:42:19 KST | INFO |   🏆 New best accuracy: 78.28%
2026-02-04 18:42:19 KST | INFO | 
2026-02-04 18:42:19 KST | INFO | Epoch 7/200 | LR: 0.099778
2026-02-04 18:42:32 KST | INFO |   Train Loss: 0.5712 | Test Loss: 0.0021 | Test Acc: 79.82%
2026-02-04 18:42:32 KST | INFO |   🏆 New best accuracy: 79.82%
2026-02-04 18:42:32 KST | INFO | 
2026-02-04 18:42:32 KST | INFO | Epoch 8/200 | LR: 0.099698
2026-02-04 18:42:45 KST | INFO |   Train Loss: 0.5356 | Test Loss: 0.0021 | Test Acc: 80.83%
2026-02-04 18:42:45 KST | INFO |   🏆 New best accuracy: 80.83%
2026-02-04 18:42:45 KST | INFO | 
2026-02-04 18:42:45 KST | INFO | Epoch 9/200 | LR: 0.099606
2026-02-04 18:42:58 KST | INFO |   Train Loss: 0.4998 | Test Loss: 0.0020 | Test Acc: 82.87%
2026-02-04 18:42:58 KST | INFO |   🏆 New best accuracy: 82.87%
2026-02-04 18:42:58 KST | INFO | 
2026-02-04 18:42:58 KST | INFO | Epoch 10/200 | LR: 0.099501
2026-02-04 18:43:11 KST | INFO |   Train Loss: 0.4824 | Test Loss: 0.0018 | Test Acc: 83.40%
2026-02-04 18:43:11 KST | INFO |   🏆 New best accuracy: 83.40%
2026-02-04 18:43:11 KST | INFO | 
2026-02-04 18:43:11 KST | INFO | Epoch 11/200 | LR: 0.099384
2026-02-04 18:43:24 KST | INFO |   Train Loss: 0.4572 | Test Loss: 0.0017 | Test Acc: 85.02%
2026-02-04 18:43:24 KST | INFO |   🏆 New best accuracy: 85.02%
2026-02-04 18:43:24 KST | INFO | 
2026-02-04 18:43:24 KST | INFO | Epoch 12/200 | LR: 0.099255
2026-02-04 18:43:37 KST | INFO |   Train Loss: 0.4399 | Test Loss: 0.0019 | Test Acc: 82.70%
2026-02-04 18:43:37 KST | INFO |   No improvement (1/30)
2026-02-04 18:43:37 KST | INFO | 
2026-02-04 18:43:37 KST | INFO | Epoch 13/200 | LR: 0.099114
2026-02-04 18:43:50 KST | INFO |   Train Loss: 0.4276 | Test Loss: 0.0018 | Test Acc: 83.52%
2026-02-04 18:43:50 KST | INFO |   No improvement (2/30)
2026-02-04 18:43:50 KST | INFO | 
2026-02-04 18:43:50 KST | INFO | Epoch 14/200 | LR: 0.098961
2026-02-04 18:44:03 KST | INFO |   Train Loss: 0.4079 | Test Loss: 0.0017 | Test Acc: 84.45%
2026-02-04 18:44:03 KST | INFO |   No improvement (3/30)
2026-02-04 18:44:03 KST | INFO | 
2026-02-04 18:44:03 KST | INFO | Epoch 15/200 | LR: 0.098796
2026-02-04 18:44:16 KST | INFO |   Train Loss: 0.3926 | Test Loss: 0.0017 | Test Acc: 85.30%
2026-02-04 18:44:16 KST | INFO |   🏆 New best accuracy: 85.30%
2026-02-04 18:44:16 KST | INFO | 
2026-02-04 18:44:16 KST | INFO | Epoch 16/200 | LR: 0.098619
2026-02-04 18:44:29 KST | INFO |   Train Loss: 0.3881 | Test Loss: 0.0017 | Test Acc: 84.50%
2026-02-04 18:44:29 KST | INFO |   No improvement (1/30)
2026-02-04 18:44:29 KST | INFO | 
2026-02-04 18:44:29 KST | INFO | Epoch 17/200 | LR: 0.098429
2026-02-04 18:44:42 KST | INFO |   Train Loss: 0.3728 | Test Loss: 0.0016 | Test Acc: 85.53%
2026-02-04 18:44:42 KST | INFO |   🏆 New best accuracy: 85.53%
2026-02-04 18:44:42 KST | INFO | 
2026-02-04 18:44:42 KST | INFO | Epoch 18/200 | LR: 0.098228
2026-02-04 18:44:55 KST | INFO |   Train Loss: 0.3641 | Test Loss: 0.0016 | Test Acc: 85.33%
2026-02-04 18:44:55 KST | INFO |   No improvement (1/30)
2026-02-04 18:44:55 KST | INFO | 
2026-02-04 18:44:55 KST | INFO | Epoch 19/200 | LR: 0.098015
2026-02-04 18:45:08 KST | INFO |   Train Loss: 0.3509 | Test Loss: 0.0021 | Test Acc: 81.38%
2026-02-04 18:45:08 KST | INFO |   No improvement (2/30)
2026-02-04 18:45:08 KST | INFO | 
2026-02-04 18:45:08 KST | INFO | Epoch 20/200 | LR: 0.097790
2026-02-04 18:45:20 KST | INFO |   Train Loss: 0.3500 | Test Loss: 0.0016 | Test Acc: 86.43%
2026-02-04 18:45:20 KST | INFO |   🏆 New best accuracy: 86.43%
2026-02-04 18:45:20 KST | INFO | 
2026-02-04 18:45:20 KST | INFO | Epoch 21/200 | LR: 0.097553
2026-02-04 18:45:33 KST | INFO |   Train Loss: 0.3412 | Test Loss: 0.0016 | Test Acc: 85.83%
2026-02-04 18:45:33 KST | INFO |   No improvement (1/30)
2026-02-04 18:45:33 KST | INFO | 
2026-02-04 18:45:33 KST | INFO | Epoch 22/200 | LR: 0.097304
2026-02-04 18:45:46 KST | INFO |   Train Loss: 0.3365 | Test Loss: 0.0020 | Test Acc: 82.48%
2026-02-04 18:45:46 KST | INFO |   No improvement (2/30)
2026-02-04 18:45:46 KST | INFO | 
2026-02-04 18:45:46 KST | INFO | Epoch 23/200 | LR: 0.097044
2026-02-04 18:45:59 KST | INFO |   Train Loss: 0.3276 | Test Loss: 0.0015 | Test Acc: 87.35%
2026-02-04 18:45:59 KST | INFO |   🏆 New best accuracy: 87.35%
2026-02-04 18:45:59 KST | INFO | 
2026-02-04 18:45:59 KST | INFO | Epoch 24/200 | LR: 0.096772
2026-02-04 18:46:12 KST | INFO |   Train Loss: 0.3234 | Test Loss: 0.0016 | Test Acc: 85.73%
2026-02-04 18:46:12 KST | INFO |   No improvement (1/30)
2026-02-04 18:46:12 KST | INFO | 
2026-02-04 18:46:12 KST | INFO | Epoch 25/200 | LR: 0.096489
2026-02-04 18:46:26 KST | INFO |   Train Loss: 0.3194 | Test Loss: 0.0015 | Test Acc: 86.87%
2026-02-04 18:46:26 KST | INFO |   No improvement (2/30)
2026-02-04 18:46:26 KST | INFO | 
2026-02-04 18:46:26 KST | INFO | Epoch 26/200 | LR: 0.096194
2026-02-04 18:46:39 KST | INFO |   Train Loss: 0.3149 | Test Loss: 0.0016 | Test Acc: 86.90%
2026-02-04 18:46:39 KST | INFO |   No improvement (3/30)
2026-02-04 18:46:39 KST | INFO | 
2026-02-04 18:46:39 KST | INFO | Epoch 27/200 | LR: 0.095888
2026-02-04 18:46:51 KST | INFO |   Train Loss: 0.3078 | Test Loss: 0.0016 | Test Acc: 85.93%
2026-02-04 18:46:51 KST | INFO |   No improvement (4/30)
2026-02-04 18:46:51 KST | INFO | 
2026-02-04 18:46:51 KST | INFO | Epoch 28/200 | LR: 0.095570
2026-02-04 18:47:04 KST | INFO |   Train Loss: 0.3038 | Test Loss: 0.0017 | Test Acc: 86.55%
2026-02-04 18:47:04 KST | INFO |   No improvement (5/30)
2026-02-04 18:47:04 KST | INFO | 
2026-02-04 18:47:04 KST | INFO | Epoch 29/200 | LR: 0.095241
2026-02-04 18:47:18 KST | INFO |   Train Loss: 0.3036 | Test Loss: 0.0014 | Test Acc: 87.98%
2026-02-04 18:47:18 KST | INFO |   🏆 New best accuracy: 87.98%
2026-02-04 18:47:18 KST | INFO | 
2026-02-04 18:47:18 KST | INFO | Epoch 30/200 | LR: 0.094901
2026-02-04 18:47:31 KST | INFO |   Train Loss: 0.2966 | Test Loss: 0.0015 | Test Acc: 87.07%
2026-02-04 18:47:31 KST | INFO |   No improvement (1/30)
2026-02-04 18:47:31 KST | INFO | 
2026-02-04 18:47:31 KST | INFO | Epoch 31/200 | LR: 0.094550
2026-02-04 18:47:44 KST | INFO |   Train Loss: 0.2950 | Test Loss: 0.0014 | Test Acc: 87.70%
2026-02-04 18:47:44 KST | INFO |   No improvement (2/30)
2026-02-04 18:47:44 KST | INFO | 
2026-02-04 18:47:44 KST | INFO | Epoch 32/200 | LR: 0.094188
2026-02-04 18:47:57 KST | INFO |   Train Loss: 0.2869 | Test Loss: 0.0016 | Test Acc: 85.47%
2026-02-04 18:47:57 KST | INFO |   No improvement (3/30)
2026-02-04 18:47:57 KST | INFO | 
2026-02-04 18:47:57 KST | INFO | Epoch 33/200 | LR: 0.093815
2026-02-04 18:48:10 KST | INFO |   Train Loss: 0.2789 | Test Loss: 0.0015 | Test Acc: 86.98%
2026-02-04 18:48:10 KST | INFO |   No improvement (4/30)
2026-02-04 18:48:10 KST | INFO | 
2026-02-04 18:48:10 KST | INFO | Epoch 34/200 | LR: 0.093432
2026-02-04 18:48:23 KST | INFO |   Train Loss: 0.2786 | Test Loss: 0.0014 | Test Acc: 87.53%
2026-02-04 18:48:23 KST | INFO |   No improvement (5/30)
2026-02-04 18:48:23 KST | INFO | 
2026-02-04 18:48:23 KST | INFO | Epoch 35/200 | LR: 0.093037
2026-02-04 18:48:35 KST | INFO |   Train Loss: 0.2790 | Test Loss: 0.0017 | Test Acc: 85.32%
2026-02-04 18:48:35 KST | INFO |   No improvement (6/30)
2026-02-04 18:48:35 KST | INFO | 
2026-02-04 18:48:35 KST | INFO | Epoch 36/200 | LR: 0.092632
2026-02-04 18:48:48 KST | INFO |   Train Loss: 0.2740 | Test Loss: 0.0013 | Test Acc: 88.37%
2026-02-04 18:48:48 KST | INFO |   🏆 New best accuracy: 88.37%
2026-02-04 18:48:48 KST | INFO | 
2026-02-04 18:48:48 KST | INFO | Epoch 37/200 | LR: 0.092216
2026-02-04 18:49:02 KST | INFO |   Train Loss: 0.2708 | Test Loss: 0.0015 | Test Acc: 86.87%
2026-02-04 18:49:02 KST | INFO |   No improvement (1/30)
2026-02-04 18:49:02 KST | INFO | 
2026-02-04 18:49:02 KST | INFO | Epoch 38/200 | LR: 0.091790
2026-02-04 18:49:15 KST | INFO |   Train Loss: 0.2711 | Test Loss: 0.0018 | Test Acc: 84.35%
2026-02-04 18:49:15 KST | INFO |   No improvement (2/30)
2026-02-04 18:49:15 KST | INFO | 
2026-02-04 18:49:15 KST | INFO | Epoch 39/200 | LR: 0.091354
2026-02-04 18:49:28 KST | INFO |   Train Loss: 0.2716 | Test Loss: 0.0017 | Test Acc: 85.83%
2026-02-04 18:49:28 KST | INFO |   No improvement (3/30)
2026-02-04 18:49:28 KST | INFO | 
2026-02-04 18:49:28 KST | INFO | Epoch 40/200 | LR: 0.090908
2026-02-04 18:49:41 KST | INFO |   Train Loss: 0.2622 | Test Loss: 0.0015 | Test Acc: 86.85%
2026-02-04 18:49:41 KST | INFO |   No improvement (4/30)
2026-02-04 18:49:41 KST | INFO | 
2026-02-04 18:49:41 KST | INFO | Epoch 41/200 | LR: 0.090451
2026-02-04 18:49:53 KST | INFO |   Train Loss: 0.2562 | Test Loss: 0.0017 | Test Acc: 86.58%
2026-02-04 18:49:53 KST | INFO |   No improvement (5/30)
2026-02-04 18:49:53 KST | INFO | 
2026-02-04 18:49:53 KST | INFO | Epoch 42/200 | LR: 0.089984
2026-02-04 18:50:07 KST | INFO |   Train Loss: 0.2617 | Test Loss: 0.0015 | Test Acc: 87.45%
2026-02-04 18:50:07 KST | INFO |   No improvement (6/30)
2026-02-04 18:50:07 KST | INFO | 
2026-02-04 18:50:07 KST | INFO | Epoch 43/200 | LR: 0.089508
2026-02-04 18:50:20 KST | INFO |   Train Loss: 0.2573 | Test Loss: 0.0017 | Test Acc: 86.85%
2026-02-04 18:50:20 KST | INFO |   No improvement (7/30)
2026-02-04 18:50:20 KST | INFO | 
2026-02-04 18:50:20 KST | INFO | Epoch 44/200 | LR: 0.089022
2026-02-04 18:50:33 KST | INFO |   Train Loss: 0.2485 | Test Loss: 0.0014 | Test Acc: 87.68%
2026-02-04 18:50:33 KST | INFO |   No improvement (8/30)
2026-02-04 18:50:33 KST | INFO | 
2026-02-04 18:50:33 KST | INFO | Epoch 45/200 | LR: 0.088526
2026-02-04 18:50:46 KST | INFO |   Train Loss: 0.2511 | Test Loss: 0.0016 | Test Acc: 86.78%
2026-02-04 18:50:46 KST | INFO |   No improvement (9/30)
2026-02-04 18:50:46 KST | INFO | 
2026-02-04 18:50:46 KST | INFO | Epoch 46/200 | LR: 0.088020
2026-02-04 18:50:59 KST | INFO |   Train Loss: 0.2433 | Test Loss: 0.0012 | Test Acc: 89.33%
2026-02-04 18:50:59 KST | INFO |   🏆 New best accuracy: 89.33%
2026-02-04 18:50:59 KST | INFO | 
2026-02-04 18:50:59 KST | INFO | Epoch 47/200 | LR: 0.087506
2026-02-04 18:51:12 KST | INFO |   Train Loss: 0.2445 | Test Loss: 0.0014 | Test Acc: 88.75%
2026-02-04 18:51:12 KST | INFO |   No improvement (1/30)
2026-02-04 18:51:12 KST | INFO | 
2026-02-04 18:51:12 KST | INFO | Epoch 48/200 | LR: 0.086982
2026-02-04 18:51:25 KST | INFO |   Train Loss: 0.2383 | Test Loss: 0.0013 | Test Acc: 88.57%
2026-02-04 18:51:25 KST | INFO |   No improvement (2/30)
2026-02-04 18:51:25 KST | INFO | 
2026-02-04 18:51:25 KST | INFO | Epoch 49/200 | LR: 0.086449
2026-02-04 18:51:38 KST | INFO |   Train Loss: 0.2391 | Test Loss: 0.0015 | Test Acc: 88.00%
2026-02-04 18:51:38 KST | INFO |   No improvement (3/30)
2026-02-04 18:51:38 KST | INFO | 
2026-02-04 18:51:38 KST | INFO | Epoch 50/200 | LR: 0.085906
2026-02-04 18:51:51 KST | INFO |   Train Loss: 0.2411 | Test Loss: 0.0015 | Test Acc: 87.63%
2026-02-04 18:51:51 KST | INFO |   No improvement (4/30)
2026-02-04 18:51:51 KST | INFO | 
2026-02-04 18:51:51 KST | INFO | Epoch 51/200 | LR: 0.085355
2026-02-04 18:52:04 KST | INFO |   Train Loss: 0.2303 | Test Loss: 0.0016 | Test Acc: 86.57%
2026-02-04 18:52:04 KST | INFO |   No improvement (5/30)
2026-02-04 18:52:04 KST | INFO | 
2026-02-04 18:52:04 KST | INFO | Epoch 52/200 | LR: 0.084796
2026-02-04 18:52:17 KST | INFO |   Train Loss: 0.2326 | Test Loss: 0.0015 | Test Acc: 86.90%
2026-02-04 18:52:17 KST | INFO |   No improvement (6/30)
2026-02-04 18:52:17 KST | INFO | 
2026-02-04 18:52:17 KST | INFO | Epoch 53/200 | LR: 0.084228
2026-02-04 18:52:30 KST | INFO |   Train Loss: 0.2315 | Test Loss: 0.0012 | Test Acc: 89.57%
2026-02-04 18:52:30 KST | INFO |   🏆 New best accuracy: 89.57%
2026-02-04 18:52:30 KST | INFO | 
2026-02-04 18:52:30 KST | INFO | Epoch 54/200 | LR: 0.083651
2026-02-04 18:52:43 KST | INFO |   Train Loss: 0.2280 | Test Loss: 0.0014 | Test Acc: 89.08%
2026-02-04 18:52:43 KST | INFO |   No improvement (1/30)
2026-02-04 18:52:43 KST | INFO | 
2026-02-04 18:52:43 KST | INFO | Epoch 55/200 | LR: 0.083066
2026-02-04 18:52:56 KST | INFO |   Train Loss: 0.2182 | Test Loss: 0.0014 | Test Acc: 88.78%
2026-02-04 18:52:56 KST | INFO |   No improvement (2/30)
2026-02-04 18:52:56 KST | INFO | 
2026-02-04 18:52:56 KST | INFO | Epoch 56/200 | LR: 0.082473
2026-02-04 18:53:09 KST | INFO |   Train Loss: 0.2245 | Test Loss: 0.0016 | Test Acc: 86.95%
2026-02-04 18:53:09 KST | INFO |   No improvement (3/30)
2026-02-04 18:53:09 KST | INFO | 
2026-02-04 18:53:09 KST | INFO | Epoch 57/200 | LR: 0.081871
2026-02-04 18:53:22 KST | INFO |   Train Loss: 0.2166 | Test Loss: 0.0015 | Test Acc: 87.73%
2026-02-04 18:53:22 KST | INFO |   No improvement (4/30)
2026-02-04 18:53:22 KST | INFO | 
2026-02-04 18:53:22 KST | INFO | Epoch 58/200 | LR: 0.081262
2026-02-04 18:53:35 KST | INFO |   Train Loss: 0.2192 | Test Loss: 0.0012 | Test Acc: 89.33%
2026-02-04 18:53:35 KST | INFO |   No improvement (5/30)
2026-02-04 18:53:35 KST | INFO | 
2026-02-04 18:53:35 KST | INFO | Epoch 59/200 | LR: 0.080646
2026-02-04 18:53:48 KST | INFO |   Train Loss: 0.2171 | Test Loss: 0.0014 | Test Acc: 88.02%
2026-02-04 18:53:48 KST | INFO |   No improvement (6/30)
2026-02-04 18:53:48 KST | INFO | 
2026-02-04 18:53:48 KST | INFO | Epoch 60/200 | LR: 0.080021
2026-02-04 18:54:01 KST | INFO |   Train Loss: 0.2152 | Test Loss: 0.0013 | Test Acc: 89.22%
2026-02-04 18:54:01 KST | INFO |   No improvement (7/30)
2026-02-04 18:54:01 KST | INFO | 
2026-02-04 18:54:01 KST | INFO | Epoch 61/200 | LR: 0.079389
2026-02-04 18:54:14 KST | INFO |   Train Loss: 0.2151 | Test Loss: 0.0013 | Test Acc: 89.25%
2026-02-04 18:54:14 KST | INFO |   No improvement (8/30)
2026-02-04 18:54:14 KST | INFO | 
2026-02-04 18:54:14 KST | INFO | Epoch 62/200 | LR: 0.078750
2026-02-04 18:54:27 KST | INFO |   Train Loss: 0.2076 | Test Loss: 0.0012 | Test Acc: 89.77%
2026-02-04 18:54:27 KST | INFO |   🏆 New best accuracy: 89.77%
2026-02-04 18:54:27 KST | INFO | 
2026-02-04 18:54:27 KST | INFO | Epoch 63/200 | LR: 0.078104
2026-02-04 18:54:40 KST | INFO |   Train Loss: 0.2077 | Test Loss: 0.0013 | Test Acc: 89.67%
2026-02-04 18:54:40 KST | INFO |   No improvement (1/30)
2026-02-04 18:54:40 KST | INFO | 
2026-02-04 18:54:40 KST | INFO | Epoch 64/200 | LR: 0.077451
2026-02-04 18:54:53 KST | INFO |   Train Loss: 0.2037 | Test Loss: 0.0015 | Test Acc: 88.33%
2026-02-04 18:54:53 KST | INFO |   No improvement (2/30)
2026-02-04 18:54:53 KST | INFO | 
2026-02-04 18:54:53 KST | INFO | Epoch 65/200 | LR: 0.076792
2026-02-04 18:55:06 KST | INFO |   Train Loss: 0.2057 | Test Loss: 0.0014 | Test Acc: 87.82%
2026-02-04 18:55:06 KST | INFO |   No improvement (3/30)
2026-02-04 18:55:06 KST | INFO | 
2026-02-04 18:55:06 KST | INFO | Epoch 66/200 | LR: 0.076125
2026-02-04 18:55:19 KST | INFO |   Train Loss: 0.1987 | Test Loss: 0.0013 | Test Acc: 89.27%
2026-02-04 18:55:19 KST | INFO |   No improvement (4/30)
2026-02-04 18:55:19 KST | INFO | 
2026-02-04 18:55:19 KST | INFO | Epoch 67/200 | LR: 0.075452
2026-02-04 18:55:32 KST | INFO |   Train Loss: 0.1979 | Test Loss: 0.0013 | Test Acc: 89.35%
2026-02-04 18:55:32 KST | INFO |   No improvement (5/30)
2026-02-04 18:55:32 KST | INFO | 
2026-02-04 18:55:32 KST | INFO | Epoch 68/200 | LR: 0.074773
2026-02-04 18:55:45 KST | INFO |   Train Loss: 0.1972 | Test Loss: 0.0014 | Test Acc: 89.03%
2026-02-04 18:55:45 KST | INFO |   No improvement (6/30)
2026-02-04 18:55:45 KST | INFO | 
2026-02-04 18:55:45 KST | INFO | Epoch 69/200 | LR: 0.074088
2026-02-04 18:55:57 KST | INFO |   Train Loss: 0.1905 | Test Loss: 0.0014 | Test Acc: 88.92%
2026-02-04 18:55:57 KST | INFO |   No improvement (7/30)
2026-02-04 18:55:57 KST | INFO | 
2026-02-04 18:55:57 KST | INFO | Epoch 70/200 | LR: 0.073397
2026-02-04 18:56:10 KST | INFO |   Train Loss: 0.1910 | Test Loss: 0.0014 | Test Acc: 88.78%
2026-02-04 18:56:10 KST | INFO |   No improvement (8/30)
2026-02-04 18:56:10 KST | INFO | 
2026-02-04 18:56:10 KST | INFO | Epoch 71/200 | LR: 0.072700
2026-02-04 18:56:23 KST | INFO |   Train Loss: 0.1856 | Test Loss: 0.0015 | Test Acc: 88.15%
2026-02-04 18:56:23 KST | INFO |   No improvement (9/30)
2026-02-04 18:56:23 KST | INFO | 
2026-02-04 18:56:23 KST | INFO | Epoch 72/200 | LR: 0.071997
2026-02-04 18:56:37 KST | INFO |   Train Loss: 0.1885 | Test Loss: 0.0013 | Test Acc: 88.85%
2026-02-04 18:56:37 KST | INFO |   No improvement (10/30)
2026-02-04 18:56:37 KST | INFO | 
2026-02-04 18:56:37 KST | INFO | Epoch 73/200 | LR: 0.071289
2026-02-04 18:56:50 KST | INFO |   Train Loss: 0.1828 | Test Loss: 0.0013 | Test Acc: 90.17%
2026-02-04 18:56:50 KST | INFO |   🏆 New best accuracy: 90.17%
2026-02-04 18:56:50 KST | INFO | 
2026-02-04 18:56:50 KST | INFO | Epoch 74/200 | LR: 0.070576
2026-02-04 18:57:03 KST | INFO |   Train Loss: 0.1805 | Test Loss: 0.0014 | Test Acc: 88.73%
2026-02-04 18:57:03 KST | INFO |   No improvement (1/30)
2026-02-04 18:57:03 KST | INFO | 
2026-02-04 18:57:03 KST | INFO | Epoch 75/200 | LR: 0.069858
2026-02-04 18:57:16 KST | INFO |   Train Loss: 0.1837 | Test Loss: 0.0016 | Test Acc: 87.13%
2026-02-04 18:57:16 KST | INFO |   No improvement (2/30)
2026-02-04 18:57:16 KST | INFO | 
2026-02-04 18:57:16 KST | INFO | Epoch 76/200 | LR: 0.069134
2026-02-04 18:57:29 KST | INFO |   Train Loss: 0.1730 | Test Loss: 0.0013 | Test Acc: 89.70%
2026-02-04 18:57:29 KST | INFO |   No improvement (3/30)
2026-02-04 18:57:29 KST | INFO | 
2026-02-04 18:57:29 KST | INFO | Epoch 77/200 | LR: 0.068407
2026-02-04 18:57:42 KST | INFO |   Train Loss: 0.1774 | Test Loss: 0.0014 | Test Acc: 88.62%
2026-02-04 18:57:42 KST | INFO |   No improvement (4/30)
2026-02-04 18:57:42 KST | INFO | 
2026-02-04 18:57:42 KST | INFO | Epoch 78/200 | LR: 0.067674
2026-02-04 18:57:55 KST | INFO |   Train Loss: 0.1779 | Test Loss: 0.0013 | Test Acc: 89.53%
2026-02-04 18:57:55 KST | INFO |   No improvement (5/30)
2026-02-04 18:57:55 KST | INFO | 
2026-02-04 18:57:55 KST | INFO | Epoch 79/200 | LR: 0.066937
2026-02-04 18:58:08 KST | INFO |   Train Loss: 0.1709 | Test Loss: 0.0013 | Test Acc: 89.62%
2026-02-04 18:58:08 KST | INFO |   No improvement (6/30)
2026-02-04 18:58:08 KST | INFO | 
2026-02-04 18:58:08 KST | INFO | Epoch 80/200 | LR: 0.066196
2026-02-04 18:58:21 KST | INFO |   Train Loss: 0.1717 | Test Loss: 0.0013 | Test Acc: 89.38%
2026-02-04 18:58:21 KST | INFO |   No improvement (7/30)
2026-02-04 18:58:21 KST | INFO | 
2026-02-04 18:58:21 KST | INFO | Epoch 81/200 | LR: 0.065451
2026-02-04 18:58:34 KST | INFO |   Train Loss: 0.1708 | Test Loss: 0.0015 | Test Acc: 88.93%
2026-02-04 18:58:34 KST | INFO |   No improvement (8/30)
2026-02-04 18:58:34 KST | INFO | 
2026-02-04 18:58:34 KST | INFO | Epoch 82/200 | LR: 0.064702
2026-02-04 18:58:47 KST | INFO |   Train Loss: 0.1636 | Test Loss: 0.0014 | Test Acc: 89.17%
2026-02-04 18:58:47 KST | INFO |   No improvement (9/30)
2026-02-04 18:58:47 KST | INFO | 
2026-02-04 18:58:47 KST | INFO | Epoch 83/200 | LR: 0.063950
2026-02-04 18:59:00 KST | INFO |   Train Loss: 0.1631 | Test Loss: 0.0014 | Test Acc: 89.68%
2026-02-04 18:59:00 KST | INFO |   No improvement (10/30)
2026-02-04 18:59:00 KST | INFO | 
2026-02-04 18:59:00 KST | INFO | Epoch 84/200 | LR: 0.063194
2026-02-04 18:59:13 KST | INFO |   Train Loss: 0.1603 | Test Loss: 0.0014 | Test Acc: 89.23%
2026-02-04 18:59:13 KST | INFO |   No improvement (11/30)
2026-02-04 18:59:13 KST | INFO | 
2026-02-04 18:59:13 KST | INFO | Epoch 85/200 | LR: 0.062435
2026-02-04 18:59:26 KST | INFO |   Train Loss: 0.1575 | Test Loss: 0.0013 | Test Acc: 89.48%
2026-02-04 18:59:26 KST | INFO |   No improvement (12/30)
2026-02-04 18:59:26 KST | INFO | 
2026-02-04 18:59:26 KST | INFO | Epoch 86/200 | LR: 0.061673
2026-02-04 18:59:39 KST | INFO |   Train Loss: 0.1589 | Test Loss: 0.0015 | Test Acc: 87.88%
2026-02-04 18:59:39 KST | INFO |   No improvement (13/30)
2026-02-04 18:59:39 KST | INFO | 
2026-02-04 18:59:39 KST | INFO | Epoch 87/200 | LR: 0.060908
2026-02-04 18:59:51 KST | INFO |   Train Loss: 0.1501 | Test Loss: 0.0014 | Test Acc: 89.12%
2026-02-04 18:59:51 KST | INFO |   No improvement (14/30)
2026-02-04 18:59:51 KST | INFO | 
2026-02-04 18:59:51 KST | INFO | Epoch 88/200 | LR: 0.060140
2026-02-04 19:00:04 KST | INFO |   Train Loss: 0.1517 | Test Loss: 0.0015 | Test Acc: 88.35%
2026-02-04 19:00:04 KST | INFO |   No improvement (15/30)
2026-02-04 19:00:04 KST | INFO | 
2026-02-04 19:00:04 KST | INFO | Epoch 89/200 | LR: 0.059369
2026-02-04 19:00:17 KST | INFO |   Train Loss: 0.1494 | Test Loss: 0.0013 | Test Acc: 89.63%
2026-02-04 19:00:17 KST | INFO |   No improvement (16/30)
2026-02-04 19:00:17 KST | INFO | 
2026-02-04 19:00:17 KST | INFO | Epoch 90/200 | LR: 0.058597
2026-02-04 19:00:30 KST | INFO |   Train Loss: 0.1486 | Test Loss: 0.0013 | Test Acc: 89.60%
2026-02-04 19:00:30 KST | INFO |   No improvement (17/30)
2026-02-04 19:00:30 KST | INFO | 
2026-02-04 19:00:30 KST | INFO | Epoch 91/200 | LR: 0.057822
2026-02-04 19:00:43 KST | INFO |   Train Loss: 0.1471 | Test Loss: 0.0015 | Test Acc: 88.22%
2026-02-04 19:00:43 KST | INFO |   No improvement (18/30)
2026-02-04 19:00:43 KST | INFO | 
2026-02-04 19:00:43 KST | INFO | Epoch 92/200 | LR: 0.057045
2026-02-04 19:00:56 KST | INFO |   Train Loss: 0.1475 | Test Loss: 0.0015 | Test Acc: 89.15%
2026-02-04 19:00:56 KST | INFO |   No improvement (19/30)
2026-02-04 19:00:56 KST | INFO | 
2026-02-04 19:00:56 KST | INFO | Epoch 93/200 | LR: 0.056267
2026-02-04 19:01:09 KST | INFO |   Train Loss: 0.1386 | Test Loss: 0.0021 | Test Acc: 85.82%
2026-02-04 19:01:09 KST | INFO |   No improvement (20/30)
2026-02-04 19:01:09 KST | INFO | 
2026-02-04 19:01:09 KST | INFO | Epoch 94/200 | LR: 0.055487
2026-02-04 19:01:22 KST | INFO |   Train Loss: 0.1381 | Test Loss: 0.0013 | Test Acc: 90.30%
2026-02-04 19:01:22 KST | INFO |   🏆 New best accuracy: 90.30%
2026-02-04 19:01:22 KST | INFO | 
2026-02-04 19:01:22 KST | INFO | Epoch 95/200 | LR: 0.054706
2026-02-04 19:01:35 KST | INFO |   Train Loss: 0.1363 | Test Loss: 0.0013 | Test Acc: 90.03%
2026-02-04 19:01:35 KST | INFO |   No improvement (1/30)
2026-02-04 19:01:35 KST | INFO | 
2026-02-04 19:01:35 KST | INFO | Epoch 96/200 | LR: 0.053923
2026-02-04 19:01:48 KST | INFO |   Train Loss: 0.1359 | Test Loss: 0.0014 | Test Acc: 89.12%
2026-02-04 19:01:48 KST | INFO |   No improvement (2/30)
2026-02-04 19:01:48 KST | INFO | 
2026-02-04 19:01:48 KST | INFO | Epoch 97/200 | LR: 0.053140
2026-02-04 19:02:01 KST | INFO |   Train Loss: 0.1293 | Test Loss: 0.0013 | Test Acc: 90.05%
2026-02-04 19:02:01 KST | INFO |   No improvement (3/30)
2026-02-04 19:02:01 KST | INFO | 
2026-02-04 19:02:01 KST | INFO | Epoch 98/200 | LR: 0.052356
2026-02-04 19:02:14 KST | INFO |   Train Loss: 0.1322 | Test Loss: 0.0014 | Test Acc: 89.97%
2026-02-04 19:02:14 KST | INFO |   No improvement (4/30)
2026-02-04 19:02:14 KST | INFO | 
2026-02-04 19:02:14 KST | INFO | Epoch 99/200 | LR: 0.051571
2026-02-04 19:02:27 KST | INFO |   Train Loss: 0.1255 | Test Loss: 0.0013 | Test Acc: 90.32%
2026-02-04 19:02:27 KST | INFO |   🏆 New best accuracy: 90.32%
2026-02-04 19:02:27 KST | INFO | 
2026-02-04 19:02:27 KST | INFO | Epoch 100/200 | LR: 0.050786
2026-02-04 19:02:40 KST | INFO |   Train Loss: 0.1231 | Test Loss: 0.0013 | Test Acc: 90.28%
2026-02-04 19:02:40 KST | INFO |   No improvement (1/30)
2026-02-04 19:02:40 KST | INFO | 
2026-02-04 19:02:40 KST | INFO | Epoch 101/200 | LR: 0.050001
2026-02-04 19:02:53 KST | INFO |   Train Loss: 0.1217 | Test Loss: 0.0013 | Test Acc: 89.90%
2026-02-04 19:02:53 KST | INFO |   No improvement (2/30)
2026-02-04 19:02:53 KST | INFO | 
2026-02-04 19:02:53 KST | INFO | Epoch 102/200 | LR: 0.049215
2026-02-04 19:03:06 KST | INFO |   Train Loss: 0.1215 | Test Loss: 0.0013 | Test Acc: 90.25%
2026-02-04 19:03:06 KST | INFO |   No improvement (3/30)
2026-02-04 19:03:06 KST | INFO | 
2026-02-04 19:03:06 KST | INFO | Epoch 103/200 | LR: 0.048430
2026-02-04 19:03:19 KST | INFO |   Train Loss: 0.1153 | Test Loss: 0.0015 | Test Acc: 89.23%
2026-02-04 19:03:19 KST | INFO |   No improvement (4/30)
2026-02-04 19:03:19 KST | INFO | 
2026-02-04 19:03:19 KST | INFO | Epoch 104/200 | LR: 0.047645
2026-02-04 19:03:32 KST | INFO |   Train Loss: 0.1140 | Test Loss: 0.0012 | Test Acc: 90.63%
2026-02-04 19:03:32 KST | INFO |   🏆 New best accuracy: 90.63%
2026-02-04 19:03:32 KST | INFO | 
2026-02-04 19:03:32 KST | INFO | Epoch 105/200 | LR: 0.046861
2026-02-04 19:03:45 KST | INFO |   Train Loss: 0.1140 | Test Loss: 0.0015 | Test Acc: 88.95%
2026-02-04 19:03:45 KST | INFO |   No improvement (1/30)
2026-02-04 19:03:45 KST | INFO | 
2026-02-04 19:03:45 KST | INFO | Epoch 106/200 | LR: 0.046078
2026-02-04 19:03:58 KST | INFO |   Train Loss: 0.1106 | Test Loss: 0.0014 | Test Acc: 90.23%
2026-02-04 19:03:58 KST | INFO |   No improvement (2/30)
2026-02-04 19:03:58 KST | INFO | 
2026-02-04 19:03:58 KST | INFO | Epoch 107/200 | LR: 0.045295
2026-02-04 19:04:11 KST | INFO |   Train Loss: 0.1105 | Test Loss: 0.0017 | Test Acc: 89.00%
2026-02-04 19:04:11 KST | INFO |   No improvement (3/30)
2026-02-04 19:04:11 KST | INFO | 
2026-02-04 19:04:11 KST | INFO | Epoch 108/200 | LR: 0.044514
2026-02-04 19:04:24 KST | INFO |   Train Loss: 0.1096 | Test Loss: 0.0015 | Test Acc: 89.40%
2026-02-04 19:04:24 KST | INFO |   No improvement (4/30)
2026-02-04 19:04:24 KST | INFO | 
2026-02-04 19:04:24 KST | INFO | Epoch 109/200 | LR: 0.043734
2026-02-04 19:04:37 KST | INFO |   Train Loss: 0.1113 | Test Loss: 0.0014 | Test Acc: 90.37%
2026-02-04 19:04:37 KST | INFO |   No improvement (5/30)
2026-02-04 19:04:37 KST | INFO | 
2026-02-04 19:04:37 KST | INFO | Epoch 110/200 | LR: 0.042956
2026-02-04 19:04:50 KST | INFO |   Train Loss: 0.1010 | Test Loss: 0.0012 | Test Acc: 90.47%
2026-02-04 19:04:50 KST | INFO |   No improvement (6/30)
2026-02-04 19:04:50 KST | INFO | 
2026-02-04 19:04:50 KST | INFO | Epoch 111/200 | LR: 0.042179
2026-02-04 19:05:03 KST | INFO |   Train Loss: 0.1031 | Test Loss: 0.0013 | Test Acc: 90.60%
2026-02-04 19:05:03 KST | INFO |   No improvement (7/30)
2026-02-04 19:05:03 KST | INFO | 
2026-02-04 19:05:03 KST | INFO | Epoch 112/200 | LR: 0.041404
2026-02-04 19:05:16 KST | INFO |   Train Loss: 0.0970 | Test Loss: 0.0013 | Test Acc: 90.63%
2026-02-04 19:05:16 KST | INFO |   No improvement (8/30)
2026-02-04 19:05:16 KST | INFO | 
2026-02-04 19:05:16 KST | INFO | Epoch 113/200 | LR: 0.040632
2026-02-04 19:05:29 KST | INFO |   Train Loss: 0.0972 | Test Loss: 0.0014 | Test Acc: 90.15%
2026-02-04 19:05:29 KST | INFO |   No improvement (9/30)
2026-02-04 19:05:29 KST | INFO | 
2026-02-04 19:05:29 KST | INFO | Epoch 114/200 | LR: 0.039861
2026-02-04 19:05:42 KST | INFO |   Train Loss: 0.0975 | Test Loss: 0.0013 | Test Acc: 90.42%
2026-02-04 19:05:42 KST | INFO |   No improvement (10/30)
2026-02-04 19:05:42 KST | INFO | 
2026-02-04 19:05:42 KST | INFO | Epoch 115/200 | LR: 0.039093
2026-02-04 19:05:55 KST | INFO |   Train Loss: 0.0925 | Test Loss: 0.0014 | Test Acc: 90.15%
2026-02-04 19:05:55 KST | INFO |   No improvement (11/30)
2026-02-04 19:05:55 KST | INFO | 
2026-02-04 19:05:55 KST | INFO | Epoch 116/200 | LR: 0.038328
2026-02-04 19:06:08 KST | INFO |   Train Loss: 0.0934 | Test Loss: 0.0014 | Test Acc: 90.22%
2026-02-04 19:06:08 KST | INFO |   No improvement (12/30)
2026-02-04 19:06:08 KST | INFO | 
2026-02-04 19:06:08 KST | INFO | Epoch 117/200 | LR: 0.037566
2026-02-04 19:06:21 KST | INFO |   Train Loss: 0.0891 | Test Loss: 0.0014 | Test Acc: 89.88%
2026-02-04 19:06:21 KST | INFO |   No improvement (13/30)
2026-02-04 19:06:21 KST | INFO | 
2026-02-04 19:06:21 KST | INFO | Epoch 118/200 | LR: 0.036807
2026-02-04 19:06:34 KST | INFO |   Train Loss: 0.0866 | Test Loss: 0.0016 | Test Acc: 89.40%
2026-02-04 19:06:34 KST | INFO |   No improvement (14/30)
2026-02-04 19:06:34 KST | INFO | 
2026-02-04 19:06:34 KST | INFO | Epoch 119/200 | LR: 0.036051
2026-02-04 19:06:47 KST | INFO |   Train Loss: 0.0851 | Test Loss: 0.0014 | Test Acc: 89.57%
2026-02-04 19:06:47 KST | INFO |   No improvement (15/30)
2026-02-04 19:06:47 KST | INFO | 
2026-02-04 19:06:47 KST | INFO | Epoch 120/200 | LR: 0.035299
2026-02-04 19:07:00 KST | INFO |   Train Loss: 0.0857 | Test Loss: 0.0014 | Test Acc: 90.25%
2026-02-04 19:07:00 KST | INFO |   No improvement (16/30)
2026-02-04 19:07:00 KST | INFO | 
2026-02-04 19:07:00 KST | INFO | Epoch 121/200 | LR: 0.034550
2026-02-04 19:07:13 KST | INFO |   Train Loss: 0.0855 | Test Loss: 0.0013 | Test Acc: 90.73%
2026-02-04 19:07:13 KST | INFO |   🏆 New best accuracy: 90.73%
2026-02-04 19:07:13 KST | INFO | 
2026-02-04 19:07:13 KST | INFO | Epoch 122/200 | LR: 0.033805
2026-02-04 19:07:26 KST | INFO |   Train Loss: 0.0808 | Test Loss: 0.0013 | Test Acc: 90.33%
2026-02-04 19:07:26 KST | INFO |   No improvement (1/30)
2026-02-04 19:07:26 KST | INFO | 
2026-02-04 19:07:26 KST | INFO | Epoch 123/200 | LR: 0.033064
2026-02-04 19:07:39 KST | INFO |   Train Loss: 0.0759 | Test Loss: 0.0014 | Test Acc: 90.60%
2026-02-04 19:07:39 KST | INFO |   No improvement (2/30)
2026-02-04 19:07:39 KST | INFO | 
2026-02-04 19:07:39 KST | INFO | Epoch 124/200 | LR: 0.032327
2026-02-04 19:07:52 KST | INFO |   Train Loss: 0.0725 | Test Loss: 0.0014 | Test Acc: 90.25%
2026-02-04 19:07:52 KST | INFO |   No improvement (3/30)
2026-02-04 19:07:52 KST | INFO | 
2026-02-04 19:07:52 KST | INFO | Epoch 125/200 | LR: 0.031594
2026-02-04 19:08:05 KST | INFO |   Train Loss: 0.0742 | Test Loss: 0.0014 | Test Acc: 90.95%
2026-02-04 19:08:05 KST | INFO |   🏆 New best accuracy: 90.95%
2026-02-04 19:08:05 KST | INFO | 
2026-02-04 19:08:05 KST | INFO | Epoch 126/200 | LR: 0.030867
2026-02-04 19:08:18 KST | INFO |   Train Loss: 0.0717 | Test Loss: 0.0012 | Test Acc: 91.12%
2026-02-04 19:08:18 KST | INFO |   🏆 New best accuracy: 91.12%
2026-02-04 19:08:18 KST | INFO | 
2026-02-04 19:08:18 KST | INFO | Epoch 127/200 | LR: 0.030143
2026-02-04 19:08:31 KST | INFO |   Train Loss: 0.0713 | Test Loss: 0.0013 | Test Acc: 90.38%
2026-02-04 19:08:31 KST | INFO |   No improvement (1/30)
2026-02-04 19:08:31 KST | INFO | 
2026-02-04 19:08:31 KST | INFO | Epoch 128/200 | LR: 0.029425
2026-02-04 19:08:44 KST | INFO |   Train Loss: 0.0675 | Test Loss: 0.0014 | Test Acc: 90.52%
2026-02-04 19:08:44 KST | INFO |   No improvement (2/30)
2026-02-04 19:08:44 KST | INFO | 
2026-02-04 19:08:44 KST | INFO | Epoch 129/200 | LR: 0.028712
2026-02-04 19:08:57 KST | INFO |   Train Loss: 0.0711 | Test Loss: 0.0015 | Test Acc: 89.65%
2026-02-04 19:08:57 KST | INFO |   No improvement (3/30)
2026-02-04 19:08:57 KST | INFO | 
2026-02-04 19:08:57 KST | INFO | Epoch 130/200 | LR: 0.028004
2026-02-04 19:09:10 KST | INFO |   Train Loss: 0.0641 | Test Loss: 0.0015 | Test Acc: 90.17%
2026-02-04 19:09:10 KST | INFO |   No improvement (4/30)
2026-02-04 19:09:10 KST | INFO | 
2026-02-04 19:09:10 KST | INFO | Epoch 131/200 | LR: 0.027301
2026-02-04 19:09:23 KST | INFO |   Train Loss: 0.0617 | Test Loss: 0.0013 | Test Acc: 90.98%
2026-02-04 19:09:23 KST | INFO |   No improvement (5/30)
2026-02-04 19:09:23 KST | INFO | 
2026-02-04 19:09:23 KST | INFO | Epoch 132/200 | LR: 0.026604
2026-02-04 19:09:36 KST | INFO |   Train Loss: 0.0614 | Test Loss: 0.0013 | Test Acc: 90.83%
2026-02-04 19:09:36 KST | INFO |   No improvement (6/30)
2026-02-04 19:09:36 KST | INFO | 
2026-02-04 19:09:36 KST | INFO | Epoch 133/200 | LR: 0.025913
2026-02-04 19:09:49 KST | INFO |   Train Loss: 0.0607 | Test Loss: 0.0014 | Test Acc: 90.72%
2026-02-04 19:09:49 KST | INFO |   No improvement (7/30)
2026-02-04 19:09:49 KST | INFO | 
2026-02-04 19:09:49 KST | INFO | Epoch 134/200 | LR: 0.025228
2026-02-04 19:10:02 KST | INFO |   Train Loss: 0.0590 | Test Loss: 0.0014 | Test Acc: 90.68%
2026-02-04 19:10:02 KST | INFO |   No improvement (8/30)
2026-02-04 19:10:02 KST | INFO | 
2026-02-04 19:10:02 KST | INFO | Epoch 135/200 | LR: 0.024549
2026-02-04 19:10:15 KST | INFO |   Train Loss: 0.0555 | Test Loss: 0.0014 | Test Acc: 90.20%
2026-02-04 19:10:15 KST | INFO |   No improvement (9/30)
2026-02-04 19:10:15 KST | INFO | 
2026-02-04 19:10:15 KST | INFO | Epoch 136/200 | LR: 0.023876
2026-02-04 19:10:28 KST | INFO |   Train Loss: 0.0543 | Test Loss: 0.0013 | Test Acc: 91.02%
2026-02-04 19:10:28 KST | INFO |   No improvement (10/30)
2026-02-04 19:10:28 KST | INFO | 
2026-02-04 19:10:28 KST | INFO | Epoch 137/200 | LR: 0.023209
2026-02-04 19:10:41 KST | INFO |   Train Loss: 0.0506 | Test Loss: 0.0014 | Test Acc: 90.63%
2026-02-04 19:10:41 KST | INFO |   No improvement (11/30)
2026-02-04 19:10:41 KST | INFO | 
2026-02-04 19:10:41 KST | INFO | Epoch 138/200 | LR: 0.022550
2026-02-04 19:10:54 KST | INFO |   Train Loss: 0.0490 | Test Loss: 0.0015 | Test Acc: 90.20%
2026-02-04 19:10:54 KST | INFO |   No improvement (12/30)
2026-02-04 19:10:54 KST | INFO | 
2026-02-04 19:10:54 KST | INFO | Epoch 139/200 | LR: 0.021897
2026-02-04 19:11:07 KST | INFO |   Train Loss: 0.0488 | Test Loss: 0.0014 | Test Acc: 90.88%
2026-02-04 19:11:07 KST | INFO |   No improvement (13/30)
2026-02-04 19:11:07 KST | INFO | 
2026-02-04 19:11:07 KST | INFO | Epoch 140/200 | LR: 0.021251
2026-02-04 19:11:20 KST | INFO |   Train Loss: 0.0464 | Test Loss: 0.0014 | Test Acc: 90.78%
2026-02-04 19:11:20 KST | INFO |   No improvement (14/30)
2026-02-04 19:11:20 KST | INFO | 
2026-02-04 19:11:20 KST | INFO | Epoch 141/200 | LR: 0.020612
2026-02-04 19:11:33 KST | INFO |   Train Loss: 0.0476 | Test Loss: 0.0013 | Test Acc: 91.28%
2026-02-04 19:11:33 KST | INFO |   🏆 New best accuracy: 91.28%
2026-02-04 19:11:33 KST | INFO | 
2026-02-04 19:11:33 KST | INFO | Epoch 142/200 | LR: 0.019980
2026-02-04 19:11:46 KST | INFO |   Train Loss: 0.0422 | Test Loss: 0.0016 | Test Acc: 90.17%
2026-02-04 19:11:46 KST | INFO |   No improvement (1/30)
2026-02-04 19:11:46 KST | INFO | 
2026-02-04 19:11:46 KST | INFO | Epoch 143/200 | LR: 0.019355
2026-02-04 19:11:59 KST | INFO |   Train Loss: 0.0427 | Test Loss: 0.0013 | Test Acc: 91.17%
2026-02-04 19:11:59 KST | INFO |   No improvement (2/30)
2026-02-04 19:11:59 KST | INFO | 
2026-02-04 19:11:59 KST | INFO | Epoch 144/200 | LR: 0.018739
2026-02-04 19:12:12 KST | INFO |   Train Loss: 0.0427 | Test Loss: 0.0014 | Test Acc: 91.17%
2026-02-04 19:12:12 KST | INFO |   No improvement (3/30)
2026-02-04 19:12:12 KST | INFO | 
2026-02-04 19:12:12 KST | INFO | Epoch 145/200 | LR: 0.018130
2026-02-04 19:12:25 KST | INFO |   Train Loss: 0.0400 | Test Loss: 0.0014 | Test Acc: 91.17%
2026-02-04 19:12:25 KST | INFO |   No improvement (4/30)
2026-02-04 19:12:25 KST | INFO | 
2026-02-04 19:12:25 KST | INFO | Epoch 146/200 | LR: 0.017528
2026-02-04 19:12:38 KST | INFO |   Train Loss: 0.0379 | Test Loss: 0.0014 | Test Acc: 91.47%
2026-02-04 19:12:38 KST | INFO |   🏆 New best accuracy: 91.47%
2026-02-04 19:12:38 KST | INFO | 
2026-02-04 19:12:38 KST | INFO | Epoch 147/200 | LR: 0.016935
2026-02-04 19:12:51 KST | INFO |   Train Loss: 0.0394 | Test Loss: 0.0015 | Test Acc: 90.88%
2026-02-04 19:12:51 KST | INFO |   No improvement (1/30)
2026-02-04 19:12:51 KST | INFO | 
2026-02-04 19:12:51 KST | INFO | Epoch 148/200 | LR: 0.016350
2026-02-04 19:13:04 KST | INFO |   Train Loss: 0.0358 | Test Loss: 0.0013 | Test Acc: 91.65%
2026-02-04 19:13:04 KST | INFO |   🏆 New best accuracy: 91.65%
2026-02-04 19:13:04 KST | INFO | 
2026-02-04 19:13:04 KST | INFO | Epoch 149/200 | LR: 0.015773
2026-02-04 19:13:17 KST | INFO |   Train Loss: 0.0341 | Test Loss: 0.0014 | Test Acc: 91.13%
2026-02-04 19:13:17 KST | INFO |   No improvement (1/30)
2026-02-04 19:13:17 KST | INFO | 
2026-02-04 19:13:17 KST | INFO | Epoch 150/200 | LR: 0.015205
2026-02-04 19:13:29 KST | INFO |   Train Loss: 0.0334 | Test Loss: 0.0014 | Test Acc: 91.23%
2026-02-04 19:13:29 KST | INFO |   No improvement (2/30)
2026-02-04 19:13:29 KST | INFO | 
2026-02-04 19:13:29 KST | INFO | Epoch 151/200 | LR: 0.014646
2026-02-04 19:13:43 KST | INFO |   Train Loss: 0.0309 | Test Loss: 0.0014 | Test Acc: 90.67%
2026-02-04 19:13:43 KST | INFO |   No improvement (3/30)
2026-02-04 19:13:43 KST | INFO | 
2026-02-04 19:13:43 KST | INFO | Epoch 152/200 | LR: 0.014095
2026-02-04 19:13:55 KST | INFO |   Train Loss: 0.0299 | Test Loss: 0.0014 | Test Acc: 91.60%
2026-02-04 19:13:55 KST | INFO |   No improvement (4/30)
2026-02-04 19:13:55 KST | INFO | 
2026-02-04 19:13:55 KST | INFO | Epoch 153/200 | LR: 0.013552
2026-02-04 19:14:08 KST | INFO |   Train Loss: 0.0285 | Test Loss: 0.0015 | Test Acc: 91.08%
2026-02-04 19:14:08 KST | INFO |   No improvement (5/30)
2026-02-04 19:14:08 KST | INFO | 
2026-02-04 19:14:08 KST | INFO | Epoch 154/200 | LR: 0.013019
2026-02-04 19:14:21 KST | INFO |   Train Loss: 0.0262 | Test Loss: 0.0015 | Test Acc: 90.73%
2026-02-04 19:14:21 KST | INFO |   No improvement (6/30)
2026-02-04 19:14:21 KST | INFO | 
2026-02-04 19:14:21 KST | INFO | Epoch 155/200 | LR: 0.012495
2026-02-04 19:14:34 KST | INFO |   Train Loss: 0.0262 | Test Loss: 0.0015 | Test Acc: 91.28%
2026-02-04 19:14:34 KST | INFO |   No improvement (7/30)
2026-02-04 19:14:34 KST | INFO | 
2026-02-04 19:14:34 KST | INFO | Epoch 156/200 | LR: 0.011981
2026-02-04 19:14:47 KST | INFO |   Train Loss: 0.0230 | Test Loss: 0.0015 | Test Acc: 91.25%
2026-02-04 19:14:47 KST | INFO |   No improvement (8/30)
2026-02-04 19:14:47 KST | INFO | 
2026-02-04 19:14:47 KST | INFO | Epoch 157/200 | LR: 0.011475
2026-02-04 19:15:00 KST | INFO |   Train Loss: 0.0233 | Test Loss: 0.0013 | Test Acc: 91.50%
2026-02-04 19:15:00 KST | INFO |   No improvement (9/30)
2026-02-04 19:15:00 KST | INFO | 
2026-02-04 19:15:00 KST | INFO | Epoch 158/200 | LR: 0.010979
2026-02-04 19:15:13 KST | INFO |   Train Loss: 0.0238 | Test Loss: 0.0016 | Test Acc: 90.30%
2026-02-04 19:15:13 KST | INFO |   No improvement (10/30)
2026-02-04 19:15:13 KST | INFO | 
2026-02-04 19:15:13 KST | INFO | Epoch 159/200 | LR: 0.010493
2026-02-04 19:15:26 KST | INFO |   Train Loss: 0.0223 | Test Loss: 0.0014 | Test Acc: 90.90%
2026-02-04 19:15:26 KST | INFO |   No improvement (11/30)
2026-02-04 19:15:26 KST | INFO | 
2026-02-04 19:15:26 KST | INFO | Epoch 160/200 | LR: 0.010017
2026-02-04 19:15:39 KST | INFO |   Train Loss: 0.0211 | Test Loss: 0.0015 | Test Acc: 91.43%
2026-02-04 19:15:39 KST | INFO |   No improvement (12/30)
2026-02-04 19:15:39 KST | INFO | 
2026-02-04 19:15:39 KST | INFO | Epoch 161/200 | LR: 0.009550
2026-02-04 19:15:52 KST | INFO |   Train Loss: 0.0199 | Test Loss: 0.0014 | Test Acc: 91.52%
2026-02-04 19:15:52 KST | INFO |   No improvement (13/30)
2026-02-04 19:15:52 KST | INFO | 
2026-02-04 19:15:52 KST | INFO | Epoch 162/200 | LR: 0.009093
2026-02-04 19:16:05 KST | INFO |   Train Loss: 0.0197 | Test Loss: 0.0015 | Test Acc: 90.85%
2026-02-04 19:16:05 KST | INFO |   No improvement (14/30)
2026-02-04 19:16:05 KST | INFO | 
2026-02-04 19:16:05 KST | INFO | Epoch 163/200 | LR: 0.008647
2026-02-04 19:16:18 KST | INFO |   Train Loss: 0.0192 | Test Loss: 0.0014 | Test Acc: 91.47%
2026-02-04 19:16:18 KST | INFO |   No improvement (15/30)
2026-02-04 19:16:18 KST | INFO | 
2026-02-04 19:16:18 KST | INFO | Epoch 164/200 | LR: 0.008211
2026-02-04 19:16:31 KST | INFO |   Train Loss: 0.0174 | Test Loss: 0.0014 | Test Acc: 91.58%
2026-02-04 19:16:31 KST | INFO |   No improvement (16/30)
2026-02-04 19:16:31 KST | INFO | 
2026-02-04 19:16:31 KST | INFO | Epoch 165/200 | LR: 0.007785
2026-02-04 19:16:44 KST | INFO |   Train Loss: 0.0173 | Test Loss: 0.0014 | Test Acc: 91.47%
2026-02-04 19:16:44 KST | INFO |   No improvement (17/30)
2026-02-04 19:16:44 KST | INFO | 
2026-02-04 19:16:44 KST | INFO | Epoch 166/200 | LR: 0.007369
2026-02-04 19:16:57 KST | INFO |   Train Loss: 0.0155 | Test Loss: 0.0015 | Test Acc: 91.48%
2026-02-04 19:16:57 KST | INFO |   No improvement (18/30)
2026-02-04 19:16:57 KST | INFO | 
2026-02-04 19:16:57 KST | INFO | Epoch 167/200 | LR: 0.006964
2026-02-04 19:17:10 KST | INFO |   Train Loss: 0.0161 | Test Loss: 0.0015 | Test Acc: 91.32%
2026-02-04 19:17:10 KST | INFO |   No improvement (19/30)
2026-02-04 19:17:10 KST | INFO | 
2026-02-04 19:17:10 KST | INFO | Epoch 168/200 | LR: 0.006569
2026-02-04 19:17:23 KST | INFO |   Train Loss: 0.0154 | Test Loss: 0.0015 | Test Acc: 91.00%
2026-02-04 19:17:23 KST | INFO |   No improvement (20/30)
2026-02-04 19:17:23 KST | INFO | 
2026-02-04 19:17:23 KST | INFO | Epoch 169/200 | LR: 0.006186
2026-02-04 19:17:36 KST | INFO |   Train Loss: 0.0146 | Test Loss: 0.0015 | Test Acc: 91.52%
2026-02-04 19:17:36 KST | INFO |   No improvement (21/30)
2026-02-04 19:17:36 KST | INFO | 
2026-02-04 19:17:36 KST | INFO | Epoch 170/200 | LR: 0.005813
2026-02-04 19:17:49 KST | INFO |   Train Loss: 0.0133 | Test Loss: 0.0014 | Test Acc: 91.70%
2026-02-04 19:17:49 KST | INFO |   🏆 New best accuracy: 91.70%
2026-02-04 19:17:49 KST | INFO | 
2026-02-04 19:17:49 KST | INFO | Epoch 171/200 | LR: 0.005451
2026-02-04 19:18:01 KST | INFO |   Train Loss: 0.0136 | Test Loss: 0.0014 | Test Acc: 91.77%
2026-02-04 19:18:01 KST | INFO |   🏆 New best accuracy: 91.77%
2026-02-04 19:18:01 KST | INFO | 
2026-02-04 19:18:01 KST | INFO | Epoch 172/200 | LR: 0.005100
2026-02-04 19:18:14 KST | INFO |   Train Loss: 0.0122 | Test Loss: 0.0014 | Test Acc: 91.67%
2026-02-04 19:18:14 KST | INFO |   No improvement (1/30)
2026-02-04 19:18:14 KST | INFO | 
2026-02-04 19:18:14 KST | INFO | Epoch 173/200 | LR: 0.004760
2026-02-04 19:18:27 KST | INFO |   Train Loss: 0.0119 | Test Loss: 0.0014 | Test Acc: 91.50%
2026-02-04 19:18:27 KST | INFO |   No improvement (2/30)
2026-02-04 19:18:27 KST | INFO | 
2026-02-04 19:18:27 KST | INFO | Epoch 174/200 | LR: 0.004431
2026-02-04 19:18:40 KST | INFO |   Train Loss: 0.0118 | Test Loss: 0.0015 | Test Acc: 91.17%
2026-02-04 19:18:40 KST | INFO |   No improvement (3/30)
2026-02-04 19:18:40 KST | INFO | 
2026-02-04 19:18:40 KST | INFO | Epoch 175/200 | LR: 0.004113
2026-02-04 19:18:54 KST | INFO |   Train Loss: 0.0106 | Test Loss: 0.0015 | Test Acc: 91.27%
2026-02-04 19:18:54 KST | INFO |   No improvement (4/30)
2026-02-04 19:18:54 KST | INFO | 
2026-02-04 19:18:54 KST | INFO | Epoch 176/200 | LR: 0.003807
2026-02-04 19:19:07 KST | INFO |   Train Loss: 0.0108 | Test Loss: 0.0015 | Test Acc: 91.58%
2026-02-04 19:19:07 KST | INFO |   No improvement (5/30)
2026-02-04 19:19:07 KST | INFO | 
2026-02-04 19:19:07 KST | INFO | Epoch 177/200 | LR: 0.003512
2026-02-04 19:19:19 KST | INFO |   Train Loss: 0.0103 | Test Loss: 0.0014 | Test Acc: 91.73%
2026-02-04 19:19:19 KST | INFO |   No improvement (6/30)
2026-02-04 19:19:19 KST | INFO | 
2026-02-04 19:19:19 KST | INFO | Epoch 178/200 | LR: 0.003229
2026-02-04 19:19:32 KST | INFO |   Train Loss: 0.0101 | Test Loss: 0.0014 | Test Acc: 91.67%
2026-02-04 19:19:32 KST | INFO |   No improvement (7/30)
2026-02-04 19:19:32 KST | INFO | 
2026-02-04 19:19:32 KST | INFO | Epoch 179/200 | LR: 0.002957
2026-02-04 19:19:45 KST | INFO |   Train Loss: 0.0097 | Test Loss: 0.0014 | Test Acc: 91.52%
2026-02-04 19:19:45 KST | INFO |   No improvement (8/30)
2026-02-04 19:19:45 KST | INFO | 
2026-02-04 19:19:45 KST | INFO | Epoch 180/200 | LR: 0.002697
2026-02-04 19:19:58 KST | INFO |   Train Loss: 0.0091 | Test Loss: 0.0015 | Test Acc: 91.28%
2026-02-04 19:19:58 KST | INFO |   No improvement (9/30)
2026-02-04 19:19:58 KST | INFO | 
2026-02-04 19:19:58 KST | INFO | Epoch 181/200 | LR: 0.002448
2026-02-04 19:20:11 KST | INFO |   Train Loss: 0.0088 | Test Loss: 0.0015 | Test Acc: 91.62%
2026-02-04 19:20:11 KST | INFO |   No improvement (10/30)
2026-02-04 19:20:11 KST | INFO | 
2026-02-04 19:20:11 KST | INFO | Epoch 182/200 | LR: 0.002211
2026-02-04 19:20:24 KST | INFO |   Train Loss: 0.0091 | Test Loss: 0.0015 | Test Acc: 91.43%
2026-02-04 19:20:24 KST | INFO |   No improvement (11/30)
2026-02-04 19:20:24 KST | INFO | 
2026-02-04 19:20:24 KST | INFO | Epoch 183/200 | LR: 0.001986
2026-02-04 19:20:37 KST | INFO |   Train Loss: 0.0086 | Test Loss: 0.0015 | Test Acc: 91.50%
2026-02-04 19:20:37 KST | INFO |   No improvement (12/30)
2026-02-04 19:20:37 KST | INFO | 
2026-02-04 19:20:37 KST | INFO | Epoch 184/200 | LR: 0.001773
2026-02-04 19:20:50 KST | INFO |   Train Loss: 0.0086 | Test Loss: 0.0015 | Test Acc: 91.93%
2026-02-04 19:20:50 KST | INFO |   🏆 New best accuracy: 91.93%
2026-02-04 19:20:50 KST | INFO | 
2026-02-04 19:20:50 KST | INFO | Epoch 185/200 | LR: 0.001572
2026-02-04 19:21:03 KST | INFO |   Train Loss: 0.0077 | Test Loss: 0.0015 | Test Acc: 91.75%
2026-02-04 19:21:03 KST | INFO |   No improvement (1/30)
2026-02-04 19:21:03 KST | INFO | 
2026-02-04 19:21:03 KST | INFO | Epoch 186/200 | LR: 0.001382
2026-02-04 19:21:16 KST | INFO |   Train Loss: 0.0081 | Test Loss: 0.0015 | Test Acc: 91.82%
2026-02-04 19:21:16 KST | INFO |   No improvement (2/30)
2026-02-04 19:21:16 KST | INFO | 
2026-02-04 19:21:16 KST | INFO | Epoch 187/200 | LR: 0.001205
2026-02-04 19:21:29 KST | INFO |   Train Loss: 0.0077 | Test Loss: 0.0015 | Test Acc: 91.60%
2026-02-04 19:21:29 KST | INFO |   No improvement (3/30)
2026-02-04 19:21:29 KST | INFO | 
2026-02-04 19:21:29 KST | INFO | Epoch 188/200 | LR: 0.001040
2026-02-04 19:21:42 KST | INFO |   Train Loss: 0.0074 | Test Loss: 0.0015 | Test Acc: 91.75%
2026-02-04 19:21:42 KST | INFO |   No improvement (4/30)
2026-02-04 19:21:42 KST | INFO | 
2026-02-04 19:21:42 KST | INFO | Epoch 189/200 | LR: 0.000887
2026-02-04 19:21:55 KST | INFO |   Train Loss: 0.0073 | Test Loss: 0.0015 | Test Acc: 91.57%
2026-02-04 19:21:55 KST | INFO |   No improvement (5/30)
2026-02-04 19:21:55 KST | INFO | 
2026-02-04 19:21:55 KST | INFO | Epoch 190/200 | LR: 0.000746
2026-02-04 19:22:08 KST | INFO |   Train Loss: 0.0069 | Test Loss: 0.0015 | Test Acc: 91.67%
2026-02-04 19:22:08 KST | INFO |   No improvement (6/30)
2026-02-04 19:22:08 KST | INFO | 
2026-02-04 19:22:08 KST | INFO | Epoch 191/200 | LR: 0.000617
2026-02-04 19:22:21 KST | INFO |   Train Loss: 0.0068 | Test Loss: 0.0015 | Test Acc: 91.68%
2026-02-04 19:22:21 KST | INFO |   No improvement (7/30)
2026-02-04 19:22:21 KST | INFO | 
2026-02-04 19:22:21 KST | INFO | Epoch 192/200 | LR: 0.000500
2026-02-04 19:22:33 KST | INFO |   Train Loss: 0.0071 | Test Loss: 0.0015 | Test Acc: 91.67%
2026-02-04 19:22:33 KST | INFO |   No improvement (8/30)
2026-02-04 19:22:33 KST | INFO | 
2026-02-04 19:22:33 KST | INFO | Epoch 193/200 | LR: 0.000395
2026-02-04 19:22:46 KST | INFO |   Train Loss: 0.0074 | Test Loss: 0.0015 | Test Acc: 91.80%
2026-02-04 19:22:46 KST | INFO |   No improvement (9/30)
2026-02-04 19:22:46 KST | INFO | 
2026-02-04 19:22:46 KST | INFO | Epoch 194/200 | LR: 0.000303
2026-02-04 19:22:59 KST | INFO |   Train Loss: 0.0071 | Test Loss: 0.0015 | Test Acc: 91.67%
2026-02-04 19:22:59 KST | INFO |   No improvement (10/30)
2026-02-04 19:22:59 KST | INFO | 
2026-02-04 19:22:59 KST | INFO | Epoch 195/200 | LR: 0.000223
2026-02-04 19:23:12 KST | INFO |   Train Loss: 0.0072 | Test Loss: 0.0015 | Test Acc: 91.63%
2026-02-04 19:23:12 KST | INFO |   No improvement (11/30)
2026-02-04 19:23:12 KST | INFO | 
2026-02-04 19:23:12 KST | INFO | Epoch 196/200 | LR: 0.000155
2026-02-04 19:23:25 KST | INFO |   Train Loss: 0.0064 | Test Loss: 0.0015 | Test Acc: 91.65%
2026-02-04 19:23:25 KST | INFO |   No improvement (12/30)
2026-02-04 19:23:25 KST | INFO | 
2026-02-04 19:23:25 KST | INFO | Epoch 197/200 | LR: 0.000100
2026-02-04 19:23:38 KST | INFO |   Train Loss: 0.0066 | Test Loss: 0.0015 | Test Acc: 91.68%
2026-02-04 19:23:38 KST | INFO |   No improvement (13/30)
2026-02-04 19:23:38 KST | INFO | 
2026-02-04 19:23:38 KST | INFO | Epoch 198/200 | LR: 0.000057
2026-02-04 19:23:51 KST | INFO |   Train Loss: 0.0067 | Test Loss: 0.0015 | Test Acc: 91.58%
2026-02-04 19:23:51 KST | INFO |   No improvement (14/30)
2026-02-04 19:23:51 KST | INFO | 
2026-02-04 19:23:51 KST | INFO | Epoch 199/200 | LR: 0.000026
2026-02-04 19:24:04 KST | INFO |   Train Loss: 0.0065 | Test Loss: 0.0015 | Test Acc: 91.65%
2026-02-04 19:24:04 KST | INFO |   No improvement (15/30)
2026-02-04 19:24:04 KST | INFO | 
2026-02-04 19:24:04 KST | INFO | Epoch 200/200 | LR: 0.000007
2026-02-04 19:24:17 KST | INFO |   Train Loss: 0.0069 | Test Loss: 0.0015 | Test Acc: 91.63%
2026-02-04 19:24:17 KST | INFO |   No improvement (16/30)
2026-02-04 19:24:17 KST | INFO | 
2026-02-04 19:24:17 KST | INFO | ================================================================================
2026-02-04 19:24:17 KST | INFO | TRAINING COMPLETE
2026-02-04 19:24:17 KST | INFO | ================================================================================
2026-02-04 19:24:17 KST | INFO | Best accuracy:  91.93% (Epoch 184)
2026-02-04 19:24:17 KST | INFO | Final accuracy: 91.63%
2026-02-04 19:24:17 KST | INFO | ================================================================================
2026-02-04 19:24:17 KST | INFO | 
2026-02-04 19:24:17 KST | INFO | Notifying nodes of completion...
2026-02-04 19:24:18 KST | INFO | ✓ Nodes notified
2026-02-04 19:24:18 KST | INFO | 
2026-02-04 19:24:18 KST | INFO | Closing connections...
2026-02-04 19:24:18 KST | INFO | ✓ Cleanup complete
2026-02-04 19:24:18 KST | INFO | 
2026-02-04 19:24:18 KST | INFO | Full log: logs/TL++_base_20260204_184023.log
2026-02-04 19:24:18 KST | INFO | ================================================================================
