2026-02-04 20:07:59 KST | INFO | ================================================================================
2026-02-04 20:07:59 KST | INFO | TL++ Orchestrator
2026-02-04 20:07:59 KST | INFO | ================================================================================
2026-02-04 20:07:59 KST | INFO | Log file: logs/TL++_base_20260204_200759.log
2026-02-04 20:07:59 KST | INFO | 
2026-02-04 20:07:59 KST | INFO | --------------------------------------------------------------------------------
2026-02-04 20:07:59 KST | INFO | CONFIGURATION
2026-02-04 20:07:59 KST | INFO | --------------------------------------------------------------------------------
2026-02-04 20:07:59 KST | INFO | Secure mode:      False
2026-02-04 20:07:59 KST | INFO | Nodes:            6
2026-02-04 20:07:59 KST | INFO | Cut layer:        1
2026-02-04 20:07:59 KST | INFO | Batch size:       128
2026-02-04 20:07:59 KST | INFO | Learning rate:    0.1
2026-02-04 20:07:59 KST | INFO | 
2026-02-04 20:07:59 KST | INFO | Computation device: cuda
2026-02-04 20:07:59 KST | INFO | Secure mode: DISABLED
2026-02-04 20:07:59 KST | INFO | 
2026-02-04 20:07:59 KST | INFO | --------------------------------------------------------------------------------
2026-02-04 20:07:59 KST | INFO | NETWORK SETUP
2026-02-04 20:07:59 KST | INFO | --------------------------------------------------------------------------------
2026-02-04 20:07:59 KST | INFO | ✓ Orchestrator listening on 127.0.0.1:8080
2026-02-04 20:07:59 KST | INFO | Waiting for 6 node(s)...
2026-02-04 20:08:02 KST | INFO |   ✓ Node 1/6 connected
2026-02-04 20:08:03 KST | INFO |   ✓ Node 2/6 connected
2026-02-04 20:08:04 KST | INFO |   ✓ Node 3/6 connected
2026-02-04 20:08:05 KST | INFO |   ✓ Node 4/6 connected
2026-02-04 20:08:06 KST | INFO |   ✓ Node 5/6 connected
2026-02-04 20:08:07 KST | INFO |   ✓ Node 6/6 connected
2026-02-04 20:08:07 KST | INFO | ✓ All 6 node(s) connected
2026-02-04 20:08:07 KST | INFO | 
2026-02-04 20:08:07 KST | INFO | --------------------------------------------------------------------------------
2026-02-04 20:08:07 KST | INFO | MODEL INITIALIZATION
2026-02-04 20:08:07 KST | INFO | --------------------------------------------------------------------------------
2026-02-04 20:08:07 KST | INFO | Node-side parameters: 38,720
2026-02-04 20:08:07 KST | INFO | 
2026-02-04 20:08:07 KST | INFO | --------------------------------------------------------------------------------
2026-02-04 20:08:07 KST | INFO | BROADCASTING CONFIGURATION
2026-02-04 20:08:07 KST | INFO | --------------------------------------------------------------------------------
2026-02-04 20:08:07 KST | INFO | ✓ Configuration broadcast to all nodes
2026-02-04 20:08:08 KST | INFO | 
2026-02-04 20:08:08 KST | INFO | Total parameters:     3,246,150
2026-02-04 20:08:08 KST | INFO | Trainable parameters: 3,246,150
2026-02-04 20:08:08 KST | INFO | 
2026-02-04 20:08:08 KST | INFO | --------------------------------------------------------------------------------
2026-02-04 20:08:08 KST | INFO | DATA LOADING
2026-02-04 20:08:08 KST | INFO | --------------------------------------------------------------------------------
2026-02-04 20:08:33 KST | INFO | ✓ Dataset information collected:
2026-02-04 20:08:33 KST | INFO |     Node 1: 5,000 samples
2026-02-04 20:08:33 KST | INFO |     Node 2: 5,000 samples
2026-02-04 20:08:33 KST | INFO |     Node 3: 5,000 samples
2026-02-04 20:08:33 KST | INFO |     Node 4: 5,000 samples
2026-02-04 20:08:33 KST | INFO |     Node 5: 5,000 samples
2026-02-04 20:08:33 KST | INFO |     Node 6: 5,000 samples
2026-02-04 20:08:33 KST | INFO |   Total training samples: 30,000
2026-02-04 20:08:33 KST | INFO | 
2026-02-04 20:08:36 KST | INFO | ✓ Test dataset loaded: 6,000 samples
2026-02-04 20:08:36 KST | INFO | 
2026-02-04 20:08:36 KST | INFO | ✓ Batch scheduler: 235 batches/epoch
2026-02-04 20:08:36 KST | INFO | 
2026-02-04 20:08:36 KST | INFO | --------------------------------------------------------------------------------
2026-02-04 20:08:36 KST | INFO | OPTIMIZATION SETUP
2026-02-04 20:08:36 KST | INFO | --------------------------------------------------------------------------------
2026-02-04 20:08:36 KST | INFO | ✓ Optimizer: SGD (lr=0.1, momentum=0.9)
2026-02-04 20:08:36 KST | INFO | ✓ Scheduler: cosine
2026-02-04 20:08:36 KST | INFO | ✓ Gradient clipping: 1.0
2026-02-04 20:08:36 KST | INFO | 
2026-02-04 20:08:36 KST | INFO | ================================================================================
2026-02-04 20:08:36 KST | INFO | Setup complete - Ready for training
2026-02-04 20:08:36 KST | INFO | ================================================================================
2026-02-04 20:08:36 KST | INFO | 
2026-02-04 20:08:36 KST | INFO | --------------------------------------------------------------------------------
2026-02-04 20:08:36 KST | INFO | TRAINING
2026-02-04 20:08:36 KST | INFO | --------------------------------------------------------------------------------
2026-02-04 20:08:36 KST | INFO | 
2026-02-04 20:08:36 KST | INFO | Epoch 1/200 | LR: 0.100000
2026-02-04 20:08:50 KST | INFO |   Train Loss: 1.3830 | Test Loss: 0.0044 | Test Acc: 55.85%
2026-02-04 20:08:50 KST | INFO |   🏆 New best accuracy: 55.85%
2026-02-04 20:08:50 KST | INFO | 
2026-02-04 20:08:50 KST | INFO | Epoch 2/200 | LR: 0.099994
2026-02-04 20:09:03 KST | INFO |   Train Loss: 1.0702 | Test Loss: 0.0041 | Test Acc: 58.33%
2026-02-04 20:09:03 KST | INFO |   🏆 New best accuracy: 58.33%
2026-02-04 20:09:03 KST | INFO | 
2026-02-04 20:09:03 KST | INFO | Epoch 3/200 | LR: 0.099975
2026-02-04 20:09:16 KST | INFO |   Train Loss: 0.9035 | Test Loss: 0.0032 | Test Acc: 69.68%
2026-02-04 20:09:16 KST | INFO |   🏆 New best accuracy: 69.68%
2026-02-04 20:09:16 KST | INFO | 
2026-02-04 20:09:16 KST | INFO | Epoch 4/200 | LR: 0.099944
2026-02-04 20:09:29 KST | INFO |   Train Loss: 0.7848 | Test Loss: 0.0026 | Test Acc: 75.45%
2026-02-04 20:09:29 KST | INFO |   🏆 New best accuracy: 75.45%
2026-02-04 20:09:29 KST | INFO | 
2026-02-04 20:09:29 KST | INFO | Epoch 5/200 | LR: 0.099901
2026-02-04 20:09:42 KST | INFO |   Train Loss: 0.6942 | Test Loss: 0.0026 | Test Acc: 75.97%
2026-02-04 20:09:42 KST | INFO |   🏆 New best accuracy: 75.97%
2026-02-04 20:09:42 KST | INFO | 
2026-02-04 20:09:42 KST | INFO | Epoch 6/200 | LR: 0.099846
2026-02-04 20:09:55 KST | INFO |   Train Loss: 0.6254 | Test Loss: 0.0024 | Test Acc: 77.72%
2026-02-04 20:09:55 KST | INFO |   🏆 New best accuracy: 77.72%
2026-02-04 20:09:55 KST | INFO | 
2026-02-04 20:09:55 KST | INFO | Epoch 7/200 | LR: 0.099778
2026-02-04 20:10:07 KST | INFO |   Train Loss: 0.5845 | Test Loss: 0.0024 | Test Acc: 77.07%
2026-02-04 20:10:07 KST | INFO |   No improvement (1/30)
2026-02-04 20:10:07 KST | INFO | 
2026-02-04 20:10:07 KST | INFO | Epoch 8/200 | LR: 0.099698
2026-02-04 20:10:20 KST | INFO |   Train Loss: 0.5419 | Test Loss: 0.0019 | Test Acc: 82.02%
2026-02-04 20:10:20 KST | INFO |   🏆 New best accuracy: 82.02%
2026-02-04 20:10:20 KST | INFO | 
2026-02-04 20:10:20 KST | INFO | Epoch 9/200 | LR: 0.099606
2026-02-04 20:10:33 KST | INFO |   Train Loss: 0.5112 | Test Loss: 0.0020 | Test Acc: 81.57%
2026-02-04 20:10:33 KST | INFO |   No improvement (1/30)
2026-02-04 20:10:33 KST | INFO | 
2026-02-04 20:10:33 KST | INFO | Epoch 10/200 | LR: 0.099501
2026-02-04 20:10:46 KST | INFO |   Train Loss: 0.4837 | Test Loss: 0.0020 | Test Acc: 81.72%
2026-02-04 20:10:46 KST | INFO |   No improvement (2/30)
2026-02-04 20:10:46 KST | INFO | 
2026-02-04 20:10:46 KST | INFO | Epoch 11/200 | LR: 0.099384
2026-02-04 20:10:58 KST | INFO |   Train Loss: 0.4657 | Test Loss: 0.0020 | Test Acc: 81.93%
2026-02-04 20:10:58 KST | INFO |   No improvement (3/30)
2026-02-04 20:10:58 KST | INFO | 
2026-02-04 20:10:58 KST | INFO | Epoch 12/200 | LR: 0.099255
2026-02-04 20:11:11 KST | INFO |   Train Loss: 0.4491 | Test Loss: 0.0019 | Test Acc: 83.40%
2026-02-04 20:11:11 KST | INFO |   🏆 New best accuracy: 83.40%
2026-02-04 20:11:11 KST | INFO | 
2026-02-04 20:11:11 KST | INFO | Epoch 13/200 | LR: 0.099114
2026-02-04 20:11:24 KST | INFO |   Train Loss: 0.4395 | Test Loss: 0.0018 | Test Acc: 83.88%
2026-02-04 20:11:24 KST | INFO |   🏆 New best accuracy: 83.88%
2026-02-04 20:11:24 KST | INFO | 
2026-02-04 20:11:24 KST | INFO | Epoch 14/200 | LR: 0.098961
2026-02-04 20:11:37 KST | INFO |   Train Loss: 0.4121 | Test Loss: 0.0016 | Test Acc: 85.22%
2026-02-04 20:11:37 KST | INFO |   🏆 New best accuracy: 85.22%
2026-02-04 20:11:37 KST | INFO | 
2026-02-04 20:11:37 KST | INFO | Epoch 15/200 | LR: 0.098796
2026-02-04 20:11:50 KST | INFO |   Train Loss: 0.4034 | Test Loss: 0.0018 | Test Acc: 84.12%
2026-02-04 20:11:50 KST | INFO |   No improvement (1/30)
2026-02-04 20:11:50 KST | INFO | 
2026-02-04 20:11:50 KST | INFO | Epoch 16/200 | LR: 0.098619
2026-02-04 20:12:02 KST | INFO |   Train Loss: 0.3931 | Test Loss: 0.0016 | Test Acc: 86.05%
2026-02-04 20:12:02 KST | INFO |   🏆 New best accuracy: 86.05%
2026-02-04 20:12:02 KST | INFO | 
2026-02-04 20:12:02 KST | INFO | Epoch 17/200 | LR: 0.098429
2026-02-04 20:12:15 KST | INFO |   Train Loss: 0.3802 | Test Loss: 0.0016 | Test Acc: 85.87%
2026-02-04 20:12:15 KST | INFO |   No improvement (1/30)
2026-02-04 20:12:15 KST | INFO | 
2026-02-04 20:12:15 KST | INFO | Epoch 18/200 | LR: 0.098228
2026-02-04 20:12:28 KST | INFO |   Train Loss: 0.3752 | Test Loss: 0.0017 | Test Acc: 85.45%
2026-02-04 20:12:28 KST | INFO |   No improvement (2/30)
2026-02-04 20:12:28 KST | INFO | 
2026-02-04 20:12:28 KST | INFO | Epoch 19/200 | LR: 0.098015
2026-02-04 20:12:41 KST | INFO |   Train Loss: 0.3636 | Test Loss: 0.0015 | Test Acc: 86.10%
2026-02-04 20:12:41 KST | INFO |   🏆 New best accuracy: 86.10%
2026-02-04 20:12:41 KST | INFO | 
2026-02-04 20:12:41 KST | INFO | Epoch 20/200 | LR: 0.097790
2026-02-04 20:12:54 KST | INFO |   Train Loss: 0.3556 | Test Loss: 0.0017 | Test Acc: 85.02%
2026-02-04 20:12:54 KST | INFO |   No improvement (1/30)
2026-02-04 20:12:54 KST | INFO | 
2026-02-04 20:12:54 KST | INFO | Epoch 21/200 | LR: 0.097553
2026-02-04 20:13:07 KST | INFO |   Train Loss: 0.3442 | Test Loss: 0.0016 | Test Acc: 86.02%
2026-02-04 20:13:07 KST | INFO |   No improvement (2/30)
2026-02-04 20:13:07 KST | INFO | 
2026-02-04 20:13:07 KST | INFO | Epoch 22/200 | LR: 0.097304
2026-02-04 20:13:20 KST | INFO |   Train Loss: 0.3429 | Test Loss: 0.0017 | Test Acc: 85.30%
2026-02-04 20:13:20 KST | INFO |   No improvement (3/30)
2026-02-04 20:13:20 KST | INFO | 
2026-02-04 20:13:20 KST | INFO | Epoch 23/200 | LR: 0.097044
2026-02-04 20:13:32 KST | INFO |   Train Loss: 0.3361 | Test Loss: 0.0016 | Test Acc: 85.88%
2026-02-04 20:13:32 KST | INFO |   No improvement (4/30)
2026-02-04 20:13:32 KST | INFO | 
2026-02-04 20:13:32 KST | INFO | Epoch 24/200 | LR: 0.096772
2026-02-04 20:13:45 KST | INFO |   Train Loss: 0.3217 | Test Loss: 0.0015 | Test Acc: 86.30%
2026-02-04 20:13:45 KST | INFO |   🏆 New best accuracy: 86.30%
2026-02-04 20:13:45 KST | INFO | 
2026-02-04 20:13:45 KST | INFO | Epoch 25/200 | LR: 0.096489
2026-02-04 20:13:58 KST | INFO |   Train Loss: 0.3216 | Test Loss: 0.0015 | Test Acc: 86.83%
2026-02-04 20:13:58 KST | INFO |   🏆 New best accuracy: 86.83%
2026-02-04 20:13:58 KST | INFO | 
2026-02-04 20:13:58 KST | INFO | Epoch 26/200 | LR: 0.096194
2026-02-04 20:14:11 KST | INFO |   Train Loss: 0.3184 | Test Loss: 0.0017 | Test Acc: 85.22%
2026-02-04 20:14:11 KST | INFO |   No improvement (1/30)
2026-02-04 20:14:11 KST | INFO | 
2026-02-04 20:14:11 KST | INFO | Epoch 27/200 | LR: 0.095888
2026-02-04 20:14:24 KST | INFO |   Train Loss: 0.3106 | Test Loss: 0.0020 | Test Acc: 83.45%
2026-02-04 20:14:24 KST | INFO |   No improvement (2/30)
2026-02-04 20:14:24 KST | INFO | 
2026-02-04 20:14:24 KST | INFO | Epoch 28/200 | LR: 0.095570
2026-02-04 20:14:37 KST | INFO |   Train Loss: 0.3072 | Test Loss: 0.0014 | Test Acc: 87.22%
2026-02-04 20:14:37 KST | INFO |   🏆 New best accuracy: 87.22%
2026-02-04 20:14:37 KST | INFO | 
2026-02-04 20:14:37 KST | INFO | Epoch 29/200 | LR: 0.095241
2026-02-04 20:14:50 KST | INFO |   Train Loss: 0.3033 | Test Loss: 0.0015 | Test Acc: 87.15%
2026-02-04 20:14:50 KST | INFO |   No improvement (1/30)
2026-02-04 20:14:50 KST | INFO | 
2026-02-04 20:14:50 KST | INFO | Epoch 30/200 | LR: 0.094901
2026-02-04 20:15:03 KST | INFO |   Train Loss: 0.2975 | Test Loss: 0.0016 | Test Acc: 86.27%
2026-02-04 20:15:03 KST | INFO |   No improvement (2/30)
2026-02-04 20:15:03 KST | INFO | 
2026-02-04 20:15:03 KST | INFO | Epoch 31/200 | LR: 0.094550
2026-02-04 20:15:16 KST | INFO |   Train Loss: 0.2905 | Test Loss: 0.0015 | Test Acc: 87.83%
2026-02-04 20:15:16 KST | INFO |   🏆 New best accuracy: 87.83%
2026-02-04 20:15:16 KST | INFO | 
2026-02-04 20:15:16 KST | INFO | Epoch 32/200 | LR: 0.094188
2026-02-04 20:15:28 KST | INFO |   Train Loss: 0.2902 | Test Loss: 0.0018 | Test Acc: 84.48%
2026-02-04 20:15:28 KST | INFO |   No improvement (1/30)
2026-02-04 20:15:28 KST | INFO | 
2026-02-04 20:15:28 KST | INFO | Epoch 33/200 | LR: 0.093815
2026-02-04 20:15:41 KST | INFO |   Train Loss: 0.2859 | Test Loss: 0.0015 | Test Acc: 87.35%
2026-02-04 20:15:41 KST | INFO |   No improvement (2/30)
2026-02-04 20:15:41 KST | INFO | 
2026-02-04 20:15:41 KST | INFO | Epoch 34/200 | LR: 0.093432
2026-02-04 20:15:54 KST | INFO |   Train Loss: 0.2883 | Test Loss: 0.0016 | Test Acc: 86.10%
2026-02-04 20:15:54 KST | INFO |   No improvement (3/30)
2026-02-04 20:15:54 KST | INFO | 
2026-02-04 20:15:54 KST | INFO | Epoch 35/200 | LR: 0.093037
2026-02-04 20:16:07 KST | INFO |   Train Loss: 0.2792 | Test Loss: 0.0016 | Test Acc: 86.62%
2026-02-04 20:16:07 KST | INFO |   No improvement (4/30)
2026-02-04 20:16:07 KST | INFO | 
2026-02-04 20:16:07 KST | INFO | Epoch 36/200 | LR: 0.092632
2026-02-04 20:16:20 KST | INFO |   Train Loss: 0.2715 | Test Loss: 0.0016 | Test Acc: 85.90%
2026-02-04 20:16:20 KST | INFO |   No improvement (5/30)
2026-02-04 20:16:20 KST | INFO | 
2026-02-04 20:16:20 KST | INFO | Epoch 37/200 | LR: 0.092216
2026-02-04 20:16:33 KST | INFO |   Train Loss: 0.2710 | Test Loss: 0.0016 | Test Acc: 86.78%
2026-02-04 20:16:33 KST | INFO |   No improvement (6/30)
2026-02-04 20:16:33 KST | INFO | 
2026-02-04 20:16:33 KST | INFO | Epoch 38/200 | LR: 0.091790
2026-02-04 20:16:46 KST | INFO |   Train Loss: 0.2711 | Test Loss: 0.0013 | Test Acc: 88.33%
2026-02-04 20:16:46 KST | INFO |   🏆 New best accuracy: 88.33%
2026-02-04 20:16:46 KST | INFO | 
2026-02-04 20:16:46 KST | INFO | Epoch 39/200 | LR: 0.091354
2026-02-04 20:16:59 KST | INFO |   Train Loss: 0.2669 | Test Loss: 0.0015 | Test Acc: 87.38%
2026-02-04 20:16:59 KST | INFO |   No improvement (1/30)
2026-02-04 20:16:59 KST | INFO | 
2026-02-04 20:16:59 KST | INFO | Epoch 40/200 | LR: 0.090908
2026-02-04 20:17:11 KST | INFO |   Train Loss: 0.2574 | Test Loss: 0.0014 | Test Acc: 87.87%
2026-02-04 20:17:11 KST | INFO |   No improvement (2/30)
2026-02-04 20:17:11 KST | INFO | 
2026-02-04 20:17:11 KST | INFO | Epoch 41/200 | LR: 0.090451
2026-02-04 20:17:24 KST | INFO |   Train Loss: 0.2579 | Test Loss: 0.0014 | Test Acc: 88.53%
2026-02-04 20:17:24 KST | INFO |   🏆 New best accuracy: 88.53%
2026-02-04 20:17:24 KST | INFO | 
2026-02-04 20:17:24 KST | INFO | Epoch 42/200 | LR: 0.089984
2026-02-04 20:17:37 KST | INFO |   Train Loss: 0.2518 | Test Loss: 0.0016 | Test Acc: 87.13%
2026-02-04 20:17:37 KST | INFO |   No improvement (1/30)
2026-02-04 20:17:37 KST | INFO | 
2026-02-04 20:17:37 KST | INFO | Epoch 43/200 | LR: 0.089508
2026-02-04 20:17:50 KST | INFO |   Train Loss: 0.2542 | Test Loss: 0.0017 | Test Acc: 85.52%
2026-02-04 20:17:50 KST | INFO |   No improvement (2/30)
2026-02-04 20:17:50 KST | INFO | 
2026-02-04 20:17:50 KST | INFO | Epoch 44/200 | LR: 0.089022
2026-02-04 20:18:03 KST | INFO |   Train Loss: 0.2484 | Test Loss: 0.0014 | Test Acc: 88.48%
2026-02-04 20:18:03 KST | INFO |   No improvement (3/30)
2026-02-04 20:18:03 KST | INFO | 
2026-02-04 20:18:03 KST | INFO | Epoch 45/200 | LR: 0.088526
2026-02-04 20:18:15 KST | INFO |   Train Loss: 0.2419 | Test Loss: 0.0015 | Test Acc: 86.97%
2026-02-04 20:18:15 KST | INFO |   No improvement (4/30)
2026-02-04 20:18:15 KST | INFO | 
2026-02-04 20:18:15 KST | INFO | Epoch 46/200 | LR: 0.088020
2026-02-04 20:18:28 KST | INFO |   Train Loss: 0.2435 | Test Loss: 0.0013 | Test Acc: 89.47%
2026-02-04 20:18:28 KST | INFO |   🏆 New best accuracy: 89.47%
2026-02-04 20:18:28 KST | INFO | 
2026-02-04 20:18:28 KST | INFO | Epoch 47/200 | LR: 0.087506
2026-02-04 20:18:41 KST | INFO |   Train Loss: 0.2385 | Test Loss: 0.0013 | Test Acc: 88.80%
2026-02-04 20:18:41 KST | INFO |   No improvement (1/30)
2026-02-04 20:18:41 KST | INFO | 
2026-02-04 20:18:41 KST | INFO | Epoch 48/200 | LR: 0.086982
2026-02-04 20:18:54 KST | INFO |   Train Loss: 0.2368 | Test Loss: 0.0015 | Test Acc: 87.80%
2026-02-04 20:18:54 KST | INFO |   No improvement (2/30)
2026-02-04 20:18:54 KST | INFO | 
2026-02-04 20:18:54 KST | INFO | Epoch 49/200 | LR: 0.086449
2026-02-04 20:19:07 KST | INFO |   Train Loss: 0.2360 | Test Loss: 0.0014 | Test Acc: 88.37%
2026-02-04 20:19:07 KST | INFO |   No improvement (3/30)
2026-02-04 20:19:07 KST | INFO | 
2026-02-04 20:19:07 KST | INFO | Epoch 50/200 | LR: 0.085906
2026-02-04 20:19:19 KST | INFO |   Train Loss: 0.2342 | Test Loss: 0.0013 | Test Acc: 88.57%
2026-02-04 20:19:19 KST | INFO |   No improvement (4/30)
2026-02-04 20:19:19 KST | INFO | 
2026-02-04 20:19:19 KST | INFO | Epoch 51/200 | LR: 0.085355
2026-02-04 20:19:32 KST | INFO |   Train Loss: 0.2339 | Test Loss: 0.0014 | Test Acc: 88.23%
2026-02-04 20:19:32 KST | INFO |   No improvement (5/30)
2026-02-04 20:19:32 KST | INFO | 
2026-02-04 20:19:32 KST | INFO | Epoch 52/200 | LR: 0.084796
2026-02-04 20:19:45 KST | INFO |   Train Loss: 0.2318 | Test Loss: 0.0014 | Test Acc: 88.25%
2026-02-04 20:19:45 KST | INFO |   No improvement (6/30)
2026-02-04 20:19:45 KST | INFO | 
2026-02-04 20:19:45 KST | INFO | Epoch 53/200 | LR: 0.084228
2026-02-04 20:19:58 KST | INFO |   Train Loss: 0.2290 | Test Loss: 0.0014 | Test Acc: 88.08%
2026-02-04 20:19:58 KST | INFO |   No improvement (7/30)
2026-02-04 20:19:58 KST | INFO | 
2026-02-04 20:19:58 KST | INFO | Epoch 54/200 | LR: 0.083651
2026-02-04 20:20:11 KST | INFO |   Train Loss: 0.2232 | Test Loss: 0.0014 | Test Acc: 88.87%
2026-02-04 20:20:11 KST | INFO |   No improvement (8/30)
2026-02-04 20:20:11 KST | INFO | 
2026-02-04 20:20:11 KST | INFO | Epoch 55/200 | LR: 0.083066
2026-02-04 20:20:23 KST | INFO |   Train Loss: 0.2322 | Test Loss: 0.0012 | Test Acc: 89.72%
2026-02-04 20:20:23 KST | INFO |   🏆 New best accuracy: 89.72%
2026-02-04 20:20:23 KST | INFO | 
2026-02-04 20:20:23 KST | INFO | Epoch 56/200 | LR: 0.082473
2026-02-04 20:20:36 KST | INFO |   Train Loss: 0.2201 | Test Loss: 0.0012 | Test Acc: 88.83%
2026-02-04 20:20:36 KST | INFO |   No improvement (1/30)
2026-02-04 20:20:36 KST | INFO | 
2026-02-04 20:20:36 KST | INFO | Epoch 57/200 | LR: 0.081871
2026-02-04 20:20:49 KST | INFO |   Train Loss: 0.2234 | Test Loss: 0.0013 | Test Acc: 89.12%
2026-02-04 20:20:49 KST | INFO |   No improvement (2/30)
2026-02-04 20:20:49 KST | INFO | 
2026-02-04 20:20:49 KST | INFO | Epoch 58/200 | LR: 0.081262
2026-02-04 20:21:02 KST | INFO |   Train Loss: 0.2177 | Test Loss: 0.0014 | Test Acc: 88.25%
2026-02-04 20:21:02 KST | INFO |   No improvement (3/30)
2026-02-04 20:21:02 KST | INFO | 
2026-02-04 20:21:02 KST | INFO | Epoch 59/200 | LR: 0.080646
2026-02-04 20:21:15 KST | INFO |   Train Loss: 0.2151 | Test Loss: 0.0015 | Test Acc: 88.32%
2026-02-04 20:21:15 KST | INFO |   No improvement (4/30)
2026-02-04 20:21:15 KST | INFO | 
2026-02-04 20:21:15 KST | INFO | Epoch 60/200 | LR: 0.080021
2026-02-04 20:21:28 KST | INFO |   Train Loss: 0.2137 | Test Loss: 0.0014 | Test Acc: 87.87%
2026-02-04 20:21:28 KST | INFO |   No improvement (5/30)
2026-02-04 20:21:28 KST | INFO | 
2026-02-04 20:21:28 KST | INFO | Epoch 61/200 | LR: 0.079389
2026-02-04 20:21:41 KST | INFO |   Train Loss: 0.2177 | Test Loss: 0.0015 | Test Acc: 87.55%
2026-02-04 20:21:41 KST | INFO |   No improvement (6/30)
2026-02-04 20:21:41 KST | INFO | 
2026-02-04 20:21:41 KST | INFO | Epoch 62/200 | LR: 0.078750
2026-02-04 20:21:54 KST | INFO |   Train Loss: 0.2064 | Test Loss: 0.0014 | Test Acc: 88.40%
2026-02-04 20:21:54 KST | INFO |   No improvement (7/30)
2026-02-04 20:21:54 KST | INFO | 
2026-02-04 20:21:54 KST | INFO | Epoch 63/200 | LR: 0.078104
2026-02-04 20:22:07 KST | INFO |   Train Loss: 0.2059 | Test Loss: 0.0014 | Test Acc: 87.72%
2026-02-04 20:22:07 KST | INFO |   No improvement (8/30)
2026-02-04 20:22:07 KST | INFO | 
2026-02-04 20:22:07 KST | INFO | Epoch 64/200 | LR: 0.077451
2026-02-04 20:22:20 KST | INFO |   Train Loss: 0.2086 | Test Loss: 0.0012 | Test Acc: 89.58%
2026-02-04 20:22:20 KST | INFO |   No improvement (9/30)
2026-02-04 20:22:20 KST | INFO | 
2026-02-04 20:22:20 KST | INFO | Epoch 65/200 | LR: 0.076792
2026-02-04 20:22:33 KST | INFO |   Train Loss: 0.2043 | Test Loss: 0.0014 | Test Acc: 88.20%
2026-02-04 20:22:33 KST | INFO |   No improvement (10/30)
2026-02-04 20:22:33 KST | INFO | 
2026-02-04 20:22:33 KST | INFO | Epoch 66/200 | LR: 0.076125
2026-02-04 20:22:46 KST | INFO |   Train Loss: 0.2000 | Test Loss: 0.0015 | Test Acc: 87.77%
2026-02-04 20:22:46 KST | INFO |   No improvement (11/30)
2026-02-04 20:22:46 KST | INFO | 
2026-02-04 20:22:46 KST | INFO | Epoch 67/200 | LR: 0.075452
2026-02-04 20:22:59 KST | INFO |   Train Loss: 0.1946 | Test Loss: 0.0014 | Test Acc: 88.35%
2026-02-04 20:22:59 KST | INFO |   No improvement (12/30)
2026-02-04 20:22:59 KST | INFO | 
2026-02-04 20:22:59 KST | INFO | Epoch 68/200 | LR: 0.074773
2026-02-04 20:23:12 KST | INFO |   Train Loss: 0.1942 | Test Loss: 0.0015 | Test Acc: 87.87%
2026-02-04 20:23:12 KST | INFO |   No improvement (13/30)
2026-02-04 20:23:12 KST | INFO | 
2026-02-04 20:23:12 KST | INFO | Epoch 69/200 | LR: 0.074088
2026-02-04 20:23:25 KST | INFO |   Train Loss: 0.1986 | Test Loss: 0.0014 | Test Acc: 88.68%
2026-02-04 20:23:25 KST | INFO |   No improvement (14/30)
2026-02-04 20:23:25 KST | INFO | 
2026-02-04 20:23:25 KST | INFO | Epoch 70/200 | LR: 0.073397
2026-02-04 20:23:38 KST | INFO |   Train Loss: 0.1949 | Test Loss: 0.0013 | Test Acc: 89.32%
2026-02-04 20:23:38 KST | INFO |   No improvement (15/30)
2026-02-04 20:23:38 KST | INFO | 
2026-02-04 20:23:38 KST | INFO | Epoch 71/200 | LR: 0.072700
2026-02-04 20:23:51 KST | INFO |   Train Loss: 0.1893 | Test Loss: 0.0013 | Test Acc: 89.37%
2026-02-04 20:23:51 KST | INFO |   No improvement (16/30)
2026-02-04 20:23:51 KST | INFO | 
2026-02-04 20:23:51 KST | INFO | Epoch 72/200 | LR: 0.071997
2026-02-04 20:24:04 KST | INFO |   Train Loss: 0.1877 | Test Loss: 0.0015 | Test Acc: 87.93%
2026-02-04 20:24:04 KST | INFO |   No improvement (17/30)
2026-02-04 20:24:04 KST | INFO | 
2026-02-04 20:24:04 KST | INFO | Epoch 73/200 | LR: 0.071289
2026-02-04 20:24:16 KST | INFO |   Train Loss: 0.1853 | Test Loss: 0.0016 | Test Acc: 87.68%
2026-02-04 20:24:16 KST | INFO |   No improvement (18/30)
2026-02-04 20:24:16 KST | INFO | 
2026-02-04 20:24:16 KST | INFO | Epoch 74/200 | LR: 0.070576
2026-02-04 20:24:29 KST | INFO |   Train Loss: 0.1794 | Test Loss: 0.0013 | Test Acc: 89.90%
2026-02-04 20:24:29 KST | INFO |   🏆 New best accuracy: 89.90%
2026-02-04 20:24:29 KST | INFO | 
2026-02-04 20:24:29 KST | INFO | Epoch 75/200 | LR: 0.069858
2026-02-04 20:24:42 KST | INFO |   Train Loss: 0.1804 | Test Loss: 0.0016 | Test Acc: 87.58%
2026-02-04 20:24:42 KST | INFO |   No improvement (1/30)
2026-02-04 20:24:42 KST | INFO | 
2026-02-04 20:24:42 KST | INFO | Epoch 76/200 | LR: 0.069134
2026-02-04 20:24:55 KST | INFO |   Train Loss: 0.1789 | Test Loss: 0.0013 | Test Acc: 88.93%
2026-02-04 20:24:55 KST | INFO |   No improvement (2/30)
2026-02-04 20:24:55 KST | INFO | 
2026-02-04 20:24:55 KST | INFO | Epoch 77/200 | LR: 0.068407
2026-02-04 20:25:08 KST | INFO |   Train Loss: 0.1774 | Test Loss: 0.0013 | Test Acc: 88.57%
2026-02-04 20:25:08 KST | INFO |   No improvement (3/30)
2026-02-04 20:25:08 KST | INFO | 
2026-02-04 20:25:08 KST | INFO | Epoch 78/200 | LR: 0.067674
2026-02-04 20:25:21 KST | INFO |   Train Loss: 0.1794 | Test Loss: 0.0013 | Test Acc: 89.77%
2026-02-04 20:25:21 KST | INFO |   No improvement (4/30)
2026-02-04 20:25:21 KST | INFO | 
2026-02-04 20:25:21 KST | INFO | Epoch 79/200 | LR: 0.066937
2026-02-04 20:25:34 KST | INFO |   Train Loss: 0.1711 | Test Loss: 0.0013 | Test Acc: 88.70%
2026-02-04 20:25:34 KST | INFO |   No improvement (5/30)
2026-02-04 20:25:34 KST | INFO | 
2026-02-04 20:25:34 KST | INFO | Epoch 80/200 | LR: 0.066196
2026-02-04 20:25:47 KST | INFO |   Train Loss: 0.1686 | Test Loss: 0.0015 | Test Acc: 88.60%
2026-02-04 20:25:47 KST | INFO |   No improvement (6/30)
2026-02-04 20:25:47 KST | INFO | 
2026-02-04 20:25:47 KST | INFO | Epoch 81/200 | LR: 0.065451
2026-02-04 20:26:00 KST | INFO |   Train Loss: 0.1667 | Test Loss: 0.0013 | Test Acc: 89.87%
2026-02-04 20:26:00 KST | INFO |   No improvement (7/30)
2026-02-04 20:26:00 KST | INFO | 
2026-02-04 20:26:00 KST | INFO | Epoch 82/200 | LR: 0.064702
2026-02-04 20:26:13 KST | INFO |   Train Loss: 0.1656 | Test Loss: 0.0013 | Test Acc: 89.12%
2026-02-04 20:26:13 KST | INFO |   No improvement (8/30)
2026-02-04 20:26:13 KST | INFO | 
2026-02-04 20:26:13 KST | INFO | Epoch 83/200 | LR: 0.063950
2026-02-04 20:26:26 KST | INFO |   Train Loss: 0.1613 | Test Loss: 0.0013 | Test Acc: 90.03%
2026-02-04 20:26:26 KST | INFO |   🏆 New best accuracy: 90.03%
2026-02-04 20:26:26 KST | INFO | 
2026-02-04 20:26:26 KST | INFO | Epoch 84/200 | LR: 0.063194
2026-02-04 20:26:38 KST | INFO |   Train Loss: 0.1630 | Test Loss: 0.0013 | Test Acc: 89.77%
2026-02-04 20:26:38 KST | INFO |   No improvement (1/30)
2026-02-04 20:26:38 KST | INFO | 
2026-02-04 20:26:38 KST | INFO | Epoch 85/200 | LR: 0.062435
2026-02-04 20:26:51 KST | INFO |   Train Loss: 0.1560 | Test Loss: 0.0015 | Test Acc: 88.77%
2026-02-04 20:26:51 KST | INFO |   No improvement (2/30)
2026-02-04 20:26:51 KST | INFO | 
2026-02-04 20:26:51 KST | INFO | Epoch 86/200 | LR: 0.061673
2026-02-04 20:27:04 KST | INFO |   Train Loss: 0.1558 | Test Loss: 0.0013 | Test Acc: 89.12%
2026-02-04 20:27:04 KST | INFO |   No improvement (3/30)
2026-02-04 20:27:04 KST | INFO | 
2026-02-04 20:27:04 KST | INFO | Epoch 87/200 | LR: 0.060908
2026-02-04 20:27:17 KST | INFO |   Train Loss: 0.1554 | Test Loss: 0.0014 | Test Acc: 88.57%
2026-02-04 20:27:17 KST | INFO |   No improvement (4/30)
2026-02-04 20:27:17 KST | INFO | 
2026-02-04 20:27:17 KST | INFO | Epoch 88/200 | LR: 0.060140
2026-02-04 20:27:30 KST | INFO |   Train Loss: 0.1494 | Test Loss: 0.0011 | Test Acc: 90.35%
2026-02-04 20:27:30 KST | INFO |   🏆 New best accuracy: 90.35%
2026-02-04 20:27:30 KST | INFO | 
2026-02-04 20:27:30 KST | INFO | Epoch 89/200 | LR: 0.059369
2026-02-04 20:27:43 KST | INFO |   Train Loss: 0.1502 | Test Loss: 0.0014 | Test Acc: 89.00%
2026-02-04 20:27:43 KST | INFO |   No improvement (1/30)
2026-02-04 20:27:43 KST | INFO | 
2026-02-04 20:27:43 KST | INFO | Epoch 90/200 | LR: 0.058597
2026-02-04 20:27:56 KST | INFO |   Train Loss: 0.1469 | Test Loss: 0.0014 | Test Acc: 89.20%
2026-02-04 20:27:56 KST | INFO |   No improvement (2/30)
2026-02-04 20:27:56 KST | INFO | 
2026-02-04 20:27:56 KST | INFO | Epoch 91/200 | LR: 0.057822
2026-02-04 20:28:09 KST | INFO |   Train Loss: 0.1491 | Test Loss: 0.0012 | Test Acc: 90.35%
2026-02-04 20:28:09 KST | INFO |   No improvement (3/30)
2026-02-04 20:28:09 KST | INFO | 
2026-02-04 20:28:09 KST | INFO | Epoch 92/200 | LR: 0.057045
2026-02-04 20:28:22 KST | INFO |   Train Loss: 0.1424 | Test Loss: 0.0013 | Test Acc: 90.03%
2026-02-04 20:28:22 KST | INFO |   No improvement (4/30)
2026-02-04 20:28:22 KST | INFO | 
2026-02-04 20:28:22 KST | INFO | Epoch 93/200 | LR: 0.056267
2026-02-04 20:28:35 KST | INFO |   Train Loss: 0.1416 | Test Loss: 0.0014 | Test Acc: 89.42%
2026-02-04 20:28:35 KST | INFO |   No improvement (5/30)
2026-02-04 20:28:35 KST | INFO | 
2026-02-04 20:28:35 KST | INFO | Epoch 94/200 | LR: 0.055487
2026-02-04 20:28:48 KST | INFO |   Train Loss: 0.1399 | Test Loss: 0.0015 | Test Acc: 88.53%
2026-02-04 20:28:48 KST | INFO |   No improvement (6/30)
2026-02-04 20:28:48 KST | INFO | 
2026-02-04 20:28:48 KST | INFO | Epoch 95/200 | LR: 0.054706
2026-02-04 20:29:01 KST | INFO |   Train Loss: 0.1374 | Test Loss: 0.0013 | Test Acc: 89.97%
2026-02-04 20:29:01 KST | INFO |   No improvement (7/30)
2026-02-04 20:29:01 KST | INFO | 
2026-02-04 20:29:01 KST | INFO | Epoch 96/200 | LR: 0.053923
2026-02-04 20:29:13 KST | INFO |   Train Loss: 0.1347 | Test Loss: 0.0012 | Test Acc: 90.22%
2026-02-04 20:29:13 KST | INFO |   No improvement (8/30)
2026-02-04 20:29:13 KST | INFO | 
2026-02-04 20:29:13 KST | INFO | Epoch 97/200 | LR: 0.053140
2026-02-04 20:29:26 KST | INFO |   Train Loss: 0.1333 | Test Loss: 0.0013 | Test Acc: 89.57%
2026-02-04 20:29:26 KST | INFO |   No improvement (9/30)
2026-02-04 20:29:26 KST | INFO | 
2026-02-04 20:29:26 KST | INFO | Epoch 98/200 | LR: 0.052356
2026-02-04 20:29:40 KST | INFO |   Train Loss: 0.1287 | Test Loss: 0.0013 | Test Acc: 89.53%
2026-02-04 20:29:40 KST | INFO |   No improvement (10/30)
2026-02-04 20:29:40 KST | INFO | 
2026-02-04 20:29:40 KST | INFO | Epoch 99/200 | LR: 0.051571
2026-02-04 20:29:53 KST | INFO |   Train Loss: 0.1313 | Test Loss: 0.0014 | Test Acc: 88.90%
2026-02-04 20:29:53 KST | INFO |   No improvement (11/30)
2026-02-04 20:29:53 KST | INFO | 
2026-02-04 20:29:53 KST | INFO | Epoch 100/200 | LR: 0.050786
2026-02-04 20:30:05 KST | INFO |   Train Loss: 0.1275 | Test Loss: 0.0013 | Test Acc: 90.27%
2026-02-04 20:30:05 KST | INFO |   No improvement (12/30)
2026-02-04 20:30:05 KST | INFO | 
2026-02-04 20:30:05 KST | INFO | Epoch 101/200 | LR: 0.050001
2026-02-04 20:30:18 KST | INFO |   Train Loss: 0.1203 | Test Loss: 0.0015 | Test Acc: 89.58%
2026-02-04 20:30:18 KST | INFO |   No improvement (13/30)
2026-02-04 20:30:18 KST | INFO | 
2026-02-04 20:30:18 KST | INFO | Epoch 102/200 | LR: 0.049215
2026-02-04 20:30:31 KST | INFO |   Train Loss: 0.1198 | Test Loss: 0.0014 | Test Acc: 89.28%
2026-02-04 20:30:31 KST | INFO |   No improvement (14/30)
2026-02-04 20:30:31 KST | INFO | 
2026-02-04 20:30:31 KST | INFO | Epoch 103/200 | LR: 0.048430
2026-02-04 20:30:44 KST | INFO |   Train Loss: 0.1205 | Test Loss: 0.0013 | Test Acc: 89.70%
2026-02-04 20:30:44 KST | INFO |   No improvement (15/30)
2026-02-04 20:30:44 KST | INFO | 
2026-02-04 20:30:44 KST | INFO | Epoch 104/200 | LR: 0.047645
2026-02-04 20:30:57 KST | INFO |   Train Loss: 0.1158 | Test Loss: 0.0014 | Test Acc: 89.67%
2026-02-04 20:30:57 KST | INFO |   No improvement (16/30)
2026-02-04 20:30:57 KST | INFO | 
2026-02-04 20:30:57 KST | INFO | Epoch 105/200 | LR: 0.046861
2026-02-04 20:31:10 KST | INFO |   Train Loss: 0.1171 | Test Loss: 0.0012 | Test Acc: 90.77%
2026-02-04 20:31:10 KST | INFO |   🏆 New best accuracy: 90.77%
2026-02-04 20:31:10 KST | INFO | 
2026-02-04 20:31:10 KST | INFO | Epoch 106/200 | LR: 0.046078
2026-02-04 20:31:23 KST | INFO |   Train Loss: 0.1124 | Test Loss: 0.0016 | Test Acc: 88.67%
2026-02-04 20:31:23 KST | INFO |   No improvement (1/30)
2026-02-04 20:31:23 KST | INFO | 
2026-02-04 20:31:23 KST | INFO | Epoch 107/200 | LR: 0.045295
2026-02-04 20:31:36 KST | INFO |   Train Loss: 0.1123 | Test Loss: 0.0013 | Test Acc: 90.08%
2026-02-04 20:31:36 KST | INFO |   No improvement (2/30)
2026-02-04 20:31:36 KST | INFO | 
2026-02-04 20:31:36 KST | INFO | Epoch 108/200 | LR: 0.044514
2026-02-04 20:31:48 KST | INFO |   Train Loss: 0.1091 | Test Loss: 0.0013 | Test Acc: 89.97%
2026-02-04 20:31:48 KST | INFO |   No improvement (3/30)
2026-02-04 20:31:48 KST | INFO | 
2026-02-04 20:31:48 KST | INFO | Epoch 109/200 | LR: 0.043734
2026-02-04 20:32:01 KST | INFO |   Train Loss: 0.1098 | Test Loss: 0.0015 | Test Acc: 88.77%
2026-02-04 20:32:01 KST | INFO |   No improvement (4/30)
2026-02-04 20:32:01 KST | INFO | 
2026-02-04 20:32:01 KST | INFO | Epoch 110/200 | LR: 0.042956
2026-02-04 20:32:14 KST | INFO |   Train Loss: 0.1045 | Test Loss: 0.0014 | Test Acc: 90.05%
2026-02-04 20:32:14 KST | INFO |   No improvement (5/30)
2026-02-04 20:32:14 KST | INFO | 
2026-02-04 20:32:14 KST | INFO | Epoch 111/200 | LR: 0.042179
2026-02-04 20:32:27 KST | INFO |   Train Loss: 0.1010 | Test Loss: 0.0014 | Test Acc: 89.77%
2026-02-04 20:32:27 KST | INFO |   No improvement (6/30)
2026-02-04 20:32:27 KST | INFO | 
2026-02-04 20:32:27 KST | INFO | Epoch 112/200 | LR: 0.041404
2026-02-04 20:32:40 KST | INFO |   Train Loss: 0.1007 | Test Loss: 0.0013 | Test Acc: 90.00%
2026-02-04 20:32:40 KST | INFO |   No improvement (7/30)
2026-02-04 20:32:40 KST | INFO | 
2026-02-04 20:32:40 KST | INFO | Epoch 113/200 | LR: 0.040632
2026-02-04 20:32:53 KST | INFO |   Train Loss: 0.1010 | Test Loss: 0.0011 | Test Acc: 91.63%
2026-02-04 20:32:53 KST | INFO |   🏆 New best accuracy: 91.63%
2026-02-04 20:32:53 KST | INFO | 
2026-02-04 20:32:53 KST | INFO | Epoch 114/200 | LR: 0.039861
2026-02-04 20:33:05 KST | INFO |   Train Loss: 0.0969 | Test Loss: 0.0015 | Test Acc: 89.73%
2026-02-04 20:33:05 KST | INFO |   No improvement (1/30)
2026-02-04 20:33:05 KST | INFO | 
2026-02-04 20:33:05 KST | INFO | Epoch 115/200 | LR: 0.039093
2026-02-04 20:33:18 KST | INFO |   Train Loss: 0.0941 | Test Loss: 0.0012 | Test Acc: 90.63%
2026-02-04 20:33:18 KST | INFO |   No improvement (2/30)
2026-02-04 20:33:18 KST | INFO | 
2026-02-04 20:33:18 KST | INFO | Epoch 116/200 | LR: 0.038328
2026-02-04 20:33:31 KST | INFO |   Train Loss: 0.0923 | Test Loss: 0.0014 | Test Acc: 90.55%
2026-02-04 20:33:31 KST | INFO |   No improvement (3/30)
2026-02-04 20:33:31 KST | INFO | 
2026-02-04 20:33:31 KST | INFO | Epoch 117/200 | LR: 0.037566
2026-02-04 20:33:44 KST | INFO |   Train Loss: 0.0888 | Test Loss: 0.0014 | Test Acc: 89.88%
2026-02-04 20:33:44 KST | INFO |   No improvement (4/30)
2026-02-04 20:33:44 KST | INFO | 
2026-02-04 20:33:44 KST | INFO | Epoch 118/200 | LR: 0.036807
2026-02-04 20:33:57 KST | INFO |   Train Loss: 0.0844 | Test Loss: 0.0014 | Test Acc: 89.70%
2026-02-04 20:33:57 KST | INFO |   No improvement (5/30)
2026-02-04 20:33:57 KST | INFO | 
2026-02-04 20:33:57 KST | INFO | Epoch 119/200 | LR: 0.036051
2026-02-04 20:34:10 KST | INFO |   Train Loss: 0.0874 | Test Loss: 0.0014 | Test Acc: 89.88%
2026-02-04 20:34:10 KST | INFO |   No improvement (6/30)
2026-02-04 20:34:10 KST | INFO | 
2026-02-04 20:34:10 KST | INFO | Epoch 120/200 | LR: 0.035299
2026-02-04 20:34:23 KST | INFO |   Train Loss: 0.0846 | Test Loss: 0.0014 | Test Acc: 90.25%
2026-02-04 20:34:23 KST | INFO |   No improvement (7/30)
2026-02-04 20:34:23 KST | INFO | 
2026-02-04 20:34:23 KST | INFO | Epoch 121/200 | LR: 0.034550
2026-02-04 20:34:36 KST | INFO |   Train Loss: 0.0837 | Test Loss: 0.0014 | Test Acc: 89.68%
2026-02-04 20:34:36 KST | INFO |   No improvement (8/30)
2026-02-04 20:34:36 KST | INFO | 
2026-02-04 20:34:36 KST | INFO | Epoch 122/200 | LR: 0.033805
2026-02-04 20:34:49 KST | INFO |   Train Loss: 0.0816 | Test Loss: 0.0014 | Test Acc: 90.12%
2026-02-04 20:34:49 KST | INFO |   No improvement (9/30)
2026-02-04 20:34:49 KST | INFO | 
2026-02-04 20:34:49 KST | INFO | Epoch 123/200 | LR: 0.033064
2026-02-04 20:35:02 KST | INFO |   Train Loss: 0.0777 | Test Loss: 0.0015 | Test Acc: 90.23%
2026-02-04 20:35:02 KST | INFO |   No improvement (10/30)
2026-02-04 20:35:02 KST | INFO | 
2026-02-04 20:35:02 KST | INFO | Epoch 124/200 | LR: 0.032327
2026-02-04 20:35:15 KST | INFO |   Train Loss: 0.0771 | Test Loss: 0.0015 | Test Acc: 89.87%
2026-02-04 20:35:15 KST | INFO |   No improvement (11/30)
2026-02-04 20:35:15 KST | INFO | 
2026-02-04 20:35:15 KST | INFO | Epoch 125/200 | LR: 0.031594
2026-02-04 20:35:27 KST | INFO |   Train Loss: 0.0771 | Test Loss: 0.0014 | Test Acc: 90.27%
2026-02-04 20:35:27 KST | INFO |   No improvement (12/30)
2026-02-04 20:35:27 KST | INFO | 
2026-02-04 20:35:27 KST | INFO | Epoch 126/200 | LR: 0.030867
2026-02-04 20:35:40 KST | INFO |   Train Loss: 0.0733 | Test Loss: 0.0014 | Test Acc: 90.15%
2026-02-04 20:35:40 KST | INFO |   No improvement (13/30)
2026-02-04 20:35:40 KST | INFO | 
2026-02-04 20:35:40 KST | INFO | Epoch 127/200 | LR: 0.030143
2026-02-04 20:35:53 KST | INFO |   Train Loss: 0.0695 | Test Loss: 0.0014 | Test Acc: 89.78%
2026-02-04 20:35:53 KST | INFO |   No improvement (14/30)
2026-02-04 20:35:53 KST | INFO | 
2026-02-04 20:35:53 KST | INFO | Epoch 128/200 | LR: 0.029425
2026-02-04 20:36:06 KST | INFO |   Train Loss: 0.0674 | Test Loss: 0.0014 | Test Acc: 90.47%
2026-02-04 20:36:06 KST | INFO |   No improvement (15/30)
2026-02-04 20:36:06 KST | INFO | 
2026-02-04 20:36:06 KST | INFO | Epoch 129/200 | LR: 0.028712
2026-02-04 20:36:19 KST | INFO |   Train Loss: 0.0681 | Test Loss: 0.0014 | Test Acc: 90.68%
2026-02-04 20:36:19 KST | INFO |   No improvement (16/30)
2026-02-04 20:36:19 KST | INFO | 
2026-02-04 20:36:19 KST | INFO | Epoch 130/200 | LR: 0.028004
2026-02-04 20:36:32 KST | INFO |   Train Loss: 0.0653 | Test Loss: 0.0014 | Test Acc: 91.08%
2026-02-04 20:36:32 KST | INFO |   No improvement (17/30)
2026-02-04 20:36:32 KST | INFO | 
2026-02-04 20:36:32 KST | INFO | Epoch 131/200 | LR: 0.027301
2026-02-04 20:36:45 KST | INFO |   Train Loss: 0.0625 | Test Loss: 0.0014 | Test Acc: 91.12%
2026-02-04 20:36:45 KST | INFO |   No improvement (18/30)
2026-02-04 20:36:45 KST | INFO | 
2026-02-04 20:36:45 KST | INFO | Epoch 132/200 | LR: 0.026604
2026-02-04 20:36:58 KST | INFO |   Train Loss: 0.0625 | Test Loss: 0.0013 | Test Acc: 90.63%
2026-02-04 20:36:58 KST | INFO |   No improvement (19/30)
2026-02-04 20:36:58 KST | INFO | 
2026-02-04 20:36:58 KST | INFO | Epoch 133/200 | LR: 0.025913
2026-02-04 20:37:11 KST | INFO |   Train Loss: 0.0592 | Test Loss: 0.0012 | Test Acc: 91.57%
2026-02-04 20:37:11 KST | INFO |   No improvement (20/30)
2026-02-04 20:37:11 KST | INFO | 
2026-02-04 20:37:11 KST | INFO | Epoch 134/200 | LR: 0.025228
2026-02-04 20:37:24 KST | INFO |   Train Loss: 0.0580 | Test Loss: 0.0013 | Test Acc: 91.22%
2026-02-04 20:37:24 KST | INFO |   No improvement (21/30)
2026-02-04 20:37:24 KST | INFO | 
2026-02-04 20:37:24 KST | INFO | Epoch 135/200 | LR: 0.024549
2026-02-04 20:37:37 KST | INFO |   Train Loss: 0.0562 | Test Loss: 0.0014 | Test Acc: 90.68%
2026-02-04 20:37:37 KST | INFO |   No improvement (22/30)
2026-02-04 20:37:37 KST | INFO | 
2026-02-04 20:37:37 KST | INFO | Epoch 136/200 | LR: 0.023876
2026-02-04 20:37:50 KST | INFO |   Train Loss: 0.0536 | Test Loss: 0.0016 | Test Acc: 89.53%
2026-02-04 20:37:50 KST | INFO |   No improvement (23/30)
2026-02-04 20:37:50 KST | INFO | 
2026-02-04 20:37:50 KST | INFO | Epoch 137/200 | LR: 0.023209
2026-02-04 20:38:03 KST | INFO |   Train Loss: 0.0533 | Test Loss: 0.0014 | Test Acc: 90.18%
2026-02-04 20:38:03 KST | INFO |   No improvement (24/30)
2026-02-04 20:38:03 KST | INFO | 
2026-02-04 20:38:03 KST | INFO | Epoch 138/200 | LR: 0.022550
2026-02-04 20:38:16 KST | INFO |   Train Loss: 0.0503 | Test Loss: 0.0015 | Test Acc: 90.07%
2026-02-04 20:38:16 KST | INFO |   No improvement (25/30)
2026-02-04 20:38:16 KST | INFO | 
2026-02-04 20:38:16 KST | INFO | Epoch 139/200 | LR: 0.021897
2026-02-04 20:38:29 KST | INFO |   Train Loss: 0.0536 | Test Loss: 0.0013 | Test Acc: 91.28%
2026-02-04 20:38:29 KST | INFO |   No improvement (26/30)
2026-02-04 20:38:29 KST | INFO | 
2026-02-04 20:38:29 KST | INFO | Epoch 140/200 | LR: 0.021251
2026-02-04 20:38:42 KST | INFO |   Train Loss: 0.0486 | Test Loss: 0.0014 | Test Acc: 90.92%
2026-02-04 20:38:42 KST | INFO |   No improvement (27/30)
2026-02-04 20:38:42 KST | INFO | 
2026-02-04 20:38:42 KST | INFO | Epoch 141/200 | LR: 0.020612
2026-02-04 20:38:55 KST | INFO |   Train Loss: 0.0476 | Test Loss: 0.0014 | Test Acc: 90.67%
2026-02-04 20:38:55 KST | INFO |   No improvement (28/30)
2026-02-04 20:38:55 KST | INFO | 
2026-02-04 20:38:55 KST | INFO | Epoch 142/200 | LR: 0.019980
2026-02-04 20:39:08 KST | INFO |   Train Loss: 0.0455 | Test Loss: 0.0014 | Test Acc: 90.98%
2026-02-04 20:39:08 KST | INFO |   No improvement (29/30)
2026-02-04 20:39:08 KST | INFO | 
2026-02-04 20:39:08 KST | INFO | Epoch 143/200 | LR: 0.019355
2026-02-04 20:39:21 KST | INFO |   Train Loss: 0.0437 | Test Loss: 0.0016 | Test Acc: 90.27%
2026-02-04 20:39:21 KST | INFO |   No improvement (30/30)
2026-02-04 20:39:21 KST | INFO | 
2026-02-04 20:39:21 KST | INFO | Early stopping after 30 epochs without improvement
2026-02-04 20:39:21 KST | INFO | 
2026-02-04 20:39:21 KST | INFO | ================================================================================
2026-02-04 20:39:21 KST | INFO | TRAINING COMPLETE
2026-02-04 20:39:21 KST | INFO | ================================================================================
2026-02-04 20:39:21 KST | INFO | Best accuracy:  91.63% (Epoch 113)
2026-02-04 20:39:21 KST | INFO | Final accuracy: 90.27%
2026-02-04 20:39:21 KST | INFO | ================================================================================
2026-02-04 20:39:21 KST | INFO | 
2026-02-04 20:39:21 KST | INFO | Notifying nodes of completion...
2026-02-04 20:39:22 KST | INFO | ✓ Nodes notified
2026-02-04 20:39:22 KST | INFO | 
2026-02-04 20:39:22 KST | INFO | Closing connections...
2026-02-04 20:39:22 KST | INFO | ✓ Cleanup complete
2026-02-04 20:39:22 KST | INFO | 
2026-02-04 20:39:22 KST | INFO | Full log: logs/TL++_base_20260204_200759.log
2026-02-04 20:39:22 KST | INFO | ================================================================================
