2026-02-04 19:24:26 KST | INFO | ================================================================================
2026-02-04 19:24:26 KST | INFO | TL++ Orchestrator
2026-02-04 19:24:26 KST | INFO | ================================================================================
2026-02-04 19:24:26 KST | INFO | Log file: logs/TL++_base_20260204_192426.log
2026-02-04 19:24:26 KST | INFO | 
2026-02-04 19:24:26 KST | INFO | --------------------------------------------------------------------------------
2026-02-04 19:24:26 KST | INFO | CONFIGURATION
2026-02-04 19:24:26 KST | INFO | --------------------------------------------------------------------------------
2026-02-04 19:24:26 KST | INFO | Secure mode:      False
2026-02-04 19:24:26 KST | INFO | Nodes:            6
2026-02-04 19:24:26 KST | INFO | Cut layer:        1
2026-02-04 19:24:26 KST | INFO | Batch size:       128
2026-02-04 19:24:26 KST | INFO | Learning rate:    0.1
2026-02-04 19:24:26 KST | INFO | 
2026-02-04 19:24:26 KST | INFO | Computation device: cuda
2026-02-04 19:24:26 KST | INFO | Secure mode: DISABLED
2026-02-04 19:24:26 KST | INFO | 
2026-02-04 19:24:26 KST | INFO | --------------------------------------------------------------------------------
2026-02-04 19:24:26 KST | INFO | NETWORK SETUP
2026-02-04 19:24:26 KST | INFO | --------------------------------------------------------------------------------
2026-02-04 19:24:26 KST | INFO | ✓ Orchestrator listening on 127.0.0.1:8080
2026-02-04 19:24:26 KST | INFO | Waiting for 6 node(s)...
2026-02-04 19:24:29 KST | INFO |   ✓ Node 1/6 connected
2026-02-04 19:24:30 KST | INFO |   ✓ Node 2/6 connected
2026-02-04 19:24:31 KST | INFO |   ✓ Node 3/6 connected
2026-02-04 19:24:32 KST | INFO |   ✓ Node 4/6 connected
2026-02-04 19:24:33 KST | INFO |   ✓ Node 5/6 connected
2026-02-04 19:24:34 KST | INFO |   ✓ Node 6/6 connected
2026-02-04 19:24:34 KST | INFO | ✓ All 6 node(s) connected
2026-02-04 19:24:34 KST | INFO | 
2026-02-04 19:24:34 KST | INFO | --------------------------------------------------------------------------------
2026-02-04 19:24:34 KST | INFO | MODEL INITIALIZATION
2026-02-04 19:24:34 KST | INFO | --------------------------------------------------------------------------------
2026-02-04 19:24:34 KST | INFO | Node-side parameters: 38,720
2026-02-04 19:24:34 KST | INFO | 
2026-02-04 19:24:34 KST | INFO | --------------------------------------------------------------------------------
2026-02-04 19:24:34 KST | INFO | BROADCASTING CONFIGURATION
2026-02-04 19:24:34 KST | INFO | --------------------------------------------------------------------------------
2026-02-04 19:24:34 KST | INFO | ✓ Configuration broadcast to all nodes
2026-02-04 19:24:36 KST | INFO | 
2026-02-04 19:24:36 KST | INFO | Total parameters:     3,246,150
2026-02-04 19:24:36 KST | INFO | Trainable parameters: 3,246,150
2026-02-04 19:24:36 KST | INFO | 
2026-02-04 19:24:36 KST | INFO | --------------------------------------------------------------------------------
2026-02-04 19:24:36 KST | INFO | DATA LOADING
2026-02-04 19:24:36 KST | INFO | --------------------------------------------------------------------------------
2026-02-04 19:25:00 KST | INFO | ✓ Dataset information collected:
2026-02-04 19:25:00 KST | INFO |     Node 1: 5,000 samples
2026-02-04 19:25:00 KST | INFO |     Node 2: 5,000 samples
2026-02-04 19:25:00 KST | INFO |     Node 3: 5,000 samples
2026-02-04 19:25:00 KST | INFO |     Node 4: 5,000 samples
2026-02-04 19:25:00 KST | INFO |     Node 5: 5,000 samples
2026-02-04 19:25:00 KST | INFO |     Node 6: 5,000 samples
2026-02-04 19:25:00 KST | INFO |   Total training samples: 30,000
2026-02-04 19:25:00 KST | INFO | 
2026-02-04 19:25:04 KST | INFO | ✓ Test dataset loaded: 6,000 samples
2026-02-04 19:25:04 KST | INFO | 
2026-02-04 19:25:04 KST | INFO | ✓ Batch scheduler: 235 batches/epoch
2026-02-04 19:25:04 KST | INFO | 
2026-02-04 19:25:04 KST | INFO | --------------------------------------------------------------------------------
2026-02-04 19:25:04 KST | INFO | OPTIMIZATION SETUP
2026-02-04 19:25:04 KST | INFO | --------------------------------------------------------------------------------
2026-02-04 19:25:04 KST | INFO | ✓ Optimizer: SGD (lr=0.1, momentum=0.9)
2026-02-04 19:25:04 KST | INFO | ✓ Scheduler: cosine
2026-02-04 19:25:04 KST | INFO | ✓ Gradient clipping: 1.0
2026-02-04 19:25:04 KST | INFO | 
2026-02-04 19:25:04 KST | INFO | ================================================================================
2026-02-04 19:25:04 KST | INFO | Setup complete - Ready for training
2026-02-04 19:25:04 KST | INFO | ================================================================================
2026-02-04 19:25:04 KST | INFO | 
2026-02-04 19:25:04 KST | INFO | --------------------------------------------------------------------------------
2026-02-04 19:25:04 KST | INFO | TRAINING
2026-02-04 19:25:04 KST | INFO | --------------------------------------------------------------------------------
2026-02-04 19:25:04 KST | INFO | 
2026-02-04 19:25:04 KST | INFO | Epoch 1/200 | LR: 0.100000
2026-02-04 19:25:17 KST | INFO |   Train Loss: 1.3487 | Test Loss: 0.0045 | Test Acc: 53.77%
2026-02-04 19:25:17 KST | INFO |   🏆 New best accuracy: 53.77%
2026-02-04 19:25:17 KST | INFO | 
2026-02-04 19:25:17 KST | INFO | Epoch 2/200 | LR: 0.099994
2026-02-04 19:25:30 KST | INFO |   Train Loss: 1.0591 | Test Loss: 0.0053 | Test Acc: 54.08%
2026-02-04 19:25:30 KST | INFO |   🏆 New best accuracy: 54.08%
2026-02-04 19:25:30 KST | INFO | 
2026-02-04 19:25:30 KST | INFO | Epoch 3/200 | LR: 0.099975
2026-02-04 19:25:43 KST | INFO |   Train Loss: 0.8879 | Test Loss: 0.0040 | Test Acc: 63.88%
2026-02-04 19:25:43 KST | INFO |   🏆 New best accuracy: 63.88%
2026-02-04 19:25:43 KST | INFO | 
2026-02-04 19:25:43 KST | INFO | Epoch 4/200 | LR: 0.099944
2026-02-04 19:25:55 KST | INFO |   Train Loss: 0.7713 | Test Loss: 0.0026 | Test Acc: 75.10%
2026-02-04 19:25:55 KST | INFO |   🏆 New best accuracy: 75.10%
2026-02-04 19:25:55 KST | INFO | 
2026-02-04 19:25:55 KST | INFO | Epoch 5/200 | LR: 0.099901
2026-02-04 19:26:08 KST | INFO |   Train Loss: 0.6869 | Test Loss: 0.0024 | Test Acc: 78.70%
2026-02-04 19:26:08 KST | INFO |   🏆 New best accuracy: 78.70%
2026-02-04 19:26:08 KST | INFO | 
2026-02-04 19:26:08 KST | INFO | Epoch 6/200 | LR: 0.099846
2026-02-04 19:26:21 KST | INFO |   Train Loss: 0.6229 | Test Loss: 0.0023 | Test Acc: 78.73%
2026-02-04 19:26:21 KST | INFO |   🏆 New best accuracy: 78.73%
2026-02-04 19:26:21 KST | INFO | 
2026-02-04 19:26:21 KST | INFO | Epoch 7/200 | LR: 0.099778
2026-02-04 19:26:34 KST | INFO |   Train Loss: 0.5708 | Test Loss: 0.0022 | Test Acc: 80.18%
2026-02-04 19:26:34 KST | INFO |   🏆 New best accuracy: 80.18%
2026-02-04 19:26:34 KST | INFO | 
2026-02-04 19:26:34 KST | INFO | Epoch 8/200 | LR: 0.099698
2026-02-04 19:26:46 KST | INFO |   Train Loss: 0.5353 | Test Loss: 0.0022 | Test Acc: 80.15%
2026-02-04 19:26:46 KST | INFO |   No improvement (1/30)
2026-02-04 19:26:46 KST | INFO | 
2026-02-04 19:26:46 KST | INFO | Epoch 9/200 | LR: 0.099606
2026-02-04 19:26:59 KST | INFO |   Train Loss: 0.5052 | Test Loss: 0.0020 | Test Acc: 82.40%
2026-02-04 19:26:59 KST | INFO |   🏆 New best accuracy: 82.40%
2026-02-04 19:26:59 KST | INFO | 
2026-02-04 19:26:59 KST | INFO | Epoch 10/200 | LR: 0.099501
2026-02-04 19:27:12 KST | INFO |   Train Loss: 0.4836 | Test Loss: 0.0018 | Test Acc: 83.63%
2026-02-04 19:27:12 KST | INFO |   🏆 New best accuracy: 83.63%
2026-02-04 19:27:12 KST | INFO | 
2026-02-04 19:27:12 KST | INFO | Epoch 11/200 | LR: 0.099384
2026-02-04 19:27:25 KST | INFO |   Train Loss: 0.4623 | Test Loss: 0.0025 | Test Acc: 78.28%
2026-02-04 19:27:25 KST | INFO |   No improvement (1/30)
2026-02-04 19:27:25 KST | INFO | 
2026-02-04 19:27:25 KST | INFO | Epoch 12/200 | LR: 0.099255
2026-02-04 19:27:38 KST | INFO |   Train Loss: 0.4484 | Test Loss: 0.0019 | Test Acc: 82.82%
2026-02-04 19:27:38 KST | INFO |   No improvement (2/30)
2026-02-04 19:27:38 KST | INFO | 
2026-02-04 19:27:38 KST | INFO | Epoch 13/200 | LR: 0.099114
2026-02-04 19:27:50 KST | INFO |   Train Loss: 0.4260 | Test Loss: 0.0020 | Test Acc: 80.62%
2026-02-04 19:27:50 KST | INFO |   No improvement (3/30)
2026-02-04 19:27:50 KST | INFO | 
2026-02-04 19:27:50 KST | INFO | Epoch 14/200 | LR: 0.098961
2026-02-04 19:28:03 KST | INFO |   Train Loss: 0.4138 | Test Loss: 0.0022 | Test Acc: 80.73%
2026-02-04 19:28:03 KST | INFO |   No improvement (4/30)
2026-02-04 19:28:03 KST | INFO | 
2026-02-04 19:28:03 KST | INFO | Epoch 15/200 | LR: 0.098796
2026-02-04 19:28:16 KST | INFO |   Train Loss: 0.3990 | Test Loss: 0.0016 | Test Acc: 85.53%
2026-02-04 19:28:16 KST | INFO |   🏆 New best accuracy: 85.53%
2026-02-04 19:28:16 KST | INFO | 
2026-02-04 19:28:16 KST | INFO | Epoch 16/200 | LR: 0.098619
2026-02-04 19:28:29 KST | INFO |   Train Loss: 0.3890 | Test Loss: 0.0018 | Test Acc: 83.75%
2026-02-04 19:28:29 KST | INFO |   No improvement (1/30)
2026-02-04 19:28:29 KST | INFO | 
2026-02-04 19:28:29 KST | INFO | Epoch 17/200 | LR: 0.098429
2026-02-04 19:28:42 KST | INFO |   Train Loss: 0.3762 | Test Loss: 0.0019 | Test Acc: 84.40%
2026-02-04 19:28:42 KST | INFO |   No improvement (2/30)
2026-02-04 19:28:42 KST | INFO | 
2026-02-04 19:28:42 KST | INFO | Epoch 18/200 | LR: 0.098228
2026-02-04 19:28:54 KST | INFO |   Train Loss: 0.3707 | Test Loss: 0.0015 | Test Acc: 85.82%
2026-02-04 19:28:55 KST | INFO |   🏆 New best accuracy: 85.82%
2026-02-04 19:28:55 KST | INFO | 
2026-02-04 19:28:55 KST | INFO | Epoch 19/200 | LR: 0.098015
2026-02-04 19:29:07 KST | INFO |   Train Loss: 0.3595 | Test Loss: 0.0016 | Test Acc: 85.83%
2026-02-04 19:29:07 KST | INFO |   🏆 New best accuracy: 85.83%
2026-02-04 19:29:07 KST | INFO | 
2026-02-04 19:29:07 KST | INFO | Epoch 20/200 | LR: 0.097790
2026-02-04 19:29:20 KST | INFO |   Train Loss: 0.3449 | Test Loss: 0.0016 | Test Acc: 85.63%
2026-02-04 19:29:20 KST | INFO |   No improvement (1/30)
2026-02-04 19:29:20 KST | INFO | 
2026-02-04 19:29:20 KST | INFO | Epoch 21/200 | LR: 0.097553
2026-02-04 19:29:33 KST | INFO |   Train Loss: 0.3390 | Test Loss: 0.0015 | Test Acc: 87.07%
2026-02-04 19:29:33 KST | INFO |   🏆 New best accuracy: 87.07%
2026-02-04 19:29:33 KST | INFO | 
2026-02-04 19:29:33 KST | INFO | Epoch 22/200 | LR: 0.097304
2026-02-04 19:29:46 KST | INFO |   Train Loss: 0.3307 | Test Loss: 0.0016 | Test Acc: 86.07%
2026-02-04 19:29:46 KST | INFO |   No improvement (1/30)
2026-02-04 19:29:46 KST | INFO | 
2026-02-04 19:29:46 KST | INFO | Epoch 23/200 | LR: 0.097044
2026-02-04 19:29:58 KST | INFO |   Train Loss: 0.3268 | Test Loss: 0.0015 | Test Acc: 86.75%
2026-02-04 19:29:58 KST | INFO |   No improvement (2/30)
2026-02-04 19:29:58 KST | INFO | 
2026-02-04 19:29:58 KST | INFO | Epoch 24/200 | LR: 0.096772
2026-02-04 19:30:11 KST | INFO |   Train Loss: 0.3239 | Test Loss: 0.0014 | Test Acc: 87.53%
2026-02-04 19:30:11 KST | INFO |   🏆 New best accuracy: 87.53%
2026-02-04 19:30:11 KST | INFO | 
2026-02-04 19:30:11 KST | INFO | Epoch 25/200 | LR: 0.096489
2026-02-04 19:30:24 KST | INFO |   Train Loss: 0.3110 | Test Loss: 0.0014 | Test Acc: 87.38%
2026-02-04 19:30:24 KST | INFO |   No improvement (1/30)
2026-02-04 19:30:24 KST | INFO | 
2026-02-04 19:30:24 KST | INFO | Epoch 26/200 | LR: 0.096194
2026-02-04 19:30:37 KST | INFO |   Train Loss: 0.3073 | Test Loss: 0.0015 | Test Acc: 86.52%
2026-02-04 19:30:37 KST | INFO |   No improvement (2/30)
2026-02-04 19:30:37 KST | INFO | 
2026-02-04 19:30:37 KST | INFO | Epoch 27/200 | LR: 0.095888
2026-02-04 19:30:49 KST | INFO |   Train Loss: 0.3016 | Test Loss: 0.0017 | Test Acc: 86.00%
2026-02-04 19:30:49 KST | INFO |   No improvement (3/30)
2026-02-04 19:30:49 KST | INFO | 
2026-02-04 19:30:49 KST | INFO | Epoch 28/200 | LR: 0.095570
2026-02-04 19:31:02 KST | INFO |   Train Loss: 0.3033 | Test Loss: 0.0017 | Test Acc: 85.63%
2026-02-04 19:31:02 KST | INFO |   No improvement (4/30)
2026-02-04 19:31:02 KST | INFO | 
2026-02-04 19:31:02 KST | INFO | Epoch 29/200 | LR: 0.095241
2026-02-04 19:31:15 KST | INFO |   Train Loss: 0.2964 | Test Loss: 0.0014 | Test Acc: 87.55%
2026-02-04 19:31:15 KST | INFO |   🏆 New best accuracy: 87.55%
2026-02-04 19:31:15 KST | INFO | 
2026-02-04 19:31:15 KST | INFO | Epoch 30/200 | LR: 0.094901
2026-02-04 19:31:28 KST | INFO |   Train Loss: 0.2890 | Test Loss: 0.0015 | Test Acc: 87.03%
2026-02-04 19:31:28 KST | INFO |   No improvement (1/30)
2026-02-04 19:31:28 KST | INFO | 
2026-02-04 19:31:28 KST | INFO | Epoch 31/200 | LR: 0.094550
2026-02-04 19:31:40 KST | INFO |   Train Loss: 0.2968 | Test Loss: 0.0014 | Test Acc: 87.77%
2026-02-04 19:31:40 KST | INFO |   🏆 New best accuracy: 87.77%
2026-02-04 19:31:40 KST | INFO | 
2026-02-04 19:31:40 KST | INFO | Epoch 32/200 | LR: 0.094188
2026-02-04 19:31:53 KST | INFO |   Train Loss: 0.2843 | Test Loss: 0.0017 | Test Acc: 85.98%
2026-02-04 19:31:53 KST | INFO |   No improvement (1/30)
2026-02-04 19:31:53 KST | INFO | 
2026-02-04 19:31:53 KST | INFO | Epoch 33/200 | LR: 0.093815
2026-02-04 19:32:06 KST | INFO |   Train Loss: 0.2851 | Test Loss: 0.0016 | Test Acc: 85.77%
2026-02-04 19:32:06 KST | INFO |   No improvement (2/30)
2026-02-04 19:32:06 KST | INFO | 
2026-02-04 19:32:06 KST | INFO | Epoch 34/200 | LR: 0.093432
2026-02-04 19:32:19 KST | INFO |   Train Loss: 0.2800 | Test Loss: 0.0018 | Test Acc: 85.58%
2026-02-04 19:32:19 KST | INFO |   No improvement (3/30)
2026-02-04 19:32:19 KST | INFO | 
2026-02-04 19:32:19 KST | INFO | Epoch 35/200 | LR: 0.093037
2026-02-04 19:32:31 KST | INFO |   Train Loss: 0.2747 | Test Loss: 0.0013 | Test Acc: 88.58%
2026-02-04 19:32:31 KST | INFO |   🏆 New best accuracy: 88.58%
2026-02-04 19:32:31 KST | INFO | 
2026-02-04 19:32:31 KST | INFO | Epoch 36/200 | LR: 0.092632
2026-02-04 19:32:44 KST | INFO |   Train Loss: 0.2693 | Test Loss: 0.0015 | Test Acc: 87.68%
2026-02-04 19:32:44 KST | INFO |   No improvement (1/30)
2026-02-04 19:32:44 KST | INFO | 
2026-02-04 19:32:44 KST | INFO | Epoch 37/200 | LR: 0.092216
2026-02-04 19:32:57 KST | INFO |   Train Loss: 0.2705 | Test Loss: 0.0015 | Test Acc: 88.07%
2026-02-04 19:32:57 KST | INFO |   No improvement (2/30)
2026-02-04 19:32:57 KST | INFO | 
2026-02-04 19:32:57 KST | INFO | Epoch 38/200 | LR: 0.091790
2026-02-04 19:33:10 KST | INFO |   Train Loss: 0.2706 | Test Loss: 0.0014 | Test Acc: 88.22%
2026-02-04 19:33:10 KST | INFO |   No improvement (3/30)
2026-02-04 19:33:10 KST | INFO | 
2026-02-04 19:33:10 KST | INFO | Epoch 39/200 | LR: 0.091354
2026-02-04 19:33:22 KST | INFO |   Train Loss: 0.2663 | Test Loss: 0.0015 | Test Acc: 87.05%
2026-02-04 19:33:22 KST | INFO |   No improvement (4/30)
2026-02-04 19:33:22 KST | INFO | 
2026-02-04 19:33:22 KST | INFO | Epoch 40/200 | LR: 0.090908
2026-02-04 19:33:35 KST | INFO |   Train Loss: 0.2630 | Test Loss: 0.0015 | Test Acc: 87.85%
2026-02-04 19:33:35 KST | INFO |   No improvement (5/30)
2026-02-04 19:33:35 KST | INFO | 
2026-02-04 19:33:35 KST | INFO | Epoch 41/200 | LR: 0.090451
2026-02-04 19:33:48 KST | INFO |   Train Loss: 0.2616 | Test Loss: 0.0016 | Test Acc: 86.95%
2026-02-04 19:33:48 KST | INFO |   No improvement (6/30)
2026-02-04 19:33:48 KST | INFO | 
2026-02-04 19:33:48 KST | INFO | Epoch 42/200 | LR: 0.089984
2026-02-04 19:34:00 KST | INFO |   Train Loss: 0.2539 | Test Loss: 0.0015 | Test Acc: 87.55%
2026-02-04 19:34:00 KST | INFO |   No improvement (7/30)
2026-02-04 19:34:00 KST | INFO | 
2026-02-04 19:34:00 KST | INFO | Epoch 43/200 | LR: 0.089508
2026-02-04 19:34:13 KST | INFO |   Train Loss: 0.2476 | Test Loss: 0.0015 | Test Acc: 87.65%
2026-02-04 19:34:13 KST | INFO |   No improvement (8/30)
2026-02-04 19:34:13 KST | INFO | 
2026-02-04 19:34:13 KST | INFO | Epoch 44/200 | LR: 0.089022
2026-02-04 19:34:26 KST | INFO |   Train Loss: 0.2518 | Test Loss: 0.0017 | Test Acc: 85.60%
2026-02-04 19:34:26 KST | INFO |   No improvement (9/30)
2026-02-04 19:34:26 KST | INFO | 
2026-02-04 19:34:26 KST | INFO | Epoch 45/200 | LR: 0.088526
2026-02-04 19:34:39 KST | INFO |   Train Loss: 0.2486 | Test Loss: 0.0014 | Test Acc: 88.38%
2026-02-04 19:34:39 KST | INFO |   No improvement (10/30)
2026-02-04 19:34:39 KST | INFO | 
2026-02-04 19:34:39 KST | INFO | Epoch 46/200 | LR: 0.088020
2026-02-04 19:34:51 KST | INFO |   Train Loss: 0.2460 | Test Loss: 0.0013 | Test Acc: 89.05%
2026-02-04 19:34:51 KST | INFO |   🏆 New best accuracy: 89.05%
2026-02-04 19:34:51 KST | INFO | 
2026-02-04 19:34:51 KST | INFO | Epoch 47/200 | LR: 0.087506
2026-02-04 19:35:04 KST | INFO |   Train Loss: 0.2411 | Test Loss: 0.0013 | Test Acc: 88.53%
2026-02-04 19:35:04 KST | INFO |   No improvement (1/30)
2026-02-04 19:35:04 KST | INFO | 
2026-02-04 19:35:04 KST | INFO | Epoch 48/200 | LR: 0.086982
2026-02-04 19:35:17 KST | INFO |   Train Loss: 0.2432 | Test Loss: 0.0013 | Test Acc: 89.07%
2026-02-04 19:35:17 KST | INFO |   🏆 New best accuracy: 89.07%
2026-02-04 19:35:17 KST | INFO | 
2026-02-04 19:35:17 KST | INFO | Epoch 49/200 | LR: 0.086449
2026-02-04 19:35:29 KST | INFO |   Train Loss: 0.2377 | Test Loss: 0.0014 | Test Acc: 87.90%
2026-02-04 19:35:29 KST | INFO |   No improvement (1/30)
2026-02-04 19:35:29 KST | INFO | 
2026-02-04 19:35:29 KST | INFO | Epoch 50/200 | LR: 0.085906
2026-02-04 19:35:42 KST | INFO |   Train Loss: 0.2342 | Test Loss: 0.0017 | Test Acc: 86.08%
2026-02-04 19:35:42 KST | INFO |   No improvement (2/30)
2026-02-04 19:35:42 KST | INFO | 
2026-02-04 19:35:42 KST | INFO | Epoch 51/200 | LR: 0.085355
2026-02-04 19:35:55 KST | INFO |   Train Loss: 0.2413 | Test Loss: 0.0015 | Test Acc: 86.43%
2026-02-04 19:35:55 KST | INFO |   No improvement (3/30)
2026-02-04 19:35:55 KST | INFO | 
2026-02-04 19:35:55 KST | INFO | Epoch 52/200 | LR: 0.084796
2026-02-04 19:36:08 KST | INFO |   Train Loss: 0.2300 | Test Loss: 0.0015 | Test Acc: 87.37%
2026-02-04 19:36:08 KST | INFO |   No improvement (4/30)
2026-02-04 19:36:08 KST | INFO | 
2026-02-04 19:36:08 KST | INFO | Epoch 53/200 | LR: 0.084228
2026-02-04 19:36:21 KST | INFO |   Train Loss: 0.2310 | Test Loss: 0.0014 | Test Acc: 88.07%
2026-02-04 19:36:21 KST | INFO |   No improvement (5/30)
2026-02-04 19:36:21 KST | INFO | 
2026-02-04 19:36:21 KST | INFO | Epoch 54/200 | LR: 0.083651
2026-02-04 19:36:33 KST | INFO |   Train Loss: 0.2294 | Test Loss: 0.0014 | Test Acc: 88.37%
2026-02-04 19:36:33 KST | INFO |   No improvement (6/30)
2026-02-04 19:36:33 KST | INFO | 
2026-02-04 19:36:33 KST | INFO | Epoch 55/200 | LR: 0.083066
2026-02-04 19:36:46 KST | INFO |   Train Loss: 0.2251 | Test Loss: 0.0013 | Test Acc: 88.78%
2026-02-04 19:36:46 KST | INFO |   No improvement (7/30)
2026-02-04 19:36:46 KST | INFO | 
2026-02-04 19:36:46 KST | INFO | Epoch 56/200 | LR: 0.082473
2026-02-04 19:36:59 KST | INFO |   Train Loss: 0.2241 | Test Loss: 0.0014 | Test Acc: 88.27%
2026-02-04 19:36:59 KST | INFO |   No improvement (8/30)
2026-02-04 19:36:59 KST | INFO | 
2026-02-04 19:36:59 KST | INFO | Epoch 57/200 | LR: 0.081871
2026-02-04 19:37:12 KST | INFO |   Train Loss: 0.2216 | Test Loss: 0.0016 | Test Acc: 87.03%
2026-02-04 19:37:12 KST | INFO |   No improvement (9/30)
2026-02-04 19:37:12 KST | INFO | 
2026-02-04 19:37:12 KST | INFO | Epoch 58/200 | LR: 0.081262
2026-02-04 19:37:25 KST | INFO |   Train Loss: 0.2171 | Test Loss: 0.0013 | Test Acc: 88.87%
2026-02-04 19:37:25 KST | INFO |   No improvement (10/30)
2026-02-04 19:37:25 KST | INFO | 
2026-02-04 19:37:25 KST | INFO | Epoch 59/200 | LR: 0.080646
2026-02-04 19:37:38 KST | INFO |   Train Loss: 0.2152 | Test Loss: 0.0013 | Test Acc: 89.47%
2026-02-04 19:37:38 KST | INFO |   🏆 New best accuracy: 89.47%
2026-02-04 19:37:38 KST | INFO | 
2026-02-04 19:37:38 KST | INFO | Epoch 60/200 | LR: 0.080021
2026-02-04 19:37:50 KST | INFO |   Train Loss: 0.2105 | Test Loss: 0.0013 | Test Acc: 89.10%
2026-02-04 19:37:50 KST | INFO |   No improvement (1/30)
2026-02-04 19:37:50 KST | INFO | 
2026-02-04 19:37:50 KST | INFO | Epoch 61/200 | LR: 0.079389
2026-02-04 19:38:03 KST | INFO |   Train Loss: 0.2111 | Test Loss: 0.0014 | Test Acc: 88.45%
2026-02-04 19:38:03 KST | INFO |   No improvement (2/30)
2026-02-04 19:38:03 KST | INFO | 
2026-02-04 19:38:03 KST | INFO | Epoch 62/200 | LR: 0.078750
2026-02-04 19:38:16 KST | INFO |   Train Loss: 0.2135 | Test Loss: 0.0012 | Test Acc: 89.22%
2026-02-04 19:38:16 KST | INFO |   No improvement (3/30)
2026-02-04 19:38:16 KST | INFO | 
2026-02-04 19:38:16 KST | INFO | Epoch 63/200 | LR: 0.078104
2026-02-04 19:38:29 KST | INFO |   Train Loss: 0.2104 | Test Loss: 0.0014 | Test Acc: 88.72%
2026-02-04 19:38:29 KST | INFO |   No improvement (4/30)
2026-02-04 19:38:29 KST | INFO | 
2026-02-04 19:38:29 KST | INFO | Epoch 64/200 | LR: 0.077451
2026-02-04 19:38:41 KST | INFO |   Train Loss: 0.2024 | Test Loss: 0.0015 | Test Acc: 87.47%
2026-02-04 19:38:41 KST | INFO |   No improvement (5/30)
2026-02-04 19:38:41 KST | INFO | 
2026-02-04 19:38:41 KST | INFO | Epoch 65/200 | LR: 0.076792
2026-02-04 19:38:54 KST | INFO |   Train Loss: 0.2037 | Test Loss: 0.0012 | Test Acc: 89.60%
2026-02-04 19:38:54 KST | INFO |   🏆 New best accuracy: 89.60%
2026-02-04 19:38:54 KST | INFO | 
2026-02-04 19:38:54 KST | INFO | Epoch 66/200 | LR: 0.076125
2026-02-04 19:39:07 KST | INFO |   Train Loss: 0.2023 | Test Loss: 0.0013 | Test Acc: 88.90%
2026-02-04 19:39:07 KST | INFO |   No improvement (1/30)
2026-02-04 19:39:07 KST | INFO | 
2026-02-04 19:39:07 KST | INFO | Epoch 67/200 | LR: 0.075452
2026-02-04 19:39:20 KST | INFO |   Train Loss: 0.1986 | Test Loss: 0.0013 | Test Acc: 89.02%
2026-02-04 19:39:20 KST | INFO |   No improvement (2/30)
2026-02-04 19:39:20 KST | INFO | 
2026-02-04 19:39:20 KST | INFO | Epoch 68/200 | LR: 0.074773
2026-02-04 19:39:33 KST | INFO |   Train Loss: 0.1940 | Test Loss: 0.0018 | Test Acc: 87.28%
2026-02-04 19:39:33 KST | INFO |   No improvement (3/30)
2026-02-04 19:39:33 KST | INFO | 
2026-02-04 19:39:33 KST | INFO | Epoch 69/200 | LR: 0.074088
2026-02-04 19:39:46 KST | INFO |   Train Loss: 0.1920 | Test Loss: 0.0016 | Test Acc: 87.20%
2026-02-04 19:39:46 KST | INFO |   No improvement (4/30)
2026-02-04 19:39:46 KST | INFO | 
2026-02-04 19:39:46 KST | INFO | Epoch 70/200 | LR: 0.073397
2026-02-04 19:39:58 KST | INFO |   Train Loss: 0.1934 | Test Loss: 0.0013 | Test Acc: 89.63%
2026-02-04 19:39:58 KST | INFO |   🏆 New best accuracy: 89.63%
2026-02-04 19:39:58 KST | INFO | 
2026-02-04 19:39:58 KST | INFO | Epoch 71/200 | LR: 0.072700
2026-02-04 19:40:11 KST | INFO |   Train Loss: 0.1884 | Test Loss: 0.0013 | Test Acc: 88.78%
2026-02-04 19:40:11 KST | INFO |   No improvement (1/30)
2026-02-04 19:40:11 KST | INFO | 
2026-02-04 19:40:11 KST | INFO | Epoch 72/200 | LR: 0.071997
2026-02-04 19:40:24 KST | INFO |   Train Loss: 0.1862 | Test Loss: 0.0014 | Test Acc: 88.00%
2026-02-04 19:40:24 KST | INFO |   No improvement (2/30)
2026-02-04 19:40:24 KST | INFO | 
2026-02-04 19:40:24 KST | INFO | Epoch 73/200 | LR: 0.071289
2026-02-04 19:40:37 KST | INFO |   Train Loss: 0.1845 | Test Loss: 0.0014 | Test Acc: 89.45%
2026-02-04 19:40:37 KST | INFO |   No improvement (3/30)
2026-02-04 19:40:37 KST | INFO | 
2026-02-04 19:40:37 KST | INFO | Epoch 74/200 | LR: 0.070576
2026-02-04 19:40:50 KST | INFO |   Train Loss: 0.1883 | Test Loss: 0.0013 | Test Acc: 89.85%
2026-02-04 19:40:50 KST | INFO |   🏆 New best accuracy: 89.85%
2026-02-04 19:40:50 KST | INFO | 
2026-02-04 19:40:50 KST | INFO | Epoch 75/200 | LR: 0.069858
2026-02-04 19:41:03 KST | INFO |   Train Loss: 0.1792 | Test Loss: 0.0012 | Test Acc: 89.82%
2026-02-04 19:41:03 KST | INFO |   No improvement (1/30)
2026-02-04 19:41:03 KST | INFO | 
2026-02-04 19:41:03 KST | INFO | Epoch 76/200 | LR: 0.069134
2026-02-04 19:41:15 KST | INFO |   Train Loss: 0.1730 | Test Loss: 0.0014 | Test Acc: 88.47%
2026-02-04 19:41:15 KST | INFO |   No improvement (2/30)
2026-02-04 19:41:15 KST | INFO | 
2026-02-04 19:41:15 KST | INFO | Epoch 77/200 | LR: 0.068407
2026-02-04 19:41:28 KST | INFO |   Train Loss: 0.1784 | Test Loss: 0.0013 | Test Acc: 89.95%
2026-02-04 19:41:28 KST | INFO |   🏆 New best accuracy: 89.95%
2026-02-04 19:41:28 KST | INFO | 
2026-02-04 19:41:28 KST | INFO | Epoch 78/200 | LR: 0.067674
2026-02-04 19:41:41 KST | INFO |   Train Loss: 0.1757 | Test Loss: 0.0015 | Test Acc: 87.58%
2026-02-04 19:41:41 KST | INFO |   No improvement (1/30)
2026-02-04 19:41:41 KST | INFO | 
2026-02-04 19:41:41 KST | INFO | Epoch 79/200 | LR: 0.066937
2026-02-04 19:41:54 KST | INFO |   Train Loss: 0.1719 | Test Loss: 0.0014 | Test Acc: 88.62%
2026-02-04 19:41:54 KST | INFO |   No improvement (2/30)
2026-02-04 19:41:54 KST | INFO | 
2026-02-04 19:41:54 KST | INFO | Epoch 80/200 | LR: 0.066196
2026-02-04 19:42:06 KST | INFO |   Train Loss: 0.1698 | Test Loss: 0.0013 | Test Acc: 89.78%
2026-02-04 19:42:06 KST | INFO |   No improvement (3/30)
2026-02-04 19:42:06 KST | INFO | 
2026-02-04 19:42:06 KST | INFO | Epoch 81/200 | LR: 0.065451
2026-02-04 19:42:19 KST | INFO |   Train Loss: 0.1626 | Test Loss: 0.0014 | Test Acc: 89.55%
2026-02-04 19:42:19 KST | INFO |   No improvement (4/30)
2026-02-04 19:42:19 KST | INFO | 
2026-02-04 19:42:19 KST | INFO | Epoch 82/200 | LR: 0.064702
2026-02-04 19:42:32 KST | INFO |   Train Loss: 0.1689 | Test Loss: 0.0012 | Test Acc: 89.57%
2026-02-04 19:42:32 KST | INFO |   No improvement (5/30)
2026-02-04 19:42:32 KST | INFO | 
2026-02-04 19:42:32 KST | INFO | Epoch 83/200 | LR: 0.063950
2026-02-04 19:42:45 KST | INFO |   Train Loss: 0.1607 | Test Loss: 0.0012 | Test Acc: 89.63%
2026-02-04 19:42:45 KST | INFO |   No improvement (6/30)
2026-02-04 19:42:45 KST | INFO | 
2026-02-04 19:42:45 KST | INFO | Epoch 84/200 | LR: 0.063194
2026-02-04 19:42:58 KST | INFO |   Train Loss: 0.1579 | Test Loss: 0.0014 | Test Acc: 88.70%
2026-02-04 19:42:58 KST | INFO |   No improvement (7/30)
2026-02-04 19:42:58 KST | INFO | 
2026-02-04 19:42:58 KST | INFO | Epoch 85/200 | LR: 0.062435
2026-02-04 19:43:10 KST | INFO |   Train Loss: 0.1582 | Test Loss: 0.0014 | Test Acc: 89.33%
2026-02-04 19:43:10 KST | INFO |   No improvement (8/30)
2026-02-04 19:43:10 KST | INFO | 
2026-02-04 19:43:10 KST | INFO | Epoch 86/200 | LR: 0.061673
2026-02-04 19:43:23 KST | INFO |   Train Loss: 0.1538 | Test Loss: 0.0014 | Test Acc: 89.45%
2026-02-04 19:43:23 KST | INFO |   No improvement (9/30)
2026-02-04 19:43:23 KST | INFO | 
2026-02-04 19:43:23 KST | INFO | Epoch 87/200 | LR: 0.060908
2026-02-04 19:43:36 KST | INFO |   Train Loss: 0.1537 | Test Loss: 0.0014 | Test Acc: 89.32%
2026-02-04 19:43:36 KST | INFO |   No improvement (10/30)
2026-02-04 19:43:36 KST | INFO | 
2026-02-04 19:43:36 KST | INFO | Epoch 88/200 | LR: 0.060140
2026-02-04 19:43:49 KST | INFO |   Train Loss: 0.1520 | Test Loss: 0.0013 | Test Acc: 89.57%
2026-02-04 19:43:49 KST | INFO |   No improvement (11/30)
2026-02-04 19:43:49 KST | INFO | 
2026-02-04 19:43:49 KST | INFO | Epoch 89/200 | LR: 0.059369
2026-02-04 19:44:01 KST | INFO |   Train Loss: 0.1488 | Test Loss: 0.0013 | Test Acc: 90.47%
2026-02-04 19:44:01 KST | INFO |   🏆 New best accuracy: 90.47%
2026-02-04 19:44:01 KST | INFO | 
2026-02-04 19:44:01 KST | INFO | Epoch 90/200 | LR: 0.058597
2026-02-04 19:44:14 KST | INFO |   Train Loss: 0.1512 | Test Loss: 0.0015 | Test Acc: 88.02%
2026-02-04 19:44:14 KST | INFO |   No improvement (1/30)
2026-02-04 19:44:14 KST | INFO | 
2026-02-04 19:44:14 KST | INFO | Epoch 91/200 | LR: 0.057822
2026-02-04 19:44:27 KST | INFO |   Train Loss: 0.1424 | Test Loss: 0.0014 | Test Acc: 88.57%
2026-02-04 19:44:27 KST | INFO |   No improvement (2/30)
2026-02-04 19:44:27 KST | INFO | 
2026-02-04 19:44:27 KST | INFO | Epoch 92/200 | LR: 0.057045
2026-02-04 19:44:40 KST | INFO |   Train Loss: 0.1415 | Test Loss: 0.0012 | Test Acc: 89.98%
2026-02-04 19:44:40 KST | INFO |   No improvement (3/30)
2026-02-04 19:44:40 KST | INFO | 
2026-02-04 19:44:40 KST | INFO | Epoch 93/200 | LR: 0.056267
2026-02-04 19:44:52 KST | INFO |   Train Loss: 0.1413 | Test Loss: 0.0014 | Test Acc: 89.07%
2026-02-04 19:44:52 KST | INFO |   No improvement (4/30)
2026-02-04 19:44:52 KST | INFO | 
2026-02-04 19:44:52 KST | INFO | Epoch 94/200 | LR: 0.055487
2026-02-04 19:45:05 KST | INFO |   Train Loss: 0.1387 | Test Loss: 0.0014 | Test Acc: 89.75%
2026-02-04 19:45:05 KST | INFO |   No improvement (5/30)
2026-02-04 19:45:05 KST | INFO | 
2026-02-04 19:45:05 KST | INFO | Epoch 95/200 | LR: 0.054706
2026-02-04 19:45:18 KST | INFO |   Train Loss: 0.1368 | Test Loss: 0.0013 | Test Acc: 90.27%
2026-02-04 19:45:18 KST | INFO |   No improvement (6/30)
2026-02-04 19:45:18 KST | INFO | 
2026-02-04 19:45:18 KST | INFO | Epoch 96/200 | LR: 0.053923
2026-02-04 19:45:31 KST | INFO |   Train Loss: 0.1328 | Test Loss: 0.0013 | Test Acc: 90.03%
2026-02-04 19:45:31 KST | INFO |   No improvement (7/30)
2026-02-04 19:45:31 KST | INFO | 
2026-02-04 19:45:31 KST | INFO | Epoch 97/200 | LR: 0.053140
2026-02-04 19:45:43 KST | INFO |   Train Loss: 0.1311 | Test Loss: 0.0015 | Test Acc: 88.23%
2026-02-04 19:45:43 KST | INFO |   No improvement (8/30)
2026-02-04 19:45:43 KST | INFO | 
2026-02-04 19:45:43 KST | INFO | Epoch 98/200 | LR: 0.052356
2026-02-04 19:45:56 KST | INFO |   Train Loss: 0.1278 | Test Loss: 0.0014 | Test Acc: 89.52%
2026-02-04 19:45:56 KST | INFO |   No improvement (9/30)
2026-02-04 19:45:56 KST | INFO | 
2026-02-04 19:45:56 KST | INFO | Epoch 99/200 | LR: 0.051571
2026-02-04 19:46:09 KST | INFO |   Train Loss: 0.1313 | Test Loss: 0.0012 | Test Acc: 90.48%
2026-02-04 19:46:09 KST | INFO |   🏆 New best accuracy: 90.48%
2026-02-04 19:46:09 KST | INFO | 
2026-02-04 19:46:09 KST | INFO | Epoch 100/200 | LR: 0.050786
2026-02-04 19:46:22 KST | INFO |   Train Loss: 0.1230 | Test Loss: 0.0016 | Test Acc: 89.13%
2026-02-04 19:46:22 KST | INFO |   No improvement (1/30)
2026-02-04 19:46:22 KST | INFO | 
2026-02-04 19:46:22 KST | INFO | Epoch 101/200 | LR: 0.050001
2026-02-04 19:46:35 KST | INFO |   Train Loss: 0.1264 | Test Loss: 0.0014 | Test Acc: 89.27%
2026-02-04 19:46:35 KST | INFO |   No improvement (2/30)
2026-02-04 19:46:35 KST | INFO | 
2026-02-04 19:46:35 KST | INFO | Epoch 102/200 | LR: 0.049215
2026-02-04 19:46:47 KST | INFO |   Train Loss: 0.1229 | Test Loss: 0.0014 | Test Acc: 89.22%
2026-02-04 19:46:47 KST | INFO |   No improvement (3/30)
2026-02-04 19:46:47 KST | INFO | 
2026-02-04 19:46:47 KST | INFO | Epoch 103/200 | LR: 0.048430
2026-02-04 19:47:00 KST | INFO |   Train Loss: 0.1201 | Test Loss: 0.0014 | Test Acc: 89.50%
2026-02-04 19:47:00 KST | INFO |   No improvement (4/30)
2026-02-04 19:47:00 KST | INFO | 
2026-02-04 19:47:00 KST | INFO | Epoch 104/200 | LR: 0.047645
2026-02-04 19:47:13 KST | INFO |   Train Loss: 0.1147 | Test Loss: 0.0014 | Test Acc: 90.07%
2026-02-04 19:47:13 KST | INFO |   No improvement (5/30)
2026-02-04 19:47:13 KST | INFO | 
2026-02-04 19:47:13 KST | INFO | Epoch 105/200 | LR: 0.046861
2026-02-04 19:47:26 KST | INFO |   Train Loss: 0.1171 | Test Loss: 0.0013 | Test Acc: 90.88%
2026-02-04 19:47:26 KST | INFO |   🏆 New best accuracy: 90.88%
2026-02-04 19:47:26 KST | INFO | 
2026-02-04 19:47:26 KST | INFO | Epoch 106/200 | LR: 0.046078
2026-02-04 19:47:39 KST | INFO |   Train Loss: 0.1195 | Test Loss: 0.0015 | Test Acc: 89.18%
2026-02-04 19:47:39 KST | INFO |   No improvement (1/30)
2026-02-04 19:47:39 KST | INFO | 
2026-02-04 19:47:39 KST | INFO | Epoch 107/200 | LR: 0.045295
2026-02-04 19:47:52 KST | INFO |   Train Loss: 0.1095 | Test Loss: 0.0013 | Test Acc: 89.73%
2026-02-04 19:47:52 KST | INFO |   No improvement (2/30)
2026-02-04 19:47:52 KST | INFO | 
2026-02-04 19:47:52 KST | INFO | Epoch 108/200 | LR: 0.044514
2026-02-04 19:48:05 KST | INFO |   Train Loss: 0.1068 | Test Loss: 0.0014 | Test Acc: 89.43%
2026-02-04 19:48:05 KST | INFO |   No improvement (3/30)
2026-02-04 19:48:05 KST | INFO | 
2026-02-04 19:48:05 KST | INFO | Epoch 109/200 | LR: 0.043734
2026-02-04 19:48:17 KST | INFO |   Train Loss: 0.1033 | Test Loss: 0.0013 | Test Acc: 90.17%
2026-02-04 19:48:17 KST | INFO |   No improvement (4/30)
2026-02-04 19:48:17 KST | INFO | 
2026-02-04 19:48:17 KST | INFO | Epoch 110/200 | LR: 0.042956
2026-02-04 19:48:30 KST | INFO |   Train Loss: 0.1069 | Test Loss: 0.0014 | Test Acc: 90.23%
2026-02-04 19:48:30 KST | INFO |   No improvement (5/30)
2026-02-04 19:48:30 KST | INFO | 
2026-02-04 19:48:30 KST | INFO | Epoch 111/200 | LR: 0.042179
2026-02-04 19:48:43 KST | INFO |   Train Loss: 0.1020 | Test Loss: 0.0012 | Test Acc: 90.60%
2026-02-04 19:48:43 KST | INFO |   No improvement (6/30)
2026-02-04 19:48:43 KST | INFO | 
2026-02-04 19:48:43 KST | INFO | Epoch 112/200 | LR: 0.041404
2026-02-04 19:48:56 KST | INFO |   Train Loss: 0.1001 | Test Loss: 0.0018 | Test Acc: 87.45%
2026-02-04 19:48:56 KST | INFO |   No improvement (7/30)
2026-02-04 19:48:56 KST | INFO | 
2026-02-04 19:48:56 KST | INFO | Epoch 113/200 | LR: 0.040632
2026-02-04 19:49:09 KST | INFO |   Train Loss: 0.0991 | Test Loss: 0.0015 | Test Acc: 90.13%
2026-02-04 19:49:09 KST | INFO |   No improvement (8/30)
2026-02-04 19:49:09 KST | INFO | 
2026-02-04 19:49:09 KST | INFO | Epoch 114/200 | LR: 0.039861
2026-02-04 19:49:22 KST | INFO |   Train Loss: 0.0966 | Test Loss: 0.0013 | Test Acc: 90.48%
2026-02-04 19:49:22 KST | INFO |   No improvement (9/30)
2026-02-04 19:49:22 KST | INFO | 
2026-02-04 19:49:22 KST | INFO | Epoch 115/200 | LR: 0.039093
2026-02-04 19:49:35 KST | INFO |   Train Loss: 0.0946 | Test Loss: 0.0014 | Test Acc: 90.42%
2026-02-04 19:49:35 KST | INFO |   No improvement (10/30)
2026-02-04 19:49:35 KST | INFO | 
2026-02-04 19:49:35 KST | INFO | Epoch 116/200 | LR: 0.038328
2026-02-04 19:49:48 KST | INFO |   Train Loss: 0.0873 | Test Loss: 0.0013 | Test Acc: 90.62%
2026-02-04 19:49:48 KST | INFO |   No improvement (11/30)
2026-02-04 19:49:48 KST | INFO | 
2026-02-04 19:49:48 KST | INFO | Epoch 117/200 | LR: 0.037566
2026-02-04 19:50:01 KST | INFO |   Train Loss: 0.0913 | Test Loss: 0.0013 | Test Acc: 90.42%
2026-02-04 19:50:01 KST | INFO |   No improvement (12/30)
2026-02-04 19:50:01 KST | INFO | 
2026-02-04 19:50:01 KST | INFO | Epoch 118/200 | LR: 0.036807
2026-02-04 19:50:13 KST | INFO |   Train Loss: 0.0868 | Test Loss: 0.0015 | Test Acc: 89.75%
2026-02-04 19:50:13 KST | INFO |   No improvement (13/30)
2026-02-04 19:50:13 KST | INFO | 
2026-02-04 19:50:13 KST | INFO | Epoch 119/200 | LR: 0.036051
2026-02-04 19:50:26 KST | INFO |   Train Loss: 0.0889 | Test Loss: 0.0014 | Test Acc: 89.90%
2026-02-04 19:50:26 KST | INFO |   No improvement (14/30)
2026-02-04 19:50:26 KST | INFO | 
2026-02-04 19:50:26 KST | INFO | Epoch 120/200 | LR: 0.035299
2026-02-04 19:50:39 KST | INFO |   Train Loss: 0.0847 | Test Loss: 0.0014 | Test Acc: 89.90%
2026-02-04 19:50:39 KST | INFO |   No improvement (15/30)
2026-02-04 19:50:39 KST | INFO | 
2026-02-04 19:50:39 KST | INFO | Epoch 121/200 | LR: 0.034550
2026-02-04 19:50:52 KST | INFO |   Train Loss: 0.0818 | Test Loss: 0.0012 | Test Acc: 91.15%
2026-02-04 19:50:52 KST | INFO |   🏆 New best accuracy: 91.15%
2026-02-04 19:50:52 KST | INFO | 
2026-02-04 19:50:52 KST | INFO | Epoch 122/200 | LR: 0.033805
2026-02-04 19:51:04 KST | INFO |   Train Loss: 0.0819 | Test Loss: 0.0012 | Test Acc: 91.43%
2026-02-04 19:51:04 KST | INFO |   🏆 New best accuracy: 91.43%
2026-02-04 19:51:04 KST | INFO | 
2026-02-04 19:51:04 KST | INFO | Epoch 123/200 | LR: 0.033064
2026-02-04 19:51:17 KST | INFO |   Train Loss: 0.0764 | Test Loss: 0.0013 | Test Acc: 90.48%
2026-02-04 19:51:17 KST | INFO |   No improvement (1/30)
2026-02-04 19:51:17 KST | INFO | 
2026-02-04 19:51:17 KST | INFO | Epoch 124/200 | LR: 0.032327
2026-02-04 19:51:30 KST | INFO |   Train Loss: 0.0751 | Test Loss: 0.0013 | Test Acc: 91.35%
2026-02-04 19:51:30 KST | INFO |   No improvement (2/30)
2026-02-04 19:51:30 KST | INFO | 
2026-02-04 19:51:30 KST | INFO | Epoch 125/200 | LR: 0.031594
2026-02-04 19:51:43 KST | INFO |   Train Loss: 0.0742 | Test Loss: 0.0014 | Test Acc: 90.73%
2026-02-04 19:51:43 KST | INFO |   No improvement (3/30)
2026-02-04 19:51:43 KST | INFO | 
2026-02-04 19:51:43 KST | INFO | Epoch 126/200 | LR: 0.030867
2026-02-04 19:51:56 KST | INFO |   Train Loss: 0.0709 | Test Loss: 0.0014 | Test Acc: 90.70%
2026-02-04 19:51:56 KST | INFO |   No improvement (4/30)
2026-02-04 19:51:56 KST | INFO | 
2026-02-04 19:51:56 KST | INFO | Epoch 127/200 | LR: 0.030143
2026-02-04 19:52:09 KST | INFO |   Train Loss: 0.0707 | Test Loss: 0.0013 | Test Acc: 91.18%
2026-02-04 19:52:09 KST | INFO |   No improvement (5/30)
2026-02-04 19:52:09 KST | INFO | 
2026-02-04 19:52:09 KST | INFO | Epoch 128/200 | LR: 0.029425
2026-02-04 19:52:22 KST | INFO |   Train Loss: 0.0687 | Test Loss: 0.0014 | Test Acc: 89.68%
2026-02-04 19:52:22 KST | INFO |   No improvement (6/30)
2026-02-04 19:52:22 KST | INFO | 
2026-02-04 19:52:22 KST | INFO | Epoch 129/200 | LR: 0.028712
2026-02-04 19:52:35 KST | INFO |   Train Loss: 0.0660 | Test Loss: 0.0014 | Test Acc: 91.08%
2026-02-04 19:52:35 KST | INFO |   No improvement (7/30)
2026-02-04 19:52:35 KST | INFO | 
2026-02-04 19:52:35 KST | INFO | Epoch 130/200 | LR: 0.028004
2026-02-04 19:52:48 KST | INFO |   Train Loss: 0.0656 | Test Loss: 0.0013 | Test Acc: 90.57%
2026-02-04 19:52:48 KST | INFO |   No improvement (8/30)
2026-02-04 19:52:48 KST | INFO | 
2026-02-04 19:52:48 KST | INFO | Epoch 131/200 | LR: 0.027301
2026-02-04 19:53:00 KST | INFO |   Train Loss: 0.0667 | Test Loss: 0.0014 | Test Acc: 90.45%
2026-02-04 19:53:00 KST | INFO |   No improvement (9/30)
2026-02-04 19:53:00 KST | INFO | 
2026-02-04 19:53:00 KST | INFO | Epoch 132/200 | LR: 0.026604
2026-02-04 19:53:13 KST | INFO |   Train Loss: 0.0627 | Test Loss: 0.0014 | Test Acc: 90.63%
2026-02-04 19:53:13 KST | INFO |   No improvement (10/30)
2026-02-04 19:53:13 KST | INFO | 
2026-02-04 19:53:13 KST | INFO | Epoch 133/200 | LR: 0.025913
2026-02-04 19:53:26 KST | INFO |   Train Loss: 0.0590 | Test Loss: 0.0014 | Test Acc: 90.88%
2026-02-04 19:53:26 KST | INFO |   No improvement (11/30)
2026-02-04 19:53:26 KST | INFO | 
2026-02-04 19:53:26 KST | INFO | Epoch 134/200 | LR: 0.025228
2026-02-04 19:53:40 KST | INFO |   Train Loss: 0.0566 | Test Loss: 0.0014 | Test Acc: 90.87%
2026-02-04 19:53:40 KST | INFO |   No improvement (12/30)
2026-02-04 19:53:40 KST | INFO | 
2026-02-04 19:53:40 KST | INFO | Epoch 135/200 | LR: 0.024549
2026-02-04 19:53:53 KST | INFO |   Train Loss: 0.0568 | Test Loss: 0.0013 | Test Acc: 91.03%
2026-02-04 19:53:53 KST | INFO |   No improvement (13/30)
2026-02-04 19:53:53 KST | INFO | 
2026-02-04 19:53:53 KST | INFO | Epoch 136/200 | LR: 0.023876
2026-02-04 19:54:05 KST | INFO |   Train Loss: 0.0558 | Test Loss: 0.0014 | Test Acc: 90.85%
2026-02-04 19:54:05 KST | INFO |   No improvement (14/30)
2026-02-04 19:54:05 KST | INFO | 
2026-02-04 19:54:05 KST | INFO | Epoch 137/200 | LR: 0.023209
2026-02-04 19:54:18 KST | INFO |   Train Loss: 0.0517 | Test Loss: 0.0013 | Test Acc: 90.90%
2026-02-04 19:54:18 KST | INFO |   No improvement (15/30)
2026-02-04 19:54:18 KST | INFO | 
2026-02-04 19:54:18 KST | INFO | Epoch 138/200 | LR: 0.022550
2026-02-04 19:54:31 KST | INFO |   Train Loss: 0.0521 | Test Loss: 0.0014 | Test Acc: 90.77%
2026-02-04 19:54:31 KST | INFO |   No improvement (16/30)
2026-02-04 19:54:31 KST | INFO | 
2026-02-04 19:54:31 KST | INFO | Epoch 139/200 | LR: 0.021897
2026-02-04 19:54:44 KST | INFO |   Train Loss: 0.0507 | Test Loss: 0.0013 | Test Acc: 90.80%
2026-02-04 19:54:44 KST | INFO |   No improvement (17/30)
2026-02-04 19:54:44 KST | INFO | 
2026-02-04 19:54:44 KST | INFO | Epoch 140/200 | LR: 0.021251
2026-02-04 19:54:57 KST | INFO |   Train Loss: 0.0481 | Test Loss: 0.0014 | Test Acc: 90.83%
2026-02-04 19:54:57 KST | INFO |   No improvement (18/30)
2026-02-04 19:54:57 KST | INFO | 
2026-02-04 19:54:57 KST | INFO | Epoch 141/200 | LR: 0.020612
2026-02-04 19:55:10 KST | INFO |   Train Loss: 0.0459 | Test Loss: 0.0014 | Test Acc: 91.05%
2026-02-04 19:55:10 KST | INFO |   No improvement (19/30)
2026-02-04 19:55:10 KST | INFO | 
2026-02-04 19:55:10 KST | INFO | Epoch 142/200 | LR: 0.019980
2026-02-04 19:55:23 KST | INFO |   Train Loss: 0.0444 | Test Loss: 0.0015 | Test Acc: 90.47%
2026-02-04 19:55:23 KST | INFO |   No improvement (20/30)
2026-02-04 19:55:23 KST | INFO | 
2026-02-04 19:55:23 KST | INFO | Epoch 143/200 | LR: 0.019355
2026-02-04 19:55:36 KST | INFO |   Train Loss: 0.0434 | Test Loss: 0.0014 | Test Acc: 91.08%
2026-02-04 19:55:36 KST | INFO |   No improvement (21/30)
2026-02-04 19:55:36 KST | INFO | 
2026-02-04 19:55:36 KST | INFO | Epoch 144/200 | LR: 0.018739
2026-02-04 19:55:49 KST | INFO |   Train Loss: 0.0419 | Test Loss: 0.0012 | Test Acc: 91.57%
2026-02-04 19:55:49 KST | INFO |   🏆 New best accuracy: 91.57%
2026-02-04 19:55:49 KST | INFO | 
2026-02-04 19:55:49 KST | INFO | Epoch 145/200 | LR: 0.018130
2026-02-04 19:56:02 KST | INFO |   Train Loss: 0.0416 | Test Loss: 0.0013 | Test Acc: 91.20%
2026-02-04 19:56:02 KST | INFO |   No improvement (1/30)
2026-02-04 19:56:02 KST | INFO | 
2026-02-04 19:56:02 KST | INFO | Epoch 146/200 | LR: 0.017528
2026-02-04 19:56:15 KST | INFO |   Train Loss: 0.0372 | Test Loss: 0.0013 | Test Acc: 91.33%
2026-02-04 19:56:15 KST | INFO |   No improvement (2/30)
2026-02-04 19:56:15 KST | INFO | 
2026-02-04 19:56:15 KST | INFO | Epoch 147/200 | LR: 0.016935
2026-02-04 19:56:28 KST | INFO |   Train Loss: 0.0369 | Test Loss: 0.0013 | Test Acc: 91.12%
2026-02-04 19:56:28 KST | INFO |   No improvement (3/30)
2026-02-04 19:56:28 KST | INFO | 
2026-02-04 19:56:28 KST | INFO | Epoch 148/200 | LR: 0.016350
2026-02-04 19:56:41 KST | INFO |   Train Loss: 0.0333 | Test Loss: 0.0016 | Test Acc: 90.58%
2026-02-04 19:56:41 KST | INFO |   No improvement (4/30)
2026-02-04 19:56:41 KST | INFO | 
2026-02-04 19:56:41 KST | INFO | Epoch 149/200 | LR: 0.015773
2026-02-04 19:56:53 KST | INFO |   Train Loss: 0.0331 | Test Loss: 0.0013 | Test Acc: 91.48%
2026-02-04 19:56:53 KST | INFO |   No improvement (5/30)
2026-02-04 19:56:53 KST | INFO | 
2026-02-04 19:56:53 KST | INFO | Epoch 150/200 | LR: 0.015205
2026-02-04 19:57:06 KST | INFO |   Train Loss: 0.0330 | Test Loss: 0.0014 | Test Acc: 91.20%
2026-02-04 19:57:06 KST | INFO |   No improvement (6/30)
2026-02-04 19:57:06 KST | INFO | 
2026-02-04 19:57:06 KST | INFO | Epoch 151/200 | LR: 0.014646
2026-02-04 19:57:19 KST | INFO |   Train Loss: 0.0325 | Test Loss: 0.0014 | Test Acc: 91.40%
2026-02-04 19:57:19 KST | INFO |   No improvement (7/30)
2026-02-04 19:57:19 KST | INFO | 
2026-02-04 19:57:19 KST | INFO | Epoch 152/200 | LR: 0.014095
2026-02-04 19:57:32 KST | INFO |   Train Loss: 0.0334 | Test Loss: 0.0013 | Test Acc: 91.50%
2026-02-04 19:57:32 KST | INFO |   No improvement (8/30)
2026-02-04 19:57:32 KST | INFO | 
2026-02-04 19:57:32 KST | INFO | Epoch 153/200 | LR: 0.013552
2026-02-04 19:57:46 KST | INFO |   Train Loss: 0.0295 | Test Loss: 0.0014 | Test Acc: 90.85%
2026-02-04 19:57:46 KST | INFO |   No improvement (9/30)
2026-02-04 19:57:46 KST | INFO | 
2026-02-04 19:57:46 KST | INFO | Epoch 154/200 | LR: 0.013019
2026-02-04 19:57:58 KST | INFO |   Train Loss: 0.0285 | Test Loss: 0.0015 | Test Acc: 91.15%
2026-02-04 19:57:58 KST | INFO |   No improvement (10/30)
2026-02-04 19:57:58 KST | INFO | 
2026-02-04 19:57:58 KST | INFO | Epoch 155/200 | LR: 0.012495
2026-02-04 19:58:11 KST | INFO |   Train Loss: 0.0263 | Test Loss: 0.0014 | Test Acc: 91.75%
2026-02-04 19:58:11 KST | INFO |   🏆 New best accuracy: 91.75%
2026-02-04 19:58:11 KST | INFO | 
2026-02-04 19:58:11 KST | INFO | Epoch 156/200 | LR: 0.011981
2026-02-04 19:58:24 KST | INFO |   Train Loss: 0.0269 | Test Loss: 0.0014 | Test Acc: 91.62%
2026-02-04 19:58:24 KST | INFO |   No improvement (1/30)
2026-02-04 19:58:24 KST | INFO | 
2026-02-04 19:58:24 KST | INFO | Epoch 157/200 | LR: 0.011475
2026-02-04 19:58:37 KST | INFO |   Train Loss: 0.0252 | Test Loss: 0.0013 | Test Acc: 91.55%
2026-02-04 19:58:37 KST | INFO |   No improvement (2/30)
2026-02-04 19:58:37 KST | INFO | 
2026-02-04 19:58:37 KST | INFO | Epoch 158/200 | LR: 0.010979
2026-02-04 19:58:50 KST | INFO |   Train Loss: 0.0253 | Test Loss: 0.0014 | Test Acc: 91.65%
2026-02-04 19:58:50 KST | INFO |   No improvement (3/30)
2026-02-04 19:58:50 KST | INFO | 
2026-02-04 19:58:50 KST | INFO | Epoch 159/200 | LR: 0.010493
2026-02-04 19:59:03 KST | INFO |   Train Loss: 0.0214 | Test Loss: 0.0014 | Test Acc: 91.55%
2026-02-04 19:59:03 KST | INFO |   No improvement (4/30)
2026-02-04 19:59:03 KST | INFO | 
2026-02-04 19:59:03 KST | INFO | Epoch 160/200 | LR: 0.010017
2026-02-04 19:59:16 KST | INFO |   Train Loss: 0.0209 | Test Loss: 0.0014 | Test Acc: 91.92%
2026-02-04 19:59:16 KST | INFO |   🏆 New best accuracy: 91.92%
2026-02-04 19:59:16 KST | INFO | 
2026-02-04 19:59:16 KST | INFO | Epoch 161/200 | LR: 0.009550
2026-02-04 19:59:29 KST | INFO |   Train Loss: 0.0211 | Test Loss: 0.0014 | Test Acc: 91.47%
2026-02-04 19:59:29 KST | INFO |   No improvement (1/30)
2026-02-04 19:59:29 KST | INFO | 
2026-02-04 19:59:29 KST | INFO | Epoch 162/200 | LR: 0.009093
2026-02-04 19:59:42 KST | INFO |   Train Loss: 0.0198 | Test Loss: 0.0013 | Test Acc: 91.67%
2026-02-04 19:59:42 KST | INFO |   No improvement (2/30)
2026-02-04 19:59:42 KST | INFO | 
2026-02-04 19:59:42 KST | INFO | Epoch 163/200 | LR: 0.008647
2026-02-04 19:59:55 KST | INFO |   Train Loss: 0.0191 | Test Loss: 0.0015 | Test Acc: 90.92%
2026-02-04 19:59:55 KST | INFO |   No improvement (3/30)
2026-02-04 19:59:55 KST | INFO | 
2026-02-04 19:59:55 KST | INFO | Epoch 164/200 | LR: 0.008211
2026-02-04 20:00:08 KST | INFO |   Train Loss: 0.0168 | Test Loss: 0.0014 | Test Acc: 91.80%
2026-02-04 20:00:08 KST | INFO |   No improvement (4/30)
2026-02-04 20:00:08 KST | INFO | 
2026-02-04 20:00:08 KST | INFO | Epoch 165/200 | LR: 0.007785
2026-02-04 20:00:21 KST | INFO |   Train Loss: 0.0188 | Test Loss: 0.0014 | Test Acc: 91.58%
2026-02-04 20:00:21 KST | INFO |   No improvement (5/30)
2026-02-04 20:00:21 KST | INFO | 
2026-02-04 20:00:21 KST | INFO | Epoch 166/200 | LR: 0.007369
2026-02-04 20:00:33 KST | INFO |   Train Loss: 0.0171 | Test Loss: 0.0014 | Test Acc: 91.70%
2026-02-04 20:00:33 KST | INFO |   No improvement (6/30)
2026-02-04 20:00:33 KST | INFO | 
2026-02-04 20:00:33 KST | INFO | Epoch 167/200 | LR: 0.006964
2026-02-04 20:00:46 KST | INFO |   Train Loss: 0.0157 | Test Loss: 0.0013 | Test Acc: 91.67%
2026-02-04 20:00:46 KST | INFO |   No improvement (7/30)
2026-02-04 20:00:46 KST | INFO | 
2026-02-04 20:00:46 KST | INFO | Epoch 168/200 | LR: 0.006569
2026-02-04 20:00:59 KST | INFO |   Train Loss: 0.0151 | Test Loss: 0.0014 | Test Acc: 91.68%
2026-02-04 20:00:59 KST | INFO |   No improvement (8/30)
2026-02-04 20:00:59 KST | INFO | 
2026-02-04 20:00:59 KST | INFO | Epoch 169/200 | LR: 0.006186
2026-02-04 20:01:12 KST | INFO |   Train Loss: 0.0142 | Test Loss: 0.0014 | Test Acc: 91.58%
2026-02-04 20:01:12 KST | INFO |   No improvement (9/30)
2026-02-04 20:01:12 KST | INFO | 
2026-02-04 20:01:12 KST | INFO | Epoch 170/200 | LR: 0.005813
2026-02-04 20:01:25 KST | INFO |   Train Loss: 0.0141 | Test Loss: 0.0014 | Test Acc: 91.43%
2026-02-04 20:01:25 KST | INFO |   No improvement (10/30)
2026-02-04 20:01:25 KST | INFO | 
2026-02-04 20:01:25 KST | INFO | Epoch 171/200 | LR: 0.005451
2026-02-04 20:01:37 KST | INFO |   Train Loss: 0.0124 | Test Loss: 0.0015 | Test Acc: 91.32%
2026-02-04 20:01:37 KST | INFO |   No improvement (11/30)
2026-02-04 20:01:37 KST | INFO | 
2026-02-04 20:01:37 KST | INFO | Epoch 172/200 | LR: 0.005100
2026-02-04 20:01:50 KST | INFO |   Train Loss: 0.0121 | Test Loss: 0.0014 | Test Acc: 91.57%
2026-02-04 20:01:50 KST | INFO |   No improvement (12/30)
2026-02-04 20:01:50 KST | INFO | 
2026-02-04 20:01:50 KST | INFO | Epoch 173/200 | LR: 0.004760
2026-02-04 20:02:03 KST | INFO |   Train Loss: 0.0118 | Test Loss: 0.0015 | Test Acc: 91.07%
2026-02-04 20:02:03 KST | INFO |   No improvement (13/30)
2026-02-04 20:02:03 KST | INFO | 
2026-02-04 20:02:03 KST | INFO | Epoch 174/200 | LR: 0.004431
2026-02-04 20:02:16 KST | INFO |   Train Loss: 0.0121 | Test Loss: 0.0014 | Test Acc: 91.65%
2026-02-04 20:02:16 KST | INFO |   No improvement (14/30)
2026-02-04 20:02:16 KST | INFO | 
2026-02-04 20:02:16 KST | INFO | Epoch 175/200 | LR: 0.004113
2026-02-04 20:02:29 KST | INFO |   Train Loss: 0.0118 | Test Loss: 0.0013 | Test Acc: 91.60%
2026-02-04 20:02:29 KST | INFO |   No improvement (15/30)
2026-02-04 20:02:29 KST | INFO | 
2026-02-04 20:02:29 KST | INFO | Epoch 176/200 | LR: 0.003807
2026-02-04 20:02:42 KST | INFO |   Train Loss: 0.0110 | Test Loss: 0.0013 | Test Acc: 91.72%
2026-02-04 20:02:42 KST | INFO |   No improvement (16/30)
2026-02-04 20:02:42 KST | INFO | 
2026-02-04 20:02:42 KST | INFO | Epoch 177/200 | LR: 0.003512
2026-02-04 20:02:55 KST | INFO |   Train Loss: 0.0108 | Test Loss: 0.0014 | Test Acc: 91.80%
2026-02-04 20:02:55 KST | INFO |   No improvement (17/30)
2026-02-04 20:02:55 KST | INFO | 
2026-02-04 20:02:55 KST | INFO | Epoch 178/200 | LR: 0.003229
2026-02-04 20:03:08 KST | INFO |   Train Loss: 0.0099 | Test Loss: 0.0014 | Test Acc: 91.75%
2026-02-04 20:03:08 KST | INFO |   No improvement (18/30)
2026-02-04 20:03:08 KST | INFO | 
2026-02-04 20:03:08 KST | INFO | Epoch 179/200 | LR: 0.002957
2026-02-04 20:03:20 KST | INFO |   Train Loss: 0.0098 | Test Loss: 0.0014 | Test Acc: 91.85%
2026-02-04 20:03:20 KST | INFO |   No improvement (19/30)
2026-02-04 20:03:20 KST | INFO | 
2026-02-04 20:03:20 KST | INFO | Epoch 180/200 | LR: 0.002697
2026-02-04 20:03:33 KST | INFO |   Train Loss: 0.0092 | Test Loss: 0.0014 | Test Acc: 91.47%
2026-02-04 20:03:33 KST | INFO |   No improvement (20/30)
2026-02-04 20:03:33 KST | INFO | 
2026-02-04 20:03:33 KST | INFO | Epoch 181/200 | LR: 0.002448
2026-02-04 20:03:46 KST | INFO |   Train Loss: 0.0085 | Test Loss: 0.0014 | Test Acc: 91.65%
2026-02-04 20:03:46 KST | INFO |   No improvement (21/30)
2026-02-04 20:03:46 KST | INFO | 
2026-02-04 20:03:46 KST | INFO | Epoch 182/200 | LR: 0.002211
2026-02-04 20:03:59 KST | INFO |   Train Loss: 0.0091 | Test Loss: 0.0014 | Test Acc: 91.88%
2026-02-04 20:03:59 KST | INFO |   No improvement (22/30)
2026-02-04 20:03:59 KST | INFO | 
2026-02-04 20:03:59 KST | INFO | Epoch 183/200 | LR: 0.001986
2026-02-04 20:04:12 KST | INFO |   Train Loss: 0.0086 | Test Loss: 0.0014 | Test Acc: 91.75%
2026-02-04 20:04:12 KST | INFO |   No improvement (23/30)
2026-02-04 20:04:12 KST | INFO | 
2026-02-04 20:04:12 KST | INFO | Epoch 184/200 | LR: 0.001773
2026-02-04 20:04:24 KST | INFO |   Train Loss: 0.0084 | Test Loss: 0.0015 | Test Acc: 91.73%
2026-02-04 20:04:24 KST | INFO |   No improvement (24/30)
2026-02-04 20:04:24 KST | INFO | 
2026-02-04 20:04:24 KST | INFO | Epoch 185/200 | LR: 0.001572
2026-02-04 20:04:37 KST | INFO |   Train Loss: 0.0083 | Test Loss: 0.0014 | Test Acc: 91.87%
2026-02-04 20:04:37 KST | INFO |   No improvement (25/30)
2026-02-04 20:04:37 KST | INFO | 
2026-02-04 20:04:37 KST | INFO | Epoch 186/200 | LR: 0.001382
2026-02-04 20:04:50 KST | INFO |   Train Loss: 0.0076 | Test Loss: 0.0014 | Test Acc: 91.70%
2026-02-04 20:04:50 KST | INFO |   No improvement (26/30)
2026-02-04 20:04:50 KST | INFO | 
2026-02-04 20:04:50 KST | INFO | Epoch 187/200 | LR: 0.001205
2026-02-04 20:05:03 KST | INFO |   Train Loss: 0.0075 | Test Loss: 0.0015 | Test Acc: 91.80%
2026-02-04 20:05:03 KST | INFO |   No improvement (27/30)
2026-02-04 20:05:03 KST | INFO | 
2026-02-04 20:05:03 KST | INFO | Epoch 188/200 | LR: 0.001040
2026-02-04 20:05:16 KST | INFO |   Train Loss: 0.0076 | Test Loss: 0.0014 | Test Acc: 91.72%
2026-02-04 20:05:16 KST | INFO |   No improvement (28/30)
2026-02-04 20:05:16 KST | INFO | 
2026-02-04 20:05:16 KST | INFO | Epoch 189/200 | LR: 0.000887
2026-02-04 20:05:29 KST | INFO |   Train Loss: 0.0072 | Test Loss: 0.0014 | Test Acc: 91.98%
2026-02-04 20:05:29 KST | INFO |   🏆 New best accuracy: 91.98%
2026-02-04 20:05:29 KST | INFO | 
2026-02-04 20:05:29 KST | INFO | Epoch 190/200 | LR: 0.000746
2026-02-04 20:05:41 KST | INFO |   Train Loss: 0.0073 | Test Loss: 0.0014 | Test Acc: 91.80%
2026-02-04 20:05:41 KST | INFO |   No improvement (1/30)
2026-02-04 20:05:41 KST | INFO | 
2026-02-04 20:05:41 KST | INFO | Epoch 191/200 | LR: 0.000617
2026-02-04 20:05:54 KST | INFO |   Train Loss: 0.0070 | Test Loss: 0.0014 | Test Acc: 91.82%
2026-02-04 20:05:54 KST | INFO |   No improvement (2/30)
2026-02-04 20:05:54 KST | INFO | 
2026-02-04 20:05:54 KST | INFO | Epoch 192/200 | LR: 0.000500
2026-02-04 20:06:07 KST | INFO |   Train Loss: 0.0075 | Test Loss: 0.0014 | Test Acc: 91.78%
2026-02-04 20:06:07 KST | INFO |   No improvement (3/30)
2026-02-04 20:06:07 KST | INFO | 
2026-02-04 20:06:07 KST | INFO | Epoch 193/200 | LR: 0.000395
2026-02-04 20:06:20 KST | INFO |   Train Loss: 0.0070 | Test Loss: 0.0014 | Test Acc: 91.87%
2026-02-04 20:06:20 KST | INFO |   No improvement (4/30)
2026-02-04 20:06:20 KST | INFO | 
2026-02-04 20:06:20 KST | INFO | Epoch 194/200 | LR: 0.000303
2026-02-04 20:06:33 KST | INFO |   Train Loss: 0.0069 | Test Loss: 0.0014 | Test Acc: 91.78%
2026-02-04 20:06:33 KST | INFO |   No improvement (5/30)
2026-02-04 20:06:33 KST | INFO | 
2026-02-04 20:06:33 KST | INFO | Epoch 195/200 | LR: 0.000223
2026-02-04 20:06:46 KST | INFO |   Train Loss: 0.0068 | Test Loss: 0.0014 | Test Acc: 91.82%
2026-02-04 20:06:46 KST | INFO |   No improvement (6/30)
2026-02-04 20:06:46 KST | INFO | 
2026-02-04 20:06:46 KST | INFO | Epoch 196/200 | LR: 0.000155
2026-02-04 20:06:59 KST | INFO |   Train Loss: 0.0067 | Test Loss: 0.0014 | Test Acc: 91.78%
2026-02-04 20:06:59 KST | INFO |   No improvement (7/30)
2026-02-04 20:06:59 KST | INFO | 
2026-02-04 20:06:59 KST | INFO | Epoch 197/200 | LR: 0.000100
2026-02-04 20:07:12 KST | INFO |   Train Loss: 0.0067 | Test Loss: 0.0014 | Test Acc: 91.75%
2026-02-04 20:07:12 KST | INFO |   No improvement (8/30)
2026-02-04 20:07:12 KST | INFO | 
2026-02-04 20:07:12 KST | INFO | Epoch 198/200 | LR: 0.000057
2026-02-04 20:07:25 KST | INFO |   Train Loss: 0.0066 | Test Loss: 0.0014 | Test Acc: 91.77%
2026-02-04 20:07:25 KST | INFO |   No improvement (9/30)
2026-02-04 20:07:25 KST | INFO | 
2026-02-04 20:07:25 KST | INFO | Epoch 199/200 | LR: 0.000026
2026-02-04 20:07:37 KST | INFO |   Train Loss: 0.0065 | Test Loss: 0.0014 | Test Acc: 91.78%
2026-02-04 20:07:37 KST | INFO |   No improvement (10/30)
2026-02-04 20:07:37 KST | INFO | 
2026-02-04 20:07:37 KST | INFO | Epoch 200/200 | LR: 0.000007
2026-02-04 20:07:50 KST | INFO |   Train Loss: 0.0067 | Test Loss: 0.0014 | Test Acc: 91.80%
2026-02-04 20:07:50 KST | INFO |   No improvement (11/30)
2026-02-04 20:07:50 KST | INFO | 
2026-02-04 20:07:50 KST | INFO | ================================================================================
2026-02-04 20:07:50 KST | INFO | TRAINING COMPLETE
2026-02-04 20:07:50 KST | INFO | ================================================================================
2026-02-04 20:07:50 KST | INFO | Best accuracy:  91.98% (Epoch 189)
2026-02-04 20:07:50 KST | INFO | Final accuracy: 91.80%
2026-02-04 20:07:50 KST | INFO | ================================================================================
2026-02-04 20:07:50 KST | INFO | 
2026-02-04 20:07:50 KST | INFO | Notifying nodes of completion...
2026-02-04 20:07:51 KST | INFO | ✓ Nodes notified
2026-02-04 20:07:51 KST | INFO | 
2026-02-04 20:07:51 KST | INFO | Closing connections...
2026-02-04 20:07:51 KST | INFO | ✓ Cleanup complete
2026-02-04 20:07:51 KST | INFO | 
2026-02-04 20:07:51 KST | INFO | Full log: logs/TL++_base_20260204_192426.log
2026-02-04 20:07:51 KST | INFO | ================================================================================
