2026-02-17 22:15:03 KST | INFO | ================================================================================
2026-02-17 22:15:03 KST | INFO | TL++ Orchestrator
2026-02-17 22:15:03 KST | INFO | ================================================================================
2026-02-17 22:15:03 KST | INFO | Log file: logs/TL++_secure_20260217_221503.log
2026-02-17 22:15:03 KST | INFO | 
2026-02-17 22:15:03 KST | INFO | --------------------------------------------------------------------------------
2026-02-17 22:15:03 KST | INFO | CONFIGURATION
2026-02-17 22:15:03 KST | INFO | --------------------------------------------------------------------------------
2026-02-17 22:15:03 KST | INFO | Secure mode:      True
2026-02-17 22:15:03 KST | INFO | Helper endpoint:  127.0.0.1:8082
2026-02-17 22:15:03 KST | INFO | Activation noise: 2.0%
2026-02-17 22:15:03 KST | INFO | Gradient noise:   10.0%
2026-02-17 22:15:03 KST | INFO | Nodes:            9
2026-02-17 22:15:03 KST | INFO | Cut layer:        1
2026-02-17 22:15:03 KST | INFO | Batch size:       128
2026-02-17 22:15:03 KST | INFO | Learning rate:    0.1
2026-02-17 22:15:03 KST | INFO | 
2026-02-17 22:15:03 KST | INFO | Computation device: cuda
2026-02-17 22:15:03 KST | INFO | Secure mode: ✓ ENABLED
2026-02-17 22:15:03 KST | INFO | 
2026-02-17 22:15:03 KST | INFO | --------------------------------------------------------------------------------
2026-02-17 22:15:03 KST | INFO | NETWORK SETUP
2026-02-17 22:15:03 KST | INFO | --------------------------------------------------------------------------------
2026-02-17 22:15:03 KST | INFO | ✓ Orchestrator listening on 127.0.0.1:8080
2026-02-17 22:15:03 KST | INFO | ✓ Helper node on 127.0.0.1:8082
2026-02-17 22:15:03 KST | INFO | 
2026-02-17 22:15:03 KST | INFO | Waiting for helper node...
2026-02-17 22:15:04 KST | INFO | ✓ Helper node connected
2026-02-17 22:15:04 KST | INFO | ✓ Noise config sent to helper (activation: 2.0%, gradient: 10.0%)
2026-02-17 22:15:04 KST | INFO | 
2026-02-17 22:15:04 KST | INFO | Waiting for 9 node(s)...
2026-02-17 22:15:09 KST | INFO |   ✓ Node 1/9 connected
2026-02-17 22:15:10 KST | INFO |   ✓ Node 2/9 connected
2026-02-17 22:15:11 KST | INFO |   ✓ Node 3/9 connected
2026-02-17 22:15:12 KST | INFO |   ✓ Node 4/9 connected
2026-02-17 22:15:13 KST | INFO |   ✓ Node 5/9 connected
2026-02-17 22:15:14 KST | INFO |   ✓ Node 6/9 connected
2026-02-17 22:15:15 KST | INFO |   ✓ Node 7/9 connected
2026-02-17 22:15:16 KST | INFO |   ✓ Node 8/9 connected
2026-02-17 22:15:17 KST | INFO |   ✓ Node 9/9 connected
2026-02-17 22:15:17 KST | INFO | ✓ All 9 node(s) connected
2026-02-17 22:15:17 KST | INFO | 
2026-02-17 22:15:17 KST | INFO | --------------------------------------------------------------------------------
2026-02-17 22:15:17 KST | INFO | MODEL INITIALIZATION
2026-02-17 22:15:17 KST | INFO | --------------------------------------------------------------------------------
2026-02-17 22:15:17 KST | INFO | Node-side parameters: 38,720
2026-02-17 22:15:17 KST | INFO | 
2026-02-17 22:15:17 KST | INFO | --------------------------------------------------------------------------------
2026-02-17 22:15:17 KST | INFO | BROADCASTING CONFIGURATION
2026-02-17 22:15:17 KST | INFO | --------------------------------------------------------------------------------
2026-02-17 22:15:17 KST | INFO | ✓ Configuration broadcast to all nodes
2026-02-17 22:15:19 KST | INFO | 
2026-02-17 22:15:19 KST | INFO | Total parameters:     3,247,689
2026-02-17 22:15:19 KST | INFO | Trainable parameters: 3,247,689
2026-02-17 22:15:19 KST | INFO | 
2026-02-17 22:15:19 KST | INFO | --------------------------------------------------------------------------------
2026-02-17 22:15:19 KST | INFO | DATA LOADING
2026-02-17 22:15:19 KST | INFO | --------------------------------------------------------------------------------
2026-02-17 22:15:45 KST | INFO | ✓ Dataset information collected:
2026-02-17 22:15:45 KST | INFO |     Node 1: 5,000 samples
2026-02-17 22:15:45 KST | INFO |     Node 2: 5,000 samples
2026-02-17 22:15:45 KST | INFO |     Node 3: 5,000 samples
2026-02-17 22:15:45 KST | INFO |     Node 4: 5,000 samples
2026-02-17 22:15:45 KST | INFO |     Node 5: 5,000 samples
2026-02-17 22:15:45 KST | INFO |     Node 6: 5,000 samples
2026-02-17 22:15:45 KST | INFO |     Node 7: 5,000 samples
2026-02-17 22:15:45 KST | INFO |     Node 8: 5,000 samples
2026-02-17 22:15:45 KST | INFO |     Node 9: 5,000 samples
2026-02-17 22:15:45 KST | INFO |   Total training samples: 45,000
2026-02-17 22:15:45 KST | INFO | 
2026-02-17 22:15:48 KST | INFO | ✓ Test dataset loaded: 9,000 samples
2026-02-17 22:15:48 KST | INFO | 
2026-02-17 22:15:48 KST | INFO | ✓ Batch scheduler: 352 batches/epoch
2026-02-17 22:15:48 KST | INFO | 
2026-02-17 22:15:48 KST | INFO | --------------------------------------------------------------------------------
2026-02-17 22:15:48 KST | INFO | OPTIMIZATION SETUP
2026-02-17 22:15:48 KST | INFO | --------------------------------------------------------------------------------
2026-02-17 22:15:48 KST | INFO | ✓ Optimizer: SGD (lr=0.1, momentum=0.9)
2026-02-17 22:15:48 KST | INFO | ✓ Scheduler: cosine
2026-02-17 22:15:48 KST | INFO | ✓ Gradient clipping: 1.0
2026-02-17 22:15:48 KST | INFO | 
2026-02-17 22:15:48 KST | INFO | ================================================================================
2026-02-17 22:15:48 KST | INFO | Setup complete - Ready for training
2026-02-17 22:15:48 KST | INFO | ================================================================================
2026-02-17 22:15:48 KST | INFO | 
2026-02-17 22:15:48 KST | INFO | --------------------------------------------------------------------------------
2026-02-17 22:15:48 KST | INFO | TRAINING
2026-02-17 22:15:48 KST | INFO | --------------------------------------------------------------------------------
2026-02-17 22:15:48 KST | INFO | 
2026-02-17 22:15:48 KST | INFO | Epoch 1/200 | LR: 0.100000
2026-02-17 22:17:57 KST | INFO |   Train Loss: 1.6434 | Test Loss: 0.0056 | Test Acc: 49.32%
2026-02-17 22:17:57 KST | INFO |   🏆 New best accuracy: 49.32%
2026-02-17 22:17:57 KST | INFO | 
2026-02-17 22:17:57 KST | INFO | Epoch 2/200 | LR: 0.099994
2026-02-17 22:20:04 KST | INFO |   Train Loss: 1.1881 | Test Loss: 0.0052 | Test Acc: 54.80%
2026-02-17 22:20:04 KST | INFO |   🏆 New best accuracy: 54.80%
2026-02-17 22:20:04 KST | INFO | 
2026-02-17 22:20:04 KST | INFO | Epoch 3/200 | LR: 0.099975
2026-02-17 22:22:11 KST | INFO |   Train Loss: 0.9531 | Test Loss: 0.0039 | Test Acc: 66.36%
2026-02-17 22:22:11 KST | INFO |   🏆 New best accuracy: 66.36%
2026-02-17 22:22:11 KST | INFO | 
2026-02-17 22:22:11 KST | INFO | Epoch 4/200 | LR: 0.099944
2026-02-17 22:24:19 KST | INFO |   Train Loss: 0.8097 | Test Loss: 0.0037 | Test Acc: 68.63%
2026-02-17 22:24:19 KST | INFO |   🏆 New best accuracy: 68.63%
2026-02-17 22:24:19 KST | INFO | 
2026-02-17 22:24:19 KST | INFO | Epoch 5/200 | LR: 0.099901
2026-02-17 22:26:26 KST | INFO |   Train Loss: 0.7166 | Test Loss: 0.0032 | Test Acc: 73.17%
2026-02-17 22:26:26 KST | INFO |   🏆 New best accuracy: 73.17%
2026-02-17 22:26:26 KST | INFO | 
2026-02-17 22:26:26 KST | INFO | Epoch 6/200 | LR: 0.099846
2026-02-17 22:28:34 KST | INFO |   Train Loss: 0.6572 | Test Loss: 0.0032 | Test Acc: 74.06%
2026-02-17 22:28:34 KST | INFO |   🏆 New best accuracy: 74.06%
2026-02-17 22:28:34 KST | INFO | 
2026-02-17 22:28:34 KST | INFO | Epoch 7/200 | LR: 0.099778
2026-02-17 22:30:41 KST | INFO |   Train Loss: 0.6089 | Test Loss: 0.0033 | Test Acc: 71.22%
2026-02-17 22:30:41 KST | INFO |   No improvement (1/30)
2026-02-17 22:30:41 KST | INFO | 
2026-02-17 22:30:41 KST | INFO | Epoch 8/200 | LR: 0.099698
2026-02-17 22:32:49 KST | INFO |   Train Loss: 0.5713 | Test Loss: 0.0030 | Test Acc: 74.48%
2026-02-17 22:32:49 KST | INFO |   🏆 New best accuracy: 74.48%
2026-02-17 22:32:49 KST | INFO | 
2026-02-17 22:32:49 KST | INFO | Epoch 9/200 | LR: 0.099606
2026-02-17 22:34:56 KST | INFO |   Train Loss: 0.5397 | Test Loss: 0.0029 | Test Acc: 76.74%
2026-02-17 22:34:56 KST | INFO |   🏆 New best accuracy: 76.74%
2026-02-17 22:34:56 KST | INFO | 
2026-02-17 22:34:56 KST | INFO | Epoch 10/200 | LR: 0.099501
2026-02-17 22:37:04 KST | INFO |   Train Loss: 0.5175 | Test Loss: 0.0025 | Test Acc: 79.47%
2026-02-17 22:37:04 KST | INFO |   🏆 New best accuracy: 79.47%
2026-02-17 22:37:04 KST | INFO | 
2026-02-17 22:37:04 KST | INFO | Epoch 11/200 | LR: 0.099384
2026-02-17 22:39:11 KST | INFO |   Train Loss: 0.5006 | Test Loss: 0.0027 | Test Acc: 77.38%
2026-02-17 22:39:11 KST | INFO |   No improvement (1/30)
2026-02-17 22:39:11 KST | INFO | 
2026-02-17 22:39:11 KST | INFO | Epoch 12/200 | LR: 0.099255
2026-02-17 22:41:19 KST | INFO |   Train Loss: 0.4870 | Test Loss: 0.0029 | Test Acc: 76.26%
2026-02-17 22:41:19 KST | INFO |   No improvement (2/30)
2026-02-17 22:41:19 KST | INFO | 
2026-02-17 22:41:19 KST | INFO | Epoch 13/200 | LR: 0.099114
2026-02-17 22:43:27 KST | INFO |   Train Loss: 0.4701 | Test Loss: 0.0028 | Test Acc: 76.53%
2026-02-17 22:43:27 KST | INFO |   No improvement (3/30)
2026-02-17 22:43:27 KST | INFO | 
2026-02-17 22:43:27 KST | INFO | Epoch 14/200 | LR: 0.098961
2026-02-17 22:45:35 KST | INFO |   Train Loss: 0.4547 | Test Loss: 0.0026 | Test Acc: 78.72%
2026-02-17 22:45:35 KST | INFO |   No improvement (4/30)
2026-02-17 22:45:35 KST | INFO | 
2026-02-17 22:45:35 KST | INFO | Epoch 15/200 | LR: 0.098796
2026-02-17 22:47:42 KST | INFO |   Train Loss: 0.4465 | Test Loss: 0.0025 | Test Acc: 79.14%
2026-02-17 22:47:42 KST | INFO |   No improvement (5/30)
2026-02-17 22:47:42 KST | INFO | 
2026-02-17 22:47:42 KST | INFO | Epoch 16/200 | LR: 0.098619
2026-02-17 22:49:50 KST | INFO |   Train Loss: 0.4372 | Test Loss: 0.0023 | Test Acc: 82.37%
2026-02-17 22:49:50 KST | INFO |   🏆 New best accuracy: 82.37%
2026-02-17 22:49:50 KST | INFO | 
2026-02-17 22:49:50 KST | INFO | Epoch 17/200 | LR: 0.098429
2026-02-17 22:51:57 KST | INFO |   Train Loss: 0.4264 | Test Loss: 0.0021 | Test Acc: 83.28%
2026-02-17 22:51:57 KST | INFO |   🏆 New best accuracy: 83.28%
2026-02-17 22:51:57 KST | INFO | 
2026-02-17 22:51:57 KST | INFO | Epoch 18/200 | LR: 0.098228
2026-02-17 22:54:05 KST | INFO |   Train Loss: 0.4137 | Test Loss: 0.0023 | Test Acc: 81.23%
2026-02-17 22:54:05 KST | INFO |   No improvement (1/30)
2026-02-17 22:54:05 KST | INFO | 
2026-02-17 22:54:05 KST | INFO | Epoch 19/200 | LR: 0.098015
2026-02-17 22:56:13 KST | INFO |   Train Loss: 0.4124 | Test Loss: 0.0020 | Test Acc: 83.26%
2026-02-17 22:56:13 KST | INFO |   No improvement (2/30)
2026-02-17 22:56:13 KST | INFO | 
2026-02-17 22:56:13 KST | INFO | Epoch 20/200 | LR: 0.097790
2026-02-17 22:58:20 KST | INFO |   Train Loss: 0.4015 | Test Loss: 0.0025 | Test Acc: 79.17%
2026-02-17 22:58:20 KST | INFO |   No improvement (3/30)
2026-02-17 22:58:20 KST | INFO | 
2026-02-17 22:58:20 KST | INFO | Epoch 21/200 | LR: 0.097553
2026-02-17 23:00:28 KST | INFO |   Train Loss: 0.3991 | Test Loss: 0.0022 | Test Acc: 82.49%
2026-02-17 23:00:28 KST | INFO |   No improvement (4/30)
2026-02-17 23:00:28 KST | INFO | 
2026-02-17 23:00:28 KST | INFO | Epoch 22/200 | LR: 0.097304
2026-02-17 23:02:36 KST | INFO |   Train Loss: 0.3940 | Test Loss: 0.0023 | Test Acc: 81.77%
2026-02-17 23:02:36 KST | INFO |   No improvement (5/30)
2026-02-17 23:02:36 KST | INFO | 
2026-02-17 23:02:36 KST | INFO | Epoch 23/200 | LR: 0.097044
2026-02-17 23:04:43 KST | INFO |   Train Loss: 0.3860 | Test Loss: 0.0022 | Test Acc: 82.13%
2026-02-17 23:04:43 KST | INFO |   No improvement (6/30)
2026-02-17 23:04:43 KST | INFO | 
2026-02-17 23:04:43 KST | INFO | Epoch 24/200 | LR: 0.096772
2026-02-17 23:06:51 KST | INFO |   Train Loss: 0.3817 | Test Loss: 0.0019 | Test Acc: 85.12%
2026-02-17 23:06:51 KST | INFO |   🏆 New best accuracy: 85.12%
2026-02-17 23:06:51 KST | INFO | 
2026-02-17 23:06:51 KST | INFO | Epoch 25/200 | LR: 0.096489
2026-02-17 23:08:59 KST | INFO |   Train Loss: 0.3737 | Test Loss: 0.0022 | Test Acc: 81.74%
2026-02-17 23:08:59 KST | INFO |   No improvement (1/30)
2026-02-17 23:08:59 KST | INFO | 
2026-02-17 23:08:59 KST | INFO | Epoch 26/200 | LR: 0.096194
2026-02-17 23:11:07 KST | INFO |   Train Loss: 0.3688 | Test Loss: 0.0023 | Test Acc: 80.71%
2026-02-17 23:11:07 KST | INFO |   No improvement (2/30)
2026-02-17 23:11:07 KST | INFO | 
2026-02-17 23:11:07 KST | INFO | Epoch 27/200 | LR: 0.095888
2026-02-17 23:13:16 KST | INFO |   Train Loss: 0.3657 | Test Loss: 0.0020 | Test Acc: 83.68%
2026-02-17 23:13:16 KST | INFO |   No improvement (3/30)
2026-02-17 23:13:16 KST | INFO | 
2026-02-17 23:13:16 KST | INFO | Epoch 28/200 | LR: 0.095570
2026-02-17 23:15:25 KST | INFO |   Train Loss: 0.3617 | Test Loss: 0.0029 | Test Acc: 75.23%
2026-02-17 23:15:25 KST | INFO |   No improvement (4/30)
2026-02-17 23:15:25 KST | INFO | 
2026-02-17 23:15:25 KST | INFO | Epoch 29/200 | LR: 0.095241
2026-02-17 23:17:33 KST | INFO |   Train Loss: 0.3612 | Test Loss: 0.0022 | Test Acc: 82.99%
2026-02-17 23:17:33 KST | INFO |   No improvement (5/30)
2026-02-17 23:17:33 KST | INFO | 
2026-02-17 23:17:33 KST | INFO | Epoch 30/200 | LR: 0.094901
2026-02-17 23:19:42 KST | INFO |   Train Loss: 0.3579 | Test Loss: 0.0021 | Test Acc: 82.73%
2026-02-17 23:19:42 KST | INFO |   No improvement (6/30)
2026-02-17 23:19:42 KST | INFO | 
2026-02-17 23:19:42 KST | INFO | Epoch 31/200 | LR: 0.094550
2026-02-17 23:21:50 KST | INFO |   Train Loss: 0.3469 | Test Loss: 0.0024 | Test Acc: 80.56%
2026-02-17 23:21:50 KST | INFO |   No improvement (7/30)
2026-02-17 23:21:50 KST | INFO | 
2026-02-17 23:21:50 KST | INFO | Epoch 32/200 | LR: 0.094188
2026-02-17 23:23:59 KST | INFO |   Train Loss: 0.3455 | Test Loss: 0.0023 | Test Acc: 80.79%
2026-02-17 23:23:59 KST | INFO |   No improvement (8/30)
2026-02-17 23:23:59 KST | INFO | 
2026-02-17 23:23:59 KST | INFO | Epoch 33/200 | LR: 0.093815
2026-02-17 23:26:08 KST | INFO |   Train Loss: 0.3499 | Test Loss: 0.0021 | Test Acc: 82.86%
2026-02-17 23:26:08 KST | INFO |   No improvement (9/30)
2026-02-17 23:26:08 KST | INFO | 
2026-02-17 23:26:08 KST | INFO | Epoch 34/200 | LR: 0.093432
2026-02-17 23:28:17 KST | INFO |   Train Loss: 0.3420 | Test Loss: 0.0021 | Test Acc: 82.68%
2026-02-17 23:28:17 KST | INFO |   No improvement (10/30)
2026-02-17 23:28:17 KST | INFO | 
2026-02-17 23:28:17 KST | INFO | Epoch 35/200 | LR: 0.093037
2026-02-17 23:30:26 KST | INFO |   Train Loss: 0.3393 | Test Loss: 0.0023 | Test Acc: 81.93%
2026-02-17 23:30:26 KST | INFO |   No improvement (11/30)
2026-02-17 23:30:26 KST | INFO | 
2026-02-17 23:30:26 KST | INFO | Epoch 36/200 | LR: 0.092632
2026-02-17 23:32:34 KST | INFO |   Train Loss: 0.3349 | Test Loss: 0.0018 | Test Acc: 85.47%
2026-02-17 23:32:34 KST | INFO |   🏆 New best accuracy: 85.47%
2026-02-17 23:32:34 KST | INFO | 
2026-02-17 23:32:34 KST | INFO | Epoch 37/200 | LR: 0.092216
2026-02-17 23:34:42 KST | INFO |   Train Loss: 0.3313 | Test Loss: 0.0021 | Test Acc: 83.13%
2026-02-17 23:34:42 KST | INFO |   No improvement (1/30)
2026-02-17 23:34:42 KST | INFO | 
2026-02-17 23:34:42 KST | INFO | Epoch 38/200 | LR: 0.091790
2026-02-17 23:36:51 KST | INFO |   Train Loss: 0.3298 | Test Loss: 0.0020 | Test Acc: 83.27%
2026-02-17 23:36:51 KST | INFO |   No improvement (2/30)
2026-02-17 23:36:51 KST | INFO | 
2026-02-17 23:36:51 KST | INFO | Epoch 39/200 | LR: 0.091354
2026-02-17 23:39:00 KST | INFO |   Train Loss: 0.3236 | Test Loss: 0.0019 | Test Acc: 85.04%
2026-02-17 23:39:00 KST | INFO |   No improvement (3/30)
2026-02-17 23:39:00 KST | INFO | 
2026-02-17 23:39:00 KST | INFO | Epoch 40/200 | LR: 0.090908
2026-02-17 23:41:08 KST | INFO |   Train Loss: 0.3214 | Test Loss: 0.0021 | Test Acc: 82.63%
2026-02-17 23:41:08 KST | INFO |   No improvement (4/30)
2026-02-17 23:41:08 KST | INFO | 
2026-02-17 23:41:08 KST | INFO | Epoch 41/200 | LR: 0.090451
2026-02-17 23:43:16 KST | INFO |   Train Loss: 0.3223 | Test Loss: 0.0018 | Test Acc: 85.41%
2026-02-17 23:43:16 KST | INFO |   No improvement (5/30)
2026-02-17 23:43:16 KST | INFO | 
2026-02-17 23:43:16 KST | INFO | Epoch 42/200 | LR: 0.089984
2026-02-17 23:45:24 KST | INFO |   Train Loss: 0.3182 | Test Loss: 0.0018 | Test Acc: 85.47%
2026-02-17 23:45:24 KST | INFO |   No improvement (6/30)
2026-02-17 23:45:24 KST | INFO | 
2026-02-17 23:45:24 KST | INFO | Epoch 43/200 | LR: 0.089508
2026-02-17 23:47:32 KST | INFO |   Train Loss: 0.3102 | Test Loss: 0.0021 | Test Acc: 81.99%
2026-02-17 23:47:32 KST | INFO |   No improvement (7/30)
2026-02-17 23:47:32 KST | INFO | 
2026-02-17 23:47:32 KST | INFO | Epoch 44/200 | LR: 0.089022
2026-02-17 23:49:41 KST | INFO |   Train Loss: 0.3136 | Test Loss: 0.0020 | Test Acc: 83.24%
2026-02-17 23:49:41 KST | INFO |   No improvement (8/30)
2026-02-17 23:49:41 KST | INFO | 
2026-02-17 23:49:41 KST | INFO | Epoch 45/200 | LR: 0.088526
2026-02-17 23:51:50 KST | INFO |   Train Loss: 0.3085 | Test Loss: 0.0021 | Test Acc: 82.94%
2026-02-17 23:51:50 KST | INFO |   No improvement (9/30)
2026-02-17 23:51:50 KST | INFO | 
2026-02-17 23:51:50 KST | INFO | Epoch 46/200 | LR: 0.088020
2026-02-17 23:53:57 KST | INFO |   Train Loss: 0.3063 | Test Loss: 0.0019 | Test Acc: 84.62%
2026-02-17 23:53:57 KST | INFO |   No improvement (10/30)
2026-02-17 23:53:57 KST | INFO | 
2026-02-17 23:53:57 KST | INFO | Epoch 47/200 | LR: 0.087506
2026-02-17 23:56:05 KST | INFO |   Train Loss: 0.3059 | Test Loss: 0.0017 | Test Acc: 86.02%
2026-02-17 23:56:05 KST | INFO |   🏆 New best accuracy: 86.02%
2026-02-17 23:56:05 KST | INFO | 
2026-02-17 23:56:05 KST | INFO | Epoch 48/200 | LR: 0.086982
2026-02-17 23:58:12 KST | INFO |   Train Loss: 0.3015 | Test Loss: 0.0024 | Test Acc: 80.24%
2026-02-17 23:58:12 KST | INFO |   No improvement (1/30)
2026-02-17 23:58:12 KST | INFO | 
2026-02-17 23:58:12 KST | INFO | Epoch 49/200 | LR: 0.086449
2026-02-18 00:00:21 KST | INFO |   Train Loss: 0.2979 | Test Loss: 0.0020 | Test Acc: 83.40%
2026-02-18 00:00:21 KST | INFO |   No improvement (2/30)
2026-02-18 00:00:21 KST | INFO | 
2026-02-18 00:00:21 KST | INFO | Epoch 50/200 | LR: 0.085906
2026-02-18 00:02:30 KST | INFO |   Train Loss: 0.2942 | Test Loss: 0.0018 | Test Acc: 84.67%
2026-02-18 00:02:30 KST | INFO |   No improvement (3/30)
2026-02-18 00:02:30 KST | INFO | 
2026-02-18 00:02:30 KST | INFO | Epoch 51/200 | LR: 0.085355
2026-02-18 00:04:38 KST | INFO |   Train Loss: 0.2962 | Test Loss: 0.0022 | Test Acc: 81.47%
2026-02-18 00:04:38 KST | INFO |   No improvement (4/30)
2026-02-18 00:04:38 KST | INFO | 
2026-02-18 00:04:38 KST | INFO | Epoch 52/200 | LR: 0.084796
2026-02-18 00:06:47 KST | INFO |   Train Loss: 0.2892 | Test Loss: 0.0018 | Test Acc: 84.87%
2026-02-18 00:06:47 KST | INFO |   No improvement (5/30)
2026-02-18 00:06:47 KST | INFO | 
2026-02-18 00:06:47 KST | INFO | Epoch 53/200 | LR: 0.084228
2026-02-18 00:08:55 KST | INFO |   Train Loss: 0.2935 | Test Loss: 0.0019 | Test Acc: 84.99%
2026-02-18 00:08:55 KST | INFO |   No improvement (6/30)
2026-02-18 00:08:55 KST | INFO | 
2026-02-18 00:08:55 KST | INFO | Epoch 54/200 | LR: 0.083651
2026-02-18 00:11:03 KST | INFO |   Train Loss: 0.2846 | Test Loss: 0.0019 | Test Acc: 84.73%
2026-02-18 00:11:03 KST | INFO |   No improvement (7/30)
2026-02-18 00:11:03 KST | INFO | 
2026-02-18 00:11:03 KST | INFO | Epoch 55/200 | LR: 0.083066
2026-02-18 00:13:10 KST | INFO |   Train Loss: 0.2837 | Test Loss: 0.0018 | Test Acc: 85.21%
2026-02-18 00:13:10 KST | INFO |   No improvement (8/30)
2026-02-18 00:13:10 KST | INFO | 
2026-02-18 00:13:10 KST | INFO | Epoch 56/200 | LR: 0.082473
2026-02-18 00:15:18 KST | INFO |   Train Loss: 0.2852 | Test Loss: 0.0022 | Test Acc: 82.20%
2026-02-18 00:15:18 KST | INFO |   No improvement (9/30)
2026-02-18 00:15:18 KST | INFO | 
2026-02-18 00:15:18 KST | INFO | Epoch 57/200 | LR: 0.081871
2026-02-18 00:17:27 KST | INFO |   Train Loss: 0.2808 | Test Loss: 0.0021 | Test Acc: 83.36%
2026-02-18 00:17:27 KST | INFO |   No improvement (10/30)
2026-02-18 00:17:27 KST | INFO | 
2026-02-18 00:17:27 KST | INFO | Epoch 58/200 | LR: 0.081262
2026-02-18 00:19:35 KST | INFO |   Train Loss: 0.2808 | Test Loss: 0.0017 | Test Acc: 86.03%
2026-02-18 00:19:35 KST | INFO |   🏆 New best accuracy: 86.03%
2026-02-18 00:19:35 KST | INFO | 
2026-02-18 00:19:35 KST | INFO | Epoch 59/200 | LR: 0.080646
2026-02-18 00:21:42 KST | INFO |   Train Loss: 0.2782 | Test Loss: 0.0017 | Test Acc: 86.21%
2026-02-18 00:21:42 KST | INFO |   🏆 New best accuracy: 86.21%
2026-02-18 00:21:42 KST | INFO | 
2026-02-18 00:21:42 KST | INFO | Epoch 60/200 | LR: 0.080021
2026-02-18 00:23:50 KST | INFO |   Train Loss: 0.2729 | Test Loss: 0.0017 | Test Acc: 85.51%
2026-02-18 00:23:50 KST | INFO |   No improvement (1/30)
2026-02-18 00:23:50 KST | INFO | 
2026-02-18 00:23:50 KST | INFO | Epoch 61/200 | LR: 0.079389
2026-02-18 00:25:59 KST | INFO |   Train Loss: 0.2711 | Test Loss: 0.0017 | Test Acc: 85.76%
2026-02-18 00:25:59 KST | INFO |   No improvement (2/30)
2026-02-18 00:25:59 KST | INFO | 
2026-02-18 00:25:59 KST | INFO | Epoch 62/200 | LR: 0.078750
2026-02-18 00:28:08 KST | INFO |   Train Loss: 0.2709 | Test Loss: 0.0019 | Test Acc: 84.36%
2026-02-18 00:28:08 KST | INFO |   No improvement (3/30)
2026-02-18 00:28:08 KST | INFO | 
2026-02-18 00:28:08 KST | INFO | Epoch 63/200 | LR: 0.078104
2026-02-18 00:30:16 KST | INFO |   Train Loss: 0.2656 | Test Loss: 0.0018 | Test Acc: 85.34%
2026-02-18 00:30:16 KST | INFO |   No improvement (4/30)
2026-02-18 00:30:16 KST | INFO | 
2026-02-18 00:30:16 KST | INFO | Epoch 64/200 | LR: 0.077451
2026-02-18 00:32:24 KST | INFO |   Train Loss: 0.2659 | Test Loss: 0.0017 | Test Acc: 86.36%
2026-02-18 00:32:24 KST | INFO |   🏆 New best accuracy: 86.36%
2026-02-18 00:32:24 KST | INFO | 
2026-02-18 00:32:24 KST | INFO | Epoch 65/200 | LR: 0.076792
2026-02-18 00:34:32 KST | INFO |   Train Loss: 0.2639 | Test Loss: 0.0019 | Test Acc: 84.43%
2026-02-18 00:34:32 KST | INFO |   No improvement (1/30)
2026-02-18 00:34:32 KST | INFO | 
2026-02-18 00:34:32 KST | INFO | Epoch 66/200 | LR: 0.076125
2026-02-18 00:36:39 KST | INFO |   Train Loss: 0.2575 | Test Loss: 0.0017 | Test Acc: 85.73%
2026-02-18 00:36:39 KST | INFO |   No improvement (2/30)
2026-02-18 00:36:39 KST | INFO | 
2026-02-18 00:36:39 KST | INFO | Epoch 67/200 | LR: 0.075452
2026-02-18 00:38:47 KST | INFO |   Train Loss: 0.2636 | Test Loss: 0.0017 | Test Acc: 85.37%
2026-02-18 00:38:47 KST | INFO |   No improvement (3/30)
2026-02-18 00:38:47 KST | INFO | 
2026-02-18 00:38:47 KST | INFO | Epoch 68/200 | LR: 0.074773
2026-02-18 00:40:56 KST | INFO |   Train Loss: 0.2571 | Test Loss: 0.0018 | Test Acc: 84.91%
2026-02-18 00:40:56 KST | INFO |   No improvement (4/30)
2026-02-18 00:40:56 KST | INFO | 
2026-02-18 00:40:56 KST | INFO | Epoch 69/200 | LR: 0.074088
2026-02-18 00:43:04 KST | INFO |   Train Loss: 0.2549 | Test Loss: 0.0018 | Test Acc: 85.29%
2026-02-18 00:43:04 KST | INFO |   No improvement (5/30)
2026-02-18 00:43:04 KST | INFO | 
2026-02-18 00:43:04 KST | INFO | Epoch 70/200 | LR: 0.073397
2026-02-18 00:45:13 KST | INFO |   Train Loss: 0.2499 | Test Loss: 0.0017 | Test Acc: 86.17%
2026-02-18 00:45:13 KST | INFO |   No improvement (6/30)
2026-02-18 00:45:13 KST | INFO | 
2026-02-18 00:45:13 KST | INFO | Epoch 71/200 | LR: 0.072700
2026-02-18 00:47:22 KST | INFO |   Train Loss: 0.2470 | Test Loss: 0.0019 | Test Acc: 84.41%
2026-02-18 00:47:22 KST | INFO |   No improvement (7/30)
2026-02-18 00:47:22 KST | INFO | 
2026-02-18 00:47:22 KST | INFO | Epoch 72/200 | LR: 0.071997
2026-02-18 00:49:31 KST | INFO |   Train Loss: 0.2443 | Test Loss: 0.0018 | Test Acc: 85.67%
2026-02-18 00:49:31 KST | INFO |   No improvement (8/30)
2026-02-18 00:49:31 KST | INFO | 
2026-02-18 00:49:31 KST | INFO | Epoch 73/200 | LR: 0.071289
2026-02-18 00:51:38 KST | INFO |   Train Loss: 0.2430 | Test Loss: 0.0020 | Test Acc: 83.43%
2026-02-18 00:51:38 KST | INFO |   No improvement (9/30)
2026-02-18 00:51:38 KST | INFO | 
2026-02-18 00:51:38 KST | INFO | Epoch 74/200 | LR: 0.070576
2026-02-18 00:53:46 KST | INFO |   Train Loss: 0.2381 | Test Loss: 0.0016 | Test Acc: 86.94%
2026-02-18 00:53:46 KST | INFO |   🏆 New best accuracy: 86.94%
2026-02-18 00:53:46 KST | INFO | 
2026-02-18 00:53:46 KST | INFO | Epoch 75/200 | LR: 0.069858
2026-02-18 00:55:54 KST | INFO |   Train Loss: 0.2384 | Test Loss: 0.0016 | Test Acc: 86.57%
2026-02-18 00:55:54 KST | INFO |   No improvement (1/30)
2026-02-18 00:55:54 KST | INFO | 
2026-02-18 00:55:54 KST | INFO | Epoch 76/200 | LR: 0.069134
2026-02-18 00:58:01 KST | INFO |   Train Loss: 0.2376 | Test Loss: 0.0019 | Test Acc: 83.77%
2026-02-18 00:58:01 KST | INFO |   No improvement (2/30)
2026-02-18 00:58:01 KST | INFO | 
2026-02-18 00:58:01 KST | INFO | Epoch 77/200 | LR: 0.068407
2026-02-18 01:00:09 KST | INFO |   Train Loss: 0.2329 | Test Loss: 0.0018 | Test Acc: 85.32%
2026-02-18 01:00:09 KST | INFO |   No improvement (3/30)
2026-02-18 01:00:09 KST | INFO | 
2026-02-18 01:00:09 KST | INFO | Epoch 78/200 | LR: 0.067674
2026-02-18 01:02:17 KST | INFO |   Train Loss: 0.2273 | Test Loss: 0.0016 | Test Acc: 86.20%
2026-02-18 01:02:17 KST | INFO |   No improvement (4/30)
2026-02-18 01:02:17 KST | INFO | 
2026-02-18 01:02:17 KST | INFO | Epoch 79/200 | LR: 0.066937
2026-02-18 01:04:25 KST | INFO |   Train Loss: 0.2288 | Test Loss: 0.0015 | Test Acc: 87.71%
2026-02-18 01:04:25 KST | INFO |   🏆 New best accuracy: 87.71%
2026-02-18 01:04:25 KST | INFO | 
2026-02-18 01:04:25 KST | INFO | Epoch 80/200 | LR: 0.066196
2026-02-18 01:06:33 KST | INFO |   Train Loss: 0.2310 | Test Loss: 0.0017 | Test Acc: 85.88%
2026-02-18 01:06:33 KST | INFO |   No improvement (1/30)
2026-02-18 01:06:33 KST | INFO | 
2026-02-18 01:06:33 KST | INFO | Epoch 81/200 | LR: 0.065451
2026-02-18 01:08:42 KST | INFO |   Train Loss: 0.2238 | Test Loss: 0.0019 | Test Acc: 83.88%
2026-02-18 01:08:42 KST | INFO |   No improvement (2/30)
2026-02-18 01:08:42 KST | INFO | 
2026-02-18 01:08:42 KST | INFO | Epoch 82/200 | LR: 0.064702
2026-02-18 01:10:50 KST | INFO |   Train Loss: 0.2228 | Test Loss: 0.0018 | Test Acc: 84.71%
2026-02-18 01:10:50 KST | INFO |   No improvement (3/30)
2026-02-18 01:10:50 KST | INFO | 
2026-02-18 01:10:50 KST | INFO | Epoch 83/200 | LR: 0.063950
2026-02-18 01:13:00 KST | INFO |   Train Loss: 0.2211 | Test Loss: 0.0020 | Test Acc: 83.60%
2026-02-18 01:13:00 KST | INFO |   No improvement (4/30)
2026-02-18 01:13:00 KST | INFO | 
2026-02-18 01:13:00 KST | INFO | Epoch 84/200 | LR: 0.063194
2026-02-18 01:15:09 KST | INFO |   Train Loss: 0.2195 | Test Loss: 0.0018 | Test Acc: 84.79%
2026-02-18 01:15:09 KST | INFO |   No improvement (5/30)
2026-02-18 01:15:09 KST | INFO | 
2026-02-18 01:15:09 KST | INFO | Epoch 85/200 | LR: 0.062435
2026-02-18 01:17:17 KST | INFO |   Train Loss: 0.2108 | Test Loss: 0.0018 | Test Acc: 84.78%
2026-02-18 01:17:17 KST | INFO |   No improvement (6/30)
2026-02-18 01:17:17 KST | INFO | 
2026-02-18 01:17:17 KST | INFO | Epoch 86/200 | LR: 0.061673
2026-02-18 01:19:25 KST | INFO |   Train Loss: 0.2136 | Test Loss: 0.0017 | Test Acc: 85.46%
2026-02-18 01:19:25 KST | INFO |   No improvement (7/30)
2026-02-18 01:19:25 KST | INFO | 
2026-02-18 01:19:25 KST | INFO | Epoch 87/200 | LR: 0.060908
2026-02-18 01:21:33 KST | INFO |   Train Loss: 0.2075 | Test Loss: 0.0020 | Test Acc: 83.34%
2026-02-18 01:21:33 KST | INFO |   No improvement (8/30)
2026-02-18 01:21:33 KST | INFO | 
2026-02-18 01:21:33 KST | INFO | Epoch 88/200 | LR: 0.060140
2026-02-18 01:23:40 KST | INFO |   Train Loss: 0.2070 | Test Loss: 0.0016 | Test Acc: 86.43%
2026-02-18 01:23:40 KST | INFO |   No improvement (9/30)
2026-02-18 01:23:40 KST | INFO | 
2026-02-18 01:23:40 KST | INFO | Epoch 89/200 | LR: 0.059369
2026-02-18 01:25:48 KST | INFO |   Train Loss: 0.2032 | Test Loss: 0.0016 | Test Acc: 86.63%
2026-02-18 01:25:48 KST | INFO |   No improvement (10/30)
2026-02-18 01:25:48 KST | INFO | 
2026-02-18 01:25:48 KST | INFO | Epoch 90/200 | LR: 0.058597
2026-02-18 01:27:56 KST | INFO |   Train Loss: 0.1974 | Test Loss: 0.0019 | Test Acc: 84.90%
2026-02-18 01:27:56 KST | INFO |   No improvement (11/30)
2026-02-18 01:27:56 KST | INFO | 
2026-02-18 01:27:56 KST | INFO | Epoch 91/200 | LR: 0.057822
2026-02-18 01:30:04 KST | INFO |   Train Loss: 0.2029 | Test Loss: 0.0017 | Test Acc: 86.34%
2026-02-18 01:30:04 KST | INFO |   No improvement (12/30)
2026-02-18 01:30:04 KST | INFO | 
2026-02-18 01:30:04 KST | INFO | Epoch 92/200 | LR: 0.057045
2026-02-18 01:32:12 KST | INFO |   Train Loss: 0.1954 | Test Loss: 0.0022 | Test Acc: 82.34%
2026-02-18 01:32:12 KST | INFO |   No improvement (13/30)
2026-02-18 01:32:12 KST | INFO | 
2026-02-18 01:32:12 KST | INFO | Epoch 93/200 | LR: 0.056267
2026-02-18 01:34:19 KST | INFO |   Train Loss: 0.1938 | Test Loss: 0.0016 | Test Acc: 86.59%
2026-02-18 01:34:19 KST | INFO |   No improvement (14/30)
2026-02-18 01:34:19 KST | INFO | 
2026-02-18 01:34:19 KST | INFO | Epoch 94/200 | LR: 0.055487
2026-02-18 01:36:28 KST | INFO |   Train Loss: 0.1925 | Test Loss: 0.0016 | Test Acc: 86.81%
2026-02-18 01:36:28 KST | INFO |   No improvement (15/30)
2026-02-18 01:36:28 KST | INFO | 
2026-02-18 01:36:28 KST | INFO | Epoch 95/200 | LR: 0.054706
2026-02-18 01:38:36 KST | INFO |   Train Loss: 0.1899 | Test Loss: 0.0015 | Test Acc: 87.59%
2026-02-18 01:38:36 KST | INFO |   No improvement (16/30)
2026-02-18 01:38:36 KST | INFO | 
2026-02-18 01:38:36 KST | INFO | Epoch 96/200 | LR: 0.053923
2026-02-18 01:40:44 KST | INFO |   Train Loss: 0.1856 | Test Loss: 0.0016 | Test Acc: 86.63%
2026-02-18 01:40:44 KST | INFO |   No improvement (17/30)
2026-02-18 01:40:44 KST | INFO | 
2026-02-18 01:40:44 KST | INFO | Epoch 97/200 | LR: 0.053140
2026-02-18 01:42:53 KST | INFO |   Train Loss: 0.1831 | Test Loss: 0.0017 | Test Acc: 85.24%
2026-02-18 01:42:53 KST | INFO |   No improvement (18/30)
2026-02-18 01:42:53 KST | INFO | 
2026-02-18 01:42:53 KST | INFO | Epoch 98/200 | LR: 0.052356
2026-02-18 01:45:02 KST | INFO |   Train Loss: 0.1808 | Test Loss: 0.0017 | Test Acc: 86.22%
2026-02-18 01:45:02 KST | INFO |   No improvement (19/30)
2026-02-18 01:45:02 KST | INFO | 
2026-02-18 01:45:02 KST | INFO | Epoch 99/200 | LR: 0.051571
2026-02-18 01:47:10 KST | INFO |   Train Loss: 0.1795 | Test Loss: 0.0017 | Test Acc: 86.18%
2026-02-18 01:47:10 KST | INFO |   No improvement (20/30)
2026-02-18 01:47:10 KST | INFO | 
2026-02-18 01:47:10 KST | INFO | Epoch 100/200 | LR: 0.050786
2026-02-18 01:49:19 KST | INFO |   Train Loss: 0.1766 | Test Loss: 0.0018 | Test Acc: 85.46%
2026-02-18 01:49:19 KST | INFO |   No improvement (21/30)
2026-02-18 01:49:19 KST | INFO | 
2026-02-18 01:49:19 KST | INFO | Epoch 101/200 | LR: 0.050001
2026-02-18 01:51:28 KST | INFO |   Train Loss: 0.1720 | Test Loss: 0.0015 | Test Acc: 87.60%
2026-02-18 01:51:28 KST | INFO |   No improvement (22/30)
2026-02-18 01:51:28 KST | INFO | 
2026-02-18 01:51:28 KST | INFO | Epoch 102/200 | LR: 0.049215
2026-02-18 01:53:37 KST | INFO |   Train Loss: 0.1730 | Test Loss: 0.0020 | Test Acc: 83.51%
2026-02-18 01:53:37 KST | INFO |   No improvement (23/30)
2026-02-18 01:53:37 KST | INFO | 
2026-02-18 01:53:37 KST | INFO | Epoch 103/200 | LR: 0.048430
2026-02-18 01:55:44 KST | INFO |   Train Loss: 0.1683 | Test Loss: 0.0015 | Test Acc: 88.07%
2026-02-18 01:55:44 KST | INFO |   🏆 New best accuracy: 88.07%
2026-02-18 01:55:44 KST | INFO | 
2026-02-18 01:55:44 KST | INFO | Epoch 104/200 | LR: 0.047645
2026-02-18 01:57:53 KST | INFO |   Train Loss: 0.1675 | Test Loss: 0.0016 | Test Acc: 87.17%
2026-02-18 01:57:53 KST | INFO |   No improvement (1/30)
2026-02-18 01:57:53 KST | INFO | 
2026-02-18 01:57:53 KST | INFO | Epoch 105/200 | LR: 0.046861
2026-02-18 02:00:01 KST | INFO |   Train Loss: 0.1635 | Test Loss: 0.0015 | Test Acc: 87.94%
2026-02-18 02:00:01 KST | INFO |   No improvement (2/30)
2026-02-18 02:00:01 KST | INFO | 
2026-02-18 02:00:01 KST | INFO | Epoch 106/200 | LR: 0.046078
2026-02-18 02:02:09 KST | INFO |   Train Loss: 0.1625 | Test Loss: 0.0016 | Test Acc: 86.91%
2026-02-18 02:02:09 KST | INFO |   No improvement (3/30)
2026-02-18 02:02:09 KST | INFO | 
2026-02-18 02:02:09 KST | INFO | Epoch 107/200 | LR: 0.045295
2026-02-18 02:04:19 KST | INFO |   Train Loss: 0.1559 | Test Loss: 0.0018 | Test Acc: 84.88%
2026-02-18 02:04:19 KST | INFO |   No improvement (4/30)
2026-02-18 02:04:19 KST | INFO | 
2026-02-18 02:04:19 KST | INFO | Epoch 108/200 | LR: 0.044514
2026-02-18 02:06:27 KST | INFO |   Train Loss: 0.1528 | Test Loss: 0.0017 | Test Acc: 85.86%
2026-02-18 02:06:27 KST | INFO |   No improvement (5/30)
2026-02-18 02:06:27 KST | INFO | 
2026-02-18 02:06:27 KST | INFO | Epoch 109/200 | LR: 0.043734
2026-02-18 02:08:35 KST | INFO |   Train Loss: 0.1569 | Test Loss: 0.0017 | Test Acc: 86.93%
2026-02-18 02:08:35 KST | INFO |   No improvement (6/30)
2026-02-18 02:08:35 KST | INFO | 
2026-02-18 02:08:35 KST | INFO | Epoch 110/200 | LR: 0.042956
2026-02-18 02:10:43 KST | INFO |   Train Loss: 0.1563 | Test Loss: 0.0017 | Test Acc: 86.64%
2026-02-18 02:10:43 KST | INFO |   No improvement (7/30)
2026-02-18 02:10:43 KST | INFO | 
2026-02-18 02:10:43 KST | INFO | Epoch 111/200 | LR: 0.042179
2026-02-18 02:12:53 KST | INFO |   Train Loss: 0.1464 | Test Loss: 0.0015 | Test Acc: 88.14%
2026-02-18 02:12:53 KST | INFO |   🏆 New best accuracy: 88.14%
2026-02-18 02:12:53 KST | INFO | 
2026-02-18 02:12:53 KST | INFO | Epoch 112/200 | LR: 0.041404
2026-02-18 02:15:01 KST | INFO |   Train Loss: 0.1441 | Test Loss: 0.0015 | Test Acc: 87.18%
2026-02-18 02:15:01 KST | INFO |   No improvement (1/30)
2026-02-18 02:15:01 KST | INFO | 
2026-02-18 02:15:01 KST | INFO | Epoch 113/200 | LR: 0.040632
2026-02-18 02:17:10 KST | INFO |   Train Loss: 0.1429 | Test Loss: 0.0017 | Test Acc: 85.87%
2026-02-18 02:17:10 KST | INFO |   No improvement (2/30)
2026-02-18 02:17:10 KST | INFO | 
2026-02-18 02:17:10 KST | INFO | Epoch 114/200 | LR: 0.039861
2026-02-18 02:19:19 KST | INFO |   Train Loss: 0.1407 | Test Loss: 0.0016 | Test Acc: 86.48%
2026-02-18 02:19:19 KST | INFO |   No improvement (3/30)
2026-02-18 02:19:19 KST | INFO | 
2026-02-18 02:19:19 KST | INFO | Epoch 115/200 | LR: 0.039093
2026-02-18 02:21:27 KST | INFO |   Train Loss: 0.1398 | Test Loss: 0.0015 | Test Acc: 88.04%
2026-02-18 02:21:27 KST | INFO |   No improvement (4/30)
2026-02-18 02:21:27 KST | INFO | 
2026-02-18 02:21:27 KST | INFO | Epoch 116/200 | LR: 0.038328
2026-02-18 02:23:36 KST | INFO |   Train Loss: 0.1360 | Test Loss: 0.0014 | Test Acc: 88.58%
2026-02-18 02:23:36 KST | INFO |   🏆 New best accuracy: 88.58%
2026-02-18 02:23:36 KST | INFO | 
2026-02-18 02:23:36 KST | INFO | Epoch 117/200 | LR: 0.037566
2026-02-18 02:25:45 KST | INFO |   Train Loss: 0.1324 | Test Loss: 0.0013 | Test Acc: 89.34%
2026-02-18 02:25:45 KST | INFO |   🏆 New best accuracy: 89.34%
2026-02-18 02:25:45 KST | INFO | 
2026-02-18 02:25:45 KST | INFO | Epoch 118/200 | LR: 0.036807
2026-02-18 02:27:53 KST | INFO |   Train Loss: 0.1312 | Test Loss: 0.0016 | Test Acc: 86.49%
2026-02-18 02:27:53 KST | INFO |   No improvement (1/30)
2026-02-18 02:27:53 KST | INFO | 
2026-02-18 02:27:53 KST | INFO | Epoch 119/200 | LR: 0.036051
2026-02-18 02:30:02 KST | INFO |   Train Loss: 0.1279 | Test Loss: 0.0015 | Test Acc: 87.34%
2026-02-18 02:30:02 KST | INFO |   No improvement (2/30)
2026-02-18 02:30:02 KST | INFO | 
2026-02-18 02:30:02 KST | INFO | Epoch 120/200 | LR: 0.035299
2026-02-18 02:32:11 KST | INFO |   Train Loss: 0.1269 | Test Loss: 0.0016 | Test Acc: 86.94%
2026-02-18 02:32:11 KST | INFO |   No improvement (3/30)
2026-02-18 02:32:11 KST | INFO | 
2026-02-18 02:32:11 KST | INFO | Epoch 121/200 | LR: 0.034550
2026-02-18 02:34:18 KST | INFO |   Train Loss: 0.1221 | Test Loss: 0.0015 | Test Acc: 88.30%
2026-02-18 02:34:18 KST | INFO |   No improvement (4/30)
2026-02-18 02:34:18 KST | INFO | 
2026-02-18 02:34:18 KST | INFO | Epoch 122/200 | LR: 0.033805
2026-02-18 02:36:26 KST | INFO |   Train Loss: 0.1213 | Test Loss: 0.0014 | Test Acc: 88.33%
2026-02-18 02:36:26 KST | INFO |   No improvement (5/30)
2026-02-18 02:36:26 KST | INFO | 
2026-02-18 02:36:26 KST | INFO | Epoch 123/200 | LR: 0.033064
2026-02-18 02:38:34 KST | INFO |   Train Loss: 0.1180 | Test Loss: 0.0015 | Test Acc: 87.10%
2026-02-18 02:38:34 KST | INFO |   No improvement (6/30)
2026-02-18 02:38:34 KST | INFO | 
2026-02-18 02:38:34 KST | INFO | Epoch 124/200 | LR: 0.032327
2026-02-18 02:40:42 KST | INFO |   Train Loss: 0.1169 | Test Loss: 0.0017 | Test Acc: 85.84%
2026-02-18 02:40:42 KST | INFO |   No improvement (7/30)
2026-02-18 02:40:42 KST | INFO | 
2026-02-18 02:40:42 KST | INFO | Epoch 125/200 | LR: 0.031594
2026-02-18 02:42:50 KST | INFO |   Train Loss: 0.1120 | Test Loss: 0.0016 | Test Acc: 86.90%
2026-02-18 02:42:50 KST | INFO |   No improvement (8/30)
2026-02-18 02:42:50 KST | INFO | 
2026-02-18 02:42:50 KST | INFO | Epoch 126/200 | LR: 0.030867
2026-02-18 02:44:59 KST | INFO |   Train Loss: 0.1117 | Test Loss: 0.0015 | Test Acc: 87.37%
2026-02-18 02:44:59 KST | INFO |   No improvement (9/30)
2026-02-18 02:44:59 KST | INFO | 
2026-02-18 02:44:59 KST | INFO | Epoch 127/200 | LR: 0.030143
2026-02-18 02:47:07 KST | INFO |   Train Loss: 0.1093 | Test Loss: 0.0017 | Test Acc: 86.70%
2026-02-18 02:47:07 KST | INFO |   No improvement (10/30)
2026-02-18 02:47:07 KST | INFO | 
2026-02-18 02:47:07 KST | INFO | Epoch 128/200 | LR: 0.029425
2026-02-18 02:49:15 KST | INFO |   Train Loss: 0.1057 | Test Loss: 0.0015 | Test Acc: 87.94%
2026-02-18 02:49:15 KST | INFO |   No improvement (11/30)
2026-02-18 02:49:15 KST | INFO | 
2026-02-18 02:49:15 KST | INFO | Epoch 129/200 | LR: 0.028712
2026-02-18 02:51:23 KST | INFO |   Train Loss: 0.1001 | Test Loss: 0.0014 | Test Acc: 89.27%
2026-02-18 02:51:23 KST | INFO |   No improvement (12/30)
2026-02-18 02:51:23 KST | INFO | 
2026-02-18 02:51:23 KST | INFO | Epoch 130/200 | LR: 0.028004
2026-02-18 02:53:31 KST | INFO |   Train Loss: 0.0991 | Test Loss: 0.0017 | Test Acc: 86.30%
2026-02-18 02:53:31 KST | INFO |   No improvement (13/30)
2026-02-18 02:53:31 KST | INFO | 
2026-02-18 02:53:31 KST | INFO | Epoch 131/200 | LR: 0.027301
2026-02-18 02:55:40 KST | INFO |   Train Loss: 0.0985 | Test Loss: 0.0015 | Test Acc: 87.31%
2026-02-18 02:55:40 KST | INFO |   No improvement (14/30)
2026-02-18 02:55:40 KST | INFO | 
2026-02-18 02:55:40 KST | INFO | Epoch 132/200 | LR: 0.026604
2026-02-18 02:57:48 KST | INFO |   Train Loss: 0.0946 | Test Loss: 0.0015 | Test Acc: 87.99%
2026-02-18 02:57:48 KST | INFO |   No improvement (15/30)
2026-02-18 02:57:48 KST | INFO | 
2026-02-18 02:57:48 KST | INFO | Epoch 133/200 | LR: 0.025913
2026-02-18 02:59:56 KST | INFO |   Train Loss: 0.0919 | Test Loss: 0.0012 | Test Acc: 89.74%
2026-02-18 02:59:56 KST | INFO |   🏆 New best accuracy: 89.74%
2026-02-18 02:59:56 KST | INFO | 
2026-02-18 02:59:56 KST | INFO | Epoch 134/200 | LR: 0.025228
2026-02-18 03:02:05 KST | INFO |   Train Loss: 0.0908 | Test Loss: 0.0015 | Test Acc: 87.74%
2026-02-18 03:02:05 KST | INFO |   No improvement (1/30)
2026-02-18 03:02:05 KST | INFO | 
2026-02-18 03:02:05 KST | INFO | Epoch 135/200 | LR: 0.024549
2026-02-18 03:04:13 KST | INFO |   Train Loss: 0.0872 | Test Loss: 0.0017 | Test Acc: 86.21%
2026-02-18 03:04:13 KST | INFO |   No improvement (2/30)
2026-02-18 03:04:13 KST | INFO | 
2026-02-18 03:04:13 KST | INFO | Epoch 136/200 | LR: 0.023876
2026-02-18 03:06:21 KST | INFO |   Train Loss: 0.0867 | Test Loss: 0.0015 | Test Acc: 87.73%
2026-02-18 03:06:21 KST | INFO |   No improvement (3/30)
2026-02-18 03:06:21 KST | INFO | 
2026-02-18 03:06:21 KST | INFO | Epoch 137/200 | LR: 0.023209
2026-02-18 03:08:28 KST | INFO |   Train Loss: 0.0838 | Test Loss: 0.0014 | Test Acc: 88.71%
2026-02-18 03:08:28 KST | INFO |   No improvement (4/30)
2026-02-18 03:08:28 KST | INFO | 
2026-02-18 03:08:28 KST | INFO | Epoch 138/200 | LR: 0.022550
2026-02-18 03:10:36 KST | INFO |   Train Loss: 0.0795 | Test Loss: 0.0017 | Test Acc: 86.80%
2026-02-18 03:10:36 KST | INFO |   No improvement (5/30)
2026-02-18 03:10:36 KST | INFO | 
2026-02-18 03:10:36 KST | INFO | Epoch 139/200 | LR: 0.021897
2026-02-18 03:12:41 KST | INFO |   Train Loss: 0.0771 | Test Loss: 0.0013 | Test Acc: 89.29%
2026-02-18 03:12:41 KST | INFO |   No improvement (6/30)
2026-02-18 03:12:41 KST | INFO | 
2026-02-18 03:12:41 KST | INFO | Epoch 140/200 | LR: 0.021251
2026-02-18 03:14:48 KST | INFO |   Train Loss: 0.0759 | Test Loss: 0.0013 | Test Acc: 89.29%
2026-02-18 03:14:48 KST | INFO |   No improvement (7/30)
2026-02-18 03:14:48 KST | INFO | 
2026-02-18 03:14:48 KST | INFO | Epoch 141/200 | LR: 0.020612
2026-02-18 03:16:54 KST | INFO |   Train Loss: 0.0763 | Test Loss: 0.0013 | Test Acc: 89.39%
2026-02-18 03:16:54 KST | INFO |   No improvement (8/30)
2026-02-18 03:16:54 KST | INFO | 
2026-02-18 03:16:54 KST | INFO | Epoch 142/200 | LR: 0.019980
2026-02-18 03:19:01 KST | INFO |   Train Loss: 0.0716 | Test Loss: 0.0013 | Test Acc: 89.71%
2026-02-18 03:19:01 KST | INFO |   No improvement (9/30)
2026-02-18 03:19:01 KST | INFO | 
2026-02-18 03:19:01 KST | INFO | Epoch 143/200 | LR: 0.019355
2026-02-18 03:21:07 KST | INFO |   Train Loss: 0.0693 | Test Loss: 0.0016 | Test Acc: 87.81%
2026-02-18 03:21:07 KST | INFO |   No improvement (10/30)
2026-02-18 03:21:07 KST | INFO | 
2026-02-18 03:21:07 KST | INFO | Epoch 144/200 | LR: 0.018739
2026-02-18 03:23:12 KST | INFO |   Train Loss: 0.0662 | Test Loss: 0.0015 | Test Acc: 88.21%
2026-02-18 03:23:12 KST | INFO |   No improvement (11/30)
2026-02-18 03:23:12 KST | INFO | 
2026-02-18 03:23:12 KST | INFO | Epoch 145/200 | LR: 0.018130
2026-02-18 03:25:19 KST | INFO |   Train Loss: 0.0671 | Test Loss: 0.0016 | Test Acc: 87.63%
2026-02-18 03:25:19 KST | INFO |   No improvement (12/30)
2026-02-18 03:25:19 KST | INFO | 
2026-02-18 03:25:19 KST | INFO | Epoch 146/200 | LR: 0.017528
2026-02-18 03:27:25 KST | INFO |   Train Loss: 0.0664 | Test Loss: 0.0014 | Test Acc: 89.32%
2026-02-18 03:27:25 KST | INFO |   No improvement (13/30)
2026-02-18 03:27:25 KST | INFO | 
2026-02-18 03:27:25 KST | INFO | Epoch 147/200 | LR: 0.016935
2026-02-18 03:29:30 KST | INFO |   Train Loss: 0.0619 | Test Loss: 0.0013 | Test Acc: 89.63%
2026-02-18 03:29:30 KST | INFO |   No improvement (14/30)
2026-02-18 03:29:30 KST | INFO | 
2026-02-18 03:29:30 KST | INFO | Epoch 148/200 | LR: 0.016350
2026-02-18 03:31:36 KST | INFO |   Train Loss: 0.0613 | Test Loss: 0.0012 | Test Acc: 90.32%
2026-02-18 03:31:36 KST | INFO |   🏆 New best accuracy: 90.32%
2026-02-18 03:31:36 KST | INFO | 
2026-02-18 03:31:36 KST | INFO | Epoch 149/200 | LR: 0.015773
2026-02-18 03:33:43 KST | INFO |   Train Loss: 0.0589 | Test Loss: 0.0013 | Test Acc: 89.77%
2026-02-18 03:33:43 KST | INFO |   No improvement (1/30)
2026-02-18 03:33:43 KST | INFO | 
2026-02-18 03:33:43 KST | INFO | Epoch 150/200 | LR: 0.015205
2026-02-18 03:35:49 KST | INFO |   Train Loss: 0.0552 | Test Loss: 0.0014 | Test Acc: 89.77%
2026-02-18 03:35:49 KST | INFO |   No improvement (2/30)
2026-02-18 03:35:49 KST | INFO | 
2026-02-18 03:35:49 KST | INFO | Epoch 151/200 | LR: 0.014646
2026-02-18 03:37:56 KST | INFO |   Train Loss: 0.0567 | Test Loss: 0.0014 | Test Acc: 88.58%
2026-02-18 03:37:56 KST | INFO |   No improvement (3/30)
2026-02-18 03:37:56 KST | INFO | 
2026-02-18 03:37:56 KST | INFO | Epoch 152/200 | LR: 0.014095
2026-02-18 03:40:02 KST | INFO |   Train Loss: 0.0547 | Test Loss: 0.0013 | Test Acc: 89.92%
2026-02-18 03:40:02 KST | INFO |   No improvement (4/30)
2026-02-18 03:40:02 KST | INFO | 
2026-02-18 03:40:02 KST | INFO | Epoch 153/200 | LR: 0.013552
2026-02-18 03:42:07 KST | INFO |   Train Loss: 0.0487 | Test Loss: 0.0015 | Test Acc: 89.01%
2026-02-18 03:42:07 KST | INFO |   No improvement (5/30)
2026-02-18 03:42:07 KST | INFO | 
2026-02-18 03:42:07 KST | INFO | Epoch 154/200 | LR: 0.013019
2026-02-18 03:44:13 KST | INFO |   Train Loss: 0.0509 | Test Loss: 0.0012 | Test Acc: 90.20%
2026-02-18 03:44:13 KST | INFO |   No improvement (6/30)
2026-02-18 03:44:13 KST | INFO | 
2026-02-18 03:44:13 KST | INFO | Epoch 155/200 | LR: 0.012495
2026-02-18 03:46:19 KST | INFO |   Train Loss: 0.0486 | Test Loss: 0.0014 | Test Acc: 89.09%
2026-02-18 03:46:19 KST | INFO |   No improvement (7/30)
2026-02-18 03:46:19 KST | INFO | 
2026-02-18 03:46:19 KST | INFO | Epoch 156/200 | LR: 0.011981
2026-02-18 03:48:26 KST | INFO |   Train Loss: 0.0460 | Test Loss: 0.0013 | Test Acc: 90.28%
2026-02-18 03:48:26 KST | INFO |   No improvement (8/30)
2026-02-18 03:48:26 KST | INFO | 
2026-02-18 03:48:26 KST | INFO | Epoch 157/200 | LR: 0.011475
2026-02-18 03:50:32 KST | INFO |   Train Loss: 0.0437 | Test Loss: 0.0014 | Test Acc: 89.24%
2026-02-18 03:50:32 KST | INFO |   No improvement (9/30)
2026-02-18 03:50:32 KST | INFO | 
2026-02-18 03:50:32 KST | INFO | Epoch 158/200 | LR: 0.010979
2026-02-18 03:52:38 KST | INFO |   Train Loss: 0.0433 | Test Loss: 0.0014 | Test Acc: 89.56%
2026-02-18 03:52:38 KST | INFO |   No improvement (10/30)
2026-02-18 03:52:38 KST | INFO | 
2026-02-18 03:52:38 KST | INFO | Epoch 159/200 | LR: 0.010493
2026-02-18 03:54:45 KST | INFO |   Train Loss: 0.0432 | Test Loss: 0.0014 | Test Acc: 88.88%
2026-02-18 03:54:45 KST | INFO |   No improvement (11/30)
2026-02-18 03:54:45 KST | INFO | 
2026-02-18 03:54:45 KST | INFO | Epoch 160/200 | LR: 0.010017
2026-02-18 03:56:51 KST | INFO |   Train Loss: 0.0402 | Test Loss: 0.0013 | Test Acc: 89.80%
2026-02-18 03:56:51 KST | INFO |   No improvement (12/30)
2026-02-18 03:56:51 KST | INFO | 
2026-02-18 03:56:51 KST | INFO | Epoch 161/200 | LR: 0.009550
2026-02-18 03:58:58 KST | INFO |   Train Loss: 0.0388 | Test Loss: 0.0014 | Test Acc: 89.00%
2026-02-18 03:58:58 KST | INFO |   No improvement (13/30)
2026-02-18 03:58:58 KST | INFO | 
2026-02-18 03:58:58 KST | INFO | Epoch 162/200 | LR: 0.009093
2026-02-18 04:01:07 KST | INFO |   Train Loss: 0.0381 | Test Loss: 0.0013 | Test Acc: 89.82%
2026-02-18 04:01:07 KST | INFO |   No improvement (14/30)
2026-02-18 04:01:07 KST | INFO | 
2026-02-18 04:01:07 KST | INFO | Epoch 163/200 | LR: 0.008647
2026-02-18 04:03:15 KST | INFO |   Train Loss: 0.0373 | Test Loss: 0.0013 | Test Acc: 89.69%
2026-02-18 04:03:15 KST | INFO |   No improvement (15/30)
2026-02-18 04:03:15 KST | INFO | 
2026-02-18 04:03:15 KST | INFO | Epoch 164/200 | LR: 0.008211
2026-02-18 04:05:24 KST | INFO |   Train Loss: 0.0345 | Test Loss: 0.0013 | Test Acc: 90.19%
2026-02-18 04:05:24 KST | INFO |   No improvement (16/30)
2026-02-18 04:05:24 KST | INFO | 
2026-02-18 04:05:24 KST | INFO | Epoch 165/200 | LR: 0.007785
2026-02-18 04:07:33 KST | INFO |   Train Loss: 0.0341 | Test Loss: 0.0013 | Test Acc: 90.28%
2026-02-18 04:07:33 KST | INFO |   No improvement (17/30)
2026-02-18 04:07:33 KST | INFO | 
2026-02-18 04:07:33 KST | INFO | Epoch 166/200 | LR: 0.007369
2026-02-18 04:09:41 KST | INFO |   Train Loss: 0.0321 | Test Loss: 0.0015 | Test Acc: 89.14%
2026-02-18 04:09:41 KST | INFO |   No improvement (18/30)
2026-02-18 04:09:41 KST | INFO | 
2026-02-18 04:09:41 KST | INFO | Epoch 167/200 | LR: 0.006964
2026-02-18 04:11:49 KST | INFO |   Train Loss: 0.0322 | Test Loss: 0.0013 | Test Acc: 90.31%
2026-02-18 04:11:49 KST | INFO |   No improvement (19/30)
2026-02-18 04:11:49 KST | INFO | 
2026-02-18 04:11:49 KST | INFO | Epoch 168/200 | LR: 0.006569
2026-02-18 04:13:56 KST | INFO |   Train Loss: 0.0304 | Test Loss: 0.0014 | Test Acc: 89.64%
2026-02-18 04:13:56 KST | INFO |   No improvement (20/30)
2026-02-18 04:13:56 KST | INFO | 
2026-02-18 04:13:56 KST | INFO | Epoch 169/200 | LR: 0.006186
2026-02-18 04:16:05 KST | INFO |   Train Loss: 0.0288 | Test Loss: 0.0015 | Test Acc: 88.83%
2026-02-18 04:16:05 KST | INFO |   No improvement (21/30)
2026-02-18 04:16:05 KST | INFO | 
2026-02-18 04:16:05 KST | INFO | Epoch 170/200 | LR: 0.005813
2026-02-18 04:18:13 KST | INFO |   Train Loss: 0.0273 | Test Loss: 0.0014 | Test Acc: 89.74%
2026-02-18 04:18:13 KST | INFO |   No improvement (22/30)
2026-02-18 04:18:13 KST | INFO | 
2026-02-18 04:18:13 KST | INFO | Epoch 171/200 | LR: 0.005451
2026-02-18 04:20:20 KST | INFO |   Train Loss: 0.0276 | Test Loss: 0.0013 | Test Acc: 90.29%
2026-02-18 04:20:20 KST | INFO |   No improvement (23/30)
2026-02-18 04:20:20 KST | INFO | 
2026-02-18 04:20:20 KST | INFO | Epoch 172/200 | LR: 0.005100
2026-02-18 04:22:28 KST | INFO |   Train Loss: 0.0263 | Test Loss: 0.0014 | Test Acc: 90.00%
2026-02-18 04:22:28 KST | INFO |   No improvement (24/30)
2026-02-18 04:22:28 KST | INFO | 
2026-02-18 04:22:28 KST | INFO | Epoch 173/200 | LR: 0.004760
2026-02-18 04:24:36 KST | INFO |   Train Loss: 0.0249 | Test Loss: 0.0014 | Test Acc: 89.70%
2026-02-18 04:24:36 KST | INFO |   No improvement (25/30)
2026-02-18 04:24:36 KST | INFO | 
2026-02-18 04:24:36 KST | INFO | Epoch 174/200 | LR: 0.004431
2026-02-18 04:26:44 KST | INFO |   Train Loss: 0.0235 | Test Loss: 0.0013 | Test Acc: 90.00%
2026-02-18 04:26:44 KST | INFO |   No improvement (26/30)
2026-02-18 04:26:44 KST | INFO | 
2026-02-18 04:26:44 KST | INFO | Epoch 175/200 | LR: 0.004113
2026-02-18 04:28:50 KST | INFO |   Train Loss: 0.0242 | Test Loss: 0.0014 | Test Acc: 89.91%
2026-02-18 04:28:50 KST | INFO |   No improvement (27/30)
2026-02-18 04:28:50 KST | INFO | 
2026-02-18 04:28:50 KST | INFO | Epoch 176/200 | LR: 0.003807
2026-02-18 04:30:58 KST | INFO |   Train Loss: 0.0240 | Test Loss: 0.0013 | Test Acc: 90.66%
2026-02-18 04:30:58 KST | INFO |   🏆 New best accuracy: 90.66%
2026-02-18 04:30:58 KST | INFO | 
2026-02-18 04:30:58 KST | INFO | Epoch 177/200 | LR: 0.003512
2026-02-18 04:33:05 KST | INFO |   Train Loss: 0.0232 | Test Loss: 0.0016 | Test Acc: 88.58%
2026-02-18 04:33:05 KST | INFO |   No improvement (1/30)
2026-02-18 04:33:05 KST | INFO | 
2026-02-18 04:33:05 KST | INFO | Epoch 178/200 | LR: 0.003229
2026-02-18 04:35:12 KST | INFO |   Train Loss: 0.0211 | Test Loss: 0.0014 | Test Acc: 89.97%
2026-02-18 04:35:12 KST | INFO |   No improvement (2/30)
2026-02-18 04:35:12 KST | INFO | 
2026-02-18 04:35:12 KST | INFO | Epoch 179/200 | LR: 0.002957
2026-02-18 04:37:19 KST | INFO |   Train Loss: 0.0214 | Test Loss: 0.0013 | Test Acc: 90.46%
2026-02-18 04:37:19 KST | INFO |   No improvement (3/30)
2026-02-18 04:37:19 KST | INFO | 
2026-02-18 04:37:19 KST | INFO | Epoch 180/200 | LR: 0.002697
2026-02-18 04:39:26 KST | INFO |   Train Loss: 0.0198 | Test Loss: 0.0013 | Test Acc: 90.10%
2026-02-18 04:39:26 KST | INFO |   No improvement (4/30)
2026-02-18 04:39:26 KST | INFO | 
2026-02-18 04:39:26 KST | INFO | Epoch 181/200 | LR: 0.002448
2026-02-18 04:41:33 KST | INFO |   Train Loss: 0.0193 | Test Loss: 0.0014 | Test Acc: 90.19%
2026-02-18 04:41:33 KST | INFO |   No improvement (5/30)
2026-02-18 04:41:33 KST | INFO | 
2026-02-18 04:41:33 KST | INFO | Epoch 182/200 | LR: 0.002211
2026-02-18 04:43:41 KST | INFO |   Train Loss: 0.0195 | Test Loss: 0.0013 | Test Acc: 90.51%
2026-02-18 04:43:41 KST | INFO |   No improvement (6/30)
2026-02-18 04:43:41 KST | INFO | 
2026-02-18 04:43:41 KST | INFO | Epoch 183/200 | LR: 0.001986
2026-02-18 04:45:49 KST | INFO |   Train Loss: 0.0193 | Test Loss: 0.0013 | Test Acc: 90.37%
2026-02-18 04:45:49 KST | INFO |   No improvement (7/30)
2026-02-18 04:45:49 KST | INFO | 
2026-02-18 04:45:49 KST | INFO | Epoch 184/200 | LR: 0.001773
2026-02-18 04:47:58 KST | INFO |   Train Loss: 0.0183 | Test Loss: 0.0013 | Test Acc: 90.52%
2026-02-18 04:47:58 KST | INFO |   No improvement (8/30)
2026-02-18 04:47:58 KST | INFO | 
2026-02-18 04:47:58 KST | INFO | Epoch 185/200 | LR: 0.001572
2026-02-18 04:50:06 KST | INFO |   Train Loss: 0.0180 | Test Loss: 0.0013 | Test Acc: 90.64%
2026-02-18 04:50:06 KST | INFO |   No improvement (9/30)
2026-02-18 04:50:06 KST | INFO | 
2026-02-18 04:50:06 KST | INFO | Epoch 186/200 | LR: 0.001382
2026-02-18 04:52:14 KST | INFO |   Train Loss: 0.0179 | Test Loss: 0.0013 | Test Acc: 90.27%
2026-02-18 04:52:14 KST | INFO |   No improvement (10/30)
2026-02-18 04:52:14 KST | INFO | 
2026-02-18 04:52:14 KST | INFO | Epoch 187/200 | LR: 0.001205
2026-02-18 04:54:23 KST | INFO |   Train Loss: 0.0174 | Test Loss: 0.0014 | Test Acc: 89.97%
2026-02-18 04:54:23 KST | INFO |   No improvement (11/30)
2026-02-18 04:54:23 KST | INFO | 
2026-02-18 04:54:23 KST | INFO | Epoch 188/200 | LR: 0.001040
2026-02-18 04:56:30 KST | INFO |   Train Loss: 0.0169 | Test Loss: 0.0013 | Test Acc: 90.23%
2026-02-18 04:56:30 KST | INFO |   No improvement (12/30)
2026-02-18 04:56:30 KST | INFO | 
2026-02-18 04:56:30 KST | INFO | Epoch 189/200 | LR: 0.000887
2026-02-18 04:58:37 KST | INFO |   Train Loss: 0.0161 | Test Loss: 0.0013 | Test Acc: 90.43%
2026-02-18 04:58:37 KST | INFO |   No improvement (13/30)
2026-02-18 04:58:37 KST | INFO | 
2026-02-18 04:58:37 KST | INFO | Epoch 190/200 | LR: 0.000746
2026-02-18 05:00:45 KST | INFO |   Train Loss: 0.0161 | Test Loss: 0.0014 | Test Acc: 90.12%
2026-02-18 05:00:45 KST | INFO |   No improvement (14/30)
2026-02-18 05:00:45 KST | INFO | 
2026-02-18 05:00:45 KST | INFO | Epoch 191/200 | LR: 0.000617
2026-02-18 05:02:53 KST | INFO |   Train Loss: 0.0163 | Test Loss: 0.0014 | Test Acc: 90.21%
2026-02-18 05:02:53 KST | INFO |   No improvement (15/30)
2026-02-18 05:02:53 KST | INFO | 
2026-02-18 05:02:53 KST | INFO | Epoch 192/200 | LR: 0.000500
2026-02-18 05:05:01 KST | INFO |   Train Loss: 0.0166 | Test Loss: 0.0013 | Test Acc: 90.43%
2026-02-18 05:05:01 KST | INFO |   No improvement (16/30)
2026-02-18 05:05:01 KST | INFO | 
2026-02-18 05:05:01 KST | INFO | Epoch 193/200 | LR: 0.000395
2026-02-18 05:07:07 KST | INFO |   Train Loss: 0.0157 | Test Loss: 0.0014 | Test Acc: 90.30%
2026-02-18 05:07:07 KST | INFO |   No improvement (17/30)
2026-02-18 05:07:07 KST | INFO | 
2026-02-18 05:07:07 KST | INFO | Epoch 194/200 | LR: 0.000303
2026-02-18 05:09:14 KST | INFO |   Train Loss: 0.0157 | Test Loss: 0.0013 | Test Acc: 90.52%
2026-02-18 05:09:14 KST | INFO |   No improvement (18/30)
2026-02-18 05:09:14 KST | INFO | 
2026-02-18 05:09:14 KST | INFO | Epoch 195/200 | LR: 0.000223
2026-02-18 05:11:21 KST | INFO |   Train Loss: 0.0151 | Test Loss: 0.0014 | Test Acc: 90.27%
2026-02-18 05:11:21 KST | INFO |   No improvement (19/30)
2026-02-18 05:11:21 KST | INFO | 
2026-02-18 05:11:21 KST | INFO | Epoch 196/200 | LR: 0.000155
2026-02-18 05:13:30 KST | INFO |   Train Loss: 0.0153 | Test Loss: 0.0014 | Test Acc: 90.41%
2026-02-18 05:13:30 KST | INFO |   No improvement (20/30)
2026-02-18 05:13:30 KST | INFO | 
2026-02-18 05:13:30 KST | INFO | Epoch 197/200 | LR: 0.000100
2026-02-18 05:15:38 KST | INFO |   Train Loss: 0.0149 | Test Loss: 0.0014 | Test Acc: 90.42%
2026-02-18 05:15:38 KST | INFO |   No improvement (21/30)
2026-02-18 05:15:38 KST | INFO | 
2026-02-18 05:15:38 KST | INFO | Epoch 198/200 | LR: 0.000057
2026-02-18 05:17:46 KST | INFO |   Train Loss: 0.0152 | Test Loss: 0.0014 | Test Acc: 90.42%
2026-02-18 05:17:46 KST | INFO |   No improvement (22/30)
2026-02-18 05:17:46 KST | INFO | 
2026-02-18 05:17:46 KST | INFO | Epoch 199/200 | LR: 0.000026
2026-02-18 05:19:53 KST | INFO |   Train Loss: 0.0152 | Test Loss: 0.0014 | Test Acc: 90.43%
2026-02-18 05:19:53 KST | INFO |   No improvement (23/30)
2026-02-18 05:19:53 KST | INFO | 
2026-02-18 05:19:53 KST | INFO | Epoch 200/200 | LR: 0.000007
2026-02-18 05:22:02 KST | INFO |   Train Loss: 0.0146 | Test Loss: 0.0014 | Test Acc: 90.46%
2026-02-18 05:22:02 KST | INFO |   No improvement (24/30)
2026-02-18 05:22:02 KST | INFO | 
2026-02-18 05:22:02 KST | INFO | ================================================================================
2026-02-18 05:22:02 KST | INFO | TRAINING COMPLETE
2026-02-18 05:22:02 KST | INFO | ================================================================================
2026-02-18 05:22:02 KST | INFO | Best accuracy:  90.66% (Epoch 176)
2026-02-18 05:22:02 KST | INFO | Final accuracy: 90.46%
2026-02-18 05:22:02 KST | INFO | ================================================================================
2026-02-18 05:22:02 KST | INFO | 
2026-02-18 05:22:02 KST | INFO | Notifying nodes of completion...
2026-02-18 05:22:03 KST | INFO | ✓ Nodes notified
2026-02-18 05:22:03 KST | INFO | 
2026-02-18 05:22:03 KST | INFO | Closing connections...
2026-02-18 05:22:03 KST | INFO | ✓ Cleanup complete
2026-02-18 05:22:03 KST | INFO | 
2026-02-18 05:22:03 KST | INFO | Full log: logs/TL++_secure_20260217_221503.log
2026-02-18 05:22:03 KST | INFO | ================================================================================
