2026-02-16 20:52:02 KST | INFO | ================================================================================
2026-02-16 20:52:02 KST | INFO | TL++ Orchestrator
2026-02-16 20:52:02 KST | INFO | ================================================================================
2026-02-16 20:52:02 KST | INFO | Log file: logs/TL++_secure_20260216_205202.log
2026-02-16 20:52:02 KST | INFO | 
2026-02-16 20:52:02 KST | INFO | --------------------------------------------------------------------------------
2026-02-16 20:52:02 KST | INFO | CONFIGURATION
2026-02-16 20:52:02 KST | INFO | --------------------------------------------------------------------------------
2026-02-16 20:52:02 KST | INFO | Secure mode:      True
2026-02-16 20:52:02 KST | INFO | Helper endpoint:  127.0.0.1:8082
2026-02-16 20:52:02 KST | INFO | Activation noise: 2.0%
2026-02-16 20:52:02 KST | INFO | Gradient noise:   10.0%
2026-02-16 20:52:02 KST | INFO | Nodes:            9
2026-02-16 20:52:02 KST | INFO | Cut layer:        1
2026-02-16 20:52:02 KST | INFO | Batch size:       128
2026-02-16 20:52:02 KST | INFO | Learning rate:    0.1
2026-02-16 20:52:02 KST | INFO | 
2026-02-16 20:52:02 KST | INFO | Computation device: cuda
2026-02-16 20:52:02 KST | INFO | Secure mode: ✓ ENABLED
2026-02-16 20:52:02 KST | INFO | 
2026-02-16 20:52:02 KST | INFO | --------------------------------------------------------------------------------
2026-02-16 20:52:02 KST | INFO | NETWORK SETUP
2026-02-16 20:52:02 KST | INFO | --------------------------------------------------------------------------------
2026-02-16 20:52:02 KST | INFO | ✓ Orchestrator listening on 127.0.0.1:8080
2026-02-16 20:52:02 KST | INFO | ✓ Helper node on 127.0.0.1:8082
2026-02-16 20:52:02 KST | INFO | 
2026-02-16 20:52:02 KST | INFO | Waiting for helper node...
2026-02-16 20:52:03 KST | INFO | ✓ Helper node connected
2026-02-16 20:52:03 KST | INFO | ✓ Noise config sent to helper (activation: 2.0%, gradient: 10.0%)
2026-02-16 20:52:03 KST | INFO | 
2026-02-16 20:52:03 KST | INFO | Waiting for 9 node(s)...
2026-02-16 20:52:08 KST | INFO |   ✓ Node 1/9 connected
2026-02-16 20:52:09 KST | INFO |   ✓ Node 2/9 connected
2026-02-16 20:52:10 KST | INFO |   ✓ Node 3/9 connected
2026-02-16 20:52:11 KST | INFO |   ✓ Node 4/9 connected
2026-02-16 20:52:12 KST | INFO |   ✓ Node 5/9 connected
2026-02-16 20:52:13 KST | INFO |   ✓ Node 6/9 connected
2026-02-16 20:52:14 KST | INFO |   ✓ Node 7/9 connected
2026-02-16 20:52:15 KST | INFO |   ✓ Node 8/9 connected
2026-02-16 20:52:16 KST | INFO |   ✓ Node 9/9 connected
2026-02-16 20:52:16 KST | INFO | ✓ All 9 node(s) connected
2026-02-16 20:52:16 KST | INFO | 
2026-02-16 20:52:16 KST | INFO | --------------------------------------------------------------------------------
2026-02-16 20:52:16 KST | INFO | MODEL INITIALIZATION
2026-02-16 20:52:16 KST | INFO | --------------------------------------------------------------------------------
2026-02-16 20:52:16 KST | INFO | Node-side parameters: 38,720
2026-02-16 20:52:16 KST | INFO | 
2026-02-16 20:52:16 KST | INFO | --------------------------------------------------------------------------------
2026-02-16 20:52:16 KST | INFO | BROADCASTING CONFIGURATION
2026-02-16 20:52:16 KST | INFO | --------------------------------------------------------------------------------
2026-02-16 20:52:16 KST | INFO | ✓ Configuration broadcast to all nodes
2026-02-16 20:52:18 KST | INFO | 
2026-02-16 20:52:18 KST | INFO | Total parameters:     3,247,689
2026-02-16 20:52:18 KST | INFO | Trainable parameters: 3,247,689
2026-02-16 20:52:18 KST | INFO | 
2026-02-16 20:52:18 KST | INFO | --------------------------------------------------------------------------------
2026-02-16 20:52:18 KST | INFO | DATA LOADING
2026-02-16 20:52:18 KST | INFO | --------------------------------------------------------------------------------
2026-02-16 20:52:46 KST | INFO | ✓ Dataset information collected:
2026-02-16 20:52:46 KST | INFO |     Node 1: 5,000 samples
2026-02-16 20:52:46 KST | INFO |     Node 2: 5,000 samples
2026-02-16 20:52:46 KST | INFO |     Node 3: 5,000 samples
2026-02-16 20:52:46 KST | INFO |     Node 4: 5,000 samples
2026-02-16 20:52:46 KST | INFO |     Node 5: 5,000 samples
2026-02-16 20:52:46 KST | INFO |     Node 6: 5,000 samples
2026-02-16 20:52:46 KST | INFO |     Node 7: 5,000 samples
2026-02-16 20:52:46 KST | INFO |     Node 8: 5,000 samples
2026-02-16 20:52:46 KST | INFO |     Node 9: 5,000 samples
2026-02-16 20:52:46 KST | INFO |   Total training samples: 45,000
2026-02-16 20:52:46 KST | INFO | 
2026-02-16 20:52:49 KST | INFO | ✓ Test dataset loaded: 9,000 samples
2026-02-16 20:52:49 KST | INFO | 
2026-02-16 20:52:49 KST | INFO | ✓ Batch scheduler: 352 batches/epoch
2026-02-16 20:52:49 KST | INFO | 
2026-02-16 20:52:49 KST | INFO | --------------------------------------------------------------------------------
2026-02-16 20:52:49 KST | INFO | OPTIMIZATION SETUP
2026-02-16 20:52:49 KST | INFO | --------------------------------------------------------------------------------
2026-02-16 20:52:49 KST | INFO | ✓ Optimizer: SGD (lr=0.1, momentum=0.9)
2026-02-16 20:52:49 KST | INFO | ✓ Scheduler: cosine
2026-02-16 20:52:49 KST | INFO | ✓ Gradient clipping: 1.0
2026-02-16 20:52:49 KST | INFO | 
2026-02-16 20:52:49 KST | INFO | ================================================================================
2026-02-16 20:52:49 KST | INFO | Setup complete - Ready for training
2026-02-16 20:52:49 KST | INFO | ================================================================================
2026-02-16 20:52:49 KST | INFO | 
2026-02-16 20:52:49 KST | INFO | --------------------------------------------------------------------------------
2026-02-16 20:52:49 KST | INFO | TRAINING
2026-02-16 20:52:49 KST | INFO | --------------------------------------------------------------------------------
2026-02-16 20:52:49 KST | INFO | 
2026-02-16 20:52:49 KST | INFO | Epoch 1/200 | LR: 0.100000
2026-02-16 20:54:56 KST | INFO |   Train Loss: 1.6394 | Test Loss: 0.0059 | Test Acc: 46.32%
2026-02-16 20:54:56 KST | INFO |   🏆 New best accuracy: 46.32%
2026-02-16 20:54:56 KST | INFO | 
2026-02-16 20:54:56 KST | INFO | Epoch 2/200 | LR: 0.099994
2026-02-16 20:57:01 KST | INFO |   Train Loss: 1.1862 | Test Loss: 0.0061 | Test Acc: 46.18%
2026-02-16 20:57:01 KST | INFO |   No improvement (1/30)
2026-02-16 20:57:01 KST | INFO | 
2026-02-16 20:57:01 KST | INFO | Epoch 3/200 | LR: 0.099975
2026-02-16 20:59:06 KST | INFO |   Train Loss: 0.9377 | Test Loss: 0.0045 | Test Acc: 60.70%
2026-02-16 20:59:06 KST | INFO |   🏆 New best accuracy: 60.70%
2026-02-16 20:59:06 KST | INFO | 
2026-02-16 20:59:06 KST | INFO | Epoch 4/200 | LR: 0.099944
2026-02-16 21:01:12 KST | INFO |   Train Loss: 0.8048 | Test Loss: 0.0044 | Test Acc: 59.49%
2026-02-16 21:01:12 KST | INFO |   No improvement (1/30)
2026-02-16 21:01:12 KST | INFO | 
2026-02-16 21:01:12 KST | INFO | Epoch 5/200 | LR: 0.099901
2026-02-16 21:03:18 KST | INFO |   Train Loss: 0.7173 | Test Loss: 0.0037 | Test Acc: 68.70%
2026-02-16 21:03:18 KST | INFO |   🏆 New best accuracy: 68.70%
2026-02-16 21:03:18 KST | INFO | 
2026-02-16 21:03:18 KST | INFO | Epoch 6/200 | LR: 0.099846
2026-02-16 21:05:24 KST | INFO |   Train Loss: 0.6603 | Test Loss: 0.0034 | Test Acc: 72.31%
2026-02-16 21:05:24 KST | INFO |   🏆 New best accuracy: 72.31%
2026-02-16 21:05:24 KST | INFO | 
2026-02-16 21:05:24 KST | INFO | Epoch 7/200 | LR: 0.099778
2026-02-16 21:07:29 KST | INFO |   Train Loss: 0.6180 | Test Loss: 0.0032 | Test Acc: 73.11%
2026-02-16 21:07:29 KST | INFO |   🏆 New best accuracy: 73.11%
2026-02-16 21:07:29 KST | INFO | 
2026-02-16 21:07:29 KST | INFO | Epoch 8/200 | LR: 0.099698
2026-02-16 21:09:33 KST | INFO |   Train Loss: 0.5822 | Test Loss: 0.0029 | Test Acc: 76.89%
2026-02-16 21:09:33 KST | INFO |   🏆 New best accuracy: 76.89%
2026-02-16 21:09:33 KST | INFO | 
2026-02-16 21:09:33 KST | INFO | Epoch 9/200 | LR: 0.099606
2026-02-16 21:11:36 KST | INFO |   Train Loss: 0.5469 | Test Loss: 0.0028 | Test Acc: 77.30%
2026-02-16 21:11:36 KST | INFO |   🏆 New best accuracy: 77.30%
2026-02-16 21:11:36 KST | INFO | 
2026-02-16 21:11:36 KST | INFO | Epoch 10/200 | LR: 0.099501
2026-02-16 21:13:41 KST | INFO |   Train Loss: 0.5252 | Test Loss: 0.0029 | Test Acc: 76.40%
2026-02-16 21:13:41 KST | INFO |   No improvement (1/30)
2026-02-16 21:13:41 KST | INFO | 
2026-02-16 21:13:41 KST | INFO | Epoch 11/200 | LR: 0.099384
2026-02-16 21:15:46 KST | INFO |   Train Loss: 0.5009 | Test Loss: 0.0026 | Test Acc: 78.34%
2026-02-16 21:15:46 KST | INFO |   🏆 New best accuracy: 78.34%
2026-02-16 21:15:46 KST | INFO | 
2026-02-16 21:15:46 KST | INFO | Epoch 12/200 | LR: 0.099255
2026-02-16 21:17:52 KST | INFO |   Train Loss: 0.4907 | Test Loss: 0.0027 | Test Acc: 78.18%
2026-02-16 21:17:52 KST | INFO |   No improvement (1/30)
2026-02-16 21:17:52 KST | INFO | 
2026-02-16 21:17:52 KST | INFO | Epoch 13/200 | LR: 0.099114
2026-02-16 21:19:56 KST | INFO |   Train Loss: 0.4743 | Test Loss: 0.0028 | Test Acc: 76.47%
2026-02-16 21:19:56 KST | INFO |   No improvement (2/30)
2026-02-16 21:19:56 KST | INFO | 
2026-02-16 21:19:56 KST | INFO | Epoch 14/200 | LR: 0.098961
2026-02-16 21:22:00 KST | INFO |   Train Loss: 0.4607 | Test Loss: 0.0023 | Test Acc: 81.52%
2026-02-16 21:22:00 KST | INFO |   🏆 New best accuracy: 81.52%
2026-02-16 21:22:00 KST | INFO | 
2026-02-16 21:22:00 KST | INFO | Epoch 15/200 | LR: 0.098796
2026-02-16 21:24:06 KST | INFO |   Train Loss: 0.4491 | Test Loss: 0.0029 | Test Acc: 76.03%
2026-02-16 21:24:06 KST | INFO |   No improvement (1/30)
2026-02-16 21:24:06 KST | INFO | 
2026-02-16 21:24:06 KST | INFO | Epoch 16/200 | LR: 0.098619
2026-02-16 21:26:11 KST | INFO |   Train Loss: 0.4423 | Test Loss: 0.0024 | Test Acc: 80.24%
2026-02-16 21:26:11 KST | INFO |   No improvement (2/30)
2026-02-16 21:26:11 KST | INFO | 
2026-02-16 21:26:11 KST | INFO | Epoch 17/200 | LR: 0.098429
2026-02-16 21:28:17 KST | INFO |   Train Loss: 0.4222 | Test Loss: 0.0025 | Test Acc: 79.23%
2026-02-16 21:28:17 KST | INFO |   No improvement (3/30)
2026-02-16 21:28:17 KST | INFO | 
2026-02-16 21:28:17 KST | INFO | Epoch 18/200 | LR: 0.098228
2026-02-16 21:30:22 KST | INFO |   Train Loss: 0.4223 | Test Loss: 0.0023 | Test Acc: 80.67%
2026-02-16 21:30:22 KST | INFO |   No improvement (4/30)
2026-02-16 21:30:22 KST | INFO | 
2026-02-16 21:30:22 KST | INFO | Epoch 19/200 | LR: 0.098015
2026-02-16 21:32:29 KST | INFO |   Train Loss: 0.4161 | Test Loss: 0.0028 | Test Acc: 76.38%
2026-02-16 21:32:29 KST | INFO |   No improvement (5/30)
2026-02-16 21:32:29 KST | INFO | 
2026-02-16 21:32:29 KST | INFO | Epoch 20/200 | LR: 0.097790
2026-02-16 21:34:36 KST | INFO |   Train Loss: 0.4061 | Test Loss: 0.0026 | Test Acc: 78.94%
2026-02-16 21:34:36 KST | INFO |   No improvement (6/30)
2026-02-16 21:34:36 KST | INFO | 
2026-02-16 21:34:36 KST | INFO | Epoch 21/200 | LR: 0.097553
2026-02-16 21:36:43 KST | INFO |   Train Loss: 0.3975 | Test Loss: 0.0024 | Test Acc: 79.77%
2026-02-16 21:36:43 KST | INFO |   No improvement (7/30)
2026-02-16 21:36:43 KST | INFO | 
2026-02-16 21:36:43 KST | INFO | Epoch 22/200 | LR: 0.097304
2026-02-16 21:38:51 KST | INFO |   Train Loss: 0.3962 | Test Loss: 0.0024 | Test Acc: 79.40%
2026-02-16 21:38:51 KST | INFO |   No improvement (8/30)
2026-02-16 21:38:51 KST | INFO | 
2026-02-16 21:38:51 KST | INFO | Epoch 23/200 | LR: 0.097044
2026-02-16 21:40:58 KST | INFO |   Train Loss: 0.3923 | Test Loss: 0.0022 | Test Acc: 82.96%
2026-02-16 21:40:58 KST | INFO |   🏆 New best accuracy: 82.96%
2026-02-16 21:40:58 KST | INFO | 
2026-02-16 21:40:58 KST | INFO | Epoch 24/200 | LR: 0.096772
2026-02-16 21:43:04 KST | INFO |   Train Loss: 0.3831 | Test Loss: 0.0024 | Test Acc: 80.28%
2026-02-16 21:43:04 KST | INFO |   No improvement (1/30)
2026-02-16 21:43:04 KST | INFO | 
2026-02-16 21:43:04 KST | INFO | Epoch 25/200 | LR: 0.096489
2026-02-16 21:45:11 KST | INFO |   Train Loss: 0.3779 | Test Loss: 0.0022 | Test Acc: 81.34%
2026-02-16 21:45:11 KST | INFO |   No improvement (2/30)
2026-02-16 21:45:11 KST | INFO | 
2026-02-16 21:45:11 KST | INFO | Epoch 26/200 | LR: 0.096194
2026-02-16 21:47:17 KST | INFO |   Train Loss: 0.3723 | Test Loss: 0.0025 | Test Acc: 79.23%
2026-02-16 21:47:17 KST | INFO |   No improvement (3/30)
2026-02-16 21:47:17 KST | INFO | 
2026-02-16 21:47:17 KST | INFO | Epoch 27/200 | LR: 0.095888
2026-02-16 21:49:24 KST | INFO |   Train Loss: 0.3675 | Test Loss: 0.0022 | Test Acc: 82.11%
2026-02-16 21:49:24 KST | INFO |   No improvement (4/30)
2026-02-16 21:49:24 KST | INFO | 
2026-02-16 21:49:24 KST | INFO | Epoch 28/200 | LR: 0.095570
2026-02-16 21:51:29 KST | INFO |   Train Loss: 0.3636 | Test Loss: 0.0021 | Test Acc: 82.46%
2026-02-16 21:51:29 KST | INFO |   No improvement (5/30)
2026-02-16 21:51:29 KST | INFO | 
2026-02-16 21:51:29 KST | INFO | Epoch 29/200 | LR: 0.095241
2026-02-16 21:53:35 KST | INFO |   Train Loss: 0.3604 | Test Loss: 0.0029 | Test Acc: 75.08%
2026-02-16 21:53:35 KST | INFO |   No improvement (6/30)
2026-02-16 21:53:35 KST | INFO | 
2026-02-16 21:53:35 KST | INFO | Epoch 30/200 | LR: 0.094901
2026-02-16 21:55:41 KST | INFO |   Train Loss: 0.3607 | Test Loss: 0.0025 | Test Acc: 80.17%
2026-02-16 21:55:41 KST | INFO |   No improvement (7/30)
2026-02-16 21:55:41 KST | INFO | 
2026-02-16 21:55:41 KST | INFO | Epoch 31/200 | LR: 0.094550
2026-02-16 21:57:46 KST | INFO |   Train Loss: 0.3477 | Test Loss: 0.0027 | Test Acc: 76.49%
2026-02-16 21:57:46 KST | INFO |   No improvement (8/30)
2026-02-16 21:57:46 KST | INFO | 
2026-02-16 21:57:46 KST | INFO | Epoch 32/200 | LR: 0.094188
2026-02-16 21:59:50 KST | INFO |   Train Loss: 0.3515 | Test Loss: 0.0022 | Test Acc: 82.67%
2026-02-16 21:59:50 KST | INFO |   No improvement (9/30)
2026-02-16 21:59:50 KST | INFO | 
2026-02-16 21:59:50 KST | INFO | Epoch 33/200 | LR: 0.093815
2026-02-16 22:01:55 KST | INFO |   Train Loss: 0.3497 | Test Loss: 0.0023 | Test Acc: 81.32%
2026-02-16 22:01:55 KST | INFO |   No improvement (10/30)
2026-02-16 22:01:55 KST | INFO | 
2026-02-16 22:01:55 KST | INFO | Epoch 34/200 | LR: 0.093432
2026-02-16 22:03:59 KST | INFO |   Train Loss: 0.3405 | Test Loss: 0.0022 | Test Acc: 82.49%
2026-02-16 22:03:59 KST | INFO |   No improvement (11/30)
2026-02-16 22:03:59 KST | INFO | 
2026-02-16 22:03:59 KST | INFO | Epoch 35/200 | LR: 0.093037
2026-02-16 22:06:05 KST | INFO |   Train Loss: 0.3393 | Test Loss: 0.0019 | Test Acc: 84.17%
2026-02-16 22:06:05 KST | INFO |   🏆 New best accuracy: 84.17%
2026-02-16 22:06:05 KST | INFO | 
2026-02-16 22:06:05 KST | INFO | Epoch 36/200 | LR: 0.092632
2026-02-16 22:08:09 KST | INFO |   Train Loss: 0.3359 | Test Loss: 0.0023 | Test Acc: 81.42%
2026-02-16 22:08:09 KST | INFO |   No improvement (1/30)
2026-02-16 22:08:09 KST | INFO | 
2026-02-16 22:08:09 KST | INFO | Epoch 37/200 | LR: 0.092216
2026-02-16 22:10:14 KST | INFO |   Train Loss: 0.3363 | Test Loss: 0.0019 | Test Acc: 84.48%
2026-02-16 22:10:14 KST | INFO |   🏆 New best accuracy: 84.48%
2026-02-16 22:10:14 KST | INFO | 
2026-02-16 22:10:14 KST | INFO | Epoch 38/200 | LR: 0.091790
2026-02-16 22:12:19 KST | INFO |   Train Loss: 0.3269 | Test Loss: 0.0022 | Test Acc: 81.09%
2026-02-16 22:12:19 KST | INFO |   No improvement (1/30)
2026-02-16 22:12:19 KST | INFO | 
2026-02-16 22:12:19 KST | INFO | Epoch 39/200 | LR: 0.091354
2026-02-16 22:14:23 KST | INFO |   Train Loss: 0.3284 | Test Loss: 0.0023 | Test Acc: 81.24%
2026-02-16 22:14:23 KST | INFO |   No improvement (2/30)
2026-02-16 22:14:23 KST | INFO | 
2026-02-16 22:14:23 KST | INFO | Epoch 40/200 | LR: 0.090908
2026-02-16 22:16:28 KST | INFO |   Train Loss: 0.3241 | Test Loss: 0.0020 | Test Acc: 83.68%
2026-02-16 22:16:28 KST | INFO |   No improvement (3/30)
2026-02-16 22:16:28 KST | INFO | 
2026-02-16 22:16:28 KST | INFO | Epoch 41/200 | LR: 0.090451
2026-02-16 22:18:33 KST | INFO |   Train Loss: 0.3218 | Test Loss: 0.0019 | Test Acc: 83.87%
2026-02-16 22:18:33 KST | INFO |   No improvement (4/30)
2026-02-16 22:18:33 KST | INFO | 
2026-02-16 22:18:33 KST | INFO | Epoch 42/200 | LR: 0.089984
2026-02-16 22:20:40 KST | INFO |   Train Loss: 0.3195 | Test Loss: 0.0021 | Test Acc: 82.37%
2026-02-16 22:20:40 KST | INFO |   No improvement (5/30)
2026-02-16 22:20:40 KST | INFO | 
2026-02-16 22:20:40 KST | INFO | Epoch 43/200 | LR: 0.089508
2026-02-16 22:22:47 KST | INFO |   Train Loss: 0.3178 | Test Loss: 0.0020 | Test Acc: 83.80%
2026-02-16 22:22:47 KST | INFO |   No improvement (6/30)
2026-02-16 22:22:47 KST | INFO | 
2026-02-16 22:22:47 KST | INFO | Epoch 44/200 | LR: 0.089022
2026-02-16 22:24:53 KST | INFO |   Train Loss: 0.3110 | Test Loss: 0.0021 | Test Acc: 83.49%
2026-02-16 22:24:53 KST | INFO |   No improvement (7/30)
2026-02-16 22:24:53 KST | INFO | 
2026-02-16 22:24:53 KST | INFO | Epoch 45/200 | LR: 0.088526
2026-02-16 22:26:58 KST | INFO |   Train Loss: 0.3087 | Test Loss: 0.0021 | Test Acc: 82.58%
2026-02-16 22:26:58 KST | INFO |   No improvement (8/30)
2026-02-16 22:26:58 KST | INFO | 
2026-02-16 22:26:58 KST | INFO | Epoch 46/200 | LR: 0.088020
2026-02-16 22:29:03 KST | INFO |   Train Loss: 0.3119 | Test Loss: 0.0021 | Test Acc: 82.51%
2026-02-16 22:29:03 KST | INFO |   No improvement (9/30)
2026-02-16 22:29:03 KST | INFO | 
2026-02-16 22:29:03 KST | INFO | Epoch 47/200 | LR: 0.087506
2026-02-16 22:31:08 KST | INFO |   Train Loss: 0.3090 | Test Loss: 0.0018 | Test Acc: 84.88%
2026-02-16 22:31:08 KST | INFO |   🏆 New best accuracy: 84.88%
2026-02-16 22:31:08 KST | INFO | 
2026-02-16 22:31:08 KST | INFO | Epoch 48/200 | LR: 0.086982
2026-02-16 22:33:12 KST | INFO |   Train Loss: 0.3017 | Test Loss: 0.0018 | Test Acc: 85.20%
2026-02-16 22:33:12 KST | INFO |   🏆 New best accuracy: 85.20%
2026-02-16 22:33:12 KST | INFO | 
2026-02-16 22:33:12 KST | INFO | Epoch 49/200 | LR: 0.086449
2026-02-16 22:35:16 KST | INFO |   Train Loss: 0.3021 | Test Loss: 0.0022 | Test Acc: 82.27%
2026-02-16 22:35:16 KST | INFO |   No improvement (1/30)
2026-02-16 22:35:16 KST | INFO | 
2026-02-16 22:35:16 KST | INFO | Epoch 50/200 | LR: 0.085906
2026-02-16 22:37:21 KST | INFO |   Train Loss: 0.2951 | Test Loss: 0.0019 | Test Acc: 84.86%
2026-02-16 22:37:21 KST | INFO |   No improvement (2/30)
2026-02-16 22:37:21 KST | INFO | 
2026-02-16 22:37:21 KST | INFO | Epoch 51/200 | LR: 0.085355
2026-02-16 22:39:26 KST | INFO |   Train Loss: 0.2934 | Test Loss: 0.0023 | Test Acc: 80.83%
2026-02-16 22:39:26 KST | INFO |   No improvement (3/30)
2026-02-16 22:39:26 KST | INFO | 
2026-02-16 22:39:26 KST | INFO | Epoch 52/200 | LR: 0.084796
2026-02-16 22:41:30 KST | INFO |   Train Loss: 0.2907 | Test Loss: 0.0018 | Test Acc: 85.64%
2026-02-16 22:41:30 KST | INFO |   🏆 New best accuracy: 85.64%
2026-02-16 22:41:30 KST | INFO | 
2026-02-16 22:41:30 KST | INFO | Epoch 53/200 | LR: 0.084228
2026-02-16 22:43:35 KST | INFO |   Train Loss: 0.2930 | Test Loss: 0.0019 | Test Acc: 84.37%
2026-02-16 22:43:35 KST | INFO |   No improvement (1/30)
2026-02-16 22:43:35 KST | INFO | 
2026-02-16 22:43:35 KST | INFO | Epoch 54/200 | LR: 0.083651
2026-02-16 22:45:39 KST | INFO |   Train Loss: 0.2939 | Test Loss: 0.0017 | Test Acc: 86.43%
2026-02-16 22:45:39 KST | INFO |   🏆 New best accuracy: 86.43%
2026-02-16 22:45:39 KST | INFO | 
2026-02-16 22:45:39 KST | INFO | Epoch 55/200 | LR: 0.083066
2026-02-16 22:47:45 KST | INFO |   Train Loss: 0.2902 | Test Loss: 0.0020 | Test Acc: 84.02%
2026-02-16 22:47:45 KST | INFO |   No improvement (1/30)
2026-02-16 22:47:45 KST | INFO | 
2026-02-16 22:47:45 KST | INFO | Epoch 56/200 | LR: 0.082473
2026-02-16 22:49:52 KST | INFO |   Train Loss: 0.2833 | Test Loss: 0.0021 | Test Acc: 83.18%
2026-02-16 22:49:52 KST | INFO |   No improvement (2/30)
2026-02-16 22:49:52 KST | INFO | 
2026-02-16 22:49:52 KST | INFO | Epoch 57/200 | LR: 0.081871
2026-02-16 22:51:57 KST | INFO |   Train Loss: 0.2830 | Test Loss: 0.0018 | Test Acc: 85.40%
2026-02-16 22:51:57 KST | INFO |   No improvement (3/30)
2026-02-16 22:51:57 KST | INFO | 
2026-02-16 22:51:57 KST | INFO | Epoch 58/200 | LR: 0.081262
2026-02-16 22:54:03 KST | INFO |   Train Loss: 0.2805 | Test Loss: 0.0019 | Test Acc: 83.82%
2026-02-16 22:54:03 KST | INFO |   No improvement (4/30)
2026-02-16 22:54:03 KST | INFO | 
2026-02-16 22:54:03 KST | INFO | Epoch 59/200 | LR: 0.080646
2026-02-16 22:56:09 KST | INFO |   Train Loss: 0.2809 | Test Loss: 0.0018 | Test Acc: 85.40%
2026-02-16 22:56:09 KST | INFO |   No improvement (5/30)
2026-02-16 22:56:09 KST | INFO | 
2026-02-16 22:56:09 KST | INFO | Epoch 60/200 | LR: 0.080021
2026-02-16 22:58:16 KST | INFO |   Train Loss: 0.2761 | Test Loss: 0.0019 | Test Acc: 84.06%
2026-02-16 22:58:16 KST | INFO |   No improvement (6/30)
2026-02-16 22:58:16 KST | INFO | 
2026-02-16 22:58:16 KST | INFO | Epoch 61/200 | LR: 0.079389
2026-02-16 23:00:23 KST | INFO |   Train Loss: 0.2706 | Test Loss: 0.0019 | Test Acc: 83.63%
2026-02-16 23:00:23 KST | INFO |   No improvement (7/30)
2026-02-16 23:00:23 KST | INFO | 
2026-02-16 23:00:23 KST | INFO | Epoch 62/200 | LR: 0.078750
2026-02-16 23:02:31 KST | INFO |   Train Loss: 0.2715 | Test Loss: 0.0017 | Test Acc: 85.71%
2026-02-16 23:02:31 KST | INFO |   No improvement (8/30)
2026-02-16 23:02:31 KST | INFO | 
2026-02-16 23:02:31 KST | INFO | Epoch 63/200 | LR: 0.078104
2026-02-16 23:04:37 KST | INFO |   Train Loss: 0.2638 | Test Loss: 0.0022 | Test Acc: 81.70%
2026-02-16 23:04:37 KST | INFO |   No improvement (9/30)
2026-02-16 23:04:37 KST | INFO | 
2026-02-16 23:04:37 KST | INFO | Epoch 64/200 | LR: 0.077451
2026-02-16 23:06:44 KST | INFO |   Train Loss: 0.2675 | Test Loss: 0.0017 | Test Acc: 85.86%
2026-02-16 23:06:44 KST | INFO |   No improvement (10/30)
2026-02-16 23:06:44 KST | INFO | 
2026-02-16 23:06:44 KST | INFO | Epoch 65/200 | LR: 0.076792
2026-02-16 23:08:52 KST | INFO |   Train Loss: 0.2635 | Test Loss: 0.0019 | Test Acc: 84.71%
2026-02-16 23:08:52 KST | INFO |   No improvement (11/30)
2026-02-16 23:08:52 KST | INFO | 
2026-02-16 23:08:52 KST | INFO | Epoch 66/200 | LR: 0.076125
2026-02-16 23:10:59 KST | INFO |   Train Loss: 0.2629 | Test Loss: 0.0021 | Test Acc: 82.52%
2026-02-16 23:10:59 KST | INFO |   No improvement (12/30)
2026-02-16 23:10:59 KST | INFO | 
2026-02-16 23:10:59 KST | INFO | Epoch 67/200 | LR: 0.075452
2026-02-16 23:13:06 KST | INFO |   Train Loss: 0.2556 | Test Loss: 0.0017 | Test Acc: 85.97%
2026-02-16 23:13:06 KST | INFO |   No improvement (13/30)
2026-02-16 23:13:06 KST | INFO | 
2026-02-16 23:13:06 KST | INFO | Epoch 68/200 | LR: 0.074773
2026-02-16 23:15:11 KST | INFO |   Train Loss: 0.2561 | Test Loss: 0.0020 | Test Acc: 83.33%
2026-02-16 23:15:11 KST | INFO |   No improvement (14/30)
2026-02-16 23:15:11 KST | INFO | 
2026-02-16 23:15:11 KST | INFO | Epoch 69/200 | LR: 0.074088
2026-02-16 23:17:17 KST | INFO |   Train Loss: 0.2498 | Test Loss: 0.0018 | Test Acc: 85.47%
2026-02-16 23:17:17 KST | INFO |   No improvement (15/30)
2026-02-16 23:17:17 KST | INFO | 
2026-02-16 23:17:17 KST | INFO | Epoch 70/200 | LR: 0.073397
2026-02-16 23:19:23 KST | INFO |   Train Loss: 0.2539 | Test Loss: 0.0018 | Test Acc: 85.16%
2026-02-16 23:19:23 KST | INFO |   No improvement (16/30)
2026-02-16 23:19:23 KST | INFO | 
2026-02-16 23:19:23 KST | INFO | Epoch 71/200 | LR: 0.072700
2026-02-16 23:21:30 KST | INFO |   Train Loss: 0.2483 | Test Loss: 0.0017 | Test Acc: 86.56%
2026-02-16 23:21:30 KST | INFO |   🏆 New best accuracy: 86.56%
2026-02-16 23:21:30 KST | INFO | 
2026-02-16 23:21:30 KST | INFO | Epoch 72/200 | LR: 0.071997
2026-02-16 23:23:37 KST | INFO |   Train Loss: 0.2438 | Test Loss: 0.0022 | Test Acc: 81.31%
2026-02-16 23:23:37 KST | INFO |   No improvement (1/30)
2026-02-16 23:23:37 KST | INFO | 
2026-02-16 23:23:37 KST | INFO | Epoch 73/200 | LR: 0.071289
2026-02-16 23:25:45 KST | INFO |   Train Loss: 0.2447 | Test Loss: 0.0018 | Test Acc: 85.71%
2026-02-16 23:25:45 KST | INFO |   No improvement (2/30)
2026-02-16 23:25:45 KST | INFO | 
2026-02-16 23:25:45 KST | INFO | Epoch 74/200 | LR: 0.070576
2026-02-16 23:27:52 KST | INFO |   Train Loss: 0.2405 | Test Loss: 0.0019 | Test Acc: 84.33%
2026-02-16 23:27:52 KST | INFO |   No improvement (3/30)
2026-02-16 23:27:52 KST | INFO | 
2026-02-16 23:27:52 KST | INFO | Epoch 75/200 | LR: 0.069858
2026-02-16 23:29:58 KST | INFO |   Train Loss: 0.2397 | Test Loss: 0.0019 | Test Acc: 83.69%
2026-02-16 23:29:58 KST | INFO |   No improvement (4/30)
2026-02-16 23:29:58 KST | INFO | 
2026-02-16 23:29:58 KST | INFO | Epoch 76/200 | LR: 0.069134
2026-02-16 23:32:04 KST | INFO |   Train Loss: 0.2330 | Test Loss: 0.0018 | Test Acc: 84.56%
2026-02-16 23:32:04 KST | INFO |   No improvement (5/30)
2026-02-16 23:32:04 KST | INFO | 
2026-02-16 23:32:04 KST | INFO | Epoch 77/200 | LR: 0.068407
2026-02-16 23:34:12 KST | INFO |   Train Loss: 0.2311 | Test Loss: 0.0019 | Test Acc: 84.32%
2026-02-16 23:34:12 KST | INFO |   No improvement (6/30)
2026-02-16 23:34:12 KST | INFO | 
2026-02-16 23:34:12 KST | INFO | Epoch 78/200 | LR: 0.067674
2026-02-16 23:36:20 KST | INFO |   Train Loss: 0.2332 | Test Loss: 0.0020 | Test Acc: 83.07%
2026-02-16 23:36:20 KST | INFO |   No improvement (7/30)
2026-02-16 23:36:20 KST | INFO | 
2026-02-16 23:36:20 KST | INFO | Epoch 79/200 | LR: 0.066937
2026-02-16 23:38:26 KST | INFO |   Train Loss: 0.2298 | Test Loss: 0.0015 | Test Acc: 87.59%
2026-02-16 23:38:26 KST | INFO |   🏆 New best accuracy: 87.59%
2026-02-16 23:38:26 KST | INFO | 
2026-02-16 23:38:26 KST | INFO | Epoch 80/200 | LR: 0.066196
2026-02-16 23:40:34 KST | INFO |   Train Loss: 0.2276 | Test Loss: 0.0020 | Test Acc: 83.88%
2026-02-16 23:40:34 KST | INFO |   No improvement (1/30)
2026-02-16 23:40:34 KST | INFO | 
2026-02-16 23:40:34 KST | INFO | Epoch 81/200 | LR: 0.065451
2026-02-16 23:42:40 KST | INFO |   Train Loss: 0.2237 | Test Loss: 0.0018 | Test Acc: 85.91%
2026-02-16 23:42:40 KST | INFO |   No improvement (2/30)
2026-02-16 23:42:40 KST | INFO | 
2026-02-16 23:42:40 KST | INFO | Epoch 82/200 | LR: 0.064702
2026-02-16 23:44:47 KST | INFO |   Train Loss: 0.2268 | Test Loss: 0.0019 | Test Acc: 83.64%
2026-02-16 23:44:47 KST | INFO |   No improvement (3/30)
2026-02-16 23:44:47 KST | INFO | 
2026-02-16 23:44:47 KST | INFO | Epoch 83/200 | LR: 0.063950
2026-02-16 23:46:54 KST | INFO |   Train Loss: 0.2201 | Test Loss: 0.0019 | Test Acc: 84.54%
2026-02-16 23:46:54 KST | INFO |   No improvement (4/30)
2026-02-16 23:46:54 KST | INFO | 
2026-02-16 23:46:54 KST | INFO | Epoch 84/200 | LR: 0.063194
2026-02-16 23:49:01 KST | INFO |   Train Loss: 0.2143 | Test Loss: 0.0015 | Test Acc: 87.56%
2026-02-16 23:49:01 KST | INFO |   No improvement (5/30)
2026-02-16 23:49:01 KST | INFO | 
2026-02-16 23:49:01 KST | INFO | Epoch 85/200 | LR: 0.062435
2026-02-16 23:51:07 KST | INFO |   Train Loss: 0.2147 | Test Loss: 0.0019 | Test Acc: 84.01%
2026-02-16 23:51:07 KST | INFO |   No improvement (6/30)
2026-02-16 23:51:07 KST | INFO | 
2026-02-16 23:51:07 KST | INFO | Epoch 86/200 | LR: 0.061673
2026-02-16 23:53:14 KST | INFO |   Train Loss: 0.2144 | Test Loss: 0.0016 | Test Acc: 87.10%
2026-02-16 23:53:14 KST | INFO |   No improvement (7/30)
2026-02-16 23:53:14 KST | INFO | 
2026-02-16 23:53:14 KST | INFO | Epoch 87/200 | LR: 0.060908
2026-02-16 23:55:21 KST | INFO |   Train Loss: 0.2078 | Test Loss: 0.0019 | Test Acc: 83.86%
2026-02-16 23:55:21 KST | INFO |   No improvement (8/30)
2026-02-16 23:55:21 KST | INFO | 
2026-02-16 23:55:21 KST | INFO | Epoch 88/200 | LR: 0.060140
2026-02-16 23:57:28 KST | INFO |   Train Loss: 0.2085 | Test Loss: 0.0018 | Test Acc: 84.38%
2026-02-16 23:57:28 KST | INFO |   No improvement (9/30)
2026-02-16 23:57:28 KST | INFO | 
2026-02-16 23:57:28 KST | INFO | Epoch 89/200 | LR: 0.059369
2026-02-16 23:59:34 KST | INFO |   Train Loss: 0.2029 | Test Loss: 0.0020 | Test Acc: 83.79%
2026-02-16 23:59:34 KST | INFO |   No improvement (10/30)
2026-02-16 23:59:34 KST | INFO | 
2026-02-16 23:59:34 KST | INFO | Epoch 90/200 | LR: 0.058597
2026-02-17 00:01:41 KST | INFO |   Train Loss: 0.2058 | Test Loss: 0.0018 | Test Acc: 85.01%
2026-02-17 00:01:41 KST | INFO |   No improvement (11/30)
2026-02-17 00:01:41 KST | INFO | 
2026-02-17 00:01:41 KST | INFO | Epoch 91/200 | LR: 0.057822
2026-02-17 00:03:49 KST | INFO |   Train Loss: 0.2027 | Test Loss: 0.0018 | Test Acc: 84.44%
2026-02-17 00:03:49 KST | INFO |   No improvement (12/30)
2026-02-17 00:03:49 KST | INFO | 
2026-02-17 00:03:49 KST | INFO | Epoch 92/200 | LR: 0.057045
2026-02-17 00:05:54 KST | INFO |   Train Loss: 0.1975 | Test Loss: 0.0017 | Test Acc: 85.23%
2026-02-17 00:05:54 KST | INFO |   No improvement (13/30)
2026-02-17 00:05:54 KST | INFO | 
2026-02-17 00:05:54 KST | INFO | Epoch 93/200 | LR: 0.056267
2026-02-17 00:07:59 KST | INFO |   Train Loss: 0.1929 | Test Loss: 0.0017 | Test Acc: 86.21%
2026-02-17 00:07:59 KST | INFO |   No improvement (14/30)
2026-02-17 00:07:59 KST | INFO | 
2026-02-17 00:07:59 KST | INFO | Epoch 94/200 | LR: 0.055487
2026-02-17 00:10:03 KST | INFO |   Train Loss: 0.1911 | Test Loss: 0.0015 | Test Acc: 87.17%
2026-02-17 00:10:03 KST | INFO |   No improvement (15/30)
2026-02-17 00:10:03 KST | INFO | 
2026-02-17 00:10:03 KST | INFO | Epoch 95/200 | LR: 0.054706
2026-02-17 00:12:07 KST | INFO |   Train Loss: 0.1886 | Test Loss: 0.0013 | Test Acc: 88.87%
2026-02-17 00:12:07 KST | INFO |   🏆 New best accuracy: 88.87%
2026-02-17 00:12:07 KST | INFO | 
2026-02-17 00:12:07 KST | INFO | Epoch 96/200 | LR: 0.053923
2026-02-17 00:14:12 KST | INFO |   Train Loss: 0.1842 | Test Loss: 0.0019 | Test Acc: 84.93%
2026-02-17 00:14:12 KST | INFO |   No improvement (1/30)
2026-02-17 00:14:12 KST | INFO | 
2026-02-17 00:14:12 KST | INFO | Epoch 97/200 | LR: 0.053140
2026-02-17 00:16:17 KST | INFO |   Train Loss: 0.1830 | Test Loss: 0.0017 | Test Acc: 85.78%
2026-02-17 00:16:17 KST | INFO |   No improvement (2/30)
2026-02-17 00:16:17 KST | INFO | 
2026-02-17 00:16:17 KST | INFO | Epoch 98/200 | LR: 0.052356
2026-02-17 00:18:22 KST | INFO |   Train Loss: 0.1820 | Test Loss: 0.0019 | Test Acc: 84.31%
2026-02-17 00:18:22 KST | INFO |   No improvement (3/30)
2026-02-17 00:18:22 KST | INFO | 
2026-02-17 00:18:22 KST | INFO | Epoch 99/200 | LR: 0.051571
2026-02-17 00:20:26 KST | INFO |   Train Loss: 0.1787 | Test Loss: 0.0015 | Test Acc: 87.73%
2026-02-17 00:20:26 KST | INFO |   No improvement (4/30)
2026-02-17 00:20:26 KST | INFO | 
2026-02-17 00:20:26 KST | INFO | Epoch 100/200 | LR: 0.050786
2026-02-17 00:22:31 KST | INFO |   Train Loss: 0.1747 | Test Loss: 0.0020 | Test Acc: 83.36%
2026-02-17 00:22:31 KST | INFO |   No improvement (5/30)
2026-02-17 00:22:31 KST | INFO | 
2026-02-17 00:22:31 KST | INFO | Epoch 101/200 | LR: 0.050001
2026-02-17 00:24:35 KST | INFO |   Train Loss: 0.1790 | Test Loss: 0.0015 | Test Acc: 87.83%
2026-02-17 00:24:35 KST | INFO |   No improvement (6/30)
2026-02-17 00:24:35 KST | INFO | 
2026-02-17 00:24:35 KST | INFO | Epoch 102/200 | LR: 0.049215
2026-02-17 00:26:41 KST | INFO |   Train Loss: 0.1718 | Test Loss: 0.0014 | Test Acc: 87.97%
2026-02-17 00:26:41 KST | INFO |   No improvement (7/30)
2026-02-17 00:26:41 KST | INFO | 
2026-02-17 00:26:41 KST | INFO | Epoch 103/200 | LR: 0.048430
2026-02-17 00:28:46 KST | INFO |   Train Loss: 0.1667 | Test Loss: 0.0019 | Test Acc: 84.60%
2026-02-17 00:28:46 KST | INFO |   No improvement (8/30)
2026-02-17 00:28:46 KST | INFO | 
2026-02-17 00:28:46 KST | INFO | Epoch 104/200 | LR: 0.047645
2026-02-17 00:30:51 KST | INFO |   Train Loss: 0.1653 | Test Loss: 0.0016 | Test Acc: 86.70%
2026-02-17 00:30:51 KST | INFO |   No improvement (9/30)
2026-02-17 00:30:51 KST | INFO | 
2026-02-17 00:30:51 KST | INFO | Epoch 105/200 | LR: 0.046861
2026-02-17 00:32:57 KST | INFO |   Train Loss: 0.1651 | Test Loss: 0.0017 | Test Acc: 85.41%
2026-02-17 00:32:57 KST | INFO |   No improvement (10/30)
2026-02-17 00:32:57 KST | INFO | 
2026-02-17 00:32:57 KST | INFO | Epoch 106/200 | LR: 0.046078
2026-02-17 00:35:03 KST | INFO |   Train Loss: 0.1605 | Test Loss: 0.0015 | Test Acc: 87.84%
2026-02-17 00:35:03 KST | INFO |   No improvement (11/30)
2026-02-17 00:35:03 KST | INFO | 
2026-02-17 00:35:03 KST | INFO | Epoch 107/200 | LR: 0.045295
2026-02-17 00:37:10 KST | INFO |   Train Loss: 0.1573 | Test Loss: 0.0016 | Test Acc: 87.08%
2026-02-17 00:37:10 KST | INFO |   No improvement (12/30)
2026-02-17 00:37:10 KST | INFO | 
2026-02-17 00:37:10 KST | INFO | Epoch 108/200 | LR: 0.044514
2026-02-17 00:39:17 KST | INFO |   Train Loss: 0.1540 | Test Loss: 0.0016 | Test Acc: 86.74%
2026-02-17 00:39:17 KST | INFO |   No improvement (13/30)
2026-02-17 00:39:17 KST | INFO | 
2026-02-17 00:39:17 KST | INFO | Epoch 109/200 | LR: 0.043734
2026-02-17 00:41:24 KST | INFO |   Train Loss: 0.1520 | Test Loss: 0.0016 | Test Acc: 87.26%
2026-02-17 00:41:24 KST | INFO |   No improvement (14/30)
2026-02-17 00:41:24 KST | INFO | 
2026-02-17 00:41:24 KST | INFO | Epoch 110/200 | LR: 0.042956
2026-02-17 00:43:30 KST | INFO |   Train Loss: 0.1485 | Test Loss: 0.0014 | Test Acc: 88.09%
2026-02-17 00:43:30 KST | INFO |   No improvement (15/30)
2026-02-17 00:43:30 KST | INFO | 
2026-02-17 00:43:30 KST | INFO | Epoch 111/200 | LR: 0.042179
2026-02-17 00:45:37 KST | INFO |   Train Loss: 0.1496 | Test Loss: 0.0017 | Test Acc: 86.30%
2026-02-17 00:45:37 KST | INFO |   No improvement (16/30)
2026-02-17 00:45:37 KST | INFO | 
2026-02-17 00:45:37 KST | INFO | Epoch 112/200 | LR: 0.041404
2026-02-17 00:47:43 KST | INFO |   Train Loss: 0.1455 | Test Loss: 0.0016 | Test Acc: 86.77%
2026-02-17 00:47:43 KST | INFO |   No improvement (17/30)
2026-02-17 00:47:43 KST | INFO | 
2026-02-17 00:47:43 KST | INFO | Epoch 113/200 | LR: 0.040632
2026-02-17 00:49:50 KST | INFO |   Train Loss: 0.1460 | Test Loss: 0.0020 | Test Acc: 83.40%
2026-02-17 00:49:50 KST | INFO |   No improvement (18/30)
2026-02-17 00:49:50 KST | INFO | 
2026-02-17 00:49:50 KST | INFO | Epoch 114/200 | LR: 0.039861
2026-02-17 00:51:57 KST | INFO |   Train Loss: 0.1417 | Test Loss: 0.0014 | Test Acc: 87.96%
2026-02-17 00:51:57 KST | INFO |   No improvement (19/30)
2026-02-17 00:51:57 KST | INFO | 
2026-02-17 00:51:57 KST | INFO | Epoch 115/200 | LR: 0.039093
2026-02-17 00:54:03 KST | INFO |   Train Loss: 0.1375 | Test Loss: 0.0016 | Test Acc: 87.18%
2026-02-17 00:54:03 KST | INFO |   No improvement (20/30)
2026-02-17 00:54:03 KST | INFO | 
2026-02-17 00:54:03 KST | INFO | Epoch 116/200 | LR: 0.038328
2026-02-17 00:56:09 KST | INFO |   Train Loss: 0.1393 | Test Loss: 0.0015 | Test Acc: 87.31%
2026-02-17 00:56:09 KST | INFO |   No improvement (21/30)
2026-02-17 00:56:09 KST | INFO | 
2026-02-17 00:56:09 KST | INFO | Epoch 117/200 | LR: 0.037566
2026-02-17 00:58:14 KST | INFO |   Train Loss: 0.1287 | Test Loss: 0.0014 | Test Acc: 87.91%
2026-02-17 00:58:14 KST | INFO |   No improvement (22/30)
2026-02-17 00:58:14 KST | INFO | 
2026-02-17 00:58:14 KST | INFO | Epoch 118/200 | LR: 0.036807
2026-02-17 01:00:20 KST | INFO |   Train Loss: 0.1294 | Test Loss: 0.0019 | Test Acc: 84.31%
2026-02-17 01:00:20 KST | INFO |   No improvement (23/30)
2026-02-17 01:00:20 KST | INFO | 
2026-02-17 01:00:20 KST | INFO | Epoch 119/200 | LR: 0.036051
2026-02-17 01:02:26 KST | INFO |   Train Loss: 0.1280 | Test Loss: 0.0015 | Test Acc: 87.48%
2026-02-17 01:02:26 KST | INFO |   No improvement (24/30)
2026-02-17 01:02:26 KST | INFO | 
2026-02-17 01:02:26 KST | INFO | Epoch 120/200 | LR: 0.035299
2026-02-17 01:04:31 KST | INFO |   Train Loss: 0.1230 | Test Loss: 0.0013 | Test Acc: 88.77%
2026-02-17 01:04:31 KST | INFO |   No improvement (25/30)
2026-02-17 01:04:31 KST | INFO | 
2026-02-17 01:04:31 KST | INFO | Epoch 121/200 | LR: 0.034550
2026-02-17 01:06:37 KST | INFO |   Train Loss: 0.1245 | Test Loss: 0.0015 | Test Acc: 87.88%
2026-02-17 01:06:37 KST | INFO |   No improvement (26/30)
2026-02-17 01:06:37 KST | INFO | 
2026-02-17 01:06:37 KST | INFO | Epoch 122/200 | LR: 0.033805
2026-02-17 01:08:42 KST | INFO |   Train Loss: 0.1200 | Test Loss: 0.0014 | Test Acc: 88.43%
2026-02-17 01:08:42 KST | INFO |   No improvement (27/30)
2026-02-17 01:08:42 KST | INFO | 
2026-02-17 01:08:42 KST | INFO | Epoch 123/200 | LR: 0.033064
2026-02-17 01:10:48 KST | INFO |   Train Loss: 0.1163 | Test Loss: 0.0018 | Test Acc: 85.73%
2026-02-17 01:10:48 KST | INFO |   No improvement (28/30)
2026-02-17 01:10:48 KST | INFO | 
2026-02-17 01:10:48 KST | INFO | Epoch 124/200 | LR: 0.032327
2026-02-17 01:12:54 KST | INFO |   Train Loss: 0.1133 | Test Loss: 0.0015 | Test Acc: 87.87%
2026-02-17 01:12:54 KST | INFO |   No improvement (29/30)
2026-02-17 01:12:54 KST | INFO | 
2026-02-17 01:12:54 KST | INFO | Epoch 125/200 | LR: 0.031594
2026-02-17 01:15:00 KST | INFO |   Train Loss: 0.1124 | Test Loss: 0.0014 | Test Acc: 88.62%
2026-02-17 01:15:00 KST | INFO |   No improvement (30/30)
2026-02-17 01:15:00 KST | INFO | 
2026-02-17 01:15:00 KST | INFO | Early stopping after 30 epochs without improvement
2026-02-17 01:15:00 KST | INFO | 
2026-02-17 01:15:00 KST | INFO | ================================================================================
2026-02-17 01:15:00 KST | INFO | TRAINING COMPLETE
2026-02-17 01:15:00 KST | INFO | ================================================================================
2026-02-17 01:15:00 KST | INFO | Best accuracy:  88.87% (Epoch 95)
2026-02-17 01:15:00 KST | INFO | Final accuracy: 88.62%
2026-02-17 01:15:00 KST | INFO | ================================================================================
2026-02-17 01:15:00 KST | INFO | 
2026-02-17 01:15:00 KST | INFO | Notifying nodes of completion...
2026-02-17 01:15:01 KST | INFO | ✓ Nodes notified
2026-02-17 01:15:01 KST | INFO | 
2026-02-17 01:15:01 KST | INFO | Closing connections...
2026-02-17 01:15:01 KST | INFO | ✓ Cleanup complete
2026-02-17 01:15:01 KST | INFO | 
2026-02-17 01:15:01 KST | INFO | Full log: logs/TL++_secure_20260216_205202.log
2026-02-17 01:15:01 KST | INFO | ================================================================================
