2026-04-23 19:42:35 KST | INFO | ================================================================================
2026-04-23 19:42:35 KST | INFO | TL++ Orchestrator
2026-04-23 19:42:35 KST | INFO | ================================================================================
2026-04-23 19:42:35 KST | INFO | Log file: logs/TL++_secure_20260423_194235.log
2026-04-23 19:42:35 KST | INFO | 
2026-04-23 19:42:35 KST | INFO | --------------------------------------------------------------------------------
2026-04-23 19:42:35 KST | INFO | CONFIGURATION
2026-04-23 19:42:35 KST | INFO | --------------------------------------------------------------------------------
2026-04-23 19:42:35 KST | INFO | Secure mode:      True
2026-04-23 19:42:35 KST | INFO | Helper endpoint:  127.0.0.1:8082
2026-04-23 19:42:35 KST | INFO | Activation noise: 2.0%
2026-04-23 19:42:35 KST | INFO | Gradient noise:   10.0%
2026-04-23 19:42:35 KST | INFO | Nodes:            9
2026-04-23 19:42:35 KST | INFO | Cut layer:        3
2026-04-23 19:42:35 KST | INFO | Batch size:       128
2026-04-23 19:42:35 KST | INFO | Learning rate:    0.1
2026-04-23 19:42:35 KST | INFO | 
2026-04-23 19:42:35 KST | INFO | Computation device: cuda
2026-04-23 19:42:35 KST | INFO | Secure mode: ✓ ENABLED
2026-04-23 19:42:35 KST | INFO | 
2026-04-23 19:42:35 KST | INFO | --------------------------------------------------------------------------------
2026-04-23 19:42:35 KST | INFO | NETWORK SETUP
2026-04-23 19:42:35 KST | INFO | --------------------------------------------------------------------------------
2026-04-23 19:42:35 KST | INFO | ✓ Orchestrator listening on 127.0.0.1:8080
2026-04-23 19:42:35 KST | INFO | ✓ Helper node on 127.0.0.1:8082
2026-04-23 19:42:35 KST | INFO | 
2026-04-23 19:42:35 KST | INFO | Waiting for helper node...
2026-04-23 19:42:37 KST | INFO | ✓ Helper node connected
2026-04-23 19:42:37 KST | INFO | ✓ Noise config sent to helper (activation: 2.0%, gradient: 10.0%)
2026-04-23 19:42:37 KST | INFO | 
2026-04-23 19:42:37 KST | INFO | Waiting for 9 node(s)...
2026-04-23 19:42:42 KST | INFO |   ✓ Node 1/9 connected
2026-04-23 19:42:43 KST | INFO |   ✓ Node 2/9 connected
2026-04-23 19:42:44 KST | INFO |   ✓ Node 3/9 connected
2026-04-23 19:42:45 KST | INFO |   ✓ Node 4/9 connected
2026-04-23 19:42:46 KST | INFO |   ✓ Node 5/9 connected
2026-04-23 19:42:47 KST | INFO |   ✓ Node 6/9 connected
2026-04-23 19:42:48 KST | INFO |   ✓ Node 7/9 connected
2026-04-23 19:42:49 KST | INFO |   ✓ Node 8/9 connected
2026-04-23 19:42:50 KST | INFO |   ✓ Node 9/9 connected
2026-04-23 19:42:50 KST | INFO | ✓ All 9 node(s) connected
2026-04-23 19:42:50 KST | INFO | 
2026-04-23 19:42:50 KST | INFO | --------------------------------------------------------------------------------
2026-04-23 19:42:50 KST | INFO | MODEL INITIALIZATION
2026-04-23 19:42:50 KST | INFO | --------------------------------------------------------------------------------
2026-04-23 19:42:50 KST | INFO | Node-side parameters: 3,243,072
2026-04-23 19:42:50 KST | INFO | 
2026-04-23 19:42:50 KST | INFO | --------------------------------------------------------------------------------
2026-04-23 19:42:50 KST | INFO | BROADCASTING CONFIGURATION
2026-04-23 19:42:50 KST | INFO | --------------------------------------------------------------------------------
2026-04-23 19:42:50 KST | INFO | ✓ Configuration broadcast to all nodes
2026-04-23 19:42:52 KST | INFO | 
2026-04-23 19:42:52 KST | INFO | Total parameters:     3,247,689
2026-04-23 19:42:52 KST | INFO | Trainable parameters: 3,247,689
2026-04-23 19:42:52 KST | INFO | 
2026-04-23 19:42:52 KST | INFO | --------------------------------------------------------------------------------
2026-04-23 19:42:52 KST | INFO | DATA LOADING
2026-04-23 19:42:52 KST | INFO | --------------------------------------------------------------------------------
2026-04-23 19:43:18 KST | INFO | ✓ Dataset information collected:
2026-04-23 19:43:18 KST | INFO |     Node 1: 5,000 samples
2026-04-23 19:43:18 KST | INFO |     Node 2: 5,000 samples
2026-04-23 19:43:18 KST | INFO |     Node 3: 5,000 samples
2026-04-23 19:43:18 KST | INFO |     Node 4: 5,000 samples
2026-04-23 19:43:18 KST | INFO |     Node 5: 5,000 samples
2026-04-23 19:43:18 KST | INFO |     Node 6: 5,000 samples
2026-04-23 19:43:18 KST | INFO |     Node 7: 5,000 samples
2026-04-23 19:43:18 KST | INFO |     Node 8: 5,000 samples
2026-04-23 19:43:18 KST | INFO |     Node 9: 5,000 samples
2026-04-23 19:43:18 KST | INFO |   Total training samples: 45,000
2026-04-23 19:43:18 KST | INFO | 
2026-04-23 19:43:21 KST | INFO | ✓ Test dataset loaded: 9,000 samples
2026-04-23 19:43:21 KST | INFO | 
2026-04-23 19:43:21 KST | INFO | ✓ Batch scheduler: 352 batches/epoch
2026-04-23 19:43:21 KST | INFO | 
2026-04-23 19:43:21 KST | INFO | --------------------------------------------------------------------------------
2026-04-23 19:43:21 KST | INFO | OPTIMIZATION SETUP
2026-04-23 19:43:21 KST | INFO | --------------------------------------------------------------------------------
2026-04-23 19:43:21 KST | INFO | ✓ Optimizer: SGD (lr=0.1, momentum=0.9)
2026-04-23 19:43:21 KST | INFO | ✓ Scheduler: cosine
2026-04-23 19:43:21 KST | INFO | ✓ Gradient clipping: 1.0
2026-04-23 19:43:21 KST | INFO | 
2026-04-23 19:43:21 KST | INFO | ================================================================================
2026-04-23 19:43:21 KST | INFO | Setup complete - Ready for training
2026-04-23 19:43:21 KST | INFO | ================================================================================
2026-04-23 19:43:21 KST | INFO | 
2026-04-23 19:43:21 KST | INFO | --------------------------------------------------------------------------------
2026-04-23 19:43:21 KST | INFO | TRAINING
2026-04-23 19:43:21 KST | INFO | --------------------------------------------------------------------------------
2026-04-23 19:43:21 KST | INFO | 
2026-04-23 19:43:21 KST | INFO | Epoch 1/200 | LR: 0.100000
2026-04-23 19:55:15 KST | INFO |   Train Loss: 1.6663 | Test Loss: 0.0051 | Test Acc: 52.73%
2026-04-23 19:55:15 KST | INFO |   🏆 New best accuracy: 52.73%
2026-04-23 19:55:15 KST | INFO | 
2026-04-23 19:55:15 KST | INFO | Epoch 2/200 | LR: 0.099994
2026-04-23 20:07:04 KST | INFO |   Train Loss: 1.2218 | Test Loss: 0.0040 | Test Acc: 63.01%
2026-04-23 20:07:04 KST | INFO |   🏆 New best accuracy: 63.01%
2026-04-23 20:07:04 KST | INFO | 
2026-04-23 20:07:04 KST | INFO | Epoch 3/200 | LR: 0.099975
2026-04-23 20:18:37 KST | INFO |   Train Loss: 0.9861 | Test Loss: 0.0036 | Test Acc: 68.58%
2026-04-23 20:18:37 KST | INFO |   🏆 New best accuracy: 68.58%
2026-04-23 20:18:37 KST | INFO | 
2026-04-23 20:18:37 KST | INFO | Epoch 4/200 | LR: 0.099944
2026-04-23 20:30:28 KST | INFO |   Train Loss: 0.8441 | Test Loss: 0.0033 | Test Acc: 71.59%
2026-04-23 20:30:28 KST | INFO |   🏆 New best accuracy: 71.59%
2026-04-23 20:30:28 KST | INFO | 
2026-04-23 20:30:28 KST | INFO | Epoch 5/200 | LR: 0.099901
2026-04-23 20:42:13 KST | INFO |   Train Loss: 0.7532 | Test Loss: 0.0032 | Test Acc: 72.67%
2026-04-23 20:42:13 KST | INFO |   🏆 New best accuracy: 72.67%
2026-04-23 20:42:13 KST | INFO | 
2026-04-23 20:42:13 KST | INFO | Epoch 6/200 | LR: 0.099846
2026-04-23 20:55:34 KST | INFO |   Train Loss: 0.6928 | Test Loss: 0.0028 | Test Acc: 76.54%
2026-04-23 20:55:34 KST | INFO |   🏆 New best accuracy: 76.54%
2026-04-23 20:55:34 KST | INFO | 
2026-04-23 20:55:34 KST | INFO | Epoch 7/200 | LR: 0.099778
2026-04-23 21:07:43 KST | INFO |   Train Loss: 0.6440 | Test Loss: 0.0029 | Test Acc: 75.50%
2026-04-23 21:07:43 KST | INFO |   No improvement (1/30)
2026-04-23 21:07:43 KST | INFO | 
2026-04-23 21:07:43 KST | INFO | Epoch 8/200 | LR: 0.099698
2026-04-23 21:19:57 KST | INFO |   Train Loss: 0.6076 | Test Loss: 0.0026 | Test Acc: 77.16%
2026-04-23 21:19:57 KST | INFO |   🏆 New best accuracy: 77.16%
2026-04-23 21:19:57 KST | INFO | 
2026-04-23 21:19:57 KST | INFO | Epoch 9/200 | LR: 0.099606
2026-04-23 21:32:02 KST | INFO |   Train Loss: 0.5777 | Test Loss: 0.0022 | Test Acc: 81.52%
2026-04-23 21:32:02 KST | INFO |   🏆 New best accuracy: 81.52%
2026-04-23 21:32:02 KST | INFO | 
2026-04-23 21:32:02 KST | INFO | Epoch 10/200 | LR: 0.099501
2026-04-23 21:44:00 KST | INFO |   Train Loss: 0.5520 | Test Loss: 0.0022 | Test Acc: 80.70%
2026-04-23 21:44:00 KST | INFO |   No improvement (1/30)
2026-04-23 21:44:00 KST | INFO | 
2026-04-23 21:44:00 KST | INFO | Epoch 11/200 | LR: 0.099384
2026-04-23 21:55:45 KST | INFO |   Train Loss: 0.5342 | Test Loss: 0.0025 | Test Acc: 79.20%
2026-04-23 21:55:45 KST | INFO |   No improvement (2/30)
2026-04-23 21:55:45 KST | INFO | 
2026-04-23 21:55:45 KST | INFO | Epoch 12/200 | LR: 0.099255
2026-04-23 22:07:52 KST | INFO |   Train Loss: 0.5102 | Test Loss: 0.0022 | Test Acc: 81.89%
2026-04-23 22:07:52 KST | INFO |   🏆 New best accuracy: 81.89%
2026-04-23 22:07:52 KST | INFO | 
2026-04-23 22:07:52 KST | INFO | Epoch 13/200 | LR: 0.099114
2026-04-23 22:19:43 KST | INFO |   Train Loss: 0.4945 | Test Loss: 0.0019 | Test Acc: 84.33%
2026-04-23 22:19:43 KST | INFO |   🏆 New best accuracy: 84.33%
2026-04-23 22:19:43 KST | INFO | 
2026-04-23 22:19:43 KST | INFO | Epoch 14/200 | LR: 0.098961
2026-04-23 22:31:33 KST | INFO |   Train Loss: 0.4819 | Test Loss: 0.0020 | Test Acc: 83.00%
2026-04-23 22:31:33 KST | INFO |   No improvement (1/30)
2026-04-23 22:31:33 KST | INFO | 
2026-04-23 22:31:33 KST | INFO | Epoch 15/200 | LR: 0.098796
2026-04-23 22:43:22 KST | INFO |   Train Loss: 0.4694 | Test Loss: 0.0020 | Test Acc: 83.57%
2026-04-23 22:43:22 KST | INFO |   No improvement (2/30)
2026-04-23 22:43:22 KST | INFO | 
2026-04-23 22:43:22 KST | INFO | Epoch 16/200 | LR: 0.098619
2026-04-23 22:55:37 KST | INFO |   Train Loss: 0.4554 | Test Loss: 0.0018 | Test Acc: 84.62%
2026-04-23 22:55:37 KST | INFO |   🏆 New best accuracy: 84.62%
2026-04-23 22:55:37 KST | INFO | 
2026-04-23 22:55:37 KST | INFO | Epoch 17/200 | LR: 0.098429
2026-04-23 23:07:51 KST | INFO |   Train Loss: 0.4460 | Test Loss: 0.0019 | Test Acc: 83.56%
2026-04-23 23:07:51 KST | INFO |   No improvement (1/30)
2026-04-23 23:07:51 KST | INFO | 
2026-04-23 23:07:51 KST | INFO | Epoch 18/200 | LR: 0.098228
2026-04-23 23:20:19 KST | INFO |   Train Loss: 0.4378 | Test Loss: 0.0018 | Test Acc: 84.70%
2026-04-23 23:20:19 KST | INFO |   🏆 New best accuracy: 84.70%
2026-04-23 23:20:19 KST | INFO | 
2026-04-23 23:20:19 KST | INFO | Epoch 19/200 | LR: 0.098015
2026-04-23 23:32:30 KST | INFO |   Train Loss: 0.4271 | Test Loss: 0.0017 | Test Acc: 85.62%
2026-04-23 23:32:30 KST | INFO |   🏆 New best accuracy: 85.62%
2026-04-23 23:32:30 KST | INFO | 
2026-04-23 23:32:30 KST | INFO | Epoch 20/200 | LR: 0.097790
2026-04-23 23:44:34 KST | INFO |   Train Loss: 0.4170 | Test Loss: 0.0017 | Test Acc: 85.33%
2026-04-23 23:44:34 KST | INFO |   No improvement (1/30)
2026-04-23 23:44:34 KST | INFO | 
2026-04-23 23:44:34 KST | INFO | Epoch 21/200 | LR: 0.097553
2026-04-23 23:56:40 KST | INFO |   Train Loss: 0.4142 | Test Loss: 0.0018 | Test Acc: 84.34%
2026-04-23 23:56:40 KST | INFO |   No improvement (2/30)
2026-04-23 23:56:40 KST | INFO | 
2026-04-23 23:56:40 KST | INFO | Epoch 22/200 | LR: 0.097304
2026-04-24 00:08:36 KST | INFO |   Train Loss: 0.4057 | Test Loss: 0.0027 | Test Acc: 79.04%
2026-04-24 00:08:36 KST | INFO |   No improvement (3/30)
2026-04-24 00:08:36 KST | INFO | 
2026-04-24 00:08:36 KST | INFO | Epoch 23/200 | LR: 0.097044
2026-04-24 00:20:39 KST | INFO |   Train Loss: 0.4006 | Test Loss: 0.0018 | Test Acc: 85.01%
2026-04-24 00:20:39 KST | INFO |   No improvement (4/30)
2026-04-24 00:20:39 KST | INFO | 
2026-04-24 00:20:39 KST | INFO | Epoch 24/200 | LR: 0.096772
2026-04-24 00:32:17 KST | INFO |   Train Loss: 0.3933 | Test Loss: 0.0017 | Test Acc: 85.51%
2026-04-24 00:32:17 KST | INFO |   No improvement (5/30)
2026-04-24 00:32:17 KST | INFO | 
2026-04-24 00:32:17 KST | INFO | Epoch 25/200 | LR: 0.096489
2026-04-24 00:44:03 KST | INFO |   Train Loss: 0.3939 | Test Loss: 0.0017 | Test Acc: 86.27%
2026-04-24 00:44:03 KST | INFO |   🏆 New best accuracy: 86.27%
2026-04-24 00:44:03 KST | INFO | 
2026-04-24 00:44:03 KST | INFO | Epoch 26/200 | LR: 0.096194
2026-04-24 00:55:50 KST | INFO |   Train Loss: 0.3810 | Test Loss: 0.0020 | Test Acc: 83.89%
2026-04-24 00:55:50 KST | INFO |   No improvement (1/30)
2026-04-24 00:55:50 KST | INFO | 
2026-04-24 00:55:50 KST | INFO | Epoch 27/200 | LR: 0.095888
2026-04-24 01:07:38 KST | INFO |   Train Loss: 0.3816 | Test Loss: 0.0018 | Test Acc: 84.91%
2026-04-24 01:07:38 KST | INFO |   No improvement (2/30)
2026-04-24 01:07:38 KST | INFO | 
2026-04-24 01:07:38 KST | INFO | Epoch 28/200 | LR: 0.095570
2026-04-24 01:19:40 KST | INFO |   Train Loss: 0.3746 | Test Loss: 0.0018 | Test Acc: 85.64%
2026-04-24 01:19:40 KST | INFO |   No improvement (3/30)
2026-04-24 01:19:40 KST | INFO | 
2026-04-24 01:19:40 KST | INFO | Epoch 29/200 | LR: 0.095241
2026-04-24 01:32:15 KST | INFO |   Train Loss: 0.3708 | Test Loss: 0.0018 | Test Acc: 85.52%
2026-04-24 01:32:15 KST | INFO |   No improvement (4/30)
2026-04-24 01:32:15 KST | INFO | 
2026-04-24 01:32:15 KST | INFO | Epoch 30/200 | LR: 0.094901
2026-04-24 01:43:55 KST | INFO |   Train Loss: 0.3654 | Test Loss: 0.0017 | Test Acc: 85.59%
2026-04-24 01:43:55 KST | INFO |   No improvement (5/30)
2026-04-24 01:43:55 KST | INFO | 
2026-04-24 01:43:55 KST | INFO | Epoch 31/200 | LR: 0.094550
2026-04-24 01:55:33 KST | INFO |   Train Loss: 0.3657 | Test Loss: 0.0016 | Test Acc: 86.49%
2026-04-24 01:55:33 KST | INFO |   🏆 New best accuracy: 86.49%
2026-04-24 01:55:33 KST | INFO | 
2026-04-24 01:55:33 KST | INFO | Epoch 32/200 | LR: 0.094188
2026-04-24 02:06:58 KST | INFO |   Train Loss: 0.3581 | Test Loss: 0.0018 | Test Acc: 84.96%
2026-04-24 02:06:58 KST | INFO |   No improvement (1/30)
2026-04-24 02:06:58 KST | INFO | 
2026-04-24 02:06:58 KST | INFO | Epoch 33/200 | LR: 0.093815
2026-04-24 02:18:11 KST | INFO |   Train Loss: 0.3543 | Test Loss: 0.0017 | Test Acc: 85.67%
2026-04-24 02:18:11 KST | INFO |   No improvement (2/30)
2026-04-24 02:18:11 KST | INFO | 
2026-04-24 02:18:11 KST | INFO | Epoch 34/200 | LR: 0.093432
2026-04-24 02:29:59 KST | INFO |   Train Loss: 0.3561 | Test Loss: 0.0016 | Test Acc: 86.13%
2026-04-24 02:29:59 KST | INFO |   No improvement (3/30)
2026-04-24 02:29:59 KST | INFO | 
2026-04-24 02:29:59 KST | INFO | Epoch 35/200 | LR: 0.093037
2026-04-24 02:41:42 KST | INFO |   Train Loss: 0.3475 | Test Loss: 0.0018 | Test Acc: 85.69%
2026-04-24 02:41:42 KST | INFO |   No improvement (4/30)
2026-04-24 02:41:42 KST | INFO | 
2026-04-24 02:41:42 KST | INFO | Epoch 36/200 | LR: 0.092632
2026-04-24 02:53:19 KST | INFO |   Train Loss: 0.3446 | Test Loss: 0.0016 | Test Acc: 86.76%
2026-04-24 02:53:19 KST | INFO |   🏆 New best accuracy: 86.76%
2026-04-24 02:53:19 KST | INFO | 
2026-04-24 02:53:19 KST | INFO | Epoch 37/200 | LR: 0.092216
2026-04-24 03:05:04 KST | INFO |   Train Loss: 0.3399 | Test Loss: 0.0021 | Test Acc: 83.06%
2026-04-24 03:05:04 KST | INFO |   No improvement (1/30)
2026-04-24 03:05:04 KST | INFO | 
2026-04-24 03:05:04 KST | INFO | Epoch 38/200 | LR: 0.091790
2026-04-24 03:16:42 KST | INFO |   Train Loss: 0.3373 | Test Loss: 0.0016 | Test Acc: 86.51%
2026-04-24 03:16:42 KST | INFO |   No improvement (2/30)
2026-04-24 03:16:42 KST | INFO | 
2026-04-24 03:16:42 KST | INFO | Epoch 39/200 | LR: 0.091354
2026-04-24 03:28:14 KST | INFO |   Train Loss: 0.3365 | Test Loss: 0.0015 | Test Acc: 87.46%
2026-04-24 03:28:14 KST | INFO |   🏆 New best accuracy: 87.46%
2026-04-24 03:28:14 KST | INFO | 
2026-04-24 03:28:14 KST | INFO | Epoch 40/200 | LR: 0.090908
2026-04-24 03:39:49 KST | INFO |   Train Loss: 0.3372 | Test Loss: 0.0015 | Test Acc: 87.30%
2026-04-24 03:39:49 KST | INFO |   No improvement (1/30)
2026-04-24 03:39:49 KST | INFO | 
2026-04-24 03:39:49 KST | INFO | Epoch 41/200 | LR: 0.090451
2026-04-24 03:51:37 KST | INFO |   Train Loss: 0.3289 | Test Loss: 0.0018 | Test Acc: 84.34%
2026-04-24 03:51:37 KST | INFO |   No improvement (2/30)
2026-04-24 03:51:37 KST | INFO | 
2026-04-24 03:51:37 KST | INFO | Epoch 42/200 | LR: 0.089984
2026-04-24 04:03:11 KST | INFO |   Train Loss: 0.3309 | Test Loss: 0.0019 | Test Acc: 84.30%
2026-04-24 04:03:11 KST | INFO |   No improvement (3/30)
2026-04-24 04:03:11 KST | INFO | 
2026-04-24 04:03:11 KST | INFO | Epoch 43/200 | LR: 0.089508
2026-04-24 04:14:53 KST | INFO |   Train Loss: 0.3216 | Test Loss: 0.0015 | Test Acc: 87.67%
2026-04-24 04:14:53 KST | INFO |   🏆 New best accuracy: 87.67%
2026-04-24 04:14:53 KST | INFO | 
2026-04-24 04:14:53 KST | INFO | Epoch 44/200 | LR: 0.089022
2026-04-24 04:26:49 KST | INFO |   Train Loss: 0.3214 | Test Loss: 0.0018 | Test Acc: 85.89%
2026-04-24 04:26:49 KST | INFO |   No improvement (1/30)
2026-04-24 04:26:49 KST | INFO | 
2026-04-24 04:26:49 KST | INFO | Epoch 45/200 | LR: 0.088526
2026-04-24 04:38:32 KST | INFO |   Train Loss: 0.3175 | Test Loss: 0.0016 | Test Acc: 86.74%
2026-04-24 04:38:32 KST | INFO |   No improvement (2/30)
2026-04-24 04:38:32 KST | INFO | 
2026-04-24 04:38:32 KST | INFO | Epoch 46/200 | LR: 0.088020
2026-04-24 04:50:14 KST | INFO |   Train Loss: 0.3133 | Test Loss: 0.0016 | Test Acc: 86.81%
2026-04-24 04:50:14 KST | INFO |   No improvement (3/30)
2026-04-24 04:50:14 KST | INFO | 
2026-04-24 04:50:14 KST | INFO | Epoch 47/200 | LR: 0.087506
2026-04-24 05:02:01 KST | INFO |   Train Loss: 0.3116 | Test Loss: 0.0018 | Test Acc: 86.00%
2026-04-24 05:02:01 KST | INFO |   No improvement (4/30)
2026-04-24 05:02:01 KST | INFO | 
2026-04-24 05:02:01 KST | INFO | Epoch 48/200 | LR: 0.086982
2026-04-24 05:13:31 KST | INFO |   Train Loss: 0.3139 | Test Loss: 0.0015 | Test Acc: 87.32%
2026-04-24 05:13:31 KST | INFO |   No improvement (5/30)
2026-04-24 05:13:31 KST | INFO | 
2026-04-24 05:13:31 KST | INFO | Epoch 49/200 | LR: 0.086449
2026-04-24 05:25:19 KST | INFO |   Train Loss: 0.3087 | Test Loss: 0.0017 | Test Acc: 85.51%
2026-04-24 05:25:19 KST | INFO |   No improvement (6/30)
2026-04-24 05:25:19 KST | INFO | 
2026-04-24 05:25:19 KST | INFO | Epoch 50/200 | LR: 0.085906
2026-04-24 05:36:48 KST | INFO |   Train Loss: 0.3077 | Test Loss: 0.0017 | Test Acc: 86.06%
2026-04-24 05:36:48 KST | INFO |   No improvement (7/30)
2026-04-24 05:36:48 KST | INFO | 
2026-04-24 05:36:48 KST | INFO | Epoch 51/200 | LR: 0.085355
2026-04-24 05:48:40 KST | INFO |   Train Loss: 0.3051 | Test Loss: 0.0014 | Test Acc: 88.32%
2026-04-24 05:48:40 KST | INFO |   🏆 New best accuracy: 88.32%
2026-04-24 05:48:40 KST | INFO | 
2026-04-24 05:48:40 KST | INFO | Epoch 52/200 | LR: 0.084796
2026-04-24 06:00:18 KST | INFO |   Train Loss: 0.3054 | Test Loss: 0.0019 | Test Acc: 85.12%
2026-04-24 06:00:18 KST | INFO |   No improvement (1/30)
2026-04-24 06:00:18 KST | INFO | 
2026-04-24 06:00:18 KST | INFO | Epoch 53/200 | LR: 0.084228
2026-04-24 06:12:01 KST | INFO |   Train Loss: 0.2970 | Test Loss: 0.0016 | Test Acc: 87.28%
2026-04-24 06:12:01 KST | INFO |   No improvement (2/30)
2026-04-24 06:12:01 KST | INFO | 
2026-04-24 06:12:01 KST | INFO | Epoch 54/200 | LR: 0.083651
2026-04-24 06:23:41 KST | INFO |   Train Loss: 0.2980 | Test Loss: 0.0016 | Test Acc: 86.74%
2026-04-24 06:23:41 KST | INFO |   No improvement (3/30)
2026-04-24 06:23:41 KST | INFO | 
2026-04-24 06:23:41 KST | INFO | Epoch 55/200 | LR: 0.083066
2026-04-24 06:35:15 KST | INFO |   Train Loss: 0.2952 | Test Loss: 0.0015 | Test Acc: 87.97%
2026-04-24 06:35:15 KST | INFO |   No improvement (4/30)
2026-04-24 06:35:15 KST | INFO | 
2026-04-24 06:35:15 KST | INFO | Epoch 56/200 | LR: 0.082473
2026-04-24 06:46:44 KST | INFO |   Train Loss: 0.2958 | Test Loss: 0.0016 | Test Acc: 87.31%
2026-04-24 06:46:44 KST | INFO |   No improvement (5/30)
2026-04-24 06:46:44 KST | INFO | 
2026-04-24 06:46:44 KST | INFO | Epoch 57/200 | LR: 0.081871
2026-04-24 06:58:27 KST | INFO |   Train Loss: 0.2936 | Test Loss: 0.0017 | Test Acc: 86.48%
2026-04-24 06:58:27 KST | INFO |   No improvement (6/30)
2026-04-24 06:58:27 KST | INFO | 
2026-04-24 06:58:27 KST | INFO | Epoch 58/200 | LR: 0.081262
2026-04-24 07:10:18 KST | INFO |   Train Loss: 0.2876 | Test Loss: 0.0014 | Test Acc: 88.74%
2026-04-24 07:10:18 KST | INFO |   🏆 New best accuracy: 88.74%
2026-04-24 07:10:18 KST | INFO | 
2026-04-24 07:10:18 KST | INFO | Epoch 59/200 | LR: 0.080646
2026-04-24 07:22:11 KST | INFO |   Train Loss: 0.2842 | Test Loss: 0.0018 | Test Acc: 85.58%
2026-04-24 07:22:11 KST | INFO |   No improvement (1/30)
2026-04-24 07:22:11 KST | INFO | 
2026-04-24 07:22:11 KST | INFO | Epoch 60/200 | LR: 0.080021
2026-04-24 07:34:02 KST | INFO |   Train Loss: 0.2889 | Test Loss: 0.0015 | Test Acc: 88.00%
2026-04-24 07:34:02 KST | INFO |   No improvement (2/30)
2026-04-24 07:34:02 KST | INFO | 
2026-04-24 07:34:02 KST | INFO | Epoch 61/200 | LR: 0.079389
2026-04-24 07:46:03 KST | INFO |   Train Loss: 0.2841 | Test Loss: 0.0019 | Test Acc: 84.19%
2026-04-24 07:46:03 KST | INFO |   No improvement (3/30)
2026-04-24 07:46:03 KST | INFO | 
2026-04-24 07:46:03 KST | INFO | Epoch 62/200 | LR: 0.078750
2026-04-24 07:58:20 KST | INFO |   Train Loss: 0.2813 | Test Loss: 0.0015 | Test Acc: 87.72%
2026-04-24 07:58:20 KST | INFO |   No improvement (4/30)
2026-04-24 07:58:20 KST | INFO | 
2026-04-24 07:58:20 KST | INFO | Epoch 63/200 | LR: 0.078104
2026-04-24 08:10:12 KST | INFO |   Train Loss: 0.2738 | Test Loss: 0.0016 | Test Acc: 86.74%
2026-04-24 08:10:12 KST | INFO |   No improvement (5/30)
2026-04-24 08:10:12 KST | INFO | 
2026-04-24 08:10:12 KST | INFO | Epoch 64/200 | LR: 0.077451
2026-04-24 08:21:56 KST | INFO |   Train Loss: 0.2774 | Test Loss: 0.0018 | Test Acc: 85.86%
2026-04-24 08:21:56 KST | INFO |   No improvement (6/30)
2026-04-24 08:21:56 KST | INFO | 
2026-04-24 08:21:56 KST | INFO | Epoch 65/200 | LR: 0.076792
2026-04-24 08:33:27 KST | INFO |   Train Loss: 0.2781 | Test Loss: 0.0014 | Test Acc: 88.84%
2026-04-24 08:33:27 KST | INFO |   🏆 New best accuracy: 88.84%
2026-04-24 08:33:27 KST | INFO | 
2026-04-24 08:33:27 KST | INFO | Epoch 66/200 | LR: 0.076125
2026-04-24 08:45:07 KST | INFO |   Train Loss: 0.2687 | Test Loss: 0.0016 | Test Acc: 86.84%
2026-04-24 08:45:07 KST | INFO |   No improvement (1/30)
2026-04-24 08:45:07 KST | INFO | 
2026-04-24 08:45:07 KST | INFO | Epoch 67/200 | LR: 0.075452
2026-04-24 08:56:45 KST | INFO |   Train Loss: 0.2710 | Test Loss: 0.0017 | Test Acc: 85.97%
2026-04-24 08:56:45 KST | INFO |   No improvement (2/30)
2026-04-24 08:56:45 KST | INFO | 
2026-04-24 08:56:45 KST | INFO | Epoch 68/200 | LR: 0.074773
2026-04-24 09:08:01 KST | INFO |   Train Loss: 0.2678 | Test Loss: 0.0015 | Test Acc: 87.57%
2026-04-24 09:08:01 KST | INFO |   No improvement (3/30)
2026-04-24 09:08:01 KST | INFO | 
2026-04-24 09:08:01 KST | INFO | Epoch 69/200 | LR: 0.074088
2026-04-24 09:19:39 KST | INFO |   Train Loss: 0.2652 | Test Loss: 0.0015 | Test Acc: 87.58%
2026-04-24 09:19:39 KST | INFO |   No improvement (4/30)
2026-04-24 09:19:39 KST | INFO | 
2026-04-24 09:19:39 KST | INFO | Epoch 70/200 | LR: 0.073397
2026-04-24 09:31:14 KST | INFO |   Train Loss: 0.2665 | Test Loss: 0.0014 | Test Acc: 88.84%
2026-04-24 09:31:14 KST | INFO |   No improvement (5/30)
2026-04-24 09:31:14 KST | INFO | 
2026-04-24 09:31:14 KST | INFO | Epoch 71/200 | LR: 0.072700
2026-04-24 09:43:02 KST | INFO |   Train Loss: 0.2619 | Test Loss: 0.0015 | Test Acc: 88.16%
2026-04-24 09:43:02 KST | INFO |   No improvement (6/30)
2026-04-24 09:43:02 KST | INFO | 
2026-04-24 09:43:02 KST | INFO | Epoch 72/200 | LR: 0.071997
2026-04-24 09:54:39 KST | INFO |   Train Loss: 0.2603 | Test Loss: 0.0016 | Test Acc: 87.16%
2026-04-24 09:54:39 KST | INFO |   No improvement (7/30)
2026-04-24 09:54:39 KST | INFO | 
2026-04-24 09:54:39 KST | INFO | Epoch 73/200 | LR: 0.071289
2026-04-24 10:06:49 KST | INFO |   Train Loss: 0.2563 | Test Loss: 0.0015 | Test Acc: 87.91%
2026-04-24 10:06:49 KST | INFO |   No improvement (8/30)
2026-04-24 10:06:49 KST | INFO | 
2026-04-24 10:06:49 KST | INFO | Epoch 74/200 | LR: 0.070576
2026-04-24 10:18:40 KST | INFO |   Train Loss: 0.2554 | Test Loss: 0.0014 | Test Acc: 88.00%
2026-04-24 10:18:40 KST | INFO |   No improvement (9/30)
2026-04-24 10:18:40 KST | INFO | 
2026-04-24 10:18:40 KST | INFO | Epoch 75/200 | LR: 0.069858
2026-04-24 10:30:25 KST | INFO |   Train Loss: 0.2494 | Test Loss: 0.0014 | Test Acc: 88.60%
2026-04-24 10:30:25 KST | INFO |   No improvement (10/30)
2026-04-24 10:30:25 KST | INFO | 
2026-04-24 10:30:25 KST | INFO | Epoch 76/200 | LR: 0.069134
2026-04-24 10:41:51 KST | INFO |   Train Loss: 0.2484 | Test Loss: 0.0015 | Test Acc: 87.81%
2026-04-24 10:41:51 KST | INFO |   No improvement (11/30)
2026-04-24 10:41:51 KST | INFO | 
2026-04-24 10:41:51 KST | INFO | Epoch 77/200 | LR: 0.068407
2026-04-24 10:53:25 KST | INFO |   Train Loss: 0.2433 | Test Loss: 0.0014 | Test Acc: 88.60%
2026-04-24 10:53:25 KST | INFO |   No improvement (12/30)
2026-04-24 10:53:25 KST | INFO | 
2026-04-24 10:53:25 KST | INFO | Epoch 78/200 | LR: 0.067674
2026-04-24 11:04:59 KST | INFO |   Train Loss: 0.2428 | Test Loss: 0.0014 | Test Acc: 88.08%
2026-04-24 11:04:59 KST | INFO |   No improvement (13/30)
2026-04-24 11:04:59 KST | INFO | 
2026-04-24 11:04:59 KST | INFO | Epoch 79/200 | LR: 0.066937
2026-04-24 11:16:47 KST | INFO |   Train Loss: 0.2419 | Test Loss: 0.0014 | Test Acc: 88.28%
2026-04-24 11:16:47 KST | INFO |   No improvement (14/30)
2026-04-24 11:16:47 KST | INFO | 
2026-04-24 11:16:47 KST | INFO | Epoch 80/200 | LR: 0.066196
2026-04-24 11:28:19 KST | INFO |   Train Loss: 0.2462 | Test Loss: 0.0014 | Test Acc: 88.99%
2026-04-24 11:28:19 KST | INFO |   🏆 New best accuracy: 88.99%
2026-04-24 11:28:19 KST | INFO | 
2026-04-24 11:28:19 KST | INFO | Epoch 81/200 | LR: 0.065451
2026-04-24 11:40:10 KST | INFO |   Train Loss: 0.2382 | Test Loss: 0.0016 | Test Acc: 87.11%
2026-04-24 11:40:10 KST | INFO |   No improvement (1/30)
2026-04-24 11:40:10 KST | INFO | 
2026-04-24 11:40:10 KST | INFO | Epoch 82/200 | LR: 0.064702
2026-04-24 11:52:00 KST | INFO |   Train Loss: 0.2341 | Test Loss: 0.0015 | Test Acc: 88.04%
2026-04-24 11:52:00 KST | INFO |   No improvement (2/30)
2026-04-24 11:52:00 KST | INFO | 
2026-04-24 11:52:00 KST | INFO | Epoch 83/200 | LR: 0.063950
2026-04-24 12:04:06 KST | INFO |   Train Loss: 0.2333 | Test Loss: 0.0016 | Test Acc: 86.84%
2026-04-24 12:04:06 KST | INFO |   No improvement (3/30)
2026-04-24 12:04:06 KST | INFO | 
2026-04-24 12:04:06 KST | INFO | Epoch 84/200 | LR: 0.063194
2026-04-24 12:16:01 KST | INFO |   Train Loss: 0.2325 | Test Loss: 0.0015 | Test Acc: 87.71%
2026-04-24 12:16:01 KST | INFO |   No improvement (4/30)
2026-04-24 12:16:01 KST | INFO | 
2026-04-24 12:16:01 KST | INFO | Epoch 85/200 | LR: 0.062435
2026-04-24 12:27:59 KST | INFO |   Train Loss: 0.2251 | Test Loss: 0.0013 | Test Acc: 89.10%
2026-04-24 12:27:59 KST | INFO |   🏆 New best accuracy: 89.10%
2026-04-24 12:27:59 KST | INFO | 
2026-04-24 12:27:59 KST | INFO | Epoch 86/200 | LR: 0.061673
2026-04-24 12:40:06 KST | INFO |   Train Loss: 0.2248 | Test Loss: 0.0014 | Test Acc: 88.89%
2026-04-24 12:40:06 KST | INFO |   No improvement (1/30)
2026-04-24 12:40:06 KST | INFO | 
2026-04-24 12:40:06 KST | INFO | Epoch 87/200 | LR: 0.060908
2026-04-24 12:51:50 KST | INFO |   Train Loss: 0.2259 | Test Loss: 0.0013 | Test Acc: 89.36%
2026-04-24 12:51:50 KST | INFO |   🏆 New best accuracy: 89.36%
2026-04-24 12:51:50 KST | INFO | 
2026-04-24 12:51:50 KST | INFO | Epoch 88/200 | LR: 0.060140
2026-04-24 13:03:58 KST | INFO |   Train Loss: 0.2197 | Test Loss: 0.0016 | Test Acc: 87.51%
2026-04-24 13:03:58 KST | INFO |   No improvement (1/30)
2026-04-24 13:03:58 KST | INFO | 
2026-04-24 13:03:58 KST | INFO | Epoch 89/200 | LR: 0.059369
2026-04-24 13:16:21 KST | INFO |   Train Loss: 0.2214 | Test Loss: 0.0015 | Test Acc: 87.60%
2026-04-24 13:16:21 KST | INFO |   No improvement (2/30)
2026-04-24 13:16:21 KST | INFO | 
2026-04-24 13:16:21 KST | INFO | Epoch 90/200 | LR: 0.058597
2026-04-24 13:28:30 KST | INFO |   Train Loss: 0.2176 | Test Loss: 0.0016 | Test Acc: 87.53%
2026-04-24 13:28:30 KST | INFO |   No improvement (3/30)
2026-04-24 13:28:30 KST | INFO | 
2026-04-24 13:28:30 KST | INFO | Epoch 91/200 | LR: 0.057822
2026-04-24 13:40:34 KST | INFO |   Train Loss: 0.2163 | Test Loss: 0.0013 | Test Acc: 89.36%
2026-04-24 13:40:34 KST | INFO |   No improvement (4/30)
2026-04-24 13:40:34 KST | INFO | 
2026-04-24 13:40:34 KST | INFO | Epoch 92/200 | LR: 0.057045
2026-04-24 13:52:31 KST | INFO |   Train Loss: 0.2081 | Test Loss: 0.0015 | Test Acc: 87.78%
2026-04-24 13:52:31 KST | INFO |   No improvement (5/30)
2026-04-24 13:52:31 KST | INFO | 
2026-04-24 13:52:31 KST | INFO | Epoch 93/200 | LR: 0.056267
2026-04-24 14:04:33 KST | INFO |   Train Loss: 0.2115 | Test Loss: 0.0013 | Test Acc: 89.12%
2026-04-24 14:04:33 KST | INFO |   No improvement (6/30)
2026-04-24 14:04:33 KST | INFO | 
2026-04-24 14:04:33 KST | INFO | Epoch 94/200 | LR: 0.055487
2026-04-24 14:16:29 KST | INFO |   Train Loss: 0.2089 | Test Loss: 0.0013 | Test Acc: 89.19%
2026-04-24 14:16:29 KST | INFO |   No improvement (7/30)
2026-04-24 14:16:29 KST | INFO | 
2026-04-24 14:16:29 KST | INFO | Epoch 95/200 | LR: 0.054706
2026-04-24 14:28:05 KST | INFO |   Train Loss: 0.2055 | Test Loss: 0.0015 | Test Acc: 88.33%
2026-04-24 14:28:05 KST | INFO |   No improvement (8/30)
2026-04-24 14:28:05 KST | INFO | 
2026-04-24 14:28:05 KST | INFO | Epoch 96/200 | LR: 0.053923
2026-04-24 14:39:55 KST | INFO |   Train Loss: 0.2005 | Test Loss: 0.0014 | Test Acc: 88.59%
2026-04-24 14:39:55 KST | INFO |   No improvement (9/30)
2026-04-24 14:39:55 KST | INFO | 
2026-04-24 14:39:55 KST | INFO | Epoch 97/200 | LR: 0.053140
2026-04-24 14:51:40 KST | INFO |   Train Loss: 0.1988 | Test Loss: 0.0013 | Test Acc: 89.20%
2026-04-24 14:51:40 KST | INFO |   No improvement (10/30)
2026-04-24 14:51:40 KST | INFO | 
2026-04-24 14:51:40 KST | INFO | Epoch 98/200 | LR: 0.052356
2026-04-24 15:03:16 KST | INFO |   Train Loss: 0.2020 | Test Loss: 0.0015 | Test Acc: 88.23%
2026-04-24 15:03:16 KST | INFO |   No improvement (11/30)
2026-04-24 15:03:16 KST | INFO | 
2026-04-24 15:03:16 KST | INFO | Epoch 99/200 | LR: 0.051571
2026-04-24 15:14:39 KST | INFO |   Train Loss: 0.1972 | Test Loss: 0.0014 | Test Acc: 88.18%
2026-04-24 15:14:39 KST | INFO |   No improvement (12/30)
2026-04-24 15:14:39 KST | INFO | 
2026-04-24 15:14:39 KST | INFO | Epoch 100/200 | LR: 0.050786
2026-04-24 15:26:19 KST | INFO |   Train Loss: 0.1932 | Test Loss: 0.0013 | Test Acc: 89.11%
2026-04-24 15:26:19 KST | INFO |   No improvement (13/30)
2026-04-24 15:26:19 KST | INFO | 
2026-04-24 15:26:19 KST | INFO | Epoch 101/200 | LR: 0.050001
2026-04-24 15:37:50 KST | INFO |   Train Loss: 0.1909 | Test Loss: 0.0014 | Test Acc: 88.72%
2026-04-24 15:37:50 KST | INFO |   No improvement (14/30)
2026-04-24 15:37:50 KST | INFO | 
2026-04-24 15:37:50 KST | INFO | Epoch 102/200 | LR: 0.049215
2026-04-24 15:49:37 KST | INFO |   Train Loss: 0.1885 | Test Loss: 0.0014 | Test Acc: 88.93%
2026-04-24 15:49:37 KST | INFO |   No improvement (15/30)
2026-04-24 15:49:37 KST | INFO | 
2026-04-24 15:49:37 KST | INFO | Epoch 103/200 | LR: 0.048430
2026-04-24 16:01:24 KST | INFO |   Train Loss: 0.1866 | Test Loss: 0.0014 | Test Acc: 88.93%
2026-04-24 16:01:24 KST | INFO |   No improvement (16/30)
2026-04-24 16:01:24 KST | INFO | 
2026-04-24 16:01:24 KST | INFO | Epoch 104/200 | LR: 0.047645
2026-04-24 16:13:08 KST | INFO |   Train Loss: 0.1833 | Test Loss: 0.0014 | Test Acc: 88.96%
2026-04-24 16:13:08 KST | INFO |   No improvement (17/30)
2026-04-24 16:13:08 KST | INFO | 
2026-04-24 16:13:08 KST | INFO | Epoch 105/200 | LR: 0.046861
2026-04-24 16:25:05 KST | INFO |   Train Loss: 0.1830 | Test Loss: 0.0013 | Test Acc: 89.33%
2026-04-24 16:25:05 KST | INFO |   No improvement (18/30)
2026-04-24 16:25:05 KST | INFO | 
2026-04-24 16:25:05 KST | INFO | Epoch 106/200 | LR: 0.046078
2026-04-24 16:37:04 KST | INFO |   Train Loss: 0.1798 | Test Loss: 0.0013 | Test Acc: 89.63%
2026-04-24 16:37:04 KST | INFO |   🏆 New best accuracy: 89.63%
2026-04-24 16:37:04 KST | INFO | 
2026-04-24 16:37:04 KST | INFO | Epoch 107/200 | LR: 0.045295
2026-04-24 16:49:04 KST | INFO |   Train Loss: 0.1773 | Test Loss: 0.0014 | Test Acc: 88.60%
2026-04-24 16:49:04 KST | INFO |   No improvement (1/30)
2026-04-24 16:49:04 KST | INFO | 
2026-04-24 16:49:04 KST | INFO | Epoch 108/200 | LR: 0.044514
2026-04-24 17:01:05 KST | INFO |   Train Loss: 0.1765 | Test Loss: 0.0012 | Test Acc: 90.02%
2026-04-24 17:01:05 KST | INFO |   🏆 New best accuracy: 90.02%
2026-04-24 17:01:05 KST | INFO | 
2026-04-24 17:01:05 KST | INFO | Epoch 109/200 | LR: 0.043734
2026-04-24 17:12:48 KST | INFO |   Train Loss: 0.1693 | Test Loss: 0.0012 | Test Acc: 90.46%
2026-04-24 17:12:48 KST | INFO |   🏆 New best accuracy: 90.46%
2026-04-24 17:12:48 KST | INFO | 
2026-04-24 17:12:48 KST | INFO | Epoch 110/200 | LR: 0.042956
2026-04-24 17:24:33 KST | INFO |   Train Loss: 0.1685 | Test Loss: 0.0013 | Test Acc: 89.47%
2026-04-24 17:24:33 KST | INFO |   No improvement (1/30)
2026-04-24 17:24:33 KST | INFO | 
2026-04-24 17:24:33 KST | INFO | Epoch 111/200 | LR: 0.042179
2026-04-24 17:36:22 KST | INFO |   Train Loss: 0.1708 | Test Loss: 0.0012 | Test Acc: 90.06%
2026-04-24 17:36:22 KST | INFO |   No improvement (2/30)
2026-04-24 17:36:22 KST | INFO | 
2026-04-24 17:36:22 KST | INFO | Epoch 112/200 | LR: 0.041404
2026-04-24 17:48:06 KST | INFO |   Train Loss: 0.1613 | Test Loss: 0.0014 | Test Acc: 88.81%
2026-04-24 17:48:06 KST | INFO |   No improvement (3/30)
2026-04-24 17:48:06 KST | INFO | 
2026-04-24 17:48:06 KST | INFO | Epoch 113/200 | LR: 0.040632
2026-04-24 17:59:50 KST | INFO |   Train Loss: 0.1658 | Test Loss: 0.0013 | Test Acc: 89.54%
2026-04-24 17:59:50 KST | INFO |   No improvement (4/30)
2026-04-24 17:59:50 KST | INFO | 
2026-04-24 17:59:50 KST | INFO | Epoch 114/200 | LR: 0.039861
2026-04-24 18:11:50 KST | INFO |   Train Loss: 0.1567 | Test Loss: 0.0014 | Test Acc: 89.84%
2026-04-24 18:11:50 KST | INFO |   No improvement (5/30)
2026-04-24 18:11:50 KST | INFO | 
2026-04-24 18:11:50 KST | INFO | Epoch 115/200 | LR: 0.039093
2026-04-24 18:23:43 KST | INFO |   Train Loss: 0.1570 | Test Loss: 0.0014 | Test Acc: 89.20%
2026-04-24 18:23:43 KST | INFO |   No improvement (6/30)
2026-04-24 18:23:43 KST | INFO | 
2026-04-24 18:23:43 KST | INFO | Epoch 116/200 | LR: 0.038328
2026-04-24 18:35:22 KST | INFO |   Train Loss: 0.1560 | Test Loss: 0.0014 | Test Acc: 89.09%
2026-04-24 18:35:22 KST | INFO |   No improvement (7/30)
2026-04-24 18:35:22 KST | INFO | 
2026-04-24 18:35:22 KST | INFO | Epoch 117/200 | LR: 0.037566
2026-04-24 18:47:10 KST | INFO |   Train Loss: 0.1580 | Test Loss: 0.0014 | Test Acc: 89.44%
2026-04-24 18:47:10 KST | INFO |   No improvement (8/30)
2026-04-24 18:47:10 KST | INFO | 
2026-04-24 18:47:10 KST | INFO | Epoch 118/200 | LR: 0.036807
2026-04-24 18:58:41 KST | INFO |   Train Loss: 0.1510 | Test Loss: 0.0013 | Test Acc: 89.81%
2026-04-24 18:58:41 KST | INFO |   No improvement (9/30)
2026-04-24 18:58:41 KST | INFO | 
2026-04-24 18:58:41 KST | INFO | Epoch 119/200 | LR: 0.036051
2026-04-24 19:10:09 KST | INFO |   Train Loss: 0.1450 | Test Loss: 0.0013 | Test Acc: 89.71%
2026-04-24 19:10:09 KST | INFO |   No improvement (10/30)
2026-04-24 19:10:09 KST | INFO | 
2026-04-24 19:10:09 KST | INFO | Epoch 120/200 | LR: 0.035299
2026-04-24 19:21:43 KST | INFO |   Train Loss: 0.1463 | Test Loss: 0.0013 | Test Acc: 89.71%
2026-04-24 19:21:43 KST | INFO |   No improvement (11/30)
2026-04-24 19:21:43 KST | INFO | 
2026-04-24 19:21:43 KST | INFO | Epoch 121/200 | LR: 0.034550
2026-04-24 19:33:20 KST | INFO |   Train Loss: 0.1424 | Test Loss: 0.0013 | Test Acc: 90.14%
2026-04-24 19:33:20 KST | INFO |   No improvement (12/30)
2026-04-24 19:33:20 KST | INFO | 
2026-04-24 19:33:20 KST | INFO | Epoch 122/200 | LR: 0.033805
2026-04-24 19:45:18 KST | INFO |   Train Loss: 0.1414 | Test Loss: 0.0014 | Test Acc: 89.69%
2026-04-24 19:45:18 KST | INFO |   No improvement (13/30)
2026-04-24 19:45:18 KST | INFO | 
2026-04-24 19:45:18 KST | INFO | Epoch 123/200 | LR: 0.033064
2026-04-24 19:56:58 KST | INFO |   Train Loss: 0.1385 | Test Loss: 0.0014 | Test Acc: 89.03%
2026-04-24 19:56:58 KST | INFO |   No improvement (14/30)
2026-04-24 19:56:58 KST | INFO | 
2026-04-24 19:56:58 KST | INFO | Epoch 124/200 | LR: 0.032327
2026-04-24 20:08:53 KST | INFO |   Train Loss: 0.1340 | Test Loss: 0.0015 | Test Acc: 89.02%
2026-04-24 20:08:53 KST | INFO |   No improvement (15/30)
2026-04-24 20:08:53 KST | INFO | 
2026-04-24 20:08:53 KST | INFO | Epoch 125/200 | LR: 0.031594
2026-04-24 20:20:59 KST | INFO |   Train Loss: 0.1336 | Test Loss: 0.0013 | Test Acc: 90.12%
2026-04-24 20:20:59 KST | INFO |   No improvement (16/30)
2026-04-24 20:20:59 KST | INFO | 
2026-04-24 20:20:59 KST | INFO | Epoch 126/200 | LR: 0.030867
2026-04-24 20:33:00 KST | INFO |   Train Loss: 0.1316 | Test Loss: 0.0015 | Test Acc: 88.73%
2026-04-24 20:33:00 KST | INFO |   No improvement (17/30)
2026-04-24 20:33:00 KST | INFO | 
2026-04-24 20:33:00 KST | INFO | Epoch 127/200 | LR: 0.030143
2026-04-24 20:44:54 KST | INFO |   Train Loss: 0.1272 | Test Loss: 0.0013 | Test Acc: 90.17%
2026-04-24 20:44:54 KST | INFO |   No improvement (18/30)
2026-04-24 20:44:54 KST | INFO | 
2026-04-24 20:44:54 KST | INFO | Epoch 128/200 | LR: 0.029425
2026-04-24 20:56:49 KST | INFO |   Train Loss: 0.1266 | Test Loss: 0.0012 | Test Acc: 90.97%
2026-04-24 20:56:49 KST | INFO |   🏆 New best accuracy: 90.97%
2026-04-24 20:56:49 KST | INFO | 
2026-04-24 20:56:49 KST | INFO | Epoch 129/200 | LR: 0.028712
2026-04-24 21:09:09 KST | INFO |   Train Loss: 0.1223 | Test Loss: 0.0013 | Test Acc: 89.82%
2026-04-24 21:09:09 KST | INFO |   No improvement (1/30)
2026-04-24 21:09:09 KST | INFO | 
2026-04-24 21:09:09 KST | INFO | Epoch 130/200 | LR: 0.028004
2026-04-24 21:21:26 KST | INFO |   Train Loss: 0.1201 | Test Loss: 0.0014 | Test Acc: 89.69%
2026-04-24 21:21:26 KST | INFO |   No improvement (2/30)
2026-04-24 21:21:26 KST | INFO | 
2026-04-24 21:21:26 KST | INFO | Epoch 131/200 | LR: 0.027301
2026-04-24 21:33:17 KST | INFO |   Train Loss: 0.1149 | Test Loss: 0.0013 | Test Acc: 90.01%
2026-04-24 21:33:17 KST | INFO |   No improvement (3/30)
2026-04-24 21:33:17 KST | INFO | 
2026-04-24 21:33:17 KST | INFO | Epoch 132/200 | LR: 0.026604
2026-04-24 21:44:57 KST | INFO |   Train Loss: 0.1149 | Test Loss: 0.0013 | Test Acc: 90.49%
2026-04-24 21:44:57 KST | INFO |   No improvement (4/30)
2026-04-24 21:44:57 KST | INFO | 
2026-04-24 21:44:57 KST | INFO | Epoch 133/200 | LR: 0.025913
2026-04-24 21:57:03 KST | INFO |   Train Loss: 0.1148 | Test Loss: 0.0013 | Test Acc: 90.28%
2026-04-24 21:57:03 KST | INFO |   No improvement (5/30)
2026-04-24 21:57:03 KST | INFO | 
2026-04-24 21:57:03 KST | INFO | Epoch 134/200 | LR: 0.025228
2026-04-24 22:08:59 KST | INFO |   Train Loss: 0.1115 | Test Loss: 0.0012 | Test Acc: 90.37%
2026-04-24 22:08:59 KST | INFO |   No improvement (6/30)
2026-04-24 22:08:59 KST | INFO | 
2026-04-24 22:08:59 KST | INFO | Epoch 135/200 | LR: 0.024549
2026-04-24 22:20:40 KST | INFO |   Train Loss: 0.1087 | Test Loss: 0.0012 | Test Acc: 90.48%
2026-04-24 22:20:40 KST | INFO |   No improvement (7/30)
2026-04-24 22:20:40 KST | INFO | 
2026-04-24 22:20:40 KST | INFO | Epoch 136/200 | LR: 0.023876
2026-04-24 22:32:24 KST | INFO |   Train Loss: 0.1053 | Test Loss: 0.0012 | Test Acc: 90.66%
2026-04-24 22:32:24 KST | INFO |   No improvement (8/30)
2026-04-24 22:32:24 KST | INFO | 
2026-04-24 22:32:24 KST | INFO | Epoch 137/200 | LR: 0.023209
2026-04-24 22:44:05 KST | INFO |   Train Loss: 0.1045 | Test Loss: 0.0013 | Test Acc: 90.48%
2026-04-24 22:44:05 KST | INFO |   No improvement (9/30)
2026-04-24 22:44:05 KST | INFO | 
2026-04-24 22:44:05 KST | INFO | Epoch 138/200 | LR: 0.022550
2026-04-24 22:55:59 KST | INFO |   Train Loss: 0.1024 | Test Loss: 0.0013 | Test Acc: 90.90%
2026-04-24 22:55:59 KST | INFO |   No improvement (10/30)
2026-04-24 22:55:59 KST | INFO | 
2026-04-24 22:55:59 KST | INFO | Epoch 139/200 | LR: 0.021897
2026-04-24 23:08:01 KST | INFO |   Train Loss: 0.0982 | Test Loss: 0.0013 | Test Acc: 90.79%
2026-04-24 23:08:01 KST | INFO |   No improvement (11/30)
2026-04-24 23:08:01 KST | INFO | 
2026-04-24 23:08:01 KST | INFO | Epoch 140/200 | LR: 0.021251
2026-04-24 23:19:59 KST | INFO |   Train Loss: 0.0967 | Test Loss: 0.0013 | Test Acc: 90.57%
2026-04-24 23:19:59 KST | INFO |   No improvement (12/30)
2026-04-24 23:19:59 KST | INFO | 
2026-04-24 23:19:59 KST | INFO | Epoch 141/200 | LR: 0.020612
2026-04-24 23:31:49 KST | INFO |   Train Loss: 0.0955 | Test Loss: 0.0014 | Test Acc: 89.87%
2026-04-24 23:31:49 KST | INFO |   No improvement (13/30)
2026-04-24 23:31:49 KST | INFO | 
2026-04-24 23:31:49 KST | INFO | Epoch 142/200 | LR: 0.019980
2026-04-24 23:43:53 KST | INFO |   Train Loss: 0.0943 | Test Loss: 0.0012 | Test Acc: 90.73%
2026-04-24 23:43:53 KST | INFO |   No improvement (14/30)
2026-04-24 23:43:53 KST | INFO | 
2026-04-24 23:43:53 KST | INFO | Epoch 143/200 | LR: 0.019355
2026-04-24 23:55:57 KST | INFO |   Train Loss: 0.0886 | Test Loss: 0.0014 | Test Acc: 89.58%
2026-04-24 23:55:57 KST | INFO |   No improvement (15/30)
2026-04-24 23:55:57 KST | INFO | 
2026-04-24 23:55:57 KST | INFO | Epoch 144/200 | LR: 0.018739
2026-04-25 00:08:06 KST | INFO |   Train Loss: 0.0869 | Test Loss: 0.0012 | Test Acc: 90.97%
2026-04-25 00:08:06 KST | INFO |   No improvement (16/30)
2026-04-25 00:08:06 KST | INFO | 
2026-04-25 00:08:06 KST | INFO | Epoch 145/200 | LR: 0.018130
2026-04-25 00:20:15 KST | INFO |   Train Loss: 0.0840 | Test Loss: 0.0013 | Test Acc: 90.82%
2026-04-25 00:20:15 KST | INFO |   No improvement (17/30)
2026-04-25 00:20:15 KST | INFO | 
2026-04-25 00:20:15 KST | INFO | Epoch 146/200 | LR: 0.017528
2026-04-25 00:32:28 KST | INFO |   Train Loss: 0.0826 | Test Loss: 0.0013 | Test Acc: 90.21%
2026-04-25 00:32:28 KST | INFO |   No improvement (18/30)
2026-04-25 00:32:28 KST | INFO | 
2026-04-25 00:32:28 KST | INFO | Epoch 147/200 | LR: 0.016935
2026-04-25 00:44:47 KST | INFO |   Train Loss: 0.0806 | Test Loss: 0.0013 | Test Acc: 90.33%
2026-04-25 00:44:47 KST | INFO |   No improvement (19/30)
2026-04-25 00:44:47 KST | INFO | 
2026-04-25 00:44:47 KST | INFO | Epoch 148/200 | LR: 0.016350
2026-04-25 00:56:53 KST | INFO |   Train Loss: 0.0789 | Test Loss: 0.0013 | Test Acc: 90.80%
2026-04-25 00:56:53 KST | INFO |   No improvement (20/30)
2026-04-25 00:56:53 KST | INFO | 
2026-04-25 00:56:53 KST | INFO | Epoch 149/200 | LR: 0.015773
2026-04-25 01:09:08 KST | INFO |   Train Loss: 0.0780 | Test Loss: 0.0014 | Test Acc: 89.98%
2026-04-25 01:09:08 KST | INFO |   No improvement (21/30)
2026-04-25 01:09:08 KST | INFO | 
2026-04-25 01:09:08 KST | INFO | Epoch 150/200 | LR: 0.015205
2026-04-25 01:21:30 KST | INFO |   Train Loss: 0.0743 | Test Loss: 0.0012 | Test Acc: 90.83%
2026-04-25 01:21:30 KST | INFO |   No improvement (22/30)
2026-04-25 01:21:30 KST | INFO | 
2026-04-25 01:21:30 KST | INFO | Epoch 151/200 | LR: 0.014646
2026-04-25 01:33:31 KST | INFO |   Train Loss: 0.0741 | Test Loss: 0.0013 | Test Acc: 90.51%
2026-04-25 01:33:31 KST | INFO |   No improvement (23/30)
2026-04-25 01:33:31 KST | INFO | 
2026-04-25 01:33:31 KST | INFO | Epoch 152/200 | LR: 0.014095
2026-04-25 01:45:35 KST | INFO |   Train Loss: 0.0697 | Test Loss: 0.0014 | Test Acc: 90.19%
2026-04-25 01:45:35 KST | INFO |   No improvement (24/30)
2026-04-25 01:45:35 KST | INFO | 
2026-04-25 01:45:35 KST | INFO | Epoch 153/200 | LR: 0.013552
2026-04-25 01:57:41 KST | INFO |   Train Loss: 0.0701 | Test Loss: 0.0014 | Test Acc: 90.36%
2026-04-25 01:57:41 KST | INFO |   No improvement (25/30)
2026-04-25 01:57:41 KST | INFO | 
2026-04-25 01:57:41 KST | INFO | Epoch 154/200 | LR: 0.013019
2026-04-25 02:09:40 KST | INFO |   Train Loss: 0.0681 | Test Loss: 0.0013 | Test Acc: 90.60%
2026-04-25 02:09:40 KST | INFO |   No improvement (26/30)
2026-04-25 02:09:40 KST | INFO | 
2026-04-25 02:09:40 KST | INFO | Epoch 155/200 | LR: 0.012495
2026-04-25 02:21:12 KST | INFO |   Train Loss: 0.0662 | Test Loss: 0.0013 | Test Acc: 90.79%
2026-04-25 02:21:12 KST | INFO |   No improvement (27/30)
2026-04-25 02:21:12 KST | INFO | 
2026-04-25 02:21:12 KST | INFO | Epoch 156/200 | LR: 0.011981
2026-04-25 02:32:50 KST | INFO |   Train Loss: 0.0611 | Test Loss: 0.0013 | Test Acc: 90.89%
2026-04-25 02:32:50 KST | INFO |   No improvement (28/30)
2026-04-25 02:32:50 KST | INFO | 
2026-04-25 02:32:50 KST | INFO | Epoch 157/200 | LR: 0.011475
2026-04-25 02:44:41 KST | INFO |   Train Loss: 0.0614 | Test Loss: 0.0013 | Test Acc: 90.53%
2026-04-25 02:44:41 KST | INFO |   No improvement (29/30)
2026-04-25 02:44:41 KST | INFO | 
2026-04-25 02:44:41 KST | INFO | Epoch 158/200 | LR: 0.010979
2026-04-25 02:56:31 KST | INFO |   Train Loss: 0.0583 | Test Loss: 0.0013 | Test Acc: 90.61%
2026-04-25 02:56:31 KST | INFO |   No improvement (30/30)
2026-04-25 02:56:31 KST | INFO | 
2026-04-25 02:56:31 KST | INFO | Early stopping after 30 epochs without improvement
2026-04-25 02:56:31 KST | INFO | 
2026-04-25 02:56:31 KST | INFO | ================================================================================
2026-04-25 02:56:31 KST | INFO | TRAINING COMPLETE
2026-04-25 02:56:31 KST | INFO | ================================================================================
2026-04-25 02:56:31 KST | INFO | Best accuracy:  90.97% (Epoch 128)
2026-04-25 02:56:31 KST | INFO | Final accuracy: 90.61%
2026-04-25 02:56:31 KST | INFO | ================================================================================
2026-04-25 02:56:31 KST | INFO | 
2026-04-25 02:56:31 KST | INFO | Notifying nodes of completion...
2026-04-25 02:56:32 KST | INFO | ✓ Nodes notified
2026-04-25 02:56:32 KST | INFO | 
2026-04-25 02:56:32 KST | INFO | Closing connections...
2026-04-25 02:56:32 KST | INFO | ✓ Cleanup complete
2026-04-25 02:56:32 KST | INFO | 
2026-04-25 02:56:32 KST | INFO | Full log: logs/TL++_secure_20260423_194235.log
2026-04-25 02:56:32 KST | INFO | ================================================================================
