2026-04-22 03:43:10 KST | INFO | ================================================================================
2026-04-22 03:43:10 KST | INFO | TL++ Orchestrator
2026-04-22 03:43:10 KST | INFO | ================================================================================
2026-04-22 03:43:10 KST | INFO | Log file: logs/TL++_secure_20260422_034310.log
2026-04-22 03:43:10 KST | INFO | 
2026-04-22 03:43:10 KST | INFO | --------------------------------------------------------------------------------
2026-04-22 03:43:10 KST | INFO | CONFIGURATION
2026-04-22 03:43:10 KST | INFO | --------------------------------------------------------------------------------
2026-04-22 03:43:10 KST | INFO | Secure mode:      True
2026-04-22 03:43:10 KST | INFO | Helper endpoint:  127.0.0.1:8082
2026-04-22 03:43:10 KST | INFO | Activation noise: 2.0%
2026-04-22 03:43:10 KST | INFO | Gradient noise:   10.0%
2026-04-22 03:43:10 KST | INFO | Nodes:            9
2026-04-22 03:43:10 KST | INFO | Cut layer:        3
2026-04-22 03:43:10 KST | INFO | Batch size:       128
2026-04-22 03:43:10 KST | INFO | Learning rate:    0.1
2026-04-22 03:43:10 KST | INFO | 
2026-04-22 03:43:10 KST | INFO | Computation device: cuda
2026-04-22 03:43:10 KST | INFO | Secure mode: ✓ ENABLED
2026-04-22 03:43:10 KST | INFO | 
2026-04-22 03:43:10 KST | INFO | --------------------------------------------------------------------------------
2026-04-22 03:43:10 KST | INFO | NETWORK SETUP
2026-04-22 03:43:10 KST | INFO | --------------------------------------------------------------------------------
2026-04-22 03:43:10 KST | INFO | ✓ Orchestrator listening on 127.0.0.1:8080
2026-04-22 03:43:10 KST | INFO | ✓ Helper node on 127.0.0.1:8082
2026-04-22 03:43:10 KST | INFO | 
2026-04-22 03:43:10 KST | INFO | Waiting for helper node...
2026-04-22 03:43:12 KST | INFO | ✓ Helper node connected
2026-04-22 03:43:12 KST | INFO | ✓ Noise config sent to helper (activation: 2.0%, gradient: 10.0%)
2026-04-22 03:43:12 KST | INFO | 
2026-04-22 03:43:12 KST | INFO | Waiting for 9 node(s)...
2026-04-22 03:43:16 KST | INFO |   ✓ Node 1/9 connected
2026-04-22 03:43:17 KST | INFO |   ✓ Node 2/9 connected
2026-04-22 03:43:18 KST | INFO |   ✓ Node 3/9 connected
2026-04-22 03:43:19 KST | INFO |   ✓ Node 4/9 connected
2026-04-22 03:43:20 KST | INFO |   ✓ Node 5/9 connected
2026-04-22 03:43:21 KST | INFO |   ✓ Node 6/9 connected
2026-04-22 03:43:23 KST | INFO |   ✓ Node 7/9 connected
2026-04-22 03:43:23 KST | INFO |   ✓ Node 8/9 connected
2026-04-22 03:43:24 KST | INFO |   ✓ Node 9/9 connected
2026-04-22 03:43:24 KST | INFO | ✓ All 9 node(s) connected
2026-04-22 03:43:24 KST | INFO | 
2026-04-22 03:43:24 KST | INFO | --------------------------------------------------------------------------------
2026-04-22 03:43:24 KST | INFO | MODEL INITIALIZATION
2026-04-22 03:43:24 KST | INFO | --------------------------------------------------------------------------------
2026-04-22 03:43:24 KST | INFO | Node-side parameters: 3,243,072
2026-04-22 03:43:24 KST | INFO | 
2026-04-22 03:43:24 KST | INFO | --------------------------------------------------------------------------------
2026-04-22 03:43:24 KST | INFO | BROADCASTING CONFIGURATION
2026-04-22 03:43:24 KST | INFO | --------------------------------------------------------------------------------
2026-04-22 03:43:25 KST | INFO | ✓ Configuration broadcast to all nodes
2026-04-22 03:43:27 KST | INFO | 
2026-04-22 03:43:27 KST | INFO | Total parameters:     3,247,689
2026-04-22 03:43:27 KST | INFO | Trainable parameters: 3,247,689
2026-04-22 03:43:27 KST | INFO | 
2026-04-22 03:43:27 KST | INFO | --------------------------------------------------------------------------------
2026-04-22 03:43:27 KST | INFO | DATA LOADING
2026-04-22 03:43:27 KST | INFO | --------------------------------------------------------------------------------
2026-04-22 03:43:53 KST | INFO | ✓ Dataset information collected:
2026-04-22 03:43:53 KST | INFO |     Node 1: 5,000 samples
2026-04-22 03:43:53 KST | INFO |     Node 2: 5,000 samples
2026-04-22 03:43:53 KST | INFO |     Node 3: 5,000 samples
2026-04-22 03:43:53 KST | INFO |     Node 4: 5,000 samples
2026-04-22 03:43:53 KST | INFO |     Node 5: 5,000 samples
2026-04-22 03:43:53 KST | INFO |     Node 6: 5,000 samples
2026-04-22 03:43:53 KST | INFO |     Node 7: 5,000 samples
2026-04-22 03:43:53 KST | INFO |     Node 8: 5,000 samples
2026-04-22 03:43:53 KST | INFO |     Node 9: 5,000 samples
2026-04-22 03:43:53 KST | INFO |   Total training samples: 45,000
2026-04-22 03:43:53 KST | INFO | 
2026-04-22 03:43:57 KST | INFO | ✓ Test dataset loaded: 9,000 samples
2026-04-22 03:43:57 KST | INFO | 
2026-04-22 03:43:57 KST | INFO | ✓ Batch scheduler: 352 batches/epoch
2026-04-22 03:43:57 KST | INFO | 
2026-04-22 03:43:57 KST | INFO | --------------------------------------------------------------------------------
2026-04-22 03:43:57 KST | INFO | OPTIMIZATION SETUP
2026-04-22 03:43:57 KST | INFO | --------------------------------------------------------------------------------
2026-04-22 03:43:57 KST | INFO | ✓ Optimizer: SGD (lr=0.1, momentum=0.9)
2026-04-22 03:43:57 KST | INFO | ✓ Scheduler: cosine
2026-04-22 03:43:57 KST | INFO | ✓ Gradient clipping: 1.0
2026-04-22 03:43:57 KST | INFO | 
2026-04-22 03:43:57 KST | INFO | ================================================================================
2026-04-22 03:43:57 KST | INFO | Setup complete - Ready for training
2026-04-22 03:43:57 KST | INFO | ================================================================================
2026-04-22 03:43:57 KST | INFO | 
2026-04-22 03:43:57 KST | INFO | --------------------------------------------------------------------------------
2026-04-22 03:43:57 KST | INFO | TRAINING
2026-04-22 03:43:57 KST | INFO | --------------------------------------------------------------------------------
2026-04-22 03:43:57 KST | INFO | 
2026-04-22 03:43:57 KST | INFO | Epoch 1/200 | LR: 0.100000
2026-04-22 03:56:17 KST | INFO |   Train Loss: 1.6596 | Test Loss: 0.0050 | Test Acc: 53.22%
2026-04-22 03:56:17 KST | INFO |   🏆 New best accuracy: 53.22%
2026-04-22 03:56:17 KST | INFO | 
2026-04-22 03:56:17 KST | INFO | Epoch 2/200 | LR: 0.099994
2026-04-22 04:08:24 KST | INFO |   Train Loss: 1.2284 | Test Loss: 0.0045 | Test Acc: 60.40%
2026-04-22 04:08:24 KST | INFO |   🏆 New best accuracy: 60.40%
2026-04-22 04:08:24 KST | INFO | 
2026-04-22 04:08:24 KST | INFO | Epoch 3/200 | LR: 0.099975
2026-04-22 04:20:42 KST | INFO |   Train Loss: 0.9827 | Test Loss: 0.0034 | Test Acc: 69.91%
2026-04-22 04:20:42 KST | INFO |   🏆 New best accuracy: 69.91%
2026-04-22 04:20:42 KST | INFO | 
2026-04-22 04:20:42 KST | INFO | Epoch 4/200 | LR: 0.099944
2026-04-22 04:32:49 KST | INFO |   Train Loss: 0.8342 | Test Loss: 0.0028 | Test Acc: 76.42%
2026-04-22 04:32:49 KST | INFO |   🏆 New best accuracy: 76.42%
2026-04-22 04:32:49 KST | INFO | 
2026-04-22 04:32:49 KST | INFO | Epoch 5/200 | LR: 0.099901
2026-04-22 04:44:53 KST | INFO |   Train Loss: 0.7421 | Test Loss: 0.0028 | Test Acc: 76.46%
2026-04-22 04:44:53 KST | INFO |   🏆 New best accuracy: 76.46%
2026-04-22 04:44:53 KST | INFO | 
2026-04-22 04:44:53 KST | INFO | Epoch 6/200 | LR: 0.099846
2026-04-22 04:56:57 KST | INFO |   Train Loss: 0.6764 | Test Loss: 0.0024 | Test Acc: 80.24%
2026-04-22 04:56:57 KST | INFO |   🏆 New best accuracy: 80.24%
2026-04-22 04:56:57 KST | INFO | 
2026-04-22 04:56:57 KST | INFO | Epoch 7/200 | LR: 0.099778
2026-04-22 05:08:30 KST | INFO |   Train Loss: 0.6289 | Test Loss: 0.0024 | Test Acc: 79.41%
2026-04-22 05:08:30 KST | INFO |   No improvement (1/30)
2026-04-22 05:08:30 KST | INFO | 
2026-04-22 05:08:30 KST | INFO | Epoch 8/200 | LR: 0.099698
2026-04-22 05:20:23 KST | INFO |   Train Loss: 0.5887 | Test Loss: 0.0022 | Test Acc: 81.58%
2026-04-22 05:20:23 KST | INFO |   🏆 New best accuracy: 81.58%
2026-04-22 05:20:23 KST | INFO | 
2026-04-22 05:20:23 KST | INFO | Epoch 9/200 | LR: 0.099606
2026-04-22 05:32:06 KST | INFO |   Train Loss: 0.5584 | Test Loss: 0.0021 | Test Acc: 82.08%
2026-04-22 05:32:06 KST | INFO |   🏆 New best accuracy: 82.08%
2026-04-22 05:32:06 KST | INFO | 
2026-04-22 05:32:06 KST | INFO | Epoch 10/200 | LR: 0.099501
2026-04-22 05:44:19 KST | INFO |   Train Loss: 0.5336 | Test Loss: 0.0020 | Test Acc: 83.24%
2026-04-22 05:44:19 KST | INFO |   🏆 New best accuracy: 83.24%
2026-04-22 05:44:19 KST | INFO | 
2026-04-22 05:44:19 KST | INFO | Epoch 11/200 | LR: 0.099384
2026-04-22 05:56:38 KST | INFO |   Train Loss: 0.5112 | Test Loss: 0.0020 | Test Acc: 82.72%
2026-04-22 05:56:38 KST | INFO |   No improvement (1/30)
2026-04-22 05:56:38 KST | INFO | 
2026-04-22 05:56:38 KST | INFO | Epoch 12/200 | LR: 0.099255
2026-04-22 06:08:11 KST | INFO |   Train Loss: 0.4974 | Test Loss: 0.0022 | Test Acc: 81.76%
2026-04-22 06:08:11 KST | INFO |   No improvement (2/30)
2026-04-22 06:08:11 KST | INFO | 
2026-04-22 06:08:11 KST | INFO | Epoch 13/200 | LR: 0.099114
2026-04-22 06:19:46 KST | INFO |   Train Loss: 0.4792 | Test Loss: 0.0020 | Test Acc: 83.40%
2026-04-22 06:19:46 KST | INFO |   🏆 New best accuracy: 83.40%
2026-04-22 06:19:46 KST | INFO | 
2026-04-22 06:19:46 KST | INFO | Epoch 14/200 | LR: 0.098961
2026-04-22 06:31:29 KST | INFO |   Train Loss: 0.4642 | Test Loss: 0.0022 | Test Acc: 81.49%
2026-04-22 06:31:29 KST | INFO |   No improvement (1/30)
2026-04-22 06:31:29 KST | INFO | 
2026-04-22 06:31:29 KST | INFO | Epoch 15/200 | LR: 0.098796
2026-04-22 06:43:25 KST | INFO |   Train Loss: 0.4552 | Test Loss: 0.0019 | Test Acc: 83.83%
2026-04-22 06:43:25 KST | INFO |   🏆 New best accuracy: 83.83%
2026-04-22 06:43:25 KST | INFO | 
2026-04-22 06:43:25 KST | INFO | Epoch 16/200 | LR: 0.098619
2026-04-22 06:55:38 KST | INFO |   Train Loss: 0.4442 | Test Loss: 0.0018 | Test Acc: 85.12%
2026-04-22 06:55:38 KST | INFO |   🏆 New best accuracy: 85.12%
2026-04-22 06:55:38 KST | INFO | 
2026-04-22 06:55:38 KST | INFO | Epoch 17/200 | LR: 0.098429
2026-04-22 07:07:43 KST | INFO |   Train Loss: 0.4365 | Test Loss: 0.0019 | Test Acc: 84.22%
2026-04-22 07:07:43 KST | INFO |   No improvement (1/30)
2026-04-22 07:07:43 KST | INFO | 
2026-04-22 07:07:43 KST | INFO | Epoch 18/200 | LR: 0.098228
2026-04-22 07:19:49 KST | INFO |   Train Loss: 0.4251 | Test Loss: 0.0020 | Test Acc: 82.59%
2026-04-22 07:19:49 KST | INFO |   No improvement (2/30)
2026-04-22 07:19:49 KST | INFO | 
2026-04-22 07:19:49 KST | INFO | Epoch 19/200 | LR: 0.098015
2026-04-22 07:31:48 KST | INFO |   Train Loss: 0.4156 | Test Loss: 0.0018 | Test Acc: 84.94%
2026-04-22 07:31:48 KST | INFO |   No improvement (3/30)
2026-04-22 07:31:48 KST | INFO | 
2026-04-22 07:31:48 KST | INFO | Epoch 20/200 | LR: 0.097790
2026-04-22 07:43:41 KST | INFO |   Train Loss: 0.4114 | Test Loss: 0.0019 | Test Acc: 84.24%
2026-04-22 07:43:41 KST | INFO |   No improvement (4/30)
2026-04-22 07:43:41 KST | INFO | 
2026-04-22 07:43:41 KST | INFO | Epoch 21/200 | LR: 0.097553
2026-04-22 07:55:54 KST | INFO |   Train Loss: 0.4023 | Test Loss: 0.0015 | Test Acc: 87.40%
2026-04-22 07:55:54 KST | INFO |   🏆 New best accuracy: 87.40%
2026-04-22 07:55:54 KST | INFO | 
2026-04-22 07:55:54 KST | INFO | Epoch 22/200 | LR: 0.097304
2026-04-22 08:07:53 KST | INFO |   Train Loss: 0.3966 | Test Loss: 0.0018 | Test Acc: 85.04%
2026-04-22 08:07:53 KST | INFO |   No improvement (1/30)
2026-04-22 08:07:53 KST | INFO | 
2026-04-22 08:07:53 KST | INFO | Epoch 23/200 | LR: 0.097044
2026-04-22 08:20:07 KST | INFO |   Train Loss: 0.3892 | Test Loss: 0.0018 | Test Acc: 85.13%
2026-04-22 08:20:07 KST | INFO |   No improvement (2/30)
2026-04-22 08:20:07 KST | INFO | 
2026-04-22 08:20:07 KST | INFO | Epoch 24/200 | LR: 0.096772
2026-04-22 08:32:28 KST | INFO |   Train Loss: 0.3871 | Test Loss: 0.0017 | Test Acc: 86.04%
2026-04-22 08:32:28 KST | INFO |   No improvement (3/30)
2026-04-22 08:32:28 KST | INFO | 
2026-04-22 08:32:28 KST | INFO | Epoch 25/200 | LR: 0.096489
2026-04-22 08:44:38 KST | INFO |   Train Loss: 0.3820 | Test Loss: 0.0016 | Test Acc: 86.60%
2026-04-22 08:44:38 KST | INFO |   No improvement (4/30)
2026-04-22 08:44:38 KST | INFO | 
2026-04-22 08:44:38 KST | INFO | Epoch 26/200 | LR: 0.096194
2026-04-22 08:56:44 KST | INFO |   Train Loss: 0.3736 | Test Loss: 0.0021 | Test Acc: 83.50%
2026-04-22 08:56:44 KST | INFO |   No improvement (5/30)
2026-04-22 08:56:44 KST | INFO | 
2026-04-22 08:56:44 KST | INFO | Epoch 27/200 | LR: 0.095888
2026-04-22 09:08:46 KST | INFO |   Train Loss: 0.3718 | Test Loss: 0.0015 | Test Acc: 87.32%
2026-04-22 09:08:46 KST | INFO |   No improvement (6/30)
2026-04-22 09:08:46 KST | INFO | 
2026-04-22 09:08:46 KST | INFO | Epoch 28/200 | LR: 0.095570
2026-04-22 09:21:05 KST | INFO |   Train Loss: 0.3667 | Test Loss: 0.0016 | Test Acc: 86.56%
2026-04-22 09:21:05 KST | INFO |   No improvement (7/30)
2026-04-22 09:21:05 KST | INFO | 
2026-04-22 09:21:05 KST | INFO | Epoch 29/200 | LR: 0.095241
2026-04-22 09:33:13 KST | INFO |   Train Loss: 0.3598 | Test Loss: 0.0021 | Test Acc: 83.14%
2026-04-22 09:33:13 KST | INFO |   No improvement (8/30)
2026-04-22 09:33:13 KST | INFO | 
2026-04-22 09:33:13 KST | INFO | Epoch 30/200 | LR: 0.094901
2026-04-22 09:45:08 KST | INFO |   Train Loss: 0.3578 | Test Loss: 0.0017 | Test Acc: 85.26%
2026-04-22 09:45:08 KST | INFO |   No improvement (9/30)
2026-04-22 09:45:08 KST | INFO | 
2026-04-22 09:45:08 KST | INFO | Epoch 31/200 | LR: 0.094550
2026-04-22 09:57:25 KST | INFO |   Train Loss: 0.3590 | Test Loss: 0.0018 | Test Acc: 84.78%
2026-04-22 09:57:25 KST | INFO |   No improvement (10/30)
2026-04-22 09:57:25 KST | INFO | 
2026-04-22 09:57:25 KST | INFO | Epoch 32/200 | LR: 0.094188
2026-04-22 10:09:41 KST | INFO |   Train Loss: 0.3525 | Test Loss: 0.0017 | Test Acc: 86.47%
2026-04-22 10:09:41 KST | INFO |   No improvement (11/30)
2026-04-22 10:09:41 KST | INFO | 
2026-04-22 10:09:41 KST | INFO | Epoch 33/200 | LR: 0.093815
2026-04-22 10:21:48 KST | INFO |   Train Loss: 0.3493 | Test Loss: 0.0018 | Test Acc: 84.47%
2026-04-22 10:21:48 KST | INFO |   No improvement (12/30)
2026-04-22 10:21:48 KST | INFO | 
2026-04-22 10:21:48 KST | INFO | Epoch 34/200 | LR: 0.093432
2026-04-22 10:33:57 KST | INFO |   Train Loss: 0.3412 | Test Loss: 0.0018 | Test Acc: 85.50%
2026-04-22 10:33:57 KST | INFO |   No improvement (13/30)
2026-04-22 10:33:57 KST | INFO | 
2026-04-22 10:33:57 KST | INFO | Epoch 35/200 | LR: 0.093037
2026-04-22 10:46:13 KST | INFO |   Train Loss: 0.3435 | Test Loss: 0.0018 | Test Acc: 85.31%
2026-04-22 10:46:13 KST | INFO |   No improvement (14/30)
2026-04-22 10:46:13 KST | INFO | 
2026-04-22 10:46:13 KST | INFO | Epoch 36/200 | LR: 0.092632
2026-04-22 10:58:20 KST | INFO |   Train Loss: 0.3396 | Test Loss: 0.0017 | Test Acc: 86.30%
2026-04-22 10:58:20 KST | INFO |   No improvement (15/30)
2026-04-22 10:58:20 KST | INFO | 
2026-04-22 10:58:20 KST | INFO | Epoch 37/200 | LR: 0.092216
2026-04-22 11:10:39 KST | INFO |   Train Loss: 0.3342 | Test Loss: 0.0015 | Test Acc: 87.50%
2026-04-22 11:10:39 KST | INFO |   🏆 New best accuracy: 87.50%
2026-04-22 11:10:39 KST | INFO | 
2026-04-22 11:10:39 KST | INFO | Epoch 38/200 | LR: 0.091790
2026-04-22 11:22:51 KST | INFO |   Train Loss: 0.3342 | Test Loss: 0.0015 | Test Acc: 87.54%
2026-04-22 11:22:51 KST | INFO |   🏆 New best accuracy: 87.54%
2026-04-22 11:22:51 KST | INFO | 
2026-04-22 11:22:51 KST | INFO | Epoch 39/200 | LR: 0.091354
2026-04-22 11:35:02 KST | INFO |   Train Loss: 0.3291 | Test Loss: 0.0016 | Test Acc: 86.57%
2026-04-22 11:35:02 KST | INFO |   No improvement (1/30)
2026-04-22 11:35:02 KST | INFO | 
2026-04-22 11:35:02 KST | INFO | Epoch 40/200 | LR: 0.090908
2026-04-22 11:47:26 KST | INFO |   Train Loss: 0.3259 | Test Loss: 0.0019 | Test Acc: 84.68%
2026-04-22 11:47:26 KST | INFO |   No improvement (2/30)
2026-04-22 11:47:26 KST | INFO | 
2026-04-22 11:47:26 KST | INFO | Epoch 41/200 | LR: 0.090451
2026-04-22 11:59:42 KST | INFO |   Train Loss: 0.3250 | Test Loss: 0.0019 | Test Acc: 84.37%
2026-04-22 11:59:42 KST | INFO |   No improvement (3/30)
2026-04-22 11:59:42 KST | INFO | 
2026-04-22 11:59:42 KST | INFO | Epoch 42/200 | LR: 0.089984
2026-04-22 12:11:21 KST | INFO |   Train Loss: 0.3287 | Test Loss: 0.0018 | Test Acc: 85.09%
2026-04-22 12:11:21 KST | INFO |   No improvement (4/30)
2026-04-22 12:11:21 KST | INFO | 
2026-04-22 12:11:21 KST | INFO | Epoch 43/200 | LR: 0.089508
2026-04-22 12:23:18 KST | INFO |   Train Loss: 0.3192 | Test Loss: 0.0015 | Test Acc: 88.04%
2026-04-22 12:23:18 KST | INFO |   🏆 New best accuracy: 88.04%
2026-04-22 12:23:18 KST | INFO | 
2026-04-22 12:23:18 KST | INFO | Epoch 44/200 | LR: 0.089022
2026-04-22 12:35:13 KST | INFO |   Train Loss: 0.3173 | Test Loss: 0.0018 | Test Acc: 85.50%
2026-04-22 12:35:13 KST | INFO |   No improvement (1/30)
2026-04-22 12:35:13 KST | INFO | 
2026-04-22 12:35:13 KST | INFO | Epoch 45/200 | LR: 0.088526
2026-04-22 12:46:47 KST | INFO |   Train Loss: 0.3164 | Test Loss: 0.0015 | Test Acc: 87.99%
2026-04-22 12:46:47 KST | INFO |   No improvement (2/30)
2026-04-22 12:46:47 KST | INFO | 
2026-04-22 12:46:47 KST | INFO | Epoch 46/200 | LR: 0.088020
2026-04-22 12:58:35 KST | INFO |   Train Loss: 0.3133 | Test Loss: 0.0016 | Test Acc: 87.22%
2026-04-22 12:58:35 KST | INFO |   No improvement (3/30)
2026-04-22 12:58:35 KST | INFO | 
2026-04-22 12:58:35 KST | INFO | Epoch 47/200 | LR: 0.087506
2026-04-22 13:10:21 KST | INFO |   Train Loss: 0.3052 | Test Loss: 0.0015 | Test Acc: 87.80%
2026-04-22 13:10:21 KST | INFO |   No improvement (4/30)
2026-04-22 13:10:21 KST | INFO | 
2026-04-22 13:10:21 KST | INFO | Epoch 48/200 | LR: 0.086982
2026-04-22 13:21:54 KST | INFO |   Train Loss: 0.3114 | Test Loss: 0.0016 | Test Acc: 87.26%
2026-04-22 13:21:54 KST | INFO |   No improvement (5/30)
2026-04-22 13:21:54 KST | INFO | 
2026-04-22 13:21:54 KST | INFO | Epoch 49/200 | LR: 0.086449
2026-04-22 13:33:51 KST | INFO |   Train Loss: 0.3074 | Test Loss: 0.0015 | Test Acc: 87.72%
2026-04-22 13:33:51 KST | INFO |   No improvement (6/30)
2026-04-22 13:33:51 KST | INFO | 
2026-04-22 13:33:51 KST | INFO | Epoch 50/200 | LR: 0.085906
2026-04-22 13:45:29 KST | INFO |   Train Loss: 0.3027 | Test Loss: 0.0016 | Test Acc: 86.89%
2026-04-22 13:45:29 KST | INFO |   No improvement (7/30)
2026-04-22 13:45:29 KST | INFO | 
2026-04-22 13:45:29 KST | INFO | Epoch 51/200 | LR: 0.085355
2026-04-22 13:57:19 KST | INFO |   Train Loss: 0.3045 | Test Loss: 0.0015 | Test Acc: 87.87%
2026-04-22 13:57:19 KST | INFO |   No improvement (8/30)
2026-04-22 13:57:19 KST | INFO | 
2026-04-22 13:57:19 KST | INFO | Epoch 52/200 | LR: 0.084796
2026-04-22 14:09:16 KST | INFO |   Train Loss: 0.3016 | Test Loss: 0.0018 | Test Acc: 85.17%
2026-04-22 14:09:16 KST | INFO |   No improvement (9/30)
2026-04-22 14:09:16 KST | INFO | 
2026-04-22 14:09:16 KST | INFO | Epoch 53/200 | LR: 0.084228
2026-04-22 14:21:04 KST | INFO |   Train Loss: 0.2987 | Test Loss: 0.0016 | Test Acc: 86.79%
2026-04-22 14:21:04 KST | INFO |   No improvement (10/30)
2026-04-22 14:21:04 KST | INFO | 
2026-04-22 14:21:04 KST | INFO | Epoch 54/200 | LR: 0.083651
2026-04-22 14:32:59 KST | INFO |   Train Loss: 0.2981 | Test Loss: 0.0015 | Test Acc: 87.14%
2026-04-22 14:32:59 KST | INFO |   No improvement (11/30)
2026-04-22 14:32:59 KST | INFO | 
2026-04-22 14:32:59 KST | INFO | Epoch 55/200 | LR: 0.083066
2026-04-22 14:45:05 KST | INFO |   Train Loss: 0.2963 | Test Loss: 0.0015 | Test Acc: 87.34%
2026-04-22 14:45:05 KST | INFO |   No improvement (12/30)
2026-04-22 14:45:05 KST | INFO | 
2026-04-22 14:45:05 KST | INFO | Epoch 56/200 | LR: 0.082473
2026-04-22 14:57:05 KST | INFO |   Train Loss: 0.2947 | Test Loss: 0.0018 | Test Acc: 84.81%
2026-04-22 14:57:05 KST | INFO |   No improvement (13/30)
2026-04-22 14:57:05 KST | INFO | 
2026-04-22 14:57:05 KST | INFO | Epoch 57/200 | LR: 0.081871
2026-04-22 15:09:01 KST | INFO |   Train Loss: 0.2881 | Test Loss: 0.0015 | Test Acc: 88.14%
2026-04-22 15:09:01 KST | INFO |   🏆 New best accuracy: 88.14%
2026-04-22 15:09:01 KST | INFO | 
2026-04-22 15:09:01 KST | INFO | Epoch 58/200 | LR: 0.081262
2026-04-22 15:21:05 KST | INFO |   Train Loss: 0.2834 | Test Loss: 0.0016 | Test Acc: 87.50%
2026-04-22 15:21:05 KST | INFO |   No improvement (1/30)
2026-04-22 15:21:05 KST | INFO | 
2026-04-22 15:21:05 KST | INFO | Epoch 59/200 | LR: 0.080646
2026-04-22 15:33:03 KST | INFO |   Train Loss: 0.2857 | Test Loss: 0.0014 | Test Acc: 87.87%
2026-04-22 15:33:03 KST | INFO |   No improvement (2/30)
2026-04-22 15:33:03 KST | INFO | 
2026-04-22 15:33:03 KST | INFO | Epoch 60/200 | LR: 0.080021
2026-04-22 15:45:12 KST | INFO |   Train Loss: 0.2841 | Test Loss: 0.0015 | Test Acc: 88.07%
2026-04-22 15:45:12 KST | INFO |   No improvement (3/30)
2026-04-22 15:45:12 KST | INFO | 
2026-04-22 15:45:12 KST | INFO | Epoch 61/200 | LR: 0.079389
2026-04-22 15:57:15 KST | INFO |   Train Loss: 0.2801 | Test Loss: 0.0014 | Test Acc: 88.27%
2026-04-22 15:57:15 KST | INFO |   🏆 New best accuracy: 88.27%
2026-04-22 15:57:15 KST | INFO | 
2026-04-22 15:57:15 KST | INFO | Epoch 62/200 | LR: 0.078750
2026-04-22 16:09:24 KST | INFO |   Train Loss: 0.2810 | Test Loss: 0.0015 | Test Acc: 87.23%
2026-04-22 16:09:24 KST | INFO |   No improvement (1/30)
2026-04-22 16:09:24 KST | INFO | 
2026-04-22 16:09:24 KST | INFO | Epoch 63/200 | LR: 0.078104
2026-04-22 16:21:27 KST | INFO |   Train Loss: 0.2770 | Test Loss: 0.0014 | Test Acc: 88.80%
2026-04-22 16:21:27 KST | INFO |   🏆 New best accuracy: 88.80%
2026-04-22 16:21:27 KST | INFO | 
2026-04-22 16:21:27 KST | INFO | Epoch 64/200 | LR: 0.077451
2026-04-22 16:33:24 KST | INFO |   Train Loss: 0.2747 | Test Loss: 0.0016 | Test Acc: 87.02%
2026-04-22 16:33:24 KST | INFO |   No improvement (1/30)
2026-04-22 16:33:24 KST | INFO | 
2026-04-22 16:33:24 KST | INFO | Epoch 65/200 | LR: 0.076792
2026-04-22 16:45:24 KST | INFO |   Train Loss: 0.2793 | Test Loss: 0.0015 | Test Acc: 87.60%
2026-04-22 16:45:24 KST | INFO |   No improvement (2/30)
2026-04-22 16:45:24 KST | INFO | 
2026-04-22 16:45:24 KST | INFO | Epoch 66/200 | LR: 0.076125
2026-04-22 16:57:38 KST | INFO |   Train Loss: 0.2704 | Test Loss: 0.0013 | Test Acc: 88.81%
2026-04-22 16:57:38 KST | INFO |   🏆 New best accuracy: 88.81%
2026-04-22 16:57:38 KST | INFO | 
2026-04-22 16:57:38 KST | INFO | Epoch 67/200 | LR: 0.075452
2026-04-22 17:09:33 KST | INFO |   Train Loss: 0.2686 | Test Loss: 0.0014 | Test Acc: 88.26%
2026-04-22 17:09:33 KST | INFO |   No improvement (1/30)
2026-04-22 17:09:33 KST | INFO | 
2026-04-22 17:09:33 KST | INFO | Epoch 68/200 | LR: 0.074773
2026-04-22 17:21:39 KST | INFO |   Train Loss: 0.2658 | Test Loss: 0.0014 | Test Acc: 88.50%
2026-04-22 17:21:39 KST | INFO |   No improvement (2/30)
2026-04-22 17:21:39 KST | INFO | 
2026-04-22 17:21:39 KST | INFO | Epoch 69/200 | LR: 0.074088
2026-04-22 17:33:52 KST | INFO |   Train Loss: 0.2689 | Test Loss: 0.0014 | Test Acc: 88.33%
2026-04-22 17:33:52 KST | INFO |   No improvement (3/30)
2026-04-22 17:33:52 KST | INFO | 
2026-04-22 17:33:52 KST | INFO | Epoch 70/200 | LR: 0.073397
2026-04-22 17:45:54 KST | INFO |   Train Loss: 0.2646 | Test Loss: 0.0014 | Test Acc: 88.22%
2026-04-22 17:45:54 KST | INFO |   No improvement (4/30)
2026-04-22 17:45:54 KST | INFO | 
2026-04-22 17:45:54 KST | INFO | Epoch 71/200 | LR: 0.072700
2026-04-22 17:58:01 KST | INFO |   Train Loss: 0.2616 | Test Loss: 0.0016 | Test Acc: 86.69%
2026-04-22 17:58:01 KST | INFO |   No improvement (5/30)
2026-04-22 17:58:01 KST | INFO | 
2026-04-22 17:58:01 KST | INFO | Epoch 72/200 | LR: 0.071997
2026-04-22 18:10:08 KST | INFO |   Train Loss: 0.2584 | Test Loss: 0.0015 | Test Acc: 88.16%
2026-04-22 18:10:08 KST | INFO |   No improvement (6/30)
2026-04-22 18:10:08 KST | INFO | 
2026-04-22 18:10:08 KST | INFO | Epoch 73/200 | LR: 0.071289
2026-04-22 18:22:05 KST | INFO |   Train Loss: 0.2560 | Test Loss: 0.0014 | Test Acc: 88.29%
2026-04-22 18:22:05 KST | INFO |   No improvement (7/30)
2026-04-22 18:22:05 KST | INFO | 
2026-04-22 18:22:05 KST | INFO | Epoch 74/200 | LR: 0.070576
2026-04-22 18:34:19 KST | INFO |   Train Loss: 0.2538 | Test Loss: 0.0015 | Test Acc: 88.24%
2026-04-22 18:34:19 KST | INFO |   No improvement (8/30)
2026-04-22 18:34:19 KST | INFO | 
2026-04-22 18:34:19 KST | INFO | Epoch 75/200 | LR: 0.069858
2026-04-22 18:46:27 KST | INFO |   Train Loss: 0.2533 | Test Loss: 0.0014 | Test Acc: 88.60%
2026-04-22 18:46:27 KST | INFO |   No improvement (9/30)
2026-04-22 18:46:27 KST | INFO | 
2026-04-22 18:46:27 KST | INFO | Epoch 76/200 | LR: 0.069134
2026-04-22 18:58:46 KST | INFO |   Train Loss: 0.2513 | Test Loss: 0.0013 | Test Acc: 88.80%
2026-04-22 18:58:46 KST | INFO |   No improvement (10/30)
2026-04-22 18:58:46 KST | INFO | 
2026-04-22 18:58:46 KST | INFO | Epoch 77/200 | LR: 0.068407
2026-04-22 19:10:49 KST | INFO |   Train Loss: 0.2499 | Test Loss: 0.0015 | Test Acc: 88.04%
2026-04-22 19:10:49 KST | INFO |   No improvement (11/30)
2026-04-22 19:10:49 KST | INFO | 
2026-04-22 19:10:49 KST | INFO | Epoch 78/200 | LR: 0.067674
2026-04-22 19:23:01 KST | INFO |   Train Loss: 0.2467 | Test Loss: 0.0017 | Test Acc: 86.30%
2026-04-22 19:23:01 KST | INFO |   No improvement (12/30)
2026-04-22 19:23:01 KST | INFO | 
2026-04-22 19:23:01 KST | INFO | Epoch 79/200 | LR: 0.066937
2026-04-22 19:34:58 KST | INFO |   Train Loss: 0.2420 | Test Loss: 0.0015 | Test Acc: 87.88%
2026-04-22 19:34:58 KST | INFO |   No improvement (13/30)
2026-04-22 19:34:58 KST | INFO | 
2026-04-22 19:34:58 KST | INFO | Epoch 80/200 | LR: 0.066196
2026-04-22 19:46:59 KST | INFO |   Train Loss: 0.2414 | Test Loss: 0.0017 | Test Acc: 85.91%
2026-04-22 19:46:59 KST | INFO |   No improvement (14/30)
2026-04-22 19:46:59 KST | INFO | 
2026-04-22 19:46:59 KST | INFO | Epoch 81/200 | LR: 0.065451
2026-04-22 19:59:07 KST | INFO |   Train Loss: 0.2404 | Test Loss: 0.0014 | Test Acc: 88.49%
2026-04-22 19:59:07 KST | INFO |   No improvement (15/30)
2026-04-22 19:59:07 KST | INFO | 
2026-04-22 19:59:07 KST | INFO | Epoch 82/200 | LR: 0.064702
2026-04-22 20:11:20 KST | INFO |   Train Loss: 0.2362 | Test Loss: 0.0015 | Test Acc: 88.47%
2026-04-22 20:11:20 KST | INFO |   No improvement (16/30)
2026-04-22 20:11:20 KST | INFO | 
2026-04-22 20:11:20 KST | INFO | Epoch 83/200 | LR: 0.063950
2026-04-22 20:23:28 KST | INFO |   Train Loss: 0.2313 | Test Loss: 0.0016 | Test Acc: 87.86%
2026-04-22 20:23:28 KST | INFO |   No improvement (17/30)
2026-04-22 20:23:28 KST | INFO | 
2026-04-22 20:23:28 KST | INFO | Epoch 84/200 | LR: 0.063194
2026-04-22 20:35:30 KST | INFO |   Train Loss: 0.2288 | Test Loss: 0.0014 | Test Acc: 88.68%
2026-04-22 20:35:30 KST | INFO |   No improvement (18/30)
2026-04-22 20:35:30 KST | INFO | 
2026-04-22 20:35:30 KST | INFO | Epoch 85/200 | LR: 0.062435
2026-04-22 20:47:35 KST | INFO |   Train Loss: 0.2294 | Test Loss: 0.0014 | Test Acc: 89.19%
2026-04-22 20:47:35 KST | INFO |   🏆 New best accuracy: 89.19%
2026-04-22 20:47:35 KST | INFO | 
2026-04-22 20:47:35 KST | INFO | Epoch 86/200 | LR: 0.061673
2026-04-22 20:59:56 KST | INFO |   Train Loss: 0.2256 | Test Loss: 0.0015 | Test Acc: 87.94%
2026-04-22 20:59:56 KST | INFO |   No improvement (1/30)
2026-04-22 20:59:56 KST | INFO | 
2026-04-22 20:59:56 KST | INFO | Epoch 87/200 | LR: 0.060908
2026-04-22 21:11:56 KST | INFO |   Train Loss: 0.2265 | Test Loss: 0.0014 | Test Acc: 88.69%
2026-04-22 21:11:56 KST | INFO |   No improvement (2/30)
2026-04-22 21:11:56 KST | INFO | 
2026-04-22 21:11:56 KST | INFO | Epoch 88/200 | LR: 0.060140
2026-04-22 21:24:14 KST | INFO |   Train Loss: 0.2285 | Test Loss: 0.0016 | Test Acc: 87.23%
2026-04-22 21:24:14 KST | INFO |   No improvement (3/30)
2026-04-22 21:24:14 KST | INFO | 
2026-04-22 21:24:14 KST | INFO | Epoch 89/200 | LR: 0.059369
2026-04-22 21:36:34 KST | INFO |   Train Loss: 0.2206 | Test Loss: 0.0015 | Test Acc: 87.71%
2026-04-22 21:36:34 KST | INFO |   No improvement (4/30)
2026-04-22 21:36:34 KST | INFO | 
2026-04-22 21:36:34 KST | INFO | Epoch 90/200 | LR: 0.058597
2026-04-22 21:48:51 KST | INFO |   Train Loss: 0.2197 | Test Loss: 0.0013 | Test Acc: 89.68%
2026-04-22 21:48:51 KST | INFO |   🏆 New best accuracy: 89.68%
2026-04-22 21:48:51 KST | INFO | 
2026-04-22 21:48:51 KST | INFO | Epoch 91/200 | LR: 0.057822
2026-04-22 22:01:16 KST | INFO |   Train Loss: 0.2206 | Test Loss: 0.0014 | Test Acc: 88.16%
2026-04-22 22:01:16 KST | INFO |   No improvement (1/30)
2026-04-22 22:01:16 KST | INFO | 
2026-04-22 22:01:16 KST | INFO | Epoch 92/200 | LR: 0.057045
2026-04-22 22:13:42 KST | INFO |   Train Loss: 0.2132 | Test Loss: 0.0015 | Test Acc: 88.26%
2026-04-22 22:13:42 KST | INFO |   No improvement (2/30)
2026-04-22 22:13:42 KST | INFO | 
2026-04-22 22:13:42 KST | INFO | Epoch 93/200 | LR: 0.056267
2026-04-22 22:26:08 KST | INFO |   Train Loss: 0.2104 | Test Loss: 0.0016 | Test Acc: 87.71%
2026-04-22 22:26:08 KST | INFO |   No improvement (3/30)
2026-04-22 22:26:08 KST | INFO | 
2026-04-22 22:26:08 KST | INFO | Epoch 94/200 | LR: 0.055487
2026-04-22 22:38:21 KST | INFO |   Train Loss: 0.2087 | Test Loss: 0.0014 | Test Acc: 89.20%
2026-04-22 22:38:21 KST | INFO |   No improvement (4/30)
2026-04-22 22:38:21 KST | INFO | 
2026-04-22 22:38:21 KST | INFO | Epoch 95/200 | LR: 0.054706
2026-04-22 22:50:10 KST | INFO |   Train Loss: 0.2092 | Test Loss: 0.0015 | Test Acc: 87.77%
2026-04-22 22:50:10 KST | INFO |   No improvement (5/30)
2026-04-22 22:50:10 KST | INFO | 
2026-04-22 22:50:10 KST | INFO | Epoch 96/200 | LR: 0.053923
2026-04-22 23:02:17 KST | INFO |   Train Loss: 0.2073 | Test Loss: 0.0013 | Test Acc: 89.61%
2026-04-22 23:02:17 KST | INFO |   No improvement (6/30)
2026-04-22 23:02:17 KST | INFO | 
2026-04-22 23:02:17 KST | INFO | Epoch 97/200 | LR: 0.053140
2026-04-22 23:14:07 KST | INFO |   Train Loss: 0.2016 | Test Loss: 0.0013 | Test Acc: 89.36%
2026-04-22 23:14:07 KST | INFO |   No improvement (7/30)
2026-04-22 23:14:07 KST | INFO | 
2026-04-22 23:14:07 KST | INFO | Epoch 98/200 | LR: 0.052356
2026-04-22 23:25:46 KST | INFO |   Train Loss: 0.2007 | Test Loss: 0.0014 | Test Acc: 89.19%
2026-04-22 23:25:46 KST | INFO |   No improvement (8/30)
2026-04-22 23:25:46 KST | INFO | 
2026-04-22 23:25:46 KST | INFO | Epoch 99/200 | LR: 0.051571
2026-04-22 23:37:17 KST | INFO |   Train Loss: 0.1990 | Test Loss: 0.0012 | Test Acc: 90.12%
2026-04-22 23:37:17 KST | INFO |   🏆 New best accuracy: 90.12%
2026-04-22 23:37:17 KST | INFO | 
2026-04-22 23:37:17 KST | INFO | Epoch 100/200 | LR: 0.050786
2026-04-22 23:48:56 KST | INFO |   Train Loss: 0.1946 | Test Loss: 0.0013 | Test Acc: 89.30%
2026-04-22 23:48:56 KST | INFO |   No improvement (1/30)
2026-04-22 23:48:56 KST | INFO | 
2026-04-22 23:48:56 KST | INFO | Epoch 101/200 | LR: 0.050001
2026-04-23 00:00:55 KST | INFO |   Train Loss: 0.1925 | Test Loss: 0.0014 | Test Acc: 88.78%
2026-04-23 00:00:55 KST | INFO |   No improvement (2/30)
2026-04-23 00:00:55 KST | INFO | 
2026-04-23 00:00:55 KST | INFO | Epoch 102/200 | LR: 0.049215
2026-04-23 00:12:29 KST | INFO |   Train Loss: 0.1900 | Test Loss: 0.0013 | Test Acc: 90.01%
2026-04-23 00:12:29 KST | INFO |   No improvement (3/30)
2026-04-23 00:12:29 KST | INFO | 
2026-04-23 00:12:29 KST | INFO | Epoch 103/200 | LR: 0.048430
2026-04-23 00:24:21 KST | INFO |   Train Loss: 0.1879 | Test Loss: 0.0013 | Test Acc: 89.74%
2026-04-23 00:24:21 KST | INFO |   No improvement (4/30)
2026-04-23 00:24:21 KST | INFO | 
2026-04-23 00:24:21 KST | INFO | Epoch 104/200 | LR: 0.047645
2026-04-23 00:36:03 KST | INFO |   Train Loss: 0.1869 | Test Loss: 0.0014 | Test Acc: 88.86%
2026-04-23 00:36:03 KST | INFO |   No improvement (5/30)
2026-04-23 00:36:03 KST | INFO | 
2026-04-23 00:36:03 KST | INFO | Epoch 105/200 | LR: 0.046861
2026-04-23 00:47:49 KST | INFO |   Train Loss: 0.1819 | Test Loss: 0.0017 | Test Acc: 87.43%
2026-04-23 00:47:49 KST | INFO |   No improvement (6/30)
2026-04-23 00:47:49 KST | INFO | 
2026-04-23 00:47:49 KST | INFO | Epoch 106/200 | LR: 0.046078
2026-04-23 00:59:49 KST | INFO |   Train Loss: 0.1799 | Test Loss: 0.0016 | Test Acc: 87.50%
2026-04-23 00:59:49 KST | INFO |   No improvement (7/30)
2026-04-23 00:59:49 KST | INFO | 
2026-04-23 00:59:49 KST | INFO | Epoch 107/200 | LR: 0.045295
2026-04-23 01:11:55 KST | INFO |   Train Loss: 0.1800 | Test Loss: 0.0012 | Test Acc: 90.23%
2026-04-23 01:11:55 KST | INFO |   🏆 New best accuracy: 90.23%
2026-04-23 01:11:55 KST | INFO | 
2026-04-23 01:11:55 KST | INFO | Epoch 108/200 | LR: 0.044514
2026-04-23 01:24:03 KST | INFO |   Train Loss: 0.1756 | Test Loss: 0.0012 | Test Acc: 90.18%
2026-04-23 01:24:03 KST | INFO |   No improvement (1/30)
2026-04-23 01:24:03 KST | INFO | 
2026-04-23 01:24:03 KST | INFO | Epoch 109/200 | LR: 0.043734
2026-04-23 01:36:12 KST | INFO |   Train Loss: 0.1738 | Test Loss: 0.0013 | Test Acc: 89.31%
2026-04-23 01:36:12 KST | INFO |   No improvement (2/30)
2026-04-23 01:36:12 KST | INFO | 
2026-04-23 01:36:12 KST | INFO | Epoch 110/200 | LR: 0.042956
2026-04-23 01:48:02 KST | INFO |   Train Loss: 0.1704 | Test Loss: 0.0013 | Test Acc: 89.88%
2026-04-23 01:48:02 KST | INFO |   No improvement (3/30)
2026-04-23 01:48:02 KST | INFO | 
2026-04-23 01:48:02 KST | INFO | Epoch 111/200 | LR: 0.042179
2026-04-23 01:59:44 KST | INFO |   Train Loss: 0.1677 | Test Loss: 0.0013 | Test Acc: 90.00%
2026-04-23 01:59:44 KST | INFO |   No improvement (4/30)
2026-04-23 01:59:44 KST | INFO | 
2026-04-23 01:59:44 KST | INFO | Epoch 112/200 | LR: 0.041404
2026-04-23 02:11:34 KST | INFO |   Train Loss: 0.1642 | Test Loss: 0.0015 | Test Acc: 88.90%
2026-04-23 02:11:34 KST | INFO |   No improvement (5/30)
2026-04-23 02:11:34 KST | INFO | 
2026-04-23 02:11:34 KST | INFO | Epoch 113/200 | LR: 0.040632
2026-04-23 02:23:17 KST | INFO |   Train Loss: 0.1673 | Test Loss: 0.0013 | Test Acc: 89.51%
2026-04-23 02:23:17 KST | INFO |   No improvement (6/30)
2026-04-23 02:23:17 KST | INFO | 
2026-04-23 02:23:17 KST | INFO | Epoch 114/200 | LR: 0.039861
2026-04-23 02:35:17 KST | INFO |   Train Loss: 0.1635 | Test Loss: 0.0013 | Test Acc: 88.99%
2026-04-23 02:35:17 KST | INFO |   No improvement (7/30)
2026-04-23 02:35:17 KST | INFO | 
2026-04-23 02:35:17 KST | INFO | Epoch 115/200 | LR: 0.039093
2026-04-23 02:47:00 KST | INFO |   Train Loss: 0.1588 | Test Loss: 0.0014 | Test Acc: 88.71%
2026-04-23 02:47:00 KST | INFO |   No improvement (8/30)
2026-04-23 02:47:00 KST | INFO | 
2026-04-23 02:47:00 KST | INFO | Epoch 116/200 | LR: 0.038328
2026-04-23 02:58:33 KST | INFO |   Train Loss: 0.1568 | Test Loss: 0.0013 | Test Acc: 89.92%
2026-04-23 02:58:33 KST | INFO |   No improvement (9/30)
2026-04-23 02:58:33 KST | INFO | 
2026-04-23 02:58:33 KST | INFO | Epoch 117/200 | LR: 0.037566
2026-04-23 03:10:36 KST | INFO |   Train Loss: 0.1503 | Test Loss: 0.0014 | Test Acc: 89.18%
2026-04-23 03:10:36 KST | INFO |   No improvement (10/30)
2026-04-23 03:10:36 KST | INFO | 
2026-04-23 03:10:36 KST | INFO | Epoch 118/200 | LR: 0.036807
2026-04-23 03:22:21 KST | INFO |   Train Loss: 0.1527 | Test Loss: 0.0015 | Test Acc: 88.58%
2026-04-23 03:22:21 KST | INFO |   No improvement (11/30)
2026-04-23 03:22:21 KST | INFO | 
2026-04-23 03:22:21 KST | INFO | Epoch 119/200 | LR: 0.036051
2026-04-23 03:34:04 KST | INFO |   Train Loss: 0.1472 | Test Loss: 0.0014 | Test Acc: 89.59%
2026-04-23 03:34:04 KST | INFO |   No improvement (12/30)
2026-04-23 03:34:04 KST | INFO | 
2026-04-23 03:34:04 KST | INFO | Epoch 120/200 | LR: 0.035299
2026-04-23 03:45:52 KST | INFO |   Train Loss: 0.1470 | Test Loss: 0.0014 | Test Acc: 88.64%
2026-04-23 03:45:52 KST | INFO |   No improvement (13/30)
2026-04-23 03:45:52 KST | INFO | 
2026-04-23 03:45:52 KST | INFO | Epoch 121/200 | LR: 0.034550
2026-04-23 03:57:26 KST | INFO |   Train Loss: 0.1438 | Test Loss: 0.0014 | Test Acc: 88.92%
2026-04-23 03:57:26 KST | INFO |   No improvement (14/30)
2026-04-23 03:57:26 KST | INFO | 
2026-04-23 03:57:26 KST | INFO | Epoch 122/200 | LR: 0.033805
2026-04-23 04:09:21 KST | INFO |   Train Loss: 0.1414 | Test Loss: 0.0013 | Test Acc: 90.32%
2026-04-23 04:09:21 KST | INFO |   🏆 New best accuracy: 90.32%
2026-04-23 04:09:21 KST | INFO | 
2026-04-23 04:09:21 KST | INFO | Epoch 123/200 | LR: 0.033064
2026-04-23 04:20:50 KST | INFO |   Train Loss: 0.1357 | Test Loss: 0.0014 | Test Acc: 89.62%
2026-04-23 04:20:50 KST | INFO |   No improvement (1/30)
2026-04-23 04:20:50 KST | INFO | 
2026-04-23 04:20:50 KST | INFO | Epoch 124/200 | LR: 0.032327
2026-04-23 04:32:38 KST | INFO |   Train Loss: 0.1348 | Test Loss: 0.0013 | Test Acc: 90.02%
2026-04-23 04:32:38 KST | INFO |   No improvement (2/30)
2026-04-23 04:32:38 KST | INFO | 
2026-04-23 04:32:38 KST | INFO | Epoch 125/200 | LR: 0.031594
2026-04-23 04:44:40 KST | INFO |   Train Loss: 0.1371 | Test Loss: 0.0013 | Test Acc: 89.98%
2026-04-23 04:44:40 KST | INFO |   No improvement (3/30)
2026-04-23 04:44:40 KST | INFO | 
2026-04-23 04:44:40 KST | INFO | Epoch 126/200 | LR: 0.030867
2026-04-23 04:56:55 KST | INFO |   Train Loss: 0.1294 | Test Loss: 0.0013 | Test Acc: 90.32%
2026-04-23 04:56:55 KST | INFO |   No improvement (4/30)
2026-04-23 04:56:55 KST | INFO | 
2026-04-23 04:56:55 KST | INFO | Epoch 127/200 | LR: 0.030143
2026-04-23 05:08:48 KST | INFO |   Train Loss: 0.1306 | Test Loss: 0.0012 | Test Acc: 90.56%
2026-04-23 05:08:48 KST | INFO |   🏆 New best accuracy: 90.56%
2026-04-23 05:08:48 KST | INFO | 
2026-04-23 05:08:48 KST | INFO | Epoch 128/200 | LR: 0.029425
2026-04-23 05:20:32 KST | INFO |   Train Loss: 0.1239 | Test Loss: 0.0013 | Test Acc: 90.00%
2026-04-23 05:20:32 KST | INFO |   No improvement (1/30)
2026-04-23 05:20:32 KST | INFO | 
2026-04-23 05:20:32 KST | INFO | Epoch 129/200 | LR: 0.028712
2026-04-23 05:32:18 KST | INFO |   Train Loss: 0.1206 | Test Loss: 0.0013 | Test Acc: 89.96%
2026-04-23 05:32:18 KST | INFO |   No improvement (2/30)
2026-04-23 05:32:18 KST | INFO | 
2026-04-23 05:32:18 KST | INFO | Epoch 130/200 | LR: 0.028004
2026-04-23 05:44:18 KST | INFO |   Train Loss: 0.1189 | Test Loss: 0.0013 | Test Acc: 89.96%
2026-04-23 05:44:18 KST | INFO |   No improvement (3/30)
2026-04-23 05:44:18 KST | INFO | 
2026-04-23 05:44:18 KST | INFO | Epoch 131/200 | LR: 0.027301
2026-04-23 05:56:20 KST | INFO |   Train Loss: 0.1217 | Test Loss: 0.0013 | Test Acc: 89.74%
2026-04-23 05:56:20 KST | INFO |   No improvement (4/30)
2026-04-23 05:56:20 KST | INFO | 
2026-04-23 05:56:20 KST | INFO | Epoch 132/200 | LR: 0.026604
2026-04-23 06:08:12 KST | INFO |   Train Loss: 0.1164 | Test Loss: 0.0013 | Test Acc: 89.72%
2026-04-23 06:08:12 KST | INFO |   No improvement (5/30)
2026-04-23 06:08:12 KST | INFO | 
2026-04-23 06:08:12 KST | INFO | Epoch 133/200 | LR: 0.025913
2026-04-23 06:20:13 KST | INFO |   Train Loss: 0.1095 | Test Loss: 0.0014 | Test Acc: 90.12%
2026-04-23 06:20:13 KST | INFO |   No improvement (6/30)
2026-04-23 06:20:13 KST | INFO | 
2026-04-23 06:20:13 KST | INFO | Epoch 134/200 | LR: 0.025228
2026-04-23 06:32:10 KST | INFO |   Train Loss: 0.1113 | Test Loss: 0.0013 | Test Acc: 90.40%
2026-04-23 06:32:10 KST | INFO |   No improvement (7/30)
2026-04-23 06:32:10 KST | INFO | 
2026-04-23 06:32:10 KST | INFO | Epoch 135/200 | LR: 0.024549
2026-04-23 06:44:25 KST | INFO |   Train Loss: 0.1074 | Test Loss: 0.0013 | Test Acc: 90.21%
2026-04-23 06:44:25 KST | INFO |   No improvement (8/30)
2026-04-23 06:44:25 KST | INFO | 
2026-04-23 06:44:25 KST | INFO | Epoch 136/200 | LR: 0.023876
2026-04-23 06:56:19 KST | INFO |   Train Loss: 0.1073 | Test Loss: 0.0013 | Test Acc: 90.77%
2026-04-23 06:56:19 KST | INFO |   🏆 New best accuracy: 90.77%
2026-04-23 06:56:19 KST | INFO | 
2026-04-23 06:56:19 KST | INFO | Epoch 137/200 | LR: 0.023209
2026-04-23 07:08:07 KST | INFO |   Train Loss: 0.1032 | Test Loss: 0.0013 | Test Acc: 90.07%
2026-04-23 07:08:07 KST | INFO |   No improvement (1/30)
2026-04-23 07:08:07 KST | INFO | 
2026-04-23 07:08:07 KST | INFO | Epoch 138/200 | LR: 0.022550
2026-04-23 07:19:53 KST | INFO |   Train Loss: 0.1009 | Test Loss: 0.0013 | Test Acc: 90.50%
2026-04-23 07:19:53 KST | INFO |   No improvement (2/30)
2026-04-23 07:19:53 KST | INFO | 
2026-04-23 07:19:53 KST | INFO | Epoch 139/200 | LR: 0.021897
2026-04-23 07:31:29 KST | INFO |   Train Loss: 0.0978 | Test Loss: 0.0015 | Test Acc: 88.98%
2026-04-23 07:31:29 KST | INFO |   No improvement (3/30)
2026-04-23 07:31:29 KST | INFO | 
2026-04-23 07:31:29 KST | INFO | Epoch 140/200 | LR: 0.021251
2026-04-23 07:42:54 KST | INFO |   Train Loss: 0.0963 | Test Loss: 0.0014 | Test Acc: 89.81%
2026-04-23 07:42:54 KST | INFO |   No improvement (4/30)
2026-04-23 07:42:54 KST | INFO | 
2026-04-23 07:42:54 KST | INFO | Epoch 141/200 | LR: 0.020612
2026-04-23 07:54:28 KST | INFO |   Train Loss: 0.0924 | Test Loss: 0.0014 | Test Acc: 90.07%
2026-04-23 07:54:28 KST | INFO |   No improvement (5/30)
2026-04-23 07:54:28 KST | INFO | 
2026-04-23 07:54:28 KST | INFO | Epoch 142/200 | LR: 0.019980
2026-04-23 08:06:08 KST | INFO |   Train Loss: 0.0951 | Test Loss: 0.0013 | Test Acc: 90.22%
2026-04-23 08:06:08 KST | INFO |   No improvement (6/30)
2026-04-23 08:06:08 KST | INFO | 
2026-04-23 08:06:08 KST | INFO | Epoch 143/200 | LR: 0.019355
2026-04-23 08:17:55 KST | INFO |   Train Loss: 0.0903 | Test Loss: 0.0013 | Test Acc: 90.66%
2026-04-23 08:17:55 KST | INFO |   No improvement (7/30)
2026-04-23 08:17:55 KST | INFO | 
2026-04-23 08:17:55 KST | INFO | Epoch 144/200 | LR: 0.018739
2026-04-23 08:29:46 KST | INFO |   Train Loss: 0.0877 | Test Loss: 0.0013 | Test Acc: 90.59%
2026-04-23 08:29:46 KST | INFO |   No improvement (8/30)
2026-04-23 08:29:46 KST | INFO | 
2026-04-23 08:29:46 KST | INFO | Epoch 145/200 | LR: 0.018130
2026-04-23 08:41:38 KST | INFO |   Train Loss: 0.0836 | Test Loss: 0.0014 | Test Acc: 89.84%
2026-04-23 08:41:38 KST | INFO |   No improvement (9/30)
2026-04-23 08:41:38 KST | INFO | 
2026-04-23 08:41:38 KST | INFO | Epoch 146/200 | LR: 0.017528
2026-04-23 08:53:37 KST | INFO |   Train Loss: 0.0842 | Test Loss: 0.0014 | Test Acc: 90.00%
2026-04-23 08:53:37 KST | INFO |   No improvement (10/30)
2026-04-23 08:53:37 KST | INFO | 
2026-04-23 08:53:37 KST | INFO | Epoch 147/200 | LR: 0.016935
2026-04-23 09:05:42 KST | INFO |   Train Loss: 0.0788 | Test Loss: 0.0012 | Test Acc: 91.12%
2026-04-23 09:05:42 KST | INFO |   🏆 New best accuracy: 91.12%
2026-04-23 09:05:42 KST | INFO | 
2026-04-23 09:05:42 KST | INFO | Epoch 148/200 | LR: 0.016350
2026-04-23 09:17:38 KST | INFO |   Train Loss: 0.0782 | Test Loss: 0.0013 | Test Acc: 90.41%
2026-04-23 09:17:38 KST | INFO |   No improvement (1/30)
2026-04-23 09:17:38 KST | INFO | 
2026-04-23 09:17:38 KST | INFO | Epoch 149/200 | LR: 0.015773
2026-04-23 09:29:29 KST | INFO |   Train Loss: 0.0771 | Test Loss: 0.0013 | Test Acc: 90.84%
2026-04-23 09:29:29 KST | INFO |   No improvement (2/30)
2026-04-23 09:29:29 KST | INFO | 
2026-04-23 09:29:29 KST | INFO | Epoch 150/200 | LR: 0.015205
2026-04-23 09:41:29 KST | INFO |   Train Loss: 0.0752 | Test Loss: 0.0014 | Test Acc: 90.16%
2026-04-23 09:41:29 KST | INFO |   No improvement (3/30)
2026-04-23 09:41:29 KST | INFO | 
2026-04-23 09:41:29 KST | INFO | Epoch 151/200 | LR: 0.014646
2026-04-23 09:53:33 KST | INFO |   Train Loss: 0.0739 | Test Loss: 0.0014 | Test Acc: 90.29%
2026-04-23 09:53:33 KST | INFO |   No improvement (4/30)
2026-04-23 09:53:33 KST | INFO | 
2026-04-23 09:53:33 KST | INFO | Epoch 152/200 | LR: 0.014095
2026-04-23 10:05:03 KST | INFO |   Train Loss: 0.0720 | Test Loss: 0.0014 | Test Acc: 90.03%
2026-04-23 10:05:03 KST | INFO |   No improvement (5/30)
2026-04-23 10:05:03 KST | INFO | 
2026-04-23 10:05:03 KST | INFO | Epoch 153/200 | LR: 0.013552
2026-04-23 10:16:35 KST | INFO |   Train Loss: 0.0653 | Test Loss: 0.0015 | Test Acc: 90.04%
2026-04-23 10:16:35 KST | INFO |   No improvement (6/30)
2026-04-23 10:16:35 KST | INFO | 
2026-04-23 10:16:35 KST | INFO | Epoch 154/200 | LR: 0.013019
2026-04-23 10:28:08 KST | INFO |   Train Loss: 0.0668 | Test Loss: 0.0014 | Test Acc: 90.52%
2026-04-23 10:28:08 KST | INFO |   No improvement (7/30)
2026-04-23 10:28:08 KST | INFO | 
2026-04-23 10:28:08 KST | INFO | Epoch 155/200 | LR: 0.012495
2026-04-23 10:39:49 KST | INFO |   Train Loss: 0.0639 | Test Loss: 0.0014 | Test Acc: 90.41%
2026-04-23 10:39:49 KST | INFO |   No improvement (8/30)
2026-04-23 10:39:49 KST | INFO | 
2026-04-23 10:39:49 KST | INFO | Epoch 156/200 | LR: 0.011981
2026-04-23 10:51:53 KST | INFO |   Train Loss: 0.0639 | Test Loss: 0.0013 | Test Acc: 90.87%
2026-04-23 10:51:53 KST | INFO |   No improvement (9/30)
2026-04-23 10:51:53 KST | INFO | 
2026-04-23 10:51:53 KST | INFO | Epoch 157/200 | LR: 0.011475
2026-04-23 11:03:58 KST | INFO |   Train Loss: 0.0610 | Test Loss: 0.0012 | Test Acc: 91.11%
2026-04-23 11:03:58 KST | INFO |   No improvement (10/30)
2026-04-23 11:03:58 KST | INFO | 
2026-04-23 11:03:58 KST | INFO | Epoch 158/200 | LR: 0.010979
2026-04-23 11:15:42 KST | INFO |   Train Loss: 0.0585 | Test Loss: 0.0013 | Test Acc: 90.93%
2026-04-23 11:15:42 KST | INFO |   No improvement (11/30)
2026-04-23 11:15:42 KST | INFO | 
2026-04-23 11:15:42 KST | INFO | Epoch 159/200 | LR: 0.010493
2026-04-23 11:27:41 KST | INFO |   Train Loss: 0.0587 | Test Loss: 0.0012 | Test Acc: 91.21%
2026-04-23 11:27:41 KST | INFO |   🏆 New best accuracy: 91.21%
2026-04-23 11:27:41 KST | INFO | 
2026-04-23 11:27:41 KST | INFO | Epoch 160/200 | LR: 0.010017
2026-04-23 11:39:38 KST | INFO |   Train Loss: 0.0559 | Test Loss: 0.0012 | Test Acc: 91.11%
2026-04-23 11:39:38 KST | INFO |   No improvement (1/30)
2026-04-23 11:39:38 KST | INFO | 
2026-04-23 11:39:38 KST | INFO | Epoch 161/200 | LR: 0.009550
2026-04-23 11:51:35 KST | INFO |   Train Loss: 0.0522 | Test Loss: 0.0013 | Test Acc: 91.12%
2026-04-23 11:51:35 KST | INFO |   No improvement (2/30)
2026-04-23 11:51:35 KST | INFO | 
2026-04-23 11:51:35 KST | INFO | Epoch 162/200 | LR: 0.009093
2026-04-23 12:03:27 KST | INFO |   Train Loss: 0.0535 | Test Loss: 0.0013 | Test Acc: 90.82%
2026-04-23 12:03:27 KST | INFO |   No improvement (3/30)
2026-04-23 12:03:27 KST | INFO | 
2026-04-23 12:03:27 KST | INFO | Epoch 163/200 | LR: 0.008647
2026-04-23 12:15:14 KST | INFO |   Train Loss: 0.0492 | Test Loss: 0.0013 | Test Acc: 90.68%
2026-04-23 12:15:14 KST | INFO |   No improvement (4/30)
2026-04-23 12:15:14 KST | INFO | 
2026-04-23 12:15:14 KST | INFO | Epoch 164/200 | LR: 0.008211
2026-04-23 12:27:07 KST | INFO |   Train Loss: 0.0503 | Test Loss: 0.0013 | Test Acc: 90.94%
2026-04-23 12:27:07 KST | INFO |   No improvement (5/30)
2026-04-23 12:27:07 KST | INFO | 
2026-04-23 12:27:07 KST | INFO | Epoch 165/200 | LR: 0.007785
2026-04-23 12:38:50 KST | INFO |   Train Loss: 0.0482 | Test Loss: 0.0013 | Test Acc: 90.81%
2026-04-23 12:38:50 KST | INFO |   No improvement (6/30)
2026-04-23 12:38:50 KST | INFO | 
2026-04-23 12:38:50 KST | INFO | Epoch 166/200 | LR: 0.007369
2026-04-23 12:50:29 KST | INFO |   Train Loss: 0.0475 | Test Loss: 0.0013 | Test Acc: 90.84%
2026-04-23 12:50:29 KST | INFO |   No improvement (7/30)
2026-04-23 12:50:29 KST | INFO | 
2026-04-23 12:50:29 KST | INFO | Epoch 167/200 | LR: 0.006964
2026-04-23 13:02:08 KST | INFO |   Train Loss: 0.0464 | Test Loss: 0.0012 | Test Acc: 90.98%
2026-04-23 13:02:08 KST | INFO |   No improvement (8/30)
2026-04-23 13:02:08 KST | INFO | 
2026-04-23 13:02:08 KST | INFO | Epoch 168/200 | LR: 0.006569
2026-04-23 13:14:15 KST | INFO |   Train Loss: 0.0460 | Test Loss: 0.0014 | Test Acc: 90.88%
2026-04-23 13:14:15 KST | INFO |   No improvement (9/30)
2026-04-23 13:14:15 KST | INFO | 
2026-04-23 13:14:15 KST | INFO | Epoch 169/200 | LR: 0.006186
2026-04-23 13:26:22 KST | INFO |   Train Loss: 0.0425 | Test Loss: 0.0013 | Test Acc: 91.06%
2026-04-23 13:26:22 KST | INFO |   No improvement (10/30)
2026-04-23 13:26:22 KST | INFO | 
2026-04-23 13:26:22 KST | INFO | Epoch 170/200 | LR: 0.005813
2026-04-23 13:38:12 KST | INFO |   Train Loss: 0.0425 | Test Loss: 0.0013 | Test Acc: 91.11%
2026-04-23 13:38:12 KST | INFO |   No improvement (11/30)
2026-04-23 13:38:12 KST | INFO | 
2026-04-23 13:38:12 KST | INFO | Epoch 171/200 | LR: 0.005451
2026-04-23 13:50:12 KST | INFO |   Train Loss: 0.0401 | Test Loss: 0.0013 | Test Acc: 91.02%
2026-04-23 13:50:12 KST | INFO |   No improvement (12/30)
2026-04-23 13:50:12 KST | INFO | 
2026-04-23 13:50:12 KST | INFO | Epoch 172/200 | LR: 0.005100
2026-04-23 14:02:07 KST | INFO |   Train Loss: 0.0401 | Test Loss: 0.0013 | Test Acc: 90.98%
2026-04-23 14:02:07 KST | INFO |   No improvement (13/30)
2026-04-23 14:02:07 KST | INFO | 
2026-04-23 14:02:07 KST | INFO | Epoch 173/200 | LR: 0.004760
2026-04-23 14:14:23 KST | INFO |   Train Loss: 0.0377 | Test Loss: 0.0013 | Test Acc: 91.07%
2026-04-23 14:14:23 KST | INFO |   No improvement (14/30)
2026-04-23 14:14:23 KST | INFO | 
2026-04-23 14:14:23 KST | INFO | Epoch 174/200 | LR: 0.004431
2026-04-23 14:26:45 KST | INFO |   Train Loss: 0.0369 | Test Loss: 0.0013 | Test Acc: 90.80%
2026-04-23 14:26:45 KST | INFO |   No improvement (15/30)
2026-04-23 14:26:45 KST | INFO | 
2026-04-23 14:26:45 KST | INFO | Epoch 175/200 | LR: 0.004113
2026-04-23 14:38:37 KST | INFO |   Train Loss: 0.0364 | Test Loss: 0.0013 | Test Acc: 91.28%
2026-04-23 14:38:37 KST | INFO |   🏆 New best accuracy: 91.28%
2026-04-23 14:38:37 KST | INFO | 
2026-04-23 14:38:37 KST | INFO | Epoch 176/200 | LR: 0.003807
2026-04-23 14:51:33 KST | INFO |   Train Loss: 0.0350 | Test Loss: 0.0013 | Test Acc: 91.27%
2026-04-23 14:51:33 KST | INFO |   No improvement (1/30)
2026-04-23 14:51:33 KST | INFO | 
2026-04-23 14:51:33 KST | INFO | Epoch 177/200 | LR: 0.003512
2026-04-23 15:03:32 KST | INFO |   Train Loss: 0.0333 | Test Loss: 0.0013 | Test Acc: 90.86%
2026-04-23 15:03:32 KST | INFO |   No improvement (2/30)
2026-04-23 15:03:32 KST | INFO | 
2026-04-23 15:03:32 KST | INFO | Epoch 178/200 | LR: 0.003229
2026-04-23 15:15:03 KST | INFO |   Train Loss: 0.0346 | Test Loss: 0.0013 | Test Acc: 91.21%
2026-04-23 15:15:03 KST | INFO |   No improvement (3/30)
2026-04-23 15:15:03 KST | INFO | 
2026-04-23 15:15:03 KST | INFO | Epoch 179/200 | LR: 0.002957
2026-04-23 15:26:58 KST | INFO |   Train Loss: 0.0322 | Test Loss: 0.0012 | Test Acc: 91.29%
2026-04-23 15:26:58 KST | INFO |   🏆 New best accuracy: 91.29%
2026-04-23 15:26:58 KST | INFO | 
2026-04-23 15:26:58 KST | INFO | Epoch 180/200 | LR: 0.002697
2026-04-23 15:38:53 KST | INFO |   Train Loss: 0.0322 | Test Loss: 0.0013 | Test Acc: 91.16%
2026-04-23 15:38:53 KST | INFO |   No improvement (1/30)
2026-04-23 15:38:53 KST | INFO | 
2026-04-23 15:38:53 KST | INFO | Epoch 181/200 | LR: 0.002448
2026-04-23 15:50:36 KST | INFO |   Train Loss: 0.0315 | Test Loss: 0.0013 | Test Acc: 91.16%
2026-04-23 15:50:36 KST | INFO |   No improvement (2/30)
2026-04-23 15:50:36 KST | INFO | 
2026-04-23 15:50:36 KST | INFO | Epoch 182/200 | LR: 0.002211
2026-04-23 16:02:10 KST | INFO |   Train Loss: 0.0302 | Test Loss: 0.0013 | Test Acc: 91.20%
2026-04-23 16:02:10 KST | INFO |   No improvement (3/30)
2026-04-23 16:02:10 KST | INFO | 
2026-04-23 16:02:10 KST | INFO | Epoch 183/200 | LR: 0.001986
2026-04-23 16:13:51 KST | INFO |   Train Loss: 0.0300 | Test Loss: 0.0013 | Test Acc: 91.09%
2026-04-23 16:13:51 KST | INFO |   No improvement (4/30)
2026-04-23 16:13:51 KST | INFO | 
2026-04-23 16:13:51 KST | INFO | Epoch 184/200 | LR: 0.001773
2026-04-23 16:26:02 KST | INFO |   Train Loss: 0.0290 | Test Loss: 0.0013 | Test Acc: 91.33%
2026-04-23 16:26:02 KST | INFO |   🏆 New best accuracy: 91.33%
2026-04-23 16:26:02 KST | INFO | 
2026-04-23 16:26:02 KST | INFO | Epoch 185/200 | LR: 0.001572
2026-04-23 16:39:07 KST | INFO |   Train Loss: 0.0295 | Test Loss: 0.0013 | Test Acc: 91.40%
2026-04-23 16:39:07 KST | INFO |   🏆 New best accuracy: 91.40%
2026-04-23 16:39:07 KST | INFO | 
2026-04-23 16:39:07 KST | INFO | Epoch 186/200 | LR: 0.001382
2026-04-23 16:51:46 KST | INFO |   Train Loss: 0.0287 | Test Loss: 0.0013 | Test Acc: 91.23%
2026-04-23 16:51:46 KST | INFO |   No improvement (1/30)
2026-04-23 16:51:46 KST | INFO | 
2026-04-23 16:51:46 KST | INFO | Epoch 187/200 | LR: 0.001205
2026-04-23 17:03:46 KST | INFO |   Train Loss: 0.0281 | Test Loss: 0.0013 | Test Acc: 91.16%
2026-04-23 17:03:46 KST | INFO |   No improvement (2/30)
2026-04-23 17:03:46 KST | INFO | 
2026-04-23 17:03:46 KST | INFO | Epoch 188/200 | LR: 0.001040
2026-04-23 17:15:38 KST | INFO |   Train Loss: 0.0268 | Test Loss: 0.0013 | Test Acc: 91.42%
2026-04-23 17:15:38 KST | INFO |   🏆 New best accuracy: 91.42%
2026-04-23 17:15:38 KST | INFO | 
2026-04-23 17:15:38 KST | INFO | Epoch 189/200 | LR: 0.000887
2026-04-23 17:27:33 KST | INFO |   Train Loss: 0.0270 | Test Loss: 0.0013 | Test Acc: 91.16%
2026-04-23 17:27:33 KST | INFO |   No improvement (1/30)
2026-04-23 17:27:33 KST | INFO | 
2026-04-23 17:27:33 KST | INFO | Epoch 190/200 | LR: 0.000746
2026-04-23 17:39:43 KST | INFO |   Train Loss: 0.0270 | Test Loss: 0.0013 | Test Acc: 91.31%
2026-04-23 17:39:43 KST | INFO |   No improvement (2/30)
2026-04-23 17:39:43 KST | INFO | 
2026-04-23 17:39:43 KST | INFO | Epoch 191/200 | LR: 0.000617
2026-04-23 17:51:33 KST | INFO |   Train Loss: 0.0269 | Test Loss: 0.0013 | Test Acc: 91.33%
2026-04-23 17:51:33 KST | INFO |   No improvement (3/30)
2026-04-23 17:51:33 KST | INFO | 
2026-04-23 17:51:33 KST | INFO | Epoch 192/200 | LR: 0.000500
2026-04-23 18:03:34 KST | INFO |   Train Loss: 0.0255 | Test Loss: 0.0013 | Test Acc: 91.23%
2026-04-23 18:03:34 KST | INFO |   No improvement (4/30)
2026-04-23 18:03:34 KST | INFO | 
2026-04-23 18:03:34 KST | INFO | Epoch 193/200 | LR: 0.000395
2026-04-23 18:16:05 KST | INFO |   Train Loss: 0.0259 | Test Loss: 0.0013 | Test Acc: 91.33%
2026-04-23 18:16:05 KST | INFO |   No improvement (5/30)
2026-04-23 18:16:05 KST | INFO | 
2026-04-23 18:16:05 KST | INFO | Epoch 194/200 | LR: 0.000303
2026-04-23 18:29:31 KST | INFO |   Train Loss: 0.0255 | Test Loss: 0.0013 | Test Acc: 91.28%
2026-04-23 18:29:31 KST | INFO |   No improvement (6/30)
2026-04-23 18:29:31 KST | INFO | 
2026-04-23 18:29:31 KST | INFO | Epoch 195/200 | LR: 0.000223
2026-04-23 18:42:47 KST | INFO |   Train Loss: 0.0253 | Test Loss: 0.0013 | Test Acc: 91.36%
2026-04-23 18:42:47 KST | INFO |   No improvement (7/30)
2026-04-23 18:42:47 KST | INFO | 
2026-04-23 18:42:47 KST | INFO | Epoch 196/200 | LR: 0.000155
2026-04-23 18:54:42 KST | INFO |   Train Loss: 0.0246 | Test Loss: 0.0013 | Test Acc: 91.36%
2026-04-23 18:54:42 KST | INFO |   No improvement (8/30)
2026-04-23 18:54:42 KST | INFO | 
2026-04-23 18:54:42 KST | INFO | Epoch 197/200 | LR: 0.000100
2026-04-23 19:06:29 KST | INFO |   Train Loss: 0.0250 | Test Loss: 0.0013 | Test Acc: 91.34%
2026-04-23 19:06:29 KST | INFO |   No improvement (9/30)
2026-04-23 19:06:29 KST | INFO | 
2026-04-23 19:06:29 KST | INFO | Epoch 198/200 | LR: 0.000057
2026-04-23 19:18:32 KST | INFO |   Train Loss: 0.0247 | Test Loss: 0.0013 | Test Acc: 91.27%
2026-04-23 19:18:32 KST | INFO |   No improvement (10/30)
2026-04-23 19:18:32 KST | INFO | 
2026-04-23 19:18:32 KST | INFO | Epoch 199/200 | LR: 0.000026
2026-04-23 19:30:29 KST | INFO |   Train Loss: 0.0249 | Test Loss: 0.0013 | Test Acc: 91.26%
2026-04-23 19:30:29 KST | INFO |   No improvement (11/30)
2026-04-23 19:30:29 KST | INFO | 
2026-04-23 19:30:29 KST | INFO | Epoch 200/200 | LR: 0.000007
2026-04-23 19:42:26 KST | INFO |   Train Loss: 0.0256 | Test Loss: 0.0013 | Test Acc: 91.26%
2026-04-23 19:42:26 KST | INFO |   No improvement (12/30)
2026-04-23 19:42:26 KST | INFO | 
2026-04-23 19:42:26 KST | INFO | ================================================================================
2026-04-23 19:42:26 KST | INFO | TRAINING COMPLETE
2026-04-23 19:42:26 KST | INFO | ================================================================================
2026-04-23 19:42:26 KST | INFO | Best accuracy:  91.42% (Epoch 188)
2026-04-23 19:42:26 KST | INFO | Final accuracy: 91.26%
2026-04-23 19:42:26 KST | INFO | ================================================================================
2026-04-23 19:42:26 KST | INFO | 
2026-04-23 19:42:26 KST | INFO | Notifying nodes of completion...
2026-04-23 19:42:27 KST | INFO | ✓ Nodes notified
2026-04-23 19:42:27 KST | INFO | 
2026-04-23 19:42:27 KST | INFO | Closing connections...
2026-04-23 19:42:27 KST | INFO | ✓ Cleanup complete
2026-04-23 19:42:27 KST | INFO | 
2026-04-23 19:42:27 KST | INFO | Full log: logs/TL++_secure_20260422_034310.log
2026-04-23 19:42:27 KST | INFO | ================================================================================
