2026-02-20 04:20:45 KST | INFO | ================================================================================
2026-02-20 04:20:45 KST | INFO | TL++ Orchestrator
2026-02-20 04:20:45 KST | INFO | ================================================================================
2026-02-20 04:20:45 KST | INFO | Log file: logs/TL++_secure_20260220_042045.log
2026-02-20 04:20:45 KST | INFO | 
2026-02-20 04:20:45 KST | INFO | --------------------------------------------------------------------------------
2026-02-20 04:20:45 KST | INFO | CONFIGURATION
2026-02-20 04:20:45 KST | INFO | --------------------------------------------------------------------------------
2026-02-20 04:20:45 KST | INFO | Secure mode:      True
2026-02-20 04:20:45 KST | INFO | Helper endpoint:  127.0.0.1:8082
2026-02-20 04:20:45 KST | INFO | Activation noise: 2.0%
2026-02-20 04:20:45 KST | INFO | Gradient noise:   10.0%
2026-02-20 04:20:45 KST | INFO | Nodes:            3
2026-02-20 04:20:45 KST | INFO | Cut layer:        2
2026-02-20 04:20:45 KST | INFO | Batch size:       128
2026-02-20 04:20:45 KST | INFO | Learning rate:    0.1
2026-02-20 04:20:45 KST | INFO | 
2026-02-20 04:20:45 KST | INFO | Computation device: cuda
2026-02-20 04:20:45 KST | INFO | Secure mode: ✓ ENABLED
2026-02-20 04:20:45 KST | INFO | 
2026-02-20 04:20:45 KST | INFO | --------------------------------------------------------------------------------
2026-02-20 04:20:45 KST | INFO | NETWORK SETUP
2026-02-20 04:20:45 KST | INFO | --------------------------------------------------------------------------------
2026-02-20 04:20:45 KST | INFO | ✓ Orchestrator listening on 127.0.0.1:8080
2026-02-20 04:20:45 KST | INFO | ✓ Helper node on 127.0.0.1:8082
2026-02-20 04:20:45 KST | INFO | 
2026-02-20 04:20:45 KST | INFO | Waiting for helper node...
2026-02-20 04:20:47 KST | INFO | ✓ Helper node connected
2026-02-20 04:20:47 KST | INFO | ✓ Noise config sent to helper (activation: 2.0%, gradient: 10.0%)
2026-02-20 04:20:47 KST | INFO | 
2026-02-20 04:20:47 KST | INFO | Waiting for 3 node(s)...
2026-02-20 04:20:51 KST | INFO |   ✓ Node 1/3 connected
2026-02-20 04:20:52 KST | INFO |   ✓ Node 2/3 connected
2026-02-20 04:20:53 KST | INFO |   ✓ Node 3/3 connected
2026-02-20 04:20:53 KST | INFO | ✓ All 3 node(s) connected
2026-02-20 04:20:53 KST | INFO | 
2026-02-20 04:20:53 KST | INFO | --------------------------------------------------------------------------------
2026-02-20 04:20:53 KST | INFO | MODEL INITIALIZATION
2026-02-20 04:20:53 KST | INFO | --------------------------------------------------------------------------------
2026-02-20 04:20:53 KST | INFO | Node-side parameters: 260,160
2026-02-20 04:20:53 KST | INFO | 
2026-02-20 04:20:53 KST | INFO | --------------------------------------------------------------------------------
2026-02-20 04:20:53 KST | INFO | BROADCASTING CONFIGURATION
2026-02-20 04:20:53 KST | INFO | --------------------------------------------------------------------------------
2026-02-20 04:20:53 KST | INFO | ✓ Configuration broadcast to all nodes
2026-02-20 04:20:54 KST | INFO | 
2026-02-20 04:20:54 KST | INFO | Total parameters:     3,244,611
2026-02-20 04:20:54 KST | INFO | Trainable parameters: 3,244,611
2026-02-20 04:20:54 KST | INFO | 
2026-02-20 04:20:54 KST | INFO | --------------------------------------------------------------------------------
2026-02-20 04:20:54 KST | INFO | DATA LOADING
2026-02-20 04:20:54 KST | INFO | --------------------------------------------------------------------------------
2026-02-20 04:21:18 KST | INFO | ✓ Dataset information collected:
2026-02-20 04:21:18 KST | INFO |     Node 1: 5,000 samples
2026-02-20 04:21:18 KST | INFO |     Node 2: 5,000 samples
2026-02-20 04:21:18 KST | INFO |     Node 3: 5,000 samples
2026-02-20 04:21:18 KST | INFO |   Total training samples: 15,000
2026-02-20 04:21:18 KST | INFO | 
2026-02-20 04:21:22 KST | INFO | ✓ Test dataset loaded: 3,000 samples
2026-02-20 04:21:22 KST | INFO | 
2026-02-20 04:21:22 KST | INFO | ✓ Batch scheduler: 118 batches/epoch
2026-02-20 04:21:22 KST | INFO | 
2026-02-20 04:21:22 KST | INFO | --------------------------------------------------------------------------------
2026-02-20 04:21:22 KST | INFO | OPTIMIZATION SETUP
2026-02-20 04:21:22 KST | INFO | --------------------------------------------------------------------------------
2026-02-20 04:21:22 KST | INFO | ✓ Optimizer: SGD (lr=0.1, momentum=0.9)
2026-02-20 04:21:22 KST | INFO | ✓ Scheduler: cosine
2026-02-20 04:21:22 KST | INFO | ✓ Gradient clipping: 1.0
2026-02-20 04:21:22 KST | INFO | 
2026-02-20 04:21:22 KST | INFO | ================================================================================
2026-02-20 04:21:22 KST | INFO | Setup complete - Ready for training
2026-02-20 04:21:22 KST | INFO | ================================================================================
2026-02-20 04:21:22 KST | INFO | 
2026-02-20 04:21:22 KST | INFO | --------------------------------------------------------------------------------
2026-02-20 04:21:22 KST | INFO | TRAINING
2026-02-20 04:21:22 KST | INFO | --------------------------------------------------------------------------------
2026-02-20 04:21:22 KST | INFO | 
2026-02-20 04:21:22 KST | INFO | Epoch 1/200 | LR: 0.100000
2026-02-20 04:21:46 KST | INFO |   Train Loss: 0.7906 | Test Loss: 0.0027 | Test Acc: 71.47%
2026-02-20 04:21:46 KST | INFO |   🏆 New best accuracy: 71.47%
2026-02-20 04:21:46 KST | INFO | 
2026-02-20 04:21:46 KST | INFO | Epoch 2/200 | LR: 0.099994
2026-02-20 04:22:09 KST | INFO |   Train Loss: 0.5180 | Test Loss: 0.0018 | Test Acc: 84.03%
2026-02-20 04:22:09 KST | INFO |   🏆 New best accuracy: 84.03%
2026-02-20 04:22:09 KST | INFO | 
2026-02-20 04:22:09 KST | INFO | Epoch 3/200 | LR: 0.099975
2026-02-20 04:22:32 KST | INFO |   Train Loss: 0.4147 | Test Loss: 0.0016 | Test Acc: 86.53%
2026-02-20 04:22:32 KST | INFO |   🏆 New best accuracy: 86.53%
2026-02-20 04:22:32 KST | INFO | 
2026-02-20 04:22:32 KST | INFO | Epoch 4/200 | LR: 0.099944
2026-02-20 04:22:55 KST | INFO |   Train Loss: 0.3451 | Test Loss: 0.0018 | Test Acc: 82.27%
2026-02-20 04:22:55 KST | INFO |   No improvement (1/30)
2026-02-20 04:22:55 KST | INFO | 
2026-02-20 04:22:55 KST | INFO | Epoch 5/200 | LR: 0.099901
2026-02-20 04:23:18 KST | INFO |   Train Loss: 0.3079 | Test Loss: 0.0014 | Test Acc: 87.03%
2026-02-20 04:23:18 KST | INFO |   🏆 New best accuracy: 87.03%
2026-02-20 04:23:18 KST | INFO | 
2026-02-20 04:23:18 KST | INFO | Epoch 6/200 | LR: 0.099846
2026-02-20 04:23:41 KST | INFO |   Train Loss: 0.2680 | Test Loss: 0.0015 | Test Acc: 87.33%
2026-02-20 04:23:41 KST | INFO |   🏆 New best accuracy: 87.33%
2026-02-20 04:23:41 KST | INFO | 
2026-02-20 04:23:41 KST | INFO | Epoch 7/200 | LR: 0.099778
2026-02-20 04:24:04 KST | INFO |   Train Loss: 0.2365 | Test Loss: 0.0010 | Test Acc: 90.97%
2026-02-20 04:24:04 KST | INFO |   🏆 New best accuracy: 90.97%
2026-02-20 04:24:04 KST | INFO | 
2026-02-20 04:24:04 KST | INFO | Epoch 8/200 | LR: 0.099698
2026-02-20 04:24:34 KST | INFO |   Train Loss: 0.2227 | Test Loss: 0.0013 | Test Acc: 86.97%
2026-02-20 04:24:34 KST | INFO |   No improvement (1/30)
2026-02-20 04:24:34 KST | INFO | 
2026-02-20 04:24:34 KST | INFO | Epoch 9/200 | LR: 0.099606
2026-02-20 04:24:57 KST | INFO |   Train Loss: 0.2044 | Test Loss: 0.0008 | Test Acc: 93.17%
2026-02-20 04:24:57 KST | INFO |   🏆 New best accuracy: 93.17%
2026-02-20 04:24:57 KST | INFO | 
2026-02-20 04:24:57 KST | INFO | Epoch 10/200 | LR: 0.099501
2026-02-20 04:25:21 KST | INFO |   Train Loss: 0.1887 | Test Loss: 0.0011 | Test Acc: 90.57%
2026-02-20 04:25:21 KST | INFO |   No improvement (1/30)
2026-02-20 04:25:21 KST | INFO | 
2026-02-20 04:25:21 KST | INFO | Epoch 11/200 | LR: 0.099384
2026-02-20 04:25:44 KST | INFO |   Train Loss: 0.1812 | Test Loss: 0.0008 | Test Acc: 92.70%
2026-02-20 04:25:44 KST | INFO |   No improvement (2/30)
2026-02-20 04:25:44 KST | INFO | 
2026-02-20 04:25:44 KST | INFO | Epoch 12/200 | LR: 0.099255
2026-02-20 04:26:07 KST | INFO |   Train Loss: 0.1739 | Test Loss: 0.0011 | Test Acc: 89.50%
2026-02-20 04:26:07 KST | INFO |   No improvement (3/30)
2026-02-20 04:26:07 KST | INFO | 
2026-02-20 04:26:07 KST | INFO | Epoch 13/200 | LR: 0.099114
2026-02-20 04:26:30 KST | INFO |   Train Loss: 0.1621 | Test Loss: 0.0008 | Test Acc: 93.07%
2026-02-20 04:26:30 KST | INFO |   No improvement (4/30)
2026-02-20 04:26:30 KST | INFO | 
2026-02-20 04:26:30 KST | INFO | Epoch 14/200 | LR: 0.098961
2026-02-20 04:26:53 KST | INFO |   Train Loss: 0.1556 | Test Loss: 0.0009 | Test Acc: 91.27%
2026-02-20 04:26:53 KST | INFO |   No improvement (5/30)
2026-02-20 04:26:53 KST | INFO | 
2026-02-20 04:26:53 KST | INFO | Epoch 15/200 | LR: 0.098796
2026-02-20 04:27:16 KST | INFO |   Train Loss: 0.1552 | Test Loss: 0.0010 | Test Acc: 90.93%
2026-02-20 04:27:16 KST | INFO |   No improvement (6/30)
2026-02-20 04:27:16 KST | INFO | 
2026-02-20 04:27:16 KST | INFO | Epoch 16/200 | LR: 0.098619
2026-02-20 04:27:45 KST | INFO |   Train Loss: 0.1468 | Test Loss: 0.0011 | Test Acc: 89.10%
2026-02-20 04:27:45 KST | INFO |   No improvement (7/30)
2026-02-20 04:27:45 KST | INFO | 
2026-02-20 04:27:45 KST | INFO | Epoch 17/200 | LR: 0.098429
2026-02-20 04:28:08 KST | INFO |   Train Loss: 0.1405 | Test Loss: 0.0008 | Test Acc: 92.43%
2026-02-20 04:28:08 KST | INFO |   No improvement (8/30)
2026-02-20 04:28:08 KST | INFO | 
2026-02-20 04:28:08 KST | INFO | Epoch 18/200 | LR: 0.098228
2026-02-20 04:28:31 KST | INFO |   Train Loss: 0.1377 | Test Loss: 0.0006 | Test Acc: 94.33%
2026-02-20 04:28:31 KST | INFO |   🏆 New best accuracy: 94.33%
2026-02-20 04:28:31 KST | INFO | 
2026-02-20 04:28:31 KST | INFO | Epoch 19/200 | LR: 0.098015
2026-02-20 04:28:54 KST | INFO |   Train Loss: 0.1351 | Test Loss: 0.0010 | Test Acc: 91.23%
2026-02-20 04:28:54 KST | INFO |   No improvement (1/30)
2026-02-20 04:28:54 KST | INFO | 
2026-02-20 04:28:54 KST | INFO | Epoch 20/200 | LR: 0.097790
2026-02-20 04:29:18 KST | INFO |   Train Loss: 0.1296 | Test Loss: 0.0013 | Test Acc: 87.67%
2026-02-20 04:29:18 KST | INFO |   No improvement (2/30)
2026-02-20 04:29:18 KST | INFO | 
2026-02-20 04:29:18 KST | INFO | Epoch 21/200 | LR: 0.097553
2026-02-20 04:29:41 KST | INFO |   Train Loss: 0.1213 | Test Loss: 0.0006 | Test Acc: 93.83%
2026-02-20 04:29:41 KST | INFO |   No improvement (3/30)
2026-02-20 04:29:41 KST | INFO | 
2026-02-20 04:29:41 KST | INFO | Epoch 22/200 | LR: 0.097304
2026-02-20 04:30:10 KST | INFO |   Train Loss: 0.1232 | Test Loss: 0.0008 | Test Acc: 91.53%
2026-02-20 04:30:10 KST | INFO |   No improvement (4/30)
2026-02-20 04:30:10 KST | INFO | 
2026-02-20 04:30:10 KST | INFO | Epoch 23/200 | LR: 0.097044
2026-02-20 04:30:33 KST | INFO |   Train Loss: 0.1196 | Test Loss: 0.0007 | Test Acc: 93.27%
2026-02-20 04:30:33 KST | INFO |   No improvement (5/30)
2026-02-20 04:30:33 KST | INFO | 
2026-02-20 04:30:33 KST | INFO | Epoch 24/200 | LR: 0.096772
2026-02-20 04:30:56 KST | INFO |   Train Loss: 0.1097 | Test Loss: 0.0007 | Test Acc: 93.97%
2026-02-20 04:30:56 KST | INFO |   No improvement (6/30)
2026-02-20 04:30:56 KST | INFO | 
2026-02-20 04:30:56 KST | INFO | Epoch 25/200 | LR: 0.096489
2026-02-20 04:31:20 KST | INFO |   Train Loss: 0.1131 | Test Loss: 0.0007 | Test Acc: 93.03%
2026-02-20 04:31:20 KST | INFO |   No improvement (7/30)
2026-02-20 04:31:20 KST | INFO | 
2026-02-20 04:31:20 KST | INFO | Epoch 26/200 | LR: 0.096194
2026-02-20 04:31:43 KST | INFO |   Train Loss: 0.1095 | Test Loss: 0.0007 | Test Acc: 93.80%
2026-02-20 04:31:43 KST | INFO |   No improvement (8/30)
2026-02-20 04:31:43 KST | INFO | 
2026-02-20 04:31:43 KST | INFO | Epoch 27/200 | LR: 0.095888
2026-02-20 04:32:13 KST | INFO |   Train Loss: 0.1085 | Test Loss: 0.0006 | Test Acc: 94.63%
2026-02-20 04:32:13 KST | INFO |   🏆 New best accuracy: 94.63%
2026-02-20 04:32:13 KST | INFO | 
2026-02-20 04:32:13 KST | INFO | Epoch 28/200 | LR: 0.095570
2026-02-20 04:32:36 KST | INFO |   Train Loss: 0.1054 | Test Loss: 0.0010 | Test Acc: 91.63%
2026-02-20 04:32:36 KST | INFO |   No improvement (1/30)
2026-02-20 04:32:36 KST | INFO | 
2026-02-20 04:32:36 KST | INFO | Epoch 29/200 | LR: 0.095241
2026-02-20 04:32:59 KST | INFO |   Train Loss: 0.1079 | Test Loss: 0.0007 | Test Acc: 93.20%
2026-02-20 04:32:59 KST | INFO |   No improvement (2/30)
2026-02-20 04:32:59 KST | INFO | 
2026-02-20 04:32:59 KST | INFO | Epoch 30/200 | LR: 0.094901
2026-02-20 04:33:22 KST | INFO |   Train Loss: 0.1036 | Test Loss: 0.0009 | Test Acc: 91.70%
2026-02-20 04:33:22 KST | INFO |   No improvement (3/30)
2026-02-20 04:33:22 KST | INFO | 
2026-02-20 04:33:22 KST | INFO | Epoch 31/200 | LR: 0.094550
2026-02-20 04:33:46 KST | INFO |   Train Loss: 0.0980 | Test Loss: 0.0007 | Test Acc: 93.70%
2026-02-20 04:33:46 KST | INFO |   No improvement (4/30)
2026-02-20 04:33:46 KST | INFO | 
2026-02-20 04:33:46 KST | INFO | Epoch 32/200 | LR: 0.094188
2026-02-20 04:34:11 KST | INFO |   Train Loss: 0.0998 | Test Loss: 0.0007 | Test Acc: 93.37%
2026-02-20 04:34:11 KST | INFO |   No improvement (5/30)
2026-02-20 04:34:11 KST | INFO | 
2026-02-20 04:34:11 KST | INFO | Epoch 33/200 | LR: 0.093815
2026-02-20 04:34:37 KST | INFO |   Train Loss: 0.0929 | Test Loss: 0.0005 | Test Acc: 95.67%
2026-02-20 04:34:37 KST | INFO |   🏆 New best accuracy: 95.67%
2026-02-20 04:34:37 KST | INFO | 
2026-02-20 04:34:37 KST | INFO | Epoch 34/200 | LR: 0.093432
2026-02-20 04:35:04 KST | INFO |   Train Loss: 0.0995 | Test Loss: 0.0009 | Test Acc: 92.67%
2026-02-20 04:35:04 KST | INFO |   No improvement (1/30)
2026-02-20 04:35:04 KST | INFO | 
2026-02-20 04:35:04 KST | INFO | Epoch 35/200 | LR: 0.093037
2026-02-20 04:35:28 KST | INFO |   Train Loss: 0.0904 | Test Loss: 0.0009 | Test Acc: 92.33%
2026-02-20 04:35:28 KST | INFO |   No improvement (2/30)
2026-02-20 04:35:28 KST | INFO | 
2026-02-20 04:35:28 KST | INFO | Epoch 36/200 | LR: 0.092632
2026-02-20 04:35:52 KST | INFO |   Train Loss: 0.0912 | Test Loss: 0.0007 | Test Acc: 93.93%
2026-02-20 04:35:52 KST | INFO |   No improvement (3/30)
2026-02-20 04:35:52 KST | INFO | 
2026-02-20 04:35:52 KST | INFO | Epoch 37/200 | LR: 0.092216
2026-02-20 04:36:17 KST | INFO |   Train Loss: 0.0896 | Test Loss: 0.0011 | Test Acc: 90.30%
2026-02-20 04:36:17 KST | INFO |   No improvement (4/30)
2026-02-20 04:36:17 KST | INFO | 
2026-02-20 04:36:17 KST | INFO | Epoch 38/200 | LR: 0.091790
2026-02-20 04:36:41 KST | INFO |   Train Loss: 0.0905 | Test Loss: 0.0007 | Test Acc: 93.63%
2026-02-20 04:36:41 KST | INFO |   No improvement (5/30)
2026-02-20 04:36:41 KST | INFO | 
2026-02-20 04:36:41 KST | INFO | Epoch 39/200 | LR: 0.091354
2026-02-20 04:37:08 KST | INFO |   Train Loss: 0.0859 | Test Loss: 0.0007 | Test Acc: 93.90%
2026-02-20 04:37:08 KST | INFO |   No improvement (6/30)
2026-02-20 04:37:08 KST | INFO | 
2026-02-20 04:37:08 KST | INFO | Epoch 40/200 | LR: 0.090908
2026-02-20 04:37:35 KST | INFO |   Train Loss: 0.0824 | Test Loss: 0.0005 | Test Acc: 95.07%
2026-02-20 04:37:35 KST | INFO |   No improvement (7/30)
2026-02-20 04:37:35 KST | INFO | 
2026-02-20 04:37:35 KST | INFO | Epoch 41/200 | LR: 0.090451
2026-02-20 04:37:58 KST | INFO |   Train Loss: 0.0911 | Test Loss: 0.0008 | Test Acc: 92.43%
2026-02-20 04:37:58 KST | INFO |   No improvement (8/30)
2026-02-20 04:37:58 KST | INFO | 
2026-02-20 04:37:58 KST | INFO | Epoch 42/200 | LR: 0.089984
2026-02-20 04:38:23 KST | INFO |   Train Loss: 0.0808 | Test Loss: 0.0009 | Test Acc: 92.27%
2026-02-20 04:38:23 KST | INFO |   No improvement (9/30)
2026-02-20 04:38:23 KST | INFO | 
2026-02-20 04:38:23 KST | INFO | Epoch 43/200 | LR: 0.089508
2026-02-20 04:38:47 KST | INFO |   Train Loss: 0.0821 | Test Loss: 0.0010 | Test Acc: 91.53%
2026-02-20 04:38:47 KST | INFO |   No improvement (10/30)
2026-02-20 04:38:47 KST | INFO | 
2026-02-20 04:38:47 KST | INFO | Epoch 44/200 | LR: 0.089022
2026-02-20 04:39:10 KST | INFO |   Train Loss: 0.0754 | Test Loss: 0.0009 | Test Acc: 92.70%
2026-02-20 04:39:10 KST | INFO |   No improvement (11/30)
2026-02-20 04:39:10 KST | INFO | 
2026-02-20 04:39:10 KST | INFO | Epoch 45/200 | LR: 0.088526
2026-02-20 04:39:34 KST | INFO |   Train Loss: 0.0759 | Test Loss: 0.0006 | Test Acc: 94.93%
2026-02-20 04:39:34 KST | INFO |   No improvement (12/30)
2026-02-20 04:39:34 KST | INFO | 
2026-02-20 04:39:34 KST | INFO | Epoch 46/200 | LR: 0.088020
2026-02-20 04:39:58 KST | INFO |   Train Loss: 0.0787 | Test Loss: 0.0006 | Test Acc: 94.17%
2026-02-20 04:39:58 KST | INFO |   No improvement (13/30)
2026-02-20 04:39:58 KST | INFO | 
2026-02-20 04:39:58 KST | INFO | Epoch 47/200 | LR: 0.087506
2026-02-20 04:40:23 KST | INFO |   Train Loss: 0.0775 | Test Loss: 0.0007 | Test Acc: 94.17%
2026-02-20 04:40:23 KST | INFO |   No improvement (14/30)
2026-02-20 04:40:23 KST | INFO | 
2026-02-20 04:40:23 KST | INFO | Epoch 48/200 | LR: 0.086982
2026-02-20 04:40:51 KST | INFO |   Train Loss: 0.0755 | Test Loss: 0.0012 | Test Acc: 90.17%
2026-02-20 04:40:51 KST | INFO |   No improvement (15/30)
2026-02-20 04:40:51 KST | INFO | 
2026-02-20 04:40:51 KST | INFO | Epoch 49/200 | LR: 0.086449
2026-02-20 04:41:15 KST | INFO |   Train Loss: 0.0770 | Test Loss: 0.0005 | Test Acc: 95.07%
2026-02-20 04:41:15 KST | INFO |   No improvement (16/30)
2026-02-20 04:41:15 KST | INFO | 
2026-02-20 04:41:15 KST | INFO | Epoch 50/200 | LR: 0.085906
2026-02-20 04:41:39 KST | INFO |   Train Loss: 0.0701 | Test Loss: 0.0006 | Test Acc: 94.97%
2026-02-20 04:41:39 KST | INFO |   No improvement (17/30)
2026-02-20 04:41:39 KST | INFO | 
2026-02-20 04:41:39 KST | INFO | Epoch 51/200 | LR: 0.085355
2026-02-20 04:42:03 KST | INFO |   Train Loss: 0.0744 | Test Loss: 0.0005 | Test Acc: 95.47%
2026-02-20 04:42:03 KST | INFO |   No improvement (18/30)
2026-02-20 04:42:03 KST | INFO | 
2026-02-20 04:42:03 KST | INFO | Epoch 52/200 | LR: 0.084796
2026-02-20 04:42:27 KST | INFO |   Train Loss: 0.0687 | Test Loss: 0.0007 | Test Acc: 93.83%
2026-02-20 04:42:27 KST | INFO |   No improvement (19/30)
2026-02-20 04:42:27 KST | INFO | 
2026-02-20 04:42:27 KST | INFO | Epoch 53/200 | LR: 0.084228
2026-02-20 04:42:55 KST | INFO |   Train Loss: 0.0711 | Test Loss: 0.0007 | Test Acc: 93.60%
2026-02-20 04:42:55 KST | INFO |   No improvement (20/30)
2026-02-20 04:42:55 KST | INFO | 
2026-02-20 04:42:55 KST | INFO | Epoch 54/200 | LR: 0.083651
2026-02-20 04:43:23 KST | INFO |   Train Loss: 0.0744 | Test Loss: 0.0007 | Test Acc: 94.13%
2026-02-20 04:43:23 KST | INFO |   No improvement (21/30)
2026-02-20 04:43:23 KST | INFO | 
2026-02-20 04:43:23 KST | INFO | Epoch 55/200 | LR: 0.083066
2026-02-20 04:43:46 KST | INFO |   Train Loss: 0.0665 | Test Loss: 0.0006 | Test Acc: 94.53%
2026-02-20 04:43:46 KST | INFO |   No improvement (22/30)
2026-02-20 04:43:46 KST | INFO | 
2026-02-20 04:43:46 KST | INFO | Epoch 56/200 | LR: 0.082473
2026-02-20 04:44:10 KST | INFO |   Train Loss: 0.0584 | Test Loss: 0.0010 | Test Acc: 91.57%
2026-02-20 04:44:10 KST | INFO |   No improvement (23/30)
2026-02-20 04:44:10 KST | INFO | 
2026-02-20 04:44:10 KST | INFO | Epoch 57/200 | LR: 0.081871
2026-02-20 04:44:35 KST | INFO |   Train Loss: 0.0637 | Test Loss: 0.0005 | Test Acc: 95.23%
2026-02-20 04:44:35 KST | INFO |   No improvement (24/30)
2026-02-20 04:44:35 KST | INFO | 
2026-02-20 04:44:35 KST | INFO | Epoch 58/200 | LR: 0.081262
2026-02-20 04:45:00 KST | INFO |   Train Loss: 0.0613 | Test Loss: 0.0008 | Test Acc: 93.83%
2026-02-20 04:45:00 KST | INFO |   No improvement (25/30)
2026-02-20 04:45:00 KST | INFO | 
2026-02-20 04:45:00 KST | INFO | Epoch 59/200 | LR: 0.080646
2026-02-20 04:45:24 KST | INFO |   Train Loss: 0.0669 | Test Loss: 0.0005 | Test Acc: 95.40%
2026-02-20 04:45:24 KST | INFO |   No improvement (26/30)
2026-02-20 04:45:24 KST | INFO | 
2026-02-20 04:45:24 KST | INFO | Epoch 60/200 | LR: 0.080021
2026-02-20 04:45:49 KST | INFO |   Train Loss: 0.0639 | Test Loss: 0.0005 | Test Acc: 95.37%
2026-02-20 04:45:49 KST | INFO |   No improvement (27/30)
2026-02-20 04:45:49 KST | INFO | 
2026-02-20 04:45:49 KST | INFO | Epoch 61/200 | LR: 0.079389
2026-02-20 04:46:19 KST | INFO |   Train Loss: 0.0615 | Test Loss: 0.0008 | Test Acc: 93.23%
2026-02-20 04:46:19 KST | INFO |   No improvement (28/30)
2026-02-20 04:46:19 KST | INFO | 
2026-02-20 04:46:19 KST | INFO | Epoch 62/200 | LR: 0.078750
2026-02-20 04:46:42 KST | INFO |   Train Loss: 0.0595 | Test Loss: 0.0006 | Test Acc: 94.43%
2026-02-20 04:46:42 KST | INFO |   No improvement (29/30)
2026-02-20 04:46:42 KST | INFO | 
2026-02-20 04:46:42 KST | INFO | Epoch 63/200 | LR: 0.078104
2026-02-20 04:47:05 KST | INFO |   Train Loss: 0.0568 | Test Loss: 0.0006 | Test Acc: 95.03%
2026-02-20 04:47:05 KST | INFO |   No improvement (30/30)
2026-02-20 04:47:05 KST | INFO | 
2026-02-20 04:47:05 KST | INFO | Early stopping after 30 epochs without improvement
2026-02-20 04:47:05 KST | INFO | 
2026-02-20 04:47:05 KST | INFO | ================================================================================
2026-02-20 04:47:05 KST | INFO | TRAINING COMPLETE
2026-02-20 04:47:05 KST | INFO | ================================================================================
2026-02-20 04:47:05 KST | INFO | Best accuracy:  95.67% (Epoch 33)
2026-02-20 04:47:05 KST | INFO | Final accuracy: 95.03%
2026-02-20 04:47:05 KST | INFO | ================================================================================
2026-02-20 04:47:05 KST | INFO | 
2026-02-20 04:47:05 KST | INFO | Notifying nodes of completion...
2026-02-20 04:47:06 KST | INFO | ✓ Nodes notified
2026-02-20 04:47:06 KST | INFO | 
2026-02-20 04:47:06 KST | INFO | Closing connections...
2026-02-20 04:47:06 KST | INFO | ✓ Cleanup complete
2026-02-20 04:47:06 KST | INFO | 
2026-02-20 04:47:06 KST | INFO | Full log: logs/TL++_secure_20260220_042045.log
2026-02-20 04:47:06 KST | INFO | ================================================================================
