2026-02-05 09:12:27 KST | INFO | ================================================================================
2026-02-05 09:12:27 KST | INFO | TL++ Orchestrator
2026-02-05 09:12:27 KST | INFO | ================================================================================
2026-02-05 09:12:27 KST | INFO | Log file: logs/TL++_base_20260205_091227.log
2026-02-05 09:12:27 KST | INFO | 
2026-02-05 09:12:27 KST | INFO | --------------------------------------------------------------------------------
2026-02-05 09:12:27 KST | INFO | CONFIGURATION
2026-02-05 09:12:27 KST | INFO | --------------------------------------------------------------------------------
2026-02-05 09:12:27 KST | INFO | Secure mode:      False
2026-02-05 09:12:27 KST | INFO | Nodes:            9
2026-02-05 09:12:27 KST | INFO | Cut layer:        1
2026-02-05 09:12:27 KST | INFO | Batch size:       128
2026-02-05 09:12:27 KST | INFO | Learning rate:    0.1
2026-02-05 09:12:27 KST | INFO | 
2026-02-05 09:12:28 KST | INFO | Computation device: cuda
2026-02-05 09:12:28 KST | INFO | Secure mode: DISABLED
2026-02-05 09:12:28 KST | INFO | 
2026-02-05 09:12:28 KST | INFO | --------------------------------------------------------------------------------
2026-02-05 09:12:28 KST | INFO | NETWORK SETUP
2026-02-05 09:12:28 KST | INFO | --------------------------------------------------------------------------------
2026-02-05 09:12:28 KST | INFO | ✓ Orchestrator listening on 127.0.0.1:8080
2026-02-05 09:12:28 KST | INFO | Waiting for 9 node(s)...
2026-02-05 09:12:31 KST | INFO |   ✓ Node 1/9 connected
2026-02-05 09:12:32 KST | INFO |   ✓ Node 2/9 connected
2026-02-05 09:12:33 KST | INFO |   ✓ Node 3/9 connected
2026-02-05 09:12:34 KST | INFO |   ✓ Node 4/9 connected
2026-02-05 09:12:35 KST | INFO |   ✓ Node 5/9 connected
2026-02-05 09:12:36 KST | INFO |   ✓ Node 6/9 connected
2026-02-05 09:12:37 KST | INFO |   ✓ Node 7/9 connected
2026-02-05 09:12:38 KST | INFO |   ✓ Node 8/9 connected
2026-02-05 09:12:39 KST | INFO |   ✓ Node 9/9 connected
2026-02-05 09:12:39 KST | INFO | ✓ All 9 node(s) connected
2026-02-05 09:12:39 KST | INFO | 
2026-02-05 09:12:39 KST | INFO | --------------------------------------------------------------------------------
2026-02-05 09:12:39 KST | INFO | MODEL INITIALIZATION
2026-02-05 09:12:39 KST | INFO | --------------------------------------------------------------------------------
2026-02-05 09:12:39 KST | INFO | Node-side parameters: 38,720
2026-02-05 09:12:39 KST | INFO | 
2026-02-05 09:12:39 KST | INFO | --------------------------------------------------------------------------------
2026-02-05 09:12:39 KST | INFO | BROADCASTING CONFIGURATION
2026-02-05 09:12:39 KST | INFO | --------------------------------------------------------------------------------
2026-02-05 09:12:39 KST | INFO | ✓ Configuration broadcast to all nodes
2026-02-05 09:12:41 KST | INFO | 
2026-02-05 09:12:41 KST | INFO | Total parameters:     3,247,689
2026-02-05 09:12:41 KST | INFO | Trainable parameters: 3,247,689
2026-02-05 09:12:41 KST | INFO | 
2026-02-05 09:12:41 KST | INFO | --------------------------------------------------------------------------------
2026-02-05 09:12:41 KST | INFO | DATA LOADING
2026-02-05 09:12:41 KST | INFO | --------------------------------------------------------------------------------
2026-02-05 09:13:07 KST | INFO | ✓ Dataset information collected:
2026-02-05 09:13:07 KST | INFO |     Node 1: 5,000 samples
2026-02-05 09:13:07 KST | INFO |     Node 2: 5,000 samples
2026-02-05 09:13:07 KST | INFO |     Node 3: 5,000 samples
2026-02-05 09:13:07 KST | INFO |     Node 4: 5,000 samples
2026-02-05 09:13:07 KST | INFO |     Node 5: 5,000 samples
2026-02-05 09:13:07 KST | INFO |     Node 6: 5,000 samples
2026-02-05 09:13:07 KST | INFO |     Node 7: 5,000 samples
2026-02-05 09:13:07 KST | INFO |     Node 8: 5,000 samples
2026-02-05 09:13:07 KST | INFO |     Node 9: 5,000 samples
2026-02-05 09:13:07 KST | INFO |   Total training samples: 45,000
2026-02-05 09:13:07 KST | INFO | 
2026-02-05 09:13:11 KST | INFO | ✓ Test dataset loaded: 9,000 samples
2026-02-05 09:13:11 KST | INFO | 
2026-02-05 09:13:11 KST | INFO | ✓ Batch scheduler: 352 batches/epoch
2026-02-05 09:13:11 KST | INFO | 
2026-02-05 09:13:11 KST | INFO | --------------------------------------------------------------------------------
2026-02-05 09:13:11 KST | INFO | OPTIMIZATION SETUP
2026-02-05 09:13:11 KST | INFO | --------------------------------------------------------------------------------
2026-02-05 09:13:11 KST | INFO | ✓ Optimizer: SGD (lr=0.1, momentum=0.9)
2026-02-05 09:13:11 KST | INFO | ✓ Scheduler: cosine
2026-02-05 09:13:11 KST | INFO | ✓ Gradient clipping: 1.0
2026-02-05 09:13:11 KST | INFO | 
2026-02-05 09:13:11 KST | INFO | ================================================================================
2026-02-05 09:13:11 KST | INFO | Setup complete - Ready for training
2026-02-05 09:13:11 KST | INFO | ================================================================================
2026-02-05 09:13:11 KST | INFO | 
2026-02-05 09:13:11 KST | INFO | --------------------------------------------------------------------------------
2026-02-05 09:13:11 KST | INFO | TRAINING
2026-02-05 09:13:11 KST | INFO | --------------------------------------------------------------------------------
2026-02-05 09:13:11 KST | INFO | 
2026-02-05 09:13:11 KST | INFO | Epoch 1/200 | LR: 0.100000
2026-02-05 09:13:31 KST | INFO |   Train Loss: 1.6216 | Test Loss: 0.0057 | Test Acc: 50.24%
2026-02-05 09:13:31 KST | INFO |   🏆 New best accuracy: 50.24%
2026-02-05 09:13:31 KST | INFO | 
2026-02-05 09:13:31 KST | INFO | Epoch 2/200 | LR: 0.099994
2026-02-05 09:13:51 KST | INFO |   Train Loss: 1.1923 | Test Loss: 0.0040 | Test Acc: 63.06%
2026-02-05 09:13:51 KST | INFO |   🏆 New best accuracy: 63.06%
2026-02-05 09:13:51 KST | INFO | 
2026-02-05 09:13:51 KST | INFO | Epoch 3/200 | LR: 0.099975
2026-02-05 09:14:10 KST | INFO |   Train Loss: 0.9789 | Test Loss: 0.0035 | Test Acc: 67.52%
2026-02-05 09:14:10 KST | INFO |   🏆 New best accuracy: 67.52%
2026-02-05 09:14:10 KST | INFO | 
2026-02-05 09:14:10 KST | INFO | Epoch 4/200 | LR: 0.099944
2026-02-05 09:14:29 KST | INFO |   Train Loss: 0.8316 | Test Loss: 0.0030 | Test Acc: 73.94%
2026-02-05 09:14:29 KST | INFO |   🏆 New best accuracy: 73.94%
2026-02-05 09:14:29 KST | INFO | 
2026-02-05 09:14:29 KST | INFO | Epoch 5/200 | LR: 0.099901
2026-02-05 09:14:48 KST | INFO |   Train Loss: 0.7386 | Test Loss: 0.0025 | Test Acc: 78.01%
2026-02-05 09:14:48 KST | INFO |   🏆 New best accuracy: 78.01%
2026-02-05 09:14:48 KST | INFO | 
2026-02-05 09:14:48 KST | INFO | Epoch 6/200 | LR: 0.099846
2026-02-05 09:15:08 KST | INFO |   Train Loss: 0.6775 | Test Loss: 0.0024 | Test Acc: 79.61%
2026-02-05 09:15:08 KST | INFO |   🏆 New best accuracy: 79.61%
2026-02-05 09:15:08 KST | INFO | 
2026-02-05 09:15:08 KST | INFO | Epoch 7/200 | LR: 0.099778
2026-02-05 09:15:27 KST | INFO |   Train Loss: 0.6269 | Test Loss: 0.0025 | Test Acc: 78.82%
2026-02-05 09:15:27 KST | INFO |   No improvement (1/30)
2026-02-05 09:15:27 KST | INFO | 
2026-02-05 09:15:27 KST | INFO | Epoch 8/200 | LR: 0.099698
2026-02-05 09:15:46 KST | INFO |   Train Loss: 0.5967 | Test Loss: 0.0022 | Test Acc: 81.50%
2026-02-05 09:15:46 KST | INFO |   🏆 New best accuracy: 81.50%
2026-02-05 09:15:46 KST | INFO | 
2026-02-05 09:15:46 KST | INFO | Epoch 9/200 | LR: 0.099606
2026-02-05 09:16:06 KST | INFO |   Train Loss: 0.5604 | Test Loss: 0.0021 | Test Acc: 81.90%
2026-02-05 09:16:06 KST | INFO |   🏆 New best accuracy: 81.90%
2026-02-05 09:16:06 KST | INFO | 
2026-02-05 09:16:06 KST | INFO | Epoch 10/200 | LR: 0.099501
2026-02-05 09:16:25 KST | INFO |   Train Loss: 0.5423 | Test Loss: 0.0022 | Test Acc: 81.71%
2026-02-05 09:16:25 KST | INFO |   No improvement (1/30)
2026-02-05 09:16:25 KST | INFO | 
2026-02-05 09:16:25 KST | INFO | Epoch 11/200 | LR: 0.099384
2026-02-05 09:16:44 KST | INFO |   Train Loss: 0.5220 | Test Loss: 0.0021 | Test Acc: 82.27%
2026-02-05 09:16:44 KST | INFO |   🏆 New best accuracy: 82.27%
2026-02-05 09:16:44 KST | INFO | 
2026-02-05 09:16:44 KST | INFO | Epoch 12/200 | LR: 0.099255
2026-02-05 09:17:04 KST | INFO |   Train Loss: 0.4966 | Test Loss: 0.0020 | Test Acc: 83.34%
2026-02-05 09:17:04 KST | INFO |   🏆 New best accuracy: 83.34%
2026-02-05 09:17:04 KST | INFO | 
2026-02-05 09:17:04 KST | INFO | Epoch 13/200 | LR: 0.099114
2026-02-05 09:17:23 KST | INFO |   Train Loss: 0.4832 | Test Loss: 0.0020 | Test Acc: 82.71%
2026-02-05 09:17:23 KST | INFO |   No improvement (1/30)
2026-02-05 09:17:23 KST | INFO | 
2026-02-05 09:17:23 KST | INFO | Epoch 14/200 | LR: 0.098961
2026-02-05 09:17:43 KST | INFO |   Train Loss: 0.4687 | Test Loss: 0.0018 | Test Acc: 84.28%
2026-02-05 09:17:43 KST | INFO |   🏆 New best accuracy: 84.28%
2026-02-05 09:17:43 KST | INFO | 
2026-02-05 09:17:43 KST | INFO | Epoch 15/200 | LR: 0.098796
2026-02-05 09:18:02 KST | INFO |   Train Loss: 0.4589 | Test Loss: 0.0021 | Test Acc: 82.89%
2026-02-05 09:18:02 KST | INFO |   No improvement (1/30)
2026-02-05 09:18:02 KST | INFO | 
2026-02-05 09:18:02 KST | INFO | Epoch 16/200 | LR: 0.098619
2026-02-05 09:18:21 KST | INFO |   Train Loss: 0.4462 | Test Loss: 0.0020 | Test Acc: 83.50%
2026-02-05 09:18:21 KST | INFO |   No improvement (2/30)
2026-02-05 09:18:21 KST | INFO | 
2026-02-05 09:18:21 KST | INFO | Epoch 17/200 | LR: 0.098429
2026-02-05 09:18:41 KST | INFO |   Train Loss: 0.4396 | Test Loss: 0.0018 | Test Acc: 84.64%
2026-02-05 09:18:41 KST | INFO |   🏆 New best accuracy: 84.64%
2026-02-05 09:18:41 KST | INFO | 
2026-02-05 09:18:41 KST | INFO | Epoch 18/200 | LR: 0.098228
2026-02-05 09:19:00 KST | INFO |   Train Loss: 0.4324 | Test Loss: 0.0019 | Test Acc: 83.83%
2026-02-05 09:19:00 KST | INFO |   No improvement (1/30)
2026-02-05 09:19:00 KST | INFO | 
2026-02-05 09:19:00 KST | INFO | Epoch 19/200 | LR: 0.098015
2026-02-05 09:19:19 KST | INFO |   Train Loss: 0.4142 | Test Loss: 0.0018 | Test Acc: 84.63%
2026-02-05 09:19:19 KST | INFO |   No improvement (2/30)
2026-02-05 09:19:19 KST | INFO | 
2026-02-05 09:19:19 KST | INFO | Epoch 20/200 | LR: 0.097790
2026-02-05 09:19:39 KST | INFO |   Train Loss: 0.4162 | Test Loss: 0.0018 | Test Acc: 84.44%
2026-02-05 09:19:39 KST | INFO |   No improvement (3/30)
2026-02-05 09:19:39 KST | INFO | 
2026-02-05 09:19:39 KST | INFO | Epoch 21/200 | LR: 0.097553
2026-02-05 09:19:58 KST | INFO |   Train Loss: 0.4070 | Test Loss: 0.0020 | Test Acc: 83.64%
2026-02-05 09:19:58 KST | INFO |   No improvement (4/30)
2026-02-05 09:19:58 KST | INFO | 
2026-02-05 09:19:58 KST | INFO | Epoch 22/200 | LR: 0.097304
2026-02-05 09:20:18 KST | INFO |   Train Loss: 0.4009 | Test Loss: 0.0019 | Test Acc: 84.40%
2026-02-05 09:20:18 KST | INFO |   No improvement (5/30)
2026-02-05 09:20:18 KST | INFO | 
2026-02-05 09:20:18 KST | INFO | Epoch 23/200 | LR: 0.097044
2026-02-05 09:20:37 KST | INFO |   Train Loss: 0.3936 | Test Loss: 0.0017 | Test Acc: 85.69%
2026-02-05 09:20:37 KST | INFO |   🏆 New best accuracy: 85.69%
2026-02-05 09:20:37 KST | INFO | 
2026-02-05 09:20:37 KST | INFO | Epoch 24/200 | LR: 0.096772
2026-02-05 09:20:56 KST | INFO |   Train Loss: 0.3868 | Test Loss: 0.0017 | Test Acc: 85.68%
2026-02-05 09:20:56 KST | INFO |   No improvement (1/30)
2026-02-05 09:20:56 KST | INFO | 
2026-02-05 09:20:56 KST | INFO | Epoch 25/200 | LR: 0.096489
2026-02-05 09:21:16 KST | INFO |   Train Loss: 0.3819 | Test Loss: 0.0015 | Test Acc: 87.33%
2026-02-05 09:21:16 KST | INFO |   🏆 New best accuracy: 87.33%
2026-02-05 09:21:16 KST | INFO | 
2026-02-05 09:21:16 KST | INFO | Epoch 26/200 | LR: 0.096194
2026-02-05 09:21:35 KST | INFO |   Train Loss: 0.3810 | Test Loss: 0.0017 | Test Acc: 86.16%
2026-02-05 09:21:35 KST | INFO |   No improvement (1/30)
2026-02-05 09:21:35 KST | INFO | 
2026-02-05 09:21:35 KST | INFO | Epoch 27/200 | LR: 0.095888
2026-02-05 09:21:54 KST | INFO |   Train Loss: 0.3694 | Test Loss: 0.0020 | Test Acc: 84.00%
2026-02-05 09:21:54 KST | INFO |   No improvement (2/30)
2026-02-05 09:21:54 KST | INFO | 
2026-02-05 09:21:54 KST | INFO | Epoch 28/200 | LR: 0.095570
2026-02-05 09:22:14 KST | INFO |   Train Loss: 0.3711 | Test Loss: 0.0019 | Test Acc: 84.49%
2026-02-05 09:22:14 KST | INFO |   No improvement (3/30)
2026-02-05 09:22:14 KST | INFO | 
2026-02-05 09:22:14 KST | INFO | Epoch 29/200 | LR: 0.095241
2026-02-05 09:22:33 KST | INFO |   Train Loss: 0.3673 | Test Loss: 0.0021 | Test Acc: 82.70%
2026-02-05 09:22:33 KST | INFO |   No improvement (4/30)
2026-02-05 09:22:33 KST | INFO | 
2026-02-05 09:22:33 KST | INFO | Epoch 30/200 | LR: 0.094901
2026-02-05 09:22:53 KST | INFO |   Train Loss: 0.3626 | Test Loss: 0.0018 | Test Acc: 85.16%
2026-02-05 09:22:53 KST | INFO |   No improvement (5/30)
2026-02-05 09:22:53 KST | INFO | 
2026-02-05 09:22:53 KST | INFO | Epoch 31/200 | LR: 0.094550
2026-02-05 09:23:13 KST | INFO |   Train Loss: 0.3575 | Test Loss: 0.0016 | Test Acc: 86.50%
2026-02-05 09:23:13 KST | INFO |   No improvement (6/30)
2026-02-05 09:23:13 KST | INFO | 
2026-02-05 09:23:13 KST | INFO | Epoch 32/200 | LR: 0.094188
2026-02-05 09:23:32 KST | INFO |   Train Loss: 0.3543 | Test Loss: 0.0019 | Test Acc: 83.61%
2026-02-05 09:23:32 KST | INFO |   No improvement (7/30)
2026-02-05 09:23:32 KST | INFO | 
2026-02-05 09:23:32 KST | INFO | Epoch 33/200 | LR: 0.093815
2026-02-05 09:23:52 KST | INFO |   Train Loss: 0.3533 | Test Loss: 0.0017 | Test Acc: 85.93%
2026-02-05 09:23:52 KST | INFO |   No improvement (8/30)
2026-02-05 09:23:52 KST | INFO | 
2026-02-05 09:23:52 KST | INFO | Epoch 34/200 | LR: 0.093432
2026-02-05 09:24:11 KST | INFO |   Train Loss: 0.3446 | Test Loss: 0.0015 | Test Acc: 87.41%
2026-02-05 09:24:11 KST | INFO |   🏆 New best accuracy: 87.41%
2026-02-05 09:24:11 KST | INFO | 
2026-02-05 09:24:11 KST | INFO | Epoch 35/200 | LR: 0.093037
2026-02-05 09:24:30 KST | INFO |   Train Loss: 0.3465 | Test Loss: 0.0016 | Test Acc: 85.92%
2026-02-05 09:24:30 KST | INFO |   No improvement (1/30)
2026-02-05 09:24:30 KST | INFO | 
2026-02-05 09:24:30 KST | INFO | Epoch 36/200 | LR: 0.092632
2026-02-05 09:24:50 KST | INFO |   Train Loss: 0.3425 | Test Loss: 0.0016 | Test Acc: 87.12%
2026-02-05 09:24:50 KST | INFO |   No improvement (2/30)
2026-02-05 09:24:50 KST | INFO | 
2026-02-05 09:24:50 KST | INFO | Epoch 37/200 | LR: 0.092216
2026-02-05 09:25:09 KST | INFO |   Train Loss: 0.3411 | Test Loss: 0.0020 | Test Acc: 84.66%
2026-02-05 09:25:09 KST | INFO |   No improvement (3/30)
2026-02-05 09:25:09 KST | INFO | 
2026-02-05 09:25:09 KST | INFO | Epoch 38/200 | LR: 0.091790
2026-02-05 09:25:28 KST | INFO |   Train Loss: 0.3306 | Test Loss: 0.0016 | Test Acc: 86.97%
2026-02-05 09:25:28 KST | INFO |   No improvement (4/30)
2026-02-05 09:25:28 KST | INFO | 
2026-02-05 09:25:28 KST | INFO | Epoch 39/200 | LR: 0.091354
2026-02-05 09:25:47 KST | INFO |   Train Loss: 0.3328 | Test Loss: 0.0017 | Test Acc: 86.33%
2026-02-05 09:25:47 KST | INFO |   No improvement (5/30)
2026-02-05 09:25:47 KST | INFO | 
2026-02-05 09:25:47 KST | INFO | Epoch 40/200 | LR: 0.090908
2026-02-05 09:26:07 KST | INFO |   Train Loss: 0.3320 | Test Loss: 0.0016 | Test Acc: 86.37%
2026-02-05 09:26:07 KST | INFO |   No improvement (6/30)
2026-02-05 09:26:07 KST | INFO | 
2026-02-05 09:26:07 KST | INFO | Epoch 41/200 | LR: 0.090451
2026-02-05 09:26:26 KST | INFO |   Train Loss: 0.3241 | Test Loss: 0.0016 | Test Acc: 86.92%
2026-02-05 09:26:26 KST | INFO |   No improvement (7/30)
2026-02-05 09:26:26 KST | INFO | 
2026-02-05 09:26:26 KST | INFO | Epoch 42/200 | LR: 0.089984
2026-02-05 09:26:45 KST | INFO |   Train Loss: 0.3207 | Test Loss: 0.0015 | Test Acc: 87.64%
2026-02-05 09:26:45 KST | INFO |   🏆 New best accuracy: 87.64%
2026-02-05 09:26:45 KST | INFO | 
2026-02-05 09:26:45 KST | INFO | Epoch 43/200 | LR: 0.089508
2026-02-05 09:27:05 KST | INFO |   Train Loss: 0.3214 | Test Loss: 0.0016 | Test Acc: 87.24%
2026-02-05 09:27:05 KST | INFO |   No improvement (1/30)
2026-02-05 09:27:05 KST | INFO | 
2026-02-05 09:27:05 KST | INFO | Epoch 44/200 | LR: 0.089022
2026-02-05 09:27:24 KST | INFO |   Train Loss: 0.3167 | Test Loss: 0.0016 | Test Acc: 86.38%
2026-02-05 09:27:24 KST | INFO |   No improvement (2/30)
2026-02-05 09:27:24 KST | INFO | 
2026-02-05 09:27:24 KST | INFO | Epoch 45/200 | LR: 0.088526
2026-02-05 09:27:43 KST | INFO |   Train Loss: 0.3167 | Test Loss: 0.0017 | Test Acc: 85.56%
2026-02-05 09:27:43 KST | INFO |   No improvement (3/30)
2026-02-05 09:27:43 KST | INFO | 
2026-02-05 09:27:43 KST | INFO | Epoch 46/200 | LR: 0.088020
2026-02-05 09:28:02 KST | INFO |   Train Loss: 0.3083 | Test Loss: 0.0016 | Test Acc: 87.06%
2026-02-05 09:28:02 KST | INFO |   No improvement (4/30)
2026-02-05 09:28:02 KST | INFO | 
2026-02-05 09:28:02 KST | INFO | Epoch 47/200 | LR: 0.087506
2026-02-05 09:28:22 KST | INFO |   Train Loss: 0.3091 | Test Loss: 0.0014 | Test Acc: 88.34%
2026-02-05 09:28:22 KST | INFO |   🏆 New best accuracy: 88.34%
2026-02-05 09:28:22 KST | INFO | 
2026-02-05 09:28:22 KST | INFO | Epoch 48/200 | LR: 0.086982
2026-02-05 09:28:41 KST | INFO |   Train Loss: 0.3075 | Test Loss: 0.0015 | Test Acc: 87.77%
2026-02-05 09:28:41 KST | INFO |   No improvement (1/30)
2026-02-05 09:28:41 KST | INFO | 
2026-02-05 09:28:41 KST | INFO | Epoch 49/200 | LR: 0.086449
2026-02-05 09:29:00 KST | INFO |   Train Loss: 0.3067 | Test Loss: 0.0016 | Test Acc: 86.76%
2026-02-05 09:29:00 KST | INFO |   No improvement (2/30)
2026-02-05 09:29:00 KST | INFO | 
2026-02-05 09:29:00 KST | INFO | Epoch 50/200 | LR: 0.085906
2026-02-05 09:29:20 KST | INFO |   Train Loss: 0.3047 | Test Loss: 0.0017 | Test Acc: 86.51%
2026-02-05 09:29:20 KST | INFO |   No improvement (3/30)
2026-02-05 09:29:20 KST | INFO | 
2026-02-05 09:29:20 KST | INFO | Epoch 51/200 | LR: 0.085355
2026-02-05 09:29:39 KST | INFO |   Train Loss: 0.3019 | Test Loss: 0.0016 | Test Acc: 87.34%
2026-02-05 09:29:39 KST | INFO |   No improvement (4/30)
2026-02-05 09:29:39 KST | INFO | 
2026-02-05 09:29:39 KST | INFO | Epoch 52/200 | LR: 0.084796
2026-02-05 09:29:58 KST | INFO |   Train Loss: 0.2966 | Test Loss: 0.0014 | Test Acc: 88.43%
2026-02-05 09:29:58 KST | INFO |   🏆 New best accuracy: 88.43%
2026-02-05 09:29:58 KST | INFO | 
2026-02-05 09:29:58 KST | INFO | Epoch 53/200 | LR: 0.084228
2026-02-05 09:30:18 KST | INFO |   Train Loss: 0.2913 | Test Loss: 0.0017 | Test Acc: 87.02%
2026-02-05 09:30:18 KST | INFO |   No improvement (1/30)
2026-02-05 09:30:18 KST | INFO | 
2026-02-05 09:30:18 KST | INFO | Epoch 54/200 | LR: 0.083651
2026-02-05 09:30:37 KST | INFO |   Train Loss: 0.2951 | Test Loss: 0.0015 | Test Acc: 87.80%
2026-02-05 09:30:37 KST | INFO |   No improvement (2/30)
2026-02-05 09:30:37 KST | INFO | 
2026-02-05 09:30:37 KST | INFO | Epoch 55/200 | LR: 0.083066
2026-02-05 09:30:56 KST | INFO |   Train Loss: 0.2911 | Test Loss: 0.0014 | Test Acc: 88.37%
2026-02-05 09:30:56 KST | INFO |   No improvement (3/30)
2026-02-05 09:30:56 KST | INFO | 
2026-02-05 09:30:56 KST | INFO | Epoch 56/200 | LR: 0.082473
2026-02-05 09:31:16 KST | INFO |   Train Loss: 0.2914 | Test Loss: 0.0016 | Test Acc: 86.77%
2026-02-05 09:31:16 KST | INFO |   No improvement (4/30)
2026-02-05 09:31:16 KST | INFO | 
2026-02-05 09:31:16 KST | INFO | Epoch 57/200 | LR: 0.081871
2026-02-05 09:31:35 KST | INFO |   Train Loss: 0.2823 | Test Loss: 0.0015 | Test Acc: 87.90%
2026-02-05 09:31:35 KST | INFO |   No improvement (5/30)
2026-02-05 09:31:35 KST | INFO | 
2026-02-05 09:31:35 KST | INFO | Epoch 58/200 | LR: 0.081262
2026-02-05 09:31:55 KST | INFO |   Train Loss: 0.2870 | Test Loss: 0.0014 | Test Acc: 88.41%
2026-02-05 09:31:55 KST | INFO |   No improvement (6/30)
2026-02-05 09:31:55 KST | INFO | 
2026-02-05 09:31:55 KST | INFO | Epoch 59/200 | LR: 0.080646
2026-02-05 09:32:14 KST | INFO |   Train Loss: 0.2797 | Test Loss: 0.0015 | Test Acc: 87.78%
2026-02-05 09:32:14 KST | INFO |   No improvement (7/30)
2026-02-05 09:32:14 KST | INFO | 
2026-02-05 09:32:14 KST | INFO | Epoch 60/200 | LR: 0.080021
2026-02-05 09:32:33 KST | INFO |   Train Loss: 0.2830 | Test Loss: 0.0014 | Test Acc: 88.27%
2026-02-05 09:32:33 KST | INFO |   No improvement (8/30)
2026-02-05 09:32:33 KST | INFO | 
2026-02-05 09:32:33 KST | INFO | Epoch 61/200 | LR: 0.079389
2026-02-05 09:32:53 KST | INFO |   Train Loss: 0.2787 | Test Loss: 0.0015 | Test Acc: 87.91%
2026-02-05 09:32:53 KST | INFO |   No improvement (9/30)
2026-02-05 09:32:53 KST | INFO | 
2026-02-05 09:32:53 KST | INFO | Epoch 62/200 | LR: 0.078750
2026-02-05 09:33:12 KST | INFO |   Train Loss: 0.2750 | Test Loss: 0.0014 | Test Acc: 88.59%
2026-02-05 09:33:12 KST | INFO |   🏆 New best accuracy: 88.59%
2026-02-05 09:33:12 KST | INFO | 
2026-02-05 09:33:12 KST | INFO | Epoch 63/200 | LR: 0.078104
2026-02-05 09:33:32 KST | INFO |   Train Loss: 0.2712 | Test Loss: 0.0014 | Test Acc: 88.42%
2026-02-05 09:33:32 KST | INFO |   No improvement (1/30)
2026-02-05 09:33:32 KST | INFO | 
2026-02-05 09:33:32 KST | INFO | Epoch 64/200 | LR: 0.077451
2026-02-05 09:33:51 KST | INFO |   Train Loss: 0.2691 | Test Loss: 0.0014 | Test Acc: 88.40%
2026-02-05 09:33:51 KST | INFO |   No improvement (2/30)
2026-02-05 09:33:51 KST | INFO | 
2026-02-05 09:33:51 KST | INFO | Epoch 65/200 | LR: 0.076792
2026-02-05 09:34:10 KST | INFO |   Train Loss: 0.2688 | Test Loss: 0.0015 | Test Acc: 88.17%
2026-02-05 09:34:10 KST | INFO |   No improvement (3/30)
2026-02-05 09:34:10 KST | INFO | 
2026-02-05 09:34:10 KST | INFO | Epoch 66/200 | LR: 0.076125
2026-02-05 09:34:30 KST | INFO |   Train Loss: 0.2632 | Test Loss: 0.0015 | Test Acc: 88.44%
2026-02-05 09:34:30 KST | INFO |   No improvement (4/30)
2026-02-05 09:34:30 KST | INFO | 
2026-02-05 09:34:30 KST | INFO | Epoch 67/200 | LR: 0.075452
2026-02-05 09:34:49 KST | INFO |   Train Loss: 0.2664 | Test Loss: 0.0017 | Test Acc: 86.70%
2026-02-05 09:34:49 KST | INFO |   No improvement (5/30)
2026-02-05 09:34:49 KST | INFO | 
2026-02-05 09:34:49 KST | INFO | Epoch 68/200 | LR: 0.074773
2026-02-05 09:35:08 KST | INFO |   Train Loss: 0.2573 | Test Loss: 0.0016 | Test Acc: 88.06%
2026-02-05 09:35:08 KST | INFO |   No improvement (6/30)
2026-02-05 09:35:08 KST | INFO | 
2026-02-05 09:35:08 KST | INFO | Epoch 69/200 | LR: 0.074088
2026-02-05 09:35:28 KST | INFO |   Train Loss: 0.2591 | Test Loss: 0.0013 | Test Acc: 89.32%
2026-02-05 09:35:28 KST | INFO |   🏆 New best accuracy: 89.32%
2026-02-05 09:35:28 KST | INFO | 
2026-02-05 09:35:28 KST | INFO | Epoch 70/200 | LR: 0.073397
2026-02-05 09:35:47 KST | INFO |   Train Loss: 0.2562 | Test Loss: 0.0014 | Test Acc: 88.30%
2026-02-05 09:35:47 KST | INFO |   No improvement (1/30)
2026-02-05 09:35:47 KST | INFO | 
2026-02-05 09:35:47 KST | INFO | Epoch 71/200 | LR: 0.072700
2026-02-05 09:36:06 KST | INFO |   Train Loss: 0.2527 | Test Loss: 0.0014 | Test Acc: 88.37%
2026-02-05 09:36:06 KST | INFO |   No improvement (2/30)
2026-02-05 09:36:06 KST | INFO | 
2026-02-05 09:36:06 KST | INFO | Epoch 72/200 | LR: 0.071997
2026-02-05 09:36:25 KST | INFO |   Train Loss: 0.2554 | Test Loss: 0.0015 | Test Acc: 88.53%
2026-02-05 09:36:25 KST | INFO |   No improvement (3/30)
2026-02-05 09:36:25 KST | INFO | 
2026-02-05 09:36:25 KST | INFO | Epoch 73/200 | LR: 0.071289
2026-02-05 09:36:45 KST | INFO |   Train Loss: 0.2500 | Test Loss: 0.0016 | Test Acc: 87.66%
2026-02-05 09:36:45 KST | INFO |   No improvement (4/30)
2026-02-05 09:36:45 KST | INFO | 
2026-02-05 09:36:45 KST | INFO | Epoch 74/200 | LR: 0.070576
2026-02-05 09:37:04 KST | INFO |   Train Loss: 0.2469 | Test Loss: 0.0014 | Test Acc: 88.62%
2026-02-05 09:37:04 KST | INFO |   No improvement (5/30)
2026-02-05 09:37:04 KST | INFO | 
2026-02-05 09:37:04 KST | INFO | Epoch 75/200 | LR: 0.069858
2026-02-05 09:37:23 KST | INFO |   Train Loss: 0.2454 | Test Loss: 0.0014 | Test Acc: 88.91%
2026-02-05 09:37:23 KST | INFO |   No improvement (6/30)
2026-02-05 09:37:23 KST | INFO | 
2026-02-05 09:37:23 KST | INFO | Epoch 76/200 | LR: 0.069134
2026-02-05 09:37:43 KST | INFO |   Train Loss: 0.2448 | Test Loss: 0.0015 | Test Acc: 87.90%
2026-02-05 09:37:43 KST | INFO |   No improvement (7/30)
2026-02-05 09:37:43 KST | INFO | 
2026-02-05 09:37:43 KST | INFO | Epoch 77/200 | LR: 0.068407
2026-02-05 09:38:02 KST | INFO |   Train Loss: 0.2395 | Test Loss: 0.0014 | Test Acc: 88.44%
2026-02-05 09:38:02 KST | INFO |   No improvement (8/30)
2026-02-05 09:38:02 KST | INFO | 
2026-02-05 09:38:02 KST | INFO | Epoch 78/200 | LR: 0.067674
2026-02-05 09:38:21 KST | INFO |   Train Loss: 0.2388 | Test Loss: 0.0015 | Test Acc: 87.84%
2026-02-05 09:38:21 KST | INFO |   No improvement (9/30)
2026-02-05 09:38:21 KST | INFO | 
2026-02-05 09:38:21 KST | INFO | Epoch 79/200 | LR: 0.066937
2026-02-05 09:38:40 KST | INFO |   Train Loss: 0.2363 | Test Loss: 0.0014 | Test Acc: 88.56%
2026-02-05 09:38:40 KST | INFO |   No improvement (10/30)
2026-02-05 09:38:40 KST | INFO | 
2026-02-05 09:38:40 KST | INFO | Epoch 80/200 | LR: 0.066196
2026-02-05 09:39:00 KST | INFO |   Train Loss: 0.2361 | Test Loss: 0.0015 | Test Acc: 88.53%
2026-02-05 09:39:00 KST | INFO |   No improvement (11/30)
2026-02-05 09:39:00 KST | INFO | 
2026-02-05 09:39:00 KST | INFO | Epoch 81/200 | LR: 0.065451
2026-02-05 09:39:19 KST | INFO |   Train Loss: 0.2313 | Test Loss: 0.0015 | Test Acc: 88.32%
2026-02-05 09:39:19 KST | INFO |   No improvement (12/30)
2026-02-05 09:39:19 KST | INFO | 
2026-02-05 09:39:19 KST | INFO | Epoch 82/200 | LR: 0.064702
2026-02-05 09:39:38 KST | INFO |   Train Loss: 0.2266 | Test Loss: 0.0015 | Test Acc: 87.42%
2026-02-05 09:39:38 KST | INFO |   No improvement (13/30)
2026-02-05 09:39:38 KST | INFO | 
2026-02-05 09:39:38 KST | INFO | Epoch 83/200 | LR: 0.063950
2026-02-05 09:39:57 KST | INFO |   Train Loss: 0.2267 | Test Loss: 0.0013 | Test Acc: 89.30%
2026-02-05 09:39:57 KST | INFO |   No improvement (14/30)
2026-02-05 09:39:57 KST | INFO | 
2026-02-05 09:39:57 KST | INFO | Epoch 84/200 | LR: 0.063194
2026-02-05 09:40:17 KST | INFO |   Train Loss: 0.2240 | Test Loss: 0.0013 | Test Acc: 89.87%
2026-02-05 09:40:17 KST | INFO |   🏆 New best accuracy: 89.87%
2026-02-05 09:40:17 KST | INFO | 
2026-02-05 09:40:17 KST | INFO | Epoch 85/200 | LR: 0.062435
2026-02-05 09:40:36 KST | INFO |   Train Loss: 0.2208 | Test Loss: 0.0014 | Test Acc: 88.44%
2026-02-05 09:40:36 KST | INFO |   No improvement (1/30)
2026-02-05 09:40:36 KST | INFO | 
2026-02-05 09:40:36 KST | INFO | Epoch 86/200 | LR: 0.061673
2026-02-05 09:40:55 KST | INFO |   Train Loss: 0.2224 | Test Loss: 0.0014 | Test Acc: 88.77%
2026-02-05 09:40:55 KST | INFO |   No improvement (2/30)
2026-02-05 09:40:55 KST | INFO | 
2026-02-05 09:40:55 KST | INFO | Epoch 87/200 | LR: 0.060908
2026-02-05 09:41:15 KST | INFO |   Train Loss: 0.2158 | Test Loss: 0.0014 | Test Acc: 89.36%
2026-02-05 09:41:15 KST | INFO |   No improvement (3/30)
2026-02-05 09:41:15 KST | INFO | 
2026-02-05 09:41:15 KST | INFO | Epoch 88/200 | LR: 0.060140
2026-02-05 09:41:34 KST | INFO |   Train Loss: 0.2141 | Test Loss: 0.0014 | Test Acc: 88.87%
2026-02-05 09:41:34 KST | INFO |   No improvement (4/30)
2026-02-05 09:41:34 KST | INFO | 
2026-02-05 09:41:34 KST | INFO | Epoch 89/200 | LR: 0.059369
2026-02-05 09:41:54 KST | INFO |   Train Loss: 0.2123 | Test Loss: 0.0014 | Test Acc: 88.88%
2026-02-05 09:41:54 KST | INFO |   No improvement (5/30)
2026-02-05 09:41:54 KST | INFO | 
2026-02-05 09:41:54 KST | INFO | Epoch 90/200 | LR: 0.058597
2026-02-05 09:42:14 KST | INFO |   Train Loss: 0.2117 | Test Loss: 0.0013 | Test Acc: 89.08%
2026-02-05 09:42:14 KST | INFO |   No improvement (6/30)
2026-02-05 09:42:14 KST | INFO | 
2026-02-05 09:42:14 KST | INFO | Epoch 91/200 | LR: 0.057822
2026-02-05 09:42:33 KST | INFO |   Train Loss: 0.2077 | Test Loss: 0.0013 | Test Acc: 89.67%
2026-02-05 09:42:33 KST | INFO |   No improvement (7/30)
2026-02-05 09:42:33 KST | INFO | 
2026-02-05 09:42:33 KST | INFO | Epoch 92/200 | LR: 0.057045
2026-02-05 09:42:53 KST | INFO |   Train Loss: 0.2065 | Test Loss: 0.0016 | Test Acc: 87.91%
2026-02-05 09:42:53 KST | INFO |   No improvement (8/30)
2026-02-05 09:42:53 KST | INFO | 
2026-02-05 09:42:53 KST | INFO | Epoch 93/200 | LR: 0.056267
2026-02-05 09:43:12 KST | INFO |   Train Loss: 0.2040 | Test Loss: 0.0015 | Test Acc: 88.51%
2026-02-05 09:43:12 KST | INFO |   No improvement (9/30)
2026-02-05 09:43:12 KST | INFO | 
2026-02-05 09:43:12 KST | INFO | Epoch 94/200 | LR: 0.055487
2026-02-05 09:43:32 KST | INFO |   Train Loss: 0.2027 | Test Loss: 0.0013 | Test Acc: 89.70%
2026-02-05 09:43:32 KST | INFO |   No improvement (10/30)
2026-02-05 09:43:32 KST | INFO | 
2026-02-05 09:43:32 KST | INFO | Epoch 95/200 | LR: 0.054706
2026-02-05 09:43:51 KST | INFO |   Train Loss: 0.1980 | Test Loss: 0.0013 | Test Acc: 90.08%
2026-02-05 09:43:51 KST | INFO |   🏆 New best accuracy: 90.08%
2026-02-05 09:43:51 KST | INFO | 
2026-02-05 09:43:51 KST | INFO | Epoch 96/200 | LR: 0.053923
2026-02-05 09:44:10 KST | INFO |   Train Loss: 0.1989 | Test Loss: 0.0014 | Test Acc: 89.33%
2026-02-05 09:44:10 KST | INFO |   No improvement (1/30)
2026-02-05 09:44:10 KST | INFO | 
2026-02-05 09:44:10 KST | INFO | Epoch 97/200 | LR: 0.053140
2026-02-05 09:44:30 KST | INFO |   Train Loss: 0.1925 | Test Loss: 0.0016 | Test Acc: 88.22%
2026-02-05 09:44:30 KST | INFO |   No improvement (2/30)
2026-02-05 09:44:30 KST | INFO | 
2026-02-05 09:44:30 KST | INFO | Epoch 98/200 | LR: 0.052356
2026-02-05 09:44:49 KST | INFO |   Train Loss: 0.1927 | Test Loss: 0.0014 | Test Acc: 88.98%
2026-02-05 09:44:49 KST | INFO |   No improvement (3/30)
2026-02-05 09:44:49 KST | INFO | 
2026-02-05 09:44:49 KST | INFO | Epoch 99/200 | LR: 0.051571
2026-02-05 09:45:09 KST | INFO |   Train Loss: 0.1867 | Test Loss: 0.0015 | Test Acc: 88.87%
2026-02-05 09:45:09 KST | INFO |   No improvement (4/30)
2026-02-05 09:45:09 KST | INFO | 
2026-02-05 09:45:09 KST | INFO | Epoch 100/200 | LR: 0.050786
2026-02-05 09:45:28 KST | INFO |   Train Loss: 0.1878 | Test Loss: 0.0014 | Test Acc: 89.23%
2026-02-05 09:45:28 KST | INFO |   No improvement (5/30)
2026-02-05 09:45:28 KST | INFO | 
2026-02-05 09:45:28 KST | INFO | Epoch 101/200 | LR: 0.050001
2026-02-05 09:45:47 KST | INFO |   Train Loss: 0.1794 | Test Loss: 0.0015 | Test Acc: 89.50%
2026-02-05 09:45:47 KST | INFO |   No improvement (6/30)
2026-02-05 09:45:47 KST | INFO | 
2026-02-05 09:45:47 KST | INFO | Epoch 102/200 | LR: 0.049215
2026-02-05 09:46:07 KST | INFO |   Train Loss: 0.1846 | Test Loss: 0.0013 | Test Acc: 89.66%
2026-02-05 09:46:07 KST | INFO |   No improvement (7/30)
2026-02-05 09:46:07 KST | INFO | 
2026-02-05 09:46:07 KST | INFO | Epoch 103/200 | LR: 0.048430
2026-02-05 09:46:26 KST | INFO |   Train Loss: 0.1799 | Test Loss: 0.0013 | Test Acc: 89.42%
2026-02-05 09:46:26 KST | INFO |   No improvement (8/30)
2026-02-05 09:46:26 KST | INFO | 
2026-02-05 09:46:26 KST | INFO | Epoch 104/200 | LR: 0.047645
2026-02-05 09:46:46 KST | INFO |   Train Loss: 0.1755 | Test Loss: 0.0013 | Test Acc: 89.98%
2026-02-05 09:46:46 KST | INFO |   No improvement (9/30)
2026-02-05 09:46:46 KST | INFO | 
2026-02-05 09:46:46 KST | INFO | Epoch 105/200 | LR: 0.046861
2026-02-05 09:47:05 KST | INFO |   Train Loss: 0.1730 | Test Loss: 0.0013 | Test Acc: 90.41%
2026-02-05 09:47:05 KST | INFO |   🏆 New best accuracy: 90.41%
2026-02-05 09:47:05 KST | INFO | 
2026-02-05 09:47:05 KST | INFO | Epoch 106/200 | LR: 0.046078
2026-02-05 09:47:24 KST | INFO |   Train Loss: 0.1712 | Test Loss: 0.0016 | Test Acc: 87.98%
2026-02-05 09:47:24 KST | INFO |   No improvement (1/30)
2026-02-05 09:47:24 KST | INFO | 
2026-02-05 09:47:24 KST | INFO | Epoch 107/200 | LR: 0.045295
2026-02-05 09:47:44 KST | INFO |   Train Loss: 0.1692 | Test Loss: 0.0013 | Test Acc: 90.02%
2026-02-05 09:47:44 KST | INFO |   No improvement (2/30)
2026-02-05 09:47:44 KST | INFO | 
2026-02-05 09:47:44 KST | INFO | Epoch 108/200 | LR: 0.044514
2026-02-05 09:48:03 KST | INFO |   Train Loss: 0.1674 | Test Loss: 0.0016 | Test Acc: 88.02%
2026-02-05 09:48:03 KST | INFO |   No improvement (3/30)
2026-02-05 09:48:03 KST | INFO | 
2026-02-05 09:48:03 KST | INFO | Epoch 109/200 | LR: 0.043734
2026-02-05 09:48:23 KST | INFO |   Train Loss: 0.1660 | Test Loss: 0.0013 | Test Acc: 90.00%
2026-02-05 09:48:23 KST | INFO |   No improvement (4/30)
2026-02-05 09:48:23 KST | INFO | 
2026-02-05 09:48:23 KST | INFO | Epoch 110/200 | LR: 0.042956
2026-02-05 09:48:42 KST | INFO |   Train Loss: 0.1615 | Test Loss: 0.0015 | Test Acc: 88.51%
2026-02-05 09:48:42 KST | INFO |   No improvement (5/30)
2026-02-05 09:48:42 KST | INFO | 
2026-02-05 09:48:42 KST | INFO | Epoch 111/200 | LR: 0.042179
2026-02-05 09:49:01 KST | INFO |   Train Loss: 0.1612 | Test Loss: 0.0013 | Test Acc: 90.23%
2026-02-05 09:49:01 KST | INFO |   No improvement (6/30)
2026-02-05 09:49:01 KST | INFO | 
2026-02-05 09:49:01 KST | INFO | Epoch 112/200 | LR: 0.041404
2026-02-05 09:49:20 KST | INFO |   Train Loss: 0.1557 | Test Loss: 0.0013 | Test Acc: 90.04%
2026-02-05 09:49:20 KST | INFO |   No improvement (7/30)
2026-02-05 09:49:20 KST | INFO | 
2026-02-05 09:49:20 KST | INFO | Epoch 113/200 | LR: 0.040632
2026-02-05 09:49:40 KST | INFO |   Train Loss: 0.1564 | Test Loss: 0.0013 | Test Acc: 90.12%
2026-02-05 09:49:40 KST | INFO |   No improvement (8/30)
2026-02-05 09:49:40 KST | INFO | 
2026-02-05 09:49:40 KST | INFO | Epoch 114/200 | LR: 0.039861
2026-02-05 09:49:59 KST | INFO |   Train Loss: 0.1532 | Test Loss: 0.0013 | Test Acc: 89.73%
2026-02-05 09:49:59 KST | INFO |   No improvement (9/30)
2026-02-05 09:49:59 KST | INFO | 
2026-02-05 09:49:59 KST | INFO | Epoch 115/200 | LR: 0.039093
2026-02-05 09:50:19 KST | INFO |   Train Loss: 0.1461 | Test Loss: 0.0015 | Test Acc: 89.04%
2026-02-05 09:50:19 KST | INFO |   No improvement (10/30)
2026-02-05 09:50:19 KST | INFO | 
2026-02-05 09:50:19 KST | INFO | Epoch 116/200 | LR: 0.038328
2026-02-05 09:50:38 KST | INFO |   Train Loss: 0.1456 | Test Loss: 0.0014 | Test Acc: 89.14%
2026-02-05 09:50:38 KST | INFO |   No improvement (11/30)
2026-02-05 09:50:38 KST | INFO | 
2026-02-05 09:50:38 KST | INFO | Epoch 117/200 | LR: 0.037566
2026-02-05 09:50:57 KST | INFO |   Train Loss: 0.1401 | Test Loss: 0.0013 | Test Acc: 90.07%
2026-02-05 09:50:57 KST | INFO |   No improvement (12/30)
2026-02-05 09:50:57 KST | INFO | 
2026-02-05 09:50:57 KST | INFO | Epoch 118/200 | LR: 0.036807
2026-02-05 09:51:17 KST | INFO |   Train Loss: 0.1428 | Test Loss: 0.0013 | Test Acc: 90.03%
2026-02-05 09:51:17 KST | INFO |   No improvement (13/30)
2026-02-05 09:51:17 KST | INFO | 
2026-02-05 09:51:17 KST | INFO | Epoch 119/200 | LR: 0.036051
2026-02-05 09:51:36 KST | INFO |   Train Loss: 0.1358 | Test Loss: 0.0013 | Test Acc: 90.13%
2026-02-05 09:51:36 KST | INFO |   No improvement (14/30)
2026-02-05 09:51:36 KST | INFO | 
2026-02-05 09:51:36 KST | INFO | Epoch 120/200 | LR: 0.035299
2026-02-05 09:51:56 KST | INFO |   Train Loss: 0.1382 | Test Loss: 0.0013 | Test Acc: 90.46%
2026-02-05 09:51:56 KST | INFO |   🏆 New best accuracy: 90.46%
2026-02-05 09:51:56 KST | INFO | 
2026-02-05 09:51:56 KST | INFO | Epoch 121/200 | LR: 0.034550
2026-02-05 09:52:15 KST | INFO |   Train Loss: 0.1341 | Test Loss: 0.0014 | Test Acc: 89.78%
2026-02-05 09:52:15 KST | INFO |   No improvement (1/30)
2026-02-05 09:52:15 KST | INFO | 
2026-02-05 09:52:15 KST | INFO | Epoch 122/200 | LR: 0.033805
2026-02-05 09:52:35 KST | INFO |   Train Loss: 0.1327 | Test Loss: 0.0013 | Test Acc: 90.76%
2026-02-05 09:52:35 KST | INFO |   🏆 New best accuracy: 90.76%
2026-02-05 09:52:35 KST | INFO | 
2026-02-05 09:52:35 KST | INFO | Epoch 123/200 | LR: 0.033064
2026-02-05 09:52:54 KST | INFO |   Train Loss: 0.1277 | Test Loss: 0.0013 | Test Acc: 90.17%
2026-02-05 09:52:54 KST | INFO |   No improvement (1/30)
2026-02-05 09:52:54 KST | INFO | 
2026-02-05 09:52:54 KST | INFO | Epoch 124/200 | LR: 0.032327
2026-02-05 09:53:14 KST | INFO |   Train Loss: 0.1257 | Test Loss: 0.0013 | Test Acc: 90.09%
2026-02-05 09:53:14 KST | INFO |   No improvement (2/30)
2026-02-05 09:53:14 KST | INFO | 
2026-02-05 09:53:14 KST | INFO | Epoch 125/200 | LR: 0.031594
2026-02-05 09:53:33 KST | INFO |   Train Loss: 0.1275 | Test Loss: 0.0013 | Test Acc: 89.56%
2026-02-05 09:53:33 KST | INFO |   No improvement (3/30)
2026-02-05 09:53:33 KST | INFO | 
2026-02-05 09:53:33 KST | INFO | Epoch 126/200 | LR: 0.030867
2026-02-05 09:53:53 KST | INFO |   Train Loss: 0.1227 | Test Loss: 0.0013 | Test Acc: 89.99%
2026-02-05 09:53:53 KST | INFO |   No improvement (4/30)
2026-02-05 09:53:53 KST | INFO | 
2026-02-05 09:53:53 KST | INFO | Epoch 127/200 | LR: 0.030143
2026-02-05 09:54:12 KST | INFO |   Train Loss: 0.1206 | Test Loss: 0.0013 | Test Acc: 90.46%
2026-02-05 09:54:12 KST | INFO |   No improvement (5/30)
2026-02-05 09:54:12 KST | INFO | 
2026-02-05 09:54:12 KST | INFO | Epoch 128/200 | LR: 0.029425
2026-02-05 09:54:32 KST | INFO |   Train Loss: 0.1168 | Test Loss: 0.0013 | Test Acc: 90.36%
2026-02-05 09:54:32 KST | INFO |   No improvement (6/30)
2026-02-05 09:54:32 KST | INFO | 
2026-02-05 09:54:32 KST | INFO | Epoch 129/200 | LR: 0.028712
2026-02-05 09:54:51 KST | INFO |   Train Loss: 0.1137 | Test Loss: 0.0013 | Test Acc: 89.81%
2026-02-05 09:54:51 KST | INFO |   No improvement (7/30)
2026-02-05 09:54:51 KST | INFO | 
2026-02-05 09:54:51 KST | INFO | Epoch 130/200 | LR: 0.028004
2026-02-05 09:55:10 KST | INFO |   Train Loss: 0.1132 | Test Loss: 0.0013 | Test Acc: 90.18%
2026-02-05 09:55:10 KST | INFO |   No improvement (8/30)
2026-02-05 09:55:10 KST | INFO | 
2026-02-05 09:55:10 KST | INFO | Epoch 131/200 | LR: 0.027301
2026-02-05 09:55:30 KST | INFO |   Train Loss: 0.1100 | Test Loss: 0.0014 | Test Acc: 89.87%
2026-02-05 09:55:30 KST | INFO |   No improvement (9/30)
2026-02-05 09:55:30 KST | INFO | 
2026-02-05 09:55:30 KST | INFO | Epoch 132/200 | LR: 0.026604
2026-02-05 09:55:49 KST | INFO |   Train Loss: 0.1072 | Test Loss: 0.0013 | Test Acc: 90.52%
2026-02-05 09:55:49 KST | INFO |   No improvement (10/30)
2026-02-05 09:55:49 KST | INFO | 
2026-02-05 09:55:49 KST | INFO | Epoch 133/200 | LR: 0.025913
2026-02-05 09:56:08 KST | INFO |   Train Loss: 0.1072 | Test Loss: 0.0013 | Test Acc: 90.39%
2026-02-05 09:56:08 KST | INFO |   No improvement (11/30)
2026-02-05 09:56:08 KST | INFO | 
2026-02-05 09:56:08 KST | INFO | Epoch 134/200 | LR: 0.025228
2026-02-05 09:56:28 KST | INFO |   Train Loss: 0.1035 | Test Loss: 0.0012 | Test Acc: 91.19%
2026-02-05 09:56:28 KST | INFO |   🏆 New best accuracy: 91.19%
2026-02-05 09:56:28 KST | INFO | 
2026-02-05 09:56:28 KST | INFO | Epoch 135/200 | LR: 0.024549
2026-02-05 09:56:47 KST | INFO |   Train Loss: 0.1005 | Test Loss: 0.0013 | Test Acc: 90.52%
2026-02-05 09:56:47 KST | INFO |   No improvement (1/30)
2026-02-05 09:56:47 KST | INFO | 
2026-02-05 09:56:47 KST | INFO | Epoch 136/200 | LR: 0.023876
2026-02-05 09:57:07 KST | INFO |   Train Loss: 0.0990 | Test Loss: 0.0012 | Test Acc: 90.97%
2026-02-05 09:57:07 KST | INFO |   No improvement (2/30)
2026-02-05 09:57:07 KST | INFO | 
2026-02-05 09:57:07 KST | INFO | Epoch 137/200 | LR: 0.023209
2026-02-05 09:57:26 KST | INFO |   Train Loss: 0.0957 | Test Loss: 0.0014 | Test Acc: 89.76%
2026-02-05 09:57:26 KST | INFO |   No improvement (3/30)
2026-02-05 09:57:26 KST | INFO | 
2026-02-05 09:57:26 KST | INFO | Epoch 138/200 | LR: 0.022550
2026-02-05 09:57:46 KST | INFO |   Train Loss: 0.0955 | Test Loss: 0.0012 | Test Acc: 90.81%
2026-02-05 09:57:46 KST | INFO |   No improvement (4/30)
2026-02-05 09:57:46 KST | INFO | 
2026-02-05 09:57:46 KST | INFO | Epoch 139/200 | LR: 0.021897
2026-02-05 09:58:05 KST | INFO |   Train Loss: 0.0904 | Test Loss: 0.0012 | Test Acc: 90.89%
2026-02-05 09:58:05 KST | INFO |   No improvement (5/30)
2026-02-05 09:58:05 KST | INFO | 
2026-02-05 09:58:05 KST | INFO | Epoch 140/200 | LR: 0.021251
2026-02-05 09:58:24 KST | INFO |   Train Loss: 0.0888 | Test Loss: 0.0012 | Test Acc: 90.48%
2026-02-05 09:58:24 KST | INFO |   No improvement (6/30)
2026-02-05 09:58:24 KST | INFO | 
2026-02-05 09:58:24 KST | INFO | Epoch 141/200 | LR: 0.020612
2026-02-05 09:58:43 KST | INFO |   Train Loss: 0.0869 | Test Loss: 0.0013 | Test Acc: 90.80%
2026-02-05 09:58:43 KST | INFO |   No improvement (7/30)
2026-02-05 09:58:43 KST | INFO | 
2026-02-05 09:58:43 KST | INFO | Epoch 142/200 | LR: 0.019980
2026-02-05 09:59:03 KST | INFO |   Train Loss: 0.0851 | Test Loss: 0.0014 | Test Acc: 90.37%
2026-02-05 09:59:03 KST | INFO |   No improvement (8/30)
2026-02-05 09:59:03 KST | INFO | 
2026-02-05 09:59:03 KST | INFO | Epoch 143/200 | LR: 0.019355
2026-02-05 09:59:22 KST | INFO |   Train Loss: 0.0854 | Test Loss: 0.0014 | Test Acc: 89.96%
2026-02-05 09:59:22 KST | INFO |   No improvement (9/30)
2026-02-05 09:59:22 KST | INFO | 
2026-02-05 09:59:22 KST | INFO | Epoch 144/200 | LR: 0.018739
2026-02-05 09:59:41 KST | INFO |   Train Loss: 0.0798 | Test Loss: 0.0013 | Test Acc: 90.80%
2026-02-05 09:59:41 KST | INFO |   No improvement (10/30)
2026-02-05 09:59:41 KST | INFO | 
2026-02-05 09:59:41 KST | INFO | Epoch 145/200 | LR: 0.018130
2026-02-05 10:00:01 KST | INFO |   Train Loss: 0.0779 | Test Loss: 0.0013 | Test Acc: 90.86%
2026-02-05 10:00:01 KST | INFO |   No improvement (11/30)
2026-02-05 10:00:01 KST | INFO | 
2026-02-05 10:00:01 KST | INFO | Epoch 146/200 | LR: 0.017528
2026-02-05 10:00:20 KST | INFO |   Train Loss: 0.0779 | Test Loss: 0.0013 | Test Acc: 90.99%
2026-02-05 10:00:20 KST | INFO |   No improvement (12/30)
2026-02-05 10:00:20 KST | INFO | 
2026-02-05 10:00:20 KST | INFO | Epoch 147/200 | LR: 0.016935
2026-02-05 10:00:39 KST | INFO |   Train Loss: 0.0760 | Test Loss: 0.0013 | Test Acc: 91.09%
2026-02-05 10:00:39 KST | INFO |   No improvement (13/30)
2026-02-05 10:00:39 KST | INFO | 
2026-02-05 10:00:39 KST | INFO | Epoch 148/200 | LR: 0.016350
2026-02-05 10:00:59 KST | INFO |   Train Loss: 0.0756 | Test Loss: 0.0013 | Test Acc: 90.97%
2026-02-05 10:00:59 KST | INFO |   No improvement (14/30)
2026-02-05 10:00:59 KST | INFO | 
2026-02-05 10:00:59 KST | INFO | Epoch 149/200 | LR: 0.015773
2026-02-05 10:01:18 KST | INFO |   Train Loss: 0.0709 | Test Loss: 0.0017 | Test Acc: 89.29%
2026-02-05 10:01:18 KST | INFO |   No improvement (15/30)
2026-02-05 10:01:18 KST | INFO | 
2026-02-05 10:01:18 KST | INFO | Epoch 150/200 | LR: 0.015205
2026-02-05 10:01:38 KST | INFO |   Train Loss: 0.0699 | Test Loss: 0.0014 | Test Acc: 90.97%
2026-02-05 10:01:38 KST | INFO |   No improvement (16/30)
2026-02-05 10:01:38 KST | INFO | 
2026-02-05 10:01:38 KST | INFO | Epoch 151/200 | LR: 0.014646
2026-02-05 10:01:57 KST | INFO |   Train Loss: 0.0664 | Test Loss: 0.0014 | Test Acc: 90.71%
2026-02-05 10:01:57 KST | INFO |   No improvement (17/30)
2026-02-05 10:01:57 KST | INFO | 
2026-02-05 10:01:57 KST | INFO | Epoch 152/200 | LR: 0.014095
2026-02-05 10:02:17 KST | INFO |   Train Loss: 0.0629 | Test Loss: 0.0015 | Test Acc: 90.13%
2026-02-05 10:02:17 KST | INFO |   No improvement (18/30)
2026-02-05 10:02:17 KST | INFO | 
2026-02-05 10:02:17 KST | INFO | Epoch 153/200 | LR: 0.013552
2026-02-05 10:02:36 KST | INFO |   Train Loss: 0.0639 | Test Loss: 0.0013 | Test Acc: 91.21%
2026-02-05 10:02:36 KST | INFO |   🏆 New best accuracy: 91.21%
2026-02-05 10:02:36 KST | INFO | 
2026-02-05 10:02:36 KST | INFO | Epoch 154/200 | LR: 0.013019
2026-02-05 10:02:55 KST | INFO |   Train Loss: 0.0630 | Test Loss: 0.0013 | Test Acc: 90.86%
2026-02-05 10:02:55 KST | INFO |   No improvement (1/30)
2026-02-05 10:02:55 KST | INFO | 
2026-02-05 10:02:55 KST | INFO | Epoch 155/200 | LR: 0.012495
2026-02-05 10:03:15 KST | INFO |   Train Loss: 0.0591 | Test Loss: 0.0013 | Test Acc: 91.04%
2026-02-05 10:03:15 KST | INFO |   No improvement (2/30)
2026-02-05 10:03:15 KST | INFO | 
2026-02-05 10:03:15 KST | INFO | Epoch 156/200 | LR: 0.011981
2026-02-05 10:03:34 KST | INFO |   Train Loss: 0.0567 | Test Loss: 0.0014 | Test Acc: 90.79%
2026-02-05 10:03:34 KST | INFO |   No improvement (3/30)
2026-02-05 10:03:34 KST | INFO | 
2026-02-05 10:03:34 KST | INFO | Epoch 157/200 | LR: 0.011475
2026-02-05 10:03:54 KST | INFO |   Train Loss: 0.0567 | Test Loss: 0.0014 | Test Acc: 91.03%
2026-02-05 10:03:54 KST | INFO |   No improvement (4/30)
2026-02-05 10:03:54 KST | INFO | 
2026-02-05 10:03:54 KST | INFO | Epoch 158/200 | LR: 0.010979
2026-02-05 10:04:13 KST | INFO |   Train Loss: 0.0561 | Test Loss: 0.0014 | Test Acc: 90.64%
2026-02-05 10:04:13 KST | INFO |   No improvement (5/30)
2026-02-05 10:04:13 KST | INFO | 
2026-02-05 10:04:13 KST | INFO | Epoch 159/200 | LR: 0.010493
2026-02-05 10:04:32 KST | INFO |   Train Loss: 0.0520 | Test Loss: 0.0013 | Test Acc: 91.09%
2026-02-05 10:04:32 KST | INFO |   No improvement (6/30)
2026-02-05 10:04:32 KST | INFO | 
2026-02-05 10:04:32 KST | INFO | Epoch 160/200 | LR: 0.010017
2026-02-05 10:04:52 KST | INFO |   Train Loss: 0.0516 | Test Loss: 0.0014 | Test Acc: 90.60%
2026-02-05 10:04:52 KST | INFO |   No improvement (7/30)
2026-02-05 10:04:52 KST | INFO | 
2026-02-05 10:04:52 KST | INFO | Epoch 161/200 | LR: 0.009550
2026-02-05 10:05:12 KST | INFO |   Train Loss: 0.0494 | Test Loss: 0.0013 | Test Acc: 91.22%
2026-02-05 10:05:12 KST | INFO |   🏆 New best accuracy: 91.22%
2026-02-05 10:05:12 KST | INFO | 
2026-02-05 10:05:12 KST | INFO | Epoch 162/200 | LR: 0.009093
2026-02-05 10:05:32 KST | INFO |   Train Loss: 0.0475 | Test Loss: 0.0014 | Test Acc: 91.08%
2026-02-05 10:05:32 KST | INFO |   No improvement (1/30)
2026-02-05 10:05:32 KST | INFO | 
2026-02-05 10:05:32 KST | INFO | Epoch 163/200 | LR: 0.008647
2026-02-05 10:05:51 KST | INFO |   Train Loss: 0.0466 | Test Loss: 0.0013 | Test Acc: 91.28%
2026-02-05 10:05:51 KST | INFO |   🏆 New best accuracy: 91.28%
2026-02-05 10:05:51 KST | INFO | 
2026-02-05 10:05:51 KST | INFO | Epoch 164/200 | LR: 0.008211
2026-02-05 10:06:11 KST | INFO |   Train Loss: 0.0435 | Test Loss: 0.0013 | Test Acc: 91.46%
2026-02-05 10:06:11 KST | INFO |   🏆 New best accuracy: 91.46%
2026-02-05 10:06:11 KST | INFO | 
2026-02-05 10:06:11 KST | INFO | Epoch 165/200 | LR: 0.007785
2026-02-05 10:06:30 KST | INFO |   Train Loss: 0.0436 | Test Loss: 0.0013 | Test Acc: 91.68%
2026-02-05 10:06:30 KST | INFO |   🏆 New best accuracy: 91.68%
2026-02-05 10:06:30 KST | INFO | 
2026-02-05 10:06:30 KST | INFO | Epoch 166/200 | LR: 0.007369
2026-02-05 10:06:50 KST | INFO |   Train Loss: 0.0407 | Test Loss: 0.0013 | Test Acc: 91.50%
2026-02-05 10:06:50 KST | INFO |   No improvement (1/30)
2026-02-05 10:06:50 KST | INFO | 
2026-02-05 10:06:50 KST | INFO | Epoch 167/200 | LR: 0.006964
2026-02-05 10:07:09 KST | INFO |   Train Loss: 0.0401 | Test Loss: 0.0014 | Test Acc: 91.39%
2026-02-05 10:07:09 KST | INFO |   No improvement (2/30)
2026-02-05 10:07:09 KST | INFO | 
2026-02-05 10:07:09 KST | INFO | Epoch 168/200 | LR: 0.006569
2026-02-05 10:07:29 KST | INFO |   Train Loss: 0.0376 | Test Loss: 0.0013 | Test Acc: 91.42%
2026-02-05 10:07:29 KST | INFO |   No improvement (3/30)
2026-02-05 10:07:29 KST | INFO | 
2026-02-05 10:07:29 KST | INFO | Epoch 169/200 | LR: 0.006186
2026-02-05 10:07:48 KST | INFO |   Train Loss: 0.0369 | Test Loss: 0.0014 | Test Acc: 91.17%
2026-02-05 10:07:48 KST | INFO |   No improvement (4/30)
2026-02-05 10:07:48 KST | INFO | 
2026-02-05 10:07:48 KST | INFO | Epoch 170/200 | LR: 0.005813
2026-02-05 10:08:08 KST | INFO |   Train Loss: 0.0351 | Test Loss: 0.0014 | Test Acc: 91.49%
2026-02-05 10:08:08 KST | INFO |   No improvement (5/30)
2026-02-05 10:08:08 KST | INFO | 
2026-02-05 10:08:08 KST | INFO | Epoch 171/200 | LR: 0.005451
2026-02-05 10:08:27 KST | INFO |   Train Loss: 0.0350 | Test Loss: 0.0014 | Test Acc: 91.44%
2026-02-05 10:08:27 KST | INFO |   No improvement (6/30)
2026-02-05 10:08:27 KST | INFO | 
2026-02-05 10:08:27 KST | INFO | Epoch 172/200 | LR: 0.005100
2026-02-05 10:08:46 KST | INFO |   Train Loss: 0.0329 | Test Loss: 0.0015 | Test Acc: 91.22%
2026-02-05 10:08:46 KST | INFO |   No improvement (7/30)
2026-02-05 10:08:46 KST | INFO | 
2026-02-05 10:08:46 KST | INFO | Epoch 173/200 | LR: 0.004760
2026-02-05 10:09:06 KST | INFO |   Train Loss: 0.0318 | Test Loss: 0.0013 | Test Acc: 91.41%
2026-02-05 10:09:06 KST | INFO |   No improvement (8/30)
2026-02-05 10:09:06 KST | INFO | 
2026-02-05 10:09:06 KST | INFO | Epoch 174/200 | LR: 0.004431
2026-02-05 10:09:25 KST | INFO |   Train Loss: 0.0315 | Test Loss: 0.0013 | Test Acc: 91.49%
2026-02-05 10:09:25 KST | INFO |   No improvement (9/30)
2026-02-05 10:09:25 KST | INFO | 
2026-02-05 10:09:25 KST | INFO | Epoch 175/200 | LR: 0.004113
2026-02-05 10:09:44 KST | INFO |   Train Loss: 0.0291 | Test Loss: 0.0013 | Test Acc: 91.27%
2026-02-05 10:09:44 KST | INFO |   No improvement (10/30)
2026-02-05 10:09:44 KST | INFO | 
2026-02-05 10:09:44 KST | INFO | Epoch 176/200 | LR: 0.003807
2026-02-05 10:10:04 KST | INFO |   Train Loss: 0.0283 | Test Loss: 0.0013 | Test Acc: 91.56%
2026-02-05 10:10:04 KST | INFO |   No improvement (11/30)
2026-02-05 10:10:04 KST | INFO | 
2026-02-05 10:10:04 KST | INFO | Epoch 177/200 | LR: 0.003512
2026-02-05 10:10:24 KST | INFO |   Train Loss: 0.0279 | Test Loss: 0.0014 | Test Acc: 91.40%
2026-02-05 10:10:24 KST | INFO |   No improvement (12/30)
2026-02-05 10:10:24 KST | INFO | 
2026-02-05 10:10:24 KST | INFO | Epoch 178/200 | LR: 0.003229
2026-02-05 10:10:43 KST | INFO |   Train Loss: 0.0265 | Test Loss: 0.0014 | Test Acc: 91.68%
2026-02-05 10:10:43 KST | INFO |   No improvement (13/30)
2026-02-05 10:10:43 KST | INFO | 
2026-02-05 10:10:43 KST | INFO | Epoch 179/200 | LR: 0.002957
2026-02-05 10:11:03 KST | INFO |   Train Loss: 0.0261 | Test Loss: 0.0013 | Test Acc: 91.48%
2026-02-05 10:11:03 KST | INFO |   No improvement (14/30)
2026-02-05 10:11:03 KST | INFO | 
2026-02-05 10:11:03 KST | INFO | Epoch 180/200 | LR: 0.002697
2026-02-05 10:11:22 KST | INFO |   Train Loss: 0.0248 | Test Loss: 0.0013 | Test Acc: 91.69%
2026-02-05 10:11:22 KST | INFO |   🏆 New best accuracy: 91.69%
2026-02-05 10:11:22 KST | INFO | 
2026-02-05 10:11:22 KST | INFO | Epoch 181/200 | LR: 0.002448
2026-02-05 10:11:42 KST | INFO |   Train Loss: 0.0252 | Test Loss: 0.0014 | Test Acc: 91.62%
2026-02-05 10:11:42 KST | INFO |   No improvement (1/30)
2026-02-05 10:11:42 KST | INFO | 
2026-02-05 10:11:42 KST | INFO | Epoch 182/200 | LR: 0.002211
2026-02-05 10:12:01 KST | INFO |   Train Loss: 0.0233 | Test Loss: 0.0014 | Test Acc: 91.49%
2026-02-05 10:12:01 KST | INFO |   No improvement (2/30)
2026-02-05 10:12:01 KST | INFO | 
2026-02-05 10:12:01 KST | INFO | Epoch 183/200 | LR: 0.001986
2026-02-05 10:12:21 KST | INFO |   Train Loss: 0.0228 | Test Loss: 0.0014 | Test Acc: 91.51%
2026-02-05 10:12:21 KST | INFO |   No improvement (3/30)
2026-02-05 10:12:21 KST | INFO | 
2026-02-05 10:12:21 KST | INFO | Epoch 184/200 | LR: 0.001773
2026-02-05 10:12:40 KST | INFO |   Train Loss: 0.0223 | Test Loss: 0.0013 | Test Acc: 91.64%
2026-02-05 10:12:40 KST | INFO |   No improvement (4/30)
2026-02-05 10:12:40 KST | INFO | 
2026-02-05 10:12:40 KST | INFO | Epoch 185/200 | LR: 0.001572
2026-02-05 10:12:59 KST | INFO |   Train Loss: 0.0213 | Test Loss: 0.0013 | Test Acc: 91.68%
2026-02-05 10:12:59 KST | INFO |   No improvement (5/30)
2026-02-05 10:12:59 KST | INFO | 
2026-02-05 10:12:59 KST | INFO | Epoch 186/200 | LR: 0.001382
2026-02-05 10:13:19 KST | INFO |   Train Loss: 0.0214 | Test Loss: 0.0014 | Test Acc: 91.54%
2026-02-05 10:13:19 KST | INFO |   No improvement (6/30)
2026-02-05 10:13:19 KST | INFO | 
2026-02-05 10:13:19 KST | INFO | Epoch 187/200 | LR: 0.001205
2026-02-05 10:13:38 KST | INFO |   Train Loss: 0.0200 | Test Loss: 0.0014 | Test Acc: 91.54%
2026-02-05 10:13:38 KST | INFO |   No improvement (7/30)
2026-02-05 10:13:38 KST | INFO | 
2026-02-05 10:13:38 KST | INFO | Epoch 188/200 | LR: 0.001040
2026-02-05 10:13:57 KST | INFO |   Train Loss: 0.0194 | Test Loss: 0.0014 | Test Acc: 91.59%
2026-02-05 10:13:57 KST | INFO |   No improvement (8/30)
2026-02-05 10:13:57 KST | INFO | 
2026-02-05 10:13:57 KST | INFO | Epoch 189/200 | LR: 0.000887
2026-02-05 10:14:17 KST | INFO |   Train Loss: 0.0192 | Test Loss: 0.0014 | Test Acc: 91.72%
2026-02-05 10:14:17 KST | INFO |   🏆 New best accuracy: 91.72%
2026-02-05 10:14:17 KST | INFO | 
2026-02-05 10:14:17 KST | INFO | Epoch 190/200 | LR: 0.000746
2026-02-05 10:14:37 KST | INFO |   Train Loss: 0.0195 | Test Loss: 0.0014 | Test Acc: 91.73%
2026-02-05 10:14:37 KST | INFO |   🏆 New best accuracy: 91.73%
2026-02-05 10:14:37 KST | INFO | 
2026-02-05 10:14:37 KST | INFO | Epoch 191/200 | LR: 0.000617
2026-02-05 10:14:56 KST | INFO |   Train Loss: 0.0180 | Test Loss: 0.0014 | Test Acc: 91.77%
2026-02-05 10:14:56 KST | INFO |   🏆 New best accuracy: 91.77%
2026-02-05 10:14:56 KST | INFO | 
2026-02-05 10:14:56 KST | INFO | Epoch 192/200 | LR: 0.000500
2026-02-05 10:15:15 KST | INFO |   Train Loss: 0.0185 | Test Loss: 0.0014 | Test Acc: 91.68%
2026-02-05 10:15:15 KST | INFO |   No improvement (1/30)
2026-02-05 10:15:15 KST | INFO | 
2026-02-05 10:15:15 KST | INFO | Epoch 193/200 | LR: 0.000395
2026-02-05 10:15:35 KST | INFO |   Train Loss: 0.0178 | Test Loss: 0.0014 | Test Acc: 91.78%
2026-02-05 10:15:35 KST | INFO |   🏆 New best accuracy: 91.78%
2026-02-05 10:15:35 KST | INFO | 
2026-02-05 10:15:35 KST | INFO | Epoch 194/200 | LR: 0.000303
2026-02-05 10:15:54 KST | INFO |   Train Loss: 0.0175 | Test Loss: 0.0014 | Test Acc: 91.71%
2026-02-05 10:15:54 KST | INFO |   No improvement (1/30)
2026-02-05 10:15:54 KST | INFO | 
2026-02-05 10:15:54 KST | INFO | Epoch 195/200 | LR: 0.000223
2026-02-05 10:16:14 KST | INFO |   Train Loss: 0.0172 | Test Loss: 0.0014 | Test Acc: 91.68%
2026-02-05 10:16:14 KST | INFO |   No improvement (2/30)
2026-02-05 10:16:14 KST | INFO | 
2026-02-05 10:16:14 KST | INFO | Epoch 196/200 | LR: 0.000155
2026-02-05 10:16:34 KST | INFO |   Train Loss: 0.0164 | Test Loss: 0.0014 | Test Acc: 91.56%
2026-02-05 10:16:34 KST | INFO |   No improvement (3/30)
2026-02-05 10:16:34 KST | INFO | 
2026-02-05 10:16:34 KST | INFO | Epoch 197/200 | LR: 0.000100
2026-02-05 10:16:53 KST | INFO |   Train Loss: 0.0172 | Test Loss: 0.0014 | Test Acc: 91.60%
2026-02-05 10:16:53 KST | INFO |   No improvement (4/30)
2026-02-05 10:16:53 KST | INFO | 
2026-02-05 10:16:53 KST | INFO | Epoch 198/200 | LR: 0.000057
2026-02-05 10:17:13 KST | INFO |   Train Loss: 0.0176 | Test Loss: 0.0014 | Test Acc: 91.67%
2026-02-05 10:17:13 KST | INFO |   No improvement (5/30)
2026-02-05 10:17:13 KST | INFO | 
2026-02-05 10:17:13 KST | INFO | Epoch 199/200 | LR: 0.000026
2026-02-05 10:17:32 KST | INFO |   Train Loss: 0.0166 | Test Loss: 0.0014 | Test Acc: 91.62%
2026-02-05 10:17:32 KST | INFO |   No improvement (6/30)
2026-02-05 10:17:32 KST | INFO | 
2026-02-05 10:17:32 KST | INFO | Epoch 200/200 | LR: 0.000007
2026-02-05 10:17:51 KST | INFO |   Train Loss: 0.0160 | Test Loss: 0.0014 | Test Acc: 91.66%
2026-02-05 10:17:51 KST | INFO |   No improvement (7/30)
2026-02-05 10:17:51 KST | INFO | 
2026-02-05 10:17:51 KST | INFO | ================================================================================
2026-02-05 10:17:51 KST | INFO | TRAINING COMPLETE
2026-02-05 10:17:51 KST | INFO | ================================================================================
2026-02-05 10:17:51 KST | INFO | Best accuracy:  91.78% (Epoch 193)
2026-02-05 10:17:51 KST | INFO | Final accuracy: 91.66%
2026-02-05 10:17:51 KST | INFO | ================================================================================
2026-02-05 10:17:51 KST | INFO | 
2026-02-05 10:17:51 KST | INFO | Notifying nodes of completion...
2026-02-05 10:17:52 KST | INFO | ✓ Nodes notified
2026-02-05 10:17:52 KST | INFO | 
2026-02-05 10:17:52 KST | INFO | Closing connections...
2026-02-05 10:17:52 KST | INFO | ✓ Cleanup complete
2026-02-05 10:17:52 KST | INFO | 
2026-02-05 10:17:52 KST | INFO | Full log: logs/TL++_base_20260205_091227.log
2026-02-05 10:17:52 KST | INFO | ================================================================================
