2026-02-05 05:58:57 KST | INFO | ================================================================================
2026-02-05 05:58:57 KST | INFO | TL++ Orchestrator
2026-02-05 05:58:57 KST | INFO | ================================================================================
2026-02-05 05:58:57 KST | INFO | Log file: logs/TL++_base_20260205_055857.log
2026-02-05 05:58:57 KST | INFO | 
2026-02-05 05:58:57 KST | INFO | --------------------------------------------------------------------------------
2026-02-05 05:58:57 KST | INFO | CONFIGURATION
2026-02-05 05:58:57 KST | INFO | --------------------------------------------------------------------------------
2026-02-05 05:58:57 KST | INFO | Secure mode:      False
2026-02-05 05:58:57 KST | INFO | Nodes:            9
2026-02-05 05:58:57 KST | INFO | Cut layer:        1
2026-02-05 05:58:57 KST | INFO | Batch size:       128
2026-02-05 05:58:57 KST | INFO | Learning rate:    0.1
2026-02-05 05:58:57 KST | INFO | 
2026-02-05 05:58:57 KST | INFO | Computation device: cuda
2026-02-05 05:58:57 KST | INFO | Secure mode: DISABLED
2026-02-05 05:58:57 KST | INFO | 
2026-02-05 05:58:57 KST | INFO | --------------------------------------------------------------------------------
2026-02-05 05:58:57 KST | INFO | NETWORK SETUP
2026-02-05 05:58:57 KST | INFO | --------------------------------------------------------------------------------
2026-02-05 05:58:57 KST | INFO | ✓ Orchestrator listening on 127.0.0.1:8080
2026-02-05 05:58:57 KST | INFO | Waiting for 9 node(s)...
2026-02-05 05:59:00 KST | INFO |   ✓ Node 1/9 connected
2026-02-05 05:59:01 KST | INFO |   ✓ Node 2/9 connected
2026-02-05 05:59:02 KST | INFO |   ✓ Node 3/9 connected
2026-02-05 05:59:03 KST | INFO |   ✓ Node 4/9 connected
2026-02-05 05:59:04 KST | INFO |   ✓ Node 5/9 connected
2026-02-05 05:59:05 KST | INFO |   ✓ Node 6/9 connected
2026-02-05 05:59:06 KST | INFO |   ✓ Node 7/9 connected
2026-02-05 05:59:07 KST | INFO |   ✓ Node 8/9 connected
2026-02-05 05:59:08 KST | INFO |   ✓ Node 9/9 connected
2026-02-05 05:59:08 KST | INFO | ✓ All 9 node(s) connected
2026-02-05 05:59:08 KST | INFO | 
2026-02-05 05:59:08 KST | INFO | --------------------------------------------------------------------------------
2026-02-05 05:59:08 KST | INFO | MODEL INITIALIZATION
2026-02-05 05:59:08 KST | INFO | --------------------------------------------------------------------------------
2026-02-05 05:59:08 KST | INFO | Node-side parameters: 38,720
2026-02-05 05:59:08 KST | INFO | 
2026-02-05 05:59:08 KST | INFO | --------------------------------------------------------------------------------
2026-02-05 05:59:08 KST | INFO | BROADCASTING CONFIGURATION
2026-02-05 05:59:08 KST | INFO | --------------------------------------------------------------------------------
2026-02-05 05:59:08 KST | INFO | ✓ Configuration broadcast to all nodes
2026-02-05 05:59:10 KST | INFO | 
2026-02-05 05:59:10 KST | INFO | Total parameters:     3,247,689
2026-02-05 05:59:10 KST | INFO | Trainable parameters: 3,247,689
2026-02-05 05:59:10 KST | INFO | 
2026-02-05 05:59:10 KST | INFO | --------------------------------------------------------------------------------
2026-02-05 05:59:10 KST | INFO | DATA LOADING
2026-02-05 05:59:10 KST | INFO | --------------------------------------------------------------------------------
2026-02-05 05:59:35 KST | INFO | ✓ Dataset information collected:
2026-02-05 05:59:35 KST | INFO |     Node 1: 5,000 samples
2026-02-05 05:59:35 KST | INFO |     Node 2: 5,000 samples
2026-02-05 05:59:35 KST | INFO |     Node 3: 5,000 samples
2026-02-05 05:59:35 KST | INFO |     Node 4: 5,000 samples
2026-02-05 05:59:35 KST | INFO |     Node 5: 5,000 samples
2026-02-05 05:59:35 KST | INFO |     Node 6: 5,000 samples
2026-02-05 05:59:35 KST | INFO |     Node 7: 5,000 samples
2026-02-05 05:59:35 KST | INFO |     Node 8: 5,000 samples
2026-02-05 05:59:35 KST | INFO |     Node 9: 5,000 samples
2026-02-05 05:59:35 KST | INFO |   Total training samples: 45,000
2026-02-05 05:59:35 KST | INFO | 
2026-02-05 05:59:38 KST | INFO | ✓ Test dataset loaded: 9,000 samples
2026-02-05 05:59:38 KST | INFO | 
2026-02-05 05:59:38 KST | INFO | ✓ Batch scheduler: 352 batches/epoch
2026-02-05 05:59:38 KST | INFO | 
2026-02-05 05:59:38 KST | INFO | --------------------------------------------------------------------------------
2026-02-05 05:59:38 KST | INFO | OPTIMIZATION SETUP
2026-02-05 05:59:38 KST | INFO | --------------------------------------------------------------------------------
2026-02-05 05:59:38 KST | INFO | ✓ Optimizer: SGD (lr=0.1, momentum=0.9)
2026-02-05 05:59:38 KST | INFO | ✓ Scheduler: cosine
2026-02-05 05:59:38 KST | INFO | ✓ Gradient clipping: 1.0
2026-02-05 05:59:38 KST | INFO | 
2026-02-05 05:59:38 KST | INFO | ================================================================================
2026-02-05 05:59:38 KST | INFO | Setup complete - Ready for training
2026-02-05 05:59:38 KST | INFO | ================================================================================
2026-02-05 05:59:38 KST | INFO | 
2026-02-05 05:59:38 KST | INFO | --------------------------------------------------------------------------------
2026-02-05 05:59:38 KST | INFO | TRAINING
2026-02-05 05:59:38 KST | INFO | --------------------------------------------------------------------------------
2026-02-05 05:59:38 KST | INFO | 
2026-02-05 05:59:38 KST | INFO | Epoch 1/200 | LR: 0.100000
2026-02-05 05:59:58 KST | INFO |   Train Loss: 1.6425 | Test Loss: 0.0049 | Test Acc: 54.59%
2026-02-05 05:59:58 KST | INFO |   🏆 New best accuracy: 54.59%
2026-02-05 05:59:58 KST | INFO | 
2026-02-05 05:59:58 KST | INFO | Epoch 2/200 | LR: 0.099994
2026-02-05 06:00:17 KST | INFO |   Train Loss: 1.2045 | Test Loss: 0.0039 | Test Acc: 63.66%
2026-02-05 06:00:17 KST | INFO |   🏆 New best accuracy: 63.66%
2026-02-05 06:00:17 KST | INFO | 
2026-02-05 06:00:17 KST | INFO | Epoch 3/200 | LR: 0.099975
2026-02-05 06:00:36 KST | INFO |   Train Loss: 0.9694 | Test Loss: 0.0035 | Test Acc: 69.40%
2026-02-05 06:00:36 KST | INFO |   🏆 New best accuracy: 69.40%
2026-02-05 06:00:36 KST | INFO | 
2026-02-05 06:00:36 KST | INFO | Epoch 4/200 | LR: 0.099944
2026-02-05 06:00:55 KST | INFO |   Train Loss: 0.8281 | Test Loss: 0.0033 | Test Acc: 71.91%
2026-02-05 06:00:55 KST | INFO |   🏆 New best accuracy: 71.91%
2026-02-05 06:00:55 KST | INFO | 
2026-02-05 06:00:55 KST | INFO | Epoch 5/200 | LR: 0.099901
2026-02-05 06:01:14 KST | INFO |   Train Loss: 0.7315 | Test Loss: 0.0030 | Test Acc: 74.36%
2026-02-05 06:01:14 KST | INFO |   🏆 New best accuracy: 74.36%
2026-02-05 06:01:14 KST | INFO | 
2026-02-05 06:01:14 KST | INFO | Epoch 6/200 | LR: 0.099846
2026-02-05 06:01:33 KST | INFO |   Train Loss: 0.6729 | Test Loss: 0.0024 | Test Acc: 78.81%
2026-02-05 06:01:33 KST | INFO |   🏆 New best accuracy: 78.81%
2026-02-05 06:01:33 KST | INFO | 
2026-02-05 06:01:33 KST | INFO | Epoch 7/200 | LR: 0.099778
2026-02-05 06:01:52 KST | INFO |   Train Loss: 0.6291 | Test Loss: 0.0023 | Test Acc: 80.11%
2026-02-05 06:01:52 KST | INFO |   🏆 New best accuracy: 80.11%
2026-02-05 06:01:52 KST | INFO | 
2026-02-05 06:01:52 KST | INFO | Epoch 8/200 | LR: 0.099698
2026-02-05 06:02:11 KST | INFO |   Train Loss: 0.5909 | Test Loss: 0.0023 | Test Acc: 80.58%
2026-02-05 06:02:11 KST | INFO |   🏆 New best accuracy: 80.58%
2026-02-05 06:02:11 KST | INFO | 
2026-02-05 06:02:11 KST | INFO | Epoch 9/200 | LR: 0.099606
2026-02-05 06:02:30 KST | INFO |   Train Loss: 0.5622 | Test Loss: 0.0021 | Test Acc: 82.54%
2026-02-05 06:02:30 KST | INFO |   🏆 New best accuracy: 82.54%
2026-02-05 06:02:30 KST | INFO | 
2026-02-05 06:02:30 KST | INFO | Epoch 10/200 | LR: 0.099501
2026-02-05 06:02:50 KST | INFO |   Train Loss: 0.5338 | Test Loss: 0.0021 | Test Acc: 82.69%
2026-02-05 06:02:50 KST | INFO |   🏆 New best accuracy: 82.69%
2026-02-05 06:02:50 KST | INFO | 
2026-02-05 06:02:50 KST | INFO | Epoch 11/200 | LR: 0.099384
2026-02-05 06:03:09 KST | INFO |   Train Loss: 0.5145 | Test Loss: 0.0020 | Test Acc: 82.68%
2026-02-05 06:03:09 KST | INFO |   No improvement (1/30)
2026-02-05 06:03:09 KST | INFO | 
2026-02-05 06:03:09 KST | INFO | Epoch 12/200 | LR: 0.099255
2026-02-05 06:03:27 KST | INFO |   Train Loss: 0.4940 | Test Loss: 0.0020 | Test Acc: 83.18%
2026-02-05 06:03:27 KST | INFO |   🏆 New best accuracy: 83.18%
2026-02-05 06:03:27 KST | INFO | 
2026-02-05 06:03:27 KST | INFO | Epoch 13/200 | LR: 0.099114
2026-02-05 06:03:46 KST | INFO |   Train Loss: 0.4838 | Test Loss: 0.0021 | Test Acc: 83.02%
2026-02-05 06:03:46 KST | INFO |   No improvement (1/30)
2026-02-05 06:03:46 KST | INFO | 
2026-02-05 06:03:46 KST | INFO | Epoch 14/200 | LR: 0.098961
2026-02-05 06:04:05 KST | INFO |   Train Loss: 0.4708 | Test Loss: 0.0020 | Test Acc: 82.89%
2026-02-05 06:04:05 KST | INFO |   No improvement (2/30)
2026-02-05 06:04:05 KST | INFO | 
2026-02-05 06:04:05 KST | INFO | Epoch 15/200 | LR: 0.098796
2026-02-05 06:04:24 KST | INFO |   Train Loss: 0.4541 | Test Loss: 0.0020 | Test Acc: 83.01%
2026-02-05 06:04:24 KST | INFO |   No improvement (3/30)
2026-02-05 06:04:24 KST | INFO | 
2026-02-05 06:04:24 KST | INFO | Epoch 16/200 | LR: 0.098619
2026-02-05 06:04:43 KST | INFO |   Train Loss: 0.4461 | Test Loss: 0.0019 | Test Acc: 84.27%
2026-02-05 06:04:43 KST | INFO |   🏆 New best accuracy: 84.27%
2026-02-05 06:04:43 KST | INFO | 
2026-02-05 06:04:43 KST | INFO | Epoch 17/200 | LR: 0.098429
2026-02-05 06:05:02 KST | INFO |   Train Loss: 0.4364 | Test Loss: 0.0020 | Test Acc: 83.53%
2026-02-05 06:05:02 KST | INFO |   No improvement (1/30)
2026-02-05 06:05:02 KST | INFO | 
2026-02-05 06:05:02 KST | INFO | Epoch 18/200 | LR: 0.098228
2026-02-05 06:05:21 KST | INFO |   Train Loss: 0.4289 | Test Loss: 0.0017 | Test Acc: 85.30%
2026-02-05 06:05:21 KST | INFO |   🏆 New best accuracy: 85.30%
2026-02-05 06:05:21 KST | INFO | 
2026-02-05 06:05:21 KST | INFO | Epoch 19/200 | LR: 0.098015
2026-02-05 06:05:40 KST | INFO |   Train Loss: 0.4215 | Test Loss: 0.0017 | Test Acc: 85.49%
2026-02-05 06:05:40 KST | INFO |   🏆 New best accuracy: 85.49%
2026-02-05 06:05:40 KST | INFO | 
2026-02-05 06:05:40 KST | INFO | Epoch 20/200 | LR: 0.097790
2026-02-05 06:05:59 KST | INFO |   Train Loss: 0.4115 | Test Loss: 0.0017 | Test Acc: 85.69%
2026-02-05 06:05:59 KST | INFO |   🏆 New best accuracy: 85.69%
2026-02-05 06:05:59 KST | INFO | 
2026-02-05 06:05:59 KST | INFO | Epoch 21/200 | LR: 0.097553
2026-02-05 06:06:18 KST | INFO |   Train Loss: 0.3993 | Test Loss: 0.0017 | Test Acc: 85.43%
2026-02-05 06:06:18 KST | INFO |   No improvement (1/30)
2026-02-05 06:06:18 KST | INFO | 
2026-02-05 06:06:18 KST | INFO | Epoch 22/200 | LR: 0.097304
2026-02-05 06:06:37 KST | INFO |   Train Loss: 0.4015 | Test Loss: 0.0018 | Test Acc: 85.29%
2026-02-05 06:06:37 KST | INFO |   No improvement (2/30)
2026-02-05 06:06:37 KST | INFO | 
2026-02-05 06:06:37 KST | INFO | Epoch 23/200 | LR: 0.097044
2026-02-05 06:06:56 KST | INFO |   Train Loss: 0.3904 | Test Loss: 0.0017 | Test Acc: 85.57%
2026-02-05 06:06:56 KST | INFO |   No improvement (3/30)
2026-02-05 06:06:56 KST | INFO | 
2026-02-05 06:06:56 KST | INFO | Epoch 24/200 | LR: 0.096772
2026-02-05 06:07:15 KST | INFO |   Train Loss: 0.3849 | Test Loss: 0.0018 | Test Acc: 84.87%
2026-02-05 06:07:15 KST | INFO |   No improvement (4/30)
2026-02-05 06:07:15 KST | INFO | 
2026-02-05 06:07:15 KST | INFO | Epoch 25/200 | LR: 0.096489
2026-02-05 06:07:34 KST | INFO |   Train Loss: 0.3784 | Test Loss: 0.0017 | Test Acc: 86.09%
2026-02-05 06:07:34 KST | INFO |   🏆 New best accuracy: 86.09%
2026-02-05 06:07:34 KST | INFO | 
2026-02-05 06:07:34 KST | INFO | Epoch 26/200 | LR: 0.096194
2026-02-05 06:07:53 KST | INFO |   Train Loss: 0.3747 | Test Loss: 0.0018 | Test Acc: 84.74%
2026-02-05 06:07:53 KST | INFO |   No improvement (1/30)
2026-02-05 06:07:53 KST | INFO | 
2026-02-05 06:07:53 KST | INFO | Epoch 27/200 | LR: 0.095888
2026-02-05 06:08:12 KST | INFO |   Train Loss: 0.3672 | Test Loss: 0.0020 | Test Acc: 84.09%
2026-02-05 06:08:12 KST | INFO |   No improvement (2/30)
2026-02-05 06:08:12 KST | INFO | 
2026-02-05 06:08:12 KST | INFO | Epoch 28/200 | LR: 0.095570
2026-02-05 06:08:31 KST | INFO |   Train Loss: 0.3655 | Test Loss: 0.0019 | Test Acc: 84.86%
2026-02-05 06:08:31 KST | INFO |   No improvement (3/30)
2026-02-05 06:08:31 KST | INFO | 
2026-02-05 06:08:31 KST | INFO | Epoch 29/200 | LR: 0.095241
2026-02-05 06:08:50 KST | INFO |   Train Loss: 0.3636 | Test Loss: 0.0016 | Test Acc: 86.89%
2026-02-05 06:08:50 KST | INFO |   🏆 New best accuracy: 86.89%
2026-02-05 06:08:50 KST | INFO | 
2026-02-05 06:08:50 KST | INFO | Epoch 30/200 | LR: 0.094901
2026-02-05 06:09:09 KST | INFO |   Train Loss: 0.3614 | Test Loss: 0.0016 | Test Acc: 86.67%
2026-02-05 06:09:09 KST | INFO |   No improvement (1/30)
2026-02-05 06:09:09 KST | INFO | 
2026-02-05 06:09:09 KST | INFO | Epoch 31/200 | LR: 0.094550
2026-02-05 06:09:28 KST | INFO |   Train Loss: 0.3553 | Test Loss: 0.0015 | Test Acc: 87.07%
2026-02-05 06:09:28 KST | INFO |   🏆 New best accuracy: 87.07%
2026-02-05 06:09:28 KST | INFO | 
2026-02-05 06:09:28 KST | INFO | Epoch 32/200 | LR: 0.094188
2026-02-05 06:09:47 KST | INFO |   Train Loss: 0.3578 | Test Loss: 0.0018 | Test Acc: 85.28%
2026-02-05 06:09:47 KST | INFO |   No improvement (1/30)
2026-02-05 06:09:47 KST | INFO | 
2026-02-05 06:09:47 KST | INFO | Epoch 33/200 | LR: 0.093815
2026-02-05 06:10:06 KST | INFO |   Train Loss: 0.3499 | Test Loss: 0.0019 | Test Acc: 84.39%
2026-02-05 06:10:06 KST | INFO |   No improvement (2/30)
2026-02-05 06:10:06 KST | INFO | 
2026-02-05 06:10:06 KST | INFO | Epoch 34/200 | LR: 0.093432
2026-02-05 06:10:25 KST | INFO |   Train Loss: 0.3476 | Test Loss: 0.0018 | Test Acc: 85.39%
2026-02-05 06:10:25 KST | INFO |   No improvement (3/30)
2026-02-05 06:10:25 KST | INFO | 
2026-02-05 06:10:25 KST | INFO | Epoch 35/200 | LR: 0.093037
2026-02-05 06:10:44 KST | INFO |   Train Loss: 0.3411 | Test Loss: 0.0015 | Test Acc: 87.33%
2026-02-05 06:10:44 KST | INFO |   🏆 New best accuracy: 87.33%
2026-02-05 06:10:44 KST | INFO | 
2026-02-05 06:10:44 KST | INFO | Epoch 36/200 | LR: 0.092632
2026-02-05 06:11:03 KST | INFO |   Train Loss: 0.3358 | Test Loss: 0.0016 | Test Acc: 87.06%
2026-02-05 06:11:03 KST | INFO |   No improvement (1/30)
2026-02-05 06:11:03 KST | INFO | 
2026-02-05 06:11:03 KST | INFO | Epoch 37/200 | LR: 0.092216
2026-02-05 06:11:22 KST | INFO |   Train Loss: 0.3359 | Test Loss: 0.0015 | Test Acc: 87.24%
2026-02-05 06:11:22 KST | INFO |   No improvement (2/30)
2026-02-05 06:11:22 KST | INFO | 
2026-02-05 06:11:22 KST | INFO | Epoch 38/200 | LR: 0.091790
2026-02-05 06:11:41 KST | INFO |   Train Loss: 0.3335 | Test Loss: 0.0016 | Test Acc: 86.94%
2026-02-05 06:11:41 KST | INFO |   No improvement (3/30)
2026-02-05 06:11:41 KST | INFO | 
2026-02-05 06:11:41 KST | INFO | Epoch 39/200 | LR: 0.091354
2026-02-05 06:12:00 KST | INFO |   Train Loss: 0.3354 | Test Loss: 0.0019 | Test Acc: 85.06%
2026-02-05 06:12:00 KST | INFO |   No improvement (4/30)
2026-02-05 06:12:00 KST | INFO | 
2026-02-05 06:12:00 KST | INFO | Epoch 40/200 | LR: 0.090908
2026-02-05 06:12:19 KST | INFO |   Train Loss: 0.3285 | Test Loss: 0.0017 | Test Acc: 85.83%
2026-02-05 06:12:19 KST | INFO |   No improvement (5/30)
2026-02-05 06:12:19 KST | INFO | 
2026-02-05 06:12:19 KST | INFO | Epoch 41/200 | LR: 0.090451
2026-02-05 06:12:38 KST | INFO |   Train Loss: 0.3242 | Test Loss: 0.0014 | Test Acc: 88.58%
2026-02-05 06:12:38 KST | INFO |   🏆 New best accuracy: 88.58%
2026-02-05 06:12:38 KST | INFO | 
2026-02-05 06:12:38 KST | INFO | Epoch 42/200 | LR: 0.089984
2026-02-05 06:12:58 KST | INFO |   Train Loss: 0.3223 | Test Loss: 0.0016 | Test Acc: 86.52%
2026-02-05 06:12:58 KST | INFO |   No improvement (1/30)
2026-02-05 06:12:58 KST | INFO | 
2026-02-05 06:12:58 KST | INFO | Epoch 43/200 | LR: 0.089508
2026-02-05 06:13:17 KST | INFO |   Train Loss: 0.3207 | Test Loss: 0.0015 | Test Acc: 87.56%
2026-02-05 06:13:17 KST | INFO |   No improvement (2/30)
2026-02-05 06:13:17 KST | INFO | 
2026-02-05 06:13:17 KST | INFO | Epoch 44/200 | LR: 0.089022
2026-02-05 06:13:36 KST | INFO |   Train Loss: 0.3125 | Test Loss: 0.0015 | Test Acc: 87.38%
2026-02-05 06:13:36 KST | INFO |   No improvement (3/30)
2026-02-05 06:13:36 KST | INFO | 
2026-02-05 06:13:36 KST | INFO | Epoch 45/200 | LR: 0.088526
2026-02-05 06:13:55 KST | INFO |   Train Loss: 0.3160 | Test Loss: 0.0015 | Test Acc: 87.86%
2026-02-05 06:13:55 KST | INFO |   No improvement (4/30)
2026-02-05 06:13:55 KST | INFO | 
2026-02-05 06:13:55 KST | INFO | Epoch 46/200 | LR: 0.088020
2026-02-05 06:14:14 KST | INFO |   Train Loss: 0.3103 | Test Loss: 0.0015 | Test Acc: 87.98%
2026-02-05 06:14:14 KST | INFO |   No improvement (5/30)
2026-02-05 06:14:14 KST | INFO | 
2026-02-05 06:14:14 KST | INFO | Epoch 47/200 | LR: 0.087506
2026-02-05 06:14:33 KST | INFO |   Train Loss: 0.3076 | Test Loss: 0.0015 | Test Acc: 87.30%
2026-02-05 06:14:33 KST | INFO |   No improvement (6/30)
2026-02-05 06:14:33 KST | INFO | 
2026-02-05 06:14:33 KST | INFO | Epoch 48/200 | LR: 0.086982
2026-02-05 06:14:52 KST | INFO |   Train Loss: 0.3078 | Test Loss: 0.0016 | Test Acc: 87.34%
2026-02-05 06:14:52 KST | INFO |   No improvement (7/30)
2026-02-05 06:14:52 KST | INFO | 
2026-02-05 06:14:52 KST | INFO | Epoch 49/200 | LR: 0.086449
2026-02-05 06:15:12 KST | INFO |   Train Loss: 0.3069 | Test Loss: 0.0017 | Test Acc: 86.30%
2026-02-05 06:15:12 KST | INFO |   No improvement (8/30)
2026-02-05 06:15:12 KST | INFO | 
2026-02-05 06:15:12 KST | INFO | Epoch 50/200 | LR: 0.085906
2026-02-05 06:15:31 KST | INFO |   Train Loss: 0.3007 | Test Loss: 0.0015 | Test Acc: 87.77%
2026-02-05 06:15:31 KST | INFO |   No improvement (9/30)
2026-02-05 06:15:31 KST | INFO | 
2026-02-05 06:15:31 KST | INFO | Epoch 51/200 | LR: 0.085355
2026-02-05 06:15:50 KST | INFO |   Train Loss: 0.2998 | Test Loss: 0.0019 | Test Acc: 84.72%
2026-02-05 06:15:50 KST | INFO |   No improvement (10/30)
2026-02-05 06:15:50 KST | INFO | 
2026-02-05 06:15:50 KST | INFO | Epoch 52/200 | LR: 0.084796
2026-02-05 06:16:09 KST | INFO |   Train Loss: 0.2973 | Test Loss: 0.0015 | Test Acc: 87.49%
2026-02-05 06:16:09 KST | INFO |   No improvement (11/30)
2026-02-05 06:16:09 KST | INFO | 
2026-02-05 06:16:09 KST | INFO | Epoch 53/200 | LR: 0.084228
2026-02-05 06:16:28 KST | INFO |   Train Loss: 0.2993 | Test Loss: 0.0014 | Test Acc: 88.13%
2026-02-05 06:16:28 KST | INFO |   No improvement (12/30)
2026-02-05 06:16:28 KST | INFO | 
2026-02-05 06:16:28 KST | INFO | Epoch 54/200 | LR: 0.083651
2026-02-05 06:16:47 KST | INFO |   Train Loss: 0.2912 | Test Loss: 0.0015 | Test Acc: 87.53%
2026-02-05 06:16:47 KST | INFO |   No improvement (13/30)
2026-02-05 06:16:47 KST | INFO | 
2026-02-05 06:16:47 KST | INFO | Epoch 55/200 | LR: 0.083066
2026-02-05 06:17:06 KST | INFO |   Train Loss: 0.2917 | Test Loss: 0.0016 | Test Acc: 87.28%
2026-02-05 06:17:06 KST | INFO |   No improvement (14/30)
2026-02-05 06:17:06 KST | INFO | 
2026-02-05 06:17:06 KST | INFO | Epoch 56/200 | LR: 0.082473
2026-02-05 06:17:24 KST | INFO |   Train Loss: 0.2892 | Test Loss: 0.0015 | Test Acc: 87.12%
2026-02-05 06:17:24 KST | INFO |   No improvement (15/30)
2026-02-05 06:17:24 KST | INFO | 
2026-02-05 06:17:24 KST | INFO | Epoch 57/200 | LR: 0.081871
2026-02-05 06:17:43 KST | INFO |   Train Loss: 0.2873 | Test Loss: 0.0014 | Test Acc: 88.61%
2026-02-05 06:17:43 KST | INFO |   🏆 New best accuracy: 88.61%
2026-02-05 06:17:43 KST | INFO | 
2026-02-05 06:17:43 KST | INFO | Epoch 58/200 | LR: 0.081262
2026-02-05 06:18:03 KST | INFO |   Train Loss: 0.2845 | Test Loss: 0.0019 | Test Acc: 84.60%
2026-02-05 06:18:03 KST | INFO |   No improvement (1/30)
2026-02-05 06:18:03 KST | INFO | 
2026-02-05 06:18:03 KST | INFO | Epoch 59/200 | LR: 0.080646
2026-02-05 06:18:22 KST | INFO |   Train Loss: 0.2787 | Test Loss: 0.0014 | Test Acc: 88.56%
2026-02-05 06:18:22 KST | INFO |   No improvement (2/30)
2026-02-05 06:18:22 KST | INFO | 
2026-02-05 06:18:22 KST | INFO | Epoch 60/200 | LR: 0.080021
2026-02-05 06:18:41 KST | INFO |   Train Loss: 0.2798 | Test Loss: 0.0015 | Test Acc: 88.27%
2026-02-05 06:18:41 KST | INFO |   No improvement (3/30)
2026-02-05 06:18:41 KST | INFO | 
2026-02-05 06:18:41 KST | INFO | Epoch 61/200 | LR: 0.079389
2026-02-05 06:19:00 KST | INFO |   Train Loss: 0.2737 | Test Loss: 0.0015 | Test Acc: 87.99%
2026-02-05 06:19:00 KST | INFO |   No improvement (4/30)
2026-02-05 06:19:00 KST | INFO | 
2026-02-05 06:19:00 KST | INFO | Epoch 62/200 | LR: 0.078750
2026-02-05 06:19:19 KST | INFO |   Train Loss: 0.2774 | Test Loss: 0.0017 | Test Acc: 86.39%
2026-02-05 06:19:19 KST | INFO |   No improvement (5/30)
2026-02-05 06:19:19 KST | INFO | 
2026-02-05 06:19:19 KST | INFO | Epoch 63/200 | LR: 0.078104
2026-02-05 06:19:38 KST | INFO |   Train Loss: 0.2709 | Test Loss: 0.0016 | Test Acc: 86.88%
2026-02-05 06:19:38 KST | INFO |   No improvement (6/30)
2026-02-05 06:19:38 KST | INFO | 
2026-02-05 06:19:38 KST | INFO | Epoch 64/200 | LR: 0.077451
2026-02-05 06:19:57 KST | INFO |   Train Loss: 0.2742 | Test Loss: 0.0013 | Test Acc: 88.38%
2026-02-05 06:19:57 KST | INFO |   No improvement (7/30)
2026-02-05 06:19:57 KST | INFO | 
2026-02-05 06:19:57 KST | INFO | Epoch 65/200 | LR: 0.076792
2026-02-05 06:20:16 KST | INFO |   Train Loss: 0.2696 | Test Loss: 0.0017 | Test Acc: 86.12%
2026-02-05 06:20:16 KST | INFO |   No improvement (8/30)
2026-02-05 06:20:16 KST | INFO | 
2026-02-05 06:20:16 KST | INFO | Epoch 66/200 | LR: 0.076125
2026-02-05 06:20:35 KST | INFO |   Train Loss: 0.2672 | Test Loss: 0.0017 | Test Acc: 86.88%
2026-02-05 06:20:35 KST | INFO |   No improvement (9/30)
2026-02-05 06:20:35 KST | INFO | 
2026-02-05 06:20:35 KST | INFO | Epoch 67/200 | LR: 0.075452
2026-02-05 06:20:54 KST | INFO |   Train Loss: 0.2650 | Test Loss: 0.0014 | Test Acc: 88.70%
2026-02-05 06:20:54 KST | INFO |   🏆 New best accuracy: 88.70%
2026-02-05 06:20:54 KST | INFO | 
2026-02-05 06:20:54 KST | INFO | Epoch 68/200 | LR: 0.074773
2026-02-05 06:21:13 KST | INFO |   Train Loss: 0.2591 | Test Loss: 0.0015 | Test Acc: 87.99%
2026-02-05 06:21:13 KST | INFO |   No improvement (1/30)
2026-02-05 06:21:13 KST | INFO | 
2026-02-05 06:21:13 KST | INFO | Epoch 69/200 | LR: 0.074088
2026-02-05 06:21:32 KST | INFO |   Train Loss: 0.2597 | Test Loss: 0.0017 | Test Acc: 86.77%
2026-02-05 06:21:32 KST | INFO |   No improvement (2/30)
2026-02-05 06:21:32 KST | INFO | 
2026-02-05 06:21:32 KST | INFO | Epoch 70/200 | LR: 0.073397
2026-02-05 06:21:51 KST | INFO |   Train Loss: 0.2546 | Test Loss: 0.0013 | Test Acc: 89.28%
2026-02-05 06:21:51 KST | INFO |   🏆 New best accuracy: 89.28%
2026-02-05 06:21:51 KST | INFO | 
2026-02-05 06:21:51 KST | INFO | Epoch 71/200 | LR: 0.072700
2026-02-05 06:22:10 KST | INFO |   Train Loss: 0.2574 | Test Loss: 0.0015 | Test Acc: 88.13%
2026-02-05 06:22:10 KST | INFO |   No improvement (1/30)
2026-02-05 06:22:10 KST | INFO | 
2026-02-05 06:22:10 KST | INFO | Epoch 72/200 | LR: 0.071997
2026-02-05 06:22:29 KST | INFO |   Train Loss: 0.2542 | Test Loss: 0.0016 | Test Acc: 87.89%
2026-02-05 06:22:29 KST | INFO |   No improvement (2/30)
2026-02-05 06:22:29 KST | INFO | 
2026-02-05 06:22:29 KST | INFO | Epoch 73/200 | LR: 0.071289
2026-02-05 06:22:48 KST | INFO |   Train Loss: 0.2484 | Test Loss: 0.0014 | Test Acc: 88.99%
2026-02-05 06:22:48 KST | INFO |   No improvement (3/30)
2026-02-05 06:22:48 KST | INFO | 
2026-02-05 06:22:48 KST | INFO | Epoch 74/200 | LR: 0.070576
2026-02-05 06:23:07 KST | INFO |   Train Loss: 0.2475 | Test Loss: 0.0017 | Test Acc: 87.19%
2026-02-05 06:23:07 KST | INFO |   No improvement (4/30)
2026-02-05 06:23:07 KST | INFO | 
2026-02-05 06:23:07 KST | INFO | Epoch 75/200 | LR: 0.069858
2026-02-05 06:23:26 KST | INFO |   Train Loss: 0.2461 | Test Loss: 0.0015 | Test Acc: 88.16%
2026-02-05 06:23:26 KST | INFO |   No improvement (5/30)
2026-02-05 06:23:26 KST | INFO | 
2026-02-05 06:23:26 KST | INFO | Epoch 76/200 | LR: 0.069134
2026-02-05 06:23:45 KST | INFO |   Train Loss: 0.2475 | Test Loss: 0.0014 | Test Acc: 88.80%
2026-02-05 06:23:45 KST | INFO |   No improvement (6/30)
2026-02-05 06:23:45 KST | INFO | 
2026-02-05 06:23:45 KST | INFO | Epoch 77/200 | LR: 0.068407
2026-02-05 06:24:04 KST | INFO |   Train Loss: 0.2393 | Test Loss: 0.0014 | Test Acc: 89.18%
2026-02-05 06:24:04 KST | INFO |   No improvement (7/30)
2026-02-05 06:24:04 KST | INFO | 
2026-02-05 06:24:04 KST | INFO | Epoch 78/200 | LR: 0.067674
2026-02-05 06:24:23 KST | INFO |   Train Loss: 0.2405 | Test Loss: 0.0013 | Test Acc: 89.86%
2026-02-05 06:24:23 KST | INFO |   🏆 New best accuracy: 89.86%
2026-02-05 06:24:23 KST | INFO | 
2026-02-05 06:24:23 KST | INFO | Epoch 79/200 | LR: 0.066937
2026-02-05 06:24:42 KST | INFO |   Train Loss: 0.2355 | Test Loss: 0.0015 | Test Acc: 87.96%
2026-02-05 06:24:42 KST | INFO |   No improvement (1/30)
2026-02-05 06:24:42 KST | INFO | 
2026-02-05 06:24:42 KST | INFO | Epoch 80/200 | LR: 0.066196
2026-02-05 06:25:01 KST | INFO |   Train Loss: 0.2330 | Test Loss: 0.0015 | Test Acc: 88.39%
2026-02-05 06:25:01 KST | INFO |   No improvement (2/30)
2026-02-05 06:25:01 KST | INFO | 
2026-02-05 06:25:01 KST | INFO | Epoch 81/200 | LR: 0.065451
2026-02-05 06:25:20 KST | INFO |   Train Loss: 0.2293 | Test Loss: 0.0013 | Test Acc: 89.38%
2026-02-05 06:25:20 KST | INFO |   No improvement (3/30)
2026-02-05 06:25:20 KST | INFO | 
2026-02-05 06:25:20 KST | INFO | Epoch 82/200 | LR: 0.064702
2026-02-05 06:25:39 KST | INFO |   Train Loss: 0.2270 | Test Loss: 0.0015 | Test Acc: 88.19%
2026-02-05 06:25:39 KST | INFO |   No improvement (4/30)
2026-02-05 06:25:39 KST | INFO | 
2026-02-05 06:25:39 KST | INFO | Epoch 83/200 | LR: 0.063950
2026-02-05 06:25:58 KST | INFO |   Train Loss: 0.2282 | Test Loss: 0.0013 | Test Acc: 89.63%
2026-02-05 06:25:58 KST | INFO |   No improvement (5/30)
2026-02-05 06:25:58 KST | INFO | 
2026-02-05 06:25:58 KST | INFO | Epoch 84/200 | LR: 0.063194
2026-02-05 06:26:17 KST | INFO |   Train Loss: 0.2243 | Test Loss: 0.0016 | Test Acc: 88.57%
2026-02-05 06:26:17 KST | INFO |   No improvement (6/30)
2026-02-05 06:26:17 KST | INFO | 
2026-02-05 06:26:17 KST | INFO | Epoch 85/200 | LR: 0.062435
2026-02-05 06:26:36 KST | INFO |   Train Loss: 0.2208 | Test Loss: 0.0013 | Test Acc: 89.60%
2026-02-05 06:26:36 KST | INFO |   No improvement (7/30)
2026-02-05 06:26:36 KST | INFO | 
2026-02-05 06:26:36 KST | INFO | Epoch 86/200 | LR: 0.061673
2026-02-05 06:26:55 KST | INFO |   Train Loss: 0.2203 | Test Loss: 0.0015 | Test Acc: 88.00%
2026-02-05 06:26:55 KST | INFO |   No improvement (8/30)
2026-02-05 06:26:55 KST | INFO | 
2026-02-05 06:26:55 KST | INFO | Epoch 87/200 | LR: 0.060908
2026-02-05 06:27:14 KST | INFO |   Train Loss: 0.2182 | Test Loss: 0.0015 | Test Acc: 88.56%
2026-02-05 06:27:14 KST | INFO |   No improvement (9/30)
2026-02-05 06:27:14 KST | INFO | 
2026-02-05 06:27:14 KST | INFO | Epoch 88/200 | LR: 0.060140
2026-02-05 06:27:33 KST | INFO |   Train Loss: 0.2121 | Test Loss: 0.0015 | Test Acc: 88.71%
2026-02-05 06:27:33 KST | INFO |   No improvement (10/30)
2026-02-05 06:27:33 KST | INFO | 
2026-02-05 06:27:33 KST | INFO | Epoch 89/200 | LR: 0.059369
2026-02-05 06:27:52 KST | INFO |   Train Loss: 0.2131 | Test Loss: 0.0014 | Test Acc: 88.68%
2026-02-05 06:27:52 KST | INFO |   No improvement (11/30)
2026-02-05 06:27:52 KST | INFO | 
2026-02-05 06:27:52 KST | INFO | Epoch 90/200 | LR: 0.058597
2026-02-05 06:28:12 KST | INFO |   Train Loss: 0.2046 | Test Loss: 0.0013 | Test Acc: 88.87%
2026-02-05 06:28:12 KST | INFO |   No improvement (12/30)
2026-02-05 06:28:12 KST | INFO | 
2026-02-05 06:28:12 KST | INFO | Epoch 91/200 | LR: 0.057822
2026-02-05 06:28:31 KST | INFO |   Train Loss: 0.2082 | Test Loss: 0.0014 | Test Acc: 88.91%
2026-02-05 06:28:31 KST | INFO |   No improvement (13/30)
2026-02-05 06:28:31 KST | INFO | 
2026-02-05 06:28:31 KST | INFO | Epoch 92/200 | LR: 0.057045
2026-02-05 06:28:50 KST | INFO |   Train Loss: 0.2065 | Test Loss: 0.0015 | Test Acc: 88.32%
2026-02-05 06:28:50 KST | INFO |   No improvement (14/30)
2026-02-05 06:28:50 KST | INFO | 
2026-02-05 06:28:50 KST | INFO | Epoch 93/200 | LR: 0.056267
2026-02-05 06:29:10 KST | INFO |   Train Loss: 0.2030 | Test Loss: 0.0013 | Test Acc: 89.50%
2026-02-05 06:29:10 KST | INFO |   No improvement (15/30)
2026-02-05 06:29:10 KST | INFO | 
2026-02-05 06:29:10 KST | INFO | Epoch 94/200 | LR: 0.055487
2026-02-05 06:29:29 KST | INFO |   Train Loss: 0.2004 | Test Loss: 0.0015 | Test Acc: 88.16%
2026-02-05 06:29:29 KST | INFO |   No improvement (16/30)
2026-02-05 06:29:29 KST | INFO | 
2026-02-05 06:29:29 KST | INFO | Epoch 95/200 | LR: 0.054706
2026-02-05 06:29:48 KST | INFO |   Train Loss: 0.1973 | Test Loss: 0.0013 | Test Acc: 89.98%
2026-02-05 06:29:48 KST | INFO |   🏆 New best accuracy: 89.98%
2026-02-05 06:29:48 KST | INFO | 
2026-02-05 06:29:48 KST | INFO | Epoch 96/200 | LR: 0.053923
2026-02-05 06:30:07 KST | INFO |   Train Loss: 0.1927 | Test Loss: 0.0013 | Test Acc: 89.37%
2026-02-05 06:30:07 KST | INFO |   No improvement (1/30)
2026-02-05 06:30:07 KST | INFO | 
2026-02-05 06:30:07 KST | INFO | Epoch 97/200 | LR: 0.053140
2026-02-05 06:30:26 KST | INFO |   Train Loss: 0.1932 | Test Loss: 0.0012 | Test Acc: 90.57%
2026-02-05 06:30:26 KST | INFO |   🏆 New best accuracy: 90.57%
2026-02-05 06:30:26 KST | INFO | 
2026-02-05 06:30:26 KST | INFO | Epoch 98/200 | LR: 0.052356
2026-02-05 06:30:45 KST | INFO |   Train Loss: 0.1898 | Test Loss: 0.0013 | Test Acc: 90.18%
2026-02-05 06:30:45 KST | INFO |   No improvement (1/30)
2026-02-05 06:30:45 KST | INFO | 
2026-02-05 06:30:45 KST | INFO | Epoch 99/200 | LR: 0.051571
2026-02-05 06:31:04 KST | INFO |   Train Loss: 0.1844 | Test Loss: 0.0013 | Test Acc: 89.57%
2026-02-05 06:31:04 KST | INFO |   No improvement (2/30)
2026-02-05 06:31:04 KST | INFO | 
2026-02-05 06:31:04 KST | INFO | Epoch 100/200 | LR: 0.050786
2026-02-05 06:31:23 KST | INFO |   Train Loss: 0.1866 | Test Loss: 0.0014 | Test Acc: 89.28%
2026-02-05 06:31:23 KST | INFO |   No improvement (3/30)
2026-02-05 06:31:23 KST | INFO | 
2026-02-05 06:31:23 KST | INFO | Epoch 101/200 | LR: 0.050001
2026-02-05 06:31:42 KST | INFO |   Train Loss: 0.1772 | Test Loss: 0.0013 | Test Acc: 89.82%
2026-02-05 06:31:42 KST | INFO |   No improvement (4/30)
2026-02-05 06:31:42 KST | INFO | 
2026-02-05 06:31:42 KST | INFO | Epoch 102/200 | LR: 0.049215
2026-02-05 06:32:02 KST | INFO |   Train Loss: 0.1835 | Test Loss: 0.0014 | Test Acc: 88.89%
2026-02-05 06:32:02 KST | INFO |   No improvement (5/30)
2026-02-05 06:32:02 KST | INFO | 
2026-02-05 06:32:02 KST | INFO | Epoch 103/200 | LR: 0.048430
2026-02-05 06:32:21 KST | INFO |   Train Loss: 0.1784 | Test Loss: 0.0014 | Test Acc: 88.73%
2026-02-05 06:32:21 KST | INFO |   No improvement (6/30)
2026-02-05 06:32:21 KST | INFO | 
2026-02-05 06:32:21 KST | INFO | Epoch 104/200 | LR: 0.047645
2026-02-05 06:32:40 KST | INFO |   Train Loss: 0.1777 | Test Loss: 0.0015 | Test Acc: 88.67%
2026-02-05 06:32:40 KST | INFO |   No improvement (7/30)
2026-02-05 06:32:40 KST | INFO | 
2026-02-05 06:32:40 KST | INFO | Epoch 105/200 | LR: 0.046861
2026-02-05 06:32:59 KST | INFO |   Train Loss: 0.1700 | Test Loss: 0.0013 | Test Acc: 90.29%
2026-02-05 06:32:59 KST | INFO |   No improvement (8/30)
2026-02-05 06:32:59 KST | INFO | 
2026-02-05 06:32:59 KST | INFO | Epoch 106/200 | LR: 0.046078
2026-02-05 06:33:18 KST | INFO |   Train Loss: 0.1690 | Test Loss: 0.0016 | Test Acc: 88.17%
2026-02-05 06:33:18 KST | INFO |   No improvement (9/30)
2026-02-05 06:33:18 KST | INFO | 
2026-02-05 06:33:18 KST | INFO | Epoch 107/200 | LR: 0.045295
2026-02-05 06:33:37 KST | INFO |   Train Loss: 0.1698 | Test Loss: 0.0013 | Test Acc: 90.02%
2026-02-05 06:33:37 KST | INFO |   No improvement (10/30)
2026-02-05 06:33:37 KST | INFO | 
2026-02-05 06:33:37 KST | INFO | Epoch 108/200 | LR: 0.044514
2026-02-05 06:33:56 KST | INFO |   Train Loss: 0.1638 | Test Loss: 0.0015 | Test Acc: 89.16%
2026-02-05 06:33:56 KST | INFO |   No improvement (11/30)
2026-02-05 06:33:56 KST | INFO | 
2026-02-05 06:33:56 KST | INFO | Epoch 109/200 | LR: 0.043734
2026-02-05 06:34:15 KST | INFO |   Train Loss: 0.1668 | Test Loss: 0.0014 | Test Acc: 89.38%
2026-02-05 06:34:15 KST | INFO |   No improvement (12/30)
2026-02-05 06:34:15 KST | INFO | 
2026-02-05 06:34:15 KST | INFO | Epoch 110/200 | LR: 0.042956
2026-02-05 06:34:34 KST | INFO |   Train Loss: 0.1629 | Test Loss: 0.0014 | Test Acc: 88.81%
2026-02-05 06:34:34 KST | INFO |   No improvement (13/30)
2026-02-05 06:34:34 KST | INFO | 
2026-02-05 06:34:34 KST | INFO | Epoch 111/200 | LR: 0.042179
2026-02-05 06:34:53 KST | INFO |   Train Loss: 0.1579 | Test Loss: 0.0017 | Test Acc: 87.78%
2026-02-05 06:34:53 KST | INFO |   No improvement (14/30)
2026-02-05 06:34:53 KST | INFO | 
2026-02-05 06:34:53 KST | INFO | Epoch 112/200 | LR: 0.041404
2026-02-05 06:35:12 KST | INFO |   Train Loss: 0.1538 | Test Loss: 0.0014 | Test Acc: 89.37%
2026-02-05 06:35:12 KST | INFO |   No improvement (15/30)
2026-02-05 06:35:12 KST | INFO | 
2026-02-05 06:35:12 KST | INFO | Epoch 113/200 | LR: 0.040632
2026-02-05 06:35:31 KST | INFO |   Train Loss: 0.1544 | Test Loss: 0.0012 | Test Acc: 90.46%
2026-02-05 06:35:31 KST | INFO |   No improvement (16/30)
2026-02-05 06:35:31 KST | INFO | 
2026-02-05 06:35:31 KST | INFO | Epoch 114/200 | LR: 0.039861
2026-02-05 06:35:50 KST | INFO |   Train Loss: 0.1503 | Test Loss: 0.0013 | Test Acc: 90.22%
2026-02-05 06:35:50 KST | INFO |   No improvement (17/30)
2026-02-05 06:35:50 KST | INFO | 
2026-02-05 06:35:50 KST | INFO | Epoch 115/200 | LR: 0.039093
2026-02-05 06:36:09 KST | INFO |   Train Loss: 0.1505 | Test Loss: 0.0013 | Test Acc: 90.12%
2026-02-05 06:36:09 KST | INFO |   No improvement (18/30)
2026-02-05 06:36:09 KST | INFO | 
2026-02-05 06:36:09 KST | INFO | Epoch 116/200 | LR: 0.038328
2026-02-05 06:36:29 KST | INFO |   Train Loss: 0.1456 | Test Loss: 0.0013 | Test Acc: 90.17%
2026-02-05 06:36:29 KST | INFO |   No improvement (19/30)
2026-02-05 06:36:29 KST | INFO | 
2026-02-05 06:36:29 KST | INFO | Epoch 117/200 | LR: 0.037566
2026-02-05 06:36:48 KST | INFO |   Train Loss: 0.1439 | Test Loss: 0.0013 | Test Acc: 89.80%
2026-02-05 06:36:48 KST | INFO |   No improvement (20/30)
2026-02-05 06:36:48 KST | INFO | 
2026-02-05 06:36:48 KST | INFO | Epoch 118/200 | LR: 0.036807
2026-02-05 06:37:07 KST | INFO |   Train Loss: 0.1426 | Test Loss: 0.0014 | Test Acc: 89.77%
2026-02-05 06:37:07 KST | INFO |   No improvement (21/30)
2026-02-05 06:37:07 KST | INFO | 
2026-02-05 06:37:07 KST | INFO | Epoch 119/200 | LR: 0.036051
2026-02-05 06:37:26 KST | INFO |   Train Loss: 0.1414 | Test Loss: 0.0013 | Test Acc: 90.30%
2026-02-05 06:37:26 KST | INFO |   No improvement (22/30)
2026-02-05 06:37:26 KST | INFO | 
2026-02-05 06:37:26 KST | INFO | Epoch 120/200 | LR: 0.035299
2026-02-05 06:37:45 KST | INFO |   Train Loss: 0.1374 | Test Loss: 0.0013 | Test Acc: 90.12%
2026-02-05 06:37:45 KST | INFO |   No improvement (23/30)
2026-02-05 06:37:45 KST | INFO | 
2026-02-05 06:37:45 KST | INFO | Epoch 121/200 | LR: 0.034550
2026-02-05 06:38:04 KST | INFO |   Train Loss: 0.1346 | Test Loss: 0.0013 | Test Acc: 89.89%
2026-02-05 06:38:04 KST | INFO |   No improvement (24/30)
2026-02-05 06:38:04 KST | INFO | 
2026-02-05 06:38:04 KST | INFO | Epoch 122/200 | LR: 0.033805
2026-02-05 06:38:23 KST | INFO |   Train Loss: 0.1336 | Test Loss: 0.0013 | Test Acc: 90.28%
2026-02-05 06:38:23 KST | INFO |   No improvement (25/30)
2026-02-05 06:38:23 KST | INFO | 
2026-02-05 06:38:23 KST | INFO | Epoch 123/200 | LR: 0.033064
2026-02-05 06:38:42 KST | INFO |   Train Loss: 0.1251 | Test Loss: 0.0016 | Test Acc: 89.42%
2026-02-05 06:38:42 KST | INFO |   No improvement (26/30)
2026-02-05 06:38:42 KST | INFO | 
2026-02-05 06:38:42 KST | INFO | Epoch 124/200 | LR: 0.032327
2026-02-05 06:39:01 KST | INFO |   Train Loss: 0.1248 | Test Loss: 0.0015 | Test Acc: 89.00%
2026-02-05 06:39:01 KST | INFO |   No improvement (27/30)
2026-02-05 06:39:01 KST | INFO | 
2026-02-05 06:39:01 KST | INFO | Epoch 125/200 | LR: 0.031594
2026-02-05 06:39:20 KST | INFO |   Train Loss: 0.1246 | Test Loss: 0.0014 | Test Acc: 89.84%
2026-02-05 06:39:20 KST | INFO |   No improvement (28/30)
2026-02-05 06:39:20 KST | INFO | 
2026-02-05 06:39:20 KST | INFO | Epoch 126/200 | LR: 0.030867
2026-02-05 06:39:39 KST | INFO |   Train Loss: 0.1233 | Test Loss: 0.0012 | Test Acc: 90.61%
2026-02-05 06:39:39 KST | INFO |   🏆 New best accuracy: 90.61%
2026-02-05 06:39:39 KST | INFO | 
2026-02-05 06:39:39 KST | INFO | Epoch 127/200 | LR: 0.030143
2026-02-05 06:39:59 KST | INFO |   Train Loss: 0.1186 | Test Loss: 0.0012 | Test Acc: 90.88%
2026-02-05 06:39:59 KST | INFO |   🏆 New best accuracy: 90.88%
2026-02-05 06:39:59 KST | INFO | 
2026-02-05 06:39:59 KST | INFO | Epoch 128/200 | LR: 0.029425
2026-02-05 06:40:18 KST | INFO |   Train Loss: 0.1131 | Test Loss: 0.0012 | Test Acc: 90.66%
2026-02-05 06:40:18 KST | INFO |   No improvement (1/30)
2026-02-05 06:40:18 KST | INFO | 
2026-02-05 06:40:18 KST | INFO | Epoch 129/200 | LR: 0.028712
2026-02-05 06:40:37 KST | INFO |   Train Loss: 0.1129 | Test Loss: 0.0013 | Test Acc: 90.68%
2026-02-05 06:40:37 KST | INFO |   No improvement (2/30)
2026-02-05 06:40:37 KST | INFO | 
2026-02-05 06:40:37 KST | INFO | Epoch 130/200 | LR: 0.028004
2026-02-05 06:40:56 KST | INFO |   Train Loss: 0.1117 | Test Loss: 0.0013 | Test Acc: 90.16%
2026-02-05 06:40:56 KST | INFO |   No improvement (3/30)
2026-02-05 06:40:56 KST | INFO | 
2026-02-05 06:40:56 KST | INFO | Epoch 131/200 | LR: 0.027301
2026-02-05 06:41:15 KST | INFO |   Train Loss: 0.1096 | Test Loss: 0.0015 | Test Acc: 89.47%
2026-02-05 06:41:15 KST | INFO |   No improvement (4/30)
2026-02-05 06:41:15 KST | INFO | 
2026-02-05 06:41:15 KST | INFO | Epoch 132/200 | LR: 0.026604
2026-02-05 06:41:34 KST | INFO |   Train Loss: 0.1083 | Test Loss: 0.0013 | Test Acc: 90.61%
2026-02-05 06:41:34 KST | INFO |   No improvement (5/30)
2026-02-05 06:41:34 KST | INFO | 
2026-02-05 06:41:34 KST | INFO | Epoch 133/200 | LR: 0.025913
2026-02-05 06:41:53 KST | INFO |   Train Loss: 0.1048 | Test Loss: 0.0012 | Test Acc: 91.23%
2026-02-05 06:41:53 KST | INFO |   🏆 New best accuracy: 91.23%
2026-02-05 06:41:53 KST | INFO | 
2026-02-05 06:41:53 KST | INFO | Epoch 134/200 | LR: 0.025228
2026-02-05 06:42:12 KST | INFO |   Train Loss: 0.1022 | Test Loss: 0.0015 | Test Acc: 89.58%
2026-02-05 06:42:12 KST | INFO |   No improvement (1/30)
2026-02-05 06:42:12 KST | INFO | 
2026-02-05 06:42:12 KST | INFO | Epoch 135/200 | LR: 0.024549
2026-02-05 06:42:31 KST | INFO |   Train Loss: 0.1000 | Test Loss: 0.0014 | Test Acc: 90.13%
2026-02-05 06:42:31 KST | INFO |   No improvement (2/30)
2026-02-05 06:42:31 KST | INFO | 
2026-02-05 06:42:31 KST | INFO | Epoch 136/200 | LR: 0.023876
2026-02-05 06:42:50 KST | INFO |   Train Loss: 0.0993 | Test Loss: 0.0014 | Test Acc: 89.93%
2026-02-05 06:42:50 KST | INFO |   No improvement (3/30)
2026-02-05 06:42:50 KST | INFO | 
2026-02-05 06:42:50 KST | INFO | Epoch 137/200 | LR: 0.023209
2026-02-05 06:43:09 KST | INFO |   Train Loss: 0.0975 | Test Loss: 0.0013 | Test Acc: 90.71%
2026-02-05 06:43:09 KST | INFO |   No improvement (4/30)
2026-02-05 06:43:09 KST | INFO | 
2026-02-05 06:43:09 KST | INFO | Epoch 138/200 | LR: 0.022550
2026-02-05 06:43:28 KST | INFO |   Train Loss: 0.0948 | Test Loss: 0.0013 | Test Acc: 90.89%
2026-02-05 06:43:28 KST | INFO |   No improvement (5/30)
2026-02-05 06:43:28 KST | INFO | 
2026-02-05 06:43:28 KST | INFO | Epoch 139/200 | LR: 0.021897
2026-02-05 06:43:47 KST | INFO |   Train Loss: 0.0928 | Test Loss: 0.0013 | Test Acc: 91.11%
2026-02-05 06:43:47 KST | INFO |   No improvement (6/30)
2026-02-05 06:43:47 KST | INFO | 
2026-02-05 06:43:47 KST | INFO | Epoch 140/200 | LR: 0.021251
2026-02-05 06:44:06 KST | INFO |   Train Loss: 0.0908 | Test Loss: 0.0012 | Test Acc: 91.06%
2026-02-05 06:44:06 KST | INFO |   No improvement (7/30)
2026-02-05 06:44:06 KST | INFO | 
2026-02-05 06:44:06 KST | INFO | Epoch 141/200 | LR: 0.020612
2026-02-05 06:44:25 KST | INFO |   Train Loss: 0.0883 | Test Loss: 0.0014 | Test Acc: 90.74%
2026-02-05 06:44:25 KST | INFO |   No improvement (8/30)
2026-02-05 06:44:25 KST | INFO | 
2026-02-05 06:44:25 KST | INFO | Epoch 142/200 | LR: 0.019980
2026-02-05 06:44:44 KST | INFO |   Train Loss: 0.0863 | Test Loss: 0.0013 | Test Acc: 90.96%
2026-02-05 06:44:44 KST | INFO |   No improvement (9/30)
2026-02-05 06:44:44 KST | INFO | 
2026-02-05 06:44:44 KST | INFO | Epoch 143/200 | LR: 0.019355
2026-02-05 06:45:03 KST | INFO |   Train Loss: 0.0835 | Test Loss: 0.0013 | Test Acc: 90.38%
2026-02-05 06:45:03 KST | INFO |   No improvement (10/30)
2026-02-05 06:45:03 KST | INFO | 
2026-02-05 06:45:03 KST | INFO | Epoch 144/200 | LR: 0.018739
2026-02-05 06:45:23 KST | INFO |   Train Loss: 0.0811 | Test Loss: 0.0012 | Test Acc: 91.12%
2026-02-05 06:45:23 KST | INFO |   No improvement (11/30)
2026-02-05 06:45:23 KST | INFO | 
2026-02-05 06:45:23 KST | INFO | Epoch 145/200 | LR: 0.018130
2026-02-05 06:45:42 KST | INFO |   Train Loss: 0.0774 | Test Loss: 0.0013 | Test Acc: 91.13%
2026-02-05 06:45:42 KST | INFO |   No improvement (12/30)
2026-02-05 06:45:42 KST | INFO | 
2026-02-05 06:45:42 KST | INFO | Epoch 146/200 | LR: 0.017528
2026-02-05 06:46:01 KST | INFO |   Train Loss: 0.0785 | Test Loss: 0.0012 | Test Acc: 91.20%
2026-02-05 06:46:01 KST | INFO |   No improvement (13/30)
2026-02-05 06:46:01 KST | INFO | 
2026-02-05 06:46:01 KST | INFO | Epoch 147/200 | LR: 0.016935
2026-02-05 06:46:20 KST | INFO |   Train Loss: 0.0747 | Test Loss: 0.0013 | Test Acc: 91.08%
2026-02-05 06:46:20 KST | INFO |   No improvement (14/30)
2026-02-05 06:46:20 KST | INFO | 
2026-02-05 06:46:20 KST | INFO | Epoch 148/200 | LR: 0.016350
2026-02-05 06:46:39 KST | INFO |   Train Loss: 0.0740 | Test Loss: 0.0013 | Test Acc: 90.91%
2026-02-05 06:46:39 KST | INFO |   No improvement (15/30)
2026-02-05 06:46:39 KST | INFO | 
2026-02-05 06:46:39 KST | INFO | Epoch 149/200 | LR: 0.015773
2026-02-05 06:46:58 KST | INFO |   Train Loss: 0.0714 | Test Loss: 0.0015 | Test Acc: 90.03%
2026-02-05 06:46:58 KST | INFO |   No improvement (16/30)
2026-02-05 06:46:58 KST | INFO | 
2026-02-05 06:46:58 KST | INFO | Epoch 150/200 | LR: 0.015205
2026-02-05 06:47:17 KST | INFO |   Train Loss: 0.0688 | Test Loss: 0.0014 | Test Acc: 90.62%
2026-02-05 06:47:17 KST | INFO |   No improvement (17/30)
2026-02-05 06:47:17 KST | INFO | 
2026-02-05 06:47:17 KST | INFO | Epoch 151/200 | LR: 0.014646
2026-02-05 06:47:36 KST | INFO |   Train Loss: 0.0670 | Test Loss: 0.0014 | Test Acc: 90.17%
2026-02-05 06:47:36 KST | INFO |   No improvement (18/30)
2026-02-05 06:47:36 KST | INFO | 
2026-02-05 06:47:36 KST | INFO | Epoch 152/200 | LR: 0.014095
2026-02-05 06:47:55 KST | INFO |   Train Loss: 0.0664 | Test Loss: 0.0012 | Test Acc: 91.48%
2026-02-05 06:47:55 KST | INFO |   🏆 New best accuracy: 91.48%
2026-02-05 06:47:55 KST | INFO | 
2026-02-05 06:47:55 KST | INFO | Epoch 153/200 | LR: 0.013552
2026-02-05 06:48:14 KST | INFO |   Train Loss: 0.0628 | Test Loss: 0.0013 | Test Acc: 90.97%
2026-02-05 06:48:14 KST | INFO |   No improvement (1/30)
2026-02-05 06:48:14 KST | INFO | 
2026-02-05 06:48:14 KST | INFO | Epoch 154/200 | LR: 0.013019
2026-02-05 06:48:33 KST | INFO |   Train Loss: 0.0619 | Test Loss: 0.0013 | Test Acc: 91.18%
2026-02-05 06:48:33 KST | INFO |   No improvement (2/30)
2026-02-05 06:48:33 KST | INFO | 
2026-02-05 06:48:33 KST | INFO | Epoch 155/200 | LR: 0.012495
2026-02-05 06:48:52 KST | INFO |   Train Loss: 0.0591 | Test Loss: 0.0014 | Test Acc: 90.17%
2026-02-05 06:48:52 KST | INFO |   No improvement (3/30)
2026-02-05 06:48:52 KST | INFO | 
2026-02-05 06:48:52 KST | INFO | Epoch 156/200 | LR: 0.011981
2026-02-05 06:49:11 KST | INFO |   Train Loss: 0.0558 | Test Loss: 0.0013 | Test Acc: 90.79%
2026-02-05 06:49:11 KST | INFO |   No improvement (4/30)
2026-02-05 06:49:11 KST | INFO | 
2026-02-05 06:49:11 KST | INFO | Epoch 157/200 | LR: 0.011475
2026-02-05 06:49:30 KST | INFO |   Train Loss: 0.0550 | Test Loss: 0.0014 | Test Acc: 91.06%
2026-02-05 06:49:30 KST | INFO |   No improvement (5/30)
2026-02-05 06:49:30 KST | INFO | 
2026-02-05 06:49:30 KST | INFO | Epoch 158/200 | LR: 0.010979
2026-02-05 06:49:49 KST | INFO |   Train Loss: 0.0532 | Test Loss: 0.0013 | Test Acc: 91.69%
2026-02-05 06:49:49 KST | INFO |   🏆 New best accuracy: 91.69%
2026-02-05 06:49:49 KST | INFO | 
2026-02-05 06:49:49 KST | INFO | Epoch 159/200 | LR: 0.010493
2026-02-05 06:50:08 KST | INFO |   Train Loss: 0.0519 | Test Loss: 0.0013 | Test Acc: 91.54%
2026-02-05 06:50:08 KST | INFO |   No improvement (1/30)
2026-02-05 06:50:08 KST | INFO | 
2026-02-05 06:50:08 KST | INFO | Epoch 160/200 | LR: 0.010017
2026-02-05 06:50:28 KST | INFO |   Train Loss: 0.0515 | Test Loss: 0.0013 | Test Acc: 91.57%
2026-02-05 06:50:28 KST | INFO |   No improvement (2/30)
2026-02-05 06:50:28 KST | INFO | 
2026-02-05 06:50:28 KST | INFO | Epoch 161/200 | LR: 0.009550
2026-02-05 06:50:47 KST | INFO |   Train Loss: 0.0500 | Test Loss: 0.0013 | Test Acc: 91.53%
2026-02-05 06:50:47 KST | INFO |   No improvement (3/30)
2026-02-05 06:50:47 KST | INFO | 
2026-02-05 06:50:47 KST | INFO | Epoch 162/200 | LR: 0.009093
2026-02-05 06:51:06 KST | INFO |   Train Loss: 0.0487 | Test Loss: 0.0013 | Test Acc: 91.29%
2026-02-05 06:51:06 KST | INFO |   No improvement (4/30)
2026-02-05 06:51:06 KST | INFO | 
2026-02-05 06:51:06 KST | INFO | Epoch 163/200 | LR: 0.008647
2026-02-05 06:51:25 KST | INFO |   Train Loss: 0.0476 | Test Loss: 0.0013 | Test Acc: 91.70%
2026-02-05 06:51:25 KST | INFO |   🏆 New best accuracy: 91.70%
2026-02-05 06:51:25 KST | INFO | 
2026-02-05 06:51:25 KST | INFO | Epoch 164/200 | LR: 0.008211
2026-02-05 06:51:44 KST | INFO |   Train Loss: 0.0445 | Test Loss: 0.0013 | Test Acc: 91.01%
2026-02-05 06:51:44 KST | INFO |   No improvement (1/30)
2026-02-05 06:51:44 KST | INFO | 
2026-02-05 06:51:44 KST | INFO | Epoch 165/200 | LR: 0.007785
2026-02-05 06:52:03 KST | INFO |   Train Loss: 0.0425 | Test Loss: 0.0013 | Test Acc: 91.40%
2026-02-05 06:52:03 KST | INFO |   No improvement (2/30)
2026-02-05 06:52:03 KST | INFO | 
2026-02-05 06:52:03 KST | INFO | Epoch 166/200 | LR: 0.007369
2026-02-05 06:52:22 KST | INFO |   Train Loss: 0.0410 | Test Loss: 0.0014 | Test Acc: 91.36%
2026-02-05 06:52:22 KST | INFO |   No improvement (3/30)
2026-02-05 06:52:22 KST | INFO | 
2026-02-05 06:52:22 KST | INFO | Epoch 167/200 | LR: 0.006964
2026-02-05 06:52:41 KST | INFO |   Train Loss: 0.0406 | Test Loss: 0.0014 | Test Acc: 91.17%
2026-02-05 06:52:41 KST | INFO |   No improvement (4/30)
2026-02-05 06:52:41 KST | INFO | 
2026-02-05 06:52:41 KST | INFO | Epoch 168/200 | LR: 0.006569
2026-02-05 06:53:00 KST | INFO |   Train Loss: 0.0401 | Test Loss: 0.0012 | Test Acc: 91.86%
2026-02-05 06:53:00 KST | INFO |   🏆 New best accuracy: 91.86%
2026-02-05 06:53:00 KST | INFO | 
2026-02-05 06:53:00 KST | INFO | Epoch 169/200 | LR: 0.006186
2026-02-05 06:53:19 KST | INFO |   Train Loss: 0.0371 | Test Loss: 0.0013 | Test Acc: 91.56%
2026-02-05 06:53:19 KST | INFO |   No improvement (1/30)
2026-02-05 06:53:19 KST | INFO | 
2026-02-05 06:53:19 KST | INFO | Epoch 170/200 | LR: 0.005813
2026-02-05 06:53:38 KST | INFO |   Train Loss: 0.0366 | Test Loss: 0.0014 | Test Acc: 91.13%
2026-02-05 06:53:38 KST | INFO |   No improvement (2/30)
2026-02-05 06:53:38 KST | INFO | 
2026-02-05 06:53:38 KST | INFO | Epoch 171/200 | LR: 0.005451
2026-02-05 06:53:57 KST | INFO |   Train Loss: 0.0355 | Test Loss: 0.0013 | Test Acc: 91.51%
2026-02-05 06:53:57 KST | INFO |   No improvement (3/30)
2026-02-05 06:53:57 KST | INFO | 
2026-02-05 06:53:57 KST | INFO | Epoch 172/200 | LR: 0.005100
2026-02-05 06:54:16 KST | INFO |   Train Loss: 0.0346 | Test Loss: 0.0013 | Test Acc: 91.59%
2026-02-05 06:54:16 KST | INFO |   No improvement (4/30)
2026-02-05 06:54:16 KST | INFO | 
2026-02-05 06:54:16 KST | INFO | Epoch 173/200 | LR: 0.004760
2026-02-05 06:54:35 KST | INFO |   Train Loss: 0.0320 | Test Loss: 0.0013 | Test Acc: 91.46%
2026-02-05 06:54:35 KST | INFO |   No improvement (5/30)
2026-02-05 06:54:35 KST | INFO | 
2026-02-05 06:54:35 KST | INFO | Epoch 174/200 | LR: 0.004431
2026-02-05 06:54:54 KST | INFO |   Train Loss: 0.0310 | Test Loss: 0.0013 | Test Acc: 91.68%
2026-02-05 06:54:54 KST | INFO |   No improvement (6/30)
2026-02-05 06:54:54 KST | INFO | 
2026-02-05 06:54:54 KST | INFO | Epoch 175/200 | LR: 0.004113
2026-02-05 06:55:13 KST | INFO |   Train Loss: 0.0299 | Test Loss: 0.0013 | Test Acc: 91.61%
2026-02-05 06:55:13 KST | INFO |   No improvement (7/30)
2026-02-05 06:55:13 KST | INFO | 
2026-02-05 06:55:13 KST | INFO | Epoch 176/200 | LR: 0.003807
2026-02-05 06:55:32 KST | INFO |   Train Loss: 0.0287 | Test Loss: 0.0013 | Test Acc: 91.77%
2026-02-05 06:55:32 KST | INFO |   No improvement (8/30)
2026-02-05 06:55:32 KST | INFO | 
2026-02-05 06:55:32 KST | INFO | Epoch 177/200 | LR: 0.003512
2026-02-05 06:55:51 KST | INFO |   Train Loss: 0.0287 | Test Loss: 0.0013 | Test Acc: 91.87%
2026-02-05 06:55:51 KST | INFO |   🏆 New best accuracy: 91.87%
2026-02-05 06:55:51 KST | INFO | 
2026-02-05 06:55:51 KST | INFO | Epoch 178/200 | LR: 0.003229
2026-02-05 06:56:10 KST | INFO |   Train Loss: 0.0267 | Test Loss: 0.0013 | Test Acc: 91.81%
2026-02-05 06:56:10 KST | INFO |   No improvement (1/30)
2026-02-05 06:56:10 KST | INFO | 
2026-02-05 06:56:10 KST | INFO | Epoch 179/200 | LR: 0.002957
2026-02-05 06:56:29 KST | INFO |   Train Loss: 0.0262 | Test Loss: 0.0013 | Test Acc: 91.76%
2026-02-05 06:56:29 KST | INFO |   No improvement (2/30)
2026-02-05 06:56:29 KST | INFO | 
2026-02-05 06:56:29 KST | INFO | Epoch 180/200 | LR: 0.002697
2026-02-05 06:56:48 KST | INFO |   Train Loss: 0.0261 | Test Loss: 0.0013 | Test Acc: 91.80%
2026-02-05 06:56:48 KST | INFO |   No improvement (3/30)
2026-02-05 06:56:48 KST | INFO | 
2026-02-05 06:56:48 KST | INFO | Epoch 181/200 | LR: 0.002448
2026-02-05 06:57:07 KST | INFO |   Train Loss: 0.0249 | Test Loss: 0.0013 | Test Acc: 91.59%
2026-02-05 06:57:07 KST | INFO |   No improvement (4/30)
2026-02-05 06:57:07 KST | INFO | 
2026-02-05 06:57:07 KST | INFO | Epoch 182/200 | LR: 0.002211
2026-02-05 06:57:27 KST | INFO |   Train Loss: 0.0242 | Test Loss: 0.0013 | Test Acc: 91.76%
2026-02-05 06:57:27 KST | INFO |   No improvement (5/30)
2026-02-05 06:57:27 KST | INFO | 
2026-02-05 06:57:27 KST | INFO | Epoch 183/200 | LR: 0.001986
2026-02-05 06:57:46 KST | INFO |   Train Loss: 0.0238 | Test Loss: 0.0013 | Test Acc: 91.81%
2026-02-05 06:57:46 KST | INFO |   No improvement (6/30)
2026-02-05 06:57:46 KST | INFO | 
2026-02-05 06:57:46 KST | INFO | Epoch 184/200 | LR: 0.001773
2026-02-05 06:58:05 KST | INFO |   Train Loss: 0.0230 | Test Loss: 0.0014 | Test Acc: 91.79%
2026-02-05 06:58:05 KST | INFO |   No improvement (7/30)
2026-02-05 06:58:05 KST | INFO | 
2026-02-05 06:58:05 KST | INFO | Epoch 185/200 | LR: 0.001572
2026-02-05 06:58:23 KST | INFO |   Train Loss: 0.0218 | Test Loss: 0.0014 | Test Acc: 91.77%
2026-02-05 06:58:23 KST | INFO |   No improvement (8/30)
2026-02-05 06:58:23 KST | INFO | 
2026-02-05 06:58:23 KST | INFO | Epoch 186/200 | LR: 0.001382
2026-02-05 06:58:42 KST | INFO |   Train Loss: 0.0217 | Test Loss: 0.0013 | Test Acc: 91.84%
2026-02-05 06:58:42 KST | INFO |   No improvement (9/30)
2026-02-05 06:58:42 KST | INFO | 
2026-02-05 06:58:42 KST | INFO | Epoch 187/200 | LR: 0.001205
2026-02-05 06:59:01 KST | INFO |   Train Loss: 0.0204 | Test Loss: 0.0014 | Test Acc: 92.01%
2026-02-05 06:59:01 KST | INFO |   🏆 New best accuracy: 92.01%
2026-02-05 06:59:01 KST | INFO | 
2026-02-05 06:59:01 KST | INFO | Epoch 188/200 | LR: 0.001040
2026-02-05 06:59:21 KST | INFO |   Train Loss: 0.0200 | Test Loss: 0.0013 | Test Acc: 92.11%
2026-02-05 06:59:21 KST | INFO |   🏆 New best accuracy: 92.11%
2026-02-05 06:59:21 KST | INFO | 
2026-02-05 06:59:21 KST | INFO | Epoch 189/200 | LR: 0.000887
2026-02-05 06:59:40 KST | INFO |   Train Loss: 0.0203 | Test Loss: 0.0013 | Test Acc: 91.71%
2026-02-05 06:59:40 KST | INFO |   No improvement (1/30)
2026-02-05 06:59:40 KST | INFO | 
2026-02-05 06:59:40 KST | INFO | Epoch 190/200 | LR: 0.000746
2026-02-05 06:59:59 KST | INFO |   Train Loss: 0.0201 | Test Loss: 0.0014 | Test Acc: 91.81%
2026-02-05 06:59:59 KST | INFO |   No improvement (2/30)
2026-02-05 06:59:59 KST | INFO | 
2026-02-05 06:59:59 KST | INFO | Epoch 191/200 | LR: 0.000617
2026-02-05 07:00:18 KST | INFO |   Train Loss: 0.0192 | Test Loss: 0.0013 | Test Acc: 91.86%
2026-02-05 07:00:18 KST | INFO |   No improvement (3/30)
2026-02-05 07:00:18 KST | INFO | 
2026-02-05 07:00:18 KST | INFO | Epoch 192/200 | LR: 0.000500
2026-02-05 07:00:37 KST | INFO |   Train Loss: 0.0187 | Test Loss: 0.0014 | Test Acc: 91.76%
2026-02-05 07:00:37 KST | INFO |   No improvement (4/30)
2026-02-05 07:00:37 KST | INFO | 
2026-02-05 07:00:37 KST | INFO | Epoch 193/200 | LR: 0.000395
2026-02-05 07:00:56 KST | INFO |   Train Loss: 0.0184 | Test Loss: 0.0014 | Test Acc: 91.83%
2026-02-05 07:00:56 KST | INFO |   No improvement (5/30)
2026-02-05 07:00:56 KST | INFO | 
2026-02-05 07:00:56 KST | INFO | Epoch 194/200 | LR: 0.000303
2026-02-05 07:01:15 KST | INFO |   Train Loss: 0.0182 | Test Loss: 0.0014 | Test Acc: 91.73%
2026-02-05 07:01:15 KST | INFO |   No improvement (6/30)
2026-02-05 07:01:15 KST | INFO | 
2026-02-05 07:01:15 KST | INFO | Epoch 195/200 | LR: 0.000223
2026-02-05 07:01:35 KST | INFO |   Train Loss: 0.0169 | Test Loss: 0.0014 | Test Acc: 91.70%
2026-02-05 07:01:35 KST | INFO |   No improvement (7/30)
2026-02-05 07:01:35 KST | INFO | 
2026-02-05 07:01:35 KST | INFO | Epoch 196/200 | LR: 0.000155
2026-02-05 07:01:54 KST | INFO |   Train Loss: 0.0179 | Test Loss: 0.0014 | Test Acc: 91.80%
2026-02-05 07:01:54 KST | INFO |   No improvement (8/30)
2026-02-05 07:01:54 KST | INFO | 
2026-02-05 07:01:54 KST | INFO | Epoch 197/200 | LR: 0.000100
2026-02-05 07:02:14 KST | INFO |   Train Loss: 0.0170 | Test Loss: 0.0014 | Test Acc: 91.79%
2026-02-05 07:02:14 KST | INFO |   No improvement (9/30)
2026-02-05 07:02:14 KST | INFO | 
2026-02-05 07:02:14 KST | INFO | Epoch 198/200 | LR: 0.000057
2026-02-05 07:02:33 KST | INFO |   Train Loss: 0.0169 | Test Loss: 0.0013 | Test Acc: 91.88%
2026-02-05 07:02:33 KST | INFO |   No improvement (10/30)
2026-02-05 07:02:33 KST | INFO | 
2026-02-05 07:02:33 KST | INFO | Epoch 199/200 | LR: 0.000026
2026-02-05 07:02:51 KST | INFO |   Train Loss: 0.0169 | Test Loss: 0.0014 | Test Acc: 91.84%
2026-02-05 07:02:51 KST | INFO |   No improvement (11/30)
2026-02-05 07:02:51 KST | INFO | 
2026-02-05 07:02:51 KST | INFO | Epoch 200/200 | LR: 0.000007
2026-02-05 07:03:10 KST | INFO |   Train Loss: 0.0174 | Test Loss: 0.0014 | Test Acc: 91.84%
2026-02-05 07:03:10 KST | INFO |   No improvement (12/30)
2026-02-05 07:03:10 KST | INFO | 
2026-02-05 07:03:10 KST | INFO | ================================================================================
2026-02-05 07:03:10 KST | INFO | TRAINING COMPLETE
2026-02-05 07:03:10 KST | INFO | ================================================================================
2026-02-05 07:03:10 KST | INFO | Best accuracy:  92.11% (Epoch 188)
2026-02-05 07:03:10 KST | INFO | Final accuracy: 91.84%
2026-02-05 07:03:10 KST | INFO | ================================================================================
2026-02-05 07:03:10 KST | INFO | 
2026-02-05 07:03:10 KST | INFO | Notifying nodes of completion...
2026-02-05 07:03:11 KST | INFO | ✓ Nodes notified
2026-02-05 07:03:11 KST | INFO | 
2026-02-05 07:03:11 KST | INFO | Closing connections...
2026-02-05 07:03:11 KST | INFO | ✓ Cleanup complete
2026-02-05 07:03:11 KST | INFO | 
2026-02-05 07:03:11 KST | INFO | Full log: logs/TL++_base_20260205_055857.log
2026-02-05 07:03:11 KST | INFO | ================================================================================
