2026-02-08 22:11:56 KST | INFO | ================================================================================
2026-02-08 22:11:56 KST | INFO | TL++ Orchestrator
2026-02-08 22:11:56 KST | INFO | ================================================================================
2026-02-08 22:11:56 KST | INFO | Log file: logs/TL++_base_20260208_221156.log
2026-02-08 22:11:56 KST | INFO | 
2026-02-08 22:11:56 KST | INFO | --------------------------------------------------------------------------------
2026-02-08 22:11:56 KST | INFO | CONFIGURATION
2026-02-08 22:11:56 KST | INFO | --------------------------------------------------------------------------------
2026-02-08 22:11:56 KST | INFO | Secure mode:      False
2026-02-08 22:11:56 KST | INFO | Nodes:            7
2026-02-08 22:11:56 KST | INFO | Cut layer:        3
2026-02-08 22:11:56 KST | INFO | Batch size:       128
2026-02-08 22:11:56 KST | INFO | Learning rate:    0.1
2026-02-08 22:11:56 KST | INFO | 
2026-02-08 22:11:56 KST | INFO | Computation device: cuda
2026-02-08 22:11:56 KST | INFO | Secure mode: DISABLED
2026-02-08 22:11:56 KST | INFO | 
2026-02-08 22:11:56 KST | INFO | --------------------------------------------------------------------------------
2026-02-08 22:11:56 KST | INFO | NETWORK SETUP
2026-02-08 22:11:56 KST | INFO | --------------------------------------------------------------------------------
2026-02-08 22:11:56 KST | INFO | ✓ Orchestrator listening on 127.0.0.1:8080
2026-02-08 22:11:56 KST | INFO | Waiting for 7 node(s)...
2026-02-08 22:11:59 KST | INFO |   ✓ Node 1/7 connected
2026-02-08 22:12:00 KST | INFO |   ✓ Node 2/7 connected
2026-02-08 22:12:01 KST | INFO |   ✓ Node 3/7 connected
2026-02-08 22:12:02 KST | INFO |   ✓ Node 4/7 connected
2026-02-08 22:12:03 KST | INFO |   ✓ Node 5/7 connected
2026-02-08 22:12:04 KST | INFO |   ✓ Node 6/7 connected
2026-02-08 22:12:05 KST | INFO |   ✓ Node 7/7 connected
2026-02-08 22:12:05 KST | INFO | ✓ All 7 node(s) connected
2026-02-08 22:12:05 KST | INFO | 
2026-02-08 22:12:05 KST | INFO | --------------------------------------------------------------------------------
2026-02-08 22:12:05 KST | INFO | MODEL INITIALIZATION
2026-02-08 22:12:05 KST | INFO | --------------------------------------------------------------------------------
2026-02-08 22:12:05 KST | INFO | Node-side parameters: 3,243,072
2026-02-08 22:12:05 KST | INFO | 
2026-02-08 22:12:05 KST | INFO | --------------------------------------------------------------------------------
2026-02-08 22:12:05 KST | INFO | BROADCASTING CONFIGURATION
2026-02-08 22:12:05 KST | INFO | --------------------------------------------------------------------------------
2026-02-08 22:12:05 KST | INFO | ✓ Configuration broadcast to all nodes
2026-02-08 22:12:07 KST | INFO | 
2026-02-08 22:12:07 KST | INFO | Total parameters:     3,246,663
2026-02-08 22:12:07 KST | INFO | Trainable parameters: 3,246,663
2026-02-08 22:12:07 KST | INFO | 
2026-02-08 22:12:07 KST | INFO | --------------------------------------------------------------------------------
2026-02-08 22:12:07 KST | INFO | DATA LOADING
2026-02-08 22:12:07 KST | INFO | --------------------------------------------------------------------------------
2026-02-08 22:12:31 KST | INFO | ✓ Dataset information collected:
2026-02-08 22:12:31 KST | INFO |     Node 1: 5,000 samples
2026-02-08 22:12:31 KST | INFO |     Node 2: 5,000 samples
2026-02-08 22:12:31 KST | INFO |     Node 3: 5,000 samples
2026-02-08 22:12:31 KST | INFO |     Node 4: 5,000 samples
2026-02-08 22:12:31 KST | INFO |     Node 5: 5,000 samples
2026-02-08 22:12:31 KST | INFO |     Node 6: 5,000 samples
2026-02-08 22:12:31 KST | INFO |     Node 7: 5,000 samples
2026-02-08 22:12:31 KST | INFO |   Total training samples: 35,000
2026-02-08 22:12:31 KST | INFO | 
2026-02-08 22:12:34 KST | INFO | ✓ Test dataset loaded: 7,000 samples
2026-02-08 22:12:34 KST | INFO | 
2026-02-08 22:12:34 KST | INFO | ✓ Batch scheduler: 274 batches/epoch
2026-02-08 22:12:34 KST | INFO | 
2026-02-08 22:12:34 KST | INFO | --------------------------------------------------------------------------------
2026-02-08 22:12:34 KST | INFO | OPTIMIZATION SETUP
2026-02-08 22:12:34 KST | INFO | --------------------------------------------------------------------------------
2026-02-08 22:12:34 KST | INFO | ✓ Optimizer: SGD (lr=0.1, momentum=0.9)
2026-02-08 22:12:34 KST | INFO | ✓ Scheduler: cosine
2026-02-08 22:12:34 KST | INFO | ✓ Gradient clipping: 1.0
2026-02-08 22:12:34 KST | INFO | 
2026-02-08 22:12:34 KST | INFO | ================================================================================
2026-02-08 22:12:34 KST | INFO | Setup complete - Ready for training
2026-02-08 22:12:34 KST | INFO | ================================================================================
2026-02-08 22:12:34 KST | INFO | 
2026-02-08 22:12:34 KST | INFO | --------------------------------------------------------------------------------
2026-02-08 22:12:34 KST | INFO | TRAINING
2026-02-08 22:12:34 KST | INFO | --------------------------------------------------------------------------------
2026-02-08 22:12:34 KST | INFO | 
2026-02-08 22:12:34 KST | INFO | Epoch 1/200 | LR: 0.100000
2026-02-08 22:13:56 KST | INFO |   Train Loss: 1.5337 | Test Loss: 0.0052 | Test Acc: 48.51%
2026-02-08 22:13:56 KST | INFO |   🏆 New best accuracy: 48.51%
2026-02-08 22:13:56 KST | INFO | 
2026-02-08 22:13:56 KST | INFO | Epoch 2/200 | LR: 0.099994
2026-02-08 22:15:19 KST | INFO |   Train Loss: 1.2056 | Test Loss: 0.0041 | Test Acc: 60.77%
2026-02-08 22:15:19 KST | INFO |   🏆 New best accuracy: 60.77%
2026-02-08 22:15:19 KST | INFO | 
2026-02-08 22:15:19 KST | INFO | Epoch 3/200 | LR: 0.099975
2026-02-08 22:16:40 KST | INFO |   Train Loss: 1.0307 | Test Loss: 0.0034 | Test Acc: 68.90%
2026-02-08 22:16:40 KST | INFO |   🏆 New best accuracy: 68.90%
2026-02-08 22:16:40 KST | INFO | 
2026-02-08 22:16:40 KST | INFO | Epoch 4/200 | LR: 0.099944
2026-02-08 22:18:00 KST | INFO |   Train Loss: 0.8834 | Test Loss: 0.0030 | Test Acc: 72.44%
2026-02-08 22:18:00 KST | INFO |   🏆 New best accuracy: 72.44%
2026-02-08 22:18:00 KST | INFO | 
2026-02-08 22:18:00 KST | INFO | Epoch 5/200 | LR: 0.099901
2026-02-08 22:19:22 KST | INFO |   Train Loss: 0.7845 | Test Loss: 0.0028 | Test Acc: 74.80%
2026-02-08 22:19:22 KST | INFO |   🏆 New best accuracy: 74.80%
2026-02-08 22:19:22 KST | INFO | 
2026-02-08 22:19:22 KST | INFO | Epoch 6/200 | LR: 0.099846
2026-02-08 22:20:44 KST | INFO |   Train Loss: 0.7120 | Test Loss: 0.0029 | Test Acc: 74.06%
2026-02-08 22:20:44 KST | INFO |   No improvement (1/30)
2026-02-08 22:20:44 KST | INFO | 
2026-02-08 22:20:44 KST | INFO | Epoch 7/200 | LR: 0.099778
2026-02-08 22:22:05 KST | INFO |   Train Loss: 0.6625 | Test Loss: 0.0025 | Test Acc: 77.81%
2026-02-08 22:22:05 KST | INFO |   🏆 New best accuracy: 77.81%
2026-02-08 22:22:05 KST | INFO | 
2026-02-08 22:22:05 KST | INFO | Epoch 8/200 | LR: 0.099698
2026-02-08 22:23:28 KST | INFO |   Train Loss: 0.6196 | Test Loss: 0.0026 | Test Acc: 76.63%
2026-02-08 22:23:28 KST | INFO |   No improvement (1/30)
2026-02-08 22:23:28 KST | INFO | 
2026-02-08 22:23:28 KST | INFO | Epoch 9/200 | LR: 0.099606
2026-02-08 22:24:49 KST | INFO |   Train Loss: 0.5878 | Test Loss: 0.0025 | Test Acc: 78.73%
2026-02-08 22:24:49 KST | INFO |   🏆 New best accuracy: 78.73%
2026-02-08 22:24:49 KST | INFO | 
2026-02-08 22:24:49 KST | INFO | Epoch 10/200 | LR: 0.099501
2026-02-08 22:26:09 KST | INFO |   Train Loss: 0.5618 | Test Loss: 0.0023 | Test Acc: 80.33%
2026-02-08 22:26:09 KST | INFO |   🏆 New best accuracy: 80.33%
2026-02-08 22:26:09 KST | INFO | 
2026-02-08 22:26:09 KST | INFO | Epoch 11/200 | LR: 0.099384
2026-02-08 22:27:30 KST | INFO |   Train Loss: 0.5395 | Test Loss: 0.0020 | Test Acc: 83.29%
2026-02-08 22:27:30 KST | INFO |   🏆 New best accuracy: 83.29%
2026-02-08 22:27:30 KST | INFO | 
2026-02-08 22:27:30 KST | INFO | Epoch 12/200 | LR: 0.099255
2026-02-08 22:28:52 KST | INFO |   Train Loss: 0.5209 | Test Loss: 0.0021 | Test Acc: 81.64%
2026-02-08 22:28:52 KST | INFO |   No improvement (1/30)
2026-02-08 22:28:52 KST | INFO | 
2026-02-08 22:28:52 KST | INFO | Epoch 13/200 | LR: 0.099114
2026-02-08 22:30:15 KST | INFO |   Train Loss: 0.5018 | Test Loss: 0.0020 | Test Acc: 81.43%
2026-02-08 22:30:15 KST | INFO |   No improvement (2/30)
2026-02-08 22:30:15 KST | INFO | 
2026-02-08 22:30:15 KST | INFO | Epoch 14/200 | LR: 0.098961
2026-02-08 22:31:38 KST | INFO |   Train Loss: 0.4875 | Test Loss: 0.0024 | Test Acc: 79.66%
2026-02-08 22:31:38 KST | INFO |   No improvement (3/30)
2026-02-08 22:31:38 KST | INFO | 
2026-02-08 22:31:38 KST | INFO | Epoch 15/200 | LR: 0.098796
2026-02-08 22:33:02 KST | INFO |   Train Loss: 0.4705 | Test Loss: 0.0019 | Test Acc: 83.84%
2026-02-08 22:33:02 KST | INFO |   🏆 New best accuracy: 83.84%
2026-02-08 22:33:02 KST | INFO | 
2026-02-08 22:33:02 KST | INFO | Epoch 16/200 | LR: 0.098619
2026-02-08 22:34:25 KST | INFO |   Train Loss: 0.4609 | Test Loss: 0.0019 | Test Acc: 83.84%
2026-02-08 22:34:25 KST | INFO |   No improvement (1/30)
2026-02-08 22:34:25 KST | INFO | 
2026-02-08 22:34:25 KST | INFO | Epoch 17/200 | LR: 0.098429
2026-02-08 22:35:48 KST | INFO |   Train Loss: 0.4486 | Test Loss: 0.0022 | Test Acc: 80.54%
2026-02-08 22:35:48 KST | INFO |   No improvement (2/30)
2026-02-08 22:35:48 KST | INFO | 
2026-02-08 22:35:48 KST | INFO | Epoch 18/200 | LR: 0.098228
2026-02-08 22:37:11 KST | INFO |   Train Loss: 0.4322 | Test Loss: 0.0020 | Test Acc: 82.93%
2026-02-08 22:37:11 KST | INFO |   No improvement (3/30)
2026-02-08 22:37:11 KST | INFO | 
2026-02-08 22:37:11 KST | INFO | Epoch 19/200 | LR: 0.098015
2026-02-08 22:38:33 KST | INFO |   Train Loss: 0.4247 | Test Loss: 0.0020 | Test Acc: 83.19%
2026-02-08 22:38:33 KST | INFO |   No improvement (4/30)
2026-02-08 22:38:33 KST | INFO | 
2026-02-08 22:38:33 KST | INFO | Epoch 20/200 | LR: 0.097790
2026-02-08 22:39:56 KST | INFO |   Train Loss: 0.4165 | Test Loss: 0.0021 | Test Acc: 82.01%
2026-02-08 22:39:56 KST | INFO |   No improvement (5/30)
2026-02-08 22:39:56 KST | INFO | 
2026-02-08 22:39:56 KST | INFO | Epoch 21/200 | LR: 0.097553
2026-02-08 22:41:18 KST | INFO |   Train Loss: 0.4110 | Test Loss: 0.0019 | Test Acc: 83.76%
2026-02-08 22:41:18 KST | INFO |   No improvement (6/30)
2026-02-08 22:41:18 KST | INFO | 
2026-02-08 22:41:18 KST | INFO | Epoch 22/200 | LR: 0.097304
2026-02-08 22:42:38 KST | INFO |   Train Loss: 0.4001 | Test Loss: 0.0019 | Test Acc: 84.11%
2026-02-08 22:42:38 KST | INFO |   🏆 New best accuracy: 84.11%
2026-02-08 22:42:38 KST | INFO | 
2026-02-08 22:42:38 KST | INFO | Epoch 23/200 | LR: 0.097044
2026-02-08 22:43:58 KST | INFO |   Train Loss: 0.3985 | Test Loss: 0.0018 | Test Acc: 84.49%
2026-02-08 22:43:58 KST | INFO |   🏆 New best accuracy: 84.49%
2026-02-08 22:43:58 KST | INFO | 
2026-02-08 22:43:58 KST | INFO | Epoch 24/200 | LR: 0.096772
2026-02-08 22:45:18 KST | INFO |   Train Loss: 0.3914 | Test Loss: 0.0019 | Test Acc: 83.49%
2026-02-08 22:45:18 KST | INFO |   No improvement (1/30)
2026-02-08 22:45:18 KST | INFO | 
2026-02-08 22:45:18 KST | INFO | Epoch 25/200 | LR: 0.096489
2026-02-08 22:46:39 KST | INFO |   Train Loss: 0.3855 | Test Loss: 0.0029 | Test Acc: 76.76%
2026-02-08 22:46:39 KST | INFO |   No improvement (2/30)
2026-02-08 22:46:39 KST | INFO | 
2026-02-08 22:46:39 KST | INFO | Epoch 26/200 | LR: 0.096194
2026-02-08 22:48:00 KST | INFO |   Train Loss: 0.3766 | Test Loss: 0.0024 | Test Acc: 79.13%
2026-02-08 22:48:00 KST | INFO |   No improvement (3/30)
2026-02-08 22:48:00 KST | INFO | 
2026-02-08 22:48:00 KST | INFO | Epoch 27/200 | LR: 0.095888
2026-02-08 22:49:21 KST | INFO |   Train Loss: 0.3769 | Test Loss: 0.0016 | Test Acc: 86.06%
2026-02-08 22:49:21 KST | INFO |   🏆 New best accuracy: 86.06%
2026-02-08 22:49:21 KST | INFO | 
2026-02-08 22:49:21 KST | INFO | Epoch 28/200 | LR: 0.095570
2026-02-08 22:50:42 KST | INFO |   Train Loss: 0.3648 | Test Loss: 0.0016 | Test Acc: 85.69%
2026-02-08 22:50:42 KST | INFO |   No improvement (1/30)
2026-02-08 22:50:42 KST | INFO | 
2026-02-08 22:50:42 KST | INFO | Epoch 29/200 | LR: 0.095241
2026-02-08 22:52:03 KST | INFO |   Train Loss: 0.3613 | Test Loss: 0.0016 | Test Acc: 85.89%
2026-02-08 22:52:03 KST | INFO |   No improvement (2/30)
2026-02-08 22:52:03 KST | INFO | 
2026-02-08 22:52:03 KST | INFO | Epoch 30/200 | LR: 0.094901
2026-02-08 22:53:24 KST | INFO |   Train Loss: 0.3562 | Test Loss: 0.0019 | Test Acc: 83.70%
2026-02-08 22:53:24 KST | INFO |   No improvement (3/30)
2026-02-08 22:53:24 KST | INFO | 
2026-02-08 22:53:24 KST | INFO | Epoch 31/200 | LR: 0.094550
2026-02-08 22:54:46 KST | INFO |   Train Loss: 0.3569 | Test Loss: 0.0014 | Test Acc: 87.69%
2026-02-08 22:54:46 KST | INFO |   🏆 New best accuracy: 87.69%
2026-02-08 22:54:46 KST | INFO | 
2026-02-08 22:54:46 KST | INFO | Epoch 32/200 | LR: 0.094188
2026-02-08 22:56:07 KST | INFO |   Train Loss: 0.3437 | Test Loss: 0.0018 | Test Acc: 85.13%
2026-02-08 22:56:07 KST | INFO |   No improvement (1/30)
2026-02-08 22:56:07 KST | INFO | 
2026-02-08 22:56:07 KST | INFO | Epoch 33/200 | LR: 0.093815
2026-02-08 22:57:30 KST | INFO |   Train Loss: 0.3470 | Test Loss: 0.0020 | Test Acc: 81.54%
2026-02-08 22:57:30 KST | INFO |   No improvement (2/30)
2026-02-08 22:57:30 KST | INFO | 
2026-02-08 22:57:30 KST | INFO | Epoch 34/200 | LR: 0.093432
2026-02-08 22:58:52 KST | INFO |   Train Loss: 0.3431 | Test Loss: 0.0020 | Test Acc: 82.83%
2026-02-08 22:58:52 KST | INFO |   No improvement (3/30)
2026-02-08 22:58:52 KST | INFO | 
2026-02-08 22:58:52 KST | INFO | Epoch 35/200 | LR: 0.093037
2026-02-08 23:00:14 KST | INFO |   Train Loss: 0.3370 | Test Loss: 0.0016 | Test Acc: 86.10%
2026-02-08 23:00:14 KST | INFO |   No improvement (4/30)
2026-02-08 23:00:14 KST | INFO | 
2026-02-08 23:00:14 KST | INFO | Epoch 36/200 | LR: 0.092632
2026-02-08 23:01:35 KST | INFO |   Train Loss: 0.3394 | Test Loss: 0.0026 | Test Acc: 78.20%
2026-02-08 23:01:35 KST | INFO |   No improvement (5/30)
2026-02-08 23:01:35 KST | INFO | 
2026-02-08 23:01:35 KST | INFO | Epoch 37/200 | LR: 0.092216
2026-02-08 23:02:56 KST | INFO |   Train Loss: 0.3288 | Test Loss: 0.0015 | Test Acc: 87.13%
2026-02-08 23:02:56 KST | INFO |   No improvement (6/30)
2026-02-08 23:02:56 KST | INFO | 
2026-02-08 23:02:56 KST | INFO | Epoch 38/200 | LR: 0.091790
2026-02-08 23:04:16 KST | INFO |   Train Loss: 0.3243 | Test Loss: 0.0017 | Test Acc: 85.90%
2026-02-08 23:04:16 KST | INFO |   No improvement (7/30)
2026-02-08 23:04:16 KST | INFO | 
2026-02-08 23:04:16 KST | INFO | Epoch 39/200 | LR: 0.091354
2026-02-08 23:05:36 KST | INFO |   Train Loss: 0.3247 | Test Loss: 0.0018 | Test Acc: 84.34%
2026-02-08 23:05:36 KST | INFO |   No improvement (8/30)
2026-02-08 23:05:36 KST | INFO | 
2026-02-08 23:05:36 KST | INFO | Epoch 40/200 | LR: 0.090908
2026-02-08 23:06:57 KST | INFO |   Train Loss: 0.3226 | Test Loss: 0.0020 | Test Acc: 83.99%
2026-02-08 23:06:57 KST | INFO |   No improvement (9/30)
2026-02-08 23:06:57 KST | INFO | 
2026-02-08 23:06:57 KST | INFO | Epoch 41/200 | LR: 0.090451
2026-02-08 23:08:19 KST | INFO |   Train Loss: 0.3182 | Test Loss: 0.0015 | Test Acc: 87.00%
2026-02-08 23:08:19 KST | INFO |   No improvement (10/30)
2026-02-08 23:08:19 KST | INFO | 
2026-02-08 23:08:19 KST | INFO | Epoch 42/200 | LR: 0.089984
2026-02-08 23:09:44 KST | INFO |   Train Loss: 0.3148 | Test Loss: 0.0019 | Test Acc: 83.64%
2026-02-08 23:09:44 KST | INFO |   No improvement (11/30)
2026-02-08 23:09:44 KST | INFO | 
2026-02-08 23:09:44 KST | INFO | Epoch 43/200 | LR: 0.089508
2026-02-08 23:11:09 KST | INFO |   Train Loss: 0.3151 | Test Loss: 0.0015 | Test Acc: 86.96%
2026-02-08 23:11:09 KST | INFO |   No improvement (12/30)
2026-02-08 23:11:09 KST | INFO | 
2026-02-08 23:11:09 KST | INFO | Epoch 44/200 | LR: 0.089022
2026-02-08 23:12:32 KST | INFO |   Train Loss: 0.3101 | Test Loss: 0.0016 | Test Acc: 86.36%
2026-02-08 23:12:32 KST | INFO |   No improvement (13/30)
2026-02-08 23:12:32 KST | INFO | 
2026-02-08 23:12:32 KST | INFO | Epoch 45/200 | LR: 0.088526
2026-02-08 23:13:55 KST | INFO |   Train Loss: 0.3046 | Test Loss: 0.0020 | Test Acc: 83.49%
2026-02-08 23:13:55 KST | INFO |   No improvement (14/30)
2026-02-08 23:13:55 KST | INFO | 
2026-02-08 23:13:55 KST | INFO | Epoch 46/200 | LR: 0.088020
2026-02-08 23:15:18 KST | INFO |   Train Loss: 0.3033 | Test Loss: 0.0016 | Test Acc: 86.61%
2026-02-08 23:15:18 KST | INFO |   No improvement (15/30)
2026-02-08 23:15:18 KST | INFO | 
2026-02-08 23:15:18 KST | INFO | Epoch 47/200 | LR: 0.087506
2026-02-08 23:16:40 KST | INFO |   Train Loss: 0.3049 | Test Loss: 0.0017 | Test Acc: 85.91%
2026-02-08 23:16:40 KST | INFO |   No improvement (16/30)
2026-02-08 23:16:40 KST | INFO | 
2026-02-08 23:16:40 KST | INFO | Epoch 48/200 | LR: 0.086982
2026-02-08 23:18:04 KST | INFO |   Train Loss: 0.3033 | Test Loss: 0.0016 | Test Acc: 86.49%
2026-02-08 23:18:04 KST | INFO |   No improvement (17/30)
2026-02-08 23:18:04 KST | INFO | 
2026-02-08 23:18:04 KST | INFO | Epoch 49/200 | LR: 0.086449
2026-02-08 23:19:26 KST | INFO |   Train Loss: 0.2950 | Test Loss: 0.0017 | Test Acc: 85.29%
2026-02-08 23:19:26 KST | INFO |   No improvement (18/30)
2026-02-08 23:19:26 KST | INFO | 
2026-02-08 23:19:26 KST | INFO | Epoch 50/200 | LR: 0.085906
2026-02-08 23:20:47 KST | INFO |   Train Loss: 0.2955 | Test Loss: 0.0020 | Test Acc: 83.36%
2026-02-08 23:20:47 KST | INFO |   No improvement (19/30)
2026-02-08 23:20:47 KST | INFO | 
2026-02-08 23:20:47 KST | INFO | Epoch 51/200 | LR: 0.085355
2026-02-08 23:22:08 KST | INFO |   Train Loss: 0.2910 | Test Loss: 0.0016 | Test Acc: 86.90%
2026-02-08 23:22:08 KST | INFO |   No improvement (20/30)
2026-02-08 23:22:08 KST | INFO | 
2026-02-08 23:22:08 KST | INFO | Epoch 52/200 | LR: 0.084796
2026-02-08 23:23:29 KST | INFO |   Train Loss: 0.2849 | Test Loss: 0.0017 | Test Acc: 85.70%
2026-02-08 23:23:29 KST | INFO |   No improvement (21/30)
2026-02-08 23:23:29 KST | INFO | 
2026-02-08 23:23:29 KST | INFO | Epoch 53/200 | LR: 0.084228
2026-02-08 23:24:49 KST | INFO |   Train Loss: 0.2872 | Test Loss: 0.0015 | Test Acc: 86.57%
2026-02-08 23:24:49 KST | INFO |   No improvement (22/30)
2026-02-08 23:24:49 KST | INFO | 
2026-02-08 23:24:49 KST | INFO | Epoch 54/200 | LR: 0.083651
2026-02-08 23:26:09 KST | INFO |   Train Loss: 0.2869 | Test Loss: 0.0016 | Test Acc: 86.29%
2026-02-08 23:26:09 KST | INFO |   No improvement (23/30)
2026-02-08 23:26:09 KST | INFO | 
2026-02-08 23:26:09 KST | INFO | Epoch 55/200 | LR: 0.083066
2026-02-08 23:27:32 KST | INFO |   Train Loss: 0.2824 | Test Loss: 0.0016 | Test Acc: 86.09%
2026-02-08 23:27:32 KST | INFO |   No improvement (24/30)
2026-02-08 23:27:32 KST | INFO | 
2026-02-08 23:27:32 KST | INFO | Epoch 56/200 | LR: 0.082473
2026-02-08 23:28:55 KST | INFO |   Train Loss: 0.2757 | Test Loss: 0.0016 | Test Acc: 86.43%
2026-02-08 23:28:55 KST | INFO |   No improvement (25/30)
2026-02-08 23:28:55 KST | INFO | 
2026-02-08 23:28:55 KST | INFO | Epoch 57/200 | LR: 0.081871
2026-02-08 23:30:19 KST | INFO |   Train Loss: 0.2770 | Test Loss: 0.0019 | Test Acc: 83.96%
2026-02-08 23:30:19 KST | INFO |   No improvement (26/30)
2026-02-08 23:30:19 KST | INFO | 
2026-02-08 23:30:19 KST | INFO | Epoch 58/200 | LR: 0.081262
2026-02-08 23:31:43 KST | INFO |   Train Loss: 0.2734 | Test Loss: 0.0014 | Test Acc: 87.94%
2026-02-08 23:31:43 KST | INFO |   🏆 New best accuracy: 87.94%
2026-02-08 23:31:43 KST | INFO | 
2026-02-08 23:31:43 KST | INFO | Epoch 59/200 | LR: 0.080646
2026-02-08 23:33:06 KST | INFO |   Train Loss: 0.2693 | Test Loss: 0.0017 | Test Acc: 85.86%
2026-02-08 23:33:06 KST | INFO |   No improvement (1/30)
2026-02-08 23:33:06 KST | INFO | 
2026-02-08 23:33:06 KST | INFO | Epoch 60/200 | LR: 0.080021
2026-02-08 23:34:30 KST | INFO |   Train Loss: 0.2695 | Test Loss: 0.0014 | Test Acc: 88.46%
2026-02-08 23:34:30 KST | INFO |   🏆 New best accuracy: 88.46%
2026-02-08 23:34:30 KST | INFO | 
2026-02-08 23:34:30 KST | INFO | Epoch 61/200 | LR: 0.079389
2026-02-08 23:35:53 KST | INFO |   Train Loss: 0.2697 | Test Loss: 0.0015 | Test Acc: 87.07%
2026-02-08 23:35:53 KST | INFO |   No improvement (1/30)
2026-02-08 23:35:53 KST | INFO | 
2026-02-08 23:35:53 KST | INFO | Epoch 62/200 | LR: 0.078750
2026-02-08 23:37:17 KST | INFO |   Train Loss: 0.2654 | Test Loss: 0.0014 | Test Acc: 87.66%
2026-02-08 23:37:17 KST | INFO |   No improvement (2/30)
2026-02-08 23:37:17 KST | INFO | 
2026-02-08 23:37:17 KST | INFO | Epoch 63/200 | LR: 0.078104
2026-02-08 23:38:41 KST | INFO |   Train Loss: 0.2630 | Test Loss: 0.0016 | Test Acc: 87.44%
2026-02-08 23:38:41 KST | INFO |   No improvement (3/30)
2026-02-08 23:38:41 KST | INFO | 
2026-02-08 23:38:41 KST | INFO | Epoch 64/200 | LR: 0.077451
2026-02-08 23:40:04 KST | INFO |   Train Loss: 0.2670 | Test Loss: 0.0016 | Test Acc: 86.83%
2026-02-08 23:40:04 KST | INFO |   No improvement (4/30)
2026-02-08 23:40:04 KST | INFO | 
2026-02-08 23:40:04 KST | INFO | Epoch 65/200 | LR: 0.076792
2026-02-08 23:41:28 KST | INFO |   Train Loss: 0.2530 | Test Loss: 0.0015 | Test Acc: 87.56%
2026-02-08 23:41:28 KST | INFO |   No improvement (5/30)
2026-02-08 23:41:28 KST | INFO | 
2026-02-08 23:41:28 KST | INFO | Epoch 66/200 | LR: 0.076125
2026-02-08 23:42:52 KST | INFO |   Train Loss: 0.2553 | Test Loss: 0.0015 | Test Acc: 87.29%
2026-02-08 23:42:52 KST | INFO |   No improvement (6/30)
2026-02-08 23:42:52 KST | INFO | 
2026-02-08 23:42:52 KST | INFO | Epoch 67/200 | LR: 0.075452
2026-02-08 23:44:15 KST | INFO |   Train Loss: 0.2514 | Test Loss: 0.0015 | Test Acc: 87.64%
2026-02-08 23:44:15 KST | INFO |   No improvement (7/30)
2026-02-08 23:44:15 KST | INFO | 
2026-02-08 23:44:15 KST | INFO | Epoch 68/200 | LR: 0.074773
2026-02-08 23:45:38 KST | INFO |   Train Loss: 0.2514 | Test Loss: 0.0018 | Test Acc: 85.04%
2026-02-08 23:45:38 KST | INFO |   No improvement (8/30)
2026-02-08 23:45:38 KST | INFO | 
2026-02-08 23:45:38 KST | INFO | Epoch 69/200 | LR: 0.074088
2026-02-08 23:47:01 KST | INFO |   Train Loss: 0.2511 | Test Loss: 0.0019 | Test Acc: 85.29%
2026-02-08 23:47:01 KST | INFO |   No improvement (9/30)
2026-02-08 23:47:01 KST | INFO | 
2026-02-08 23:47:01 KST | INFO | Epoch 70/200 | LR: 0.073397
2026-02-08 23:48:25 KST | INFO |   Train Loss: 0.2495 | Test Loss: 0.0014 | Test Acc: 88.71%
2026-02-08 23:48:25 KST | INFO |   🏆 New best accuracy: 88.71%
2026-02-08 23:48:25 KST | INFO | 
2026-02-08 23:48:25 KST | INFO | Epoch 71/200 | LR: 0.072700
2026-02-08 23:49:48 KST | INFO |   Train Loss: 0.2461 | Test Loss: 0.0013 | Test Acc: 88.67%
2026-02-08 23:49:48 KST | INFO |   No improvement (1/30)
2026-02-08 23:49:48 KST | INFO | 
2026-02-08 23:49:48 KST | INFO | Epoch 72/200 | LR: 0.071997
2026-02-08 23:51:12 KST | INFO |   Train Loss: 0.2446 | Test Loss: 0.0014 | Test Acc: 87.84%
2026-02-08 23:51:12 KST | INFO |   No improvement (2/30)
2026-02-08 23:51:12 KST | INFO | 
2026-02-08 23:51:12 KST | INFO | Epoch 73/200 | LR: 0.071289
2026-02-08 23:52:35 KST | INFO |   Train Loss: 0.2419 | Test Loss: 0.0014 | Test Acc: 88.23%
2026-02-08 23:52:35 KST | INFO |   No improvement (3/30)
2026-02-08 23:52:35 KST | INFO | 
2026-02-08 23:52:35 KST | INFO | Epoch 74/200 | LR: 0.070576
2026-02-08 23:53:59 KST | INFO |   Train Loss: 0.2437 | Test Loss: 0.0016 | Test Acc: 86.91%
2026-02-08 23:53:59 KST | INFO |   No improvement (4/30)
2026-02-08 23:53:59 KST | INFO | 
2026-02-08 23:53:59 KST | INFO | Epoch 75/200 | LR: 0.069858
2026-02-08 23:55:23 KST | INFO |   Train Loss: 0.2317 | Test Loss: 0.0014 | Test Acc: 88.00%
2026-02-08 23:55:23 KST | INFO |   No improvement (5/30)
2026-02-08 23:55:23 KST | INFO | 
2026-02-08 23:55:23 KST | INFO | Epoch 76/200 | LR: 0.069134
2026-02-08 23:56:46 KST | INFO |   Train Loss: 0.2404 | Test Loss: 0.0018 | Test Acc: 85.74%
2026-02-08 23:56:46 KST | INFO |   No improvement (6/30)
2026-02-08 23:56:46 KST | INFO | 
2026-02-08 23:56:46 KST | INFO | Epoch 77/200 | LR: 0.068407
2026-02-08 23:58:10 KST | INFO |   Train Loss: 0.2349 | Test Loss: 0.0015 | Test Acc: 86.90%
2026-02-08 23:58:10 KST | INFO |   No improvement (7/30)
2026-02-08 23:58:10 KST | INFO | 
2026-02-08 23:58:10 KST | INFO | Epoch 78/200 | LR: 0.067674
2026-02-08 23:59:35 KST | INFO |   Train Loss: 0.2298 | Test Loss: 0.0015 | Test Acc: 87.21%
2026-02-08 23:59:35 KST | INFO |   No improvement (8/30)
2026-02-08 23:59:35 KST | INFO | 
2026-02-08 23:59:35 KST | INFO | Epoch 79/200 | LR: 0.066937
2026-02-09 00:00:59 KST | INFO |   Train Loss: 0.2304 | Test Loss: 0.0017 | Test Acc: 86.40%
2026-02-09 00:00:59 KST | INFO |   No improvement (9/30)
2026-02-09 00:00:59 KST | INFO | 
2026-02-09 00:00:59 KST | INFO | Epoch 80/200 | LR: 0.066196
2026-02-09 00:02:22 KST | INFO |   Train Loss: 0.2312 | Test Loss: 0.0015 | Test Acc: 87.71%
2026-02-09 00:02:22 KST | INFO |   No improvement (10/30)
2026-02-09 00:02:22 KST | INFO | 
2026-02-09 00:02:22 KST | INFO | Epoch 81/200 | LR: 0.065451
2026-02-09 00:03:46 KST | INFO |   Train Loss: 0.2213 | Test Loss: 0.0013 | Test Acc: 89.06%
2026-02-09 00:03:46 KST | INFO |   🏆 New best accuracy: 89.06%
2026-02-09 00:03:46 KST | INFO | 
2026-02-09 00:03:46 KST | INFO | Epoch 82/200 | LR: 0.064702
2026-02-09 00:05:10 KST | INFO |   Train Loss: 0.2211 | Test Loss: 0.0021 | Test Acc: 82.73%
2026-02-09 00:05:10 KST | INFO |   No improvement (1/30)
2026-02-09 00:05:10 KST | INFO | 
2026-02-09 00:05:10 KST | INFO | Epoch 83/200 | LR: 0.063950
2026-02-09 00:06:34 KST | INFO |   Train Loss: 0.2206 | Test Loss: 0.0015 | Test Acc: 87.04%
2026-02-09 00:06:34 KST | INFO |   No improvement (2/30)
2026-02-09 00:06:34 KST | INFO | 
2026-02-09 00:06:34 KST | INFO | Epoch 84/200 | LR: 0.063194
2026-02-09 00:07:58 KST | INFO |   Train Loss: 0.2151 | Test Loss: 0.0015 | Test Acc: 87.40%
2026-02-09 00:07:58 KST | INFO |   No improvement (3/30)
2026-02-09 00:07:58 KST | INFO | 
2026-02-09 00:07:58 KST | INFO | Epoch 85/200 | LR: 0.062435
2026-02-09 00:09:21 KST | INFO |   Train Loss: 0.2187 | Test Loss: 0.0016 | Test Acc: 87.07%
2026-02-09 00:09:21 KST | INFO |   No improvement (4/30)
2026-02-09 00:09:21 KST | INFO | 
2026-02-09 00:09:21 KST | INFO | Epoch 86/200 | LR: 0.061673
2026-02-09 00:10:45 KST | INFO |   Train Loss: 0.2136 | Test Loss: 0.0014 | Test Acc: 88.04%
2026-02-09 00:10:45 KST | INFO |   No improvement (5/30)
2026-02-09 00:10:45 KST | INFO | 
2026-02-09 00:10:45 KST | INFO | Epoch 87/200 | LR: 0.060908
2026-02-09 00:12:09 KST | INFO |   Train Loss: 0.2112 | Test Loss: 0.0014 | Test Acc: 88.39%
2026-02-09 00:12:09 KST | INFO |   No improvement (6/30)
2026-02-09 00:12:09 KST | INFO | 
2026-02-09 00:12:09 KST | INFO | Epoch 88/200 | LR: 0.060140
2026-02-09 00:13:32 KST | INFO |   Train Loss: 0.2070 | Test Loss: 0.0017 | Test Acc: 86.90%
2026-02-09 00:13:32 KST | INFO |   No improvement (7/30)
2026-02-09 00:13:32 KST | INFO | 
2026-02-09 00:13:32 KST | INFO | Epoch 89/200 | LR: 0.059369
2026-02-09 00:14:56 KST | INFO |   Train Loss: 0.2054 | Test Loss: 0.0013 | Test Acc: 89.14%
2026-02-09 00:14:56 KST | INFO |   🏆 New best accuracy: 89.14%
2026-02-09 00:14:56 KST | INFO | 
2026-02-09 00:14:56 KST | INFO | Epoch 90/200 | LR: 0.058597
2026-02-09 00:16:19 KST | INFO |   Train Loss: 0.2051 | Test Loss: 0.0016 | Test Acc: 86.80%
2026-02-09 00:16:19 KST | INFO |   No improvement (1/30)
2026-02-09 00:16:19 KST | INFO | 
2026-02-09 00:16:19 KST | INFO | Epoch 91/200 | LR: 0.057822
2026-02-09 00:17:44 KST | INFO |   Train Loss: 0.2033 | Test Loss: 0.0014 | Test Acc: 88.83%
2026-02-09 00:17:44 KST | INFO |   No improvement (2/30)
2026-02-09 00:17:44 KST | INFO | 
2026-02-09 00:17:44 KST | INFO | Epoch 92/200 | LR: 0.057045
2026-02-09 00:19:09 KST | INFO |   Train Loss: 0.2033 | Test Loss: 0.0013 | Test Acc: 89.29%
2026-02-09 00:19:09 KST | INFO |   🏆 New best accuracy: 89.29%
2026-02-09 00:19:09 KST | INFO | 
2026-02-09 00:19:09 KST | INFO | Epoch 93/200 | LR: 0.056267
2026-02-09 00:20:31 KST | INFO |   Train Loss: 0.2003 | Test Loss: 0.0014 | Test Acc: 88.06%
2026-02-09 00:20:31 KST | INFO |   No improvement (1/30)
2026-02-09 00:20:31 KST | INFO | 
2026-02-09 00:20:31 KST | INFO | Epoch 94/200 | LR: 0.055487
2026-02-09 00:21:55 KST | INFO |   Train Loss: 0.1966 | Test Loss: 0.0016 | Test Acc: 86.49%
2026-02-09 00:21:55 KST | INFO |   No improvement (2/30)
2026-02-09 00:21:55 KST | INFO | 
2026-02-09 00:21:55 KST | INFO | Epoch 95/200 | LR: 0.054706
2026-02-09 00:23:20 KST | INFO |   Train Loss: 0.1891 | Test Loss: 0.0015 | Test Acc: 87.66%
2026-02-09 00:23:20 KST | INFO |   No improvement (3/30)
2026-02-09 00:23:20 KST | INFO | 
2026-02-09 00:23:20 KST | INFO | Epoch 96/200 | LR: 0.053923
2026-02-09 00:24:43 KST | INFO |   Train Loss: 0.1897 | Test Loss: 0.0015 | Test Acc: 86.89%
2026-02-09 00:24:43 KST | INFO |   No improvement (4/30)
2026-02-09 00:24:43 KST | INFO | 
2026-02-09 00:24:43 KST | INFO | Epoch 97/200 | LR: 0.053140
2026-02-09 00:26:07 KST | INFO |   Train Loss: 0.1905 | Test Loss: 0.0015 | Test Acc: 87.50%
2026-02-09 00:26:07 KST | INFO |   No improvement (5/30)
2026-02-09 00:26:07 KST | INFO | 
2026-02-09 00:26:07 KST | INFO | Epoch 98/200 | LR: 0.052356
2026-02-09 00:27:31 KST | INFO |   Train Loss: 0.1848 | Test Loss: 0.0014 | Test Acc: 88.39%
2026-02-09 00:27:31 KST | INFO |   No improvement (6/30)
2026-02-09 00:27:31 KST | INFO | 
2026-02-09 00:27:31 KST | INFO | Epoch 99/200 | LR: 0.051571
2026-02-09 00:28:55 KST | INFO |   Train Loss: 0.1822 | Test Loss: 0.0015 | Test Acc: 87.70%
2026-02-09 00:28:55 KST | INFO |   No improvement (7/30)
2026-02-09 00:28:55 KST | INFO | 
2026-02-09 00:28:55 KST | INFO | Epoch 100/200 | LR: 0.050786
2026-02-09 00:30:19 KST | INFO |   Train Loss: 0.1818 | Test Loss: 0.0015 | Test Acc: 88.17%
2026-02-09 00:30:19 KST | INFO |   No improvement (8/30)
2026-02-09 00:30:19 KST | INFO | 
2026-02-09 00:30:19 KST | INFO | Epoch 101/200 | LR: 0.050001
2026-02-09 00:31:43 KST | INFO |   Train Loss: 0.1781 | Test Loss: 0.0015 | Test Acc: 88.60%
2026-02-09 00:31:43 KST | INFO |   No improvement (9/30)
2026-02-09 00:31:43 KST | INFO | 
2026-02-09 00:31:43 KST | INFO | Epoch 102/200 | LR: 0.049215
2026-02-09 00:33:06 KST | INFO |   Train Loss: 0.1776 | Test Loss: 0.0013 | Test Acc: 89.21%
2026-02-09 00:33:06 KST | INFO |   No improvement (10/30)
2026-02-09 00:33:06 KST | INFO | 
2026-02-09 00:33:06 KST | INFO | Epoch 103/200 | LR: 0.048430
2026-02-09 00:34:30 KST | INFO |   Train Loss: 0.1717 | Test Loss: 0.0013 | Test Acc: 89.03%
2026-02-09 00:34:30 KST | INFO |   No improvement (11/30)
2026-02-09 00:34:30 KST | INFO | 
2026-02-09 00:34:30 KST | INFO | Epoch 104/200 | LR: 0.047645
2026-02-09 00:35:53 KST | INFO |   Train Loss: 0.1740 | Test Loss: 0.0014 | Test Acc: 88.70%
2026-02-09 00:35:53 KST | INFO |   No improvement (12/30)
2026-02-09 00:35:53 KST | INFO | 
2026-02-09 00:35:53 KST | INFO | Epoch 105/200 | LR: 0.046861
2026-02-09 00:37:18 KST | INFO |   Train Loss: 0.1712 | Test Loss: 0.0018 | Test Acc: 86.96%
2026-02-09 00:37:18 KST | INFO |   No improvement (13/30)
2026-02-09 00:37:18 KST | INFO | 
2026-02-09 00:37:18 KST | INFO | Epoch 106/200 | LR: 0.046078
2026-02-09 00:38:44 KST | INFO |   Train Loss: 0.1701 | Test Loss: 0.0013 | Test Acc: 89.23%
2026-02-09 00:38:44 KST | INFO |   No improvement (14/30)
2026-02-09 00:38:44 KST | INFO | 
2026-02-09 00:38:44 KST | INFO | Epoch 107/200 | LR: 0.045295
2026-02-09 00:40:08 KST | INFO |   Train Loss: 0.1711 | Test Loss: 0.0013 | Test Acc: 89.10%
2026-02-09 00:40:08 KST | INFO |   No improvement (15/30)
2026-02-09 00:40:08 KST | INFO | 
2026-02-09 00:40:08 KST | INFO | Epoch 108/200 | LR: 0.044514
2026-02-09 00:41:32 KST | INFO |   Train Loss: 0.1582 | Test Loss: 0.0013 | Test Acc: 88.80%
2026-02-09 00:41:32 KST | INFO |   No improvement (16/30)
2026-02-09 00:41:32 KST | INFO | 
2026-02-09 00:41:32 KST | INFO | Epoch 109/200 | LR: 0.043734
2026-02-09 00:42:57 KST | INFO |   Train Loss: 0.1646 | Test Loss: 0.0014 | Test Acc: 88.49%
2026-02-09 00:42:57 KST | INFO |   No improvement (17/30)
2026-02-09 00:42:57 KST | INFO | 
2026-02-09 00:42:57 KST | INFO | Epoch 110/200 | LR: 0.042956
2026-02-09 00:44:22 KST | INFO |   Train Loss: 0.1582 | Test Loss: 0.0014 | Test Acc: 89.06%
2026-02-09 00:44:22 KST | INFO |   No improvement (18/30)
2026-02-09 00:44:22 KST | INFO | 
2026-02-09 00:44:22 KST | INFO | Epoch 111/200 | LR: 0.042179
2026-02-09 00:45:46 KST | INFO |   Train Loss: 0.1565 | Test Loss: 0.0014 | Test Acc: 89.13%
2026-02-09 00:45:46 KST | INFO |   No improvement (19/30)
2026-02-09 00:45:46 KST | INFO | 
2026-02-09 00:45:46 KST | INFO | Epoch 112/200 | LR: 0.041404
2026-02-09 00:47:09 KST | INFO |   Train Loss: 0.1512 | Test Loss: 0.0013 | Test Acc: 89.11%
2026-02-09 00:47:09 KST | INFO |   No improvement (20/30)
2026-02-09 00:47:09 KST | INFO | 
2026-02-09 00:47:09 KST | INFO | Epoch 113/200 | LR: 0.040632
2026-02-09 00:48:33 KST | INFO |   Train Loss: 0.1567 | Test Loss: 0.0013 | Test Acc: 89.13%
2026-02-09 00:48:33 KST | INFO |   No improvement (21/30)
2026-02-09 00:48:33 KST | INFO | 
2026-02-09 00:48:33 KST | INFO | Epoch 114/200 | LR: 0.039861
2026-02-09 00:49:57 KST | INFO |   Train Loss: 0.1531 | Test Loss: 0.0014 | Test Acc: 88.11%
2026-02-09 00:49:57 KST | INFO |   No improvement (22/30)
2026-02-09 00:49:57 KST | INFO | 
2026-02-09 00:49:57 KST | INFO | Epoch 115/200 | LR: 0.039093
2026-02-09 00:51:22 KST | INFO |   Train Loss: 0.1474 | Test Loss: 0.0014 | Test Acc: 88.59%
2026-02-09 00:51:22 KST | INFO |   No improvement (23/30)
2026-02-09 00:51:22 KST | INFO | 
2026-02-09 00:51:22 KST | INFO | Epoch 116/200 | LR: 0.038328
2026-02-09 00:52:46 KST | INFO |   Train Loss: 0.1465 | Test Loss: 0.0016 | Test Acc: 88.46%
2026-02-09 00:52:46 KST | INFO |   No improvement (24/30)
2026-02-09 00:52:46 KST | INFO | 
2026-02-09 00:52:46 KST | INFO | Epoch 117/200 | LR: 0.037566
2026-02-09 00:54:10 KST | INFO |   Train Loss: 0.1472 | Test Loss: 0.0017 | Test Acc: 86.93%
2026-02-09 00:54:10 KST | INFO |   No improvement (25/30)
2026-02-09 00:54:10 KST | INFO | 
2026-02-09 00:54:10 KST | INFO | Epoch 118/200 | LR: 0.036807
2026-02-09 00:55:34 KST | INFO |   Train Loss: 0.1453 | Test Loss: 0.0013 | Test Acc: 89.70%
2026-02-09 00:55:34 KST | INFO |   🏆 New best accuracy: 89.70%
2026-02-09 00:55:34 KST | INFO | 
2026-02-09 00:55:34 KST | INFO | Epoch 119/200 | LR: 0.036051
2026-02-09 00:56:58 KST | INFO |   Train Loss: 0.1355 | Test Loss: 0.0014 | Test Acc: 88.86%
2026-02-09 00:56:58 KST | INFO |   No improvement (1/30)
2026-02-09 00:56:58 KST | INFO | 
2026-02-09 00:56:58 KST | INFO | Epoch 120/200 | LR: 0.035299
2026-02-09 00:58:21 KST | INFO |   Train Loss: 0.1381 | Test Loss: 0.0014 | Test Acc: 89.19%
2026-02-09 00:58:21 KST | INFO |   No improvement (2/30)
2026-02-09 00:58:21 KST | INFO | 
2026-02-09 00:58:21 KST | INFO | Epoch 121/200 | LR: 0.034550
2026-02-09 00:59:45 KST | INFO |   Train Loss: 0.1335 | Test Loss: 0.0013 | Test Acc: 89.50%
2026-02-09 00:59:45 KST | INFO |   No improvement (3/30)
2026-02-09 00:59:45 KST | INFO | 
2026-02-09 00:59:45 KST | INFO | Epoch 122/200 | LR: 0.033805
2026-02-09 01:01:08 KST | INFO |   Train Loss: 0.1296 | Test Loss: 0.0015 | Test Acc: 89.01%
2026-02-09 01:01:08 KST | INFO |   No improvement (4/30)
2026-02-09 01:01:08 KST | INFO | 
2026-02-09 01:01:08 KST | INFO | Epoch 123/200 | LR: 0.033064
2026-02-09 01:02:32 KST | INFO |   Train Loss: 0.1241 | Test Loss: 0.0018 | Test Acc: 86.16%
2026-02-09 01:02:32 KST | INFO |   No improvement (5/30)
2026-02-09 01:02:32 KST | INFO | 
2026-02-09 01:02:32 KST | INFO | Epoch 124/200 | LR: 0.032327
2026-02-09 01:03:56 KST | INFO |   Train Loss: 0.1281 | Test Loss: 0.0014 | Test Acc: 89.43%
2026-02-09 01:03:56 KST | INFO |   No improvement (6/30)
2026-02-09 01:03:56 KST | INFO | 
2026-02-09 01:03:56 KST | INFO | Epoch 125/200 | LR: 0.031594
2026-02-09 01:05:20 KST | INFO |   Train Loss: 0.1228 | Test Loss: 0.0015 | Test Acc: 88.71%
2026-02-09 01:05:20 KST | INFO |   No improvement (7/30)
2026-02-09 01:05:20 KST | INFO | 
2026-02-09 01:05:20 KST | INFO | Epoch 126/200 | LR: 0.030867
2026-02-09 01:06:43 KST | INFO |   Train Loss: 0.1262 | Test Loss: 0.0015 | Test Acc: 88.71%
2026-02-09 01:06:43 KST | INFO |   No improvement (8/30)
2026-02-09 01:06:43 KST | INFO | 
2026-02-09 01:06:43 KST | INFO | Epoch 127/200 | LR: 0.030143
2026-02-09 01:08:06 KST | INFO |   Train Loss: 0.1231 | Test Loss: 0.0014 | Test Acc: 89.46%
2026-02-09 01:08:06 KST | INFO |   No improvement (9/30)
2026-02-09 01:08:06 KST | INFO | 
2026-02-09 01:08:06 KST | INFO | Epoch 128/200 | LR: 0.029425
2026-02-09 01:09:28 KST | INFO |   Train Loss: 0.1197 | Test Loss: 0.0013 | Test Acc: 89.93%
2026-02-09 01:09:28 KST | INFO |   🏆 New best accuracy: 89.93%
2026-02-09 01:09:28 KST | INFO | 
2026-02-09 01:09:28 KST | INFO | Epoch 129/200 | LR: 0.028712
2026-02-09 01:10:51 KST | INFO |   Train Loss: 0.1158 | Test Loss: 0.0014 | Test Acc: 89.37%
2026-02-09 01:10:51 KST | INFO |   No improvement (1/30)
2026-02-09 01:10:51 KST | INFO | 
2026-02-09 01:10:51 KST | INFO | Epoch 130/200 | LR: 0.028004
2026-02-09 01:12:15 KST | INFO |   Train Loss: 0.1144 | Test Loss: 0.0015 | Test Acc: 88.86%
2026-02-09 01:12:15 KST | INFO |   No improvement (2/30)
2026-02-09 01:12:15 KST | INFO | 
2026-02-09 01:12:15 KST | INFO | Epoch 131/200 | LR: 0.027301
2026-02-09 01:13:38 KST | INFO |   Train Loss: 0.1100 | Test Loss: 0.0014 | Test Acc: 89.19%
2026-02-09 01:13:38 KST | INFO |   No improvement (3/30)
2026-02-09 01:13:38 KST | INFO | 
2026-02-09 01:13:38 KST | INFO | Epoch 132/200 | LR: 0.026604
2026-02-09 01:15:02 KST | INFO |   Train Loss: 0.1050 | Test Loss: 0.0013 | Test Acc: 89.50%
2026-02-09 01:15:02 KST | INFO |   No improvement (4/30)
2026-02-09 01:15:02 KST | INFO | 
2026-02-09 01:15:02 KST | INFO | Epoch 133/200 | LR: 0.025913
2026-02-09 01:16:25 KST | INFO |   Train Loss: 0.1078 | Test Loss: 0.0015 | Test Acc: 88.93%
2026-02-09 01:16:25 KST | INFO |   No improvement (5/30)
2026-02-09 01:16:25 KST | INFO | 
2026-02-09 01:16:25 KST | INFO | Epoch 134/200 | LR: 0.025228
2026-02-09 01:17:49 KST | INFO |   Train Loss: 0.1017 | Test Loss: 0.0014 | Test Acc: 89.04%
2026-02-09 01:17:49 KST | INFO |   No improvement (6/30)
2026-02-09 01:17:49 KST | INFO | 
2026-02-09 01:17:49 KST | INFO | Epoch 135/200 | LR: 0.024549
2026-02-09 01:19:11 KST | INFO |   Train Loss: 0.1034 | Test Loss: 0.0014 | Test Acc: 89.57%
2026-02-09 01:19:11 KST | INFO |   No improvement (7/30)
2026-02-09 01:19:11 KST | INFO | 
2026-02-09 01:19:11 KST | INFO | Epoch 136/200 | LR: 0.023876
2026-02-09 01:20:34 KST | INFO |   Train Loss: 0.1003 | Test Loss: 0.0014 | Test Acc: 89.50%
2026-02-09 01:20:34 KST | INFO |   No improvement (8/30)
2026-02-09 01:20:34 KST | INFO | 
2026-02-09 01:20:34 KST | INFO | Epoch 137/200 | LR: 0.023209
2026-02-09 01:21:57 KST | INFO |   Train Loss: 0.1003 | Test Loss: 0.0014 | Test Acc: 89.16%
2026-02-09 01:21:57 KST | INFO |   No improvement (9/30)
2026-02-09 01:21:57 KST | INFO | 
2026-02-09 01:21:57 KST | INFO | Epoch 138/200 | LR: 0.022550
2026-02-09 01:23:21 KST | INFO |   Train Loss: 0.0947 | Test Loss: 0.0015 | Test Acc: 89.33%
2026-02-09 01:23:21 KST | INFO |   No improvement (10/30)
2026-02-09 01:23:21 KST | INFO | 
2026-02-09 01:23:21 KST | INFO | Epoch 139/200 | LR: 0.021897
2026-02-09 01:24:45 KST | INFO |   Train Loss: 0.0923 | Test Loss: 0.0014 | Test Acc: 89.91%
2026-02-09 01:24:45 KST | INFO |   No improvement (11/30)
2026-02-09 01:24:45 KST | INFO | 
2026-02-09 01:24:45 KST | INFO | Epoch 140/200 | LR: 0.021251
2026-02-09 01:26:08 KST | INFO |   Train Loss: 0.0909 | Test Loss: 0.0013 | Test Acc: 90.17%
2026-02-09 01:26:08 KST | INFO |   🏆 New best accuracy: 90.17%
2026-02-09 01:26:08 KST | INFO | 
2026-02-09 01:26:08 KST | INFO | Epoch 141/200 | LR: 0.020612
2026-02-09 01:27:32 KST | INFO |   Train Loss: 0.0891 | Test Loss: 0.0015 | Test Acc: 88.90%
2026-02-09 01:27:32 KST | INFO |   No improvement (1/30)
2026-02-09 01:27:32 KST | INFO | 
2026-02-09 01:27:32 KST | INFO | Epoch 142/200 | LR: 0.019980
2026-02-09 01:28:56 KST | INFO |   Train Loss: 0.0848 | Test Loss: 0.0015 | Test Acc: 89.53%
2026-02-09 01:28:56 KST | INFO |   No improvement (2/30)
2026-02-09 01:28:56 KST | INFO | 
2026-02-09 01:28:56 KST | INFO | Epoch 143/200 | LR: 0.019355
2026-02-09 01:30:22 KST | INFO |   Train Loss: 0.0885 | Test Loss: 0.0013 | Test Acc: 89.89%
2026-02-09 01:30:22 KST | INFO |   No improvement (3/30)
2026-02-09 01:30:22 KST | INFO | 
2026-02-09 01:30:22 KST | INFO | Epoch 144/200 | LR: 0.018739
2026-02-09 01:31:45 KST | INFO |   Train Loss: 0.0868 | Test Loss: 0.0013 | Test Acc: 90.10%
2026-02-09 01:31:45 KST | INFO |   No improvement (4/30)
2026-02-09 01:31:45 KST | INFO | 
2026-02-09 01:31:45 KST | INFO | Epoch 145/200 | LR: 0.018130
2026-02-09 01:33:09 KST | INFO |   Train Loss: 0.0853 | Test Loss: 0.0013 | Test Acc: 90.26%
2026-02-09 01:33:09 KST | INFO |   🏆 New best accuracy: 90.26%
2026-02-09 01:33:09 KST | INFO | 
2026-02-09 01:33:09 KST | INFO | Epoch 146/200 | LR: 0.017528
2026-02-09 01:34:33 KST | INFO |   Train Loss: 0.0800 | Test Loss: 0.0014 | Test Acc: 89.84%
2026-02-09 01:34:33 KST | INFO |   No improvement (1/30)
2026-02-09 01:34:33 KST | INFO | 
2026-02-09 01:34:33 KST | INFO | Epoch 147/200 | LR: 0.016935
2026-02-09 01:35:56 KST | INFO |   Train Loss: 0.0785 | Test Loss: 0.0014 | Test Acc: 89.39%
2026-02-09 01:35:56 KST | INFO |   No improvement (2/30)
2026-02-09 01:35:56 KST | INFO | 
2026-02-09 01:35:56 KST | INFO | Epoch 148/200 | LR: 0.016350
2026-02-09 01:37:21 KST | INFO |   Train Loss: 0.0772 | Test Loss: 0.0014 | Test Acc: 89.87%
2026-02-09 01:37:21 KST | INFO |   No improvement (3/30)
2026-02-09 01:37:21 KST | INFO | 
2026-02-09 01:37:21 KST | INFO | Epoch 149/200 | LR: 0.015773
2026-02-09 01:38:45 KST | INFO |   Train Loss: 0.0736 | Test Loss: 0.0014 | Test Acc: 89.93%
2026-02-09 01:38:45 KST | INFO |   No improvement (4/30)
2026-02-09 01:38:45 KST | INFO | 
2026-02-09 01:38:45 KST | INFO | Epoch 150/200 | LR: 0.015205
2026-02-09 01:40:08 KST | INFO |   Train Loss: 0.0743 | Test Loss: 0.0014 | Test Acc: 89.33%
2026-02-09 01:40:08 KST | INFO |   No improvement (5/30)
2026-02-09 01:40:08 KST | INFO | 
2026-02-09 01:40:08 KST | INFO | Epoch 151/200 | LR: 0.014646
2026-02-09 01:41:32 KST | INFO |   Train Loss: 0.0707 | Test Loss: 0.0013 | Test Acc: 90.19%
2026-02-09 01:41:32 KST | INFO |   No improvement (6/30)
2026-02-09 01:41:32 KST | INFO | 
2026-02-09 01:41:32 KST | INFO | Epoch 152/200 | LR: 0.014095
2026-02-09 01:42:57 KST | INFO |   Train Loss: 0.0680 | Test Loss: 0.0014 | Test Acc: 90.10%
2026-02-09 01:42:57 KST | INFO |   No improvement (7/30)
2026-02-09 01:42:57 KST | INFO | 
2026-02-09 01:42:57 KST | INFO | Epoch 153/200 | LR: 0.013552
2026-02-09 01:44:21 KST | INFO |   Train Loss: 0.0666 | Test Loss: 0.0015 | Test Acc: 89.37%
2026-02-09 01:44:21 KST | INFO |   No improvement (8/30)
2026-02-09 01:44:21 KST | INFO | 
2026-02-09 01:44:21 KST | INFO | Epoch 154/200 | LR: 0.013019
2026-02-09 01:45:46 KST | INFO |   Train Loss: 0.0637 | Test Loss: 0.0015 | Test Acc: 89.46%
2026-02-09 01:45:46 KST | INFO |   No improvement (9/30)
2026-02-09 01:45:46 KST | INFO | 
2026-02-09 01:45:46 KST | INFO | Epoch 155/200 | LR: 0.012495
2026-02-09 01:47:10 KST | INFO |   Train Loss: 0.0638 | Test Loss: 0.0013 | Test Acc: 89.93%
2026-02-09 01:47:10 KST | INFO |   No improvement (10/30)
2026-02-09 01:47:10 KST | INFO | 
2026-02-09 01:47:10 KST | INFO | Epoch 156/200 | LR: 0.011981
2026-02-09 01:48:34 KST | INFO |   Train Loss: 0.0600 | Test Loss: 0.0014 | Test Acc: 90.30%
2026-02-09 01:48:34 KST | INFO |   🏆 New best accuracy: 90.30%
2026-02-09 01:48:34 KST | INFO | 
2026-02-09 01:48:34 KST | INFO | Epoch 157/200 | LR: 0.011475
2026-02-09 01:49:59 KST | INFO |   Train Loss: 0.0599 | Test Loss: 0.0013 | Test Acc: 90.41%
2026-02-09 01:49:59 KST | INFO |   🏆 New best accuracy: 90.41%
2026-02-09 01:49:59 KST | INFO | 
2026-02-09 01:49:59 KST | INFO | Epoch 158/200 | LR: 0.010979
2026-02-09 01:51:23 KST | INFO |   Train Loss: 0.0586 | Test Loss: 0.0014 | Test Acc: 89.81%
2026-02-09 01:51:23 KST | INFO |   No improvement (1/30)
2026-02-09 01:51:23 KST | INFO | 
2026-02-09 01:51:23 KST | INFO | Epoch 159/200 | LR: 0.010493
2026-02-09 01:52:46 KST | INFO |   Train Loss: 0.0559 | Test Loss: 0.0014 | Test Acc: 89.66%
2026-02-09 01:52:46 KST | INFO |   No improvement (2/30)
2026-02-09 01:52:46 KST | INFO | 
2026-02-09 01:52:46 KST | INFO | Epoch 160/200 | LR: 0.010017
2026-02-09 01:54:08 KST | INFO |   Train Loss: 0.0569 | Test Loss: 0.0013 | Test Acc: 90.11%
2026-02-09 01:54:08 KST | INFO |   No improvement (3/30)
2026-02-09 01:54:08 KST | INFO | 
2026-02-09 01:54:08 KST | INFO | Epoch 161/200 | LR: 0.009550
2026-02-09 01:55:31 KST | INFO |   Train Loss: 0.0552 | Test Loss: 0.0014 | Test Acc: 90.46%
2026-02-09 01:55:31 KST | INFO |   🏆 New best accuracy: 90.46%
2026-02-09 01:55:31 KST | INFO | 
2026-02-09 01:55:31 KST | INFO | Epoch 162/200 | LR: 0.009093
2026-02-09 01:56:53 KST | INFO |   Train Loss: 0.0529 | Test Loss: 0.0013 | Test Acc: 90.27%
2026-02-09 01:56:53 KST | INFO |   No improvement (1/30)
2026-02-09 01:56:53 KST | INFO | 
2026-02-09 01:56:53 KST | INFO | Epoch 163/200 | LR: 0.008647
2026-02-09 01:58:16 KST | INFO |   Train Loss: 0.0542 | Test Loss: 0.0014 | Test Acc: 89.70%
2026-02-09 01:58:16 KST | INFO |   No improvement (2/30)
2026-02-09 01:58:16 KST | INFO | 
2026-02-09 01:58:16 KST | INFO | Epoch 164/200 | LR: 0.008211
2026-02-09 01:59:39 KST | INFO |   Train Loss: 0.0509 | Test Loss: 0.0015 | Test Acc: 89.33%
2026-02-09 01:59:39 KST | INFO |   No improvement (3/30)
2026-02-09 01:59:39 KST | INFO | 
2026-02-09 01:59:39 KST | INFO | Epoch 165/200 | LR: 0.007785
2026-02-09 02:01:01 KST | INFO |   Train Loss: 0.0497 | Test Loss: 0.0015 | Test Acc: 89.61%
2026-02-09 02:01:01 KST | INFO |   No improvement (4/30)
2026-02-09 02:01:01 KST | INFO | 
2026-02-09 02:01:01 KST | INFO | Epoch 166/200 | LR: 0.007369
2026-02-09 02:02:24 KST | INFO |   Train Loss: 0.0481 | Test Loss: 0.0014 | Test Acc: 90.10%
2026-02-09 02:02:24 KST | INFO |   No improvement (5/30)
2026-02-09 02:02:24 KST | INFO | 
2026-02-09 02:02:24 KST | INFO | Epoch 167/200 | LR: 0.006964
2026-02-09 02:03:46 KST | INFO |   Train Loss: 0.0485 | Test Loss: 0.0013 | Test Acc: 90.24%
2026-02-09 02:03:46 KST | INFO |   No improvement (6/30)
2026-02-09 02:03:46 KST | INFO | 
2026-02-09 02:03:46 KST | INFO | Epoch 168/200 | LR: 0.006569
2026-02-09 02:05:10 KST | INFO |   Train Loss: 0.0463 | Test Loss: 0.0014 | Test Acc: 90.17%
2026-02-09 02:05:10 KST | INFO |   No improvement (7/30)
2026-02-09 02:05:10 KST | INFO | 
2026-02-09 02:05:10 KST | INFO | Epoch 169/200 | LR: 0.006186
2026-02-09 02:06:31 KST | INFO |   Train Loss: 0.0461 | Test Loss: 0.0013 | Test Acc: 90.31%
2026-02-09 02:06:31 KST | INFO |   No improvement (8/30)
2026-02-09 02:06:31 KST | INFO | 
2026-02-09 02:06:31 KST | INFO | Epoch 170/200 | LR: 0.005813
2026-02-09 02:07:53 KST | INFO |   Train Loss: 0.0433 | Test Loss: 0.0014 | Test Acc: 90.30%
2026-02-09 02:07:53 KST | INFO |   No improvement (9/30)
2026-02-09 02:07:53 KST | INFO | 
2026-02-09 02:07:53 KST | INFO | Epoch 171/200 | LR: 0.005451
2026-02-09 02:09:16 KST | INFO |   Train Loss: 0.0421 | Test Loss: 0.0014 | Test Acc: 90.36%
2026-02-09 02:09:16 KST | INFO |   No improvement (10/30)
2026-02-09 02:09:16 KST | INFO | 
2026-02-09 02:09:16 KST | INFO | Epoch 172/200 | LR: 0.005100
2026-02-09 02:10:39 KST | INFO |   Train Loss: 0.0422 | Test Loss: 0.0014 | Test Acc: 90.30%
2026-02-09 02:10:39 KST | INFO |   No improvement (11/30)
2026-02-09 02:10:39 KST | INFO | 
2026-02-09 02:10:39 KST | INFO | Epoch 173/200 | LR: 0.004760
2026-02-09 02:12:01 KST | INFO |   Train Loss: 0.0404 | Test Loss: 0.0014 | Test Acc: 90.11%
2026-02-09 02:12:01 KST | INFO |   No improvement (12/30)
2026-02-09 02:12:01 KST | INFO | 
2026-02-09 02:12:01 KST | INFO | Epoch 174/200 | LR: 0.004431
2026-02-09 02:13:23 KST | INFO |   Train Loss: 0.0420 | Test Loss: 0.0014 | Test Acc: 90.27%
2026-02-09 02:13:23 KST | INFO |   No improvement (13/30)
2026-02-09 02:13:23 KST | INFO | 
2026-02-09 02:13:23 KST | INFO | Epoch 175/200 | LR: 0.004113
2026-02-09 02:14:47 KST | INFO |   Train Loss: 0.0388 | Test Loss: 0.0014 | Test Acc: 90.23%
2026-02-09 02:14:47 KST | INFO |   No improvement (14/30)
2026-02-09 02:14:47 KST | INFO | 
2026-02-09 02:14:47 KST | INFO | Epoch 176/200 | LR: 0.003807
2026-02-09 02:16:10 KST | INFO |   Train Loss: 0.0391 | Test Loss: 0.0014 | Test Acc: 90.34%
2026-02-09 02:16:10 KST | INFO |   No improvement (15/30)
2026-02-09 02:16:10 KST | INFO | 
2026-02-09 02:16:10 KST | INFO | Epoch 177/200 | LR: 0.003512
2026-02-09 02:17:32 KST | INFO |   Train Loss: 0.0386 | Test Loss: 0.0013 | Test Acc: 90.43%
2026-02-09 02:17:32 KST | INFO |   No improvement (16/30)
2026-02-09 02:17:32 KST | INFO | 
2026-02-09 02:17:32 KST | INFO | Epoch 178/200 | LR: 0.003229
2026-02-09 02:18:54 KST | INFO |   Train Loss: 0.0363 | Test Loss: 0.0014 | Test Acc: 90.06%
2026-02-09 02:18:54 KST | INFO |   No improvement (17/30)
2026-02-09 02:18:54 KST | INFO | 
2026-02-09 02:18:54 KST | INFO | Epoch 179/200 | LR: 0.002957
2026-02-09 02:20:17 KST | INFO |   Train Loss: 0.0352 | Test Loss: 0.0014 | Test Acc: 90.47%
2026-02-09 02:20:17 KST | INFO |   🏆 New best accuracy: 90.47%
2026-02-09 02:20:17 KST | INFO | 
2026-02-09 02:20:17 KST | INFO | Epoch 180/200 | LR: 0.002697
2026-02-09 02:21:40 KST | INFO |   Train Loss: 0.0351 | Test Loss: 0.0014 | Test Acc: 90.36%
2026-02-09 02:21:40 KST | INFO |   No improvement (1/30)
2026-02-09 02:21:40 KST | INFO | 
2026-02-09 02:21:40 KST | INFO | Epoch 181/200 | LR: 0.002448
2026-02-09 02:23:02 KST | INFO |   Train Loss: 0.0354 | Test Loss: 0.0014 | Test Acc: 90.31%
2026-02-09 02:23:02 KST | INFO |   No improvement (2/30)
2026-02-09 02:23:02 KST | INFO | 
2026-02-09 02:23:02 KST | INFO | Epoch 182/200 | LR: 0.002211
2026-02-09 02:24:25 KST | INFO |   Train Loss: 0.0351 | Test Loss: 0.0014 | Test Acc: 90.36%
2026-02-09 02:24:25 KST | INFO |   No improvement (3/30)
2026-02-09 02:24:25 KST | INFO | 
2026-02-09 02:24:25 KST | INFO | Epoch 183/200 | LR: 0.001986
2026-02-09 02:25:48 KST | INFO |   Train Loss: 0.0345 | Test Loss: 0.0014 | Test Acc: 90.43%
2026-02-09 02:25:48 KST | INFO |   No improvement (4/30)
2026-02-09 02:25:48 KST | INFO | 
2026-02-09 02:25:48 KST | INFO | Epoch 184/200 | LR: 0.001773
2026-02-09 02:27:08 KST | INFO |   Train Loss: 0.0335 | Test Loss: 0.0014 | Test Acc: 90.21%
2026-02-09 02:27:08 KST | INFO |   No improvement (5/30)
2026-02-09 02:27:08 KST | INFO | 
2026-02-09 02:27:08 KST | INFO | Epoch 185/200 | LR: 0.001572
2026-02-09 02:28:29 KST | INFO |   Train Loss: 0.0326 | Test Loss: 0.0014 | Test Acc: 90.31%
2026-02-09 02:28:29 KST | INFO |   No improvement (6/30)
2026-02-09 02:28:29 KST | INFO | 
2026-02-09 02:28:29 KST | INFO | Epoch 186/200 | LR: 0.001382
2026-02-09 02:29:49 KST | INFO |   Train Loss: 0.0329 | Test Loss: 0.0014 | Test Acc: 90.21%
2026-02-09 02:29:49 KST | INFO |   No improvement (7/30)
2026-02-09 02:29:49 KST | INFO | 
2026-02-09 02:29:49 KST | INFO | Epoch 187/200 | LR: 0.001205
2026-02-09 02:31:09 KST | INFO |   Train Loss: 0.0326 | Test Loss: 0.0014 | Test Acc: 90.43%
2026-02-09 02:31:09 KST | INFO |   No improvement (8/30)
2026-02-09 02:31:09 KST | INFO | 
2026-02-09 02:31:09 KST | INFO | Epoch 188/200 | LR: 0.001040
2026-02-09 02:32:30 KST | INFO |   Train Loss: 0.0321 | Test Loss: 0.0014 | Test Acc: 90.47%
2026-02-09 02:32:30 KST | INFO |   No improvement (9/30)
2026-02-09 02:32:30 KST | INFO | 
2026-02-09 02:32:30 KST | INFO | Epoch 189/200 | LR: 0.000887
2026-02-09 02:33:51 KST | INFO |   Train Loss: 0.0303 | Test Loss: 0.0014 | Test Acc: 90.29%
2026-02-09 02:33:51 KST | INFO |   No improvement (10/30)
2026-02-09 02:33:51 KST | INFO | 
2026-02-09 02:33:51 KST | INFO | Epoch 190/200 | LR: 0.000746
2026-02-09 02:35:11 KST | INFO |   Train Loss: 0.0313 | Test Loss: 0.0014 | Test Acc: 90.30%
2026-02-09 02:35:11 KST | INFO |   No improvement (11/30)
2026-02-09 02:35:11 KST | INFO | 
2026-02-09 02:35:11 KST | INFO | Epoch 191/200 | LR: 0.000617
2026-02-09 02:36:31 KST | INFO |   Train Loss: 0.0318 | Test Loss: 0.0014 | Test Acc: 90.31%
2026-02-09 02:36:31 KST | INFO |   No improvement (12/30)
2026-02-09 02:36:31 KST | INFO | 
2026-02-09 02:36:31 KST | INFO | Epoch 192/200 | LR: 0.000500
2026-02-09 02:37:52 KST | INFO |   Train Loss: 0.0304 | Test Loss: 0.0014 | Test Acc: 90.40%
2026-02-09 02:37:52 KST | INFO |   No improvement (13/30)
2026-02-09 02:37:52 KST | INFO | 
2026-02-09 02:37:52 KST | INFO | Epoch 193/200 | LR: 0.000395
2026-02-09 02:39:12 KST | INFO |   Train Loss: 0.0298 | Test Loss: 0.0014 | Test Acc: 90.34%
2026-02-09 02:39:12 KST | INFO |   No improvement (14/30)
2026-02-09 02:39:12 KST | INFO | 
2026-02-09 02:39:12 KST | INFO | Epoch 194/200 | LR: 0.000303
2026-02-09 02:40:33 KST | INFO |   Train Loss: 0.0298 | Test Loss: 0.0014 | Test Acc: 90.34%
2026-02-09 02:40:33 KST | INFO |   No improvement (15/30)
2026-02-09 02:40:33 KST | INFO | 
2026-02-09 02:40:33 KST | INFO | Epoch 195/200 | LR: 0.000223
2026-02-09 02:41:54 KST | INFO |   Train Loss: 0.0296 | Test Loss: 0.0014 | Test Acc: 90.44%
2026-02-09 02:41:54 KST | INFO |   No improvement (16/30)
2026-02-09 02:41:54 KST | INFO | 
2026-02-09 02:41:54 KST | INFO | Epoch 196/200 | LR: 0.000155
2026-02-09 02:43:15 KST | INFO |   Train Loss: 0.0303 | Test Loss: 0.0014 | Test Acc: 90.40%
2026-02-09 02:43:15 KST | INFO |   No improvement (17/30)
2026-02-09 02:43:15 KST | INFO | 
2026-02-09 02:43:15 KST | INFO | Epoch 197/200 | LR: 0.000100
2026-02-09 02:44:35 KST | INFO |   Train Loss: 0.0304 | Test Loss: 0.0014 | Test Acc: 90.44%
2026-02-09 02:44:35 KST | INFO |   No improvement (18/30)
2026-02-09 02:44:35 KST | INFO | 
2026-02-09 02:44:35 KST | INFO | Epoch 198/200 | LR: 0.000057
2026-02-09 02:45:56 KST | INFO |   Train Loss: 0.0294 | Test Loss: 0.0014 | Test Acc: 90.46%
2026-02-09 02:45:56 KST | INFO |   No improvement (19/30)
2026-02-09 02:45:56 KST | INFO | 
2026-02-09 02:45:56 KST | INFO | Epoch 199/200 | LR: 0.000026
2026-02-09 02:47:16 KST | INFO |   Train Loss: 0.0302 | Test Loss: 0.0014 | Test Acc: 90.46%
2026-02-09 02:47:16 KST | INFO |   No improvement (20/30)
2026-02-09 02:47:16 KST | INFO | 
2026-02-09 02:47:16 KST | INFO | Epoch 200/200 | LR: 0.000007
2026-02-09 02:48:37 KST | INFO |   Train Loss: 0.0290 | Test Loss: 0.0014 | Test Acc: 90.44%
2026-02-09 02:48:37 KST | INFO |   No improvement (21/30)
2026-02-09 02:48:37 KST | INFO | 
2026-02-09 02:48:37 KST | INFO | ================================================================================
2026-02-09 02:48:37 KST | INFO | TRAINING COMPLETE
2026-02-09 02:48:37 KST | INFO | ================================================================================
2026-02-09 02:48:37 KST | INFO | Best accuracy:  90.47% (Epoch 179)
2026-02-09 02:48:37 KST | INFO | Final accuracy: 90.44%
2026-02-09 02:48:37 KST | INFO | ================================================================================
2026-02-09 02:48:37 KST | INFO | 
2026-02-09 02:48:37 KST | INFO | Notifying nodes of completion...
2026-02-09 02:48:38 KST | INFO | ✓ Nodes notified
2026-02-09 02:48:38 KST | INFO | 
2026-02-09 02:48:38 KST | INFO | Closing connections...
2026-02-09 02:48:38 KST | INFO | ✓ Cleanup complete
2026-02-09 02:48:38 KST | INFO | 
2026-02-09 02:48:38 KST | INFO | Full log: logs/TL++_base_20260208_221156.log
2026-02-09 02:48:38 KST | INFO | ================================================================================
