2026-04-22 13:13:04 KST | INFO | ================================================================================
2026-04-22 13:13:04 KST | INFO | TL++ Centralized Baseline
2026-04-22 13:13:04 KST | INFO | ================================================================================
2026-04-22 13:13:04 KST | INFO | Log file: logs/centralized_20260422_131304.log
2026-04-22 13:13:04 KST | INFO | 
2026-04-22 13:13:04 KST | INFO | Device: cuda
2026-04-22 13:13:04 KST | INFO | 
2026-04-22 13:13:04 KST | INFO | --------------------------------------------------------------------------------
2026-04-22 13:13:04 KST | INFO | CONFIGURATION
2026-04-22 13:13:04 KST | INFO | --------------------------------------------------------------------------------
2026-04-22 13:13:04 KST | INFO | Classes:          7
2026-04-22 13:13:04 KST | INFO | Batch size:       128
2026-04-22 13:13:04 KST | INFO | Learning rate:    0.1
2026-04-22 13:13:04 KST | INFO | Scheduler:        cosine
2026-04-22 13:13:04 KST | INFO | 
2026-04-22 13:13:04 KST | INFO | --------------------------------------------------------------------------------
2026-04-22 13:13:04 KST | INFO | DATA LOADING
2026-04-22 13:13:04 KST | INFO | --------------------------------------------------------------------------------
2026-04-22 13:13:06 KST | INFO | Filtering to 7 classes (0-6)
2026-04-22 13:13:34 KST | INFO | Training samples:   35,000
2026-04-22 13:13:34 KST | INFO | Test samples:       7,000
2026-04-22 13:13:34 KST | INFO | Training batches:   274
2026-04-22 13:13:34 KST | INFO | Test batches:       28
2026-04-22 13:13:34 KST | INFO | 
2026-04-22 13:13:34 KST | INFO | --------------------------------------------------------------------------------
2026-04-22 13:13:34 KST | INFO | MODEL INITIALIZATION
2026-04-22 13:13:34 KST | INFO | --------------------------------------------------------------------------------
2026-04-22 13:13:35 KST | INFO | Total parameters:     3,246,663
2026-04-22 13:13:35 KST | INFO | Trainable parameters: 3,246,663
2026-04-22 13:13:35 KST | INFO | 
2026-04-22 13:13:35 KST | INFO | --------------------------------------------------------------------------------
2026-04-22 13:13:35 KST | INFO | OPTIMIZER & SCHEDULER
2026-04-22 13:13:35 KST | INFO | --------------------------------------------------------------------------------
2026-04-22 13:13:35 KST | INFO | Optimizer:        SGD (lr=0.1, momentum=0.9)
2026-04-22 13:13:35 KST | INFO | Scheduler:        cosine
2026-04-22 13:13:35 KST | INFO | Gradient clip:    1.0
2026-04-22 13:13:35 KST | INFO | 
2026-04-22 13:13:35 KST | INFO | --------------------------------------------------------------------------------
2026-04-22 13:13:35 KST | INFO | TRAINING
2026-04-22 13:13:35 KST | INFO | --------------------------------------------------------------------------------
2026-04-22 13:13:35 KST | INFO | 
2026-04-22 13:13:35 KST | INFO | Epoch 1/200 | LR: 0.100000
2026-04-22 13:13:47 KST | INFO |   Train Loss: 1.5045 | Test Loss: 1.1868 | Test Acc: 54.71%
2026-04-22 13:13:47 KST | INFO |   🏆 New best accuracy: 54.71%
2026-04-22 13:13:47 KST | INFO | 
2026-04-22 13:13:47 KST | INFO | Epoch 2/200 | LR: 0.099994
2026-04-22 13:13:59 KST | INFO |   Train Loss: 1.1297 | Test Loss: 0.9247 | Test Acc: 65.11%
2026-04-22 13:13:59 KST | INFO |   🏆 New best accuracy: 65.11%
2026-04-22 13:13:59 KST | INFO | 
2026-04-22 13:13:59 KST | INFO | Epoch 3/200 | LR: 0.099975
2026-04-22 13:14:11 KST | INFO |   Train Loss: 0.9156 | Test Loss: 0.7447 | Test Acc: 73.00%
2026-04-22 13:14:11 KST | INFO |   🏆 New best accuracy: 73.00%
2026-04-22 13:14:11 KST | INFO | 
2026-04-22 13:14:11 KST | INFO | Epoch 4/200 | LR: 0.099944
2026-04-22 13:14:23 KST | INFO |   Train Loss: 0.7923 | Test Loss: 0.8951 | Test Acc: 68.44%
2026-04-22 13:14:23 KST | INFO |   No improvement (1/30)
2026-04-22 13:14:23 KST | INFO | 
2026-04-22 13:14:23 KST | INFO | Epoch 5/200 | LR: 0.099901
2026-04-22 13:14:35 KST | INFO |   Train Loss: 0.7106 | Test Loss: 0.7540 | Test Acc: 73.16%
2026-04-22 13:14:35 KST | INFO |   🏆 New best accuracy: 73.16%
2026-04-22 13:14:35 KST | INFO | 
2026-04-22 13:14:35 KST | INFO | Epoch 6/200 | LR: 0.099846
2026-04-22 13:14:47 KST | INFO |   Train Loss: 0.6497 | Test Loss: 0.5963 | Test Acc: 79.64%
2026-04-22 13:14:47 KST | INFO |   🏆 New best accuracy: 79.64%
2026-04-22 13:14:47 KST | INFO | 
2026-04-22 13:14:47 KST | INFO | Epoch 7/200 | LR: 0.099778
2026-04-22 13:14:59 KST | INFO |   Train Loss: 0.6046 | Test Loss: 0.6350 | Test Acc: 77.69%
2026-04-22 13:14:59 KST | INFO |   No improvement (1/30)
2026-04-22 13:14:59 KST | INFO | 
2026-04-22 13:14:59 KST | INFO | Epoch 8/200 | LR: 0.099698
2026-04-22 13:15:11 KST | INFO |   Train Loss: 0.5681 | Test Loss: 0.7312 | Test Acc: 75.03%
2026-04-22 13:15:11 KST | INFO |   No improvement (2/30)
2026-04-22 13:15:11 KST | INFO | 
2026-04-22 13:15:11 KST | INFO | Epoch 9/200 | LR: 0.099606
2026-04-22 13:15:22 KST | INFO |   Train Loss: 0.5324 | Test Loss: 0.5757 | Test Acc: 79.70%
2026-04-22 13:15:22 KST | INFO |   🏆 New best accuracy: 79.70%
2026-04-22 13:15:22 KST | INFO | 
2026-04-22 13:15:22 KST | INFO | Epoch 10/200 | LR: 0.099501
2026-04-22 13:15:35 KST | INFO |   Train Loss: 0.5069 | Test Loss: 0.5925 | Test Acc: 80.44%
2026-04-22 13:15:35 KST | INFO |   🏆 New best accuracy: 80.44%
2026-04-22 13:15:35 KST | INFO | 
2026-04-22 13:15:35 KST | INFO | Epoch 11/200 | LR: 0.099384
2026-04-22 13:15:46 KST | INFO |   Train Loss: 0.4829 | Test Loss: 0.4663 | Test Acc: 83.86%
2026-04-22 13:15:46 KST | INFO |   🏆 New best accuracy: 83.86%
2026-04-22 13:15:46 KST | INFO | 
2026-04-22 13:15:46 KST | INFO | Epoch 12/200 | LR: 0.099255
2026-04-22 13:15:58 KST | INFO |   Train Loss: 0.4602 | Test Loss: 0.4896 | Test Acc: 82.66%
2026-04-22 13:15:58 KST | INFO |   No improvement (1/30)
2026-04-22 13:15:58 KST | INFO | 
2026-04-22 13:15:58 KST | INFO | Epoch 13/200 | LR: 0.099114
2026-04-22 13:16:10 KST | INFO |   Train Loss: 0.4479 | Test Loss: 0.5408 | Test Acc: 82.24%
2026-04-22 13:16:10 KST | INFO |   No improvement (2/30)
2026-04-22 13:16:10 KST | INFO | 
2026-04-22 13:16:10 KST | INFO | Epoch 14/200 | LR: 0.098961
2026-04-22 13:16:22 KST | INFO |   Train Loss: 0.4375 | Test Loss: 0.4981 | Test Acc: 83.51%
2026-04-22 13:16:22 KST | INFO |   No improvement (3/30)
2026-04-22 13:16:22 KST | INFO | 
2026-04-22 13:16:22 KST | INFO | Epoch 15/200 | LR: 0.098796
2026-04-22 13:16:33 KST | INFO |   Train Loss: 0.4209 | Test Loss: 0.5549 | Test Acc: 81.47%
2026-04-22 13:16:33 KST | INFO |   No improvement (4/30)
2026-04-22 13:16:33 KST | INFO | 
2026-04-22 13:16:33 KST | INFO | Epoch 16/200 | LR: 0.098619
2026-04-22 13:16:45 KST | INFO |   Train Loss: 0.4163 | Test Loss: 0.4626 | Test Acc: 83.90%
2026-04-22 13:16:45 KST | INFO |   🏆 New best accuracy: 83.90%
2026-04-22 13:16:45 KST | INFO | 
2026-04-22 13:16:45 KST | INFO | Epoch 17/200 | LR: 0.098429
2026-04-22 13:16:56 KST | INFO |   Train Loss: 0.4002 | Test Loss: 0.4802 | Test Acc: 83.90%
2026-04-22 13:16:56 KST | INFO |   No improvement (1/30)
2026-04-22 13:16:56 KST | INFO | 
2026-04-22 13:16:56 KST | INFO | Epoch 18/200 | LR: 0.098228
2026-04-22 13:17:08 KST | INFO |   Train Loss: 0.3892 | Test Loss: 0.4284 | Test Acc: 85.41%
2026-04-22 13:17:08 KST | INFO |   🏆 New best accuracy: 85.41%
2026-04-22 13:17:08 KST | INFO | 
2026-04-22 13:17:08 KST | INFO | Epoch 19/200 | LR: 0.098015
2026-04-22 13:17:20 KST | INFO |   Train Loss: 0.3789 | Test Loss: 0.4383 | Test Acc: 84.77%
2026-04-22 13:17:20 KST | INFO |   No improvement (1/30)
2026-04-22 13:17:20 KST | INFO | 
2026-04-22 13:17:20 KST | INFO | Epoch 20/200 | LR: 0.097790
2026-04-22 13:17:32 KST | INFO |   Train Loss: 0.3734 | Test Loss: 0.4424 | Test Acc: 84.83%
2026-04-22 13:17:32 KST | INFO |   No improvement (2/30)
2026-04-22 13:17:32 KST | INFO | 
2026-04-22 13:17:32 KST | INFO | Epoch 21/200 | LR: 0.097553
2026-04-22 13:17:44 KST | INFO |   Train Loss: 0.3687 | Test Loss: 0.4265 | Test Acc: 85.49%
2026-04-22 13:17:44 KST | INFO |   🏆 New best accuracy: 85.49%
2026-04-22 13:17:44 KST | INFO | 
2026-04-22 13:17:44 KST | INFO | Epoch 22/200 | LR: 0.097304
2026-04-22 13:17:55 KST | INFO |   Train Loss: 0.3587 | Test Loss: 0.3969 | Test Acc: 86.57%
2026-04-22 13:17:55 KST | INFO |   🏆 New best accuracy: 86.57%
2026-04-22 13:17:55 KST | INFO | 
2026-04-22 13:17:55 KST | INFO | Epoch 23/200 | LR: 0.097044
2026-04-22 13:18:06 KST | INFO |   Train Loss: 0.3565 | Test Loss: 0.3968 | Test Acc: 86.24%
2026-04-22 13:18:06 KST | INFO |   No improvement (1/30)
2026-04-22 13:18:06 KST | INFO | 
2026-04-22 13:18:06 KST | INFO | Epoch 24/200 | LR: 0.096772
2026-04-22 13:18:18 KST | INFO |   Train Loss: 0.3513 | Test Loss: 0.4079 | Test Acc: 85.63%
2026-04-22 13:18:18 KST | INFO |   No improvement (2/30)
2026-04-22 13:18:18 KST | INFO | 
2026-04-22 13:18:18 KST | INFO | Epoch 25/200 | LR: 0.096489
2026-04-22 13:18:30 KST | INFO |   Train Loss: 0.3511 | Test Loss: 0.4293 | Test Acc: 85.53%
2026-04-22 13:18:30 KST | INFO |   No improvement (3/30)
2026-04-22 13:18:30 KST | INFO | 
2026-04-22 13:18:30 KST | INFO | Epoch 26/200 | LR: 0.096194
2026-04-22 13:18:42 KST | INFO |   Train Loss: 0.3422 | Test Loss: 0.3897 | Test Acc: 87.07%
2026-04-22 13:18:42 KST | INFO |   🏆 New best accuracy: 87.07%
2026-04-22 13:18:42 KST | INFO | 
2026-04-22 13:18:42 KST | INFO | Epoch 27/200 | LR: 0.095888
2026-04-22 13:18:54 KST | INFO |   Train Loss: 0.3384 | Test Loss: 0.3660 | Test Acc: 87.19%
2026-04-22 13:18:54 KST | INFO |   🏆 New best accuracy: 87.19%
2026-04-22 13:18:54 KST | INFO | 
2026-04-22 13:18:54 KST | INFO | Epoch 28/200 | LR: 0.095570
2026-04-22 13:19:06 KST | INFO |   Train Loss: 0.3348 | Test Loss: 0.3958 | Test Acc: 86.94%
2026-04-22 13:19:06 KST | INFO |   No improvement (1/30)
2026-04-22 13:19:06 KST | INFO | 
2026-04-22 13:19:06 KST | INFO | Epoch 29/200 | LR: 0.095241
2026-04-22 13:19:18 KST | INFO |   Train Loss: 0.3247 | Test Loss: 0.3963 | Test Acc: 86.20%
2026-04-22 13:19:18 KST | INFO |   No improvement (2/30)
2026-04-22 13:19:18 KST | INFO | 
2026-04-22 13:19:18 KST | INFO | Epoch 30/200 | LR: 0.094901
2026-04-22 13:19:31 KST | INFO |   Train Loss: 0.3185 | Test Loss: 0.4086 | Test Acc: 86.50%
2026-04-22 13:19:31 KST | INFO |   No improvement (3/30)
2026-04-22 13:19:31 KST | INFO | 
2026-04-22 13:19:31 KST | INFO | Epoch 31/200 | LR: 0.094550
2026-04-22 13:19:43 KST | INFO |   Train Loss: 0.3222 | Test Loss: 0.3766 | Test Acc: 86.86%
2026-04-22 13:19:43 KST | INFO |   No improvement (4/30)
2026-04-22 13:19:43 KST | INFO | 
2026-04-22 13:19:43 KST | INFO | Epoch 32/200 | LR: 0.094188
2026-04-22 13:19:55 KST | INFO |   Train Loss: 0.3124 | Test Loss: 0.3763 | Test Acc: 87.44%
2026-04-22 13:19:55 KST | INFO |   🏆 New best accuracy: 87.44%
2026-04-22 13:19:55 KST | INFO | 
2026-04-22 13:19:55 KST | INFO | Epoch 33/200 | LR: 0.093815
2026-04-22 13:20:07 KST | INFO |   Train Loss: 0.3068 | Test Loss: 0.4214 | Test Acc: 86.11%
2026-04-22 13:20:07 KST | INFO |   No improvement (1/30)
2026-04-22 13:20:07 KST | INFO | 
2026-04-22 13:20:07 KST | INFO | Epoch 34/200 | LR: 0.093432
2026-04-22 13:20:18 KST | INFO |   Train Loss: 0.3094 | Test Loss: 0.3611 | Test Acc: 87.34%
2026-04-22 13:20:18 KST | INFO |   No improvement (2/30)
2026-04-22 13:20:18 KST | INFO | 
2026-04-22 13:20:18 KST | INFO | Epoch 35/200 | LR: 0.093037
2026-04-22 13:20:30 KST | INFO |   Train Loss: 0.3086 | Test Loss: 0.3533 | Test Acc: 88.13%
2026-04-22 13:20:30 KST | INFO |   🏆 New best accuracy: 88.13%
2026-04-22 13:20:30 KST | INFO | 
2026-04-22 13:20:30 KST | INFO | Epoch 36/200 | LR: 0.092632
2026-04-22 13:20:42 KST | INFO |   Train Loss: 0.3016 | Test Loss: 0.3706 | Test Acc: 87.60%
2026-04-22 13:20:42 KST | INFO |   No improvement (1/30)
2026-04-22 13:20:42 KST | INFO | 
2026-04-22 13:20:42 KST | INFO | Epoch 37/200 | LR: 0.092216
2026-04-22 13:20:54 KST | INFO |   Train Loss: 0.2994 | Test Loss: 0.4129 | Test Acc: 86.43%
2026-04-22 13:20:54 KST | INFO |   No improvement (2/30)
2026-04-22 13:20:54 KST | INFO | 
2026-04-22 13:20:54 KST | INFO | Epoch 38/200 | LR: 0.091790
2026-04-22 13:21:06 KST | INFO |   Train Loss: 0.2963 | Test Loss: 0.3608 | Test Acc: 87.39%
2026-04-22 13:21:06 KST | INFO |   No improvement (3/30)
2026-04-22 13:21:06 KST | INFO | 
2026-04-22 13:21:06 KST | INFO | Epoch 39/200 | LR: 0.091354
2026-04-22 13:21:17 KST | INFO |   Train Loss: 0.2931 | Test Loss: 0.3767 | Test Acc: 86.74%
2026-04-22 13:21:17 KST | INFO |   No improvement (4/30)
2026-04-22 13:21:17 KST | INFO | 
2026-04-22 13:21:17 KST | INFO | Epoch 40/200 | LR: 0.090908
2026-04-22 13:21:29 KST | INFO |   Train Loss: 0.2907 | Test Loss: 0.4670 | Test Acc: 84.67%
2026-04-22 13:21:29 KST | INFO |   No improvement (5/30)
2026-04-22 13:21:29 KST | INFO | 
2026-04-22 13:21:29 KST | INFO | Epoch 41/200 | LR: 0.090451
2026-04-22 13:21:41 KST | INFO |   Train Loss: 0.2867 | Test Loss: 0.3923 | Test Acc: 87.30%
2026-04-22 13:21:41 KST | INFO |   No improvement (6/30)
2026-04-22 13:21:41 KST | INFO | 
2026-04-22 13:21:41 KST | INFO | Epoch 42/200 | LR: 0.089984
2026-04-22 13:21:52 KST | INFO |   Train Loss: 0.2868 | Test Loss: 0.3638 | Test Acc: 87.51%
2026-04-22 13:21:52 KST | INFO |   No improvement (7/30)
2026-04-22 13:21:52 KST | INFO | 
2026-04-22 13:21:52 KST | INFO | Epoch 43/200 | LR: 0.089508
2026-04-22 13:22:03 KST | INFO |   Train Loss: 0.2801 | Test Loss: 0.4116 | Test Acc: 86.24%
2026-04-22 13:22:03 KST | INFO |   No improvement (8/30)
2026-04-22 13:22:03 KST | INFO | 
2026-04-22 13:22:03 KST | INFO | Epoch 44/200 | LR: 0.089022
2026-04-22 13:22:15 KST | INFO |   Train Loss: 0.2821 | Test Loss: 0.3574 | Test Acc: 88.29%
2026-04-22 13:22:15 KST | INFO |   🏆 New best accuracy: 88.29%
2026-04-22 13:22:15 KST | INFO | 
2026-04-22 13:22:15 KST | INFO | Epoch 45/200 | LR: 0.088526
2026-04-22 13:22:27 KST | INFO |   Train Loss: 0.2747 | Test Loss: 0.3720 | Test Acc: 87.56%
2026-04-22 13:22:27 KST | INFO |   No improvement (1/30)
2026-04-22 13:22:27 KST | INFO | 
2026-04-22 13:22:27 KST | INFO | Epoch 46/200 | LR: 0.088020
2026-04-22 13:22:39 KST | INFO |   Train Loss: 0.2735 | Test Loss: 0.4354 | Test Acc: 86.30%
2026-04-22 13:22:39 KST | INFO |   No improvement (2/30)
2026-04-22 13:22:39 KST | INFO | 
2026-04-22 13:22:39 KST | INFO | Epoch 47/200 | LR: 0.087506
2026-04-22 13:22:51 KST | INFO |   Train Loss: 0.2736 | Test Loss: 0.5110 | Test Acc: 83.80%
2026-04-22 13:22:51 KST | INFO |   No improvement (3/30)
2026-04-22 13:22:51 KST | INFO | 
2026-04-22 13:22:51 KST | INFO | Epoch 48/200 | LR: 0.086982
2026-04-22 13:23:03 KST | INFO |   Train Loss: 0.2717 | Test Loss: 0.3386 | Test Acc: 88.76%
2026-04-22 13:23:03 KST | INFO |   🏆 New best accuracy: 88.76%
2026-04-22 13:23:03 KST | INFO | 
2026-04-22 13:23:03 KST | INFO | Epoch 49/200 | LR: 0.086449
2026-04-22 13:23:14 KST | INFO |   Train Loss: 0.2690 | Test Loss: 0.3693 | Test Acc: 87.46%
2026-04-22 13:23:14 KST | INFO |   No improvement (1/30)
2026-04-22 13:23:14 KST | INFO | 
2026-04-22 13:23:14 KST | INFO | Epoch 50/200 | LR: 0.085906
2026-04-22 13:23:25 KST | INFO |   Train Loss: 0.2662 | Test Loss: 0.3775 | Test Acc: 87.63%
2026-04-22 13:23:25 KST | INFO |   No improvement (2/30)
2026-04-22 13:23:25 KST | INFO | 
2026-04-22 13:23:25 KST | INFO | Epoch 51/200 | LR: 0.085355
2026-04-22 13:23:37 KST | INFO |   Train Loss: 0.2661 | Test Loss: 0.4061 | Test Acc: 87.19%
2026-04-22 13:23:37 KST | INFO |   No improvement (3/30)
2026-04-22 13:23:37 KST | INFO | 
2026-04-22 13:23:37 KST | INFO | Epoch 52/200 | LR: 0.084796
2026-04-22 13:23:49 KST | INFO |   Train Loss: 0.2643 | Test Loss: 0.3580 | Test Acc: 87.64%
2026-04-22 13:23:49 KST | INFO |   No improvement (4/30)
2026-04-22 13:23:49 KST | INFO | 
2026-04-22 13:23:49 KST | INFO | Epoch 53/200 | LR: 0.084228
2026-04-22 13:24:01 KST | INFO |   Train Loss: 0.2570 | Test Loss: 0.3775 | Test Acc: 87.34%
2026-04-22 13:24:01 KST | INFO |   No improvement (5/30)
2026-04-22 13:24:01 KST | INFO | 
2026-04-22 13:24:01 KST | INFO | Epoch 54/200 | LR: 0.083651
2026-04-22 13:24:12 KST | INFO |   Train Loss: 0.2569 | Test Loss: 0.3361 | Test Acc: 88.24%
2026-04-22 13:24:12 KST | INFO |   No improvement (6/30)
2026-04-22 13:24:12 KST | INFO | 
2026-04-22 13:24:12 KST | INFO | Epoch 55/200 | LR: 0.083066
2026-04-22 13:24:23 KST | INFO |   Train Loss: 0.2578 | Test Loss: 0.3315 | Test Acc: 88.57%
2026-04-22 13:24:23 KST | INFO |   No improvement (7/30)
2026-04-22 13:24:23 KST | INFO | 
2026-04-22 13:24:23 KST | INFO | Epoch 56/200 | LR: 0.082473
2026-04-22 13:24:35 KST | INFO |   Train Loss: 0.2554 | Test Loss: 0.3498 | Test Acc: 88.03%
2026-04-22 13:24:35 KST | INFO |   No improvement (8/30)
2026-04-22 13:24:35 KST | INFO | 
2026-04-22 13:24:35 KST | INFO | Epoch 57/200 | LR: 0.081871
2026-04-22 13:24:47 KST | INFO |   Train Loss: 0.2481 | Test Loss: 0.3600 | Test Acc: 87.61%
2026-04-22 13:24:47 KST | INFO |   No improvement (9/30)
2026-04-22 13:24:47 KST | INFO | 
2026-04-22 13:24:47 KST | INFO | Epoch 58/200 | LR: 0.081262
2026-04-22 13:24:59 KST | INFO |   Train Loss: 0.2433 | Test Loss: 0.3626 | Test Acc: 88.14%
2026-04-22 13:24:59 KST | INFO |   No improvement (10/30)
2026-04-22 13:24:59 KST | INFO | 
2026-04-22 13:24:59 KST | INFO | Epoch 59/200 | LR: 0.080646
2026-04-22 13:25:11 KST | INFO |   Train Loss: 0.2444 | Test Loss: 0.3627 | Test Acc: 88.83%
2026-04-22 13:25:11 KST | INFO |   🏆 New best accuracy: 88.83%
2026-04-22 13:25:11 KST | INFO | 
2026-04-22 13:25:11 KST | INFO | Epoch 60/200 | LR: 0.080021
2026-04-22 13:25:22 KST | INFO |   Train Loss: 0.2424 | Test Loss: 0.3784 | Test Acc: 87.53%
2026-04-22 13:25:22 KST | INFO |   No improvement (1/30)
2026-04-22 13:25:22 KST | INFO | 
2026-04-22 13:25:22 KST | INFO | Epoch 61/200 | LR: 0.079389
2026-04-22 13:25:34 KST | INFO |   Train Loss: 0.2395 | Test Loss: 0.3808 | Test Acc: 87.34%
2026-04-22 13:25:34 KST | INFO |   No improvement (2/30)
2026-04-22 13:25:34 KST | INFO | 
2026-04-22 13:25:34 KST | INFO | Epoch 62/200 | LR: 0.078750
2026-04-22 13:25:45 KST | INFO |   Train Loss: 0.2374 | Test Loss: 0.3781 | Test Acc: 88.01%
2026-04-22 13:25:45 KST | INFO |   No improvement (3/30)
2026-04-22 13:25:45 KST | INFO | 
2026-04-22 13:25:45 KST | INFO | Epoch 63/200 | LR: 0.078104
2026-04-22 13:25:56 KST | INFO |   Train Loss: 0.2351 | Test Loss: 0.3636 | Test Acc: 87.94%
2026-04-22 13:25:56 KST | INFO |   No improvement (4/30)
2026-04-22 13:25:56 KST | INFO | 
2026-04-22 13:25:56 KST | INFO | Epoch 64/200 | LR: 0.077451
2026-04-22 13:26:08 KST | INFO |   Train Loss: 0.2327 | Test Loss: 0.3378 | Test Acc: 89.09%
2026-04-22 13:26:08 KST | INFO |   🏆 New best accuracy: 89.09%
2026-04-22 13:26:08 KST | INFO | 
2026-04-22 13:26:08 KST | INFO | Epoch 65/200 | LR: 0.076792
2026-04-22 13:26:20 KST | INFO |   Train Loss: 0.2298 | Test Loss: 0.3321 | Test Acc: 89.24%
2026-04-22 13:26:20 KST | INFO |   🏆 New best accuracy: 89.24%
2026-04-22 13:26:20 KST | INFO | 
2026-04-22 13:26:20 KST | INFO | Epoch 66/200 | LR: 0.076125
2026-04-22 13:26:32 KST | INFO |   Train Loss: 0.2266 | Test Loss: 0.3230 | Test Acc: 88.99%
2026-04-22 13:26:32 KST | INFO |   No improvement (1/30)
2026-04-22 13:26:32 KST | INFO | 
2026-04-22 13:26:32 KST | INFO | Epoch 67/200 | LR: 0.075452
2026-04-22 13:26:43 KST | INFO |   Train Loss: 0.2228 | Test Loss: 0.4056 | Test Acc: 86.86%
2026-04-22 13:26:43 KST | INFO |   No improvement (2/30)
2026-04-22 13:26:43 KST | INFO | 
2026-04-22 13:26:43 KST | INFO | Epoch 68/200 | LR: 0.074773
2026-04-22 13:26:55 KST | INFO |   Train Loss: 0.2191 | Test Loss: 0.3448 | Test Acc: 88.71%
2026-04-22 13:26:55 KST | INFO |   No improvement (3/30)
2026-04-22 13:26:55 KST | INFO | 
2026-04-22 13:26:55 KST | INFO | Epoch 69/200 | LR: 0.074088
2026-04-22 13:27:07 KST | INFO |   Train Loss: 0.2186 | Test Loss: 0.4220 | Test Acc: 87.20%
2026-04-22 13:27:07 KST | INFO |   No improvement (4/30)
2026-04-22 13:27:07 KST | INFO | 
2026-04-22 13:27:07 KST | INFO | Epoch 70/200 | LR: 0.073397
2026-04-22 13:27:18 KST | INFO |   Train Loss: 0.2191 | Test Loss: 0.4044 | Test Acc: 87.64%
2026-04-22 13:27:18 KST | INFO |   No improvement (5/30)
2026-04-22 13:27:18 KST | INFO | 
2026-04-22 13:27:18 KST | INFO | Epoch 71/200 | LR: 0.072700
2026-04-22 13:27:30 KST | INFO |   Train Loss: 0.2158 | Test Loss: 0.3540 | Test Acc: 89.11%
2026-04-22 13:27:30 KST | INFO |   No improvement (6/30)
2026-04-22 13:27:30 KST | INFO | 
2026-04-22 13:27:30 KST | INFO | Epoch 72/200 | LR: 0.071997
2026-04-22 13:27:42 KST | INFO |   Train Loss: 0.2160 | Test Loss: 0.3567 | Test Acc: 88.63%
2026-04-22 13:27:42 KST | INFO |   No improvement (7/30)
2026-04-22 13:27:42 KST | INFO | 
2026-04-22 13:27:42 KST | INFO | Epoch 73/200 | LR: 0.071289
2026-04-22 13:27:53 KST | INFO |   Train Loss: 0.2095 | Test Loss: 0.3813 | Test Acc: 87.33%
2026-04-22 13:27:53 KST | INFO |   No improvement (8/30)
2026-04-22 13:27:53 KST | INFO | 
2026-04-22 13:27:53 KST | INFO | Epoch 74/200 | LR: 0.070576
2026-04-22 13:28:06 KST | INFO |   Train Loss: 0.2097 | Test Loss: 0.3570 | Test Acc: 88.41%
2026-04-22 13:28:06 KST | INFO |   No improvement (9/30)
2026-04-22 13:28:06 KST | INFO | 
2026-04-22 13:28:06 KST | INFO | Epoch 75/200 | LR: 0.069858
2026-04-22 13:28:18 KST | INFO |   Train Loss: 0.2085 | Test Loss: 0.3811 | Test Acc: 88.74%
2026-04-22 13:28:18 KST | INFO |   No improvement (10/30)
2026-04-22 13:28:18 KST | INFO | 
2026-04-22 13:28:18 KST | INFO | Epoch 76/200 | LR: 0.069134
2026-04-22 13:28:29 KST | INFO |   Train Loss: 0.2058 | Test Loss: 0.4197 | Test Acc: 86.60%
2026-04-22 13:28:29 KST | INFO |   No improvement (11/30)
2026-04-22 13:28:29 KST | INFO | 
2026-04-22 13:28:29 KST | INFO | Epoch 77/200 | LR: 0.068407
2026-04-22 13:28:40 KST | INFO |   Train Loss: 0.2008 | Test Loss: 0.3538 | Test Acc: 88.16%
2026-04-22 13:28:40 KST | INFO |   No improvement (12/30)
2026-04-22 13:28:40 KST | INFO | 
2026-04-22 13:28:40 KST | INFO | Epoch 78/200 | LR: 0.067674
2026-04-22 13:28:52 KST | INFO |   Train Loss: 0.2012 | Test Loss: 0.3568 | Test Acc: 88.50%
2026-04-22 13:28:52 KST | INFO |   No improvement (13/30)
2026-04-22 13:28:52 KST | INFO | 
2026-04-22 13:28:52 KST | INFO | Epoch 79/200 | LR: 0.066937
2026-04-22 13:29:04 KST | INFO |   Train Loss: 0.1928 | Test Loss: 0.3863 | Test Acc: 87.91%
2026-04-22 13:29:04 KST | INFO |   No improvement (14/30)
2026-04-22 13:29:04 KST | INFO | 
2026-04-22 13:29:04 KST | INFO | Epoch 80/200 | LR: 0.066196
2026-04-22 13:29:16 KST | INFO |   Train Loss: 0.1918 | Test Loss: 0.3473 | Test Acc: 89.10%
2026-04-22 13:29:16 KST | INFO |   No improvement (15/30)
2026-04-22 13:29:16 KST | INFO | 
2026-04-22 13:29:16 KST | INFO | Epoch 81/200 | LR: 0.065451
2026-04-22 13:29:29 KST | INFO |   Train Loss: 0.1928 | Test Loss: 0.3365 | Test Acc: 88.97%
2026-04-22 13:29:29 KST | INFO |   No improvement (16/30)
2026-04-22 13:29:29 KST | INFO | 
2026-04-22 13:29:29 KST | INFO | Epoch 82/200 | LR: 0.064702
2026-04-22 13:29:41 KST | INFO |   Train Loss: 0.1879 | Test Loss: 0.3250 | Test Acc: 89.60%
2026-04-22 13:29:41 KST | INFO |   🏆 New best accuracy: 89.60%
2026-04-22 13:29:41 KST | INFO | 
2026-04-22 13:29:41 KST | INFO | Epoch 83/200 | LR: 0.063950
2026-04-22 13:29:53 KST | INFO |   Train Loss: 0.1885 | Test Loss: 0.3564 | Test Acc: 89.00%
2026-04-22 13:29:53 KST | INFO |   No improvement (1/30)
2026-04-22 13:29:53 KST | INFO | 
2026-04-22 13:29:53 KST | INFO | Epoch 84/200 | LR: 0.063194
2026-04-22 13:30:05 KST | INFO |   Train Loss: 0.1813 | Test Loss: 0.3300 | Test Acc: 89.86%
2026-04-22 13:30:05 KST | INFO |   🏆 New best accuracy: 89.86%
2026-04-22 13:30:05 KST | INFO | 
2026-04-22 13:30:05 KST | INFO | Epoch 85/200 | LR: 0.062435
2026-04-22 13:30:17 KST | INFO |   Train Loss: 0.1786 | Test Loss: 0.3508 | Test Acc: 88.74%
2026-04-22 13:30:17 KST | INFO |   No improvement (1/30)
2026-04-22 13:30:17 KST | INFO | 
2026-04-22 13:30:17 KST | INFO | Epoch 86/200 | LR: 0.061673
2026-04-22 13:30:29 KST | INFO |   Train Loss: 0.1789 | Test Loss: 0.3361 | Test Acc: 89.59%
2026-04-22 13:30:29 KST | INFO |   No improvement (2/30)
2026-04-22 13:30:29 KST | INFO | 
2026-04-22 13:30:29 KST | INFO | Epoch 87/200 | LR: 0.060908
2026-04-22 13:30:41 KST | INFO |   Train Loss: 0.1799 | Test Loss: 0.3359 | Test Acc: 89.31%
2026-04-22 13:30:41 KST | INFO |   No improvement (3/30)
2026-04-22 13:30:41 KST | INFO | 
2026-04-22 13:30:41 KST | INFO | Epoch 88/200 | LR: 0.060140
2026-04-22 13:30:53 KST | INFO |   Train Loss: 0.1739 | Test Loss: 0.3437 | Test Acc: 89.57%
2026-04-22 13:30:53 KST | INFO |   No improvement (4/30)
2026-04-22 13:30:53 KST | INFO | 
2026-04-22 13:30:53 KST | INFO | Epoch 89/200 | LR: 0.059369
2026-04-22 13:31:05 KST | INFO |   Train Loss: 0.1694 | Test Loss: 0.3639 | Test Acc: 89.03%
2026-04-22 13:31:05 KST | INFO |   No improvement (5/30)
2026-04-22 13:31:05 KST | INFO | 
2026-04-22 13:31:05 KST | INFO | Epoch 90/200 | LR: 0.058597
2026-04-22 13:31:17 KST | INFO |   Train Loss: 0.1696 | Test Loss: 0.3206 | Test Acc: 89.90%
2026-04-22 13:31:17 KST | INFO |   🏆 New best accuracy: 89.90%
2026-04-22 13:31:17 KST | INFO | 
2026-04-22 13:31:17 KST | INFO | Epoch 91/200 | LR: 0.057822
2026-04-22 13:31:28 KST | INFO |   Train Loss: 0.1662 | Test Loss: 0.3307 | Test Acc: 89.50%
2026-04-22 13:31:28 KST | INFO |   No improvement (1/30)
2026-04-22 13:31:28 KST | INFO | 
2026-04-22 13:31:28 KST | INFO | Epoch 92/200 | LR: 0.057045
2026-04-22 13:31:40 KST | INFO |   Train Loss: 0.1631 | Test Loss: 0.3365 | Test Acc: 89.57%
2026-04-22 13:31:40 KST | INFO |   No improvement (2/30)
2026-04-22 13:31:40 KST | INFO | 
2026-04-22 13:31:40 KST | INFO | Epoch 93/200 | LR: 0.056267
2026-04-22 13:31:52 KST | INFO |   Train Loss: 0.1622 | Test Loss: 0.3739 | Test Acc: 88.93%
2026-04-22 13:31:52 KST | INFO |   No improvement (3/30)
2026-04-22 13:31:52 KST | INFO | 
2026-04-22 13:31:52 KST | INFO | Epoch 94/200 | LR: 0.055487
2026-04-22 13:32:04 KST | INFO |   Train Loss: 0.1578 | Test Loss: 0.4018 | Test Acc: 87.57%
2026-04-22 13:32:04 KST | INFO |   No improvement (4/30)
2026-04-22 13:32:04 KST | INFO | 
2026-04-22 13:32:04 KST | INFO | Epoch 95/200 | LR: 0.054706
2026-04-22 13:32:16 KST | INFO |   Train Loss: 0.1599 | Test Loss: 0.3641 | Test Acc: 88.90%
2026-04-22 13:32:16 KST | INFO |   No improvement (5/30)
2026-04-22 13:32:16 KST | INFO | 
2026-04-22 13:32:16 KST | INFO | Epoch 96/200 | LR: 0.053923
2026-04-22 13:32:27 KST | INFO |   Train Loss: 0.1528 | Test Loss: 0.3559 | Test Acc: 88.91%
2026-04-22 13:32:27 KST | INFO |   No improvement (6/30)
2026-04-22 13:32:27 KST | INFO | 
2026-04-22 13:32:27 KST | INFO | Epoch 97/200 | LR: 0.053140
2026-04-22 13:32:39 KST | INFO |   Train Loss: 0.1548 | Test Loss: 0.3469 | Test Acc: 89.54%
2026-04-22 13:32:39 KST | INFO |   No improvement (7/30)
2026-04-22 13:32:39 KST | INFO | 
2026-04-22 13:32:39 KST | INFO | Epoch 98/200 | LR: 0.052356
2026-04-22 13:32:50 KST | INFO |   Train Loss: 0.1544 | Test Loss: 0.3863 | Test Acc: 88.66%
2026-04-22 13:32:50 KST | INFO |   No improvement (8/30)
2026-04-22 13:32:50 KST | INFO | 
2026-04-22 13:32:50 KST | INFO | Epoch 99/200 | LR: 0.051571
2026-04-22 13:33:02 KST | INFO |   Train Loss: 0.1504 | Test Loss: 0.3493 | Test Acc: 89.49%
2026-04-22 13:33:02 KST | INFO |   No improvement (9/30)
2026-04-22 13:33:02 KST | INFO | 
2026-04-22 13:33:02 KST | INFO | Epoch 100/200 | LR: 0.050786
2026-04-22 13:33:13 KST | INFO |   Train Loss: 0.1464 | Test Loss: 0.3192 | Test Acc: 90.06%
2026-04-22 13:33:13 KST | INFO |   🏆 New best accuracy: 90.06%
2026-04-22 13:33:13 KST | INFO | 
2026-04-22 13:33:13 KST | INFO | Epoch 101/200 | LR: 0.050001
2026-04-22 13:33:25 KST | INFO |   Train Loss: 0.1445 | Test Loss: 0.3305 | Test Acc: 89.96%
2026-04-22 13:33:25 KST | INFO |   No improvement (1/30)
2026-04-22 13:33:25 KST | INFO | 
2026-04-22 13:33:25 KST | INFO | Epoch 102/200 | LR: 0.049215
2026-04-22 13:33:36 KST | INFO |   Train Loss: 0.1446 | Test Loss: 0.2970 | Test Acc: 90.59%
2026-04-22 13:33:36 KST | INFO |   🏆 New best accuracy: 90.59%
2026-04-22 13:33:36 KST | INFO | 
2026-04-22 13:33:36 KST | INFO | Epoch 103/200 | LR: 0.048430
2026-04-22 13:33:48 KST | INFO |   Train Loss: 0.1411 | Test Loss: 0.3595 | Test Acc: 89.81%
2026-04-22 13:33:48 KST | INFO |   No improvement (1/30)
2026-04-22 13:33:48 KST | INFO | 
2026-04-22 13:33:48 KST | INFO | Epoch 104/200 | LR: 0.047645
2026-04-22 13:33:59 KST | INFO |   Train Loss: 0.1343 | Test Loss: 0.3507 | Test Acc: 89.51%
2026-04-22 13:33:59 KST | INFO |   No improvement (2/30)
2026-04-22 13:33:59 KST | INFO | 
2026-04-22 13:33:59 KST | INFO | Epoch 105/200 | LR: 0.046861
2026-04-22 13:34:11 KST | INFO |   Train Loss: 0.1293 | Test Loss: 0.3606 | Test Acc: 89.39%
2026-04-22 13:34:11 KST | INFO |   No improvement (3/30)
2026-04-22 13:34:11 KST | INFO | 
2026-04-22 13:34:11 KST | INFO | Epoch 106/200 | LR: 0.046078
2026-04-22 13:34:23 KST | INFO |   Train Loss: 0.1366 | Test Loss: 0.3115 | Test Acc: 90.00%
2026-04-22 13:34:23 KST | INFO |   No improvement (4/30)
2026-04-22 13:34:23 KST | INFO | 
2026-04-22 13:34:23 KST | INFO | Epoch 107/200 | LR: 0.045295
2026-04-22 13:34:35 KST | INFO |   Train Loss: 0.1279 | Test Loss: 0.3595 | Test Acc: 89.13%
2026-04-22 13:34:35 KST | INFO |   No improvement (5/30)
2026-04-22 13:34:35 KST | INFO | 
2026-04-22 13:34:35 KST | INFO | Epoch 108/200 | LR: 0.044514
2026-04-22 13:34:47 KST | INFO |   Train Loss: 0.1272 | Test Loss: 0.3497 | Test Acc: 89.67%
2026-04-22 13:34:47 KST | INFO |   No improvement (6/30)
2026-04-22 13:34:47 KST | INFO | 
2026-04-22 13:34:47 KST | INFO | Epoch 109/200 | LR: 0.043734
2026-04-22 13:34:58 KST | INFO |   Train Loss: 0.1228 | Test Loss: 0.3308 | Test Acc: 90.14%
2026-04-22 13:34:58 KST | INFO |   No improvement (7/30)
2026-04-22 13:34:58 KST | INFO | 
2026-04-22 13:34:58 KST | INFO | Epoch 110/200 | LR: 0.042956
2026-04-22 13:35:11 KST | INFO |   Train Loss: 0.1238 | Test Loss: 0.3218 | Test Acc: 90.79%
2026-04-22 13:35:11 KST | INFO |   🏆 New best accuracy: 90.79%
2026-04-22 13:35:11 KST | INFO | 
2026-04-22 13:35:11 KST | INFO | Epoch 111/200 | LR: 0.042179
2026-04-22 13:35:22 KST | INFO |   Train Loss: 0.1214 | Test Loss: 0.3678 | Test Acc: 89.77%
2026-04-22 13:35:22 KST | INFO |   No improvement (1/30)
2026-04-22 13:35:22 KST | INFO | 
2026-04-22 13:35:22 KST | INFO | Epoch 112/200 | LR: 0.041404
2026-04-22 13:35:34 KST | INFO |   Train Loss: 0.1163 | Test Loss: 0.3428 | Test Acc: 90.01%
2026-04-22 13:35:34 KST | INFO |   No improvement (2/30)
2026-04-22 13:35:34 KST | INFO | 
2026-04-22 13:35:34 KST | INFO | Epoch 113/200 | LR: 0.040632
2026-04-22 13:35:45 KST | INFO |   Train Loss: 0.1167 | Test Loss: 0.3534 | Test Acc: 89.87%
2026-04-22 13:35:45 KST | INFO |   No improvement (3/30)
2026-04-22 13:35:45 KST | INFO | 
2026-04-22 13:35:45 KST | INFO | Epoch 114/200 | LR: 0.039861
2026-04-22 13:35:57 KST | INFO |   Train Loss: 0.1111 | Test Loss: 0.3541 | Test Acc: 89.84%
2026-04-22 13:35:57 KST | INFO |   No improvement (4/30)
2026-04-22 13:35:57 KST | INFO | 
2026-04-22 13:35:57 KST | INFO | Epoch 115/200 | LR: 0.039093
2026-04-22 13:36:09 KST | INFO |   Train Loss: 0.1105 | Test Loss: 0.3817 | Test Acc: 89.50%
2026-04-22 13:36:09 KST | INFO |   No improvement (5/30)
2026-04-22 13:36:09 KST | INFO | 
2026-04-22 13:36:09 KST | INFO | Epoch 116/200 | LR: 0.038328
2026-04-22 13:36:20 KST | INFO |   Train Loss: 0.1098 | Test Loss: 0.3278 | Test Acc: 90.53%
2026-04-22 13:36:20 KST | INFO |   No improvement (6/30)
2026-04-22 13:36:20 KST | INFO | 
2026-04-22 13:36:20 KST | INFO | Epoch 117/200 | LR: 0.037566
2026-04-22 13:36:32 KST | INFO |   Train Loss: 0.1072 | Test Loss: 0.3336 | Test Acc: 90.01%
2026-04-22 13:36:32 KST | INFO |   No improvement (7/30)
2026-04-22 13:36:32 KST | INFO | 
2026-04-22 13:36:32 KST | INFO | Epoch 118/200 | LR: 0.036807
2026-04-22 13:36:44 KST | INFO |   Train Loss: 0.1052 | Test Loss: 0.3238 | Test Acc: 90.74%
2026-04-22 13:36:44 KST | INFO |   No improvement (8/30)
2026-04-22 13:36:44 KST | INFO | 
2026-04-22 13:36:44 KST | INFO | Epoch 119/200 | LR: 0.036051
2026-04-22 13:36:55 KST | INFO |   Train Loss: 0.0996 | Test Loss: 0.3577 | Test Acc: 89.90%
2026-04-22 13:36:55 KST | INFO |   No improvement (9/30)
2026-04-22 13:36:55 KST | INFO | 
2026-04-22 13:36:55 KST | INFO | Epoch 120/200 | LR: 0.035299
2026-04-22 13:37:07 KST | INFO |   Train Loss: 0.0980 | Test Loss: 0.3526 | Test Acc: 89.59%
2026-04-22 13:37:07 KST | INFO |   No improvement (10/30)
2026-04-22 13:37:07 KST | INFO | 
2026-04-22 13:37:07 KST | INFO | Epoch 121/200 | LR: 0.034550
2026-04-22 13:37:19 KST | INFO |   Train Loss: 0.0964 | Test Loss: 0.3385 | Test Acc: 90.53%
2026-04-22 13:37:19 KST | INFO |   No improvement (11/30)
2026-04-22 13:37:19 KST | INFO | 
2026-04-22 13:37:19 KST | INFO | Epoch 122/200 | LR: 0.033805
2026-04-22 13:37:31 KST | INFO |   Train Loss: 0.0963 | Test Loss: 0.3309 | Test Acc: 90.51%
2026-04-22 13:37:31 KST | INFO |   No improvement (12/30)
2026-04-22 13:37:31 KST | INFO | 
2026-04-22 13:37:31 KST | INFO | Epoch 123/200 | LR: 0.033064
2026-04-22 13:37:43 KST | INFO |   Train Loss: 0.0950 | Test Loss: 0.3746 | Test Acc: 89.43%
2026-04-22 13:37:43 KST | INFO |   No improvement (13/30)
2026-04-22 13:37:43 KST | INFO | 
2026-04-22 13:37:43 KST | INFO | Epoch 124/200 | LR: 0.032327
2026-04-22 13:37:55 KST | INFO |   Train Loss: 0.0895 | Test Loss: 0.3247 | Test Acc: 91.29%
2026-04-22 13:37:55 KST | INFO |   🏆 New best accuracy: 91.29%
2026-04-22 13:37:55 KST | INFO | 
2026-04-22 13:37:55 KST | INFO | Epoch 125/200 | LR: 0.031594
2026-04-22 13:38:07 KST | INFO |   Train Loss: 0.0894 | Test Loss: 0.3924 | Test Acc: 89.84%
2026-04-22 13:38:07 KST | INFO |   No improvement (1/30)
2026-04-22 13:38:07 KST | INFO | 
2026-04-22 13:38:07 KST | INFO | Epoch 126/200 | LR: 0.030867
2026-04-22 13:38:19 KST | INFO |   Train Loss: 0.0841 | Test Loss: 0.3541 | Test Acc: 90.24%
2026-04-22 13:38:19 KST | INFO |   No improvement (2/30)
2026-04-22 13:38:19 KST | INFO | 
2026-04-22 13:38:19 KST | INFO | Epoch 127/200 | LR: 0.030143
2026-04-22 13:38:30 KST | INFO |   Train Loss: 0.0820 | Test Loss: 0.3388 | Test Acc: 90.83%
2026-04-22 13:38:30 KST | INFO |   No improvement (3/30)
2026-04-22 13:38:30 KST | INFO | 
2026-04-22 13:38:30 KST | INFO | Epoch 128/200 | LR: 0.029425
2026-04-22 13:38:42 KST | INFO |   Train Loss: 0.0812 | Test Loss: 0.3347 | Test Acc: 90.81%
2026-04-22 13:38:42 KST | INFO |   No improvement (4/30)
2026-04-22 13:38:42 KST | INFO | 
2026-04-22 13:38:42 KST | INFO | Epoch 129/200 | LR: 0.028712
2026-04-22 13:38:54 KST | INFO |   Train Loss: 0.0806 | Test Loss: 0.3351 | Test Acc: 90.34%
2026-04-22 13:38:54 KST | INFO |   No improvement (5/30)
2026-04-22 13:38:54 KST | INFO | 
2026-04-22 13:38:54 KST | INFO | Epoch 130/200 | LR: 0.028004
2026-04-22 13:39:05 KST | INFO |   Train Loss: 0.0760 | Test Loss: 0.3145 | Test Acc: 90.87%
2026-04-22 13:39:05 KST | INFO |   No improvement (6/30)
2026-04-22 13:39:05 KST | INFO | 
2026-04-22 13:39:05 KST | INFO | Epoch 131/200 | LR: 0.027301
2026-04-22 13:39:17 KST | INFO |   Train Loss: 0.0743 | Test Loss: 0.3123 | Test Acc: 91.13%
2026-04-22 13:39:17 KST | INFO |   No improvement (7/30)
2026-04-22 13:39:17 KST | INFO | 
2026-04-22 13:39:17 KST | INFO | Epoch 132/200 | LR: 0.026604
2026-04-22 13:39:30 KST | INFO |   Train Loss: 0.0728 | Test Loss: 0.3360 | Test Acc: 91.19%
2026-04-22 13:39:30 KST | INFO |   No improvement (8/30)
2026-04-22 13:39:30 KST | INFO | 
2026-04-22 13:39:30 KST | INFO | Epoch 133/200 | LR: 0.025913
2026-04-22 13:39:41 KST | INFO |   Train Loss: 0.0696 | Test Loss: 0.3487 | Test Acc: 91.06%
2026-04-22 13:39:41 KST | INFO |   No improvement (9/30)
2026-04-22 13:39:41 KST | INFO | 
2026-04-22 13:39:41 KST | INFO | Epoch 134/200 | LR: 0.025228
2026-04-22 13:39:54 KST | INFO |   Train Loss: 0.0684 | Test Loss: 0.3577 | Test Acc: 90.66%
2026-04-22 13:39:54 KST | INFO |   No improvement (10/30)
2026-04-22 13:39:54 KST | INFO | 
2026-04-22 13:39:54 KST | INFO | Epoch 135/200 | LR: 0.024549
2026-04-22 13:40:05 KST | INFO |   Train Loss: 0.0661 | Test Loss: 0.3175 | Test Acc: 91.24%
2026-04-22 13:40:05 KST | INFO |   No improvement (11/30)
2026-04-22 13:40:05 KST | INFO | 
2026-04-22 13:40:05 KST | INFO | Epoch 136/200 | LR: 0.023876
2026-04-22 13:40:18 KST | INFO |   Train Loss: 0.0615 | Test Loss: 0.3716 | Test Acc: 91.07%
2026-04-22 13:40:18 KST | INFO |   No improvement (12/30)
2026-04-22 13:40:18 KST | INFO | 
2026-04-22 13:40:18 KST | INFO | Epoch 137/200 | LR: 0.023209
2026-04-22 13:40:29 KST | INFO |   Train Loss: 0.0640 | Test Loss: 0.3441 | Test Acc: 91.16%
2026-04-22 13:40:29 KST | INFO |   No improvement (13/30)
2026-04-22 13:40:29 KST | INFO | 
2026-04-22 13:40:29 KST | INFO | Epoch 138/200 | LR: 0.022550
2026-04-22 13:40:41 KST | INFO |   Train Loss: 0.0593 | Test Loss: 0.3851 | Test Acc: 90.50%
2026-04-22 13:40:41 KST | INFO |   No improvement (14/30)
2026-04-22 13:40:41 KST | INFO | 
2026-04-22 13:40:41 KST | INFO | Epoch 139/200 | LR: 0.021897
2026-04-22 13:40:54 KST | INFO |   Train Loss: 0.0602 | Test Loss: 0.3359 | Test Acc: 91.04%
2026-04-22 13:40:54 KST | INFO |   No improvement (15/30)
2026-04-22 13:40:54 KST | INFO | 
2026-04-22 13:40:54 KST | INFO | Epoch 140/200 | LR: 0.021251
2026-04-22 13:41:05 KST | INFO |   Train Loss: 0.0571 | Test Loss: 0.4260 | Test Acc: 89.56%
2026-04-22 13:41:05 KST | INFO |   No improvement (16/30)
2026-04-22 13:41:05 KST | INFO | 
2026-04-22 13:41:05 KST | INFO | Epoch 141/200 | LR: 0.020612
2026-04-22 13:41:18 KST | INFO |   Train Loss: 0.0539 | Test Loss: 0.3302 | Test Acc: 90.96%
2026-04-22 13:41:18 KST | INFO |   No improvement (17/30)
2026-04-22 13:41:18 KST | INFO | 
2026-04-22 13:41:18 KST | INFO | Epoch 142/200 | LR: 0.019980
2026-04-22 13:41:30 KST | INFO |   Train Loss: 0.0528 | Test Loss: 0.3305 | Test Acc: 91.23%
2026-04-22 13:41:30 KST | INFO |   No improvement (18/30)
2026-04-22 13:41:30 KST | INFO | 
2026-04-22 13:41:30 KST | INFO | Epoch 143/200 | LR: 0.019355
2026-04-22 13:41:41 KST | INFO |   Train Loss: 0.0504 | Test Loss: 0.3394 | Test Acc: 91.51%
2026-04-22 13:41:41 KST | INFO |   🏆 New best accuracy: 91.51%
2026-04-22 13:41:41 KST | INFO | 
2026-04-22 13:41:41 KST | INFO | Epoch 144/200 | LR: 0.018739
2026-04-22 13:41:53 KST | INFO |   Train Loss: 0.0507 | Test Loss: 0.3729 | Test Acc: 90.41%
2026-04-22 13:41:53 KST | INFO |   No improvement (1/30)
2026-04-22 13:41:53 KST | INFO | 
2026-04-22 13:41:53 KST | INFO | Epoch 145/200 | LR: 0.018130
2026-04-22 13:42:05 KST | INFO |   Train Loss: 0.0492 | Test Loss: 0.3552 | Test Acc: 91.11%
2026-04-22 13:42:05 KST | INFO |   No improvement (2/30)
2026-04-22 13:42:05 KST | INFO | 
2026-04-22 13:42:05 KST | INFO | Epoch 146/200 | LR: 0.017528
2026-04-22 13:42:17 KST | INFO |   Train Loss: 0.0456 | Test Loss: 0.3314 | Test Acc: 91.34%
2026-04-22 13:42:17 KST | INFO |   No improvement (3/30)
2026-04-22 13:42:17 KST | INFO | 
2026-04-22 13:42:17 KST | INFO | Epoch 147/200 | LR: 0.016935
2026-04-22 13:42:29 KST | INFO |   Train Loss: 0.0440 | Test Loss: 0.4053 | Test Acc: 90.66%
2026-04-22 13:42:29 KST | INFO |   No improvement (4/30)
2026-04-22 13:42:29 KST | INFO | 
2026-04-22 13:42:29 KST | INFO | Epoch 148/200 | LR: 0.016350
2026-04-22 13:42:40 KST | INFO |   Train Loss: 0.0407 | Test Loss: 0.4535 | Test Acc: 90.04%
2026-04-22 13:42:40 KST | INFO |   No improvement (5/30)
2026-04-22 13:42:40 KST | INFO | 
2026-04-22 13:42:40 KST | INFO | Epoch 149/200 | LR: 0.015773
2026-04-22 13:42:52 KST | INFO |   Train Loss: 0.0386 | Test Loss: 0.4503 | Test Acc: 89.94%
2026-04-22 13:42:52 KST | INFO |   No improvement (6/30)
2026-04-22 13:42:52 KST | INFO | 
2026-04-22 13:42:52 KST | INFO | Epoch 150/200 | LR: 0.015205
2026-04-22 13:43:04 KST | INFO |   Train Loss: 0.0377 | Test Loss: 0.3414 | Test Acc: 91.73%
2026-04-22 13:43:04 KST | INFO |   🏆 New best accuracy: 91.73%
2026-04-22 13:43:04 KST | INFO | 
2026-04-22 13:43:04 KST | INFO | Epoch 151/200 | LR: 0.014646
2026-04-22 13:43:16 KST | INFO |   Train Loss: 0.0397 | Test Loss: 0.3453 | Test Acc: 91.06%
2026-04-22 13:43:16 KST | INFO |   No improvement (1/30)
2026-04-22 13:43:16 KST | INFO | 
2026-04-22 13:43:16 KST | INFO | Epoch 152/200 | LR: 0.014095
2026-04-22 13:43:28 KST | INFO |   Train Loss: 0.0348 | Test Loss: 0.3846 | Test Acc: 91.47%
2026-04-22 13:43:28 KST | INFO |   No improvement (2/30)
2026-04-22 13:43:28 KST | INFO | 
2026-04-22 13:43:28 KST | INFO | Epoch 153/200 | LR: 0.013552
2026-04-22 13:43:40 KST | INFO |   Train Loss: 0.0341 | Test Loss: 0.3734 | Test Acc: 91.30%
2026-04-22 13:43:40 KST | INFO |   No improvement (3/30)
2026-04-22 13:43:40 KST | INFO | 
2026-04-22 13:43:40 KST | INFO | Epoch 154/200 | LR: 0.013019
2026-04-22 13:43:51 KST | INFO |   Train Loss: 0.0309 | Test Loss: 0.3509 | Test Acc: 91.69%
2026-04-22 13:43:51 KST | INFO |   No improvement (4/30)
2026-04-22 13:43:51 KST | INFO | 
2026-04-22 13:43:51 KST | INFO | Epoch 155/200 | LR: 0.012495
2026-04-22 13:44:03 KST | INFO |   Train Loss: 0.0318 | Test Loss: 0.3591 | Test Acc: 91.44%
2026-04-22 13:44:03 KST | INFO |   No improvement (5/30)
2026-04-22 13:44:03 KST | INFO | 
2026-04-22 13:44:03 KST | INFO | Epoch 156/200 | LR: 0.011981
2026-04-22 13:44:15 KST | INFO |   Train Loss: 0.0284 | Test Loss: 0.3682 | Test Acc: 91.50%
2026-04-22 13:44:15 KST | INFO |   No improvement (6/30)
2026-04-22 13:44:15 KST | INFO | 
2026-04-22 13:44:15 KST | INFO | Epoch 157/200 | LR: 0.011475
2026-04-22 13:44:27 KST | INFO |   Train Loss: 0.0285 | Test Loss: 0.3527 | Test Acc: 91.83%
2026-04-22 13:44:27 KST | INFO |   🏆 New best accuracy: 91.83%
2026-04-22 13:44:27 KST | INFO | 
2026-04-22 13:44:27 KST | INFO | Epoch 158/200 | LR: 0.010979
2026-04-22 13:44:39 KST | INFO |   Train Loss: 0.0276 | Test Loss: 0.3691 | Test Acc: 91.66%
2026-04-22 13:44:39 KST | INFO |   No improvement (1/30)
2026-04-22 13:44:39 KST | INFO | 
2026-04-22 13:44:39 KST | INFO | Epoch 159/200 | LR: 0.010493
2026-04-22 13:44:51 KST | INFO |   Train Loss: 0.0252 | Test Loss: 0.3882 | Test Acc: 91.29%
2026-04-22 13:44:51 KST | INFO |   No improvement (2/30)
2026-04-22 13:44:51 KST | INFO | 
2026-04-22 13:44:51 KST | INFO | Epoch 160/200 | LR: 0.010017
2026-04-22 13:45:03 KST | INFO |   Train Loss: 0.0247 | Test Loss: 0.3526 | Test Acc: 91.71%
2026-04-22 13:45:03 KST | INFO |   No improvement (3/30)
2026-04-22 13:45:03 KST | INFO | 
2026-04-22 13:45:03 KST | INFO | Epoch 161/200 | LR: 0.009550
2026-04-22 13:45:15 KST | INFO |   Train Loss: 0.0236 | Test Loss: 0.4062 | Test Acc: 91.00%
2026-04-22 13:45:15 KST | INFO |   No improvement (4/30)
2026-04-22 13:45:15 KST | INFO | 
2026-04-22 13:45:15 KST | INFO | Epoch 162/200 | LR: 0.009093
2026-04-22 13:45:27 KST | INFO |   Train Loss: 0.0209 | Test Loss: 0.3890 | Test Acc: 91.56%
2026-04-22 13:45:27 KST | INFO |   No improvement (5/30)
2026-04-22 13:45:27 KST | INFO | 
2026-04-22 13:45:27 KST | INFO | Epoch 163/200 | LR: 0.008647
2026-04-22 13:45:39 KST | INFO |   Train Loss: 0.0218 | Test Loss: 0.3686 | Test Acc: 91.61%
2026-04-22 13:45:39 KST | INFO |   No improvement (6/30)
2026-04-22 13:45:39 KST | INFO | 
2026-04-22 13:45:39 KST | INFO | Epoch 164/200 | LR: 0.008211
2026-04-22 13:45:51 KST | INFO |   Train Loss: 0.0210 | Test Loss: 0.3966 | Test Acc: 91.19%
2026-04-22 13:45:51 KST | INFO |   No improvement (7/30)
2026-04-22 13:45:51 KST | INFO | 
2026-04-22 13:45:51 KST | INFO | Epoch 165/200 | LR: 0.007785
2026-04-22 13:46:02 KST | INFO |   Train Loss: 0.0186 | Test Loss: 0.3669 | Test Acc: 91.99%
2026-04-22 13:46:02 KST | INFO |   🏆 New best accuracy: 91.99%
2026-04-22 13:46:02 KST | INFO | 
2026-04-22 13:46:02 KST | INFO | Epoch 166/200 | LR: 0.007369
2026-04-22 13:46:14 KST | INFO |   Train Loss: 0.0167 | Test Loss: 0.3720 | Test Acc: 91.80%
2026-04-22 13:46:14 KST | INFO |   No improvement (1/30)
2026-04-22 13:46:14 KST | INFO | 
2026-04-22 13:46:14 KST | INFO | Epoch 167/200 | LR: 0.006964
2026-04-22 13:46:26 KST | INFO |   Train Loss: 0.0169 | Test Loss: 0.3705 | Test Acc: 91.87%
2026-04-22 13:46:26 KST | INFO |   No improvement (2/30)
2026-04-22 13:46:26 KST | INFO | 
2026-04-22 13:46:26 KST | INFO | Epoch 168/200 | LR: 0.006569
2026-04-22 13:46:37 KST | INFO |   Train Loss: 0.0154 | Test Loss: 0.3752 | Test Acc: 92.03%
2026-04-22 13:46:37 KST | INFO |   🏆 New best accuracy: 92.03%
2026-04-22 13:46:37 KST | INFO | 
2026-04-22 13:46:37 KST | INFO | Epoch 169/200 | LR: 0.006186
2026-04-22 13:46:49 KST | INFO |   Train Loss: 0.0150 | Test Loss: 0.3833 | Test Acc: 91.99%
2026-04-22 13:46:49 KST | INFO |   No improvement (1/30)
2026-04-22 13:46:49 KST | INFO | 
2026-04-22 13:46:49 KST | INFO | Epoch 170/200 | LR: 0.005813
2026-04-22 13:47:00 KST | INFO |   Train Loss: 0.0131 | Test Loss: 0.3631 | Test Acc: 92.00%
2026-04-22 13:47:00 KST | INFO |   No improvement (2/30)
2026-04-22 13:47:00 KST | INFO | 
2026-04-22 13:47:00 KST | INFO | Epoch 171/200 | LR: 0.005451
2026-04-22 13:47:11 KST | INFO |   Train Loss: 0.0129 | Test Loss: 0.3829 | Test Acc: 91.83%
2026-04-22 13:47:11 KST | INFO |   No improvement (3/30)
2026-04-22 13:47:11 KST | INFO | 
2026-04-22 13:47:11 KST | INFO | Epoch 172/200 | LR: 0.005100
2026-04-22 13:47:23 KST | INFO |   Train Loss: 0.0130 | Test Loss: 0.3848 | Test Acc: 91.86%
2026-04-22 13:47:23 KST | INFO |   No improvement (4/30)
2026-04-22 13:47:23 KST | INFO | 
2026-04-22 13:47:23 KST | INFO | Epoch 173/200 | LR: 0.004760
2026-04-22 13:47:34 KST | INFO |   Train Loss: 0.0120 | Test Loss: 0.3660 | Test Acc: 91.93%
2026-04-22 13:47:34 KST | INFO |   No improvement (5/30)
2026-04-22 13:47:34 KST | INFO | 
2026-04-22 13:47:34 KST | INFO | Epoch 174/200 | LR: 0.004431
2026-04-22 13:47:46 KST | INFO |   Train Loss: 0.0107 | Test Loss: 0.3857 | Test Acc: 91.77%
2026-04-22 13:47:46 KST | INFO |   No improvement (6/30)
2026-04-22 13:47:46 KST | INFO | 
2026-04-22 13:47:46 KST | INFO | Epoch 175/200 | LR: 0.004113
2026-04-22 13:47:58 KST | INFO |   Train Loss: 0.0095 | Test Loss: 0.3767 | Test Acc: 91.76%
2026-04-22 13:47:58 KST | INFO |   No improvement (7/30)
2026-04-22 13:47:58 KST | INFO | 
2026-04-22 13:47:58 KST | INFO | Epoch 176/200 | LR: 0.003807
2026-04-22 13:48:10 KST | INFO |   Train Loss: 0.0098 | Test Loss: 0.3897 | Test Acc: 91.80%
2026-04-22 13:48:10 KST | INFO |   No improvement (8/30)
2026-04-22 13:48:10 KST | INFO | 
2026-04-22 13:48:10 KST | INFO | Epoch 177/200 | LR: 0.003512
2026-04-22 13:48:22 KST | INFO |   Train Loss: 0.0089 | Test Loss: 0.4060 | Test Acc: 91.47%
2026-04-22 13:48:22 KST | INFO |   No improvement (9/30)
2026-04-22 13:48:22 KST | INFO | 
2026-04-22 13:48:22 KST | INFO | Epoch 178/200 | LR: 0.003229
2026-04-22 13:48:33 KST | INFO |   Train Loss: 0.0087 | Test Loss: 0.3762 | Test Acc: 91.90%
2026-04-22 13:48:33 KST | INFO |   No improvement (10/30)
2026-04-22 13:48:33 KST | INFO | 
2026-04-22 13:48:33 KST | INFO | Epoch 179/200 | LR: 0.002957
2026-04-22 13:48:45 KST | INFO |   Train Loss: 0.0089 | Test Loss: 0.3850 | Test Acc: 92.10%
2026-04-22 13:48:45 KST | INFO |   🏆 New best accuracy: 92.10%
2026-04-22 13:48:45 KST | INFO | 
2026-04-22 13:48:45 KST | INFO | Epoch 180/200 | LR: 0.002697
2026-04-22 13:48:57 KST | INFO |   Train Loss: 0.0087 | Test Loss: 0.3796 | Test Acc: 92.21%
2026-04-22 13:48:57 KST | INFO |   🏆 New best accuracy: 92.21%
2026-04-22 13:48:57 KST | INFO | 
2026-04-22 13:48:57 KST | INFO | Epoch 181/200 | LR: 0.002448
2026-04-22 13:49:10 KST | INFO |   Train Loss: 0.0078 | Test Loss: 0.3836 | Test Acc: 91.86%
2026-04-22 13:49:10 KST | INFO |   No improvement (1/30)
2026-04-22 13:49:10 KST | INFO | 
2026-04-22 13:49:10 KST | INFO | Epoch 182/200 | LR: 0.002211
2026-04-22 13:49:22 KST | INFO |   Train Loss: 0.0076 | Test Loss: 0.3760 | Test Acc: 92.26%
2026-04-22 13:49:22 KST | INFO |   🏆 New best accuracy: 92.26%
2026-04-22 13:49:22 KST | INFO | 
2026-04-22 13:49:22 KST | INFO | Epoch 183/200 | LR: 0.001986
2026-04-22 13:49:34 KST | INFO |   Train Loss: 0.0064 | Test Loss: 0.3779 | Test Acc: 92.24%
2026-04-22 13:49:34 KST | INFO |   No improvement (1/30)
2026-04-22 13:49:34 KST | INFO | 
2026-04-22 13:49:34 KST | INFO | Epoch 184/200 | LR: 0.001773
2026-04-22 13:49:46 KST | INFO |   Train Loss: 0.0071 | Test Loss: 0.3818 | Test Acc: 91.90%
2026-04-22 13:49:46 KST | INFO |   No improvement (2/30)
2026-04-22 13:49:46 KST | INFO | 
2026-04-22 13:49:46 KST | INFO | Epoch 185/200 | LR: 0.001572
2026-04-22 13:49:57 KST | INFO |   Train Loss: 0.0065 | Test Loss: 0.3914 | Test Acc: 91.90%
2026-04-22 13:49:57 KST | INFO |   No improvement (3/30)
2026-04-22 13:49:57 KST | INFO | 
2026-04-22 13:49:57 KST | INFO | Epoch 186/200 | LR: 0.001382
2026-04-22 13:50:09 KST | INFO |   Train Loss: 0.0063 | Test Loss: 0.3823 | Test Acc: 92.14%
2026-04-22 13:50:09 KST | INFO |   No improvement (4/30)
2026-04-22 13:50:09 KST | INFO | 
2026-04-22 13:50:09 KST | INFO | Epoch 187/200 | LR: 0.001205
2026-04-22 13:50:21 KST | INFO |   Train Loss: 0.0057 | Test Loss: 0.3777 | Test Acc: 92.07%
2026-04-22 13:50:21 KST | INFO |   No improvement (5/30)
2026-04-22 13:50:21 KST | INFO | 
2026-04-22 13:50:21 KST | INFO | Epoch 188/200 | LR: 0.001040
2026-04-22 13:50:32 KST | INFO |   Train Loss: 0.0055 | Test Loss: 0.3830 | Test Acc: 92.03%
2026-04-22 13:50:32 KST | INFO |   No improvement (6/30)
2026-04-22 13:50:32 KST | INFO | 
2026-04-22 13:50:32 KST | INFO | Epoch 189/200 | LR: 0.000887
2026-04-22 13:50:44 KST | INFO |   Train Loss: 0.0055 | Test Loss: 0.3863 | Test Acc: 92.03%
2026-04-22 13:50:44 KST | INFO |   No improvement (7/30)
2026-04-22 13:50:44 KST | INFO | 
2026-04-22 13:50:44 KST | INFO | Epoch 190/200 | LR: 0.000746
2026-04-22 13:50:55 KST | INFO |   Train Loss: 0.0056 | Test Loss: 0.3834 | Test Acc: 92.26%
2026-04-22 13:50:55 KST | INFO |   No improvement (8/30)
2026-04-22 13:50:55 KST | INFO | 
2026-04-22 13:50:55 KST | INFO | Epoch 191/200 | LR: 0.000617
2026-04-22 13:51:07 KST | INFO |   Train Loss: 0.0053 | Test Loss: 0.3847 | Test Acc: 92.11%
2026-04-22 13:51:07 KST | INFO |   No improvement (9/30)
2026-04-22 13:51:07 KST | INFO | 
2026-04-22 13:51:07 KST | INFO | Epoch 192/200 | LR: 0.000500
2026-04-22 13:51:19 KST | INFO |   Train Loss: 0.0056 | Test Loss: 0.3814 | Test Acc: 92.11%
2026-04-22 13:51:19 KST | INFO |   No improvement (10/30)
2026-04-22 13:51:19 KST | INFO | 
2026-04-22 13:51:19 KST | INFO | Epoch 193/200 | LR: 0.000395
2026-04-22 13:51:31 KST | INFO |   Train Loss: 0.0054 | Test Loss: 0.3857 | Test Acc: 92.11%
2026-04-22 13:51:31 KST | INFO |   No improvement (11/30)
2026-04-22 13:51:31 KST | INFO | 
2026-04-22 13:51:31 KST | INFO | Epoch 194/200 | LR: 0.000303
2026-04-22 13:51:43 KST | INFO |   Train Loss: 0.0050 | Test Loss: 0.3876 | Test Acc: 92.14%
2026-04-22 13:51:43 KST | INFO |   No improvement (12/30)
2026-04-22 13:51:43 KST | INFO | 
2026-04-22 13:51:43 KST | INFO | Epoch 195/200 | LR: 0.000223
2026-04-22 13:51:54 KST | INFO |   Train Loss: 0.0049 | Test Loss: 0.3815 | Test Acc: 92.13%
2026-04-22 13:51:54 KST | INFO |   No improvement (13/30)
2026-04-22 13:51:54 KST | INFO | 
2026-04-22 13:51:54 KST | INFO | Epoch 196/200 | LR: 0.000155
2026-04-22 13:52:06 KST | INFO |   Train Loss: 0.0047 | Test Loss: 0.3819 | Test Acc: 92.17%
2026-04-22 13:52:06 KST | INFO |   No improvement (14/30)
2026-04-22 13:52:06 KST | INFO | 
2026-04-22 13:52:06 KST | INFO | Epoch 197/200 | LR: 0.000100
2026-04-22 13:52:18 KST | INFO |   Train Loss: 0.0053 | Test Loss: 0.3785 | Test Acc: 92.23%
2026-04-22 13:52:18 KST | INFO |   No improvement (15/30)
2026-04-22 13:52:18 KST | INFO | 
2026-04-22 13:52:18 KST | INFO | Epoch 198/200 | LR: 0.000057
2026-04-22 13:52:29 KST | INFO |   Train Loss: 0.0050 | Test Loss: 0.3791 | Test Acc: 92.13%
2026-04-22 13:52:29 KST | INFO |   No improvement (16/30)
2026-04-22 13:52:29 KST | INFO | 
2026-04-22 13:52:29 KST | INFO | Epoch 199/200 | LR: 0.000026
2026-04-22 13:52:41 KST | INFO |   Train Loss: 0.0050 | Test Loss: 0.3809 | Test Acc: 92.16%
2026-04-22 13:52:41 KST | INFO |   No improvement (17/30)
2026-04-22 13:52:41 KST | INFO | 
2026-04-22 13:52:41 KST | INFO | Epoch 200/200 | LR: 0.000007
2026-04-22 13:52:53 KST | INFO |   Train Loss: 0.0051 | Test Loss: 0.3804 | Test Acc: 92.14%
2026-04-22 13:52:53 KST | INFO |   No improvement (18/30)
2026-04-22 13:52:53 KST | INFO | 
2026-04-22 13:52:53 KST | INFO | ================================================================================
2026-04-22 13:52:53 KST | INFO | TRAINING COMPLETE
2026-04-22 13:52:53 KST | INFO | ================================================================================
2026-04-22 13:52:53 KST | INFO | Best accuracy:  92.26% (Epoch 182)
2026-04-22 13:52:53 KST | INFO | Final accuracy: 92.14%
2026-04-22 13:52:53 KST | INFO | ================================================================================
2026-04-22 13:52:53 KST | INFO | 
2026-04-22 13:52:53 KST | INFO | Full log: logs/centralized_20260422_131304.log
2026-04-22 13:52:53 KST | INFO | ================================================================================
