2026-04-22 11:15:48 KST | INFO | ================================================================================
2026-04-22 11:15:48 KST | INFO | TL++ Centralized Baseline
2026-04-22 11:15:48 KST | INFO | ================================================================================
2026-04-22 11:15:48 KST | INFO | Log file: logs/centralized_20260422_111548.log
2026-04-22 11:15:48 KST | INFO | 
2026-04-22 11:15:48 KST | INFO | Device: cuda
2026-04-22 11:15:48 KST | INFO | 
2026-04-22 11:15:48 KST | INFO | --------------------------------------------------------------------------------
2026-04-22 11:15:48 KST | INFO | CONFIGURATION
2026-04-22 11:15:48 KST | INFO | --------------------------------------------------------------------------------
2026-04-22 11:15:48 KST | INFO | Classes:          7
2026-04-22 11:15:48 KST | INFO | Batch size:       128
2026-04-22 11:15:48 KST | INFO | Learning rate:    0.1
2026-04-22 11:15:48 KST | INFO | Scheduler:        cosine
2026-04-22 11:15:48 KST | INFO | 
2026-04-22 11:15:48 KST | INFO | --------------------------------------------------------------------------------
2026-04-22 11:15:48 KST | INFO | DATA LOADING
2026-04-22 11:15:48 KST | INFO | --------------------------------------------------------------------------------
2026-04-22 11:15:50 KST | INFO | Filtering to 7 classes (0-6)
2026-04-22 11:16:19 KST | INFO | Training samples:   35,000
2026-04-22 11:16:19 KST | INFO | Test samples:       7,000
2026-04-22 11:16:19 KST | INFO | Training batches:   274
2026-04-22 11:16:19 KST | INFO | Test batches:       28
2026-04-22 11:16:19 KST | INFO | 
2026-04-22 11:16:19 KST | INFO | --------------------------------------------------------------------------------
2026-04-22 11:16:19 KST | INFO | MODEL INITIALIZATION
2026-04-22 11:16:19 KST | INFO | --------------------------------------------------------------------------------
2026-04-22 11:16:19 KST | INFO | Total parameters:     3,246,663
2026-04-22 11:16:19 KST | INFO | Trainable parameters: 3,246,663
2026-04-22 11:16:19 KST | INFO | 
2026-04-22 11:16:19 KST | INFO | --------------------------------------------------------------------------------
2026-04-22 11:16:19 KST | INFO | OPTIMIZER & SCHEDULER
2026-04-22 11:16:19 KST | INFO | --------------------------------------------------------------------------------
2026-04-22 11:16:19 KST | INFO | Optimizer:        SGD (lr=0.1, momentum=0.9)
2026-04-22 11:16:19 KST | INFO | Scheduler:        cosine
2026-04-22 11:16:19 KST | INFO | Gradient clip:    1.0
2026-04-22 11:16:19 KST | INFO | 
2026-04-22 11:16:19 KST | INFO | --------------------------------------------------------------------------------
2026-04-22 11:16:19 KST | INFO | TRAINING
2026-04-22 11:16:19 KST | INFO | --------------------------------------------------------------------------------
2026-04-22 11:16:19 KST | INFO | 
2026-04-22 11:16:19 KST | INFO | Epoch 1/200 | LR: 0.100000
2026-04-22 11:16:31 KST | INFO |   Train Loss: 1.4967 | Test Loss: 1.1784 | Test Acc: 55.71%
2026-04-22 11:16:31 KST | INFO |   🏆 New best accuracy: 55.71%
2026-04-22 11:16:31 KST | INFO | 
2026-04-22 11:16:31 KST | INFO | Epoch 2/200 | LR: 0.099994
2026-04-22 11:16:43 KST | INFO |   Train Loss: 1.1324 | Test Loss: 0.8788 | Test Acc: 67.60%
2026-04-22 11:16:43 KST | INFO |   🏆 New best accuracy: 67.60%
2026-04-22 11:16:43 KST | INFO | 
2026-04-22 11:16:43 KST | INFO | Epoch 3/200 | LR: 0.099975
2026-04-22 11:16:56 KST | INFO |   Train Loss: 0.8956 | Test Loss: 0.7961 | Test Acc: 71.84%
2026-04-22 11:16:56 KST | INFO |   🏆 New best accuracy: 71.84%
2026-04-22 11:16:56 KST | INFO | 
2026-04-22 11:16:56 KST | INFO | Epoch 4/200 | LR: 0.099944
2026-04-22 11:17:07 KST | INFO |   Train Loss: 0.7720 | Test Loss: 0.8915 | Test Acc: 69.40%
2026-04-22 11:17:07 KST | INFO |   No improvement (1/30)
2026-04-22 11:17:07 KST | INFO | 
2026-04-22 11:17:07 KST | INFO | Epoch 5/200 | LR: 0.099901
2026-04-22 11:17:20 KST | INFO |   Train Loss: 0.6904 | Test Loss: 0.6948 | Test Acc: 75.04%
2026-04-22 11:17:20 KST | INFO |   🏆 New best accuracy: 75.04%
2026-04-22 11:17:20 KST | INFO | 
2026-04-22 11:17:20 KST | INFO | Epoch 6/200 | LR: 0.099846
2026-04-22 11:17:32 KST | INFO |   Train Loss: 0.6285 | Test Loss: 0.5914 | Test Acc: 79.23%
2026-04-22 11:17:32 KST | INFO |   🏆 New best accuracy: 79.23%
2026-04-22 11:17:32 KST | INFO | 
2026-04-22 11:17:32 KST | INFO | Epoch 7/200 | LR: 0.099778
2026-04-22 11:17:44 KST | INFO |   Train Loss: 0.5869 | Test Loss: 0.5612 | Test Acc: 79.97%
2026-04-22 11:17:44 KST | INFO |   🏆 New best accuracy: 79.97%
2026-04-22 11:17:44 KST | INFO | 
2026-04-22 11:17:44 KST | INFO | Epoch 8/200 | LR: 0.099698
2026-04-22 11:17:56 KST | INFO |   Train Loss: 0.5416 | Test Loss: 0.5935 | Test Acc: 79.41%
2026-04-22 11:17:56 KST | INFO |   No improvement (1/30)
2026-04-22 11:17:56 KST | INFO | 
2026-04-22 11:17:56 KST | INFO | Epoch 9/200 | LR: 0.099606
2026-04-22 11:18:08 KST | INFO |   Train Loss: 0.5166 | Test Loss: 0.5407 | Test Acc: 81.73%
2026-04-22 11:18:08 KST | INFO |   🏆 New best accuracy: 81.73%
2026-04-22 11:18:08 KST | INFO | 
2026-04-22 11:18:08 KST | INFO | Epoch 10/200 | LR: 0.099501
2026-04-22 11:18:20 KST | INFO |   Train Loss: 0.4934 | Test Loss: 0.4866 | Test Acc: 83.54%
2026-04-22 11:18:20 KST | INFO |   🏆 New best accuracy: 83.54%
2026-04-22 11:18:20 KST | INFO | 
2026-04-22 11:18:20 KST | INFO | Epoch 11/200 | LR: 0.099384
2026-04-22 11:18:33 KST | INFO |   Train Loss: 0.4696 | Test Loss: 0.4942 | Test Acc: 83.43%
2026-04-22 11:18:33 KST | INFO |   No improvement (1/30)
2026-04-22 11:18:33 KST | INFO | 
2026-04-22 11:18:33 KST | INFO | Epoch 12/200 | LR: 0.099255
2026-04-22 11:18:45 KST | INFO |   Train Loss: 0.4512 | Test Loss: 0.4492 | Test Acc: 84.43%
2026-04-22 11:18:45 KST | INFO |   🏆 New best accuracy: 84.43%
2026-04-22 11:18:45 KST | INFO | 
2026-04-22 11:18:45 KST | INFO | Epoch 13/200 | LR: 0.099114
2026-04-22 11:18:57 KST | INFO |   Train Loss: 0.4413 | Test Loss: 0.4524 | Test Acc: 83.49%
2026-04-22 11:18:57 KST | INFO |   No improvement (1/30)
2026-04-22 11:18:57 KST | INFO | 
2026-04-22 11:18:57 KST | INFO | Epoch 14/200 | LR: 0.098961
2026-04-22 11:19:08 KST | INFO |   Train Loss: 0.4280 | Test Loss: 0.4775 | Test Acc: 83.96%
2026-04-22 11:19:08 KST | INFO |   No improvement (2/30)
2026-04-22 11:19:08 KST | INFO | 
2026-04-22 11:19:08 KST | INFO | Epoch 15/200 | LR: 0.098796
2026-04-22 11:19:21 KST | INFO |   Train Loss: 0.4110 | Test Loss: 0.4357 | Test Acc: 85.47%
2026-04-22 11:19:21 KST | INFO |   🏆 New best accuracy: 85.47%
2026-04-22 11:19:21 KST | INFO | 
2026-04-22 11:19:21 KST | INFO | Epoch 16/200 | LR: 0.098619
2026-04-22 11:19:33 KST | INFO |   Train Loss: 0.3971 | Test Loss: 0.4221 | Test Acc: 85.70%
2026-04-22 11:19:33 KST | INFO |   🏆 New best accuracy: 85.70%
2026-04-22 11:19:33 KST | INFO | 
2026-04-22 11:19:33 KST | INFO | Epoch 17/200 | LR: 0.098429
2026-04-22 11:19:44 KST | INFO |   Train Loss: 0.3922 | Test Loss: 0.4781 | Test Acc: 83.54%
2026-04-22 11:19:44 KST | INFO |   No improvement (1/30)
2026-04-22 11:19:44 KST | INFO | 
2026-04-22 11:19:44 KST | INFO | Epoch 18/200 | LR: 0.098228
2026-04-22 11:19:56 KST | INFO |   Train Loss: 0.3860 | Test Loss: 0.4444 | Test Acc: 85.09%
2026-04-22 11:19:56 KST | INFO |   No improvement (2/30)
2026-04-22 11:19:56 KST | INFO | 
2026-04-22 11:19:56 KST | INFO | Epoch 19/200 | LR: 0.098015
2026-04-22 11:20:08 KST | INFO |   Train Loss: 0.3783 | Test Loss: 0.4197 | Test Acc: 85.43%
2026-04-22 11:20:08 KST | INFO |   No improvement (3/30)
2026-04-22 11:20:08 KST | INFO | 
2026-04-22 11:20:08 KST | INFO | Epoch 20/200 | LR: 0.097790
2026-04-22 11:20:20 KST | INFO |   Train Loss: 0.3714 | Test Loss: 0.3937 | Test Acc: 86.54%
2026-04-22 11:20:20 KST | INFO |   🏆 New best accuracy: 86.54%
2026-04-22 11:20:20 KST | INFO | 
2026-04-22 11:20:20 KST | INFO | Epoch 21/200 | LR: 0.097553
2026-04-22 11:20:32 KST | INFO |   Train Loss: 0.3638 | Test Loss: 0.3925 | Test Acc: 86.40%
2026-04-22 11:20:32 KST | INFO |   No improvement (1/30)
2026-04-22 11:20:32 KST | INFO | 
2026-04-22 11:20:32 KST | INFO | Epoch 22/200 | LR: 0.097304
2026-04-22 11:20:44 KST | INFO |   Train Loss: 0.3557 | Test Loss: 0.3694 | Test Acc: 87.39%
2026-04-22 11:20:44 KST | INFO |   🏆 New best accuracy: 87.39%
2026-04-22 11:20:44 KST | INFO | 
2026-04-22 11:20:44 KST | INFO | Epoch 23/200 | LR: 0.097044
2026-04-22 11:20:56 KST | INFO |   Train Loss: 0.3534 | Test Loss: 0.3828 | Test Acc: 86.37%
2026-04-22 11:20:56 KST | INFO |   No improvement (1/30)
2026-04-22 11:20:56 KST | INFO | 
2026-04-22 11:20:56 KST | INFO | Epoch 24/200 | LR: 0.096772
2026-04-22 11:21:08 KST | INFO |   Train Loss: 0.3397 | Test Loss: 0.4184 | Test Acc: 85.90%
2026-04-22 11:21:08 KST | INFO |   No improvement (2/30)
2026-04-22 11:21:08 KST | INFO | 
2026-04-22 11:21:08 KST | INFO | Epoch 25/200 | LR: 0.096489
2026-04-22 11:21:20 KST | INFO |   Train Loss: 0.3424 | Test Loss: 0.3770 | Test Acc: 87.01%
2026-04-22 11:21:20 KST | INFO |   No improvement (3/30)
2026-04-22 11:21:20 KST | INFO | 
2026-04-22 11:21:20 KST | INFO | Epoch 26/200 | LR: 0.096194
2026-04-22 11:21:32 KST | INFO |   Train Loss: 0.3376 | Test Loss: 0.3870 | Test Acc: 86.70%
2026-04-22 11:21:32 KST | INFO |   No improvement (4/30)
2026-04-22 11:21:32 KST | INFO | 
2026-04-22 11:21:32 KST | INFO | Epoch 27/200 | LR: 0.095888
2026-04-22 11:21:44 KST | INFO |   Train Loss: 0.3405 | Test Loss: 0.4182 | Test Acc: 86.34%
2026-04-22 11:21:44 KST | INFO |   No improvement (5/30)
2026-04-22 11:21:44 KST | INFO | 
2026-04-22 11:21:44 KST | INFO | Epoch 28/200 | LR: 0.095570
2026-04-22 11:21:56 KST | INFO |   Train Loss: 0.3315 | Test Loss: 0.4254 | Test Acc: 85.91%
2026-04-22 11:21:56 KST | INFO |   No improvement (6/30)
2026-04-22 11:21:56 KST | INFO | 
2026-04-22 11:21:56 KST | INFO | Epoch 29/200 | LR: 0.095241
2026-04-22 11:22:07 KST | INFO |   Train Loss: 0.3276 | Test Loss: 0.3787 | Test Acc: 87.46%
2026-04-22 11:22:07 KST | INFO |   🏆 New best accuracy: 87.46%
2026-04-22 11:22:07 KST | INFO | 
2026-04-22 11:22:07 KST | INFO | Epoch 30/200 | LR: 0.094901
2026-04-22 11:22:20 KST | INFO |   Train Loss: 0.3179 | Test Loss: 0.4096 | Test Acc: 85.90%
2026-04-22 11:22:20 KST | INFO |   No improvement (1/30)
2026-04-22 11:22:20 KST | INFO | 
2026-04-22 11:22:20 KST | INFO | Epoch 31/200 | LR: 0.094550
2026-04-22 11:22:32 KST | INFO |   Train Loss: 0.3220 | Test Loss: 0.3698 | Test Acc: 87.67%
2026-04-22 11:22:32 KST | INFO |   🏆 New best accuracy: 87.67%
2026-04-22 11:22:32 KST | INFO | 
2026-04-22 11:22:32 KST | INFO | Epoch 32/200 | LR: 0.094188
2026-04-22 11:22:45 KST | INFO |   Train Loss: 0.3114 | Test Loss: 0.3664 | Test Acc: 87.46%
2026-04-22 11:22:45 KST | INFO |   No improvement (1/30)
2026-04-22 11:22:45 KST | INFO | 
2026-04-22 11:22:45 KST | INFO | Epoch 33/200 | LR: 0.093815
2026-04-22 11:22:56 KST | INFO |   Train Loss: 0.3090 | Test Loss: 0.4130 | Test Acc: 86.39%
2026-04-22 11:22:56 KST | INFO |   No improvement (2/30)
2026-04-22 11:22:56 KST | INFO | 
2026-04-22 11:22:56 KST | INFO | Epoch 34/200 | LR: 0.093432
2026-04-22 11:23:08 KST | INFO |   Train Loss: 0.3078 | Test Loss: 0.4322 | Test Acc: 85.80%
2026-04-22 11:23:08 KST | INFO |   No improvement (3/30)
2026-04-22 11:23:08 KST | INFO | 
2026-04-22 11:23:08 KST | INFO | Epoch 35/200 | LR: 0.093037
2026-04-22 11:23:20 KST | INFO |   Train Loss: 0.3051 | Test Loss: 0.4042 | Test Acc: 86.96%
2026-04-22 11:23:20 KST | INFO |   No improvement (4/30)
2026-04-22 11:23:20 KST | INFO | 
2026-04-22 11:23:20 KST | INFO | Epoch 36/200 | LR: 0.092632
2026-04-22 11:23:32 KST | INFO |   Train Loss: 0.3009 | Test Loss: 0.5111 | Test Acc: 84.03%
2026-04-22 11:23:32 KST | INFO |   No improvement (5/30)
2026-04-22 11:23:32 KST | INFO | 
2026-04-22 11:23:32 KST | INFO | Epoch 37/200 | LR: 0.092216
2026-04-22 11:23:45 KST | INFO |   Train Loss: 0.2969 | Test Loss: 0.3947 | Test Acc: 87.27%
2026-04-22 11:23:45 KST | INFO |   No improvement (6/30)
2026-04-22 11:23:45 KST | INFO | 
2026-04-22 11:23:45 KST | INFO | Epoch 38/200 | LR: 0.091790
2026-04-22 11:23:57 KST | INFO |   Train Loss: 0.2924 | Test Loss: 0.3781 | Test Acc: 87.39%
2026-04-22 11:23:57 KST | INFO |   No improvement (7/30)
2026-04-22 11:23:57 KST | INFO | 
2026-04-22 11:23:57 KST | INFO | Epoch 39/200 | LR: 0.091354
2026-04-22 11:24:08 KST | INFO |   Train Loss: 0.2955 | Test Loss: 0.3312 | Test Acc: 88.77%
2026-04-22 11:24:08 KST | INFO |   🏆 New best accuracy: 88.77%
2026-04-22 11:24:08 KST | INFO | 
2026-04-22 11:24:08 KST | INFO | Epoch 40/200 | LR: 0.090908
2026-04-22 11:24:20 KST | INFO |   Train Loss: 0.2891 | Test Loss: 0.3742 | Test Acc: 86.73%
2026-04-22 11:24:20 KST | INFO |   No improvement (1/30)
2026-04-22 11:24:20 KST | INFO | 
2026-04-22 11:24:20 KST | INFO | Epoch 41/200 | LR: 0.090451
2026-04-22 11:24:32 KST | INFO |   Train Loss: 0.2923 | Test Loss: 0.4168 | Test Acc: 85.77%
2026-04-22 11:24:32 KST | INFO |   No improvement (2/30)
2026-04-22 11:24:32 KST | INFO | 
2026-04-22 11:24:32 KST | INFO | Epoch 42/200 | LR: 0.089984
2026-04-22 11:24:44 KST | INFO |   Train Loss: 0.2890 | Test Loss: 0.3632 | Test Acc: 87.29%
2026-04-22 11:24:44 KST | INFO |   No improvement (3/30)
2026-04-22 11:24:44 KST | INFO | 
2026-04-22 11:24:44 KST | INFO | Epoch 43/200 | LR: 0.089508
2026-04-22 11:24:56 KST | INFO |   Train Loss: 0.2849 | Test Loss: 0.3597 | Test Acc: 87.51%
2026-04-22 11:24:56 KST | INFO |   No improvement (4/30)
2026-04-22 11:24:56 KST | INFO | 
2026-04-22 11:24:56 KST | INFO | Epoch 44/200 | LR: 0.089022
2026-04-22 11:25:08 KST | INFO |   Train Loss: 0.2786 | Test Loss: 0.3597 | Test Acc: 87.99%
2026-04-22 11:25:08 KST | INFO |   No improvement (5/30)
2026-04-22 11:25:08 KST | INFO | 
2026-04-22 11:25:08 KST | INFO | Epoch 45/200 | LR: 0.088526
2026-04-22 11:25:20 KST | INFO |   Train Loss: 0.2773 | Test Loss: 0.3744 | Test Acc: 87.76%
2026-04-22 11:25:20 KST | INFO |   No improvement (6/30)
2026-04-22 11:25:20 KST | INFO | 
2026-04-22 11:25:20 KST | INFO | Epoch 46/200 | LR: 0.088020
2026-04-22 11:25:32 KST | INFO |   Train Loss: 0.2700 | Test Loss: 0.3699 | Test Acc: 87.50%
2026-04-22 11:25:32 KST | INFO |   No improvement (7/30)
2026-04-22 11:25:32 KST | INFO | 
2026-04-22 11:25:32 KST | INFO | Epoch 47/200 | LR: 0.087506
2026-04-22 11:25:44 KST | INFO |   Train Loss: 0.2708 | Test Loss: 0.4150 | Test Acc: 86.29%
2026-04-22 11:25:44 KST | INFO |   No improvement (8/30)
2026-04-22 11:25:44 KST | INFO | 
2026-04-22 11:25:44 KST | INFO | Epoch 48/200 | LR: 0.086982
2026-04-22 11:25:56 KST | INFO |   Train Loss: 0.2731 | Test Loss: 0.3676 | Test Acc: 87.09%
2026-04-22 11:25:56 KST | INFO |   No improvement (9/30)
2026-04-22 11:25:56 KST | INFO | 
2026-04-22 11:25:56 KST | INFO | Epoch 49/200 | LR: 0.086449
2026-04-22 11:26:09 KST | INFO |   Train Loss: 0.2688 | Test Loss: 0.3926 | Test Acc: 87.16%
2026-04-22 11:26:09 KST | INFO |   No improvement (10/30)
2026-04-22 11:26:09 KST | INFO | 
2026-04-22 11:26:09 KST | INFO | Epoch 50/200 | LR: 0.085906
2026-04-22 11:26:20 KST | INFO |   Train Loss: 0.2657 | Test Loss: 0.3340 | Test Acc: 88.81%
2026-04-22 11:26:20 KST | INFO |   🏆 New best accuracy: 88.81%
2026-04-22 11:26:20 KST | INFO | 
2026-04-22 11:26:20 KST | INFO | Epoch 51/200 | LR: 0.085355
2026-04-22 11:26:33 KST | INFO |   Train Loss: 0.2636 | Test Loss: 0.3977 | Test Acc: 87.33%
2026-04-22 11:26:33 KST | INFO |   No improvement (1/30)
2026-04-22 11:26:33 KST | INFO | 
2026-04-22 11:26:33 KST | INFO | Epoch 52/200 | LR: 0.084796
2026-04-22 11:26:44 KST | INFO |   Train Loss: 0.2614 | Test Loss: 0.3349 | Test Acc: 89.00%
2026-04-22 11:26:44 KST | INFO |   🏆 New best accuracy: 89.00%
2026-04-22 11:26:44 KST | INFO | 
2026-04-22 11:26:44 KST | INFO | Epoch 53/200 | LR: 0.084228
2026-04-22 11:26:56 KST | INFO |   Train Loss: 0.2580 | Test Loss: 0.4100 | Test Acc: 86.81%
2026-04-22 11:26:56 KST | INFO |   No improvement (1/30)
2026-04-22 11:26:56 KST | INFO | 
2026-04-22 11:26:56 KST | INFO | Epoch 54/200 | LR: 0.083651
2026-04-22 11:27:08 KST | INFO |   Train Loss: 0.2525 | Test Loss: 0.3633 | Test Acc: 87.77%
2026-04-22 11:27:08 KST | INFO |   No improvement (2/30)
2026-04-22 11:27:08 KST | INFO | 
2026-04-22 11:27:08 KST | INFO | Epoch 55/200 | LR: 0.083066
2026-04-22 11:27:20 KST | INFO |   Train Loss: 0.2511 | Test Loss: 0.4280 | Test Acc: 85.31%
2026-04-22 11:27:20 KST | INFO |   No improvement (3/30)
2026-04-22 11:27:20 KST | INFO | 
2026-04-22 11:27:20 KST | INFO | Epoch 56/200 | LR: 0.082473
2026-04-22 11:27:33 KST | INFO |   Train Loss: 0.2543 | Test Loss: 0.3785 | Test Acc: 87.17%
2026-04-22 11:27:33 KST | INFO |   No improvement (4/30)
2026-04-22 11:27:33 KST | INFO | 
2026-04-22 11:27:33 KST | INFO | Epoch 57/200 | LR: 0.081871
2026-04-22 11:27:45 KST | INFO |   Train Loss: 0.2478 | Test Loss: 0.3337 | Test Acc: 88.27%
2026-04-22 11:27:45 KST | INFO |   No improvement (5/30)
2026-04-22 11:27:45 KST | INFO | 
2026-04-22 11:27:45 KST | INFO | Epoch 58/200 | LR: 0.081262
2026-04-22 11:27:57 KST | INFO |   Train Loss: 0.2450 | Test Loss: 0.3444 | Test Acc: 88.50%
2026-04-22 11:27:57 KST | INFO |   No improvement (6/30)
2026-04-22 11:27:57 KST | INFO | 
2026-04-22 11:27:57 KST | INFO | Epoch 59/200 | LR: 0.080646
2026-04-22 11:28:09 KST | INFO |   Train Loss: 0.2393 | Test Loss: 0.3584 | Test Acc: 88.37%
2026-04-22 11:28:09 KST | INFO |   No improvement (7/30)
2026-04-22 11:28:09 KST | INFO | 
2026-04-22 11:28:09 KST | INFO | Epoch 60/200 | LR: 0.080021
2026-04-22 11:28:21 KST | INFO |   Train Loss: 0.2409 | Test Loss: 0.4118 | Test Acc: 86.43%
2026-04-22 11:28:21 KST | INFO |   No improvement (8/30)
2026-04-22 11:28:21 KST | INFO | 
2026-04-22 11:28:21 KST | INFO | Epoch 61/200 | LR: 0.079389
2026-04-22 11:28:33 KST | INFO |   Train Loss: 0.2431 | Test Loss: 0.3644 | Test Acc: 88.00%
2026-04-22 11:28:33 KST | INFO |   No improvement (9/30)
2026-04-22 11:28:33 KST | INFO | 
2026-04-22 11:28:33 KST | INFO | Epoch 62/200 | LR: 0.078750
2026-04-22 11:28:45 KST | INFO |   Train Loss: 0.2350 | Test Loss: 0.3499 | Test Acc: 88.10%
2026-04-22 11:28:45 KST | INFO |   No improvement (10/30)
2026-04-22 11:28:45 KST | INFO | 
2026-04-22 11:28:45 KST | INFO | Epoch 63/200 | LR: 0.078104
2026-04-22 11:28:57 KST | INFO |   Train Loss: 0.2340 | Test Loss: 0.3642 | Test Acc: 88.41%
2026-04-22 11:28:57 KST | INFO |   No improvement (11/30)
2026-04-22 11:28:57 KST | INFO | 
2026-04-22 11:28:57 KST | INFO | Epoch 64/200 | LR: 0.077451
2026-04-22 11:29:09 KST | INFO |   Train Loss: 0.2293 | Test Loss: 0.3846 | Test Acc: 87.77%
2026-04-22 11:29:09 KST | INFO |   No improvement (12/30)
2026-04-22 11:29:09 KST | INFO | 
2026-04-22 11:29:09 KST | INFO | Epoch 65/200 | LR: 0.076792
2026-04-22 11:29:21 KST | INFO |   Train Loss: 0.2299 | Test Loss: 0.3515 | Test Acc: 88.81%
2026-04-22 11:29:21 KST | INFO |   No improvement (13/30)
2026-04-22 11:29:21 KST | INFO | 
2026-04-22 11:29:21 KST | INFO | Epoch 66/200 | LR: 0.076125
2026-04-22 11:29:33 KST | INFO |   Train Loss: 0.2259 | Test Loss: 0.3691 | Test Acc: 87.60%
2026-04-22 11:29:33 KST | INFO |   No improvement (14/30)
2026-04-22 11:29:33 KST | INFO | 
2026-04-22 11:29:33 KST | INFO | Epoch 67/200 | LR: 0.075452
2026-04-22 11:29:45 KST | INFO |   Train Loss: 0.2279 | Test Loss: 0.4894 | Test Acc: 84.31%
2026-04-22 11:29:45 KST | INFO |   No improvement (15/30)
2026-04-22 11:29:45 KST | INFO | 
2026-04-22 11:29:45 KST | INFO | Epoch 68/200 | LR: 0.074773
2026-04-22 11:29:58 KST | INFO |   Train Loss: 0.2239 | Test Loss: 0.3374 | Test Acc: 88.61%
2026-04-22 11:29:58 KST | INFO |   No improvement (16/30)
2026-04-22 11:29:58 KST | INFO | 
2026-04-22 11:29:58 KST | INFO | Epoch 69/200 | LR: 0.074088
2026-04-22 11:30:10 KST | INFO |   Train Loss: 0.2225 | Test Loss: 0.3331 | Test Acc: 89.00%
2026-04-22 11:30:10 KST | INFO |   No improvement (17/30)
2026-04-22 11:30:10 KST | INFO | 
2026-04-22 11:30:10 KST | INFO | Epoch 70/200 | LR: 0.073397
2026-04-22 11:30:22 KST | INFO |   Train Loss: 0.2198 | Test Loss: 0.3254 | Test Acc: 88.60%
2026-04-22 11:30:22 KST | INFO |   No improvement (18/30)
2026-04-22 11:30:22 KST | INFO | 
2026-04-22 11:30:22 KST | INFO | Epoch 71/200 | LR: 0.072700
2026-04-22 11:30:34 KST | INFO |   Train Loss: 0.2164 | Test Loss: 0.3542 | Test Acc: 88.60%
2026-04-22 11:30:34 KST | INFO |   No improvement (19/30)
2026-04-22 11:30:34 KST | INFO | 
2026-04-22 11:30:34 KST | INFO | Epoch 72/200 | LR: 0.071997
2026-04-22 11:30:46 KST | INFO |   Train Loss: 0.2198 | Test Loss: 0.4015 | Test Acc: 86.89%
2026-04-22 11:30:46 KST | INFO |   No improvement (20/30)
2026-04-22 11:30:46 KST | INFO | 
2026-04-22 11:30:46 KST | INFO | Epoch 73/200 | LR: 0.071289
2026-04-22 11:30:58 KST | INFO |   Train Loss: 0.2094 | Test Loss: 0.4041 | Test Acc: 87.50%
2026-04-22 11:30:58 KST | INFO |   No improvement (21/30)
2026-04-22 11:30:58 KST | INFO | 
2026-04-22 11:30:58 KST | INFO | Epoch 74/200 | LR: 0.070576
2026-04-22 11:31:09 KST | INFO |   Train Loss: 0.2153 | Test Loss: 0.3590 | Test Acc: 88.89%
2026-04-22 11:31:09 KST | INFO |   No improvement (22/30)
2026-04-22 11:31:09 KST | INFO | 
2026-04-22 11:31:09 KST | INFO | Epoch 75/200 | LR: 0.069858
2026-04-22 11:31:21 KST | INFO |   Train Loss: 0.2068 | Test Loss: 0.3401 | Test Acc: 88.63%
2026-04-22 11:31:21 KST | INFO |   No improvement (23/30)
2026-04-22 11:31:21 KST | INFO | 
2026-04-22 11:31:21 KST | INFO | Epoch 76/200 | LR: 0.069134
2026-04-22 11:31:34 KST | INFO |   Train Loss: 0.2051 | Test Loss: 0.4109 | Test Acc: 87.91%
2026-04-22 11:31:34 KST | INFO |   No improvement (24/30)
2026-04-22 11:31:34 KST | INFO | 
2026-04-22 11:31:34 KST | INFO | Epoch 77/200 | LR: 0.068407
2026-04-22 11:31:45 KST | INFO |   Train Loss: 0.2031 | Test Loss: 0.3643 | Test Acc: 87.96%
2026-04-22 11:31:45 KST | INFO |   No improvement (25/30)
2026-04-22 11:31:45 KST | INFO | 
2026-04-22 11:31:45 KST | INFO | Epoch 78/200 | LR: 0.067674
2026-04-22 11:31:58 KST | INFO |   Train Loss: 0.1997 | Test Loss: 0.3457 | Test Acc: 88.53%
2026-04-22 11:31:58 KST | INFO |   No improvement (26/30)
2026-04-22 11:31:58 KST | INFO | 
2026-04-22 11:31:58 KST | INFO | Epoch 79/200 | LR: 0.066937
2026-04-22 11:32:10 KST | INFO |   Train Loss: 0.1998 | Test Loss: 0.3418 | Test Acc: 88.86%
2026-04-22 11:32:10 KST | INFO |   No improvement (27/30)
2026-04-22 11:32:10 KST | INFO | 
2026-04-22 11:32:10 KST | INFO | Epoch 80/200 | LR: 0.066196
2026-04-22 11:32:22 KST | INFO |   Train Loss: 0.1973 | Test Loss: 0.3823 | Test Acc: 87.96%
2026-04-22 11:32:22 KST | INFO |   No improvement (28/30)
2026-04-22 11:32:22 KST | INFO | 
2026-04-22 11:32:22 KST | INFO | Epoch 81/200 | LR: 0.065451
2026-04-22 11:32:33 KST | INFO |   Train Loss: 0.1984 | Test Loss: 0.3487 | Test Acc: 89.57%
2026-04-22 11:32:33 KST | INFO |   🏆 New best accuracy: 89.57%
2026-04-22 11:32:33 KST | INFO | 
2026-04-22 11:32:33 KST | INFO | Epoch 82/200 | LR: 0.064702
2026-04-22 11:32:46 KST | INFO |   Train Loss: 0.1890 | Test Loss: 0.3941 | Test Acc: 88.24%
2026-04-22 11:32:46 KST | INFO |   No improvement (1/30)
2026-04-22 11:32:46 KST | INFO | 
2026-04-22 11:32:46 KST | INFO | Epoch 83/200 | LR: 0.063950
2026-04-22 11:32:58 KST | INFO |   Train Loss: 0.1882 | Test Loss: 0.3553 | Test Acc: 88.33%
2026-04-22 11:32:58 KST | INFO |   No improvement (2/30)
2026-04-22 11:32:58 KST | INFO | 
2026-04-22 11:32:58 KST | INFO | Epoch 84/200 | LR: 0.063194
2026-04-22 11:33:09 KST | INFO |   Train Loss: 0.1907 | Test Loss: 0.3207 | Test Acc: 89.74%
2026-04-22 11:33:09 KST | INFO |   🏆 New best accuracy: 89.74%
2026-04-22 11:33:09 KST | INFO | 
2026-04-22 11:33:09 KST | INFO | Epoch 85/200 | LR: 0.062435
2026-04-22 11:33:21 KST | INFO |   Train Loss: 0.1850 | Test Loss: 0.3231 | Test Acc: 89.69%
2026-04-22 11:33:21 KST | INFO |   No improvement (1/30)
2026-04-22 11:33:21 KST | INFO | 
2026-04-22 11:33:21 KST | INFO | Epoch 86/200 | LR: 0.061673
2026-04-22 11:33:33 KST | INFO |   Train Loss: 0.1821 | Test Loss: 0.3060 | Test Acc: 90.06%
2026-04-22 11:33:33 KST | INFO |   🏆 New best accuracy: 90.06%
2026-04-22 11:33:33 KST | INFO | 
2026-04-22 11:33:33 KST | INFO | Epoch 87/200 | LR: 0.060908
2026-04-22 11:33:45 KST | INFO |   Train Loss: 0.1811 | Test Loss: 0.3440 | Test Acc: 89.23%
2026-04-22 11:33:45 KST | INFO |   No improvement (1/30)
2026-04-22 11:33:45 KST | INFO | 
2026-04-22 11:33:45 KST | INFO | Epoch 88/200 | LR: 0.060140
2026-04-22 11:33:57 KST | INFO |   Train Loss: 0.1769 | Test Loss: 0.3154 | Test Acc: 89.94%
2026-04-22 11:33:57 KST | INFO |   No improvement (2/30)
2026-04-22 11:33:57 KST | INFO | 
2026-04-22 11:33:57 KST | INFO | Epoch 89/200 | LR: 0.059369
2026-04-22 11:34:09 KST | INFO |   Train Loss: 0.1770 | Test Loss: 0.3225 | Test Acc: 89.99%
2026-04-22 11:34:09 KST | INFO |   No improvement (3/30)
2026-04-22 11:34:09 KST | INFO | 
2026-04-22 11:34:09 KST | INFO | Epoch 90/200 | LR: 0.058597
2026-04-22 11:34:21 KST | INFO |   Train Loss: 0.1718 | Test Loss: 0.3341 | Test Acc: 89.94%
2026-04-22 11:34:21 KST | INFO |   No improvement (4/30)
2026-04-22 11:34:21 KST | INFO | 
2026-04-22 11:34:21 KST | INFO | Epoch 91/200 | LR: 0.057822
2026-04-22 11:34:33 KST | INFO |   Train Loss: 0.1652 | Test Loss: 0.3632 | Test Acc: 89.09%
2026-04-22 11:34:33 KST | INFO |   No improvement (5/30)
2026-04-22 11:34:33 KST | INFO | 
2026-04-22 11:34:33 KST | INFO | Epoch 92/200 | LR: 0.057045
2026-04-22 11:34:45 KST | INFO |   Train Loss: 0.1660 | Test Loss: 0.3403 | Test Acc: 89.76%
2026-04-22 11:34:45 KST | INFO |   No improvement (6/30)
2026-04-22 11:34:45 KST | INFO | 
2026-04-22 11:34:45 KST | INFO | Epoch 93/200 | LR: 0.056267
2026-04-22 11:34:57 KST | INFO |   Train Loss: 0.1636 | Test Loss: 0.3750 | Test Acc: 88.81%
2026-04-22 11:34:57 KST | INFO |   No improvement (7/30)
2026-04-22 11:34:57 KST | INFO | 
2026-04-22 11:34:57 KST | INFO | Epoch 94/200 | LR: 0.055487
2026-04-22 11:35:09 KST | INFO |   Train Loss: 0.1592 | Test Loss: 0.3503 | Test Acc: 89.57%
2026-04-22 11:35:09 KST | INFO |   No improvement (8/30)
2026-04-22 11:35:09 KST | INFO | 
2026-04-22 11:35:09 KST | INFO | Epoch 95/200 | LR: 0.054706
2026-04-22 11:35:21 KST | INFO |   Train Loss: 0.1590 | Test Loss: 0.3214 | Test Acc: 89.57%
2026-04-22 11:35:21 KST | INFO |   No improvement (9/30)
2026-04-22 11:35:21 KST | INFO | 
2026-04-22 11:35:21 KST | INFO | Epoch 96/200 | LR: 0.053923
2026-04-22 11:35:33 KST | INFO |   Train Loss: 0.1556 | Test Loss: 0.3559 | Test Acc: 89.27%
2026-04-22 11:35:33 KST | INFO |   No improvement (10/30)
2026-04-22 11:35:33 KST | INFO | 
2026-04-22 11:35:33 KST | INFO | Epoch 97/200 | LR: 0.053140
2026-04-22 11:35:45 KST | INFO |   Train Loss: 0.1571 | Test Loss: 0.3607 | Test Acc: 89.07%
2026-04-22 11:35:45 KST | INFO |   No improvement (11/30)
2026-04-22 11:35:45 KST | INFO | 
2026-04-22 11:35:45 KST | INFO | Epoch 98/200 | LR: 0.052356
2026-04-22 11:35:57 KST | INFO |   Train Loss: 0.1521 | Test Loss: 0.3064 | Test Acc: 90.17%
2026-04-22 11:35:57 KST | INFO |   🏆 New best accuracy: 90.17%
2026-04-22 11:35:57 KST | INFO | 
2026-04-22 11:35:57 KST | INFO | Epoch 99/200 | LR: 0.051571
2026-04-22 11:36:09 KST | INFO |   Train Loss: 0.1498 | Test Loss: 0.3543 | Test Acc: 89.33%
2026-04-22 11:36:09 KST | INFO |   No improvement (1/30)
2026-04-22 11:36:09 KST | INFO | 
2026-04-22 11:36:09 KST | INFO | Epoch 100/200 | LR: 0.050786
2026-04-22 11:36:21 KST | INFO |   Train Loss: 0.1465 | Test Loss: 0.3725 | Test Acc: 89.51%
2026-04-22 11:36:21 KST | INFO |   No improvement (2/30)
2026-04-22 11:36:21 KST | INFO | 
2026-04-22 11:36:21 KST | INFO | Epoch 101/200 | LR: 0.050001
2026-04-22 11:36:33 KST | INFO |   Train Loss: 0.1435 | Test Loss: 0.3081 | Test Acc: 90.61%
2026-04-22 11:36:33 KST | INFO |   🏆 New best accuracy: 90.61%
2026-04-22 11:36:33 KST | INFO | 
2026-04-22 11:36:33 KST | INFO | Epoch 102/200 | LR: 0.049215
2026-04-22 11:36:45 KST | INFO |   Train Loss: 0.1393 | Test Loss: 0.3750 | Test Acc: 89.54%
2026-04-22 11:36:45 KST | INFO |   No improvement (1/30)
2026-04-22 11:36:45 KST | INFO | 
2026-04-22 11:36:45 KST | INFO | Epoch 103/200 | LR: 0.048430
2026-04-22 11:36:57 KST | INFO |   Train Loss: 0.1367 | Test Loss: 0.3171 | Test Acc: 90.24%
2026-04-22 11:36:57 KST | INFO |   No improvement (2/30)
2026-04-22 11:36:57 KST | INFO | 
2026-04-22 11:36:57 KST | INFO | Epoch 104/200 | LR: 0.047645
2026-04-22 11:37:10 KST | INFO |   Train Loss: 0.1364 | Test Loss: 0.3556 | Test Acc: 89.74%
2026-04-22 11:37:10 KST | INFO |   No improvement (3/30)
2026-04-22 11:37:10 KST | INFO | 
2026-04-22 11:37:10 KST | INFO | Epoch 105/200 | LR: 0.046861
2026-04-22 11:37:22 KST | INFO |   Train Loss: 0.1330 | Test Loss: 0.3275 | Test Acc: 90.07%
2026-04-22 11:37:22 KST | INFO |   No improvement (4/30)
2026-04-22 11:37:22 KST | INFO | 
2026-04-22 11:37:22 KST | INFO | Epoch 106/200 | LR: 0.046078
2026-04-22 11:37:34 KST | INFO |   Train Loss: 0.1323 | Test Loss: 0.3154 | Test Acc: 90.19%
2026-04-22 11:37:34 KST | INFO |   No improvement (5/30)
2026-04-22 11:37:34 KST | INFO | 
2026-04-22 11:37:34 KST | INFO | Epoch 107/200 | LR: 0.045295
2026-04-22 11:37:46 KST | INFO |   Train Loss: 0.1301 | Test Loss: 0.3425 | Test Acc: 90.04%
2026-04-22 11:37:46 KST | INFO |   No improvement (6/30)
2026-04-22 11:37:46 KST | INFO | 
2026-04-22 11:37:46 KST | INFO | Epoch 108/200 | LR: 0.044514
2026-04-22 11:37:58 KST | INFO |   Train Loss: 0.1270 | Test Loss: 0.3200 | Test Acc: 90.23%
2026-04-22 11:37:58 KST | INFO |   No improvement (7/30)
2026-04-22 11:37:58 KST | INFO | 
2026-04-22 11:37:58 KST | INFO | Epoch 109/200 | LR: 0.043734
2026-04-22 11:38:09 KST | INFO |   Train Loss: 0.1228 | Test Loss: 0.3231 | Test Acc: 90.33%
2026-04-22 11:38:09 KST | INFO |   No improvement (8/30)
2026-04-22 11:38:09 KST | INFO | 
2026-04-22 11:38:09 KST | INFO | Epoch 110/200 | LR: 0.042956
2026-04-22 11:38:22 KST | INFO |   Train Loss: 0.1201 | Test Loss: 0.3677 | Test Acc: 89.83%
2026-04-22 11:38:22 KST | INFO |   No improvement (9/30)
2026-04-22 11:38:22 KST | INFO | 
2026-04-22 11:38:22 KST | INFO | Epoch 111/200 | LR: 0.042179
2026-04-22 11:38:34 KST | INFO |   Train Loss: 0.1211 | Test Loss: 0.3071 | Test Acc: 90.89%
2026-04-22 11:38:34 KST | INFO |   🏆 New best accuracy: 90.89%
2026-04-22 11:38:34 KST | INFO | 
2026-04-22 11:38:34 KST | INFO | Epoch 112/200 | LR: 0.041404
2026-04-22 11:38:46 KST | INFO |   Train Loss: 0.1234 | Test Loss: 0.3494 | Test Acc: 90.14%
2026-04-22 11:38:46 KST | INFO |   No improvement (1/30)
2026-04-22 11:38:46 KST | INFO | 
2026-04-22 11:38:46 KST | INFO | Epoch 113/200 | LR: 0.040632
2026-04-22 11:38:57 KST | INFO |   Train Loss: 0.1156 | Test Loss: 0.3778 | Test Acc: 90.01%
2026-04-22 11:38:57 KST | INFO |   No improvement (2/30)
2026-04-22 11:38:57 KST | INFO | 
2026-04-22 11:38:57 KST | INFO | Epoch 114/200 | LR: 0.039861
2026-04-22 11:39:09 KST | INFO |   Train Loss: 0.1107 | Test Loss: 0.3410 | Test Acc: 90.06%
2026-04-22 11:39:09 KST | INFO |   No improvement (3/30)
2026-04-22 11:39:09 KST | INFO | 
2026-04-22 11:39:09 KST | INFO | Epoch 115/200 | LR: 0.039093
2026-04-22 11:39:21 KST | INFO |   Train Loss: 0.1075 | Test Loss: 0.3234 | Test Acc: 90.51%
2026-04-22 11:39:21 KST | INFO |   No improvement (4/30)
2026-04-22 11:39:21 KST | INFO | 
2026-04-22 11:39:21 KST | INFO | Epoch 116/200 | LR: 0.038328
2026-04-22 11:39:33 KST | INFO |   Train Loss: 0.1063 | Test Loss: 0.2941 | Test Acc: 91.13%
2026-04-22 11:39:33 KST | INFO |   🏆 New best accuracy: 91.13%
2026-04-22 11:39:33 KST | INFO | 
2026-04-22 11:39:33 KST | INFO | Epoch 117/200 | LR: 0.037566
2026-04-22 11:39:45 KST | INFO |   Train Loss: 0.1071 | Test Loss: 0.3460 | Test Acc: 90.24%
2026-04-22 11:39:45 KST | INFO |   No improvement (1/30)
2026-04-22 11:39:45 KST | INFO | 
2026-04-22 11:39:45 KST | INFO | Epoch 118/200 | LR: 0.036807
2026-04-22 11:39:58 KST | INFO |   Train Loss: 0.1031 | Test Loss: 0.3674 | Test Acc: 89.83%
2026-04-22 11:39:58 KST | INFO |   No improvement (2/30)
2026-04-22 11:39:58 KST | INFO | 
2026-04-22 11:39:58 KST | INFO | Epoch 119/200 | LR: 0.036051
2026-04-22 11:40:10 KST | INFO |   Train Loss: 0.1043 | Test Loss: 0.3559 | Test Acc: 90.27%
2026-04-22 11:40:10 KST | INFO |   No improvement (3/30)
2026-04-22 11:40:10 KST | INFO | 
2026-04-22 11:40:10 KST | INFO | Epoch 120/200 | LR: 0.035299
2026-04-22 11:40:22 KST | INFO |   Train Loss: 0.0971 | Test Loss: 0.3704 | Test Acc: 89.96%
2026-04-22 11:40:22 KST | INFO |   No improvement (4/30)
2026-04-22 11:40:22 KST | INFO | 
2026-04-22 11:40:22 KST | INFO | Epoch 121/200 | LR: 0.034550
2026-04-22 11:40:34 KST | INFO |   Train Loss: 0.0930 | Test Loss: 0.3835 | Test Acc: 89.91%
2026-04-22 11:40:34 KST | INFO |   No improvement (5/30)
2026-04-22 11:40:34 KST | INFO | 
2026-04-22 11:40:34 KST | INFO | Epoch 122/200 | LR: 0.033805
2026-04-22 11:40:46 KST | INFO |   Train Loss: 0.0970 | Test Loss: 0.3758 | Test Acc: 89.76%
2026-04-22 11:40:46 KST | INFO |   No improvement (6/30)
2026-04-22 11:40:46 KST | INFO | 
2026-04-22 11:40:46 KST | INFO | Epoch 123/200 | LR: 0.033064
2026-04-22 11:40:58 KST | INFO |   Train Loss: 0.0934 | Test Loss: 0.3661 | Test Acc: 90.47%
2026-04-22 11:40:58 KST | INFO |   No improvement (7/30)
2026-04-22 11:40:58 KST | INFO | 
2026-04-22 11:40:58 KST | INFO | Epoch 124/200 | LR: 0.032327
2026-04-22 11:41:10 KST | INFO |   Train Loss: 0.0933 | Test Loss: 0.3426 | Test Acc: 90.50%
2026-04-22 11:41:10 KST | INFO |   No improvement (8/30)
2026-04-22 11:41:10 KST | INFO | 
2026-04-22 11:41:10 KST | INFO | Epoch 125/200 | LR: 0.031594
2026-04-22 11:41:22 KST | INFO |   Train Loss: 0.0883 | Test Loss: 0.3206 | Test Acc: 91.06%
2026-04-22 11:41:22 KST | INFO |   No improvement (9/30)
2026-04-22 11:41:22 KST | INFO | 
2026-04-22 11:41:22 KST | INFO | Epoch 126/200 | LR: 0.030867
2026-04-22 11:41:35 KST | INFO |   Train Loss: 0.0844 | Test Loss: 0.3334 | Test Acc: 90.73%
2026-04-22 11:41:35 KST | INFO |   No improvement (10/30)
2026-04-22 11:41:35 KST | INFO | 
2026-04-22 11:41:35 KST | INFO | Epoch 127/200 | LR: 0.030143
2026-04-22 11:41:47 KST | INFO |   Train Loss: 0.0847 | Test Loss: 0.3272 | Test Acc: 90.66%
2026-04-22 11:41:47 KST | INFO |   No improvement (11/30)
2026-04-22 11:41:47 KST | INFO | 
2026-04-22 11:41:47 KST | INFO | Epoch 128/200 | LR: 0.029425
2026-04-22 11:41:59 KST | INFO |   Train Loss: 0.0844 | Test Loss: 0.3517 | Test Acc: 90.39%
2026-04-22 11:41:59 KST | INFO |   No improvement (12/30)
2026-04-22 11:41:59 KST | INFO | 
2026-04-22 11:41:59 KST | INFO | Epoch 129/200 | LR: 0.028712
2026-04-22 11:42:11 KST | INFO |   Train Loss: 0.0833 | Test Loss: 0.3371 | Test Acc: 91.17%
2026-04-22 11:42:11 KST | INFO |   🏆 New best accuracy: 91.17%
2026-04-22 11:42:11 KST | INFO | 
2026-04-22 11:42:11 KST | INFO | Epoch 130/200 | LR: 0.028004
2026-04-22 11:42:23 KST | INFO |   Train Loss: 0.0792 | Test Loss: 0.3347 | Test Acc: 90.61%
2026-04-22 11:42:23 KST | INFO |   No improvement (1/30)
2026-04-22 11:42:23 KST | INFO | 
2026-04-22 11:42:23 KST | INFO | Epoch 131/200 | LR: 0.027301
2026-04-22 11:42:36 KST | INFO |   Train Loss: 0.0740 | Test Loss: 0.3207 | Test Acc: 90.64%
2026-04-22 11:42:36 KST | INFO |   No improvement (2/30)
2026-04-22 11:42:36 KST | INFO | 
2026-04-22 11:42:36 KST | INFO | Epoch 132/200 | LR: 0.026604
2026-04-22 11:42:48 KST | INFO |   Train Loss: 0.0763 | Test Loss: 0.3504 | Test Acc: 90.44%
2026-04-22 11:42:48 KST | INFO |   No improvement (3/30)
2026-04-22 11:42:48 KST | INFO | 
2026-04-22 11:42:48 KST | INFO | Epoch 133/200 | LR: 0.025913
2026-04-22 11:43:00 KST | INFO |   Train Loss: 0.0720 | Test Loss: 0.3532 | Test Acc: 90.49%
2026-04-22 11:43:00 KST | INFO |   No improvement (4/30)
2026-04-22 11:43:00 KST | INFO | 
2026-04-22 11:43:00 KST | INFO | Epoch 134/200 | LR: 0.025228
2026-04-22 11:43:11 KST | INFO |   Train Loss: 0.0650 | Test Loss: 0.3544 | Test Acc: 90.36%
2026-04-22 11:43:11 KST | INFO |   No improvement (5/30)
2026-04-22 11:43:11 KST | INFO | 
2026-04-22 11:43:11 KST | INFO | Epoch 135/200 | LR: 0.024549
2026-04-22 11:43:24 KST | INFO |   Train Loss: 0.0679 | Test Loss: 0.3753 | Test Acc: 90.54%
2026-04-22 11:43:24 KST | INFO |   No improvement (6/30)
2026-04-22 11:43:24 KST | INFO | 
2026-04-22 11:43:24 KST | INFO | Epoch 136/200 | LR: 0.023876
2026-04-22 11:43:35 KST | INFO |   Train Loss: 0.0670 | Test Loss: 0.3362 | Test Acc: 90.64%
2026-04-22 11:43:35 KST | INFO |   No improvement (7/30)
2026-04-22 11:43:35 KST | INFO | 
2026-04-22 11:43:35 KST | INFO | Epoch 137/200 | LR: 0.023209
2026-04-22 11:43:47 KST | INFO |   Train Loss: 0.0611 | Test Loss: 0.3175 | Test Acc: 91.36%
2026-04-22 11:43:47 KST | INFO |   🏆 New best accuracy: 91.36%
2026-04-22 11:43:47 KST | INFO | 
2026-04-22 11:43:47 KST | INFO | Epoch 138/200 | LR: 0.022550
2026-04-22 11:43:59 KST | INFO |   Train Loss: 0.0594 | Test Loss: 0.3379 | Test Acc: 91.11%
2026-04-22 11:43:59 KST | INFO |   No improvement (1/30)
2026-04-22 11:43:59 KST | INFO | 
2026-04-22 11:43:59 KST | INFO | Epoch 139/200 | LR: 0.021897
2026-04-22 11:44:11 KST | INFO |   Train Loss: 0.0569 | Test Loss: 0.3852 | Test Acc: 90.60%
2026-04-22 11:44:11 KST | INFO |   No improvement (2/30)
2026-04-22 11:44:11 KST | INFO | 
2026-04-22 11:44:11 KST | INFO | Epoch 140/200 | LR: 0.021251
2026-04-22 11:44:23 KST | INFO |   Train Loss: 0.0550 | Test Loss: 0.3239 | Test Acc: 91.21%
2026-04-22 11:44:23 KST | INFO |   No improvement (3/30)
2026-04-22 11:44:23 KST | INFO | 
2026-04-22 11:44:23 KST | INFO | Epoch 141/200 | LR: 0.020612
2026-04-22 11:44:35 KST | INFO |   Train Loss: 0.0549 | Test Loss: 0.3569 | Test Acc: 90.74%
2026-04-22 11:44:35 KST | INFO |   No improvement (4/30)
2026-04-22 11:44:35 KST | INFO | 
2026-04-22 11:44:35 KST | INFO | Epoch 142/200 | LR: 0.019980
2026-04-22 11:44:47 KST | INFO |   Train Loss: 0.0499 | Test Loss: 0.3481 | Test Acc: 91.54%
2026-04-22 11:44:47 KST | INFO |   🏆 New best accuracy: 91.54%
2026-04-22 11:44:47 KST | INFO | 
2026-04-22 11:44:47 KST | INFO | Epoch 143/200 | LR: 0.019355
2026-04-22 11:44:59 KST | INFO |   Train Loss: 0.0510 | Test Loss: 0.3705 | Test Acc: 90.93%
2026-04-22 11:44:59 KST | INFO |   No improvement (1/30)
2026-04-22 11:44:59 KST | INFO | 
2026-04-22 11:44:59 KST | INFO | Epoch 144/200 | LR: 0.018739
2026-04-22 11:45:11 KST | INFO |   Train Loss: 0.0511 | Test Loss: 0.3427 | Test Acc: 91.26%
2026-04-22 11:45:11 KST | INFO |   No improvement (2/30)
2026-04-22 11:45:11 KST | INFO | 
2026-04-22 11:45:11 KST | INFO | Epoch 145/200 | LR: 0.018130
2026-04-22 11:45:23 KST | INFO |   Train Loss: 0.0458 | Test Loss: 0.3494 | Test Acc: 90.94%
2026-04-22 11:45:23 KST | INFO |   No improvement (3/30)
2026-04-22 11:45:23 KST | INFO | 
2026-04-22 11:45:23 KST | INFO | Epoch 146/200 | LR: 0.017528
2026-04-22 11:45:34 KST | INFO |   Train Loss: 0.0455 | Test Loss: 0.3480 | Test Acc: 91.30%
2026-04-22 11:45:34 KST | INFO |   No improvement (4/30)
2026-04-22 11:45:34 KST | INFO | 
2026-04-22 11:45:34 KST | INFO | Epoch 147/200 | LR: 0.016935
2026-04-22 11:45:46 KST | INFO |   Train Loss: 0.0438 | Test Loss: 0.3739 | Test Acc: 90.96%
2026-04-22 11:45:46 KST | INFO |   No improvement (5/30)
2026-04-22 11:45:46 KST | INFO | 
2026-04-22 11:45:46 KST | INFO | Epoch 148/200 | LR: 0.016350
2026-04-22 11:45:59 KST | INFO |   Train Loss: 0.0424 | Test Loss: 0.3823 | Test Acc: 90.56%
2026-04-22 11:45:59 KST | INFO |   No improvement (6/30)
2026-04-22 11:45:59 KST | INFO | 
2026-04-22 11:45:59 KST | INFO | Epoch 149/200 | LR: 0.015773
2026-04-22 11:46:11 KST | INFO |   Train Loss: 0.0405 | Test Loss: 0.3712 | Test Acc: 90.96%
2026-04-22 11:46:11 KST | INFO |   No improvement (7/30)
2026-04-22 11:46:11 KST | INFO | 
2026-04-22 11:46:11 KST | INFO | Epoch 150/200 | LR: 0.015205
2026-04-22 11:46:23 KST | INFO |   Train Loss: 0.0425 | Test Loss: 0.3800 | Test Acc: 90.94%
2026-04-22 11:46:23 KST | INFO |   No improvement (8/30)
2026-04-22 11:46:23 KST | INFO | 
2026-04-22 11:46:23 KST | INFO | Epoch 151/200 | LR: 0.014646
2026-04-22 11:46:35 KST | INFO |   Train Loss: 0.0369 | Test Loss: 0.3433 | Test Acc: 91.57%
2026-04-22 11:46:35 KST | INFO |   🏆 New best accuracy: 91.57%
2026-04-22 11:46:35 KST | INFO | 
2026-04-22 11:46:35 KST | INFO | Epoch 152/200 | LR: 0.014095
2026-04-22 11:46:47 KST | INFO |   Train Loss: 0.0365 | Test Loss: 0.3463 | Test Acc: 91.41%
2026-04-22 11:46:47 KST | INFO |   No improvement (1/30)
2026-04-22 11:46:47 KST | INFO | 
2026-04-22 11:46:47 KST | INFO | Epoch 153/200 | LR: 0.013552
2026-04-22 11:46:59 KST | INFO |   Train Loss: 0.0333 | Test Loss: 0.3469 | Test Acc: 91.64%
2026-04-22 11:46:59 KST | INFO |   🏆 New best accuracy: 91.64%
2026-04-22 11:46:59 KST | INFO | 
2026-04-22 11:46:59 KST | INFO | Epoch 154/200 | LR: 0.013019
2026-04-22 11:47:12 KST | INFO |   Train Loss: 0.0329 | Test Loss: 0.3336 | Test Acc: 91.84%
2026-04-22 11:47:12 KST | INFO |   🏆 New best accuracy: 91.84%
2026-04-22 11:47:12 KST | INFO | 
2026-04-22 11:47:12 KST | INFO | Epoch 155/200 | LR: 0.012495
2026-04-22 11:47:24 KST | INFO |   Train Loss: 0.0322 | Test Loss: 0.3550 | Test Acc: 91.70%
2026-04-22 11:47:24 KST | INFO |   No improvement (1/30)
2026-04-22 11:47:24 KST | INFO | 
2026-04-22 11:47:24 KST | INFO | Epoch 156/200 | LR: 0.011981
2026-04-22 11:47:36 KST | INFO |   Train Loss: 0.0293 | Test Loss: 0.3451 | Test Acc: 91.67%
2026-04-22 11:47:36 KST | INFO |   No improvement (2/30)
2026-04-22 11:47:36 KST | INFO | 
2026-04-22 11:47:36 KST | INFO | Epoch 157/200 | LR: 0.011475
2026-04-22 11:47:48 KST | INFO |   Train Loss: 0.0282 | Test Loss: 0.3520 | Test Acc: 91.84%
2026-04-22 11:47:48 KST | INFO |   No improvement (3/30)
2026-04-22 11:47:48 KST | INFO | 
2026-04-22 11:47:48 KST | INFO | Epoch 158/200 | LR: 0.010979
2026-04-22 11:48:00 KST | INFO |   Train Loss: 0.0289 | Test Loss: 0.3652 | Test Acc: 91.51%
2026-04-22 11:48:00 KST | INFO |   No improvement (4/30)
2026-04-22 11:48:00 KST | INFO | 
2026-04-22 11:48:00 KST | INFO | Epoch 159/200 | LR: 0.010493
2026-04-22 11:48:12 KST | INFO |   Train Loss: 0.0253 | Test Loss: 0.3580 | Test Acc: 91.83%
2026-04-22 11:48:12 KST | INFO |   No improvement (5/30)
2026-04-22 11:48:12 KST | INFO | 
2026-04-22 11:48:12 KST | INFO | Epoch 160/200 | LR: 0.010017
2026-04-22 11:48:24 KST | INFO |   Train Loss: 0.0247 | Test Loss: 0.3644 | Test Acc: 91.67%
2026-04-22 11:48:24 KST | INFO |   No improvement (6/30)
2026-04-22 11:48:24 KST | INFO | 
2026-04-22 11:48:24 KST | INFO | Epoch 161/200 | LR: 0.009550
2026-04-22 11:48:36 KST | INFO |   Train Loss: 0.0239 | Test Loss: 0.3677 | Test Acc: 91.53%
2026-04-22 11:48:36 KST | INFO |   No improvement (7/30)
2026-04-22 11:48:36 KST | INFO | 
2026-04-22 11:48:36 KST | INFO | Epoch 162/200 | LR: 0.009093
2026-04-22 11:48:49 KST | INFO |   Train Loss: 0.0223 | Test Loss: 0.3712 | Test Acc: 91.19%
2026-04-22 11:48:49 KST | INFO |   No improvement (8/30)
2026-04-22 11:48:49 KST | INFO | 
2026-04-22 11:48:49 KST | INFO | Epoch 163/200 | LR: 0.008647
2026-04-22 11:49:01 KST | INFO |   Train Loss: 0.0213 | Test Loss: 0.3640 | Test Acc: 91.86%
2026-04-22 11:49:01 KST | INFO |   🏆 New best accuracy: 91.86%
2026-04-22 11:49:01 KST | INFO | 
2026-04-22 11:49:01 KST | INFO | Epoch 164/200 | LR: 0.008211
2026-04-22 11:49:13 KST | INFO |   Train Loss: 0.0210 | Test Loss: 0.3513 | Test Acc: 91.69%
2026-04-22 11:49:13 KST | INFO |   No improvement (1/30)
2026-04-22 11:49:13 KST | INFO | 
2026-04-22 11:49:13 KST | INFO | Epoch 165/200 | LR: 0.007785
2026-04-22 11:49:26 KST | INFO |   Train Loss: 0.0182 | Test Loss: 0.3690 | Test Acc: 91.71%
2026-04-22 11:49:26 KST | INFO |   No improvement (2/30)
2026-04-22 11:49:26 KST | INFO | 
2026-04-22 11:49:26 KST | INFO | Epoch 166/200 | LR: 0.007369
2026-04-22 11:49:38 KST | INFO |   Train Loss: 0.0175 | Test Loss: 0.3785 | Test Acc: 91.39%
2026-04-22 11:49:38 KST | INFO |   No improvement (3/30)
2026-04-22 11:49:38 KST | INFO | 
2026-04-22 11:49:38 KST | INFO | Epoch 167/200 | LR: 0.006964
2026-04-22 11:49:50 KST | INFO |   Train Loss: 0.0166 | Test Loss: 0.3663 | Test Acc: 91.99%
2026-04-22 11:49:50 KST | INFO |   🏆 New best accuracy: 91.99%
2026-04-22 11:49:50 KST | INFO | 
2026-04-22 11:49:50 KST | INFO | Epoch 168/200 | LR: 0.006569
2026-04-22 11:50:02 KST | INFO |   Train Loss: 0.0149 | Test Loss: 0.3830 | Test Acc: 91.83%
2026-04-22 11:50:02 KST | INFO |   No improvement (1/30)
2026-04-22 11:50:02 KST | INFO | 
2026-04-22 11:50:02 KST | INFO | Epoch 169/200 | LR: 0.006186
2026-04-22 11:50:14 KST | INFO |   Train Loss: 0.0149 | Test Loss: 0.3684 | Test Acc: 91.96%
2026-04-22 11:50:14 KST | INFO |   No improvement (2/30)
2026-04-22 11:50:14 KST | INFO | 
2026-04-22 11:50:14 KST | INFO | Epoch 170/200 | LR: 0.005813
2026-04-22 11:50:27 KST | INFO |   Train Loss: 0.0139 | Test Loss: 0.3628 | Test Acc: 91.74%
2026-04-22 11:50:27 KST | INFO |   No improvement (3/30)
2026-04-22 11:50:27 KST | INFO | 
2026-04-22 11:50:27 KST | INFO | Epoch 171/200 | LR: 0.005451
2026-04-22 11:50:38 KST | INFO |   Train Loss: 0.0133 | Test Loss: 0.3669 | Test Acc: 92.34%
2026-04-22 11:50:38 KST | INFO |   🏆 New best accuracy: 92.34%
2026-04-22 11:50:38 KST | INFO | 
2026-04-22 11:50:38 KST | INFO | Epoch 172/200 | LR: 0.005100
2026-04-22 11:50:51 KST | INFO |   Train Loss: 0.0134 | Test Loss: 0.3701 | Test Acc: 92.13%
2026-04-22 11:50:51 KST | INFO |   No improvement (1/30)
2026-04-22 11:50:51 KST | INFO | 
2026-04-22 11:50:51 KST | INFO | Epoch 173/200 | LR: 0.004760
2026-04-22 11:51:02 KST | INFO |   Train Loss: 0.0117 | Test Loss: 0.3891 | Test Acc: 91.77%
2026-04-22 11:51:02 KST | INFO |   No improvement (2/30)
2026-04-22 11:51:02 KST | INFO | 
2026-04-22 11:51:02 KST | INFO | Epoch 174/200 | LR: 0.004431
2026-04-22 11:51:14 KST | INFO |   Train Loss: 0.0105 | Test Loss: 0.3704 | Test Acc: 91.97%
2026-04-22 11:51:14 KST | INFO |   No improvement (3/30)
2026-04-22 11:51:14 KST | INFO | 
2026-04-22 11:51:14 KST | INFO | Epoch 175/200 | LR: 0.004113
2026-04-22 11:51:26 KST | INFO |   Train Loss: 0.0108 | Test Loss: 0.3701 | Test Acc: 92.21%
2026-04-22 11:51:26 KST | INFO |   No improvement (4/30)
2026-04-22 11:51:26 KST | INFO | 
2026-04-22 11:51:26 KST | INFO | Epoch 176/200 | LR: 0.003807
2026-04-22 11:51:39 KST | INFO |   Train Loss: 0.0106 | Test Loss: 0.3769 | Test Acc: 91.74%
2026-04-22 11:51:39 KST | INFO |   No improvement (5/30)
2026-04-22 11:51:39 KST | INFO | 
2026-04-22 11:51:39 KST | INFO | Epoch 177/200 | LR: 0.003512
2026-04-22 11:51:51 KST | INFO |   Train Loss: 0.0097 | Test Loss: 0.3706 | Test Acc: 91.93%
2026-04-22 11:51:51 KST | INFO |   No improvement (6/30)
2026-04-22 11:51:51 KST | INFO | 
2026-04-22 11:51:51 KST | INFO | Epoch 178/200 | LR: 0.003229
2026-04-22 11:52:03 KST | INFO |   Train Loss: 0.0093 | Test Loss: 0.3799 | Test Acc: 91.64%
2026-04-22 11:52:03 KST | INFO |   No improvement (7/30)
2026-04-22 11:52:03 KST | INFO | 
2026-04-22 11:52:03 KST | INFO | Epoch 179/200 | LR: 0.002957
2026-04-22 11:52:15 KST | INFO |   Train Loss: 0.0083 | Test Loss: 0.3664 | Test Acc: 92.14%
2026-04-22 11:52:15 KST | INFO |   No improvement (8/30)
2026-04-22 11:52:15 KST | INFO | 
2026-04-22 11:52:15 KST | INFO | Epoch 180/200 | LR: 0.002697
2026-04-22 11:52:27 KST | INFO |   Train Loss: 0.0082 | Test Loss: 0.3807 | Test Acc: 92.27%
2026-04-22 11:52:27 KST | INFO |   No improvement (9/30)
2026-04-22 11:52:27 KST | INFO | 
2026-04-22 11:52:27 KST | INFO | Epoch 181/200 | LR: 0.002448
2026-04-22 11:52:39 KST | INFO |   Train Loss: 0.0078 | Test Loss: 0.3684 | Test Acc: 92.01%
2026-04-22 11:52:39 KST | INFO |   No improvement (10/30)
2026-04-22 11:52:39 KST | INFO | 
2026-04-22 11:52:39 KST | INFO | Epoch 182/200 | LR: 0.002211
2026-04-22 11:52:51 KST | INFO |   Train Loss: 0.0074 | Test Loss: 0.3753 | Test Acc: 91.96%
2026-04-22 11:52:51 KST | INFO |   No improvement (11/30)
2026-04-22 11:52:51 KST | INFO | 
2026-04-22 11:52:51 KST | INFO | Epoch 183/200 | LR: 0.001986
2026-04-22 11:53:03 KST | INFO |   Train Loss: 0.0072 | Test Loss: 0.3671 | Test Acc: 92.04%
2026-04-22 11:53:03 KST | INFO |   No improvement (12/30)
2026-04-22 11:53:03 KST | INFO | 
2026-04-22 11:53:03 KST | INFO | Epoch 184/200 | LR: 0.001773
2026-04-22 11:53:15 KST | INFO |   Train Loss: 0.0072 | Test Loss: 0.3725 | Test Acc: 91.97%
2026-04-22 11:53:15 KST | INFO |   No improvement (13/30)
2026-04-22 11:53:15 KST | INFO | 
2026-04-22 11:53:15 KST | INFO | Epoch 185/200 | LR: 0.001572
2026-04-22 11:53:27 KST | INFO |   Train Loss: 0.0069 | Test Loss: 0.3679 | Test Acc: 92.27%
2026-04-22 11:53:27 KST | INFO |   No improvement (14/30)
2026-04-22 11:53:27 KST | INFO | 
2026-04-22 11:53:27 KST | INFO | Epoch 186/200 | LR: 0.001382
2026-04-22 11:53:39 KST | INFO |   Train Loss: 0.0064 | Test Loss: 0.3723 | Test Acc: 92.10%
2026-04-22 11:53:39 KST | INFO |   No improvement (15/30)
2026-04-22 11:53:39 KST | INFO | 
2026-04-22 11:53:39 KST | INFO | Epoch 187/200 | LR: 0.001205
2026-04-22 11:53:51 KST | INFO |   Train Loss: 0.0066 | Test Loss: 0.3690 | Test Acc: 92.14%
2026-04-22 11:53:51 KST | INFO |   No improvement (16/30)
2026-04-22 11:53:51 KST | INFO | 
2026-04-22 11:53:51 KST | INFO | Epoch 188/200 | LR: 0.001040
2026-04-22 11:54:03 KST | INFO |   Train Loss: 0.0063 | Test Loss: 0.3654 | Test Acc: 92.07%
2026-04-22 11:54:03 KST | INFO |   No improvement (17/30)
2026-04-22 11:54:03 KST | INFO | 
2026-04-22 11:54:03 KST | INFO | Epoch 189/200 | LR: 0.000887
2026-04-22 11:54:14 KST | INFO |   Train Loss: 0.0063 | Test Loss: 0.3752 | Test Acc: 92.14%
2026-04-22 11:54:14 KST | INFO |   No improvement (18/30)
2026-04-22 11:54:14 KST | INFO | 
2026-04-22 11:54:14 KST | INFO | Epoch 190/200 | LR: 0.000746
2026-04-22 11:54:27 KST | INFO |   Train Loss: 0.0053 | Test Loss: 0.3738 | Test Acc: 92.21%
2026-04-22 11:54:27 KST | INFO |   No improvement (19/30)
2026-04-22 11:54:27 KST | INFO | 
2026-04-22 11:54:27 KST | INFO | Epoch 191/200 | LR: 0.000617
2026-04-22 11:54:39 KST | INFO |   Train Loss: 0.0052 | Test Loss: 0.3734 | Test Acc: 92.21%
2026-04-22 11:54:39 KST | INFO |   No improvement (20/30)
2026-04-22 11:54:39 KST | INFO | 
2026-04-22 11:54:39 KST | INFO | Epoch 192/200 | LR: 0.000500
2026-04-22 11:54:51 KST | INFO |   Train Loss: 0.0051 | Test Loss: 0.3730 | Test Acc: 92.17%
2026-04-22 11:54:51 KST | INFO |   No improvement (21/30)
2026-04-22 11:54:51 KST | INFO | 
2026-04-22 11:54:51 KST | INFO | Epoch 193/200 | LR: 0.000395
2026-04-22 11:55:03 KST | INFO |   Train Loss: 0.0050 | Test Loss: 0.3755 | Test Acc: 92.20%
2026-04-22 11:55:03 KST | INFO |   No improvement (22/30)
2026-04-22 11:55:03 KST | INFO | 
2026-04-22 11:55:03 KST | INFO | Epoch 194/200 | LR: 0.000303
2026-04-22 11:55:15 KST | INFO |   Train Loss: 0.0052 | Test Loss: 0.3736 | Test Acc: 92.29%
2026-04-22 11:55:15 KST | INFO |   No improvement (23/30)
2026-04-22 11:55:15 KST | INFO | 
2026-04-22 11:55:15 KST | INFO | Epoch 195/200 | LR: 0.000223
2026-04-22 11:55:27 KST | INFO |   Train Loss: 0.0053 | Test Loss: 0.3761 | Test Acc: 92.37%
2026-04-22 11:55:27 KST | INFO |   🏆 New best accuracy: 92.37%
2026-04-22 11:55:27 KST | INFO | 
2026-04-22 11:55:27 KST | INFO | Epoch 196/200 | LR: 0.000155
2026-04-22 11:55:39 KST | INFO |   Train Loss: 0.0052 | Test Loss: 0.3750 | Test Acc: 92.17%
2026-04-22 11:55:39 KST | INFO |   No improvement (1/30)
2026-04-22 11:55:39 KST | INFO | 
2026-04-22 11:55:39 KST | INFO | Epoch 197/200 | LR: 0.000100
2026-04-22 11:55:51 KST | INFO |   Train Loss: 0.0054 | Test Loss: 0.3749 | Test Acc: 92.16%
2026-04-22 11:55:51 KST | INFO |   No improvement (2/30)
2026-04-22 11:55:51 KST | INFO | 
2026-04-22 11:55:51 KST | INFO | Epoch 198/200 | LR: 0.000057
2026-04-22 11:56:03 KST | INFO |   Train Loss: 0.0050 | Test Loss: 0.3742 | Test Acc: 92.14%
2026-04-22 11:56:03 KST | INFO |   No improvement (3/30)
2026-04-22 11:56:03 KST | INFO | 
2026-04-22 11:56:03 KST | INFO | Epoch 199/200 | LR: 0.000026
2026-04-22 11:56:15 KST | INFO |   Train Loss: 0.0051 | Test Loss: 0.3738 | Test Acc: 92.23%
2026-04-22 11:56:15 KST | INFO |   No improvement (4/30)
2026-04-22 11:56:15 KST | INFO | 
2026-04-22 11:56:15 KST | INFO | Epoch 200/200 | LR: 0.000007
2026-04-22 11:56:28 KST | INFO |   Train Loss: 0.0049 | Test Loss: 0.3737 | Test Acc: 92.20%
2026-04-22 11:56:28 KST | INFO |   No improvement (5/30)
2026-04-22 11:56:28 KST | INFO | 
2026-04-22 11:56:28 KST | INFO | ================================================================================
2026-04-22 11:56:28 KST | INFO | TRAINING COMPLETE
2026-04-22 11:56:28 KST | INFO | ================================================================================
2026-04-22 11:56:28 KST | INFO | Best accuracy:  92.37% (Epoch 195)
2026-04-22 11:56:28 KST | INFO | Final accuracy: 92.20%
2026-04-22 11:56:28 KST | INFO | ================================================================================
2026-04-22 11:56:28 KST | INFO | 
2026-04-22 11:56:28 KST | INFO | Full log: logs/centralized_20260422_111548.log
2026-04-22 11:56:28 KST | INFO | ================================================================================
