2026-02-16 09:01:03 KST | INFO | ================================================================================
2026-02-16 09:01:03 KST | INFO | TL++ Orchestrator
2026-02-16 09:01:03 KST | INFO | ================================================================================
2026-02-16 09:01:03 KST | INFO | Log file: logs/TL++_secure_20260216_090103.log
2026-02-16 09:01:03 KST | INFO | 
2026-02-16 09:01:03 KST | INFO | --------------------------------------------------------------------------------
2026-02-16 09:01:03 KST | INFO | CONFIGURATION
2026-02-16 09:01:03 KST | INFO | --------------------------------------------------------------------------------
2026-02-16 09:01:03 KST | INFO | Secure mode:      True
2026-02-16 09:01:03 KST | INFO | Helper endpoint:  127.0.0.1:8082
2026-02-16 09:01:03 KST | INFO | Activation noise: 2.0%
2026-02-16 09:01:03 KST | INFO | Gradient noise:   10.0%
2026-02-16 09:01:03 KST | INFO | Nodes:            8
2026-02-16 09:01:03 KST | INFO | Cut layer:        1
2026-02-16 09:01:03 KST | INFO | Batch size:       128
2026-02-16 09:01:03 KST | INFO | Learning rate:    0.1
2026-02-16 09:01:03 KST | INFO | 
2026-02-16 09:01:03 KST | INFO | Computation device: cuda
2026-02-16 09:01:03 KST | INFO | Secure mode: ✓ ENABLED
2026-02-16 09:01:03 KST | INFO | 
2026-02-16 09:01:03 KST | INFO | --------------------------------------------------------------------------------
2026-02-16 09:01:03 KST | INFO | NETWORK SETUP
2026-02-16 09:01:03 KST | INFO | --------------------------------------------------------------------------------
2026-02-16 09:01:03 KST | INFO | ✓ Orchestrator listening on 127.0.0.1:8080
2026-02-16 09:01:03 KST | INFO | ✓ Helper node on 127.0.0.1:8082
2026-02-16 09:01:03 KST | INFO | 
2026-02-16 09:01:03 KST | INFO | Waiting for helper node...
2026-02-16 09:01:05 KST | INFO | ✓ Helper node connected
2026-02-16 09:01:05 KST | INFO | ✓ Noise config sent to helper (activation: 2.0%, gradient: 10.0%)
2026-02-16 09:01:05 KST | INFO | 
2026-02-16 09:01:05 KST | INFO | Waiting for 8 node(s)...
2026-02-16 09:01:09 KST | INFO |   ✓ Node 1/8 connected
2026-02-16 09:01:10 KST | INFO |   ✓ Node 2/8 connected
2026-02-16 09:01:11 KST | INFO |   ✓ Node 3/8 connected
2026-02-16 09:01:12 KST | INFO |   ✓ Node 4/8 connected
2026-02-16 09:01:13 KST | INFO |   ✓ Node 5/8 connected
2026-02-16 09:01:14 KST | INFO |   ✓ Node 6/8 connected
2026-02-16 09:01:15 KST | INFO |   ✓ Node 7/8 connected
2026-02-16 09:01:16 KST | INFO |   ✓ Node 8/8 connected
2026-02-16 09:01:16 KST | INFO | ✓ All 8 node(s) connected
2026-02-16 09:01:16 KST | INFO | 
2026-02-16 09:01:16 KST | INFO | --------------------------------------------------------------------------------
2026-02-16 09:01:16 KST | INFO | MODEL INITIALIZATION
2026-02-16 09:01:16 KST | INFO | --------------------------------------------------------------------------------
2026-02-16 09:01:16 KST | INFO | Node-side parameters: 38,720
2026-02-16 09:01:16 KST | INFO | 
2026-02-16 09:01:16 KST | INFO | --------------------------------------------------------------------------------
2026-02-16 09:01:16 KST | INFO | BROADCASTING CONFIGURATION
2026-02-16 09:01:16 KST | INFO | --------------------------------------------------------------------------------
2026-02-16 09:01:16 KST | INFO | ✓ Configuration broadcast to all nodes
2026-02-16 09:01:18 KST | INFO | 
2026-02-16 09:01:18 KST | INFO | Total parameters:     3,247,176
2026-02-16 09:01:18 KST | INFO | Trainable parameters: 3,247,176
2026-02-16 09:01:18 KST | INFO | 
2026-02-16 09:01:18 KST | INFO | --------------------------------------------------------------------------------
2026-02-16 09:01:18 KST | INFO | DATA LOADING
2026-02-16 09:01:18 KST | INFO | --------------------------------------------------------------------------------
2026-02-16 09:01:44 KST | INFO | ✓ Dataset information collected:
2026-02-16 09:01:44 KST | INFO |     Node 1: 5,000 samples
2026-02-16 09:01:44 KST | INFO |     Node 2: 5,000 samples
2026-02-16 09:01:44 KST | INFO |     Node 3: 5,000 samples
2026-02-16 09:01:44 KST | INFO |     Node 4: 5,000 samples
2026-02-16 09:01:44 KST | INFO |     Node 5: 5,000 samples
2026-02-16 09:01:44 KST | INFO |     Node 6: 5,000 samples
2026-02-16 09:01:44 KST | INFO |     Node 7: 5,000 samples
2026-02-16 09:01:44 KST | INFO |     Node 8: 5,000 samples
2026-02-16 09:01:44 KST | INFO |   Total training samples: 40,000
2026-02-16 09:01:44 KST | INFO | 
2026-02-16 09:01:47 KST | INFO | ✓ Test dataset loaded: 8,000 samples
2026-02-16 09:01:47 KST | INFO | 
2026-02-16 09:01:47 KST | INFO | ✓ Batch scheduler: 313 batches/epoch
2026-02-16 09:01:47 KST | INFO | 
2026-02-16 09:01:47 KST | INFO | --------------------------------------------------------------------------------
2026-02-16 09:01:47 KST | INFO | OPTIMIZATION SETUP
2026-02-16 09:01:47 KST | INFO | --------------------------------------------------------------------------------
2026-02-16 09:01:47 KST | INFO | ✓ Optimizer: SGD (lr=0.1, momentum=0.9)
2026-02-16 09:01:47 KST | INFO | ✓ Scheduler: cosine
2026-02-16 09:01:47 KST | INFO | ✓ Gradient clipping: 1.0
2026-02-16 09:01:47 KST | INFO | 
2026-02-16 09:01:47 KST | INFO | ================================================================================
2026-02-16 09:01:47 KST | INFO | Setup complete - Ready for training
2026-02-16 09:01:47 KST | INFO | ================================================================================
2026-02-16 09:01:47 KST | INFO | 
2026-02-16 09:01:47 KST | INFO | --------------------------------------------------------------------------------
2026-02-16 09:01:47 KST | INFO | TRAINING
2026-02-16 09:01:47 KST | INFO | --------------------------------------------------------------------------------
2026-02-16 09:01:47 KST | INFO | 
2026-02-16 09:01:47 KST | INFO | Epoch 1/200 | LR: 0.100000
2026-02-16 09:03:37 KST | INFO |   Train Loss: 1.5946 | Test Loss: 0.0057 | Test Acc: 46.31%
2026-02-16 09:03:37 KST | INFO |   🏆 New best accuracy: 46.31%
2026-02-16 09:03:37 KST | INFO | 
2026-02-16 09:03:37 KST | INFO | Epoch 2/200 | LR: 0.099994
2026-02-16 09:05:23 KST | INFO |   Train Loss: 1.1773 | Test Loss: 0.0051 | Test Acc: 55.62%
2026-02-16 09:05:23 KST | INFO |   🏆 New best accuracy: 55.62%
2026-02-16 09:05:23 KST | INFO | 
2026-02-16 09:05:23 KST | INFO | Epoch 3/200 | LR: 0.099975
2026-02-16 09:07:09 KST | INFO |   Train Loss: 0.9593 | Test Loss: 0.0040 | Test Acc: 64.25%
2026-02-16 09:07:09 KST | INFO |   🏆 New best accuracy: 64.25%
2026-02-16 09:07:09 KST | INFO | 
2026-02-16 09:07:09 KST | INFO | Epoch 4/200 | LR: 0.099944
2026-02-16 09:08:56 KST | INFO |   Train Loss: 0.8158 | Test Loss: 0.0039 | Test Acc: 65.34%
2026-02-16 09:08:56 KST | INFO |   🏆 New best accuracy: 65.34%
2026-02-16 09:08:56 KST | INFO | 
2026-02-16 09:08:56 KST | INFO | Epoch 5/200 | LR: 0.099901
2026-02-16 09:10:43 KST | INFO |   Train Loss: 0.7267 | Test Loss: 0.0046 | Test Acc: 61.30%
2026-02-16 09:10:43 KST | INFO |   No improvement (1/30)
2026-02-16 09:10:43 KST | INFO | 
2026-02-16 09:10:43 KST | INFO | Epoch 6/200 | LR: 0.099846
2026-02-16 09:12:30 KST | INFO |   Train Loss: 0.6606 | Test Loss: 0.0031 | Test Acc: 74.19%
2026-02-16 09:12:30 KST | INFO |   🏆 New best accuracy: 74.19%
2026-02-16 09:12:30 KST | INFO | 
2026-02-16 09:12:30 KST | INFO | Epoch 7/200 | LR: 0.099778
2026-02-16 09:14:16 KST | INFO |   Train Loss: 0.6211 | Test Loss: 0.0031 | Test Acc: 74.33%
2026-02-16 09:14:16 KST | INFO |   🏆 New best accuracy: 74.33%
2026-02-16 09:14:16 KST | INFO | 
2026-02-16 09:14:16 KST | INFO | Epoch 8/200 | LR: 0.099698
2026-02-16 09:16:01 KST | INFO |   Train Loss: 0.5795 | Test Loss: 0.0029 | Test Acc: 76.74%
2026-02-16 09:16:01 KST | INFO |   🏆 New best accuracy: 76.74%
2026-02-16 09:16:01 KST | INFO | 
2026-02-16 09:16:01 KST | INFO | Epoch 9/200 | LR: 0.099606
2026-02-16 09:17:48 KST | INFO |   Train Loss: 0.5493 | Test Loss: 0.0026 | Test Acc: 79.53%
2026-02-16 09:17:48 KST | INFO |   🏆 New best accuracy: 79.53%
2026-02-16 09:17:48 KST | INFO | 
2026-02-16 09:17:48 KST | INFO | Epoch 10/200 | LR: 0.099501
2026-02-16 09:19:34 KST | INFO |   Train Loss: 0.5228 | Test Loss: 0.0031 | Test Acc: 71.53%
2026-02-16 09:19:34 KST | INFO |   No improvement (1/30)
2026-02-16 09:19:34 KST | INFO | 
2026-02-16 09:19:34 KST | INFO | Epoch 11/200 | LR: 0.099384
2026-02-16 09:21:20 KST | INFO |   Train Loss: 0.4977 | Test Loss: 0.0027 | Test Acc: 78.16%
2026-02-16 09:21:20 KST | INFO |   No improvement (2/30)
2026-02-16 09:21:20 KST | INFO | 
2026-02-16 09:21:20 KST | INFO | Epoch 12/200 | LR: 0.099255
2026-02-16 09:23:06 KST | INFO |   Train Loss: 0.4854 | Test Loss: 0.0025 | Test Acc: 79.78%
2026-02-16 09:23:06 KST | INFO |   🏆 New best accuracy: 79.78%
2026-02-16 09:23:06 KST | INFO | 
2026-02-16 09:23:06 KST | INFO | Epoch 13/200 | LR: 0.099114
2026-02-16 09:24:53 KST | INFO |   Train Loss: 0.4704 | Test Loss: 0.0028 | Test Acc: 76.31%
2026-02-16 09:24:53 KST | INFO |   No improvement (1/30)
2026-02-16 09:24:53 KST | INFO | 
2026-02-16 09:24:53 KST | INFO | Epoch 14/200 | LR: 0.098961
2026-02-16 09:26:39 KST | INFO |   Train Loss: 0.4535 | Test Loss: 0.0026 | Test Acc: 78.53%
2026-02-16 09:26:39 KST | INFO |   No improvement (2/30)
2026-02-16 09:26:39 KST | INFO | 
2026-02-16 09:26:39 KST | INFO | Epoch 15/200 | LR: 0.098796
2026-02-16 09:28:25 KST | INFO |   Train Loss: 0.4408 | Test Loss: 0.0024 | Test Acc: 80.95%
2026-02-16 09:28:25 KST | INFO |   🏆 New best accuracy: 80.95%
2026-02-16 09:28:25 KST | INFO | 
2026-02-16 09:28:25 KST | INFO | Epoch 16/200 | LR: 0.098619
2026-02-16 09:30:11 KST | INFO |   Train Loss: 0.4300 | Test Loss: 0.0027 | Test Acc: 77.90%
2026-02-16 09:30:11 KST | INFO |   No improvement (1/30)
2026-02-16 09:30:11 KST | INFO | 
2026-02-16 09:30:11 KST | INFO | Epoch 17/200 | LR: 0.098429
2026-02-16 09:31:57 KST | INFO |   Train Loss: 0.4195 | Test Loss: 0.0025 | Test Acc: 79.60%
2026-02-16 09:31:57 KST | INFO |   No improvement (2/30)
2026-02-16 09:31:57 KST | INFO | 
2026-02-16 09:31:57 KST | INFO | Epoch 18/200 | LR: 0.098228
2026-02-16 09:33:42 KST | INFO |   Train Loss: 0.4094 | Test Loss: 0.0022 | Test Acc: 83.34%
2026-02-16 09:33:42 KST | INFO |   🏆 New best accuracy: 83.34%
2026-02-16 09:33:42 KST | INFO | 
2026-02-16 09:33:42 KST | INFO | Epoch 19/200 | LR: 0.098015
2026-02-16 09:35:28 KST | INFO |   Train Loss: 0.3973 | Test Loss: 0.0023 | Test Acc: 80.45%
2026-02-16 09:35:28 KST | INFO |   No improvement (1/30)
2026-02-16 09:35:28 KST | INFO | 
2026-02-16 09:35:28 KST | INFO | Epoch 20/200 | LR: 0.097790
2026-02-16 09:37:15 KST | INFO |   Train Loss: 0.3910 | Test Loss: 0.0022 | Test Acc: 82.53%
2026-02-16 09:37:15 KST | INFO |   No improvement (2/30)
2026-02-16 09:37:15 KST | INFO | 
2026-02-16 09:37:15 KST | INFO | Epoch 21/200 | LR: 0.097553
2026-02-16 09:39:01 KST | INFO |   Train Loss: 0.3865 | Test Loss: 0.0022 | Test Acc: 82.00%
2026-02-16 09:39:01 KST | INFO |   No improvement (3/30)
2026-02-16 09:39:01 KST | INFO | 
2026-02-16 09:39:01 KST | INFO | Epoch 22/200 | LR: 0.097304
2026-02-16 09:40:46 KST | INFO |   Train Loss: 0.3825 | Test Loss: 0.0023 | Test Acc: 81.21%
2026-02-16 09:40:46 KST | INFO |   No improvement (4/30)
2026-02-16 09:40:46 KST | INFO | 
2026-02-16 09:40:46 KST | INFO | Epoch 23/200 | LR: 0.097044
2026-02-16 09:42:32 KST | INFO |   Train Loss: 0.3731 | Test Loss: 0.0023 | Test Acc: 80.96%
2026-02-16 09:42:32 KST | INFO |   No improvement (5/30)
2026-02-16 09:42:32 KST | INFO | 
2026-02-16 09:42:32 KST | INFO | Epoch 24/200 | LR: 0.096772
2026-02-16 09:44:20 KST | INFO |   Train Loss: 0.3689 | Test Loss: 0.0022 | Test Acc: 82.14%
2026-02-16 09:44:20 KST | INFO |   No improvement (6/30)
2026-02-16 09:44:20 KST | INFO | 
2026-02-16 09:44:20 KST | INFO | Epoch 25/200 | LR: 0.096489
2026-02-16 09:46:07 KST | INFO |   Train Loss: 0.3606 | Test Loss: 0.0018 | Test Acc: 85.75%
2026-02-16 09:46:07 KST | INFO |   🏆 New best accuracy: 85.75%
2026-02-16 09:46:07 KST | INFO | 
2026-02-16 09:46:07 KST | INFO | Epoch 26/200 | LR: 0.096194
2026-02-16 09:47:54 KST | INFO |   Train Loss: 0.3573 | Test Loss: 0.0022 | Test Acc: 81.16%
2026-02-16 09:47:54 KST | INFO |   No improvement (1/30)
2026-02-16 09:47:54 KST | INFO | 
2026-02-16 09:47:54 KST | INFO | Epoch 27/200 | LR: 0.095888
2026-02-16 09:49:39 KST | INFO |   Train Loss: 0.3503 | Test Loss: 0.0020 | Test Acc: 84.86%
2026-02-16 09:49:39 KST | INFO |   No improvement (2/30)
2026-02-16 09:49:39 KST | INFO | 
2026-02-16 09:49:39 KST | INFO | Epoch 28/200 | LR: 0.095570
2026-02-16 09:51:25 KST | INFO |   Train Loss: 0.3523 | Test Loss: 0.0023 | Test Acc: 81.51%
2026-02-16 09:51:25 KST | INFO |   No improvement (3/30)
2026-02-16 09:51:25 KST | INFO | 
2026-02-16 09:51:25 KST | INFO | Epoch 29/200 | LR: 0.095241
2026-02-16 09:53:12 KST | INFO |   Train Loss: 0.3430 | Test Loss: 0.0020 | Test Acc: 84.20%
2026-02-16 09:53:12 KST | INFO |   No improvement (4/30)
2026-02-16 09:53:12 KST | INFO | 
2026-02-16 09:53:12 KST | INFO | Epoch 30/200 | LR: 0.094901
2026-02-16 09:54:58 KST | INFO |   Train Loss: 0.3382 | Test Loss: 0.0023 | Test Acc: 81.70%
2026-02-16 09:54:58 KST | INFO |   No improvement (5/30)
2026-02-16 09:54:58 KST | INFO | 
2026-02-16 09:54:58 KST | INFO | Epoch 31/200 | LR: 0.094550
2026-02-16 09:56:45 KST | INFO |   Train Loss: 0.3289 | Test Loss: 0.0026 | Test Acc: 77.33%
2026-02-16 09:56:45 KST | INFO |   No improvement (6/30)
2026-02-16 09:56:45 KST | INFO | 
2026-02-16 09:56:45 KST | INFO | Epoch 32/200 | LR: 0.094188
2026-02-16 09:58:31 KST | INFO |   Train Loss: 0.3292 | Test Loss: 0.0021 | Test Acc: 82.03%
2026-02-16 09:58:31 KST | INFO |   No improvement (7/30)
2026-02-16 09:58:31 KST | INFO | 
2026-02-16 09:58:31 KST | INFO | Epoch 33/200 | LR: 0.093815
2026-02-16 10:00:18 KST | INFO |   Train Loss: 0.3283 | Test Loss: 0.0021 | Test Acc: 82.31%
2026-02-16 10:00:18 KST | INFO |   No improvement (8/30)
2026-02-16 10:00:18 KST | INFO | 
2026-02-16 10:00:18 KST | INFO | Epoch 34/200 | LR: 0.093432
2026-02-16 10:02:05 KST | INFO |   Train Loss: 0.3265 | Test Loss: 0.0020 | Test Acc: 83.19%
2026-02-16 10:02:05 KST | INFO |   No improvement (9/30)
2026-02-16 10:02:05 KST | INFO | 
2026-02-16 10:02:05 KST | INFO | Epoch 35/200 | LR: 0.093037
2026-02-16 10:03:52 KST | INFO |   Train Loss: 0.3187 | Test Loss: 0.0024 | Test Acc: 79.21%
2026-02-16 10:03:52 KST | INFO |   No improvement (10/30)
2026-02-16 10:03:52 KST | INFO | 
2026-02-16 10:03:52 KST | INFO | Epoch 36/200 | LR: 0.092632
2026-02-16 10:05:38 KST | INFO |   Train Loss: 0.3137 | Test Loss: 0.0021 | Test Acc: 82.56%
2026-02-16 10:05:38 KST | INFO |   No improvement (11/30)
2026-02-16 10:05:38 KST | INFO | 
2026-02-16 10:05:38 KST | INFO | Epoch 37/200 | LR: 0.092216
2026-02-16 10:07:25 KST | INFO |   Train Loss: 0.3158 | Test Loss: 0.0018 | Test Acc: 85.81%
2026-02-16 10:07:25 KST | INFO |   🏆 New best accuracy: 85.81%
2026-02-16 10:07:25 KST | INFO | 
2026-02-16 10:07:25 KST | INFO | Epoch 38/200 | LR: 0.091790
2026-02-16 10:09:12 KST | INFO |   Train Loss: 0.3145 | Test Loss: 0.0017 | Test Acc: 85.89%
2026-02-16 10:09:12 KST | INFO |   🏆 New best accuracy: 85.89%
2026-02-16 10:09:12 KST | INFO | 
2026-02-16 10:09:12 KST | INFO | Epoch 39/200 | LR: 0.091354
2026-02-16 10:10:59 KST | INFO |   Train Loss: 0.3113 | Test Loss: 0.0021 | Test Acc: 82.15%
2026-02-16 10:10:59 KST | INFO |   No improvement (1/30)
2026-02-16 10:10:59 KST | INFO | 
2026-02-16 10:10:59 KST | INFO | Epoch 40/200 | LR: 0.090908
2026-02-16 10:12:46 KST | INFO |   Train Loss: 0.3022 | Test Loss: 0.0020 | Test Acc: 83.74%
2026-02-16 10:12:46 KST | INFO |   No improvement (2/30)
2026-02-16 10:12:46 KST | INFO | 
2026-02-16 10:12:46 KST | INFO | Epoch 41/200 | LR: 0.090451
2026-02-16 10:14:33 KST | INFO |   Train Loss: 0.3044 | Test Loss: 0.0020 | Test Acc: 82.86%
2026-02-16 10:14:33 KST | INFO |   No improvement (3/30)
2026-02-16 10:14:33 KST | INFO | 
2026-02-16 10:14:33 KST | INFO | Epoch 42/200 | LR: 0.089984
2026-02-16 10:16:19 KST | INFO |   Train Loss: 0.2999 | Test Loss: 0.0020 | Test Acc: 82.81%
2026-02-16 10:16:19 KST | INFO |   No improvement (4/30)
2026-02-16 10:16:19 KST | INFO | 
2026-02-16 10:16:19 KST | INFO | Epoch 43/200 | LR: 0.089508
2026-02-16 10:18:06 KST | INFO |   Train Loss: 0.2988 | Test Loss: 0.0019 | Test Acc: 83.47%
2026-02-16 10:18:06 KST | INFO |   No improvement (5/30)
2026-02-16 10:18:06 KST | INFO | 
2026-02-16 10:18:06 KST | INFO | Epoch 44/200 | LR: 0.089022
2026-02-16 10:19:53 KST | INFO |   Train Loss: 0.2928 | Test Loss: 0.0017 | Test Acc: 85.78%
2026-02-16 10:19:53 KST | INFO |   No improvement (6/30)
2026-02-16 10:19:53 KST | INFO | 
2026-02-16 10:19:53 KST | INFO | Epoch 45/200 | LR: 0.088526
2026-02-16 10:21:41 KST | INFO |   Train Loss: 0.2945 | Test Loss: 0.0019 | Test Acc: 83.90%
2026-02-16 10:21:41 KST | INFO |   No improvement (7/30)
2026-02-16 10:21:41 KST | INFO | 
2026-02-16 10:21:41 KST | INFO | Epoch 46/200 | LR: 0.088020
2026-02-16 10:23:28 KST | INFO |   Train Loss: 0.2861 | Test Loss: 0.0022 | Test Acc: 81.39%
2026-02-16 10:23:28 KST | INFO |   No improvement (8/30)
2026-02-16 10:23:28 KST | INFO | 
2026-02-16 10:23:28 KST | INFO | Epoch 47/200 | LR: 0.087506
2026-02-16 10:25:14 KST | INFO |   Train Loss: 0.2876 | Test Loss: 0.0021 | Test Acc: 83.25%
2026-02-16 10:25:14 KST | INFO |   No improvement (9/30)
2026-02-16 10:25:14 KST | INFO | 
2026-02-16 10:25:14 KST | INFO | Epoch 48/200 | LR: 0.086982
2026-02-16 10:27:00 KST | INFO |   Train Loss: 0.2845 | Test Loss: 0.0020 | Test Acc: 84.34%
2026-02-16 10:27:00 KST | INFO |   No improvement (10/30)
2026-02-16 10:27:00 KST | INFO | 
2026-02-16 10:27:00 KST | INFO | Epoch 49/200 | LR: 0.086449
2026-02-16 10:28:46 KST | INFO |   Train Loss: 0.2832 | Test Loss: 0.0017 | Test Acc: 85.91%
2026-02-16 10:28:46 KST | INFO |   🏆 New best accuracy: 85.91%
2026-02-16 10:28:46 KST | INFO | 
2026-02-16 10:28:46 KST | INFO | Epoch 50/200 | LR: 0.085906
2026-02-16 10:30:32 KST | INFO |   Train Loss: 0.2835 | Test Loss: 0.0019 | Test Acc: 84.55%
2026-02-16 10:30:32 KST | INFO |   No improvement (1/30)
2026-02-16 10:30:32 KST | INFO | 
2026-02-16 10:30:32 KST | INFO | Epoch 51/200 | LR: 0.085355
2026-02-16 10:32:18 KST | INFO |   Train Loss: 0.2789 | Test Loss: 0.0019 | Test Acc: 84.65%
2026-02-16 10:32:18 KST | INFO |   No improvement (2/30)
2026-02-16 10:32:18 KST | INFO | 
2026-02-16 10:32:18 KST | INFO | Epoch 52/200 | LR: 0.084796
2026-02-16 10:34:04 KST | INFO |   Train Loss: 0.2738 | Test Loss: 0.0020 | Test Acc: 83.42%
2026-02-16 10:34:04 KST | INFO |   No improvement (3/30)
2026-02-16 10:34:04 KST | INFO | 
2026-02-16 10:34:04 KST | INFO | Epoch 53/200 | LR: 0.084228
2026-02-16 10:35:50 KST | INFO |   Train Loss: 0.2731 | Test Loss: 0.0018 | Test Acc: 85.36%
2026-02-16 10:35:50 KST | INFO |   No improvement (4/30)
2026-02-16 10:35:50 KST | INFO | 
2026-02-16 10:35:50 KST | INFO | Epoch 54/200 | LR: 0.083651
2026-02-16 10:37:36 KST | INFO |   Train Loss: 0.2696 | Test Loss: 0.0018 | Test Acc: 85.84%
2026-02-16 10:37:36 KST | INFO |   No improvement (5/30)
2026-02-16 10:37:36 KST | INFO | 
2026-02-16 10:37:36 KST | INFO | Epoch 55/200 | LR: 0.083066
2026-02-16 10:39:21 KST | INFO |   Train Loss: 0.2716 | Test Loss: 0.0016 | Test Acc: 86.85%
2026-02-16 10:39:21 KST | INFO |   🏆 New best accuracy: 86.85%
2026-02-16 10:39:21 KST | INFO | 
2026-02-16 10:39:21 KST | INFO | Epoch 56/200 | LR: 0.082473
2026-02-16 10:41:06 KST | INFO |   Train Loss: 0.2612 | Test Loss: 0.0017 | Test Acc: 85.66%
2026-02-16 10:41:06 KST | INFO |   No improvement (1/30)
2026-02-16 10:41:06 KST | INFO | 
2026-02-16 10:41:06 KST | INFO | Epoch 57/200 | LR: 0.081871
2026-02-16 10:42:54 KST | INFO |   Train Loss: 0.2676 | Test Loss: 0.0019 | Test Acc: 84.14%
2026-02-16 10:42:54 KST | INFO |   No improvement (2/30)
2026-02-16 10:42:54 KST | INFO | 
2026-02-16 10:42:54 KST | INFO | Epoch 58/200 | LR: 0.081262
2026-02-16 10:44:41 KST | INFO |   Train Loss: 0.2604 | Test Loss: 0.0017 | Test Acc: 85.40%
2026-02-16 10:44:41 KST | INFO |   No improvement (3/30)
2026-02-16 10:44:41 KST | INFO | 
2026-02-16 10:44:41 KST | INFO | Epoch 59/200 | LR: 0.080646
2026-02-16 10:46:28 KST | INFO |   Train Loss: 0.2579 | Test Loss: 0.0019 | Test Acc: 84.65%
2026-02-16 10:46:28 KST | INFO |   No improvement (4/30)
2026-02-16 10:46:28 KST | INFO | 
2026-02-16 10:46:28 KST | INFO | Epoch 60/200 | LR: 0.080021
2026-02-16 10:48:14 KST | INFO |   Train Loss: 0.2529 | Test Loss: 0.0021 | Test Acc: 82.64%
2026-02-16 10:48:14 KST | INFO |   No improvement (5/30)
2026-02-16 10:48:14 KST | INFO | 
2026-02-16 10:48:14 KST | INFO | Epoch 61/200 | LR: 0.079389
2026-02-16 10:50:00 KST | INFO |   Train Loss: 0.2570 | Test Loss: 0.0017 | Test Acc: 85.96%
2026-02-16 10:50:00 KST | INFO |   No improvement (6/30)
2026-02-16 10:50:00 KST | INFO | 
2026-02-16 10:50:00 KST | INFO | Epoch 62/200 | LR: 0.078750
2026-02-16 10:51:46 KST | INFO |   Train Loss: 0.2481 | Test Loss: 0.0019 | Test Acc: 83.61%
2026-02-16 10:51:46 KST | INFO |   No improvement (7/30)
2026-02-16 10:51:46 KST | INFO | 
2026-02-16 10:51:46 KST | INFO | Epoch 63/200 | LR: 0.078104
2026-02-16 10:53:33 KST | INFO |   Train Loss: 0.2507 | Test Loss: 0.0017 | Test Acc: 86.24%
2026-02-16 10:53:33 KST | INFO |   No improvement (8/30)
2026-02-16 10:53:33 KST | INFO | 
2026-02-16 10:53:33 KST | INFO | Epoch 64/200 | LR: 0.077451
2026-02-16 10:55:20 KST | INFO |   Train Loss: 0.2475 | Test Loss: 0.0019 | Test Acc: 83.31%
2026-02-16 10:55:20 KST | INFO |   No improvement (9/30)
2026-02-16 10:55:20 KST | INFO | 
2026-02-16 10:55:20 KST | INFO | Epoch 65/200 | LR: 0.076792
2026-02-16 10:57:05 KST | INFO |   Train Loss: 0.2439 | Test Loss: 0.0017 | Test Acc: 85.92%
2026-02-16 10:57:05 KST | INFO |   No improvement (10/30)
2026-02-16 10:57:05 KST | INFO | 
2026-02-16 10:57:05 KST | INFO | Epoch 66/200 | LR: 0.076125
2026-02-16 10:58:51 KST | INFO |   Train Loss: 0.2404 | Test Loss: 0.0018 | Test Acc: 84.71%
2026-02-16 10:58:51 KST | INFO |   No improvement (11/30)
2026-02-16 10:58:51 KST | INFO | 
2026-02-16 10:58:51 KST | INFO | Epoch 67/200 | LR: 0.075452
2026-02-16 11:00:37 KST | INFO |   Train Loss: 0.2378 | Test Loss: 0.0016 | Test Acc: 86.58%
2026-02-16 11:00:37 KST | INFO |   No improvement (12/30)
2026-02-16 11:00:37 KST | INFO | 
2026-02-16 11:00:37 KST | INFO | Epoch 68/200 | LR: 0.074773
2026-02-16 11:02:23 KST | INFO |   Train Loss: 0.2381 | Test Loss: 0.0015 | Test Acc: 87.04%
2026-02-16 11:02:23 KST | INFO |   🏆 New best accuracy: 87.04%
2026-02-16 11:02:23 KST | INFO | 
2026-02-16 11:02:23 KST | INFO | Epoch 69/200 | LR: 0.074088
2026-02-16 11:04:08 KST | INFO |   Train Loss: 0.2377 | Test Loss: 0.0016 | Test Acc: 85.99%
2026-02-16 11:04:08 KST | INFO |   No improvement (1/30)
2026-02-16 11:04:08 KST | INFO | 
2026-02-16 11:04:08 KST | INFO | Epoch 70/200 | LR: 0.073397
2026-02-16 11:05:55 KST | INFO |   Train Loss: 0.2354 | Test Loss: 0.0016 | Test Acc: 86.95%
2026-02-16 11:05:55 KST | INFO |   No improvement (2/30)
2026-02-16 11:05:55 KST | INFO | 
2026-02-16 11:05:55 KST | INFO | Epoch 71/200 | LR: 0.072700
2026-02-16 11:07:40 KST | INFO |   Train Loss: 0.2328 | Test Loss: 0.0022 | Test Acc: 82.31%
2026-02-16 11:07:40 KST | INFO |   No improvement (3/30)
2026-02-16 11:07:40 KST | INFO | 
2026-02-16 11:07:40 KST | INFO | Epoch 72/200 | LR: 0.071997
2026-02-16 11:09:26 KST | INFO |   Train Loss: 0.2268 | Test Loss: 0.0020 | Test Acc: 83.10%
2026-02-16 11:09:26 KST | INFO |   No improvement (4/30)
2026-02-16 11:09:26 KST | INFO | 
2026-02-16 11:09:26 KST | INFO | Epoch 73/200 | LR: 0.071289
2026-02-16 11:11:13 KST | INFO |   Train Loss: 0.2262 | Test Loss: 0.0016 | Test Acc: 86.19%
2026-02-16 11:11:13 KST | INFO |   No improvement (5/30)
2026-02-16 11:11:13 KST | INFO | 
2026-02-16 11:11:13 KST | INFO | Epoch 74/200 | LR: 0.070576
2026-02-16 11:13:00 KST | INFO |   Train Loss: 0.2223 | Test Loss: 0.0017 | Test Acc: 85.83%
2026-02-16 11:13:00 KST | INFO |   No improvement (6/30)
2026-02-16 11:13:00 KST | INFO | 
2026-02-16 11:13:00 KST | INFO | Epoch 75/200 | LR: 0.069858
2026-02-16 11:14:47 KST | INFO |   Train Loss: 0.2202 | Test Loss: 0.0016 | Test Acc: 86.36%
2026-02-16 11:14:47 KST | INFO |   No improvement (7/30)
2026-02-16 11:14:47 KST | INFO | 
2026-02-16 11:14:47 KST | INFO | Epoch 76/200 | LR: 0.069134
2026-02-16 11:16:34 KST | INFO |   Train Loss: 0.2203 | Test Loss: 0.0019 | Test Acc: 84.28%
2026-02-16 11:16:34 KST | INFO |   No improvement (8/30)
2026-02-16 11:16:34 KST | INFO | 
2026-02-16 11:16:34 KST | INFO | Epoch 77/200 | LR: 0.068407
2026-02-16 11:18:22 KST | INFO |   Train Loss: 0.2202 | Test Loss: 0.0019 | Test Acc: 84.83%
2026-02-16 11:18:22 KST | INFO |   No improvement (9/30)
2026-02-16 11:18:22 KST | INFO | 
2026-02-16 11:18:22 KST | INFO | Epoch 78/200 | LR: 0.067674
2026-02-16 11:20:09 KST | INFO |   Train Loss: 0.2171 | Test Loss: 0.0016 | Test Acc: 86.08%
2026-02-16 11:20:09 KST | INFO |   No improvement (10/30)
2026-02-16 11:20:09 KST | INFO | 
2026-02-16 11:20:09 KST | INFO | Epoch 79/200 | LR: 0.066937
2026-02-16 11:21:55 KST | INFO |   Train Loss: 0.2108 | Test Loss: 0.0018 | Test Acc: 84.55%
2026-02-16 11:21:55 KST | INFO |   No improvement (11/30)
2026-02-16 11:21:55 KST | INFO | 
2026-02-16 11:21:55 KST | INFO | Epoch 80/200 | LR: 0.066196
2026-02-16 11:23:41 KST | INFO |   Train Loss: 0.2105 | Test Loss: 0.0019 | Test Acc: 83.79%
2026-02-16 11:23:41 KST | INFO |   No improvement (12/30)
2026-02-16 11:23:41 KST | INFO | 
2026-02-16 11:23:41 KST | INFO | Epoch 81/200 | LR: 0.065451
2026-02-16 11:25:27 KST | INFO |   Train Loss: 0.2069 | Test Loss: 0.0016 | Test Acc: 86.46%
2026-02-16 11:25:27 KST | INFO |   No improvement (13/30)
2026-02-16 11:25:27 KST | INFO | 
2026-02-16 11:25:27 KST | INFO | Epoch 82/200 | LR: 0.064702
2026-02-16 11:27:13 KST | INFO |   Train Loss: 0.2025 | Test Loss: 0.0015 | Test Acc: 87.46%
2026-02-16 11:27:13 KST | INFO |   🏆 New best accuracy: 87.46%
2026-02-16 11:27:13 KST | INFO | 
2026-02-16 11:27:13 KST | INFO | Epoch 83/200 | LR: 0.063950
2026-02-16 11:29:00 KST | INFO |   Train Loss: 0.1984 | Test Loss: 0.0016 | Test Acc: 86.14%
2026-02-16 11:29:00 KST | INFO |   No improvement (1/30)
2026-02-16 11:29:00 KST | INFO | 
2026-02-16 11:29:00 KST | INFO | Epoch 84/200 | LR: 0.063194
2026-02-16 11:30:47 KST | INFO |   Train Loss: 0.1999 | Test Loss: 0.0017 | Test Acc: 85.91%
2026-02-16 11:30:47 KST | INFO |   No improvement (2/30)
2026-02-16 11:30:47 KST | INFO | 
2026-02-16 11:30:47 KST | INFO | Epoch 85/200 | LR: 0.062435
2026-02-16 11:32:35 KST | INFO |   Train Loss: 0.1971 | Test Loss: 0.0016 | Test Acc: 86.60%
2026-02-16 11:32:35 KST | INFO |   No improvement (3/30)
2026-02-16 11:32:35 KST | INFO | 
2026-02-16 11:32:35 KST | INFO | Epoch 86/200 | LR: 0.061673
2026-02-16 11:34:21 KST | INFO |   Train Loss: 0.1930 | Test Loss: 0.0017 | Test Acc: 85.74%
2026-02-16 11:34:21 KST | INFO |   No improvement (4/30)
2026-02-16 11:34:21 KST | INFO | 
2026-02-16 11:34:21 KST | INFO | Epoch 87/200 | LR: 0.060908
2026-02-16 11:36:07 KST | INFO |   Train Loss: 0.1931 | Test Loss: 0.0021 | Test Acc: 82.11%
2026-02-16 11:36:07 KST | INFO |   No improvement (5/30)
2026-02-16 11:36:07 KST | INFO | 
2026-02-16 11:36:07 KST | INFO | Epoch 88/200 | LR: 0.060140
2026-02-16 11:37:53 KST | INFO |   Train Loss: 0.1871 | Test Loss: 0.0016 | Test Acc: 86.24%
2026-02-16 11:37:53 KST | INFO |   No improvement (6/30)
2026-02-16 11:37:53 KST | INFO | 
2026-02-16 11:37:53 KST | INFO | Epoch 89/200 | LR: 0.059369
2026-02-16 11:39:41 KST | INFO |   Train Loss: 0.1845 | Test Loss: 0.0014 | Test Acc: 88.46%
2026-02-16 11:39:41 KST | INFO |   🏆 New best accuracy: 88.46%
2026-02-16 11:39:41 KST | INFO | 
2026-02-16 11:39:41 KST | INFO | Epoch 90/200 | LR: 0.058597
2026-02-16 11:41:27 KST | INFO |   Train Loss: 0.1865 | Test Loss: 0.0016 | Test Acc: 86.84%
2026-02-16 11:41:27 KST | INFO |   No improvement (1/30)
2026-02-16 11:41:27 KST | INFO | 
2026-02-16 11:41:27 KST | INFO | Epoch 91/200 | LR: 0.057822
2026-02-16 11:43:14 KST | INFO |   Train Loss: 0.1864 | Test Loss: 0.0014 | Test Acc: 87.97%
2026-02-16 11:43:14 KST | INFO |   No improvement (2/30)
2026-02-16 11:43:14 KST | INFO | 
2026-02-16 11:43:14 KST | INFO | Epoch 92/200 | LR: 0.057045
2026-02-16 11:45:00 KST | INFO |   Train Loss: 0.1790 | Test Loss: 0.0016 | Test Acc: 86.58%
2026-02-16 11:45:00 KST | INFO |   No improvement (3/30)
2026-02-16 11:45:00 KST | INFO | 
2026-02-16 11:45:00 KST | INFO | Epoch 93/200 | LR: 0.056267
2026-02-16 11:46:45 KST | INFO |   Train Loss: 0.1759 | Test Loss: 0.0015 | Test Acc: 87.17%
2026-02-16 11:46:45 KST | INFO |   No improvement (4/30)
2026-02-16 11:46:45 KST | INFO | 
2026-02-16 11:46:45 KST | INFO | Epoch 94/200 | LR: 0.055487
2026-02-16 11:48:32 KST | INFO |   Train Loss: 0.1736 | Test Loss: 0.0015 | Test Acc: 86.83%
2026-02-16 11:48:32 KST | INFO |   No improvement (5/30)
2026-02-16 11:48:32 KST | INFO | 
2026-02-16 11:48:32 KST | INFO | Epoch 95/200 | LR: 0.054706
2026-02-16 11:50:19 KST | INFO |   Train Loss: 0.1706 | Test Loss: 0.0016 | Test Acc: 86.86%
2026-02-16 11:50:19 KST | INFO |   No improvement (6/30)
2026-02-16 11:50:19 KST | INFO | 
2026-02-16 11:50:19 KST | INFO | Epoch 96/200 | LR: 0.053923
2026-02-16 11:52:05 KST | INFO |   Train Loss: 0.1701 | Test Loss: 0.0016 | Test Acc: 86.72%
2026-02-16 11:52:05 KST | INFO |   No improvement (7/30)
2026-02-16 11:52:05 KST | INFO | 
2026-02-16 11:52:05 KST | INFO | Epoch 97/200 | LR: 0.053140
2026-02-16 11:53:53 KST | INFO |   Train Loss: 0.1669 | Test Loss: 0.0016 | Test Acc: 86.71%
2026-02-16 11:53:53 KST | INFO |   No improvement (8/30)
2026-02-16 11:53:53 KST | INFO | 
2026-02-16 11:53:53 KST | INFO | Epoch 98/200 | LR: 0.052356
2026-02-16 11:55:40 KST | INFO |   Train Loss: 0.1650 | Test Loss: 0.0015 | Test Acc: 87.96%
2026-02-16 11:55:40 KST | INFO |   No improvement (9/30)
2026-02-16 11:55:40 KST | INFO | 
2026-02-16 11:55:40 KST | INFO | Epoch 99/200 | LR: 0.051571
2026-02-16 11:57:27 KST | INFO |   Train Loss: 0.1650 | Test Loss: 0.0014 | Test Acc: 87.88%
2026-02-16 11:57:27 KST | INFO |   No improvement (10/30)
2026-02-16 11:57:27 KST | INFO | 
2026-02-16 11:57:27 KST | INFO | Epoch 100/200 | LR: 0.050786
2026-02-16 11:59:14 KST | INFO |   Train Loss: 0.1625 | Test Loss: 0.0015 | Test Acc: 87.25%
2026-02-16 11:59:14 KST | INFO |   No improvement (11/30)
2026-02-16 11:59:14 KST | INFO | 
2026-02-16 11:59:14 KST | INFO | Epoch 101/200 | LR: 0.050001
2026-02-16 12:01:01 KST | INFO |   Train Loss: 0.1578 | Test Loss: 0.0015 | Test Acc: 87.06%
2026-02-16 12:01:01 KST | INFO |   No improvement (12/30)
2026-02-16 12:01:01 KST | INFO | 
2026-02-16 12:01:01 KST | INFO | Epoch 102/200 | LR: 0.049215
2026-02-16 12:02:47 KST | INFO |   Train Loss: 0.1576 | Test Loss: 0.0014 | Test Acc: 88.22%
2026-02-16 12:02:47 KST | INFO |   No improvement (13/30)
2026-02-16 12:02:47 KST | INFO | 
2026-02-16 12:02:47 KST | INFO | Epoch 103/200 | LR: 0.048430
2026-02-16 12:04:33 KST | INFO |   Train Loss: 0.1475 | Test Loss: 0.0014 | Test Acc: 88.04%
2026-02-16 12:04:33 KST | INFO |   No improvement (14/30)
2026-02-16 12:04:33 KST | INFO | 
2026-02-16 12:04:33 KST | INFO | Epoch 104/200 | LR: 0.047645
2026-02-16 12:06:20 KST | INFO |   Train Loss: 0.1470 | Test Loss: 0.0015 | Test Acc: 87.47%
2026-02-16 12:06:20 KST | INFO |   No improvement (15/30)
2026-02-16 12:06:20 KST | INFO | 
2026-02-16 12:06:20 KST | INFO | Epoch 105/200 | LR: 0.046861
2026-02-16 12:08:08 KST | INFO |   Train Loss: 0.1506 | Test Loss: 0.0014 | Test Acc: 88.51%
2026-02-16 12:08:08 KST | INFO |   🏆 New best accuracy: 88.51%
2026-02-16 12:08:08 KST | INFO | 
2026-02-16 12:08:08 KST | INFO | Epoch 106/200 | LR: 0.046078
2026-02-16 12:09:55 KST | INFO |   Train Loss: 0.1457 | Test Loss: 0.0015 | Test Acc: 86.97%
2026-02-16 12:09:55 KST | INFO |   No improvement (1/30)
2026-02-16 12:09:55 KST | INFO | 
2026-02-16 12:09:55 KST | INFO | Epoch 107/200 | LR: 0.045295
2026-02-16 12:11:42 KST | INFO |   Train Loss: 0.1459 | Test Loss: 0.0014 | Test Acc: 87.71%
2026-02-16 12:11:42 KST | INFO |   No improvement (2/30)
2026-02-16 12:11:42 KST | INFO | 
2026-02-16 12:11:42 KST | INFO | Epoch 108/200 | LR: 0.044514
2026-02-16 12:13:29 KST | INFO |   Train Loss: 0.1389 | Test Loss: 0.0018 | Test Acc: 86.16%
2026-02-16 12:13:29 KST | INFO |   No improvement (3/30)
2026-02-16 12:13:29 KST | INFO | 
2026-02-16 12:13:29 KST | INFO | Epoch 109/200 | LR: 0.043734
2026-02-16 12:15:16 KST | INFO |   Train Loss: 0.1372 | Test Loss: 0.0014 | Test Acc: 88.55%
2026-02-16 12:15:16 KST | INFO |   🏆 New best accuracy: 88.55%
2026-02-16 12:15:16 KST | INFO | 
2026-02-16 12:15:16 KST | INFO | Epoch 110/200 | LR: 0.042956
2026-02-16 12:17:02 KST | INFO |   Train Loss: 0.1358 | Test Loss: 0.0014 | Test Acc: 88.50%
2026-02-16 12:17:02 KST | INFO |   No improvement (1/30)
2026-02-16 12:17:02 KST | INFO | 
2026-02-16 12:17:02 KST | INFO | Epoch 111/200 | LR: 0.042179
2026-02-16 12:18:48 KST | INFO |   Train Loss: 0.1328 | Test Loss: 0.0014 | Test Acc: 88.17%
2026-02-16 12:18:48 KST | INFO |   No improvement (2/30)
2026-02-16 12:18:48 KST | INFO | 
2026-02-16 12:18:48 KST | INFO | Epoch 112/200 | LR: 0.041404
2026-02-16 12:20:34 KST | INFO |   Train Loss: 0.1301 | Test Loss: 0.0014 | Test Acc: 88.00%
2026-02-16 12:20:34 KST | INFO |   No improvement (3/30)
2026-02-16 12:20:34 KST | INFO | 
2026-02-16 12:20:34 KST | INFO | Epoch 113/200 | LR: 0.040632
2026-02-16 12:22:19 KST | INFO |   Train Loss: 0.1248 | Test Loss: 0.0016 | Test Acc: 86.95%
2026-02-16 12:22:19 KST | INFO |   No improvement (4/30)
2026-02-16 12:22:19 KST | INFO | 
2026-02-16 12:22:19 KST | INFO | Epoch 114/200 | LR: 0.039861
2026-02-16 12:24:05 KST | INFO |   Train Loss: 0.1266 | Test Loss: 0.0014 | Test Acc: 88.08%
2026-02-16 12:24:05 KST | INFO |   No improvement (5/30)
2026-02-16 12:24:05 KST | INFO | 
2026-02-16 12:24:05 KST | INFO | Epoch 115/200 | LR: 0.039093
2026-02-16 12:25:51 KST | INFO |   Train Loss: 0.1204 | Test Loss: 0.0017 | Test Acc: 86.26%
2026-02-16 12:25:51 KST | INFO |   No improvement (6/30)
2026-02-16 12:25:51 KST | INFO | 
2026-02-16 12:25:51 KST | INFO | Epoch 116/200 | LR: 0.038328
2026-02-16 12:27:37 KST | INFO |   Train Loss: 0.1173 | Test Loss: 0.0015 | Test Acc: 87.72%
2026-02-16 12:27:37 KST | INFO |   No improvement (7/30)
2026-02-16 12:27:37 KST | INFO | 
2026-02-16 12:27:37 KST | INFO | Epoch 117/200 | LR: 0.037566
2026-02-16 12:29:24 KST | INFO |   Train Loss: 0.1206 | Test Loss: 0.0016 | Test Acc: 87.01%
2026-02-16 12:29:24 KST | INFO |   No improvement (8/30)
2026-02-16 12:29:24 KST | INFO | 
2026-02-16 12:29:24 KST | INFO | Epoch 118/200 | LR: 0.036807
2026-02-16 12:31:10 KST | INFO |   Train Loss: 0.1140 | Test Loss: 0.0015 | Test Acc: 87.50%
2026-02-16 12:31:10 KST | INFO |   No improvement (9/30)
2026-02-16 12:31:10 KST | INFO | 
2026-02-16 12:31:10 KST | INFO | Epoch 119/200 | LR: 0.036051
2026-02-16 12:32:56 KST | INFO |   Train Loss: 0.1171 | Test Loss: 0.0015 | Test Acc: 87.58%
2026-02-16 12:32:56 KST | INFO |   No improvement (10/30)
2026-02-16 12:32:56 KST | INFO | 
2026-02-16 12:32:56 KST | INFO | Epoch 120/200 | LR: 0.035299
2026-02-16 12:34:44 KST | INFO |   Train Loss: 0.1095 | Test Loss: 0.0014 | Test Acc: 88.54%
2026-02-16 12:34:44 KST | INFO |   No improvement (11/30)
2026-02-16 12:34:44 KST | INFO | 
2026-02-16 12:34:44 KST | INFO | Epoch 121/200 | LR: 0.034550
2026-02-16 12:36:32 KST | INFO |   Train Loss: 0.1054 | Test Loss: 0.0014 | Test Acc: 88.15%
2026-02-16 12:36:32 KST | INFO |   No improvement (12/30)
2026-02-16 12:36:32 KST | INFO | 
2026-02-16 12:36:32 KST | INFO | Epoch 122/200 | LR: 0.033805
2026-02-16 12:38:19 KST | INFO |   Train Loss: 0.1038 | Test Loss: 0.0015 | Test Acc: 88.01%
2026-02-16 12:38:19 KST | INFO |   No improvement (13/30)
2026-02-16 12:38:19 KST | INFO | 
2026-02-16 12:38:19 KST | INFO | Epoch 123/200 | LR: 0.033064
2026-02-16 12:40:05 KST | INFO |   Train Loss: 0.0985 | Test Loss: 0.0014 | Test Acc: 88.67%
2026-02-16 12:40:05 KST | INFO |   🏆 New best accuracy: 88.67%
2026-02-16 12:40:05 KST | INFO | 
2026-02-16 12:40:05 KST | INFO | Epoch 124/200 | LR: 0.032327
2026-02-16 12:41:51 KST | INFO |   Train Loss: 0.1017 | Test Loss: 0.0016 | Test Acc: 87.46%
2026-02-16 12:41:51 KST | INFO |   No improvement (1/30)
2026-02-16 12:41:51 KST | INFO | 
2026-02-16 12:41:51 KST | INFO | Epoch 125/200 | LR: 0.031594
2026-02-16 12:43:38 KST | INFO |   Train Loss: 0.0971 | Test Loss: 0.0013 | Test Acc: 88.86%
2026-02-16 12:43:38 KST | INFO |   🏆 New best accuracy: 88.86%
2026-02-16 12:43:38 KST | INFO | 
2026-02-16 12:43:38 KST | INFO | Epoch 126/200 | LR: 0.030867
2026-02-16 12:45:25 KST | INFO |   Train Loss: 0.0937 | Test Loss: 0.0014 | Test Acc: 88.28%
2026-02-16 12:45:25 KST | INFO |   No improvement (1/30)
2026-02-16 12:45:25 KST | INFO | 
2026-02-16 12:45:25 KST | INFO | Epoch 127/200 | LR: 0.030143
2026-02-16 12:47:12 KST | INFO |   Train Loss: 0.0964 | Test Loss: 0.0016 | Test Acc: 87.16%
2026-02-16 12:47:12 KST | INFO |   No improvement (2/30)
2026-02-16 12:47:12 KST | INFO | 
2026-02-16 12:47:12 KST | INFO | Epoch 128/200 | LR: 0.029425
2026-02-16 12:48:58 KST | INFO |   Train Loss: 0.0907 | Test Loss: 0.0014 | Test Acc: 88.62%
2026-02-16 12:48:58 KST | INFO |   No improvement (3/30)
2026-02-16 12:48:58 KST | INFO | 
2026-02-16 12:48:58 KST | INFO | Epoch 129/200 | LR: 0.028712
2026-02-16 12:50:46 KST | INFO |   Train Loss: 0.0888 | Test Loss: 0.0016 | Test Acc: 87.06%
2026-02-16 12:50:46 KST | INFO |   No improvement (4/30)
2026-02-16 12:50:46 KST | INFO | 
2026-02-16 12:50:46 KST | INFO | Epoch 130/200 | LR: 0.028004
2026-02-16 12:52:32 KST | INFO |   Train Loss: 0.0869 | Test Loss: 0.0014 | Test Acc: 88.35%
2026-02-16 12:52:32 KST | INFO |   No improvement (5/30)
2026-02-16 12:52:32 KST | INFO | 
2026-02-16 12:52:32 KST | INFO | Epoch 131/200 | LR: 0.027301
2026-02-16 12:54:18 KST | INFO |   Train Loss: 0.0850 | Test Loss: 0.0014 | Test Acc: 89.30%
2026-02-16 12:54:18 KST | INFO |   🏆 New best accuracy: 89.30%
2026-02-16 12:54:18 KST | INFO | 
2026-02-16 12:54:18 KST | INFO | Epoch 132/200 | LR: 0.026604
2026-02-16 12:56:04 KST | INFO |   Train Loss: 0.0799 | Test Loss: 0.0015 | Test Acc: 88.21%
2026-02-16 12:56:04 KST | INFO |   No improvement (1/30)
2026-02-16 12:56:04 KST | INFO | 
2026-02-16 12:56:04 KST | INFO | Epoch 133/200 | LR: 0.025913
2026-02-16 12:57:52 KST | INFO |   Train Loss: 0.0785 | Test Loss: 0.0013 | Test Acc: 89.64%
2026-02-16 12:57:52 KST | INFO |   🏆 New best accuracy: 89.64%
2026-02-16 12:57:52 KST | INFO | 
2026-02-16 12:57:52 KST | INFO | Epoch 134/200 | LR: 0.025228
2026-02-16 12:59:39 KST | INFO |   Train Loss: 0.0760 | Test Loss: 0.0014 | Test Acc: 88.67%
2026-02-16 12:59:39 KST | INFO |   No improvement (1/30)
2026-02-16 12:59:39 KST | INFO | 
2026-02-16 12:59:39 KST | INFO | Epoch 135/200 | LR: 0.024549
2026-02-16 13:01:25 KST | INFO |   Train Loss: 0.0752 | Test Loss: 0.0014 | Test Acc: 88.91%
2026-02-16 13:01:25 KST | INFO |   No improvement (2/30)
2026-02-16 13:01:25 KST | INFO | 
2026-02-16 13:01:25 KST | INFO | Epoch 136/200 | LR: 0.023876
2026-02-16 13:03:12 KST | INFO |   Train Loss: 0.0735 | Test Loss: 0.0012 | Test Acc: 90.00%
2026-02-16 13:03:12 KST | INFO |   🏆 New best accuracy: 90.00%
2026-02-16 13:03:12 KST | INFO | 
2026-02-16 13:03:12 KST | INFO | Epoch 137/200 | LR: 0.023209
2026-02-16 13:04:59 KST | INFO |   Train Loss: 0.0720 | Test Loss: 0.0013 | Test Acc: 88.85%
2026-02-16 13:04:59 KST | INFO |   No improvement (1/30)
2026-02-16 13:04:59 KST | INFO | 
2026-02-16 13:04:59 KST | INFO | Epoch 138/200 | LR: 0.022550
2026-02-16 13:06:47 KST | INFO |   Train Loss: 0.0660 | Test Loss: 0.0016 | Test Acc: 87.80%
2026-02-16 13:06:47 KST | INFO |   No improvement (2/30)
2026-02-16 13:06:47 KST | INFO | 
2026-02-16 13:06:47 KST | INFO | Epoch 139/200 | LR: 0.021897
2026-02-16 13:08:34 KST | INFO |   Train Loss: 0.0659 | Test Loss: 0.0015 | Test Acc: 88.26%
2026-02-16 13:08:34 KST | INFO |   No improvement (3/30)
2026-02-16 13:08:34 KST | INFO | 
2026-02-16 13:08:34 KST | INFO | Epoch 140/200 | LR: 0.021251
2026-02-16 13:10:21 KST | INFO |   Train Loss: 0.0646 | Test Loss: 0.0013 | Test Acc: 89.45%
2026-02-16 13:10:21 KST | INFO |   No improvement (4/30)
2026-02-16 13:10:21 KST | INFO | 
2026-02-16 13:10:21 KST | INFO | Epoch 141/200 | LR: 0.020612
2026-02-16 13:12:07 KST | INFO |   Train Loss: 0.0627 | Test Loss: 0.0015 | Test Acc: 88.41%
2026-02-16 13:12:07 KST | INFO |   No improvement (5/30)
2026-02-16 13:12:07 KST | INFO | 
2026-02-16 13:12:07 KST | INFO | Epoch 142/200 | LR: 0.019980
2026-02-16 13:13:53 KST | INFO |   Train Loss: 0.0624 | Test Loss: 0.0014 | Test Acc: 89.42%
2026-02-16 13:13:53 KST | INFO |   No improvement (6/30)
2026-02-16 13:13:53 KST | INFO | 
2026-02-16 13:13:53 KST | INFO | Epoch 143/200 | LR: 0.019355
2026-02-16 13:15:38 KST | INFO |   Train Loss: 0.0591 | Test Loss: 0.0014 | Test Acc: 88.80%
2026-02-16 13:15:38 KST | INFO |   No improvement (7/30)
2026-02-16 13:15:38 KST | INFO | 
2026-02-16 13:15:38 KST | INFO | Epoch 144/200 | LR: 0.018739
2026-02-16 13:17:24 KST | INFO |   Train Loss: 0.0550 | Test Loss: 0.0015 | Test Acc: 88.62%
2026-02-16 13:17:24 KST | INFO |   No improvement (8/30)
2026-02-16 13:17:24 KST | INFO | 
2026-02-16 13:17:24 KST | INFO | Epoch 145/200 | LR: 0.018130
2026-02-16 13:19:10 KST | INFO |   Train Loss: 0.0538 | Test Loss: 0.0016 | Test Acc: 87.65%
2026-02-16 13:19:10 KST | INFO |   No improvement (9/30)
2026-02-16 13:19:10 KST | INFO | 
2026-02-16 13:19:10 KST | INFO | Epoch 146/200 | LR: 0.017528
2026-02-16 13:20:56 KST | INFO |   Train Loss: 0.0541 | Test Loss: 0.0013 | Test Acc: 89.67%
2026-02-16 13:20:56 KST | INFO |   No improvement (10/30)
2026-02-16 13:20:56 KST | INFO | 
2026-02-16 13:20:56 KST | INFO | Epoch 147/200 | LR: 0.016935
2026-02-16 13:22:42 KST | INFO |   Train Loss: 0.0511 | Test Loss: 0.0014 | Test Acc: 89.31%
2026-02-16 13:22:42 KST | INFO |   No improvement (11/30)
2026-02-16 13:22:42 KST | INFO | 
2026-02-16 13:22:42 KST | INFO | Epoch 148/200 | LR: 0.016350
2026-02-16 13:24:29 KST | INFO |   Train Loss: 0.0500 | Test Loss: 0.0013 | Test Acc: 90.09%
2026-02-16 13:24:29 KST | INFO |   🏆 New best accuracy: 90.09%
2026-02-16 13:24:29 KST | INFO | 
2026-02-16 13:24:29 KST | INFO | Epoch 149/200 | LR: 0.015773
2026-02-16 13:26:14 KST | INFO |   Train Loss: 0.0506 | Test Loss: 0.0012 | Test Acc: 90.56%
2026-02-16 13:26:14 KST | INFO |   🏆 New best accuracy: 90.56%
2026-02-16 13:26:14 KST | INFO | 
2026-02-16 13:26:14 KST | INFO | Epoch 150/200 | LR: 0.015205
2026-02-16 13:28:01 KST | INFO |   Train Loss: 0.0485 | Test Loss: 0.0013 | Test Acc: 89.89%
2026-02-16 13:28:01 KST | INFO |   No improvement (1/30)
2026-02-16 13:28:01 KST | INFO | 
2026-02-16 13:28:01 KST | INFO | Epoch 151/200 | LR: 0.014646
2026-02-16 13:29:46 KST | INFO |   Train Loss: 0.0440 | Test Loss: 0.0013 | Test Acc: 89.83%
2026-02-16 13:29:46 KST | INFO |   No improvement (2/30)
2026-02-16 13:29:46 KST | INFO | 
2026-02-16 13:29:46 KST | INFO | Epoch 152/200 | LR: 0.014095
2026-02-16 13:31:32 KST | INFO |   Train Loss: 0.0423 | Test Loss: 0.0015 | Test Acc: 88.24%
2026-02-16 13:31:32 KST | INFO |   No improvement (3/30)
2026-02-16 13:31:32 KST | INFO | 
2026-02-16 13:31:32 KST | INFO | Epoch 153/200 | LR: 0.013552
2026-02-16 13:33:19 KST | INFO |   Train Loss: 0.0424 | Test Loss: 0.0013 | Test Acc: 89.94%
2026-02-16 13:33:19 KST | INFO |   No improvement (4/30)
2026-02-16 13:33:19 KST | INFO | 
2026-02-16 13:33:19 KST | INFO | Epoch 154/200 | LR: 0.013019
2026-02-16 13:35:05 KST | INFO |   Train Loss: 0.0385 | Test Loss: 0.0014 | Test Acc: 89.55%
2026-02-16 13:35:05 KST | INFO |   No improvement (5/30)
2026-02-16 13:35:05 KST | INFO | 
2026-02-16 13:35:05 KST | INFO | Epoch 155/200 | LR: 0.012495
2026-02-16 13:36:50 KST | INFO |   Train Loss: 0.0390 | Test Loss: 0.0014 | Test Acc: 89.30%
2026-02-16 13:36:50 KST | INFO |   No improvement (6/30)
2026-02-16 13:36:50 KST | INFO | 
2026-02-16 13:36:50 KST | INFO | Epoch 156/200 | LR: 0.011981
2026-02-16 13:38:36 KST | INFO |   Train Loss: 0.0378 | Test Loss: 0.0015 | Test Acc: 89.01%
2026-02-16 13:38:36 KST | INFO |   No improvement (7/30)
2026-02-16 13:38:36 KST | INFO | 
2026-02-16 13:38:36 KST | INFO | Epoch 157/200 | LR: 0.011475
2026-02-16 13:40:22 KST | INFO |   Train Loss: 0.0359 | Test Loss: 0.0014 | Test Acc: 89.41%
2026-02-16 13:40:22 KST | INFO |   No improvement (8/30)
2026-02-16 13:40:22 KST | INFO | 
2026-02-16 13:40:22 KST | INFO | Epoch 158/200 | LR: 0.010979
2026-02-16 13:42:07 KST | INFO |   Train Loss: 0.0344 | Test Loss: 0.0014 | Test Acc: 89.58%
2026-02-16 13:42:07 KST | INFO |   No improvement (9/30)
2026-02-16 13:42:07 KST | INFO | 
2026-02-16 13:42:07 KST | INFO | Epoch 159/200 | LR: 0.010493
2026-02-16 13:43:54 KST | INFO |   Train Loss: 0.0332 | Test Loss: 0.0013 | Test Acc: 90.21%
2026-02-16 13:43:54 KST | INFO |   No improvement (10/30)
2026-02-16 13:43:54 KST | INFO | 
2026-02-16 13:43:54 KST | INFO | Epoch 160/200 | LR: 0.010017
2026-02-16 13:45:40 KST | INFO |   Train Loss: 0.0328 | Test Loss: 0.0014 | Test Acc: 89.49%
2026-02-16 13:45:40 KST | INFO |   No improvement (11/30)
2026-02-16 13:45:40 KST | INFO | 
2026-02-16 13:45:40 KST | INFO | Epoch 161/200 | LR: 0.009550
2026-02-16 13:47:26 KST | INFO |   Train Loss: 0.0305 | Test Loss: 0.0014 | Test Acc: 89.56%
2026-02-16 13:47:26 KST | INFO |   No improvement (12/30)
2026-02-16 13:47:26 KST | INFO | 
2026-02-16 13:47:26 KST | INFO | Epoch 162/200 | LR: 0.009093
2026-02-16 13:49:13 KST | INFO |   Train Loss: 0.0309 | Test Loss: 0.0013 | Test Acc: 90.10%
2026-02-16 13:49:13 KST | INFO |   No improvement (13/30)
2026-02-16 13:49:13 KST | INFO | 
2026-02-16 13:49:13 KST | INFO | Epoch 163/200 | LR: 0.008647
2026-02-16 13:51:00 KST | INFO |   Train Loss: 0.0281 | Test Loss: 0.0015 | Test Acc: 89.01%
2026-02-16 13:51:00 KST | INFO |   No improvement (14/30)
2026-02-16 13:51:00 KST | INFO | 
2026-02-16 13:51:00 KST | INFO | Epoch 164/200 | LR: 0.008211
2026-02-16 13:52:47 KST | INFO |   Train Loss: 0.0273 | Test Loss: 0.0014 | Test Acc: 89.76%
2026-02-16 13:52:47 KST | INFO |   No improvement (15/30)
2026-02-16 13:52:47 KST | INFO | 
2026-02-16 13:52:47 KST | INFO | Epoch 165/200 | LR: 0.007785
2026-02-16 13:54:33 KST | INFO |   Train Loss: 0.0263 | Test Loss: 0.0014 | Test Acc: 89.96%
2026-02-16 13:54:33 KST | INFO |   No improvement (16/30)
2026-02-16 13:54:33 KST | INFO | 
2026-02-16 13:54:33 KST | INFO | Epoch 166/200 | LR: 0.007369
2026-02-16 13:56:20 KST | INFO |   Train Loss: 0.0266 | Test Loss: 0.0013 | Test Acc: 89.61%
2026-02-16 13:56:20 KST | INFO |   No improvement (17/30)
2026-02-16 13:56:20 KST | INFO | 
2026-02-16 13:56:20 KST | INFO | Epoch 167/200 | LR: 0.006964
2026-02-16 13:58:07 KST | INFO |   Train Loss: 0.0251 | Test Loss: 0.0013 | Test Acc: 90.34%
2026-02-16 13:58:07 KST | INFO |   No improvement (18/30)
2026-02-16 13:58:07 KST | INFO | 
2026-02-16 13:58:07 KST | INFO | Epoch 168/200 | LR: 0.006569
2026-02-16 13:59:55 KST | INFO |   Train Loss: 0.0233 | Test Loss: 0.0013 | Test Acc: 90.29%
2026-02-16 13:59:55 KST | INFO |   No improvement (19/30)
2026-02-16 13:59:55 KST | INFO | 
2026-02-16 13:59:55 KST | INFO | Epoch 169/200 | LR: 0.006186
2026-02-16 14:01:42 KST | INFO |   Train Loss: 0.0229 | Test Loss: 0.0013 | Test Acc: 90.01%
2026-02-16 14:01:42 KST | INFO |   No improvement (20/30)
2026-02-16 14:01:42 KST | INFO | 
2026-02-16 14:01:42 KST | INFO | Epoch 170/200 | LR: 0.005813
2026-02-16 14:03:29 KST | INFO |   Train Loss: 0.0222 | Test Loss: 0.0013 | Test Acc: 90.47%
2026-02-16 14:03:29 KST | INFO |   No improvement (21/30)
2026-02-16 14:03:29 KST | INFO | 
2026-02-16 14:03:29 KST | INFO | Epoch 171/200 | LR: 0.005451
2026-02-16 14:05:15 KST | INFO |   Train Loss: 0.0214 | Test Loss: 0.0015 | Test Acc: 89.30%
2026-02-16 14:05:15 KST | INFO |   No improvement (22/30)
2026-02-16 14:05:15 KST | INFO | 
2026-02-16 14:05:15 KST | INFO | Epoch 172/200 | LR: 0.005100
2026-02-16 14:07:00 KST | INFO |   Train Loss: 0.0202 | Test Loss: 0.0014 | Test Acc: 90.12%
2026-02-16 14:07:00 KST | INFO |   No improvement (23/30)
2026-02-16 14:07:00 KST | INFO | 
2026-02-16 14:07:00 KST | INFO | Epoch 173/200 | LR: 0.004760
2026-02-16 14:08:46 KST | INFO |   Train Loss: 0.0211 | Test Loss: 0.0014 | Test Acc: 90.20%
2026-02-16 14:08:46 KST | INFO |   No improvement (24/30)
2026-02-16 14:08:46 KST | INFO | 
2026-02-16 14:08:46 KST | INFO | Epoch 174/200 | LR: 0.004431
2026-02-16 14:10:32 KST | INFO |   Train Loss: 0.0193 | Test Loss: 0.0014 | Test Acc: 89.91%
2026-02-16 14:10:32 KST | INFO |   No improvement (25/30)
2026-02-16 14:10:32 KST | INFO | 
2026-02-16 14:10:32 KST | INFO | Epoch 175/200 | LR: 0.004113
2026-02-16 14:12:20 KST | INFO |   Train Loss: 0.0194 | Test Loss: 0.0013 | Test Acc: 90.60%
2026-02-16 14:12:20 KST | INFO |   🏆 New best accuracy: 90.60%
2026-02-16 14:12:20 KST | INFO | 
2026-02-16 14:12:20 KST | INFO | Epoch 176/200 | LR: 0.003807
2026-02-16 14:14:06 KST | INFO |   Train Loss: 0.0186 | Test Loss: 0.0014 | Test Acc: 89.97%
2026-02-16 14:14:06 KST | INFO |   No improvement (1/30)
2026-02-16 14:14:06 KST | INFO | 
2026-02-16 14:14:06 KST | INFO | Epoch 177/200 | LR: 0.003512
2026-02-16 14:15:52 KST | INFO |   Train Loss: 0.0179 | Test Loss: 0.0015 | Test Acc: 89.62%
2026-02-16 14:15:52 KST | INFO |   No improvement (2/30)
2026-02-16 14:15:52 KST | INFO | 
2026-02-16 14:15:52 KST | INFO | Epoch 178/200 | LR: 0.003229
2026-02-16 14:17:38 KST | INFO |   Train Loss: 0.0173 | Test Loss: 0.0014 | Test Acc: 90.50%
2026-02-16 14:17:38 KST | INFO |   No improvement (3/30)
2026-02-16 14:17:38 KST | INFO | 
2026-02-16 14:17:38 KST | INFO | Epoch 179/200 | LR: 0.002957
2026-02-16 14:19:23 KST | INFO |   Train Loss: 0.0164 | Test Loss: 0.0013 | Test Acc: 90.17%
2026-02-16 14:19:23 KST | INFO |   No improvement (4/30)
2026-02-16 14:19:23 KST | INFO | 
2026-02-16 14:19:23 KST | INFO | Epoch 180/200 | LR: 0.002697
2026-02-16 14:21:09 KST | INFO |   Train Loss: 0.0163 | Test Loss: 0.0013 | Test Acc: 90.45%
2026-02-16 14:21:09 KST | INFO |   No improvement (5/30)
2026-02-16 14:21:09 KST | INFO | 
2026-02-16 14:21:09 KST | INFO | Epoch 181/200 | LR: 0.002448
2026-02-16 14:22:57 KST | INFO |   Train Loss: 0.0153 | Test Loss: 0.0013 | Test Acc: 90.30%
2026-02-16 14:22:57 KST | INFO |   No improvement (6/30)
2026-02-16 14:22:57 KST | INFO | 
2026-02-16 14:22:57 KST | INFO | Epoch 182/200 | LR: 0.002211
2026-02-16 14:24:44 KST | INFO |   Train Loss: 0.0155 | Test Loss: 0.0014 | Test Acc: 90.12%
2026-02-16 14:24:44 KST | INFO |   No improvement (7/30)
2026-02-16 14:24:44 KST | INFO | 
2026-02-16 14:24:44 KST | INFO | Epoch 183/200 | LR: 0.001986
2026-02-16 14:26:32 KST | INFO |   Train Loss: 0.0157 | Test Loss: 0.0014 | Test Acc: 89.94%
2026-02-16 14:26:32 KST | INFO |   No improvement (8/30)
2026-02-16 14:26:32 KST | INFO | 
2026-02-16 14:26:32 KST | INFO | Epoch 184/200 | LR: 0.001773
2026-02-16 14:28:17 KST | INFO |   Train Loss: 0.0146 | Test Loss: 0.0014 | Test Acc: 90.26%
2026-02-16 14:28:17 KST | INFO |   No improvement (9/30)
2026-02-16 14:28:17 KST | INFO | 
2026-02-16 14:28:17 KST | INFO | Epoch 185/200 | LR: 0.001572
2026-02-16 14:30:05 KST | INFO |   Train Loss: 0.0145 | Test Loss: 0.0014 | Test Acc: 89.81%
2026-02-16 14:30:05 KST | INFO |   No improvement (10/30)
2026-02-16 14:30:05 KST | INFO | 
2026-02-16 14:30:05 KST | INFO | Epoch 186/200 | LR: 0.001382
2026-02-16 14:31:53 KST | INFO |   Train Loss: 0.0143 | Test Loss: 0.0014 | Test Acc: 90.09%
2026-02-16 14:31:53 KST | INFO |   No improvement (11/30)
2026-02-16 14:31:53 KST | INFO | 
2026-02-16 14:31:53 KST | INFO | Epoch 187/200 | LR: 0.001205
2026-02-16 14:33:40 KST | INFO |   Train Loss: 0.0143 | Test Loss: 0.0013 | Test Acc: 90.44%
2026-02-16 14:33:40 KST | INFO |   No improvement (12/30)
2026-02-16 14:33:40 KST | INFO | 
2026-02-16 14:33:40 KST | INFO | Epoch 188/200 | LR: 0.001040
2026-02-16 14:35:26 KST | INFO |   Train Loss: 0.0148 | Test Loss: 0.0014 | Test Acc: 90.08%
2026-02-16 14:35:26 KST | INFO |   No improvement (13/30)
2026-02-16 14:35:26 KST | INFO | 
2026-02-16 14:35:26 KST | INFO | Epoch 189/200 | LR: 0.000887
2026-02-16 14:37:12 KST | INFO |   Train Loss: 0.0139 | Test Loss: 0.0014 | Test Acc: 89.95%
2026-02-16 14:37:12 KST | INFO |   No improvement (14/30)
2026-02-16 14:37:12 KST | INFO | 
2026-02-16 14:37:12 KST | INFO | Epoch 190/200 | LR: 0.000746
2026-02-16 14:39:00 KST | INFO |   Train Loss: 0.0133 | Test Loss: 0.0014 | Test Acc: 90.00%
2026-02-16 14:39:00 KST | INFO |   No improvement (15/30)
2026-02-16 14:39:00 KST | INFO | 
2026-02-16 14:39:00 KST | INFO | Epoch 191/200 | LR: 0.000617
2026-02-16 14:40:46 KST | INFO |   Train Loss: 0.0134 | Test Loss: 0.0014 | Test Acc: 90.20%
2026-02-16 14:40:46 KST | INFO |   No improvement (16/30)
2026-02-16 14:40:46 KST | INFO | 
2026-02-16 14:40:46 KST | INFO | Epoch 192/200 | LR: 0.000500
2026-02-16 14:42:33 KST | INFO |   Train Loss: 0.0127 | Test Loss: 0.0014 | Test Acc: 90.25%
2026-02-16 14:42:33 KST | INFO |   No improvement (17/30)
2026-02-16 14:42:33 KST | INFO | 
2026-02-16 14:42:33 KST | INFO | Epoch 193/200 | LR: 0.000395
2026-02-16 14:44:21 KST | INFO |   Train Loss: 0.0126 | Test Loss: 0.0014 | Test Acc: 89.90%
2026-02-16 14:44:21 KST | INFO |   No improvement (18/30)
2026-02-16 14:44:21 KST | INFO | 
2026-02-16 14:44:21 KST | INFO | Epoch 194/200 | LR: 0.000303
2026-02-16 14:46:09 KST | INFO |   Train Loss: 0.0121 | Test Loss: 0.0014 | Test Acc: 90.20%
2026-02-16 14:46:09 KST | INFO |   No improvement (19/30)
2026-02-16 14:46:09 KST | INFO | 
2026-02-16 14:46:09 KST | INFO | Epoch 195/200 | LR: 0.000223
2026-02-16 14:47:55 KST | INFO |   Train Loss: 0.0130 | Test Loss: 0.0014 | Test Acc: 90.19%
2026-02-16 14:47:55 KST | INFO |   No improvement (20/30)
2026-02-16 14:47:55 KST | INFO | 
2026-02-16 14:47:55 KST | INFO | Epoch 196/200 | LR: 0.000155
2026-02-16 14:49:42 KST | INFO |   Train Loss: 0.0133 | Test Loss: 0.0013 | Test Acc: 90.30%
2026-02-16 14:49:42 KST | INFO |   No improvement (21/30)
2026-02-16 14:49:42 KST | INFO | 
2026-02-16 14:49:42 KST | INFO | Epoch 197/200 | LR: 0.000100
2026-02-16 14:51:29 KST | INFO |   Train Loss: 0.0127 | Test Loss: 0.0013 | Test Acc: 90.28%
2026-02-16 14:51:29 KST | INFO |   No improvement (22/30)
2026-02-16 14:51:29 KST | INFO | 
2026-02-16 14:51:29 KST | INFO | Epoch 198/200 | LR: 0.000057
2026-02-16 14:53:15 KST | INFO |   Train Loss: 0.0128 | Test Loss: 0.0014 | Test Acc: 90.21%
2026-02-16 14:53:15 KST | INFO |   No improvement (23/30)
2026-02-16 14:53:15 KST | INFO | 
2026-02-16 14:53:15 KST | INFO | Epoch 199/200 | LR: 0.000026
2026-02-16 14:55:01 KST | INFO |   Train Loss: 0.0124 | Test Loss: 0.0014 | Test Acc: 90.21%
2026-02-16 14:55:01 KST | INFO |   No improvement (24/30)
2026-02-16 14:55:01 KST | INFO | 
2026-02-16 14:55:01 KST | INFO | Epoch 200/200 | LR: 0.000007
2026-02-16 14:56:48 KST | INFO |   Train Loss: 0.0127 | Test Loss: 0.0014 | Test Acc: 90.21%
2026-02-16 14:56:48 KST | INFO |   No improvement (25/30)
2026-02-16 14:56:48 KST | INFO | 
2026-02-16 14:56:48 KST | INFO | ================================================================================
2026-02-16 14:56:48 KST | INFO | TRAINING COMPLETE
2026-02-16 14:56:48 KST | INFO | ================================================================================
2026-02-16 14:56:48 KST | INFO | Best accuracy:  90.60% (Epoch 175)
2026-02-16 14:56:48 KST | INFO | Final accuracy: 90.21%
2026-02-16 14:56:48 KST | INFO | ================================================================================
2026-02-16 14:56:48 KST | INFO | 
2026-02-16 14:56:48 KST | INFO | Notifying nodes of completion...
2026-02-16 14:56:49 KST | INFO | ✓ Nodes notified
2026-02-16 14:56:49 KST | INFO | 
2026-02-16 14:56:49 KST | INFO | Closing connections...
2026-02-16 14:56:49 KST | INFO | ✓ Cleanup complete
2026-02-16 14:56:49 KST | INFO | 
2026-02-16 14:56:49 KST | INFO | Full log: logs/TL++_secure_20260216_090103.log
2026-02-16 14:56:49 KST | INFO | ================================================================================
