2026-02-16 00:40:52 KST | INFO | ================================================================================
2026-02-16 00:40:52 KST | INFO | TL++ Orchestrator
2026-02-16 00:40:52 KST | INFO | ================================================================================
2026-02-16 00:40:52 KST | INFO | Log file: logs/TL++_secure_20260216_004052.log
2026-02-16 00:40:52 KST | INFO | 
2026-02-16 00:40:52 KST | INFO | --------------------------------------------------------------------------------
2026-02-16 00:40:52 KST | INFO | CONFIGURATION
2026-02-16 00:40:52 KST | INFO | --------------------------------------------------------------------------------
2026-02-16 00:40:52 KST | INFO | Secure mode:      True
2026-02-16 00:40:52 KST | INFO | Helper endpoint:  127.0.0.1:8082
2026-02-16 00:40:52 KST | INFO | Activation noise: 2.0%
2026-02-16 00:40:52 KST | INFO | Gradient noise:   10.0%
2026-02-16 00:40:52 KST | INFO | Nodes:            8
2026-02-16 00:40:52 KST | INFO | Cut layer:        1
2026-02-16 00:40:52 KST | INFO | Batch size:       128
2026-02-16 00:40:52 KST | INFO | Learning rate:    0.1
2026-02-16 00:40:52 KST | INFO | 
2026-02-16 00:40:52 KST | INFO | Computation device: cuda
2026-02-16 00:40:52 KST | INFO | Secure mode: ✓ ENABLED
2026-02-16 00:40:52 KST | INFO | 
2026-02-16 00:40:52 KST | INFO | --------------------------------------------------------------------------------
2026-02-16 00:40:52 KST | INFO | NETWORK SETUP
2026-02-16 00:40:52 KST | INFO | --------------------------------------------------------------------------------
2026-02-16 00:40:52 KST | INFO | ✓ Orchestrator listening on 127.0.0.1:8080
2026-02-16 00:40:52 KST | INFO | ✓ Helper node on 127.0.0.1:8082
2026-02-16 00:40:52 KST | INFO | 
2026-02-16 00:40:52 KST | INFO | Waiting for helper node...
2026-02-16 00:40:54 KST | INFO | ✓ Helper node connected
2026-02-16 00:40:54 KST | INFO | ✓ Noise config sent to helper (activation: 2.0%, gradient: 10.0%)
2026-02-16 00:40:54 KST | INFO | 
2026-02-16 00:40:54 KST | INFO | Waiting for 8 node(s)...
2026-02-16 00:40:59 KST | INFO |   ✓ Node 1/8 connected
2026-02-16 00:40:59 KST | INFO |   ✓ Node 2/8 connected
2026-02-16 00:41:00 KST | INFO |   ✓ Node 3/8 connected
2026-02-16 00:41:01 KST | INFO |   ✓ Node 4/8 connected
2026-02-16 00:41:03 KST | INFO |   ✓ Node 5/8 connected
2026-02-16 00:41:03 KST | INFO |   ✓ Node 6/8 connected
2026-02-16 00:41:05 KST | INFO |   ✓ Node 7/8 connected
2026-02-16 00:41:05 KST | INFO |   ✓ Node 8/8 connected
2026-02-16 00:41:05 KST | INFO | ✓ All 8 node(s) connected
2026-02-16 00:41:05 KST | INFO | 
2026-02-16 00:41:05 KST | INFO | --------------------------------------------------------------------------------
2026-02-16 00:41:05 KST | INFO | MODEL INITIALIZATION
2026-02-16 00:41:05 KST | INFO | --------------------------------------------------------------------------------
2026-02-16 00:41:05 KST | INFO | Node-side parameters: 38,720
2026-02-16 00:41:05 KST | INFO | 
2026-02-16 00:41:05 KST | INFO | --------------------------------------------------------------------------------
2026-02-16 00:41:05 KST | INFO | BROADCASTING CONFIGURATION
2026-02-16 00:41:05 KST | INFO | --------------------------------------------------------------------------------
2026-02-16 00:41:05 KST | INFO | ✓ Configuration broadcast to all nodes
2026-02-16 00:41:07 KST | INFO | 
2026-02-16 00:41:07 KST | INFO | Total parameters:     3,247,176
2026-02-16 00:41:07 KST | INFO | Trainable parameters: 3,247,176
2026-02-16 00:41:07 KST | INFO | 
2026-02-16 00:41:07 KST | INFO | --------------------------------------------------------------------------------
2026-02-16 00:41:07 KST | INFO | DATA LOADING
2026-02-16 00:41:07 KST | INFO | --------------------------------------------------------------------------------
2026-02-16 00:41:35 KST | INFO | ✓ Dataset information collected:
2026-02-16 00:41:35 KST | INFO |     Node 1: 5,000 samples
2026-02-16 00:41:35 KST | INFO |     Node 2: 5,000 samples
2026-02-16 00:41:35 KST | INFO |     Node 3: 5,000 samples
2026-02-16 00:41:35 KST | INFO |     Node 4: 5,000 samples
2026-02-16 00:41:35 KST | INFO |     Node 5: 5,000 samples
2026-02-16 00:41:35 KST | INFO |     Node 6: 5,000 samples
2026-02-16 00:41:35 KST | INFO |     Node 7: 5,000 samples
2026-02-16 00:41:35 KST | INFO |     Node 8: 5,000 samples
2026-02-16 00:41:35 KST | INFO |   Total training samples: 40,000
2026-02-16 00:41:35 KST | INFO | 
2026-02-16 00:41:39 KST | INFO | ✓ Test dataset loaded: 8,000 samples
2026-02-16 00:41:39 KST | INFO | 
2026-02-16 00:41:39 KST | INFO | ✓ Batch scheduler: 313 batches/epoch
2026-02-16 00:41:39 KST | INFO | 
2026-02-16 00:41:39 KST | INFO | --------------------------------------------------------------------------------
2026-02-16 00:41:39 KST | INFO | OPTIMIZATION SETUP
2026-02-16 00:41:39 KST | INFO | --------------------------------------------------------------------------------
2026-02-16 00:41:39 KST | INFO | ✓ Optimizer: SGD (lr=0.1, momentum=0.9)
2026-02-16 00:41:39 KST | INFO | ✓ Scheduler: cosine
2026-02-16 00:41:39 KST | INFO | ✓ Gradient clipping: 1.0
2026-02-16 00:41:39 KST | INFO | 
2026-02-16 00:41:39 KST | INFO | ================================================================================
2026-02-16 00:41:39 KST | INFO | Setup complete - Ready for training
2026-02-16 00:41:39 KST | INFO | ================================================================================
2026-02-16 00:41:39 KST | INFO | 
2026-02-16 00:41:39 KST | INFO | --------------------------------------------------------------------------------
2026-02-16 00:41:39 KST | INFO | TRAINING
2026-02-16 00:41:39 KST | INFO | --------------------------------------------------------------------------------
2026-02-16 00:41:39 KST | INFO | 
2026-02-16 00:41:39 KST | INFO | Epoch 1/200 | LR: 0.100000
2026-02-16 00:43:37 KST | INFO |   Train Loss: 1.6154 | Test Loss: 0.0063 | Test Acc: 41.04%
2026-02-16 00:43:37 KST | INFO |   🏆 New best accuracy: 41.04%
2026-02-16 00:43:37 KST | INFO | 
2026-02-16 00:43:37 KST | INFO | Epoch 2/200 | LR: 0.099994
2026-02-16 00:45:24 KST | INFO |   Train Loss: 1.2026 | Test Loss: 0.0045 | Test Acc: 59.56%
2026-02-16 00:45:24 KST | INFO |   🏆 New best accuracy: 59.56%
2026-02-16 00:45:24 KST | INFO | 
2026-02-16 00:45:24 KST | INFO | Epoch 3/200 | LR: 0.099975
2026-02-16 00:47:11 KST | INFO |   Train Loss: 0.9690 | Test Loss: 0.0044 | Test Acc: 61.01%
2026-02-16 00:47:11 KST | INFO |   🏆 New best accuracy: 61.01%
2026-02-16 00:47:11 KST | INFO | 
2026-02-16 00:47:11 KST | INFO | Epoch 4/200 | LR: 0.099944
2026-02-16 00:49:00 KST | INFO |   Train Loss: 0.8206 | Test Loss: 0.0036 | Test Acc: 68.26%
2026-02-16 00:49:00 KST | INFO |   🏆 New best accuracy: 68.26%
2026-02-16 00:49:00 KST | INFO | 
2026-02-16 00:49:00 KST | INFO | Epoch 5/200 | LR: 0.099901
2026-02-16 00:50:48 KST | INFO |   Train Loss: 0.7431 | Test Loss: 0.0037 | Test Acc: 69.26%
2026-02-16 00:50:48 KST | INFO |   🏆 New best accuracy: 69.26%
2026-02-16 00:50:48 KST | INFO | 
2026-02-16 00:50:48 KST | INFO | Epoch 6/200 | LR: 0.099846
2026-02-16 00:52:33 KST | INFO |   Train Loss: 0.6693 | Test Loss: 0.0032 | Test Acc: 73.36%
2026-02-16 00:52:33 KST | INFO |   🏆 New best accuracy: 73.36%
2026-02-16 00:52:33 KST | INFO | 
2026-02-16 00:52:33 KST | INFO | Epoch 7/200 | LR: 0.099778
2026-02-16 00:54:19 KST | INFO |   Train Loss: 0.6213 | Test Loss: 0.0030 | Test Acc: 75.65%
2026-02-16 00:54:19 KST | INFO |   🏆 New best accuracy: 75.65%
2026-02-16 00:54:19 KST | INFO | 
2026-02-16 00:54:19 KST | INFO | Epoch 8/200 | LR: 0.099698
2026-02-16 00:56:05 KST | INFO |   Train Loss: 0.5876 | Test Loss: 0.0029 | Test Acc: 75.45%
2026-02-16 00:56:05 KST | INFO |   No improvement (1/30)
2026-02-16 00:56:05 KST | INFO | 
2026-02-16 00:56:05 KST | INFO | Epoch 9/200 | LR: 0.099606
2026-02-16 00:57:52 KST | INFO |   Train Loss: 0.5604 | Test Loss: 0.0030 | Test Acc: 75.42%
2026-02-16 00:57:52 KST | INFO |   No improvement (2/30)
2026-02-16 00:57:52 KST | INFO | 
2026-02-16 00:57:52 KST | INFO | Epoch 10/200 | LR: 0.099501
2026-02-16 00:59:38 KST | INFO |   Train Loss: 0.5295 | Test Loss: 0.0026 | Test Acc: 78.71%
2026-02-16 00:59:38 KST | INFO |   🏆 New best accuracy: 78.71%
2026-02-16 00:59:38 KST | INFO | 
2026-02-16 00:59:38 KST | INFO | Epoch 11/200 | LR: 0.099384
2026-02-16 01:01:22 KST | INFO |   Train Loss: 0.5106 | Test Loss: 0.0026 | Test Acc: 79.19%
2026-02-16 01:01:22 KST | INFO |   🏆 New best accuracy: 79.19%
2026-02-16 01:01:22 KST | INFO | 
2026-02-16 01:01:22 KST | INFO | Epoch 12/200 | LR: 0.099255
2026-02-16 01:03:08 KST | INFO |   Train Loss: 0.4923 | Test Loss: 0.0028 | Test Acc: 77.17%
2026-02-16 01:03:08 KST | INFO |   No improvement (1/30)
2026-02-16 01:03:08 KST | INFO | 
2026-02-16 01:03:08 KST | INFO | Epoch 13/200 | LR: 0.099114
2026-02-16 01:04:52 KST | INFO |   Train Loss: 0.4785 | Test Loss: 0.0022 | Test Acc: 81.96%
2026-02-16 01:04:52 KST | INFO |   🏆 New best accuracy: 81.96%
2026-02-16 01:04:52 KST | INFO | 
2026-02-16 01:04:52 KST | INFO | Epoch 14/200 | LR: 0.098961
2026-02-16 01:06:37 KST | INFO |   Train Loss: 0.4600 | Test Loss: 0.0024 | Test Acc: 80.21%
2026-02-16 01:06:37 KST | INFO |   No improvement (1/30)
2026-02-16 01:06:37 KST | INFO | 
2026-02-16 01:06:37 KST | INFO | Epoch 15/200 | LR: 0.098796
2026-02-16 01:08:22 KST | INFO |   Train Loss: 0.4519 | Test Loss: 0.0025 | Test Acc: 79.46%
2026-02-16 01:08:22 KST | INFO |   No improvement (2/30)
2026-02-16 01:08:22 KST | INFO | 
2026-02-16 01:08:22 KST | INFO | Epoch 16/200 | LR: 0.098619
2026-02-16 01:10:06 KST | INFO |   Train Loss: 0.4361 | Test Loss: 0.0025 | Test Acc: 80.50%
2026-02-16 01:10:06 KST | INFO |   No improvement (3/30)
2026-02-16 01:10:06 KST | INFO | 
2026-02-16 01:10:06 KST | INFO | Epoch 17/200 | LR: 0.098429
2026-02-16 01:11:51 KST | INFO |   Train Loss: 0.4311 | Test Loss: 0.0022 | Test Acc: 81.42%
2026-02-16 01:11:51 KST | INFO |   No improvement (4/30)
2026-02-16 01:11:51 KST | INFO | 
2026-02-16 01:11:51 KST | INFO | Epoch 18/200 | LR: 0.098228
2026-02-16 01:13:38 KST | INFO |   Train Loss: 0.4146 | Test Loss: 0.0025 | Test Acc: 79.20%
2026-02-16 01:13:38 KST | INFO |   No improvement (5/30)
2026-02-16 01:13:38 KST | INFO | 
2026-02-16 01:13:38 KST | INFO | Epoch 19/200 | LR: 0.098015
2026-02-16 01:15:23 KST | INFO |   Train Loss: 0.4092 | Test Loss: 0.0024 | Test Acc: 80.60%
2026-02-16 01:15:23 KST | INFO |   No improvement (6/30)
2026-02-16 01:15:23 KST | INFO | 
2026-02-16 01:15:23 KST | INFO | Epoch 20/200 | LR: 0.097790
2026-02-16 01:17:09 KST | INFO |   Train Loss: 0.4036 | Test Loss: 0.0024 | Test Acc: 80.85%
2026-02-16 01:17:09 KST | INFO |   No improvement (7/30)
2026-02-16 01:17:09 KST | INFO | 
2026-02-16 01:17:09 KST | INFO | Epoch 21/200 | LR: 0.097553
2026-02-16 01:18:54 KST | INFO |   Train Loss: 0.3906 | Test Loss: 0.0025 | Test Acc: 79.08%
2026-02-16 01:18:54 KST | INFO |   No improvement (8/30)
2026-02-16 01:18:54 KST | INFO | 
2026-02-16 01:18:54 KST | INFO | Epoch 22/200 | LR: 0.097304
2026-02-16 01:20:40 KST | INFO |   Train Loss: 0.3900 | Test Loss: 0.0021 | Test Acc: 83.08%
2026-02-16 01:20:40 KST | INFO |   🏆 New best accuracy: 83.08%
2026-02-16 01:20:40 KST | INFO | 
2026-02-16 01:20:40 KST | INFO | Epoch 23/200 | LR: 0.097044
2026-02-16 01:22:27 KST | INFO |   Train Loss: 0.3773 | Test Loss: 0.0020 | Test Acc: 82.94%
2026-02-16 01:22:27 KST | INFO |   No improvement (1/30)
2026-02-16 01:22:27 KST | INFO | 
2026-02-16 01:22:27 KST | INFO | Epoch 24/200 | LR: 0.096772
2026-02-16 01:24:13 KST | INFO |   Train Loss: 0.3778 | Test Loss: 0.0022 | Test Acc: 81.64%
2026-02-16 01:24:13 KST | INFO |   No improvement (2/30)
2026-02-16 01:24:13 KST | INFO | 
2026-02-16 01:24:13 KST | INFO | Epoch 25/200 | LR: 0.096489
2026-02-16 01:25:58 KST | INFO |   Train Loss: 0.3690 | Test Loss: 0.0022 | Test Acc: 81.15%
2026-02-16 01:25:58 KST | INFO |   No improvement (3/30)
2026-02-16 01:25:58 KST | INFO | 
2026-02-16 01:25:58 KST | INFO | Epoch 26/200 | LR: 0.096194
2026-02-16 01:27:44 KST | INFO |   Train Loss: 0.3641 | Test Loss: 0.0023 | Test Acc: 81.75%
2026-02-16 01:27:44 KST | INFO |   No improvement (4/30)
2026-02-16 01:27:44 KST | INFO | 
2026-02-16 01:27:44 KST | INFO | Epoch 27/200 | LR: 0.095888
2026-02-16 01:29:30 KST | INFO |   Train Loss: 0.3604 | Test Loss: 0.0021 | Test Acc: 81.50%
2026-02-16 01:29:30 KST | INFO |   No improvement (5/30)
2026-02-16 01:29:30 KST | INFO | 
2026-02-16 01:29:30 KST | INFO | Epoch 28/200 | LR: 0.095570
2026-02-16 01:31:15 KST | INFO |   Train Loss: 0.3547 | Test Loss: 0.0020 | Test Acc: 83.75%
2026-02-16 01:31:15 KST | INFO |   🏆 New best accuracy: 83.75%
2026-02-16 01:31:15 KST | INFO | 
2026-02-16 01:31:15 KST | INFO | Epoch 29/200 | LR: 0.095241
2026-02-16 01:33:03 KST | INFO |   Train Loss: 0.3505 | Test Loss: 0.0022 | Test Acc: 81.21%
2026-02-16 01:33:03 KST | INFO |   No improvement (1/30)
2026-02-16 01:33:03 KST | INFO | 
2026-02-16 01:33:03 KST | INFO | Epoch 30/200 | LR: 0.094901
2026-02-16 01:34:49 KST | INFO |   Train Loss: 0.3447 | Test Loss: 0.0028 | Test Acc: 75.96%
2026-02-16 01:34:49 KST | INFO |   No improvement (2/30)
2026-02-16 01:34:49 KST | INFO | 
2026-02-16 01:34:49 KST | INFO | Epoch 31/200 | LR: 0.094550
2026-02-16 01:36:36 KST | INFO |   Train Loss: 0.3427 | Test Loss: 0.0019 | Test Acc: 83.64%
2026-02-16 01:36:36 KST | INFO |   No improvement (3/30)
2026-02-16 01:36:36 KST | INFO | 
2026-02-16 01:36:36 KST | INFO | Epoch 32/200 | LR: 0.094188
2026-02-16 01:38:21 KST | INFO |   Train Loss: 0.3379 | Test Loss: 0.0020 | Test Acc: 83.70%
2026-02-16 01:38:21 KST | INFO |   No improvement (4/30)
2026-02-16 01:38:21 KST | INFO | 
2026-02-16 01:38:21 KST | INFO | Epoch 33/200 | LR: 0.093815
2026-02-16 01:40:07 KST | INFO |   Train Loss: 0.3308 | Test Loss: 0.0020 | Test Acc: 83.08%
2026-02-16 01:40:07 KST | INFO |   No improvement (5/30)
2026-02-16 01:40:07 KST | INFO | 
2026-02-16 01:40:07 KST | INFO | Epoch 34/200 | LR: 0.093432
2026-02-16 01:41:53 KST | INFO |   Train Loss: 0.3343 | Test Loss: 0.0019 | Test Acc: 83.95%
2026-02-16 01:41:53 KST | INFO |   🏆 New best accuracy: 83.95%
2026-02-16 01:41:53 KST | INFO | 
2026-02-16 01:41:53 KST | INFO | Epoch 35/200 | LR: 0.093037
2026-02-16 01:43:38 KST | INFO |   Train Loss: 0.3251 | Test Loss: 0.0023 | Test Acc: 81.29%
2026-02-16 01:43:38 KST | INFO |   No improvement (1/30)
2026-02-16 01:43:38 KST | INFO | 
2026-02-16 01:43:38 KST | INFO | Epoch 36/200 | LR: 0.092632
2026-02-16 01:45:26 KST | INFO |   Train Loss: 0.3230 | Test Loss: 0.0024 | Test Acc: 79.44%
2026-02-16 01:45:26 KST | INFO |   No improvement (2/30)
2026-02-16 01:45:26 KST | INFO | 
2026-02-16 01:45:26 KST | INFO | Epoch 37/200 | LR: 0.092216
2026-02-16 01:47:12 KST | INFO |   Train Loss: 0.3223 | Test Loss: 0.0019 | Test Acc: 84.41%
2026-02-16 01:47:12 KST | INFO |   🏆 New best accuracy: 84.41%
2026-02-16 01:47:12 KST | INFO | 
2026-02-16 01:47:12 KST | INFO | Epoch 38/200 | LR: 0.091790
2026-02-16 01:48:58 KST | INFO |   Train Loss: 0.3222 | Test Loss: 0.0020 | Test Acc: 83.39%
2026-02-16 01:48:58 KST | INFO |   No improvement (1/30)
2026-02-16 01:48:58 KST | INFO | 
2026-02-16 01:48:58 KST | INFO | Epoch 39/200 | LR: 0.091354
2026-02-16 01:50:46 KST | INFO |   Train Loss: 0.3184 | Test Loss: 0.0023 | Test Acc: 81.79%
2026-02-16 01:50:46 KST | INFO |   No improvement (2/30)
2026-02-16 01:50:46 KST | INFO | 
2026-02-16 01:50:46 KST | INFO | Epoch 40/200 | LR: 0.090908
2026-02-16 01:52:32 KST | INFO |   Train Loss: 0.3080 | Test Loss: 0.0020 | Test Acc: 83.54%
2026-02-16 01:52:32 KST | INFO |   No improvement (3/30)
2026-02-16 01:52:32 KST | INFO | 
2026-02-16 01:52:32 KST | INFO | Epoch 41/200 | LR: 0.090451
2026-02-16 01:54:19 KST | INFO |   Train Loss: 0.3053 | Test Loss: 0.0019 | Test Acc: 84.56%
2026-02-16 01:54:19 KST | INFO |   🏆 New best accuracy: 84.56%
2026-02-16 01:54:19 KST | INFO | 
2026-02-16 01:54:19 KST | INFO | Epoch 42/200 | LR: 0.089984
2026-02-16 01:56:05 KST | INFO |   Train Loss: 0.3068 | Test Loss: 0.0019 | Test Acc: 83.91%
2026-02-16 01:56:05 KST | INFO |   No improvement (1/30)
2026-02-16 01:56:05 KST | INFO | 
2026-02-16 01:56:05 KST | INFO | Epoch 43/200 | LR: 0.089508
2026-02-16 01:57:53 KST | INFO |   Train Loss: 0.3043 | Test Loss: 0.0024 | Test Acc: 79.74%
2026-02-16 01:57:53 KST | INFO |   No improvement (2/30)
2026-02-16 01:57:53 KST | INFO | 
2026-02-16 01:57:53 KST | INFO | Epoch 44/200 | LR: 0.089022
2026-02-16 01:59:40 KST | INFO |   Train Loss: 0.2997 | Test Loss: 0.0018 | Test Acc: 84.30%
2026-02-16 01:59:40 KST | INFO |   No improvement (3/30)
2026-02-16 01:59:40 KST | INFO | 
2026-02-16 01:59:40 KST | INFO | Epoch 45/200 | LR: 0.088526
2026-02-16 02:01:28 KST | INFO |   Train Loss: 0.2964 | Test Loss: 0.0021 | Test Acc: 82.26%
2026-02-16 02:01:28 KST | INFO |   No improvement (4/30)
2026-02-16 02:01:28 KST | INFO | 
2026-02-16 02:01:28 KST | INFO | Epoch 46/200 | LR: 0.088020
2026-02-16 02:03:16 KST | INFO |   Train Loss: 0.2921 | Test Loss: 0.0021 | Test Acc: 82.66%
2026-02-16 02:03:16 KST | INFO |   No improvement (5/30)
2026-02-16 02:03:16 KST | INFO | 
2026-02-16 02:03:16 KST | INFO | Epoch 47/200 | LR: 0.087506
2026-02-16 02:05:03 KST | INFO |   Train Loss: 0.2908 | Test Loss: 0.0018 | Test Acc: 85.42%
2026-02-16 02:05:03 KST | INFO |   🏆 New best accuracy: 85.42%
2026-02-16 02:05:03 KST | INFO | 
2026-02-16 02:05:03 KST | INFO | Epoch 48/200 | LR: 0.086982
2026-02-16 02:06:50 KST | INFO |   Train Loss: 0.2906 | Test Loss: 0.0018 | Test Acc: 84.46%
2026-02-16 02:06:50 KST | INFO |   No improvement (1/30)
2026-02-16 02:06:50 KST | INFO | 
2026-02-16 02:06:50 KST | INFO | Epoch 49/200 | LR: 0.086449
2026-02-16 02:08:36 KST | INFO |   Train Loss: 0.2883 | Test Loss: 0.0020 | Test Acc: 83.91%
2026-02-16 02:08:36 KST | INFO |   No improvement (2/30)
2026-02-16 02:08:36 KST | INFO | 
2026-02-16 02:08:36 KST | INFO | Epoch 50/200 | LR: 0.085906
2026-02-16 02:10:21 KST | INFO |   Train Loss: 0.2834 | Test Loss: 0.0017 | Test Acc: 86.61%
2026-02-16 02:10:21 KST | INFO |   🏆 New best accuracy: 86.61%
2026-02-16 02:10:21 KST | INFO | 
2026-02-16 02:10:21 KST | INFO | Epoch 51/200 | LR: 0.085355
2026-02-16 02:12:07 KST | INFO |   Train Loss: 0.2795 | Test Loss: 0.0024 | Test Acc: 79.70%
2026-02-16 02:12:07 KST | INFO |   No improvement (1/30)
2026-02-16 02:12:07 KST | INFO | 
2026-02-16 02:12:07 KST | INFO | Epoch 52/200 | LR: 0.084796
2026-02-16 02:13:53 KST | INFO |   Train Loss: 0.2773 | Test Loss: 0.0019 | Test Acc: 84.79%
2026-02-16 02:13:53 KST | INFO |   No improvement (2/30)
2026-02-16 02:13:53 KST | INFO | 
2026-02-16 02:13:53 KST | INFO | Epoch 53/200 | LR: 0.084228
2026-02-16 02:15:39 KST | INFO |   Train Loss: 0.2700 | Test Loss: 0.0019 | Test Acc: 83.03%
2026-02-16 02:15:39 KST | INFO |   No improvement (3/30)
2026-02-16 02:15:39 KST | INFO | 
2026-02-16 02:15:39 KST | INFO | Epoch 54/200 | LR: 0.083651
2026-02-16 02:17:27 KST | INFO |   Train Loss: 0.2757 | Test Loss: 0.0020 | Test Acc: 83.96%
2026-02-16 02:17:27 KST | INFO |   No improvement (4/30)
2026-02-16 02:17:27 KST | INFO | 
2026-02-16 02:17:27 KST | INFO | Epoch 55/200 | LR: 0.083066
2026-02-16 02:19:16 KST | INFO |   Train Loss: 0.2690 | Test Loss: 0.0020 | Test Acc: 83.30%
2026-02-16 02:19:16 KST | INFO |   No improvement (5/30)
2026-02-16 02:19:16 KST | INFO | 
2026-02-16 02:19:16 KST | INFO | Epoch 56/200 | LR: 0.082473
2026-02-16 02:21:04 KST | INFO |   Train Loss: 0.2678 | Test Loss: 0.0020 | Test Acc: 83.46%
2026-02-16 02:21:04 KST | INFO |   No improvement (6/30)
2026-02-16 02:21:04 KST | INFO | 
2026-02-16 02:21:04 KST | INFO | Epoch 57/200 | LR: 0.081871
2026-02-16 02:22:53 KST | INFO |   Train Loss: 0.2652 | Test Loss: 0.0016 | Test Acc: 86.03%
2026-02-16 02:22:53 KST | INFO |   No improvement (7/30)
2026-02-16 02:22:53 KST | INFO | 
2026-02-16 02:22:53 KST | INFO | Epoch 58/200 | LR: 0.081262
2026-02-16 02:24:40 KST | INFO |   Train Loss: 0.2653 | Test Loss: 0.0018 | Test Acc: 84.76%
2026-02-16 02:24:40 KST | INFO |   No improvement (8/30)
2026-02-16 02:24:40 KST | INFO | 
2026-02-16 02:24:40 KST | INFO | Epoch 59/200 | LR: 0.080646
2026-02-16 02:26:27 KST | INFO |   Train Loss: 0.2592 | Test Loss: 0.0017 | Test Acc: 86.05%
2026-02-16 02:26:27 KST | INFO |   No improvement (9/30)
2026-02-16 02:26:27 KST | INFO | 
2026-02-16 02:26:27 KST | INFO | Epoch 60/200 | LR: 0.080021
2026-02-16 02:28:13 KST | INFO |   Train Loss: 0.2605 | Test Loss: 0.0018 | Test Acc: 84.86%
2026-02-16 02:28:13 KST | INFO |   No improvement (10/30)
2026-02-16 02:28:13 KST | INFO | 
2026-02-16 02:28:13 KST | INFO | Epoch 61/200 | LR: 0.079389
2026-02-16 02:30:01 KST | INFO |   Train Loss: 0.2522 | Test Loss: 0.0020 | Test Acc: 82.84%
2026-02-16 02:30:01 KST | INFO |   No improvement (11/30)
2026-02-16 02:30:01 KST | INFO | 
2026-02-16 02:30:01 KST | INFO | Epoch 62/200 | LR: 0.078750
2026-02-16 02:31:47 KST | INFO |   Train Loss: 0.2522 | Test Loss: 0.0015 | Test Acc: 87.46%
2026-02-16 02:31:47 KST | INFO |   🏆 New best accuracy: 87.46%
2026-02-16 02:31:47 KST | INFO | 
2026-02-16 02:31:47 KST | INFO | Epoch 63/200 | LR: 0.078104
2026-02-16 02:33:33 KST | INFO |   Train Loss: 0.2475 | Test Loss: 0.0023 | Test Acc: 80.99%
2026-02-16 02:33:33 KST | INFO |   No improvement (1/30)
2026-02-16 02:33:33 KST | INFO | 
2026-02-16 02:33:33 KST | INFO | Epoch 64/200 | LR: 0.077451
2026-02-16 02:35:20 KST | INFO |   Train Loss: 0.2521 | Test Loss: 0.0018 | Test Acc: 85.35%
2026-02-16 02:35:20 KST | INFO |   No improvement (2/30)
2026-02-16 02:35:20 KST | INFO | 
2026-02-16 02:35:20 KST | INFO | Epoch 65/200 | LR: 0.076792
2026-02-16 02:37:07 KST | INFO |   Train Loss: 0.2459 | Test Loss: 0.0016 | Test Acc: 86.72%
2026-02-16 02:37:07 KST | INFO |   No improvement (3/30)
2026-02-16 02:37:07 KST | INFO | 
2026-02-16 02:37:07 KST | INFO | Epoch 66/200 | LR: 0.076125
2026-02-16 02:38:56 KST | INFO |   Train Loss: 0.2454 | Test Loss: 0.0022 | Test Acc: 81.50%
2026-02-16 02:38:56 KST | INFO |   No improvement (4/30)
2026-02-16 02:38:56 KST | INFO | 
2026-02-16 02:38:56 KST | INFO | Epoch 67/200 | LR: 0.075452
2026-02-16 02:40:45 KST | INFO |   Train Loss: 0.2414 | Test Loss: 0.0015 | Test Acc: 86.84%
2026-02-16 02:40:45 KST | INFO |   No improvement (5/30)
2026-02-16 02:40:45 KST | INFO | 
2026-02-16 02:40:45 KST | INFO | Epoch 68/200 | LR: 0.074773
2026-02-16 02:42:33 KST | INFO |   Train Loss: 0.2396 | Test Loss: 0.0018 | Test Acc: 84.89%
2026-02-16 02:42:33 KST | INFO |   No improvement (6/30)
2026-02-16 02:42:33 KST | INFO | 
2026-02-16 02:42:33 KST | INFO | Epoch 69/200 | LR: 0.074088
2026-02-16 02:44:21 KST | INFO |   Train Loss: 0.2408 | Test Loss: 0.0018 | Test Acc: 84.42%
2026-02-16 02:44:21 KST | INFO |   No improvement (7/30)
2026-02-16 02:44:21 KST | INFO | 
2026-02-16 02:44:21 KST | INFO | Epoch 70/200 | LR: 0.073397
2026-02-16 02:46:10 KST | INFO |   Train Loss: 0.2344 | Test Loss: 0.0016 | Test Acc: 86.40%
2026-02-16 02:46:10 KST | INFO |   No improvement (8/30)
2026-02-16 02:46:10 KST | INFO | 
2026-02-16 02:46:10 KST | INFO | Epoch 71/200 | LR: 0.072700
2026-02-16 02:47:58 KST | INFO |   Train Loss: 0.2315 | Test Loss: 0.0016 | Test Acc: 87.22%
2026-02-16 02:47:58 KST | INFO |   No improvement (9/30)
2026-02-16 02:47:58 KST | INFO | 
2026-02-16 02:47:58 KST | INFO | Epoch 72/200 | LR: 0.071997
2026-02-16 02:49:46 KST | INFO |   Train Loss: 0.2272 | Test Loss: 0.0016 | Test Acc: 85.66%
2026-02-16 02:49:46 KST | INFO |   No improvement (10/30)
2026-02-16 02:49:46 KST | INFO | 
2026-02-16 02:49:46 KST | INFO | Epoch 73/200 | LR: 0.071289
2026-02-16 02:51:33 KST | INFO |   Train Loss: 0.2307 | Test Loss: 0.0016 | Test Acc: 85.99%
2026-02-16 02:51:33 KST | INFO |   No improvement (11/30)
2026-02-16 02:51:33 KST | INFO | 
2026-02-16 02:51:33 KST | INFO | Epoch 74/200 | LR: 0.070576
2026-02-16 02:53:21 KST | INFO |   Train Loss: 0.2247 | Test Loss: 0.0016 | Test Acc: 86.83%
2026-02-16 02:53:21 KST | INFO |   No improvement (12/30)
2026-02-16 02:53:21 KST | INFO | 
2026-02-16 02:53:21 KST | INFO | Epoch 75/200 | LR: 0.069858
2026-02-16 02:55:08 KST | INFO |   Train Loss: 0.2206 | Test Loss: 0.0016 | Test Acc: 86.20%
2026-02-16 02:55:08 KST | INFO |   No improvement (13/30)
2026-02-16 02:55:08 KST | INFO | 
2026-02-16 02:55:08 KST | INFO | Epoch 76/200 | LR: 0.069134
2026-02-16 02:56:57 KST | INFO |   Train Loss: 0.2248 | Test Loss: 0.0016 | Test Acc: 86.70%
2026-02-16 02:56:57 KST | INFO |   No improvement (14/30)
2026-02-16 02:56:57 KST | INFO | 
2026-02-16 02:56:57 KST | INFO | Epoch 77/200 | LR: 0.068407
2026-02-16 02:58:45 KST | INFO |   Train Loss: 0.2163 | Test Loss: 0.0017 | Test Acc: 86.16%
2026-02-16 02:58:45 KST | INFO |   No improvement (15/30)
2026-02-16 02:58:45 KST | INFO | 
2026-02-16 02:58:45 KST | INFO | Epoch 78/200 | LR: 0.067674
2026-02-16 03:00:30 KST | INFO |   Train Loss: 0.2187 | Test Loss: 0.0014 | Test Acc: 88.64%
2026-02-16 03:00:30 KST | INFO |   🏆 New best accuracy: 88.64%
2026-02-16 03:00:30 KST | INFO | 
2026-02-16 03:00:30 KST | INFO | Epoch 79/200 | LR: 0.066937
2026-02-16 03:02:14 KST | INFO |   Train Loss: 0.2148 | Test Loss: 0.0016 | Test Acc: 86.28%
2026-02-16 03:02:14 KST | INFO |   No improvement (1/30)
2026-02-16 03:02:14 KST | INFO | 
2026-02-16 03:02:14 KST | INFO | Epoch 80/200 | LR: 0.066196
2026-02-16 03:04:00 KST | INFO |   Train Loss: 0.2083 | Test Loss: 0.0016 | Test Acc: 86.47%
2026-02-16 03:04:00 KST | INFO |   No improvement (2/30)
2026-02-16 03:04:00 KST | INFO | 
2026-02-16 03:04:00 KST | INFO | Epoch 81/200 | LR: 0.065451
2026-02-16 03:05:45 KST | INFO |   Train Loss: 0.2069 | Test Loss: 0.0016 | Test Acc: 86.72%
2026-02-16 03:05:45 KST | INFO |   No improvement (3/30)
2026-02-16 03:05:45 KST | INFO | 
2026-02-16 03:05:45 KST | INFO | Epoch 82/200 | LR: 0.064702
2026-02-16 03:07:30 KST | INFO |   Train Loss: 0.2061 | Test Loss: 0.0016 | Test Acc: 86.64%
2026-02-16 03:07:30 KST | INFO |   No improvement (4/30)
2026-02-16 03:07:30 KST | INFO | 
2026-02-16 03:07:30 KST | INFO | Epoch 83/200 | LR: 0.063950
2026-02-16 03:09:14 KST | INFO |   Train Loss: 0.2017 | Test Loss: 0.0016 | Test Acc: 86.36%
2026-02-16 03:09:14 KST | INFO |   No improvement (5/30)
2026-02-16 03:09:14 KST | INFO | 
2026-02-16 03:09:14 KST | INFO | Epoch 84/200 | LR: 0.063194
2026-02-16 03:10:59 KST | INFO |   Train Loss: 0.2027 | Test Loss: 0.0018 | Test Acc: 84.56%
2026-02-16 03:10:59 KST | INFO |   No improvement (6/30)
2026-02-16 03:10:59 KST | INFO | 
2026-02-16 03:10:59 KST | INFO | Epoch 85/200 | LR: 0.062435
2026-02-16 03:12:45 KST | INFO |   Train Loss: 0.2006 | Test Loss: 0.0016 | Test Acc: 87.11%
2026-02-16 03:12:45 KST | INFO |   No improvement (7/30)
2026-02-16 03:12:45 KST | INFO | 
2026-02-16 03:12:45 KST | INFO | Epoch 86/200 | LR: 0.061673
2026-02-16 03:14:31 KST | INFO |   Train Loss: 0.1940 | Test Loss: 0.0014 | Test Acc: 88.20%
2026-02-16 03:14:31 KST | INFO |   No improvement (8/30)
2026-02-16 03:14:31 KST | INFO | 
2026-02-16 03:14:31 KST | INFO | Epoch 87/200 | LR: 0.060908
2026-02-16 03:16:17 KST | INFO |   Train Loss: 0.1940 | Test Loss: 0.0016 | Test Acc: 86.92%
2026-02-16 03:16:17 KST | INFO |   No improvement (9/30)
2026-02-16 03:16:17 KST | INFO | 
2026-02-16 03:16:17 KST | INFO | Epoch 88/200 | LR: 0.060140
2026-02-16 03:18:04 KST | INFO |   Train Loss: 0.1938 | Test Loss: 0.0018 | Test Acc: 84.70%
2026-02-16 03:18:04 KST | INFO |   No improvement (10/30)
2026-02-16 03:18:04 KST | INFO | 
2026-02-16 03:18:04 KST | INFO | Epoch 89/200 | LR: 0.059369
2026-02-16 03:19:52 KST | INFO |   Train Loss: 0.1927 | Test Loss: 0.0016 | Test Acc: 86.70%
2026-02-16 03:19:52 KST | INFO |   No improvement (11/30)
2026-02-16 03:19:52 KST | INFO | 
2026-02-16 03:19:52 KST | INFO | Epoch 90/200 | LR: 0.058597
2026-02-16 03:21:40 KST | INFO |   Train Loss: 0.1829 | Test Loss: 0.0017 | Test Acc: 85.60%
2026-02-16 03:21:40 KST | INFO |   No improvement (12/30)
2026-02-16 03:21:40 KST | INFO | 
2026-02-16 03:21:40 KST | INFO | Epoch 91/200 | LR: 0.057822
2026-02-16 03:23:27 KST | INFO |   Train Loss: 0.1850 | Test Loss: 0.0015 | Test Acc: 87.61%
2026-02-16 03:23:27 KST | INFO |   No improvement (13/30)
2026-02-16 03:23:27 KST | INFO | 
2026-02-16 03:23:27 KST | INFO | Epoch 92/200 | LR: 0.057045
2026-02-16 03:25:13 KST | INFO |   Train Loss: 0.1812 | Test Loss: 0.0017 | Test Acc: 85.70%
2026-02-16 03:25:13 KST | INFO |   No improvement (14/30)
2026-02-16 03:25:13 KST | INFO | 
2026-02-16 03:25:13 KST | INFO | Epoch 93/200 | LR: 0.056267
2026-02-16 03:26:59 KST | INFO |   Train Loss: 0.1725 | Test Loss: 0.0018 | Test Acc: 85.21%
2026-02-16 03:26:59 KST | INFO |   No improvement (15/30)
2026-02-16 03:26:59 KST | INFO | 
2026-02-16 03:26:59 KST | INFO | Epoch 94/200 | LR: 0.055487
2026-02-16 03:28:46 KST | INFO |   Train Loss: 0.1783 | Test Loss: 0.0016 | Test Acc: 86.33%
2026-02-16 03:28:46 KST | INFO |   No improvement (16/30)
2026-02-16 03:28:46 KST | INFO | 
2026-02-16 03:28:46 KST | INFO | Epoch 95/200 | LR: 0.054706
2026-02-16 03:30:33 KST | INFO |   Train Loss: 0.1710 | Test Loss: 0.0018 | Test Acc: 85.12%
2026-02-16 03:30:33 KST | INFO |   No improvement (17/30)
2026-02-16 03:30:33 KST | INFO | 
2026-02-16 03:30:33 KST | INFO | Epoch 96/200 | LR: 0.053923
2026-02-16 03:32:19 KST | INFO |   Train Loss: 0.1719 | Test Loss: 0.0015 | Test Acc: 87.09%
2026-02-16 03:32:19 KST | INFO |   No improvement (18/30)
2026-02-16 03:32:19 KST | INFO | 
2026-02-16 03:32:19 KST | INFO | Epoch 97/200 | LR: 0.053140
2026-02-16 03:34:07 KST | INFO |   Train Loss: 0.1696 | Test Loss: 0.0017 | Test Acc: 86.10%
2026-02-16 03:34:07 KST | INFO |   No improvement (19/30)
2026-02-16 03:34:07 KST | INFO | 
2026-02-16 03:34:07 KST | INFO | Epoch 98/200 | LR: 0.052356
2026-02-16 03:35:54 KST | INFO |   Train Loss: 0.1667 | Test Loss: 0.0017 | Test Acc: 85.75%
2026-02-16 03:35:54 KST | INFO |   No improvement (20/30)
2026-02-16 03:35:54 KST | INFO | 
2026-02-16 03:35:54 KST | INFO | Epoch 99/200 | LR: 0.051571
2026-02-16 03:37:41 KST | INFO |   Train Loss: 0.1643 | Test Loss: 0.0016 | Test Acc: 87.01%
2026-02-16 03:37:41 KST | INFO |   No improvement (21/30)
2026-02-16 03:37:41 KST | INFO | 
2026-02-16 03:37:41 KST | INFO | Epoch 100/200 | LR: 0.050786
2026-02-16 03:39:28 KST | INFO |   Train Loss: 0.1652 | Test Loss: 0.0017 | Test Acc: 85.53%
2026-02-16 03:39:28 KST | INFO |   No improvement (22/30)
2026-02-16 03:39:28 KST | INFO | 
2026-02-16 03:39:28 KST | INFO | Epoch 101/200 | LR: 0.050001
2026-02-16 03:41:15 KST | INFO |   Train Loss: 0.1603 | Test Loss: 0.0014 | Test Acc: 88.40%
2026-02-16 03:41:15 KST | INFO |   No improvement (23/30)
2026-02-16 03:41:15 KST | INFO | 
2026-02-16 03:41:15 KST | INFO | Epoch 102/200 | LR: 0.049215
2026-02-16 03:43:02 KST | INFO |   Train Loss: 0.1561 | Test Loss: 0.0018 | Test Acc: 84.74%
2026-02-16 03:43:02 KST | INFO |   No improvement (24/30)
2026-02-16 03:43:02 KST | INFO | 
2026-02-16 03:43:02 KST | INFO | Epoch 103/200 | LR: 0.048430
2026-02-16 03:44:50 KST | INFO |   Train Loss: 0.1608 | Test Loss: 0.0016 | Test Acc: 86.76%
2026-02-16 03:44:50 KST | INFO |   No improvement (25/30)
2026-02-16 03:44:50 KST | INFO | 
2026-02-16 03:44:50 KST | INFO | Epoch 104/200 | LR: 0.047645
2026-02-16 03:46:37 KST | INFO |   Train Loss: 0.1515 | Test Loss: 0.0016 | Test Acc: 86.64%
2026-02-16 03:46:37 KST | INFO |   No improvement (26/30)
2026-02-16 03:46:37 KST | INFO | 
2026-02-16 03:46:37 KST | INFO | Epoch 105/200 | LR: 0.046861
2026-02-16 03:48:24 KST | INFO |   Train Loss: 0.1461 | Test Loss: 0.0016 | Test Acc: 86.44%
2026-02-16 03:48:24 KST | INFO |   No improvement (27/30)
2026-02-16 03:48:24 KST | INFO | 
2026-02-16 03:48:24 KST | INFO | Epoch 106/200 | LR: 0.046078
2026-02-16 03:50:11 KST | INFO |   Train Loss: 0.1469 | Test Loss: 0.0016 | Test Acc: 86.90%
2026-02-16 03:50:11 KST | INFO |   No improvement (28/30)
2026-02-16 03:50:11 KST | INFO | 
2026-02-16 03:50:11 KST | INFO | Epoch 107/200 | LR: 0.045295
2026-02-16 03:51:58 KST | INFO |   Train Loss: 0.1407 | Test Loss: 0.0015 | Test Acc: 87.45%
2026-02-16 03:51:58 KST | INFO |   No improvement (29/30)
2026-02-16 03:51:58 KST | INFO | 
2026-02-16 03:51:58 KST | INFO | Epoch 108/200 | LR: 0.044514
2026-02-16 03:53:45 KST | INFO |   Train Loss: 0.1402 | Test Loss: 0.0016 | Test Acc: 86.61%
2026-02-16 03:53:45 KST | INFO |   No improvement (30/30)
2026-02-16 03:53:45 KST | INFO | 
2026-02-16 03:53:45 KST | INFO | Early stopping after 30 epochs without improvement
2026-02-16 03:53:45 KST | INFO | 
2026-02-16 03:53:45 KST | INFO | ================================================================================
2026-02-16 03:53:45 KST | INFO | TRAINING COMPLETE
2026-02-16 03:53:45 KST | INFO | ================================================================================
2026-02-16 03:53:45 KST | INFO | Best accuracy:  88.64% (Epoch 78)
2026-02-16 03:53:45 KST | INFO | Final accuracy: 86.61%
2026-02-16 03:53:45 KST | INFO | ================================================================================
2026-02-16 03:53:45 KST | INFO | 
2026-02-16 03:53:45 KST | INFO | Notifying nodes of completion...
2026-02-16 03:53:46 KST | INFO | ✓ Nodes notified
2026-02-16 03:53:46 KST | INFO | 
2026-02-16 03:53:46 KST | INFO | Closing connections...
2026-02-16 03:53:46 KST | INFO | ✓ Cleanup complete
2026-02-16 03:53:46 KST | INFO | 
2026-02-16 03:53:46 KST | INFO | Full log: logs/TL++_secure_20260216_004052.log
2026-02-16 03:53:46 KST | INFO | ================================================================================
