2026-02-05 18:14:21 KST | INFO | ================================================================================
2026-02-05 18:14:21 KST | INFO | TL++ Orchestrator
2026-02-05 18:14:21 KST | INFO | ================================================================================
2026-02-05 18:14:21 KST | INFO | Log file: logs/TL++_base_20260205_181421.log
2026-02-05 18:14:21 KST | INFO | 
2026-02-05 18:14:21 KST | INFO | --------------------------------------------------------------------------------
2026-02-05 18:14:21 KST | INFO | CONFIGURATION
2026-02-05 18:14:21 KST | INFO | --------------------------------------------------------------------------------
2026-02-05 18:14:21 KST | INFO | Secure mode:      False
2026-02-05 18:14:21 KST | INFO | Nodes:            2
2026-02-05 18:14:21 KST | INFO | Cut layer:        2
2026-02-05 18:14:21 KST | INFO | Batch size:       128
2026-02-05 18:14:21 KST | INFO | Learning rate:    0.1
2026-02-05 18:14:21 KST | INFO | 
2026-02-05 18:14:21 KST | INFO | Computation device: cuda
2026-02-05 18:14:21 KST | INFO | Secure mode: DISABLED
2026-02-05 18:14:21 KST | INFO | 
2026-02-05 18:14:21 KST | INFO | --------------------------------------------------------------------------------
2026-02-05 18:14:21 KST | INFO | NETWORK SETUP
2026-02-05 18:14:21 KST | INFO | --------------------------------------------------------------------------------
2026-02-05 18:14:21 KST | INFO | ✓ Orchestrator listening on 127.0.0.1:8080
2026-02-05 18:14:21 KST | INFO | Waiting for 2 node(s)...
2026-02-05 18:14:24 KST | INFO |   ✓ Node 1/2 connected
2026-02-05 18:14:25 KST | INFO |   ✓ Node 2/2 connected
2026-02-05 18:14:25 KST | INFO | ✓ All 2 node(s) connected
2026-02-05 18:14:25 KST | INFO | 
2026-02-05 18:14:25 KST | INFO | --------------------------------------------------------------------------------
2026-02-05 18:14:25 KST | INFO | MODEL INITIALIZATION
2026-02-05 18:14:25 KST | INFO | --------------------------------------------------------------------------------
2026-02-05 18:14:25 KST | INFO | Node-side parameters: 260,160
2026-02-05 18:14:25 KST | INFO | 
2026-02-05 18:14:25 KST | INFO | --------------------------------------------------------------------------------
2026-02-05 18:14:25 KST | INFO | BROADCASTING CONFIGURATION
2026-02-05 18:14:25 KST | INFO | --------------------------------------------------------------------------------
2026-02-05 18:14:25 KST | INFO | ✓ Configuration broadcast to all nodes
2026-02-05 18:14:26 KST | INFO | 
2026-02-05 18:14:26 KST | INFO | Total parameters:     3,244,098
2026-02-05 18:14:26 KST | INFO | Trainable parameters: 3,244,098
2026-02-05 18:14:26 KST | INFO | 
2026-02-05 18:14:26 KST | INFO | --------------------------------------------------------------------------------
2026-02-05 18:14:26 KST | INFO | DATA LOADING
2026-02-05 18:14:26 KST | INFO | --------------------------------------------------------------------------------
2026-02-05 18:14:50 KST | INFO | ✓ Dataset information collected:
2026-02-05 18:14:50 KST | INFO |     Node 1: 5,000 samples
2026-02-05 18:14:50 KST | INFO |     Node 2: 5,000 samples
2026-02-05 18:14:50 KST | INFO |   Total training samples: 10,000
2026-02-05 18:14:50 KST | INFO | 
2026-02-05 18:14:53 KST | INFO | ✓ Test dataset loaded: 2,000 samples
2026-02-05 18:14:53 KST | INFO | 
2026-02-05 18:14:53 KST | INFO | ✓ Batch scheduler: 79 batches/epoch
2026-02-05 18:14:53 KST | INFO | 
2026-02-05 18:14:53 KST | INFO | --------------------------------------------------------------------------------
2026-02-05 18:14:53 KST | INFO | OPTIMIZATION SETUP
2026-02-05 18:14:53 KST | INFO | --------------------------------------------------------------------------------
2026-02-05 18:14:53 KST | INFO | ✓ Optimizer: SGD (lr=0.1, momentum=0.9)
2026-02-05 18:14:53 KST | INFO | ✓ Scheduler: cosine
2026-02-05 18:14:53 KST | INFO | ✓ Gradient clipping: 1.0
2026-02-05 18:14:53 KST | INFO | 
2026-02-05 18:14:53 KST | INFO | ================================================================================
2026-02-05 18:14:53 KST | INFO | Setup complete - Ready for training
2026-02-05 18:14:53 KST | INFO | ================================================================================
2026-02-05 18:14:53 KST | INFO | 
2026-02-05 18:14:53 KST | INFO | --------------------------------------------------------------------------------
2026-02-05 18:14:53 KST | INFO | TRAINING
2026-02-05 18:14:53 KST | INFO | --------------------------------------------------------------------------------
2026-02-05 18:14:53 KST | INFO | 
2026-02-05 18:14:53 KST | INFO | Epoch 1/200 | LR: 0.100000
2026-02-05 18:14:59 KST | INFO |   Train Loss: 0.5210 | Test Loss: 0.0022 | Test Acc: 72.40%
2026-02-05 18:14:59 KST | INFO |   🏆 New best accuracy: 72.40%
2026-02-05 18:14:59 KST | INFO | 
2026-02-05 18:14:59 KST | INFO | Epoch 2/200 | LR: 0.099994
2026-02-05 18:15:05 KST | INFO |   Train Loss: 0.3370 | Test Loss: 0.0009 | Test Acc: 91.10%
2026-02-05 18:15:05 KST | INFO |   🏆 New best accuracy: 91.10%
2026-02-05 18:15:05 KST | INFO | 
2026-02-05 18:15:05 KST | INFO | Epoch 3/200 | LR: 0.099975
2026-02-05 18:15:11 KST | INFO |   Train Loss: 0.2226 | Test Loss: 0.0007 | Test Acc: 92.85%
2026-02-05 18:15:11 KST | INFO |   🏆 New best accuracy: 92.85%
2026-02-05 18:15:11 KST | INFO | 
2026-02-05 18:15:11 KST | INFO | Epoch 4/200 | LR: 0.099944
2026-02-05 18:15:16 KST | INFO |   Train Loss: 0.1614 | Test Loss: 0.0006 | Test Acc: 94.05%
2026-02-05 18:15:16 KST | INFO |   🏆 New best accuracy: 94.05%
2026-02-05 18:15:16 KST | INFO | 
2026-02-05 18:15:16 KST | INFO | Epoch 5/200 | LR: 0.099901
2026-02-05 18:15:22 KST | INFO |   Train Loss: 0.1300 | Test Loss: 0.0003 | Test Acc: 97.20%
2026-02-05 18:15:22 KST | INFO |   🏆 New best accuracy: 97.20%
2026-02-05 18:15:22 KST | INFO | 
2026-02-05 18:15:22 KST | INFO | Epoch 6/200 | LR: 0.099846
2026-02-05 18:15:28 KST | INFO |   Train Loss: 0.1097 | Test Loss: 0.0011 | Test Acc: 90.70%
2026-02-05 18:15:28 KST | INFO |   No improvement (1/30)
2026-02-05 18:15:28 KST | INFO | 
2026-02-05 18:15:28 KST | INFO | Epoch 7/200 | LR: 0.099778
2026-02-05 18:15:33 KST | INFO |   Train Loss: 0.0914 | Test Loss: 0.0003 | Test Acc: 97.75%
2026-02-05 18:15:33 KST | INFO |   🏆 New best accuracy: 97.75%
2026-02-05 18:15:33 KST | INFO | 
2026-02-05 18:15:33 KST | INFO | Epoch 8/200 | LR: 0.099698
2026-02-05 18:15:39 KST | INFO |   Train Loss: 0.0834 | Test Loss: 0.0004 | Test Acc: 95.90%
2026-02-05 18:15:39 KST | INFO |   No improvement (1/30)
2026-02-05 18:15:39 KST | INFO | 
2026-02-05 18:15:39 KST | INFO | Epoch 9/200 | LR: 0.099606
2026-02-05 18:15:45 KST | INFO |   Train Loss: 0.0805 | Test Loss: 0.0004 | Test Acc: 96.75%
2026-02-05 18:15:45 KST | INFO |   No improvement (2/30)
2026-02-05 18:15:45 KST | INFO | 
2026-02-05 18:15:45 KST | INFO | Epoch 10/200 | LR: 0.099501
2026-02-05 18:15:50 KST | INFO |   Train Loss: 0.0754 | Test Loss: 0.0004 | Test Acc: 96.70%
2026-02-05 18:15:50 KST | INFO |   No improvement (3/30)
2026-02-05 18:15:50 KST | INFO | 
2026-02-05 18:15:50 KST | INFO | Epoch 11/200 | LR: 0.099384
2026-02-05 18:15:56 KST | INFO |   Train Loss: 0.0678 | Test Loss: 0.0004 | Test Acc: 96.90%
2026-02-05 18:15:56 KST | INFO |   No improvement (4/30)
2026-02-05 18:15:56 KST | INFO | 
2026-02-05 18:15:56 KST | INFO | Epoch 12/200 | LR: 0.099255
2026-02-05 18:16:01 KST | INFO |   Train Loss: 0.0650 | Test Loss: 0.0003 | Test Acc: 97.55%
2026-02-05 18:16:01 KST | INFO |   No improvement (5/30)
2026-02-05 18:16:01 KST | INFO | 
2026-02-05 18:16:01 KST | INFO | Epoch 13/200 | LR: 0.099114
2026-02-05 18:16:07 KST | INFO |   Train Loss: 0.0586 | Test Loss: 0.0003 | Test Acc: 97.85%
2026-02-05 18:16:07 KST | INFO |   🏆 New best accuracy: 97.85%
2026-02-05 18:16:07 KST | INFO | 
2026-02-05 18:16:07 KST | INFO | Epoch 14/200 | LR: 0.098961
2026-02-05 18:16:12 KST | INFO |   Train Loss: 0.0621 | Test Loss: 0.0002 | Test Acc: 97.95%
2026-02-05 18:16:12 KST | INFO |   🏆 New best accuracy: 97.95%
2026-02-05 18:16:12 KST | INFO | 
2026-02-05 18:16:12 KST | INFO | Epoch 15/200 | LR: 0.098796
2026-02-05 18:16:17 KST | INFO |   Train Loss: 0.0499 | Test Loss: 0.0002 | Test Acc: 98.50%
2026-02-05 18:16:17 KST | INFO |   🏆 New best accuracy: 98.50%
2026-02-05 18:16:17 KST | INFO | 
2026-02-05 18:16:17 KST | INFO | Epoch 16/200 | LR: 0.098619
2026-02-05 18:16:23 KST | INFO |   Train Loss: 0.0525 | Test Loss: 0.0003 | Test Acc: 97.75%
2026-02-05 18:16:23 KST | INFO |   No improvement (1/30)
2026-02-05 18:16:23 KST | INFO | 
2026-02-05 18:16:23 KST | INFO | Epoch 17/200 | LR: 0.098429
2026-02-05 18:16:28 KST | INFO |   Train Loss: 0.0502 | Test Loss: 0.0002 | Test Acc: 98.20%
2026-02-05 18:16:28 KST | INFO |   No improvement (2/30)
2026-02-05 18:16:28 KST | INFO | 
2026-02-05 18:16:28 KST | INFO | Epoch 18/200 | LR: 0.098228
2026-02-05 18:16:34 KST | INFO |   Train Loss: 0.0481 | Test Loss: 0.0002 | Test Acc: 98.60%
2026-02-05 18:16:34 KST | INFO |   🏆 New best accuracy: 98.60%
2026-02-05 18:16:34 KST | INFO | 
2026-02-05 18:16:34 KST | INFO | Epoch 19/200 | LR: 0.098015
2026-02-05 18:16:39 KST | INFO |   Train Loss: 0.0440 | Test Loss: 0.0003 | Test Acc: 97.75%
2026-02-05 18:16:39 KST | INFO |   No improvement (1/30)
2026-02-05 18:16:39 KST | INFO | 
2026-02-05 18:16:39 KST | INFO | Epoch 20/200 | LR: 0.097790
2026-02-05 18:16:44 KST | INFO |   Train Loss: 0.0442 | Test Loss: 0.0002 | Test Acc: 98.40%
2026-02-05 18:16:44 KST | INFO |   No improvement (2/30)
2026-02-05 18:16:44 KST | INFO | 
2026-02-05 18:16:44 KST | INFO | Epoch 21/200 | LR: 0.097553
2026-02-05 18:16:50 KST | INFO |   Train Loss: 0.0418 | Test Loss: 0.0002 | Test Acc: 97.85%
2026-02-05 18:16:50 KST | INFO |   No improvement (3/30)
2026-02-05 18:16:50 KST | INFO | 
2026-02-05 18:16:50 KST | INFO | Epoch 22/200 | LR: 0.097304
2026-02-05 18:16:56 KST | INFO |   Train Loss: 0.0406 | Test Loss: 0.0005 | Test Acc: 96.40%
2026-02-05 18:16:56 KST | INFO |   No improvement (4/30)
2026-02-05 18:16:56 KST | INFO | 
2026-02-05 18:16:56 KST | INFO | Epoch 23/200 | LR: 0.097044
2026-02-05 18:17:01 KST | INFO |   Train Loss: 0.0452 | Test Loss: 0.0005 | Test Acc: 95.70%
2026-02-05 18:17:01 KST | INFO |   No improvement (5/30)
2026-02-05 18:17:01 KST | INFO | 
2026-02-05 18:17:01 KST | INFO | Epoch 24/200 | LR: 0.096772
2026-02-05 18:17:07 KST | INFO |   Train Loss: 0.0391 | Test Loss: 0.0003 | Test Acc: 97.95%
2026-02-05 18:17:07 KST | INFO |   No improvement (6/30)
2026-02-05 18:17:07 KST | INFO | 
2026-02-05 18:17:07 KST | INFO | Epoch 25/200 | LR: 0.096489
2026-02-05 18:17:12 KST | INFO |   Train Loss: 0.0396 | Test Loss: 0.0003 | Test Acc: 98.00%
2026-02-05 18:17:12 KST | INFO |   No improvement (7/30)
2026-02-05 18:17:12 KST | INFO | 
2026-02-05 18:17:12 KST | INFO | Epoch 26/200 | LR: 0.096194
2026-02-05 18:17:18 KST | INFO |   Train Loss: 0.0365 | Test Loss: 0.0006 | Test Acc: 95.75%
2026-02-05 18:17:18 KST | INFO |   No improvement (8/30)
2026-02-05 18:17:18 KST | INFO | 
2026-02-05 18:17:18 KST | INFO | Epoch 27/200 | LR: 0.095888
2026-02-05 18:17:24 KST | INFO |   Train Loss: 0.0385 | Test Loss: 0.0002 | Test Acc: 98.20%
2026-02-05 18:17:24 KST | INFO |   No improvement (9/30)
2026-02-05 18:17:24 KST | INFO | 
2026-02-05 18:17:24 KST | INFO | Epoch 28/200 | LR: 0.095570
2026-02-05 18:17:29 KST | INFO |   Train Loss: 0.0362 | Test Loss: 0.0002 | Test Acc: 98.45%
2026-02-05 18:17:29 KST | INFO |   No improvement (10/30)
2026-02-05 18:17:29 KST | INFO | 
2026-02-05 18:17:29 KST | INFO | Epoch 29/200 | LR: 0.095241
2026-02-05 18:17:35 KST | INFO |   Train Loss: 0.0352 | Test Loss: 0.0002 | Test Acc: 98.40%
2026-02-05 18:17:35 KST | INFO |   No improvement (11/30)
2026-02-05 18:17:35 KST | INFO | 
2026-02-05 18:17:35 KST | INFO | Epoch 30/200 | LR: 0.094901
2026-02-05 18:17:40 KST | INFO |   Train Loss: 0.0346 | Test Loss: 0.0002 | Test Acc: 98.45%
2026-02-05 18:17:40 KST | INFO |   No improvement (12/30)
2026-02-05 18:17:40 KST | INFO | 
2026-02-05 18:17:40 KST | INFO | Epoch 31/200 | LR: 0.094550
2026-02-05 18:17:46 KST | INFO |   Train Loss: 0.0376 | Test Loss: 0.0002 | Test Acc: 98.40%
2026-02-05 18:17:46 KST | INFO |   No improvement (13/30)
2026-02-05 18:17:46 KST | INFO | 
2026-02-05 18:17:46 KST | INFO | Epoch 32/200 | LR: 0.094188
2026-02-05 18:17:52 KST | INFO |   Train Loss: 0.0363 | Test Loss: 0.0002 | Test Acc: 98.25%
2026-02-05 18:17:52 KST | INFO |   No improvement (14/30)
2026-02-05 18:17:52 KST | INFO | 
2026-02-05 18:17:52 KST | INFO | Epoch 33/200 | LR: 0.093815
2026-02-05 18:17:57 KST | INFO |   Train Loss: 0.0285 | Test Loss: 0.0002 | Test Acc: 98.45%
2026-02-05 18:17:57 KST | INFO |   No improvement (15/30)
2026-02-05 18:17:57 KST | INFO | 
2026-02-05 18:17:57 KST | INFO | Epoch 34/200 | LR: 0.093432
2026-02-05 18:18:03 KST | INFO |   Train Loss: 0.0294 | Test Loss: 0.0002 | Test Acc: 98.15%
2026-02-05 18:18:03 KST | INFO |   No improvement (16/30)
2026-02-05 18:18:03 KST | INFO | 
2026-02-05 18:18:03 KST | INFO | Epoch 35/200 | LR: 0.093037
2026-02-05 18:18:08 KST | INFO |   Train Loss: 0.0310 | Test Loss: 0.0002 | Test Acc: 98.60%
2026-02-05 18:18:08 KST | INFO |   No improvement (17/30)
2026-02-05 18:18:08 KST | INFO | 
2026-02-05 18:18:08 KST | INFO | Epoch 36/200 | LR: 0.092632
2026-02-05 18:18:14 KST | INFO |   Train Loss: 0.0306 | Test Loss: 0.0005 | Test Acc: 96.05%
2026-02-05 18:18:14 KST | INFO |   No improvement (18/30)
2026-02-05 18:18:14 KST | INFO | 
2026-02-05 18:18:14 KST | INFO | Epoch 37/200 | LR: 0.092216
2026-02-05 18:18:20 KST | INFO |   Train Loss: 0.0327 | Test Loss: 0.0003 | Test Acc: 97.95%
2026-02-05 18:18:20 KST | INFO |   No improvement (19/30)
2026-02-05 18:18:20 KST | INFO | 
2026-02-05 18:18:20 KST | INFO | Epoch 38/200 | LR: 0.091790
2026-02-05 18:18:25 KST | INFO |   Train Loss: 0.0283 | Test Loss: 0.0003 | Test Acc: 98.15%
2026-02-05 18:18:25 KST | INFO |   No improvement (20/30)
2026-02-05 18:18:25 KST | INFO | 
2026-02-05 18:18:25 KST | INFO | Epoch 39/200 | LR: 0.091354
2026-02-05 18:18:31 KST | INFO |   Train Loss: 0.0268 | Test Loss: 0.0012 | Test Acc: 91.85%
2026-02-05 18:18:31 KST | INFO |   No improvement (21/30)
2026-02-05 18:18:31 KST | INFO | 
2026-02-05 18:18:31 KST | INFO | Epoch 40/200 | LR: 0.090908
2026-02-05 18:18:37 KST | INFO |   Train Loss: 0.0313 | Test Loss: 0.0003 | Test Acc: 98.30%
2026-02-05 18:18:37 KST | INFO |   No improvement (22/30)
2026-02-05 18:18:37 KST | INFO | 
2026-02-05 18:18:37 KST | INFO | Epoch 41/200 | LR: 0.090451
2026-02-05 18:18:42 KST | INFO |   Train Loss: 0.0295 | Test Loss: 0.0003 | Test Acc: 97.85%
2026-02-05 18:18:42 KST | INFO |   No improvement (23/30)
2026-02-05 18:18:42 KST | INFO | 
2026-02-05 18:18:42 KST | INFO | Epoch 42/200 | LR: 0.089984
2026-02-05 18:18:48 KST | INFO |   Train Loss: 0.0314 | Test Loss: 0.0003 | Test Acc: 97.50%
2026-02-05 18:18:48 KST | INFO |   No improvement (24/30)
2026-02-05 18:18:48 KST | INFO | 
2026-02-05 18:18:48 KST | INFO | Epoch 43/200 | LR: 0.089508
2026-02-05 18:18:53 KST | INFO |   Train Loss: 0.0277 | Test Loss: 0.0002 | Test Acc: 98.95%
2026-02-05 18:18:53 KST | INFO |   🏆 New best accuracy: 98.95%
2026-02-05 18:18:53 KST | INFO | 
2026-02-05 18:18:53 KST | INFO | Epoch 44/200 | LR: 0.089022
2026-02-05 18:18:59 KST | INFO |   Train Loss: 0.0275 | Test Loss: 0.0002 | Test Acc: 98.05%
2026-02-05 18:18:59 KST | INFO |   No improvement (1/30)
2026-02-05 18:18:59 KST | INFO | 
2026-02-05 18:18:59 KST | INFO | Epoch 45/200 | LR: 0.088526
2026-02-05 18:19:05 KST | INFO |   Train Loss: 0.0252 | Test Loss: 0.0003 | Test Acc: 97.95%
2026-02-05 18:19:05 KST | INFO |   No improvement (2/30)
2026-02-05 18:19:05 KST | INFO | 
2026-02-05 18:19:05 KST | INFO | Epoch 46/200 | LR: 0.088020
2026-02-05 18:19:10 KST | INFO |   Train Loss: 0.0293 | Test Loss: 0.0002 | Test Acc: 98.05%
2026-02-05 18:19:10 KST | INFO |   No improvement (3/30)
2026-02-05 18:19:10 KST | INFO | 
2026-02-05 18:19:10 KST | INFO | Epoch 47/200 | LR: 0.087506
2026-02-05 18:19:16 KST | INFO |   Train Loss: 0.0265 | Test Loss: 0.0002 | Test Acc: 98.50%
2026-02-05 18:19:16 KST | INFO |   No improvement (4/30)
2026-02-05 18:19:16 KST | INFO | 
2026-02-05 18:19:16 KST | INFO | Epoch 48/200 | LR: 0.086982
2026-02-05 18:19:21 KST | INFO |   Train Loss: 0.0231 | Test Loss: 0.0003 | Test Acc: 97.80%
2026-02-05 18:19:21 KST | INFO |   No improvement (5/30)
2026-02-05 18:19:21 KST | INFO | 
2026-02-05 18:19:21 KST | INFO | Epoch 49/200 | LR: 0.086449
2026-02-05 18:19:27 KST | INFO |   Train Loss: 0.0273 | Test Loss: 0.0002 | Test Acc: 98.75%
2026-02-05 18:19:27 KST | INFO |   No improvement (6/30)
2026-02-05 18:19:27 KST | INFO | 
2026-02-05 18:19:27 KST | INFO | Epoch 50/200 | LR: 0.085906
2026-02-05 18:19:33 KST | INFO |   Train Loss: 0.0203 | Test Loss: 0.0002 | Test Acc: 98.50%
2026-02-05 18:19:33 KST | INFO |   No improvement (7/30)
2026-02-05 18:19:33 KST | INFO | 
2026-02-05 18:19:33 KST | INFO | Epoch 51/200 | LR: 0.085355
2026-02-05 18:19:38 KST | INFO |   Train Loss: 0.0240 | Test Loss: 0.0002 | Test Acc: 98.30%
2026-02-05 18:19:38 KST | INFO |   No improvement (8/30)
2026-02-05 18:19:38 KST | INFO | 
2026-02-05 18:19:38 KST | INFO | Epoch 52/200 | LR: 0.084796
2026-02-05 18:19:44 KST | INFO |   Train Loss: 0.0225 | Test Loss: 0.0002 | Test Acc: 98.30%
2026-02-05 18:19:44 KST | INFO |   No improvement (9/30)
2026-02-05 18:19:44 KST | INFO | 
2026-02-05 18:19:44 KST | INFO | Epoch 53/200 | LR: 0.084228
2026-02-05 18:19:49 KST | INFO |   Train Loss: 0.0260 | Test Loss: 0.0003 | Test Acc: 97.90%
2026-02-05 18:19:49 KST | INFO |   No improvement (10/30)
2026-02-05 18:19:49 KST | INFO | 
2026-02-05 18:19:49 KST | INFO | Epoch 54/200 | LR: 0.083651
2026-02-05 18:19:55 KST | INFO |   Train Loss: 0.0234 | Test Loss: 0.0002 | Test Acc: 98.60%
2026-02-05 18:19:55 KST | INFO |   No improvement (11/30)
2026-02-05 18:19:55 KST | INFO | 
2026-02-05 18:19:55 KST | INFO | Epoch 55/200 | LR: 0.083066
2026-02-05 18:20:00 KST | INFO |   Train Loss: 0.0217 | Test Loss: 0.0003 | Test Acc: 97.70%
2026-02-05 18:20:00 KST | INFO |   No improvement (12/30)
2026-02-05 18:20:00 KST | INFO | 
2026-02-05 18:20:00 KST | INFO | Epoch 56/200 | LR: 0.082473
2026-02-05 18:20:06 KST | INFO |   Train Loss: 0.0249 | Test Loss: 0.0002 | Test Acc: 98.10%
2026-02-05 18:20:06 KST | INFO |   No improvement (13/30)
2026-02-05 18:20:06 KST | INFO | 
2026-02-05 18:20:06 KST | INFO | Epoch 57/200 | LR: 0.081871
2026-02-05 18:20:12 KST | INFO |   Train Loss: 0.0241 | Test Loss: 0.0002 | Test Acc: 98.60%
2026-02-05 18:20:12 KST | INFO |   No improvement (14/30)
2026-02-05 18:20:12 KST | INFO | 
2026-02-05 18:20:12 KST | INFO | Epoch 58/200 | LR: 0.081262
2026-02-05 18:20:17 KST | INFO |   Train Loss: 0.0239 | Test Loss: 0.0003 | Test Acc: 97.55%
2026-02-05 18:20:17 KST | INFO |   No improvement (15/30)
2026-02-05 18:20:17 KST | INFO | 
2026-02-05 18:20:17 KST | INFO | Epoch 59/200 | LR: 0.080646
2026-02-05 18:20:23 KST | INFO |   Train Loss: 0.0206 | Test Loss: 0.0002 | Test Acc: 98.60%
2026-02-05 18:20:23 KST | INFO |   No improvement (16/30)
2026-02-05 18:20:23 KST | INFO | 
2026-02-05 18:20:23 KST | INFO | Epoch 60/200 | LR: 0.080021
2026-02-05 18:20:28 KST | INFO |   Train Loss: 0.0187 | Test Loss: 0.0002 | Test Acc: 98.95%
2026-02-05 18:20:28 KST | INFO |   No improvement (17/30)
2026-02-05 18:20:28 KST | INFO | 
2026-02-05 18:20:28 KST | INFO | Epoch 61/200 | LR: 0.079389
2026-02-05 18:20:34 KST | INFO |   Train Loss: 0.0175 | Test Loss: 0.0002 | Test Acc: 98.40%
2026-02-05 18:20:34 KST | INFO |   No improvement (18/30)
2026-02-05 18:20:34 KST | INFO | 
2026-02-05 18:20:34 KST | INFO | Epoch 62/200 | LR: 0.078750
2026-02-05 18:20:40 KST | INFO |   Train Loss: 0.0163 | Test Loss: 0.0002 | Test Acc: 98.40%
2026-02-05 18:20:40 KST | INFO |   No improvement (19/30)
2026-02-05 18:20:40 KST | INFO | 
2026-02-05 18:20:40 KST | INFO | Epoch 63/200 | LR: 0.078104
2026-02-05 18:20:45 KST | INFO |   Train Loss: 0.0200 | Test Loss: 0.0002 | Test Acc: 98.35%
2026-02-05 18:20:45 KST | INFO |   No improvement (20/30)
2026-02-05 18:20:45 KST | INFO | 
2026-02-05 18:20:45 KST | INFO | Epoch 64/200 | LR: 0.077451
2026-02-05 18:20:51 KST | INFO |   Train Loss: 0.0192 | Test Loss: 0.0003 | Test Acc: 97.85%
2026-02-05 18:20:51 KST | INFO |   No improvement (21/30)
2026-02-05 18:20:51 KST | INFO | 
2026-02-05 18:20:51 KST | INFO | Epoch 65/200 | LR: 0.076792
2026-02-05 18:20:56 KST | INFO |   Train Loss: 0.0202 | Test Loss: 0.0005 | Test Acc: 96.45%
2026-02-05 18:20:56 KST | INFO |   No improvement (22/30)
2026-02-05 18:20:56 KST | INFO | 
2026-02-05 18:20:56 KST | INFO | Epoch 66/200 | LR: 0.076125
2026-02-05 18:21:02 KST | INFO |   Train Loss: 0.0222 | Test Loss: 0.0002 | Test Acc: 98.40%
2026-02-05 18:21:02 KST | INFO |   No improvement (23/30)
2026-02-05 18:21:02 KST | INFO | 
2026-02-05 18:21:02 KST | INFO | Epoch 67/200 | LR: 0.075452
2026-02-05 18:21:08 KST | INFO |   Train Loss: 0.0188 | Test Loss: 0.0002 | Test Acc: 98.65%
2026-02-05 18:21:08 KST | INFO |   No improvement (24/30)
2026-02-05 18:21:08 KST | INFO | 
2026-02-05 18:21:08 KST | INFO | Epoch 68/200 | LR: 0.074773
2026-02-05 18:21:13 KST | INFO |   Train Loss: 0.0199 | Test Loss: 0.0002 | Test Acc: 98.50%
2026-02-05 18:21:13 KST | INFO |   No improvement (25/30)
2026-02-05 18:21:13 KST | INFO | 
2026-02-05 18:21:13 KST | INFO | Epoch 69/200 | LR: 0.074088
2026-02-05 18:21:19 KST | INFO |   Train Loss: 0.0164 | Test Loss: 0.0002 | Test Acc: 98.40%
2026-02-05 18:21:19 KST | INFO |   No improvement (26/30)
2026-02-05 18:21:19 KST | INFO | 
2026-02-05 18:21:19 KST | INFO | Epoch 70/200 | LR: 0.073397
2026-02-05 18:21:24 KST | INFO |   Train Loss: 0.0195 | Test Loss: 0.0003 | Test Acc: 98.40%
2026-02-05 18:21:24 KST | INFO |   No improvement (27/30)
2026-02-05 18:21:24 KST | INFO | 
2026-02-05 18:21:24 KST | INFO | Epoch 71/200 | LR: 0.072700
2026-02-05 18:21:30 KST | INFO |   Train Loss: 0.0173 | Test Loss: 0.0003 | Test Acc: 98.25%
2026-02-05 18:21:30 KST | INFO |   No improvement (28/30)
2026-02-05 18:21:30 KST | INFO | 
2026-02-05 18:21:30 KST | INFO | Epoch 72/200 | LR: 0.071997
2026-02-05 18:21:36 KST | INFO |   Train Loss: 0.0183 | Test Loss: 0.0002 | Test Acc: 98.95%
2026-02-05 18:21:36 KST | INFO |   No improvement (29/30)
2026-02-05 18:21:36 KST | INFO | 
2026-02-05 18:21:36 KST | INFO | Epoch 73/200 | LR: 0.071289
2026-02-05 18:21:41 KST | INFO |   Train Loss: 0.0176 | Test Loss: 0.0002 | Test Acc: 98.70%
2026-02-05 18:21:41 KST | INFO |   No improvement (30/30)
2026-02-05 18:21:41 KST | INFO | 
2026-02-05 18:21:41 KST | INFO | Early stopping after 30 epochs without improvement
2026-02-05 18:21:41 KST | INFO | 
2026-02-05 18:21:41 KST | INFO | ================================================================================
2026-02-05 18:21:41 KST | INFO | TRAINING COMPLETE
2026-02-05 18:21:41 KST | INFO | ================================================================================
2026-02-05 18:21:41 KST | INFO | Best accuracy:  98.95% (Epoch 43)
2026-02-05 18:21:41 KST | INFO | Final accuracy: 98.70%
2026-02-05 18:21:41 KST | INFO | ================================================================================
2026-02-05 18:21:41 KST | INFO | 
2026-02-05 18:21:41 KST | INFO | Notifying nodes of completion...
2026-02-05 18:21:42 KST | INFO | ✓ Nodes notified
2026-02-05 18:21:42 KST | INFO | 
2026-02-05 18:21:42 KST | INFO | Closing connections...
2026-02-05 18:21:42 KST | INFO | ✓ Cleanup complete
2026-02-05 18:21:42 KST | INFO | 
2026-02-05 18:21:42 KST | INFO | Full log: logs/TL++_base_20260205_181421.log
2026-02-05 18:21:42 KST | INFO | ================================================================================
