2026-02-05 18:00:51 KST | INFO | ================================================================================
2026-02-05 18:00:51 KST | INFO | TL++ Orchestrator
2026-02-05 18:00:51 KST | INFO | ================================================================================
2026-02-05 18:00:51 KST | INFO | Log file: logs/TL++_base_20260205_180051.log
2026-02-05 18:00:51 KST | INFO | 
2026-02-05 18:00:51 KST | INFO | --------------------------------------------------------------------------------
2026-02-05 18:00:51 KST | INFO | CONFIGURATION
2026-02-05 18:00:51 KST | INFO | --------------------------------------------------------------------------------
2026-02-05 18:00:51 KST | INFO | Secure mode:      False
2026-02-05 18:00:51 KST | INFO | Nodes:            2
2026-02-05 18:00:51 KST | INFO | Cut layer:        2
2026-02-05 18:00:51 KST | INFO | Batch size:       128
2026-02-05 18:00:51 KST | INFO | Learning rate:    0.1
2026-02-05 18:00:51 KST | INFO | 
2026-02-05 18:00:51 KST | INFO | Computation device: cuda
2026-02-05 18:00:51 KST | INFO | Secure mode: DISABLED
2026-02-05 18:00:51 KST | INFO | 
2026-02-05 18:00:51 KST | INFO | --------------------------------------------------------------------------------
2026-02-05 18:00:51 KST | INFO | NETWORK SETUP
2026-02-05 18:00:51 KST | INFO | --------------------------------------------------------------------------------
2026-02-05 18:00:51 KST | INFO | ✓ Orchestrator listening on 127.0.0.1:8080
2026-02-05 18:00:51 KST | INFO | Waiting for 2 node(s)...
2026-02-05 18:00:54 KST | INFO |   ✓ Node 1/2 connected
2026-02-05 18:00:55 KST | INFO |   ✓ Node 2/2 connected
2026-02-05 18:00:55 KST | INFO | ✓ All 2 node(s) connected
2026-02-05 18:00:55 KST | INFO | 
2026-02-05 18:00:55 KST | INFO | --------------------------------------------------------------------------------
2026-02-05 18:00:55 KST | INFO | MODEL INITIALIZATION
2026-02-05 18:00:55 KST | INFO | --------------------------------------------------------------------------------
2026-02-05 18:00:55 KST | INFO | Node-side parameters: 260,160
2026-02-05 18:00:55 KST | INFO | 
2026-02-05 18:00:55 KST | INFO | --------------------------------------------------------------------------------
2026-02-05 18:00:55 KST | INFO | BROADCASTING CONFIGURATION
2026-02-05 18:00:55 KST | INFO | --------------------------------------------------------------------------------
2026-02-05 18:00:55 KST | INFO | ✓ Configuration broadcast to all nodes
2026-02-05 18:00:56 KST | INFO | 
2026-02-05 18:00:56 KST | INFO | Total parameters:     3,244,098
2026-02-05 18:00:56 KST | INFO | Trainable parameters: 3,244,098
2026-02-05 18:00:56 KST | INFO | 
2026-02-05 18:00:56 KST | INFO | --------------------------------------------------------------------------------
2026-02-05 18:00:56 KST | INFO | DATA LOADING
2026-02-05 18:00:56 KST | INFO | --------------------------------------------------------------------------------
2026-02-05 18:01:21 KST | INFO | ✓ Dataset information collected:
2026-02-05 18:01:21 KST | INFO |     Node 1: 5,000 samples
2026-02-05 18:01:21 KST | INFO |     Node 2: 5,000 samples
2026-02-05 18:01:21 KST | INFO |   Total training samples: 10,000
2026-02-05 18:01:21 KST | INFO | 
2026-02-05 18:01:25 KST | INFO | ✓ Test dataset loaded: 2,000 samples
2026-02-05 18:01:25 KST | INFO | 
2026-02-05 18:01:25 KST | INFO | ✓ Batch scheduler: 79 batches/epoch
2026-02-05 18:01:25 KST | INFO | 
2026-02-05 18:01:25 KST | INFO | --------------------------------------------------------------------------------
2026-02-05 18:01:25 KST | INFO | OPTIMIZATION SETUP
2026-02-05 18:01:25 KST | INFO | --------------------------------------------------------------------------------
2026-02-05 18:01:25 KST | INFO | ✓ Optimizer: SGD (lr=0.1, momentum=0.9)
2026-02-05 18:01:25 KST | INFO | ✓ Scheduler: cosine
2026-02-05 18:01:25 KST | INFO | ✓ Gradient clipping: 1.0
2026-02-05 18:01:25 KST | INFO | 
2026-02-05 18:01:25 KST | INFO | ================================================================================
2026-02-05 18:01:25 KST | INFO | Setup complete - Ready for training
2026-02-05 18:01:25 KST | INFO | ================================================================================
2026-02-05 18:01:25 KST | INFO | 
2026-02-05 18:01:25 KST | INFO | --------------------------------------------------------------------------------
2026-02-05 18:01:25 KST | INFO | TRAINING
2026-02-05 18:01:25 KST | INFO | --------------------------------------------------------------------------------
2026-02-05 18:01:25 KST | INFO | 
2026-02-05 18:01:25 KST | INFO | Epoch 1/200 | LR: 0.100000
2026-02-05 18:01:31 KST | INFO |   Train Loss: 0.5209 | Test Loss: 0.0013 | Test Acc: 86.10%
2026-02-05 18:01:31 KST | INFO |   🏆 New best accuracy: 86.10%
2026-02-05 18:01:31 KST | INFO | 
2026-02-05 18:01:31 KST | INFO | Epoch 2/200 | LR: 0.099994
2026-02-05 18:01:37 KST | INFO |   Train Loss: 0.3169 | Test Loss: 0.0008 | Test Acc: 92.40%
2026-02-05 18:01:37 KST | INFO |   🏆 New best accuracy: 92.40%
2026-02-05 18:01:37 KST | INFO | 
2026-02-05 18:01:37 KST | INFO | Epoch 3/200 | LR: 0.099975
2026-02-05 18:01:43 KST | INFO |   Train Loss: 0.2188 | Test Loss: 0.0005 | Test Acc: 94.95%
2026-02-05 18:01:43 KST | INFO |   🏆 New best accuracy: 94.95%
2026-02-05 18:01:43 KST | INFO | 
2026-02-05 18:01:43 KST | INFO | Epoch 4/200 | LR: 0.099944
2026-02-05 18:01:48 KST | INFO |   Train Loss: 0.1518 | Test Loss: 0.0003 | Test Acc: 97.05%
2026-02-05 18:01:48 KST | INFO |   🏆 New best accuracy: 97.05%
2026-02-05 18:01:48 KST | INFO | 
2026-02-05 18:01:48 KST | INFO | Epoch 5/200 | LR: 0.099901
2026-02-05 18:01:54 KST | INFO |   Train Loss: 0.1159 | Test Loss: 0.0005 | Test Acc: 95.85%
2026-02-05 18:01:54 KST | INFO |   No improvement (1/30)
2026-02-05 18:01:54 KST | INFO | 
2026-02-05 18:01:54 KST | INFO | Epoch 6/200 | LR: 0.099846
2026-02-05 18:02:00 KST | INFO |   Train Loss: 0.0993 | Test Loss: 0.0004 | Test Acc: 96.60%
2026-02-05 18:02:00 KST | INFO |   No improvement (2/30)
2026-02-05 18:02:00 KST | INFO | 
2026-02-05 18:02:00 KST | INFO | Epoch 7/200 | LR: 0.099778
2026-02-05 18:02:05 KST | INFO |   Train Loss: 0.0896 | Test Loss: 0.0003 | Test Acc: 97.75%
2026-02-05 18:02:05 KST | INFO |   🏆 New best accuracy: 97.75%
2026-02-05 18:02:05 KST | INFO | 
2026-02-05 18:02:05 KST | INFO | Epoch 8/200 | LR: 0.099698
2026-02-05 18:02:11 KST | INFO |   Train Loss: 0.0841 | Test Loss: 0.0003 | Test Acc: 97.45%
2026-02-05 18:02:11 KST | INFO |   No improvement (1/30)
2026-02-05 18:02:11 KST | INFO | 
2026-02-05 18:02:11 KST | INFO | Epoch 9/200 | LR: 0.099606
2026-02-05 18:02:17 KST | INFO |   Train Loss: 0.0723 | Test Loss: 0.0003 | Test Acc: 97.35%
2026-02-05 18:02:17 KST | INFO |   No improvement (2/30)
2026-02-05 18:02:17 KST | INFO | 
2026-02-05 18:02:17 KST | INFO | Epoch 10/200 | LR: 0.099501
2026-02-05 18:02:22 KST | INFO |   Train Loss: 0.0629 | Test Loss: 0.0003 | Test Acc: 98.00%
2026-02-05 18:02:22 KST | INFO |   🏆 New best accuracy: 98.00%
2026-02-05 18:02:22 KST | INFO | 
2026-02-05 18:02:22 KST | INFO | Epoch 11/200 | LR: 0.099384
2026-02-05 18:02:28 KST | INFO |   Train Loss: 0.0624 | Test Loss: 0.0003 | Test Acc: 97.50%
2026-02-05 18:02:28 KST | INFO |   No improvement (1/30)
2026-02-05 18:02:28 KST | INFO | 
2026-02-05 18:02:28 KST | INFO | Epoch 12/200 | LR: 0.099255
2026-02-05 18:02:34 KST | INFO |   Train Loss: 0.0581 | Test Loss: 0.0002 | Test Acc: 97.85%
2026-02-05 18:02:34 KST | INFO |   No improvement (2/30)
2026-02-05 18:02:34 KST | INFO | 
2026-02-05 18:02:34 KST | INFO | Epoch 13/200 | LR: 0.099114
2026-02-05 18:02:39 KST | INFO |   Train Loss: 0.0605 | Test Loss: 0.0002 | Test Acc: 98.30%
2026-02-05 18:02:39 KST | INFO |   🏆 New best accuracy: 98.30%
2026-02-05 18:02:39 KST | INFO | 
2026-02-05 18:02:39 KST | INFO | Epoch 14/200 | LR: 0.098961
2026-02-05 18:02:45 KST | INFO |   Train Loss: 0.0572 | Test Loss: 0.0002 | Test Acc: 98.45%
2026-02-05 18:02:45 KST | INFO |   🏆 New best accuracy: 98.45%
2026-02-05 18:02:45 KST | INFO | 
2026-02-05 18:02:45 KST | INFO | Epoch 15/200 | LR: 0.098796
2026-02-05 18:02:51 KST | INFO |   Train Loss: 0.0544 | Test Loss: 0.0003 | Test Acc: 97.60%
2026-02-05 18:02:51 KST | INFO |   No improvement (1/30)
2026-02-05 18:02:51 KST | INFO | 
2026-02-05 18:02:51 KST | INFO | Epoch 16/200 | LR: 0.098619
2026-02-05 18:02:56 KST | INFO |   Train Loss: 0.0494 | Test Loss: 0.0002 | Test Acc: 98.70%
2026-02-05 18:02:56 KST | INFO |   🏆 New best accuracy: 98.70%
2026-02-05 18:02:56 KST | INFO | 
2026-02-05 18:02:56 KST | INFO | Epoch 17/200 | LR: 0.098429
2026-02-05 18:03:02 KST | INFO |   Train Loss: 0.0488 | Test Loss: 0.0002 | Test Acc: 98.60%
2026-02-05 18:03:02 KST | INFO |   No improvement (1/30)
2026-02-05 18:03:02 KST | INFO | 
2026-02-05 18:03:02 KST | INFO | Epoch 18/200 | LR: 0.098228
2026-02-05 18:03:07 KST | INFO |   Train Loss: 0.0494 | Test Loss: 0.0002 | Test Acc: 98.30%
2026-02-05 18:03:07 KST | INFO |   No improvement (2/30)
2026-02-05 18:03:07 KST | INFO | 
2026-02-05 18:03:07 KST | INFO | Epoch 19/200 | LR: 0.098015
2026-02-05 18:03:13 KST | INFO |   Train Loss: 0.0468 | Test Loss: 0.0003 | Test Acc: 97.80%
2026-02-05 18:03:13 KST | INFO |   No improvement (3/30)
2026-02-05 18:03:13 KST | INFO | 
2026-02-05 18:03:13 KST | INFO | Epoch 20/200 | LR: 0.097790
2026-02-05 18:03:19 KST | INFO |   Train Loss: 0.0499 | Test Loss: 0.0002 | Test Acc: 98.15%
2026-02-05 18:03:19 KST | INFO |   No improvement (4/30)
2026-02-05 18:03:19 KST | INFO | 
2026-02-05 18:03:19 KST | INFO | Epoch 21/200 | LR: 0.097553
2026-02-05 18:03:24 KST | INFO |   Train Loss: 0.0469 | Test Loss: 0.0002 | Test Acc: 98.55%
2026-02-05 18:03:24 KST | INFO |   No improvement (5/30)
2026-02-05 18:03:24 KST | INFO | 
2026-02-05 18:03:24 KST | INFO | Epoch 22/200 | LR: 0.097304
2026-02-05 18:03:30 KST | INFO |   Train Loss: 0.0437 | Test Loss: 0.0002 | Test Acc: 98.55%
2026-02-05 18:03:30 KST | INFO |   No improvement (6/30)
2026-02-05 18:03:30 KST | INFO | 
2026-02-05 18:03:30 KST | INFO | Epoch 23/200 | LR: 0.097044
2026-02-05 18:03:35 KST | INFO |   Train Loss: 0.0414 | Test Loss: 0.0003 | Test Acc: 97.75%
2026-02-05 18:03:35 KST | INFO |   No improvement (7/30)
2026-02-05 18:03:35 KST | INFO | 
2026-02-05 18:03:35 KST | INFO | Epoch 24/200 | LR: 0.096772
2026-02-05 18:03:41 KST | INFO |   Train Loss: 0.0380 | Test Loss: 0.0003 | Test Acc: 97.05%
2026-02-05 18:03:41 KST | INFO |   No improvement (8/30)
2026-02-05 18:03:41 KST | INFO | 
2026-02-05 18:03:41 KST | INFO | Epoch 25/200 | LR: 0.096489
2026-02-05 18:03:46 KST | INFO |   Train Loss: 0.0350 | Test Loss: 0.0002 | Test Acc: 98.50%
2026-02-05 18:03:46 KST | INFO |   No improvement (9/30)
2026-02-05 18:03:46 KST | INFO | 
2026-02-05 18:03:46 KST | INFO | Epoch 26/200 | LR: 0.096194
2026-02-05 18:03:52 KST | INFO |   Train Loss: 0.0354 | Test Loss: 0.0002 | Test Acc: 97.95%
2026-02-05 18:03:52 KST | INFO |   No improvement (10/30)
2026-02-05 18:03:52 KST | INFO | 
2026-02-05 18:03:52 KST | INFO | Epoch 27/200 | LR: 0.095888
2026-02-05 18:03:57 KST | INFO |   Train Loss: 0.0369 | Test Loss: 0.0002 | Test Acc: 98.55%
2026-02-05 18:03:57 KST | INFO |   No improvement (11/30)
2026-02-05 18:03:57 KST | INFO | 
2026-02-05 18:03:57 KST | INFO | Epoch 28/200 | LR: 0.095570
2026-02-05 18:04:03 KST | INFO |   Train Loss: 0.0402 | Test Loss: 0.0002 | Test Acc: 98.25%
2026-02-05 18:04:03 KST | INFO |   No improvement (12/30)
2026-02-05 18:04:03 KST | INFO | 
2026-02-05 18:04:03 KST | INFO | Epoch 29/200 | LR: 0.095241
2026-02-05 18:04:08 KST | INFO |   Train Loss: 0.0382 | Test Loss: 0.0002 | Test Acc: 97.75%
2026-02-05 18:04:08 KST | INFO |   No improvement (13/30)
2026-02-05 18:04:08 KST | INFO | 
2026-02-05 18:04:08 KST | INFO | Epoch 30/200 | LR: 0.094901
2026-02-05 18:04:14 KST | INFO |   Train Loss: 0.0363 | Test Loss: 0.0002 | Test Acc: 98.25%
2026-02-05 18:04:14 KST | INFO |   No improvement (14/30)
2026-02-05 18:04:14 KST | INFO | 
2026-02-05 18:04:14 KST | INFO | Epoch 31/200 | LR: 0.094550
2026-02-05 18:04:20 KST | INFO |   Train Loss: 0.0326 | Test Loss: 0.0002 | Test Acc: 98.05%
2026-02-05 18:04:20 KST | INFO |   No improvement (15/30)
2026-02-05 18:04:20 KST | INFO | 
2026-02-05 18:04:20 KST | INFO | Epoch 32/200 | LR: 0.094188
2026-02-05 18:04:25 KST | INFO |   Train Loss: 0.0351 | Test Loss: 0.0004 | Test Acc: 97.00%
2026-02-05 18:04:25 KST | INFO |   No improvement (16/30)
2026-02-05 18:04:25 KST | INFO | 
2026-02-05 18:04:25 KST | INFO | Epoch 33/200 | LR: 0.093815
2026-02-05 18:04:31 KST | INFO |   Train Loss: 0.0316 | Test Loss: 0.0001 | Test Acc: 98.60%
2026-02-05 18:04:31 KST | INFO |   No improvement (17/30)
2026-02-05 18:04:31 KST | INFO | 
2026-02-05 18:04:31 KST | INFO | Epoch 34/200 | LR: 0.093432
2026-02-05 18:04:36 KST | INFO |   Train Loss: 0.0288 | Test Loss: 0.0004 | Test Acc: 96.30%
2026-02-05 18:04:36 KST | INFO |   No improvement (18/30)
2026-02-05 18:04:36 KST | INFO | 
2026-02-05 18:04:36 KST | INFO | Epoch 35/200 | LR: 0.093037
2026-02-05 18:04:42 KST | INFO |   Train Loss: 0.0358 | Test Loss: 0.0002 | Test Acc: 98.05%
2026-02-05 18:04:42 KST | INFO |   No improvement (19/30)
2026-02-05 18:04:42 KST | INFO | 
2026-02-05 18:04:42 KST | INFO | Epoch 36/200 | LR: 0.092632
2026-02-05 18:04:48 KST | INFO |   Train Loss: 0.0294 | Test Loss: 0.0002 | Test Acc: 98.70%
2026-02-05 18:04:48 KST | INFO |   No improvement (20/30)
2026-02-05 18:04:48 KST | INFO | 
2026-02-05 18:04:48 KST | INFO | Epoch 37/200 | LR: 0.092216
2026-02-05 18:04:53 KST | INFO |   Train Loss: 0.0341 | Test Loss: 0.0005 | Test Acc: 95.95%
2026-02-05 18:04:53 KST | INFO |   No improvement (21/30)
2026-02-05 18:04:53 KST | INFO | 
2026-02-05 18:04:53 KST | INFO | Epoch 38/200 | LR: 0.091790
2026-02-05 18:04:59 KST | INFO |   Train Loss: 0.0310 | Test Loss: 0.0002 | Test Acc: 98.70%
2026-02-05 18:04:59 KST | INFO |   No improvement (22/30)
2026-02-05 18:04:59 KST | INFO | 
2026-02-05 18:04:59 KST | INFO | Epoch 39/200 | LR: 0.091354
2026-02-05 18:05:04 KST | INFO |   Train Loss: 0.0327 | Test Loss: 0.0003 | Test Acc: 98.05%
2026-02-05 18:05:04 KST | INFO |   No improvement (23/30)
2026-02-05 18:05:04 KST | INFO | 
2026-02-05 18:05:04 KST | INFO | Epoch 40/200 | LR: 0.090908
2026-02-05 18:05:10 KST | INFO |   Train Loss: 0.0280 | Test Loss: 0.0002 | Test Acc: 98.45%
2026-02-05 18:05:10 KST | INFO |   No improvement (24/30)
2026-02-05 18:05:10 KST | INFO | 
2026-02-05 18:05:10 KST | INFO | Epoch 41/200 | LR: 0.090451
2026-02-05 18:05:15 KST | INFO |   Train Loss: 0.0281 | Test Loss: 0.0002 | Test Acc: 98.70%
2026-02-05 18:05:15 KST | INFO |   No improvement (25/30)
2026-02-05 18:05:15 KST | INFO | 
2026-02-05 18:05:15 KST | INFO | Epoch 42/200 | LR: 0.089984
2026-02-05 18:05:21 KST | INFO |   Train Loss: 0.0278 | Test Loss: 0.0003 | Test Acc: 97.70%
2026-02-05 18:05:21 KST | INFO |   No improvement (26/30)
2026-02-05 18:05:21 KST | INFO | 
2026-02-05 18:05:21 KST | INFO | Epoch 43/200 | LR: 0.089508
2026-02-05 18:05:27 KST | INFO |   Train Loss: 0.0267 | Test Loss: 0.0002 | Test Acc: 98.35%
2026-02-05 18:05:27 KST | INFO |   No improvement (27/30)
2026-02-05 18:05:27 KST | INFO | 
2026-02-05 18:05:27 KST | INFO | Epoch 44/200 | LR: 0.089022
2026-02-05 18:05:32 KST | INFO |   Train Loss: 0.0228 | Test Loss: 0.0002 | Test Acc: 98.60%
2026-02-05 18:05:32 KST | INFO |   No improvement (28/30)
2026-02-05 18:05:32 KST | INFO | 
2026-02-05 18:05:32 KST | INFO | Epoch 45/200 | LR: 0.088526
2026-02-05 18:05:38 KST | INFO |   Train Loss: 0.0262 | Test Loss: 0.0002 | Test Acc: 98.20%
2026-02-05 18:05:38 KST | INFO |   No improvement (29/30)
2026-02-05 18:05:38 KST | INFO | 
2026-02-05 18:05:38 KST | INFO | Epoch 46/200 | LR: 0.088020
2026-02-05 18:05:43 KST | INFO |   Train Loss: 0.0240 | Test Loss: 0.0002 | Test Acc: 98.70%
2026-02-05 18:05:43 KST | INFO |   No improvement (30/30)
2026-02-05 18:05:43 KST | INFO | 
2026-02-05 18:05:43 KST | INFO | Early stopping after 30 epochs without improvement
2026-02-05 18:05:43 KST | INFO | 
2026-02-05 18:05:43 KST | INFO | ================================================================================
2026-02-05 18:05:43 KST | INFO | TRAINING COMPLETE
2026-02-05 18:05:43 KST | INFO | ================================================================================
2026-02-05 18:05:43 KST | INFO | Best accuracy:  98.70% (Epoch 16)
2026-02-05 18:05:43 KST | INFO | Final accuracy: 98.70%
2026-02-05 18:05:43 KST | INFO | ================================================================================
2026-02-05 18:05:43 KST | INFO | 
2026-02-05 18:05:43 KST | INFO | Notifying nodes of completion...
2026-02-05 18:05:44 KST | INFO | ✓ Nodes notified
2026-02-05 18:05:44 KST | INFO | 
2026-02-05 18:05:44 KST | INFO | Closing connections...
2026-02-05 18:05:44 KST | INFO | ✓ Cleanup complete
2026-02-05 18:05:44 KST | INFO | 
2026-02-05 18:05:44 KST | INFO | Full log: logs/TL++_base_20260205_180051.log
2026-02-05 18:05:44 KST | INFO | ================================================================================
