2026-02-11 04:57:51 KST | INFO | ================================================================================
2026-02-11 04:57:51 KST | INFO | TL++ Orchestrator
2026-02-11 04:57:51 KST | INFO | ================================================================================
2026-02-11 04:57:51 KST | INFO | Log file: logs/TL++_base_20260211_045751.log
2026-02-11 04:57:51 KST | INFO | 
2026-02-11 04:57:51 KST | INFO | --------------------------------------------------------------------------------
2026-02-11 04:57:51 KST | INFO | CONFIGURATION
2026-02-11 04:57:51 KST | INFO | --------------------------------------------------------------------------------
2026-02-11 04:57:51 KST | INFO | Secure mode:      False
2026-02-11 04:57:51 KST | INFO | Nodes:            9
2026-02-11 04:57:51 KST | INFO | Cut layer:        3
2026-02-11 04:57:51 KST | INFO | Batch size:       128
2026-02-11 04:57:51 KST | INFO | Learning rate:    0.1
2026-02-11 04:57:51 KST | INFO | 
2026-02-11 04:57:51 KST | INFO | Computation device: cuda
2026-02-11 04:57:51 KST | INFO | Secure mode: DISABLED
2026-02-11 04:57:51 KST | INFO | 
2026-02-11 04:57:51 KST | INFO | --------------------------------------------------------------------------------
2026-02-11 04:57:51 KST | INFO | NETWORK SETUP
2026-02-11 04:57:51 KST | INFO | --------------------------------------------------------------------------------
2026-02-11 04:57:51 KST | INFO | ✓ Orchestrator listening on 127.0.0.1:8080
2026-02-11 04:57:51 KST | INFO | Waiting for 9 node(s)...
2026-02-11 04:57:54 KST | INFO |   ✓ Node 1/9 connected
2026-02-11 04:57:55 KST | INFO |   ✓ Node 2/9 connected
2026-02-11 04:57:56 KST | INFO |   ✓ Node 3/9 connected
2026-02-11 04:57:57 KST | INFO |   ✓ Node 4/9 connected
2026-02-11 04:57:58 KST | INFO |   ✓ Node 5/9 connected
2026-02-11 04:57:59 KST | INFO |   ✓ Node 6/9 connected
2026-02-11 04:58:00 KST | INFO |   ✓ Node 7/9 connected
2026-02-11 04:58:01 KST | INFO |   ✓ Node 8/9 connected
2026-02-11 04:58:02 KST | INFO |   ✓ Node 9/9 connected
2026-02-11 04:58:02 KST | INFO | ✓ All 9 node(s) connected
2026-02-11 04:58:02 KST | INFO | 
2026-02-11 04:58:02 KST | INFO | --------------------------------------------------------------------------------
2026-02-11 04:58:02 KST | INFO | MODEL INITIALIZATION
2026-02-11 04:58:02 KST | INFO | --------------------------------------------------------------------------------
2026-02-11 04:58:02 KST | INFO | Node-side parameters: 3,243,072
2026-02-11 04:58:02 KST | INFO | 
2026-02-11 04:58:02 KST | INFO | --------------------------------------------------------------------------------
2026-02-11 04:58:02 KST | INFO | BROADCASTING CONFIGURATION
2026-02-11 04:58:02 KST | INFO | --------------------------------------------------------------------------------
2026-02-11 04:58:02 KST | INFO | ✓ Configuration broadcast to all nodes
2026-02-11 04:58:04 KST | INFO | 
2026-02-11 04:58:04 KST | INFO | Total parameters:     3,247,689
2026-02-11 04:58:04 KST | INFO | Trainable parameters: 3,247,689
2026-02-11 04:58:04 KST | INFO | 
2026-02-11 04:58:04 KST | INFO | --------------------------------------------------------------------------------
2026-02-11 04:58:04 KST | INFO | DATA LOADING
2026-02-11 04:58:04 KST | INFO | --------------------------------------------------------------------------------
2026-02-11 04:58:30 KST | INFO | ✓ Dataset information collected:
2026-02-11 04:58:30 KST | INFO |     Node 1: 5,000 samples
2026-02-11 04:58:30 KST | INFO |     Node 2: 5,000 samples
2026-02-11 04:58:30 KST | INFO |     Node 3: 5,000 samples
2026-02-11 04:58:30 KST | INFO |     Node 4: 5,000 samples
2026-02-11 04:58:30 KST | INFO |     Node 5: 5,000 samples
2026-02-11 04:58:30 KST | INFO |     Node 6: 5,000 samples
2026-02-11 04:58:30 KST | INFO |     Node 7: 5,000 samples
2026-02-11 04:58:30 KST | INFO |     Node 8: 5,000 samples
2026-02-11 04:58:30 KST | INFO |     Node 9: 5,000 samples
2026-02-11 04:58:30 KST | INFO |   Total training samples: 45,000
2026-02-11 04:58:30 KST | INFO | 
2026-02-11 04:58:33 KST | INFO | ✓ Test dataset loaded: 9,000 samples
2026-02-11 04:58:33 KST | INFO | 
2026-02-11 04:58:33 KST | INFO | ✓ Batch scheduler: 352 batches/epoch
2026-02-11 04:58:33 KST | INFO | 
2026-02-11 04:58:33 KST | INFO | --------------------------------------------------------------------------------
2026-02-11 04:58:33 KST | INFO | OPTIMIZATION SETUP
2026-02-11 04:58:33 KST | INFO | --------------------------------------------------------------------------------
2026-02-11 04:58:33 KST | INFO | ✓ Optimizer: SGD (lr=0.1, momentum=0.9)
2026-02-11 04:58:33 KST | INFO | ✓ Scheduler: cosine
2026-02-11 04:58:33 KST | INFO | ✓ Gradient clipping: 1.0
2026-02-11 04:58:33 KST | INFO | 
2026-02-11 04:58:33 KST | INFO | ================================================================================
2026-02-11 04:58:33 KST | INFO | Setup complete - Ready for training
2026-02-11 04:58:33 KST | INFO | ================================================================================
2026-02-11 04:58:33 KST | INFO | 
2026-02-11 04:58:33 KST | INFO | --------------------------------------------------------------------------------
2026-02-11 04:58:33 KST | INFO | TRAINING
2026-02-11 04:58:33 KST | INFO | --------------------------------------------------------------------------------
2026-02-11 04:58:33 KST | INFO | 
2026-02-11 04:58:33 KST | INFO | Epoch 1/200 | LR: 0.100000
2026-02-11 05:00:47 KST | INFO |   Train Loss: 1.7330 | Test Loss: 0.0054 | Test Acc: 50.12%
2026-02-11 05:00:47 KST | INFO |   🏆 New best accuracy: 50.12%
2026-02-11 05:00:47 KST | INFO | 
2026-02-11 05:00:47 KST | INFO | Epoch 2/200 | LR: 0.099994
2026-02-11 05:02:51 KST | INFO |   Train Loss: 1.3340 | Test Loss: 0.0045 | Test Acc: 58.97%
2026-02-11 05:02:51 KST | INFO |   🏆 New best accuracy: 58.97%
2026-02-11 05:02:51 KST | INFO | 
2026-02-11 05:02:51 KST | INFO | Epoch 3/200 | LR: 0.099975
2026-02-11 05:04:59 KST | INFO |   Train Loss: 1.1120 | Test Loss: 0.0039 | Test Acc: 65.78%
2026-02-11 05:04:59 KST | INFO |   🏆 New best accuracy: 65.78%
2026-02-11 05:04:59 KST | INFO | 
2026-02-11 05:04:59 KST | INFO | Epoch 4/200 | LR: 0.099944
2026-02-11 05:07:05 KST | INFO |   Train Loss: 0.9580 | Test Loss: 0.0035 | Test Acc: 69.09%
2026-02-11 05:07:05 KST | INFO |   🏆 New best accuracy: 69.09%
2026-02-11 05:07:05 KST | INFO | 
2026-02-11 05:07:05 KST | INFO | Epoch 5/200 | LR: 0.099901
2026-02-11 05:09:13 KST | INFO |   Train Loss: 0.8588 | Test Loss: 0.0029 | Test Acc: 74.70%
2026-02-11 05:09:13 KST | INFO |   🏆 New best accuracy: 74.70%
2026-02-11 05:09:13 KST | INFO | 
2026-02-11 05:09:13 KST | INFO | Epoch 6/200 | LR: 0.099846
2026-02-11 05:11:22 KST | INFO |   Train Loss: 0.7791 | Test Loss: 0.0034 | Test Acc: 69.79%
2026-02-11 05:11:22 KST | INFO |   No improvement (1/30)
2026-02-11 05:11:22 KST | INFO | 
2026-02-11 05:11:22 KST | INFO | Epoch 7/200 | LR: 0.099778
2026-02-11 05:13:30 KST | INFO |   Train Loss: 0.7278 | Test Loss: 0.0027 | Test Acc: 76.89%
2026-02-11 05:13:30 KST | INFO |   🏆 New best accuracy: 76.89%
2026-02-11 05:13:30 KST | INFO | 
2026-02-11 05:13:30 KST | INFO | Epoch 8/200 | LR: 0.099698
2026-02-11 05:15:38 KST | INFO |   Train Loss: 0.6776 | Test Loss: 0.0025 | Test Acc: 77.86%
2026-02-11 05:15:38 KST | INFO |   🏆 New best accuracy: 77.86%
2026-02-11 05:15:38 KST | INFO | 
2026-02-11 05:15:38 KST | INFO | Epoch 9/200 | LR: 0.099606
2026-02-11 05:17:48 KST | INFO |   Train Loss: 0.6525 | Test Loss: 0.0023 | Test Acc: 80.31%
2026-02-11 05:17:48 KST | INFO |   🏆 New best accuracy: 80.31%
2026-02-11 05:17:48 KST | INFO | 
2026-02-11 05:17:48 KST | INFO | Epoch 10/200 | LR: 0.099501
2026-02-11 05:19:56 KST | INFO |   Train Loss: 0.6220 | Test Loss: 0.0023 | Test Acc: 79.34%
2026-02-11 05:19:56 KST | INFO |   No improvement (1/30)
2026-02-11 05:19:56 KST | INFO | 
2026-02-11 05:19:56 KST | INFO | Epoch 11/200 | LR: 0.099384
2026-02-11 05:22:04 KST | INFO |   Train Loss: 0.6012 | Test Loss: 0.0024 | Test Acc: 79.51%
2026-02-11 05:22:04 KST | INFO |   No improvement (2/30)
2026-02-11 05:22:04 KST | INFO | 
2026-02-11 05:22:04 KST | INFO | Epoch 12/200 | LR: 0.099255
2026-02-11 05:24:14 KST | INFO |   Train Loss: 0.5837 | Test Loss: 0.0021 | Test Acc: 82.12%
2026-02-11 05:24:14 KST | INFO |   🏆 New best accuracy: 82.12%
2026-02-11 05:24:14 KST | INFO | 
2026-02-11 05:24:14 KST | INFO | Epoch 13/200 | LR: 0.099114
2026-02-11 05:26:26 KST | INFO |   Train Loss: 0.5639 | Test Loss: 0.0023 | Test Acc: 80.82%
2026-02-11 05:26:26 KST | INFO |   No improvement (1/30)
2026-02-11 05:26:26 KST | INFO | 
2026-02-11 05:26:26 KST | INFO | Epoch 14/200 | LR: 0.098961
2026-02-11 05:28:35 KST | INFO |   Train Loss: 0.5532 | Test Loss: 0.0021 | Test Acc: 81.94%
2026-02-11 05:28:35 KST | INFO |   No improvement (2/30)
2026-02-11 05:28:35 KST | INFO | 
2026-02-11 05:28:35 KST | INFO | Epoch 15/200 | LR: 0.098796
2026-02-11 05:30:45 KST | INFO |   Train Loss: 0.5357 | Test Loss: 0.0020 | Test Acc: 83.23%
2026-02-11 05:30:45 KST | INFO |   🏆 New best accuracy: 83.23%
2026-02-11 05:30:45 KST | INFO | 
2026-02-11 05:30:45 KST | INFO | Epoch 16/200 | LR: 0.098619
2026-02-11 05:32:54 KST | INFO |   Train Loss: 0.5254 | Test Loss: 0.0020 | Test Acc: 82.67%
2026-02-11 05:32:54 KST | INFO |   No improvement (1/30)
2026-02-11 05:32:54 KST | INFO | 
2026-02-11 05:32:54 KST | INFO | Epoch 17/200 | LR: 0.098429
2026-02-11 05:35:01 KST | INFO |   Train Loss: 0.5128 | Test Loss: 0.0023 | Test Acc: 80.63%
2026-02-11 05:35:01 KST | INFO |   No improvement (2/30)
2026-02-11 05:35:01 KST | INFO | 
2026-02-11 05:35:01 KST | INFO | Epoch 18/200 | LR: 0.098228
2026-02-11 05:37:09 KST | INFO |   Train Loss: 0.5011 | Test Loss: 0.0022 | Test Acc: 80.97%
2026-02-11 05:37:09 KST | INFO |   No improvement (3/30)
2026-02-11 05:37:09 KST | INFO | 
2026-02-11 05:37:09 KST | INFO | Epoch 19/200 | LR: 0.098015
2026-02-11 05:39:20 KST | INFO |   Train Loss: 0.4962 | Test Loss: 0.0019 | Test Acc: 83.83%
2026-02-11 05:39:20 KST | INFO |   🏆 New best accuracy: 83.83%
2026-02-11 05:39:20 KST | INFO | 
2026-02-11 05:39:20 KST | INFO | Epoch 20/200 | LR: 0.097790
2026-02-11 05:41:32 KST | INFO |   Train Loss: 0.4818 | Test Loss: 0.0021 | Test Acc: 81.97%
2026-02-11 05:41:32 KST | INFO |   No improvement (1/30)
2026-02-11 05:41:32 KST | INFO | 
2026-02-11 05:41:32 KST | INFO | Epoch 21/200 | LR: 0.097553
2026-02-11 05:43:42 KST | INFO |   Train Loss: 0.4759 | Test Loss: 0.0021 | Test Acc: 82.77%
2026-02-11 05:43:42 KST | INFO |   No improvement (2/30)
2026-02-11 05:43:42 KST | INFO | 
2026-02-11 05:43:42 KST | INFO | Epoch 22/200 | LR: 0.097304
2026-02-11 05:45:53 KST | INFO |   Train Loss: 0.4689 | Test Loss: 0.0019 | Test Acc: 84.16%
2026-02-11 05:45:53 KST | INFO |   🏆 New best accuracy: 84.16%
2026-02-11 05:45:53 KST | INFO | 
2026-02-11 05:45:53 KST | INFO | Epoch 23/200 | LR: 0.097044
2026-02-11 05:48:04 KST | INFO |   Train Loss: 0.4637 | Test Loss: 0.0021 | Test Acc: 82.63%
2026-02-11 05:48:04 KST | INFO |   No improvement (1/30)
2026-02-11 05:48:04 KST | INFO | 
2026-02-11 05:48:04 KST | INFO | Epoch 24/200 | LR: 0.096772
2026-02-11 05:50:16 KST | INFO |   Train Loss: 0.4539 | Test Loss: 0.0021 | Test Acc: 81.92%
2026-02-11 05:50:16 KST | INFO |   No improvement (2/30)
2026-02-11 05:50:16 KST | INFO | 
2026-02-11 05:50:16 KST | INFO | Epoch 25/200 | LR: 0.096489
2026-02-11 05:52:27 KST | INFO |   Train Loss: 0.4513 | Test Loss: 0.0018 | Test Acc: 84.62%
2026-02-11 05:52:27 KST | INFO |   🏆 New best accuracy: 84.62%
2026-02-11 05:52:27 KST | INFO | 
2026-02-11 05:52:27 KST | INFO | Epoch 26/200 | LR: 0.096194
2026-02-11 05:54:39 KST | INFO |   Train Loss: 0.4457 | Test Loss: 0.0018 | Test Acc: 84.97%
2026-02-11 05:54:39 KST | INFO |   🏆 New best accuracy: 84.97%
2026-02-11 05:54:39 KST | INFO | 
2026-02-11 05:54:39 KST | INFO | Epoch 27/200 | LR: 0.095888
2026-02-11 05:56:49 KST | INFO |   Train Loss: 0.4395 | Test Loss: 0.0019 | Test Acc: 84.51%
2026-02-11 05:56:49 KST | INFO |   No improvement (1/30)
2026-02-11 05:56:49 KST | INFO | 
2026-02-11 05:56:49 KST | INFO | Epoch 28/200 | LR: 0.095570
2026-02-11 05:58:59 KST | INFO |   Train Loss: 0.4314 | Test Loss: 0.0017 | Test Acc: 85.20%
2026-02-11 05:58:59 KST | INFO |   🏆 New best accuracy: 85.20%
2026-02-11 05:58:59 KST | INFO | 
2026-02-11 05:58:59 KST | INFO | Epoch 29/200 | LR: 0.095241
2026-02-11 06:01:10 KST | INFO |   Train Loss: 0.4323 | Test Loss: 0.0018 | Test Acc: 85.00%
2026-02-11 06:01:10 KST | INFO |   No improvement (1/30)
2026-02-11 06:01:10 KST | INFO | 
2026-02-11 06:01:10 KST | INFO | Epoch 30/200 | LR: 0.094901
2026-02-11 06:03:21 KST | INFO |   Train Loss: 0.4238 | Test Loss: 0.0018 | Test Acc: 84.70%
2026-02-11 06:03:21 KST | INFO |   No improvement (2/30)
2026-02-11 06:03:21 KST | INFO | 
2026-02-11 06:03:21 KST | INFO | Epoch 31/200 | LR: 0.094550
2026-02-11 06:05:31 KST | INFO |   Train Loss: 0.4183 | Test Loss: 0.0019 | Test Acc: 83.61%
2026-02-11 06:05:31 KST | INFO |   No improvement (3/30)
2026-02-11 06:05:31 KST | INFO | 
2026-02-11 06:05:31 KST | INFO | Epoch 32/200 | LR: 0.094188
2026-02-11 06:07:41 KST | INFO |   Train Loss: 0.4162 | Test Loss: 0.0019 | Test Acc: 83.10%
2026-02-11 06:07:41 KST | INFO |   No improvement (4/30)
2026-02-11 06:07:41 KST | INFO | 
2026-02-11 06:07:41 KST | INFO | Epoch 33/200 | LR: 0.093815
2026-02-11 06:09:49 KST | INFO |   Train Loss: 0.4127 | Test Loss: 0.0017 | Test Acc: 85.32%
2026-02-11 06:09:49 KST | INFO |   🏆 New best accuracy: 85.32%
2026-02-11 06:09:49 KST | INFO | 
2026-02-11 06:09:49 KST | INFO | Epoch 34/200 | LR: 0.093432
2026-02-11 06:11:58 KST | INFO |   Train Loss: 0.4107 | Test Loss: 0.0020 | Test Acc: 83.50%
2026-02-11 06:11:58 KST | INFO |   No improvement (1/30)
2026-02-11 06:11:58 KST | INFO | 
2026-02-11 06:11:58 KST | INFO | Epoch 35/200 | LR: 0.093037
2026-02-11 06:14:10 KST | INFO |   Train Loss: 0.4068 | Test Loss: 0.0017 | Test Acc: 85.72%
2026-02-11 06:14:10 KST | INFO |   🏆 New best accuracy: 85.72%
2026-02-11 06:14:10 KST | INFO | 
2026-02-11 06:14:10 KST | INFO | Epoch 36/200 | LR: 0.092632
2026-02-11 06:16:19 KST | INFO |   Train Loss: 0.4023 | Test Loss: 0.0019 | Test Acc: 83.99%
2026-02-11 06:16:19 KST | INFO |   No improvement (1/30)
2026-02-11 06:16:19 KST | INFO | 
2026-02-11 06:16:19 KST | INFO | Epoch 37/200 | LR: 0.092216
2026-02-11 06:18:30 KST | INFO |   Train Loss: 0.3950 | Test Loss: 0.0017 | Test Acc: 85.67%
2026-02-11 06:18:30 KST | INFO |   No improvement (2/30)
2026-02-11 06:18:30 KST | INFO | 
2026-02-11 06:18:30 KST | INFO | Epoch 38/200 | LR: 0.091790
2026-02-11 06:20:39 KST | INFO |   Train Loss: 0.4011 | Test Loss: 0.0017 | Test Acc: 85.61%
2026-02-11 06:20:39 KST | INFO |   No improvement (3/30)
2026-02-11 06:20:39 KST | INFO | 
2026-02-11 06:20:39 KST | INFO | Epoch 39/200 | LR: 0.091354
2026-02-11 06:22:50 KST | INFO |   Train Loss: 0.3925 | Test Loss: 0.0020 | Test Acc: 83.01%
2026-02-11 06:22:50 KST | INFO |   No improvement (4/30)
2026-02-11 06:22:50 KST | INFO | 
2026-02-11 06:22:50 KST | INFO | Epoch 40/200 | LR: 0.090908
2026-02-11 06:25:01 KST | INFO |   Train Loss: 0.3951 | Test Loss: 0.0016 | Test Acc: 86.60%
2026-02-11 06:25:01 KST | INFO |   🏆 New best accuracy: 86.60%
2026-02-11 06:25:01 KST | INFO | 
2026-02-11 06:25:01 KST | INFO | Epoch 41/200 | LR: 0.090451
2026-02-11 06:27:10 KST | INFO |   Train Loss: 0.3864 | Test Loss: 0.0017 | Test Acc: 85.91%
2026-02-11 06:27:10 KST | INFO |   No improvement (1/30)
2026-02-11 06:27:10 KST | INFO | 
2026-02-11 06:27:10 KST | INFO | Epoch 42/200 | LR: 0.089984
2026-02-11 06:29:19 KST | INFO |   Train Loss: 0.3842 | Test Loss: 0.0018 | Test Acc: 84.28%
2026-02-11 06:29:19 KST | INFO |   No improvement (2/30)
2026-02-11 06:29:19 KST | INFO | 
2026-02-11 06:29:19 KST | INFO | Epoch 43/200 | LR: 0.089508
2026-02-11 06:31:29 KST | INFO |   Train Loss: 0.3856 | Test Loss: 0.0017 | Test Acc: 85.92%
2026-02-11 06:31:29 KST | INFO |   No improvement (3/30)
2026-02-11 06:31:29 KST | INFO | 
2026-02-11 06:31:29 KST | INFO | Epoch 44/200 | LR: 0.089022
2026-02-11 06:33:39 KST | INFO |   Train Loss: 0.3769 | Test Loss: 0.0019 | Test Acc: 83.82%
2026-02-11 06:33:39 KST | INFO |   No improvement (4/30)
2026-02-11 06:33:39 KST | INFO | 
2026-02-11 06:33:39 KST | INFO | Epoch 45/200 | LR: 0.088526
2026-02-11 06:35:49 KST | INFO |   Train Loss: 0.3746 | Test Loss: 0.0018 | Test Acc: 84.42%
2026-02-11 06:35:49 KST | INFO |   No improvement (5/30)
2026-02-11 06:35:49 KST | INFO | 
2026-02-11 06:35:49 KST | INFO | Epoch 46/200 | LR: 0.088020
2026-02-11 06:38:00 KST | INFO |   Train Loss: 0.3753 | Test Loss: 0.0017 | Test Acc: 85.31%
2026-02-11 06:38:00 KST | INFO |   No improvement (6/30)
2026-02-11 06:38:00 KST | INFO | 
2026-02-11 06:38:00 KST | INFO | Epoch 47/200 | LR: 0.087506
2026-02-11 06:40:10 KST | INFO |   Train Loss: 0.3726 | Test Loss: 0.0019 | Test Acc: 84.17%
2026-02-11 06:40:10 KST | INFO |   No improvement (7/30)
2026-02-11 06:40:10 KST | INFO | 
2026-02-11 06:40:10 KST | INFO | Epoch 48/200 | LR: 0.086982
2026-02-11 06:42:20 KST | INFO |   Train Loss: 0.3688 | Test Loss: 0.0017 | Test Acc: 85.41%
2026-02-11 06:42:20 KST | INFO |   No improvement (8/30)
2026-02-11 06:42:20 KST | INFO | 
2026-02-11 06:42:20 KST | INFO | Epoch 49/200 | LR: 0.086449
2026-02-11 06:44:31 KST | INFO |   Train Loss: 0.3643 | Test Loss: 0.0018 | Test Acc: 84.26%
2026-02-11 06:44:31 KST | INFO |   No improvement (9/30)
2026-02-11 06:44:31 KST | INFO | 
2026-02-11 06:44:31 KST | INFO | Epoch 50/200 | LR: 0.085906
2026-02-11 06:46:41 KST | INFO |   Train Loss: 0.3626 | Test Loss: 0.0019 | Test Acc: 84.37%
2026-02-11 06:46:41 KST | INFO |   No improvement (10/30)
2026-02-11 06:46:41 KST | INFO | 
2026-02-11 06:46:41 KST | INFO | Epoch 51/200 | LR: 0.085355
2026-02-11 06:48:51 KST | INFO |   Train Loss: 0.3651 | Test Loss: 0.0019 | Test Acc: 84.42%
2026-02-11 06:48:51 KST | INFO |   No improvement (11/30)
2026-02-11 06:48:51 KST | INFO | 
2026-02-11 06:48:51 KST | INFO | Epoch 52/200 | LR: 0.084796
2026-02-11 06:51:02 KST | INFO |   Train Loss: 0.3630 | Test Loss: 0.0021 | Test Acc: 82.60%
2026-02-11 06:51:02 KST | INFO |   No improvement (12/30)
2026-02-11 06:51:02 KST | INFO | 
2026-02-11 06:51:02 KST | INFO | Epoch 53/200 | LR: 0.084228
2026-02-11 06:53:12 KST | INFO |   Train Loss: 0.3555 | Test Loss: 0.0016 | Test Acc: 86.02%
2026-02-11 06:53:12 KST | INFO |   No improvement (13/30)
2026-02-11 06:53:12 KST | INFO | 
2026-02-11 06:53:12 KST | INFO | Epoch 54/200 | LR: 0.083651
2026-02-11 06:55:24 KST | INFO |   Train Loss: 0.3540 | Test Loss: 0.0016 | Test Acc: 86.82%
2026-02-11 06:55:24 KST | INFO |   🏆 New best accuracy: 86.82%
2026-02-11 06:55:24 KST | INFO | 
2026-02-11 06:55:24 KST | INFO | Epoch 55/200 | LR: 0.083066
2026-02-11 06:57:34 KST | INFO |   Train Loss: 0.3532 | Test Loss: 0.0018 | Test Acc: 85.14%
2026-02-11 06:57:34 KST | INFO |   No improvement (1/30)
2026-02-11 06:57:34 KST | INFO | 
2026-02-11 06:57:34 KST | INFO | Epoch 56/200 | LR: 0.082473
2026-02-11 06:59:46 KST | INFO |   Train Loss: 0.3499 | Test Loss: 0.0016 | Test Acc: 86.54%
2026-02-11 06:59:46 KST | INFO |   No improvement (2/30)
2026-02-11 06:59:46 KST | INFO | 
2026-02-11 06:59:46 KST | INFO | Epoch 57/200 | LR: 0.081871
2026-02-11 07:01:57 KST | INFO |   Train Loss: 0.3479 | Test Loss: 0.0019 | Test Acc: 84.04%
2026-02-11 07:01:57 KST | INFO |   No improvement (3/30)
2026-02-11 07:01:57 KST | INFO | 
2026-02-11 07:01:57 KST | INFO | Epoch 58/200 | LR: 0.081262
2026-02-11 07:04:09 KST | INFO |   Train Loss: 0.3493 | Test Loss: 0.0016 | Test Acc: 86.48%
2026-02-11 07:04:09 KST | INFO |   No improvement (4/30)
2026-02-11 07:04:09 KST | INFO | 
2026-02-11 07:04:09 KST | INFO | Epoch 59/200 | LR: 0.080646
2026-02-11 07:06:21 KST | INFO |   Train Loss: 0.3433 | Test Loss: 0.0018 | Test Acc: 85.43%
2026-02-11 07:06:21 KST | INFO |   No improvement (5/30)
2026-02-11 07:06:21 KST | INFO | 
2026-02-11 07:06:21 KST | INFO | Epoch 60/200 | LR: 0.080021
2026-02-11 07:08:33 KST | INFO |   Train Loss: 0.3399 | Test Loss: 0.0019 | Test Acc: 84.19%
2026-02-11 07:08:33 KST | INFO |   No improvement (6/30)
2026-02-11 07:08:33 KST | INFO | 
2026-02-11 07:08:33 KST | INFO | Epoch 61/200 | LR: 0.079389
2026-02-11 07:10:45 KST | INFO |   Train Loss: 0.3403 | Test Loss: 0.0015 | Test Acc: 87.04%
2026-02-11 07:10:45 KST | INFO |   🏆 New best accuracy: 87.04%
2026-02-11 07:10:45 KST | INFO | 
2026-02-11 07:10:45 KST | INFO | Epoch 62/200 | LR: 0.078750
2026-02-11 07:12:55 KST | INFO |   Train Loss: 0.3397 | Test Loss: 0.0019 | Test Acc: 84.96%
2026-02-11 07:12:55 KST | INFO |   No improvement (1/30)
2026-02-11 07:12:55 KST | INFO | 
2026-02-11 07:12:55 KST | INFO | Epoch 63/200 | LR: 0.078104
2026-02-11 07:15:08 KST | INFO |   Train Loss: 0.3366 | Test Loss: 0.0015 | Test Acc: 86.63%
2026-02-11 07:15:08 KST | INFO |   No improvement (2/30)
2026-02-11 07:15:08 KST | INFO | 
2026-02-11 07:15:08 KST | INFO | Epoch 64/200 | LR: 0.077451
2026-02-11 07:17:18 KST | INFO |   Train Loss: 0.3314 | Test Loss: 0.0015 | Test Acc: 87.91%
2026-02-11 07:17:18 KST | INFO |   🏆 New best accuracy: 87.91%
2026-02-11 07:17:18 KST | INFO | 
2026-02-11 07:17:18 KST | INFO | Epoch 65/200 | LR: 0.076792
2026-02-11 07:19:29 KST | INFO |   Train Loss: 0.3275 | Test Loss: 0.0018 | Test Acc: 85.64%
2026-02-11 07:19:29 KST | INFO |   No improvement (1/30)
2026-02-11 07:19:29 KST | INFO | 
2026-02-11 07:19:29 KST | INFO | Epoch 66/200 | LR: 0.076125
2026-02-11 07:21:40 KST | INFO |   Train Loss: 0.3257 | Test Loss: 0.0016 | Test Acc: 86.03%
2026-02-11 07:21:40 KST | INFO |   No improvement (2/30)
2026-02-11 07:21:40 KST | INFO | 
2026-02-11 07:21:40 KST | INFO | Epoch 67/200 | LR: 0.075452
2026-02-11 07:23:50 KST | INFO |   Train Loss: 0.3246 | Test Loss: 0.0018 | Test Acc: 84.80%
2026-02-11 07:23:50 KST | INFO |   No improvement (3/30)
2026-02-11 07:23:50 KST | INFO | 
2026-02-11 07:23:50 KST | INFO | Epoch 68/200 | LR: 0.074773
2026-02-11 07:26:01 KST | INFO |   Train Loss: 0.3236 | Test Loss: 0.0016 | Test Acc: 86.09%
2026-02-11 07:26:01 KST | INFO |   No improvement (4/30)
2026-02-11 07:26:01 KST | INFO | 
2026-02-11 07:26:01 KST | INFO | Epoch 69/200 | LR: 0.074088
2026-02-11 07:28:12 KST | INFO |   Train Loss: 0.3198 | Test Loss: 0.0016 | Test Acc: 86.86%
2026-02-11 07:28:12 KST | INFO |   No improvement (5/30)
2026-02-11 07:28:12 KST | INFO | 
2026-02-11 07:28:12 KST | INFO | Epoch 70/200 | LR: 0.073397
2026-02-11 07:30:24 KST | INFO |   Train Loss: 0.3215 | Test Loss: 0.0020 | Test Acc: 84.01%
2026-02-11 07:30:24 KST | INFO |   No improvement (6/30)
2026-02-11 07:30:24 KST | INFO | 
2026-02-11 07:30:24 KST | INFO | Epoch 71/200 | LR: 0.072700
2026-02-11 07:32:34 KST | INFO |   Train Loss: 0.3177 | Test Loss: 0.0016 | Test Acc: 86.50%
2026-02-11 07:32:34 KST | INFO |   No improvement (7/30)
2026-02-11 07:32:34 KST | INFO | 
2026-02-11 07:32:34 KST | INFO | Epoch 72/200 | LR: 0.071997
2026-02-11 07:34:44 KST | INFO |   Train Loss: 0.3149 | Test Loss: 0.0015 | Test Acc: 87.20%
2026-02-11 07:34:44 KST | INFO |   No improvement (8/30)
2026-02-11 07:34:44 KST | INFO | 
2026-02-11 07:34:44 KST | INFO | Epoch 73/200 | LR: 0.071289
2026-02-11 07:36:56 KST | INFO |   Train Loss: 0.3112 | Test Loss: 0.0015 | Test Acc: 87.61%
2026-02-11 07:36:56 KST | INFO |   No improvement (9/30)
2026-02-11 07:36:56 KST | INFO | 
2026-02-11 07:36:56 KST | INFO | Epoch 74/200 | LR: 0.070576
2026-02-11 07:39:08 KST | INFO |   Train Loss: 0.3085 | Test Loss: 0.0015 | Test Acc: 87.52%
2026-02-11 07:39:08 KST | INFO |   No improvement (10/30)
2026-02-11 07:39:08 KST | INFO | 
2026-02-11 07:39:08 KST | INFO | Epoch 75/200 | LR: 0.069858
2026-02-11 07:41:20 KST | INFO |   Train Loss: 0.3079 | Test Loss: 0.0016 | Test Acc: 86.71%
2026-02-11 07:41:20 KST | INFO |   No improvement (11/30)
2026-02-11 07:41:20 KST | INFO | 
2026-02-11 07:41:20 KST | INFO | Epoch 76/200 | LR: 0.069134
2026-02-11 07:43:33 KST | INFO |   Train Loss: 0.3069 | Test Loss: 0.0017 | Test Acc: 85.71%
2026-02-11 07:43:33 KST | INFO |   No improvement (12/30)
2026-02-11 07:43:33 KST | INFO | 
2026-02-11 07:43:33 KST | INFO | Epoch 77/200 | LR: 0.068407
2026-02-11 07:45:45 KST | INFO |   Train Loss: 0.3017 | Test Loss: 0.0015 | Test Acc: 87.44%
2026-02-11 07:45:45 KST | INFO |   No improvement (13/30)
2026-02-11 07:45:45 KST | INFO | 
2026-02-11 07:45:45 KST | INFO | Epoch 78/200 | LR: 0.067674
2026-02-11 07:47:58 KST | INFO |   Train Loss: 0.3053 | Test Loss: 0.0016 | Test Acc: 86.47%
2026-02-11 07:47:58 KST | INFO |   No improvement (14/30)
2026-02-11 07:47:58 KST | INFO | 
2026-02-11 07:47:58 KST | INFO | Epoch 79/200 | LR: 0.066937
2026-02-11 07:50:11 KST | INFO |   Train Loss: 0.3008 | Test Loss: 0.0017 | Test Acc: 85.67%
2026-02-11 07:50:11 KST | INFO |   No improvement (15/30)
2026-02-11 07:50:11 KST | INFO | 
2026-02-11 07:50:11 KST | INFO | Epoch 80/200 | LR: 0.066196
2026-02-11 07:52:24 KST | INFO |   Train Loss: 0.2933 | Test Loss: 0.0018 | Test Acc: 85.48%
2026-02-11 07:52:24 KST | INFO |   No improvement (16/30)
2026-02-11 07:52:24 KST | INFO | 
2026-02-11 07:52:24 KST | INFO | Epoch 81/200 | LR: 0.065451
2026-02-11 07:54:38 KST | INFO |   Train Loss: 0.2951 | Test Loss: 0.0019 | Test Acc: 84.58%
2026-02-11 07:54:38 KST | INFO |   No improvement (17/30)
2026-02-11 07:54:38 KST | INFO | 
2026-02-11 07:54:38 KST | INFO | Epoch 82/200 | LR: 0.064702
2026-02-11 07:56:53 KST | INFO |   Train Loss: 0.2926 | Test Loss: 0.0016 | Test Acc: 86.80%
2026-02-11 07:56:53 KST | INFO |   No improvement (18/30)
2026-02-11 07:56:53 KST | INFO | 
2026-02-11 07:56:53 KST | INFO | Epoch 83/200 | LR: 0.063950
2026-02-11 07:59:05 KST | INFO |   Train Loss: 0.2915 | Test Loss: 0.0015 | Test Acc: 86.72%
2026-02-11 07:59:05 KST | INFO |   No improvement (19/30)
2026-02-11 07:59:05 KST | INFO | 
2026-02-11 07:59:05 KST | INFO | Epoch 84/200 | LR: 0.063194
2026-02-11 08:01:17 KST | INFO |   Train Loss: 0.2861 | Test Loss: 0.0015 | Test Acc: 87.52%
2026-02-11 08:01:17 KST | INFO |   No improvement (20/30)
2026-02-11 08:01:17 KST | INFO | 
2026-02-11 08:01:17 KST | INFO | Epoch 85/200 | LR: 0.062435
2026-02-11 08:03:30 KST | INFO |   Train Loss: 0.2872 | Test Loss: 0.0016 | Test Acc: 86.91%
2026-02-11 08:03:30 KST | INFO |   No improvement (21/30)
2026-02-11 08:03:30 KST | INFO | 
2026-02-11 08:03:30 KST | INFO | Epoch 86/200 | LR: 0.061673
2026-02-11 08:05:43 KST | INFO |   Train Loss: 0.2856 | Test Loss: 0.0015 | Test Acc: 88.14%
2026-02-11 08:05:43 KST | INFO |   🏆 New best accuracy: 88.14%
2026-02-11 08:05:43 KST | INFO | 
2026-02-11 08:05:43 KST | INFO | Epoch 87/200 | LR: 0.060908
2026-02-11 08:07:54 KST | INFO |   Train Loss: 0.2831 | Test Loss: 0.0017 | Test Acc: 86.47%
2026-02-11 08:07:54 KST | INFO |   No improvement (1/30)
2026-02-11 08:07:54 KST | INFO | 
2026-02-11 08:07:54 KST | INFO | Epoch 88/200 | LR: 0.060140
2026-02-11 08:10:05 KST | INFO |   Train Loss: 0.2810 | Test Loss: 0.0015 | Test Acc: 87.76%
2026-02-11 08:10:05 KST | INFO |   No improvement (2/30)
2026-02-11 08:10:05 KST | INFO | 
2026-02-11 08:10:05 KST | INFO | Epoch 89/200 | LR: 0.059369
2026-02-11 08:12:16 KST | INFO |   Train Loss: 0.2787 | Test Loss: 0.0015 | Test Acc: 87.39%
2026-02-11 08:12:16 KST | INFO |   No improvement (3/30)
2026-02-11 08:12:16 KST | INFO | 
2026-02-11 08:12:16 KST | INFO | Epoch 90/200 | LR: 0.058597
2026-02-11 08:14:27 KST | INFO |   Train Loss: 0.2722 | Test Loss: 0.0017 | Test Acc: 86.62%
2026-02-11 08:14:27 KST | INFO |   No improvement (4/30)
2026-02-11 08:14:27 KST | INFO | 
2026-02-11 08:14:27 KST | INFO | Epoch 91/200 | LR: 0.057822
2026-02-11 08:16:39 KST | INFO |   Train Loss: 0.2743 | Test Loss: 0.0015 | Test Acc: 87.14%
2026-02-11 08:16:39 KST | INFO |   No improvement (5/30)
2026-02-11 08:16:39 KST | INFO | 
2026-02-11 08:16:39 KST | INFO | Epoch 92/200 | LR: 0.057045
2026-02-11 08:18:49 KST | INFO |   Train Loss: 0.2731 | Test Loss: 0.0014 | Test Acc: 88.29%
2026-02-11 08:18:49 KST | INFO |   🏆 New best accuracy: 88.29%
2026-02-11 08:18:49 KST | INFO | 
2026-02-11 08:18:49 KST | INFO | Epoch 93/200 | LR: 0.056267
2026-02-11 08:21:01 KST | INFO |   Train Loss: 0.2675 | Test Loss: 0.0017 | Test Acc: 86.69%
2026-02-11 08:21:01 KST | INFO |   No improvement (1/30)
2026-02-11 08:21:01 KST | INFO | 
2026-02-11 08:21:01 KST | INFO | Epoch 94/200 | LR: 0.055487
2026-02-11 08:23:11 KST | INFO |   Train Loss: 0.2693 | Test Loss: 0.0015 | Test Acc: 87.13%
2026-02-11 08:23:11 KST | INFO |   No improvement (2/30)
2026-02-11 08:23:11 KST | INFO | 
2026-02-11 08:23:11 KST | INFO | Epoch 95/200 | LR: 0.054706
2026-02-11 08:25:22 KST | INFO |   Train Loss: 0.2637 | Test Loss: 0.0014 | Test Acc: 88.00%
2026-02-11 08:25:22 KST | INFO |   No improvement (3/30)
2026-02-11 08:25:22 KST | INFO | 
2026-02-11 08:25:22 KST | INFO | Epoch 96/200 | LR: 0.053923
2026-02-11 08:27:33 KST | INFO |   Train Loss: 0.2600 | Test Loss: 0.0017 | Test Acc: 86.32%
2026-02-11 08:27:33 KST | INFO |   No improvement (4/30)
2026-02-11 08:27:33 KST | INFO | 
2026-02-11 08:27:33 KST | INFO | Epoch 97/200 | LR: 0.053140
2026-02-11 08:29:42 KST | INFO |   Train Loss: 0.2599 | Test Loss: 0.0015 | Test Acc: 87.50%
2026-02-11 08:29:42 KST | INFO |   No improvement (5/30)
2026-02-11 08:29:42 KST | INFO | 
2026-02-11 08:29:42 KST | INFO | Epoch 98/200 | LR: 0.052356
2026-02-11 08:31:55 KST | INFO |   Train Loss: 0.2532 | Test Loss: 0.0013 | Test Acc: 88.74%
2026-02-11 08:31:55 KST | INFO |   🏆 New best accuracy: 88.74%
2026-02-11 08:31:55 KST | INFO | 
2026-02-11 08:31:55 KST | INFO | Epoch 99/200 | LR: 0.051571
2026-02-11 08:34:07 KST | INFO |   Train Loss: 0.2541 | Test Loss: 0.0014 | Test Acc: 88.13%
2026-02-11 08:34:07 KST | INFO |   No improvement (1/30)
2026-02-11 08:34:07 KST | INFO | 
2026-02-11 08:34:07 KST | INFO | Epoch 100/200 | LR: 0.050786
2026-02-11 08:36:19 KST | INFO |   Train Loss: 0.2519 | Test Loss: 0.0014 | Test Acc: 87.80%
2026-02-11 08:36:19 KST | INFO |   No improvement (2/30)
2026-02-11 08:36:19 KST | INFO | 
2026-02-11 08:36:19 KST | INFO | Epoch 101/200 | LR: 0.050001
2026-02-11 08:38:30 KST | INFO |   Train Loss: 0.2507 | Test Loss: 0.0015 | Test Acc: 87.27%
2026-02-11 08:38:30 KST | INFO |   No improvement (3/30)
2026-02-11 08:38:30 KST | INFO | 
2026-02-11 08:38:30 KST | INFO | Epoch 102/200 | LR: 0.049215
2026-02-11 08:40:42 KST | INFO |   Train Loss: 0.2434 | Test Loss: 0.0016 | Test Acc: 87.23%
2026-02-11 08:40:42 KST | INFO |   No improvement (4/30)
2026-02-11 08:40:42 KST | INFO | 
2026-02-11 08:40:42 KST | INFO | Epoch 103/200 | LR: 0.048430
2026-02-11 08:42:53 KST | INFO |   Train Loss: 0.2488 | Test Loss: 0.0014 | Test Acc: 88.29%
2026-02-11 08:42:53 KST | INFO |   No improvement (5/30)
2026-02-11 08:42:53 KST | INFO | 
2026-02-11 08:42:53 KST | INFO | Epoch 104/200 | LR: 0.047645
2026-02-11 08:45:04 KST | INFO |   Train Loss: 0.2422 | Test Loss: 0.0014 | Test Acc: 88.52%
2026-02-11 08:45:04 KST | INFO |   No improvement (6/30)
2026-02-11 08:45:04 KST | INFO | 
2026-02-11 08:45:04 KST | INFO | Epoch 105/200 | LR: 0.046861
2026-02-11 08:47:15 KST | INFO |   Train Loss: 0.2397 | Test Loss: 0.0015 | Test Acc: 87.66%
2026-02-11 08:47:15 KST | INFO |   No improvement (7/30)
2026-02-11 08:47:15 KST | INFO | 
2026-02-11 08:47:15 KST | INFO | Epoch 106/200 | LR: 0.046078
2026-02-11 08:49:27 KST | INFO |   Train Loss: 0.2340 | Test Loss: 0.0015 | Test Acc: 87.01%
2026-02-11 08:49:27 KST | INFO |   No improvement (8/30)
2026-02-11 08:49:27 KST | INFO | 
2026-02-11 08:49:27 KST | INFO | Epoch 107/200 | LR: 0.045295
2026-02-11 08:51:39 KST | INFO |   Train Loss: 0.2378 | Test Loss: 0.0015 | Test Acc: 87.21%
2026-02-11 08:51:39 KST | INFO |   No improvement (9/30)
2026-02-11 08:51:39 KST | INFO | 
2026-02-11 08:51:39 KST | INFO | Epoch 108/200 | LR: 0.044514
2026-02-11 08:53:50 KST | INFO |   Train Loss: 0.2326 | Test Loss: 0.0015 | Test Acc: 87.38%
2026-02-11 08:53:50 KST | INFO |   No improvement (10/30)
2026-02-11 08:53:50 KST | INFO | 
2026-02-11 08:53:50 KST | INFO | Epoch 109/200 | LR: 0.043734
2026-02-11 08:56:00 KST | INFO |   Train Loss: 0.2295 | Test Loss: 0.0014 | Test Acc: 87.91%
2026-02-11 08:56:00 KST | INFO |   No improvement (11/30)
2026-02-11 08:56:00 KST | INFO | 
2026-02-11 08:56:00 KST | INFO | Epoch 110/200 | LR: 0.042956
2026-02-11 08:58:11 KST | INFO |   Train Loss: 0.2309 | Test Loss: 0.0014 | Test Acc: 88.59%
2026-02-11 08:58:11 KST | INFO |   No improvement (12/30)
2026-02-11 08:58:11 KST | INFO | 
2026-02-11 08:58:11 KST | INFO | Epoch 111/200 | LR: 0.042179
2026-02-11 09:00:22 KST | INFO |   Train Loss: 0.2279 | Test Loss: 0.0014 | Test Acc: 88.63%
2026-02-11 09:00:22 KST | INFO |   No improvement (13/30)
2026-02-11 09:00:22 KST | INFO | 
2026-02-11 09:00:22 KST | INFO | Epoch 112/200 | LR: 0.041404
2026-02-11 09:02:31 KST | INFO |   Train Loss: 0.2227 | Test Loss: 0.0014 | Test Acc: 89.13%
2026-02-11 09:02:31 KST | INFO |   🏆 New best accuracy: 89.13%
2026-02-11 09:02:31 KST | INFO | 
2026-02-11 09:02:31 KST | INFO | Epoch 113/200 | LR: 0.040632
2026-02-11 09:04:44 KST | INFO |   Train Loss: 0.2172 | Test Loss: 0.0014 | Test Acc: 88.36%
2026-02-11 09:04:44 KST | INFO |   No improvement (1/30)
2026-02-11 09:04:44 KST | INFO | 
2026-02-11 09:04:44 KST | INFO | Epoch 114/200 | LR: 0.039861
2026-02-11 09:06:57 KST | INFO |   Train Loss: 0.2196 | Test Loss: 0.0016 | Test Acc: 87.53%
2026-02-11 09:06:57 KST | INFO |   No improvement (2/30)
2026-02-11 09:06:57 KST | INFO | 
2026-02-11 09:06:57 KST | INFO | Epoch 115/200 | LR: 0.039093
2026-02-11 09:09:09 KST | INFO |   Train Loss: 0.2170 | Test Loss: 0.0014 | Test Acc: 88.63%
2026-02-11 09:09:09 KST | INFO |   No improvement (3/30)
2026-02-11 09:09:09 KST | INFO | 
2026-02-11 09:09:09 KST | INFO | Epoch 116/200 | LR: 0.038328
2026-02-11 09:11:21 KST | INFO |   Train Loss: 0.2114 | Test Loss: 0.0015 | Test Acc: 87.64%
2026-02-11 09:11:21 KST | INFO |   No improvement (4/30)
2026-02-11 09:11:21 KST | INFO | 
2026-02-11 09:11:21 KST | INFO | Epoch 117/200 | LR: 0.037566
2026-02-11 09:13:33 KST | INFO |   Train Loss: 0.2123 | Test Loss: 0.0013 | Test Acc: 88.99%
2026-02-11 09:13:33 KST | INFO |   No improvement (5/30)
2026-02-11 09:13:33 KST | INFO | 
2026-02-11 09:13:33 KST | INFO | Epoch 118/200 | LR: 0.036807
2026-02-11 09:15:44 KST | INFO |   Train Loss: 0.2091 | Test Loss: 0.0013 | Test Acc: 88.97%
2026-02-11 09:15:44 KST | INFO |   No improvement (6/30)
2026-02-11 09:15:44 KST | INFO | 
2026-02-11 09:15:44 KST | INFO | Epoch 119/200 | LR: 0.036051
2026-02-11 09:17:55 KST | INFO |   Train Loss: 0.2099 | Test Loss: 0.0017 | Test Acc: 86.69%
2026-02-11 09:17:55 KST | INFO |   No improvement (7/30)
2026-02-11 09:17:55 KST | INFO | 
2026-02-11 09:17:55 KST | INFO | Epoch 120/200 | LR: 0.035299
2026-02-11 09:20:06 KST | INFO |   Train Loss: 0.2019 | Test Loss: 0.0014 | Test Acc: 88.34%
2026-02-11 09:20:06 KST | INFO |   No improvement (8/30)
2026-02-11 09:20:06 KST | INFO | 
2026-02-11 09:20:06 KST | INFO | Epoch 121/200 | LR: 0.034550
2026-02-11 09:22:17 KST | INFO |   Train Loss: 0.2040 | Test Loss: 0.0014 | Test Acc: 88.42%
2026-02-11 09:22:17 KST | INFO |   No improvement (9/30)
2026-02-11 09:22:17 KST | INFO | 
2026-02-11 09:22:17 KST | INFO | Epoch 122/200 | LR: 0.033805
2026-02-11 09:24:25 KST | INFO |   Train Loss: 0.1967 | Test Loss: 0.0015 | Test Acc: 87.94%
2026-02-11 09:24:25 KST | INFO |   No improvement (10/30)
2026-02-11 09:24:25 KST | INFO | 
2026-02-11 09:24:25 KST | INFO | Epoch 123/200 | LR: 0.033064
2026-02-11 09:26:31 KST | INFO |   Train Loss: 0.1955 | Test Loss: 0.0017 | Test Acc: 86.83%
2026-02-11 09:26:31 KST | INFO |   No improvement (11/30)
2026-02-11 09:26:31 KST | INFO | 
2026-02-11 09:26:31 KST | INFO | Epoch 124/200 | LR: 0.032327
2026-02-11 09:28:36 KST | INFO |   Train Loss: 0.1926 | Test Loss: 0.0015 | Test Acc: 87.74%
2026-02-11 09:28:36 KST | INFO |   No improvement (12/30)
2026-02-11 09:28:36 KST | INFO | 
2026-02-11 09:28:36 KST | INFO | Epoch 125/200 | LR: 0.031594
2026-02-11 09:30:40 KST | INFO |   Train Loss: 0.1906 | Test Loss: 0.0015 | Test Acc: 88.40%
2026-02-11 09:30:40 KST | INFO |   No improvement (13/30)
2026-02-11 09:30:40 KST | INFO | 
2026-02-11 09:30:40 KST | INFO | Epoch 126/200 | LR: 0.030867
2026-02-11 09:32:45 KST | INFO |   Train Loss: 0.1910 | Test Loss: 0.0014 | Test Acc: 88.53%
2026-02-11 09:32:45 KST | INFO |   No improvement (14/30)
2026-02-11 09:32:45 KST | INFO | 
2026-02-11 09:32:45 KST | INFO | Epoch 127/200 | LR: 0.030143
2026-02-11 09:34:49 KST | INFO |   Train Loss: 0.1844 | Test Loss: 0.0014 | Test Acc: 88.76%
2026-02-11 09:34:49 KST | INFO |   No improvement (15/30)
2026-02-11 09:34:49 KST | INFO | 
2026-02-11 09:34:49 KST | INFO | Epoch 128/200 | LR: 0.029425
2026-02-11 09:36:56 KST | INFO |   Train Loss: 0.1819 | Test Loss: 0.0014 | Test Acc: 88.93%
2026-02-11 09:36:56 KST | INFO |   No improvement (16/30)
2026-02-11 09:36:56 KST | INFO | 
2026-02-11 09:36:56 KST | INFO | Epoch 129/200 | LR: 0.028712
2026-02-11 09:39:02 KST | INFO |   Train Loss: 0.1766 | Test Loss: 0.0015 | Test Acc: 88.63%
2026-02-11 09:39:02 KST | INFO |   No improvement (17/30)
2026-02-11 09:39:02 KST | INFO | 
2026-02-11 09:39:02 KST | INFO | Epoch 130/200 | LR: 0.028004
2026-02-11 09:41:09 KST | INFO |   Train Loss: 0.1778 | Test Loss: 0.0014 | Test Acc: 88.31%
2026-02-11 09:41:09 KST | INFO |   No improvement (18/30)
2026-02-11 09:41:09 KST | INFO | 
2026-02-11 09:41:09 KST | INFO | Epoch 131/200 | LR: 0.027301
2026-02-11 09:43:16 KST | INFO |   Train Loss: 0.1749 | Test Loss: 0.0014 | Test Acc: 88.93%
2026-02-11 09:43:16 KST | INFO |   No improvement (19/30)
2026-02-11 09:43:16 KST | INFO | 
2026-02-11 09:43:16 KST | INFO | Epoch 132/200 | LR: 0.026604
2026-02-11 09:45:23 KST | INFO |   Train Loss: 0.1733 | Test Loss: 0.0014 | Test Acc: 88.92%
2026-02-11 09:45:23 KST | INFO |   No improvement (20/30)
2026-02-11 09:45:23 KST | INFO | 
2026-02-11 09:45:23 KST | INFO | Epoch 133/200 | LR: 0.025913
2026-02-11 09:47:30 KST | INFO |   Train Loss: 0.1677 | Test Loss: 0.0015 | Test Acc: 88.18%
2026-02-11 09:47:30 KST | INFO |   No improvement (21/30)
2026-02-11 09:47:30 KST | INFO | 
2026-02-11 09:47:30 KST | INFO | Epoch 134/200 | LR: 0.025228
2026-02-11 09:49:36 KST | INFO |   Train Loss: 0.1655 | Test Loss: 0.0013 | Test Acc: 89.31%
2026-02-11 09:49:36 KST | INFO |   🏆 New best accuracy: 89.31%
2026-02-11 09:49:36 KST | INFO | 
2026-02-11 09:49:36 KST | INFO | Epoch 135/200 | LR: 0.024549
2026-02-11 09:51:42 KST | INFO |   Train Loss: 0.1672 | Test Loss: 0.0014 | Test Acc: 89.28%
2026-02-11 09:51:42 KST | INFO |   No improvement (1/30)
2026-02-11 09:51:42 KST | INFO | 
2026-02-11 09:51:42 KST | INFO | Epoch 136/200 | LR: 0.023876
2026-02-11 09:53:49 KST | INFO |   Train Loss: 0.1619 | Test Loss: 0.0014 | Test Acc: 88.77%
2026-02-11 09:53:49 KST | INFO |   No improvement (2/30)
2026-02-11 09:53:49 KST | INFO | 
2026-02-11 09:53:49 KST | INFO | Epoch 137/200 | LR: 0.023209
2026-02-11 09:55:57 KST | INFO |   Train Loss: 0.1569 | Test Loss: 0.0014 | Test Acc: 89.07%
2026-02-11 09:55:57 KST | INFO |   No improvement (3/30)
2026-02-11 09:55:57 KST | INFO | 
2026-02-11 09:55:57 KST | INFO | Epoch 138/200 | LR: 0.022550
2026-02-11 09:58:02 KST | INFO |   Train Loss: 0.1542 | Test Loss: 0.0014 | Test Acc: 88.99%
2026-02-11 09:58:02 KST | INFO |   No improvement (4/30)
2026-02-11 09:58:02 KST | INFO | 
2026-02-11 09:58:02 KST | INFO | Epoch 139/200 | LR: 0.021897
2026-02-11 10:00:06 KST | INFO |   Train Loss: 0.1530 | Test Loss: 0.0016 | Test Acc: 87.89%
2026-02-11 10:00:06 KST | INFO |   No improvement (5/30)
2026-02-11 10:00:06 KST | INFO | 
2026-02-11 10:00:06 KST | INFO | Epoch 140/200 | LR: 0.021251
2026-02-11 10:02:12 KST | INFO |   Train Loss: 0.1492 | Test Loss: 0.0014 | Test Acc: 88.74%
2026-02-11 10:02:12 KST | INFO |   No improvement (6/30)
2026-02-11 10:02:12 KST | INFO | 
2026-02-11 10:02:12 KST | INFO | Epoch 141/200 | LR: 0.020612
2026-02-11 10:04:18 KST | INFO |   Train Loss: 0.1465 | Test Loss: 0.0014 | Test Acc: 88.76%
2026-02-11 10:04:18 KST | INFO |   No improvement (7/30)
2026-02-11 10:04:18 KST | INFO | 
2026-02-11 10:04:18 KST | INFO | Epoch 142/200 | LR: 0.019980
2026-02-11 10:06:24 KST | INFO |   Train Loss: 0.1489 | Test Loss: 0.0015 | Test Acc: 88.60%
2026-02-11 10:06:24 KST | INFO |   No improvement (8/30)
2026-02-11 10:06:24 KST | INFO | 
2026-02-11 10:06:24 KST | INFO | Epoch 143/200 | LR: 0.019355
2026-02-11 10:08:30 KST | INFO |   Train Loss: 0.1431 | Test Loss: 0.0015 | Test Acc: 88.23%
2026-02-11 10:08:30 KST | INFO |   No improvement (9/30)
2026-02-11 10:08:30 KST | INFO | 
2026-02-11 10:08:30 KST | INFO | Epoch 144/200 | LR: 0.018739
2026-02-11 10:10:36 KST | INFO |   Train Loss: 0.1372 | Test Loss: 0.0013 | Test Acc: 89.38%
2026-02-11 10:10:36 KST | INFO |   🏆 New best accuracy: 89.38%
2026-02-11 10:10:36 KST | INFO | 
2026-02-11 10:10:36 KST | INFO | Epoch 145/200 | LR: 0.018130
2026-02-11 10:12:43 KST | INFO |   Train Loss: 0.1367 | Test Loss: 0.0014 | Test Acc: 89.30%
2026-02-11 10:12:43 KST | INFO |   No improvement (1/30)
2026-02-11 10:12:43 KST | INFO | 
2026-02-11 10:12:43 KST | INFO | Epoch 146/200 | LR: 0.017528
2026-02-11 10:14:50 KST | INFO |   Train Loss: 0.1356 | Test Loss: 0.0015 | Test Acc: 88.34%
2026-02-11 10:14:50 KST | INFO |   No improvement (2/30)
2026-02-11 10:14:50 KST | INFO | 
2026-02-11 10:14:50 KST | INFO | Epoch 147/200 | LR: 0.016935
2026-02-11 10:16:57 KST | INFO |   Train Loss: 0.1333 | Test Loss: 0.0013 | Test Acc: 89.57%
2026-02-11 10:16:57 KST | INFO |   🏆 New best accuracy: 89.57%
2026-02-11 10:16:57 KST | INFO | 
2026-02-11 10:16:57 KST | INFO | Epoch 148/200 | LR: 0.016350
2026-02-11 10:19:05 KST | INFO |   Train Loss: 0.1268 | Test Loss: 0.0013 | Test Acc: 89.36%
2026-02-11 10:19:05 KST | INFO |   No improvement (1/30)
2026-02-11 10:19:05 KST | INFO | 
2026-02-11 10:19:05 KST | INFO | Epoch 149/200 | LR: 0.015773
2026-02-11 10:21:12 KST | INFO |   Train Loss: 0.1243 | Test Loss: 0.0014 | Test Acc: 89.24%
2026-02-11 10:21:12 KST | INFO |   No improvement (2/30)
2026-02-11 10:21:12 KST | INFO | 
2026-02-11 10:21:12 KST | INFO | Epoch 150/200 | LR: 0.015205
2026-02-11 10:23:20 KST | INFO |   Train Loss: 0.1245 | Test Loss: 0.0013 | Test Acc: 89.30%
2026-02-11 10:23:20 KST | INFO |   No improvement (3/30)
2026-02-11 10:23:20 KST | INFO | 
2026-02-11 10:23:20 KST | INFO | Epoch 151/200 | LR: 0.014646
2026-02-11 10:25:29 KST | INFO |   Train Loss: 0.1196 | Test Loss: 0.0016 | Test Acc: 88.07%
2026-02-11 10:25:29 KST | INFO |   No improvement (4/30)
2026-02-11 10:25:29 KST | INFO | 
2026-02-11 10:25:29 KST | INFO | Epoch 152/200 | LR: 0.014095
2026-02-11 10:27:37 KST | INFO |   Train Loss: 0.1216 | Test Loss: 0.0014 | Test Acc: 89.26%
2026-02-11 10:27:37 KST | INFO |   No improvement (5/30)
2026-02-11 10:27:37 KST | INFO | 
2026-02-11 10:27:37 KST | INFO | Epoch 153/200 | LR: 0.013552
2026-02-11 10:29:44 KST | INFO |   Train Loss: 0.1173 | Test Loss: 0.0015 | Test Acc: 88.72%
2026-02-11 10:29:44 KST | INFO |   No improvement (6/30)
2026-02-11 10:29:44 KST | INFO | 
2026-02-11 10:29:44 KST | INFO | Epoch 154/200 | LR: 0.013019
2026-02-11 10:31:51 KST | INFO |   Train Loss: 0.1137 | Test Loss: 0.0014 | Test Acc: 89.10%
2026-02-11 10:31:51 KST | INFO |   No improvement (7/30)
2026-02-11 10:31:51 KST | INFO | 
2026-02-11 10:31:51 KST | INFO | Epoch 155/200 | LR: 0.012495
2026-02-11 10:33:58 KST | INFO |   Train Loss: 0.1114 | Test Loss: 0.0014 | Test Acc: 89.67%
2026-02-11 10:33:58 KST | INFO |   🏆 New best accuracy: 89.67%
2026-02-11 10:33:58 KST | INFO | 
2026-02-11 10:33:58 KST | INFO | Epoch 156/200 | LR: 0.011981
2026-02-11 10:36:05 KST | INFO |   Train Loss: 0.1098 | Test Loss: 0.0015 | Test Acc: 89.23%
2026-02-11 10:36:05 KST | INFO |   No improvement (1/30)
2026-02-11 10:36:05 KST | INFO | 
2026-02-11 10:36:05 KST | INFO | Epoch 157/200 | LR: 0.011475
2026-02-11 10:38:14 KST | INFO |   Train Loss: 0.1078 | Test Loss: 0.0014 | Test Acc: 89.62%
2026-02-11 10:38:14 KST | INFO |   No improvement (2/30)
2026-02-11 10:38:14 KST | INFO | 
2026-02-11 10:38:14 KST | INFO | Epoch 158/200 | LR: 0.010979
2026-02-11 10:40:20 KST | INFO |   Train Loss: 0.1067 | Test Loss: 0.0015 | Test Acc: 89.00%
2026-02-11 10:40:20 KST | INFO |   No improvement (3/30)
2026-02-11 10:40:20 KST | INFO | 
2026-02-11 10:40:20 KST | INFO | Epoch 159/200 | LR: 0.010493
2026-02-11 10:42:24 KST | INFO |   Train Loss: 0.1025 | Test Loss: 0.0014 | Test Acc: 89.37%
2026-02-11 10:42:24 KST | INFO |   No improvement (4/30)
2026-02-11 10:42:24 KST | INFO | 
2026-02-11 10:42:24 KST | INFO | Epoch 160/200 | LR: 0.010017
2026-02-11 10:44:31 KST | INFO |   Train Loss: 0.0993 | Test Loss: 0.0014 | Test Acc: 89.69%
2026-02-11 10:44:31 KST | INFO |   🏆 New best accuracy: 89.69%
2026-02-11 10:44:31 KST | INFO | 
2026-02-11 10:44:31 KST | INFO | Epoch 161/200 | LR: 0.009550
2026-02-11 10:46:38 KST | INFO |   Train Loss: 0.0970 | Test Loss: 0.0014 | Test Acc: 89.87%
2026-02-11 10:46:38 KST | INFO |   🏆 New best accuracy: 89.87%
2026-02-11 10:46:38 KST | INFO | 
2026-02-11 10:46:38 KST | INFO | Epoch 162/200 | LR: 0.009093
2026-02-11 10:48:46 KST | INFO |   Train Loss: 0.0954 | Test Loss: 0.0014 | Test Acc: 89.56%
2026-02-11 10:48:46 KST | INFO |   No improvement (1/30)
2026-02-11 10:48:46 KST | INFO | 
2026-02-11 10:48:46 KST | INFO | Epoch 163/200 | LR: 0.008647
2026-02-11 10:50:54 KST | INFO |   Train Loss: 0.0915 | Test Loss: 0.0014 | Test Acc: 89.63%
2026-02-11 10:50:54 KST | INFO |   No improvement (2/30)
2026-02-11 10:50:54 KST | INFO | 
2026-02-11 10:50:54 KST | INFO | Epoch 164/200 | LR: 0.008211
2026-02-11 10:53:00 KST | INFO |   Train Loss: 0.0921 | Test Loss: 0.0014 | Test Acc: 89.31%
2026-02-11 10:53:00 KST | INFO |   No improvement (3/30)
2026-02-11 10:53:00 KST | INFO | 
2026-02-11 10:53:00 KST | INFO | Epoch 165/200 | LR: 0.007785
2026-02-11 10:55:05 KST | INFO |   Train Loss: 0.0903 | Test Loss: 0.0013 | Test Acc: 89.57%
2026-02-11 10:55:05 KST | INFO |   No improvement (4/30)
2026-02-11 10:55:05 KST | INFO | 
2026-02-11 10:55:05 KST | INFO | Epoch 166/200 | LR: 0.007369
2026-02-11 10:57:11 KST | INFO |   Train Loss: 0.0844 | Test Loss: 0.0015 | Test Acc: 89.06%
2026-02-11 10:57:11 KST | INFO |   No improvement (5/30)
2026-02-11 10:57:11 KST | INFO | 
2026-02-11 10:57:11 KST | INFO | Epoch 167/200 | LR: 0.006964
2026-02-11 10:59:18 KST | INFO |   Train Loss: 0.0849 | Test Loss: 0.0014 | Test Acc: 89.33%
2026-02-11 10:59:18 KST | INFO |   No improvement (6/30)
2026-02-11 10:59:18 KST | INFO | 
2026-02-11 10:59:18 KST | INFO | Epoch 168/200 | LR: 0.006569
2026-02-11 11:01:25 KST | INFO |   Train Loss: 0.0846 | Test Loss: 0.0014 | Test Acc: 89.84%
2026-02-11 11:01:25 KST | INFO |   No improvement (7/30)
2026-02-11 11:01:25 KST | INFO | 
2026-02-11 11:01:25 KST | INFO | Epoch 169/200 | LR: 0.006186
2026-02-11 11:03:32 KST | INFO |   Train Loss: 0.0820 | Test Loss: 0.0014 | Test Acc: 89.40%
2026-02-11 11:03:32 KST | INFO |   No improvement (8/30)
2026-02-11 11:03:32 KST | INFO | 
2026-02-11 11:03:32 KST | INFO | Epoch 170/200 | LR: 0.005813
2026-02-11 11:05:38 KST | INFO |   Train Loss: 0.0777 | Test Loss: 0.0014 | Test Acc: 89.91%
2026-02-11 11:05:38 KST | INFO |   🏆 New best accuracy: 89.91%
2026-02-11 11:05:38 KST | INFO | 
2026-02-11 11:05:38 KST | INFO | Epoch 171/200 | LR: 0.005451
2026-02-11 11:07:43 KST | INFO |   Train Loss: 0.0773 | Test Loss: 0.0014 | Test Acc: 89.59%
2026-02-11 11:07:43 KST | INFO |   No improvement (1/30)
2026-02-11 11:07:43 KST | INFO | 
2026-02-11 11:07:43 KST | INFO | Epoch 172/200 | LR: 0.005100
2026-02-11 11:09:50 KST | INFO |   Train Loss: 0.0757 | Test Loss: 0.0014 | Test Acc: 90.02%
2026-02-11 11:09:50 KST | INFO |   🏆 New best accuracy: 90.02%
2026-02-11 11:09:50 KST | INFO | 
2026-02-11 11:09:50 KST | INFO | Epoch 173/200 | LR: 0.004760
2026-02-11 11:11:57 KST | INFO |   Train Loss: 0.0743 | Test Loss: 0.0014 | Test Acc: 89.78%
2026-02-11 11:11:57 KST | INFO |   No improvement (1/30)
2026-02-11 11:11:57 KST | INFO | 
2026-02-11 11:11:57 KST | INFO | Epoch 174/200 | LR: 0.004431
2026-02-11 11:14:03 KST | INFO |   Train Loss: 0.0738 | Test Loss: 0.0014 | Test Acc: 89.79%
2026-02-11 11:14:03 KST | INFO |   No improvement (2/30)
2026-02-11 11:14:03 KST | INFO | 
2026-02-11 11:14:03 KST | INFO | Epoch 175/200 | LR: 0.004113
2026-02-11 11:16:11 KST | INFO |   Train Loss: 0.0712 | Test Loss: 0.0014 | Test Acc: 89.62%
2026-02-11 11:16:11 KST | INFO |   No improvement (3/30)
2026-02-11 11:16:11 KST | INFO | 
2026-02-11 11:16:11 KST | INFO | Epoch 176/200 | LR: 0.003807
2026-02-11 11:18:18 KST | INFO |   Train Loss: 0.0701 | Test Loss: 0.0014 | Test Acc: 90.27%
2026-02-11 11:18:18 KST | INFO |   🏆 New best accuracy: 90.27%
2026-02-11 11:18:18 KST | INFO | 
2026-02-11 11:18:18 KST | INFO | Epoch 177/200 | LR: 0.003512
2026-02-11 11:20:26 KST | INFO |   Train Loss: 0.0671 | Test Loss: 0.0014 | Test Acc: 89.83%
2026-02-11 11:20:26 KST | INFO |   No improvement (1/30)
2026-02-11 11:20:26 KST | INFO | 
2026-02-11 11:20:26 KST | INFO | Epoch 178/200 | LR: 0.003229
2026-02-11 11:22:34 KST | INFO |   Train Loss: 0.0675 | Test Loss: 0.0014 | Test Acc: 89.89%
2026-02-11 11:22:34 KST | INFO |   No improvement (2/30)
2026-02-11 11:22:34 KST | INFO | 
2026-02-11 11:22:34 KST | INFO | Epoch 179/200 | LR: 0.002957
2026-02-11 11:24:40 KST | INFO |   Train Loss: 0.0650 | Test Loss: 0.0014 | Test Acc: 90.00%
2026-02-11 11:24:40 KST | INFO |   No improvement (3/30)
2026-02-11 11:24:40 KST | INFO | 
2026-02-11 11:24:40 KST | INFO | Epoch 180/200 | LR: 0.002697
2026-02-11 11:26:47 KST | INFO |   Train Loss: 0.0658 | Test Loss: 0.0014 | Test Acc: 90.00%
2026-02-11 11:26:47 KST | INFO |   No improvement (4/30)
2026-02-11 11:26:47 KST | INFO | 
2026-02-11 11:26:47 KST | INFO | Epoch 181/200 | LR: 0.002448
2026-02-11 11:28:55 KST | INFO |   Train Loss: 0.0636 | Test Loss: 0.0014 | Test Acc: 90.02%
2026-02-11 11:28:55 KST | INFO |   No improvement (5/30)
2026-02-11 11:28:55 KST | INFO | 
2026-02-11 11:28:55 KST | INFO | Epoch 182/200 | LR: 0.002211
2026-02-11 11:31:02 KST | INFO |   Train Loss: 0.0607 | Test Loss: 0.0014 | Test Acc: 89.98%
2026-02-11 11:31:02 KST | INFO |   No improvement (6/30)
2026-02-11 11:31:02 KST | INFO | 
2026-02-11 11:31:02 KST | INFO | Epoch 183/200 | LR: 0.001986
2026-02-11 11:33:09 KST | INFO |   Train Loss: 0.0608 | Test Loss: 0.0014 | Test Acc: 89.88%
2026-02-11 11:33:09 KST | INFO |   No improvement (7/30)
2026-02-11 11:33:09 KST | INFO | 
2026-02-11 11:33:09 KST | INFO | Epoch 184/200 | LR: 0.001773
2026-02-11 11:35:16 KST | INFO |   Train Loss: 0.0604 | Test Loss: 0.0014 | Test Acc: 90.01%
2026-02-11 11:35:16 KST | INFO |   No improvement (8/30)
2026-02-11 11:35:16 KST | INFO | 
2026-02-11 11:35:16 KST | INFO | Epoch 185/200 | LR: 0.001572
2026-02-11 11:37:21 KST | INFO |   Train Loss: 0.0580 | Test Loss: 0.0014 | Test Acc: 90.03%
2026-02-11 11:37:21 KST | INFO |   No improvement (9/30)
2026-02-11 11:37:21 KST | INFO | 
2026-02-11 11:37:21 KST | INFO | Epoch 186/200 | LR: 0.001382
2026-02-11 11:39:26 KST | INFO |   Train Loss: 0.0588 | Test Loss: 0.0013 | Test Acc: 90.10%
2026-02-11 11:39:26 KST | INFO |   No improvement (10/30)
2026-02-11 11:39:26 KST | INFO | 
2026-02-11 11:39:26 KST | INFO | Epoch 187/200 | LR: 0.001205
2026-02-11 11:41:31 KST | INFO |   Train Loss: 0.0584 | Test Loss: 0.0014 | Test Acc: 90.10%
2026-02-11 11:41:31 KST | INFO |   No improvement (11/30)
2026-02-11 11:41:31 KST | INFO | 
2026-02-11 11:41:31 KST | INFO | Epoch 188/200 | LR: 0.001040
2026-02-11 11:43:40 KST | INFO |   Train Loss: 0.0568 | Test Loss: 0.0013 | Test Acc: 90.07%
2026-02-11 11:43:40 KST | INFO |   No improvement (12/30)
2026-02-11 11:43:40 KST | INFO | 
2026-02-11 11:43:40 KST | INFO | Epoch 189/200 | LR: 0.000887
2026-02-11 11:45:44 KST | INFO |   Train Loss: 0.0547 | Test Loss: 0.0014 | Test Acc: 90.23%
2026-02-11 11:45:44 KST | INFO |   No improvement (13/30)
2026-02-11 11:45:44 KST | INFO | 
2026-02-11 11:45:44 KST | INFO | Epoch 190/200 | LR: 0.000746
2026-02-11 11:47:51 KST | INFO |   Train Loss: 0.0551 | Test Loss: 0.0014 | Test Acc: 90.12%
2026-02-11 11:47:51 KST | INFO |   No improvement (14/30)
2026-02-11 11:47:51 KST | INFO | 
2026-02-11 11:47:51 KST | INFO | Epoch 191/200 | LR: 0.000617
2026-02-11 11:49:59 KST | INFO |   Train Loss: 0.0541 | Test Loss: 0.0014 | Test Acc: 90.14%
2026-02-11 11:49:59 KST | INFO |   No improvement (15/30)
2026-02-11 11:49:59 KST | INFO | 
2026-02-11 11:49:59 KST | INFO | Epoch 192/200 | LR: 0.000500
2026-02-11 11:52:07 KST | INFO |   Train Loss: 0.0534 | Test Loss: 0.0014 | Test Acc: 90.17%
2026-02-11 11:52:07 KST | INFO |   No improvement (16/30)
2026-02-11 11:52:07 KST | INFO | 
2026-02-11 11:52:07 KST | INFO | Epoch 193/200 | LR: 0.000395
2026-02-11 11:54:14 KST | INFO |   Train Loss: 0.0542 | Test Loss: 0.0014 | Test Acc: 90.13%
2026-02-11 11:54:14 KST | INFO |   No improvement (17/30)
2026-02-11 11:54:14 KST | INFO | 
2026-02-11 11:54:14 KST | INFO | Epoch 194/200 | LR: 0.000303
2026-02-11 11:56:20 KST | INFO |   Train Loss: 0.0544 | Test Loss: 0.0014 | Test Acc: 90.21%
2026-02-11 11:56:20 KST | INFO |   No improvement (18/30)
2026-02-11 11:56:20 KST | INFO | 
2026-02-11 11:56:20 KST | INFO | Epoch 195/200 | LR: 0.000223
2026-02-11 11:58:28 KST | INFO |   Train Loss: 0.0537 | Test Loss: 0.0014 | Test Acc: 90.31%
2026-02-11 11:58:28 KST | INFO |   🏆 New best accuracy: 90.31%
2026-02-11 11:58:28 KST | INFO | 
2026-02-11 11:58:28 KST | INFO | Epoch 196/200 | LR: 0.000155
2026-02-11 12:00:36 KST | INFO |   Train Loss: 0.0531 | Test Loss: 0.0014 | Test Acc: 90.10%
2026-02-11 12:00:36 KST | INFO |   No improvement (1/30)
2026-02-11 12:00:36 KST | INFO | 
2026-02-11 12:00:36 KST | INFO | Epoch 197/200 | LR: 0.000100
2026-02-11 12:02:45 KST | INFO |   Train Loss: 0.0532 | Test Loss: 0.0014 | Test Acc: 90.21%
2026-02-11 12:02:45 KST | INFO |   No improvement (2/30)
2026-02-11 12:02:45 KST | INFO | 
2026-02-11 12:02:45 KST | INFO | Epoch 198/200 | LR: 0.000057
2026-02-11 12:04:52 KST | INFO |   Train Loss: 0.0526 | Test Loss: 0.0014 | Test Acc: 90.09%
2026-02-11 12:04:52 KST | INFO |   No improvement (3/30)
2026-02-11 12:04:52 KST | INFO | 
2026-02-11 12:04:52 KST | INFO | Epoch 199/200 | LR: 0.000026
2026-02-11 12:07:00 KST | INFO |   Train Loss: 0.0526 | Test Loss: 0.0014 | Test Acc: 90.08%
2026-02-11 12:07:00 KST | INFO |   No improvement (4/30)
2026-02-11 12:07:00 KST | INFO | 
2026-02-11 12:07:00 KST | INFO | Epoch 200/200 | LR: 0.000007
2026-02-11 12:09:08 KST | INFO |   Train Loss: 0.0523 | Test Loss: 0.0014 | Test Acc: 90.11%
2026-02-11 12:09:08 KST | INFO |   No improvement (5/30)
2026-02-11 12:09:08 KST | INFO | 
2026-02-11 12:09:08 KST | INFO | ================================================================================
2026-02-11 12:09:08 KST | INFO | TRAINING COMPLETE
2026-02-11 12:09:08 KST | INFO | ================================================================================
2026-02-11 12:09:08 KST | INFO | Best accuracy:  90.31% (Epoch 195)
2026-02-11 12:09:08 KST | INFO | Final accuracy: 90.11%
2026-02-11 12:09:08 KST | INFO | ================================================================================
2026-02-11 12:09:08 KST | INFO | 
2026-02-11 12:09:08 KST | INFO | Notifying nodes of completion...
2026-02-11 12:09:09 KST | INFO | ✓ Nodes notified
2026-02-11 12:09:09 KST | INFO | 
2026-02-11 12:09:09 KST | INFO | Closing connections...
2026-02-11 12:09:09 KST | INFO | ✓ Cleanup complete
2026-02-11 12:09:09 KST | INFO | 
2026-02-11 12:09:09 KST | INFO | Full log: logs/TL++_base_20260211_045751.log
2026-02-11 12:09:09 KST | INFO | ================================================================================
