2026-02-06 06:04:02 KST | INFO | ================================================================================
2026-02-06 06:04:02 KST | INFO | TL++ Orchestrator
2026-02-06 06:04:02 KST | INFO | ================================================================================
2026-02-06 06:04:02 KST | INFO | Log file: logs/TL++_base_20260206_060402.log
2026-02-06 06:04:02 KST | INFO | 
2026-02-06 06:04:02 KST | INFO | --------------------------------------------------------------------------------
2026-02-06 06:04:02 KST | INFO | CONFIGURATION
2026-02-06 06:04:02 KST | INFO | --------------------------------------------------------------------------------
2026-02-06 06:04:02 KST | INFO | Secure mode:      False
2026-02-06 06:04:02 KST | INFO | Nodes:            7
2026-02-06 06:04:02 KST | INFO | Cut layer:        2
2026-02-06 06:04:02 KST | INFO | Batch size:       128
2026-02-06 06:04:02 KST | INFO | Learning rate:    0.1
2026-02-06 06:04:02 KST | INFO | 
2026-02-06 06:04:03 KST | INFO | Computation device: cuda
2026-02-06 06:04:03 KST | INFO | Secure mode: DISABLED
2026-02-06 06:04:03 KST | INFO | 
2026-02-06 06:04:03 KST | INFO | --------------------------------------------------------------------------------
2026-02-06 06:04:03 KST | INFO | NETWORK SETUP
2026-02-06 06:04:03 KST | INFO | --------------------------------------------------------------------------------
2026-02-06 06:04:03 KST | INFO | ✓ Orchestrator listening on 127.0.0.1:8080
2026-02-06 06:04:03 KST | INFO | Waiting for 7 node(s)...
2026-02-06 06:04:06 KST | INFO |   ✓ Node 1/7 connected
2026-02-06 06:04:07 KST | INFO |   ✓ Node 2/7 connected
2026-02-06 06:04:08 KST | INFO |   ✓ Node 3/7 connected
2026-02-06 06:04:09 KST | INFO |   ✓ Node 4/7 connected
2026-02-06 06:04:10 KST | INFO |   ✓ Node 5/7 connected
2026-02-06 06:04:11 KST | INFO |   ✓ Node 6/7 connected
2026-02-06 06:04:11 KST | INFO |   ✓ Node 7/7 connected
2026-02-06 06:04:11 KST | INFO | ✓ All 7 node(s) connected
2026-02-06 06:04:11 KST | INFO | 
2026-02-06 06:04:11 KST | INFO | --------------------------------------------------------------------------------
2026-02-06 06:04:11 KST | INFO | MODEL INITIALIZATION
2026-02-06 06:04:11 KST | INFO | --------------------------------------------------------------------------------
2026-02-06 06:04:11 KST | INFO | Node-side parameters: 260,160
2026-02-06 06:04:11 KST | INFO | 
2026-02-06 06:04:11 KST | INFO | --------------------------------------------------------------------------------
2026-02-06 06:04:11 KST | INFO | BROADCASTING CONFIGURATION
2026-02-06 06:04:11 KST | INFO | --------------------------------------------------------------------------------
2026-02-06 06:04:12 KST | INFO | ✓ Configuration broadcast to all nodes
2026-02-06 06:04:13 KST | INFO | 
2026-02-06 06:04:13 KST | INFO | Total parameters:     3,246,663
2026-02-06 06:04:13 KST | INFO | Trainable parameters: 3,246,663
2026-02-06 06:04:13 KST | INFO | 
2026-02-06 06:04:13 KST | INFO | --------------------------------------------------------------------------------
2026-02-06 06:04:13 KST | INFO | DATA LOADING
2026-02-06 06:04:13 KST | INFO | --------------------------------------------------------------------------------
2026-02-06 06:04:39 KST | INFO | ✓ Dataset information collected:
2026-02-06 06:04:39 KST | INFO |     Node 1: 5,000 samples
2026-02-06 06:04:39 KST | INFO |     Node 2: 5,000 samples
2026-02-06 06:04:39 KST | INFO |     Node 3: 5,000 samples
2026-02-06 06:04:39 KST | INFO |     Node 4: 5,000 samples
2026-02-06 06:04:39 KST | INFO |     Node 5: 5,000 samples
2026-02-06 06:04:39 KST | INFO |     Node 6: 5,000 samples
2026-02-06 06:04:39 KST | INFO |     Node 7: 5,000 samples
2026-02-06 06:04:39 KST | INFO |   Total training samples: 35,000
2026-02-06 06:04:39 KST | INFO | 
2026-02-06 06:04:42 KST | INFO | ✓ Test dataset loaded: 7,000 samples
2026-02-06 06:04:42 KST | INFO | 
2026-02-06 06:04:42 KST | INFO | ✓ Batch scheduler: 274 batches/epoch
2026-02-06 06:04:42 KST | INFO | 
2026-02-06 06:04:42 KST | INFO | --------------------------------------------------------------------------------
2026-02-06 06:04:42 KST | INFO | OPTIMIZATION SETUP
2026-02-06 06:04:42 KST | INFO | --------------------------------------------------------------------------------
2026-02-06 06:04:42 KST | INFO | ✓ Optimizer: SGD (lr=0.1, momentum=0.9)
2026-02-06 06:04:42 KST | INFO | ✓ Scheduler: cosine
2026-02-06 06:04:42 KST | INFO | ✓ Gradient clipping: 1.0
2026-02-06 06:04:42 KST | INFO | 
2026-02-06 06:04:42 KST | INFO | ================================================================================
2026-02-06 06:04:42 KST | INFO | Setup complete - Ready for training
2026-02-06 06:04:42 KST | INFO | ================================================================================
2026-02-06 06:04:42 KST | INFO | 
2026-02-06 06:04:42 KST | INFO | --------------------------------------------------------------------------------
2026-02-06 06:04:42 KST | INFO | TRAINING
2026-02-06 06:04:42 KST | INFO | --------------------------------------------------------------------------------
2026-02-06 06:04:42 KST | INFO | 
2026-02-06 06:04:42 KST | INFO | Epoch 1/200 | LR: 0.100000
2026-02-06 06:05:00 KST | INFO |   Train Loss: 1.4877 | Test Loss: 0.0047 | Test Acc: 55.13%
2026-02-06 06:05:00 KST | INFO |   🏆 New best accuracy: 55.13%
2026-02-06 06:05:00 KST | INFO | 
2026-02-06 06:05:00 KST | INFO | Epoch 2/200 | LR: 0.099994
2026-02-06 06:05:17 KST | INFO |   Train Loss: 1.1451 | Test Loss: 0.0036 | Test Acc: 65.00%
2026-02-06 06:05:17 KST | INFO |   🏆 New best accuracy: 65.00%
2026-02-06 06:05:17 KST | INFO | 
2026-02-06 06:05:17 KST | INFO | Epoch 3/200 | LR: 0.099975
2026-02-06 06:05:34 KST | INFO |   Train Loss: 0.9397 | Test Loss: 0.0033 | Test Acc: 69.64%
2026-02-06 06:05:34 KST | INFO |   🏆 New best accuracy: 69.64%
2026-02-06 06:05:34 KST | INFO | 
2026-02-06 06:05:34 KST | INFO | Epoch 4/200 | LR: 0.099944
2026-02-06 06:05:51 KST | INFO |   Train Loss: 0.8041 | Test Loss: 0.0035 | Test Acc: 69.00%
2026-02-06 06:05:51 KST | INFO |   No improvement (1/30)
2026-02-06 06:05:51 KST | INFO | 
2026-02-06 06:05:51 KST | INFO | Epoch 5/200 | LR: 0.099901
2026-02-06 06:06:08 KST | INFO |   Train Loss: 0.7224 | Test Loss: 0.0027 | Test Acc: 75.79%
2026-02-06 06:06:08 KST | INFO |   🏆 New best accuracy: 75.79%
2026-02-06 06:06:08 KST | INFO | 
2026-02-06 06:06:08 KST | INFO | Epoch 6/200 | LR: 0.099846
2026-02-06 06:06:25 KST | INFO |   Train Loss: 0.6642 | Test Loss: 0.0028 | Test Acc: 75.16%
2026-02-06 06:06:25 KST | INFO |   No improvement (1/30)
2026-02-06 06:06:25 KST | INFO | 
2026-02-06 06:06:25 KST | INFO | Epoch 7/200 | LR: 0.099778
2026-02-06 06:06:42 KST | INFO |   Train Loss: 0.6211 | Test Loss: 0.0022 | Test Acc: 80.07%
2026-02-06 06:06:42 KST | INFO |   🏆 New best accuracy: 80.07%
2026-02-06 06:06:42 KST | INFO | 
2026-02-06 06:06:42 KST | INFO | Epoch 8/200 | LR: 0.099698
2026-02-06 06:06:58 KST | INFO |   Train Loss: 0.5830 | Test Loss: 0.0023 | Test Acc: 80.49%
2026-02-06 06:06:58 KST | INFO |   🏆 New best accuracy: 80.49%
2026-02-06 06:06:58 KST | INFO | 
2026-02-06 06:06:58 KST | INFO | Epoch 9/200 | LR: 0.099606
2026-02-06 06:07:15 KST | INFO |   Train Loss: 0.5452 | Test Loss: 0.0022 | Test Acc: 81.61%
2026-02-06 06:07:15 KST | INFO |   🏆 New best accuracy: 81.61%
2026-02-06 06:07:15 KST | INFO | 
2026-02-06 06:07:15 KST | INFO | Epoch 10/200 | LR: 0.099501
2026-02-06 06:07:32 KST | INFO |   Train Loss: 0.5282 | Test Loss: 0.0023 | Test Acc: 79.84%
2026-02-06 06:07:32 KST | INFO |   No improvement (1/30)
2026-02-06 06:07:32 KST | INFO | 
2026-02-06 06:07:32 KST | INFO | Epoch 11/200 | LR: 0.099384
2026-02-06 06:07:49 KST | INFO |   Train Loss: 0.5069 | Test Loss: 0.0028 | Test Acc: 75.91%
2026-02-06 06:07:49 KST | INFO |   No improvement (2/30)
2026-02-06 06:07:49 KST | INFO | 
2026-02-06 06:07:49 KST | INFO | Epoch 12/200 | LR: 0.099255
2026-02-06 06:08:06 KST | INFO |   Train Loss: 0.4840 | Test Loss: 0.0019 | Test Acc: 83.36%
2026-02-06 06:08:06 KST | INFO |   🏆 New best accuracy: 83.36%
2026-02-06 06:08:06 KST | INFO | 
2026-02-06 06:08:06 KST | INFO | Epoch 13/200 | LR: 0.099114
2026-02-06 06:08:23 KST | INFO |   Train Loss: 0.4639 | Test Loss: 0.0019 | Test Acc: 83.59%
2026-02-06 06:08:23 KST | INFO |   🏆 New best accuracy: 83.59%
2026-02-06 06:08:23 KST | INFO | 
2026-02-06 06:08:23 KST | INFO | Epoch 14/200 | LR: 0.098961
2026-02-06 06:08:40 KST | INFO |   Train Loss: 0.4564 | Test Loss: 0.0020 | Test Acc: 82.31%
2026-02-06 06:08:40 KST | INFO |   No improvement (1/30)
2026-02-06 06:08:40 KST | INFO | 
2026-02-06 06:08:40 KST | INFO | Epoch 15/200 | LR: 0.098796
2026-02-06 06:08:57 KST | INFO |   Train Loss: 0.4386 | Test Loss: 0.0018 | Test Acc: 84.07%
2026-02-06 06:08:57 KST | INFO |   🏆 New best accuracy: 84.07%
2026-02-06 06:08:57 KST | INFO | 
2026-02-06 06:08:57 KST | INFO | Epoch 16/200 | LR: 0.098619
2026-02-06 06:09:14 KST | INFO |   Train Loss: 0.4322 | Test Loss: 0.0018 | Test Acc: 84.34%
2026-02-06 06:09:14 KST | INFO |   🏆 New best accuracy: 84.34%
2026-02-06 06:09:14 KST | INFO | 
2026-02-06 06:09:14 KST | INFO | Epoch 17/200 | LR: 0.098429
2026-02-06 06:09:30 KST | INFO |   Train Loss: 0.4193 | Test Loss: 0.0021 | Test Acc: 82.50%
2026-02-06 06:09:30 KST | INFO |   No improvement (1/30)
2026-02-06 06:09:30 KST | INFO | 
2026-02-06 06:09:30 KST | INFO | Epoch 18/200 | LR: 0.098228
2026-02-06 06:09:47 KST | INFO |   Train Loss: 0.4063 | Test Loss: 0.0018 | Test Acc: 84.76%
2026-02-06 06:09:47 KST | INFO |   🏆 New best accuracy: 84.76%
2026-02-06 06:09:47 KST | INFO | 
2026-02-06 06:09:47 KST | INFO | Epoch 19/200 | LR: 0.098015
2026-02-06 06:10:04 KST | INFO |   Train Loss: 0.4004 | Test Loss: 0.0017 | Test Acc: 84.53%
2026-02-06 06:10:04 KST | INFO |   No improvement (1/30)
2026-02-06 06:10:04 KST | INFO | 
2026-02-06 06:10:04 KST | INFO | Epoch 20/200 | LR: 0.097790
2026-02-06 06:10:21 KST | INFO |   Train Loss: 0.3916 | Test Loss: 0.0020 | Test Acc: 83.23%
2026-02-06 06:10:21 KST | INFO |   No improvement (2/30)
2026-02-06 06:10:21 KST | INFO | 
2026-02-06 06:10:21 KST | INFO | Epoch 21/200 | LR: 0.097553
2026-02-06 06:10:37 KST | INFO |   Train Loss: 0.3836 | Test Loss: 0.0019 | Test Acc: 84.07%
2026-02-06 06:10:37 KST | INFO |   No improvement (3/30)
2026-02-06 06:10:37 KST | INFO | 
2026-02-06 06:10:37 KST | INFO | Epoch 22/200 | LR: 0.097304
2026-02-06 06:10:54 KST | INFO |   Train Loss: 0.3758 | Test Loss: 0.0017 | Test Acc: 85.23%
2026-02-06 06:10:54 KST | INFO |   🏆 New best accuracy: 85.23%
2026-02-06 06:10:54 KST | INFO | 
2026-02-06 06:10:54 KST | INFO | Epoch 23/200 | LR: 0.097044
2026-02-06 06:11:11 KST | INFO |   Train Loss: 0.3722 | Test Loss: 0.0020 | Test Acc: 83.36%
2026-02-06 06:11:11 KST | INFO |   No improvement (1/30)
2026-02-06 06:11:11 KST | INFO | 
2026-02-06 06:11:11 KST | INFO | Epoch 24/200 | LR: 0.096772
2026-02-06 06:11:28 KST | INFO |   Train Loss: 0.3673 | Test Loss: 0.0019 | Test Acc: 83.87%
2026-02-06 06:11:28 KST | INFO |   No improvement (2/30)
2026-02-06 06:11:28 KST | INFO | 
2026-02-06 06:11:28 KST | INFO | Epoch 25/200 | LR: 0.096489
2026-02-06 06:11:45 KST | INFO |   Train Loss: 0.3513 | Test Loss: 0.0018 | Test Acc: 85.00%
2026-02-06 06:11:45 KST | INFO |   No improvement (3/30)
2026-02-06 06:11:45 KST | INFO | 
2026-02-06 06:11:45 KST | INFO | Epoch 26/200 | LR: 0.096194
2026-02-06 06:12:01 KST | INFO |   Train Loss: 0.3541 | Test Loss: 0.0016 | Test Acc: 86.66%
2026-02-06 06:12:01 KST | INFO |   🏆 New best accuracy: 86.66%
2026-02-06 06:12:01 KST | INFO | 
2026-02-06 06:12:01 KST | INFO | Epoch 27/200 | LR: 0.095888
2026-02-06 06:12:18 KST | INFO |   Train Loss: 0.3476 | Test Loss: 0.0016 | Test Acc: 86.30%
2026-02-06 06:12:18 KST | INFO |   No improvement (1/30)
2026-02-06 06:12:18 KST | INFO | 
2026-02-06 06:12:18 KST | INFO | Epoch 28/200 | LR: 0.095570
2026-02-06 06:12:35 KST | INFO |   Train Loss: 0.3394 | Test Loss: 0.0015 | Test Acc: 87.16%
2026-02-06 06:12:35 KST | INFO |   🏆 New best accuracy: 87.16%
2026-02-06 06:12:35 KST | INFO | 
2026-02-06 06:12:35 KST | INFO | Epoch 29/200 | LR: 0.095241
2026-02-06 06:12:52 KST | INFO |   Train Loss: 0.3415 | Test Loss: 0.0017 | Test Acc: 85.16%
2026-02-06 06:12:52 KST | INFO |   No improvement (1/30)
2026-02-06 06:12:52 KST | INFO | 
2026-02-06 06:12:52 KST | INFO | Epoch 30/200 | LR: 0.094901
2026-02-06 06:13:09 KST | INFO |   Train Loss: 0.3381 | Test Loss: 0.0014 | Test Acc: 88.29%
2026-02-06 06:13:09 KST | INFO |   🏆 New best accuracy: 88.29%
2026-02-06 06:13:09 KST | INFO | 
2026-02-06 06:13:09 KST | INFO | Epoch 31/200 | LR: 0.094550
2026-02-06 06:13:26 KST | INFO |   Train Loss: 0.3282 | Test Loss: 0.0017 | Test Acc: 86.00%
2026-02-06 06:13:26 KST | INFO |   No improvement (1/30)
2026-02-06 06:13:26 KST | INFO | 
2026-02-06 06:13:26 KST | INFO | Epoch 32/200 | LR: 0.094188
2026-02-06 06:13:42 KST | INFO |   Train Loss: 0.3262 | Test Loss: 0.0018 | Test Acc: 86.11%
2026-02-06 06:13:42 KST | INFO |   No improvement (2/30)
2026-02-06 06:13:42 KST | INFO | 
2026-02-06 06:13:42 KST | INFO | Epoch 33/200 | LR: 0.093815
2026-02-06 06:13:59 KST | INFO |   Train Loss: 0.3216 | Test Loss: 0.0019 | Test Acc: 84.21%
2026-02-06 06:13:59 KST | INFO |   No improvement (3/30)
2026-02-06 06:13:59 KST | INFO | 
2026-02-06 06:13:59 KST | INFO | Epoch 34/200 | LR: 0.093432
2026-02-06 06:14:16 KST | INFO |   Train Loss: 0.3170 | Test Loss: 0.0017 | Test Acc: 86.21%
2026-02-06 06:14:16 KST | INFO |   No improvement (4/30)
2026-02-06 06:14:16 KST | INFO | 
2026-02-06 06:14:16 KST | INFO | Epoch 35/200 | LR: 0.093037
2026-02-06 06:14:33 KST | INFO |   Train Loss: 0.3161 | Test Loss: 0.0018 | Test Acc: 85.26%
2026-02-06 06:14:33 KST | INFO |   No improvement (5/30)
2026-02-06 06:14:33 KST | INFO | 
2026-02-06 06:14:33 KST | INFO | Epoch 36/200 | LR: 0.092632
2026-02-06 06:14:50 KST | INFO |   Train Loss: 0.3103 | Test Loss: 0.0017 | Test Acc: 85.26%
2026-02-06 06:14:50 KST | INFO |   No improvement (6/30)
2026-02-06 06:14:50 KST | INFO | 
2026-02-06 06:14:50 KST | INFO | Epoch 37/200 | LR: 0.092216
2026-02-06 06:15:07 KST | INFO |   Train Loss: 0.3092 | Test Loss: 0.0016 | Test Acc: 86.26%
2026-02-06 06:15:07 KST | INFO |   No improvement (7/30)
2026-02-06 06:15:07 KST | INFO | 
2026-02-06 06:15:07 KST | INFO | Epoch 38/200 | LR: 0.091790
2026-02-06 06:15:24 KST | INFO |   Train Loss: 0.3091 | Test Loss: 0.0015 | Test Acc: 87.57%
2026-02-06 06:15:24 KST | INFO |   No improvement (8/30)
2026-02-06 06:15:24 KST | INFO | 
2026-02-06 06:15:24 KST | INFO | Epoch 39/200 | LR: 0.091354
2026-02-06 06:15:41 KST | INFO |   Train Loss: 0.2985 | Test Loss: 0.0018 | Test Acc: 85.97%
2026-02-06 06:15:41 KST | INFO |   No improvement (9/30)
2026-02-06 06:15:41 KST | INFO | 
2026-02-06 06:15:41 KST | INFO | Epoch 40/200 | LR: 0.090908
2026-02-06 06:15:58 KST | INFO |   Train Loss: 0.3004 | Test Loss: 0.0016 | Test Acc: 86.60%
2026-02-06 06:15:58 KST | INFO |   No improvement (10/30)
2026-02-06 06:15:58 KST | INFO | 
2026-02-06 06:15:58 KST | INFO | Epoch 41/200 | LR: 0.090451
2026-02-06 06:16:14 KST | INFO |   Train Loss: 0.2948 | Test Loss: 0.0015 | Test Acc: 87.33%
2026-02-06 06:16:14 KST | INFO |   No improvement (11/30)
2026-02-06 06:16:14 KST | INFO | 
2026-02-06 06:16:14 KST | INFO | Epoch 42/200 | LR: 0.089984
2026-02-06 06:16:31 KST | INFO |   Train Loss: 0.2960 | Test Loss: 0.0017 | Test Acc: 86.09%
2026-02-06 06:16:31 KST | INFO |   No improvement (12/30)
2026-02-06 06:16:31 KST | INFO | 
2026-02-06 06:16:31 KST | INFO | Epoch 43/200 | LR: 0.089508
2026-02-06 06:16:48 KST | INFO |   Train Loss: 0.2910 | Test Loss: 0.0015 | Test Acc: 87.54%
2026-02-06 06:16:48 KST | INFO |   No improvement (13/30)
2026-02-06 06:16:48 KST | INFO | 
2026-02-06 06:16:48 KST | INFO | Epoch 44/200 | LR: 0.089022
2026-02-06 06:17:05 KST | INFO |   Train Loss: 0.2921 | Test Loss: 0.0019 | Test Acc: 84.67%
2026-02-06 06:17:05 KST | INFO |   No improvement (14/30)
2026-02-06 06:17:05 KST | INFO | 
2026-02-06 06:17:05 KST | INFO | Epoch 45/200 | LR: 0.088526
2026-02-06 06:17:22 KST | INFO |   Train Loss: 0.2838 | Test Loss: 0.0015 | Test Acc: 87.51%
2026-02-06 06:17:22 KST | INFO |   No improvement (15/30)
2026-02-06 06:17:22 KST | INFO | 
2026-02-06 06:17:22 KST | INFO | Epoch 46/200 | LR: 0.088020
2026-02-06 06:17:39 KST | INFO |   Train Loss: 0.2838 | Test Loss: 0.0015 | Test Acc: 87.51%
2026-02-06 06:17:39 KST | INFO |   No improvement (16/30)
2026-02-06 06:17:39 KST | INFO | 
2026-02-06 06:17:39 KST | INFO | Epoch 47/200 | LR: 0.087506
2026-02-06 06:17:55 KST | INFO |   Train Loss: 0.2798 | Test Loss: 0.0015 | Test Acc: 87.99%
2026-02-06 06:17:55 KST | INFO |   No improvement (17/30)
2026-02-06 06:17:55 KST | INFO | 
2026-02-06 06:17:55 KST | INFO | Epoch 48/200 | LR: 0.086982
2026-02-06 06:18:12 KST | INFO |   Train Loss: 0.2771 | Test Loss: 0.0016 | Test Acc: 86.10%
2026-02-06 06:18:12 KST | INFO |   No improvement (18/30)
2026-02-06 06:18:12 KST | INFO | 
2026-02-06 06:18:12 KST | INFO | Epoch 49/200 | LR: 0.086449
2026-02-06 06:18:29 KST | INFO |   Train Loss: 0.2738 | Test Loss: 0.0016 | Test Acc: 86.50%
2026-02-06 06:18:29 KST | INFO |   No improvement (19/30)
2026-02-06 06:18:29 KST | INFO | 
2026-02-06 06:18:29 KST | INFO | Epoch 50/200 | LR: 0.085906
2026-02-06 06:18:46 KST | INFO |   Train Loss: 0.2761 | Test Loss: 0.0014 | Test Acc: 88.16%
2026-02-06 06:18:46 KST | INFO |   No improvement (20/30)
2026-02-06 06:18:46 KST | INFO | 
2026-02-06 06:18:46 KST | INFO | Epoch 51/200 | LR: 0.085355
2026-02-06 06:19:03 KST | INFO |   Train Loss: 0.2719 | Test Loss: 0.0015 | Test Acc: 87.96%
2026-02-06 06:19:03 KST | INFO |   No improvement (21/30)
2026-02-06 06:19:03 KST | INFO | 
2026-02-06 06:19:03 KST | INFO | Epoch 52/200 | LR: 0.084796
2026-02-06 06:19:19 KST | INFO |   Train Loss: 0.2671 | Test Loss: 0.0014 | Test Acc: 88.11%
2026-02-06 06:19:19 KST | INFO |   No improvement (22/30)
2026-02-06 06:19:19 KST | INFO | 
2026-02-06 06:19:19 KST | INFO | Epoch 53/200 | LR: 0.084228
2026-02-06 06:19:36 KST | INFO |   Train Loss: 0.2659 | Test Loss: 0.0015 | Test Acc: 87.93%
2026-02-06 06:19:36 KST | INFO |   No improvement (23/30)
2026-02-06 06:19:36 KST | INFO | 
2026-02-06 06:19:36 KST | INFO | Epoch 54/200 | LR: 0.083651
2026-02-06 06:19:53 KST | INFO |   Train Loss: 0.2623 | Test Loss: 0.0015 | Test Acc: 87.39%
2026-02-06 06:19:53 KST | INFO |   No improvement (24/30)
2026-02-06 06:19:53 KST | INFO | 
2026-02-06 06:19:53 KST | INFO | Epoch 55/200 | LR: 0.083066
2026-02-06 06:20:09 KST | INFO |   Train Loss: 0.2628 | Test Loss: 0.0014 | Test Acc: 88.94%
2026-02-06 06:20:09 KST | INFO |   🏆 New best accuracy: 88.94%
2026-02-06 06:20:09 KST | INFO | 
2026-02-06 06:20:09 KST | INFO | Epoch 56/200 | LR: 0.082473
2026-02-06 06:20:26 KST | INFO |   Train Loss: 0.2551 | Test Loss: 0.0015 | Test Acc: 86.93%
2026-02-06 06:20:26 KST | INFO |   No improvement (1/30)
2026-02-06 06:20:26 KST | INFO | 
2026-02-06 06:20:26 KST | INFO | Epoch 57/200 | LR: 0.081871
2026-02-06 06:20:43 KST | INFO |   Train Loss: 0.2543 | Test Loss: 0.0017 | Test Acc: 85.87%
2026-02-06 06:20:43 KST | INFO |   No improvement (2/30)
2026-02-06 06:20:43 KST | INFO | 
2026-02-06 06:20:43 KST | INFO | Epoch 58/200 | LR: 0.081262
2026-02-06 06:21:00 KST | INFO |   Train Loss: 0.2536 | Test Loss: 0.0015 | Test Acc: 87.71%
2026-02-06 06:21:00 KST | INFO |   No improvement (3/30)
2026-02-06 06:21:00 KST | INFO | 
2026-02-06 06:21:00 KST | INFO | Epoch 59/200 | LR: 0.080646
2026-02-06 06:21:17 KST | INFO |   Train Loss: 0.2504 | Test Loss: 0.0014 | Test Acc: 88.39%
2026-02-06 06:21:17 KST | INFO |   No improvement (4/30)
2026-02-06 06:21:17 KST | INFO | 
2026-02-06 06:21:17 KST | INFO | Epoch 60/200 | LR: 0.080021
2026-02-06 06:21:34 KST | INFO |   Train Loss: 0.2524 | Test Loss: 0.0017 | Test Acc: 86.33%
2026-02-06 06:21:34 KST | INFO |   No improvement (5/30)
2026-02-06 06:21:34 KST | INFO | 
2026-02-06 06:21:34 KST | INFO | Epoch 61/200 | LR: 0.079389
2026-02-06 06:21:51 KST | INFO |   Train Loss: 0.2509 | Test Loss: 0.0016 | Test Acc: 87.20%
2026-02-06 06:21:51 KST | INFO |   No improvement (6/30)
2026-02-06 06:21:51 KST | INFO | 
2026-02-06 06:21:51 KST | INFO | Epoch 62/200 | LR: 0.078750
2026-02-06 06:22:08 KST | INFO |   Train Loss: 0.2465 | Test Loss: 0.0015 | Test Acc: 87.93%
2026-02-06 06:22:08 KST | INFO |   No improvement (7/30)
2026-02-06 06:22:08 KST | INFO | 
2026-02-06 06:22:08 KST | INFO | Epoch 63/200 | LR: 0.078104
2026-02-06 06:22:25 KST | INFO |   Train Loss: 0.2442 | Test Loss: 0.0015 | Test Acc: 87.17%
2026-02-06 06:22:25 KST | INFO |   No improvement (8/30)
2026-02-06 06:22:25 KST | INFO | 
2026-02-06 06:22:25 KST | INFO | Epoch 64/200 | LR: 0.077451
2026-02-06 06:22:42 KST | INFO |   Train Loss: 0.2453 | Test Loss: 0.0016 | Test Acc: 87.33%
2026-02-06 06:22:42 KST | INFO |   No improvement (9/30)
2026-02-06 06:22:42 KST | INFO | 
2026-02-06 06:22:42 KST | INFO | Epoch 65/200 | LR: 0.076792
2026-02-06 06:22:59 KST | INFO |   Train Loss: 0.2410 | Test Loss: 0.0017 | Test Acc: 86.50%
2026-02-06 06:22:59 KST | INFO |   No improvement (10/30)
2026-02-06 06:22:59 KST | INFO | 
2026-02-06 06:22:59 KST | INFO | Epoch 66/200 | LR: 0.076125
2026-02-06 06:23:16 KST | INFO |   Train Loss: 0.2393 | Test Loss: 0.0018 | Test Acc: 85.54%
2026-02-06 06:23:16 KST | INFO |   No improvement (11/30)
2026-02-06 06:23:16 KST | INFO | 
2026-02-06 06:23:16 KST | INFO | Epoch 67/200 | LR: 0.075452
2026-02-06 06:23:33 KST | INFO |   Train Loss: 0.2340 | Test Loss: 0.0014 | Test Acc: 88.79%
2026-02-06 06:23:33 KST | INFO |   No improvement (12/30)
2026-02-06 06:23:33 KST | INFO | 
2026-02-06 06:23:33 KST | INFO | Epoch 68/200 | LR: 0.074773
2026-02-06 06:23:50 KST | INFO |   Train Loss: 0.2302 | Test Loss: 0.0016 | Test Acc: 86.67%
2026-02-06 06:23:50 KST | INFO |   No improvement (13/30)
2026-02-06 06:23:50 KST | INFO | 
2026-02-06 06:23:50 KST | INFO | Epoch 69/200 | LR: 0.074088
2026-02-06 06:24:07 KST | INFO |   Train Loss: 0.2325 | Test Loss: 0.0015 | Test Acc: 86.67%
2026-02-06 06:24:07 KST | INFO |   No improvement (14/30)
2026-02-06 06:24:07 KST | INFO | 
2026-02-06 06:24:07 KST | INFO | Epoch 70/200 | LR: 0.073397
2026-02-06 06:24:23 KST | INFO |   Train Loss: 0.2284 | Test Loss: 0.0015 | Test Acc: 88.33%
2026-02-06 06:24:23 KST | INFO |   No improvement (15/30)
2026-02-06 06:24:23 KST | INFO | 
2026-02-06 06:24:23 KST | INFO | Epoch 71/200 | LR: 0.072700
2026-02-06 06:24:40 KST | INFO |   Train Loss: 0.2254 | Test Loss: 0.0014 | Test Acc: 88.87%
2026-02-06 06:24:40 KST | INFO |   No improvement (16/30)
2026-02-06 06:24:40 KST | INFO | 
2026-02-06 06:24:40 KST | INFO | Epoch 72/200 | LR: 0.071997
2026-02-06 06:24:57 KST | INFO |   Train Loss: 0.2233 | Test Loss: 0.0014 | Test Acc: 88.61%
2026-02-06 06:24:57 KST | INFO |   No improvement (17/30)
2026-02-06 06:24:57 KST | INFO | 
2026-02-06 06:24:57 KST | INFO | Epoch 73/200 | LR: 0.071289
2026-02-06 06:25:14 KST | INFO |   Train Loss: 0.2244 | Test Loss: 0.0014 | Test Acc: 88.34%
2026-02-06 06:25:14 KST | INFO |   No improvement (18/30)
2026-02-06 06:25:14 KST | INFO | 
2026-02-06 06:25:14 KST | INFO | Epoch 74/200 | LR: 0.070576
2026-02-06 06:25:31 KST | INFO |   Train Loss: 0.2207 | Test Loss: 0.0016 | Test Acc: 87.26%
2026-02-06 06:25:31 KST | INFO |   No improvement (19/30)
2026-02-06 06:25:31 KST | INFO | 
2026-02-06 06:25:31 KST | INFO | Epoch 75/200 | LR: 0.069858
2026-02-06 06:25:48 KST | INFO |   Train Loss: 0.2212 | Test Loss: 0.0014 | Test Acc: 88.53%
2026-02-06 06:25:48 KST | INFO |   No improvement (20/30)
2026-02-06 06:25:48 KST | INFO | 
2026-02-06 06:25:48 KST | INFO | Epoch 76/200 | LR: 0.069134
2026-02-06 06:26:05 KST | INFO |   Train Loss: 0.2141 | Test Loss: 0.0013 | Test Acc: 89.21%
2026-02-06 06:26:05 KST | INFO |   🏆 New best accuracy: 89.21%
2026-02-06 06:26:05 KST | INFO | 
2026-02-06 06:26:05 KST | INFO | Epoch 77/200 | LR: 0.068407
2026-02-06 06:26:22 KST | INFO |   Train Loss: 0.2123 | Test Loss: 0.0015 | Test Acc: 87.94%
2026-02-06 06:26:22 KST | INFO |   No improvement (1/30)
2026-02-06 06:26:22 KST | INFO | 
2026-02-06 06:26:22 KST | INFO | Epoch 78/200 | LR: 0.067674
2026-02-06 06:26:39 KST | INFO |   Train Loss: 0.2129 | Test Loss: 0.0014 | Test Acc: 88.54%
2026-02-06 06:26:39 KST | INFO |   No improvement (2/30)
2026-02-06 06:26:39 KST | INFO | 
2026-02-06 06:26:39 KST | INFO | Epoch 79/200 | LR: 0.066937
2026-02-06 06:26:56 KST | INFO |   Train Loss: 0.2092 | Test Loss: 0.0014 | Test Acc: 88.10%
2026-02-06 06:26:56 KST | INFO |   No improvement (3/30)
2026-02-06 06:26:56 KST | INFO | 
2026-02-06 06:26:56 KST | INFO | Epoch 80/200 | LR: 0.066196
2026-02-06 06:27:13 KST | INFO |   Train Loss: 0.2058 | Test Loss: 0.0013 | Test Acc: 89.54%
2026-02-06 06:27:13 KST | INFO |   🏆 New best accuracy: 89.54%
2026-02-06 06:27:13 KST | INFO | 
2026-02-06 06:27:13 KST | INFO | Epoch 81/200 | LR: 0.065451
2026-02-06 06:27:30 KST | INFO |   Train Loss: 0.2012 | Test Loss: 0.0014 | Test Acc: 88.90%
2026-02-06 06:27:30 KST | INFO |   No improvement (1/30)
2026-02-06 06:27:30 KST | INFO | 
2026-02-06 06:27:30 KST | INFO | Epoch 82/200 | LR: 0.064702
2026-02-06 06:27:47 KST | INFO |   Train Loss: 0.1992 | Test Loss: 0.0015 | Test Acc: 88.34%
2026-02-06 06:27:47 KST | INFO |   No improvement (2/30)
2026-02-06 06:27:47 KST | INFO | 
2026-02-06 06:27:47 KST | INFO | Epoch 83/200 | LR: 0.063950
2026-02-06 06:28:04 KST | INFO |   Train Loss: 0.1951 | Test Loss: 0.0017 | Test Acc: 86.89%
2026-02-06 06:28:04 KST | INFO |   No improvement (3/30)
2026-02-06 06:28:04 KST | INFO | 
2026-02-06 06:28:04 KST | INFO | Epoch 84/200 | LR: 0.063194
2026-02-06 06:28:21 KST | INFO |   Train Loss: 0.1964 | Test Loss: 0.0016 | Test Acc: 88.46%
2026-02-06 06:28:21 KST | INFO |   No improvement (4/30)
2026-02-06 06:28:21 KST | INFO | 
2026-02-06 06:28:21 KST | INFO | Epoch 85/200 | LR: 0.062435
2026-02-06 06:28:39 KST | INFO |   Train Loss: 0.1898 | Test Loss: 0.0014 | Test Acc: 89.11%
2026-02-06 06:28:39 KST | INFO |   No improvement (5/30)
2026-02-06 06:28:39 KST | INFO | 
2026-02-06 06:28:39 KST | INFO | Epoch 86/200 | LR: 0.061673
2026-02-06 06:28:55 KST | INFO |   Train Loss: 0.1911 | Test Loss: 0.0016 | Test Acc: 87.97%
2026-02-06 06:28:55 KST | INFO |   No improvement (6/30)
2026-02-06 06:28:55 KST | INFO | 
2026-02-06 06:28:55 KST | INFO | Epoch 87/200 | LR: 0.060908
2026-02-06 06:29:13 KST | INFO |   Train Loss: 0.1868 | Test Loss: 0.0015 | Test Acc: 88.51%
2026-02-06 06:29:13 KST | INFO |   No improvement (7/30)
2026-02-06 06:29:13 KST | INFO | 
2026-02-06 06:29:13 KST | INFO | Epoch 88/200 | LR: 0.060140
2026-02-06 06:29:30 KST | INFO |   Train Loss: 0.1847 | Test Loss: 0.0013 | Test Acc: 89.70%
2026-02-06 06:29:30 KST | INFO |   🏆 New best accuracy: 89.70%
2026-02-06 06:29:30 KST | INFO | 
2026-02-06 06:29:30 KST | INFO | Epoch 89/200 | LR: 0.059369
2026-02-06 06:29:47 KST | INFO |   Train Loss: 0.1876 | Test Loss: 0.0014 | Test Acc: 89.11%
2026-02-06 06:29:47 KST | INFO |   No improvement (1/30)
2026-02-06 06:29:47 KST | INFO | 
2026-02-06 06:29:47 KST | INFO | Epoch 90/200 | LR: 0.058597
2026-02-06 06:30:04 KST | INFO |   Train Loss: 0.1856 | Test Loss: 0.0015 | Test Acc: 88.44%
2026-02-06 06:30:04 KST | INFO |   No improvement (2/30)
2026-02-06 06:30:04 KST | INFO | 
2026-02-06 06:30:04 KST | INFO | Epoch 91/200 | LR: 0.057822
2026-02-06 06:30:21 KST | INFO |   Train Loss: 0.1769 | Test Loss: 0.0015 | Test Acc: 88.69%
2026-02-06 06:30:21 KST | INFO |   No improvement (3/30)
2026-02-06 06:30:21 KST | INFO | 
2026-02-06 06:30:21 KST | INFO | Epoch 92/200 | LR: 0.057045
2026-02-06 06:30:38 KST | INFO |   Train Loss: 0.1737 | Test Loss: 0.0014 | Test Acc: 89.24%
2026-02-06 06:30:38 KST | INFO |   No improvement (4/30)
2026-02-06 06:30:38 KST | INFO | 
2026-02-06 06:30:38 KST | INFO | Epoch 93/200 | LR: 0.056267
2026-02-06 06:30:55 KST | INFO |   Train Loss: 0.1731 | Test Loss: 0.0014 | Test Acc: 88.51%
2026-02-06 06:30:55 KST | INFO |   No improvement (5/30)
2026-02-06 06:30:55 KST | INFO | 
2026-02-06 06:30:55 KST | INFO | Epoch 94/200 | LR: 0.055487
2026-02-06 06:31:12 KST | INFO |   Train Loss: 0.1725 | Test Loss: 0.0014 | Test Acc: 88.76%
2026-02-06 06:31:12 KST | INFO |   No improvement (6/30)
2026-02-06 06:31:12 KST | INFO | 
2026-02-06 06:31:12 KST | INFO | Epoch 95/200 | LR: 0.054706
2026-02-06 06:31:29 KST | INFO |   Train Loss: 0.1689 | Test Loss: 0.0016 | Test Acc: 88.69%
2026-02-06 06:31:29 KST | INFO |   No improvement (7/30)
2026-02-06 06:31:29 KST | INFO | 
2026-02-06 06:31:29 KST | INFO | Epoch 96/200 | LR: 0.053923
2026-02-06 06:31:46 KST | INFO |   Train Loss: 0.1675 | Test Loss: 0.0015 | Test Acc: 88.29%
2026-02-06 06:31:46 KST | INFO |   No improvement (8/30)
2026-02-06 06:31:46 KST | INFO | 
2026-02-06 06:31:46 KST | INFO | Epoch 97/200 | LR: 0.053140
2026-02-06 06:32:04 KST | INFO |   Train Loss: 0.1635 | Test Loss: 0.0015 | Test Acc: 88.74%
2026-02-06 06:32:04 KST | INFO |   No improvement (9/30)
2026-02-06 06:32:04 KST | INFO | 
2026-02-06 06:32:04 KST | INFO | Epoch 98/200 | LR: 0.052356
2026-02-06 06:32:21 KST | INFO |   Train Loss: 0.1642 | Test Loss: 0.0015 | Test Acc: 88.13%
2026-02-06 06:32:21 KST | INFO |   No improvement (10/30)
2026-02-06 06:32:21 KST | INFO | 
2026-02-06 06:32:21 KST | INFO | Epoch 99/200 | LR: 0.051571
2026-02-06 06:32:38 KST | INFO |   Train Loss: 0.1631 | Test Loss: 0.0016 | Test Acc: 88.00%
2026-02-06 06:32:38 KST | INFO |   No improvement (11/30)
2026-02-06 06:32:38 KST | INFO | 
2026-02-06 06:32:38 KST | INFO | Epoch 100/200 | LR: 0.050786
2026-02-06 06:32:55 KST | INFO |   Train Loss: 0.1557 | Test Loss: 0.0014 | Test Acc: 89.41%
2026-02-06 06:32:55 KST | INFO |   No improvement (12/30)
2026-02-06 06:32:55 KST | INFO | 
2026-02-06 06:32:55 KST | INFO | Epoch 101/200 | LR: 0.050001
2026-02-06 06:33:13 KST | INFO |   Train Loss: 0.1562 | Test Loss: 0.0014 | Test Acc: 89.21%
2026-02-06 06:33:13 KST | INFO |   No improvement (13/30)
2026-02-06 06:33:13 KST | INFO | 
2026-02-06 06:33:13 KST | INFO | Epoch 102/200 | LR: 0.049215
2026-02-06 06:33:30 KST | INFO |   Train Loss: 0.1575 | Test Loss: 0.0013 | Test Acc: 89.87%
2026-02-06 06:33:30 KST | INFO |   🏆 New best accuracy: 89.87%
2026-02-06 06:33:30 KST | INFO | 
2026-02-06 06:33:30 KST | INFO | Epoch 103/200 | LR: 0.048430
2026-02-06 06:33:47 KST | INFO |   Train Loss: 0.1514 | Test Loss: 0.0015 | Test Acc: 88.87%
2026-02-06 06:33:47 KST | INFO |   No improvement (1/30)
2026-02-06 06:33:47 KST | INFO | 
2026-02-06 06:33:47 KST | INFO | Epoch 104/200 | LR: 0.047645
2026-02-06 06:34:04 KST | INFO |   Train Loss: 0.1519 | Test Loss: 0.0013 | Test Acc: 89.70%
2026-02-06 06:34:04 KST | INFO |   No improvement (2/30)
2026-02-06 06:34:04 KST | INFO | 
2026-02-06 06:34:04 KST | INFO | Epoch 105/200 | LR: 0.046861
2026-02-06 06:34:21 KST | INFO |   Train Loss: 0.1451 | Test Loss: 0.0013 | Test Acc: 90.31%
2026-02-06 06:34:21 KST | INFO |   🏆 New best accuracy: 90.31%
2026-02-06 06:34:21 KST | INFO | 
2026-02-06 06:34:21 KST | INFO | Epoch 106/200 | LR: 0.046078
2026-02-06 06:34:38 KST | INFO |   Train Loss: 0.1460 | Test Loss: 0.0015 | Test Acc: 88.97%
2026-02-06 06:34:38 KST | INFO |   No improvement (1/30)
2026-02-06 06:34:38 KST | INFO | 
2026-02-06 06:34:38 KST | INFO | Epoch 107/200 | LR: 0.045295
2026-02-06 06:34:56 KST | INFO |   Train Loss: 0.1434 | Test Loss: 0.0015 | Test Acc: 88.77%
2026-02-06 06:34:56 KST | INFO |   No improvement (2/30)
2026-02-06 06:34:56 KST | INFO | 
2026-02-06 06:34:56 KST | INFO | Epoch 108/200 | LR: 0.044514
2026-02-06 06:35:13 KST | INFO |   Train Loss: 0.1389 | Test Loss: 0.0013 | Test Acc: 90.19%
2026-02-06 06:35:13 KST | INFO |   No improvement (3/30)
2026-02-06 06:35:13 KST | INFO | 
2026-02-06 06:35:13 KST | INFO | Epoch 109/200 | LR: 0.043734
2026-02-06 06:35:30 KST | INFO |   Train Loss: 0.1407 | Test Loss: 0.0013 | Test Acc: 90.10%
2026-02-06 06:35:30 KST | INFO |   No improvement (4/30)
2026-02-06 06:35:30 KST | INFO | 
2026-02-06 06:35:30 KST | INFO | Epoch 110/200 | LR: 0.042956
2026-02-06 06:35:47 KST | INFO |   Train Loss: 0.1346 | Test Loss: 0.0014 | Test Acc: 89.87%
2026-02-06 06:35:47 KST | INFO |   No improvement (5/30)
2026-02-06 06:35:47 KST | INFO | 
2026-02-06 06:35:47 KST | INFO | Epoch 111/200 | LR: 0.042179
2026-02-06 06:36:04 KST | INFO |   Train Loss: 0.1333 | Test Loss: 0.0013 | Test Acc: 89.89%
2026-02-06 06:36:04 KST | INFO |   No improvement (6/30)
2026-02-06 06:36:04 KST | INFO | 
2026-02-06 06:36:04 KST | INFO | Epoch 112/200 | LR: 0.041404
2026-02-06 06:36:21 KST | INFO |   Train Loss: 0.1322 | Test Loss: 0.0014 | Test Acc: 89.26%
2026-02-06 06:36:21 KST | INFO |   No improvement (7/30)
2026-02-06 06:36:21 KST | INFO | 
2026-02-06 06:36:21 KST | INFO | Epoch 113/200 | LR: 0.040632
2026-02-06 06:36:38 KST | INFO |   Train Loss: 0.1286 | Test Loss: 0.0014 | Test Acc: 89.69%
2026-02-06 06:36:38 KST | INFO |   No improvement (8/30)
2026-02-06 06:36:38 KST | INFO | 
2026-02-06 06:36:38 KST | INFO | Epoch 114/200 | LR: 0.039861
2026-02-06 06:36:55 KST | INFO |   Train Loss: 0.1272 | Test Loss: 0.0014 | Test Acc: 89.99%
2026-02-06 06:36:55 KST | INFO |   No improvement (9/30)
2026-02-06 06:36:55 KST | INFO | 
2026-02-06 06:36:55 KST | INFO | Epoch 115/200 | LR: 0.039093
2026-02-06 06:37:12 KST | INFO |   Train Loss: 0.1242 | Test Loss: 0.0013 | Test Acc: 90.33%
2026-02-06 06:37:12 KST | INFO |   🏆 New best accuracy: 90.33%
2026-02-06 06:37:12 KST | INFO | 
2026-02-06 06:37:12 KST | INFO | Epoch 116/200 | LR: 0.038328
2026-02-06 06:37:29 KST | INFO |   Train Loss: 0.1197 | Test Loss: 0.0015 | Test Acc: 89.99%
2026-02-06 06:37:29 KST | INFO |   No improvement (1/30)
2026-02-06 06:37:29 KST | INFO | 
2026-02-06 06:37:29 KST | INFO | Epoch 117/200 | LR: 0.037566
2026-02-06 06:37:46 KST | INFO |   Train Loss: 0.1193 | Test Loss: 0.0016 | Test Acc: 88.89%
2026-02-06 06:37:46 KST | INFO |   No improvement (2/30)
2026-02-06 06:37:46 KST | INFO | 
2026-02-06 06:37:46 KST | INFO | Epoch 118/200 | LR: 0.036807
2026-02-06 06:38:03 KST | INFO |   Train Loss: 0.1139 | Test Loss: 0.0015 | Test Acc: 89.71%
2026-02-06 06:38:03 KST | INFO |   No improvement (3/30)
2026-02-06 06:38:03 KST | INFO | 
2026-02-06 06:38:03 KST | INFO | Epoch 119/200 | LR: 0.036051
2026-02-06 06:38:20 KST | INFO |   Train Loss: 0.1122 | Test Loss: 0.0015 | Test Acc: 89.41%
2026-02-06 06:38:20 KST | INFO |   No improvement (4/30)
2026-02-06 06:38:20 KST | INFO | 
2026-02-06 06:38:20 KST | INFO | Epoch 120/200 | LR: 0.035299
2026-02-06 06:38:37 KST | INFO |   Train Loss: 0.1123 | Test Loss: 0.0014 | Test Acc: 89.89%
2026-02-06 06:38:37 KST | INFO |   No improvement (5/30)
2026-02-06 06:38:37 KST | INFO | 
2026-02-06 06:38:37 KST | INFO | Epoch 121/200 | LR: 0.034550
2026-02-06 06:38:54 KST | INFO |   Train Loss: 0.1092 | Test Loss: 0.0014 | Test Acc: 90.37%
2026-02-06 06:38:54 KST | INFO |   🏆 New best accuracy: 90.37%
2026-02-06 06:38:54 KST | INFO | 
2026-02-06 06:38:54 KST | INFO | Epoch 122/200 | LR: 0.033805
2026-02-06 06:39:11 KST | INFO |   Train Loss: 0.1082 | Test Loss: 0.0015 | Test Acc: 89.63%
2026-02-06 06:39:11 KST | INFO |   No improvement (1/30)
2026-02-06 06:39:11 KST | INFO | 
2026-02-06 06:39:11 KST | INFO | Epoch 123/200 | LR: 0.033064
2026-02-06 06:39:27 KST | INFO |   Train Loss: 0.1048 | Test Loss: 0.0015 | Test Acc: 89.83%
2026-02-06 06:39:27 KST | INFO |   No improvement (2/30)
2026-02-06 06:39:27 KST | INFO | 
2026-02-06 06:39:27 KST | INFO | Epoch 124/200 | LR: 0.032327
2026-02-06 06:39:44 KST | INFO |   Train Loss: 0.1023 | Test Loss: 0.0013 | Test Acc: 90.13%
2026-02-06 06:39:44 KST | INFO |   No improvement (3/30)
2026-02-06 06:39:44 KST | INFO | 
2026-02-06 06:39:44 KST | INFO | Epoch 125/200 | LR: 0.031594
2026-02-06 06:40:01 KST | INFO |   Train Loss: 0.1035 | Test Loss: 0.0014 | Test Acc: 89.87%
2026-02-06 06:40:01 KST | INFO |   No improvement (4/30)
2026-02-06 06:40:01 KST | INFO | 
2026-02-06 06:40:01 KST | INFO | Epoch 126/200 | LR: 0.030867
2026-02-06 06:40:18 KST | INFO |   Train Loss: 0.0987 | Test Loss: 0.0014 | Test Acc: 90.13%
2026-02-06 06:40:18 KST | INFO |   No improvement (5/30)
2026-02-06 06:40:18 KST | INFO | 
2026-02-06 06:40:18 KST | INFO | Epoch 127/200 | LR: 0.030143
2026-02-06 06:40:35 KST | INFO |   Train Loss: 0.0948 | Test Loss: 0.0014 | Test Acc: 89.84%
2026-02-06 06:40:35 KST | INFO |   No improvement (6/30)
2026-02-06 06:40:35 KST | INFO | 
2026-02-06 06:40:35 KST | INFO | Epoch 128/200 | LR: 0.029425
2026-02-06 06:40:52 KST | INFO |   Train Loss: 0.0945 | Test Loss: 0.0016 | Test Acc: 89.34%
2026-02-06 06:40:52 KST | INFO |   No improvement (7/30)
2026-02-06 06:40:52 KST | INFO | 
2026-02-06 06:40:52 KST | INFO | Epoch 129/200 | LR: 0.028712
2026-02-06 06:41:09 KST | INFO |   Train Loss: 0.0922 | Test Loss: 0.0015 | Test Acc: 90.16%
2026-02-06 06:41:09 KST | INFO |   No improvement (8/30)
2026-02-06 06:41:09 KST | INFO | 
2026-02-06 06:41:09 KST | INFO | Epoch 130/200 | LR: 0.028004
2026-02-06 06:41:26 KST | INFO |   Train Loss: 0.0897 | Test Loss: 0.0015 | Test Acc: 90.03%
2026-02-06 06:41:26 KST | INFO |   No improvement (9/30)
2026-02-06 06:41:26 KST | INFO | 
2026-02-06 06:41:26 KST | INFO | Epoch 131/200 | LR: 0.027301
2026-02-06 06:41:43 KST | INFO |   Train Loss: 0.0875 | Test Loss: 0.0015 | Test Acc: 88.99%
2026-02-06 06:41:43 KST | INFO |   No improvement (10/30)
2026-02-06 06:41:43 KST | INFO | 
2026-02-06 06:41:43 KST | INFO | Epoch 132/200 | LR: 0.026604
2026-02-06 06:42:00 KST | INFO |   Train Loss: 0.0858 | Test Loss: 0.0014 | Test Acc: 90.69%
2026-02-06 06:42:00 KST | INFO |   🏆 New best accuracy: 90.69%
2026-02-06 06:42:00 KST | INFO | 
2026-02-06 06:42:00 KST | INFO | Epoch 133/200 | LR: 0.025913
2026-02-06 06:42:17 KST | INFO |   Train Loss: 0.0837 | Test Loss: 0.0013 | Test Acc: 90.73%
2026-02-06 06:42:17 KST | INFO |   🏆 New best accuracy: 90.73%
2026-02-06 06:42:17 KST | INFO | 
2026-02-06 06:42:17 KST | INFO | Epoch 134/200 | LR: 0.025228
2026-02-06 06:42:33 KST | INFO |   Train Loss: 0.0796 | Test Loss: 0.0014 | Test Acc: 90.26%
2026-02-06 06:42:33 KST | INFO |   No improvement (1/30)
2026-02-06 06:42:33 KST | INFO | 
2026-02-06 06:42:33 KST | INFO | Epoch 135/200 | LR: 0.024549
2026-02-06 06:42:50 KST | INFO |   Train Loss: 0.0800 | Test Loss: 0.0015 | Test Acc: 89.94%
2026-02-06 06:42:50 KST | INFO |   No improvement (2/30)
2026-02-06 06:42:50 KST | INFO | 
2026-02-06 06:42:50 KST | INFO | Epoch 136/200 | LR: 0.023876
2026-02-06 06:43:07 KST | INFO |   Train Loss: 0.0782 | Test Loss: 0.0014 | Test Acc: 90.83%
2026-02-06 06:43:07 KST | INFO |   🏆 New best accuracy: 90.83%
2026-02-06 06:43:07 KST | INFO | 
2026-02-06 06:43:07 KST | INFO | Epoch 137/200 | LR: 0.023209
2026-02-06 06:43:25 KST | INFO |   Train Loss: 0.0764 | Test Loss: 0.0017 | Test Acc: 89.44%
2026-02-06 06:43:25 KST | INFO |   No improvement (1/30)
2026-02-06 06:43:25 KST | INFO | 
2026-02-06 06:43:25 KST | INFO | Epoch 138/200 | LR: 0.022550
2026-02-06 06:43:42 KST | INFO |   Train Loss: 0.0728 | Test Loss: 0.0015 | Test Acc: 90.19%
2026-02-06 06:43:42 KST | INFO |   No improvement (2/30)
2026-02-06 06:43:42 KST | INFO | 
2026-02-06 06:43:42 KST | INFO | Epoch 139/200 | LR: 0.021897
2026-02-06 06:43:59 KST | INFO |   Train Loss: 0.0723 | Test Loss: 0.0014 | Test Acc: 90.74%
2026-02-06 06:43:59 KST | INFO |   No improvement (3/30)
2026-02-06 06:43:59 KST | INFO | 
2026-02-06 06:43:59 KST | INFO | Epoch 140/200 | LR: 0.021251
2026-02-06 06:44:16 KST | INFO |   Train Loss: 0.0705 | Test Loss: 0.0015 | Test Acc: 90.24%
2026-02-06 06:44:16 KST | INFO |   No improvement (4/30)
2026-02-06 06:44:16 KST | INFO | 
2026-02-06 06:44:16 KST | INFO | Epoch 141/200 | LR: 0.020612
2026-02-06 06:44:33 KST | INFO |   Train Loss: 0.0663 | Test Loss: 0.0017 | Test Acc: 89.69%
2026-02-06 06:44:33 KST | INFO |   No improvement (5/30)
2026-02-06 06:44:33 KST | INFO | 
2026-02-06 06:44:33 KST | INFO | Epoch 142/200 | LR: 0.019980
2026-02-06 06:44:50 KST | INFO |   Train Loss: 0.0655 | Test Loss: 0.0014 | Test Acc: 90.81%
2026-02-06 06:44:50 KST | INFO |   No improvement (6/30)
2026-02-06 06:44:50 KST | INFO | 
2026-02-06 06:44:50 KST | INFO | Epoch 143/200 | LR: 0.019355
2026-02-06 06:45:07 KST | INFO |   Train Loss: 0.0640 | Test Loss: 0.0014 | Test Acc: 90.53%
2026-02-06 06:45:07 KST | INFO |   No improvement (7/30)
2026-02-06 06:45:07 KST | INFO | 
2026-02-06 06:45:07 KST | INFO | Epoch 144/200 | LR: 0.018739
2026-02-06 06:45:24 KST | INFO |   Train Loss: 0.0617 | Test Loss: 0.0014 | Test Acc: 90.53%
2026-02-06 06:45:24 KST | INFO |   No improvement (8/30)
2026-02-06 06:45:24 KST | INFO | 
2026-02-06 06:45:24 KST | INFO | Epoch 145/200 | LR: 0.018130
2026-02-06 06:45:42 KST | INFO |   Train Loss: 0.0639 | Test Loss: 0.0013 | Test Acc: 90.49%
2026-02-06 06:45:42 KST | INFO |   No improvement (9/30)
2026-02-06 06:45:42 KST | INFO | 
2026-02-06 06:45:42 KST | INFO | Epoch 146/200 | LR: 0.017528
2026-02-06 06:45:59 KST | INFO |   Train Loss: 0.0612 | Test Loss: 0.0015 | Test Acc: 90.44%
2026-02-06 06:45:59 KST | INFO |   No improvement (10/30)
2026-02-06 06:45:59 KST | INFO | 
2026-02-06 06:45:59 KST | INFO | Epoch 147/200 | LR: 0.016935
2026-02-06 06:46:16 KST | INFO |   Train Loss: 0.0570 | Test Loss: 0.0014 | Test Acc: 90.50%
2026-02-06 06:46:16 KST | INFO |   No improvement (11/30)
2026-02-06 06:46:16 KST | INFO | 
2026-02-06 06:46:16 KST | INFO | Epoch 148/200 | LR: 0.016350
2026-02-06 06:46:33 KST | INFO |   Train Loss: 0.0587 | Test Loss: 0.0013 | Test Acc: 90.99%
2026-02-06 06:46:33 KST | INFO |   🏆 New best accuracy: 90.99%
2026-02-06 06:46:33 KST | INFO | 
2026-02-06 06:46:33 KST | INFO | Epoch 149/200 | LR: 0.015773
2026-02-06 06:46:50 KST | INFO |   Train Loss: 0.0519 | Test Loss: 0.0014 | Test Acc: 90.44%
2026-02-06 06:46:50 KST | INFO |   No improvement (1/30)
2026-02-06 06:46:50 KST | INFO | 
2026-02-06 06:46:50 KST | INFO | Epoch 150/200 | LR: 0.015205
2026-02-06 06:47:07 KST | INFO |   Train Loss: 0.0510 | Test Loss: 0.0014 | Test Acc: 90.94%
2026-02-06 06:47:07 KST | INFO |   No improvement (2/30)
2026-02-06 06:47:07 KST | INFO | 
2026-02-06 06:47:07 KST | INFO | Epoch 151/200 | LR: 0.014646
2026-02-06 06:47:24 KST | INFO |   Train Loss: 0.0497 | Test Loss: 0.0015 | Test Acc: 90.29%
2026-02-06 06:47:24 KST | INFO |   No improvement (3/30)
2026-02-06 06:47:24 KST | INFO | 
2026-02-06 06:47:24 KST | INFO | Epoch 152/200 | LR: 0.014095
2026-02-06 06:47:41 KST | INFO |   Train Loss: 0.0486 | Test Loss: 0.0014 | Test Acc: 90.67%
2026-02-06 06:47:41 KST | INFO |   No improvement (4/30)
2026-02-06 06:47:41 KST | INFO | 
2026-02-06 06:47:41 KST | INFO | Epoch 153/200 | LR: 0.013552
2026-02-06 06:47:58 KST | INFO |   Train Loss: 0.0472 | Test Loss: 0.0014 | Test Acc: 90.64%
2026-02-06 06:47:58 KST | INFO |   No improvement (5/30)
2026-02-06 06:47:58 KST | INFO | 
2026-02-06 06:47:58 KST | INFO | Epoch 154/200 | LR: 0.013019
2026-02-06 06:48:15 KST | INFO |   Train Loss: 0.0473 | Test Loss: 0.0013 | Test Acc: 91.21%
2026-02-06 06:48:15 KST | INFO |   🏆 New best accuracy: 91.21%
2026-02-06 06:48:15 KST | INFO | 
2026-02-06 06:48:15 KST | INFO | Epoch 155/200 | LR: 0.012495
2026-02-06 06:48:32 KST | INFO |   Train Loss: 0.0439 | Test Loss: 0.0014 | Test Acc: 91.40%
2026-02-06 06:48:32 KST | INFO |   🏆 New best accuracy: 91.40%
2026-02-06 06:48:32 KST | INFO | 
2026-02-06 06:48:32 KST | INFO | Epoch 156/200 | LR: 0.011981
2026-02-06 06:48:49 KST | INFO |   Train Loss: 0.0434 | Test Loss: 0.0014 | Test Acc: 91.21%
2026-02-06 06:48:49 KST | INFO |   No improvement (1/30)
2026-02-06 06:48:49 KST | INFO | 
2026-02-06 06:48:49 KST | INFO | Epoch 157/200 | LR: 0.011475
2026-02-06 06:49:06 KST | INFO |   Train Loss: 0.0415 | Test Loss: 0.0014 | Test Acc: 90.70%
2026-02-06 06:49:06 KST | INFO |   No improvement (2/30)
2026-02-06 06:49:06 KST | INFO | 
2026-02-06 06:49:06 KST | INFO | Epoch 158/200 | LR: 0.010979
2026-02-06 06:49:23 KST | INFO |   Train Loss: 0.0406 | Test Loss: 0.0014 | Test Acc: 91.24%
2026-02-06 06:49:23 KST | INFO |   No improvement (3/30)
2026-02-06 06:49:23 KST | INFO | 
2026-02-06 06:49:23 KST | INFO | Epoch 159/200 | LR: 0.010493
2026-02-06 06:49:40 KST | INFO |   Train Loss: 0.0403 | Test Loss: 0.0014 | Test Acc: 91.17%
2026-02-06 06:49:40 KST | INFO |   No improvement (4/30)
2026-02-06 06:49:40 KST | INFO | 
2026-02-06 06:49:40 KST | INFO | Epoch 160/200 | LR: 0.010017
2026-02-06 06:49:57 KST | INFO |   Train Loss: 0.0380 | Test Loss: 0.0015 | Test Acc: 90.83%
2026-02-06 06:49:57 KST | INFO |   No improvement (5/30)
2026-02-06 06:49:57 KST | INFO | 
2026-02-06 06:49:57 KST | INFO | Epoch 161/200 | LR: 0.009550
2026-02-06 06:50:14 KST | INFO |   Train Loss: 0.0366 | Test Loss: 0.0014 | Test Acc: 91.16%
2026-02-06 06:50:14 KST | INFO |   No improvement (6/30)
2026-02-06 06:50:14 KST | INFO | 
2026-02-06 06:50:14 KST | INFO | Epoch 162/200 | LR: 0.009093
2026-02-06 06:50:31 KST | INFO |   Train Loss: 0.0359 | Test Loss: 0.0014 | Test Acc: 90.67%
2026-02-06 06:50:31 KST | INFO |   No improvement (7/30)
2026-02-06 06:50:31 KST | INFO | 
2026-02-06 06:50:31 KST | INFO | Epoch 163/200 | LR: 0.008647
2026-02-06 06:50:48 KST | INFO |   Train Loss: 0.0335 | Test Loss: 0.0013 | Test Acc: 91.34%
2026-02-06 06:50:48 KST | INFO |   No improvement (8/30)
2026-02-06 06:50:48 KST | INFO | 
2026-02-06 06:50:48 KST | INFO | Epoch 164/200 | LR: 0.008211
2026-02-06 06:51:05 KST | INFO |   Train Loss: 0.0332 | Test Loss: 0.0015 | Test Acc: 90.87%
2026-02-06 06:51:05 KST | INFO |   No improvement (9/30)
2026-02-06 06:51:05 KST | INFO | 
2026-02-06 06:51:05 KST | INFO | Epoch 165/200 | LR: 0.007785
2026-02-06 06:51:22 KST | INFO |   Train Loss: 0.0336 | Test Loss: 0.0014 | Test Acc: 91.39%
2026-02-06 06:51:22 KST | INFO |   No improvement (10/30)
2026-02-06 06:51:22 KST | INFO | 
2026-02-06 06:51:22 KST | INFO | Epoch 166/200 | LR: 0.007369
2026-02-06 06:51:39 KST | INFO |   Train Loss: 0.0306 | Test Loss: 0.0015 | Test Acc: 90.79%
2026-02-06 06:51:39 KST | INFO |   No improvement (11/30)
2026-02-06 06:51:39 KST | INFO | 
2026-02-06 06:51:39 KST | INFO | Epoch 167/200 | LR: 0.006964
2026-02-06 06:51:55 KST | INFO |   Train Loss: 0.0295 | Test Loss: 0.0014 | Test Acc: 91.23%
2026-02-06 06:51:55 KST | INFO |   No improvement (12/30)
2026-02-06 06:51:55 KST | INFO | 
2026-02-06 06:51:55 KST | INFO | Epoch 168/200 | LR: 0.006569
2026-02-06 06:52:12 KST | INFO |   Train Loss: 0.0301 | Test Loss: 0.0015 | Test Acc: 90.51%
2026-02-06 06:52:12 KST | INFO |   No improvement (13/30)
2026-02-06 06:52:12 KST | INFO | 
2026-02-06 06:52:12 KST | INFO | Epoch 169/200 | LR: 0.006186
2026-02-06 06:52:29 KST | INFO |   Train Loss: 0.0275 | Test Loss: 0.0014 | Test Acc: 91.09%
2026-02-06 06:52:29 KST | INFO |   No improvement (14/30)
2026-02-06 06:52:29 KST | INFO | 
2026-02-06 06:52:29 KST | INFO | Epoch 170/200 | LR: 0.005813
2026-02-06 06:52:46 KST | INFO |   Train Loss: 0.0272 | Test Loss: 0.0014 | Test Acc: 91.06%
2026-02-06 06:52:46 KST | INFO |   No improvement (15/30)
2026-02-06 06:52:46 KST | INFO | 
2026-02-06 06:52:46 KST | INFO | Epoch 171/200 | LR: 0.005451
2026-02-06 06:53:03 KST | INFO |   Train Loss: 0.0255 | Test Loss: 0.0015 | Test Acc: 90.59%
2026-02-06 06:53:03 KST | INFO |   No improvement (16/30)
2026-02-06 06:53:03 KST | INFO | 
2026-02-06 06:53:03 KST | INFO | Epoch 172/200 | LR: 0.005100
2026-02-06 06:53:20 KST | INFO |   Train Loss: 0.0252 | Test Loss: 0.0014 | Test Acc: 91.20%
2026-02-06 06:53:20 KST | INFO |   No improvement (17/30)
2026-02-06 06:53:20 KST | INFO | 
2026-02-06 06:53:20 KST | INFO | Epoch 173/200 | LR: 0.004760
2026-02-06 06:53:37 KST | INFO |   Train Loss: 0.0250 | Test Loss: 0.0014 | Test Acc: 90.83%
2026-02-06 06:53:37 KST | INFO |   No improvement (18/30)
2026-02-06 06:53:37 KST | INFO | 
2026-02-06 06:53:37 KST | INFO | Epoch 174/200 | LR: 0.004431
2026-02-06 06:53:54 KST | INFO |   Train Loss: 0.0234 | Test Loss: 0.0014 | Test Acc: 91.13%
2026-02-06 06:53:54 KST | INFO |   No improvement (19/30)
2026-02-06 06:53:54 KST | INFO | 
2026-02-06 06:53:54 KST | INFO | Epoch 175/200 | LR: 0.004113
2026-02-06 06:54:10 KST | INFO |   Train Loss: 0.0219 | Test Loss: 0.0014 | Test Acc: 91.46%
2026-02-06 06:54:10 KST | INFO |   🏆 New best accuracy: 91.46%
2026-02-06 06:54:10 KST | INFO | 
2026-02-06 06:54:10 KST | INFO | Epoch 176/200 | LR: 0.003807
2026-02-06 06:54:27 KST | INFO |   Train Loss: 0.0208 | Test Loss: 0.0014 | Test Acc: 91.33%
2026-02-06 06:54:27 KST | INFO |   No improvement (1/30)
2026-02-06 06:54:27 KST | INFO | 
2026-02-06 06:54:27 KST | INFO | Epoch 177/200 | LR: 0.003512
2026-02-06 06:54:44 KST | INFO |   Train Loss: 0.0206 | Test Loss: 0.0014 | Test Acc: 91.27%
2026-02-06 06:54:44 KST | INFO |   No improvement (2/30)
2026-02-06 06:54:44 KST | INFO | 
2026-02-06 06:54:44 KST | INFO | Epoch 178/200 | LR: 0.003229
2026-02-06 06:55:01 KST | INFO |   Train Loss: 0.0204 | Test Loss: 0.0015 | Test Acc: 91.14%
2026-02-06 06:55:01 KST | INFO |   No improvement (3/30)
2026-02-06 06:55:01 KST | INFO | 
2026-02-06 06:55:01 KST | INFO | Epoch 179/200 | LR: 0.002957
2026-02-06 06:55:18 KST | INFO |   Train Loss: 0.0212 | Test Loss: 0.0014 | Test Acc: 91.43%
2026-02-06 06:55:18 KST | INFO |   No improvement (4/30)
2026-02-06 06:55:18 KST | INFO | 
2026-02-06 06:55:18 KST | INFO | Epoch 180/200 | LR: 0.002697
2026-02-06 06:55:35 KST | INFO |   Train Loss: 0.0195 | Test Loss: 0.0014 | Test Acc: 91.41%
2026-02-06 06:55:35 KST | INFO |   No improvement (5/30)
2026-02-06 06:55:35 KST | INFO | 
2026-02-06 06:55:35 KST | INFO | Epoch 181/200 | LR: 0.002448
2026-02-06 06:55:52 KST | INFO |   Train Loss: 0.0197 | Test Loss: 0.0014 | Test Acc: 91.40%
2026-02-06 06:55:52 KST | INFO |   No improvement (6/30)
2026-02-06 06:55:52 KST | INFO | 
2026-02-06 06:55:52 KST | INFO | Epoch 182/200 | LR: 0.002211
2026-02-06 06:56:09 KST | INFO |   Train Loss: 0.0178 | Test Loss: 0.0014 | Test Acc: 91.39%
2026-02-06 06:56:09 KST | INFO |   No improvement (7/30)
2026-02-06 06:56:09 KST | INFO | 
2026-02-06 06:56:09 KST | INFO | Epoch 183/200 | LR: 0.001986
2026-02-06 06:56:26 KST | INFO |   Train Loss: 0.0175 | Test Loss: 0.0014 | Test Acc: 91.50%
2026-02-06 06:56:26 KST | INFO |   🏆 New best accuracy: 91.50%
2026-02-06 06:56:26 KST | INFO | 
2026-02-06 06:56:26 KST | INFO | Epoch 184/200 | LR: 0.001773
2026-02-06 06:56:43 KST | INFO |   Train Loss: 0.0172 | Test Loss: 0.0015 | Test Acc: 91.27%
2026-02-06 06:56:43 KST | INFO |   No improvement (1/30)
2026-02-06 06:56:43 KST | INFO | 
2026-02-06 06:56:43 KST | INFO | Epoch 185/200 | LR: 0.001572
2026-02-06 06:57:00 KST | INFO |   Train Loss: 0.0169 | Test Loss: 0.0015 | Test Acc: 91.47%
2026-02-06 06:57:00 KST | INFO |   No improvement (2/30)
2026-02-06 06:57:00 KST | INFO | 
2026-02-06 06:57:00 KST | INFO | Epoch 186/200 | LR: 0.001382
2026-02-06 06:57:17 KST | INFO |   Train Loss: 0.0158 | Test Loss: 0.0014 | Test Acc: 91.33%
2026-02-06 06:57:17 KST | INFO |   No improvement (3/30)
2026-02-06 06:57:17 KST | INFO | 
2026-02-06 06:57:17 KST | INFO | Epoch 187/200 | LR: 0.001205
2026-02-06 06:57:33 KST | INFO |   Train Loss: 0.0157 | Test Loss: 0.0015 | Test Acc: 91.44%
2026-02-06 06:57:33 KST | INFO |   No improvement (4/30)
2026-02-06 06:57:33 KST | INFO | 
2026-02-06 06:57:33 KST | INFO | Epoch 188/200 | LR: 0.001040
2026-02-06 06:57:50 KST | INFO |   Train Loss: 0.0158 | Test Loss: 0.0014 | Test Acc: 91.49%
2026-02-06 06:57:50 KST | INFO |   No improvement (5/30)
2026-02-06 06:57:50 KST | INFO | 
2026-02-06 06:57:50 KST | INFO | Epoch 189/200 | LR: 0.000887
2026-02-06 06:58:07 KST | INFO |   Train Loss: 0.0160 | Test Loss: 0.0014 | Test Acc: 91.47%
2026-02-06 06:58:07 KST | INFO |   No improvement (6/30)
2026-02-06 06:58:07 KST | INFO | 
2026-02-06 06:58:07 KST | INFO | Epoch 190/200 | LR: 0.000746
2026-02-06 06:58:24 KST | INFO |   Train Loss: 0.0166 | Test Loss: 0.0015 | Test Acc: 91.51%
2026-02-06 06:58:24 KST | INFO |   🏆 New best accuracy: 91.51%
2026-02-06 06:58:24 KST | INFO | 
2026-02-06 06:58:24 KST | INFO | Epoch 191/200 | LR: 0.000617
2026-02-06 06:58:41 KST | INFO |   Train Loss: 0.0154 | Test Loss: 0.0014 | Test Acc: 91.24%
2026-02-06 06:58:41 KST | INFO |   No improvement (1/30)
2026-02-06 06:58:41 KST | INFO | 
2026-02-06 06:58:41 KST | INFO | Epoch 192/200 | LR: 0.000500
2026-02-06 06:58:58 KST | INFO |   Train Loss: 0.0160 | Test Loss: 0.0014 | Test Acc: 91.19%
2026-02-06 06:58:58 KST | INFO |   No improvement (2/30)
2026-02-06 06:58:58 KST | INFO | 
2026-02-06 06:58:58 KST | INFO | Epoch 193/200 | LR: 0.000395
2026-02-06 06:59:15 KST | INFO |   Train Loss: 0.0155 | Test Loss: 0.0014 | Test Acc: 91.13%
2026-02-06 06:59:15 KST | INFO |   No improvement (3/30)
2026-02-06 06:59:15 KST | INFO | 
2026-02-06 06:59:15 KST | INFO | Epoch 194/200 | LR: 0.000303
2026-02-06 06:59:32 KST | INFO |   Train Loss: 0.0147 | Test Loss: 0.0015 | Test Acc: 91.41%
2026-02-06 06:59:32 KST | INFO |   No improvement (4/30)
2026-02-06 06:59:32 KST | INFO | 
2026-02-06 06:59:32 KST | INFO | Epoch 195/200 | LR: 0.000223
2026-02-06 06:59:49 KST | INFO |   Train Loss: 0.0155 | Test Loss: 0.0015 | Test Acc: 91.40%
2026-02-06 06:59:49 KST | INFO |   No improvement (5/30)
2026-02-06 06:59:49 KST | INFO | 
2026-02-06 06:59:49 KST | INFO | Epoch 196/200 | LR: 0.000155
2026-02-06 07:00:06 KST | INFO |   Train Loss: 0.0141 | Test Loss: 0.0014 | Test Acc: 91.33%
2026-02-06 07:00:06 KST | INFO |   No improvement (6/30)
2026-02-06 07:00:06 KST | INFO | 
2026-02-06 07:00:06 KST | INFO | Epoch 197/200 | LR: 0.000100
2026-02-06 07:00:23 KST | INFO |   Train Loss: 0.0146 | Test Loss: 0.0015 | Test Acc: 91.41%
2026-02-06 07:00:23 KST | INFO |   No improvement (7/30)
2026-02-06 07:00:23 KST | INFO | 
2026-02-06 07:00:23 KST | INFO | Epoch 198/200 | LR: 0.000057
2026-02-06 07:00:39 KST | INFO |   Train Loss: 0.0142 | Test Loss: 0.0015 | Test Acc: 91.49%
2026-02-06 07:00:39 KST | INFO |   No improvement (8/30)
2026-02-06 07:00:39 KST | INFO | 
2026-02-06 07:00:39 KST | INFO | Epoch 199/200 | LR: 0.000026
2026-02-06 07:00:56 KST | INFO |   Train Loss: 0.0144 | Test Loss: 0.0014 | Test Acc: 91.43%
2026-02-06 07:00:56 KST | INFO |   No improvement (9/30)
2026-02-06 07:00:56 KST | INFO | 
2026-02-06 07:00:56 KST | INFO | Epoch 200/200 | LR: 0.000007
2026-02-06 07:01:13 KST | INFO |   Train Loss: 0.0144 | Test Loss: 0.0014 | Test Acc: 91.46%
2026-02-06 07:01:13 KST | INFO |   No improvement (10/30)
2026-02-06 07:01:13 KST | INFO | 
2026-02-06 07:01:13 KST | INFO | ================================================================================
2026-02-06 07:01:13 KST | INFO | TRAINING COMPLETE
2026-02-06 07:01:13 KST | INFO | ================================================================================
2026-02-06 07:01:13 KST | INFO | Best accuracy:  91.51% (Epoch 190)
2026-02-06 07:01:13 KST | INFO | Final accuracy: 91.46%
2026-02-06 07:01:13 KST | INFO | ================================================================================
2026-02-06 07:01:13 KST | INFO | 
2026-02-06 07:01:13 KST | INFO | Notifying nodes of completion...
2026-02-06 07:01:14 KST | INFO | ✓ Nodes notified
2026-02-06 07:01:14 KST | INFO | 
2026-02-06 07:01:14 KST | INFO | Closing connections...
2026-02-06 07:01:14 KST | INFO | ✓ Cleanup complete
2026-02-06 07:01:14 KST | INFO | 
2026-02-06 07:01:14 KST | INFO | Full log: logs/TL++_base_20260206_060402.log
2026-02-06 07:01:14 KST | INFO | ================================================================================
