2026-03-08 01:50:18 KST | INFO | ================================================================================
2026-03-08 01:50:18 KST | INFO | TL++ Orchestrator
2026-03-08 01:50:18 KST | INFO | ================================================================================
2026-03-08 01:50:18 KST | INFO | Log file: logs/TL++_secure_20260308_015018.log
2026-03-08 01:50:18 KST | INFO | 
2026-03-08 01:50:18 KST | INFO | --------------------------------------------------------------------------------
2026-03-08 01:50:18 KST | INFO | CONFIGURATION
2026-03-08 01:50:18 KST | INFO | --------------------------------------------------------------------------------
2026-03-08 01:50:18 KST | INFO | Secure mode:      True
2026-03-08 01:50:18 KST | INFO | Helper endpoint:  127.0.0.1:8082
2026-03-08 01:50:18 KST | INFO | Activation noise: 2.0%
2026-03-08 01:50:18 KST | INFO | Gradient noise:   10.0%
2026-03-08 01:50:18 KST | INFO | Nodes:            5
2026-03-08 01:50:18 KST | INFO | Cut layer:        3
2026-03-08 01:50:18 KST | INFO | Batch size:       128
2026-03-08 01:50:18 KST | INFO | Learning rate:    0.1
2026-03-08 01:50:18 KST | INFO | 
2026-03-08 01:50:18 KST | INFO | Computation device: cuda
2026-03-08 01:50:18 KST | INFO | Secure mode: ✓ ENABLED
2026-03-08 01:50:18 KST | INFO | 
2026-03-08 01:50:18 KST | INFO | --------------------------------------------------------------------------------
2026-03-08 01:50:18 KST | INFO | NETWORK SETUP
2026-03-08 01:50:18 KST | INFO | --------------------------------------------------------------------------------
2026-03-08 01:50:18 KST | INFO | ✓ Orchestrator listening on 127.0.0.1:8080
2026-03-08 01:50:18 KST | INFO | ✓ Helper node on 127.0.0.1:8082
2026-03-08 01:50:18 KST | INFO | 
2026-03-08 01:50:18 KST | INFO | Waiting for helper node...
2026-03-08 01:50:20 KST | INFO | ✓ Helper node connected
2026-03-08 01:50:20 KST | INFO | ✓ Noise config sent to helper (activation: 2.0%, gradient: 10.0%)
2026-03-08 01:50:20 KST | INFO | 
2026-03-08 01:50:20 KST | INFO | Waiting for 5 node(s)...
2026-03-08 01:50:26 KST | INFO |   ✓ Node 1/5 connected
2026-03-08 01:50:26 KST | INFO |   ✓ Node 2/5 connected
2026-03-08 01:50:27 KST | INFO |   ✓ Node 3/5 connected
2026-03-08 01:50:27 KST | INFO |   ✓ Node 4/5 connected
2026-03-08 01:50:28 KST | INFO |   ✓ Node 5/5 connected
2026-03-08 01:50:28 KST | INFO | ✓ All 5 node(s) connected
2026-03-08 01:50:28 KST | INFO | 
2026-03-08 01:50:28 KST | INFO | --------------------------------------------------------------------------------
2026-03-08 01:50:28 KST | INFO | MODEL INITIALIZATION
2026-03-08 01:50:28 KST | INFO | --------------------------------------------------------------------------------
2026-03-08 01:50:28 KST | INFO | Node-side parameters: 3,243,072
2026-03-08 01:50:28 KST | INFO | 
2026-03-08 01:50:28 KST | INFO | --------------------------------------------------------------------------------
2026-03-08 01:50:28 KST | INFO | BROADCASTING CONFIGURATION
2026-03-08 01:50:28 KST | INFO | --------------------------------------------------------------------------------
2026-03-08 01:50:28 KST | INFO | ✓ Configuration broadcast to all nodes
2026-03-08 01:50:30 KST | INFO | 
2026-03-08 01:50:30 KST | INFO | Total parameters:     3,245,637
2026-03-08 01:50:30 KST | INFO | Trainable parameters: 3,245,637
2026-03-08 01:50:30 KST | INFO | 
2026-03-08 01:50:30 KST | INFO | --------------------------------------------------------------------------------
2026-03-08 01:50:30 KST | INFO | DATA LOADING
2026-03-08 01:50:30 KST | INFO | --------------------------------------------------------------------------------
2026-03-08 01:50:54 KST | INFO | ✓ Dataset information collected:
2026-03-08 01:50:54 KST | INFO |     Node 1: 5,000 samples
2026-03-08 01:50:54 KST | INFO |     Node 2: 5,000 samples
2026-03-08 01:50:54 KST | INFO |     Node 3: 5,000 samples
2026-03-08 01:50:54 KST | INFO |     Node 4: 5,000 samples
2026-03-08 01:50:54 KST | INFO |     Node 5: 5,000 samples
2026-03-08 01:50:54 KST | INFO |   Total training samples: 25,000
2026-03-08 01:50:54 KST | INFO | 
2026-03-08 01:50:57 KST | INFO | ✓ Test dataset loaded: 5,000 samples
2026-03-08 01:50:57 KST | INFO | 
2026-03-08 01:50:57 KST | INFO | ✓ Batch scheduler: 196 batches/epoch
2026-03-08 01:50:57 KST | INFO | 
2026-03-08 01:50:57 KST | INFO | --------------------------------------------------------------------------------
2026-03-08 01:50:57 KST | INFO | OPTIMIZATION SETUP
2026-03-08 01:50:57 KST | INFO | --------------------------------------------------------------------------------
2026-03-08 01:50:57 KST | INFO | ✓ Optimizer: SGD (lr=0.1, momentum=0.9)
2026-03-08 01:50:57 KST | INFO | ✓ Scheduler: cosine
2026-03-08 01:50:57 KST | INFO | ✓ Gradient clipping: 1.0
2026-03-08 01:50:57 KST | INFO | 
2026-03-08 01:50:57 KST | INFO | ================================================================================
2026-03-08 01:50:57 KST | INFO | Setup complete - Ready for training
2026-03-08 01:50:57 KST | INFO | ================================================================================
2026-03-08 01:50:57 KST | INFO | 
2026-03-08 01:50:57 KST | INFO | --------------------------------------------------------------------------------
2026-03-08 01:50:57 KST | INFO | TRAINING
2026-03-08 01:50:57 KST | INFO | --------------------------------------------------------------------------------
2026-03-08 01:50:57 KST | INFO | 
2026-03-08 01:50:57 KST | INFO | Epoch 1/200 | LR: 0.100000
2026-03-08 01:54:25 KST | INFO |   Train Loss: 1.1927 | Test Loss: 0.0037 | Test Acc: 61.70%
2026-03-08 01:54:25 KST | INFO |   🏆 New best accuracy: 61.70%
2026-03-08 01:54:25 KST | INFO | 
2026-03-08 01:54:25 KST | INFO | Epoch 2/200 | LR: 0.099994
2026-03-08 01:57:43 KST | INFO |   Train Loss: 0.9056 | Test Loss: 0.0030 | Test Acc: 69.34%
2026-03-08 01:57:43 KST | INFO |   🏆 New best accuracy: 69.34%
2026-03-08 01:57:43 KST | INFO | 
2026-03-08 01:57:43 KST | INFO | Epoch 3/200 | LR: 0.099975
2026-03-08 02:01:03 KST | INFO |   Train Loss: 0.7594 | Test Loss: 0.0030 | Test Acc: 67.38%
2026-03-08 02:01:03 KST | INFO |   No improvement (1/30)
2026-03-08 02:01:03 KST | INFO | 
2026-03-08 02:01:03 KST | INFO | Epoch 4/200 | LR: 0.099944
2026-03-08 02:04:23 KST | INFO |   Train Loss: 0.6405 | Test Loss: 0.0024 | Test Acc: 76.64%
2026-03-08 02:04:23 KST | INFO |   🏆 New best accuracy: 76.64%
2026-03-08 02:04:23 KST | INFO | 
2026-03-08 02:04:23 KST | INFO | Epoch 5/200 | LR: 0.099901
2026-03-08 02:07:45 KST | INFO |   Train Loss: 0.5624 | Test Loss: 0.0027 | Test Acc: 73.84%
2026-03-08 02:07:45 KST | INFO |   No improvement (1/30)
2026-03-08 02:07:45 KST | INFO | 
2026-03-08 02:07:45 KST | INFO | Epoch 6/200 | LR: 0.099846
2026-03-08 02:11:05 KST | INFO |   Train Loss: 0.4998 | Test Loss: 0.0018 | Test Acc: 83.46%
2026-03-08 02:11:05 KST | INFO |   🏆 New best accuracy: 83.46%
2026-03-08 02:11:05 KST | INFO | 
2026-03-08 02:11:05 KST | INFO | Epoch 7/200 | LR: 0.099778
2026-03-08 02:14:20 KST | INFO |   Train Loss: 0.4558 | Test Loss: 0.0019 | Test Acc: 82.38%
2026-03-08 02:14:20 KST | INFO |   No improvement (1/30)
2026-03-08 02:14:20 KST | INFO | 
2026-03-08 02:14:20 KST | INFO | Epoch 8/200 | LR: 0.099698
2026-03-08 02:17:36 KST | INFO |   Train Loss: 0.4177 | Test Loss: 0.0018 | Test Acc: 83.80%
2026-03-08 02:17:36 KST | INFO |   🏆 New best accuracy: 83.80%
2026-03-08 02:17:36 KST | INFO | 
2026-03-08 02:17:36 KST | INFO | Epoch 9/200 | LR: 0.099606
2026-03-08 02:20:55 KST | INFO |   Train Loss: 0.3935 | Test Loss: 0.0019 | Test Acc: 83.90%
2026-03-08 02:20:55 KST | INFO |   🏆 New best accuracy: 83.90%
2026-03-08 02:20:55 KST | INFO | 
2026-03-08 02:20:55 KST | INFO | Epoch 10/200 | LR: 0.099501
2026-03-08 02:24:14 KST | INFO |   Train Loss: 0.3743 | Test Loss: 0.0017 | Test Acc: 84.76%
2026-03-08 02:24:14 KST | INFO |   🏆 New best accuracy: 84.76%
2026-03-08 02:24:14 KST | INFO | 
2026-03-08 02:24:14 KST | INFO | Epoch 11/200 | LR: 0.099384
2026-03-08 02:27:32 KST | INFO |   Train Loss: 0.3477 | Test Loss: 0.0014 | Test Acc: 87.66%
2026-03-08 02:27:32 KST | INFO |   🏆 New best accuracy: 87.66%
2026-03-08 02:27:32 KST | INFO | 
2026-03-08 02:27:32 KST | INFO | Epoch 12/200 | LR: 0.099255
2026-03-08 02:30:56 KST | INFO |   Train Loss: 0.3308 | Test Loss: 0.0015 | Test Acc: 86.48%
2026-03-08 02:30:56 KST | INFO |   No improvement (1/30)
2026-03-08 02:30:56 KST | INFO | 
2026-03-08 02:30:56 KST | INFO | Epoch 13/200 | LR: 0.099114
2026-03-08 02:34:15 KST | INFO |   Train Loss: 0.3237 | Test Loss: 0.0018 | Test Acc: 83.74%
2026-03-08 02:34:15 KST | INFO |   No improvement (2/30)
2026-03-08 02:34:15 KST | INFO | 
2026-03-08 02:34:15 KST | INFO | Epoch 14/200 | LR: 0.098961
2026-03-08 02:37:39 KST | INFO |   Train Loss: 0.3100 | Test Loss: 0.0015 | Test Acc: 86.78%
2026-03-08 02:37:39 KST | INFO |   No improvement (3/30)
2026-03-08 02:37:39 KST | INFO | 
2026-03-08 02:37:39 KST | INFO | Epoch 15/200 | LR: 0.098796
2026-03-08 02:41:05 KST | INFO |   Train Loss: 0.2971 | Test Loss: 0.0014 | Test Acc: 87.92%
2026-03-08 02:41:05 KST | INFO |   🏆 New best accuracy: 87.92%
2026-03-08 02:41:05 KST | INFO | 
2026-03-08 02:41:05 KST | INFO | Epoch 16/200 | LR: 0.098619
2026-03-08 02:44:23 KST | INFO |   Train Loss: 0.2823 | Test Loss: 0.0012 | Test Acc: 89.22%
2026-03-08 02:44:23 KST | INFO |   🏆 New best accuracy: 89.22%
2026-03-08 02:44:23 KST | INFO | 
2026-03-08 02:44:23 KST | INFO | Epoch 17/200 | LR: 0.098429
2026-03-08 02:47:50 KST | INFO |   Train Loss: 0.2692 | Test Loss: 0.0017 | Test Acc: 85.46%
2026-03-08 02:47:50 KST | INFO |   No improvement (1/30)
2026-03-08 02:47:50 KST | INFO | 
2026-03-08 02:47:50 KST | INFO | Epoch 18/200 | LR: 0.098228
2026-03-08 02:51:14 KST | INFO |   Train Loss: 0.2700 | Test Loss: 0.0012 | Test Acc: 89.52%
2026-03-08 02:51:14 KST | INFO |   🏆 New best accuracy: 89.52%
2026-03-08 02:51:14 KST | INFO | 
2026-03-08 02:51:14 KST | INFO | Epoch 19/200 | LR: 0.098015
2026-03-08 02:54:31 KST | INFO |   Train Loss: 0.2534 | Test Loss: 0.0014 | Test Acc: 87.98%
2026-03-08 02:54:31 KST | INFO |   No improvement (1/30)
2026-03-08 02:54:31 KST | INFO | 
2026-03-08 02:54:31 KST | INFO | Epoch 20/200 | LR: 0.097790
2026-03-08 02:57:55 KST | INFO |   Train Loss: 0.2550 | Test Loss: 0.0016 | Test Acc: 86.86%
2026-03-08 02:57:55 KST | INFO |   No improvement (2/30)
2026-03-08 02:57:55 KST | INFO | 
2026-03-08 02:57:55 KST | INFO | Epoch 21/200 | LR: 0.097553
2026-03-08 03:01:27 KST | INFO |   Train Loss: 0.2483 | Test Loss: 0.0014 | Test Acc: 88.62%
2026-03-08 03:01:27 KST | INFO |   No improvement (3/30)
2026-03-08 03:01:27 KST | INFO | 
2026-03-08 03:01:27 KST | INFO | Epoch 22/200 | LR: 0.097304
2026-03-08 03:04:46 KST | INFO |   Train Loss: 0.2410 | Test Loss: 0.0013 | Test Acc: 88.70%
2026-03-08 03:04:46 KST | INFO |   No improvement (4/30)
2026-03-08 03:04:46 KST | INFO | 
2026-03-08 03:04:46 KST | INFO | Epoch 23/200 | LR: 0.097044
2026-03-08 03:08:08 KST | INFO |   Train Loss: 0.2366 | Test Loss: 0.0012 | Test Acc: 89.74%
2026-03-08 03:08:08 KST | INFO |   🏆 New best accuracy: 89.74%
2026-03-08 03:08:08 KST | INFO | 
2026-03-08 03:08:08 KST | INFO | Epoch 24/200 | LR: 0.096772
2026-03-08 03:11:28 KST | INFO |   Train Loss: 0.2327 | Test Loss: 0.0016 | Test Acc: 87.44%
2026-03-08 03:11:28 KST | INFO |   No improvement (1/30)
2026-03-08 03:11:28 KST | INFO | 
2026-03-08 03:11:28 KST | INFO | Epoch 25/200 | LR: 0.096489
2026-03-08 03:14:50 KST | INFO |   Train Loss: 0.2273 | Test Loss: 0.0012 | Test Acc: 89.74%
2026-03-08 03:14:50 KST | INFO |   No improvement (2/30)
2026-03-08 03:14:50 KST | INFO | 
2026-03-08 03:14:50 KST | INFO | Epoch 26/200 | LR: 0.096194
2026-03-08 03:18:17 KST | INFO |   Train Loss: 0.2278 | Test Loss: 0.0013 | Test Acc: 89.18%
2026-03-08 03:18:17 KST | INFO |   No improvement (3/30)
2026-03-08 03:18:17 KST | INFO | 
2026-03-08 03:18:17 KST | INFO | Epoch 27/200 | LR: 0.095888
2026-03-08 03:21:41 KST | INFO |   Train Loss: 0.2143 | Test Loss: 0.0015 | Test Acc: 86.66%
2026-03-08 03:21:41 KST | INFO |   No improvement (4/30)
2026-03-08 03:21:41 KST | INFO | 
2026-03-08 03:21:41 KST | INFO | Epoch 28/200 | LR: 0.095570
2026-03-08 03:25:02 KST | INFO |   Train Loss: 0.2140 | Test Loss: 0.0015 | Test Acc: 87.96%
2026-03-08 03:25:02 KST | INFO |   No improvement (5/30)
2026-03-08 03:25:02 KST | INFO | 
2026-03-08 03:25:02 KST | INFO | Epoch 29/200 | LR: 0.095241
2026-03-08 03:28:25 KST | INFO |   Train Loss: 0.2120 | Test Loss: 0.0015 | Test Acc: 88.50%
2026-03-08 03:28:25 KST | INFO |   No improvement (6/30)
2026-03-08 03:28:25 KST | INFO | 
2026-03-08 03:28:25 KST | INFO | Epoch 30/200 | LR: 0.094901
2026-03-08 03:31:44 KST | INFO |   Train Loss: 0.2104 | Test Loss: 0.0013 | Test Acc: 89.36%
2026-03-08 03:31:44 KST | INFO |   No improvement (7/30)
2026-03-08 03:31:44 KST | INFO | 
2026-03-08 03:31:44 KST | INFO | Epoch 31/200 | LR: 0.094550
2026-03-08 03:35:03 KST | INFO |   Train Loss: 0.2014 | Test Loss: 0.0011 | Test Acc: 90.68%
2026-03-08 03:35:03 KST | INFO |   🏆 New best accuracy: 90.68%
2026-03-08 03:35:03 KST | INFO | 
2026-03-08 03:35:03 KST | INFO | Epoch 32/200 | LR: 0.094188
2026-03-08 03:38:21 KST | INFO |   Train Loss: 0.1981 | Test Loss: 0.0011 | Test Acc: 90.58%
2026-03-08 03:38:21 KST | INFO |   No improvement (1/30)
2026-03-08 03:38:21 KST | INFO | 
2026-03-08 03:38:21 KST | INFO | Epoch 33/200 | LR: 0.093815
2026-03-08 03:41:47 KST | INFO |   Train Loss: 0.1974 | Test Loss: 0.0015 | Test Acc: 88.58%
2026-03-08 03:41:47 KST | INFO |   No improvement (2/30)
2026-03-08 03:41:47 KST | INFO | 
2026-03-08 03:41:47 KST | INFO | Epoch 34/200 | LR: 0.093432
2026-03-08 03:45:05 KST | INFO |   Train Loss: 0.1946 | Test Loss: 0.0013 | Test Acc: 88.80%
2026-03-08 03:45:05 KST | INFO |   No improvement (3/30)
2026-03-08 03:45:05 KST | INFO | 
2026-03-08 03:45:05 KST | INFO | Epoch 35/200 | LR: 0.093037
2026-03-08 03:48:17 KST | INFO |   Train Loss: 0.1891 | Test Loss: 0.0011 | Test Acc: 90.38%
2026-03-08 03:48:17 KST | INFO |   No improvement (4/30)
2026-03-08 03:48:17 KST | INFO | 
2026-03-08 03:48:17 KST | INFO | Epoch 36/200 | LR: 0.092632
2026-03-08 03:51:35 KST | INFO |   Train Loss: 0.1887 | Test Loss: 0.0014 | Test Acc: 88.18%
2026-03-08 03:51:35 KST | INFO |   No improvement (5/30)
2026-03-08 03:51:35 KST | INFO | 
2026-03-08 03:51:35 KST | INFO | Epoch 37/200 | LR: 0.092216
2026-03-08 03:54:49 KST | INFO |   Train Loss: 0.1899 | Test Loss: 0.0011 | Test Acc: 90.62%
2026-03-08 03:54:49 KST | INFO |   No improvement (6/30)
2026-03-08 03:54:49 KST | INFO | 
2026-03-08 03:54:49 KST | INFO | Epoch 38/200 | LR: 0.091790
2026-03-08 03:58:09 KST | INFO |   Train Loss: 0.1902 | Test Loss: 0.0010 | Test Acc: 91.08%
2026-03-08 03:58:09 KST | INFO |   🏆 New best accuracy: 91.08%
2026-03-08 03:58:09 KST | INFO | 
2026-03-08 03:58:09 KST | INFO | Epoch 39/200 | LR: 0.091354
2026-03-08 04:01:27 KST | INFO |   Train Loss: 0.1830 | Test Loss: 0.0014 | Test Acc: 88.26%
2026-03-08 04:01:27 KST | INFO |   No improvement (1/30)
2026-03-08 04:01:27 KST | INFO | 
2026-03-08 04:01:27 KST | INFO | Epoch 40/200 | LR: 0.090908
2026-03-08 04:04:45 KST | INFO |   Train Loss: 0.1784 | Test Loss: 0.0011 | Test Acc: 90.66%
2026-03-08 04:04:45 KST | INFO |   No improvement (2/30)
2026-03-08 04:04:45 KST | INFO | 
2026-03-08 04:04:45 KST | INFO | Epoch 41/200 | LR: 0.090451
2026-03-08 04:08:13 KST | INFO |   Train Loss: 0.1813 | Test Loss: 0.0011 | Test Acc: 90.86%
2026-03-08 04:08:13 KST | INFO |   No improvement (3/30)
2026-03-08 04:08:13 KST | INFO | 
2026-03-08 04:08:13 KST | INFO | Epoch 42/200 | LR: 0.089984
2026-03-08 04:11:27 KST | INFO |   Train Loss: 0.1803 | Test Loss: 0.0013 | Test Acc: 89.06%
2026-03-08 04:11:27 KST | INFO |   No improvement (4/30)
2026-03-08 04:11:27 KST | INFO | 
2026-03-08 04:11:27 KST | INFO | Epoch 43/200 | LR: 0.089508
2026-03-08 04:14:44 KST | INFO |   Train Loss: 0.1728 | Test Loss: 0.0009 | Test Acc: 91.70%
2026-03-08 04:14:44 KST | INFO |   🏆 New best accuracy: 91.70%
2026-03-08 04:14:44 KST | INFO | 
2026-03-08 04:14:44 KST | INFO | Epoch 44/200 | LR: 0.089022
2026-03-08 04:18:03 KST | INFO |   Train Loss: 0.1673 | Test Loss: 0.0011 | Test Acc: 90.88%
2026-03-08 04:18:03 KST | INFO |   No improvement (1/30)
2026-03-08 04:18:03 KST | INFO | 
2026-03-08 04:18:03 KST | INFO | Epoch 45/200 | LR: 0.088526
2026-03-08 04:21:23 KST | INFO |   Train Loss: 0.1651 | Test Loss: 0.0011 | Test Acc: 90.30%
2026-03-08 04:21:23 KST | INFO |   No improvement (2/30)
2026-03-08 04:21:23 KST | INFO | 
2026-03-08 04:21:23 KST | INFO | Epoch 46/200 | LR: 0.088020
2026-03-08 04:24:39 KST | INFO |   Train Loss: 0.1705 | Test Loss: 0.0013 | Test Acc: 89.20%
2026-03-08 04:24:39 KST | INFO |   No improvement (3/30)
2026-03-08 04:24:39 KST | INFO | 
2026-03-08 04:24:39 KST | INFO | Epoch 47/200 | LR: 0.087506
2026-03-08 04:27:56 KST | INFO |   Train Loss: 0.1655 | Test Loss: 0.0010 | Test Acc: 91.46%
2026-03-08 04:27:56 KST | INFO |   No improvement (4/30)
2026-03-08 04:27:56 KST | INFO | 
2026-03-08 04:27:56 KST | INFO | Epoch 48/200 | LR: 0.086982
2026-03-08 04:31:14 KST | INFO |   Train Loss: 0.1610 | Test Loss: 0.0011 | Test Acc: 90.54%
2026-03-08 04:31:14 KST | INFO |   No improvement (5/30)
2026-03-08 04:31:14 KST | INFO | 
2026-03-08 04:31:14 KST | INFO | Epoch 49/200 | LR: 0.086449
2026-03-08 04:34:39 KST | INFO |   Train Loss: 0.1599 | Test Loss: 0.0010 | Test Acc: 91.12%
2026-03-08 04:34:39 KST | INFO |   No improvement (6/30)
2026-03-08 04:34:39 KST | INFO | 
2026-03-08 04:34:39 KST | INFO | Epoch 50/200 | LR: 0.085906
2026-03-08 04:38:02 KST | INFO |   Train Loss: 0.1591 | Test Loss: 0.0011 | Test Acc: 90.62%
2026-03-08 04:38:02 KST | INFO |   No improvement (7/30)
2026-03-08 04:38:02 KST | INFO | 
2026-03-08 04:38:02 KST | INFO | Epoch 51/200 | LR: 0.085355
2026-03-08 04:41:26 KST | INFO |   Train Loss: 0.1590 | Test Loss: 0.0015 | Test Acc: 89.16%
2026-03-08 04:41:26 KST | INFO |   No improvement (8/30)
2026-03-08 04:41:26 KST | INFO | 
2026-03-08 04:41:26 KST | INFO | Epoch 52/200 | LR: 0.084796
2026-03-08 04:44:41 KST | INFO |   Train Loss: 0.1537 | Test Loss: 0.0010 | Test Acc: 91.66%
2026-03-08 04:44:41 KST | INFO |   No improvement (9/30)
2026-03-08 04:44:41 KST | INFO | 
2026-03-08 04:44:41 KST | INFO | Epoch 53/200 | LR: 0.084228
2026-03-08 04:48:00 KST | INFO |   Train Loss: 0.1531 | Test Loss: 0.0011 | Test Acc: 90.82%
2026-03-08 04:48:00 KST | INFO |   No improvement (10/30)
2026-03-08 04:48:00 KST | INFO | 
2026-03-08 04:48:00 KST | INFO | Epoch 54/200 | LR: 0.083651
2026-03-08 04:51:24 KST | INFO |   Train Loss: 0.1562 | Test Loss: 0.0011 | Test Acc: 90.64%
2026-03-08 04:51:24 KST | INFO |   No improvement (11/30)
2026-03-08 04:51:24 KST | INFO | 
2026-03-08 04:51:24 KST | INFO | Epoch 55/200 | LR: 0.083066
2026-03-08 04:54:42 KST | INFO |   Train Loss: 0.1494 | Test Loss: 0.0011 | Test Acc: 91.10%
2026-03-08 04:54:42 KST | INFO |   No improvement (12/30)
2026-03-08 04:54:42 KST | INFO | 
2026-03-08 04:54:42 KST | INFO | Epoch 56/200 | LR: 0.082473
2026-03-08 04:57:56 KST | INFO |   Train Loss: 0.1495 | Test Loss: 0.0010 | Test Acc: 91.68%
2026-03-08 04:57:56 KST | INFO |   No improvement (13/30)
2026-03-08 04:57:56 KST | INFO | 
2026-03-08 04:57:56 KST | INFO | Epoch 57/200 | LR: 0.081871
2026-03-08 05:01:07 KST | INFO |   Train Loss: 0.1423 | Test Loss: 0.0010 | Test Acc: 91.86%
2026-03-08 05:01:07 KST | INFO |   🏆 New best accuracy: 91.86%
2026-03-08 05:01:07 KST | INFO | 
2026-03-08 05:01:07 KST | INFO | Epoch 58/200 | LR: 0.081262
2026-03-08 05:04:27 KST | INFO |   Train Loss: 0.1408 | Test Loss: 0.0011 | Test Acc: 90.80%
2026-03-08 05:04:27 KST | INFO |   No improvement (1/30)
2026-03-08 05:04:27 KST | INFO | 
2026-03-08 05:04:27 KST | INFO | Epoch 59/200 | LR: 0.080646
2026-03-08 05:07:43 KST | INFO |   Train Loss: 0.1383 | Test Loss: 0.0010 | Test Acc: 91.86%
2026-03-08 05:07:43 KST | INFO |   No improvement (2/30)
2026-03-08 05:07:43 KST | INFO | 
2026-03-08 05:07:43 KST | INFO | Epoch 60/200 | LR: 0.080021
2026-03-08 05:11:04 KST | INFO |   Train Loss: 0.1448 | Test Loss: 0.0011 | Test Acc: 90.92%
2026-03-08 05:11:04 KST | INFO |   No improvement (3/30)
2026-03-08 05:11:04 KST | INFO | 
2026-03-08 05:11:04 KST | INFO | Epoch 61/200 | LR: 0.079389
2026-03-08 05:14:22 KST | INFO |   Train Loss: 0.1409 | Test Loss: 0.0011 | Test Acc: 91.06%
2026-03-08 05:14:22 KST | INFO |   No improvement (4/30)
2026-03-08 05:14:22 KST | INFO | 
2026-03-08 05:14:22 KST | INFO | Epoch 62/200 | LR: 0.078750
2026-03-08 05:17:47 KST | INFO |   Train Loss: 0.1353 | Test Loss: 0.0011 | Test Acc: 91.36%
2026-03-08 05:17:47 KST | INFO |   No improvement (5/30)
2026-03-08 05:17:47 KST | INFO | 
2026-03-08 05:17:47 KST | INFO | Epoch 63/200 | LR: 0.078104
2026-03-08 05:21:01 KST | INFO |   Train Loss: 0.1349 | Test Loss: 0.0014 | Test Acc: 89.12%
2026-03-08 05:21:01 KST | INFO |   No improvement (6/30)
2026-03-08 05:21:01 KST | INFO | 
2026-03-08 05:21:01 KST | INFO | Epoch 64/200 | LR: 0.077451
2026-03-08 05:24:20 KST | INFO |   Train Loss: 0.1394 | Test Loss: 0.0013 | Test Acc: 89.88%
2026-03-08 05:24:20 KST | INFO |   No improvement (7/30)
2026-03-08 05:24:20 KST | INFO | 
2026-03-08 05:24:20 KST | INFO | Epoch 65/200 | LR: 0.076792
2026-03-08 05:27:34 KST | INFO |   Train Loss: 0.1367 | Test Loss: 0.0010 | Test Acc: 91.66%
2026-03-08 05:27:34 KST | INFO |   No improvement (8/30)
2026-03-08 05:27:34 KST | INFO | 
2026-03-08 05:27:34 KST | INFO | Epoch 66/200 | LR: 0.076125
2026-03-08 05:30:48 KST | INFO |   Train Loss: 0.1349 | Test Loss: 0.0011 | Test Acc: 91.28%
2026-03-08 05:30:48 KST | INFO |   No improvement (9/30)
2026-03-08 05:30:48 KST | INFO | 
2026-03-08 05:30:48 KST | INFO | Epoch 67/200 | LR: 0.075452
2026-03-08 05:34:09 KST | INFO |   Train Loss: 0.1354 | Test Loss: 0.0010 | Test Acc: 92.22%
2026-03-08 05:34:09 KST | INFO |   🏆 New best accuracy: 92.22%
2026-03-08 05:34:09 KST | INFO | 
2026-03-08 05:34:09 KST | INFO | Epoch 68/200 | LR: 0.074773
2026-03-08 05:37:20 KST | INFO |   Train Loss: 0.1266 | Test Loss: 0.0011 | Test Acc: 91.20%
2026-03-08 05:37:20 KST | INFO |   No improvement (1/30)
2026-03-08 05:37:20 KST | INFO | 
2026-03-08 05:37:20 KST | INFO | Epoch 69/200 | LR: 0.074088
2026-03-08 05:40:44 KST | INFO |   Train Loss: 0.1276 | Test Loss: 0.0009 | Test Acc: 92.46%
2026-03-08 05:40:44 KST | INFO |   🏆 New best accuracy: 92.46%
2026-03-08 05:40:44 KST | INFO | 
2026-03-08 05:40:44 KST | INFO | Epoch 70/200 | LR: 0.073397
2026-03-08 05:44:07 KST | INFO |   Train Loss: 0.1262 | Test Loss: 0.0009 | Test Acc: 92.00%
2026-03-08 05:44:07 KST | INFO |   No improvement (1/30)
2026-03-08 05:44:07 KST | INFO | 
2026-03-08 05:44:07 KST | INFO | Epoch 71/200 | LR: 0.072700
2026-03-08 05:47:28 KST | INFO |   Train Loss: 0.1284 | Test Loss: 0.0010 | Test Acc: 92.04%
2026-03-08 05:47:28 KST | INFO |   No improvement (2/30)
2026-03-08 05:47:28 KST | INFO | 
2026-03-08 05:47:28 KST | INFO | Epoch 72/200 | LR: 0.071997
2026-03-08 05:50:47 KST | INFO |   Train Loss: 0.1176 | Test Loss: 0.0010 | Test Acc: 91.74%
2026-03-08 05:50:47 KST | INFO |   No improvement (3/30)
2026-03-08 05:50:47 KST | INFO | 
2026-03-08 05:50:47 KST | INFO | Epoch 73/200 | LR: 0.071289
2026-03-08 05:54:05 KST | INFO |   Train Loss: 0.1162 | Test Loss: 0.0013 | Test Acc: 90.04%
2026-03-08 05:54:05 KST | INFO |   No improvement (4/30)
2026-03-08 05:54:05 KST | INFO | 
2026-03-08 05:54:05 KST | INFO | Epoch 74/200 | LR: 0.070576
2026-03-08 05:57:23 KST | INFO |   Train Loss: 0.1167 | Test Loss: 0.0012 | Test Acc: 90.32%
2026-03-08 05:57:23 KST | INFO |   No improvement (5/30)
2026-03-08 05:57:23 KST | INFO | 
2026-03-08 05:57:23 KST | INFO | Epoch 75/200 | LR: 0.069858
2026-03-08 06:00:50 KST | INFO |   Train Loss: 0.1169 | Test Loss: 0.0011 | Test Acc: 91.06%
2026-03-08 06:00:50 KST | INFO |   No improvement (6/30)
2026-03-08 06:00:50 KST | INFO | 
2026-03-08 06:00:50 KST | INFO | Epoch 76/200 | LR: 0.069134
2026-03-08 06:04:08 KST | INFO |   Train Loss: 0.1195 | Test Loss: 0.0012 | Test Acc: 91.28%
2026-03-08 06:04:08 KST | INFO |   No improvement (7/30)
2026-03-08 06:04:08 KST | INFO | 
2026-03-08 06:04:08 KST | INFO | Epoch 77/200 | LR: 0.068407
2026-03-08 06:07:21 KST | INFO |   Train Loss: 0.1150 | Test Loss: 0.0009 | Test Acc: 92.44%
2026-03-08 06:07:21 KST | INFO |   No improvement (8/30)
2026-03-08 06:07:21 KST | INFO | 
2026-03-08 06:07:21 KST | INFO | Epoch 78/200 | LR: 0.067674
2026-03-08 06:10:37 KST | INFO |   Train Loss: 0.1148 | Test Loss: 0.0013 | Test Acc: 90.52%
2026-03-08 06:10:37 KST | INFO |   No improvement (9/30)
2026-03-08 06:10:37 KST | INFO | 
2026-03-08 06:10:37 KST | INFO | Epoch 79/200 | LR: 0.066937
2026-03-08 06:13:52 KST | INFO |   Train Loss: 0.1160 | Test Loss: 0.0009 | Test Acc: 92.68%
2026-03-08 06:13:52 KST | INFO |   🏆 New best accuracy: 92.68%
2026-03-08 06:13:52 KST | INFO | 
2026-03-08 06:13:52 KST | INFO | Epoch 80/200 | LR: 0.066196
2026-03-08 06:17:08 KST | INFO |   Train Loss: 0.1083 | Test Loss: 0.0011 | Test Acc: 91.68%
2026-03-08 06:17:08 KST | INFO |   No improvement (1/30)
2026-03-08 06:17:08 KST | INFO | 
2026-03-08 06:17:08 KST | INFO | Epoch 81/200 | LR: 0.065451
2026-03-08 06:20:22 KST | INFO |   Train Loss: 0.1064 | Test Loss: 0.0015 | Test Acc: 89.24%
2026-03-08 06:20:22 KST | INFO |   No improvement (2/30)
2026-03-08 06:20:22 KST | INFO | 
2026-03-08 06:20:22 KST | INFO | Epoch 82/200 | LR: 0.064702
2026-03-08 06:23:39 KST | INFO |   Train Loss: 0.1072 | Test Loss: 0.0011 | Test Acc: 91.36%
2026-03-08 06:23:39 KST | INFO |   No improvement (3/30)
2026-03-08 06:23:39 KST | INFO | 
2026-03-08 06:23:39 KST | INFO | Epoch 83/200 | LR: 0.063950
2026-03-08 06:26:55 KST | INFO |   Train Loss: 0.1028 | Test Loss: 0.0010 | Test Acc: 92.28%
2026-03-08 06:26:55 KST | INFO |   No improvement (4/30)
2026-03-08 06:26:55 KST | INFO | 
2026-03-08 06:26:55 KST | INFO | Epoch 84/200 | LR: 0.063194
2026-03-08 06:30:08 KST | INFO |   Train Loss: 0.1029 | Test Loss: 0.0011 | Test Acc: 91.82%
2026-03-08 06:30:08 KST | INFO |   No improvement (5/30)
2026-03-08 06:30:08 KST | INFO | 
2026-03-08 06:30:08 KST | INFO | Epoch 85/200 | LR: 0.062435
2026-03-08 06:33:23 KST | INFO |   Train Loss: 0.1034 | Test Loss: 0.0009 | Test Acc: 92.52%
2026-03-08 06:33:23 KST | INFO |   No improvement (6/30)
2026-03-08 06:33:23 KST | INFO | 
2026-03-08 06:33:23 KST | INFO | Epoch 86/200 | LR: 0.061673
2026-03-08 06:36:37 KST | INFO |   Train Loss: 0.0977 | Test Loss: 0.0012 | Test Acc: 91.20%
2026-03-08 06:36:37 KST | INFO |   No improvement (7/30)
2026-03-08 06:36:37 KST | INFO | 
2026-03-08 06:36:37 KST | INFO | Epoch 87/200 | LR: 0.060908
2026-03-08 06:39:59 KST | INFO |   Train Loss: 0.0988 | Test Loss: 0.0010 | Test Acc: 92.54%
2026-03-08 06:39:59 KST | INFO |   No improvement (8/30)
2026-03-08 06:39:59 KST | INFO | 
2026-03-08 06:39:59 KST | INFO | Epoch 88/200 | LR: 0.060140
2026-03-08 06:43:14 KST | INFO |   Train Loss: 0.0983 | Test Loss: 0.0009 | Test Acc: 92.56%
2026-03-08 06:43:14 KST | INFO |   No improvement (9/30)
2026-03-08 06:43:14 KST | INFO | 
2026-03-08 06:43:14 KST | INFO | Epoch 89/200 | LR: 0.059369
2026-03-08 06:46:31 KST | INFO |   Train Loss: 0.0935 | Test Loss: 0.0010 | Test Acc: 92.56%
2026-03-08 06:46:31 KST | INFO |   No improvement (10/30)
2026-03-08 06:46:31 KST | INFO | 
2026-03-08 06:46:31 KST | INFO | Epoch 90/200 | LR: 0.058597
2026-03-08 06:49:44 KST | INFO |   Train Loss: 0.0941 | Test Loss: 0.0010 | Test Acc: 92.42%
2026-03-08 06:49:44 KST | INFO |   No improvement (11/30)
2026-03-08 06:49:44 KST | INFO | 
2026-03-08 06:49:44 KST | INFO | Epoch 91/200 | LR: 0.057822
2026-03-08 06:53:08 KST | INFO |   Train Loss: 0.0901 | Test Loss: 0.0011 | Test Acc: 91.86%
2026-03-08 06:53:08 KST | INFO |   No improvement (12/30)
2026-03-08 06:53:08 KST | INFO | 
2026-03-08 06:53:08 KST | INFO | Epoch 92/200 | LR: 0.057045
2026-03-08 06:56:19 KST | INFO |   Train Loss: 0.0863 | Test Loss: 0.0010 | Test Acc: 92.52%
2026-03-08 06:56:19 KST | INFO |   No improvement (13/30)
2026-03-08 06:56:19 KST | INFO | 
2026-03-08 06:56:19 KST | INFO | Epoch 93/200 | LR: 0.056267
2026-03-08 06:59:36 KST | INFO |   Train Loss: 0.0911 | Test Loss: 0.0011 | Test Acc: 91.66%
2026-03-08 06:59:36 KST | INFO |   No improvement (14/30)
2026-03-08 06:59:36 KST | INFO | 
2026-03-08 06:59:36 KST | INFO | Epoch 94/200 | LR: 0.055487
2026-03-08 07:02:44 KST | INFO |   Train Loss: 0.0886 | Test Loss: 0.0012 | Test Acc: 91.24%
2026-03-08 07:02:44 KST | INFO |   No improvement (15/30)
2026-03-08 07:02:44 KST | INFO | 
2026-03-08 07:02:44 KST | INFO | Epoch 95/200 | LR: 0.054706
2026-03-08 07:06:00 KST | INFO |   Train Loss: 0.0863 | Test Loss: 0.0009 | Test Acc: 93.22%
2026-03-08 07:06:00 KST | INFO |   🏆 New best accuracy: 93.22%
2026-03-08 07:06:00 KST | INFO | 
2026-03-08 07:06:00 KST | INFO | Epoch 96/200 | LR: 0.053923
2026-03-08 07:09:15 KST | INFO |   Train Loss: 0.0806 | Test Loss: 0.0010 | Test Acc: 93.22%
2026-03-08 07:09:15 KST | INFO |   No improvement (1/30)
2026-03-08 07:09:15 KST | INFO | 
2026-03-08 07:09:15 KST | INFO | Epoch 97/200 | LR: 0.053140
2026-03-08 07:12:33 KST | INFO |   Train Loss: 0.0840 | Test Loss: 0.0012 | Test Acc: 90.66%
2026-03-08 07:12:33 KST | INFO |   No improvement (2/30)
2026-03-08 07:12:33 KST | INFO | 
2026-03-08 07:12:33 KST | INFO | Epoch 98/200 | LR: 0.052356
2026-03-08 07:15:47 KST | INFO |   Train Loss: 0.0834 | Test Loss: 0.0010 | Test Acc: 92.32%
2026-03-08 07:15:47 KST | INFO |   No improvement (3/30)
2026-03-08 07:15:47 KST | INFO | 
2026-03-08 07:15:47 KST | INFO | Epoch 99/200 | LR: 0.051571
2026-03-08 07:18:58 KST | INFO |   Train Loss: 0.0790 | Test Loss: 0.0011 | Test Acc: 92.32%
2026-03-08 07:18:58 KST | INFO |   No improvement (4/30)
2026-03-08 07:18:58 KST | INFO | 
2026-03-08 07:18:58 KST | INFO | Epoch 100/200 | LR: 0.050786
2026-03-08 07:22:13 KST | INFO |   Train Loss: 0.0803 | Test Loss: 0.0009 | Test Acc: 92.66%
2026-03-08 07:22:13 KST | INFO |   No improvement (5/30)
2026-03-08 07:22:13 KST | INFO | 
2026-03-08 07:22:13 KST | INFO | Epoch 101/200 | LR: 0.050001
2026-03-08 07:25:31 KST | INFO |   Train Loss: 0.0767 | Test Loss: 0.0011 | Test Acc: 92.04%
2026-03-08 07:25:31 KST | INFO |   No improvement (6/30)
2026-03-08 07:25:31 KST | INFO | 
2026-03-08 07:25:31 KST | INFO | Epoch 102/200 | LR: 0.049215
2026-03-08 07:28:46 KST | INFO |   Train Loss: 0.0781 | Test Loss: 0.0012 | Test Acc: 91.24%
2026-03-08 07:28:46 KST | INFO |   No improvement (7/30)
2026-03-08 07:28:46 KST | INFO | 
2026-03-08 07:28:46 KST | INFO | Epoch 103/200 | LR: 0.048430
2026-03-08 07:32:02 KST | INFO |   Train Loss: 0.0734 | Test Loss: 0.0011 | Test Acc: 91.44%
2026-03-08 07:32:02 KST | INFO |   No improvement (8/30)
2026-03-08 07:32:02 KST | INFO | 
2026-03-08 07:32:02 KST | INFO | Epoch 104/200 | LR: 0.047645
2026-03-08 07:35:21 KST | INFO |   Train Loss: 0.0727 | Test Loss: 0.0011 | Test Acc: 92.64%
2026-03-08 07:35:21 KST | INFO |   No improvement (9/30)
2026-03-08 07:35:21 KST | INFO | 
2026-03-08 07:35:21 KST | INFO | Epoch 105/200 | LR: 0.046861
2026-03-08 07:38:33 KST | INFO |   Train Loss: 0.0706 | Test Loss: 0.0013 | Test Acc: 90.82%
2026-03-08 07:38:33 KST | INFO |   No improvement (10/30)
2026-03-08 07:38:33 KST | INFO | 
2026-03-08 07:38:33 KST | INFO | Epoch 106/200 | LR: 0.046078
2026-03-08 07:41:49 KST | INFO |   Train Loss: 0.0677 | Test Loss: 0.0012 | Test Acc: 91.54%
2026-03-08 07:41:49 KST | INFO |   No improvement (11/30)
2026-03-08 07:41:49 KST | INFO | 
2026-03-08 07:41:49 KST | INFO | Epoch 107/200 | LR: 0.045295
2026-03-08 07:45:04 KST | INFO |   Train Loss: 0.0688 | Test Loss: 0.0010 | Test Acc: 93.14%
2026-03-08 07:45:04 KST | INFO |   No improvement (12/30)
2026-03-08 07:45:04 KST | INFO | 
2026-03-08 07:45:04 KST | INFO | Epoch 108/200 | LR: 0.044514
2026-03-08 07:48:19 KST | INFO |   Train Loss: 0.0724 | Test Loss: 0.0010 | Test Acc: 92.54%
2026-03-08 07:48:19 KST | INFO |   No improvement (13/30)
2026-03-08 07:48:19 KST | INFO | 
2026-03-08 07:48:19 KST | INFO | Epoch 109/200 | LR: 0.043734
2026-03-08 07:51:35 KST | INFO |   Train Loss: 0.0668 | Test Loss: 0.0010 | Test Acc: 92.94%
2026-03-08 07:51:35 KST | INFO |   No improvement (14/30)
2026-03-08 07:51:35 KST | INFO | 
2026-03-08 07:51:35 KST | INFO | Epoch 110/200 | LR: 0.042956
2026-03-08 07:54:57 KST | INFO |   Train Loss: 0.0636 | Test Loss: 0.0011 | Test Acc: 92.90%
2026-03-08 07:54:57 KST | INFO |   No improvement (15/30)
2026-03-08 07:54:57 KST | INFO | 
2026-03-08 07:54:57 KST | INFO | Epoch 111/200 | LR: 0.042179
2026-03-08 07:58:08 KST | INFO |   Train Loss: 0.0642 | Test Loss: 0.0011 | Test Acc: 91.74%
2026-03-08 07:58:08 KST | INFO |   No improvement (16/30)
2026-03-08 07:58:08 KST | INFO | 
2026-03-08 07:58:08 KST | INFO | Epoch 112/200 | LR: 0.041404
2026-03-08 08:01:32 KST | INFO |   Train Loss: 0.0601 | Test Loss: 0.0012 | Test Acc: 92.28%
2026-03-08 08:01:32 KST | INFO |   No improvement (17/30)
2026-03-08 08:01:32 KST | INFO | 
2026-03-08 08:01:32 KST | INFO | Epoch 113/200 | LR: 0.040632
2026-03-08 08:04:46 KST | INFO |   Train Loss: 0.0597 | Test Loss: 0.0011 | Test Acc: 92.22%
2026-03-08 08:04:46 KST | INFO |   No improvement (18/30)
2026-03-08 08:04:46 KST | INFO | 
2026-03-08 08:04:46 KST | INFO | Epoch 114/200 | LR: 0.039861
2026-03-08 08:08:03 KST | INFO |   Train Loss: 0.0590 | Test Loss: 0.0011 | Test Acc: 92.48%
2026-03-08 08:08:03 KST | INFO |   No improvement (19/30)
2026-03-08 08:08:03 KST | INFO | 
2026-03-08 08:08:03 KST | INFO | Epoch 115/200 | LR: 0.039093
2026-03-08 08:11:23 KST | INFO |   Train Loss: 0.0570 | Test Loss: 0.0010 | Test Acc: 92.62%
2026-03-08 08:11:23 KST | INFO |   No improvement (20/30)
2026-03-08 08:11:23 KST | INFO | 
2026-03-08 08:11:23 KST | INFO | Epoch 116/200 | LR: 0.038328
2026-03-08 08:14:41 KST | INFO |   Train Loss: 0.0589 | Test Loss: 0.0011 | Test Acc: 92.34%
2026-03-08 08:14:41 KST | INFO |   No improvement (21/30)
2026-03-08 08:14:41 KST | INFO | 
2026-03-08 08:14:41 KST | INFO | Epoch 117/200 | LR: 0.037566
2026-03-08 08:18:01 KST | INFO |   Train Loss: 0.0547 | Test Loss: 0.0011 | Test Acc: 91.80%
2026-03-08 08:18:01 KST | INFO |   No improvement (22/30)
2026-03-08 08:18:01 KST | INFO | 
2026-03-08 08:18:01 KST | INFO | Epoch 118/200 | LR: 0.036807
2026-03-08 08:21:19 KST | INFO |   Train Loss: 0.0577 | Test Loss: 0.0013 | Test Acc: 90.74%
2026-03-08 08:21:19 KST | INFO |   No improvement (23/30)
2026-03-08 08:21:19 KST | INFO | 
2026-03-08 08:21:19 KST | INFO | Epoch 119/200 | LR: 0.036051
2026-03-08 08:24:35 KST | INFO |   Train Loss: 0.0534 | Test Loss: 0.0011 | Test Acc: 92.50%
2026-03-08 08:24:35 KST | INFO |   No improvement (24/30)
2026-03-08 08:24:35 KST | INFO | 
2026-03-08 08:24:35 KST | INFO | Epoch 120/200 | LR: 0.035299
2026-03-08 08:27:52 KST | INFO |   Train Loss: 0.0548 | Test Loss: 0.0012 | Test Acc: 91.72%
2026-03-08 08:27:52 KST | INFO |   No improvement (25/30)
2026-03-08 08:27:52 KST | INFO | 
2026-03-08 08:27:52 KST | INFO | Epoch 121/200 | LR: 0.034550
2026-03-08 08:31:07 KST | INFO |   Train Loss: 0.0496 | Test Loss: 0.0011 | Test Acc: 92.76%
2026-03-08 08:31:07 KST | INFO |   No improvement (26/30)
2026-03-08 08:31:07 KST | INFO | 
2026-03-08 08:31:07 KST | INFO | Epoch 122/200 | LR: 0.033805
2026-03-08 08:34:23 KST | INFO |   Train Loss: 0.0486 | Test Loss: 0.0010 | Test Acc: 93.38%
2026-03-08 08:34:23 KST | INFO |   🏆 New best accuracy: 93.38%
2026-03-08 08:34:23 KST | INFO | 
2026-03-08 08:34:23 KST | INFO | Epoch 123/200 | LR: 0.033064
2026-03-08 08:37:45 KST | INFO |   Train Loss: 0.0449 | Test Loss: 0.0009 | Test Acc: 93.20%
2026-03-08 08:37:45 KST | INFO |   No improvement (1/30)
2026-03-08 08:37:45 KST | INFO | 
2026-03-08 08:37:45 KST | INFO | Epoch 124/200 | LR: 0.032327
2026-03-08 08:41:05 KST | INFO |   Train Loss: 0.0414 | Test Loss: 0.0011 | Test Acc: 92.22%
2026-03-08 08:41:05 KST | INFO |   No improvement (2/30)
2026-03-08 08:41:05 KST | INFO | 
2026-03-08 08:41:05 KST | INFO | Epoch 125/200 | LR: 0.031594
2026-03-08 08:44:20 KST | INFO |   Train Loss: 0.0414 | Test Loss: 0.0011 | Test Acc: 92.70%
2026-03-08 08:44:20 KST | INFO |   No improvement (3/30)
2026-03-08 08:44:20 KST | INFO | 
2026-03-08 08:44:20 KST | INFO | Epoch 126/200 | LR: 0.030867
2026-03-08 08:47:36 KST | INFO |   Train Loss: 0.0428 | Test Loss: 0.0012 | Test Acc: 92.30%
2026-03-08 08:47:36 KST | INFO |   No improvement (4/30)
2026-03-08 08:47:36 KST | INFO | 
2026-03-08 08:47:36 KST | INFO | Epoch 127/200 | LR: 0.030143
2026-03-08 08:50:55 KST | INFO |   Train Loss: 0.0384 | Test Loss: 0.0010 | Test Acc: 93.08%
2026-03-08 08:50:55 KST | INFO |   No improvement (5/30)
2026-03-08 08:50:55 KST | INFO | 
2026-03-08 08:50:55 KST | INFO | Epoch 128/200 | LR: 0.029425
2026-03-08 08:54:04 KST | INFO |   Train Loss: 0.0403 | Test Loss: 0.0011 | Test Acc: 92.96%
2026-03-08 08:54:04 KST | INFO |   No improvement (6/30)
2026-03-08 08:54:04 KST | INFO | 
2026-03-08 08:54:04 KST | INFO | Epoch 129/200 | LR: 0.028712
2026-03-08 08:57:21 KST | INFO |   Train Loss: 0.0412 | Test Loss: 0.0011 | Test Acc: 92.78%
2026-03-08 08:57:21 KST | INFO |   No improvement (7/30)
2026-03-08 08:57:21 KST | INFO | 
2026-03-08 08:57:21 KST | INFO | Epoch 130/200 | LR: 0.028004
2026-03-08 09:00:46 KST | INFO |   Train Loss: 0.0393 | Test Loss: 0.0010 | Test Acc: 93.10%
2026-03-08 09:00:46 KST | INFO |   No improvement (8/30)
2026-03-08 09:00:46 KST | INFO | 
2026-03-08 09:00:46 KST | INFO | Epoch 131/200 | LR: 0.027301
2026-03-08 09:04:08 KST | INFO |   Train Loss: 0.0400 | Test Loss: 0.0011 | Test Acc: 92.68%
2026-03-08 09:04:08 KST | INFO |   No improvement (9/30)
2026-03-08 09:04:08 KST | INFO | 
2026-03-08 09:04:08 KST | INFO | Epoch 132/200 | LR: 0.026604
2026-03-08 09:07:18 KST | INFO |   Train Loss: 0.0367 | Test Loss: 0.0012 | Test Acc: 92.42%
2026-03-08 09:07:18 KST | INFO |   No improvement (10/30)
2026-03-08 09:07:18 KST | INFO | 
2026-03-08 09:07:18 KST | INFO | Epoch 133/200 | LR: 0.025913
2026-03-08 09:10:34 KST | INFO |   Train Loss: 0.0321 | Test Loss: 0.0011 | Test Acc: 92.72%
2026-03-08 09:10:34 KST | INFO |   No improvement (11/30)
2026-03-08 09:10:34 KST | INFO | 
2026-03-08 09:10:34 KST | INFO | Epoch 134/200 | LR: 0.025228
2026-03-08 09:13:49 KST | INFO |   Train Loss: 0.0320 | Test Loss: 0.0010 | Test Acc: 93.40%
2026-03-08 09:13:49 KST | INFO |   🏆 New best accuracy: 93.40%
2026-03-08 09:13:49 KST | INFO | 
2026-03-08 09:13:49 KST | INFO | Epoch 135/200 | LR: 0.024549
2026-03-08 09:17:08 KST | INFO |   Train Loss: 0.0312 | Test Loss: 0.0010 | Test Acc: 93.30%
2026-03-08 09:17:08 KST | INFO |   No improvement (1/30)
2026-03-08 09:17:08 KST | INFO | 
2026-03-08 09:17:08 KST | INFO | Epoch 136/200 | LR: 0.023876
2026-03-08 09:20:26 KST | INFO |   Train Loss: 0.0309 | Test Loss: 0.0010 | Test Acc: 93.42%
2026-03-08 09:20:26 KST | INFO |   🏆 New best accuracy: 93.42%
2026-03-08 09:20:26 KST | INFO | 
2026-03-08 09:20:26 KST | INFO | Epoch 137/200 | LR: 0.023209
2026-03-08 09:23:36 KST | INFO |   Train Loss: 0.0316 | Test Loss: 0.0010 | Test Acc: 93.52%
2026-03-08 09:23:36 KST | INFO |   🏆 New best accuracy: 93.52%
2026-03-08 09:23:36 KST | INFO | 
2026-03-08 09:23:36 KST | INFO | Epoch 138/200 | LR: 0.022550
2026-03-08 09:26:55 KST | INFO |   Train Loss: 0.0308 | Test Loss: 0.0009 | Test Acc: 93.82%
2026-03-08 09:26:55 KST | INFO |   🏆 New best accuracy: 93.82%
2026-03-08 09:26:55 KST | INFO | 
2026-03-08 09:26:55 KST | INFO | Epoch 139/200 | LR: 0.021897
2026-03-08 09:30:12 KST | INFO |   Train Loss: 0.0288 | Test Loss: 0.0011 | Test Acc: 92.72%
2026-03-08 09:30:12 KST | INFO |   No improvement (1/30)
2026-03-08 09:30:12 KST | INFO | 
2026-03-08 09:30:12 KST | INFO | Epoch 140/200 | LR: 0.021251
2026-03-08 09:33:30 KST | INFO |   Train Loss: 0.0276 | Test Loss: 0.0009 | Test Acc: 94.06%
2026-03-08 09:33:30 KST | INFO |   🏆 New best accuracy: 94.06%
2026-03-08 09:33:30 KST | INFO | 
2026-03-08 09:33:30 KST | INFO | Epoch 141/200 | LR: 0.020612
2026-03-08 09:36:49 KST | INFO |   Train Loss: 0.0284 | Test Loss: 0.0010 | Test Acc: 93.60%
2026-03-08 09:36:49 KST | INFO |   No improvement (1/30)
2026-03-08 09:36:49 KST | INFO | 
2026-03-08 09:36:49 KST | INFO | Epoch 142/200 | LR: 0.019980
2026-03-08 09:40:08 KST | INFO |   Train Loss: 0.0289 | Test Loss: 0.0009 | Test Acc: 93.60%
2026-03-08 09:40:08 KST | INFO |   No improvement (2/30)
2026-03-08 09:40:08 KST | INFO | 
2026-03-08 09:40:08 KST | INFO | Epoch 143/200 | LR: 0.019355
2026-03-08 09:43:31 KST | INFO |   Train Loss: 0.0258 | Test Loss: 0.0012 | Test Acc: 92.08%
2026-03-08 09:43:31 KST | INFO |   No improvement (3/30)
2026-03-08 09:43:31 KST | INFO | 
2026-03-08 09:43:31 KST | INFO | Epoch 144/200 | LR: 0.018739
2026-03-08 09:46:52 KST | INFO |   Train Loss: 0.0243 | Test Loss: 0.0009 | Test Acc: 93.90%
2026-03-08 09:46:52 KST | INFO |   No improvement (4/30)
2026-03-08 09:46:52 KST | INFO | 
2026-03-08 09:46:52 KST | INFO | Epoch 145/200 | LR: 0.018130
2026-03-08 09:50:07 KST | INFO |   Train Loss: 0.0260 | Test Loss: 0.0010 | Test Acc: 93.52%
2026-03-08 09:50:07 KST | INFO |   No improvement (5/30)
2026-03-08 09:50:07 KST | INFO | 
2026-03-08 09:50:07 KST | INFO | Epoch 146/200 | LR: 0.017528
2026-03-08 09:53:25 KST | INFO |   Train Loss: 0.0215 | Test Loss: 0.0010 | Test Acc: 92.92%
2026-03-08 09:53:25 KST | INFO |   No improvement (6/30)
2026-03-08 09:53:25 KST | INFO | 
2026-03-08 09:53:25 KST | INFO | Epoch 147/200 | LR: 0.016935
2026-03-08 09:56:40 KST | INFO |   Train Loss: 0.0238 | Test Loss: 0.0010 | Test Acc: 93.56%
2026-03-08 09:56:40 KST | INFO |   No improvement (7/30)
2026-03-08 09:56:40 KST | INFO | 
2026-03-08 09:56:40 KST | INFO | Epoch 148/200 | LR: 0.016350
2026-03-08 09:59:56 KST | INFO |   Train Loss: 0.0213 | Test Loss: 0.0009 | Test Acc: 93.98%
2026-03-08 09:59:56 KST | INFO |   No improvement (8/30)
2026-03-08 09:59:56 KST | INFO | 
2026-03-08 09:59:56 KST | INFO | Epoch 149/200 | LR: 0.015773
2026-03-08 10:03:12 KST | INFO |   Train Loss: 0.0201 | Test Loss: 0.0010 | Test Acc: 93.10%
2026-03-08 10:03:12 KST | INFO |   No improvement (9/30)
2026-03-08 10:03:12 KST | INFO | 
2026-03-08 10:03:12 KST | INFO | Epoch 150/200 | LR: 0.015205
2026-03-08 10:06:31 KST | INFO |   Train Loss: 0.0219 | Test Loss: 0.0010 | Test Acc: 93.58%
2026-03-08 10:06:31 KST | INFO |   No improvement (10/30)
2026-03-08 10:06:31 KST | INFO | 
2026-03-08 10:06:31 KST | INFO | Epoch 151/200 | LR: 0.014646
2026-03-08 10:09:52 KST | INFO |   Train Loss: 0.0217 | Test Loss: 0.0010 | Test Acc: 93.50%
2026-03-08 10:09:52 KST | INFO |   No improvement (11/30)
2026-03-08 10:09:52 KST | INFO | 
2026-03-08 10:09:52 KST | INFO | Epoch 152/200 | LR: 0.014095
2026-03-08 10:13:11 KST | INFO |   Train Loss: 0.0195 | Test Loss: 0.0010 | Test Acc: 93.72%
2026-03-08 10:13:11 KST | INFO |   No improvement (12/30)
2026-03-08 10:13:11 KST | INFO | 
2026-03-08 10:13:11 KST | INFO | Epoch 153/200 | LR: 0.013552
2026-03-08 10:16:33 KST | INFO |   Train Loss: 0.0185 | Test Loss: 0.0010 | Test Acc: 93.44%
2026-03-08 10:16:33 KST | INFO |   No improvement (13/30)
2026-03-08 10:16:33 KST | INFO | 
2026-03-08 10:16:33 KST | INFO | Epoch 154/200 | LR: 0.013019
2026-03-08 10:19:50 KST | INFO |   Train Loss: 0.0162 | Test Loss: 0.0011 | Test Acc: 93.20%
2026-03-08 10:19:50 KST | INFO |   No improvement (14/30)
2026-03-08 10:19:50 KST | INFO | 
2026-03-08 10:19:50 KST | INFO | Epoch 155/200 | LR: 0.012495
2026-03-08 10:23:05 KST | INFO |   Train Loss: 0.0176 | Test Loss: 0.0010 | Test Acc: 93.48%
2026-03-08 10:23:05 KST | INFO |   No improvement (15/30)
2026-03-08 10:23:05 KST | INFO | 
2026-03-08 10:23:05 KST | INFO | Epoch 156/200 | LR: 0.011981
2026-03-08 10:26:19 KST | INFO |   Train Loss: 0.0173 | Test Loss: 0.0010 | Test Acc: 93.26%
2026-03-08 10:26:19 KST | INFO |   No improvement (16/30)
2026-03-08 10:26:19 KST | INFO | 
2026-03-08 10:26:19 KST | INFO | Epoch 157/200 | LR: 0.011475
2026-03-08 10:29:31 KST | INFO |   Train Loss: 0.0168 | Test Loss: 0.0010 | Test Acc: 93.38%
2026-03-08 10:29:31 KST | INFO |   No improvement (17/30)
2026-03-08 10:29:31 KST | INFO | 
2026-03-08 10:29:31 KST | INFO | Epoch 158/200 | LR: 0.010979
2026-03-08 10:32:56 KST | INFO |   Train Loss: 0.0164 | Test Loss: 0.0010 | Test Acc: 93.74%
2026-03-08 10:32:56 KST | INFO |   No improvement (18/30)
2026-03-08 10:32:56 KST | INFO | 
2026-03-08 10:32:56 KST | INFO | Epoch 159/200 | LR: 0.010493
2026-03-08 10:36:13 KST | INFO |   Train Loss: 0.0133 | Test Loss: 0.0009 | Test Acc: 94.08%
2026-03-08 10:36:13 KST | INFO |   🏆 New best accuracy: 94.08%
2026-03-08 10:36:13 KST | INFO | 
2026-03-08 10:36:13 KST | INFO | Epoch 160/200 | LR: 0.010017
2026-03-08 10:39:37 KST | INFO |   Train Loss: 0.0158 | Test Loss: 0.0009 | Test Acc: 94.00%
2026-03-08 10:39:37 KST | INFO |   No improvement (1/30)
2026-03-08 10:39:37 KST | INFO | 
2026-03-08 10:39:37 KST | INFO | Epoch 161/200 | LR: 0.009550
2026-03-08 10:42:51 KST | INFO |   Train Loss: 0.0131 | Test Loss: 0.0010 | Test Acc: 93.48%
2026-03-08 10:42:51 KST | INFO |   No improvement (2/30)
2026-03-08 10:42:51 KST | INFO | 
2026-03-08 10:42:51 KST | INFO | Epoch 162/200 | LR: 0.009093
2026-03-08 10:46:09 KST | INFO |   Train Loss: 0.0147 | Test Loss: 0.0010 | Test Acc: 93.82%
2026-03-08 10:46:09 KST | INFO |   No improvement (3/30)
2026-03-08 10:46:09 KST | INFO | 
2026-03-08 10:46:09 KST | INFO | Epoch 163/200 | LR: 0.008647
2026-03-08 10:49:27 KST | INFO |   Train Loss: 0.0136 | Test Loss: 0.0010 | Test Acc: 93.46%
2026-03-08 10:49:27 KST | INFO |   No improvement (4/30)
2026-03-08 10:49:27 KST | INFO | 
2026-03-08 10:49:27 KST | INFO | Epoch 164/200 | LR: 0.008211
2026-03-08 10:52:45 KST | INFO |   Train Loss: 0.0130 | Test Loss: 0.0010 | Test Acc: 93.66%
2026-03-08 10:52:45 KST | INFO |   No improvement (5/30)
2026-03-08 10:52:45 KST | INFO | 
2026-03-08 10:52:45 KST | INFO | Epoch 165/200 | LR: 0.007785
2026-03-08 10:56:02 KST | INFO |   Train Loss: 0.0126 | Test Loss: 0.0010 | Test Acc: 93.94%
2026-03-08 10:56:02 KST | INFO |   No improvement (6/30)
2026-03-08 10:56:02 KST | INFO | 
2026-03-08 10:56:02 KST | INFO | Epoch 166/200 | LR: 0.007369
2026-03-08 10:59:19 KST | INFO |   Train Loss: 0.0123 | Test Loss: 0.0010 | Test Acc: 93.66%
2026-03-08 10:59:19 KST | INFO |   No improvement (7/30)
2026-03-08 10:59:19 KST | INFO | 
2026-03-08 10:59:19 KST | INFO | Epoch 167/200 | LR: 0.006964
2026-03-08 11:02:32 KST | INFO |   Train Loss: 0.0119 | Test Loss: 0.0010 | Test Acc: 93.30%
2026-03-08 11:02:32 KST | INFO |   No improvement (8/30)
2026-03-08 11:02:32 KST | INFO | 
2026-03-08 11:02:32 KST | INFO | Epoch 168/200 | LR: 0.006569
2026-03-08 11:05:51 KST | INFO |   Train Loss: 0.0112 | Test Loss: 0.0009 | Test Acc: 93.78%
2026-03-08 11:05:51 KST | INFO |   No improvement (9/30)
2026-03-08 11:05:51 KST | INFO | 
2026-03-08 11:05:51 KST | INFO | Epoch 169/200 | LR: 0.006186
2026-03-08 11:09:17 KST | INFO |   Train Loss: 0.0107 | Test Loss: 0.0009 | Test Acc: 93.92%
2026-03-08 11:09:17 KST | INFO |   No improvement (10/30)
2026-03-08 11:09:17 KST | INFO | 
2026-03-08 11:09:17 KST | INFO | Epoch 170/200 | LR: 0.005813
2026-03-08 11:12:30 KST | INFO |   Train Loss: 0.0113 | Test Loss: 0.0010 | Test Acc: 93.72%
2026-03-08 11:12:30 KST | INFO |   No improvement (11/30)
2026-03-08 11:12:30 KST | INFO | 
2026-03-08 11:12:30 KST | INFO | Epoch 171/200 | LR: 0.005451
2026-03-08 11:15:41 KST | INFO |   Train Loss: 0.0109 | Test Loss: 0.0010 | Test Acc: 93.60%
2026-03-08 11:15:41 KST | INFO |   No improvement (12/30)
2026-03-08 11:15:41 KST | INFO | 
2026-03-08 11:15:41 KST | INFO | Epoch 172/200 | LR: 0.005100
2026-03-08 11:18:54 KST | INFO |   Train Loss: 0.0103 | Test Loss: 0.0010 | Test Acc: 93.64%
2026-03-08 11:18:54 KST | INFO |   No improvement (13/30)
2026-03-08 11:18:54 KST | INFO | 
2026-03-08 11:18:54 KST | INFO | Epoch 173/200 | LR: 0.004760
2026-03-08 11:22:12 KST | INFO |   Train Loss: 0.0100 | Test Loss: 0.0010 | Test Acc: 93.52%
2026-03-08 11:22:12 KST | INFO |   No improvement (14/30)
2026-03-08 11:22:12 KST | INFO | 
2026-03-08 11:22:12 KST | INFO | Epoch 174/200 | LR: 0.004431
2026-03-08 11:25:27 KST | INFO |   Train Loss: 0.0094 | Test Loss: 0.0010 | Test Acc: 93.24%
2026-03-08 11:25:27 KST | INFO |   No improvement (15/30)
2026-03-08 11:25:27 KST | INFO | 
2026-03-08 11:25:27 KST | INFO | Epoch 175/200 | LR: 0.004113
2026-03-08 11:28:44 KST | INFO |   Train Loss: 0.0092 | Test Loss: 0.0010 | Test Acc: 93.54%
2026-03-08 11:28:44 KST | INFO |   No improvement (16/30)
2026-03-08 11:28:44 KST | INFO | 
2026-03-08 11:28:44 KST | INFO | Epoch 176/200 | LR: 0.003807
2026-03-08 11:32:03 KST | INFO |   Train Loss: 0.0101 | Test Loss: 0.0010 | Test Acc: 93.68%
2026-03-08 11:32:03 KST | INFO |   No improvement (17/30)
2026-03-08 11:32:03 KST | INFO | 
2026-03-08 11:32:03 KST | INFO | Epoch 177/200 | LR: 0.003512
2026-03-08 11:35:19 KST | INFO |   Train Loss: 0.0095 | Test Loss: 0.0009 | Test Acc: 94.02%
2026-03-08 11:35:19 KST | INFO |   No improvement (18/30)
2026-03-08 11:35:19 KST | INFO | 
2026-03-08 11:35:19 KST | INFO | Epoch 178/200 | LR: 0.003229
2026-03-08 11:38:37 KST | INFO |   Train Loss: 0.0085 | Test Loss: 0.0010 | Test Acc: 93.68%
2026-03-08 11:38:37 KST | INFO |   No improvement (19/30)
2026-03-08 11:38:37 KST | INFO | 
2026-03-08 11:38:37 KST | INFO | Epoch 179/200 | LR: 0.002957
2026-03-08 11:41:54 KST | INFO |   Train Loss: 0.0086 | Test Loss: 0.0010 | Test Acc: 93.90%
2026-03-08 11:41:54 KST | INFO |   No improvement (20/30)
2026-03-08 11:41:54 KST | INFO | 
2026-03-08 11:41:54 KST | INFO | Epoch 180/200 | LR: 0.002697
2026-03-08 11:45:19 KST | INFO |   Train Loss: 0.0092 | Test Loss: 0.0010 | Test Acc: 93.90%
2026-03-08 11:45:19 KST | INFO |   No improvement (21/30)
2026-03-08 11:45:19 KST | INFO | 
2026-03-08 11:45:19 KST | INFO | Epoch 181/200 | LR: 0.002448
2026-03-08 11:48:33 KST | INFO |   Train Loss: 0.0090 | Test Loss: 0.0009 | Test Acc: 93.92%
2026-03-08 11:48:33 KST | INFO |   No improvement (22/30)
2026-03-08 11:48:33 KST | INFO | 
2026-03-08 11:48:33 KST | INFO | Epoch 182/200 | LR: 0.002211
2026-03-08 11:51:49 KST | INFO |   Train Loss: 0.0087 | Test Loss: 0.0010 | Test Acc: 93.64%
2026-03-08 11:51:49 KST | INFO |   No improvement (23/30)
2026-03-08 11:51:49 KST | INFO | 
2026-03-08 11:51:49 KST | INFO | Epoch 183/200 | LR: 0.001986
2026-03-08 11:55:03 KST | INFO |   Train Loss: 0.0086 | Test Loss: 0.0010 | Test Acc: 93.86%
2026-03-08 11:55:03 KST | INFO |   No improvement (24/30)
2026-03-08 11:55:03 KST | INFO | 
2026-03-08 11:55:03 KST | INFO | Epoch 184/200 | LR: 0.001773
2026-03-08 11:58:26 KST | INFO |   Train Loss: 0.0075 | Test Loss: 0.0010 | Test Acc: 93.94%
2026-03-08 11:58:26 KST | INFO |   No improvement (25/30)
2026-03-08 11:58:26 KST | INFO | 
2026-03-08 11:58:26 KST | INFO | Epoch 185/200 | LR: 0.001572
2026-03-08 12:01:44 KST | INFO |   Train Loss: 0.0077 | Test Loss: 0.0010 | Test Acc: 93.98%
2026-03-08 12:01:44 KST | INFO |   No improvement (26/30)
2026-03-08 12:01:44 KST | INFO | 
2026-03-08 12:01:44 KST | INFO | Epoch 186/200 | LR: 0.001382
2026-03-08 12:04:59 KST | INFO |   Train Loss: 0.0080 | Test Loss: 0.0010 | Test Acc: 93.90%
2026-03-08 12:04:59 KST | INFO |   No improvement (27/30)
2026-03-08 12:04:59 KST | INFO | 
2026-03-08 12:04:59 KST | INFO | Epoch 187/200 | LR: 0.001205
2026-03-08 12:08:22 KST | INFO |   Train Loss: 0.0076 | Test Loss: 0.0010 | Test Acc: 93.90%
2026-03-08 12:08:22 KST | INFO |   No improvement (28/30)
2026-03-08 12:08:22 KST | INFO | 
2026-03-08 12:08:22 KST | INFO | Epoch 188/200 | LR: 0.001040
2026-03-08 12:11:34 KST | INFO |   Train Loss: 0.0077 | Test Loss: 0.0010 | Test Acc: 93.72%
2026-03-08 12:11:34 KST | INFO |   No improvement (29/30)
2026-03-08 12:11:34 KST | INFO | 
2026-03-08 12:11:34 KST | INFO | Epoch 189/200 | LR: 0.000887
2026-03-08 12:14:47 KST | INFO |   Train Loss: 0.0077 | Test Loss: 0.0010 | Test Acc: 93.98%
2026-03-08 12:14:47 KST | INFO |   No improvement (30/30)
2026-03-08 12:14:47 KST | INFO | 
2026-03-08 12:14:47 KST | INFO | Early stopping after 30 epochs without improvement
2026-03-08 12:14:47 KST | INFO | 
2026-03-08 12:14:47 KST | INFO | ================================================================================
2026-03-08 12:14:47 KST | INFO | TRAINING COMPLETE
2026-03-08 12:14:47 KST | INFO | ================================================================================
2026-03-08 12:14:47 KST | INFO | Best accuracy:  94.08% (Epoch 159)
2026-03-08 12:14:47 KST | INFO | Final accuracy: 93.98%
2026-03-08 12:14:47 KST | INFO | ================================================================================
2026-03-08 12:14:47 KST | INFO | 
2026-03-08 12:14:47 KST | INFO | Notifying nodes of completion...
2026-03-08 12:14:48 KST | INFO | ✓ Nodes notified
2026-03-08 12:14:48 KST | INFO | 
2026-03-08 12:14:48 KST | INFO | Closing connections...
2026-03-08 12:14:48 KST | INFO | ✓ Cleanup complete
2026-03-08 12:14:48 KST | INFO | 
2026-03-08 12:14:48 KST | INFO | Full log: logs/TL++_secure_20260308_015018.log
2026-03-08 12:14:48 KST | INFO | ================================================================================
