2026-02-19 23:39:11 KST | INFO | ================================================================================
2026-02-19 23:39:11 KST | INFO | TL++ Orchestrator
2026-02-19 23:39:11 KST | INFO | ================================================================================
2026-02-19 23:39:11 KST | INFO | Log file: logs/TL++_secure_20260219_233911.log
2026-02-19 23:39:11 KST | INFO | 
2026-02-19 23:39:11 KST | INFO | --------------------------------------------------------------------------------
2026-02-19 23:39:11 KST | INFO | CONFIGURATION
2026-02-19 23:39:11 KST | INFO | --------------------------------------------------------------------------------
2026-02-19 23:39:11 KST | INFO | Secure mode:      True
2026-02-19 23:39:11 KST | INFO | Helper endpoint:  127.0.0.1:8082
2026-02-19 23:39:11 KST | INFO | Activation noise: 2.0%
2026-02-19 23:39:11 KST | INFO | Gradient noise:   10.0%
2026-02-19 23:39:11 KST | INFO | Nodes:            2
2026-02-19 23:39:11 KST | INFO | Cut layer:        2
2026-02-19 23:39:11 KST | INFO | Batch size:       128
2026-02-19 23:39:11 KST | INFO | Learning rate:    0.1
2026-02-19 23:39:11 KST | INFO | 
2026-02-19 23:39:11 KST | INFO | Computation device: cuda
2026-02-19 23:39:11 KST | INFO | Secure mode: ✓ ENABLED
2026-02-19 23:39:11 KST | INFO | 
2026-02-19 23:39:11 KST | INFO | --------------------------------------------------------------------------------
2026-02-19 23:39:11 KST | INFO | NETWORK SETUP
2026-02-19 23:39:11 KST | INFO | --------------------------------------------------------------------------------
2026-02-19 23:39:11 KST | INFO | ✓ Orchestrator listening on 127.0.0.1:8080
2026-02-19 23:39:11 KST | INFO | ✓ Helper node on 127.0.0.1:8082
2026-02-19 23:39:11 KST | INFO | 
2026-02-19 23:39:11 KST | INFO | Waiting for helper node...
2026-02-19 23:39:12 KST | INFO | ✓ Helper node connected
2026-02-19 23:39:12 KST | INFO | ✓ Noise config sent to helper (activation: 2.0%, gradient: 10.0%)
2026-02-19 23:39:12 KST | INFO | 
2026-02-19 23:39:12 KST | INFO | Waiting for 2 node(s)...
2026-02-19 23:39:16 KST | INFO |   ✓ Node 1/2 connected
2026-02-19 23:39:17 KST | INFO |   ✓ Node 2/2 connected
2026-02-19 23:39:17 KST | INFO | ✓ All 2 node(s) connected
2026-02-19 23:39:17 KST | INFO | 
2026-02-19 23:39:17 KST | INFO | --------------------------------------------------------------------------------
2026-02-19 23:39:17 KST | INFO | MODEL INITIALIZATION
2026-02-19 23:39:17 KST | INFO | --------------------------------------------------------------------------------
2026-02-19 23:39:17 KST | INFO | Node-side parameters: 260,160
2026-02-19 23:39:17 KST | INFO | 
2026-02-19 23:39:17 KST | INFO | --------------------------------------------------------------------------------
2026-02-19 23:39:17 KST | INFO | BROADCASTING CONFIGURATION
2026-02-19 23:39:17 KST | INFO | --------------------------------------------------------------------------------
2026-02-19 23:39:17 KST | INFO | ✓ Configuration broadcast to all nodes
2026-02-19 23:39:18 KST | INFO | 
2026-02-19 23:39:18 KST | INFO | Total parameters:     3,244,098
2026-02-19 23:39:18 KST | INFO | Trainable parameters: 3,244,098
2026-02-19 23:39:18 KST | INFO | 
2026-02-19 23:39:18 KST | INFO | --------------------------------------------------------------------------------
2026-02-19 23:39:18 KST | INFO | DATA LOADING
2026-02-19 23:39:18 KST | INFO | --------------------------------------------------------------------------------
2026-02-19 23:39:40 KST | INFO | ✓ Dataset information collected:
2026-02-19 23:39:40 KST | INFO |     Node 1: 5,000 samples
2026-02-19 23:39:40 KST | INFO |     Node 2: 5,000 samples
2026-02-19 23:39:40 KST | INFO |   Total training samples: 10,000
2026-02-19 23:39:40 KST | INFO | 
2026-02-19 23:39:44 KST | INFO | ✓ Test dataset loaded: 2,000 samples
2026-02-19 23:39:44 KST | INFO | 
2026-02-19 23:39:44 KST | INFO | ✓ Batch scheduler: 79 batches/epoch
2026-02-19 23:39:44 KST | INFO | 
2026-02-19 23:39:44 KST | INFO | --------------------------------------------------------------------------------
2026-02-19 23:39:44 KST | INFO | OPTIMIZATION SETUP
2026-02-19 23:39:44 KST | INFO | --------------------------------------------------------------------------------
2026-02-19 23:39:44 KST | INFO | ✓ Optimizer: SGD (lr=0.1, momentum=0.9)
2026-02-19 23:39:44 KST | INFO | ✓ Scheduler: cosine
2026-02-19 23:39:44 KST | INFO | ✓ Gradient clipping: 1.0
2026-02-19 23:39:44 KST | INFO | 
2026-02-19 23:39:44 KST | INFO | ================================================================================
2026-02-19 23:39:44 KST | INFO | Setup complete - Ready for training
2026-02-19 23:39:44 KST | INFO | ================================================================================
2026-02-19 23:39:44 KST | INFO | 
2026-02-19 23:39:44 KST | INFO | --------------------------------------------------------------------------------
2026-02-19 23:39:44 KST | INFO | TRAINING
2026-02-19 23:39:44 KST | INFO | --------------------------------------------------------------------------------
2026-02-19 23:39:44 KST | INFO | 
2026-02-19 23:39:44 KST | INFO | Epoch 1/200 | LR: 0.100000
2026-02-19 23:40:00 KST | INFO |   Train Loss: 0.5238 | Test Loss: 0.0011 | Test Acc: 88.00%
2026-02-19 23:40:00 KST | INFO |   🏆 New best accuracy: 88.00%
2026-02-19 23:40:00 KST | INFO | 
2026-02-19 23:40:00 KST | INFO | Epoch 2/200 | LR: 0.099994
2026-02-19 23:40:14 KST | INFO |   Train Loss: 0.3196 | Test Loss: 0.0009 | Test Acc: 91.75%
2026-02-19 23:40:14 KST | INFO |   🏆 New best accuracy: 91.75%
2026-02-19 23:40:14 KST | INFO | 
2026-02-19 23:40:14 KST | INFO | Epoch 3/200 | LR: 0.099975
2026-02-19 23:40:28 KST | INFO |   Train Loss: 0.2053 | Test Loss: 0.0012 | Test Acc: 87.80%
2026-02-19 23:40:28 KST | INFO |   No improvement (1/30)
2026-02-19 23:40:28 KST | INFO | 
2026-02-19 23:40:28 KST | INFO | Epoch 4/200 | LR: 0.099944
2026-02-19 23:40:41 KST | INFO |   Train Loss: 0.1601 | Test Loss: 0.0010 | Test Acc: 90.10%
2026-02-19 23:40:41 KST | INFO |   No improvement (2/30)
2026-02-19 23:40:41 KST | INFO | 
2026-02-19 23:40:41 KST | INFO | Epoch 5/200 | LR: 0.099901
2026-02-19 23:40:55 KST | INFO |   Train Loss: 0.1242 | Test Loss: 0.0015 | Test Acc: 85.25%
2026-02-19 23:40:55 KST | INFO |   No improvement (3/30)
2026-02-19 23:40:55 KST | INFO | 
2026-02-19 23:40:55 KST | INFO | Epoch 6/200 | LR: 0.099846
2026-02-19 23:41:09 KST | INFO |   Train Loss: 0.1051 | Test Loss: 0.0003 | Test Acc: 97.55%
2026-02-19 23:41:09 KST | INFO |   🏆 New best accuracy: 97.55%
2026-02-19 23:41:09 KST | INFO | 
2026-02-19 23:41:09 KST | INFO | Epoch 7/200 | LR: 0.099778
2026-02-19 23:41:23 KST | INFO |   Train Loss: 0.0899 | Test Loss: 0.0007 | Test Acc: 92.15%
2026-02-19 23:41:23 KST | INFO |   No improvement (1/30)
2026-02-19 23:41:23 KST | INFO | 
2026-02-19 23:41:23 KST | INFO | Epoch 8/200 | LR: 0.099698
2026-02-19 23:41:36 KST | INFO |   Train Loss: 0.0817 | Test Loss: 0.0005 | Test Acc: 96.10%
2026-02-19 23:41:36 KST | INFO |   No improvement (2/30)
2026-02-19 23:41:36 KST | INFO | 
2026-02-19 23:41:36 KST | INFO | Epoch 9/200 | LR: 0.099606
2026-02-19 23:41:50 KST | INFO |   Train Loss: 0.0761 | Test Loss: 0.0003 | Test Acc: 97.75%
2026-02-19 23:41:50 KST | INFO |   🏆 New best accuracy: 97.75%
2026-02-19 23:41:50 KST | INFO | 
2026-02-19 23:41:50 KST | INFO | Epoch 10/200 | LR: 0.099501
2026-02-19 23:42:04 KST | INFO |   Train Loss: 0.0672 | Test Loss: 0.0005 | Test Acc: 95.90%
2026-02-19 23:42:04 KST | INFO |   No improvement (1/30)
2026-02-19 23:42:04 KST | INFO | 
2026-02-19 23:42:04 KST | INFO | Epoch 11/200 | LR: 0.099384
2026-02-19 23:42:22 KST | INFO |   Train Loss: 0.0701 | Test Loss: 0.0006 | Test Acc: 95.65%
2026-02-19 23:42:22 KST | INFO |   No improvement (2/30)
2026-02-19 23:42:22 KST | INFO | 
2026-02-19 23:42:22 KST | INFO | Epoch 12/200 | LR: 0.099255
2026-02-19 23:42:36 KST | INFO |   Train Loss: 0.0588 | Test Loss: 0.0010 | Test Acc: 91.45%
2026-02-19 23:42:36 KST | INFO |   No improvement (3/30)
2026-02-19 23:42:36 KST | INFO | 
2026-02-19 23:42:36 KST | INFO | Epoch 13/200 | LR: 0.099114
2026-02-19 23:42:50 KST | INFO |   Train Loss: 0.0573 | Test Loss: 0.0004 | Test Acc: 96.70%
2026-02-19 23:42:50 KST | INFO |   No improvement (4/30)
2026-02-19 23:42:50 KST | INFO | 
2026-02-19 23:42:50 KST | INFO | Epoch 14/200 | LR: 0.098961
2026-02-19 23:43:04 KST | INFO |   Train Loss: 0.0576 | Test Loss: 0.0002 | Test Acc: 98.05%
2026-02-19 23:43:04 KST | INFO |   🏆 New best accuracy: 98.05%
2026-02-19 23:43:04 KST | INFO | 
2026-02-19 23:43:04 KST | INFO | Epoch 15/200 | LR: 0.098796
2026-02-19 23:43:17 KST | INFO |   Train Loss: 0.0599 | Test Loss: 0.0003 | Test Acc: 97.55%
2026-02-19 23:43:17 KST | INFO |   No improvement (1/30)
2026-02-19 23:43:17 KST | INFO | 
2026-02-19 23:43:17 KST | INFO | Epoch 16/200 | LR: 0.098619
2026-02-19 23:43:31 KST | INFO |   Train Loss: 0.0472 | Test Loss: 0.0003 | Test Acc: 97.35%
2026-02-19 23:43:31 KST | INFO |   No improvement (2/30)
2026-02-19 23:43:31 KST | INFO | 
2026-02-19 23:43:31 KST | INFO | Epoch 17/200 | LR: 0.098429
2026-02-19 23:43:44 KST | INFO |   Train Loss: 0.0474 | Test Loss: 0.0003 | Test Acc: 97.05%
2026-02-19 23:43:44 KST | INFO |   No improvement (3/30)
2026-02-19 23:43:44 KST | INFO | 
2026-02-19 23:43:44 KST | INFO | Epoch 18/200 | LR: 0.098228
2026-02-19 23:43:58 KST | INFO |   Train Loss: 0.0455 | Test Loss: 0.0006 | Test Acc: 94.95%
2026-02-19 23:43:58 KST | INFO |   No improvement (4/30)
2026-02-19 23:43:58 KST | INFO | 
2026-02-19 23:43:58 KST | INFO | Epoch 19/200 | LR: 0.098015
2026-02-19 23:44:11 KST | INFO |   Train Loss: 0.0480 | Test Loss: 0.0003 | Test Acc: 97.85%
2026-02-19 23:44:11 KST | INFO |   No improvement (5/30)
2026-02-19 23:44:11 KST | INFO | 
2026-02-19 23:44:11 KST | INFO | Epoch 20/200 | LR: 0.097790
2026-02-19 23:44:25 KST | INFO |   Train Loss: 0.0424 | Test Loss: 0.0002 | Test Acc: 98.20%
2026-02-19 23:44:25 KST | INFO |   🏆 New best accuracy: 98.20%
2026-02-19 23:44:25 KST | INFO | 
2026-02-19 23:44:25 KST | INFO | Epoch 21/200 | LR: 0.097553
2026-02-19 23:44:44 KST | INFO |   Train Loss: 0.0430 | Test Loss: 0.0003 | Test Acc: 97.30%
2026-02-19 23:44:44 KST | INFO |   No improvement (1/30)
2026-02-19 23:44:44 KST | INFO | 
2026-02-19 23:44:44 KST | INFO | Epoch 22/200 | LR: 0.097304
2026-02-19 23:44:58 KST | INFO |   Train Loss: 0.0465 | Test Loss: 0.0003 | Test Acc: 97.45%
2026-02-19 23:44:58 KST | INFO |   No improvement (2/30)
2026-02-19 23:44:58 KST | INFO | 
2026-02-19 23:44:58 KST | INFO | Epoch 23/200 | LR: 0.097044
2026-02-19 23:45:12 KST | INFO |   Train Loss: 0.0405 | Test Loss: 0.0003 | Test Acc: 97.20%
2026-02-19 23:45:12 KST | INFO |   No improvement (3/30)
2026-02-19 23:45:12 KST | INFO | 
2026-02-19 23:45:12 KST | INFO | Epoch 24/200 | LR: 0.096772
2026-02-19 23:45:25 KST | INFO |   Train Loss: 0.0318 | Test Loss: 0.0007 | Test Acc: 94.95%
2026-02-19 23:45:25 KST | INFO |   No improvement (4/30)
2026-02-19 23:45:25 KST | INFO | 
2026-02-19 23:45:25 KST | INFO | Epoch 25/200 | LR: 0.096489
2026-02-19 23:45:39 KST | INFO |   Train Loss: 0.0396 | Test Loss: 0.0005 | Test Acc: 95.70%
2026-02-19 23:45:39 KST | INFO |   No improvement (5/30)
2026-02-19 23:45:39 KST | INFO | 
2026-02-19 23:45:39 KST | INFO | Epoch 26/200 | LR: 0.096194
2026-02-19 23:45:53 KST | INFO |   Train Loss: 0.0333 | Test Loss: 0.0003 | Test Acc: 97.85%
2026-02-19 23:45:53 KST | INFO |   No improvement (6/30)
2026-02-19 23:45:53 KST | INFO | 
2026-02-19 23:45:53 KST | INFO | Epoch 27/200 | LR: 0.095888
2026-02-19 23:46:07 KST | INFO |   Train Loss: 0.0347 | Test Loss: 0.0004 | Test Acc: 96.65%
2026-02-19 23:46:07 KST | INFO |   No improvement (7/30)
2026-02-19 23:46:07 KST | INFO | 
2026-02-19 23:46:07 KST | INFO | Epoch 28/200 | LR: 0.095570
2026-02-19 23:46:20 KST | INFO |   Train Loss: 0.0368 | Test Loss: 0.0002 | Test Acc: 98.20%
2026-02-19 23:46:20 KST | INFO |   No improvement (8/30)
2026-02-19 23:46:20 KST | INFO | 
2026-02-19 23:46:20 KST | INFO | Epoch 29/200 | LR: 0.095241
2026-02-19 23:46:34 KST | INFO |   Train Loss: 0.0289 | Test Loss: 0.0003 | Test Acc: 98.15%
2026-02-19 23:46:34 KST | INFO |   No improvement (9/30)
2026-02-19 23:46:34 KST | INFO | 
2026-02-19 23:46:34 KST | INFO | Epoch 30/200 | LR: 0.094901
2026-02-19 23:46:48 KST | INFO |   Train Loss: 0.0335 | Test Loss: 0.0004 | Test Acc: 97.10%
2026-02-19 23:46:48 KST | INFO |   No improvement (10/30)
2026-02-19 23:46:48 KST | INFO | 
2026-02-19 23:46:48 KST | INFO | Epoch 31/200 | LR: 0.094550
2026-02-19 23:47:01 KST | INFO |   Train Loss: 0.0337 | Test Loss: 0.0003 | Test Acc: 97.55%
2026-02-19 23:47:01 KST | INFO |   No improvement (11/30)
2026-02-19 23:47:01 KST | INFO | 
2026-02-19 23:47:01 KST | INFO | Epoch 32/200 | LR: 0.094188
2026-02-19 23:47:20 KST | INFO |   Train Loss: 0.0315 | Test Loss: 0.0004 | Test Acc: 96.85%
2026-02-19 23:47:20 KST | INFO |   No improvement (12/30)
2026-02-19 23:47:20 KST | INFO | 
2026-02-19 23:47:20 KST | INFO | Epoch 33/200 | LR: 0.093815
2026-02-19 23:47:33 KST | INFO |   Train Loss: 0.0322 | Test Loss: 0.0003 | Test Acc: 97.60%
2026-02-19 23:47:33 KST | INFO |   No improvement (13/30)
2026-02-19 23:47:33 KST | INFO | 
2026-02-19 23:47:33 KST | INFO | Epoch 34/200 | LR: 0.093432
2026-02-19 23:47:47 KST | INFO |   Train Loss: 0.0336 | Test Loss: 0.0003 | Test Acc: 97.65%
2026-02-19 23:47:47 KST | INFO |   No improvement (14/30)
2026-02-19 23:47:47 KST | INFO | 
2026-02-19 23:47:47 KST | INFO | Epoch 35/200 | LR: 0.093037
2026-02-19 23:48:01 KST | INFO |   Train Loss: 0.0337 | Test Loss: 0.0002 | Test Acc: 98.35%
2026-02-19 23:48:01 KST | INFO |   🏆 New best accuracy: 98.35%
2026-02-19 23:48:01 KST | INFO | 
2026-02-19 23:48:01 KST | INFO | Epoch 36/200 | LR: 0.092632
2026-02-19 23:48:14 KST | INFO |   Train Loss: 0.0316 | Test Loss: 0.0005 | Test Acc: 96.15%
2026-02-19 23:48:14 KST | INFO |   No improvement (1/30)
2026-02-19 23:48:14 KST | INFO | 
2026-02-19 23:48:14 KST | INFO | Epoch 37/200 | LR: 0.092216
2026-02-19 23:48:28 KST | INFO |   Train Loss: 0.0334 | Test Loss: 0.0004 | Test Acc: 96.90%
2026-02-19 23:48:28 KST | INFO |   No improvement (2/30)
2026-02-19 23:48:28 KST | INFO | 
2026-02-19 23:48:28 KST | INFO | Epoch 38/200 | LR: 0.091790
2026-02-19 23:48:42 KST | INFO |   Train Loss: 0.0293 | Test Loss: 0.0005 | Test Acc: 95.75%
2026-02-19 23:48:42 KST | INFO |   No improvement (3/30)
2026-02-19 23:48:42 KST | INFO | 
2026-02-19 23:48:42 KST | INFO | Epoch 39/200 | LR: 0.091354
2026-02-19 23:48:56 KST | INFO |   Train Loss: 0.0325 | Test Loss: 0.0003 | Test Acc: 97.70%
2026-02-19 23:48:56 KST | INFO |   No improvement (4/30)
2026-02-19 23:48:56 KST | INFO | 
2026-02-19 23:48:56 KST | INFO | Epoch 40/200 | LR: 0.090908
2026-02-19 23:49:09 KST | INFO |   Train Loss: 0.0294 | Test Loss: 0.0003 | Test Acc: 97.85%
2026-02-19 23:49:09 KST | INFO |   No improvement (5/30)
2026-02-19 23:49:09 KST | INFO | 
2026-02-19 23:49:09 KST | INFO | Epoch 41/200 | LR: 0.090451
2026-02-19 23:49:23 KST | INFO |   Train Loss: 0.0225 | Test Loss: 0.0004 | Test Acc: 96.50%
2026-02-19 23:49:23 KST | INFO |   No improvement (6/30)
2026-02-19 23:49:23 KST | INFO | 
2026-02-19 23:49:23 KST | INFO | Epoch 42/200 | LR: 0.089984
2026-02-19 23:49:36 KST | INFO |   Train Loss: 0.0302 | Test Loss: 0.0004 | Test Acc: 96.85%
2026-02-19 23:49:36 KST | INFO |   No improvement (7/30)
2026-02-19 23:49:36 KST | INFO | 
2026-02-19 23:49:36 KST | INFO | Epoch 43/200 | LR: 0.089508
2026-02-19 23:49:50 KST | INFO |   Train Loss: 0.0266 | Test Loss: 0.0005 | Test Acc: 96.10%
2026-02-19 23:49:50 KST | INFO |   No improvement (8/30)
2026-02-19 23:49:50 KST | INFO | 
2026-02-19 23:49:50 KST | INFO | Epoch 44/200 | LR: 0.089022
2026-02-19 23:50:09 KST | INFO |   Train Loss: 0.0236 | Test Loss: 0.0007 | Test Acc: 94.15%
2026-02-19 23:50:09 KST | INFO |   No improvement (9/30)
2026-02-19 23:50:09 KST | INFO | 
2026-02-19 23:50:09 KST | INFO | Epoch 45/200 | LR: 0.088526
2026-02-19 23:50:23 KST | INFO |   Train Loss: 0.0219 | Test Loss: 0.0002 | Test Acc: 98.55%
2026-02-19 23:50:23 KST | INFO |   🏆 New best accuracy: 98.55%
2026-02-19 23:50:23 KST | INFO | 
2026-02-19 23:50:23 KST | INFO | Epoch 46/200 | LR: 0.088020
2026-02-19 23:50:37 KST | INFO |   Train Loss: 0.0274 | Test Loss: 0.0006 | Test Acc: 95.05%
2026-02-19 23:50:37 KST | INFO |   No improvement (1/30)
2026-02-19 23:50:37 KST | INFO | 
2026-02-19 23:50:37 KST | INFO | Epoch 47/200 | LR: 0.087506
2026-02-19 23:50:50 KST | INFO |   Train Loss: 0.0266 | Test Loss: 0.0006 | Test Acc: 95.75%
2026-02-19 23:50:50 KST | INFO |   No improvement (2/30)
2026-02-19 23:50:50 KST | INFO | 
2026-02-19 23:50:50 KST | INFO | Epoch 48/200 | LR: 0.086982
2026-02-19 23:51:04 KST | INFO |   Train Loss: 0.0241 | Test Loss: 0.0002 | Test Acc: 97.80%
2026-02-19 23:51:04 KST | INFO |   No improvement (3/30)
2026-02-19 23:51:04 KST | INFO | 
2026-02-19 23:51:04 KST | INFO | Epoch 49/200 | LR: 0.086449
2026-02-19 23:51:18 KST | INFO |   Train Loss: 0.0261 | Test Loss: 0.0002 | Test Acc: 98.70%
2026-02-19 23:51:18 KST | INFO |   🏆 New best accuracy: 98.70%
2026-02-19 23:51:18 KST | INFO | 
2026-02-19 23:51:18 KST | INFO | Epoch 50/200 | LR: 0.085906
2026-02-19 23:51:31 KST | INFO |   Train Loss: 0.0205 | Test Loss: 0.0007 | Test Acc: 94.15%
2026-02-19 23:51:31 KST | INFO |   No improvement (1/30)
2026-02-19 23:51:31 KST | INFO | 
2026-02-19 23:51:31 KST | INFO | Epoch 51/200 | LR: 0.085355
2026-02-19 23:51:45 KST | INFO |   Train Loss: 0.0264 | Test Loss: 0.0002 | Test Acc: 98.65%
2026-02-19 23:51:45 KST | INFO |   No improvement (2/30)
2026-02-19 23:51:45 KST | INFO | 
2026-02-19 23:51:45 KST | INFO | Epoch 52/200 | LR: 0.084796
2026-02-19 23:51:58 KST | INFO |   Train Loss: 0.0233 | Test Loss: 0.0003 | Test Acc: 98.05%
2026-02-19 23:51:58 KST | INFO |   No improvement (3/30)
2026-02-19 23:51:58 KST | INFO | 
2026-02-19 23:51:58 KST | INFO | Epoch 53/200 | LR: 0.084228
2026-02-19 23:52:12 KST | INFO |   Train Loss: 0.0216 | Test Loss: 0.0004 | Test Acc: 97.25%
2026-02-19 23:52:12 KST | INFO |   No improvement (4/30)
2026-02-19 23:52:12 KST | INFO | 
2026-02-19 23:52:12 KST | INFO | Epoch 54/200 | LR: 0.083651
2026-02-19 23:52:30 KST | INFO |   Train Loss: 0.0217 | Test Loss: 0.0002 | Test Acc: 98.35%
2026-02-19 23:52:30 KST | INFO |   No improvement (5/30)
2026-02-19 23:52:30 KST | INFO | 
2026-02-19 23:52:30 KST | INFO | Epoch 55/200 | LR: 0.083066
2026-02-19 23:52:44 KST | INFO |   Train Loss: 0.0254 | Test Loss: 0.0002 | Test Acc: 98.20%
2026-02-19 23:52:44 KST | INFO |   No improvement (6/30)
2026-02-19 23:52:44 KST | INFO | 
2026-02-19 23:52:44 KST | INFO | Epoch 56/200 | LR: 0.082473
2026-02-19 23:52:58 KST | INFO |   Train Loss: 0.0251 | Test Loss: 0.0003 | Test Acc: 97.40%
2026-02-19 23:52:58 KST | INFO |   No improvement (7/30)
2026-02-19 23:52:58 KST | INFO | 
2026-02-19 23:52:58 KST | INFO | Epoch 57/200 | LR: 0.081871
2026-02-19 23:53:12 KST | INFO |   Train Loss: 0.0258 | Test Loss: 0.0002 | Test Acc: 97.85%
2026-02-19 23:53:12 KST | INFO |   No improvement (8/30)
2026-02-19 23:53:12 KST | INFO | 
2026-02-19 23:53:12 KST | INFO | Epoch 58/200 | LR: 0.081262
2026-02-19 23:53:26 KST | INFO |   Train Loss: 0.0192 | Test Loss: 0.0002 | Test Acc: 98.35%
2026-02-19 23:53:26 KST | INFO |   No improvement (9/30)
2026-02-19 23:53:26 KST | INFO | 
2026-02-19 23:53:26 KST | INFO | Epoch 59/200 | LR: 0.080646
2026-02-19 23:53:39 KST | INFO |   Train Loss: 0.0185 | Test Loss: 0.0003 | Test Acc: 97.65%
2026-02-19 23:53:39 KST | INFO |   No improvement (10/30)
2026-02-19 23:53:39 KST | INFO | 
2026-02-19 23:53:39 KST | INFO | Epoch 60/200 | LR: 0.080021
2026-02-19 23:53:53 KST | INFO |   Train Loss: 0.0243 | Test Loss: 0.0003 | Test Acc: 97.35%
2026-02-19 23:53:53 KST | INFO |   No improvement (11/30)
2026-02-19 23:53:53 KST | INFO | 
2026-02-19 23:53:53 KST | INFO | Epoch 61/200 | LR: 0.079389
2026-02-19 23:54:06 KST | INFO |   Train Loss: 0.0206 | Test Loss: 0.0004 | Test Acc: 97.40%
2026-02-19 23:54:06 KST | INFO |   No improvement (12/30)
2026-02-19 23:54:06 KST | INFO | 
2026-02-19 23:54:06 KST | INFO | Epoch 62/200 | LR: 0.078750
2026-02-19 23:54:20 KST | INFO |   Train Loss: 0.0242 | Test Loss: 0.0005 | Test Acc: 95.70%
2026-02-19 23:54:20 KST | INFO |   No improvement (13/30)
2026-02-19 23:54:20 KST | INFO | 
2026-02-19 23:54:20 KST | INFO | Epoch 63/200 | LR: 0.078104
2026-02-19 23:54:33 KST | INFO |   Train Loss: 0.0221 | Test Loss: 0.0002 | Test Acc: 98.60%
2026-02-19 23:54:33 KST | INFO |   No improvement (14/30)
2026-02-19 23:54:33 KST | INFO | 
2026-02-19 23:54:33 KST | INFO | Epoch 64/200 | LR: 0.077451
2026-02-19 23:54:51 KST | INFO |   Train Loss: 0.0182 | Test Loss: 0.0003 | Test Acc: 97.40%
2026-02-19 23:54:51 KST | INFO |   No improvement (15/30)
2026-02-19 23:54:51 KST | INFO | 
2026-02-19 23:54:51 KST | INFO | Epoch 65/200 | LR: 0.076792
2026-02-19 23:55:05 KST | INFO |   Train Loss: 0.0188 | Test Loss: 0.0006 | Test Acc: 95.55%
2026-02-19 23:55:05 KST | INFO |   No improvement (16/30)
2026-02-19 23:55:05 KST | INFO | 
2026-02-19 23:55:05 KST | INFO | Epoch 66/200 | LR: 0.076125
2026-02-19 23:55:19 KST | INFO |   Train Loss: 0.0171 | Test Loss: 0.0004 | Test Acc: 97.00%
2026-02-19 23:55:19 KST | INFO |   No improvement (17/30)
2026-02-19 23:55:19 KST | INFO | 
2026-02-19 23:55:19 KST | INFO | Epoch 67/200 | LR: 0.075452
2026-02-19 23:55:33 KST | INFO |   Train Loss: 0.0216 | Test Loss: 0.0003 | Test Acc: 97.55%
2026-02-19 23:55:33 KST | INFO |   No improvement (18/30)
2026-02-19 23:55:33 KST | INFO | 
2026-02-19 23:55:33 KST | INFO | Epoch 68/200 | LR: 0.074773
2026-02-19 23:55:47 KST | INFO |   Train Loss: 0.0154 | Test Loss: 0.0002 | Test Acc: 98.30%
2026-02-19 23:55:47 KST | INFO |   No improvement (19/30)
2026-02-19 23:55:47 KST | INFO | 
2026-02-19 23:55:47 KST | INFO | Epoch 69/200 | LR: 0.074088
2026-02-19 23:56:01 KST | INFO |   Train Loss: 0.0196 | Test Loss: 0.0004 | Test Acc: 96.80%
2026-02-19 23:56:01 KST | INFO |   No improvement (20/30)
2026-02-19 23:56:01 KST | INFO | 
2026-02-19 23:56:01 KST | INFO | Epoch 70/200 | LR: 0.073397
2026-02-19 23:56:15 KST | INFO |   Train Loss: 0.0178 | Test Loss: 0.0002 | Test Acc: 98.70%
2026-02-19 23:56:15 KST | INFO |   No improvement (21/30)
2026-02-19 23:56:15 KST | INFO | 
2026-02-19 23:56:15 KST | INFO | Epoch 71/200 | LR: 0.072700
2026-02-19 23:56:29 KST | INFO |   Train Loss: 0.0160 | Test Loss: 0.0004 | Test Acc: 97.45%
2026-02-19 23:56:29 KST | INFO |   No improvement (22/30)
2026-02-19 23:56:29 KST | INFO | 
2026-02-19 23:56:29 KST | INFO | Epoch 72/200 | LR: 0.071997
2026-02-19 23:56:43 KST | INFO |   Train Loss: 0.0189 | Test Loss: 0.0003 | Test Acc: 97.85%
2026-02-19 23:56:43 KST | INFO |   No improvement (23/30)
2026-02-19 23:56:43 KST | INFO | 
2026-02-19 23:56:43 KST | INFO | Epoch 73/200 | LR: 0.071289
2026-02-19 23:56:57 KST | INFO |   Train Loss: 0.0143 | Test Loss: 0.0002 | Test Acc: 98.10%
2026-02-19 23:56:57 KST | INFO |   No improvement (24/30)
2026-02-19 23:56:57 KST | INFO | 
2026-02-19 23:56:57 KST | INFO | Epoch 74/200 | LR: 0.070576
2026-02-19 23:57:11 KST | INFO |   Train Loss: 0.0169 | Test Loss: 0.0002 | Test Acc: 98.10%
2026-02-19 23:57:11 KST | INFO |   No improvement (25/30)
2026-02-19 23:57:11 KST | INFO | 
2026-02-19 23:57:11 KST | INFO | Epoch 75/200 | LR: 0.069858
2026-02-19 23:57:25 KST | INFO |   Train Loss: 0.0151 | Test Loss: 0.0003 | Test Acc: 97.95%
2026-02-19 23:57:25 KST | INFO |   No improvement (26/30)
2026-02-19 23:57:25 KST | INFO | 
2026-02-19 23:57:25 KST | INFO | Epoch 76/200 | LR: 0.069134
2026-02-19 23:57:43 KST | INFO |   Train Loss: 0.0140 | Test Loss: 0.0004 | Test Acc: 97.30%
2026-02-19 23:57:43 KST | INFO |   No improvement (27/30)
2026-02-19 23:57:43 KST | INFO | 
2026-02-19 23:57:43 KST | INFO | Epoch 77/200 | LR: 0.068407
2026-02-19 23:57:57 KST | INFO |   Train Loss: 0.0158 | Test Loss: 0.0004 | Test Acc: 96.85%
2026-02-19 23:57:57 KST | INFO |   No improvement (28/30)
2026-02-19 23:57:57 KST | INFO | 
2026-02-19 23:57:57 KST | INFO | Epoch 78/200 | LR: 0.067674
2026-02-19 23:58:11 KST | INFO |   Train Loss: 0.0168 | Test Loss: 0.0004 | Test Acc: 96.90%
2026-02-19 23:58:11 KST | INFO |   No improvement (29/30)
2026-02-19 23:58:11 KST | INFO | 
2026-02-19 23:58:11 KST | INFO | Epoch 79/200 | LR: 0.066937
2026-02-19 23:58:25 KST | INFO |   Train Loss: 0.0135 | Test Loss: 0.0005 | Test Acc: 96.80%
2026-02-19 23:58:25 KST | INFO |   No improvement (30/30)
2026-02-19 23:58:25 KST | INFO | 
2026-02-19 23:58:25 KST | INFO | Early stopping after 30 epochs without improvement
2026-02-19 23:58:25 KST | INFO | 
2026-02-19 23:58:25 KST | INFO | ================================================================================
2026-02-19 23:58:25 KST | INFO | TRAINING COMPLETE
2026-02-19 23:58:25 KST | INFO | ================================================================================
2026-02-19 23:58:25 KST | INFO | Best accuracy:  98.70% (Epoch 49)
2026-02-19 23:58:25 KST | INFO | Final accuracy: 96.80%
2026-02-19 23:58:25 KST | INFO | ================================================================================
2026-02-19 23:58:25 KST | INFO | 
2026-02-19 23:58:25 KST | INFO | Notifying nodes of completion...
2026-02-19 23:58:26 KST | INFO | ✓ Nodes notified
2026-02-19 23:58:26 KST | INFO | 
2026-02-19 23:58:26 KST | INFO | Closing connections...
2026-02-19 23:58:26 KST | INFO | ✓ Cleanup complete
2026-02-19 23:58:26 KST | INFO | 
2026-02-19 23:58:26 KST | INFO | Full log: logs/TL++_secure_20260219_233911.log
2026-02-19 23:58:26 KST | INFO | ================================================================================
