2026-03-05 04:34:14 KST | INFO | ================================================================================
2026-03-05 04:34:14 KST | INFO | TL++ Orchestrator
2026-03-05 04:34:14 KST | INFO | ================================================================================
2026-03-05 04:34:14 KST | INFO | Log file: logs/TL++_secure_20260305_043414.log
2026-03-05 04:34:14 KST | INFO | 
2026-03-05 04:34:14 KST | INFO | --------------------------------------------------------------------------------
2026-03-05 04:34:14 KST | INFO | CONFIGURATION
2026-03-05 04:34:14 KST | INFO | --------------------------------------------------------------------------------
2026-03-05 04:34:14 KST | INFO | Secure mode:      True
2026-03-05 04:34:14 KST | INFO | Helper endpoint:  127.0.0.1:8082
2026-03-05 04:34:14 KST | INFO | Activation noise: 2.0%
2026-03-05 04:34:14 KST | INFO | Gradient noise:   10.0%
2026-03-05 04:34:14 KST | INFO | Nodes:            2
2026-03-05 04:34:14 KST | INFO | Cut layer:        3
2026-03-05 04:34:14 KST | INFO | Batch size:       128
2026-03-05 04:34:14 KST | INFO | Learning rate:    0.1
2026-03-05 04:34:14 KST | INFO | 
2026-03-05 04:34:14 KST | INFO | Computation device: cuda
2026-03-05 04:34:14 KST | INFO | Secure mode: ✓ ENABLED
2026-03-05 04:34:14 KST | INFO | 
2026-03-05 04:34:14 KST | INFO | --------------------------------------------------------------------------------
2026-03-05 04:34:14 KST | INFO | NETWORK SETUP
2026-03-05 04:34:14 KST | INFO | --------------------------------------------------------------------------------
2026-03-05 04:34:14 KST | INFO | ✓ Orchestrator listening on 127.0.0.1:8080
2026-03-05 04:34:14 KST | INFO | ✓ Helper node on 127.0.0.1:8082
2026-03-05 04:34:14 KST | INFO | 
2026-03-05 04:34:14 KST | INFO | Waiting for helper node...
2026-03-05 04:34:15 KST | INFO | ✓ Helper node connected
2026-03-05 04:34:15 KST | INFO | ✓ Noise config sent to helper (activation: 2.0%, gradient: 10.0%)
2026-03-05 04:34:15 KST | INFO | 
2026-03-05 04:34:15 KST | INFO | Waiting for 2 node(s)...
2026-03-05 04:34:20 KST | INFO |   ✓ Node 1/2 connected
2026-03-05 04:34:21 KST | INFO |   ✓ Node 2/2 connected
2026-03-05 04:34:21 KST | INFO | ✓ All 2 node(s) connected
2026-03-05 04:34:21 KST | INFO | 
2026-03-05 04:34:21 KST | INFO | --------------------------------------------------------------------------------
2026-03-05 04:34:21 KST | INFO | MODEL INITIALIZATION
2026-03-05 04:34:21 KST | INFO | --------------------------------------------------------------------------------
2026-03-05 04:34:21 KST | INFO | Node-side parameters: 3,243,072
2026-03-05 04:34:21 KST | INFO | 
2026-03-05 04:34:21 KST | INFO | --------------------------------------------------------------------------------
2026-03-05 04:34:21 KST | INFO | BROADCASTING CONFIGURATION
2026-03-05 04:34:21 KST | INFO | --------------------------------------------------------------------------------
2026-03-05 04:34:21 KST | INFO | ✓ Configuration broadcast to all nodes
2026-03-05 04:34:22 KST | INFO | 
2026-03-05 04:34:22 KST | INFO | Total parameters:     3,244,098
2026-03-05 04:34:22 KST | INFO | Trainable parameters: 3,244,098
2026-03-05 04:34:22 KST | INFO | 
2026-03-05 04:34:22 KST | INFO | --------------------------------------------------------------------------------
2026-03-05 04:34:22 KST | INFO | DATA LOADING
2026-03-05 04:34:22 KST | INFO | --------------------------------------------------------------------------------
2026-03-05 04:34:51 KST | INFO | ✓ Dataset information collected:
2026-03-05 04:34:51 KST | INFO |     Node 1: 5,000 samples
2026-03-05 04:34:51 KST | INFO |     Node 2: 5,000 samples
2026-03-05 04:34:51 KST | INFO |   Total training samples: 10,000
2026-03-05 04:34:51 KST | INFO | 
2026-03-05 04:34:54 KST | INFO | ✓ Test dataset loaded: 2,000 samples
2026-03-05 04:34:54 KST | INFO | 
2026-03-05 04:34:54 KST | INFO | ✓ Batch scheduler: 79 batches/epoch
2026-03-05 04:34:54 KST | INFO | 
2026-03-05 04:34:54 KST | INFO | --------------------------------------------------------------------------------
2026-03-05 04:34:54 KST | INFO | OPTIMIZATION SETUP
2026-03-05 04:34:54 KST | INFO | --------------------------------------------------------------------------------
2026-03-05 04:34:54 KST | INFO | ✓ Optimizer: SGD (lr=0.1, momentum=0.9)
2026-03-05 04:34:54 KST | INFO | ✓ Scheduler: cosine
2026-03-05 04:34:54 KST | INFO | ✓ Gradient clipping: 1.0
2026-03-05 04:34:54 KST | INFO | 
2026-03-05 04:34:54 KST | INFO | ================================================================================
2026-03-05 04:34:54 KST | INFO | Setup complete - Ready for training
2026-03-05 04:34:54 KST | INFO | ================================================================================
2026-03-05 04:34:54 KST | INFO | 
2026-03-05 04:34:54 KST | INFO | --------------------------------------------------------------------------------
2026-03-05 04:34:54 KST | INFO | TRAINING
2026-03-05 04:34:54 KST | INFO | --------------------------------------------------------------------------------
2026-03-05 04:34:54 KST | INFO | 
2026-03-05 04:34:54 KST | INFO | Epoch 1/200 | LR: 0.100000
2026-03-05 04:35:20 KST | INFO |   Train Loss: 0.5226 | Test Loss: 0.0012 | Test Acc: 88.45%
2026-03-05 04:35:20 KST | INFO |   🏆 New best accuracy: 88.45%
2026-03-05 04:35:20 KST | INFO | 
2026-03-05 04:35:20 KST | INFO | Epoch 2/200 | LR: 0.099994
2026-03-05 04:35:44 KST | INFO |   Train Loss: 0.3144 | Test Loss: 0.0011 | Test Acc: 88.20%
2026-03-05 04:35:44 KST | INFO |   No improvement (1/30)
2026-03-05 04:35:44 KST | INFO | 
2026-03-05 04:35:44 KST | INFO | Epoch 3/200 | LR: 0.099975
2026-03-05 04:36:08 KST | INFO |   Train Loss: 0.2035 | Test Loss: 0.0006 | Test Acc: 93.85%
2026-03-05 04:36:08 KST | INFO |   🏆 New best accuracy: 93.85%
2026-03-05 04:36:08 KST | INFO | 
2026-03-05 04:36:08 KST | INFO | Epoch 4/200 | LR: 0.099944
2026-03-05 04:36:31 KST | INFO |   Train Loss: 0.1467 | Test Loss: 0.0006 | Test Acc: 94.85%
2026-03-05 04:36:31 KST | INFO |   🏆 New best accuracy: 94.85%
2026-03-05 04:36:31 KST | INFO | 
2026-03-05 04:36:31 KST | INFO | Epoch 5/200 | LR: 0.099901
2026-03-05 04:36:55 KST | INFO |   Train Loss: 0.1203 | Test Loss: 0.0003 | Test Acc: 97.20%
2026-03-05 04:36:55 KST | INFO |   🏆 New best accuracy: 97.20%
2026-03-05 04:36:55 KST | INFO | 
2026-03-05 04:36:55 KST | INFO | Epoch 6/200 | LR: 0.099846
2026-03-05 04:37:20 KST | INFO |   Train Loss: 0.1033 | Test Loss: 0.0003 | Test Acc: 96.95%
2026-03-05 04:37:20 KST | INFO |   No improvement (1/30)
2026-03-05 04:37:20 KST | INFO | 
2026-03-05 04:37:20 KST | INFO | Epoch 7/200 | LR: 0.099778
2026-03-05 04:37:45 KST | INFO |   Train Loss: 0.0962 | Test Loss: 0.0003 | Test Acc: 97.65%
2026-03-05 04:37:45 KST | INFO |   🏆 New best accuracy: 97.65%
2026-03-05 04:37:45 KST | INFO | 
2026-03-05 04:37:45 KST | INFO | Epoch 8/200 | LR: 0.099698
2026-03-05 04:38:09 KST | INFO |   Train Loss: 0.0878 | Test Loss: 0.0003 | Test Acc: 97.05%
2026-03-05 04:38:09 KST | INFO |   No improvement (1/30)
2026-03-05 04:38:09 KST | INFO | 
2026-03-05 04:38:09 KST | INFO | Epoch 9/200 | LR: 0.099606
2026-03-05 04:38:38 KST | INFO |   Train Loss: 0.0813 | Test Loss: 0.0003 | Test Acc: 97.20%
2026-03-05 04:38:38 KST | INFO |   No improvement (2/30)
2026-03-05 04:38:38 KST | INFO | 
2026-03-05 04:38:38 KST | INFO | Epoch 10/200 | LR: 0.099501
2026-03-05 04:39:02 KST | INFO |   Train Loss: 0.0749 | Test Loss: 0.0002 | Test Acc: 98.05%
2026-03-05 04:39:02 KST | INFO |   🏆 New best accuracy: 98.05%
2026-03-05 04:39:02 KST | INFO | 
2026-03-05 04:39:02 KST | INFO | Epoch 11/200 | LR: 0.099384
2026-03-05 04:39:30 KST | INFO |   Train Loss: 0.0658 | Test Loss: 0.0003 | Test Acc: 97.95%
2026-03-05 04:39:30 KST | INFO |   No improvement (1/30)
2026-03-05 04:39:30 KST | INFO | 
2026-03-05 04:39:30 KST | INFO | Epoch 12/200 | LR: 0.099255
2026-03-05 04:39:53 KST | INFO |   Train Loss: 0.0593 | Test Loss: 0.0002 | Test Acc: 97.90%
2026-03-05 04:39:53 KST | INFO |   No improvement (2/30)
2026-03-05 04:39:53 KST | INFO | 
2026-03-05 04:39:53 KST | INFO | Epoch 13/200 | LR: 0.099114
2026-03-05 04:40:22 KST | INFO |   Train Loss: 0.0625 | Test Loss: 0.0004 | Test Acc: 96.60%
2026-03-05 04:40:22 KST | INFO |   No improvement (3/30)
2026-03-05 04:40:22 KST | INFO | 
2026-03-05 04:40:22 KST | INFO | Epoch 14/200 | LR: 0.098961
2026-03-05 04:40:46 KST | INFO |   Train Loss: 0.0564 | Test Loss: 0.0003 | Test Acc: 97.95%
2026-03-05 04:40:46 KST | INFO |   No improvement (4/30)
2026-03-05 04:40:46 KST | INFO | 
2026-03-05 04:40:46 KST | INFO | Epoch 15/200 | LR: 0.098796
2026-03-05 04:41:14 KST | INFO |   Train Loss: 0.0600 | Test Loss: 0.0002 | Test Acc: 98.10%
2026-03-05 04:41:14 KST | INFO |   🏆 New best accuracy: 98.10%
2026-03-05 04:41:14 KST | INFO | 
2026-03-05 04:41:14 KST | INFO | Epoch 16/200 | LR: 0.098619
2026-03-05 04:41:38 KST | INFO |   Train Loss: 0.0507 | Test Loss: 0.0003 | Test Acc: 97.85%
2026-03-05 04:41:38 KST | INFO |   No improvement (1/30)
2026-03-05 04:41:38 KST | INFO | 
2026-03-05 04:41:38 KST | INFO | Epoch 17/200 | LR: 0.098429
2026-03-05 04:41:59 KST | INFO |   Train Loss: 0.0497 | Test Loss: 0.0005 | Test Acc: 96.35%
2026-03-05 04:41:59 KST | INFO |   No improvement (2/30)
2026-03-05 04:41:59 KST | INFO | 
2026-03-05 04:41:59 KST | INFO | Epoch 18/200 | LR: 0.098228
2026-03-05 04:42:23 KST | INFO |   Train Loss: 0.0542 | Test Loss: 0.0002 | Test Acc: 98.55%
2026-03-05 04:42:23 KST | INFO |   🏆 New best accuracy: 98.55%
2026-03-05 04:42:23 KST | INFO | 
2026-03-05 04:42:23 KST | INFO | Epoch 19/200 | LR: 0.098015
2026-03-05 04:42:48 KST | INFO |   Train Loss: 0.0463 | Test Loss: 0.0004 | Test Acc: 97.15%
2026-03-05 04:42:48 KST | INFO |   No improvement (1/30)
2026-03-05 04:42:48 KST | INFO | 
2026-03-05 04:42:48 KST | INFO | Epoch 20/200 | LR: 0.097790
2026-03-05 04:43:10 KST | INFO |   Train Loss: 0.0452 | Test Loss: 0.0003 | Test Acc: 96.95%
2026-03-05 04:43:10 KST | INFO |   No improvement (2/30)
2026-03-05 04:43:10 KST | INFO | 
2026-03-05 04:43:10 KST | INFO | Epoch 21/200 | LR: 0.097553
2026-03-05 04:43:39 KST | INFO |   Train Loss: 0.0437 | Test Loss: 0.0002 | Test Acc: 98.30%
2026-03-05 04:43:39 KST | INFO |   No improvement (3/30)
2026-03-05 04:43:39 KST | INFO | 
2026-03-05 04:43:39 KST | INFO | Epoch 22/200 | LR: 0.097304
2026-03-05 04:44:08 KST | INFO |   Train Loss: 0.0476 | Test Loss: 0.0002 | Test Acc: 98.30%
2026-03-05 04:44:08 KST | INFO |   No improvement (4/30)
2026-03-05 04:44:08 KST | INFO | 
2026-03-05 04:44:08 KST | INFO | Epoch 23/200 | LR: 0.097044
2026-03-05 04:44:31 KST | INFO |   Train Loss: 0.0480 | Test Loss: 0.0002 | Test Acc: 98.40%
2026-03-05 04:44:31 KST | INFO |   No improvement (5/30)
2026-03-05 04:44:31 KST | INFO | 
2026-03-05 04:44:31 KST | INFO | Epoch 24/200 | LR: 0.096772
2026-03-05 04:44:55 KST | INFO |   Train Loss: 0.0417 | Test Loss: 0.0004 | Test Acc: 97.20%
2026-03-05 04:44:55 KST | INFO |   No improvement (6/30)
2026-03-05 04:44:55 KST | INFO | 
2026-03-05 04:44:55 KST | INFO | Epoch 25/200 | LR: 0.096489
2026-03-05 04:45:19 KST | INFO |   Train Loss: 0.0407 | Test Loss: 0.0003 | Test Acc: 97.95%
2026-03-05 04:45:19 KST | INFO |   No improvement (7/30)
2026-03-05 04:45:19 KST | INFO | 
2026-03-05 04:45:19 KST | INFO | Epoch 26/200 | LR: 0.096194
2026-03-05 04:45:43 KST | INFO |   Train Loss: 0.0445 | Test Loss: 0.0002 | Test Acc: 98.05%
2026-03-05 04:45:43 KST | INFO |   No improvement (8/30)
2026-03-05 04:45:43 KST | INFO | 
2026-03-05 04:45:43 KST | INFO | Epoch 27/200 | LR: 0.095888
2026-03-05 04:46:06 KST | INFO |   Train Loss: 0.0359 | Test Loss: 0.0003 | Test Acc: 98.00%
2026-03-05 04:46:06 KST | INFO |   No improvement (9/30)
2026-03-05 04:46:06 KST | INFO | 
2026-03-05 04:46:06 KST | INFO | Epoch 28/200 | LR: 0.095570
2026-03-05 04:46:35 KST | INFO |   Train Loss: 0.0378 | Test Loss: 0.0003 | Test Acc: 98.00%
2026-03-05 04:46:35 KST | INFO |   No improvement (10/30)
2026-03-05 04:46:35 KST | INFO | 
2026-03-05 04:46:35 KST | INFO | Epoch 29/200 | LR: 0.095241
2026-03-05 04:47:01 KST | INFO |   Train Loss: 0.0400 | Test Loss: 0.0002 | Test Acc: 98.20%
2026-03-05 04:47:01 KST | INFO |   No improvement (11/30)
2026-03-05 04:47:01 KST | INFO | 
2026-03-05 04:47:01 KST | INFO | Epoch 30/200 | LR: 0.094901
2026-03-05 04:47:28 KST | INFO |   Train Loss: 0.0369 | Test Loss: 0.0002 | Test Acc: 98.10%
2026-03-05 04:47:28 KST | INFO |   No improvement (12/30)
2026-03-05 04:47:28 KST | INFO | 
2026-03-05 04:47:28 KST | INFO | Epoch 31/200 | LR: 0.094550
2026-03-05 04:47:52 KST | INFO |   Train Loss: 0.0350 | Test Loss: 0.0003 | Test Acc: 98.00%
2026-03-05 04:47:52 KST | INFO |   No improvement (13/30)
2026-03-05 04:47:52 KST | INFO | 
2026-03-05 04:47:52 KST | INFO | Epoch 32/200 | LR: 0.094188
2026-03-05 04:48:15 KST | INFO |   Train Loss: 0.0367 | Test Loss: 0.0003 | Test Acc: 98.15%
2026-03-05 04:48:15 KST | INFO |   No improvement (14/30)
2026-03-05 04:48:15 KST | INFO | 
2026-03-05 04:48:15 KST | INFO | Epoch 33/200 | LR: 0.093815
2026-03-05 04:48:38 KST | INFO |   Train Loss: 0.0336 | Test Loss: 0.0002 | Test Acc: 98.10%
2026-03-05 04:48:38 KST | INFO |   No improvement (15/30)
2026-03-05 04:48:38 KST | INFO | 
2026-03-05 04:48:38 KST | INFO | Epoch 34/200 | LR: 0.093432
2026-03-05 04:49:01 KST | INFO |   Train Loss: 0.0333 | Test Loss: 0.0002 | Test Acc: 98.20%
2026-03-05 04:49:01 KST | INFO |   No improvement (16/30)
2026-03-05 04:49:01 KST | INFO | 
2026-03-05 04:49:01 KST | INFO | Epoch 35/200 | LR: 0.093037
2026-03-05 04:49:25 KST | INFO |   Train Loss: 0.0404 | Test Loss: 0.0003 | Test Acc: 98.00%
2026-03-05 04:49:25 KST | INFO |   No improvement (17/30)
2026-03-05 04:49:25 KST | INFO | 
2026-03-05 04:49:25 KST | INFO | Epoch 36/200 | LR: 0.092632
2026-03-05 04:49:47 KST | INFO |   Train Loss: 0.0343 | Test Loss: 0.0002 | Test Acc: 98.75%
2026-03-05 04:49:47 KST | INFO |   🏆 New best accuracy: 98.75%
2026-03-05 04:49:47 KST | INFO | 
2026-03-05 04:49:47 KST | INFO | Epoch 37/200 | LR: 0.092216
2026-03-05 04:50:16 KST | INFO |   Train Loss: 0.0318 | Test Loss: 0.0003 | Test Acc: 97.40%
2026-03-05 04:50:16 KST | INFO |   No improvement (1/30)
2026-03-05 04:50:16 KST | INFO | 
2026-03-05 04:50:16 KST | INFO | Epoch 38/200 | LR: 0.091790
2026-03-05 04:50:45 KST | INFO |   Train Loss: 0.0311 | Test Loss: 0.0003 | Test Acc: 97.35%
2026-03-05 04:50:45 KST | INFO |   No improvement (2/30)
2026-03-05 04:50:45 KST | INFO | 
2026-03-05 04:50:45 KST | INFO | Epoch 39/200 | LR: 0.091354
2026-03-05 04:51:07 KST | INFO |   Train Loss: 0.0325 | Test Loss: 0.0008 | Test Acc: 94.70%
2026-03-05 04:51:07 KST | INFO |   No improvement (3/30)
2026-03-05 04:51:07 KST | INFO | 
2026-03-05 04:51:07 KST | INFO | Epoch 40/200 | LR: 0.090908
2026-03-05 04:51:31 KST | INFO |   Train Loss: 0.0346 | Test Loss: 0.0003 | Test Acc: 97.70%
2026-03-05 04:51:31 KST | INFO |   No improvement (4/30)
2026-03-05 04:51:31 KST | INFO | 
2026-03-05 04:51:31 KST | INFO | Epoch 41/200 | LR: 0.090451
2026-03-05 04:51:56 KST | INFO |   Train Loss: 0.0311 | Test Loss: 0.0002 | Test Acc: 98.60%
2026-03-05 04:51:56 KST | INFO |   No improvement (5/30)
2026-03-05 04:51:56 KST | INFO | 
2026-03-05 04:51:56 KST | INFO | Epoch 42/200 | LR: 0.089984
2026-03-05 04:52:25 KST | INFO |   Train Loss: 0.0281 | Test Loss: 0.0005 | Test Acc: 96.95%
2026-03-05 04:52:25 KST | INFO |   No improvement (6/30)
2026-03-05 04:52:25 KST | INFO | 
2026-03-05 04:52:25 KST | INFO | Epoch 43/200 | LR: 0.089508
2026-03-05 04:52:50 KST | INFO |   Train Loss: 0.0318 | Test Loss: 0.0003 | Test Acc: 97.65%
2026-03-05 04:52:50 KST | INFO |   No improvement (7/30)
2026-03-05 04:52:50 KST | INFO | 
2026-03-05 04:52:50 KST | INFO | Epoch 44/200 | LR: 0.089022
2026-03-05 04:53:14 KST | INFO |   Train Loss: 0.0305 | Test Loss: 0.0003 | Test Acc: 97.70%
2026-03-05 04:53:14 KST | INFO |   No improvement (8/30)
2026-03-05 04:53:14 KST | INFO | 
2026-03-05 04:53:14 KST | INFO | Epoch 45/200 | LR: 0.088526
2026-03-05 04:53:37 KST | INFO |   Train Loss: 0.0262 | Test Loss: 0.0002 | Test Acc: 98.65%
2026-03-05 04:53:37 KST | INFO |   No improvement (9/30)
2026-03-05 04:53:37 KST | INFO | 
2026-03-05 04:53:37 KST | INFO | Epoch 46/200 | LR: 0.088020
2026-03-05 04:54:05 KST | INFO |   Train Loss: 0.0279 | Test Loss: 0.0002 | Test Acc: 98.40%
2026-03-05 04:54:05 KST | INFO |   No improvement (10/30)
2026-03-05 04:54:05 KST | INFO | 
2026-03-05 04:54:05 KST | INFO | Epoch 47/200 | LR: 0.087506
2026-03-05 04:54:27 KST | INFO |   Train Loss: 0.0262 | Test Loss: 0.0002 | Test Acc: 98.55%
2026-03-05 04:54:27 KST | INFO |   No improvement (11/30)
2026-03-05 04:54:27 KST | INFO | 
2026-03-05 04:54:27 KST | INFO | Epoch 48/200 | LR: 0.086982
2026-03-05 04:54:51 KST | INFO |   Train Loss: 0.0294 | Test Loss: 0.0002 | Test Acc: 98.50%
2026-03-05 04:54:51 KST | INFO |   No improvement (12/30)
2026-03-05 04:54:51 KST | INFO | 
2026-03-05 04:54:51 KST | INFO | Epoch 49/200 | LR: 0.086449
2026-03-05 04:55:21 KST | INFO |   Train Loss: 0.0259 | Test Loss: 0.0003 | Test Acc: 97.70%
2026-03-05 04:55:21 KST | INFO |   No improvement (13/30)
2026-03-05 04:55:21 KST | INFO | 
2026-03-05 04:55:21 KST | INFO | Epoch 50/200 | LR: 0.085906
2026-03-05 04:55:45 KST | INFO |   Train Loss: 0.0290 | Test Loss: 0.0002 | Test Acc: 98.60%
2026-03-05 04:55:45 KST | INFO |   No improvement (14/30)
2026-03-05 04:55:45 KST | INFO | 
2026-03-05 04:55:45 KST | INFO | Epoch 51/200 | LR: 0.085355
2026-03-05 04:56:10 KST | INFO |   Train Loss: 0.0237 | Test Loss: 0.0002 | Test Acc: 98.55%
2026-03-05 04:56:10 KST | INFO |   No improvement (15/30)
2026-03-05 04:56:10 KST | INFO | 
2026-03-05 04:56:10 KST | INFO | Epoch 52/200 | LR: 0.084796
2026-03-05 04:56:34 KST | INFO |   Train Loss: 0.0284 | Test Loss: 0.0002 | Test Acc: 98.10%
2026-03-05 04:56:34 KST | INFO |   No improvement (16/30)
2026-03-05 04:56:34 KST | INFO | 
2026-03-05 04:56:34 KST | INFO | Epoch 53/200 | LR: 0.084228
2026-03-05 04:56:57 KST | INFO |   Train Loss: 0.0294 | Test Loss: 0.0003 | Test Acc: 98.00%
2026-03-05 04:56:57 KST | INFO |   No improvement (17/30)
2026-03-05 04:56:57 KST | INFO | 
2026-03-05 04:56:57 KST | INFO | Epoch 54/200 | LR: 0.083651
2026-03-05 04:57:19 KST | INFO |   Train Loss: 0.0246 | Test Loss: 0.0002 | Test Acc: 98.75%
2026-03-05 04:57:19 KST | INFO |   No improvement (18/30)
2026-03-05 04:57:19 KST | INFO | 
2026-03-05 04:57:19 KST | INFO | Epoch 55/200 | LR: 0.083066
2026-03-05 04:57:48 KST | INFO |   Train Loss: 0.0311 | Test Loss: 0.0002 | Test Acc: 98.20%
2026-03-05 04:57:48 KST | INFO |   No improvement (19/30)
2026-03-05 04:57:48 KST | INFO | 
2026-03-05 04:57:48 KST | INFO | Epoch 56/200 | LR: 0.082473
2026-03-05 04:58:17 KST | INFO |   Train Loss: 0.0247 | Test Loss: 0.0002 | Test Acc: 98.40%
2026-03-05 04:58:17 KST | INFO |   No improvement (20/30)
2026-03-05 04:58:17 KST | INFO | 
2026-03-05 04:58:17 KST | INFO | Epoch 57/200 | LR: 0.081871
2026-03-05 04:58:40 KST | INFO |   Train Loss: 0.0219 | Test Loss: 0.0002 | Test Acc: 98.35%
2026-03-05 04:58:40 KST | INFO |   No improvement (21/30)
2026-03-05 04:58:40 KST | INFO | 
2026-03-05 04:58:40 KST | INFO | Epoch 58/200 | LR: 0.081262
2026-03-05 04:59:04 KST | INFO |   Train Loss: 0.0228 | Test Loss: 0.0002 | Test Acc: 98.70%
2026-03-05 04:59:04 KST | INFO |   No improvement (22/30)
2026-03-05 04:59:04 KST | INFO | 
2026-03-05 04:59:04 KST | INFO | Epoch 59/200 | LR: 0.080646
2026-03-05 04:59:33 KST | INFO |   Train Loss: 0.0219 | Test Loss: 0.0002 | Test Acc: 98.40%
2026-03-05 04:59:33 KST | INFO |   No improvement (23/30)
2026-03-05 04:59:33 KST | INFO | 
2026-03-05 04:59:33 KST | INFO | Epoch 60/200 | LR: 0.080021
2026-03-05 04:59:58 KST | INFO |   Train Loss: 0.0195 | Test Loss: 0.0003 | Test Acc: 98.30%
2026-03-05 04:59:58 KST | INFO |   No improvement (24/30)
2026-03-05 04:59:58 KST | INFO | 
2026-03-05 04:59:58 KST | INFO | Epoch 61/200 | LR: 0.079389
2026-03-05 05:00:22 KST | INFO |   Train Loss: 0.0242 | Test Loss: 0.0002 | Test Acc: 98.35%
2026-03-05 05:00:22 KST | INFO |   No improvement (25/30)
2026-03-05 05:00:22 KST | INFO | 
2026-03-05 05:00:22 KST | INFO | Epoch 62/200 | LR: 0.078750
2026-03-05 05:00:50 KST | INFO |   Train Loss: 0.0198 | Test Loss: 0.0002 | Test Acc: 98.30%
2026-03-05 05:00:50 KST | INFO |   No improvement (26/30)
2026-03-05 05:00:50 KST | INFO | 
2026-03-05 05:00:50 KST | INFO | Epoch 63/200 | LR: 0.078104
2026-03-05 05:01:14 KST | INFO |   Train Loss: 0.0224 | Test Loss: 0.0002 | Test Acc: 98.65%
2026-03-05 05:01:14 KST | INFO |   No improvement (27/30)
2026-03-05 05:01:14 KST | INFO | 
2026-03-05 05:01:14 KST | INFO | Epoch 64/200 | LR: 0.077451
2026-03-05 05:01:38 KST | INFO |   Train Loss: 0.0207 | Test Loss: 0.0003 | Test Acc: 97.85%
2026-03-05 05:01:38 KST | INFO |   No improvement (28/30)
2026-03-05 05:01:38 KST | INFO | 
2026-03-05 05:01:38 KST | INFO | Epoch 65/200 | LR: 0.076792
2026-03-05 05:02:02 KST | INFO |   Train Loss: 0.0243 | Test Loss: 0.0002 | Test Acc: 98.10%
2026-03-05 05:02:02 KST | INFO |   No improvement (29/30)
2026-03-05 05:02:02 KST | INFO | 
2026-03-05 05:02:02 KST | INFO | Epoch 66/200 | LR: 0.076125
2026-03-05 05:02:25 KST | INFO |   Train Loss: 0.0217 | Test Loss: 0.0003 | Test Acc: 98.00%
2026-03-05 05:02:25 KST | INFO |   No improvement (30/30)
2026-03-05 05:02:25 KST | INFO | 
2026-03-05 05:02:25 KST | INFO | Early stopping after 30 epochs without improvement
2026-03-05 05:02:25 KST | INFO | 
2026-03-05 05:02:25 KST | INFO | ================================================================================
2026-03-05 05:02:25 KST | INFO | TRAINING COMPLETE
2026-03-05 05:02:25 KST | INFO | ================================================================================
2026-03-05 05:02:25 KST | INFO | Best accuracy:  98.75% (Epoch 36)
2026-03-05 05:02:25 KST | INFO | Final accuracy: 98.00%
2026-03-05 05:02:25 KST | INFO | ================================================================================
2026-03-05 05:02:25 KST | INFO | 
2026-03-05 05:02:25 KST | INFO | Notifying nodes of completion...
2026-03-05 05:02:26 KST | INFO | ✓ Nodes notified
2026-03-05 05:02:26 KST | INFO | 
2026-03-05 05:02:26 KST | INFO | Closing connections...
2026-03-05 05:02:26 KST | INFO | ✓ Cleanup complete
2026-03-05 05:02:26 KST | INFO | 
2026-03-05 05:02:26 KST | INFO | Full log: logs/TL++_secure_20260305_043414.log
2026-03-05 05:02:26 KST | INFO | ================================================================================
