2026-03-05 05:02:35 KST | INFO | ================================================================================
2026-03-05 05:02:35 KST | INFO | TL++ Orchestrator
2026-03-05 05:02:35 KST | INFO | ================================================================================
2026-03-05 05:02:35 KST | INFO | Log file: logs/TL++_secure_20260305_050235.log
2026-03-05 05:02:35 KST | INFO | 
2026-03-05 05:02:35 KST | INFO | --------------------------------------------------------------------------------
2026-03-05 05:02:35 KST | INFO | CONFIGURATION
2026-03-05 05:02:35 KST | INFO | --------------------------------------------------------------------------------
2026-03-05 05:02:35 KST | INFO | Secure mode:      True
2026-03-05 05:02:35 KST | INFO | Helper endpoint:  127.0.0.1:8082
2026-03-05 05:02:35 KST | INFO | Activation noise: 2.0%
2026-03-05 05:02:35 KST | INFO | Gradient noise:   10.0%
2026-03-05 05:02:35 KST | INFO | Nodes:            2
2026-03-05 05:02:35 KST | INFO | Cut layer:        3
2026-03-05 05:02:35 KST | INFO | Batch size:       128
2026-03-05 05:02:35 KST | INFO | Learning rate:    0.1
2026-03-05 05:02:35 KST | INFO | 
2026-03-05 05:02:35 KST | INFO | Computation device: cuda
2026-03-05 05:02:35 KST | INFO | Secure mode: ✓ ENABLED
2026-03-05 05:02:35 KST | INFO | 
2026-03-05 05:02:35 KST | INFO | --------------------------------------------------------------------------------
2026-03-05 05:02:35 KST | INFO | NETWORK SETUP
2026-03-05 05:02:35 KST | INFO | --------------------------------------------------------------------------------
2026-03-05 05:02:35 KST | INFO | ✓ Orchestrator listening on 127.0.0.1:8080
2026-03-05 05:02:35 KST | INFO | ✓ Helper node on 127.0.0.1:8082
2026-03-05 05:02:35 KST | INFO | 
2026-03-05 05:02:35 KST | INFO | Waiting for helper node...
2026-03-05 05:02:37 KST | INFO | ✓ Helper node connected
2026-03-05 05:02:37 KST | INFO | ✓ Noise config sent to helper (activation: 2.0%, gradient: 10.0%)
2026-03-05 05:02:37 KST | INFO | 
2026-03-05 05:02:37 KST | INFO | Waiting for 2 node(s)...
2026-03-05 05:02:40 KST | INFO |   ✓ Node 1/2 connected
2026-03-05 05:02:41 KST | INFO |   ✓ Node 2/2 connected
2026-03-05 05:02:41 KST | INFO | ✓ All 2 node(s) connected
2026-03-05 05:02:41 KST | INFO | 
2026-03-05 05:02:41 KST | INFO | --------------------------------------------------------------------------------
2026-03-05 05:02:41 KST | INFO | MODEL INITIALIZATION
2026-03-05 05:02:41 KST | INFO | --------------------------------------------------------------------------------
2026-03-05 05:02:42 KST | INFO | Node-side parameters: 3,243,072
2026-03-05 05:02:42 KST | INFO | 
2026-03-05 05:02:42 KST | INFO | --------------------------------------------------------------------------------
2026-03-05 05:02:42 KST | INFO | BROADCASTING CONFIGURATION
2026-03-05 05:02:42 KST | INFO | --------------------------------------------------------------------------------
2026-03-05 05:02:42 KST | INFO | ✓ Configuration broadcast to all nodes
2026-03-05 05:02:42 KST | INFO | 
2026-03-05 05:02:42 KST | INFO | Total parameters:     3,244,098
2026-03-05 05:02:42 KST | INFO | Trainable parameters: 3,244,098
2026-03-05 05:02:42 KST | INFO | 
2026-03-05 05:02:42 KST | INFO | --------------------------------------------------------------------------------
2026-03-05 05:02:42 KST | INFO | DATA LOADING
2026-03-05 05:02:42 KST | INFO | --------------------------------------------------------------------------------
2026-03-05 05:03:07 KST | INFO | ✓ Dataset information collected:
2026-03-05 05:03:07 KST | INFO |     Node 1: 5,000 samples
2026-03-05 05:03:07 KST | INFO |     Node 2: 5,000 samples
2026-03-05 05:03:07 KST | INFO |   Total training samples: 10,000
2026-03-05 05:03:07 KST | INFO | 
2026-03-05 05:03:10 KST | INFO | ✓ Test dataset loaded: 2,000 samples
2026-03-05 05:03:10 KST | INFO | 
2026-03-05 05:03:10 KST | INFO | ✓ Batch scheduler: 79 batches/epoch
2026-03-05 05:03:10 KST | INFO | 
2026-03-05 05:03:10 KST | INFO | --------------------------------------------------------------------------------
2026-03-05 05:03:10 KST | INFO | OPTIMIZATION SETUP
2026-03-05 05:03:10 KST | INFO | --------------------------------------------------------------------------------
2026-03-05 05:03:10 KST | INFO | ✓ Optimizer: SGD (lr=0.1, momentum=0.9)
2026-03-05 05:03:10 KST | INFO | ✓ Scheduler: cosine
2026-03-05 05:03:10 KST | INFO | ✓ Gradient clipping: 1.0
2026-03-05 05:03:10 KST | INFO | 
2026-03-05 05:03:10 KST | INFO | ================================================================================
2026-03-05 05:03:10 KST | INFO | Setup complete - Ready for training
2026-03-05 05:03:10 KST | INFO | ================================================================================
2026-03-05 05:03:10 KST | INFO | 
2026-03-05 05:03:10 KST | INFO | --------------------------------------------------------------------------------
2026-03-05 05:03:10 KST | INFO | TRAINING
2026-03-05 05:03:10 KST | INFO | --------------------------------------------------------------------------------
2026-03-05 05:03:10 KST | INFO | 
2026-03-05 05:03:10 KST | INFO | Epoch 1/200 | LR: 0.100000
2026-03-05 05:03:40 KST | INFO |   Train Loss: 0.5423 | Test Loss: 0.0014 | Test Acc: 83.90%
2026-03-05 05:03:40 KST | INFO |   🏆 New best accuracy: 83.90%
2026-03-05 05:03:40 KST | INFO | 
2026-03-05 05:03:40 KST | INFO | Epoch 2/200 | LR: 0.099994
2026-03-05 05:04:06 KST | INFO |   Train Loss: 0.3157 | Test Loss: 0.0007 | Test Acc: 92.60%
2026-03-05 05:04:06 KST | INFO |   🏆 New best accuracy: 92.60%
2026-03-05 05:04:06 KST | INFO | 
2026-03-05 05:04:06 KST | INFO | Epoch 3/200 | LR: 0.099975
2026-03-05 05:04:31 KST | INFO |   Train Loss: 0.2061 | Test Loss: 0.0006 | Test Acc: 94.85%
2026-03-05 05:04:31 KST | INFO |   🏆 New best accuracy: 94.85%
2026-03-05 05:04:31 KST | INFO | 
2026-03-05 05:04:31 KST | INFO | Epoch 4/200 | LR: 0.099944
2026-03-05 05:04:56 KST | INFO |   Train Loss: 0.1570 | Test Loss: 0.0005 | Test Acc: 95.35%
2026-03-05 05:04:56 KST | INFO |   🏆 New best accuracy: 95.35%
2026-03-05 05:04:56 KST | INFO | 
2026-03-05 05:04:56 KST | INFO | Epoch 5/200 | LR: 0.099901
2026-03-05 05:05:21 KST | INFO |   Train Loss: 0.1256 | Test Loss: 0.0004 | Test Acc: 95.70%
2026-03-05 05:05:21 KST | INFO |   🏆 New best accuracy: 95.70%
2026-03-05 05:05:21 KST | INFO | 
2026-03-05 05:05:21 KST | INFO | Epoch 6/200 | LR: 0.099846
2026-03-05 05:05:45 KST | INFO |   Train Loss: 0.1108 | Test Loss: 0.0003 | Test Acc: 97.15%
2026-03-05 05:05:45 KST | INFO |   🏆 New best accuracy: 97.15%
2026-03-05 05:05:45 KST | INFO | 
2026-03-05 05:05:45 KST | INFO | Epoch 7/200 | LR: 0.099778
2026-03-05 05:06:14 KST | INFO |   Train Loss: 0.0981 | Test Loss: 0.0003 | Test Acc: 97.50%
2026-03-05 05:06:14 KST | INFO |   🏆 New best accuracy: 97.50%
2026-03-05 05:06:14 KST | INFO | 
2026-03-05 05:06:14 KST | INFO | Epoch 8/200 | LR: 0.099698
2026-03-05 05:06:43 KST | INFO |   Train Loss: 0.0888 | Test Loss: 0.0003 | Test Acc: 97.65%
2026-03-05 05:06:43 KST | INFO |   🏆 New best accuracy: 97.65%
2026-03-05 05:06:43 KST | INFO | 
2026-03-05 05:06:43 KST | INFO | Epoch 9/200 | LR: 0.099606
2026-03-05 05:07:07 KST | INFO |   Train Loss: 0.0757 | Test Loss: 0.0005 | Test Acc: 96.00%
2026-03-05 05:07:07 KST | INFO |   No improvement (1/30)
2026-03-05 05:07:07 KST | INFO | 
2026-03-05 05:07:07 KST | INFO | Epoch 10/200 | LR: 0.099501
2026-03-05 05:07:33 KST | INFO |   Train Loss: 0.0764 | Test Loss: 0.0004 | Test Acc: 96.75%
2026-03-05 05:07:33 KST | INFO |   No improvement (2/30)
2026-03-05 05:07:33 KST | INFO | 
2026-03-05 05:07:33 KST | INFO | Epoch 11/200 | LR: 0.099384
2026-03-05 05:07:58 KST | INFO |   Train Loss: 0.0747 | Test Loss: 0.0002 | Test Acc: 97.80%
2026-03-05 05:07:58 KST | INFO |   🏆 New best accuracy: 97.80%
2026-03-05 05:07:58 KST | INFO | 
2026-03-05 05:07:58 KST | INFO | Epoch 12/200 | LR: 0.099255
2026-03-05 05:08:23 KST | INFO |   Train Loss: 0.0658 | Test Loss: 0.0003 | Test Acc: 97.25%
2026-03-05 05:08:23 KST | INFO |   No improvement (1/30)
2026-03-05 05:08:23 KST | INFO | 
2026-03-05 05:08:23 KST | INFO | Epoch 13/200 | LR: 0.099114
2026-03-05 05:08:50 KST | INFO |   Train Loss: 0.0640 | Test Loss: 0.0003 | Test Acc: 97.75%
2026-03-05 05:08:50 KST | INFO |   No improvement (2/30)
2026-03-05 05:08:50 KST | INFO | 
2026-03-05 05:08:50 KST | INFO | Epoch 14/200 | LR: 0.098961
2026-03-05 05:09:14 KST | INFO |   Train Loss: 0.0553 | Test Loss: 0.0006 | Test Acc: 96.05%
2026-03-05 05:09:14 KST | INFO |   No improvement (3/30)
2026-03-05 05:09:14 KST | INFO | 
2026-03-05 05:09:14 KST | INFO | Epoch 15/200 | LR: 0.098796
2026-03-05 05:09:43 KST | INFO |   Train Loss: 0.0650 | Test Loss: 0.0003 | Test Acc: 97.25%
2026-03-05 05:09:43 KST | INFO |   No improvement (4/30)
2026-03-05 05:09:43 KST | INFO | 
2026-03-05 05:09:43 KST | INFO | Epoch 16/200 | LR: 0.098619
2026-03-05 05:10:06 KST | INFO |   Train Loss: 0.0559 | Test Loss: 0.0003 | Test Acc: 97.40%
2026-03-05 05:10:06 KST | INFO |   No improvement (5/30)
2026-03-05 05:10:06 KST | INFO | 
2026-03-05 05:10:06 KST | INFO | Epoch 17/200 | LR: 0.098429
2026-03-05 05:10:30 KST | INFO |   Train Loss: 0.0600 | Test Loss: 0.0004 | Test Acc: 97.40%
2026-03-05 05:10:30 KST | INFO |   No improvement (6/30)
2026-03-05 05:10:30 KST | INFO | 
2026-03-05 05:10:30 KST | INFO | Epoch 18/200 | LR: 0.098228
2026-03-05 05:10:54 KST | INFO |   Train Loss: 0.0531 | Test Loss: 0.0003 | Test Acc: 97.45%
2026-03-05 05:10:54 KST | INFO |   No improvement (7/30)
2026-03-05 05:10:54 KST | INFO | 
2026-03-05 05:10:54 KST | INFO | Epoch 19/200 | LR: 0.098015
2026-03-05 05:11:22 KST | INFO |   Train Loss: 0.0490 | Test Loss: 0.0002 | Test Acc: 97.85%
2026-03-05 05:11:22 KST | INFO |   🏆 New best accuracy: 97.85%
2026-03-05 05:11:22 KST | INFO | 
2026-03-05 05:11:22 KST | INFO | Epoch 20/200 | LR: 0.097790
2026-03-05 05:11:45 KST | INFO |   Train Loss: 0.0462 | Test Loss: 0.0003 | Test Acc: 97.60%
2026-03-05 05:11:45 KST | INFO |   No improvement (1/30)
2026-03-05 05:11:45 KST | INFO | 
2026-03-05 05:11:45 KST | INFO | Epoch 21/200 | LR: 0.097553
2026-03-05 05:12:09 KST | INFO |   Train Loss: 0.0418 | Test Loss: 0.0003 | Test Acc: 97.85%
2026-03-05 05:12:09 KST | INFO |   No improvement (2/30)
2026-03-05 05:12:09 KST | INFO | 
2026-03-05 05:12:09 KST | INFO | Epoch 22/200 | LR: 0.097304
2026-03-05 05:12:38 KST | INFO |   Train Loss: 0.0449 | Test Loss: 0.0002 | Test Acc: 98.25%
2026-03-05 05:12:38 KST | INFO |   🏆 New best accuracy: 98.25%
2026-03-05 05:12:38 KST | INFO | 
2026-03-05 05:12:38 KST | INFO | Epoch 23/200 | LR: 0.097044
2026-03-05 05:13:03 KST | INFO |   Train Loss: 0.0420 | Test Loss: 0.0002 | Test Acc: 98.10%
2026-03-05 05:13:03 KST | INFO |   No improvement (1/30)
2026-03-05 05:13:03 KST | INFO | 
2026-03-05 05:13:03 KST | INFO | Epoch 24/200 | LR: 0.096772
2026-03-05 05:13:27 KST | INFO |   Train Loss: 0.0480 | Test Loss: 0.0004 | Test Acc: 96.65%
2026-03-05 05:13:27 KST | INFO |   No improvement (2/30)
2026-03-05 05:13:27 KST | INFO | 
2026-03-05 05:13:27 KST | INFO | Epoch 25/200 | LR: 0.096489
2026-03-05 05:13:51 KST | INFO |   Train Loss: 0.0438 | Test Loss: 0.0003 | Test Acc: 97.10%
2026-03-05 05:13:51 KST | INFO |   No improvement (3/30)
2026-03-05 05:13:51 KST | INFO | 
2026-03-05 05:13:51 KST | INFO | Epoch 26/200 | LR: 0.096194
2026-03-05 05:14:24 KST | INFO |   Train Loss: 0.0421 | Test Loss: 0.0003 | Test Acc: 97.20%
2026-03-05 05:14:24 KST | INFO |   No improvement (4/30)
2026-03-05 05:14:24 KST | INFO | 
2026-03-05 05:14:24 KST | INFO | Epoch 27/200 | LR: 0.095888
2026-03-05 05:14:49 KST | INFO |   Train Loss: 0.0440 | Test Loss: 0.0002 | Test Acc: 98.00%
2026-03-05 05:14:49 KST | INFO |   No improvement (5/30)
2026-03-05 05:14:49 KST | INFO | 
2026-03-05 05:14:49 KST | INFO | Epoch 28/200 | LR: 0.095570
2026-03-05 05:15:12 KST | INFO |   Train Loss: 0.0360 | Test Loss: 0.0002 | Test Acc: 98.30%
2026-03-05 05:15:12 KST | INFO |   🏆 New best accuracy: 98.30%
2026-03-05 05:15:12 KST | INFO | 
2026-03-05 05:15:12 KST | INFO | Epoch 29/200 | LR: 0.095241
2026-03-05 05:15:36 KST | INFO |   Train Loss: 0.0326 | Test Loss: 0.0003 | Test Acc: 98.35%
2026-03-05 05:15:36 KST | INFO |   🏆 New best accuracy: 98.35%
2026-03-05 05:15:36 KST | INFO | 
2026-03-05 05:15:36 KST | INFO | Epoch 30/200 | LR: 0.094901
2026-03-05 05:16:00 KST | INFO |   Train Loss: 0.0363 | Test Loss: 0.0003 | Test Acc: 98.15%
2026-03-05 05:16:00 KST | INFO |   No improvement (1/30)
2026-03-05 05:16:00 KST | INFO | 
2026-03-05 05:16:00 KST | INFO | Epoch 31/200 | LR: 0.094550
2026-03-05 05:16:24 KST | INFO |   Train Loss: 0.0403 | Test Loss: 0.0007 | Test Acc: 94.80%
2026-03-05 05:16:24 KST | INFO |   No improvement (2/30)
2026-03-05 05:16:24 KST | INFO | 
2026-03-05 05:16:24 KST | INFO | Epoch 32/200 | LR: 0.094188
2026-03-05 05:16:48 KST | INFO |   Train Loss: 0.0372 | Test Loss: 0.0004 | Test Acc: 97.90%
2026-03-05 05:16:48 KST | INFO |   No improvement (3/30)
2026-03-05 05:16:48 KST | INFO | 
2026-03-05 05:16:48 KST | INFO | Epoch 33/200 | LR: 0.093815
2026-03-05 05:17:15 KST | INFO |   Train Loss: 0.0377 | Test Loss: 0.0003 | Test Acc: 97.70%
2026-03-05 05:17:15 KST | INFO |   No improvement (4/30)
2026-03-05 05:17:15 KST | INFO | 
2026-03-05 05:17:15 KST | INFO | Epoch 34/200 | LR: 0.093432
2026-03-05 05:17:45 KST | INFO |   Train Loss: 0.0346 | Test Loss: 0.0003 | Test Acc: 97.95%
2026-03-05 05:17:45 KST | INFO |   No improvement (5/30)
2026-03-05 05:17:45 KST | INFO | 
2026-03-05 05:17:45 KST | INFO | Epoch 35/200 | LR: 0.093037
2026-03-05 05:18:09 KST | INFO |   Train Loss: 0.0321 | Test Loss: 0.0002 | Test Acc: 98.15%
2026-03-05 05:18:09 KST | INFO |   No improvement (6/30)
2026-03-05 05:18:09 KST | INFO | 
2026-03-05 05:18:09 KST | INFO | Epoch 36/200 | LR: 0.092632
2026-03-05 05:18:34 KST | INFO |   Train Loss: 0.0332 | Test Loss: 0.0003 | Test Acc: 98.10%
2026-03-05 05:18:34 KST | INFO |   No improvement (7/30)
2026-03-05 05:18:34 KST | INFO | 
2026-03-05 05:18:34 KST | INFO | Epoch 37/200 | LR: 0.092216
2026-03-05 05:18:57 KST | INFO |   Train Loss: 0.0385 | Test Loss: 0.0003 | Test Acc: 97.60%
2026-03-05 05:18:57 KST | INFO |   No improvement (8/30)
2026-03-05 05:18:57 KST | INFO | 
2026-03-05 05:18:57 KST | INFO | Epoch 38/200 | LR: 0.091790
2026-03-05 05:19:22 KST | INFO |   Train Loss: 0.0313 | Test Loss: 0.0002 | Test Acc: 98.55%
2026-03-05 05:19:22 KST | INFO |   🏆 New best accuracy: 98.55%
2026-03-05 05:19:22 KST | INFO | 
2026-03-05 05:19:22 KST | INFO | Epoch 39/200 | LR: 0.091354
2026-03-05 05:19:46 KST | INFO |   Train Loss: 0.0361 | Test Loss: 0.0003 | Test Acc: 97.85%
2026-03-05 05:19:46 KST | INFO |   No improvement (1/30)
2026-03-05 05:19:46 KST | INFO | 
2026-03-05 05:19:46 KST | INFO | Epoch 40/200 | LR: 0.090908
2026-03-05 05:20:20 KST | INFO |   Train Loss: 0.0293 | Test Loss: 0.0003 | Test Acc: 98.05%
2026-03-05 05:20:20 KST | INFO |   No improvement (2/30)
2026-03-05 05:20:20 KST | INFO | 
2026-03-05 05:20:20 KST | INFO | Epoch 41/200 | LR: 0.090451
2026-03-05 05:20:45 KST | INFO |   Train Loss: 0.0310 | Test Loss: 0.0002 | Test Acc: 98.00%
2026-03-05 05:20:45 KST | INFO |   No improvement (3/30)
2026-03-05 05:20:45 KST | INFO | 
2026-03-05 05:20:45 KST | INFO | Epoch 42/200 | LR: 0.089984
2026-03-05 05:21:09 KST | INFO |   Train Loss: 0.0266 | Test Loss: 0.0002 | Test Acc: 98.45%
2026-03-05 05:21:09 KST | INFO |   No improvement (4/30)
2026-03-05 05:21:09 KST | INFO | 
2026-03-05 05:21:09 KST | INFO | Epoch 43/200 | LR: 0.089508
2026-03-05 05:21:34 KST | INFO |   Train Loss: 0.0303 | Test Loss: 0.0003 | Test Acc: 97.25%
2026-03-05 05:21:34 KST | INFO |   No improvement (5/30)
2026-03-05 05:21:34 KST | INFO | 
2026-03-05 05:21:34 KST | INFO | Epoch 44/200 | LR: 0.089022
2026-03-05 05:21:57 KST | INFO |   Train Loss: 0.0280 | Test Loss: 0.0002 | Test Acc: 98.20%
2026-03-05 05:21:57 KST | INFO |   No improvement (6/30)
2026-03-05 05:21:57 KST | INFO | 
2026-03-05 05:21:57 KST | INFO | Epoch 45/200 | LR: 0.088526
2026-03-05 05:22:19 KST | INFO |   Train Loss: 0.0288 | Test Loss: 0.0003 | Test Acc: 97.90%
2026-03-05 05:22:19 KST | INFO |   No improvement (7/30)
2026-03-05 05:22:19 KST | INFO | 
2026-03-05 05:22:19 KST | INFO | Epoch 46/200 | LR: 0.088020
2026-03-05 05:22:45 KST | INFO |   Train Loss: 0.0319 | Test Loss: 0.0002 | Test Acc: 98.40%
2026-03-05 05:22:45 KST | INFO |   No improvement (8/30)
2026-03-05 05:22:45 KST | INFO | 
2026-03-05 05:22:45 KST | INFO | Epoch 47/200 | LR: 0.087506
2026-03-05 05:23:16 KST | INFO |   Train Loss: 0.0250 | Test Loss: 0.0002 | Test Acc: 98.40%
2026-03-05 05:23:16 KST | INFO |   No improvement (9/30)
2026-03-05 05:23:16 KST | INFO | 
2026-03-05 05:23:16 KST | INFO | Epoch 48/200 | LR: 0.086982
2026-03-05 05:23:41 KST | INFO |   Train Loss: 0.0250 | Test Loss: 0.0002 | Test Acc: 98.50%
2026-03-05 05:23:41 KST | INFO |   No improvement (10/30)
2026-03-05 05:23:41 KST | INFO | 
2026-03-05 05:23:41 KST | INFO | Epoch 49/200 | LR: 0.086449
2026-03-05 05:24:05 KST | INFO |   Train Loss: 0.0285 | Test Loss: 0.0002 | Test Acc: 98.25%
2026-03-05 05:24:05 KST | INFO |   No improvement (11/30)
2026-03-05 05:24:05 KST | INFO | 
2026-03-05 05:24:05 KST | INFO | Epoch 50/200 | LR: 0.085906
2026-03-05 05:24:29 KST | INFO |   Train Loss: 0.0275 | Test Loss: 0.0002 | Test Acc: 98.05%
2026-03-05 05:24:29 KST | INFO |   No improvement (12/30)
2026-03-05 05:24:29 KST | INFO | 
2026-03-05 05:24:29 KST | INFO | Epoch 51/200 | LR: 0.085355
2026-03-05 05:24:53 KST | INFO |   Train Loss: 0.0221 | Test Loss: 0.0003 | Test Acc: 97.80%
2026-03-05 05:24:53 KST | INFO |   No improvement (13/30)
2026-03-05 05:24:53 KST | INFO | 
2026-03-05 05:24:53 KST | INFO | Epoch 52/200 | LR: 0.084796
2026-03-05 05:25:17 KST | INFO |   Train Loss: 0.0228 | Test Loss: 0.0002 | Test Acc: 98.15%
2026-03-05 05:25:17 KST | INFO |   No improvement (14/30)
2026-03-05 05:25:17 KST | INFO | 
2026-03-05 05:25:17 KST | INFO | Epoch 53/200 | LR: 0.084228
2026-03-05 05:25:40 KST | INFO |   Train Loss: 0.0287 | Test Loss: 0.0002 | Test Acc: 98.35%
2026-03-05 05:25:40 KST | INFO |   No improvement (15/30)
2026-03-05 05:25:40 KST | INFO | 
2026-03-05 05:25:40 KST | INFO | Epoch 54/200 | LR: 0.083651
2026-03-05 05:26:13 KST | INFO |   Train Loss: 0.0240 | Test Loss: 0.0004 | Test Acc: 97.35%
2026-03-05 05:26:13 KST | INFO |   No improvement (16/30)
2026-03-05 05:26:13 KST | INFO | 
2026-03-05 05:26:13 KST | INFO | Epoch 55/200 | LR: 0.083066
2026-03-05 05:26:38 KST | INFO |   Train Loss: 0.0236 | Test Loss: 0.0002 | Test Acc: 98.15%
2026-03-05 05:26:38 KST | INFO |   No improvement (17/30)
2026-03-05 05:26:38 KST | INFO | 
2026-03-05 05:26:38 KST | INFO | Epoch 56/200 | LR: 0.082473
2026-03-05 05:27:03 KST | INFO |   Train Loss: 0.0212 | Test Loss: 0.0002 | Test Acc: 98.45%
2026-03-05 05:27:03 KST | INFO |   No improvement (18/30)
2026-03-05 05:27:03 KST | INFO | 
2026-03-05 05:27:03 KST | INFO | Epoch 57/200 | LR: 0.081871
2026-03-05 05:27:27 KST | INFO |   Train Loss: 0.0209 | Test Loss: 0.0002 | Test Acc: 98.10%
2026-03-05 05:27:27 KST | INFO |   No improvement (19/30)
2026-03-05 05:27:27 KST | INFO | 
2026-03-05 05:27:27 KST | INFO | Epoch 58/200 | LR: 0.081262
2026-03-05 05:27:51 KST | INFO |   Train Loss: 0.0241 | Test Loss: 0.0009 | Test Acc: 94.05%
2026-03-05 05:27:51 KST | INFO |   No improvement (20/30)
2026-03-05 05:27:51 KST | INFO | 
2026-03-05 05:27:51 KST | INFO | Epoch 59/200 | LR: 0.080646
2026-03-05 05:28:15 KST | INFO |   Train Loss: 0.0238 | Test Loss: 0.0002 | Test Acc: 98.25%
2026-03-05 05:28:15 KST | INFO |   No improvement (21/30)
2026-03-05 05:28:15 KST | INFO | 
2026-03-05 05:28:15 KST | INFO | Epoch 60/200 | LR: 0.080021
2026-03-05 05:28:38 KST | INFO |   Train Loss: 0.0218 | Test Loss: 0.0003 | Test Acc: 97.85%
2026-03-05 05:28:38 KST | INFO |   No improvement (22/30)
2026-03-05 05:28:38 KST | INFO | 
2026-03-05 05:28:38 KST | INFO | Epoch 61/200 | LR: 0.079389
2026-03-05 05:29:02 KST | INFO |   Train Loss: 0.0248 | Test Loss: 0.0003 | Test Acc: 98.20%
2026-03-05 05:29:02 KST | INFO |   No improvement (23/30)
2026-03-05 05:29:02 KST | INFO | 
2026-03-05 05:29:02 KST | INFO | Epoch 62/200 | LR: 0.078750
2026-03-05 05:29:40 KST | INFO |   Train Loss: 0.0241 | Test Loss: 0.0002 | Test Acc: 98.55%
2026-03-05 05:29:40 KST | INFO |   No improvement (24/30)
2026-03-05 05:29:40 KST | INFO | 
2026-03-05 05:29:40 KST | INFO | Epoch 63/200 | LR: 0.078104
2026-03-05 05:30:05 KST | INFO |   Train Loss: 0.0230 | Test Loss: 0.0003 | Test Acc: 98.05%
2026-03-05 05:30:05 KST | INFO |   No improvement (25/30)
2026-03-05 05:30:05 KST | INFO | 
2026-03-05 05:30:05 KST | INFO | Epoch 64/200 | LR: 0.077451
2026-03-05 05:30:29 KST | INFO |   Train Loss: 0.0223 | Test Loss: 0.0003 | Test Acc: 98.15%
2026-03-05 05:30:29 KST | INFO |   No improvement (26/30)
2026-03-05 05:30:29 KST | INFO | 
2026-03-05 05:30:29 KST | INFO | Epoch 65/200 | LR: 0.076792
2026-03-05 05:30:57 KST | INFO |   Train Loss: 0.0171 | Test Loss: 0.0004 | Test Acc: 98.05%
2026-03-05 05:30:57 KST | INFO |   No improvement (27/30)
2026-03-05 05:30:57 KST | INFO | 
2026-03-05 05:30:57 KST | INFO | Epoch 66/200 | LR: 0.076125
2026-03-05 05:31:21 KST | INFO |   Train Loss: 0.0195 | Test Loss: 0.0002 | Test Acc: 98.70%
2026-03-05 05:31:21 KST | INFO |   🏆 New best accuracy: 98.70%
2026-03-05 05:31:21 KST | INFO | 
2026-03-05 05:31:21 KST | INFO | Epoch 67/200 | LR: 0.075452
2026-03-05 05:31:45 KST | INFO |   Train Loss: 0.0213 | Test Loss: 0.0003 | Test Acc: 98.25%
2026-03-05 05:31:45 KST | INFO |   No improvement (1/30)
2026-03-05 05:31:45 KST | INFO | 
2026-03-05 05:31:45 KST | INFO | Epoch 68/200 | LR: 0.074773
2026-03-05 05:32:10 KST | INFO |   Train Loss: 0.0229 | Test Loss: 0.0003 | Test Acc: 98.05%
2026-03-05 05:32:10 KST | INFO |   No improvement (2/30)
2026-03-05 05:32:10 KST | INFO | 
2026-03-05 05:32:10 KST | INFO | Epoch 69/200 | LR: 0.074088
2026-03-05 05:32:34 KST | INFO |   Train Loss: 0.0163 | Test Loss: 0.0002 | Test Acc: 98.70%
2026-03-05 05:32:34 KST | INFO |   No improvement (3/30)
2026-03-05 05:32:34 KST | INFO | 
2026-03-05 05:32:34 KST | INFO | Epoch 70/200 | LR: 0.073397
2026-03-05 05:33:03 KST | INFO |   Train Loss: 0.0168 | Test Loss: 0.0002 | Test Acc: 98.85%
2026-03-05 05:33:03 KST | INFO |   🏆 New best accuracy: 98.85%
2026-03-05 05:33:03 KST | INFO | 
2026-03-05 05:33:03 KST | INFO | Epoch 71/200 | LR: 0.072700
2026-03-05 05:33:27 KST | INFO |   Train Loss: 0.0192 | Test Loss: 0.0004 | Test Acc: 97.65%
2026-03-05 05:33:27 KST | INFO |   No improvement (1/30)
2026-03-05 05:33:27 KST | INFO | 
2026-03-05 05:33:27 KST | INFO | Epoch 72/200 | LR: 0.071997
2026-03-05 05:33:51 KST | INFO |   Train Loss: 0.0151 | Test Loss: 0.0002 | Test Acc: 98.75%
2026-03-05 05:33:51 KST | INFO |   No improvement (2/30)
2026-03-05 05:33:51 KST | INFO | 
2026-03-05 05:33:51 KST | INFO | Epoch 73/200 | LR: 0.071289
2026-03-05 05:34:20 KST | INFO |   Train Loss: 0.0167 | Test Loss: 0.0002 | Test Acc: 98.70%
2026-03-05 05:34:20 KST | INFO |   No improvement (3/30)
2026-03-05 05:34:20 KST | INFO | 
2026-03-05 05:34:20 KST | INFO | Epoch 74/200 | LR: 0.070576
2026-03-05 05:34:46 KST | INFO |   Train Loss: 0.0226 | Test Loss: 0.0002 | Test Acc: 98.85%
2026-03-05 05:34:46 KST | INFO |   No improvement (4/30)
2026-03-05 05:34:46 KST | INFO | 
2026-03-05 05:34:46 KST | INFO | Epoch 75/200 | LR: 0.069858
2026-03-05 05:35:10 KST | INFO |   Train Loss: 0.0168 | Test Loss: 0.0002 | Test Acc: 98.80%
2026-03-05 05:35:10 KST | INFO |   No improvement (5/30)
2026-03-05 05:35:10 KST | INFO | 
2026-03-05 05:35:10 KST | INFO | Epoch 76/200 | LR: 0.069134
2026-03-05 05:35:34 KST | INFO |   Train Loss: 0.0193 | Test Loss: 0.0003 | Test Acc: 98.35%
2026-03-05 05:35:34 KST | INFO |   No improvement (6/30)
2026-03-05 05:35:34 KST | INFO | 
2026-03-05 05:35:34 KST | INFO | Epoch 77/200 | LR: 0.068407
2026-03-05 05:35:59 KST | INFO |   Train Loss: 0.0193 | Test Loss: 0.0002 | Test Acc: 98.85%
2026-03-05 05:35:59 KST | INFO |   No improvement (7/30)
2026-03-05 05:35:59 KST | INFO | 
2026-03-05 05:35:59 KST | INFO | Epoch 78/200 | LR: 0.067674
2026-03-05 05:36:28 KST | INFO |   Train Loss: 0.0121 | Test Loss: 0.0001 | Test Acc: 98.95%
2026-03-05 05:36:28 KST | INFO |   🏆 New best accuracy: 98.95%
2026-03-05 05:36:28 KST | INFO | 
2026-03-05 05:36:28 KST | INFO | Epoch 79/200 | LR: 0.066937
2026-03-05 05:36:52 KST | INFO |   Train Loss: 0.0129 | Test Loss: 0.0003 | Test Acc: 98.25%
2026-03-05 05:36:52 KST | INFO |   No improvement (1/30)
2026-03-05 05:36:52 KST | INFO | 
2026-03-05 05:36:52 KST | INFO | Epoch 80/200 | LR: 0.066196
2026-03-05 05:37:21 KST | INFO |   Train Loss: 0.0158 | Test Loss: 0.0002 | Test Acc: 98.70%
2026-03-05 05:37:21 KST | INFO |   No improvement (2/30)
2026-03-05 05:37:21 KST | INFO | 
2026-03-05 05:37:21 KST | INFO | Epoch 81/200 | LR: 0.065451
2026-03-05 05:37:45 KST | INFO |   Train Loss: 0.0160 | Test Loss: 0.0002 | Test Acc: 98.60%
2026-03-05 05:37:45 KST | INFO |   No improvement (3/30)
2026-03-05 05:37:45 KST | INFO | 
2026-03-05 05:37:45 KST | INFO | Epoch 82/200 | LR: 0.064702
2026-03-05 05:38:10 KST | INFO |   Train Loss: 0.0167 | Test Loss: 0.0003 | Test Acc: 98.20%
2026-03-05 05:38:10 KST | INFO |   No improvement (4/30)
2026-03-05 05:38:10 KST | INFO | 
2026-03-05 05:38:10 KST | INFO | Epoch 83/200 | LR: 0.063950
2026-03-05 05:38:35 KST | INFO |   Train Loss: 0.0170 | Test Loss: 0.0003 | Test Acc: 97.95%
2026-03-05 05:38:35 KST | INFO |   No improvement (5/30)
2026-03-05 05:38:35 KST | INFO | 
2026-03-05 05:38:35 KST | INFO | Epoch 84/200 | LR: 0.063194
2026-03-05 05:38:59 KST | INFO |   Train Loss: 0.0149 | Test Loss: 0.0002 | Test Acc: 98.85%
2026-03-05 05:38:59 KST | INFO |   No improvement (6/30)
2026-03-05 05:38:59 KST | INFO | 
2026-03-05 05:38:59 KST | INFO | Epoch 85/200 | LR: 0.062435
2026-03-05 05:39:23 KST | INFO |   Train Loss: 0.0165 | Test Loss: 0.0002 | Test Acc: 98.70%
2026-03-05 05:39:23 KST | INFO |   No improvement (7/30)
2026-03-05 05:39:23 KST | INFO | 
2026-03-05 05:39:23 KST | INFO | Epoch 86/200 | LR: 0.061673
2026-03-05 05:39:52 KST | INFO |   Train Loss: 0.0130 | Test Loss: 0.0003 | Test Acc: 98.55%
2026-03-05 05:39:52 KST | INFO |   No improvement (8/30)
2026-03-05 05:39:52 KST | INFO | 
2026-03-05 05:39:52 KST | INFO | Epoch 87/200 | LR: 0.060908
2026-03-05 05:40:17 KST | INFO |   Train Loss: 0.0165 | Test Loss: 0.0002 | Test Acc: 98.60%
2026-03-05 05:40:17 KST | INFO |   No improvement (9/30)
2026-03-05 05:40:17 KST | INFO | 
2026-03-05 05:40:17 KST | INFO | Epoch 88/200 | LR: 0.060140
2026-03-05 05:40:47 KST | INFO |   Train Loss: 0.0127 | Test Loss: 0.0003 | Test Acc: 98.15%
2026-03-05 05:40:47 KST | INFO |   No improvement (10/30)
2026-03-05 05:40:47 KST | INFO | 
2026-03-05 05:40:47 KST | INFO | Epoch 89/200 | LR: 0.059369
2026-03-05 05:41:11 KST | INFO |   Train Loss: 0.0113 | Test Loss: 0.0002 | Test Acc: 98.95%
2026-03-05 05:41:11 KST | INFO |   No improvement (11/30)
2026-03-05 05:41:11 KST | INFO | 
2026-03-05 05:41:11 KST | INFO | Epoch 90/200 | LR: 0.058597
2026-03-05 05:41:35 KST | INFO |   Train Loss: 0.0118 | Test Loss: 0.0004 | Test Acc: 97.95%
2026-03-05 05:41:35 KST | INFO |   No improvement (12/30)
2026-03-05 05:41:35 KST | INFO | 
2026-03-05 05:41:35 KST | INFO | Epoch 91/200 | LR: 0.057822
2026-03-05 05:41:59 KST | INFO |   Train Loss: 0.0106 | Test Loss: 0.0002 | Test Acc: 98.75%
2026-03-05 05:41:59 KST | INFO |   No improvement (13/30)
2026-03-05 05:41:59 KST | INFO | 
2026-03-05 05:41:59 KST | INFO | Epoch 92/200 | LR: 0.057045
2026-03-05 05:42:24 KST | INFO |   Train Loss: 0.0127 | Test Loss: 0.0002 | Test Acc: 98.50%
2026-03-05 05:42:24 KST | INFO |   No improvement (14/30)
2026-03-05 05:42:24 KST | INFO | 
2026-03-05 05:42:24 KST | INFO | Epoch 93/200 | LR: 0.056267
2026-03-05 05:42:46 KST | INFO |   Train Loss: 0.0126 | Test Loss: 0.0002 | Test Acc: 98.90%
2026-03-05 05:42:46 KST | INFO |   No improvement (15/30)
2026-03-05 05:42:46 KST | INFO | 
2026-03-05 05:42:46 KST | INFO | Epoch 94/200 | LR: 0.055487
2026-03-05 05:43:14 KST | INFO |   Train Loss: 0.0110 | Test Loss: 0.0002 | Test Acc: 98.25%
2026-03-05 05:43:14 KST | INFO |   No improvement (16/30)
2026-03-05 05:43:14 KST | INFO | 
2026-03-05 05:43:14 KST | INFO | Epoch 95/200 | LR: 0.054706
2026-03-05 05:43:37 KST | INFO |   Train Loss: 0.0111 | Test Loss: 0.0002 | Test Acc: 98.90%
2026-03-05 05:43:37 KST | INFO |   No improvement (17/30)
2026-03-05 05:43:37 KST | INFO | 
2026-03-05 05:43:37 KST | INFO | Epoch 96/200 | LR: 0.053923
2026-03-05 05:44:06 KST | INFO |   Train Loss: 0.0096 | Test Loss: 0.0002 | Test Acc: 98.65%
2026-03-05 05:44:07 KST | INFO |   No improvement (18/30)
2026-03-05 05:44:07 KST | INFO | 
2026-03-05 05:44:07 KST | INFO | Epoch 97/200 | LR: 0.053140
2026-03-05 05:44:31 KST | INFO |   Train Loss: 0.0117 | Test Loss: 0.0004 | Test Acc: 97.55%
2026-03-05 05:44:31 KST | INFO |   No improvement (19/30)
2026-03-05 05:44:31 KST | INFO | 
2026-03-05 05:44:31 KST | INFO | Epoch 98/200 | LR: 0.052356
2026-03-05 05:44:56 KST | INFO |   Train Loss: 0.0087 | Test Loss: 0.0002 | Test Acc: 99.05%
2026-03-05 05:44:56 KST | INFO |   🏆 New best accuracy: 99.05%
2026-03-05 05:44:56 KST | INFO | 
2026-03-05 05:44:56 KST | INFO | Epoch 99/200 | LR: 0.051571
2026-03-05 05:45:20 KST | INFO |   Train Loss: 0.0109 | Test Loss: 0.0003 | Test Acc: 97.90%
2026-03-05 05:45:20 KST | INFO |   No improvement (1/30)
2026-03-05 05:45:20 KST | INFO | 
2026-03-05 05:45:20 KST | INFO | Epoch 100/200 | LR: 0.050786
2026-03-05 05:45:44 KST | INFO |   Train Loss: 0.0133 | Test Loss: 0.0002 | Test Acc: 98.85%
2026-03-05 05:45:44 KST | INFO |   No improvement (2/30)
2026-03-05 05:45:44 KST | INFO | 
2026-03-05 05:45:44 KST | INFO | Epoch 101/200 | LR: 0.050001
2026-03-05 05:46:14 KST | INFO |   Train Loss: 0.0081 | Test Loss: 0.0003 | Test Acc: 98.30%
2026-03-05 05:46:14 KST | INFO |   No improvement (3/30)
2026-03-05 05:46:14 KST | INFO | 
2026-03-05 05:46:14 KST | INFO | Epoch 102/200 | LR: 0.049215
2026-03-05 05:46:39 KST | INFO |   Train Loss: 0.0071 | Test Loss: 0.0002 | Test Acc: 98.85%
2026-03-05 05:46:39 KST | INFO |   No improvement (4/30)
2026-03-05 05:46:39 KST | INFO | 
2026-03-05 05:46:39 KST | INFO | Epoch 103/200 | LR: 0.048430
2026-03-05 05:47:07 KST | INFO |   Train Loss: 0.0140 | Test Loss: 0.0003 | Test Acc: 97.95%
2026-03-05 05:47:07 KST | INFO |   No improvement (5/30)
2026-03-05 05:47:07 KST | INFO | 
2026-03-05 05:47:07 KST | INFO | Epoch 104/200 | LR: 0.047645
2026-03-05 05:47:32 KST | INFO |   Train Loss: 0.0095 | Test Loss: 0.0002 | Test Acc: 98.85%
2026-03-05 05:47:32 KST | INFO |   No improvement (6/30)
2026-03-05 05:47:32 KST | INFO | 
2026-03-05 05:47:32 KST | INFO | Epoch 105/200 | LR: 0.046861
2026-03-05 05:47:55 KST | INFO |   Train Loss: 0.0060 | Test Loss: 0.0002 | Test Acc: 98.90%
2026-03-05 05:47:55 KST | INFO |   No improvement (7/30)
2026-03-05 05:47:55 KST | INFO | 
2026-03-05 05:47:55 KST | INFO | Epoch 106/200 | LR: 0.046078
2026-03-05 05:48:18 KST | INFO |   Train Loss: 0.0069 | Test Loss: 0.0002 | Test Acc: 98.95%
2026-03-05 05:48:18 KST | INFO |   No improvement (8/30)
2026-03-05 05:48:18 KST | INFO | 
2026-03-05 05:48:18 KST | INFO | Epoch 107/200 | LR: 0.045295
2026-03-05 05:48:43 KST | INFO |   Train Loss: 0.0090 | Test Loss: 0.0002 | Test Acc: 98.90%
2026-03-05 05:48:43 KST | INFO |   No improvement (9/30)
2026-03-05 05:48:43 KST | INFO | 
2026-03-05 05:48:43 KST | INFO | Epoch 108/200 | LR: 0.044514
2026-03-05 05:49:07 KST | INFO |   Train Loss: 0.0070 | Test Loss: 0.0002 | Test Acc: 98.80%
2026-03-05 05:49:07 KST | INFO |   No improvement (10/30)
2026-03-05 05:49:07 KST | INFO | 
2026-03-05 05:49:07 KST | INFO | Epoch 109/200 | LR: 0.043734
2026-03-05 05:49:31 KST | INFO |   Train Loss: 0.0064 | Test Loss: 0.0002 | Test Acc: 98.75%
2026-03-05 05:49:31 KST | INFO |   No improvement (11/30)
2026-03-05 05:49:31 KST | INFO | 
2026-03-05 05:49:31 KST | INFO | Epoch 110/200 | LR: 0.042956
2026-03-05 05:50:08 KST | INFO |   Train Loss: 0.0065 | Test Loss: 0.0002 | Test Acc: 98.75%
2026-03-05 05:50:08 KST | INFO |   No improvement (12/30)
2026-03-05 05:50:08 KST | INFO | 
2026-03-05 05:50:08 KST | INFO | Epoch 111/200 | LR: 0.042179
2026-03-05 05:50:34 KST | INFO |   Train Loss: 0.0071 | Test Loss: 0.0002 | Test Acc: 98.85%
2026-03-05 05:50:34 KST | INFO |   No improvement (13/30)
2026-03-05 05:50:34 KST | INFO | 
2026-03-05 05:50:34 KST | INFO | Epoch 112/200 | LR: 0.041404
2026-03-05 05:50:58 KST | INFO |   Train Loss: 0.0056 | Test Loss: 0.0004 | Test Acc: 98.00%
2026-03-05 05:50:58 KST | INFO |   No improvement (14/30)
2026-03-05 05:50:58 KST | INFO | 
2026-03-05 05:50:58 KST | INFO | Epoch 113/200 | LR: 0.040632
2026-03-05 05:51:23 KST | INFO |   Train Loss: 0.0032 | Test Loss: 0.0002 | Test Acc: 98.80%
2026-03-05 05:51:23 KST | INFO |   No improvement (15/30)
2026-03-05 05:51:23 KST | INFO | 
2026-03-05 05:51:23 KST | INFO | Epoch 114/200 | LR: 0.039861
2026-03-05 05:51:47 KST | INFO |   Train Loss: 0.0088 | Test Loss: 0.0002 | Test Acc: 98.35%
2026-03-05 05:51:47 KST | INFO |   No improvement (16/30)
2026-03-05 05:51:47 KST | INFO | 
2026-03-05 05:51:47 KST | INFO | Epoch 115/200 | LR: 0.039093
2026-03-05 05:52:11 KST | INFO |   Train Loss: 0.0077 | Test Loss: 0.0002 | Test Acc: 98.85%
2026-03-05 05:52:11 KST | INFO |   No improvement (17/30)
2026-03-05 05:52:11 KST | INFO | 
2026-03-05 05:52:11 KST | INFO | Epoch 116/200 | LR: 0.038328
2026-03-05 05:52:37 KST | INFO |   Train Loss: 0.0051 | Test Loss: 0.0002 | Test Acc: 99.00%
2026-03-05 05:52:37 KST | INFO |   No improvement (18/30)
2026-03-05 05:52:37 KST | INFO | 
2026-03-05 05:52:37 KST | INFO | Epoch 117/200 | LR: 0.037566
2026-03-05 05:53:09 KST | INFO |   Train Loss: 0.0046 | Test Loss: 0.0002 | Test Acc: 98.95%
2026-03-05 05:53:09 KST | INFO |   No improvement (19/30)
2026-03-05 05:53:09 KST | INFO | 
2026-03-05 05:53:09 KST | INFO | Epoch 118/200 | LR: 0.036807
2026-03-05 05:53:34 KST | INFO |   Train Loss: 0.0068 | Test Loss: 0.0003 | Test Acc: 98.35%
2026-03-05 05:53:34 KST | INFO |   No improvement (20/30)
2026-03-05 05:53:34 KST | INFO | 
2026-03-05 05:53:34 KST | INFO | Epoch 119/200 | LR: 0.036051
2026-03-05 05:53:59 KST | INFO |   Train Loss: 0.0069 | Test Loss: 0.0003 | Test Acc: 97.90%
2026-03-05 05:53:59 KST | INFO |   No improvement (21/30)
2026-03-05 05:53:59 KST | INFO | 
2026-03-05 05:53:59 KST | INFO | Epoch 120/200 | LR: 0.035299
2026-03-05 05:54:24 KST | INFO |   Train Loss: 0.0051 | Test Loss: 0.0002 | Test Acc: 98.90%
2026-03-05 05:54:24 KST | INFO |   No improvement (22/30)
2026-03-05 05:54:24 KST | INFO | 
2026-03-05 05:54:24 KST | INFO | Epoch 121/200 | LR: 0.034550
2026-03-05 05:54:48 KST | INFO |   Train Loss: 0.0050 | Test Loss: 0.0002 | Test Acc: 98.85%
2026-03-05 05:54:48 KST | INFO |   No improvement (23/30)
2026-03-05 05:54:48 KST | INFO | 
2026-03-05 05:54:48 KST | INFO | Epoch 122/200 | LR: 0.033805
2026-03-05 05:55:11 KST | INFO |   Train Loss: 0.0036 | Test Loss: 0.0002 | Test Acc: 99.00%
2026-03-05 05:55:11 KST | INFO |   No improvement (24/30)
2026-03-05 05:55:11 KST | INFO | 
2026-03-05 05:55:11 KST | INFO | Epoch 123/200 | LR: 0.033064
2026-03-05 05:55:40 KST | INFO |   Train Loss: 0.0048 | Test Loss: 0.0002 | Test Acc: 98.80%
2026-03-05 05:55:40 KST | INFO |   No improvement (25/30)
2026-03-05 05:55:40 KST | INFO | 
2026-03-05 05:55:40 KST | INFO | Epoch 124/200 | LR: 0.032327
2026-03-05 05:56:07 KST | INFO |   Train Loss: 0.0049 | Test Loss: 0.0002 | Test Acc: 99.00%
2026-03-05 05:56:07 KST | INFO |   No improvement (26/30)
2026-03-05 05:56:07 KST | INFO | 
2026-03-05 05:56:07 KST | INFO | Epoch 125/200 | LR: 0.031594
2026-03-05 05:56:32 KST | INFO |   Train Loss: 0.0046 | Test Loss: 0.0002 | Test Acc: 98.90%
2026-03-05 05:56:32 KST | INFO |   No improvement (27/30)
2026-03-05 05:56:32 KST | INFO | 
2026-03-05 05:56:32 KST | INFO | Epoch 126/200 | LR: 0.030867
2026-03-05 05:56:57 KST | INFO |   Train Loss: 0.0069 | Test Loss: 0.0002 | Test Acc: 98.65%
2026-03-05 05:56:57 KST | INFO |   No improvement (28/30)
2026-03-05 05:56:57 KST | INFO | 
2026-03-05 05:56:57 KST | INFO | Epoch 127/200 | LR: 0.030143
2026-03-05 05:57:22 KST | INFO |   Train Loss: 0.0045 | Test Loss: 0.0002 | Test Acc: 98.80%
2026-03-05 05:57:22 KST | INFO |   No improvement (29/30)
2026-03-05 05:57:22 KST | INFO | 
2026-03-05 05:57:22 KST | INFO | Epoch 128/200 | LR: 0.029425
2026-03-05 05:57:46 KST | INFO |   Train Loss: 0.0030 | Test Loss: 0.0002 | Test Acc: 98.80%
2026-03-05 05:57:46 KST | INFO |   No improvement (30/30)
2026-03-05 05:57:46 KST | INFO | 
2026-03-05 05:57:46 KST | INFO | Early stopping after 30 epochs without improvement
2026-03-05 05:57:46 KST | INFO | 
2026-03-05 05:57:46 KST | INFO | ================================================================================
2026-03-05 05:57:46 KST | INFO | TRAINING COMPLETE
2026-03-05 05:57:46 KST | INFO | ================================================================================
2026-03-05 05:57:46 KST | INFO | Best accuracy:  99.05% (Epoch 98)
2026-03-05 05:57:46 KST | INFO | Final accuracy: 98.80%
2026-03-05 05:57:46 KST | INFO | ================================================================================
2026-03-05 05:57:46 KST | INFO | 
2026-03-05 05:57:46 KST | INFO | Notifying nodes of completion...
2026-03-05 05:57:47 KST | INFO | ✓ Nodes notified
2026-03-05 05:57:47 KST | INFO | 
2026-03-05 05:57:47 KST | INFO | Closing connections...
2026-03-05 05:57:47 KST | INFO | ✓ Cleanup complete
2026-03-05 05:57:47 KST | INFO | 
2026-03-05 05:57:47 KST | INFO | Full log: logs/TL++_secure_20260305_050235.log
2026-03-05 05:57:47 KST | INFO | ================================================================================
