2026-03-05 05:57:55 KST | INFO | ================================================================================
2026-03-05 05:57:55 KST | INFO | TL++ Orchestrator
2026-03-05 05:57:55 KST | INFO | ================================================================================
2026-03-05 05:57:55 KST | INFO | Log file: logs/TL++_secure_20260305_055755.log
2026-03-05 05:57:55 KST | INFO | 
2026-03-05 05:57:55 KST | INFO | --------------------------------------------------------------------------------
2026-03-05 05:57:55 KST | INFO | CONFIGURATION
2026-03-05 05:57:55 KST | INFO | --------------------------------------------------------------------------------
2026-03-05 05:57:55 KST | INFO | Secure mode:      True
2026-03-05 05:57:55 KST | INFO | Helper endpoint:  127.0.0.1:8082
2026-03-05 05:57:55 KST | INFO | Activation noise: 2.0%
2026-03-05 05:57:55 KST | INFO | Gradient noise:   10.0%
2026-03-05 05:57:55 KST | INFO | Nodes:            2
2026-03-05 05:57:55 KST | INFO | Cut layer:        3
2026-03-05 05:57:55 KST | INFO | Batch size:       128
2026-03-05 05:57:55 KST | INFO | Learning rate:    0.1
2026-03-05 05:57:55 KST | INFO | 
2026-03-05 05:57:55 KST | INFO | Computation device: cuda
2026-03-05 05:57:55 KST | INFO | Secure mode: ✓ ENABLED
2026-03-05 05:57:55 KST | INFO | 
2026-03-05 05:57:55 KST | INFO | --------------------------------------------------------------------------------
2026-03-05 05:57:55 KST | INFO | NETWORK SETUP
2026-03-05 05:57:55 KST | INFO | --------------------------------------------------------------------------------
2026-03-05 05:57:55 KST | INFO | ✓ Orchestrator listening on 127.0.0.1:8080
2026-03-05 05:57:55 KST | INFO | ✓ Helper node on 127.0.0.1:8082
2026-03-05 05:57:55 KST | INFO | 
2026-03-05 05:57:55 KST | INFO | Waiting for helper node...
2026-03-05 05:57:56 KST | INFO | ✓ Helper node connected
2026-03-05 05:57:56 KST | INFO | ✓ Noise config sent to helper (activation: 2.0%, gradient: 10.0%)
2026-03-05 05:57:56 KST | INFO | 
2026-03-05 05:57:56 KST | INFO | Waiting for 2 node(s)...
2026-03-05 05:58:01 KST | INFO |   ✓ Node 1/2 connected
2026-03-05 05:58:02 KST | INFO |   ✓ Node 2/2 connected
2026-03-05 05:58:02 KST | INFO | ✓ All 2 node(s) connected
2026-03-05 05:58:02 KST | INFO | 
2026-03-05 05:58:02 KST | INFO | --------------------------------------------------------------------------------
2026-03-05 05:58:02 KST | INFO | MODEL INITIALIZATION
2026-03-05 05:58:02 KST | INFO | --------------------------------------------------------------------------------
2026-03-05 05:58:02 KST | INFO | Node-side parameters: 3,243,072
2026-03-05 05:58:02 KST | INFO | 
2026-03-05 05:58:02 KST | INFO | --------------------------------------------------------------------------------
2026-03-05 05:58:02 KST | INFO | BROADCASTING CONFIGURATION
2026-03-05 05:58:02 KST | INFO | --------------------------------------------------------------------------------
2026-03-05 05:58:02 KST | INFO | ✓ Configuration broadcast to all nodes
2026-03-05 05:58:03 KST | INFO | 
2026-03-05 05:58:03 KST | INFO | Total parameters:     3,244,098
2026-03-05 05:58:03 KST | INFO | Trainable parameters: 3,244,098
2026-03-05 05:58:03 KST | INFO | 
2026-03-05 05:58:03 KST | INFO | --------------------------------------------------------------------------------
2026-03-05 05:58:03 KST | INFO | DATA LOADING
2026-03-05 05:58:03 KST | INFO | --------------------------------------------------------------------------------
2026-03-05 05:58:24 KST | INFO | ✓ Dataset information collected:
2026-03-05 05:58:24 KST | INFO |     Node 1: 5,000 samples
2026-03-05 05:58:24 KST | INFO |     Node 2: 5,000 samples
2026-03-05 05:58:24 KST | INFO |   Total training samples: 10,000
2026-03-05 05:58:24 KST | INFO | 
2026-03-05 05:58:28 KST | INFO | ✓ Test dataset loaded: 2,000 samples
2026-03-05 05:58:28 KST | INFO | 
2026-03-05 05:58:28 KST | INFO | ✓ Batch scheduler: 79 batches/epoch
2026-03-05 05:58:28 KST | INFO | 
2026-03-05 05:58:28 KST | INFO | --------------------------------------------------------------------------------
2026-03-05 05:58:28 KST | INFO | OPTIMIZATION SETUP
2026-03-05 05:58:28 KST | INFO | --------------------------------------------------------------------------------
2026-03-05 05:58:28 KST | INFO | ✓ Optimizer: SGD (lr=0.1, momentum=0.9)
2026-03-05 05:58:28 KST | INFO | ✓ Scheduler: cosine
2026-03-05 05:58:28 KST | INFO | ✓ Gradient clipping: 1.0
2026-03-05 05:58:28 KST | INFO | 
2026-03-05 05:58:28 KST | INFO | ================================================================================
2026-03-05 05:58:28 KST | INFO | Setup complete - Ready for training
2026-03-05 05:58:28 KST | INFO | ================================================================================
2026-03-05 05:58:28 KST | INFO | 
2026-03-05 05:58:28 KST | INFO | --------------------------------------------------------------------------------
2026-03-05 05:58:28 KST | INFO | TRAINING
2026-03-05 05:58:28 KST | INFO | --------------------------------------------------------------------------------
2026-03-05 05:58:28 KST | INFO | 
2026-03-05 05:58:28 KST | INFO | Epoch 1/200 | LR: 0.100000
2026-03-05 05:58:59 KST | INFO |   Train Loss: 0.5259 | Test Loss: 0.0026 | Test Acc: 77.10%
2026-03-05 05:58:59 KST | INFO |   🏆 New best accuracy: 77.10%
2026-03-05 05:58:59 KST | INFO | 
2026-03-05 05:58:59 KST | INFO | Epoch 2/200 | LR: 0.099994
2026-03-05 05:59:28 KST | INFO |   Train Loss: 0.3068 | Test Loss: 0.0008 | Test Acc: 92.05%
2026-03-05 05:59:28 KST | INFO |   🏆 New best accuracy: 92.05%
2026-03-05 05:59:28 KST | INFO | 
2026-03-05 05:59:28 KST | INFO | Epoch 3/200 | LR: 0.099975
2026-03-05 05:59:52 KST | INFO |   Train Loss: 0.2103 | Test Loss: 0.0008 | Test Acc: 93.10%
2026-03-05 05:59:52 KST | INFO |   🏆 New best accuracy: 93.10%
2026-03-05 05:59:52 KST | INFO | 
2026-03-05 05:59:52 KST | INFO | Epoch 4/200 | LR: 0.099944
2026-03-05 06:00:17 KST | INFO |   Train Loss: 0.1540 | Test Loss: 0.0006 | Test Acc: 94.60%
2026-03-05 06:00:17 KST | INFO |   🏆 New best accuracy: 94.60%
2026-03-05 06:00:17 KST | INFO | 
2026-03-05 06:00:17 KST | INFO | Epoch 5/200 | LR: 0.099901
2026-03-05 06:00:40 KST | INFO |   Train Loss: 0.1218 | Test Loss: 0.0005 | Test Acc: 95.90%
2026-03-05 06:00:40 KST | INFO |   🏆 New best accuracy: 95.90%
2026-03-05 06:00:40 KST | INFO | 
2026-03-05 06:00:40 KST | INFO | Epoch 6/200 | LR: 0.099846
2026-03-05 06:01:04 KST | INFO |   Train Loss: 0.1055 | Test Loss: 0.0003 | Test Acc: 97.25%
2026-03-05 06:01:04 KST | INFO |   🏆 New best accuracy: 97.25%
2026-03-05 06:01:04 KST | INFO | 
2026-03-05 06:01:04 KST | INFO | Epoch 7/200 | LR: 0.099778
2026-03-05 06:01:29 KST | INFO |   Train Loss: 0.0919 | Test Loss: 0.0005 | Test Acc: 95.90%
2026-03-05 06:01:29 KST | INFO |   No improvement (1/30)
2026-03-05 06:01:29 KST | INFO | 
2026-03-05 06:01:29 KST | INFO | Epoch 8/200 | LR: 0.099698
2026-03-05 06:02:03 KST | INFO |   Train Loss: 0.0820 | Test Loss: 0.0003 | Test Acc: 97.15%
2026-03-05 06:02:03 KST | INFO |   No improvement (2/30)
2026-03-05 06:02:03 KST | INFO | 
2026-03-05 06:02:03 KST | INFO | Epoch 9/200 | LR: 0.099606
2026-03-05 06:02:27 KST | INFO |   Train Loss: 0.0769 | Test Loss: 0.0003 | Test Acc: 97.75%
2026-03-05 06:02:27 KST | INFO |   🏆 New best accuracy: 97.75%
2026-03-05 06:02:27 KST | INFO | 
2026-03-05 06:02:27 KST | INFO | Epoch 10/200 | LR: 0.099501
2026-03-05 06:02:51 KST | INFO |   Train Loss: 0.0768 | Test Loss: 0.0003 | Test Acc: 97.05%
2026-03-05 06:02:51 KST | INFO |   No improvement (1/30)
2026-03-05 06:02:51 KST | INFO | 
2026-03-05 06:02:51 KST | INFO | Epoch 11/200 | LR: 0.099384
2026-03-05 06:03:15 KST | INFO |   Train Loss: 0.0671 | Test Loss: 0.0003 | Test Acc: 97.65%
2026-03-05 06:03:15 KST | INFO |   No improvement (2/30)
2026-03-05 06:03:15 KST | INFO | 
2026-03-05 06:03:15 KST | INFO | Epoch 12/200 | LR: 0.099255
2026-03-05 06:03:39 KST | INFO |   Train Loss: 0.0590 | Test Loss: 0.0002 | Test Acc: 97.75%
2026-03-05 06:03:39 KST | INFO |   No improvement (3/30)
2026-03-05 06:03:39 KST | INFO | 
2026-03-05 06:03:39 KST | INFO | Epoch 13/200 | LR: 0.099114
2026-03-05 06:04:03 KST | INFO |   Train Loss: 0.0618 | Test Loss: 0.0003 | Test Acc: 97.50%
2026-03-05 06:04:03 KST | INFO |   No improvement (4/30)
2026-03-05 06:04:03 KST | INFO | 
2026-03-05 06:04:03 KST | INFO | Epoch 14/200 | LR: 0.098961
2026-03-05 06:04:28 KST | INFO |   Train Loss: 0.0560 | Test Loss: 0.0005 | Test Acc: 96.50%
2026-03-05 06:04:28 KST | INFO |   No improvement (5/30)
2026-03-05 06:04:28 KST | INFO | 
2026-03-05 06:04:28 KST | INFO | Epoch 15/200 | LR: 0.098796
2026-03-05 06:04:56 KST | INFO |   Train Loss: 0.0529 | Test Loss: 0.0003 | Test Acc: 97.65%
2026-03-05 06:04:56 KST | INFO |   No improvement (6/30)
2026-03-05 06:04:56 KST | INFO | 
2026-03-05 06:04:56 KST | INFO | Epoch 16/200 | LR: 0.098619
2026-03-05 06:05:24 KST | INFO |   Train Loss: 0.0532 | Test Loss: 0.0004 | Test Acc: 97.00%
2026-03-05 06:05:24 KST | INFO |   No improvement (7/30)
2026-03-05 06:05:24 KST | INFO | 
2026-03-05 06:05:24 KST | INFO | Epoch 17/200 | LR: 0.098429
2026-03-05 06:05:50 KST | INFO |   Train Loss: 0.0487 | Test Loss: 0.0002 | Test Acc: 98.15%
2026-03-05 06:05:50 KST | INFO |   🏆 New best accuracy: 98.15%
2026-03-05 06:05:50 KST | INFO | 
2026-03-05 06:05:50 KST | INFO | Epoch 18/200 | LR: 0.098228
2026-03-05 06:06:14 KST | INFO |   Train Loss: 0.0472 | Test Loss: 0.0003 | Test Acc: 97.55%
2026-03-05 06:06:14 KST | INFO |   No improvement (1/30)
2026-03-05 06:06:14 KST | INFO | 
2026-03-05 06:06:14 KST | INFO | Epoch 19/200 | LR: 0.098015
2026-03-05 06:06:39 KST | INFO |   Train Loss: 0.0484 | Test Loss: 0.0002 | Test Acc: 98.50%
2026-03-05 06:06:39 KST | INFO |   🏆 New best accuracy: 98.50%
2026-03-05 06:06:39 KST | INFO | 
2026-03-05 06:06:39 KST | INFO | Epoch 20/200 | LR: 0.097790
2026-03-05 06:07:08 KST | INFO |   Train Loss: 0.0491 | Test Loss: 0.0002 | Test Acc: 98.30%
2026-03-05 06:07:08 KST | INFO |   No improvement (1/30)
2026-03-05 06:07:08 KST | INFO | 
2026-03-05 06:07:08 KST | INFO | Epoch 21/200 | LR: 0.097553
2026-03-05 06:07:33 KST | INFO |   Train Loss: 0.0438 | Test Loss: 0.0002 | Test Acc: 98.50%
2026-03-05 06:07:33 KST | INFO |   No improvement (2/30)
2026-03-05 06:07:33 KST | INFO | 
2026-03-05 06:07:33 KST | INFO | Epoch 22/200 | LR: 0.097304
2026-03-05 06:07:58 KST | INFO |   Train Loss: 0.0469 | Test Loss: 0.0002 | Test Acc: 98.40%
2026-03-05 06:07:58 KST | INFO |   No improvement (3/30)
2026-03-05 06:07:58 KST | INFO | 
2026-03-05 06:07:58 KST | INFO | Epoch 23/200 | LR: 0.097044
2026-03-05 06:08:22 KST | INFO |   Train Loss: 0.0407 | Test Loss: 0.0003 | Test Acc: 97.45%
2026-03-05 06:08:22 KST | INFO |   No improvement (4/30)
2026-03-05 06:08:22 KST | INFO | 
2026-03-05 06:08:22 KST | INFO | Epoch 24/200 | LR: 0.096772
2026-03-05 06:08:50 KST | INFO |   Train Loss: 0.0457 | Test Loss: 0.0002 | Test Acc: 98.40%
2026-03-05 06:08:50 KST | INFO |   No improvement (5/30)
2026-03-05 06:08:50 KST | INFO | 
2026-03-05 06:08:50 KST | INFO | Epoch 25/200 | LR: 0.096489
2026-03-05 06:09:15 KST | INFO |   Train Loss: 0.0383 | Test Loss: 0.0003 | Test Acc: 98.10%
2026-03-05 06:09:15 KST | INFO |   No improvement (6/30)
2026-03-05 06:09:15 KST | INFO | 
2026-03-05 06:09:15 KST | INFO | Epoch 26/200 | LR: 0.096194
2026-03-05 06:09:44 KST | INFO |   Train Loss: 0.0404 | Test Loss: 0.0002 | Test Acc: 98.20%
2026-03-05 06:09:44 KST | INFO |   No improvement (7/30)
2026-03-05 06:09:44 KST | INFO | 
2026-03-05 06:09:44 KST | INFO | Epoch 27/200 | LR: 0.095888
2026-03-05 06:10:08 KST | INFO |   Train Loss: 0.0348 | Test Loss: 0.0003 | Test Acc: 97.95%
2026-03-05 06:10:08 KST | INFO |   No improvement (8/30)
2026-03-05 06:10:08 KST | INFO | 
2026-03-05 06:10:08 KST | INFO | Epoch 28/200 | LR: 0.095570
2026-03-05 06:10:32 KST | INFO |   Train Loss: 0.0422 | Test Loss: 0.0002 | Test Acc: 98.25%
2026-03-05 06:10:32 KST | INFO |   No improvement (9/30)
2026-03-05 06:10:32 KST | INFO | 
2026-03-05 06:10:32 KST | INFO | Epoch 29/200 | LR: 0.095241
2026-03-05 06:10:56 KST | INFO |   Train Loss: 0.0349 | Test Loss: 0.0002 | Test Acc: 97.75%
2026-03-05 06:10:56 KST | INFO |   No improvement (10/30)
2026-03-05 06:10:56 KST | INFO | 
2026-03-05 06:10:56 KST | INFO | Epoch 30/200 | LR: 0.094901
2026-03-05 06:11:21 KST | INFO |   Train Loss: 0.0359 | Test Loss: 0.0006 | Test Acc: 95.40%
2026-03-05 06:11:21 KST | INFO |   No improvement (11/30)
2026-03-05 06:11:21 KST | INFO | 
2026-03-05 06:11:21 KST | INFO | Epoch 31/200 | LR: 0.094550
2026-03-05 06:11:50 KST | INFO |   Train Loss: 0.0342 | Test Loss: 0.0003 | Test Acc: 98.25%
2026-03-05 06:11:50 KST | INFO |   No improvement (12/30)
2026-03-05 06:11:50 KST | INFO | 
2026-03-05 06:11:50 KST | INFO | Epoch 32/200 | LR: 0.094188
2026-03-05 06:12:15 KST | INFO |   Train Loss: 0.0307 | Test Loss: 0.0004 | Test Acc: 97.40%
2026-03-05 06:12:15 KST | INFO |   No improvement (13/30)
2026-03-05 06:12:15 KST | INFO | 
2026-03-05 06:12:15 KST | INFO | Epoch 33/200 | LR: 0.093815
2026-03-05 06:12:38 KST | INFO |   Train Loss: 0.0342 | Test Loss: 0.0002 | Test Acc: 98.25%
2026-03-05 06:12:38 KST | INFO |   No improvement (14/30)
2026-03-05 06:12:38 KST | INFO | 
2026-03-05 06:12:38 KST | INFO | Epoch 34/200 | LR: 0.093432
2026-03-05 06:13:05 KST | INFO |   Train Loss: 0.0332 | Test Loss: 0.0002 | Test Acc: 98.05%
2026-03-05 06:13:05 KST | INFO |   No improvement (15/30)
2026-03-05 06:13:05 KST | INFO | 
2026-03-05 06:13:05 KST | INFO | Epoch 35/200 | LR: 0.093037
2026-03-05 06:13:32 KST | INFO |   Train Loss: 0.0314 | Test Loss: 0.0003 | Test Acc: 98.10%
2026-03-05 06:13:32 KST | INFO |   No improvement (16/30)
2026-03-05 06:13:32 KST | INFO | 
2026-03-05 06:13:32 KST | INFO | Epoch 36/200 | LR: 0.092632
2026-03-05 06:13:56 KST | INFO |   Train Loss: 0.0306 | Test Loss: 0.0003 | Test Acc: 97.80%
2026-03-05 06:13:56 KST | INFO |   No improvement (17/30)
2026-03-05 06:13:56 KST | INFO | 
2026-03-05 06:13:56 KST | INFO | Epoch 37/200 | LR: 0.092216
2026-03-05 06:14:20 KST | INFO |   Train Loss: 0.0329 | Test Loss: 0.0003 | Test Acc: 97.80%
2026-03-05 06:14:20 KST | INFO |   No improvement (18/30)
2026-03-05 06:14:20 KST | INFO | 
2026-03-05 06:14:20 KST | INFO | Epoch 38/200 | LR: 0.091790
2026-03-05 06:14:44 KST | INFO |   Train Loss: 0.0292 | Test Loss: 0.0002 | Test Acc: 98.30%
2026-03-05 06:14:44 KST | INFO |   No improvement (19/30)
2026-03-05 06:14:44 KST | INFO | 
2026-03-05 06:14:44 KST | INFO | Epoch 39/200 | LR: 0.091354
2026-03-05 06:15:08 KST | INFO |   Train Loss: 0.0341 | Test Loss: 0.0003 | Test Acc: 98.25%
2026-03-05 06:15:08 KST | INFO |   No improvement (20/30)
2026-03-05 06:15:08 KST | INFO | 
2026-03-05 06:15:08 KST | INFO | Epoch 40/200 | LR: 0.090908
2026-03-05 06:15:36 KST | INFO |   Train Loss: 0.0333 | Test Loss: 0.0003 | Test Acc: 97.45%
2026-03-05 06:15:36 KST | INFO |   No improvement (21/30)
2026-03-05 06:15:36 KST | INFO | 
2026-03-05 06:15:36 KST | INFO | Epoch 41/200 | LR: 0.090451
2026-03-05 06:16:05 KST | INFO |   Train Loss: 0.0304 | Test Loss: 0.0002 | Test Acc: 97.95%
2026-03-05 06:16:05 KST | INFO |   No improvement (22/30)
2026-03-05 06:16:05 KST | INFO | 
2026-03-05 06:16:05 KST | INFO | Epoch 42/200 | LR: 0.089984
2026-03-05 06:16:29 KST | INFO |   Train Loss: 0.0261 | Test Loss: 0.0002 | Test Acc: 98.25%
2026-03-05 06:16:29 KST | INFO |   No improvement (23/30)
2026-03-05 06:16:29 KST | INFO | 
2026-03-05 06:16:29 KST | INFO | Epoch 43/200 | LR: 0.089508
2026-03-05 06:16:53 KST | INFO |   Train Loss: 0.0264 | Test Loss: 0.0009 | Test Acc: 94.65%
2026-03-05 06:16:53 KST | INFO |   No improvement (24/30)
2026-03-05 06:16:53 KST | INFO | 
2026-03-05 06:16:53 KST | INFO | Epoch 44/200 | LR: 0.089022
2026-03-05 06:17:17 KST | INFO |   Train Loss: 0.0349 | Test Loss: 0.0002 | Test Acc: 98.55%
2026-03-05 06:17:17 KST | INFO |   🏆 New best accuracy: 98.55%
2026-03-05 06:17:17 KST | INFO | 
2026-03-05 06:17:17 KST | INFO | Epoch 45/200 | LR: 0.088526
2026-03-05 06:17:41 KST | INFO |   Train Loss: 0.0292 | Test Loss: 0.0002 | Test Acc: 98.30%
2026-03-05 06:17:41 KST | INFO |   No improvement (1/30)
2026-03-05 06:17:41 KST | INFO | 
2026-03-05 06:17:41 KST | INFO | Epoch 46/200 | LR: 0.088020
2026-03-05 06:18:05 KST | INFO |   Train Loss: 0.0264 | Test Loss: 0.0003 | Test Acc: 97.90%
2026-03-05 06:18:05 KST | INFO |   No improvement (2/30)
2026-03-05 06:18:05 KST | INFO | 
2026-03-05 06:18:05 KST | INFO | Epoch 47/200 | LR: 0.087506
2026-03-05 06:18:29 KST | INFO |   Train Loss: 0.0248 | Test Loss: 0.0002 | Test Acc: 98.55%
2026-03-05 06:18:29 KST | INFO |   No improvement (3/30)
2026-03-05 06:18:29 KST | INFO | 
2026-03-05 06:18:29 KST | INFO | Epoch 48/200 | LR: 0.086982
2026-03-05 06:19:02 KST | INFO |   Train Loss: 0.0226 | Test Loss: 0.0003 | Test Acc: 98.15%
2026-03-05 06:19:02 KST | INFO |   No improvement (4/30)
2026-03-05 06:19:02 KST | INFO | 
2026-03-05 06:19:02 KST | INFO | Epoch 49/200 | LR: 0.086449
2026-03-05 06:19:26 KST | INFO |   Train Loss: 0.0192 | Test Loss: 0.0002 | Test Acc: 98.45%
2026-03-05 06:19:26 KST | INFO |   No improvement (5/30)
2026-03-05 06:19:26 KST | INFO | 
2026-03-05 06:19:26 KST | INFO | Epoch 50/200 | LR: 0.085906
2026-03-05 06:19:50 KST | INFO |   Train Loss: 0.0277 | Test Loss: 0.0003 | Test Acc: 98.10%
2026-03-05 06:19:50 KST | INFO |   No improvement (6/30)
2026-03-05 06:19:50 KST | INFO | 
2026-03-05 06:19:50 KST | INFO | Epoch 51/200 | LR: 0.085355
2026-03-05 06:20:15 KST | INFO |   Train Loss: 0.0240 | Test Loss: 0.0004 | Test Acc: 97.60%
2026-03-05 06:20:15 KST | INFO |   No improvement (7/30)
2026-03-05 06:20:15 KST | INFO | 
2026-03-05 06:20:15 KST | INFO | Epoch 52/200 | LR: 0.084796
2026-03-05 06:20:39 KST | INFO |   Train Loss: 0.0296 | Test Loss: 0.0007 | Test Acc: 94.85%
2026-03-05 06:20:39 KST | INFO |   No improvement (8/30)
2026-03-05 06:20:39 KST | INFO | 
2026-03-05 06:20:39 KST | INFO | Epoch 53/200 | LR: 0.084228
2026-03-05 06:21:03 KST | INFO |   Train Loss: 0.0279 | Test Loss: 0.0002 | Test Acc: 98.60%
2026-03-05 06:21:03 KST | INFO |   🏆 New best accuracy: 98.60%
2026-03-05 06:21:03 KST | INFO | 
2026-03-05 06:21:03 KST | INFO | Epoch 54/200 | LR: 0.083651
2026-03-05 06:21:31 KST | INFO |   Train Loss: 0.0251 | Test Loss: 0.0002 | Test Acc: 98.40%
2026-03-05 06:21:31 KST | INFO |   No improvement (1/30)
2026-03-05 06:21:31 KST | INFO | 
2026-03-05 06:21:31 KST | INFO | Epoch 55/200 | LR: 0.083066
2026-03-05 06:21:55 KST | INFO |   Train Loss: 0.0233 | Test Loss: 0.0003 | Test Acc: 97.90%
2026-03-05 06:21:55 KST | INFO |   No improvement (2/30)
2026-03-05 06:21:55 KST | INFO | 
2026-03-05 06:21:55 KST | INFO | Epoch 56/200 | LR: 0.082473
2026-03-05 06:22:22 KST | INFO |   Train Loss: 0.0194 | Test Loss: 0.0002 | Test Acc: 98.50%
2026-03-05 06:22:22 KST | INFO |   No improvement (3/30)
2026-03-05 06:22:22 KST | INFO | 
2026-03-05 06:22:22 KST | INFO | Epoch 57/200 | LR: 0.081871
2026-03-05 06:22:48 KST | INFO |   Train Loss: 0.0257 | Test Loss: 0.0003 | Test Acc: 98.15%
2026-03-05 06:22:48 KST | INFO |   No improvement (4/30)
2026-03-05 06:22:48 KST | INFO | 
2026-03-05 06:22:48 KST | INFO | Epoch 58/200 | LR: 0.081262
2026-03-05 06:23:12 KST | INFO |   Train Loss: 0.0201 | Test Loss: 0.0002 | Test Acc: 98.10%
2026-03-05 06:23:12 KST | INFO |   No improvement (5/30)
2026-03-05 06:23:12 KST | INFO | 
2026-03-05 06:23:12 KST | INFO | Epoch 59/200 | LR: 0.080646
2026-03-05 06:23:36 KST | INFO |   Train Loss: 0.0228 | Test Loss: 0.0004 | Test Acc: 97.30%
2026-03-05 06:23:36 KST | INFO |   No improvement (6/30)
2026-03-05 06:23:36 KST | INFO | 
2026-03-05 06:23:36 KST | INFO | Epoch 60/200 | LR: 0.080021
2026-03-05 06:23:59 KST | INFO |   Train Loss: 0.0223 | Test Loss: 0.0003 | Test Acc: 98.45%
2026-03-05 06:23:59 KST | INFO |   No improvement (7/30)
2026-03-05 06:23:59 KST | INFO | 
2026-03-05 06:23:59 KST | INFO | Epoch 61/200 | LR: 0.079389
2026-03-05 06:24:28 KST | INFO |   Train Loss: 0.0207 | Test Loss: 0.0002 | Test Acc: 98.55%
2026-03-05 06:24:28 KST | INFO |   No improvement (8/30)
2026-03-05 06:24:28 KST | INFO | 
2026-03-05 06:24:28 KST | INFO | Epoch 62/200 | LR: 0.078750
2026-03-05 06:24:52 KST | INFO |   Train Loss: 0.0215 | Test Loss: 0.0002 | Test Acc: 98.80%
2026-03-05 06:24:52 KST | INFO |   🏆 New best accuracy: 98.80%
2026-03-05 06:24:52 KST | INFO | 
2026-03-05 06:24:52 KST | INFO | Epoch 63/200 | LR: 0.078104
2026-03-05 06:25:21 KST | INFO |   Train Loss: 0.0198 | Test Loss: 0.0003 | Test Acc: 98.00%
2026-03-05 06:25:21 KST | INFO |   No improvement (1/30)
2026-03-05 06:25:21 KST | INFO | 
2026-03-05 06:25:21 KST | INFO | Epoch 64/200 | LR: 0.077451
2026-03-05 06:25:45 KST | INFO |   Train Loss: 0.0182 | Test Loss: 0.0004 | Test Acc: 97.80%
2026-03-05 06:25:45 KST | INFO |   No improvement (2/30)
2026-03-05 06:25:45 KST | INFO | 
2026-03-05 06:25:45 KST | INFO | Epoch 65/200 | LR: 0.076792
2026-03-05 06:26:10 KST | INFO |   Train Loss: 0.0192 | Test Loss: 0.0004 | Test Acc: 97.95%
2026-03-05 06:26:10 KST | INFO |   No improvement (3/30)
2026-03-05 06:26:10 KST | INFO | 
2026-03-05 06:26:10 KST | INFO | Epoch 66/200 | LR: 0.076125
2026-03-05 06:26:33 KST | INFO |   Train Loss: 0.0173 | Test Loss: 0.0002 | Test Acc: 98.25%
2026-03-05 06:26:33 KST | INFO |   No improvement (4/30)
2026-03-05 06:26:33 KST | INFO | 
2026-03-05 06:26:33 KST | INFO | Epoch 67/200 | LR: 0.075452
2026-03-05 06:26:57 KST | INFO |   Train Loss: 0.0238 | Test Loss: 0.0004 | Test Acc: 97.50%
2026-03-05 06:26:57 KST | INFO |   No improvement (5/30)
2026-03-05 06:26:57 KST | INFO | 
2026-03-05 06:26:57 KST | INFO | Epoch 68/200 | LR: 0.074773
2026-03-05 06:27:21 KST | INFO |   Train Loss: 0.0179 | Test Loss: 0.0004 | Test Acc: 97.45%
2026-03-05 06:27:21 KST | INFO |   No improvement (6/30)
2026-03-05 06:27:21 KST | INFO | 
2026-03-05 06:27:21 KST | INFO | Epoch 69/200 | LR: 0.074088
2026-03-05 06:27:50 KST | INFO |   Train Loss: 0.0190 | Test Loss: 0.0002 | Test Acc: 98.45%
2026-03-05 06:27:50 KST | INFO |   No improvement (7/30)
2026-03-05 06:27:50 KST | INFO | 
2026-03-05 06:27:50 KST | INFO | Epoch 70/200 | LR: 0.073397
2026-03-05 06:28:14 KST | INFO |   Train Loss: 0.0162 | Test Loss: 0.0002 | Test Acc: 98.75%
2026-03-05 06:28:14 KST | INFO |   No improvement (8/30)
2026-03-05 06:28:14 KST | INFO | 
2026-03-05 06:28:14 KST | INFO | Epoch 71/200 | LR: 0.072700
2026-03-05 06:28:43 KST | INFO |   Train Loss: 0.0202 | Test Loss: 0.0002 | Test Acc: 98.70%
2026-03-05 06:28:43 KST | INFO |   No improvement (9/30)
2026-03-05 06:28:43 KST | INFO | 
2026-03-05 06:28:43 KST | INFO | Epoch 72/200 | LR: 0.071997
2026-03-05 06:29:07 KST | INFO |   Train Loss: 0.0198 | Test Loss: 0.0003 | Test Acc: 98.45%
2026-03-05 06:29:07 KST | INFO |   No improvement (10/30)
2026-03-05 06:29:07 KST | INFO | 
2026-03-05 06:29:07 KST | INFO | Epoch 73/200 | LR: 0.071289
2026-03-05 06:29:31 KST | INFO |   Train Loss: 0.0178 | Test Loss: 0.0002 | Test Acc: 98.80%
2026-03-05 06:29:31 KST | INFO |   No improvement (11/30)
2026-03-05 06:29:31 KST | INFO | 
2026-03-05 06:29:31 KST | INFO | Epoch 74/200 | LR: 0.070576
2026-03-05 06:29:55 KST | INFO |   Train Loss: 0.0170 | Test Loss: 0.0002 | Test Acc: 98.35%
2026-03-05 06:29:55 KST | INFO |   No improvement (12/30)
2026-03-05 06:29:55 KST | INFO | 
2026-03-05 06:29:55 KST | INFO | Epoch 75/200 | LR: 0.069858
2026-03-05 06:30:19 KST | INFO |   Train Loss: 0.0218 | Test Loss: 0.0002 | Test Acc: 98.35%
2026-03-05 06:30:19 KST | INFO |   No improvement (13/30)
2026-03-05 06:30:19 KST | INFO | 
2026-03-05 06:30:19 KST | INFO | Epoch 76/200 | LR: 0.069134
2026-03-05 06:30:47 KST | INFO |   Train Loss: 0.0160 | Test Loss: 0.0002 | Test Acc: 98.65%
2026-03-05 06:30:47 KST | INFO |   No improvement (14/30)
2026-03-05 06:30:47 KST | INFO | 
2026-03-05 06:30:47 KST | INFO | Epoch 77/200 | LR: 0.068407
2026-03-05 06:31:16 KST | INFO |   Train Loss: 0.0157 | Test Loss: 0.0002 | Test Acc: 98.85%
2026-03-05 06:31:16 KST | INFO |   🏆 New best accuracy: 98.85%
2026-03-05 06:31:16 KST | INFO | 
2026-03-05 06:31:16 KST | INFO | Epoch 78/200 | LR: 0.067674
2026-03-05 06:31:40 KST | INFO |   Train Loss: 0.0110 | Test Loss: 0.0002 | Test Acc: 98.55%
2026-03-05 06:31:40 KST | INFO |   No improvement (1/30)
2026-03-05 06:31:40 KST | INFO | 
2026-03-05 06:31:40 KST | INFO | Epoch 79/200 | LR: 0.066937
2026-03-05 06:32:05 KST | INFO |   Train Loss: 0.0160 | Test Loss: 0.0002 | Test Acc: 98.60%
2026-03-05 06:32:05 KST | INFO |   No improvement (2/30)
2026-03-05 06:32:05 KST | INFO | 
2026-03-05 06:32:05 KST | INFO | Epoch 80/200 | LR: 0.066196
2026-03-05 06:32:29 KST | INFO |   Train Loss: 0.0169 | Test Loss: 0.0002 | Test Acc: 98.80%
2026-03-05 06:32:29 KST | INFO |   No improvement (3/30)
2026-03-05 06:32:29 KST | INFO | 
2026-03-05 06:32:29 KST | INFO | Epoch 81/200 | LR: 0.065451
2026-03-05 06:32:53 KST | INFO |   Train Loss: 0.0145 | Test Loss: 0.0002 | Test Acc: 98.80%
2026-03-05 06:32:53 KST | INFO |   No improvement (4/30)
2026-03-05 06:32:53 KST | INFO | 
2026-03-05 06:32:53 KST | INFO | Epoch 82/200 | LR: 0.064702
2026-03-05 06:33:17 KST | INFO |   Train Loss: 0.0159 | Test Loss: 0.0002 | Test Acc: 98.65%
2026-03-05 06:33:17 KST | INFO |   No improvement (5/30)
2026-03-05 06:33:17 KST | INFO | 
2026-03-05 06:33:17 KST | INFO | Epoch 83/200 | LR: 0.063950
2026-03-05 06:33:41 KST | INFO |   Train Loss: 0.0135 | Test Loss: 0.0002 | Test Acc: 98.65%
2026-03-05 06:33:41 KST | INFO |   No improvement (6/30)
2026-03-05 06:33:41 KST | INFO | 
2026-03-05 06:33:41 KST | INFO | Epoch 84/200 | LR: 0.063194
2026-03-05 06:34:14 KST | INFO |   Train Loss: 0.0140 | Test Loss: 0.0002 | Test Acc: 98.55%
2026-03-05 06:34:14 KST | INFO |   No improvement (7/30)
2026-03-05 06:34:14 KST | INFO | 
2026-03-05 06:34:14 KST | INFO | Epoch 85/200 | LR: 0.062435
2026-03-05 06:34:39 KST | INFO |   Train Loss: 0.0136 | Test Loss: 0.0003 | Test Acc: 98.35%
2026-03-05 06:34:39 KST | INFO |   No improvement (8/30)
2026-03-05 06:34:39 KST | INFO | 
2026-03-05 06:34:39 KST | INFO | Epoch 86/200 | LR: 0.061673
2026-03-05 06:35:03 KST | INFO |   Train Loss: 0.0100 | Test Loss: 0.0002 | Test Acc: 98.70%
2026-03-05 06:35:03 KST | INFO |   No improvement (9/30)
2026-03-05 06:35:03 KST | INFO | 
2026-03-05 06:35:03 KST | INFO | Epoch 87/200 | LR: 0.060908
2026-03-05 06:35:27 KST | INFO |   Train Loss: 0.0140 | Test Loss: 0.0002 | Test Acc: 98.70%
2026-03-05 06:35:27 KST | INFO |   No improvement (10/30)
2026-03-05 06:35:27 KST | INFO | 
2026-03-05 06:35:27 KST | INFO | Epoch 88/200 | LR: 0.060140
2026-03-05 06:35:51 KST | INFO |   Train Loss: 0.0115 | Test Loss: 0.0002 | Test Acc: 98.25%
2026-03-05 06:35:51 KST | INFO |   No improvement (11/30)
2026-03-05 06:35:51 KST | INFO | 
2026-03-05 06:35:51 KST | INFO | Epoch 89/200 | LR: 0.059369
2026-03-05 06:36:15 KST | INFO |   Train Loss: 0.0129 | Test Loss: 0.0002 | Test Acc: 98.80%
2026-03-05 06:36:15 KST | INFO |   No improvement (12/30)
2026-03-05 06:36:15 KST | INFO | 
2026-03-05 06:36:15 KST | INFO | Epoch 90/200 | LR: 0.058597
2026-03-05 06:36:38 KST | INFO |   Train Loss: 0.0139 | Test Loss: 0.0002 | Test Acc: 98.65%
2026-03-05 06:36:38 KST | INFO |   No improvement (13/30)
2026-03-05 06:36:38 KST | INFO | 
2026-03-05 06:36:38 KST | INFO | Epoch 91/200 | LR: 0.057822
2026-03-05 06:37:07 KST | INFO |   Train Loss: 0.0131 | Test Loss: 0.0002 | Test Acc: 98.45%
2026-03-05 06:37:07 KST | INFO |   No improvement (14/30)
2026-03-05 06:37:07 KST | INFO | 
2026-03-05 06:37:07 KST | INFO | Epoch 92/200 | LR: 0.057045
2026-03-05 06:37:31 KST | INFO |   Train Loss: 0.0132 | Test Loss: 0.0002 | Test Acc: 98.65%
2026-03-05 06:37:31 KST | INFO |   No improvement (15/30)
2026-03-05 06:37:31 KST | INFO | 
2026-03-05 06:37:31 KST | INFO | Epoch 93/200 | LR: 0.056267
2026-03-05 06:37:59 KST | INFO |   Train Loss: 0.0112 | Test Loss: 0.0003 | Test Acc: 98.20%
2026-03-05 06:37:59 KST | INFO |   No improvement (16/30)
2026-03-05 06:37:59 KST | INFO | 
2026-03-05 06:37:59 KST | INFO | Epoch 94/200 | LR: 0.055487
2026-03-05 06:38:24 KST | INFO |   Train Loss: 0.0094 | Test Loss: 0.0002 | Test Acc: 98.60%
2026-03-05 06:38:24 KST | INFO |   No improvement (17/30)
2026-03-05 06:38:24 KST | INFO | 
2026-03-05 06:38:24 KST | INFO | Epoch 95/200 | LR: 0.054706
2026-03-05 06:38:48 KST | INFO |   Train Loss: 0.0063 | Test Loss: 0.0004 | Test Acc: 98.10%
2026-03-05 06:38:48 KST | INFO |   No improvement (18/30)
2026-03-05 06:38:48 KST | INFO | 
2026-03-05 06:38:48 KST | INFO | Epoch 96/200 | LR: 0.053923
2026-03-05 06:39:13 KST | INFO |   Train Loss: 0.0123 | Test Loss: 0.0002 | Test Acc: 98.35%
2026-03-05 06:39:13 KST | INFO |   No improvement (19/30)
2026-03-05 06:39:13 KST | INFO | 
2026-03-05 06:39:13 KST | INFO | Epoch 97/200 | LR: 0.053140
2026-03-05 06:39:37 KST | INFO |   Train Loss: 0.0114 | Test Loss: 0.0003 | Test Acc: 98.15%
2026-03-05 06:39:37 KST | INFO |   No improvement (20/30)
2026-03-05 06:39:37 KST | INFO | 
2026-03-05 06:39:37 KST | INFO | Epoch 98/200 | LR: 0.052356
2026-03-05 06:40:01 KST | INFO |   Train Loss: 0.0098 | Test Loss: 0.0002 | Test Acc: 98.60%
2026-03-05 06:40:01 KST | INFO |   No improvement (21/30)
2026-03-05 06:40:01 KST | INFO | 
2026-03-05 06:40:01 KST | INFO | Epoch 99/200 | LR: 0.051571
2026-03-05 06:40:29 KST | INFO |   Train Loss: 0.0101 | Test Loss: 0.0003 | Test Acc: 98.50%
2026-03-05 06:40:29 KST | INFO |   No improvement (22/30)
2026-03-05 06:40:29 KST | INFO | 
2026-03-05 06:40:29 KST | INFO | Epoch 100/200 | LR: 0.050786
2026-03-05 06:40:57 KST | INFO |   Train Loss: 0.0153 | Test Loss: 0.0002 | Test Acc: 98.40%
2026-03-05 06:40:57 KST | INFO |   No improvement (23/30)
2026-03-05 06:40:57 KST | INFO | 
2026-03-05 06:40:57 KST | INFO | Epoch 101/200 | LR: 0.050001
2026-03-05 06:41:21 KST | INFO |   Train Loss: 0.0099 | Test Loss: 0.0002 | Test Acc: 98.80%
2026-03-05 06:41:21 KST | INFO |   No improvement (24/30)
2026-03-05 06:41:21 KST | INFO | 
2026-03-05 06:41:21 KST | INFO | Epoch 102/200 | LR: 0.049215
2026-03-05 06:41:44 KST | INFO |   Train Loss: 0.0103 | Test Loss: 0.0002 | Test Acc: 98.60%
2026-03-05 06:41:44 KST | INFO |   No improvement (25/30)
2026-03-05 06:41:44 KST | INFO | 
2026-03-05 06:41:44 KST | INFO | Epoch 103/200 | LR: 0.048430
2026-03-05 06:42:13 KST | INFO |   Train Loss: 0.0120 | Test Loss: 0.0003 | Test Acc: 98.55%
2026-03-05 06:42:13 KST | INFO |   No improvement (26/30)
2026-03-05 06:42:13 KST | INFO | 
2026-03-05 06:42:13 KST | INFO | Epoch 104/200 | LR: 0.047645
2026-03-05 06:42:37 KST | INFO |   Train Loss: 0.0091 | Test Loss: 0.0003 | Test Acc: 98.65%
2026-03-05 06:42:37 KST | INFO |   No improvement (27/30)
2026-03-05 06:42:37 KST | INFO | 
2026-03-05 06:42:37 KST | INFO | Epoch 105/200 | LR: 0.046861
2026-03-05 06:43:01 KST | INFO |   Train Loss: 0.0085 | Test Loss: 0.0002 | Test Acc: 98.35%
2026-03-05 06:43:01 KST | INFO |   No improvement (28/30)
2026-03-05 06:43:01 KST | INFO | 
2026-03-05 06:43:01 KST | INFO | Epoch 106/200 | LR: 0.046078
2026-03-05 06:43:25 KST | INFO |   Train Loss: 0.0080 | Test Loss: 0.0002 | Test Acc: 98.90%
2026-03-05 06:43:25 KST | INFO |   🏆 New best accuracy: 98.90%
2026-03-05 06:43:25 KST | INFO | 
2026-03-05 06:43:25 KST | INFO | Epoch 107/200 | LR: 0.045295
2026-03-05 06:44:00 KST | INFO |   Train Loss: 0.0084 | Test Loss: 0.0002 | Test Acc: 98.60%
2026-03-05 06:44:00 KST | INFO |   No improvement (1/30)
2026-03-05 06:44:00 KST | INFO | 
2026-03-05 06:44:00 KST | INFO | Epoch 108/200 | LR: 0.044514
2026-03-05 06:44:24 KST | INFO |   Train Loss: 0.0075 | Test Loss: 0.0003 | Test Acc: 98.35%
2026-03-05 06:44:24 KST | INFO |   No improvement (2/30)
2026-03-05 06:44:24 KST | INFO | 
2026-03-05 06:44:24 KST | INFO | Epoch 109/200 | LR: 0.043734
2026-03-05 06:44:49 KST | INFO |   Train Loss: 0.0071 | Test Loss: 0.0002 | Test Acc: 98.90%
2026-03-05 06:44:49 KST | INFO |   No improvement (3/30)
2026-03-05 06:44:49 KST | INFO | 
2026-03-05 06:44:49 KST | INFO | Epoch 110/200 | LR: 0.042956
2026-03-05 06:45:13 KST | INFO |   Train Loss: 0.0091 | Test Loss: 0.0002 | Test Acc: 98.65%
2026-03-05 06:45:13 KST | INFO |   No improvement (4/30)
2026-03-05 06:45:13 KST | INFO | 
2026-03-05 06:45:13 KST | INFO | Epoch 111/200 | LR: 0.042179
2026-03-05 06:45:36 KST | INFO |   Train Loss: 0.0065 | Test Loss: 0.0002 | Test Acc: 99.00%
2026-03-05 06:45:36 KST | INFO |   🏆 New best accuracy: 99.00%
2026-03-05 06:45:36 KST | INFO | 
2026-03-05 06:45:36 KST | INFO | Epoch 112/200 | LR: 0.041404
2026-03-05 06:46:00 KST | INFO |   Train Loss: 0.0045 | Test Loss: 0.0002 | Test Acc: 98.85%
2026-03-05 06:46:00 KST | INFO |   No improvement (1/30)
2026-03-05 06:46:00 KST | INFO | 
2026-03-05 06:46:00 KST | INFO | Epoch 113/200 | LR: 0.040632
2026-03-05 06:46:24 KST | INFO |   Train Loss: 0.0089 | Test Loss: 0.0005 | Test Acc: 97.40%
2026-03-05 06:46:24 KST | INFO |   No improvement (2/30)
2026-03-05 06:46:24 KST | INFO | 
2026-03-05 06:46:24 KST | INFO | Epoch 114/200 | LR: 0.039861
2026-03-05 06:46:52 KST | INFO |   Train Loss: 0.0105 | Test Loss: 0.0002 | Test Acc: 98.90%
2026-03-05 06:46:52 KST | INFO |   No improvement (3/30)
2026-03-05 06:46:52 KST | INFO | 
2026-03-05 06:46:52 KST | INFO | Epoch 115/200 | LR: 0.039093
2026-03-05 06:47:21 KST | INFO |   Train Loss: 0.0073 | Test Loss: 0.0002 | Test Acc: 98.60%
2026-03-05 06:47:21 KST | INFO |   No improvement (4/30)
2026-03-05 06:47:21 KST | INFO | 
2026-03-05 06:47:21 KST | INFO | Epoch 116/200 | LR: 0.038328
2026-03-05 06:47:45 KST | INFO |   Train Loss: 0.0082 | Test Loss: 0.0002 | Test Acc: 98.80%
2026-03-05 06:47:45 KST | INFO |   No improvement (5/30)
2026-03-05 06:47:45 KST | INFO | 
2026-03-05 06:47:45 KST | INFO | Epoch 117/200 | LR: 0.037566
2026-03-05 06:48:10 KST | INFO |   Train Loss: 0.0065 | Test Loss: 0.0003 | Test Acc: 98.40%
2026-03-05 06:48:10 KST | INFO |   No improvement (6/30)
2026-03-05 06:48:10 KST | INFO | 
2026-03-05 06:48:10 KST | INFO | Epoch 118/200 | LR: 0.036807
2026-03-05 06:48:35 KST | INFO |   Train Loss: 0.0047 | Test Loss: 0.0002 | Test Acc: 98.65%
2026-03-05 06:48:35 KST | INFO |   No improvement (7/30)
2026-03-05 06:48:35 KST | INFO | 
2026-03-05 06:48:35 KST | INFO | Epoch 119/200 | LR: 0.036051
2026-03-05 06:49:00 KST | INFO |   Train Loss: 0.0051 | Test Loss: 0.0002 | Test Acc: 98.85%
2026-03-05 06:49:00 KST | INFO |   No improvement (8/30)
2026-03-05 06:49:00 KST | INFO | 
2026-03-05 06:49:00 KST | INFO | Epoch 120/200 | LR: 0.035299
2026-03-05 06:49:24 KST | INFO |   Train Loss: 0.0048 | Test Loss: 0.0002 | Test Acc: 98.85%
2026-03-05 06:49:24 KST | INFO |   No improvement (9/30)
2026-03-05 06:49:24 KST | INFO | 
2026-03-05 06:49:24 KST | INFO | Epoch 121/200 | LR: 0.034550
2026-03-05 06:49:54 KST | INFO |   Train Loss: 0.0042 | Test Loss: 0.0002 | Test Acc: 98.80%
2026-03-05 06:49:54 KST | INFO |   No improvement (10/30)
2026-03-05 06:49:54 KST | INFO | 
2026-03-05 06:49:54 KST | INFO | Epoch 122/200 | LR: 0.033805
2026-03-05 06:50:23 KST | INFO |   Train Loss: 0.0048 | Test Loss: 0.0003 | Test Acc: 98.15%
2026-03-05 06:50:23 KST | INFO |   No improvement (11/30)
2026-03-05 06:50:23 KST | INFO | 
2026-03-05 06:50:23 KST | INFO | Epoch 123/200 | LR: 0.033064
2026-03-05 06:50:47 KST | INFO |   Train Loss: 0.0048 | Test Loss: 0.0002 | Test Acc: 98.85%
2026-03-05 06:50:47 KST | INFO |   No improvement (12/30)
2026-03-05 06:50:47 KST | INFO | 
2026-03-05 06:50:47 KST | INFO | Epoch 124/200 | LR: 0.032327
2026-03-05 06:51:12 KST | INFO |   Train Loss: 0.0038 | Test Loss: 0.0002 | Test Acc: 99.00%
2026-03-05 06:51:12 KST | INFO |   No improvement (13/30)
2026-03-05 06:51:12 KST | INFO | 
2026-03-05 06:51:12 KST | INFO | Epoch 125/200 | LR: 0.031594
2026-03-05 06:51:36 KST | INFO |   Train Loss: 0.0031 | Test Loss: 0.0002 | Test Acc: 98.95%
2026-03-05 06:51:36 KST | INFO |   No improvement (14/30)
2026-03-05 06:51:36 KST | INFO | 
2026-03-05 06:51:36 KST | INFO | Epoch 126/200 | LR: 0.030867
2026-03-05 06:52:00 KST | INFO |   Train Loss: 0.0054 | Test Loss: 0.0003 | Test Acc: 98.25%
2026-03-05 06:52:00 KST | INFO |   No improvement (15/30)
2026-03-05 06:52:00 KST | INFO | 
2026-03-05 06:52:00 KST | INFO | Epoch 127/200 | LR: 0.030143
2026-03-05 06:52:24 KST | INFO |   Train Loss: 0.0026 | Test Loss: 0.0002 | Test Acc: 98.55%
2026-03-05 06:52:24 KST | INFO |   No improvement (16/30)
2026-03-05 06:52:24 KST | INFO | 
2026-03-05 06:52:24 KST | INFO | Epoch 128/200 | LR: 0.029425
2026-03-05 06:52:53 KST | INFO |   Train Loss: 0.0037 | Test Loss: 0.0002 | Test Acc: 99.00%
2026-03-05 06:52:53 KST | INFO |   No improvement (17/30)
2026-03-05 06:52:53 KST | INFO | 
2026-03-05 06:52:53 KST | INFO | Epoch 129/200 | LR: 0.028712
2026-03-05 06:53:17 KST | INFO |   Train Loss: 0.0037 | Test Loss: 0.0004 | Test Acc: 98.20%
2026-03-05 06:53:17 KST | INFO |   No improvement (18/30)
2026-03-05 06:53:17 KST | INFO | 
2026-03-05 06:53:17 KST | INFO | Epoch 130/200 | LR: 0.028004
2026-03-05 06:53:47 KST | INFO |   Train Loss: 0.0056 | Test Loss: 0.0002 | Test Acc: 98.80%
2026-03-05 06:53:47 KST | INFO |   No improvement (19/30)
2026-03-05 06:53:47 KST | INFO | 
2026-03-05 06:53:47 KST | INFO | Epoch 131/200 | LR: 0.027301
2026-03-05 06:54:11 KST | INFO |   Train Loss: 0.0038 | Test Loss: 0.0002 | Test Acc: 98.65%
2026-03-05 06:54:11 KST | INFO |   No improvement (20/30)
2026-03-05 06:54:11 KST | INFO | 
2026-03-05 06:54:11 KST | INFO | Epoch 132/200 | LR: 0.026604
2026-03-05 06:54:36 KST | INFO |   Train Loss: 0.0027 | Test Loss: 0.0002 | Test Acc: 98.90%
2026-03-05 06:54:36 KST | INFO |   No improvement (21/30)
2026-03-05 06:54:36 KST | INFO | 
2026-03-05 06:54:36 KST | INFO | Epoch 133/200 | LR: 0.025913
2026-03-05 06:55:00 KST | INFO |   Train Loss: 0.0023 | Test Loss: 0.0002 | Test Acc: 98.65%
2026-03-05 06:55:00 KST | INFO |   No improvement (22/30)
2026-03-05 06:55:00 KST | INFO | 
2026-03-05 06:55:00 KST | INFO | Epoch 134/200 | LR: 0.025228
2026-03-05 06:55:29 KST | INFO |   Train Loss: 0.0032 | Test Loss: 0.0003 | Test Acc: 98.65%
2026-03-05 06:55:29 KST | INFO |   No improvement (23/30)
2026-03-05 06:55:29 KST | INFO | 
2026-03-05 06:55:29 KST | INFO | Epoch 135/200 | LR: 0.024549
2026-03-05 06:55:53 KST | INFO |   Train Loss: 0.0036 | Test Loss: 0.0002 | Test Acc: 98.95%
2026-03-05 06:55:53 KST | INFO |   No improvement (24/30)
2026-03-05 06:55:53 KST | INFO | 
2026-03-05 06:55:53 KST | INFO | Epoch 136/200 | LR: 0.023876
2026-03-05 06:56:23 KST | INFO |   Train Loss: 0.0016 | Test Loss: 0.0002 | Test Acc: 98.95%
2026-03-05 06:56:23 KST | INFO |   No improvement (25/30)
2026-03-05 06:56:23 KST | INFO | 
2026-03-05 06:56:23 KST | INFO | Epoch 137/200 | LR: 0.023209
2026-03-05 06:56:48 KST | INFO |   Train Loss: 0.0031 | Test Loss: 0.0002 | Test Acc: 98.80%
2026-03-05 06:56:48 KST | INFO |   No improvement (26/30)
2026-03-05 06:56:48 KST | INFO | 
2026-03-05 06:56:48 KST | INFO | Epoch 138/200 | LR: 0.022550
2026-03-05 06:57:12 KST | INFO |   Train Loss: 0.0021 | Test Loss: 0.0002 | Test Acc: 98.85%
2026-03-05 06:57:12 KST | INFO |   No improvement (27/30)
2026-03-05 06:57:12 KST | INFO | 
2026-03-05 06:57:12 KST | INFO | Epoch 139/200 | LR: 0.021897
2026-03-05 06:57:35 KST | INFO |   Train Loss: 0.0020 | Test Loss: 0.0002 | Test Acc: 98.95%
2026-03-05 06:57:35 KST | INFO |   No improvement (28/30)
2026-03-05 06:57:35 KST | INFO | 
2026-03-05 06:57:35 KST | INFO | Epoch 140/200 | LR: 0.021251
2026-03-05 06:57:59 KST | INFO |   Train Loss: 0.0026 | Test Loss: 0.0002 | Test Acc: 98.80%
2026-03-05 06:57:59 KST | INFO |   No improvement (29/30)
2026-03-05 06:57:59 KST | INFO | 
2026-03-05 06:57:59 KST | INFO | Epoch 141/200 | LR: 0.020612
2026-03-05 06:58:24 KST | INFO |   Train Loss: 0.0018 | Test Loss: 0.0002 | Test Acc: 98.95%
2026-03-05 06:58:24 KST | INFO |   No improvement (30/30)
2026-03-05 06:58:24 KST | INFO | 
2026-03-05 06:58:24 KST | INFO | Early stopping after 30 epochs without improvement
2026-03-05 06:58:24 KST | INFO | 
2026-03-05 06:58:24 KST | INFO | ================================================================================
2026-03-05 06:58:24 KST | INFO | TRAINING COMPLETE
2026-03-05 06:58:24 KST | INFO | ================================================================================
2026-03-05 06:58:24 KST | INFO | Best accuracy:  99.00% (Epoch 111)
2026-03-05 06:58:24 KST | INFO | Final accuracy: 98.95%
2026-03-05 06:58:24 KST | INFO | ================================================================================
2026-03-05 06:58:24 KST | INFO | 
2026-03-05 06:58:24 KST | INFO | Notifying nodes of completion...
2026-03-05 06:58:25 KST | INFO | ✓ Nodes notified
2026-03-05 06:58:25 KST | INFO | 
2026-03-05 06:58:25 KST | INFO | Closing connections...
2026-03-05 06:58:25 KST | INFO | ✓ Cleanup complete
2026-03-05 06:58:25 KST | INFO | 
2026-03-05 06:58:25 KST | INFO | Full log: logs/TL++_secure_20260305_055755.log
2026-03-05 06:58:25 KST | INFO | ================================================================================
