2026-02-05 23:23:54 KST | INFO | ================================================================================
2026-02-05 23:23:54 KST | INFO | TL++ Orchestrator
2026-02-05 23:23:54 KST | INFO | ================================================================================
2026-02-05 23:23:54 KST | INFO | Log file: logs/TL++_base_20260205_232354.log
2026-02-05 23:23:54 KST | INFO | 
2026-02-05 23:23:54 KST | INFO | --------------------------------------------------------------------------------
2026-02-05 23:23:54 KST | INFO | CONFIGURATION
2026-02-05 23:23:54 KST | INFO | --------------------------------------------------------------------------------
2026-02-05 23:23:54 KST | INFO | Secure mode:      False
2026-02-05 23:23:54 KST | INFO | Nodes:            5
2026-02-05 23:23:54 KST | INFO | Cut layer:        2
2026-02-05 23:23:54 KST | INFO | Batch size:       128
2026-02-05 23:23:54 KST | INFO | Learning rate:    0.1
2026-02-05 23:23:54 KST | INFO | 
2026-02-05 23:23:54 KST | INFO | Computation device: cuda
2026-02-05 23:23:54 KST | INFO | Secure mode: DISABLED
2026-02-05 23:23:54 KST | INFO | 
2026-02-05 23:23:54 KST | INFO | --------------------------------------------------------------------------------
2026-02-05 23:23:54 KST | INFO | NETWORK SETUP
2026-02-05 23:23:54 KST | INFO | --------------------------------------------------------------------------------
2026-02-05 23:23:54 KST | INFO | ✓ Orchestrator listening on 127.0.0.1:8080
2026-02-05 23:23:54 KST | INFO | Waiting for 5 node(s)...
2026-02-05 23:23:57 KST | INFO |   ✓ Node 1/5 connected
2026-02-05 23:23:59 KST | INFO |   ✓ Node 2/5 connected
2026-02-05 23:24:00 KST | INFO |   ✓ Node 3/5 connected
2026-02-05 23:24:01 KST | INFO |   ✓ Node 4/5 connected
2026-02-05 23:24:02 KST | INFO |   ✓ Node 5/5 connected
2026-02-05 23:24:02 KST | INFO | ✓ All 5 node(s) connected
2026-02-05 23:24:02 KST | INFO | 
2026-02-05 23:24:02 KST | INFO | --------------------------------------------------------------------------------
2026-02-05 23:24:02 KST | INFO | MODEL INITIALIZATION
2026-02-05 23:24:02 KST | INFO | --------------------------------------------------------------------------------
2026-02-05 23:24:02 KST | INFO | Node-side parameters: 260,160
2026-02-05 23:24:02 KST | INFO | 
2026-02-05 23:24:02 KST | INFO | --------------------------------------------------------------------------------
2026-02-05 23:24:02 KST | INFO | BROADCASTING CONFIGURATION
2026-02-05 23:24:02 KST | INFO | --------------------------------------------------------------------------------
2026-02-05 23:24:02 KST | INFO | ✓ Configuration broadcast to all nodes
2026-02-05 23:24:03 KST | INFO | 
2026-02-05 23:24:03 KST | INFO | Total parameters:     3,245,637
2026-02-05 23:24:03 KST | INFO | Trainable parameters: 3,245,637
2026-02-05 23:24:03 KST | INFO | 
2026-02-05 23:24:03 KST | INFO | --------------------------------------------------------------------------------
2026-02-05 23:24:03 KST | INFO | DATA LOADING
2026-02-05 23:24:03 KST | INFO | --------------------------------------------------------------------------------
2026-02-05 23:24:28 KST | INFO | ✓ Dataset information collected:
2026-02-05 23:24:28 KST | INFO |     Node 1: 5,000 samples
2026-02-05 23:24:28 KST | INFO |     Node 2: 5,000 samples
2026-02-05 23:24:28 KST | INFO |     Node 3: 5,000 samples
2026-02-05 23:24:28 KST | INFO |     Node 4: 5,000 samples
2026-02-05 23:24:28 KST | INFO |     Node 5: 5,000 samples
2026-02-05 23:24:28 KST | INFO |   Total training samples: 25,000
2026-02-05 23:24:28 KST | INFO | 
2026-02-05 23:24:31 KST | INFO | ✓ Test dataset loaded: 5,000 samples
2026-02-05 23:24:31 KST | INFO | 
2026-02-05 23:24:31 KST | INFO | ✓ Batch scheduler: 196 batches/epoch
2026-02-05 23:24:31 KST | INFO | 
2026-02-05 23:24:31 KST | INFO | --------------------------------------------------------------------------------
2026-02-05 23:24:31 KST | INFO | OPTIMIZATION SETUP
2026-02-05 23:24:31 KST | INFO | --------------------------------------------------------------------------------
2026-02-05 23:24:31 KST | INFO | ✓ Optimizer: SGD (lr=0.1, momentum=0.9)
2026-02-05 23:24:31 KST | INFO | ✓ Scheduler: cosine
2026-02-05 23:24:31 KST | INFO | ✓ Gradient clipping: 1.0
2026-02-05 23:24:31 KST | INFO | 
2026-02-05 23:24:31 KST | INFO | ================================================================================
2026-02-05 23:24:31 KST | INFO | Setup complete - Ready for training
2026-02-05 23:24:31 KST | INFO | ================================================================================
2026-02-05 23:24:31 KST | INFO | 
2026-02-05 23:24:31 KST | INFO | --------------------------------------------------------------------------------
2026-02-05 23:24:31 KST | INFO | TRAINING
2026-02-05 23:24:31 KST | INFO | --------------------------------------------------------------------------------
2026-02-05 23:24:31 KST | INFO | 
2026-02-05 23:24:31 KST | INFO | Epoch 1/200 | LR: 0.100000
2026-02-05 23:24:44 KST | INFO |   Train Loss: 1.2022 | Test Loss: 0.0036 | Test Acc: 62.34%
2026-02-05 23:24:44 KST | INFO |   🏆 New best accuracy: 62.34%
2026-02-05 23:24:44 KST | INFO | 
2026-02-05 23:24:44 KST | INFO | Epoch 2/200 | LR: 0.099994
2026-02-05 23:24:55 KST | INFO |   Train Loss: 0.9093 | Test Loss: 0.0032 | Test Acc: 66.98%
2026-02-05 23:24:55 KST | INFO |   🏆 New best accuracy: 66.98%
2026-02-05 23:24:55 KST | INFO | 
2026-02-05 23:24:55 KST | INFO | Epoch 3/200 | LR: 0.099975
2026-02-05 23:25:07 KST | INFO |   Train Loss: 0.7494 | Test Loss: 0.0028 | Test Acc: 73.46%
2026-02-05 23:25:07 KST | INFO |   🏆 New best accuracy: 73.46%
2026-02-05 23:25:07 KST | INFO | 
2026-02-05 23:25:07 KST | INFO | Epoch 4/200 | LR: 0.099944
2026-02-05 23:25:18 KST | INFO |   Train Loss: 0.6389 | Test Loss: 0.0023 | Test Acc: 78.44%
2026-02-05 23:25:18 KST | INFO |   🏆 New best accuracy: 78.44%
2026-02-05 23:25:18 KST | INFO | 
2026-02-05 23:25:18 KST | INFO | Epoch 5/200 | LR: 0.099901
2026-02-05 23:25:29 KST | INFO |   Train Loss: 0.5662 | Test Loss: 0.0020 | Test Acc: 80.42%
2026-02-05 23:25:29 KST | INFO |   🏆 New best accuracy: 80.42%
2026-02-05 23:25:29 KST | INFO | 
2026-02-05 23:25:29 KST | INFO | Epoch 6/200 | LR: 0.099846
2026-02-05 23:25:41 KST | INFO |   Train Loss: 0.5089 | Test Loss: 0.0021 | Test Acc: 80.26%
2026-02-05 23:25:41 KST | INFO |   No improvement (1/30)
2026-02-05 23:25:41 KST | INFO | 
2026-02-05 23:25:41 KST | INFO | Epoch 7/200 | LR: 0.099778
2026-02-05 23:25:52 KST | INFO |   Train Loss: 0.4715 | Test Loss: 0.0019 | Test Acc: 82.36%
2026-02-05 23:25:52 KST | INFO |   🏆 New best accuracy: 82.36%
2026-02-05 23:25:52 KST | INFO | 
2026-02-05 23:25:52 KST | INFO | Epoch 8/200 | LR: 0.099698
2026-02-05 23:26:03 KST | INFO |   Train Loss: 0.4391 | Test Loss: 0.0019 | Test Acc: 82.50%
2026-02-05 23:26:03 KST | INFO |   🏆 New best accuracy: 82.50%
2026-02-05 23:26:03 KST | INFO | 
2026-02-05 23:26:03 KST | INFO | Epoch 9/200 | LR: 0.099606
2026-02-05 23:26:15 KST | INFO |   Train Loss: 0.4159 | Test Loss: 0.0017 | Test Acc: 84.84%
2026-02-05 23:26:15 KST | INFO |   🏆 New best accuracy: 84.84%
2026-02-05 23:26:15 KST | INFO | 
2026-02-05 23:26:15 KST | INFO | Epoch 10/200 | LR: 0.099501
2026-02-05 23:26:26 KST | INFO |   Train Loss: 0.3872 | Test Loss: 0.0015 | Test Acc: 85.96%
2026-02-05 23:26:26 KST | INFO |   🏆 New best accuracy: 85.96%
2026-02-05 23:26:26 KST | INFO | 
2026-02-05 23:26:26 KST | INFO | Epoch 11/200 | LR: 0.099384
2026-02-05 23:26:37 KST | INFO |   Train Loss: 0.3684 | Test Loss: 0.0016 | Test Acc: 85.72%
2026-02-05 23:26:37 KST | INFO |   No improvement (1/30)
2026-02-05 23:26:37 KST | INFO | 
2026-02-05 23:26:37 KST | INFO | Epoch 12/200 | LR: 0.099255
2026-02-05 23:26:49 KST | INFO |   Train Loss: 0.3533 | Test Loss: 0.0014 | Test Acc: 87.24%
2026-02-05 23:26:49 KST | INFO |   🏆 New best accuracy: 87.24%
2026-02-05 23:26:49 KST | INFO | 
2026-02-05 23:26:49 KST | INFO | Epoch 13/200 | LR: 0.099114
2026-02-05 23:27:00 KST | INFO |   Train Loss: 0.3342 | Test Loss: 0.0015 | Test Acc: 86.66%
2026-02-05 23:27:00 KST | INFO |   No improvement (1/30)
2026-02-05 23:27:00 KST | INFO | 
2026-02-05 23:27:00 KST | INFO | Epoch 14/200 | LR: 0.098961
2026-02-05 23:27:11 KST | INFO |   Train Loss: 0.3308 | Test Loss: 0.0017 | Test Acc: 84.24%
2026-02-05 23:27:11 KST | INFO |   No improvement (2/30)
2026-02-05 23:27:11 KST | INFO | 
2026-02-05 23:27:11 KST | INFO | Epoch 15/200 | LR: 0.098796
2026-02-05 23:27:22 KST | INFO |   Train Loss: 0.3108 | Test Loss: 0.0015 | Test Acc: 87.72%
2026-02-05 23:27:22 KST | INFO |   🏆 New best accuracy: 87.72%
2026-02-05 23:27:22 KST | INFO | 
2026-02-05 23:27:22 KST | INFO | Epoch 16/200 | LR: 0.098619
2026-02-05 23:27:34 KST | INFO |   Train Loss: 0.3056 | Test Loss: 0.0014 | Test Acc: 86.94%
2026-02-05 23:27:34 KST | INFO |   No improvement (1/30)
2026-02-05 23:27:34 KST | INFO | 
2026-02-05 23:27:34 KST | INFO | Epoch 17/200 | LR: 0.098429
2026-02-05 23:27:45 KST | INFO |   Train Loss: 0.2978 | Test Loss: 0.0014 | Test Acc: 87.28%
2026-02-05 23:27:45 KST | INFO |   No improvement (2/30)
2026-02-05 23:27:45 KST | INFO | 
2026-02-05 23:27:45 KST | INFO | Epoch 18/200 | LR: 0.098228
2026-02-05 23:27:56 KST | INFO |   Train Loss: 0.2880 | Test Loss: 0.0014 | Test Acc: 87.74%
2026-02-05 23:27:56 KST | INFO |   🏆 New best accuracy: 87.74%
2026-02-05 23:27:56 KST | INFO | 
2026-02-05 23:27:56 KST | INFO | Epoch 19/200 | LR: 0.098015
2026-02-05 23:28:08 KST | INFO |   Train Loss: 0.2784 | Test Loss: 0.0012 | Test Acc: 89.16%
2026-02-05 23:28:08 KST | INFO |   🏆 New best accuracy: 89.16%
2026-02-05 23:28:08 KST | INFO | 
2026-02-05 23:28:08 KST | INFO | Epoch 20/200 | LR: 0.097790
2026-02-05 23:28:19 KST | INFO |   Train Loss: 0.2728 | Test Loss: 0.0012 | Test Acc: 89.72%
2026-02-05 23:28:19 KST | INFO |   🏆 New best accuracy: 89.72%
2026-02-05 23:28:19 KST | INFO | 
2026-02-05 23:28:19 KST | INFO | Epoch 21/200 | LR: 0.097553
2026-02-05 23:28:30 KST | INFO |   Train Loss: 0.2600 | Test Loss: 0.0012 | Test Acc: 89.60%
2026-02-05 23:28:30 KST | INFO |   No improvement (1/30)
2026-02-05 23:28:30 KST | INFO | 
2026-02-05 23:28:30 KST | INFO | Epoch 22/200 | LR: 0.097304
2026-02-05 23:28:41 KST | INFO |   Train Loss: 0.2573 | Test Loss: 0.0012 | Test Acc: 89.10%
2026-02-05 23:28:41 KST | INFO |   No improvement (2/30)
2026-02-05 23:28:41 KST | INFO | 
2026-02-05 23:28:41 KST | INFO | Epoch 23/200 | LR: 0.097044
2026-02-05 23:28:53 KST | INFO |   Train Loss: 0.2525 | Test Loss: 0.0013 | Test Acc: 89.02%
2026-02-05 23:28:53 KST | INFO |   No improvement (3/30)
2026-02-05 23:28:53 KST | INFO | 
2026-02-05 23:28:53 KST | INFO | Epoch 24/200 | LR: 0.096772
2026-02-05 23:29:04 KST | INFO |   Train Loss: 0.2471 | Test Loss: 0.0014 | Test Acc: 87.32%
2026-02-05 23:29:04 KST | INFO |   No improvement (4/30)
2026-02-05 23:29:04 KST | INFO | 
2026-02-05 23:29:04 KST | INFO | Epoch 25/200 | LR: 0.096489
2026-02-05 23:29:15 KST | INFO |   Train Loss: 0.2396 | Test Loss: 0.0013 | Test Acc: 89.28%
2026-02-05 23:29:15 KST | INFO |   No improvement (5/30)
2026-02-05 23:29:15 KST | INFO | 
2026-02-05 23:29:15 KST | INFO | Epoch 26/200 | LR: 0.096194
2026-02-05 23:29:27 KST | INFO |   Train Loss: 0.2394 | Test Loss: 0.0011 | Test Acc: 90.08%
2026-02-05 23:29:27 KST | INFO |   🏆 New best accuracy: 90.08%
2026-02-05 23:29:27 KST | INFO | 
2026-02-05 23:29:27 KST | INFO | Epoch 27/200 | LR: 0.095888
2026-02-05 23:29:38 KST | INFO |   Train Loss: 0.2351 | Test Loss: 0.0013 | Test Acc: 89.12%
2026-02-05 23:29:38 KST | INFO |   No improvement (1/30)
2026-02-05 23:29:38 KST | INFO | 
2026-02-05 23:29:38 KST | INFO | Epoch 28/200 | LR: 0.095570
2026-02-05 23:29:49 KST | INFO |   Train Loss: 0.2289 | Test Loss: 0.0012 | Test Acc: 90.06%
2026-02-05 23:29:49 KST | INFO |   No improvement (2/30)
2026-02-05 23:29:49 KST | INFO | 
2026-02-05 23:29:49 KST | INFO | Epoch 29/200 | LR: 0.095241
2026-02-05 23:30:01 KST | INFO |   Train Loss: 0.2224 | Test Loss: 0.0012 | Test Acc: 90.22%
2026-02-05 23:30:01 KST | INFO |   🏆 New best accuracy: 90.22%
2026-02-05 23:30:01 KST | INFO | 
2026-02-05 23:30:01 KST | INFO | Epoch 30/200 | LR: 0.094901
2026-02-05 23:30:12 KST | INFO |   Train Loss: 0.2195 | Test Loss: 0.0011 | Test Acc: 90.64%
2026-02-05 23:30:12 KST | INFO |   🏆 New best accuracy: 90.64%
2026-02-05 23:30:12 KST | INFO | 
2026-02-05 23:30:12 KST | INFO | Epoch 31/200 | LR: 0.094550
2026-02-05 23:30:23 KST | INFO |   Train Loss: 0.2144 | Test Loss: 0.0018 | Test Acc: 86.50%
2026-02-05 23:30:23 KST | INFO |   No improvement (1/30)
2026-02-05 23:30:23 KST | INFO | 
2026-02-05 23:30:23 KST | INFO | Epoch 32/200 | LR: 0.094188
2026-02-05 23:30:34 KST | INFO |   Train Loss: 0.2144 | Test Loss: 0.0011 | Test Acc: 90.44%
2026-02-05 23:30:34 KST | INFO |   No improvement (2/30)
2026-02-05 23:30:34 KST | INFO | 
2026-02-05 23:30:34 KST | INFO | Epoch 33/200 | LR: 0.093815
2026-02-05 23:30:46 KST | INFO |   Train Loss: 0.2099 | Test Loss: 0.0012 | Test Acc: 89.40%
2026-02-05 23:30:46 KST | INFO |   No improvement (3/30)
2026-02-05 23:30:46 KST | INFO | 
2026-02-05 23:30:46 KST | INFO | Epoch 34/200 | LR: 0.093432
2026-02-05 23:30:57 KST | INFO |   Train Loss: 0.2061 | Test Loss: 0.0011 | Test Acc: 90.90%
2026-02-05 23:30:57 KST | INFO |   🏆 New best accuracy: 90.90%
2026-02-05 23:30:57 KST | INFO | 
2026-02-05 23:30:57 KST | INFO | Epoch 35/200 | LR: 0.093037
2026-02-05 23:31:08 KST | INFO |   Train Loss: 0.2012 | Test Loss: 0.0010 | Test Acc: 91.30%
2026-02-05 23:31:08 KST | INFO |   🏆 New best accuracy: 91.30%
2026-02-05 23:31:08 KST | INFO | 
2026-02-05 23:31:08 KST | INFO | Epoch 36/200 | LR: 0.092632
2026-02-05 23:31:20 KST | INFO |   Train Loss: 0.2046 | Test Loss: 0.0010 | Test Acc: 91.10%
2026-02-05 23:31:20 KST | INFO |   No improvement (1/30)
2026-02-05 23:31:20 KST | INFO | 
2026-02-05 23:31:20 KST | INFO | Epoch 37/200 | LR: 0.092216
2026-02-05 23:31:31 KST | INFO |   Train Loss: 0.1962 | Test Loss: 0.0011 | Test Acc: 90.88%
2026-02-05 23:31:31 KST | INFO |   No improvement (2/30)
2026-02-05 23:31:31 KST | INFO | 
2026-02-05 23:31:31 KST | INFO | Epoch 38/200 | LR: 0.091790
2026-02-05 23:31:42 KST | INFO |   Train Loss: 0.1920 | Test Loss: 0.0011 | Test Acc: 90.94%
2026-02-05 23:31:42 KST | INFO |   No improvement (3/30)
2026-02-05 23:31:42 KST | INFO | 
2026-02-05 23:31:42 KST | INFO | Epoch 39/200 | LR: 0.091354
2026-02-05 23:31:54 KST | INFO |   Train Loss: 0.1927 | Test Loss: 0.0012 | Test Acc: 89.94%
2026-02-05 23:31:54 KST | INFO |   No improvement (4/30)
2026-02-05 23:31:54 KST | INFO | 
2026-02-05 23:31:54 KST | INFO | Epoch 40/200 | LR: 0.090908
2026-02-05 23:32:05 KST | INFO |   Train Loss: 0.1828 | Test Loss: 0.0013 | Test Acc: 89.38%
2026-02-05 23:32:05 KST | INFO |   No improvement (5/30)
2026-02-05 23:32:05 KST | INFO | 
2026-02-05 23:32:05 KST | INFO | Epoch 41/200 | LR: 0.090451
2026-02-05 23:32:16 KST | INFO |   Train Loss: 0.1852 | Test Loss: 0.0013 | Test Acc: 89.90%
2026-02-05 23:32:16 KST | INFO |   No improvement (6/30)
2026-02-05 23:32:16 KST | INFO | 
2026-02-05 23:32:16 KST | INFO | Epoch 42/200 | LR: 0.089984
2026-02-05 23:32:28 KST | INFO |   Train Loss: 0.1857 | Test Loss: 0.0015 | Test Acc: 88.02%
2026-02-05 23:32:28 KST | INFO |   No improvement (7/30)
2026-02-05 23:32:28 KST | INFO | 
2026-02-05 23:32:28 KST | INFO | Epoch 43/200 | LR: 0.089508
2026-02-05 23:32:39 KST | INFO |   Train Loss: 0.1823 | Test Loss: 0.0014 | Test Acc: 87.60%
2026-02-05 23:32:39 KST | INFO |   No improvement (8/30)
2026-02-05 23:32:39 KST | INFO | 
2026-02-05 23:32:39 KST | INFO | Epoch 44/200 | LR: 0.089022
2026-02-05 23:32:50 KST | INFO |   Train Loss: 0.1858 | Test Loss: 0.0011 | Test Acc: 90.98%
2026-02-05 23:32:50 KST | INFO |   No improvement (9/30)
2026-02-05 23:32:50 KST | INFO | 
2026-02-05 23:32:50 KST | INFO | Epoch 45/200 | LR: 0.088526
2026-02-05 23:33:02 KST | INFO |   Train Loss: 0.1827 | Test Loss: 0.0011 | Test Acc: 91.08%
2026-02-05 23:33:02 KST | INFO |   No improvement (10/30)
2026-02-05 23:33:02 KST | INFO | 
2026-02-05 23:33:02 KST | INFO | Epoch 46/200 | LR: 0.088020
2026-02-05 23:33:13 KST | INFO |   Train Loss: 0.1793 | Test Loss: 0.0010 | Test Acc: 91.48%
2026-02-05 23:33:13 KST | INFO |   🏆 New best accuracy: 91.48%
2026-02-05 23:33:13 KST | INFO | 
2026-02-05 23:33:13 KST | INFO | Epoch 47/200 | LR: 0.087506
2026-02-05 23:33:24 KST | INFO |   Train Loss: 0.1778 | Test Loss: 0.0011 | Test Acc: 91.54%
2026-02-05 23:33:24 KST | INFO |   🏆 New best accuracy: 91.54%
2026-02-05 23:33:24 KST | INFO | 
2026-02-05 23:33:24 KST | INFO | Epoch 48/200 | LR: 0.086982
2026-02-05 23:33:36 KST | INFO |   Train Loss: 0.1726 | Test Loss: 0.0014 | Test Acc: 88.56%
2026-02-05 23:33:36 KST | INFO |   No improvement (1/30)
2026-02-05 23:33:36 KST | INFO | 
2026-02-05 23:33:36 KST | INFO | Epoch 49/200 | LR: 0.086449
2026-02-05 23:33:47 KST | INFO |   Train Loss: 0.1713 | Test Loss: 0.0012 | Test Acc: 89.96%
2026-02-05 23:33:47 KST | INFO |   No improvement (2/30)
2026-02-05 23:33:47 KST | INFO | 
2026-02-05 23:33:47 KST | INFO | Epoch 50/200 | LR: 0.085906
2026-02-05 23:33:58 KST | INFO |   Train Loss: 0.1700 | Test Loss: 0.0011 | Test Acc: 90.90%
2026-02-05 23:33:58 KST | INFO |   No improvement (3/30)
2026-02-05 23:33:58 KST | INFO | 
2026-02-05 23:33:58 KST | INFO | Epoch 51/200 | LR: 0.085355
2026-02-05 23:34:10 KST | INFO |   Train Loss: 0.1722 | Test Loss: 0.0011 | Test Acc: 90.88%
2026-02-05 23:34:10 KST | INFO |   No improvement (4/30)
2026-02-05 23:34:10 KST | INFO | 
2026-02-05 23:34:10 KST | INFO | Epoch 52/200 | LR: 0.084796
2026-02-05 23:34:21 KST | INFO |   Train Loss: 0.1649 | Test Loss: 0.0011 | Test Acc: 90.82%
2026-02-05 23:34:21 KST | INFO |   No improvement (5/30)
2026-02-05 23:34:21 KST | INFO | 
2026-02-05 23:34:21 KST | INFO | Epoch 53/200 | LR: 0.084228
2026-02-05 23:34:32 KST | INFO |   Train Loss: 0.1648 | Test Loss: 0.0010 | Test Acc: 91.60%
2026-02-05 23:34:32 KST | INFO |   🏆 New best accuracy: 91.60%
2026-02-05 23:34:32 KST | INFO | 
2026-02-05 23:34:32 KST | INFO | Epoch 54/200 | LR: 0.083651
2026-02-05 23:34:44 KST | INFO |   Train Loss: 0.1656 | Test Loss: 0.0013 | Test Acc: 90.38%
2026-02-05 23:34:44 KST | INFO |   No improvement (1/30)
2026-02-05 23:34:44 KST | INFO | 
2026-02-05 23:34:44 KST | INFO | Epoch 55/200 | LR: 0.083066
2026-02-05 23:34:55 KST | INFO |   Train Loss: 0.1606 | Test Loss: 0.0010 | Test Acc: 91.52%
2026-02-05 23:34:55 KST | INFO |   No improvement (2/30)
2026-02-05 23:34:55 KST | INFO | 
2026-02-05 23:34:55 KST | INFO | Epoch 56/200 | LR: 0.082473
2026-02-05 23:35:06 KST | INFO |   Train Loss: 0.1572 | Test Loss: 0.0011 | Test Acc: 90.82%
2026-02-05 23:35:06 KST | INFO |   No improvement (3/30)
2026-02-05 23:35:06 KST | INFO | 
2026-02-05 23:35:06 KST | INFO | Epoch 57/200 | LR: 0.081871
2026-02-05 23:35:17 KST | INFO |   Train Loss: 0.1578 | Test Loss: 0.0010 | Test Acc: 91.96%
2026-02-05 23:35:17 KST | INFO |   🏆 New best accuracy: 91.96%
2026-02-05 23:35:17 KST | INFO | 
2026-02-05 23:35:17 KST | INFO | Epoch 58/200 | LR: 0.081262
2026-02-05 23:35:29 KST | INFO |   Train Loss: 0.1586 | Test Loss: 0.0013 | Test Acc: 89.82%
2026-02-05 23:35:29 KST | INFO |   No improvement (1/30)
2026-02-05 23:35:29 KST | INFO | 
2026-02-05 23:35:29 KST | INFO | Epoch 59/200 | LR: 0.080646
2026-02-05 23:35:40 KST | INFO |   Train Loss: 0.1538 | Test Loss: 0.0010 | Test Acc: 92.24%
2026-02-05 23:35:40 KST | INFO |   🏆 New best accuracy: 92.24%
2026-02-05 23:35:40 KST | INFO | 
2026-02-05 23:35:40 KST | INFO | Epoch 60/200 | LR: 0.080021
2026-02-05 23:35:51 KST | INFO |   Train Loss: 0.1556 | Test Loss: 0.0011 | Test Acc: 90.70%
2026-02-05 23:35:51 KST | INFO |   No improvement (1/30)
2026-02-05 23:35:51 KST | INFO | 
2026-02-05 23:35:51 KST | INFO | Epoch 61/200 | LR: 0.079389
2026-02-05 23:36:03 KST | INFO |   Train Loss: 0.1569 | Test Loss: 0.0010 | Test Acc: 91.90%
2026-02-05 23:36:03 KST | INFO |   No improvement (2/30)
2026-02-05 23:36:03 KST | INFO | 
2026-02-05 23:36:03 KST | INFO | Epoch 62/200 | LR: 0.078750
2026-02-05 23:36:14 KST | INFO |   Train Loss: 0.1496 | Test Loss: 0.0011 | Test Acc: 91.68%
2026-02-05 23:36:14 KST | INFO |   No improvement (3/30)
2026-02-05 23:36:14 KST | INFO | 
2026-02-05 23:36:14 KST | INFO | Epoch 63/200 | LR: 0.078104
2026-02-05 23:36:26 KST | INFO |   Train Loss: 0.1467 | Test Loss: 0.0014 | Test Acc: 88.92%
2026-02-05 23:36:26 KST | INFO |   No improvement (4/30)
2026-02-05 23:36:26 KST | INFO | 
2026-02-05 23:36:26 KST | INFO | Epoch 64/200 | LR: 0.077451
2026-02-05 23:36:37 KST | INFO |   Train Loss: 0.1468 | Test Loss: 0.0012 | Test Acc: 90.66%
2026-02-05 23:36:37 KST | INFO |   No improvement (5/30)
2026-02-05 23:36:37 KST | INFO | 
2026-02-05 23:36:37 KST | INFO | Epoch 65/200 | LR: 0.076792
2026-02-05 23:36:48 KST | INFO |   Train Loss: 0.1407 | Test Loss: 0.0011 | Test Acc: 91.48%
2026-02-05 23:36:48 KST | INFO |   No improvement (6/30)
2026-02-05 23:36:48 KST | INFO | 
2026-02-05 23:36:48 KST | INFO | Epoch 66/200 | LR: 0.076125
2026-02-05 23:36:59 KST | INFO |   Train Loss: 0.1459 | Test Loss: 0.0010 | Test Acc: 91.34%
2026-02-05 23:36:59 KST | INFO |   No improvement (7/30)
2026-02-05 23:36:59 KST | INFO | 
2026-02-05 23:36:59 KST | INFO | Epoch 67/200 | LR: 0.075452
2026-02-05 23:37:11 KST | INFO |   Train Loss: 0.1369 | Test Loss: 0.0011 | Test Acc: 91.24%
2026-02-05 23:37:11 KST | INFO |   No improvement (8/30)
2026-02-05 23:37:11 KST | INFO | 
2026-02-05 23:37:11 KST | INFO | Epoch 68/200 | LR: 0.074773
2026-02-05 23:37:22 KST | INFO |   Train Loss: 0.1389 | Test Loss: 0.0011 | Test Acc: 91.54%
2026-02-05 23:37:22 KST | INFO |   No improvement (9/30)
2026-02-05 23:37:22 KST | INFO | 
2026-02-05 23:37:22 KST | INFO | Epoch 69/200 | LR: 0.074088
2026-02-05 23:37:33 KST | INFO |   Train Loss: 0.1398 | Test Loss: 0.0010 | Test Acc: 92.28%
2026-02-05 23:37:33 KST | INFO |   🏆 New best accuracy: 92.28%
2026-02-05 23:37:33 KST | INFO | 
2026-02-05 23:37:33 KST | INFO | Epoch 70/200 | LR: 0.073397
2026-02-05 23:37:45 KST | INFO |   Train Loss: 0.1335 | Test Loss: 0.0012 | Test Acc: 91.60%
2026-02-05 23:37:45 KST | INFO |   No improvement (1/30)
2026-02-05 23:37:45 KST | INFO | 
2026-02-05 23:37:45 KST | INFO | Epoch 71/200 | LR: 0.072700
2026-02-05 23:37:56 KST | INFO |   Train Loss: 0.1316 | Test Loss: 0.0010 | Test Acc: 91.68%
2026-02-05 23:37:56 KST | INFO |   No improvement (2/30)
2026-02-05 23:37:56 KST | INFO | 
2026-02-05 23:37:56 KST | INFO | Epoch 72/200 | LR: 0.071997
2026-02-05 23:38:07 KST | INFO |   Train Loss: 0.1285 | Test Loss: 0.0012 | Test Acc: 90.56%
2026-02-05 23:38:07 KST | INFO |   No improvement (3/30)
2026-02-05 23:38:07 KST | INFO | 
2026-02-05 23:38:07 KST | INFO | Epoch 73/200 | LR: 0.071289
2026-02-05 23:38:19 KST | INFO |   Train Loss: 0.1330 | Test Loss: 0.0009 | Test Acc: 92.24%
2026-02-05 23:38:19 KST | INFO |   No improvement (4/30)
2026-02-05 23:38:19 KST | INFO | 
2026-02-05 23:38:19 KST | INFO | Epoch 74/200 | LR: 0.070576
2026-02-05 23:38:30 KST | INFO |   Train Loss: 0.1298 | Test Loss: 0.0010 | Test Acc: 91.72%
2026-02-05 23:38:30 KST | INFO |   No improvement (5/30)
2026-02-05 23:38:30 KST | INFO | 
2026-02-05 23:38:30 KST | INFO | Epoch 75/200 | LR: 0.069858
2026-02-05 23:38:41 KST | INFO |   Train Loss: 0.1249 | Test Loss: 0.0011 | Test Acc: 91.66%
2026-02-05 23:38:41 KST | INFO |   No improvement (6/30)
2026-02-05 23:38:41 KST | INFO | 
2026-02-05 23:38:41 KST | INFO | Epoch 76/200 | LR: 0.069134
2026-02-05 23:38:53 KST | INFO |   Train Loss: 0.1267 | Test Loss: 0.0012 | Test Acc: 91.04%
2026-02-05 23:38:53 KST | INFO |   No improvement (7/30)
2026-02-05 23:38:53 KST | INFO | 
2026-02-05 23:38:53 KST | INFO | Epoch 77/200 | LR: 0.068407
2026-02-05 23:39:04 KST | INFO |   Train Loss: 0.1224 | Test Loss: 0.0012 | Test Acc: 90.86%
2026-02-05 23:39:04 KST | INFO |   No improvement (8/30)
2026-02-05 23:39:04 KST | INFO | 
2026-02-05 23:39:04 KST | INFO | Epoch 78/200 | LR: 0.067674
2026-02-05 23:39:15 KST | INFO |   Train Loss: 0.1199 | Test Loss: 0.0012 | Test Acc: 90.90%
2026-02-05 23:39:15 KST | INFO |   No improvement (9/30)
2026-02-05 23:39:15 KST | INFO | 
2026-02-05 23:39:15 KST | INFO | Epoch 79/200 | LR: 0.066937
2026-02-05 23:39:27 KST | INFO |   Train Loss: 0.1186 | Test Loss: 0.0013 | Test Acc: 90.78%
2026-02-05 23:39:27 KST | INFO |   No improvement (10/30)
2026-02-05 23:39:27 KST | INFO | 
2026-02-05 23:39:27 KST | INFO | Epoch 80/200 | LR: 0.066196
2026-02-05 23:39:38 KST | INFO |   Train Loss: 0.1200 | Test Loss: 0.0011 | Test Acc: 91.10%
2026-02-05 23:39:38 KST | INFO |   No improvement (11/30)
2026-02-05 23:39:38 KST | INFO | 
2026-02-05 23:39:38 KST | INFO | Epoch 81/200 | LR: 0.065451
2026-02-05 23:39:49 KST | INFO |   Train Loss: 0.1183 | Test Loss: 0.0010 | Test Acc: 91.86%
2026-02-05 23:39:49 KST | INFO |   No improvement (12/30)
2026-02-05 23:39:49 KST | INFO | 
2026-02-05 23:39:49 KST | INFO | Epoch 82/200 | LR: 0.064702
2026-02-05 23:40:01 KST | INFO |   Train Loss: 0.1152 | Test Loss: 0.0010 | Test Acc: 92.52%
2026-02-05 23:40:01 KST | INFO |   🏆 New best accuracy: 92.52%
2026-02-05 23:40:01 KST | INFO | 
2026-02-05 23:40:01 KST | INFO | Epoch 83/200 | LR: 0.063950
2026-02-05 23:40:12 KST | INFO |   Train Loss: 0.1133 | Test Loss: 0.0011 | Test Acc: 91.48%
2026-02-05 23:40:12 KST | INFO |   No improvement (1/30)
2026-02-05 23:40:12 KST | INFO | 
2026-02-05 23:40:12 KST | INFO | Epoch 84/200 | LR: 0.063194
2026-02-05 23:40:23 KST | INFO |   Train Loss: 0.1132 | Test Loss: 0.0010 | Test Acc: 92.32%
2026-02-05 23:40:23 KST | INFO |   No improvement (2/30)
2026-02-05 23:40:23 KST | INFO | 
2026-02-05 23:40:23 KST | INFO | Epoch 85/200 | LR: 0.062435
2026-02-05 23:40:35 KST | INFO |   Train Loss: 0.1131 | Test Loss: 0.0010 | Test Acc: 92.02%
2026-02-05 23:40:35 KST | INFO |   No improvement (3/30)
2026-02-05 23:40:35 KST | INFO | 
2026-02-05 23:40:35 KST | INFO | Epoch 86/200 | LR: 0.061673
2026-02-05 23:40:46 KST | INFO |   Train Loss: 0.1109 | Test Loss: 0.0011 | Test Acc: 91.86%
2026-02-05 23:40:46 KST | INFO |   No improvement (4/30)
2026-02-05 23:40:46 KST | INFO | 
2026-02-05 23:40:46 KST | INFO | Epoch 87/200 | LR: 0.060908
2026-02-05 23:40:58 KST | INFO |   Train Loss: 0.1078 | Test Loss: 0.0011 | Test Acc: 91.38%
2026-02-05 23:40:58 KST | INFO |   No improvement (5/30)
2026-02-05 23:40:58 KST | INFO | 
2026-02-05 23:40:58 KST | INFO | Epoch 88/200 | LR: 0.060140
2026-02-05 23:41:09 KST | INFO |   Train Loss: 0.1045 | Test Loss: 0.0012 | Test Acc: 91.28%
2026-02-05 23:41:09 KST | INFO |   No improvement (6/30)
2026-02-05 23:41:09 KST | INFO | 
2026-02-05 23:41:09 KST | INFO | Epoch 89/200 | LR: 0.059369
2026-02-05 23:41:21 KST | INFO |   Train Loss: 0.1035 | Test Loss: 0.0012 | Test Acc: 91.08%
2026-02-05 23:41:21 KST | INFO |   No improvement (7/30)
2026-02-05 23:41:21 KST | INFO | 
2026-02-05 23:41:21 KST | INFO | Epoch 90/200 | LR: 0.058597
2026-02-05 23:41:32 KST | INFO |   Train Loss: 0.1007 | Test Loss: 0.0010 | Test Acc: 92.22%
2026-02-05 23:41:32 KST | INFO |   No improvement (8/30)
2026-02-05 23:41:32 KST | INFO | 
2026-02-05 23:41:32 KST | INFO | Epoch 91/200 | LR: 0.057822
2026-02-05 23:41:44 KST | INFO |   Train Loss: 0.1016 | Test Loss: 0.0012 | Test Acc: 91.40%
2026-02-05 23:41:44 KST | INFO |   No improvement (9/30)
2026-02-05 23:41:44 KST | INFO | 
2026-02-05 23:41:44 KST | INFO | Epoch 92/200 | LR: 0.057045
2026-02-05 23:41:55 KST | INFO |   Train Loss: 0.0992 | Test Loss: 0.0010 | Test Acc: 92.94%
2026-02-05 23:41:55 KST | INFO |   🏆 New best accuracy: 92.94%
2026-02-05 23:41:55 KST | INFO | 
2026-02-05 23:41:55 KST | INFO | Epoch 93/200 | LR: 0.056267
2026-02-05 23:42:06 KST | INFO |   Train Loss: 0.0951 | Test Loss: 0.0011 | Test Acc: 92.72%
2026-02-05 23:42:06 KST | INFO |   No improvement (1/30)
2026-02-05 23:42:06 KST | INFO | 
2026-02-05 23:42:06 KST | INFO | Epoch 94/200 | LR: 0.055487
2026-02-05 23:42:18 KST | INFO |   Train Loss: 0.0959 | Test Loss: 0.0010 | Test Acc: 92.70%
2026-02-05 23:42:18 KST | INFO |   No improvement (2/30)
2026-02-05 23:42:18 KST | INFO | 
2026-02-05 23:42:18 KST | INFO | Epoch 95/200 | LR: 0.054706
2026-02-05 23:42:29 KST | INFO |   Train Loss: 0.0934 | Test Loss: 0.0008 | Test Acc: 93.70%
2026-02-05 23:42:29 KST | INFO |   🏆 New best accuracy: 93.70%
2026-02-05 23:42:29 KST | INFO | 
2026-02-05 23:42:29 KST | INFO | Epoch 96/200 | LR: 0.053923
2026-02-05 23:42:40 KST | INFO |   Train Loss: 0.0879 | Test Loss: 0.0012 | Test Acc: 91.58%
2026-02-05 23:42:40 KST | INFO |   No improvement (1/30)
2026-02-05 23:42:40 KST | INFO | 
2026-02-05 23:42:40 KST | INFO | Epoch 97/200 | LR: 0.053140
2026-02-05 23:42:52 KST | INFO |   Train Loss: 0.0872 | Test Loss: 0.0013 | Test Acc: 90.62%
2026-02-05 23:42:52 KST | INFO |   No improvement (2/30)
2026-02-05 23:42:52 KST | INFO | 
2026-02-05 23:42:52 KST | INFO | Epoch 98/200 | LR: 0.052356
2026-02-05 23:43:03 KST | INFO |   Train Loss: 0.0910 | Test Loss: 0.0009 | Test Acc: 93.18%
2026-02-05 23:43:03 KST | INFO |   No improvement (3/30)
2026-02-05 23:43:03 KST | INFO | 
2026-02-05 23:43:03 KST | INFO | Epoch 99/200 | LR: 0.051571
2026-02-05 23:43:14 KST | INFO |   Train Loss: 0.0870 | Test Loss: 0.0009 | Test Acc: 93.08%
2026-02-05 23:43:14 KST | INFO |   No improvement (4/30)
2026-02-05 23:43:14 KST | INFO | 
2026-02-05 23:43:14 KST | INFO | Epoch 100/200 | LR: 0.050786
2026-02-05 23:43:26 KST | INFO |   Train Loss: 0.0867 | Test Loss: 0.0011 | Test Acc: 92.08%
2026-02-05 23:43:26 KST | INFO |   No improvement (5/30)
2026-02-05 23:43:26 KST | INFO | 
2026-02-05 23:43:26 KST | INFO | Epoch 101/200 | LR: 0.050001
2026-02-05 23:43:37 KST | INFO |   Train Loss: 0.0820 | Test Loss: 0.0010 | Test Acc: 92.88%
2026-02-05 23:43:37 KST | INFO |   No improvement (6/30)
2026-02-05 23:43:37 KST | INFO | 
2026-02-05 23:43:37 KST | INFO | Epoch 102/200 | LR: 0.049215
2026-02-05 23:43:48 KST | INFO |   Train Loss: 0.0841 | Test Loss: 0.0009 | Test Acc: 93.18%
2026-02-05 23:43:48 KST | INFO |   No improvement (7/30)
2026-02-05 23:43:48 KST | INFO | 
2026-02-05 23:43:48 KST | INFO | Epoch 103/200 | LR: 0.048430
2026-02-05 23:44:00 KST | INFO |   Train Loss: 0.0826 | Test Loss: 0.0011 | Test Acc: 92.50%
2026-02-05 23:44:00 KST | INFO |   No improvement (8/30)
2026-02-05 23:44:00 KST | INFO | 
2026-02-05 23:44:00 KST | INFO | Epoch 104/200 | LR: 0.047645
2026-02-05 23:44:11 KST | INFO |   Train Loss: 0.0781 | Test Loss: 0.0009 | Test Acc: 93.56%
2026-02-05 23:44:11 KST | INFO |   No improvement (9/30)
2026-02-05 23:44:11 KST | INFO | 
2026-02-05 23:44:11 KST | INFO | Epoch 105/200 | LR: 0.046861
2026-02-05 23:44:22 KST | INFO |   Train Loss: 0.0809 | Test Loss: 0.0010 | Test Acc: 91.78%
2026-02-05 23:44:22 KST | INFO |   No improvement (10/30)
2026-02-05 23:44:22 KST | INFO | 
2026-02-05 23:44:22 KST | INFO | Epoch 106/200 | LR: 0.046078
2026-02-05 23:44:33 KST | INFO |   Train Loss: 0.0738 | Test Loss: 0.0011 | Test Acc: 92.52%
2026-02-05 23:44:33 KST | INFO |   No improvement (11/30)
2026-02-05 23:44:33 KST | INFO | 
2026-02-05 23:44:33 KST | INFO | Epoch 107/200 | LR: 0.045295
2026-02-05 23:44:45 KST | INFO |   Train Loss: 0.0767 | Test Loss: 0.0010 | Test Acc: 92.92%
2026-02-05 23:44:45 KST | INFO |   No improvement (12/30)
2026-02-05 23:44:45 KST | INFO | 
2026-02-05 23:44:45 KST | INFO | Epoch 108/200 | LR: 0.044514
2026-02-05 23:44:56 KST | INFO |   Train Loss: 0.0712 | Test Loss: 0.0010 | Test Acc: 92.92%
2026-02-05 23:44:56 KST | INFO |   No improvement (13/30)
2026-02-05 23:44:56 KST | INFO | 
2026-02-05 23:44:56 KST | INFO | Epoch 109/200 | LR: 0.043734
2026-02-05 23:45:07 KST | INFO |   Train Loss: 0.0727 | Test Loss: 0.0010 | Test Acc: 93.22%
2026-02-05 23:45:07 KST | INFO |   No improvement (14/30)
2026-02-05 23:45:07 KST | INFO | 
2026-02-05 23:45:07 KST | INFO | Epoch 110/200 | LR: 0.042956
2026-02-05 23:45:19 KST | INFO |   Train Loss: 0.0714 | Test Loss: 0.0011 | Test Acc: 92.42%
2026-02-05 23:45:19 KST | INFO |   No improvement (15/30)
2026-02-05 23:45:19 KST | INFO | 
2026-02-05 23:45:19 KST | INFO | Epoch 111/200 | LR: 0.042179
2026-02-05 23:45:30 KST | INFO |   Train Loss: 0.0646 | Test Loss: 0.0012 | Test Acc: 92.12%
2026-02-05 23:45:30 KST | INFO |   No improvement (16/30)
2026-02-05 23:45:30 KST | INFO | 
2026-02-05 23:45:30 KST | INFO | Epoch 112/200 | LR: 0.041404
2026-02-05 23:45:42 KST | INFO |   Train Loss: 0.0678 | Test Loss: 0.0010 | Test Acc: 92.90%
2026-02-05 23:45:42 KST | INFO |   No improvement (17/30)
2026-02-05 23:45:42 KST | INFO | 
2026-02-05 23:45:42 KST | INFO | Epoch 113/200 | LR: 0.040632
2026-02-05 23:45:53 KST | INFO |   Train Loss: 0.0668 | Test Loss: 0.0011 | Test Acc: 92.74%
2026-02-05 23:45:53 KST | INFO |   No improvement (18/30)
2026-02-05 23:45:53 KST | INFO | 
2026-02-05 23:45:53 KST | INFO | Epoch 114/200 | LR: 0.039861
2026-02-05 23:46:05 KST | INFO |   Train Loss: 0.0629 | Test Loss: 0.0011 | Test Acc: 92.38%
2026-02-05 23:46:05 KST | INFO |   No improvement (19/30)
2026-02-05 23:46:05 KST | INFO | 
2026-02-05 23:46:05 KST | INFO | Epoch 115/200 | LR: 0.039093
2026-02-05 23:46:16 KST | INFO |   Train Loss: 0.0626 | Test Loss: 0.0010 | Test Acc: 93.32%
2026-02-05 23:46:16 KST | INFO |   No improvement (20/30)
2026-02-05 23:46:16 KST | INFO | 
2026-02-05 23:46:16 KST | INFO | Epoch 116/200 | LR: 0.038328
2026-02-05 23:46:27 KST | INFO |   Train Loss: 0.0576 | Test Loss: 0.0011 | Test Acc: 92.80%
2026-02-05 23:46:27 KST | INFO |   No improvement (21/30)
2026-02-05 23:46:27 KST | INFO | 
2026-02-05 23:46:27 KST | INFO | Epoch 117/200 | LR: 0.037566
2026-02-05 23:46:39 KST | INFO |   Train Loss: 0.0606 | Test Loss: 0.0010 | Test Acc: 93.34%
2026-02-05 23:46:39 KST | INFO |   No improvement (22/30)
2026-02-05 23:46:39 KST | INFO | 
2026-02-05 23:46:39 KST | INFO | Epoch 118/200 | LR: 0.036807
2026-02-05 23:46:50 KST | INFO |   Train Loss: 0.0578 | Test Loss: 0.0011 | Test Acc: 92.66%
2026-02-05 23:46:50 KST | INFO |   No improvement (23/30)
2026-02-05 23:46:50 KST | INFO | 
2026-02-05 23:46:50 KST | INFO | Epoch 119/200 | LR: 0.036051
2026-02-05 23:47:01 KST | INFO |   Train Loss: 0.0578 | Test Loss: 0.0014 | Test Acc: 91.06%
2026-02-05 23:47:01 KST | INFO |   No improvement (24/30)
2026-02-05 23:47:01 KST | INFO | 
2026-02-05 23:47:01 KST | INFO | Epoch 120/200 | LR: 0.035299
2026-02-05 23:47:13 KST | INFO |   Train Loss: 0.0550 | Test Loss: 0.0011 | Test Acc: 92.42%
2026-02-05 23:47:13 KST | INFO |   No improvement (25/30)
2026-02-05 23:47:13 KST | INFO | 
2026-02-05 23:47:13 KST | INFO | Epoch 121/200 | LR: 0.034550
2026-02-05 23:47:24 KST | INFO |   Train Loss: 0.0538 | Test Loss: 0.0012 | Test Acc: 92.52%
2026-02-05 23:47:24 KST | INFO |   No improvement (26/30)
2026-02-05 23:47:24 KST | INFO | 
2026-02-05 23:47:24 KST | INFO | Epoch 122/200 | LR: 0.033805
2026-02-05 23:47:35 KST | INFO |   Train Loss: 0.0517 | Test Loss: 0.0010 | Test Acc: 93.70%
2026-02-05 23:47:35 KST | INFO |   No improvement (27/30)
2026-02-05 23:47:35 KST | INFO | 
2026-02-05 23:47:35 KST | INFO | Epoch 123/200 | LR: 0.033064
2026-02-05 23:47:46 KST | INFO |   Train Loss: 0.0502 | Test Loss: 0.0011 | Test Acc: 93.28%
2026-02-05 23:47:46 KST | INFO |   No improvement (28/30)
2026-02-05 23:47:46 KST | INFO | 
2026-02-05 23:47:46 KST | INFO | Epoch 124/200 | LR: 0.032327
2026-02-05 23:47:58 KST | INFO |   Train Loss: 0.0497 | Test Loss: 0.0011 | Test Acc: 93.24%
2026-02-05 23:47:58 KST | INFO |   No improvement (29/30)
2026-02-05 23:47:58 KST | INFO | 
2026-02-05 23:47:58 KST | INFO | Epoch 125/200 | LR: 0.031594
2026-02-05 23:48:09 KST | INFO |   Train Loss: 0.0467 | Test Loss: 0.0010 | Test Acc: 93.54%
2026-02-05 23:48:09 KST | INFO |   No improvement (30/30)
2026-02-05 23:48:09 KST | INFO | 
2026-02-05 23:48:09 KST | INFO | Early stopping after 30 epochs without improvement
2026-02-05 23:48:09 KST | INFO | 
2026-02-05 23:48:09 KST | INFO | ================================================================================
2026-02-05 23:48:09 KST | INFO | TRAINING COMPLETE
2026-02-05 23:48:09 KST | INFO | ================================================================================
2026-02-05 23:48:09 KST | INFO | Best accuracy:  93.70% (Epoch 95)
2026-02-05 23:48:09 KST | INFO | Final accuracy: 93.54%
2026-02-05 23:48:09 KST | INFO | ================================================================================
2026-02-05 23:48:09 KST | INFO | 
2026-02-05 23:48:09 KST | INFO | Notifying nodes of completion...
2026-02-05 23:48:10 KST | INFO | ✓ Nodes notified
2026-02-05 23:48:10 KST | INFO | 
2026-02-05 23:48:10 KST | INFO | Closing connections...
2026-02-05 23:48:10 KST | INFO | ✓ Cleanup complete
2026-02-05 23:48:10 KST | INFO | 
2026-02-05 23:48:10 KST | INFO | Full log: logs/TL++_base_20260205_232354.log
2026-02-05 23:48:10 KST | INFO | ================================================================================
