2026-02-05 21:55:31 KST | INFO | ================================================================================
2026-02-05 21:55:31 KST | INFO | TL++ Orchestrator
2026-02-05 21:55:31 KST | INFO | ================================================================================
2026-02-05 21:55:31 KST | INFO | Log file: logs/TL++_base_20260205_215531.log
2026-02-05 21:55:31 KST | INFO | 
2026-02-05 21:55:31 KST | INFO | --------------------------------------------------------------------------------
2026-02-05 21:55:31 KST | INFO | CONFIGURATION
2026-02-05 21:55:31 KST | INFO | --------------------------------------------------------------------------------
2026-02-05 21:55:31 KST | INFO | Secure mode:      False
2026-02-05 21:55:31 KST | INFO | Nodes:            5
2026-02-05 21:55:31 KST | INFO | Cut layer:        2
2026-02-05 21:55:31 KST | INFO | Batch size:       128
2026-02-05 21:55:31 KST | INFO | Learning rate:    0.1
2026-02-05 21:55:31 KST | INFO | 
2026-02-05 21:55:31 KST | INFO | Computation device: cuda
2026-02-05 21:55:31 KST | INFO | Secure mode: DISABLED
2026-02-05 21:55:31 KST | INFO | 
2026-02-05 21:55:31 KST | INFO | --------------------------------------------------------------------------------
2026-02-05 21:55:31 KST | INFO | NETWORK SETUP
2026-02-05 21:55:31 KST | INFO | --------------------------------------------------------------------------------
2026-02-05 21:55:31 KST | INFO | ✓ Orchestrator listening on 127.0.0.1:8080
2026-02-05 21:55:31 KST | INFO | Waiting for 5 node(s)...
2026-02-05 21:55:35 KST | INFO |   ✓ Node 1/5 connected
2026-02-05 21:55:36 KST | INFO |   ✓ Node 2/5 connected
2026-02-05 21:55:37 KST | INFO |   ✓ Node 3/5 connected
2026-02-05 21:55:38 KST | INFO |   ✓ Node 4/5 connected
2026-02-05 21:55:39 KST | INFO |   ✓ Node 5/5 connected
2026-02-05 21:55:39 KST | INFO | ✓ All 5 node(s) connected
2026-02-05 21:55:39 KST | INFO | 
2026-02-05 21:55:39 KST | INFO | --------------------------------------------------------------------------------
2026-02-05 21:55:39 KST | INFO | MODEL INITIALIZATION
2026-02-05 21:55:39 KST | INFO | --------------------------------------------------------------------------------
2026-02-05 21:55:39 KST | INFO | Node-side parameters: 260,160
2026-02-05 21:55:39 KST | INFO | 
2026-02-05 21:55:39 KST | INFO | --------------------------------------------------------------------------------
2026-02-05 21:55:39 KST | INFO | BROADCASTING CONFIGURATION
2026-02-05 21:55:39 KST | INFO | --------------------------------------------------------------------------------
2026-02-05 21:55:39 KST | INFO | ✓ Configuration broadcast to all nodes
2026-02-05 21:55:40 KST | INFO | 
2026-02-05 21:55:40 KST | INFO | Total parameters:     3,245,637
2026-02-05 21:55:40 KST | INFO | Trainable parameters: 3,245,637
2026-02-05 21:55:40 KST | INFO | 
2026-02-05 21:55:40 KST | INFO | --------------------------------------------------------------------------------
2026-02-05 21:55:40 KST | INFO | DATA LOADING
2026-02-05 21:55:40 KST | INFO | --------------------------------------------------------------------------------
2026-02-05 21:56:06 KST | INFO | ✓ Dataset information collected:
2026-02-05 21:56:06 KST | INFO |     Node 1: 5,000 samples
2026-02-05 21:56:06 KST | INFO |     Node 2: 5,000 samples
2026-02-05 21:56:06 KST | INFO |     Node 3: 5,000 samples
2026-02-05 21:56:06 KST | INFO |     Node 4: 5,000 samples
2026-02-05 21:56:06 KST | INFO |     Node 5: 5,000 samples
2026-02-05 21:56:06 KST | INFO |   Total training samples: 25,000
2026-02-05 21:56:06 KST | INFO | 
2026-02-05 21:56:10 KST | INFO | ✓ Test dataset loaded: 5,000 samples
2026-02-05 21:56:10 KST | INFO | 
2026-02-05 21:56:10 KST | INFO | ✓ Batch scheduler: 196 batches/epoch
2026-02-05 21:56:10 KST | INFO | 
2026-02-05 21:56:10 KST | INFO | --------------------------------------------------------------------------------
2026-02-05 21:56:10 KST | INFO | OPTIMIZATION SETUP
2026-02-05 21:56:10 KST | INFO | --------------------------------------------------------------------------------
2026-02-05 21:56:10 KST | INFO | ✓ Optimizer: SGD (lr=0.1, momentum=0.9)
2026-02-05 21:56:10 KST | INFO | ✓ Scheduler: cosine
2026-02-05 21:56:10 KST | INFO | ✓ Gradient clipping: 1.0
2026-02-05 21:56:10 KST | INFO | 
2026-02-05 21:56:10 KST | INFO | ================================================================================
2026-02-05 21:56:10 KST | INFO | Setup complete - Ready for training
2026-02-05 21:56:10 KST | INFO | ================================================================================
2026-02-05 21:56:10 KST | INFO | 
2026-02-05 21:56:10 KST | INFO | --------------------------------------------------------------------------------
2026-02-05 21:56:10 KST | INFO | TRAINING
2026-02-05 21:56:10 KST | INFO | --------------------------------------------------------------------------------
2026-02-05 21:56:10 KST | INFO | 
2026-02-05 21:56:10 KST | INFO | Epoch 1/200 | LR: 0.100000
2026-02-05 21:56:23 KST | INFO |   Train Loss: 1.1999 | Test Loss: 0.0037 | Test Acc: 62.86%
2026-02-05 21:56:23 KST | INFO |   🏆 New best accuracy: 62.86%
2026-02-05 21:56:23 KST | INFO | 
2026-02-05 21:56:23 KST | INFO | Epoch 2/200 | LR: 0.099994
2026-02-05 21:56:34 KST | INFO |   Train Loss: 0.9277 | Test Loss: 0.0031 | Test Acc: 69.18%
2026-02-05 21:56:34 KST | INFO |   🏆 New best accuracy: 69.18%
2026-02-05 21:56:34 KST | INFO | 
2026-02-05 21:56:34 KST | INFO | Epoch 3/200 | LR: 0.099975
2026-02-05 21:56:46 KST | INFO |   Train Loss: 0.7705 | Test Loss: 0.0026 | Test Acc: 73.88%
2026-02-05 21:56:46 KST | INFO |   🏆 New best accuracy: 73.88%
2026-02-05 21:56:46 KST | INFO | 
2026-02-05 21:56:46 KST | INFO | Epoch 4/200 | LR: 0.099944
2026-02-05 21:56:57 KST | INFO |   Train Loss: 0.6575 | Test Loss: 0.0027 | Test Acc: 73.62%
2026-02-05 21:56:57 KST | INFO |   No improvement (1/30)
2026-02-05 21:56:57 KST | INFO | 
2026-02-05 21:56:57 KST | INFO | Epoch 5/200 | LR: 0.099901
2026-02-05 21:57:08 KST | INFO |   Train Loss: 0.5740 | Test Loss: 0.0020 | Test Acc: 82.12%
2026-02-05 21:57:08 KST | INFO |   🏆 New best accuracy: 82.12%
2026-02-05 21:57:08 KST | INFO | 
2026-02-05 21:57:08 KST | INFO | Epoch 6/200 | LR: 0.099846
2026-02-05 21:57:20 KST | INFO |   Train Loss: 0.5185 | Test Loss: 0.0019 | Test Acc: 82.46%
2026-02-05 21:57:20 KST | INFO |   🏆 New best accuracy: 82.46%
2026-02-05 21:57:20 KST | INFO | 
2026-02-05 21:57:20 KST | INFO | Epoch 7/200 | LR: 0.099778
2026-02-05 21:57:31 KST | INFO |   Train Loss: 0.4686 | Test Loss: 0.0019 | Test Acc: 82.02%
2026-02-05 21:57:31 KST | INFO |   No improvement (1/30)
2026-02-05 21:57:31 KST | INFO | 
2026-02-05 21:57:31 KST | INFO | Epoch 8/200 | LR: 0.099698
2026-02-05 21:57:42 KST | INFO |   Train Loss: 0.4377 | Test Loss: 0.0017 | Test Acc: 84.74%
2026-02-05 21:57:42 KST | INFO |   🏆 New best accuracy: 84.74%
2026-02-05 21:57:42 KST | INFO | 
2026-02-05 21:57:42 KST | INFO | Epoch 9/200 | LR: 0.099606
2026-02-05 21:57:55 KST | INFO |   Train Loss: 0.4052 | Test Loss: 0.0017 | Test Acc: 84.52%
2026-02-05 21:57:55 KST | INFO |   No improvement (1/30)
2026-02-05 21:57:55 KST | INFO | 
2026-02-05 21:57:55 KST | INFO | Epoch 10/200 | LR: 0.099501
2026-02-05 21:58:06 KST | INFO |   Train Loss: 0.3878 | Test Loss: 0.0016 | Test Acc: 85.58%
2026-02-05 21:58:06 KST | INFO |   🏆 New best accuracy: 85.58%
2026-02-05 21:58:06 KST | INFO | 
2026-02-05 21:58:06 KST | INFO | Epoch 11/200 | LR: 0.099384
2026-02-05 21:58:18 KST | INFO |   Train Loss: 0.3652 | Test Loss: 0.0015 | Test Acc: 87.06%
2026-02-05 21:58:18 KST | INFO |   🏆 New best accuracy: 87.06%
2026-02-05 21:58:18 KST | INFO | 
2026-02-05 21:58:18 KST | INFO | Epoch 12/200 | LR: 0.099255
2026-02-05 21:58:29 KST | INFO |   Train Loss: 0.3460 | Test Loss: 0.0014 | Test Acc: 87.68%
2026-02-05 21:58:29 KST | INFO |   🏆 New best accuracy: 87.68%
2026-02-05 21:58:29 KST | INFO | 
2026-02-05 21:58:29 KST | INFO | Epoch 13/200 | LR: 0.099114
2026-02-05 21:58:41 KST | INFO |   Train Loss: 0.3338 | Test Loss: 0.0014 | Test Acc: 87.48%
2026-02-05 21:58:41 KST | INFO |   No improvement (1/30)
2026-02-05 21:58:41 KST | INFO | 
2026-02-05 21:58:41 KST | INFO | Epoch 14/200 | LR: 0.098961
2026-02-05 21:58:52 KST | INFO |   Train Loss: 0.3259 | Test Loss: 0.0015 | Test Acc: 87.14%
2026-02-05 21:58:52 KST | INFO |   No improvement (2/30)
2026-02-05 21:58:52 KST | INFO | 
2026-02-05 21:58:52 KST | INFO | Epoch 15/200 | LR: 0.098796
2026-02-05 21:59:03 KST | INFO |   Train Loss: 0.3058 | Test Loss: 0.0015 | Test Acc: 87.00%
2026-02-05 21:59:03 KST | INFO |   No improvement (3/30)
2026-02-05 21:59:03 KST | INFO | 
2026-02-05 21:59:03 KST | INFO | Epoch 16/200 | LR: 0.098619
2026-02-05 21:59:15 KST | INFO |   Train Loss: 0.2975 | Test Loss: 0.0015 | Test Acc: 86.96%
2026-02-05 21:59:15 KST | INFO |   No improvement (4/30)
2026-02-05 21:59:15 KST | INFO | 
2026-02-05 21:59:15 KST | INFO | Epoch 17/200 | LR: 0.098429
2026-02-05 21:59:26 KST | INFO |   Train Loss: 0.2880 | Test Loss: 0.0012 | Test Acc: 89.30%
2026-02-05 21:59:26 KST | INFO |   🏆 New best accuracy: 89.30%
2026-02-05 21:59:26 KST | INFO | 
2026-02-05 21:59:26 KST | INFO | Epoch 18/200 | LR: 0.098228
2026-02-05 21:59:37 KST | INFO |   Train Loss: 0.2832 | Test Loss: 0.0014 | Test Acc: 87.28%
2026-02-05 21:59:37 KST | INFO |   No improvement (1/30)
2026-02-05 21:59:37 KST | INFO | 
2026-02-05 21:59:37 KST | INFO | Epoch 19/200 | LR: 0.098015
2026-02-05 21:59:49 KST | INFO |   Train Loss: 0.2764 | Test Loss: 0.0016 | Test Acc: 86.50%
2026-02-05 21:59:49 KST | INFO |   No improvement (2/30)
2026-02-05 21:59:49 KST | INFO | 
2026-02-05 21:59:49 KST | INFO | Epoch 20/200 | LR: 0.097790
2026-02-05 22:00:00 KST | INFO |   Train Loss: 0.2695 | Test Loss: 0.0011 | Test Acc: 89.96%
2026-02-05 22:00:00 KST | INFO |   🏆 New best accuracy: 89.96%
2026-02-05 22:00:00 KST | INFO | 
2026-02-05 22:00:00 KST | INFO | Epoch 21/200 | LR: 0.097553
2026-02-05 22:00:12 KST | INFO |   Train Loss: 0.2594 | Test Loss: 0.0012 | Test Acc: 89.22%
2026-02-05 22:00:12 KST | INFO |   No improvement (1/30)
2026-02-05 22:00:12 KST | INFO | 
2026-02-05 22:00:12 KST | INFO | Epoch 22/200 | LR: 0.097304
2026-02-05 22:00:23 KST | INFO |   Train Loss: 0.2568 | Test Loss: 0.0011 | Test Acc: 89.88%
2026-02-05 22:00:23 KST | INFO |   No improvement (2/30)
2026-02-05 22:00:23 KST | INFO | 
2026-02-05 22:00:23 KST | INFO | Epoch 23/200 | LR: 0.097044
2026-02-05 22:00:34 KST | INFO |   Train Loss: 0.2461 | Test Loss: 0.0011 | Test Acc: 90.04%
2026-02-05 22:00:34 KST | INFO |   🏆 New best accuracy: 90.04%
2026-02-05 22:00:34 KST | INFO | 
2026-02-05 22:00:34 KST | INFO | Epoch 24/200 | LR: 0.096772
2026-02-05 22:00:46 KST | INFO |   Train Loss: 0.2426 | Test Loss: 0.0013 | Test Acc: 88.18%
2026-02-05 22:00:46 KST | INFO |   No improvement (1/30)
2026-02-05 22:00:46 KST | INFO | 
2026-02-05 22:00:46 KST | INFO | Epoch 25/200 | LR: 0.096489
2026-02-05 22:00:57 KST | INFO |   Train Loss: 0.2385 | Test Loss: 0.0015 | Test Acc: 86.94%
2026-02-05 22:00:57 KST | INFO |   No improvement (2/30)
2026-02-05 22:00:57 KST | INFO | 
2026-02-05 22:00:57 KST | INFO | Epoch 26/200 | LR: 0.096194
2026-02-05 22:01:09 KST | INFO |   Train Loss: 0.2345 | Test Loss: 0.0011 | Test Acc: 90.66%
2026-02-05 22:01:09 KST | INFO |   🏆 New best accuracy: 90.66%
2026-02-05 22:01:09 KST | INFO | 
2026-02-05 22:01:09 KST | INFO | Epoch 27/200 | LR: 0.095888
2026-02-05 22:01:20 KST | INFO |   Train Loss: 0.2322 | Test Loss: 0.0013 | Test Acc: 89.20%
2026-02-05 22:01:20 KST | INFO |   No improvement (1/30)
2026-02-05 22:01:20 KST | INFO | 
2026-02-05 22:01:20 KST | INFO | Epoch 28/200 | LR: 0.095570
2026-02-05 22:01:32 KST | INFO |   Train Loss: 0.2243 | Test Loss: 0.0013 | Test Acc: 89.10%
2026-02-05 22:01:32 KST | INFO |   No improvement (2/30)
2026-02-05 22:01:32 KST | INFO | 
2026-02-05 22:01:32 KST | INFO | Epoch 29/200 | LR: 0.095241
2026-02-05 22:01:44 KST | INFO |   Train Loss: 0.2259 | Test Loss: 0.0011 | Test Acc: 89.76%
2026-02-05 22:01:44 KST | INFO |   No improvement (3/30)
2026-02-05 22:01:44 KST | INFO | 
2026-02-05 22:01:44 KST | INFO | Epoch 30/200 | LR: 0.094901
2026-02-05 22:01:55 KST | INFO |   Train Loss: 0.2196 | Test Loss: 0.0012 | Test Acc: 89.86%
2026-02-05 22:01:55 KST | INFO |   No improvement (4/30)
2026-02-05 22:01:55 KST | INFO | 
2026-02-05 22:01:55 KST | INFO | Epoch 31/200 | LR: 0.094550
2026-02-05 22:02:07 KST | INFO |   Train Loss: 0.2118 | Test Loss: 0.0013 | Test Acc: 88.82%
2026-02-05 22:02:07 KST | INFO |   No improvement (5/30)
2026-02-05 22:02:07 KST | INFO | 
2026-02-05 22:02:07 KST | INFO | Epoch 32/200 | LR: 0.094188
2026-02-05 22:02:18 KST | INFO |   Train Loss: 0.2108 | Test Loss: 0.0011 | Test Acc: 90.56%
2026-02-05 22:02:18 KST | INFO |   No improvement (6/30)
2026-02-05 22:02:18 KST | INFO | 
2026-02-05 22:02:18 KST | INFO | Epoch 33/200 | LR: 0.093815
2026-02-05 22:02:30 KST | INFO |   Train Loss: 0.2041 | Test Loss: 0.0012 | Test Acc: 89.18%
2026-02-05 22:02:30 KST | INFO |   No improvement (7/30)
2026-02-05 22:02:30 KST | INFO | 
2026-02-05 22:02:30 KST | INFO | Epoch 34/200 | LR: 0.093432
2026-02-05 22:02:41 KST | INFO |   Train Loss: 0.2100 | Test Loss: 0.0011 | Test Acc: 90.10%
2026-02-05 22:02:41 KST | INFO |   No improvement (8/30)
2026-02-05 22:02:41 KST | INFO | 
2026-02-05 22:02:41 KST | INFO | Epoch 35/200 | LR: 0.093037
2026-02-05 22:02:53 KST | INFO |   Train Loss: 0.2026 | Test Loss: 0.0011 | Test Acc: 90.16%
2026-02-05 22:02:53 KST | INFO |   No improvement (9/30)
2026-02-05 22:02:53 KST | INFO | 
2026-02-05 22:02:53 KST | INFO | Epoch 36/200 | LR: 0.092632
2026-02-05 22:03:04 KST | INFO |   Train Loss: 0.2028 | Test Loss: 0.0011 | Test Acc: 90.36%
2026-02-05 22:03:04 KST | INFO |   No improvement (10/30)
2026-02-05 22:03:04 KST | INFO | 
2026-02-05 22:03:04 KST | INFO | Epoch 37/200 | LR: 0.092216
2026-02-05 22:03:16 KST | INFO |   Train Loss: 0.1972 | Test Loss: 0.0011 | Test Acc: 90.74%
2026-02-05 22:03:16 KST | INFO |   🏆 New best accuracy: 90.74%
2026-02-05 22:03:16 KST | INFO | 
2026-02-05 22:03:16 KST | INFO | Epoch 38/200 | LR: 0.091790
2026-02-05 22:03:27 KST | INFO |   Train Loss: 0.1977 | Test Loss: 0.0013 | Test Acc: 89.34%
2026-02-05 22:03:27 KST | INFO |   No improvement (1/30)
2026-02-05 22:03:27 KST | INFO | 
2026-02-05 22:03:27 KST | INFO | Epoch 39/200 | LR: 0.091354
2026-02-05 22:03:38 KST | INFO |   Train Loss: 0.1944 | Test Loss: 0.0019 | Test Acc: 86.86%
2026-02-05 22:03:38 KST | INFO |   No improvement (2/30)
2026-02-05 22:03:38 KST | INFO | 
2026-02-05 22:03:38 KST | INFO | Epoch 40/200 | LR: 0.090908
2026-02-05 22:03:50 KST | INFO |   Train Loss: 0.1946 | Test Loss: 0.0012 | Test Acc: 90.36%
2026-02-05 22:03:50 KST | INFO |   No improvement (3/30)
2026-02-05 22:03:50 KST | INFO | 
2026-02-05 22:03:50 KST | INFO | Epoch 41/200 | LR: 0.090451
2026-02-05 22:04:01 KST | INFO |   Train Loss: 0.1869 | Test Loss: 0.0012 | Test Acc: 90.00%
2026-02-05 22:04:01 KST | INFO |   No improvement (4/30)
2026-02-05 22:04:01 KST | INFO | 
2026-02-05 22:04:01 KST | INFO | Epoch 42/200 | LR: 0.089984
2026-02-05 22:04:13 KST | INFO |   Train Loss: 0.1858 | Test Loss: 0.0012 | Test Acc: 90.64%
2026-02-05 22:04:13 KST | INFO |   No improvement (5/30)
2026-02-05 22:04:13 KST | INFO | 
2026-02-05 22:04:13 KST | INFO | Epoch 43/200 | LR: 0.089508
2026-02-05 22:04:24 KST | INFO |   Train Loss: 0.1860 | Test Loss: 0.0010 | Test Acc: 91.48%
2026-02-05 22:04:24 KST | INFO |   🏆 New best accuracy: 91.48%
2026-02-05 22:04:24 KST | INFO | 
2026-02-05 22:04:24 KST | INFO | Epoch 44/200 | LR: 0.089022
2026-02-05 22:04:36 KST | INFO |   Train Loss: 0.1803 | Test Loss: 0.0011 | Test Acc: 90.44%
2026-02-05 22:04:36 KST | INFO |   No improvement (1/30)
2026-02-05 22:04:36 KST | INFO | 
2026-02-05 22:04:36 KST | INFO | Epoch 45/200 | LR: 0.088526
2026-02-05 22:04:47 KST | INFO |   Train Loss: 0.1772 | Test Loss: 0.0011 | Test Acc: 90.42%
2026-02-05 22:04:47 KST | INFO |   No improvement (2/30)
2026-02-05 22:04:47 KST | INFO | 
2026-02-05 22:04:47 KST | INFO | Epoch 46/200 | LR: 0.088020
2026-02-05 22:04:59 KST | INFO |   Train Loss: 0.1811 | Test Loss: 0.0011 | Test Acc: 91.20%
2026-02-05 22:04:59 KST | INFO |   No improvement (3/30)
2026-02-05 22:04:59 KST | INFO | 
2026-02-05 22:04:59 KST | INFO | Epoch 47/200 | LR: 0.087506
2026-02-05 22:05:10 KST | INFO |   Train Loss: 0.1781 | Test Loss: 0.0013 | Test Acc: 89.50%
2026-02-05 22:05:10 KST | INFO |   No improvement (4/30)
2026-02-05 22:05:10 KST | INFO | 
2026-02-05 22:05:10 KST | INFO | Epoch 48/200 | LR: 0.086982
2026-02-05 22:05:22 KST | INFO |   Train Loss: 0.1746 | Test Loss: 0.0011 | Test Acc: 90.48%
2026-02-05 22:05:22 KST | INFO |   No improvement (5/30)
2026-02-05 22:05:22 KST | INFO | 
2026-02-05 22:05:22 KST | INFO | Epoch 49/200 | LR: 0.086449
2026-02-05 22:05:33 KST | INFO |   Train Loss: 0.1690 | Test Loss: 0.0012 | Test Acc: 90.86%
2026-02-05 22:05:33 KST | INFO |   No improvement (6/30)
2026-02-05 22:05:33 KST | INFO | 
2026-02-05 22:05:33 KST | INFO | Epoch 50/200 | LR: 0.085906
2026-02-05 22:05:45 KST | INFO |   Train Loss: 0.1685 | Test Loss: 0.0010 | Test Acc: 91.62%
2026-02-05 22:05:45 KST | INFO |   🏆 New best accuracy: 91.62%
2026-02-05 22:05:45 KST | INFO | 
2026-02-05 22:05:45 KST | INFO | Epoch 51/200 | LR: 0.085355
2026-02-05 22:05:56 KST | INFO |   Train Loss: 0.1662 | Test Loss: 0.0009 | Test Acc: 91.74%
2026-02-05 22:05:56 KST | INFO |   🏆 New best accuracy: 91.74%
2026-02-05 22:05:56 KST | INFO | 
2026-02-05 22:05:56 KST | INFO | Epoch 52/200 | LR: 0.084796
2026-02-05 22:06:08 KST | INFO |   Train Loss: 0.1642 | Test Loss: 0.0014 | Test Acc: 88.46%
2026-02-05 22:06:08 KST | INFO |   No improvement (1/30)
2026-02-05 22:06:08 KST | INFO | 
2026-02-05 22:06:08 KST | INFO | Epoch 53/200 | LR: 0.084228
2026-02-05 22:06:19 KST | INFO |   Train Loss: 0.1633 | Test Loss: 0.0013 | Test Acc: 89.48%
2026-02-05 22:06:19 KST | INFO |   No improvement (2/30)
2026-02-05 22:06:19 KST | INFO | 
2026-02-05 22:06:19 KST | INFO | Epoch 54/200 | LR: 0.083651
2026-02-05 22:06:31 KST | INFO |   Train Loss: 0.1647 | Test Loss: 0.0013 | Test Acc: 89.22%
2026-02-05 22:06:31 KST | INFO |   No improvement (3/30)
2026-02-05 22:06:31 KST | INFO | 
2026-02-05 22:06:31 KST | INFO | Epoch 55/200 | LR: 0.083066
2026-02-05 22:06:42 KST | INFO |   Train Loss: 0.1611 | Test Loss: 0.0013 | Test Acc: 89.90%
2026-02-05 22:06:42 KST | INFO |   No improvement (4/30)
2026-02-05 22:06:42 KST | INFO | 
2026-02-05 22:06:42 KST | INFO | Epoch 56/200 | LR: 0.082473
2026-02-05 22:06:53 KST | INFO |   Train Loss: 0.1618 | Test Loss: 0.0015 | Test Acc: 87.76%
2026-02-05 22:06:53 KST | INFO |   No improvement (5/30)
2026-02-05 22:06:53 KST | INFO | 
2026-02-05 22:06:53 KST | INFO | Epoch 57/200 | LR: 0.081871
2026-02-05 22:07:05 KST | INFO |   Train Loss: 0.1545 | Test Loss: 0.0013 | Test Acc: 89.84%
2026-02-05 22:07:05 KST | INFO |   No improvement (6/30)
2026-02-05 22:07:05 KST | INFO | 
2026-02-05 22:07:05 KST | INFO | Epoch 58/200 | LR: 0.081262
2026-02-05 22:07:16 KST | INFO |   Train Loss: 0.1536 | Test Loss: 0.0013 | Test Acc: 89.86%
2026-02-05 22:07:16 KST | INFO |   No improvement (7/30)
2026-02-05 22:07:16 KST | INFO | 
2026-02-05 22:07:16 KST | INFO | Epoch 59/200 | LR: 0.080646
2026-02-05 22:07:28 KST | INFO |   Train Loss: 0.1544 | Test Loss: 0.0012 | Test Acc: 90.70%
2026-02-05 22:07:28 KST | INFO |   No improvement (8/30)
2026-02-05 22:07:28 KST | INFO | 
2026-02-05 22:07:28 KST | INFO | Epoch 60/200 | LR: 0.080021
2026-02-05 22:07:39 KST | INFO |   Train Loss: 0.1514 | Test Loss: 0.0011 | Test Acc: 91.34%
2026-02-05 22:07:39 KST | INFO |   No improvement (9/30)
2026-02-05 22:07:39 KST | INFO | 
2026-02-05 22:07:39 KST | INFO | Epoch 61/200 | LR: 0.079389
2026-02-05 22:07:51 KST | INFO |   Train Loss: 0.1496 | Test Loss: 0.0014 | Test Acc: 89.50%
2026-02-05 22:07:51 KST | INFO |   No improvement (10/30)
2026-02-05 22:07:51 KST | INFO | 
2026-02-05 22:07:51 KST | INFO | Epoch 62/200 | LR: 0.078750
2026-02-05 22:08:02 KST | INFO |   Train Loss: 0.1478 | Test Loss: 0.0010 | Test Acc: 91.32%
2026-02-05 22:08:02 KST | INFO |   No improvement (11/30)
2026-02-05 22:08:02 KST | INFO | 
2026-02-05 22:08:02 KST | INFO | Epoch 63/200 | LR: 0.078104
2026-02-05 22:08:14 KST | INFO |   Train Loss: 0.1437 | Test Loss: 0.0010 | Test Acc: 92.18%
2026-02-05 22:08:14 KST | INFO |   🏆 New best accuracy: 92.18%
2026-02-05 22:08:14 KST | INFO | 
2026-02-05 22:08:14 KST | INFO | Epoch 64/200 | LR: 0.077451
2026-02-05 22:08:25 KST | INFO |   Train Loss: 0.1478 | Test Loss: 0.0011 | Test Acc: 90.74%
2026-02-05 22:08:25 KST | INFO |   No improvement (1/30)
2026-02-05 22:08:25 KST | INFO | 
2026-02-05 22:08:25 KST | INFO | Epoch 65/200 | LR: 0.076792
2026-02-05 22:08:37 KST | INFO |   Train Loss: 0.1473 | Test Loss: 0.0011 | Test Acc: 91.20%
2026-02-05 22:08:37 KST | INFO |   No improvement (2/30)
2026-02-05 22:08:37 KST | INFO | 
2026-02-05 22:08:37 KST | INFO | Epoch 66/200 | LR: 0.076125
2026-02-05 22:08:48 KST | INFO |   Train Loss: 0.1398 | Test Loss: 0.0011 | Test Acc: 91.18%
2026-02-05 22:08:48 KST | INFO |   No improvement (3/30)
2026-02-05 22:08:48 KST | INFO | 
2026-02-05 22:08:48 KST | INFO | Epoch 67/200 | LR: 0.075452
2026-02-05 22:09:00 KST | INFO |   Train Loss: 0.1351 | Test Loss: 0.0015 | Test Acc: 88.90%
2026-02-05 22:09:00 KST | INFO |   No improvement (4/30)
2026-02-05 22:09:00 KST | INFO | 
2026-02-05 22:09:00 KST | INFO | Epoch 68/200 | LR: 0.074773
2026-02-05 22:09:11 KST | INFO |   Train Loss: 0.1464 | Test Loss: 0.0010 | Test Acc: 91.36%
2026-02-05 22:09:11 KST | INFO |   No improvement (5/30)
2026-02-05 22:09:11 KST | INFO | 
2026-02-05 22:09:11 KST | INFO | Epoch 69/200 | LR: 0.074088
2026-02-05 22:09:22 KST | INFO |   Train Loss: 0.1357 | Test Loss: 0.0013 | Test Acc: 90.36%
2026-02-05 22:09:22 KST | INFO |   No improvement (6/30)
2026-02-05 22:09:22 KST | INFO | 
2026-02-05 22:09:22 KST | INFO | Epoch 70/200 | LR: 0.073397
2026-02-05 22:09:34 KST | INFO |   Train Loss: 0.1336 | Test Loss: 0.0010 | Test Acc: 91.56%
2026-02-05 22:09:34 KST | INFO |   No improvement (7/30)
2026-02-05 22:09:34 KST | INFO | 
2026-02-05 22:09:34 KST | INFO | Epoch 71/200 | LR: 0.072700
2026-02-05 22:09:45 KST | INFO |   Train Loss: 0.1324 | Test Loss: 0.0010 | Test Acc: 92.66%
2026-02-05 22:09:45 KST | INFO |   🏆 New best accuracy: 92.66%
2026-02-05 22:09:45 KST | INFO | 
2026-02-05 22:09:45 KST | INFO | Epoch 72/200 | LR: 0.071997
2026-02-05 22:09:57 KST | INFO |   Train Loss: 0.1298 | Test Loss: 0.0014 | Test Acc: 89.68%
2026-02-05 22:09:57 KST | INFO |   No improvement (1/30)
2026-02-05 22:09:57 KST | INFO | 
2026-02-05 22:09:57 KST | INFO | Epoch 73/200 | LR: 0.071289
2026-02-05 22:10:08 KST | INFO |   Train Loss: 0.1311 | Test Loss: 0.0010 | Test Acc: 92.34%
2026-02-05 22:10:08 KST | INFO |   No improvement (2/30)
2026-02-05 22:10:08 KST | INFO | 
2026-02-05 22:10:08 KST | INFO | Epoch 74/200 | LR: 0.070576
2026-02-05 22:10:20 KST | INFO |   Train Loss: 0.1272 | Test Loss: 0.0011 | Test Acc: 91.18%
2026-02-05 22:10:20 KST | INFO |   No improvement (3/30)
2026-02-05 22:10:20 KST | INFO | 
2026-02-05 22:10:20 KST | INFO | Epoch 75/200 | LR: 0.069858
2026-02-05 22:10:31 KST | INFO |   Train Loss: 0.1276 | Test Loss: 0.0013 | Test Acc: 89.68%
2026-02-05 22:10:31 KST | INFO |   No improvement (4/30)
2026-02-05 22:10:31 KST | INFO | 
2026-02-05 22:10:31 KST | INFO | Epoch 76/200 | LR: 0.069134
2026-02-05 22:10:43 KST | INFO |   Train Loss: 0.1218 | Test Loss: 0.0010 | Test Acc: 92.12%
2026-02-05 22:10:43 KST | INFO |   No improvement (5/30)
2026-02-05 22:10:43 KST | INFO | 
2026-02-05 22:10:43 KST | INFO | Epoch 77/200 | LR: 0.068407
2026-02-05 22:10:54 KST | INFO |   Train Loss: 0.1264 | Test Loss: 0.0011 | Test Acc: 91.16%
2026-02-05 22:10:54 KST | INFO |   No improvement (6/30)
2026-02-05 22:10:54 KST | INFO | 
2026-02-05 22:10:54 KST | INFO | Epoch 78/200 | LR: 0.067674
2026-02-05 22:11:05 KST | INFO |   Train Loss: 0.1240 | Test Loss: 0.0013 | Test Acc: 89.88%
2026-02-05 22:11:05 KST | INFO |   No improvement (7/30)
2026-02-05 22:11:05 KST | INFO | 
2026-02-05 22:11:05 KST | INFO | Epoch 79/200 | LR: 0.066937
2026-02-05 22:11:17 KST | INFO |   Train Loss: 0.1206 | Test Loss: 0.0012 | Test Acc: 90.94%
2026-02-05 22:11:17 KST | INFO |   No improvement (8/30)
2026-02-05 22:11:17 KST | INFO | 
2026-02-05 22:11:17 KST | INFO | Epoch 80/200 | LR: 0.066196
2026-02-05 22:11:28 KST | INFO |   Train Loss: 0.1178 | Test Loss: 0.0010 | Test Acc: 92.36%
2026-02-05 22:11:28 KST | INFO |   No improvement (9/30)
2026-02-05 22:11:28 KST | INFO | 
2026-02-05 22:11:28 KST | INFO | Epoch 81/200 | LR: 0.065451
2026-02-05 22:11:39 KST | INFO |   Train Loss: 0.1173 | Test Loss: 0.0010 | Test Acc: 91.82%
2026-02-05 22:11:39 KST | INFO |   No improvement (10/30)
2026-02-05 22:11:39 KST | INFO | 
2026-02-05 22:11:39 KST | INFO | Epoch 82/200 | LR: 0.064702
2026-02-05 22:11:51 KST | INFO |   Train Loss: 0.1094 | Test Loss: 0.0011 | Test Acc: 91.88%
2026-02-05 22:11:51 KST | INFO |   No improvement (11/30)
2026-02-05 22:11:51 KST | INFO | 
2026-02-05 22:11:51 KST | INFO | Epoch 83/200 | LR: 0.063950
2026-02-05 22:12:02 KST | INFO |   Train Loss: 0.1132 | Test Loss: 0.0010 | Test Acc: 92.32%
2026-02-05 22:12:02 KST | INFO |   No improvement (12/30)
2026-02-05 22:12:02 KST | INFO | 
2026-02-05 22:12:02 KST | INFO | Epoch 84/200 | LR: 0.063194
2026-02-05 22:12:14 KST | INFO |   Train Loss: 0.1115 | Test Loss: 0.0011 | Test Acc: 92.14%
2026-02-05 22:12:14 KST | INFO |   No improvement (13/30)
2026-02-05 22:12:14 KST | INFO | 
2026-02-05 22:12:14 KST | INFO | Epoch 85/200 | LR: 0.062435
2026-02-05 22:12:25 KST | INFO |   Train Loss: 0.1143 | Test Loss: 0.0010 | Test Acc: 92.50%
2026-02-05 22:12:25 KST | INFO |   No improvement (14/30)
2026-02-05 22:12:25 KST | INFO | 
2026-02-05 22:12:25 KST | INFO | Epoch 86/200 | LR: 0.061673
2026-02-05 22:12:37 KST | INFO |   Train Loss: 0.1083 | Test Loss: 0.0013 | Test Acc: 91.06%
2026-02-05 22:12:37 KST | INFO |   No improvement (15/30)
2026-02-05 22:12:37 KST | INFO | 
2026-02-05 22:12:37 KST | INFO | Epoch 87/200 | LR: 0.060908
2026-02-05 22:12:48 KST | INFO |   Train Loss: 0.1091 | Test Loss: 0.0009 | Test Acc: 92.98%
2026-02-05 22:12:48 KST | INFO |   🏆 New best accuracy: 92.98%
2026-02-05 22:12:48 KST | INFO | 
2026-02-05 22:12:48 KST | INFO | Epoch 88/200 | LR: 0.060140
2026-02-05 22:13:00 KST | INFO |   Train Loss: 0.1044 | Test Loss: 0.0009 | Test Acc: 92.76%
2026-02-05 22:13:00 KST | INFO |   No improvement (1/30)
2026-02-05 22:13:00 KST | INFO | 
2026-02-05 22:13:00 KST | INFO | Epoch 89/200 | LR: 0.059369
2026-02-05 22:13:11 KST | INFO |   Train Loss: 0.1033 | Test Loss: 0.0010 | Test Acc: 92.12%
2026-02-05 22:13:11 KST | INFO |   No improvement (2/30)
2026-02-05 22:13:11 KST | INFO | 
2026-02-05 22:13:11 KST | INFO | Epoch 90/200 | LR: 0.058597
2026-02-05 22:13:23 KST | INFO |   Train Loss: 0.1016 | Test Loss: 0.0010 | Test Acc: 92.38%
2026-02-05 22:13:23 KST | INFO |   No improvement (3/30)
2026-02-05 22:13:23 KST | INFO | 
2026-02-05 22:13:23 KST | INFO | Epoch 91/200 | LR: 0.057822
2026-02-05 22:13:35 KST | INFO |   Train Loss: 0.0926 | Test Loss: 0.0013 | Test Acc: 90.60%
2026-02-05 22:13:35 KST | INFO |   No improvement (4/30)
2026-02-05 22:13:35 KST | INFO | 
2026-02-05 22:13:35 KST | INFO | Epoch 92/200 | LR: 0.057045
2026-02-05 22:13:46 KST | INFO |   Train Loss: 0.0983 | Test Loss: 0.0010 | Test Acc: 93.34%
2026-02-05 22:13:46 KST | INFO |   🏆 New best accuracy: 93.34%
2026-02-05 22:13:46 KST | INFO | 
2026-02-05 22:13:46 KST | INFO | Epoch 93/200 | LR: 0.056267
2026-02-05 22:13:58 KST | INFO |   Train Loss: 0.0929 | Test Loss: 0.0011 | Test Acc: 91.62%
2026-02-05 22:13:58 KST | INFO |   No improvement (1/30)
2026-02-05 22:13:58 KST | INFO | 
2026-02-05 22:13:58 KST | INFO | Epoch 94/200 | LR: 0.055487
2026-02-05 22:14:09 KST | INFO |   Train Loss: 0.0968 | Test Loss: 0.0011 | Test Acc: 92.20%
2026-02-05 22:14:09 KST | INFO |   No improvement (2/30)
2026-02-05 22:14:09 KST | INFO | 
2026-02-05 22:14:09 KST | INFO | Epoch 95/200 | LR: 0.054706
2026-02-05 22:14:21 KST | INFO |   Train Loss: 0.0979 | Test Loss: 0.0011 | Test Acc: 91.86%
2026-02-05 22:14:21 KST | INFO |   No improvement (3/30)
2026-02-05 22:14:21 KST | INFO | 
2026-02-05 22:14:21 KST | INFO | Epoch 96/200 | LR: 0.053923
2026-02-05 22:14:32 KST | INFO |   Train Loss: 0.0934 | Test Loss: 0.0009 | Test Acc: 92.52%
2026-02-05 22:14:32 KST | INFO |   No improvement (4/30)
2026-02-05 22:14:32 KST | INFO | 
2026-02-05 22:14:32 KST | INFO | Epoch 97/200 | LR: 0.053140
2026-02-05 22:14:44 KST | INFO |   Train Loss: 0.0876 | Test Loss: 0.0012 | Test Acc: 91.88%
2026-02-05 22:14:44 KST | INFO |   No improvement (5/30)
2026-02-05 22:14:44 KST | INFO | 
2026-02-05 22:14:44 KST | INFO | Epoch 98/200 | LR: 0.052356
2026-02-05 22:14:55 KST | INFO |   Train Loss: 0.0894 | Test Loss: 0.0011 | Test Acc: 91.76%
2026-02-05 22:14:55 KST | INFO |   No improvement (6/30)
2026-02-05 22:14:55 KST | INFO | 
2026-02-05 22:14:55 KST | INFO | Epoch 99/200 | LR: 0.051571
2026-02-05 22:15:07 KST | INFO |   Train Loss: 0.0879 | Test Loss: 0.0011 | Test Acc: 92.46%
2026-02-05 22:15:07 KST | INFO |   No improvement (7/30)
2026-02-05 22:15:07 KST | INFO | 
2026-02-05 22:15:07 KST | INFO | Epoch 100/200 | LR: 0.050786
2026-02-05 22:15:18 KST | INFO |   Train Loss: 0.0862 | Test Loss: 0.0012 | Test Acc: 91.76%
2026-02-05 22:15:18 KST | INFO |   No improvement (8/30)
2026-02-05 22:15:18 KST | INFO | 
2026-02-05 22:15:18 KST | INFO | Epoch 101/200 | LR: 0.050001
2026-02-05 22:15:30 KST | INFO |   Train Loss: 0.0861 | Test Loss: 0.0011 | Test Acc: 92.54%
2026-02-05 22:15:30 KST | INFO |   No improvement (9/30)
2026-02-05 22:15:30 KST | INFO | 
2026-02-05 22:15:30 KST | INFO | Epoch 102/200 | LR: 0.049215
2026-02-05 22:15:42 KST | INFO |   Train Loss: 0.0812 | Test Loss: 0.0010 | Test Acc: 92.82%
2026-02-05 22:15:42 KST | INFO |   No improvement (10/30)
2026-02-05 22:15:42 KST | INFO | 
2026-02-05 22:15:42 KST | INFO | Epoch 103/200 | LR: 0.048430
2026-02-05 22:15:53 KST | INFO |   Train Loss: 0.0802 | Test Loss: 0.0009 | Test Acc: 92.64%
2026-02-05 22:15:53 KST | INFO |   No improvement (11/30)
2026-02-05 22:15:53 KST | INFO | 
2026-02-05 22:15:53 KST | INFO | Epoch 104/200 | LR: 0.047645
2026-02-05 22:16:05 KST | INFO |   Train Loss: 0.0835 | Test Loss: 0.0010 | Test Acc: 92.50%
2026-02-05 22:16:05 KST | INFO |   No improvement (12/30)
2026-02-05 22:16:05 KST | INFO | 
2026-02-05 22:16:05 KST | INFO | Epoch 105/200 | LR: 0.046861
2026-02-05 22:16:16 KST | INFO |   Train Loss: 0.0782 | Test Loss: 0.0011 | Test Acc: 92.42%
2026-02-05 22:16:16 KST | INFO |   No improvement (13/30)
2026-02-05 22:16:16 KST | INFO | 
2026-02-05 22:16:16 KST | INFO | Epoch 106/200 | LR: 0.046078
2026-02-05 22:16:28 KST | INFO |   Train Loss: 0.0745 | Test Loss: 0.0009 | Test Acc: 93.36%
2026-02-05 22:16:28 KST | INFO |   🏆 New best accuracy: 93.36%
2026-02-05 22:16:28 KST | INFO | 
2026-02-05 22:16:28 KST | INFO | Epoch 107/200 | LR: 0.045295
2026-02-05 22:16:39 KST | INFO |   Train Loss: 0.0745 | Test Loss: 0.0009 | Test Acc: 92.84%
2026-02-05 22:16:39 KST | INFO |   No improvement (1/30)
2026-02-05 22:16:39 KST | INFO | 
2026-02-05 22:16:39 KST | INFO | Epoch 108/200 | LR: 0.044514
2026-02-05 22:16:51 KST | INFO |   Train Loss: 0.0723 | Test Loss: 0.0009 | Test Acc: 93.40%
2026-02-05 22:16:51 KST | INFO |   🏆 New best accuracy: 93.40%
2026-02-05 22:16:51 KST | INFO | 
2026-02-05 22:16:51 KST | INFO | Epoch 109/200 | LR: 0.043734
2026-02-05 22:17:02 KST | INFO |   Train Loss: 0.0694 | Test Loss: 0.0011 | Test Acc: 92.66%
2026-02-05 22:17:02 KST | INFO |   No improvement (1/30)
2026-02-05 22:17:02 KST | INFO | 
2026-02-05 22:17:02 KST | INFO | Epoch 110/200 | LR: 0.042956
2026-02-05 22:17:14 KST | INFO |   Train Loss: 0.0681 | Test Loss: 0.0011 | Test Acc: 92.80%
2026-02-05 22:17:14 KST | INFO |   No improvement (2/30)
2026-02-05 22:17:14 KST | INFO | 
2026-02-05 22:17:14 KST | INFO | Epoch 111/200 | LR: 0.042179
2026-02-05 22:17:25 KST | INFO |   Train Loss: 0.0655 | Test Loss: 0.0009 | Test Acc: 93.32%
2026-02-05 22:17:25 KST | INFO |   No improvement (3/30)
2026-02-05 22:17:25 KST | INFO | 
2026-02-05 22:17:25 KST | INFO | Epoch 112/200 | LR: 0.041404
2026-02-05 22:17:37 KST | INFO |   Train Loss: 0.0698 | Test Loss: 0.0009 | Test Acc: 93.48%
2026-02-05 22:17:37 KST | INFO |   🏆 New best accuracy: 93.48%
2026-02-05 22:17:37 KST | INFO | 
2026-02-05 22:17:37 KST | INFO | Epoch 113/200 | LR: 0.040632
2026-02-05 22:17:48 KST | INFO |   Train Loss: 0.0650 | Test Loss: 0.0010 | Test Acc: 92.52%
2026-02-05 22:17:48 KST | INFO |   No improvement (1/30)
2026-02-05 22:17:48 KST | INFO | 
2026-02-05 22:17:48 KST | INFO | Epoch 114/200 | LR: 0.039861
2026-02-05 22:18:00 KST | INFO |   Train Loss: 0.0603 | Test Loss: 0.0010 | Test Acc: 93.54%
2026-02-05 22:18:00 KST | INFO |   🏆 New best accuracy: 93.54%
2026-02-05 22:18:00 KST | INFO | 
2026-02-05 22:18:00 KST | INFO | Epoch 115/200 | LR: 0.039093
2026-02-05 22:18:11 KST | INFO |   Train Loss: 0.0613 | Test Loss: 0.0010 | Test Acc: 92.94%
2026-02-05 22:18:11 KST | INFO |   No improvement (1/30)
2026-02-05 22:18:11 KST | INFO | 
2026-02-05 22:18:11 KST | INFO | Epoch 116/200 | LR: 0.038328
2026-02-05 22:18:23 KST | INFO |   Train Loss: 0.0622 | Test Loss: 0.0011 | Test Acc: 92.52%
2026-02-05 22:18:23 KST | INFO |   No improvement (2/30)
2026-02-05 22:18:23 KST | INFO | 
2026-02-05 22:18:23 KST | INFO | Epoch 117/200 | LR: 0.037566
2026-02-05 22:18:34 KST | INFO |   Train Loss: 0.0595 | Test Loss: 0.0010 | Test Acc: 93.12%
2026-02-05 22:18:34 KST | INFO |   No improvement (3/30)
2026-02-05 22:18:34 KST | INFO | 
2026-02-05 22:18:34 KST | INFO | Epoch 118/200 | LR: 0.036807
2026-02-05 22:18:46 KST | INFO |   Train Loss: 0.0569 | Test Loss: 0.0011 | Test Acc: 92.42%
2026-02-05 22:18:46 KST | INFO |   No improvement (4/30)
2026-02-05 22:18:46 KST | INFO | 
2026-02-05 22:18:46 KST | INFO | Epoch 119/200 | LR: 0.036051
2026-02-05 22:18:58 KST | INFO |   Train Loss: 0.0542 | Test Loss: 0.0010 | Test Acc: 93.18%
2026-02-05 22:18:58 KST | INFO |   No improvement (5/30)
2026-02-05 22:18:58 KST | INFO | 
2026-02-05 22:18:58 KST | INFO | Epoch 120/200 | LR: 0.035299
2026-02-05 22:19:09 KST | INFO |   Train Loss: 0.0548 | Test Loss: 0.0010 | Test Acc: 93.02%
2026-02-05 22:19:09 KST | INFO |   No improvement (6/30)
2026-02-05 22:19:09 KST | INFO | 
2026-02-05 22:19:09 KST | INFO | Epoch 121/200 | LR: 0.034550
2026-02-05 22:19:21 KST | INFO |   Train Loss: 0.0544 | Test Loss: 0.0009 | Test Acc: 93.04%
2026-02-05 22:19:21 KST | INFO |   No improvement (7/30)
2026-02-05 22:19:21 KST | INFO | 
2026-02-05 22:19:21 KST | INFO | Epoch 122/200 | LR: 0.033805
2026-02-05 22:19:32 KST | INFO |   Train Loss: 0.0497 | Test Loss: 0.0010 | Test Acc: 93.22%
2026-02-05 22:19:32 KST | INFO |   No improvement (8/30)
2026-02-05 22:19:32 KST | INFO | 
2026-02-05 22:19:32 KST | INFO | Epoch 123/200 | LR: 0.033064
2026-02-05 22:19:44 KST | INFO |   Train Loss: 0.0490 | Test Loss: 0.0009 | Test Acc: 93.48%
2026-02-05 22:19:44 KST | INFO |   No improvement (9/30)
2026-02-05 22:19:44 KST | INFO | 
2026-02-05 22:19:44 KST | INFO | Epoch 124/200 | LR: 0.032327
2026-02-05 22:19:55 KST | INFO |   Train Loss: 0.0479 | Test Loss: 0.0010 | Test Acc: 93.42%
2026-02-05 22:19:55 KST | INFO |   No improvement (10/30)
2026-02-05 22:19:55 KST | INFO | 
2026-02-05 22:19:55 KST | INFO | Epoch 125/200 | LR: 0.031594
2026-02-05 22:20:06 KST | INFO |   Train Loss: 0.0481 | Test Loss: 0.0011 | Test Acc: 92.88%
2026-02-05 22:20:06 KST | INFO |   No improvement (11/30)
2026-02-05 22:20:06 KST | INFO | 
2026-02-05 22:20:06 KST | INFO | Epoch 126/200 | LR: 0.030867
2026-02-05 22:20:18 KST | INFO |   Train Loss: 0.0458 | Test Loss: 0.0009 | Test Acc: 93.66%
2026-02-05 22:20:18 KST | INFO |   🏆 New best accuracy: 93.66%
2026-02-05 22:20:18 KST | INFO | 
2026-02-05 22:20:18 KST | INFO | Epoch 127/200 | LR: 0.030143
2026-02-05 22:20:29 KST | INFO |   Train Loss: 0.0438 | Test Loss: 0.0011 | Test Acc: 92.88%
2026-02-05 22:20:29 KST | INFO |   No improvement (1/30)
2026-02-05 22:20:29 KST | INFO | 
2026-02-05 22:20:29 KST | INFO | Epoch 128/200 | LR: 0.029425
2026-02-05 22:20:41 KST | INFO |   Train Loss: 0.0440 | Test Loss: 0.0010 | Test Acc: 93.16%
2026-02-05 22:20:41 KST | INFO |   No improvement (2/30)
2026-02-05 22:20:41 KST | INFO | 
2026-02-05 22:20:41 KST | INFO | Epoch 129/200 | LR: 0.028712
2026-02-05 22:20:52 KST | INFO |   Train Loss: 0.0411 | Test Loss: 0.0010 | Test Acc: 93.26%
2026-02-05 22:20:52 KST | INFO |   No improvement (3/30)
2026-02-05 22:20:52 KST | INFO | 
2026-02-05 22:20:52 KST | INFO | Epoch 130/200 | LR: 0.028004
2026-02-05 22:21:04 KST | INFO |   Train Loss: 0.0392 | Test Loss: 0.0010 | Test Acc: 93.18%
2026-02-05 22:21:04 KST | INFO |   No improvement (4/30)
2026-02-05 22:21:04 KST | INFO | 
2026-02-05 22:21:04 KST | INFO | Epoch 131/200 | LR: 0.027301
2026-02-05 22:21:15 KST | INFO |   Train Loss: 0.0402 | Test Loss: 0.0011 | Test Acc: 93.04%
2026-02-05 22:21:15 KST | INFO |   No improvement (5/30)
2026-02-05 22:21:15 KST | INFO | 
2026-02-05 22:21:15 KST | INFO | Epoch 132/200 | LR: 0.026604
2026-02-05 22:21:27 KST | INFO |   Train Loss: 0.0354 | Test Loss: 0.0010 | Test Acc: 93.40%
2026-02-05 22:21:27 KST | INFO |   No improvement (6/30)
2026-02-05 22:21:27 KST | INFO | 
2026-02-05 22:21:27 KST | INFO | Epoch 133/200 | LR: 0.025913
2026-02-05 22:21:38 KST | INFO |   Train Loss: 0.0360 | Test Loss: 0.0010 | Test Acc: 93.26%
2026-02-05 22:21:38 KST | INFO |   No improvement (7/30)
2026-02-05 22:21:38 KST | INFO | 
2026-02-05 22:21:38 KST | INFO | Epoch 134/200 | LR: 0.025228
2026-02-05 22:21:50 KST | INFO |   Train Loss: 0.0364 | Test Loss: 0.0010 | Test Acc: 93.58%
2026-02-05 22:21:50 KST | INFO |   No improvement (8/30)
2026-02-05 22:21:50 KST | INFO | 
2026-02-05 22:21:50 KST | INFO | Epoch 135/200 | LR: 0.024549
2026-02-05 22:22:01 KST | INFO |   Train Loss: 0.0359 | Test Loss: 0.0009 | Test Acc: 94.14%
2026-02-05 22:22:01 KST | INFO |   🏆 New best accuracy: 94.14%
2026-02-05 22:22:01 KST | INFO | 
2026-02-05 22:22:01 KST | INFO | Epoch 136/200 | LR: 0.023876
2026-02-05 22:22:13 KST | INFO |   Train Loss: 0.0319 | Test Loss: 0.0011 | Test Acc: 93.08%
2026-02-05 22:22:13 KST | INFO |   No improvement (1/30)
2026-02-05 22:22:13 KST | INFO | 
2026-02-05 22:22:13 KST | INFO | Epoch 137/200 | LR: 0.023209
2026-02-05 22:22:24 KST | INFO |   Train Loss: 0.0337 | Test Loss: 0.0009 | Test Acc: 93.46%
2026-02-05 22:22:24 KST | INFO |   No improvement (2/30)
2026-02-05 22:22:24 KST | INFO | 
2026-02-05 22:22:24 KST | INFO | Epoch 138/200 | LR: 0.022550
2026-02-05 22:22:36 KST | INFO |   Train Loss: 0.0336 | Test Loss: 0.0010 | Test Acc: 93.34%
2026-02-05 22:22:36 KST | INFO |   No improvement (3/30)
2026-02-05 22:22:36 KST | INFO | 
2026-02-05 22:22:36 KST | INFO | Epoch 139/200 | LR: 0.021897
2026-02-05 22:22:47 KST | INFO |   Train Loss: 0.0295 | Test Loss: 0.0010 | Test Acc: 93.60%
2026-02-05 22:22:47 KST | INFO |   No improvement (4/30)
2026-02-05 22:22:47 KST | INFO | 
2026-02-05 22:22:47 KST | INFO | Epoch 140/200 | LR: 0.021251
2026-02-05 22:22:59 KST | INFO |   Train Loss: 0.0272 | Test Loss: 0.0010 | Test Acc: 93.50%
2026-02-05 22:22:59 KST | INFO |   No improvement (5/30)
2026-02-05 22:22:59 KST | INFO | 
2026-02-05 22:22:59 KST | INFO | Epoch 141/200 | LR: 0.020612
2026-02-05 22:23:10 KST | INFO |   Train Loss: 0.0285 | Test Loss: 0.0010 | Test Acc: 93.58%
2026-02-05 22:23:10 KST | INFO |   No improvement (6/30)
2026-02-05 22:23:10 KST | INFO | 
2026-02-05 22:23:10 KST | INFO | Epoch 142/200 | LR: 0.019980
2026-02-05 22:23:22 KST | INFO |   Train Loss: 0.0281 | Test Loss: 0.0009 | Test Acc: 94.06%
2026-02-05 22:23:22 KST | INFO |   No improvement (7/30)
2026-02-05 22:23:22 KST | INFO | 
2026-02-05 22:23:22 KST | INFO | Epoch 143/200 | LR: 0.019355
2026-02-05 22:23:33 KST | INFO |   Train Loss: 0.0274 | Test Loss: 0.0009 | Test Acc: 93.92%
2026-02-05 22:23:33 KST | INFO |   No improvement (8/30)
2026-02-05 22:23:33 KST | INFO | 
2026-02-05 22:23:33 KST | INFO | Epoch 144/200 | LR: 0.018739
2026-02-05 22:23:45 KST | INFO |   Train Loss: 0.0247 | Test Loss: 0.0010 | Test Acc: 93.90%
2026-02-05 22:23:45 KST | INFO |   No improvement (9/30)
2026-02-05 22:23:45 KST | INFO | 
2026-02-05 22:23:45 KST | INFO | Epoch 145/200 | LR: 0.018130
2026-02-05 22:23:56 KST | INFO |   Train Loss: 0.0241 | Test Loss: 0.0010 | Test Acc: 93.34%
2026-02-05 22:23:56 KST | INFO |   No improvement (10/30)
2026-02-05 22:23:56 KST | INFO | 
2026-02-05 22:23:56 KST | INFO | Epoch 146/200 | LR: 0.017528
2026-02-05 22:24:08 KST | INFO |   Train Loss: 0.0235 | Test Loss: 0.0010 | Test Acc: 93.74%
2026-02-05 22:24:08 KST | INFO |   No improvement (11/30)
2026-02-05 22:24:08 KST | INFO | 
2026-02-05 22:24:08 KST | INFO | Epoch 147/200 | LR: 0.016935
2026-02-05 22:24:19 KST | INFO |   Train Loss: 0.0219 | Test Loss: 0.0010 | Test Acc: 93.58%
2026-02-05 22:24:19 KST | INFO |   No improvement (12/30)
2026-02-05 22:24:19 KST | INFO | 
2026-02-05 22:24:19 KST | INFO | Epoch 148/200 | LR: 0.016350
2026-02-05 22:24:31 KST | INFO |   Train Loss: 0.0226 | Test Loss: 0.0010 | Test Acc: 94.04%
2026-02-05 22:24:31 KST | INFO |   No improvement (13/30)
2026-02-05 22:24:31 KST | INFO | 
2026-02-05 22:24:31 KST | INFO | Epoch 149/200 | LR: 0.015773
2026-02-05 22:24:42 KST | INFO |   Train Loss: 0.0204 | Test Loss: 0.0010 | Test Acc: 93.76%
2026-02-05 22:24:42 KST | INFO |   No improvement (14/30)
2026-02-05 22:24:42 KST | INFO | 
2026-02-05 22:24:42 KST | INFO | Epoch 150/200 | LR: 0.015205
2026-02-05 22:24:54 KST | INFO |   Train Loss: 0.0203 | Test Loss: 0.0010 | Test Acc: 93.58%
2026-02-05 22:24:54 KST | INFO |   No improvement (15/30)
2026-02-05 22:24:54 KST | INFO | 
2026-02-05 22:24:54 KST | INFO | Epoch 151/200 | LR: 0.014646
2026-02-05 22:25:05 KST | INFO |   Train Loss: 0.0198 | Test Loss: 0.0010 | Test Acc: 93.58%
2026-02-05 22:25:05 KST | INFO |   No improvement (16/30)
2026-02-05 22:25:05 KST | INFO | 
2026-02-05 22:25:05 KST | INFO | Epoch 152/200 | LR: 0.014095
2026-02-05 22:25:17 KST | INFO |   Train Loss: 0.0188 | Test Loss: 0.0010 | Test Acc: 94.12%
2026-02-05 22:25:17 KST | INFO |   No improvement (17/30)
2026-02-05 22:25:17 KST | INFO | 
2026-02-05 22:25:17 KST | INFO | Epoch 153/200 | LR: 0.013552
2026-02-05 22:25:28 KST | INFO |   Train Loss: 0.0180 | Test Loss: 0.0010 | Test Acc: 93.34%
2026-02-05 22:25:28 KST | INFO |   No improvement (18/30)
2026-02-05 22:25:28 KST | INFO | 
2026-02-05 22:25:28 KST | INFO | Epoch 154/200 | LR: 0.013019
2026-02-05 22:25:40 KST | INFO |   Train Loss: 0.0186 | Test Loss: 0.0010 | Test Acc: 94.04%
2026-02-05 22:25:40 KST | INFO |   No improvement (19/30)
2026-02-05 22:25:40 KST | INFO | 
2026-02-05 22:25:40 KST | INFO | Epoch 155/200 | LR: 0.012495
2026-02-05 22:25:52 KST | INFO |   Train Loss: 0.0169 | Test Loss: 0.0010 | Test Acc: 93.66%
2026-02-05 22:25:52 KST | INFO |   No improvement (20/30)
2026-02-05 22:25:52 KST | INFO | 
2026-02-05 22:25:52 KST | INFO | Epoch 156/200 | LR: 0.011981
2026-02-05 22:26:03 KST | INFO |   Train Loss: 0.0161 | Test Loss: 0.0010 | Test Acc: 93.86%
2026-02-05 22:26:03 KST | INFO |   No improvement (21/30)
2026-02-05 22:26:03 KST | INFO | 
2026-02-05 22:26:03 KST | INFO | Epoch 157/200 | LR: 0.011475
2026-02-05 22:26:15 KST | INFO |   Train Loss: 0.0163 | Test Loss: 0.0010 | Test Acc: 93.92%
2026-02-05 22:26:15 KST | INFO |   No improvement (22/30)
2026-02-05 22:26:15 KST | INFO | 
2026-02-05 22:26:15 KST | INFO | Epoch 158/200 | LR: 0.010979
2026-02-05 22:26:26 KST | INFO |   Train Loss: 0.0144 | Test Loss: 0.0010 | Test Acc: 93.88%
2026-02-05 22:26:26 KST | INFO |   No improvement (23/30)
2026-02-05 22:26:26 KST | INFO | 
2026-02-05 22:26:26 KST | INFO | Epoch 159/200 | LR: 0.010493
2026-02-05 22:26:38 KST | INFO |   Train Loss: 0.0145 | Test Loss: 0.0010 | Test Acc: 94.10%
2026-02-05 22:26:38 KST | INFO |   No improvement (24/30)
2026-02-05 22:26:38 KST | INFO | 
2026-02-05 22:26:38 KST | INFO | Epoch 160/200 | LR: 0.010017
2026-02-05 22:26:49 KST | INFO |   Train Loss: 0.0169 | Test Loss: 0.0010 | Test Acc: 94.06%
2026-02-05 22:26:49 KST | INFO |   No improvement (25/30)
2026-02-05 22:26:49 KST | INFO | 
2026-02-05 22:26:49 KST | INFO | Epoch 161/200 | LR: 0.009550
2026-02-05 22:27:01 KST | INFO |   Train Loss: 0.0140 | Test Loss: 0.0010 | Test Acc: 93.58%
2026-02-05 22:27:01 KST | INFO |   No improvement (26/30)
2026-02-05 22:27:01 KST | INFO | 
2026-02-05 22:27:01 KST | INFO | Epoch 162/200 | LR: 0.009093
2026-02-05 22:27:12 KST | INFO |   Train Loss: 0.0132 | Test Loss: 0.0010 | Test Acc: 94.12%
2026-02-05 22:27:12 KST | INFO |   No improvement (27/30)
2026-02-05 22:27:12 KST | INFO | 
2026-02-05 22:27:12 KST | INFO | Epoch 163/200 | LR: 0.008647
2026-02-05 22:27:24 KST | INFO |   Train Loss: 0.0124 | Test Loss: 0.0010 | Test Acc: 94.02%
2026-02-05 22:27:24 KST | INFO |   No improvement (28/30)
2026-02-05 22:27:24 KST | INFO | 
2026-02-05 22:27:24 KST | INFO | Epoch 164/200 | LR: 0.008211
2026-02-05 22:27:36 KST | INFO |   Train Loss: 0.0121 | Test Loss: 0.0010 | Test Acc: 94.18%
2026-02-05 22:27:36 KST | INFO |   🏆 New best accuracy: 94.18%
2026-02-05 22:27:36 KST | INFO | 
2026-02-05 22:27:36 KST | INFO | Epoch 165/200 | LR: 0.007785
2026-02-05 22:27:47 KST | INFO |   Train Loss: 0.0127 | Test Loss: 0.0010 | Test Acc: 94.36%
2026-02-05 22:27:47 KST | INFO |   🏆 New best accuracy: 94.36%
2026-02-05 22:27:47 KST | INFO | 
2026-02-05 22:27:47 KST | INFO | Epoch 166/200 | LR: 0.007369
2026-02-05 22:27:59 KST | INFO |   Train Loss: 0.0124 | Test Loss: 0.0010 | Test Acc: 93.96%
2026-02-05 22:27:59 KST | INFO |   No improvement (1/30)
2026-02-05 22:27:59 KST | INFO | 
2026-02-05 22:27:59 KST | INFO | Epoch 167/200 | LR: 0.006964
2026-02-05 22:28:10 KST | INFO |   Train Loss: 0.0106 | Test Loss: 0.0010 | Test Acc: 93.98%
2026-02-05 22:28:10 KST | INFO |   No improvement (2/30)
2026-02-05 22:28:10 KST | INFO | 
2026-02-05 22:28:10 KST | INFO | Epoch 168/200 | LR: 0.006569
2026-02-05 22:28:21 KST | INFO |   Train Loss: 0.0114 | Test Loss: 0.0010 | Test Acc: 94.10%
2026-02-05 22:28:21 KST | INFO |   No improvement (3/30)
2026-02-05 22:28:21 KST | INFO | 
2026-02-05 22:28:21 KST | INFO | Epoch 169/200 | LR: 0.006186
2026-02-05 22:28:33 KST | INFO |   Train Loss: 0.0112 | Test Loss: 0.0011 | Test Acc: 93.40%
2026-02-05 22:28:33 KST | INFO |   No improvement (4/30)
2026-02-05 22:28:33 KST | INFO | 
2026-02-05 22:28:33 KST | INFO | Epoch 170/200 | LR: 0.005813
2026-02-05 22:28:44 KST | INFO |   Train Loss: 0.0114 | Test Loss: 0.0010 | Test Acc: 93.90%
2026-02-05 22:28:44 KST | INFO |   No improvement (5/30)
2026-02-05 22:28:44 KST | INFO | 
2026-02-05 22:28:44 KST | INFO | Epoch 171/200 | LR: 0.005451
2026-02-05 22:28:56 KST | INFO |   Train Loss: 0.0112 | Test Loss: 0.0010 | Test Acc: 94.06%
2026-02-05 22:28:56 KST | INFO |   No improvement (6/30)
2026-02-05 22:28:56 KST | INFO | 
2026-02-05 22:28:56 KST | INFO | Epoch 172/200 | LR: 0.005100
2026-02-05 22:29:07 KST | INFO |   Train Loss: 0.0095 | Test Loss: 0.0010 | Test Acc: 94.04%
2026-02-05 22:29:07 KST | INFO |   No improvement (7/30)
2026-02-05 22:29:07 KST | INFO | 
2026-02-05 22:29:07 KST | INFO | Epoch 173/200 | LR: 0.004760
2026-02-05 22:29:19 KST | INFO |   Train Loss: 0.0106 | Test Loss: 0.0009 | Test Acc: 94.06%
2026-02-05 22:29:19 KST | INFO |   No improvement (8/30)
2026-02-05 22:29:19 KST | INFO | 
2026-02-05 22:29:19 KST | INFO | Epoch 174/200 | LR: 0.004431
2026-02-05 22:29:30 KST | INFO |   Train Loss: 0.0096 | Test Loss: 0.0010 | Test Acc: 94.08%
2026-02-05 22:29:30 KST | INFO |   No improvement (9/30)
2026-02-05 22:29:30 KST | INFO | 
2026-02-05 22:29:30 KST | INFO | Epoch 175/200 | LR: 0.004113
2026-02-05 22:29:42 KST | INFO |   Train Loss: 0.0087 | Test Loss: 0.0010 | Test Acc: 94.04%
2026-02-05 22:29:42 KST | INFO |   No improvement (10/30)
2026-02-05 22:29:42 KST | INFO | 
2026-02-05 22:29:42 KST | INFO | Epoch 176/200 | LR: 0.003807
2026-02-05 22:29:53 KST | INFO |   Train Loss: 0.0094 | Test Loss: 0.0009 | Test Acc: 94.32%
2026-02-05 22:29:53 KST | INFO |   No improvement (11/30)
2026-02-05 22:29:53 KST | INFO | 
2026-02-05 22:29:53 KST | INFO | Epoch 177/200 | LR: 0.003512
2026-02-05 22:30:05 KST | INFO |   Train Loss: 0.0092 | Test Loss: 0.0010 | Test Acc: 94.20%
2026-02-05 22:30:05 KST | INFO |   No improvement (12/30)
2026-02-05 22:30:05 KST | INFO | 
2026-02-05 22:30:05 KST | INFO | Epoch 178/200 | LR: 0.003229
2026-02-05 22:30:16 KST | INFO |   Train Loss: 0.0090 | Test Loss: 0.0010 | Test Acc: 93.94%
2026-02-05 22:30:16 KST | INFO |   No improvement (13/30)
2026-02-05 22:30:16 KST | INFO | 
2026-02-05 22:30:16 KST | INFO | Epoch 179/200 | LR: 0.002957
2026-02-05 22:30:28 KST | INFO |   Train Loss: 0.0091 | Test Loss: 0.0010 | Test Acc: 93.82%
2026-02-05 22:30:28 KST | INFO |   No improvement (14/30)
2026-02-05 22:30:28 KST | INFO | 
2026-02-05 22:30:28 KST | INFO | Epoch 180/200 | LR: 0.002697
2026-02-05 22:30:39 KST | INFO |   Train Loss: 0.0082 | Test Loss: 0.0009 | Test Acc: 94.32%
2026-02-05 22:30:39 KST | INFO |   No improvement (15/30)
2026-02-05 22:30:39 KST | INFO | 
2026-02-05 22:30:39 KST | INFO | Epoch 181/200 | LR: 0.002448
2026-02-05 22:30:51 KST | INFO |   Train Loss: 0.0085 | Test Loss: 0.0010 | Test Acc: 94.26%
2026-02-05 22:30:51 KST | INFO |   No improvement (16/30)
2026-02-05 22:30:51 KST | INFO | 
2026-02-05 22:30:51 KST | INFO | Epoch 182/200 | LR: 0.002211
2026-02-05 22:31:02 KST | INFO |   Train Loss: 0.0078 | Test Loss: 0.0010 | Test Acc: 94.20%
2026-02-05 22:31:02 KST | INFO |   No improvement (17/30)
2026-02-05 22:31:02 KST | INFO | 
2026-02-05 22:31:02 KST | INFO | Epoch 183/200 | LR: 0.001986
2026-02-05 22:31:14 KST | INFO |   Train Loss: 0.0078 | Test Loss: 0.0010 | Test Acc: 94.14%
2026-02-05 22:31:14 KST | INFO |   No improvement (18/30)
2026-02-05 22:31:14 KST | INFO | 
2026-02-05 22:31:14 KST | INFO | Epoch 184/200 | LR: 0.001773
2026-02-05 22:31:25 KST | INFO |   Train Loss: 0.0083 | Test Loss: 0.0010 | Test Acc: 94.08%
2026-02-05 22:31:25 KST | INFO |   No improvement (19/30)
2026-02-05 22:31:25 KST | INFO | 
2026-02-05 22:31:25 KST | INFO | Epoch 185/200 | LR: 0.001572
2026-02-05 22:31:36 KST | INFO |   Train Loss: 0.0076 | Test Loss: 0.0010 | Test Acc: 94.02%
2026-02-05 22:31:36 KST | INFO |   No improvement (20/30)
2026-02-05 22:31:36 KST | INFO | 
2026-02-05 22:31:36 KST | INFO | Epoch 186/200 | LR: 0.001382
2026-02-05 22:31:48 KST | INFO |   Train Loss: 0.0075 | Test Loss: 0.0010 | Test Acc: 94.26%
2026-02-05 22:31:48 KST | INFO |   No improvement (21/30)
2026-02-05 22:31:48 KST | INFO | 
2026-02-05 22:31:48 KST | INFO | Epoch 187/200 | LR: 0.001205
2026-02-05 22:31:59 KST | INFO |   Train Loss: 0.0076 | Test Loss: 0.0010 | Test Acc: 93.88%
2026-02-05 22:31:59 KST | INFO |   No improvement (22/30)
2026-02-05 22:31:59 KST | INFO | 
2026-02-05 22:31:59 KST | INFO | Epoch 188/200 | LR: 0.001040
2026-02-05 22:32:11 KST | INFO |   Train Loss: 0.0073 | Test Loss: 0.0010 | Test Acc: 94.14%
2026-02-05 22:32:11 KST | INFO |   No improvement (23/30)
2026-02-05 22:32:11 KST | INFO | 
2026-02-05 22:32:11 KST | INFO | Epoch 189/200 | LR: 0.000887
2026-02-05 22:32:22 KST | INFO |   Train Loss: 0.0071 | Test Loss: 0.0010 | Test Acc: 94.22%
2026-02-05 22:32:22 KST | INFO |   No improvement (24/30)
2026-02-05 22:32:22 KST | INFO | 
2026-02-05 22:32:22 KST | INFO | Epoch 190/200 | LR: 0.000746
2026-02-05 22:32:34 KST | INFO |   Train Loss: 0.0076 | Test Loss: 0.0010 | Test Acc: 94.16%
2026-02-05 22:32:34 KST | INFO |   No improvement (25/30)
2026-02-05 22:32:34 KST | INFO | 
2026-02-05 22:32:34 KST | INFO | Epoch 191/200 | LR: 0.000617
2026-02-05 22:32:45 KST | INFO |   Train Loss: 0.0074 | Test Loss: 0.0010 | Test Acc: 93.98%
2026-02-05 22:32:45 KST | INFO |   No improvement (26/30)
2026-02-05 22:32:45 KST | INFO | 
2026-02-05 22:32:45 KST | INFO | Epoch 192/200 | LR: 0.000500
2026-02-05 22:32:57 KST | INFO |   Train Loss: 0.0068 | Test Loss: 0.0010 | Test Acc: 94.12%
2026-02-05 22:32:57 KST | INFO |   No improvement (27/30)
2026-02-05 22:32:57 KST | INFO | 
2026-02-05 22:32:57 KST | INFO | Epoch 193/200 | LR: 0.000395
2026-02-05 22:33:08 KST | INFO |   Train Loss: 0.0072 | Test Loss: 0.0010 | Test Acc: 94.18%
2026-02-05 22:33:08 KST | INFO |   No improvement (28/30)
2026-02-05 22:33:08 KST | INFO | 
2026-02-05 22:33:08 KST | INFO | Epoch 194/200 | LR: 0.000303
2026-02-05 22:33:20 KST | INFO |   Train Loss: 0.0070 | Test Loss: 0.0010 | Test Acc: 94.22%
2026-02-05 22:33:20 KST | INFO |   No improvement (29/30)
2026-02-05 22:33:20 KST | INFO | 
2026-02-05 22:33:20 KST | INFO | Epoch 195/200 | LR: 0.000223
2026-02-05 22:33:32 KST | INFO |   Train Loss: 0.0068 | Test Loss: 0.0010 | Test Acc: 94.12%
2026-02-05 22:33:32 KST | INFO |   No improvement (30/30)
2026-02-05 22:33:32 KST | INFO | 
2026-02-05 22:33:32 KST | INFO | Early stopping after 30 epochs without improvement
2026-02-05 22:33:32 KST | INFO | 
2026-02-05 22:33:32 KST | INFO | ================================================================================
2026-02-05 22:33:32 KST | INFO | TRAINING COMPLETE
2026-02-05 22:33:32 KST | INFO | ================================================================================
2026-02-05 22:33:32 KST | INFO | Best accuracy:  94.36% (Epoch 165)
2026-02-05 22:33:32 KST | INFO | Final accuracy: 94.12%
2026-02-05 22:33:32 KST | INFO | ================================================================================
2026-02-05 22:33:32 KST | INFO | 
2026-02-05 22:33:32 KST | INFO | Notifying nodes of completion...
2026-02-05 22:33:33 KST | INFO | ✓ Nodes notified
2026-02-05 22:33:33 KST | INFO | 
2026-02-05 22:33:33 KST | INFO | Closing connections...
2026-02-05 22:33:33 KST | INFO | ✓ Cleanup complete
2026-02-05 22:33:33 KST | INFO | 
2026-02-05 22:33:33 KST | INFO | Full log: logs/TL++_base_20260205_215531.log
2026-02-05 22:33:33 KST | INFO | ================================================================================
