2026-04-25 02:56:40 KST | INFO | ================================================================================
2026-04-25 02:56:40 KST | INFO | TL++ Orchestrator
2026-04-25 02:56:40 KST | INFO | ================================================================================
2026-04-25 02:56:40 KST | INFO | Log file: logs/TL++_secure_20260425_025640.log
2026-04-25 02:56:40 KST | INFO | 
2026-04-25 02:56:40 KST | INFO | --------------------------------------------------------------------------------
2026-04-25 02:56:40 KST | INFO | CONFIGURATION
2026-04-25 02:56:40 KST | INFO | --------------------------------------------------------------------------------
2026-04-25 02:56:40 KST | INFO | Secure mode:      True
2026-04-25 02:56:40 KST | INFO | Helper endpoint:  127.0.0.1:8082
2026-04-25 02:56:40 KST | INFO | Activation noise: 2.0%
2026-04-25 02:56:40 KST | INFO | Gradient noise:   10.0%
2026-04-25 02:56:40 KST | INFO | Nodes:            10
2026-04-25 02:56:40 KST | INFO | Cut layer:        3
2026-04-25 02:56:40 KST | INFO | Batch size:       128
2026-04-25 02:56:40 KST | INFO | Learning rate:    0.1
2026-04-25 02:56:40 KST | INFO | 
2026-04-25 02:56:40 KST | INFO | Computation device: cuda
2026-04-25 02:56:40 KST | INFO | Secure mode: ✓ ENABLED
2026-04-25 02:56:40 KST | INFO | 
2026-04-25 02:56:40 KST | INFO | --------------------------------------------------------------------------------
2026-04-25 02:56:40 KST | INFO | NETWORK SETUP
2026-04-25 02:56:40 KST | INFO | --------------------------------------------------------------------------------
2026-04-25 02:56:40 KST | INFO | ✓ Orchestrator listening on 127.0.0.1:8080
2026-04-25 02:56:40 KST | INFO | ✓ Helper node on 127.0.0.1:8082
2026-04-25 02:56:40 KST | INFO | 
2026-04-25 02:56:40 KST | INFO | Waiting for helper node...
2026-04-25 02:56:42 KST | INFO | ✓ Helper node connected
2026-04-25 02:56:42 KST | INFO | ✓ Noise config sent to helper (activation: 2.0%, gradient: 10.0%)
2026-04-25 02:56:42 KST | INFO | 
2026-04-25 02:56:42 KST | INFO | Waiting for 10 node(s)...
2026-04-25 02:56:46 KST | INFO |   ✓ Node 1/10 connected
2026-04-25 02:56:47 KST | INFO |   ✓ Node 2/10 connected
2026-04-25 02:56:48 KST | INFO |   ✓ Node 3/10 connected
2026-04-25 02:56:49 KST | INFO |   ✓ Node 4/10 connected
2026-04-25 02:56:50 KST | INFO |   ✓ Node 5/10 connected
2026-04-25 02:56:51 KST | INFO |   ✓ Node 6/10 connected
2026-04-25 02:56:52 KST | INFO |   ✓ Node 7/10 connected
2026-04-25 02:56:54 KST | INFO |   ✓ Node 8/10 connected
2026-04-25 02:56:54 KST | INFO |   ✓ Node 9/10 connected
2026-04-25 02:56:55 KST | INFO |   ✓ Node 10/10 connected
2026-04-25 02:56:55 KST | INFO | ✓ All 10 node(s) connected
2026-04-25 02:56:55 KST | INFO | 
2026-04-25 02:56:55 KST | INFO | --------------------------------------------------------------------------------
2026-04-25 02:56:55 KST | INFO | MODEL INITIALIZATION
2026-04-25 02:56:55 KST | INFO | --------------------------------------------------------------------------------
2026-04-25 02:56:55 KST | INFO | Node-side parameters: 3,243,072
2026-04-25 02:56:55 KST | INFO | 
2026-04-25 02:56:55 KST | INFO | --------------------------------------------------------------------------------
2026-04-25 02:56:55 KST | INFO | BROADCASTING CONFIGURATION
2026-04-25 02:56:55 KST | INFO | --------------------------------------------------------------------------------
2026-04-25 02:56:56 KST | INFO | ✓ Configuration broadcast to all nodes
2026-04-25 02:56:58 KST | INFO | 
2026-04-25 02:56:58 KST | INFO | Total parameters:     3,248,202
2026-04-25 02:56:58 KST | INFO | Trainable parameters: 3,248,202
2026-04-25 02:56:58 KST | INFO | 
2026-04-25 02:56:58 KST | INFO | --------------------------------------------------------------------------------
2026-04-25 02:56:58 KST | INFO | DATA LOADING
2026-04-25 02:56:58 KST | INFO | --------------------------------------------------------------------------------
2026-04-25 02:57:26 KST | INFO | ✓ Dataset information collected:
2026-04-25 02:57:26 KST | INFO |     Node 1: 5,000 samples
2026-04-25 02:57:26 KST | INFO |     Node 2: 5,000 samples
2026-04-25 02:57:26 KST | INFO |     Node 3: 5,000 samples
2026-04-25 02:57:26 KST | INFO |     Node 4: 5,000 samples
2026-04-25 02:57:26 KST | INFO |     Node 5: 5,000 samples
2026-04-25 02:57:26 KST | INFO |     Node 6: 5,000 samples
2026-04-25 02:57:26 KST | INFO |     Node 7: 5,000 samples
2026-04-25 02:57:26 KST | INFO |     Node 8: 5,000 samples
2026-04-25 02:57:26 KST | INFO |     Node 9: 5,000 samples
2026-04-25 02:57:26 KST | INFO |     Node 10: 5,000 samples
2026-04-25 02:57:26 KST | INFO |   Total training samples: 50,000
2026-04-25 02:57:26 KST | INFO | 
2026-04-25 02:57:26 KST | INFO | ✓ Test dataset loaded: 10,000 samples
2026-04-25 02:57:26 KST | INFO | 
2026-04-25 02:57:26 KST | INFO | ✓ Batch scheduler: 391 batches/epoch
2026-04-25 02:57:26 KST | INFO | 
2026-04-25 02:57:26 KST | INFO | --------------------------------------------------------------------------------
2026-04-25 02:57:26 KST | INFO | OPTIMIZATION SETUP
2026-04-25 02:57:26 KST | INFO | --------------------------------------------------------------------------------
2026-04-25 02:57:26 KST | INFO | ✓ Optimizer: SGD (lr=0.1, momentum=0.9)
2026-04-25 02:57:26 KST | INFO | ✓ Scheduler: cosine
2026-04-25 02:57:26 KST | INFO | ✓ Gradient clipping: 1.0
2026-04-25 02:57:26 KST | INFO | 
2026-04-25 02:57:26 KST | INFO | ================================================================================
2026-04-25 02:57:26 KST | INFO | Setup complete - Ready for training
2026-04-25 02:57:26 KST | INFO | ================================================================================
2026-04-25 02:57:26 KST | INFO | 
2026-04-25 02:57:26 KST | INFO | --------------------------------------------------------------------------------
2026-04-25 02:57:26 KST | INFO | TRAINING
2026-04-25 02:57:26 KST | INFO | --------------------------------------------------------------------------------
2026-04-25 02:57:26 KST | INFO | 
2026-04-25 02:57:26 KST | INFO | Epoch 1/200 | LR: 0.100000
2026-04-25 03:12:52 KST | INFO |   Train Loss: 1.7301 | Test Loss: 0.0054 | Test Acc: 50.92%
2026-04-25 03:12:52 KST | INFO |   🏆 New best accuracy: 50.92%
2026-04-25 03:12:52 KST | INFO | 
2026-04-25 03:12:52 KST | INFO | Epoch 2/200 | LR: 0.099994
2026-04-25 03:28:16 KST | INFO |   Train Loss: 1.2669 | Test Loss: 0.0041 | Test Acc: 64.52%
2026-04-25 03:28:16 KST | INFO |   🏆 New best accuracy: 64.52%
2026-04-25 03:28:16 KST | INFO | 
2026-04-25 03:28:16 KST | INFO | Epoch 3/200 | LR: 0.099975
2026-04-25 03:43:49 KST | INFO |   Train Loss: 1.0138 | Test Loss: 0.0034 | Test Acc: 70.03%
2026-04-25 03:43:49 KST | INFO |   🏆 New best accuracy: 70.03%
2026-04-25 03:43:49 KST | INFO | 
2026-04-25 03:43:49 KST | INFO | Epoch 4/200 | LR: 0.099944
2026-04-25 03:59:04 KST | INFO |   Train Loss: 0.8636 | Test Loss: 0.0031 | Test Acc: 73.15%
2026-04-25 03:59:04 KST | INFO |   🏆 New best accuracy: 73.15%
2026-04-25 03:59:04 KST | INFO | 
2026-04-25 03:59:04 KST | INFO | Epoch 5/200 | LR: 0.099901
2026-04-25 04:14:40 KST | INFO |   Train Loss: 0.7672 | Test Loss: 0.0033 | Test Acc: 72.23%
2026-04-25 04:14:40 KST | INFO |   No improvement (1/30)
2026-04-25 04:14:40 KST | INFO | 
2026-04-25 04:14:40 KST | INFO | Epoch 6/200 | LR: 0.099846
2026-04-25 04:29:51 KST | INFO |   Train Loss: 0.6963 | Test Loss: 0.0028 | Test Acc: 76.02%
2026-04-25 04:29:51 KST | INFO |   🏆 New best accuracy: 76.02%
2026-04-25 04:29:51 KST | INFO | 
2026-04-25 04:29:51 KST | INFO | Epoch 7/200 | LR: 0.099778
2026-04-25 04:45:14 KST | INFO |   Train Loss: 0.6536 | Test Loss: 0.0023 | Test Acc: 80.10%
2026-04-25 04:45:14 KST | INFO |   🏆 New best accuracy: 80.10%
2026-04-25 04:45:14 KST | INFO | 
2026-04-25 04:45:14 KST | INFO | Epoch 8/200 | LR: 0.099698
2026-04-25 05:00:38 KST | INFO |   Train Loss: 0.6161 | Test Loss: 0.0023 | Test Acc: 80.55%
2026-04-25 05:00:38 KST | INFO |   🏆 New best accuracy: 80.55%
2026-04-25 05:00:38 KST | INFO | 
2026-04-25 05:00:38 KST | INFO | Epoch 9/200 | LR: 0.099606
2026-04-25 05:15:28 KST | INFO |   Train Loss: 0.5822 | Test Loss: 0.0022 | Test Acc: 80.44%
2026-04-25 05:15:28 KST | INFO |   No improvement (1/30)
2026-04-25 05:15:28 KST | INFO | 
2026-04-25 05:15:28 KST | INFO | Epoch 10/200 | LR: 0.099501
2026-04-25 05:31:30 KST | INFO |   Train Loss: 0.5622 | Test Loss: 0.0022 | Test Acc: 81.23%
2026-04-25 05:31:30 KST | INFO |   🏆 New best accuracy: 81.23%
2026-04-25 05:31:30 KST | INFO | 
2026-04-25 05:31:30 KST | INFO | Epoch 11/200 | LR: 0.099384
2026-04-25 05:47:12 KST | INFO |   Train Loss: 0.5386 | Test Loss: 0.0021 | Test Acc: 82.05%
2026-04-25 05:47:12 KST | INFO |   🏆 New best accuracy: 82.05%
2026-04-25 05:47:12 KST | INFO | 
2026-04-25 05:47:12 KST | INFO | Epoch 12/200 | LR: 0.099255
2026-04-25 06:02:56 KST | INFO |   Train Loss: 0.5210 | Test Loss: 0.0021 | Test Acc: 81.51%
2026-04-25 06:02:56 KST | INFO |   No improvement (1/30)
2026-04-25 06:02:56 KST | INFO | 
2026-04-25 06:02:56 KST | INFO | Epoch 13/200 | LR: 0.099114
2026-04-25 06:18:41 KST | INFO |   Train Loss: 0.5015 | Test Loss: 0.0020 | Test Acc: 82.56%
2026-04-25 06:18:41 KST | INFO |   🏆 New best accuracy: 82.56%
2026-04-25 06:18:41 KST | INFO | 
2026-04-25 06:18:41 KST | INFO | Epoch 14/200 | LR: 0.098961
2026-04-25 06:34:19 KST | INFO |   Train Loss: 0.4927 | Test Loss: 0.0021 | Test Acc: 82.57%
2026-04-25 06:34:19 KST | INFO |   🏆 New best accuracy: 82.57%
2026-04-25 06:34:19 KST | INFO | 
2026-04-25 06:34:19 KST | INFO | Epoch 15/200 | LR: 0.098796
2026-04-25 06:50:03 KST | INFO |   Train Loss: 0.4839 | Test Loss: 0.0020 | Test Acc: 83.53%
2026-04-25 06:50:03 KST | INFO |   🏆 New best accuracy: 83.53%
2026-04-25 06:50:03 KST | INFO | 
2026-04-25 06:50:03 KST | INFO | Epoch 16/200 | LR: 0.098619
2026-04-25 07:05:51 KST | INFO |   Train Loss: 0.4677 | Test Loss: 0.0019 | Test Acc: 83.91%
2026-04-25 07:05:51 KST | INFO |   🏆 New best accuracy: 83.91%
2026-04-25 07:05:51 KST | INFO | 
2026-04-25 07:05:51 KST | INFO | Epoch 17/200 | LR: 0.098429
2026-04-25 07:20:55 KST | INFO |   Train Loss: 0.4586 | Test Loss: 0.0018 | Test Acc: 84.02%
2026-04-25 07:20:55 KST | INFO |   🏆 New best accuracy: 84.02%
2026-04-25 07:20:55 KST | INFO | 
2026-04-25 07:20:55 KST | INFO | Epoch 18/200 | LR: 0.098228
2026-04-25 07:36:29 KST | INFO |   Train Loss: 0.4528 | Test Loss: 0.0019 | Test Acc: 84.49%
2026-04-25 07:36:29 KST | INFO |   🏆 New best accuracy: 84.49%
2026-04-25 07:36:29 KST | INFO | 
2026-04-25 07:36:29 KST | INFO | Epoch 19/200 | LR: 0.098015
2026-04-25 07:52:02 KST | INFO |   Train Loss: 0.4391 | Test Loss: 0.0020 | Test Acc: 83.19%
2026-04-25 07:52:02 KST | INFO |   No improvement (1/30)
2026-04-25 07:52:02 KST | INFO | 
2026-04-25 07:52:02 KST | INFO | Epoch 20/200 | LR: 0.097790
2026-04-25 08:07:18 KST | INFO |   Train Loss: 0.4377 | Test Loss: 0.0018 | Test Acc: 84.74%
2026-04-25 08:07:18 KST | INFO |   🏆 New best accuracy: 84.74%
2026-04-25 08:07:18 KST | INFO | 
2026-04-25 08:07:18 KST | INFO | Epoch 21/200 | LR: 0.097553
2026-04-25 08:22:57 KST | INFO |   Train Loss: 0.4289 | Test Loss: 0.0019 | Test Acc: 84.61%
2026-04-25 08:22:57 KST | INFO |   No improvement (1/30)
2026-04-25 08:22:57 KST | INFO | 
2026-04-25 08:22:57 KST | INFO | Epoch 22/200 | LR: 0.097304
2026-04-25 08:38:14 KST | INFO |   Train Loss: 0.4199 | Test Loss: 0.0020 | Test Acc: 83.70%
2026-04-25 08:38:14 KST | INFO |   No improvement (2/30)
2026-04-25 08:38:14 KST | INFO | 
2026-04-25 08:38:14 KST | INFO | Epoch 23/200 | LR: 0.097044
2026-04-25 08:53:43 KST | INFO |   Train Loss: 0.4155 | Test Loss: 0.0018 | Test Acc: 85.07%
2026-04-25 08:53:43 KST | INFO |   🏆 New best accuracy: 85.07%
2026-04-25 08:53:43 KST | INFO | 
2026-04-25 08:53:43 KST | INFO | Epoch 24/200 | LR: 0.096772
2026-04-25 09:09:13 KST | INFO |   Train Loss: 0.4116 | Test Loss: 0.0017 | Test Acc: 85.27%
2026-04-25 09:09:13 KST | INFO |   🏆 New best accuracy: 85.27%
2026-04-25 09:09:13 KST | INFO | 
2026-04-25 09:09:13 KST | INFO | Epoch 25/200 | LR: 0.096489
2026-04-25 09:24:19 KST | INFO |   Train Loss: 0.4098 | Test Loss: 0.0020 | Test Acc: 83.87%
2026-04-25 09:24:19 KST | INFO |   No improvement (1/30)
2026-04-25 09:24:19 KST | INFO | 
2026-04-25 09:24:19 KST | INFO | Epoch 26/200 | LR: 0.096194
2026-04-25 09:39:43 KST | INFO |   Train Loss: 0.4011 | Test Loss: 0.0018 | Test Acc: 84.79%
2026-04-25 09:39:43 KST | INFO |   No improvement (2/30)
2026-04-25 09:39:43 KST | INFO | 
2026-04-25 09:39:43 KST | INFO | Epoch 27/200 | LR: 0.095888
2026-04-25 09:55:19 KST | INFO |   Train Loss: 0.3955 | Test Loss: 0.0019 | Test Acc: 84.49%
2026-04-25 09:55:19 KST | INFO |   No improvement (3/30)
2026-04-25 09:55:19 KST | INFO | 
2026-04-25 09:55:19 KST | INFO | Epoch 28/200 | LR: 0.095570
2026-04-25 10:10:49 KST | INFO |   Train Loss: 0.3919 | Test Loss: 0.0016 | Test Acc: 86.43%
2026-04-25 10:10:49 KST | INFO |   🏆 New best accuracy: 86.43%
2026-04-25 10:10:49 KST | INFO | 
2026-04-25 10:10:49 KST | INFO | Epoch 29/200 | LR: 0.095241
2026-04-25 10:26:11 KST | INFO |   Train Loss: 0.3920 | Test Loss: 0.0018 | Test Acc: 84.76%
2026-04-25 10:26:11 KST | INFO |   No improvement (1/30)
2026-04-25 10:26:11 KST | INFO | 
2026-04-25 10:26:11 KST | INFO | Epoch 30/200 | LR: 0.094901
2026-04-25 10:41:56 KST | INFO |   Train Loss: 0.3867 | Test Loss: 0.0017 | Test Acc: 85.61%
2026-04-25 10:41:56 KST | INFO |   No improvement (2/30)
2026-04-25 10:41:56 KST | INFO | 
2026-04-25 10:41:56 KST | INFO | Epoch 31/200 | LR: 0.094550
2026-04-25 10:57:45 KST | INFO |   Train Loss: 0.3876 | Test Loss: 0.0018 | Test Acc: 84.80%
2026-04-25 10:57:45 KST | INFO |   No improvement (3/30)
2026-04-25 10:57:45 KST | INFO | 
2026-04-25 10:57:45 KST | INFO | Epoch 32/200 | LR: 0.094188
2026-04-25 11:13:26 KST | INFO |   Train Loss: 0.3752 | Test Loss: 0.0017 | Test Acc: 85.45%
2026-04-25 11:13:26 KST | INFO |   No improvement (4/30)
2026-04-25 11:13:26 KST | INFO | 
2026-04-25 11:13:26 KST | INFO | Epoch 33/200 | LR: 0.093815
2026-04-25 11:29:00 KST | INFO |   Train Loss: 0.3779 | Test Loss: 0.0018 | Test Acc: 84.86%
2026-04-25 11:29:00 KST | INFO |   No improvement (5/30)
2026-04-25 11:29:00 KST | INFO | 
2026-04-25 11:29:00 KST | INFO | Epoch 34/200 | LR: 0.093432
2026-04-25 11:44:39 KST | INFO |   Train Loss: 0.3731 | Test Loss: 0.0016 | Test Acc: 86.02%
2026-04-25 11:44:39 KST | INFO |   No improvement (6/30)
2026-04-25 11:44:39 KST | INFO | 
2026-04-25 11:44:39 KST | INFO | Epoch 35/200 | LR: 0.093037
2026-04-25 12:00:43 KST | INFO |   Train Loss: 0.3707 | Test Loss: 0.0018 | Test Acc: 84.51%
2026-04-25 12:00:43 KST | INFO |   No improvement (7/30)
2026-04-25 12:00:43 KST | INFO | 
2026-04-25 12:00:43 KST | INFO | Epoch 36/200 | LR: 0.092632
2026-04-25 12:16:15 KST | INFO |   Train Loss: 0.3665 | Test Loss: 0.0017 | Test Acc: 85.76%
2026-04-25 12:16:15 KST | INFO |   No improvement (8/30)
2026-04-25 12:16:15 KST | INFO | 
2026-04-25 12:16:15 KST | INFO | Epoch 37/200 | LR: 0.092216
2026-04-25 12:31:55 KST | INFO |   Train Loss: 0.3628 | Test Loss: 0.0020 | Test Acc: 82.76%
2026-04-25 12:31:55 KST | INFO |   No improvement (9/30)
2026-04-25 12:31:55 KST | INFO | 
2026-04-25 12:31:55 KST | INFO | Epoch 38/200 | LR: 0.091790
2026-04-25 12:47:39 KST | INFO |   Train Loss: 0.3630 | Test Loss: 0.0017 | Test Acc: 86.00%
2026-04-25 12:47:39 KST | INFO |   No improvement (10/30)
2026-04-25 12:47:39 KST | INFO | 
2026-04-25 12:47:39 KST | INFO | Epoch 39/200 | LR: 0.091354
2026-04-25 13:03:01 KST | INFO |   Train Loss: 0.3602 | Test Loss: 0.0018 | Test Acc: 83.61%
2026-04-25 13:03:01 KST | INFO |   No improvement (11/30)
2026-04-25 13:03:01 KST | INFO | 
2026-04-25 13:03:01 KST | INFO | Epoch 40/200 | LR: 0.090908
2026-04-25 13:18:42 KST | INFO |   Train Loss: 0.3604 | Test Loss: 0.0016 | Test Acc: 86.66%
2026-04-25 13:18:42 KST | INFO |   🏆 New best accuracy: 86.66%
2026-04-25 13:18:42 KST | INFO | 
2026-04-25 13:18:42 KST | INFO | Epoch 41/200 | LR: 0.090451
2026-04-25 13:33:36 KST | INFO |   Train Loss: 0.3559 | Test Loss: 0.0019 | Test Acc: 84.42%
2026-04-25 13:33:36 KST | INFO |   No improvement (1/30)
2026-04-25 13:33:36 KST | INFO | 
2026-04-25 13:33:36 KST | INFO | Epoch 42/200 | LR: 0.089984
2026-04-25 13:48:38 KST | INFO |   Train Loss: 0.3499 | Test Loss: 0.0017 | Test Acc: 85.96%
2026-04-25 13:48:38 KST | INFO |   No improvement (2/30)
2026-04-25 13:48:38 KST | INFO | 
2026-04-25 13:48:38 KST | INFO | Epoch 43/200 | LR: 0.089508
2026-04-25 14:03:29 KST | INFO |   Train Loss: 0.3515 | Test Loss: 0.0016 | Test Acc: 86.10%
2026-04-25 14:03:29 KST | INFO |   No improvement (3/30)
2026-04-25 14:03:29 KST | INFO | 
2026-04-25 14:03:29 KST | INFO | Epoch 44/200 | LR: 0.089022
2026-04-25 14:18:59 KST | INFO |   Train Loss: 0.3469 | Test Loss: 0.0018 | Test Acc: 85.37%
2026-04-25 14:18:59 KST | INFO |   No improvement (4/30)
2026-04-25 14:18:59 KST | INFO | 
2026-04-25 14:18:59 KST | INFO | Epoch 45/200 | LR: 0.088526
2026-04-25 14:33:59 KST | INFO |   Train Loss: 0.3442 | Test Loss: 0.0015 | Test Acc: 87.42%
2026-04-25 14:33:59 KST | INFO |   🏆 New best accuracy: 87.42%
2026-04-25 14:33:59 KST | INFO | 
2026-04-25 14:33:59 KST | INFO | Epoch 46/200 | LR: 0.088020
2026-04-25 14:48:56 KST | INFO |   Train Loss: 0.3407 | Test Loss: 0.0018 | Test Acc: 85.49%
2026-04-25 14:48:56 KST | INFO |   No improvement (1/30)
2026-04-25 14:48:56 KST | INFO | 
2026-04-25 14:48:56 KST | INFO | Epoch 47/200 | LR: 0.087506
2026-04-25 15:04:34 KST | INFO |   Train Loss: 0.3439 | Test Loss: 0.0016 | Test Acc: 86.81%
2026-04-25 15:04:34 KST | INFO |   No improvement (2/30)
2026-04-25 15:04:34 KST | INFO | 
2026-04-25 15:04:34 KST | INFO | Epoch 48/200 | LR: 0.086982
2026-04-25 15:20:27 KST | INFO |   Train Loss: 0.3344 | Test Loss: 0.0016 | Test Acc: 86.74%
2026-04-25 15:20:27 KST | INFO |   No improvement (3/30)
2026-04-25 15:20:27 KST | INFO | 
2026-04-25 15:20:27 KST | INFO | Epoch 49/200 | LR: 0.086449
2026-04-25 15:35:58 KST | INFO |   Train Loss: 0.3373 | Test Loss: 0.0016 | Test Acc: 86.78%
2026-04-25 15:35:58 KST | INFO |   No improvement (4/30)
2026-04-25 15:35:58 KST | INFO | 
2026-04-25 15:35:58 KST | INFO | Epoch 50/200 | LR: 0.085906
2026-04-25 15:51:10 KST | INFO |   Train Loss: 0.3362 | Test Loss: 0.0015 | Test Acc: 87.51%
2026-04-25 15:51:10 KST | INFO |   🏆 New best accuracy: 87.51%
2026-04-25 15:51:10 KST | INFO | 
2026-04-25 15:51:10 KST | INFO | Epoch 51/200 | LR: 0.085355
2026-04-25 16:06:25 KST | INFO |   Train Loss: 0.3334 | Test Loss: 0.0016 | Test Acc: 86.85%
2026-04-25 16:06:25 KST | INFO |   No improvement (1/30)
2026-04-25 16:06:25 KST | INFO | 
2026-04-25 16:06:25 KST | INFO | Epoch 52/200 | LR: 0.084796
2026-04-25 16:21:49 KST | INFO |   Train Loss: 0.3270 | Test Loss: 0.0016 | Test Acc: 86.75%
2026-04-25 16:21:49 KST | INFO |   No improvement (2/30)
2026-04-25 16:21:49 KST | INFO | 
2026-04-25 16:21:49 KST | INFO | Epoch 53/200 | LR: 0.084228
2026-04-25 16:37:13 KST | INFO |   Train Loss: 0.3275 | Test Loss: 0.0015 | Test Acc: 86.63%
2026-04-25 16:37:13 KST | INFO |   No improvement (3/30)
2026-04-25 16:37:13 KST | INFO | 
2026-04-25 16:37:13 KST | INFO | Epoch 54/200 | LR: 0.083651
2026-04-25 16:52:30 KST | INFO |   Train Loss: 0.3256 | Test Loss: 0.0016 | Test Acc: 87.03%
2026-04-25 16:52:30 KST | INFO |   No improvement (4/30)
2026-04-25 16:52:30 KST | INFO | 
2026-04-25 16:52:30 KST | INFO | Epoch 55/200 | LR: 0.083066
2026-04-25 17:07:48 KST | INFO |   Train Loss: 0.3258 | Test Loss: 0.0016 | Test Acc: 86.43%
2026-04-25 17:07:48 KST | INFO |   No improvement (5/30)
2026-04-25 17:07:48 KST | INFO | 
2026-04-25 17:07:48 KST | INFO | Epoch 56/200 | LR: 0.082473
2026-04-25 17:22:46 KST | INFO |   Train Loss: 0.3172 | Test Loss: 0.0015 | Test Acc: 87.43%
2026-04-25 17:22:46 KST | INFO |   No improvement (6/30)
2026-04-25 17:22:46 KST | INFO | 
2026-04-25 17:22:46 KST | INFO | Epoch 57/200 | LR: 0.081871
2026-04-25 17:38:18 KST | INFO |   Train Loss: 0.3213 | Test Loss: 0.0016 | Test Acc: 86.77%
2026-04-25 17:38:18 KST | INFO |   No improvement (7/30)
2026-04-25 17:38:18 KST | INFO | 
2026-04-25 17:38:18 KST | INFO | Epoch 58/200 | LR: 0.081262
2026-04-25 17:53:42 KST | INFO |   Train Loss: 0.3187 | Test Loss: 0.0018 | Test Acc: 84.71%
2026-04-25 17:53:42 KST | INFO |   No improvement (8/30)
2026-04-25 17:53:42 KST | INFO | 
2026-04-25 17:53:42 KST | INFO | Epoch 59/200 | LR: 0.080646
2026-04-25 18:09:07 KST | INFO |   Train Loss: 0.3188 | Test Loss: 0.0018 | Test Acc: 84.94%
2026-04-25 18:09:07 KST | INFO |   No improvement (9/30)
2026-04-25 18:09:07 KST | INFO | 
2026-04-25 18:09:07 KST | INFO | Epoch 60/200 | LR: 0.080021
2026-04-25 18:24:27 KST | INFO |   Train Loss: 0.3100 | Test Loss: 0.0016 | Test Acc: 86.77%
2026-04-25 18:24:27 KST | INFO |   No improvement (10/30)
2026-04-25 18:24:27 KST | INFO | 
2026-04-25 18:24:27 KST | INFO | Epoch 61/200 | LR: 0.079389
2026-04-25 18:40:12 KST | INFO |   Train Loss: 0.3095 | Test Loss: 0.0016 | Test Acc: 86.81%
2026-04-25 18:40:12 KST | INFO |   No improvement (11/30)
2026-04-25 18:40:12 KST | INFO | 
2026-04-25 18:40:12 KST | INFO | Epoch 62/200 | LR: 0.078750
2026-04-25 18:55:51 KST | INFO |   Train Loss: 0.3099 | Test Loss: 0.0015 | Test Acc: 87.80%
2026-04-25 18:55:51 KST | INFO |   🏆 New best accuracy: 87.80%
2026-04-25 18:55:51 KST | INFO | 
2026-04-25 18:55:51 KST | INFO | Epoch 63/200 | LR: 0.078104
2026-04-25 19:11:19 KST | INFO |   Train Loss: 0.3043 | Test Loss: 0.0015 | Test Acc: 87.06%
2026-04-25 19:11:19 KST | INFO |   No improvement (1/30)
2026-04-25 19:11:19 KST | INFO | 
2026-04-25 19:11:19 KST | INFO | Epoch 64/200 | LR: 0.077451
2026-04-25 19:26:27 KST | INFO |   Train Loss: 0.3068 | Test Loss: 0.0015 | Test Acc: 87.72%
2026-04-25 19:26:27 KST | INFO |   No improvement (2/30)
2026-04-25 19:26:27 KST | INFO | 
2026-04-25 19:26:27 KST | INFO | Epoch 65/200 | LR: 0.076792
2026-04-25 19:41:57 KST | INFO |   Train Loss: 0.3013 | Test Loss: 0.0015 | Test Acc: 86.88%
2026-04-25 19:41:57 KST | INFO |   No improvement (3/30)
2026-04-25 19:41:57 KST | INFO | 
2026-04-25 19:41:57 KST | INFO | Epoch 66/200 | LR: 0.076125
2026-04-25 19:57:13 KST | INFO |   Train Loss: 0.2968 | Test Loss: 0.0015 | Test Acc: 87.37%
2026-04-25 19:57:13 KST | INFO |   No improvement (4/30)
2026-04-25 19:57:13 KST | INFO | 
2026-04-25 19:57:13 KST | INFO | Epoch 67/200 | LR: 0.075452
2026-04-25 20:12:49 KST | INFO |   Train Loss: 0.2988 | Test Loss: 0.0016 | Test Acc: 87.11%
2026-04-25 20:12:49 KST | INFO |   No improvement (5/30)
2026-04-25 20:12:49 KST | INFO | 
2026-04-25 20:12:49 KST | INFO | Epoch 68/200 | LR: 0.074773
2026-04-25 20:28:26 KST | INFO |   Train Loss: 0.2929 | Test Loss: 0.0016 | Test Acc: 86.98%
2026-04-25 20:28:26 KST | INFO |   No improvement (6/30)
2026-04-25 20:28:26 KST | INFO | 
2026-04-25 20:28:26 KST | INFO | Epoch 69/200 | LR: 0.074088
2026-04-25 20:43:56 KST | INFO |   Train Loss: 0.2930 | Test Loss: 0.0017 | Test Acc: 86.59%
2026-04-25 20:43:56 KST | INFO |   No improvement (7/30)
2026-04-25 20:43:56 KST | INFO | 
2026-04-25 20:43:56 KST | INFO | Epoch 70/200 | LR: 0.073397
2026-04-25 20:59:10 KST | INFO |   Train Loss: 0.2888 | Test Loss: 0.0015 | Test Acc: 87.79%
2026-04-25 20:59:10 KST | INFO |   No improvement (8/30)
2026-04-25 20:59:10 KST | INFO | 
2026-04-25 20:59:10 KST | INFO | Epoch 71/200 | LR: 0.072700
2026-04-25 21:14:29 KST | INFO |   Train Loss: 0.2871 | Test Loss: 0.0015 | Test Acc: 87.33%
2026-04-25 21:14:29 KST | INFO |   No improvement (9/30)
2026-04-25 21:14:29 KST | INFO | 
2026-04-25 21:14:29 KST | INFO | Epoch 72/200 | LR: 0.071997
2026-04-25 21:29:56 KST | INFO |   Train Loss: 0.2844 | Test Loss: 0.0016 | Test Acc: 86.58%
2026-04-25 21:29:56 KST | INFO |   No improvement (10/30)
2026-04-25 21:29:56 KST | INFO | 
2026-04-25 21:29:56 KST | INFO | Epoch 73/200 | LR: 0.071289
2026-04-25 21:45:34 KST | INFO |   Train Loss: 0.2890 | Test Loss: 0.0016 | Test Acc: 87.20%
2026-04-25 21:45:34 KST | INFO |   No improvement (11/30)
2026-04-25 21:45:34 KST | INFO | 
2026-04-25 21:45:34 KST | INFO | Epoch 74/200 | LR: 0.070576
2026-04-25 22:01:16 KST | INFO |   Train Loss: 0.2787 | Test Loss: 0.0016 | Test Acc: 87.19%
2026-04-25 22:01:16 KST | INFO |   No improvement (12/30)
2026-04-25 22:01:16 KST | INFO | 
2026-04-25 22:01:16 KST | INFO | Epoch 75/200 | LR: 0.069858
2026-04-25 22:16:34 KST | INFO |   Train Loss: 0.2786 | Test Loss: 0.0015 | Test Acc: 87.78%
2026-04-25 22:16:34 KST | INFO |   No improvement (13/30)
2026-04-25 22:16:34 KST | INFO | 
2026-04-25 22:16:34 KST | INFO | Epoch 76/200 | LR: 0.069134
2026-04-25 22:31:48 KST | INFO |   Train Loss: 0.2821 | Test Loss: 0.0015 | Test Acc: 87.50%
2026-04-25 22:31:48 KST | INFO |   No improvement (14/30)
2026-04-25 22:31:48 KST | INFO | 
2026-04-25 22:31:48 KST | INFO | Epoch 77/200 | LR: 0.068407
2026-04-25 22:47:23 KST | INFO |   Train Loss: 0.2746 | Test Loss: 0.0015 | Test Acc: 87.59%
2026-04-25 22:47:23 KST | INFO |   No improvement (15/30)
2026-04-25 22:47:23 KST | INFO | 
2026-04-25 22:47:23 KST | INFO | Epoch 78/200 | LR: 0.067674
2026-04-25 23:02:52 KST | INFO |   Train Loss: 0.2790 | Test Loss: 0.0015 | Test Acc: 87.24%
2026-04-25 23:02:52 KST | INFO |   No improvement (16/30)
2026-04-25 23:02:52 KST | INFO | 
2026-04-25 23:02:52 KST | INFO | Epoch 79/200 | LR: 0.066937
2026-04-25 23:18:38 KST | INFO |   Train Loss: 0.2726 | Test Loss: 0.0016 | Test Acc: 86.85%
2026-04-25 23:18:38 KST | INFO |   No improvement (17/30)
2026-04-25 23:18:38 KST | INFO | 
2026-04-25 23:18:38 KST | INFO | Epoch 80/200 | LR: 0.066196
2026-04-25 23:34:41 KST | INFO |   Train Loss: 0.2758 | Test Loss: 0.0015 | Test Acc: 87.36%
2026-04-25 23:34:41 KST | INFO |   No improvement (18/30)
2026-04-25 23:34:41 KST | INFO | 
2026-04-25 23:34:41 KST | INFO | Epoch 81/200 | LR: 0.065451
2026-04-25 23:50:11 KST | INFO |   Train Loss: 0.2673 | Test Loss: 0.0015 | Test Acc: 87.81%
2026-04-25 23:50:11 KST | INFO |   🏆 New best accuracy: 87.81%
2026-04-25 23:50:11 KST | INFO | 
2026-04-25 23:50:11 KST | INFO | Epoch 82/200 | LR: 0.064702
2026-04-26 00:05:55 KST | INFO |   Train Loss: 0.2644 | Test Loss: 0.0015 | Test Acc: 87.38%
2026-04-26 00:05:55 KST | INFO |   No improvement (1/30)
2026-04-26 00:05:55 KST | INFO | 
2026-04-26 00:05:55 KST | INFO | Epoch 83/200 | LR: 0.063950
2026-04-26 00:21:23 KST | INFO |   Train Loss: 0.2664 | Test Loss: 0.0017 | Test Acc: 86.04%
2026-04-26 00:21:23 KST | INFO |   No improvement (2/30)
2026-04-26 00:21:23 KST | INFO | 
2026-04-26 00:21:23 KST | INFO | Epoch 84/200 | LR: 0.063194
2026-04-26 00:36:39 KST | INFO |   Train Loss: 0.2619 | Test Loss: 0.0014 | Test Acc: 88.02%
2026-04-26 00:36:39 KST | INFO |   🏆 New best accuracy: 88.02%
2026-04-26 00:36:39 KST | INFO | 
2026-04-26 00:36:39 KST | INFO | Epoch 85/200 | LR: 0.062435
2026-04-26 00:52:09 KST | INFO |   Train Loss: 0.2615 | Test Loss: 0.0015 | Test Acc: 87.35%
2026-04-26 00:52:09 KST | INFO |   No improvement (1/30)
2026-04-26 00:52:09 KST | INFO | 
2026-04-26 00:52:09 KST | INFO | Epoch 86/200 | LR: 0.061673
2026-04-26 01:07:37 KST | INFO |   Train Loss: 0.2562 | Test Loss: 0.0014 | Test Acc: 88.15%
2026-04-26 01:07:37 KST | INFO |   🏆 New best accuracy: 88.15%
2026-04-26 01:07:37 KST | INFO | 
2026-04-26 01:07:37 KST | INFO | Epoch 87/200 | LR: 0.060908
2026-04-26 01:23:07 KST | INFO |   Train Loss: 0.2541 | Test Loss: 0.0015 | Test Acc: 88.05%
2026-04-26 01:23:07 KST | INFO |   No improvement (1/30)
2026-04-26 01:23:07 KST | INFO | 
2026-04-26 01:23:07 KST | INFO | Epoch 88/200 | LR: 0.060140
2026-04-26 01:38:33 KST | INFO |   Train Loss: 0.2518 | Test Loss: 0.0015 | Test Acc: 88.07%
2026-04-26 01:38:33 KST | INFO |   No improvement (2/30)
2026-04-26 01:38:33 KST | INFO | 
2026-04-26 01:38:33 KST | INFO | Epoch 89/200 | LR: 0.059369
2026-04-26 01:54:00 KST | INFO |   Train Loss: 0.2457 | Test Loss: 0.0014 | Test Acc: 88.23%
2026-04-26 01:54:00 KST | INFO |   🏆 New best accuracy: 88.23%
2026-04-26 01:54:00 KST | INFO | 
2026-04-26 01:54:00 KST | INFO | Epoch 90/200 | LR: 0.058597
2026-04-26 02:09:48 KST | INFO |   Train Loss: 0.2494 | Test Loss: 0.0016 | Test Acc: 87.60%
2026-04-26 02:09:48 KST | INFO |   No improvement (1/30)
2026-04-26 02:09:48 KST | INFO | 
2026-04-26 02:09:48 KST | INFO | Epoch 91/200 | LR: 0.057822
2026-04-26 02:25:15 KST | INFO |   Train Loss: 0.2442 | Test Loss: 0.0014 | Test Acc: 88.74%
2026-04-26 02:25:15 KST | INFO |   🏆 New best accuracy: 88.74%
2026-04-26 02:25:15 KST | INFO | 
2026-04-26 02:25:15 KST | INFO | Epoch 92/200 | LR: 0.057045
2026-04-26 02:40:19 KST | INFO |   Train Loss: 0.2439 | Test Loss: 0.0014 | Test Acc: 88.36%
2026-04-26 02:40:19 KST | INFO |   No improvement (1/30)
2026-04-26 02:40:19 KST | INFO | 
2026-04-26 02:40:19 KST | INFO | Epoch 93/200 | LR: 0.056267
2026-04-26 02:55:51 KST | INFO |   Train Loss: 0.2415 | Test Loss: 0.0014 | Test Acc: 88.44%
2026-04-26 02:55:51 KST | INFO |   No improvement (2/30)
2026-04-26 02:55:51 KST | INFO | 
2026-04-26 02:55:51 KST | INFO | Epoch 94/200 | LR: 0.055487
2026-04-26 03:11:01 KST | INFO |   Train Loss: 0.2359 | Test Loss: 0.0015 | Test Acc: 88.33%
2026-04-26 03:11:01 KST | INFO |   No improvement (3/30)
2026-04-26 03:11:01 KST | INFO | 
2026-04-26 03:11:01 KST | INFO | Epoch 95/200 | LR: 0.054706
2026-04-26 03:27:06 KST | INFO |   Train Loss: 0.2369 | Test Loss: 0.0014 | Test Acc: 88.68%
2026-04-26 03:27:06 KST | INFO |   No improvement (4/30)
2026-04-26 03:27:06 KST | INFO | 
2026-04-26 03:27:06 KST | INFO | Epoch 96/200 | LR: 0.053923
2026-04-26 03:42:27 KST | INFO |   Train Loss: 0.2365 | Test Loss: 0.0015 | Test Acc: 87.71%
2026-04-26 03:42:27 KST | INFO |   No improvement (5/30)
2026-04-26 03:42:27 KST | INFO | 
2026-04-26 03:42:27 KST | INFO | Epoch 97/200 | LR: 0.053140
2026-04-26 03:57:52 KST | INFO |   Train Loss: 0.2316 | Test Loss: 0.0014 | Test Acc: 88.22%
2026-04-26 03:57:52 KST | INFO |   No improvement (6/30)
2026-04-26 03:57:52 KST | INFO | 
2026-04-26 03:57:52 KST | INFO | Epoch 98/200 | LR: 0.052356
2026-04-26 04:13:25 KST | INFO |   Train Loss: 0.2293 | Test Loss: 0.0016 | Test Acc: 87.15%
2026-04-26 04:13:25 KST | INFO |   No improvement (7/30)
2026-04-26 04:13:25 KST | INFO | 
2026-04-26 04:13:25 KST | INFO | Epoch 99/200 | LR: 0.051571
2026-04-26 04:28:58 KST | INFO |   Train Loss: 0.2285 | Test Loss: 0.0016 | Test Acc: 87.18%
2026-04-26 04:28:58 KST | INFO |   No improvement (8/30)
2026-04-26 04:28:58 KST | INFO | 
2026-04-26 04:28:58 KST | INFO | Epoch 100/200 | LR: 0.050786
2026-04-26 04:44:17 KST | INFO |   Train Loss: 0.2265 | Test Loss: 0.0014 | Test Acc: 88.62%
2026-04-26 04:44:17 KST | INFO |   No improvement (9/30)
2026-04-26 04:44:17 KST | INFO | 
2026-04-26 04:44:17 KST | INFO | Epoch 101/200 | LR: 0.050001
2026-04-26 05:00:06 KST | INFO |   Train Loss: 0.2226 | Test Loss: 0.0015 | Test Acc: 87.91%
2026-04-26 05:00:06 KST | INFO |   No improvement (10/30)
2026-04-26 05:00:06 KST | INFO | 
2026-04-26 05:00:06 KST | INFO | Epoch 102/200 | LR: 0.049215
2026-04-26 05:15:20 KST | INFO |   Train Loss: 0.2189 | Test Loss: 0.0016 | Test Acc: 87.67%
2026-04-26 05:15:20 KST | INFO |   No improvement (11/30)
2026-04-26 05:15:20 KST | INFO | 
2026-04-26 05:15:20 KST | INFO | Epoch 103/200 | LR: 0.048430
2026-04-26 05:30:32 KST | INFO |   Train Loss: 0.2193 | Test Loss: 0.0013 | Test Acc: 89.29%
2026-04-26 05:30:32 KST | INFO |   🏆 New best accuracy: 89.29%
2026-04-26 05:30:32 KST | INFO | 
2026-04-26 05:30:32 KST | INFO | Epoch 104/200 | LR: 0.047645
2026-04-26 05:46:07 KST | INFO |   Train Loss: 0.2164 | Test Loss: 0.0014 | Test Acc: 88.02%
2026-04-26 05:46:07 KST | INFO |   No improvement (1/30)
2026-04-26 05:46:07 KST | INFO | 
2026-04-26 05:46:07 KST | INFO | Epoch 105/200 | LR: 0.046861
2026-04-26 06:01:26 KST | INFO |   Train Loss: 0.2135 | Test Loss: 0.0015 | Test Acc: 87.86%
2026-04-26 06:01:26 KST | INFO |   No improvement (2/30)
2026-04-26 06:01:26 KST | INFO | 
2026-04-26 06:01:26 KST | INFO | Epoch 106/200 | LR: 0.046078
2026-04-26 06:16:32 KST | INFO |   Train Loss: 0.2040 | Test Loss: 0.0014 | Test Acc: 88.45%
2026-04-26 06:16:32 KST | INFO |   No improvement (3/30)
2026-04-26 06:16:32 KST | INFO | 
2026-04-26 06:16:32 KST | INFO | Epoch 107/200 | LR: 0.045295
2026-04-26 06:31:47 KST | INFO |   Train Loss: 0.2073 | Test Loss: 0.0014 | Test Acc: 88.56%
2026-04-26 06:31:47 KST | INFO |   No improvement (4/30)
2026-04-26 06:31:47 KST | INFO | 
2026-04-26 06:31:47 KST | INFO | Epoch 108/200 | LR: 0.044514
2026-04-26 06:47:03 KST | INFO |   Train Loss: 0.2029 | Test Loss: 0.0015 | Test Acc: 87.79%
2026-04-26 06:47:03 KST | INFO |   No improvement (5/30)
2026-04-26 06:47:03 KST | INFO | 
2026-04-26 06:47:03 KST | INFO | Epoch 109/200 | LR: 0.043734
2026-04-26 07:02:07 KST | INFO |   Train Loss: 0.2014 | Test Loss: 0.0013 | Test Acc: 89.28%
2026-04-26 07:02:07 KST | INFO |   No improvement (6/30)
2026-04-26 07:02:07 KST | INFO | 
2026-04-26 07:02:07 KST | INFO | Epoch 110/200 | LR: 0.042956
2026-04-26 07:17:28 KST | INFO |   Train Loss: 0.1971 | Test Loss: 0.0014 | Test Acc: 88.53%
2026-04-26 07:17:28 KST | INFO |   No improvement (7/30)
2026-04-26 07:17:28 KST | INFO | 
2026-04-26 07:17:28 KST | INFO | Epoch 111/200 | LR: 0.042179
2026-04-26 07:32:48 KST | INFO |   Train Loss: 0.1948 | Test Loss: 0.0016 | Test Acc: 87.58%
2026-04-26 07:32:48 KST | INFO |   No improvement (8/30)
2026-04-26 07:32:48 KST | INFO | 
2026-04-26 07:32:48 KST | INFO | Epoch 112/200 | LR: 0.041404
2026-04-26 07:47:42 KST | INFO |   Train Loss: 0.1958 | Test Loss: 0.0014 | Test Acc: 88.58%
2026-04-26 07:47:42 KST | INFO |   No improvement (9/30)
2026-04-26 07:47:42 KST | INFO | 
2026-04-26 07:47:42 KST | INFO | Epoch 113/200 | LR: 0.040632
2026-04-26 08:02:53 KST | INFO |   Train Loss: 0.1901 | Test Loss: 0.0014 | Test Acc: 88.34%
2026-04-26 08:02:53 KST | INFO |   No improvement (10/30)
2026-04-26 08:02:53 KST | INFO | 
2026-04-26 08:02:53 KST | INFO | Epoch 114/200 | LR: 0.039861
2026-04-26 08:17:58 KST | INFO |   Train Loss: 0.1887 | Test Loss: 0.0015 | Test Acc: 88.14%
2026-04-26 08:17:58 KST | INFO |   No improvement (11/30)
2026-04-26 08:17:58 KST | INFO | 
2026-04-26 08:17:58 KST | INFO | Epoch 115/200 | LR: 0.039093
2026-04-26 08:33:16 KST | INFO |   Train Loss: 0.1864 | Test Loss: 0.0015 | Test Acc: 88.49%
2026-04-26 08:33:16 KST | INFO |   No improvement (12/30)
2026-04-26 08:33:16 KST | INFO | 
2026-04-26 08:33:16 KST | INFO | Epoch 116/200 | LR: 0.038328
2026-04-26 08:48:17 KST | INFO |   Train Loss: 0.1843 | Test Loss: 0.0014 | Test Acc: 88.90%
2026-04-26 08:48:17 KST | INFO |   No improvement (13/30)
2026-04-26 08:48:17 KST | INFO | 
2026-04-26 08:48:17 KST | INFO | Epoch 117/200 | LR: 0.037566
2026-04-26 09:03:38 KST | INFO |   Train Loss: 0.1809 | Test Loss: 0.0016 | Test Acc: 87.97%
2026-04-26 09:03:38 KST | INFO |   No improvement (14/30)
2026-04-26 09:03:38 KST | INFO | 
2026-04-26 09:03:38 KST | INFO | Epoch 118/200 | LR: 0.036807
2026-04-26 09:19:26 KST | INFO |   Train Loss: 0.1757 | Test Loss: 0.0015 | Test Acc: 88.28%
2026-04-26 09:19:26 KST | INFO |   No improvement (15/30)
2026-04-26 09:19:26 KST | INFO | 
2026-04-26 09:19:26 KST | INFO | Epoch 119/200 | LR: 0.036051
2026-04-26 09:34:58 KST | INFO |   Train Loss: 0.1773 | Test Loss: 0.0013 | Test Acc: 89.50%
2026-04-26 09:34:58 KST | INFO |   🏆 New best accuracy: 89.50%
2026-04-26 09:34:58 KST | INFO | 
2026-04-26 09:34:58 KST | INFO | Epoch 120/200 | LR: 0.035299
2026-04-26 09:50:26 KST | INFO |   Train Loss: 0.1725 | Test Loss: 0.0014 | Test Acc: 88.90%
2026-04-26 09:50:26 KST | INFO |   No improvement (1/30)
2026-04-26 09:50:26 KST | INFO | 
2026-04-26 09:50:26 KST | INFO | Epoch 121/200 | LR: 0.034550
2026-04-26 10:05:44 KST | INFO |   Train Loss: 0.1703 | Test Loss: 0.0015 | Test Acc: 88.27%
2026-04-26 10:05:44 KST | INFO |   No improvement (2/30)
2026-04-26 10:05:44 KST | INFO | 
2026-04-26 10:05:44 KST | INFO | Epoch 122/200 | LR: 0.033805
2026-04-26 10:21:24 KST | INFO |   Train Loss: 0.1653 | Test Loss: 0.0014 | Test Acc: 88.63%
2026-04-26 10:21:24 KST | INFO |   No improvement (3/30)
2026-04-26 10:21:24 KST | INFO | 
2026-04-26 10:21:24 KST | INFO | Epoch 123/200 | LR: 0.033064
2026-04-26 10:36:49 KST | INFO |   Train Loss: 0.1669 | Test Loss: 0.0013 | Test Acc: 89.32%
2026-04-26 10:36:49 KST | INFO |   No improvement (4/30)
2026-04-26 10:36:49 KST | INFO | 
2026-04-26 10:36:49 KST | INFO | Epoch 124/200 | LR: 0.032327
2026-04-26 10:52:01 KST | INFO |   Train Loss: 0.1615 | Test Loss: 0.0014 | Test Acc: 89.33%
2026-04-26 10:52:01 KST | INFO |   No improvement (5/30)
2026-04-26 10:52:01 KST | INFO | 
2026-04-26 10:52:01 KST | INFO | Epoch 125/200 | LR: 0.031594
2026-04-26 11:07:29 KST | INFO |   Train Loss: 0.1557 | Test Loss: 0.0014 | Test Acc: 88.58%
2026-04-26 11:07:29 KST | INFO |   No improvement (6/30)
2026-04-26 11:07:29 KST | INFO | 
2026-04-26 11:07:29 KST | INFO | Epoch 126/200 | LR: 0.030867
2026-04-26 11:23:12 KST | INFO |   Train Loss: 0.1583 | Test Loss: 0.0013 | Test Acc: 89.48%
2026-04-26 11:23:12 KST | INFO |   No improvement (7/30)
2026-04-26 11:23:12 KST | INFO | 
2026-04-26 11:23:12 KST | INFO | Epoch 127/200 | LR: 0.030143
2026-04-26 11:38:11 KST | INFO |   Train Loss: 0.1560 | Test Loss: 0.0014 | Test Acc: 88.62%
2026-04-26 11:38:11 KST | INFO |   No improvement (8/30)
2026-04-26 11:38:11 KST | INFO | 
2026-04-26 11:38:11 KST | INFO | Epoch 128/200 | LR: 0.029425
2026-04-26 11:53:21 KST | INFO |   Train Loss: 0.1503 | Test Loss: 0.0015 | Test Acc: 88.48%
2026-04-26 11:53:21 KST | INFO |   No improvement (9/30)
2026-04-26 11:53:21 KST | INFO | 
2026-04-26 11:53:21 KST | INFO | Epoch 129/200 | LR: 0.028712
2026-04-26 12:08:51 KST | INFO |   Train Loss: 0.1452 | Test Loss: 0.0015 | Test Acc: 88.65%
2026-04-26 12:08:51 KST | INFO |   No improvement (10/30)
2026-04-26 12:08:51 KST | INFO | 
2026-04-26 12:08:51 KST | INFO | Epoch 130/200 | LR: 0.028004
2026-04-26 12:24:42 KST | INFO |   Train Loss: 0.1472 | Test Loss: 0.0014 | Test Acc: 88.97%
2026-04-26 12:24:42 KST | INFO |   No improvement (11/30)
2026-04-26 12:24:42 KST | INFO | 
2026-04-26 12:24:42 KST | INFO | Epoch 131/200 | LR: 0.027301
2026-04-26 12:40:18 KST | INFO |   Train Loss: 0.1455 | Test Loss: 0.0014 | Test Acc: 88.78%
2026-04-26 12:40:18 KST | INFO |   No improvement (12/30)
2026-04-26 12:40:18 KST | INFO | 
2026-04-26 12:40:18 KST | INFO | Epoch 132/200 | LR: 0.026604
2026-04-26 12:55:34 KST | INFO |   Train Loss: 0.1409 | Test Loss: 0.0014 | Test Acc: 89.35%
2026-04-26 12:55:34 KST | INFO |   No improvement (13/30)
2026-04-26 12:55:34 KST | INFO | 
2026-04-26 12:55:34 KST | INFO | Epoch 133/200 | LR: 0.025913
2026-04-26 13:10:50 KST | INFO |   Train Loss: 0.1417 | Test Loss: 0.0013 | Test Acc: 89.74%
2026-04-26 13:10:50 KST | INFO |   🏆 New best accuracy: 89.74%
2026-04-26 13:10:50 KST | INFO | 
2026-04-26 13:10:50 KST | INFO | Epoch 134/200 | LR: 0.025228
2026-04-26 13:26:21 KST | INFO |   Train Loss: 0.1387 | Test Loss: 0.0016 | Test Acc: 87.66%
2026-04-26 13:26:21 KST | INFO |   No improvement (1/30)
2026-04-26 13:26:21 KST | INFO | 
2026-04-26 13:26:21 KST | INFO | Epoch 135/200 | LR: 0.024549
2026-04-26 13:42:01 KST | INFO |   Train Loss: 0.1307 | Test Loss: 0.0015 | Test Acc: 88.82%
2026-04-26 13:42:01 KST | INFO |   No improvement (2/30)
2026-04-26 13:42:01 KST | INFO | 
2026-04-26 13:42:01 KST | INFO | Epoch 136/200 | LR: 0.023876
2026-04-26 13:57:37 KST | INFO |   Train Loss: 0.1296 | Test Loss: 0.0014 | Test Acc: 88.99%
2026-04-26 13:57:37 KST | INFO |   No improvement (3/30)
2026-04-26 13:57:37 KST | INFO | 
2026-04-26 13:57:37 KST | INFO | Epoch 137/200 | LR: 0.023209
2026-04-26 14:12:53 KST | INFO |   Train Loss: 0.1292 | Test Loss: 0.0013 | Test Acc: 89.24%
2026-04-26 14:12:53 KST | INFO |   No improvement (4/30)
2026-04-26 14:12:53 KST | INFO | 
2026-04-26 14:12:53 KST | INFO | Epoch 138/200 | LR: 0.022550
2026-04-26 14:28:23 KST | INFO |   Train Loss: 0.1249 | Test Loss: 0.0014 | Test Acc: 88.85%
2026-04-26 14:28:23 KST | INFO |   No improvement (5/30)
2026-04-26 14:28:23 KST | INFO | 
2026-04-26 14:28:23 KST | INFO | Epoch 139/200 | LR: 0.021897
2026-04-26 14:43:33 KST | INFO |   Train Loss: 0.1206 | Test Loss: 0.0014 | Test Acc: 89.18%
2026-04-26 14:43:33 KST | INFO |   No improvement (6/30)
2026-04-26 14:43:33 KST | INFO | 
2026-04-26 14:43:33 KST | INFO | Epoch 140/200 | LR: 0.021251
2026-04-26 14:59:08 KST | INFO |   Train Loss: 0.1219 | Test Loss: 0.0013 | Test Acc: 89.66%
2026-04-26 14:59:08 KST | INFO |   No improvement (7/30)
2026-04-26 14:59:08 KST | INFO | 
2026-04-26 14:59:08 KST | INFO | Epoch 141/200 | LR: 0.020612
2026-04-26 15:14:36 KST | INFO |   Train Loss: 0.1150 | Test Loss: 0.0015 | Test Acc: 88.75%
2026-04-26 15:14:36 KST | INFO |   No improvement (8/30)
2026-04-26 15:14:36 KST | INFO | 
2026-04-26 15:14:36 KST | INFO | Epoch 142/200 | LR: 0.019980
2026-04-26 15:30:05 KST | INFO |   Train Loss: 0.1134 | Test Loss: 0.0015 | Test Acc: 88.94%
2026-04-26 15:30:05 KST | INFO |   No improvement (9/30)
2026-04-26 15:30:05 KST | INFO | 
2026-04-26 15:30:05 KST | INFO | Epoch 143/200 | LR: 0.019355
2026-04-26 15:46:06 KST | INFO |   Train Loss: 0.1145 | Test Loss: 0.0014 | Test Acc: 89.97%
2026-04-26 15:46:06 KST | INFO |   🏆 New best accuracy: 89.97%
2026-04-26 15:46:06 KST | INFO | 
2026-04-26 15:46:06 KST | INFO | Epoch 144/200 | LR: 0.018739
2026-04-26 16:01:31 KST | INFO |   Train Loss: 0.1095 | Test Loss: 0.0014 | Test Acc: 89.84%
2026-04-26 16:01:31 KST | INFO |   No improvement (1/30)
2026-04-26 16:01:31 KST | INFO | 
2026-04-26 16:01:31 KST | INFO | Epoch 145/200 | LR: 0.018130
2026-04-26 16:17:23 KST | INFO |   Train Loss: 0.1064 | Test Loss: 0.0015 | Test Acc: 88.99%
2026-04-26 16:17:23 KST | INFO |   No improvement (2/30)
2026-04-26 16:17:23 KST | INFO | 
2026-04-26 16:17:23 KST | INFO | Epoch 146/200 | LR: 0.017528
2026-04-26 16:34:19 KST | INFO |   Train Loss: 0.1060 | Test Loss: 0.0015 | Test Acc: 89.59%
2026-04-26 16:34:19 KST | INFO |   No improvement (3/30)
2026-04-26 16:34:19 KST | INFO | 
2026-04-26 16:34:19 KST | INFO | Epoch 147/200 | LR: 0.016935
2026-04-26 16:51:35 KST | INFO |   Train Loss: 0.1017 | Test Loss: 0.0014 | Test Acc: 89.30%
2026-04-26 16:51:35 KST | INFO |   No improvement (4/30)
2026-04-26 16:51:35 KST | INFO | 
2026-04-26 16:51:35 KST | INFO | Epoch 148/200 | LR: 0.016350
2026-04-26 17:09:15 KST | INFO |   Train Loss: 0.1006 | Test Loss: 0.0013 | Test Acc: 90.02%
2026-04-26 17:09:15 KST | INFO |   🏆 New best accuracy: 90.02%
2026-04-26 17:09:15 KST | INFO | 
2026-04-26 17:09:15 KST | INFO | Epoch 149/200 | LR: 0.015773
2026-04-26 17:24:41 KST | INFO |   Train Loss: 0.0963 | Test Loss: 0.0013 | Test Acc: 89.83%
2026-04-26 17:24:41 KST | INFO |   No improvement (1/30)
2026-04-26 17:24:41 KST | INFO | 
2026-04-26 17:24:41 KST | INFO | Epoch 150/200 | LR: 0.015205
2026-04-26 17:41:22 KST | INFO |   Train Loss: 0.0940 | Test Loss: 0.0014 | Test Acc: 89.51%
2026-04-26 17:41:22 KST | INFO |   No improvement (2/30)
2026-04-26 17:41:22 KST | INFO | 
2026-04-26 17:41:22 KST | INFO | Epoch 151/200 | LR: 0.014646
2026-04-26 17:57:21 KST | INFO |   Train Loss: 0.0938 | Test Loss: 0.0013 | Test Acc: 90.14%
2026-04-26 17:57:21 KST | INFO |   🏆 New best accuracy: 90.14%
2026-04-26 17:57:21 KST | INFO | 
2026-04-26 17:57:21 KST | INFO | Epoch 152/200 | LR: 0.014095
2026-04-26 18:12:59 KST | INFO |   Train Loss: 0.0894 | Test Loss: 0.0014 | Test Acc: 90.10%
2026-04-26 18:12:59 KST | INFO |   No improvement (1/30)
2026-04-26 18:12:59 KST | INFO | 
2026-04-26 18:12:59 KST | INFO | Epoch 153/200 | LR: 0.013552
2026-04-26 18:28:43 KST | INFO |   Train Loss: 0.0875 | Test Loss: 0.0014 | Test Acc: 89.50%
2026-04-26 18:28:43 KST | INFO |   No improvement (2/30)
2026-04-26 18:28:43 KST | INFO | 
2026-04-26 18:28:43 KST | INFO | Epoch 154/200 | LR: 0.013019
2026-04-26 18:44:41 KST | INFO |   Train Loss: 0.0833 | Test Loss: 0.0014 | Test Acc: 90.12%
2026-04-26 18:44:41 KST | INFO |   No improvement (3/30)
2026-04-26 18:44:41 KST | INFO | 
2026-04-26 18:44:41 KST | INFO | Epoch 155/200 | LR: 0.012495
2026-04-26 19:00:05 KST | INFO |   Train Loss: 0.0839 | Test Loss: 0.0013 | Test Acc: 89.91%
2026-04-26 19:00:05 KST | INFO |   No improvement (4/30)
2026-04-26 19:00:05 KST | INFO | 
2026-04-26 19:00:05 KST | INFO | Epoch 156/200 | LR: 0.011981
2026-04-26 19:15:39 KST | INFO |   Train Loss: 0.0806 | Test Loss: 0.0013 | Test Acc: 90.13%
2026-04-26 19:15:39 KST | INFO |   No improvement (5/30)
2026-04-26 19:15:39 KST | INFO | 
2026-04-26 19:15:39 KST | INFO | Epoch 157/200 | LR: 0.011475
2026-04-26 19:31:16 KST | INFO |   Train Loss: 0.0790 | Test Loss: 0.0014 | Test Acc: 89.73%
2026-04-26 19:31:16 KST | INFO |   No improvement (6/30)
2026-04-26 19:31:16 KST | INFO | 
2026-04-26 19:31:16 KST | INFO | Epoch 158/200 | LR: 0.010979
2026-04-26 19:46:42 KST | INFO |   Train Loss: 0.0766 | Test Loss: 0.0013 | Test Acc: 90.29%
2026-04-26 19:46:42 KST | INFO |   🏆 New best accuracy: 90.29%
2026-04-26 19:46:42 KST | INFO | 
2026-04-26 19:46:42 KST | INFO | Epoch 159/200 | LR: 0.010493
2026-04-26 20:02:10 KST | INFO |   Train Loss: 0.0745 | Test Loss: 0.0014 | Test Acc: 90.04%
2026-04-26 20:02:10 KST | INFO |   No improvement (1/30)
2026-04-26 20:02:10 KST | INFO | 
2026-04-26 20:02:10 KST | INFO | Epoch 160/200 | LR: 0.010017
2026-04-26 20:17:51 KST | INFO |   Train Loss: 0.0714 | Test Loss: 0.0014 | Test Acc: 90.05%
2026-04-26 20:17:51 KST | INFO |   No improvement (2/30)
2026-04-26 20:17:51 KST | INFO | 
2026-04-26 20:17:51 KST | INFO | Epoch 161/200 | LR: 0.009550
2026-04-26 20:33:44 KST | INFO |   Train Loss: 0.0688 | Test Loss: 0.0015 | Test Acc: 89.36%
2026-04-26 20:33:44 KST | INFO |   No improvement (3/30)
2026-04-26 20:33:44 KST | INFO | 
2026-04-26 20:33:44 KST | INFO | Epoch 162/200 | LR: 0.009093
2026-04-26 20:49:03 KST | INFO |   Train Loss: 0.0668 | Test Loss: 0.0014 | Test Acc: 90.04%
2026-04-26 20:49:03 KST | INFO |   No improvement (4/30)
2026-04-26 20:49:03 KST | INFO | 
2026-04-26 20:49:03 KST | INFO | Epoch 163/200 | LR: 0.008647
2026-04-26 21:04:32 KST | INFO |   Train Loss: 0.0689 | Test Loss: 0.0014 | Test Acc: 90.02%
2026-04-26 21:04:32 KST | INFO |   No improvement (5/30)
2026-04-26 21:04:32 KST | INFO | 
2026-04-26 21:04:32 KST | INFO | Epoch 164/200 | LR: 0.008211
2026-04-26 21:20:24 KST | INFO |   Train Loss: 0.0623 | Test Loss: 0.0013 | Test Acc: 90.66%
2026-04-26 21:20:24 KST | INFO |   🏆 New best accuracy: 90.66%
2026-04-26 21:20:24 KST | INFO | 
2026-04-26 21:20:24 KST | INFO | Epoch 165/200 | LR: 0.007785
2026-04-26 21:35:58 KST | INFO |   Train Loss: 0.0621 | Test Loss: 0.0013 | Test Acc: 90.02%
2026-04-26 21:35:58 KST | INFO |   No improvement (1/30)
2026-04-26 21:35:58 KST | INFO | 
2026-04-26 21:35:58 KST | INFO | Epoch 166/200 | LR: 0.007369
2026-04-26 21:51:10 KST | INFO |   Train Loss: 0.0626 | Test Loss: 0.0013 | Test Acc: 90.26%
2026-04-26 21:51:10 KST | INFO |   No improvement (2/30)
2026-04-26 21:51:10 KST | INFO | 
2026-04-26 21:51:10 KST | INFO | Epoch 167/200 | LR: 0.006964
2026-04-26 22:06:19 KST | INFO |   Train Loss: 0.0603 | Test Loss: 0.0013 | Test Acc: 90.05%
2026-04-26 22:06:19 KST | INFO |   No improvement (3/30)
2026-04-26 22:06:19 KST | INFO | 
2026-04-26 22:06:19 KST | INFO | Epoch 168/200 | LR: 0.006569
2026-04-26 22:21:52 KST | INFO |   Train Loss: 0.0580 | Test Loss: 0.0013 | Test Acc: 90.36%
2026-04-26 22:21:52 KST | INFO |   No improvement (4/30)
2026-04-26 22:21:52 KST | INFO | 
2026-04-26 22:21:52 KST | INFO | Epoch 169/200 | LR: 0.006186
2026-04-26 22:37:08 KST | INFO |   Train Loss: 0.0564 | Test Loss: 0.0014 | Test Acc: 89.79%
2026-04-26 22:37:08 KST | INFO |   No improvement (5/30)
2026-04-26 22:37:08 KST | INFO | 
2026-04-26 22:37:08 KST | INFO | Epoch 170/200 | LR: 0.005813
2026-04-26 22:52:48 KST | INFO |   Train Loss: 0.0521 | Test Loss: 0.0013 | Test Acc: 90.48%
2026-04-26 22:52:48 KST | INFO |   No improvement (6/30)
2026-04-26 22:52:48 KST | INFO | 
2026-04-26 22:52:48 KST | INFO | Epoch 171/200 | LR: 0.005451
2026-04-26 23:08:25 KST | INFO |   Train Loss: 0.0524 | Test Loss: 0.0014 | Test Acc: 90.14%
2026-04-26 23:08:25 KST | INFO |   No improvement (7/30)
2026-04-26 23:08:25 KST | INFO | 
2026-04-26 23:08:25 KST | INFO | Epoch 172/200 | LR: 0.005100
2026-04-26 23:24:26 KST | INFO |   Train Loss: 0.0523 | Test Loss: 0.0013 | Test Acc: 90.37%
2026-04-26 23:24:26 KST | INFO |   No improvement (8/30)
2026-04-26 23:24:26 KST | INFO | 
2026-04-26 23:24:26 KST | INFO | Epoch 173/200 | LR: 0.004760
2026-04-26 23:39:52 KST | INFO |   Train Loss: 0.0498 | Test Loss: 0.0014 | Test Acc: 90.33%
2026-04-26 23:39:52 KST | INFO |   No improvement (9/30)
2026-04-26 23:39:52 KST | INFO | 
2026-04-26 23:39:52 KST | INFO | Epoch 174/200 | LR: 0.004431
2026-04-26 23:56:47 KST | INFO |   Train Loss: 0.0482 | Test Loss: 0.0014 | Test Acc: 90.36%
2026-04-26 23:56:47 KST | INFO |   No improvement (10/30)
2026-04-26 23:56:47 KST | INFO | 
2026-04-26 23:56:47 KST | INFO | Epoch 175/200 | LR: 0.004113
2026-04-27 00:14:47 KST | INFO |   Train Loss: 0.0470 | Test Loss: 0.0014 | Test Acc: 90.52%
2026-04-27 00:14:47 KST | INFO |   No improvement (11/30)
2026-04-27 00:14:47 KST | INFO | 
2026-04-27 00:14:47 KST | INFO | Epoch 176/200 | LR: 0.003807
2026-04-27 00:31:34 KST | INFO |   Train Loss: 0.0456 | Test Loss: 0.0014 | Test Acc: 90.28%
2026-04-27 00:31:34 KST | INFO |   No improvement (12/30)
2026-04-27 00:31:34 KST | INFO | 
2026-04-27 00:31:34 KST | INFO | Epoch 177/200 | LR: 0.003512
2026-04-27 00:47:07 KST | INFO |   Train Loss: 0.0455 | Test Loss: 0.0014 | Test Acc: 90.15%
2026-04-27 00:47:07 KST | INFO |   No improvement (13/30)
2026-04-27 00:47:07 KST | INFO | 
2026-04-27 00:47:07 KST | INFO | Epoch 178/200 | LR: 0.003229
2026-04-27 01:02:17 KST | INFO |   Train Loss: 0.0452 | Test Loss: 0.0014 | Test Acc: 90.39%
2026-04-27 01:02:17 KST | INFO |   No improvement (14/30)
2026-04-27 01:02:17 KST | INFO | 
2026-04-27 01:02:17 KST | INFO | Epoch 179/200 | LR: 0.002957
2026-04-27 01:17:38 KST | INFO |   Train Loss: 0.0442 | Test Loss: 0.0014 | Test Acc: 90.18%
2026-04-27 01:17:38 KST | INFO |   No improvement (15/30)
2026-04-27 01:17:38 KST | INFO | 
2026-04-27 01:17:38 KST | INFO | Epoch 180/200 | LR: 0.002697
2026-04-27 01:32:59 KST | INFO |   Train Loss: 0.0422 | Test Loss: 0.0014 | Test Acc: 90.45%
2026-04-27 01:32:59 KST | INFO |   No improvement (16/30)
2026-04-27 01:32:59 KST | INFO | 
2026-04-27 01:32:59 KST | INFO | Epoch 181/200 | LR: 0.002448
2026-04-27 01:48:22 KST | INFO |   Train Loss: 0.0399 | Test Loss: 0.0014 | Test Acc: 90.61%
2026-04-27 01:48:22 KST | INFO |   No improvement (17/30)
2026-04-27 01:48:22 KST | INFO | 
2026-04-27 01:48:22 KST | INFO | Epoch 182/200 | LR: 0.002211
2026-04-27 02:03:51 KST | INFO |   Train Loss: 0.0402 | Test Loss: 0.0014 | Test Acc: 90.26%
2026-04-27 02:03:51 KST | INFO |   No improvement (18/30)
2026-04-27 02:03:51 KST | INFO | 
2026-04-27 02:03:51 KST | INFO | Epoch 183/200 | LR: 0.001986
2026-04-27 02:19:22 KST | INFO |   Train Loss: 0.0399 | Test Loss: 0.0014 | Test Acc: 90.33%
2026-04-27 02:19:22 KST | INFO |   No improvement (19/30)
2026-04-27 02:19:22 KST | INFO | 
2026-04-27 02:19:22 KST | INFO | Epoch 184/200 | LR: 0.001773
2026-04-27 02:34:44 KST | INFO |   Train Loss: 0.0386 | Test Loss: 0.0014 | Test Acc: 90.36%
2026-04-27 02:34:44 KST | INFO |   No improvement (20/30)
2026-04-27 02:34:44 KST | INFO | 
2026-04-27 02:34:44 KST | INFO | Epoch 185/200 | LR: 0.001572
2026-04-27 02:50:03 KST | INFO |   Train Loss: 0.0375 | Test Loss: 0.0014 | Test Acc: 90.56%
2026-04-27 02:50:03 KST | INFO |   No improvement (21/30)
2026-04-27 02:50:03 KST | INFO | 
2026-04-27 02:50:03 KST | INFO | Epoch 186/200 | LR: 0.001382
2026-04-27 03:05:17 KST | INFO |   Train Loss: 0.0367 | Test Loss: 0.0014 | Test Acc: 90.24%
2026-04-27 03:05:17 KST | INFO |   No improvement (22/30)
2026-04-27 03:05:17 KST | INFO | 
2026-04-27 03:05:17 KST | INFO | Epoch 187/200 | LR: 0.001205
2026-04-27 03:20:34 KST | INFO |   Train Loss: 0.0367 | Test Loss: 0.0014 | Test Acc: 90.36%
2026-04-27 03:20:34 KST | INFO |   No improvement (23/30)
2026-04-27 03:20:34 KST | INFO | 
2026-04-27 03:20:34 KST | INFO | Epoch 188/200 | LR: 0.001040
2026-04-27 03:35:50 KST | INFO |   Train Loss: 0.0366 | Test Loss: 0.0014 | Test Acc: 90.36%
2026-04-27 03:35:50 KST | INFO |   No improvement (24/30)
2026-04-27 03:35:50 KST | INFO | 
2026-04-27 03:35:50 KST | INFO | Epoch 189/200 | LR: 0.000887
2026-04-27 03:51:05 KST | INFO |   Train Loss: 0.0358 | Test Loss: 0.0013 | Test Acc: 90.43%
2026-04-27 03:51:05 KST | INFO |   No improvement (25/30)
2026-04-27 03:51:05 KST | INFO | 
2026-04-27 03:51:05 KST | INFO | Epoch 190/200 | LR: 0.000746
2026-04-27 04:05:52 KST | INFO |   Train Loss: 0.0359 | Test Loss: 0.0013 | Test Acc: 90.51%
2026-04-27 04:05:52 KST | INFO |   No improvement (26/30)
2026-04-27 04:05:52 KST | INFO | 
2026-04-27 04:05:52 KST | INFO | Epoch 191/200 | LR: 0.000617
2026-04-27 04:20:59 KST | INFO |   Train Loss: 0.0354 | Test Loss: 0.0014 | Test Acc: 90.46%
2026-04-27 04:20:59 KST | INFO |   No improvement (27/30)
2026-04-27 04:20:59 KST | INFO | 
2026-04-27 04:20:59 KST | INFO | Epoch 192/200 | LR: 0.000500
2026-04-27 04:35:59 KST | INFO |   Train Loss: 0.0338 | Test Loss: 0.0014 | Test Acc: 90.46%
2026-04-27 04:35:59 KST | INFO |   No improvement (28/30)
2026-04-27 04:35:59 KST | INFO | 
2026-04-27 04:35:59 KST | INFO | Epoch 193/200 | LR: 0.000395
2026-04-27 04:50:57 KST | INFO |   Train Loss: 0.0336 | Test Loss: 0.0014 | Test Acc: 90.44%
2026-04-27 04:50:57 KST | INFO |   No improvement (29/30)
2026-04-27 04:50:57 KST | INFO | 
2026-04-27 04:50:57 KST | INFO | Epoch 194/200 | LR: 0.000303
2026-04-27 05:06:18 KST | INFO |   Train Loss: 0.0343 | Test Loss: 0.0014 | Test Acc: 90.57%
2026-04-27 05:06:18 KST | INFO |   No improvement (30/30)
2026-04-27 05:06:18 KST | INFO | 
2026-04-27 05:06:18 KST | INFO | Early stopping after 30 epochs without improvement
2026-04-27 05:06:18 KST | INFO | 
2026-04-27 05:06:18 KST | INFO | ================================================================================
2026-04-27 05:06:18 KST | INFO | TRAINING COMPLETE
2026-04-27 05:06:18 KST | INFO | ================================================================================
2026-04-27 05:06:18 KST | INFO | Best accuracy:  90.66% (Epoch 164)
2026-04-27 05:06:18 KST | INFO | Final accuracy: 90.57%
2026-04-27 05:06:18 KST | INFO | ================================================================================
2026-04-27 05:06:18 KST | INFO | 
2026-04-27 05:06:18 KST | INFO | Notifying nodes of completion...
2026-04-27 05:06:19 KST | INFO | ✓ Nodes notified
2026-04-27 05:06:19 KST | INFO | 
2026-04-27 05:06:19 KST | INFO | Closing connections...
2026-04-27 05:06:19 KST | INFO | ✓ Cleanup complete
2026-04-27 05:06:19 KST | INFO | 
2026-04-27 05:06:19 KST | INFO | Full log: logs/TL++_secure_20260425_025640.log
2026-04-27 05:06:19 KST | INFO | ================================================================================
