2026-03-12 19:03:04 KST | INFO | ================================================================================
2026-03-12 19:03:04 KST | INFO | TL++ Orchestrator
2026-03-12 19:03:04 KST | INFO | ================================================================================
2026-03-12 19:03:04 KST | INFO | Log file: logs/TL++_secure_20260312_190304.log
2026-03-12 19:03:04 KST | INFO | 
2026-03-12 19:03:04 KST | INFO | --------------------------------------------------------------------------------
2026-03-12 19:03:04 KST | INFO | CONFIGURATION
2026-03-12 19:03:04 KST | INFO | --------------------------------------------------------------------------------
2026-03-12 19:03:04 KST | INFO | Secure mode:      True
2026-03-12 19:03:04 KST | INFO | Helper endpoint:  127.0.0.1:8082
2026-03-12 19:03:04 KST | INFO | Activation noise: 2.0%
2026-03-12 19:03:04 KST | INFO | Gradient noise:   10.0%
2026-03-12 19:03:04 KST | INFO | Nodes:            7
2026-03-12 19:03:04 KST | INFO | Cut layer:        3
2026-03-12 19:03:04 KST | INFO | Batch size:       128
2026-03-12 19:03:04 KST | INFO | Learning rate:    0.1
2026-03-12 19:03:04 KST | INFO | 
2026-03-12 19:03:04 KST | INFO | Computation device: cuda
2026-03-12 19:03:04 KST | INFO | Secure mode: ✓ ENABLED
2026-03-12 19:03:04 KST | INFO | 
2026-03-12 19:03:04 KST | INFO | --------------------------------------------------------------------------------
2026-03-12 19:03:04 KST | INFO | NETWORK SETUP
2026-03-12 19:03:04 KST | INFO | --------------------------------------------------------------------------------
2026-03-12 19:03:04 KST | INFO | ✓ Orchestrator listening on 127.0.0.1:8080
2026-03-12 19:03:04 KST | INFO | ✓ Helper node on 127.0.0.1:8082
2026-03-12 19:03:04 KST | INFO | 
2026-03-12 19:03:04 KST | INFO | Waiting for helper node...
2026-03-12 19:03:06 KST | INFO | ✓ Helper node connected
2026-03-12 19:03:06 KST | INFO | ✓ Noise config sent to helper (activation: 2.0%, gradient: 10.0%)
2026-03-12 19:03:06 KST | INFO | 
2026-03-12 19:03:06 KST | INFO | Waiting for 7 node(s)...
2026-03-12 19:03:10 KST | INFO |   ✓ Node 1/7 connected
2026-03-12 19:03:11 KST | INFO |   ✓ Node 2/7 connected
2026-03-12 19:03:12 KST | INFO |   ✓ Node 3/7 connected
2026-03-12 19:03:13 KST | INFO |   ✓ Node 4/7 connected
2026-03-12 19:03:14 KST | INFO |   ✓ Node 5/7 connected
2026-03-12 19:03:15 KST | INFO |   ✓ Node 6/7 connected
2026-03-12 19:03:16 KST | INFO |   ✓ Node 7/7 connected
2026-03-12 19:03:16 KST | INFO | ✓ All 7 node(s) connected
2026-03-12 19:03:16 KST | INFO | 
2026-03-12 19:03:16 KST | INFO | --------------------------------------------------------------------------------
2026-03-12 19:03:16 KST | INFO | MODEL INITIALIZATION
2026-03-12 19:03:16 KST | INFO | --------------------------------------------------------------------------------
2026-03-12 19:03:16 KST | INFO | Node-side parameters: 3,243,072
2026-03-12 19:03:16 KST | INFO | 
2026-03-12 19:03:16 KST | INFO | --------------------------------------------------------------------------------
2026-03-12 19:03:16 KST | INFO | BROADCASTING CONFIGURATION
2026-03-12 19:03:16 KST | INFO | --------------------------------------------------------------------------------
2026-03-12 19:03:16 KST | INFO | ✓ Configuration broadcast to all nodes
2026-03-12 19:03:18 KST | INFO | 
2026-03-12 19:03:18 KST | INFO | Total parameters:     3,246,663
2026-03-12 19:03:18 KST | INFO | Trainable parameters: 3,246,663
2026-03-12 19:03:18 KST | INFO | 
2026-03-12 19:03:18 KST | INFO | --------------------------------------------------------------------------------
2026-03-12 19:03:18 KST | INFO | DATA LOADING
2026-03-12 19:03:18 KST | INFO | --------------------------------------------------------------------------------
2026-03-12 19:03:44 KST | INFO | ✓ Dataset information collected:
2026-03-12 19:03:44 KST | INFO |     Node 1: 5,000 samples
2026-03-12 19:03:44 KST | INFO |     Node 2: 5,000 samples
2026-03-12 19:03:44 KST | INFO |     Node 3: 5,000 samples
2026-03-12 19:03:44 KST | INFO |     Node 4: 5,000 samples
2026-03-12 19:03:44 KST | INFO |     Node 5: 5,000 samples
2026-03-12 19:03:44 KST | INFO |     Node 6: 5,000 samples
2026-03-12 19:03:44 KST | INFO |     Node 7: 5,000 samples
2026-03-12 19:03:44 KST | INFO |   Total training samples: 35,000
2026-03-12 19:03:44 KST | INFO | 
2026-03-12 19:03:47 KST | INFO | ✓ Test dataset loaded: 7,000 samples
2026-03-12 19:03:47 KST | INFO | 
2026-03-12 19:03:47 KST | INFO | ✓ Batch scheduler: 274 batches/epoch
2026-03-12 19:03:47 KST | INFO | 
2026-03-12 19:03:47 KST | INFO | --------------------------------------------------------------------------------
2026-03-12 19:03:47 KST | INFO | OPTIMIZATION SETUP
2026-03-12 19:03:47 KST | INFO | --------------------------------------------------------------------------------
2026-03-12 19:03:47 KST | INFO | ✓ Optimizer: SGD (lr=0.1, momentum=0.9)
2026-03-12 19:03:47 KST | INFO | ✓ Scheduler: cosine
2026-03-12 19:03:47 KST | INFO | ✓ Gradient clipping: 1.0
2026-03-12 19:03:47 KST | INFO | 
2026-03-12 19:03:47 KST | INFO | ================================================================================
2026-03-12 19:03:47 KST | INFO | Setup complete - Ready for training
2026-03-12 19:03:47 KST | INFO | ================================================================================
2026-03-12 19:03:47 KST | INFO | 
2026-03-12 19:03:47 KST | INFO | --------------------------------------------------------------------------------
2026-03-12 19:03:47 KST | INFO | TRAINING
2026-03-12 19:03:47 KST | INFO | --------------------------------------------------------------------------------
2026-03-12 19:03:47 KST | INFO | 
2026-03-12 19:03:47 KST | INFO | Epoch 1/200 | LR: 0.100000
2026-03-12 19:10:37 KST | INFO |   Train Loss: 1.5145 | Test Loss: 0.0060 | Test Acc: 45.93%
2026-03-12 19:10:37 KST | INFO |   🏆 New best accuracy: 45.93%
2026-03-12 19:10:37 KST | INFO | 
2026-03-12 19:10:37 KST | INFO | Epoch 2/200 | LR: 0.099994
2026-03-12 19:17:24 KST | INFO |   Train Loss: 1.1655 | Test Loss: 0.0041 | Test Acc: 60.91%
2026-03-12 19:17:24 KST | INFO |   🏆 New best accuracy: 60.91%
2026-03-12 19:17:24 KST | INFO | 
2026-03-12 19:17:24 KST | INFO | Epoch 3/200 | LR: 0.099975
2026-03-12 19:24:06 KST | INFO |   Train Loss: 0.9462 | Test Loss: 0.0033 | Test Acc: 69.61%
2026-03-12 19:24:06 KST | INFO |   🏆 New best accuracy: 69.61%
2026-03-12 19:24:06 KST | INFO | 
2026-03-12 19:24:06 KST | INFO | Epoch 4/200 | LR: 0.099944
2026-03-12 19:30:49 KST | INFO |   Train Loss: 0.8099 | Test Loss: 0.0028 | Test Acc: 74.50%
2026-03-12 19:30:49 KST | INFO |   🏆 New best accuracy: 74.50%
2026-03-12 19:30:49 KST | INFO | 
2026-03-12 19:30:49 KST | INFO | Epoch 5/200 | LR: 0.099901
2026-03-12 19:37:32 KST | INFO |   Train Loss: 0.7138 | Test Loss: 0.0029 | Test Acc: 74.14%
2026-03-12 19:37:32 KST | INFO |   No improvement (1/30)
2026-03-12 19:37:32 KST | INFO | 
2026-03-12 19:37:32 KST | INFO | Epoch 6/200 | LR: 0.099846
2026-03-12 19:44:14 KST | INFO |   Train Loss: 0.6444 | Test Loss: 0.0025 | Test Acc: 78.17%
2026-03-12 19:44:14 KST | INFO |   🏆 New best accuracy: 78.17%
2026-03-12 19:44:14 KST | INFO | 
2026-03-12 19:44:14 KST | INFO | Epoch 7/200 | LR: 0.099778
2026-03-12 19:51:03 KST | INFO |   Train Loss: 0.6016 | Test Loss: 0.0022 | Test Acc: 80.34%
2026-03-12 19:51:03 KST | INFO |   🏆 New best accuracy: 80.34%
2026-03-12 19:51:03 KST | INFO | 
2026-03-12 19:51:03 KST | INFO | Epoch 8/200 | LR: 0.099698
2026-03-12 19:57:56 KST | INFO |   Train Loss: 0.5622 | Test Loss: 0.0023 | Test Acc: 79.64%
2026-03-12 19:57:56 KST | INFO |   No improvement (1/30)
2026-03-12 19:57:56 KST | INFO | 
2026-03-12 19:57:56 KST | INFO | Epoch 9/200 | LR: 0.099606
2026-03-12 20:04:49 KST | INFO |   Train Loss: 0.5340 | Test Loss: 0.0020 | Test Acc: 82.30%
2026-03-12 20:04:49 KST | INFO |   🏆 New best accuracy: 82.30%
2026-03-12 20:04:49 KST | INFO | 
2026-03-12 20:04:49 KST | INFO | Epoch 10/200 | LR: 0.099501
2026-03-12 20:11:37 KST | INFO |   Train Loss: 0.5046 | Test Loss: 0.0021 | Test Acc: 81.93%
2026-03-12 20:11:37 KST | INFO |   No improvement (1/30)
2026-03-12 20:11:37 KST | INFO | 
2026-03-12 20:11:37 KST | INFO | Epoch 11/200 | LR: 0.099384
2026-03-12 20:18:25 KST | INFO |   Train Loss: 0.4806 | Test Loss: 0.0019 | Test Acc: 83.41%
2026-03-12 20:18:25 KST | INFO |   🏆 New best accuracy: 83.41%
2026-03-12 20:18:25 KST | INFO | 
2026-03-12 20:18:25 KST | INFO | Epoch 12/200 | LR: 0.099255
2026-03-12 20:25:13 KST | INFO |   Train Loss: 0.4651 | Test Loss: 0.0020 | Test Acc: 82.64%
2026-03-12 20:25:13 KST | INFO |   No improvement (1/30)
2026-03-12 20:25:13 KST | INFO | 
2026-03-12 20:25:13 KST | INFO | Epoch 13/200 | LR: 0.099114
2026-03-12 20:32:01 KST | INFO |   Train Loss: 0.4407 | Test Loss: 0.0020 | Test Acc: 83.09%
2026-03-12 20:32:01 KST | INFO |   No improvement (2/30)
2026-03-12 20:32:01 KST | INFO | 
2026-03-12 20:32:01 KST | INFO | Epoch 14/200 | LR: 0.098961
2026-03-12 20:38:41 KST | INFO |   Train Loss: 0.4279 | Test Loss: 0.0018 | Test Acc: 84.81%
2026-03-12 20:38:41 KST | INFO |   🏆 New best accuracy: 84.81%
2026-03-12 20:38:41 KST | INFO | 
2026-03-12 20:38:41 KST | INFO | Epoch 15/200 | LR: 0.098796
2026-03-12 20:45:23 KST | INFO |   Train Loss: 0.4173 | Test Loss: 0.0018 | Test Acc: 84.09%
2026-03-12 20:45:23 KST | INFO |   No improvement (1/30)
2026-03-12 20:45:23 KST | INFO | 
2026-03-12 20:45:23 KST | INFO | Epoch 16/200 | LR: 0.098619
2026-03-12 20:51:56 KST | INFO |   Train Loss: 0.4049 | Test Loss: 0.0017 | Test Acc: 84.93%
2026-03-12 20:51:56 KST | INFO |   🏆 New best accuracy: 84.93%
2026-03-12 20:51:56 KST | INFO | 
2026-03-12 20:51:56 KST | INFO | Epoch 17/200 | LR: 0.098429
2026-03-12 20:58:35 KST | INFO |   Train Loss: 0.3985 | Test Loss: 0.0017 | Test Acc: 85.41%
2026-03-12 20:58:35 KST | INFO |   🏆 New best accuracy: 85.41%
2026-03-12 20:58:35 KST | INFO | 
2026-03-12 20:58:35 KST | INFO | Epoch 18/200 | LR: 0.098228
2026-03-12 21:05:13 KST | INFO |   Train Loss: 0.3838 | Test Loss: 0.0019 | Test Acc: 83.97%
2026-03-12 21:05:13 KST | INFO |   No improvement (1/30)
2026-03-12 21:05:13 KST | INFO | 
2026-03-12 21:05:13 KST | INFO | Epoch 19/200 | LR: 0.098015
2026-03-12 21:11:53 KST | INFO |   Train Loss: 0.3769 | Test Loss: 0.0018 | Test Acc: 84.66%
2026-03-12 21:11:53 KST | INFO |   No improvement (2/30)
2026-03-12 21:11:53 KST | INFO | 
2026-03-12 21:11:53 KST | INFO | Epoch 20/200 | LR: 0.097790
2026-03-12 21:18:38 KST | INFO |   Train Loss: 0.3714 | Test Loss: 0.0017 | Test Acc: 85.06%
2026-03-12 21:18:38 KST | INFO |   No improvement (3/30)
2026-03-12 21:18:38 KST | INFO | 
2026-03-12 21:18:38 KST | INFO | Epoch 21/200 | LR: 0.097553
2026-03-12 21:25:29 KST | INFO |   Train Loss: 0.3651 | Test Loss: 0.0016 | Test Acc: 86.54%
2026-03-12 21:25:29 KST | INFO |   🏆 New best accuracy: 86.54%
2026-03-12 21:25:29 KST | INFO | 
2026-03-12 21:25:29 KST | INFO | Epoch 22/200 | LR: 0.097304
2026-03-12 21:32:23 KST | INFO |   Train Loss: 0.3507 | Test Loss: 0.0018 | Test Acc: 84.34%
2026-03-12 21:32:23 KST | INFO |   No improvement (1/30)
2026-03-12 21:32:23 KST | INFO | 
2026-03-12 21:32:23 KST | INFO | Epoch 23/200 | LR: 0.097044
2026-03-12 21:39:08 KST | INFO |   Train Loss: 0.3491 | Test Loss: 0.0016 | Test Acc: 85.83%
2026-03-12 21:39:08 KST | INFO |   No improvement (2/30)
2026-03-12 21:39:08 KST | INFO | 
2026-03-12 21:39:08 KST | INFO | Epoch 24/200 | LR: 0.096772
2026-03-12 21:45:54 KST | INFO |   Train Loss: 0.3418 | Test Loss: 0.0019 | Test Acc: 84.49%
2026-03-12 21:45:54 KST | INFO |   No improvement (3/30)
2026-03-12 21:45:54 KST | INFO | 
2026-03-12 21:45:54 KST | INFO | Epoch 25/200 | LR: 0.096489
2026-03-12 21:52:37 KST | INFO |   Train Loss: 0.3417 | Test Loss: 0.0017 | Test Acc: 86.21%
2026-03-12 21:52:37 KST | INFO |   No improvement (4/30)
2026-03-12 21:52:37 KST | INFO | 
2026-03-12 21:52:37 KST | INFO | Epoch 26/200 | LR: 0.096194
2026-03-12 21:59:14 KST | INFO |   Train Loss: 0.3401 | Test Loss: 0.0017 | Test Acc: 85.24%
2026-03-12 21:59:14 KST | INFO |   No improvement (5/30)
2026-03-12 21:59:14 KST | INFO | 
2026-03-12 21:59:14 KST | INFO | Epoch 27/200 | LR: 0.095888
2026-03-12 22:05:56 KST | INFO |   Train Loss: 0.3308 | Test Loss: 0.0016 | Test Acc: 86.23%
2026-03-12 22:05:56 KST | INFO |   No improvement (6/30)
2026-03-12 22:05:56 KST | INFO | 
2026-03-12 22:05:56 KST | INFO | Epoch 28/200 | LR: 0.095570
2026-03-12 22:12:28 KST | INFO |   Train Loss: 0.3247 | Test Loss: 0.0017 | Test Acc: 85.89%
2026-03-12 22:12:28 KST | INFO |   No improvement (7/30)
2026-03-12 22:12:28 KST | INFO | 
2026-03-12 22:12:28 KST | INFO | Epoch 29/200 | LR: 0.095241
2026-03-12 22:18:57 KST | INFO |   Train Loss: 0.3232 | Test Loss: 0.0015 | Test Acc: 87.37%
2026-03-12 22:18:57 KST | INFO |   🏆 New best accuracy: 87.37%
2026-03-12 22:18:57 KST | INFO | 
2026-03-12 22:18:57 KST | INFO | Epoch 30/200 | LR: 0.094901
2026-03-12 22:25:47 KST | INFO |   Train Loss: 0.3181 | Test Loss: 0.0016 | Test Acc: 86.39%
2026-03-12 22:25:47 KST | INFO |   No improvement (1/30)
2026-03-12 22:25:47 KST | INFO | 
2026-03-12 22:25:47 KST | INFO | Epoch 31/200 | LR: 0.094550
2026-03-12 22:32:28 KST | INFO |   Train Loss: 0.3117 | Test Loss: 0.0016 | Test Acc: 86.77%
2026-03-12 22:32:28 KST | INFO |   No improvement (2/30)
2026-03-12 22:32:28 KST | INFO | 
2026-03-12 22:32:28 KST | INFO | Epoch 32/200 | LR: 0.094188
2026-03-12 22:39:18 KST | INFO |   Train Loss: 0.3087 | Test Loss: 0.0017 | Test Acc: 85.56%
2026-03-12 22:39:18 KST | INFO |   No improvement (3/30)
2026-03-12 22:39:18 KST | INFO | 
2026-03-12 22:39:18 KST | INFO | Epoch 33/200 | LR: 0.093815
2026-03-12 22:46:04 KST | INFO |   Train Loss: 0.3076 | Test Loss: 0.0015 | Test Acc: 87.27%
2026-03-12 22:46:04 KST | INFO |   No improvement (4/30)
2026-03-12 22:46:04 KST | INFO | 
2026-03-12 22:46:04 KST | INFO | Epoch 34/200 | LR: 0.093432
2026-03-12 22:52:57 KST | INFO |   Train Loss: 0.3049 | Test Loss: 0.0019 | Test Acc: 84.11%
2026-03-12 22:52:57 KST | INFO |   No improvement (5/30)
2026-03-12 22:52:57 KST | INFO | 
2026-03-12 22:52:57 KST | INFO | Epoch 35/200 | LR: 0.093037
2026-03-12 22:59:48 KST | INFO |   Train Loss: 0.2997 | Test Loss: 0.0015 | Test Acc: 87.20%
2026-03-12 22:59:48 KST | INFO |   No improvement (6/30)
2026-03-12 22:59:48 KST | INFO | 
2026-03-12 22:59:48 KST | INFO | Epoch 36/200 | LR: 0.092632
2026-03-12 23:06:33 KST | INFO |   Train Loss: 0.2934 | Test Loss: 0.0016 | Test Acc: 87.04%
2026-03-12 23:06:33 KST | INFO |   No improvement (7/30)
2026-03-12 23:06:33 KST | INFO | 
2026-03-12 23:06:33 KST | INFO | Epoch 37/200 | LR: 0.092216
2026-03-12 23:13:22 KST | INFO |   Train Loss: 0.2922 | Test Loss: 0.0015 | Test Acc: 87.96%
2026-03-12 23:13:22 KST | INFO |   🏆 New best accuracy: 87.96%
2026-03-12 23:13:22 KST | INFO | 
2026-03-12 23:13:22 KST | INFO | Epoch 38/200 | LR: 0.091790
2026-03-12 23:20:11 KST | INFO |   Train Loss: 0.2893 | Test Loss: 0.0014 | Test Acc: 88.30%
2026-03-12 23:20:11 KST | INFO |   🏆 New best accuracy: 88.30%
2026-03-12 23:20:11 KST | INFO | 
2026-03-12 23:20:11 KST | INFO | Epoch 39/200 | LR: 0.091354
2026-03-12 23:27:05 KST | INFO |   Train Loss: 0.2877 | Test Loss: 0.0014 | Test Acc: 88.34%
2026-03-12 23:27:05 KST | INFO |   🏆 New best accuracy: 88.34%
2026-03-12 23:27:05 KST | INFO | 
2026-03-12 23:27:05 KST | INFO | Epoch 40/200 | LR: 0.090908
2026-03-12 23:33:57 KST | INFO |   Train Loss: 0.2813 | Test Loss: 0.0018 | Test Acc: 85.99%
2026-03-12 23:33:57 KST | INFO |   No improvement (1/30)
2026-03-12 23:33:57 KST | INFO | 
2026-03-12 23:33:57 KST | INFO | Epoch 41/200 | LR: 0.090451
2026-03-12 23:40:49 KST | INFO |   Train Loss: 0.2813 | Test Loss: 0.0020 | Test Acc: 83.83%
2026-03-12 23:40:49 KST | INFO |   No improvement (2/30)
2026-03-12 23:40:49 KST | INFO | 
2026-03-12 23:40:49 KST | INFO | Epoch 42/200 | LR: 0.089984
2026-03-12 23:47:39 KST | INFO |   Train Loss: 0.2790 | Test Loss: 0.0015 | Test Acc: 87.77%
2026-03-12 23:47:39 KST | INFO |   No improvement (3/30)
2026-03-12 23:47:39 KST | INFO | 
2026-03-12 23:47:39 KST | INFO | Epoch 43/200 | LR: 0.089508
2026-03-12 23:54:20 KST | INFO |   Train Loss: 0.2747 | Test Loss: 0.0015 | Test Acc: 86.74%
2026-03-12 23:54:20 KST | INFO |   No improvement (4/30)
2026-03-12 23:54:20 KST | INFO | 
2026-03-12 23:54:20 KST | INFO | Epoch 44/200 | LR: 0.089022
2026-03-13 00:01:20 KST | INFO |   Train Loss: 0.2749 | Test Loss: 0.0019 | Test Acc: 84.99%
2026-03-13 00:01:20 KST | INFO |   No improvement (5/30)
2026-03-13 00:01:20 KST | INFO | 
2026-03-13 00:01:20 KST | INFO | Epoch 45/200 | LR: 0.088526
2026-03-13 00:08:12 KST | INFO |   Train Loss: 0.2741 | Test Loss: 0.0015 | Test Acc: 87.51%
2026-03-13 00:08:12 KST | INFO |   No improvement (6/30)
2026-03-13 00:08:12 KST | INFO | 
2026-03-13 00:08:12 KST | INFO | Epoch 46/200 | LR: 0.088020
2026-03-13 00:14:53 KST | INFO |   Train Loss: 0.2708 | Test Loss: 0.0016 | Test Acc: 86.44%
2026-03-13 00:14:53 KST | INFO |   No improvement (7/30)
2026-03-13 00:14:53 KST | INFO | 
2026-03-13 00:14:53 KST | INFO | Epoch 47/200 | LR: 0.087506
2026-03-13 00:21:38 KST | INFO |   Train Loss: 0.2650 | Test Loss: 0.0017 | Test Acc: 86.17%
2026-03-13 00:21:38 KST | INFO |   No improvement (8/30)
2026-03-13 00:21:38 KST | INFO | 
2026-03-13 00:21:38 KST | INFO | Epoch 48/200 | LR: 0.086982
2026-03-13 00:28:24 KST | INFO |   Train Loss: 0.2603 | Test Loss: 0.0016 | Test Acc: 86.71%
2026-03-13 00:28:24 KST | INFO |   No improvement (9/30)
2026-03-13 00:28:24 KST | INFO | 
2026-03-13 00:28:24 KST | INFO | Epoch 49/200 | LR: 0.086449
2026-03-13 00:35:10 KST | INFO |   Train Loss: 0.2651 | Test Loss: 0.0017 | Test Acc: 86.17%
2026-03-13 00:35:10 KST | INFO |   No improvement (10/30)
2026-03-13 00:35:10 KST | INFO | 
2026-03-13 00:35:10 KST | INFO | Epoch 50/200 | LR: 0.085906
2026-03-13 00:41:57 KST | INFO |   Train Loss: 0.2550 | Test Loss: 0.0014 | Test Acc: 88.40%
2026-03-13 00:41:57 KST | INFO |   🏆 New best accuracy: 88.40%
2026-03-13 00:41:57 KST | INFO | 
2026-03-13 00:41:57 KST | INFO | Epoch 51/200 | LR: 0.085355
2026-03-13 00:48:46 KST | INFO |   Train Loss: 0.2523 | Test Loss: 0.0014 | Test Acc: 88.10%
2026-03-13 00:48:46 KST | INFO |   No improvement (1/30)
2026-03-13 00:48:46 KST | INFO | 
2026-03-13 00:48:46 KST | INFO | Epoch 52/200 | LR: 0.084796
2026-03-13 00:55:30 KST | INFO |   Train Loss: 0.2509 | Test Loss: 0.0014 | Test Acc: 87.81%
2026-03-13 00:55:30 KST | INFO |   No improvement (2/30)
2026-03-13 00:55:30 KST | INFO | 
2026-03-13 00:55:30 KST | INFO | Epoch 53/200 | LR: 0.084228
2026-03-13 01:02:13 KST | INFO |   Train Loss: 0.2496 | Test Loss: 0.0018 | Test Acc: 86.20%
2026-03-13 01:02:13 KST | INFO |   No improvement (3/30)
2026-03-13 01:02:13 KST | INFO | 
2026-03-13 01:02:13 KST | INFO | Epoch 54/200 | LR: 0.083651
2026-03-13 01:08:58 KST | INFO |   Train Loss: 0.2530 | Test Loss: 0.0016 | Test Acc: 86.57%
2026-03-13 01:08:58 KST | INFO |   No improvement (4/30)
2026-03-13 01:08:58 KST | INFO | 
2026-03-13 01:08:58 KST | INFO | Epoch 55/200 | LR: 0.083066
2026-03-13 01:15:49 KST | INFO |   Train Loss: 0.2441 | Test Loss: 0.0015 | Test Acc: 87.43%
2026-03-13 01:15:49 KST | INFO |   No improvement (5/30)
2026-03-13 01:15:49 KST | INFO | 
2026-03-13 01:15:49 KST | INFO | Epoch 56/200 | LR: 0.082473
2026-03-13 01:22:32 KST | INFO |   Train Loss: 0.2458 | Test Loss: 0.0021 | Test Acc: 83.87%
2026-03-13 01:22:32 KST | INFO |   No improvement (6/30)
2026-03-13 01:22:32 KST | INFO | 
2026-03-13 01:22:32 KST | INFO | Epoch 57/200 | LR: 0.081871
2026-03-13 01:29:19 KST | INFO |   Train Loss: 0.2419 | Test Loss: 0.0016 | Test Acc: 86.64%
2026-03-13 01:29:19 KST | INFO |   No improvement (7/30)
2026-03-13 01:29:19 KST | INFO | 
2026-03-13 01:29:19 KST | INFO | Epoch 58/200 | LR: 0.081262
2026-03-13 01:36:09 KST | INFO |   Train Loss: 0.2351 | Test Loss: 0.0018 | Test Acc: 86.34%
2026-03-13 01:36:09 KST | INFO |   No improvement (8/30)
2026-03-13 01:36:09 KST | INFO | 
2026-03-13 01:36:09 KST | INFO | Epoch 59/200 | LR: 0.080646
2026-03-13 01:42:59 KST | INFO |   Train Loss: 0.2359 | Test Loss: 0.0015 | Test Acc: 87.89%
2026-03-13 01:42:59 KST | INFO |   No improvement (9/30)
2026-03-13 01:42:59 KST | INFO | 
2026-03-13 01:42:59 KST | INFO | Epoch 60/200 | LR: 0.080021
2026-03-13 01:49:40 KST | INFO |   Train Loss: 0.2372 | Test Loss: 0.0013 | Test Acc: 89.06%
2026-03-13 01:49:40 KST | INFO |   🏆 New best accuracy: 89.06%
2026-03-13 01:49:40 KST | INFO | 
2026-03-13 01:49:40 KST | INFO | Epoch 61/200 | LR: 0.079389
2026-03-13 01:56:18 KST | INFO |   Train Loss: 0.2341 | Test Loss: 0.0016 | Test Acc: 87.26%
2026-03-13 01:56:18 KST | INFO |   No improvement (1/30)
2026-03-13 01:56:18 KST | INFO | 
2026-03-13 01:56:18 KST | INFO | Epoch 62/200 | LR: 0.078750
2026-03-13 02:03:03 KST | INFO |   Train Loss: 0.2327 | Test Loss: 0.0014 | Test Acc: 87.94%
2026-03-13 02:03:03 KST | INFO |   No improvement (2/30)
2026-03-13 02:03:03 KST | INFO | 
2026-03-13 02:03:03 KST | INFO | Epoch 63/200 | LR: 0.078104
2026-03-13 02:09:40 KST | INFO |   Train Loss: 0.2300 | Test Loss: 0.0013 | Test Acc: 88.64%
2026-03-13 02:09:40 KST | INFO |   No improvement (3/30)
2026-03-13 02:09:40 KST | INFO | 
2026-03-13 02:09:40 KST | INFO | Epoch 64/200 | LR: 0.077451
2026-03-13 02:16:24 KST | INFO |   Train Loss: 0.2250 | Test Loss: 0.0015 | Test Acc: 87.07%
2026-03-13 02:16:24 KST | INFO |   No improvement (4/30)
2026-03-13 02:16:24 KST | INFO | 
2026-03-13 02:16:24 KST | INFO | Epoch 65/200 | LR: 0.076792
2026-03-13 02:23:12 KST | INFO |   Train Loss: 0.2228 | Test Loss: 0.0016 | Test Acc: 87.51%
2026-03-13 02:23:12 KST | INFO |   No improvement (5/30)
2026-03-13 02:23:12 KST | INFO | 
2026-03-13 02:23:12 KST | INFO | Epoch 66/200 | LR: 0.076125
2026-03-13 02:29:54 KST | INFO |   Train Loss: 0.2231 | Test Loss: 0.0016 | Test Acc: 87.74%
2026-03-13 02:29:54 KST | INFO |   No improvement (6/30)
2026-03-13 02:29:54 KST | INFO | 
2026-03-13 02:29:54 KST | INFO | Epoch 67/200 | LR: 0.075452
2026-03-13 02:36:35 KST | INFO |   Train Loss: 0.2227 | Test Loss: 0.0015 | Test Acc: 88.67%
2026-03-13 02:36:35 KST | INFO |   No improvement (7/30)
2026-03-13 02:36:35 KST | INFO | 
2026-03-13 02:36:35 KST | INFO | Epoch 68/200 | LR: 0.074773
2026-03-13 02:43:24 KST | INFO |   Train Loss: 0.2175 | Test Loss: 0.0015 | Test Acc: 87.86%
2026-03-13 02:43:24 KST | INFO |   No improvement (8/30)
2026-03-13 02:43:24 KST | INFO | 
2026-03-13 02:43:24 KST | INFO | Epoch 69/200 | LR: 0.074088
2026-03-13 02:50:12 KST | INFO |   Train Loss: 0.2153 | Test Loss: 0.0016 | Test Acc: 87.09%
2026-03-13 02:50:12 KST | INFO |   No improvement (9/30)
2026-03-13 02:50:12 KST | INFO | 
2026-03-13 02:50:12 KST | INFO | Epoch 70/200 | LR: 0.073397
2026-03-13 02:56:50 KST | INFO |   Train Loss: 0.2181 | Test Loss: 0.0018 | Test Acc: 85.41%
2026-03-13 02:56:50 KST | INFO |   No improvement (10/30)
2026-03-13 02:56:50 KST | INFO | 
2026-03-13 02:56:50 KST | INFO | Epoch 71/200 | LR: 0.072700
2026-03-13 03:03:31 KST | INFO |   Train Loss: 0.2142 | Test Loss: 0.0015 | Test Acc: 87.77%
2026-03-13 03:03:31 KST | INFO |   No improvement (11/30)
2026-03-13 03:03:31 KST | INFO | 
2026-03-13 03:03:31 KST | INFO | Epoch 72/200 | LR: 0.071997
2026-03-13 03:10:08 KST | INFO |   Train Loss: 0.2115 | Test Loss: 0.0013 | Test Acc: 88.96%
2026-03-13 03:10:08 KST | INFO |   No improvement (12/30)
2026-03-13 03:10:08 KST | INFO | 
2026-03-13 03:10:08 KST | INFO | Epoch 73/200 | LR: 0.071289
2026-03-13 03:16:55 KST | INFO |   Train Loss: 0.2040 | Test Loss: 0.0014 | Test Acc: 89.24%
2026-03-13 03:16:55 KST | INFO |   🏆 New best accuracy: 89.24%
2026-03-13 03:16:55 KST | INFO | 
2026-03-13 03:16:55 KST | INFO | Epoch 74/200 | LR: 0.070576
2026-03-13 03:23:40 KST | INFO |   Train Loss: 0.2100 | Test Loss: 0.0016 | Test Acc: 87.34%
2026-03-13 03:23:40 KST | INFO |   No improvement (1/30)
2026-03-13 03:23:40 KST | INFO | 
2026-03-13 03:23:40 KST | INFO | Epoch 75/200 | LR: 0.069858
2026-03-13 03:30:28 KST | INFO |   Train Loss: 0.1982 | Test Loss: 0.0016 | Test Acc: 87.06%
2026-03-13 03:30:28 KST | INFO |   No improvement (2/30)
2026-03-13 03:30:28 KST | INFO | 
2026-03-13 03:30:28 KST | INFO | Epoch 76/200 | LR: 0.069134
2026-03-13 03:37:12 KST | INFO |   Train Loss: 0.2033 | Test Loss: 0.0016 | Test Acc: 87.64%
2026-03-13 03:37:12 KST | INFO |   No improvement (3/30)
2026-03-13 03:37:12 KST | INFO | 
2026-03-13 03:37:12 KST | INFO | Epoch 77/200 | LR: 0.068407
2026-03-13 03:43:59 KST | INFO |   Train Loss: 0.1979 | Test Loss: 0.0013 | Test Acc: 89.33%
2026-03-13 03:43:59 KST | INFO |   🏆 New best accuracy: 89.33%
2026-03-13 03:43:59 KST | INFO | 
2026-03-13 03:43:59 KST | INFO | Epoch 78/200 | LR: 0.067674
2026-03-13 03:50:47 KST | INFO |   Train Loss: 0.1929 | Test Loss: 0.0015 | Test Acc: 88.76%
2026-03-13 03:50:47 KST | INFO |   No improvement (1/30)
2026-03-13 03:50:47 KST | INFO | 
2026-03-13 03:50:47 KST | INFO | Epoch 79/200 | LR: 0.066937
2026-03-13 03:57:21 KST | INFO |   Train Loss: 0.1929 | Test Loss: 0.0015 | Test Acc: 87.74%
2026-03-13 03:57:21 KST | INFO |   No improvement (2/30)
2026-03-13 03:57:21 KST | INFO | 
2026-03-13 03:57:21 KST | INFO | Epoch 80/200 | LR: 0.066196
2026-03-13 04:04:08 KST | INFO |   Train Loss: 0.1907 | Test Loss: 0.0015 | Test Acc: 87.86%
2026-03-13 04:04:08 KST | INFO |   No improvement (3/30)
2026-03-13 04:04:08 KST | INFO | 
2026-03-13 04:04:08 KST | INFO | Epoch 81/200 | LR: 0.065451
2026-03-13 04:10:58 KST | INFO |   Train Loss: 0.1886 | Test Loss: 0.0015 | Test Acc: 87.99%
2026-03-13 04:10:58 KST | INFO |   No improvement (4/30)
2026-03-13 04:10:58 KST | INFO | 
2026-03-13 04:10:58 KST | INFO | Epoch 82/200 | LR: 0.064702
2026-03-13 04:17:40 KST | INFO |   Train Loss: 0.1873 | Test Loss: 0.0013 | Test Acc: 89.63%
2026-03-13 04:17:40 KST | INFO |   🏆 New best accuracy: 89.63%
2026-03-13 04:17:40 KST | INFO | 
2026-03-13 04:17:40 KST | INFO | Epoch 83/200 | LR: 0.063950
2026-03-13 04:24:29 KST | INFO |   Train Loss: 0.1852 | Test Loss: 0.0013 | Test Acc: 89.16%
2026-03-13 04:24:29 KST | INFO |   No improvement (1/30)
2026-03-13 04:24:29 KST | INFO | 
2026-03-13 04:24:29 KST | INFO | Epoch 84/200 | LR: 0.063194
2026-03-13 04:31:19 KST | INFO |   Train Loss: 0.1864 | Test Loss: 0.0013 | Test Acc: 89.50%
2026-03-13 04:31:19 KST | INFO |   No improvement (2/30)
2026-03-13 04:31:19 KST | INFO | 
2026-03-13 04:31:19 KST | INFO | Epoch 85/200 | LR: 0.062435
2026-03-13 04:37:53 KST | INFO |   Train Loss: 0.1830 | Test Loss: 0.0015 | Test Acc: 88.37%
2026-03-13 04:37:53 KST | INFO |   No improvement (3/30)
2026-03-13 04:37:53 KST | INFO | 
2026-03-13 04:37:53 KST | INFO | Epoch 86/200 | LR: 0.061673
2026-03-13 04:44:36 KST | INFO |   Train Loss: 0.1832 | Test Loss: 0.0013 | Test Acc: 89.63%
2026-03-13 04:44:36 KST | INFO |   No improvement (4/30)
2026-03-13 04:44:36 KST | INFO | 
2026-03-13 04:44:36 KST | INFO | Epoch 87/200 | LR: 0.060908
2026-03-13 04:51:16 KST | INFO |   Train Loss: 0.1768 | Test Loss: 0.0012 | Test Acc: 90.20%
2026-03-13 04:51:16 KST | INFO |   🏆 New best accuracy: 90.20%
2026-03-13 04:51:16 KST | INFO | 
2026-03-13 04:51:16 KST | INFO | Epoch 88/200 | LR: 0.060140
2026-03-13 04:58:01 KST | INFO |   Train Loss: 0.1784 | Test Loss: 0.0013 | Test Acc: 88.97%
2026-03-13 04:58:01 KST | INFO |   No improvement (1/30)
2026-03-13 04:58:01 KST | INFO | 
2026-03-13 04:58:01 KST | INFO | Epoch 89/200 | LR: 0.059369
2026-03-13 05:04:38 KST | INFO |   Train Loss: 0.1766 | Test Loss: 0.0014 | Test Acc: 89.56%
2026-03-13 05:04:38 KST | INFO |   No improvement (2/30)
2026-03-13 05:04:38 KST | INFO | 
2026-03-13 05:04:38 KST | INFO | Epoch 90/200 | LR: 0.058597
2026-03-13 05:11:25 KST | INFO |   Train Loss: 0.1706 | Test Loss: 0.0013 | Test Acc: 89.30%
2026-03-13 05:11:25 KST | INFO |   No improvement (3/30)
2026-03-13 05:11:25 KST | INFO | 
2026-03-13 05:11:25 KST | INFO | Epoch 91/200 | LR: 0.057822
2026-03-13 05:17:59 KST | INFO |   Train Loss: 0.1660 | Test Loss: 0.0014 | Test Acc: 89.13%
2026-03-13 05:17:59 KST | INFO |   No improvement (4/30)
2026-03-13 05:17:59 KST | INFO | 
2026-03-13 05:17:59 KST | INFO | Epoch 92/200 | LR: 0.057045
2026-03-13 05:24:36 KST | INFO |   Train Loss: 0.1677 | Test Loss: 0.0012 | Test Acc: 89.81%
2026-03-13 05:24:36 KST | INFO |   No improvement (5/30)
2026-03-13 05:24:36 KST | INFO | 
2026-03-13 05:24:36 KST | INFO | Epoch 93/200 | LR: 0.056267
2026-03-13 05:31:10 KST | INFO |   Train Loss: 0.1625 | Test Loss: 0.0014 | Test Acc: 88.81%
2026-03-13 05:31:10 KST | INFO |   No improvement (6/30)
2026-03-13 05:31:10 KST | INFO | 
2026-03-13 05:31:10 KST | INFO | Epoch 94/200 | LR: 0.055487
2026-03-13 05:37:48 KST | INFO |   Train Loss: 0.1624 | Test Loss: 0.0013 | Test Acc: 90.37%
2026-03-13 05:37:48 KST | INFO |   🏆 New best accuracy: 90.37%
2026-03-13 05:37:48 KST | INFO | 
2026-03-13 05:37:48 KST | INFO | Epoch 95/200 | LR: 0.054706
2026-03-13 05:44:17 KST | INFO |   Train Loss: 0.1628 | Test Loss: 0.0012 | Test Acc: 90.39%
2026-03-13 05:44:17 KST | INFO |   🏆 New best accuracy: 90.39%
2026-03-13 05:44:17 KST | INFO | 
2026-03-13 05:44:17 KST | INFO | Epoch 96/200 | LR: 0.053923
2026-03-13 05:50:43 KST | INFO |   Train Loss: 0.1598 | Test Loss: 0.0014 | Test Acc: 88.61%
2026-03-13 05:50:43 KST | INFO |   No improvement (1/30)
2026-03-13 05:50:43 KST | INFO | 
2026-03-13 05:50:43 KST | INFO | Epoch 97/200 | LR: 0.053140
2026-03-13 05:57:30 KST | INFO |   Train Loss: 0.1590 | Test Loss: 0.0014 | Test Acc: 89.04%
2026-03-13 05:57:30 KST | INFO |   No improvement (2/30)
2026-03-13 05:57:30 KST | INFO | 
2026-03-13 05:57:30 KST | INFO | Epoch 98/200 | LR: 0.052356
2026-03-13 06:04:02 KST | INFO |   Train Loss: 0.1541 | Test Loss: 0.0014 | Test Acc: 88.79%
2026-03-13 06:04:02 KST | INFO |   No improvement (3/30)
2026-03-13 06:04:02 KST | INFO | 
2026-03-13 06:04:02 KST | INFO | Epoch 99/200 | LR: 0.051571
2026-03-13 06:10:39 KST | INFO |   Train Loss: 0.1525 | Test Loss: 0.0014 | Test Acc: 89.37%
2026-03-13 06:10:39 KST | INFO |   No improvement (4/30)
2026-03-13 06:10:39 KST | INFO | 
2026-03-13 06:10:39 KST | INFO | Epoch 100/200 | LR: 0.050786
2026-03-13 06:17:22 KST | INFO |   Train Loss: 0.1463 | Test Loss: 0.0015 | Test Acc: 88.46%
2026-03-13 06:17:22 KST | INFO |   No improvement (5/30)
2026-03-13 06:17:22 KST | INFO | 
2026-03-13 06:17:22 KST | INFO | Epoch 101/200 | LR: 0.050001
2026-03-13 06:23:59 KST | INFO |   Train Loss: 0.1465 | Test Loss: 0.0015 | Test Acc: 88.80%
2026-03-13 06:23:59 KST | INFO |   No improvement (6/30)
2026-03-13 06:23:59 KST | INFO | 
2026-03-13 06:23:59 KST | INFO | Epoch 102/200 | LR: 0.049215
2026-03-13 06:30:39 KST | INFO |   Train Loss: 0.1461 | Test Loss: 0.0013 | Test Acc: 90.14%
2026-03-13 06:30:39 KST | INFO |   No improvement (7/30)
2026-03-13 06:30:39 KST | INFO | 
2026-03-13 06:30:39 KST | INFO | Epoch 103/200 | LR: 0.048430
2026-03-13 06:37:21 KST | INFO |   Train Loss: 0.1421 | Test Loss: 0.0012 | Test Acc: 90.33%
2026-03-13 06:37:21 KST | INFO |   No improvement (8/30)
2026-03-13 06:37:21 KST | INFO | 
2026-03-13 06:37:21 KST | INFO | Epoch 104/200 | LR: 0.047645
2026-03-13 06:44:01 KST | INFO |   Train Loss: 0.1416 | Test Loss: 0.0015 | Test Acc: 88.94%
2026-03-13 06:44:01 KST | INFO |   No improvement (9/30)
2026-03-13 06:44:01 KST | INFO | 
2026-03-13 06:44:01 KST | INFO | Epoch 105/200 | LR: 0.046861
2026-03-13 06:50:43 KST | INFO |   Train Loss: 0.1356 | Test Loss: 0.0014 | Test Acc: 89.99%
2026-03-13 06:50:43 KST | INFO |   No improvement (10/30)
2026-03-13 06:50:43 KST | INFO | 
2026-03-13 06:50:43 KST | INFO | Epoch 106/200 | LR: 0.046078
2026-03-13 06:57:19 KST | INFO |   Train Loss: 0.1374 | Test Loss: 0.0012 | Test Acc: 90.37%
2026-03-13 06:57:19 KST | INFO |   No improvement (11/30)
2026-03-13 06:57:19 KST | INFO | 
2026-03-13 06:57:19 KST | INFO | Epoch 107/200 | LR: 0.045295
2026-03-13 07:04:05 KST | INFO |   Train Loss: 0.1357 | Test Loss: 0.0013 | Test Acc: 89.66%
2026-03-13 07:04:05 KST | INFO |   No improvement (12/30)
2026-03-13 07:04:05 KST | INFO | 
2026-03-13 07:04:05 KST | INFO | Epoch 108/200 | LR: 0.044514
2026-03-13 07:10:43 KST | INFO |   Train Loss: 0.1336 | Test Loss: 0.0012 | Test Acc: 89.87%
2026-03-13 07:10:43 KST | INFO |   No improvement (13/30)
2026-03-13 07:10:43 KST | INFO | 
2026-03-13 07:10:43 KST | INFO | Epoch 109/200 | LR: 0.043734
2026-03-13 07:17:26 KST | INFO |   Train Loss: 0.1264 | Test Loss: 0.0013 | Test Acc: 89.49%
2026-03-13 07:17:26 KST | INFO |   No improvement (14/30)
2026-03-13 07:17:26 KST | INFO | 
2026-03-13 07:17:26 KST | INFO | Epoch 110/200 | LR: 0.042956
2026-03-13 07:24:07 KST | INFO |   Train Loss: 0.1314 | Test Loss: 0.0013 | Test Acc: 90.21%
2026-03-13 07:24:07 KST | INFO |   No improvement (15/30)
2026-03-13 07:24:07 KST | INFO | 
2026-03-13 07:24:07 KST | INFO | Epoch 111/200 | LR: 0.042179
2026-03-13 07:30:52 KST | INFO |   Train Loss: 0.1243 | Test Loss: 0.0016 | Test Acc: 88.99%
2026-03-13 07:30:52 KST | INFO |   No improvement (16/30)
2026-03-13 07:30:52 KST | INFO | 
2026-03-13 07:30:52 KST | INFO | Epoch 112/200 | LR: 0.041404
2026-03-13 07:37:33 KST | INFO |   Train Loss: 0.1238 | Test Loss: 0.0012 | Test Acc: 90.47%
2026-03-13 07:37:33 KST | INFO |   🏆 New best accuracy: 90.47%
2026-03-13 07:37:33 KST | INFO | 
2026-03-13 07:37:33 KST | INFO | Epoch 113/200 | LR: 0.040632
2026-03-13 07:44:12 KST | INFO |   Train Loss: 0.1217 | Test Loss: 0.0012 | Test Acc: 91.09%
2026-03-13 07:44:12 KST | INFO |   🏆 New best accuracy: 91.09%
2026-03-13 07:44:12 KST | INFO | 
2026-03-13 07:44:12 KST | INFO | Epoch 114/200 | LR: 0.039861
2026-03-13 07:51:01 KST | INFO |   Train Loss: 0.1172 | Test Loss: 0.0015 | Test Acc: 89.00%
2026-03-13 07:51:01 KST | INFO |   No improvement (1/30)
2026-03-13 07:51:01 KST | INFO | 
2026-03-13 07:51:01 KST | INFO | Epoch 115/200 | LR: 0.039093
2026-03-13 07:57:46 KST | INFO |   Train Loss: 0.1176 | Test Loss: 0.0013 | Test Acc: 89.51%
2026-03-13 07:57:46 KST | INFO |   No improvement (2/30)
2026-03-13 07:57:46 KST | INFO | 
2026-03-13 07:57:46 KST | INFO | Epoch 116/200 | LR: 0.038328
2026-03-13 08:04:34 KST | INFO |   Train Loss: 0.1103 | Test Loss: 0.0015 | Test Acc: 89.26%
2026-03-13 08:04:34 KST | INFO |   No improvement (3/30)
2026-03-13 08:04:34 KST | INFO | 
2026-03-13 08:04:34 KST | INFO | Epoch 117/200 | LR: 0.037566
2026-03-13 08:11:26 KST | INFO |   Train Loss: 0.1102 | Test Loss: 0.0013 | Test Acc: 90.74%
2026-03-13 08:11:26 KST | INFO |   No improvement (4/30)
2026-03-13 08:11:26 KST | INFO | 
2026-03-13 08:11:26 KST | INFO | Epoch 118/200 | LR: 0.036807
2026-03-13 08:18:07 KST | INFO |   Train Loss: 0.1090 | Test Loss: 0.0015 | Test Acc: 89.44%
2026-03-13 08:18:07 KST | INFO |   No improvement (5/30)
2026-03-13 08:18:07 KST | INFO | 
2026-03-13 08:18:07 KST | INFO | Epoch 119/200 | LR: 0.036051
2026-03-13 08:24:55 KST | INFO |   Train Loss: 0.1059 | Test Loss: 0.0014 | Test Acc: 89.94%
2026-03-13 08:24:55 KST | INFO |   No improvement (6/30)
2026-03-13 08:24:55 KST | INFO | 
2026-03-13 08:24:55 KST | INFO | Epoch 120/200 | LR: 0.035299
2026-03-13 08:31:32 KST | INFO |   Train Loss: 0.1055 | Test Loss: 0.0013 | Test Acc: 89.73%
2026-03-13 08:31:32 KST | INFO |   No improvement (7/30)
2026-03-13 08:31:32 KST | INFO | 
2026-03-13 08:31:32 KST | INFO | Epoch 121/200 | LR: 0.034550
2026-03-13 08:38:20 KST | INFO |   Train Loss: 0.1031 | Test Loss: 0.0013 | Test Acc: 90.30%
2026-03-13 08:38:20 KST | INFO |   No improvement (8/30)
2026-03-13 08:38:20 KST | INFO | 
2026-03-13 08:38:20 KST | INFO | Epoch 122/200 | LR: 0.033805
2026-03-13 08:45:06 KST | INFO |   Train Loss: 0.1000 | Test Loss: 0.0014 | Test Acc: 90.14%
2026-03-13 08:45:06 KST | INFO |   No improvement (9/30)
2026-03-13 08:45:06 KST | INFO | 
2026-03-13 08:45:06 KST | INFO | Epoch 123/200 | LR: 0.033064
2026-03-13 08:51:45 KST | INFO |   Train Loss: 0.0981 | Test Loss: 0.0015 | Test Acc: 89.44%
2026-03-13 08:51:45 KST | INFO |   No improvement (10/30)
2026-03-13 08:51:45 KST | INFO | 
2026-03-13 08:51:45 KST | INFO | Epoch 124/200 | LR: 0.032327
2026-03-13 08:58:20 KST | INFO |   Train Loss: 0.0945 | Test Loss: 0.0013 | Test Acc: 89.87%
2026-03-13 08:58:20 KST | INFO |   No improvement (11/30)
2026-03-13 08:58:20 KST | INFO | 
2026-03-13 08:58:20 KST | INFO | Epoch 125/200 | LR: 0.031594
2026-03-13 09:05:10 KST | INFO |   Train Loss: 0.0981 | Test Loss: 0.0011 | Test Acc: 91.19%
2026-03-13 09:05:10 KST | INFO |   🏆 New best accuracy: 91.19%
2026-03-13 09:05:10 KST | INFO | 
2026-03-13 09:05:10 KST | INFO | Epoch 126/200 | LR: 0.030867
2026-03-13 09:11:56 KST | INFO |   Train Loss: 0.0914 | Test Loss: 0.0012 | Test Acc: 91.00%
2026-03-13 09:11:56 KST | INFO |   No improvement (1/30)
2026-03-13 09:11:56 KST | INFO | 
2026-03-13 09:11:56 KST | INFO | Epoch 127/200 | LR: 0.030143
2026-03-13 09:18:43 KST | INFO |   Train Loss: 0.0882 | Test Loss: 0.0014 | Test Acc: 89.87%
2026-03-13 09:18:43 KST | INFO |   No improvement (2/30)
2026-03-13 09:18:43 KST | INFO | 
2026-03-13 09:18:43 KST | INFO | Epoch 128/200 | LR: 0.029425
2026-03-13 09:25:20 KST | INFO |   Train Loss: 0.0890 | Test Loss: 0.0014 | Test Acc: 90.30%
2026-03-13 09:25:20 KST | INFO |   No improvement (3/30)
2026-03-13 09:25:20 KST | INFO | 
2026-03-13 09:25:20 KST | INFO | Epoch 129/200 | LR: 0.028712
2026-03-13 09:31:58 KST | INFO |   Train Loss: 0.0828 | Test Loss: 0.0013 | Test Acc: 90.77%
2026-03-13 09:31:58 KST | INFO |   No improvement (4/30)
2026-03-13 09:31:58 KST | INFO | 
2026-03-13 09:31:58 KST | INFO | Epoch 130/200 | LR: 0.028004
2026-03-13 09:38:46 KST | INFO |   Train Loss: 0.0820 | Test Loss: 0.0014 | Test Acc: 89.59%
2026-03-13 09:38:46 KST | INFO |   No improvement (5/30)
2026-03-13 09:38:46 KST | INFO | 
2026-03-13 09:38:46 KST | INFO | Epoch 131/200 | LR: 0.027301
2026-03-13 09:45:33 KST | INFO |   Train Loss: 0.0841 | Test Loss: 0.0015 | Test Acc: 89.76%
2026-03-13 09:45:33 KST | INFO |   No improvement (6/30)
2026-03-13 09:45:33 KST | INFO | 
2026-03-13 09:45:33 KST | INFO | Epoch 132/200 | LR: 0.026604
2026-03-13 09:52:18 KST | INFO |   Train Loss: 0.0809 | Test Loss: 0.0014 | Test Acc: 90.33%
2026-03-13 09:52:18 KST | INFO |   No improvement (7/30)
2026-03-13 09:52:18 KST | INFO | 
2026-03-13 09:52:18 KST | INFO | Epoch 133/200 | LR: 0.025913
2026-03-13 09:59:03 KST | INFO |   Train Loss: 0.0752 | Test Loss: 0.0013 | Test Acc: 90.44%
2026-03-13 09:59:03 KST | INFO |   No improvement (8/30)
2026-03-13 09:59:03 KST | INFO | 
2026-03-13 09:59:03 KST | INFO | Epoch 134/200 | LR: 0.025228
2026-03-13 10:05:52 KST | INFO |   Train Loss: 0.0749 | Test Loss: 0.0014 | Test Acc: 90.74%
2026-03-13 10:05:52 KST | INFO |   No improvement (9/30)
2026-03-13 10:05:52 KST | INFO | 
2026-03-13 10:05:52 KST | INFO | Epoch 135/200 | LR: 0.024549
2026-03-13 10:12:32 KST | INFO |   Train Loss: 0.0729 | Test Loss: 0.0013 | Test Acc: 90.87%
2026-03-13 10:12:32 KST | INFO |   No improvement (10/30)
2026-03-13 10:12:32 KST | INFO | 
2026-03-13 10:12:32 KST | INFO | Epoch 136/200 | LR: 0.023876
2026-03-13 10:19:12 KST | INFO |   Train Loss: 0.0737 | Test Loss: 0.0014 | Test Acc: 90.54%
2026-03-13 10:19:12 KST | INFO |   No improvement (11/30)
2026-03-13 10:19:12 KST | INFO | 
2026-03-13 10:19:12 KST | INFO | Epoch 137/200 | LR: 0.023209
2026-03-13 10:26:04 KST | INFO |   Train Loss: 0.0669 | Test Loss: 0.0012 | Test Acc: 91.14%
2026-03-13 10:26:04 KST | INFO |   No improvement (12/30)
2026-03-13 10:26:04 KST | INFO | 
2026-03-13 10:26:04 KST | INFO | Epoch 138/200 | LR: 0.022550
2026-03-13 10:32:43 KST | INFO |   Train Loss: 0.0697 | Test Loss: 0.0013 | Test Acc: 90.86%
2026-03-13 10:32:43 KST | INFO |   No improvement (13/30)
2026-03-13 10:32:43 KST | INFO | 
2026-03-13 10:32:43 KST | INFO | Epoch 139/200 | LR: 0.021897
2026-03-13 10:39:26 KST | INFO |   Train Loss: 0.0684 | Test Loss: 0.0015 | Test Acc: 90.01%
2026-03-13 10:39:26 KST | INFO |   No improvement (14/30)
2026-03-13 10:39:26 KST | INFO | 
2026-03-13 10:39:26 KST | INFO | Epoch 140/200 | LR: 0.021251
2026-03-13 10:46:08 KST | INFO |   Train Loss: 0.0636 | Test Loss: 0.0013 | Test Acc: 90.87%
2026-03-13 10:46:08 KST | INFO |   No improvement (15/30)
2026-03-13 10:46:08 KST | INFO | 
2026-03-13 10:46:08 KST | INFO | Epoch 141/200 | LR: 0.020612
2026-03-13 10:52:47 KST | INFO |   Train Loss: 0.0607 | Test Loss: 0.0013 | Test Acc: 90.87%
2026-03-13 10:52:47 KST | INFO |   No improvement (16/30)
2026-03-13 10:52:47 KST | INFO | 
2026-03-13 10:52:47 KST | INFO | Epoch 142/200 | LR: 0.019980
2026-03-13 10:59:30 KST | INFO |   Train Loss: 0.0623 | Test Loss: 0.0014 | Test Acc: 90.46%
2026-03-13 10:59:30 KST | INFO |   No improvement (17/30)
2026-03-13 10:59:30 KST | INFO | 
2026-03-13 10:59:30 KST | INFO | Epoch 143/200 | LR: 0.019355
2026-03-13 11:06:22 KST | INFO |   Train Loss: 0.0589 | Test Loss: 0.0012 | Test Acc: 91.36%
2026-03-13 11:06:22 KST | INFO |   🏆 New best accuracy: 91.36%
2026-03-13 11:06:22 KST | INFO | 
2026-03-13 11:06:22 KST | INFO | Epoch 144/200 | LR: 0.018739
2026-03-13 11:13:00 KST | INFO |   Train Loss: 0.0562 | Test Loss: 0.0013 | Test Acc: 91.16%
2026-03-13 11:13:00 KST | INFO |   No improvement (1/30)
2026-03-13 11:13:00 KST | INFO | 
2026-03-13 11:13:00 KST | INFO | Epoch 145/200 | LR: 0.018130
2026-03-13 11:19:47 KST | INFO |   Train Loss: 0.0533 | Test Loss: 0.0014 | Test Acc: 90.73%
2026-03-13 11:19:47 KST | INFO |   No improvement (2/30)
2026-03-13 11:19:47 KST | INFO | 
2026-03-13 11:19:47 KST | INFO | Epoch 146/200 | LR: 0.017528
2026-03-13 11:26:30 KST | INFO |   Train Loss: 0.0544 | Test Loss: 0.0014 | Test Acc: 90.56%
2026-03-13 11:26:30 KST | INFO |   No improvement (3/30)
2026-03-13 11:26:30 KST | INFO | 
2026-03-13 11:26:30 KST | INFO | Epoch 147/200 | LR: 0.016935
2026-03-13 11:33:14 KST | INFO |   Train Loss: 0.0507 | Test Loss: 0.0012 | Test Acc: 91.29%
2026-03-13 11:33:14 KST | INFO |   No improvement (4/30)
2026-03-13 11:33:14 KST | INFO | 
2026-03-13 11:33:14 KST | INFO | Epoch 148/200 | LR: 0.016350
2026-03-13 11:40:02 KST | INFO |   Train Loss: 0.0533 | Test Loss: 0.0014 | Test Acc: 90.70%
2026-03-13 11:40:02 KST | INFO |   No improvement (5/30)
2026-03-13 11:40:02 KST | INFO | 
2026-03-13 11:40:02 KST | INFO | Epoch 149/200 | LR: 0.015773
2026-03-13 11:46:44 KST | INFO |   Train Loss: 0.0500 | Test Loss: 0.0013 | Test Acc: 91.29%
2026-03-13 11:46:44 KST | INFO |   No improvement (6/30)
2026-03-13 11:46:44 KST | INFO | 
2026-03-13 11:46:44 KST | INFO | Epoch 150/200 | LR: 0.015205
2026-03-13 11:53:35 KST | INFO |   Train Loss: 0.0447 | Test Loss: 0.0013 | Test Acc: 90.90%
2026-03-13 11:53:35 KST | INFO |   No improvement (7/30)
2026-03-13 11:53:35 KST | INFO | 
2026-03-13 11:53:35 KST | INFO | Epoch 151/200 | LR: 0.014646
2026-03-13 12:00:24 KST | INFO |   Train Loss: 0.0477 | Test Loss: 0.0012 | Test Acc: 91.06%
2026-03-13 12:00:24 KST | INFO |   No improvement (8/30)
2026-03-13 12:00:24 KST | INFO | 
2026-03-13 12:00:24 KST | INFO | Epoch 152/200 | LR: 0.014095
2026-03-13 12:07:11 KST | INFO |   Train Loss: 0.0448 | Test Loss: 0.0013 | Test Acc: 91.20%
2026-03-13 12:07:11 KST | INFO |   No improvement (9/30)
2026-03-13 12:07:11 KST | INFO | 
2026-03-13 12:07:11 KST | INFO | Epoch 153/200 | LR: 0.013552
2026-03-13 12:13:56 KST | INFO |   Train Loss: 0.0422 | Test Loss: 0.0012 | Test Acc: 91.20%
2026-03-13 12:13:56 KST | INFO |   No improvement (10/30)
2026-03-13 12:13:56 KST | INFO | 
2026-03-13 12:13:56 KST | INFO | Epoch 154/200 | LR: 0.013019
2026-03-13 12:20:36 KST | INFO |   Train Loss: 0.0429 | Test Loss: 0.0014 | Test Acc: 90.66%
2026-03-13 12:20:36 KST | INFO |   No improvement (11/30)
2026-03-13 12:20:36 KST | INFO | 
2026-03-13 12:20:36 KST | INFO | Epoch 155/200 | LR: 0.012495
2026-03-13 12:27:11 KST | INFO |   Train Loss: 0.0400 | Test Loss: 0.0015 | Test Acc: 90.27%
2026-03-13 12:27:11 KST | INFO |   No improvement (12/30)
2026-03-13 12:27:11 KST | INFO | 
2026-03-13 12:27:11 KST | INFO | Epoch 156/200 | LR: 0.011981
2026-03-13 12:33:56 KST | INFO |   Train Loss: 0.0387 | Test Loss: 0.0014 | Test Acc: 91.04%
2026-03-13 12:33:56 KST | INFO |   No improvement (13/30)
2026-03-13 12:33:56 KST | INFO | 
2026-03-13 12:33:56 KST | INFO | Epoch 157/200 | LR: 0.011475
2026-03-13 12:40:36 KST | INFO |   Train Loss: 0.0397 | Test Loss: 0.0012 | Test Acc: 91.29%
2026-03-13 12:40:36 KST | INFO |   No improvement (14/30)
2026-03-13 12:40:36 KST | INFO | 
2026-03-13 12:40:36 KST | INFO | Epoch 158/200 | LR: 0.010979
2026-03-13 12:47:17 KST | INFO |   Train Loss: 0.0354 | Test Loss: 0.0014 | Test Acc: 90.84%
2026-03-13 12:47:17 KST | INFO |   No improvement (15/30)
2026-03-13 12:47:17 KST | INFO | 
2026-03-13 12:47:17 KST | INFO | Epoch 159/200 | LR: 0.010493
2026-03-13 12:53:59 KST | INFO |   Train Loss: 0.0373 | Test Loss: 0.0013 | Test Acc: 91.46%
2026-03-13 12:53:59 KST | INFO |   🏆 New best accuracy: 91.46%
2026-03-13 12:53:59 KST | INFO | 
2026-03-13 12:53:59 KST | INFO | Epoch 160/200 | LR: 0.010017
2026-03-13 13:00:38 KST | INFO |   Train Loss: 0.0360 | Test Loss: 0.0014 | Test Acc: 90.87%
2026-03-13 13:00:38 KST | INFO |   No improvement (1/30)
2026-03-13 13:00:38 KST | INFO | 
2026-03-13 13:00:38 KST | INFO | Epoch 161/200 | LR: 0.009550
2026-03-13 13:07:23 KST | INFO |   Train Loss: 0.0346 | Test Loss: 0.0013 | Test Acc: 91.44%
2026-03-13 13:07:23 KST | INFO |   No improvement (2/30)
2026-03-13 13:07:23 KST | INFO | 
2026-03-13 13:07:23 KST | INFO | Epoch 162/200 | LR: 0.009093
2026-03-13 13:14:13 KST | INFO |   Train Loss: 0.0320 | Test Loss: 0.0013 | Test Acc: 91.14%
2026-03-13 13:14:13 KST | INFO |   No improvement (3/30)
2026-03-13 13:14:13 KST | INFO | 
2026-03-13 13:14:13 KST | INFO | Epoch 163/200 | LR: 0.008647
2026-03-13 13:21:00 KST | INFO |   Train Loss: 0.0316 | Test Loss: 0.0012 | Test Acc: 91.44%
2026-03-13 13:21:00 KST | INFO |   No improvement (4/30)
2026-03-13 13:21:00 KST | INFO | 
2026-03-13 13:21:00 KST | INFO | Epoch 164/200 | LR: 0.008211
2026-03-13 13:27:54 KST | INFO |   Train Loss: 0.0310 | Test Loss: 0.0014 | Test Acc: 91.01%
2026-03-13 13:27:54 KST | INFO |   No improvement (5/30)
2026-03-13 13:27:54 KST | INFO | 
2026-03-13 13:27:54 KST | INFO | Epoch 165/200 | LR: 0.007785
2026-03-13 13:34:46 KST | INFO |   Train Loss: 0.0317 | Test Loss: 0.0014 | Test Acc: 90.84%
2026-03-13 13:34:46 KST | INFO |   No improvement (6/30)
2026-03-13 13:34:46 KST | INFO | 
2026-03-13 13:34:46 KST | INFO | Epoch 166/200 | LR: 0.007369
2026-03-13 13:41:32 KST | INFO |   Train Loss: 0.0292 | Test Loss: 0.0013 | Test Acc: 91.61%
2026-03-13 13:41:32 KST | INFO |   🏆 New best accuracy: 91.61%
2026-03-13 13:41:32 KST | INFO | 
2026-03-13 13:41:32 KST | INFO | Epoch 167/200 | LR: 0.006964
2026-03-13 13:48:17 KST | INFO |   Train Loss: 0.0278 | Test Loss: 0.0013 | Test Acc: 91.46%
2026-03-13 13:48:17 KST | INFO |   No improvement (1/30)
2026-03-13 13:48:17 KST | INFO | 
2026-03-13 13:48:17 KST | INFO | Epoch 168/200 | LR: 0.006569
2026-03-13 13:55:02 KST | INFO |   Train Loss: 0.0258 | Test Loss: 0.0013 | Test Acc: 91.16%
2026-03-13 13:55:02 KST | INFO |   No improvement (2/30)
2026-03-13 13:55:02 KST | INFO | 
2026-03-13 13:55:02 KST | INFO | Epoch 169/200 | LR: 0.006186
2026-03-13 14:01:52 KST | INFO |   Train Loss: 0.0263 | Test Loss: 0.0013 | Test Acc: 91.20%
2026-03-13 14:01:52 KST | INFO |   No improvement (3/30)
2026-03-13 14:01:52 KST | INFO | 
2026-03-13 14:01:52 KST | INFO | Epoch 170/200 | LR: 0.005813
2026-03-13 14:08:42 KST | INFO |   Train Loss: 0.0240 | Test Loss: 0.0013 | Test Acc: 91.33%
2026-03-13 14:08:42 KST | INFO |   No improvement (4/30)
2026-03-13 14:08:42 KST | INFO | 
2026-03-13 14:08:42 KST | INFO | Epoch 171/200 | LR: 0.005451
2026-03-13 14:15:31 KST | INFO |   Train Loss: 0.0249 | Test Loss: 0.0013 | Test Acc: 91.60%
2026-03-13 14:15:31 KST | INFO |   No improvement (5/30)
2026-03-13 14:15:31 KST | INFO | 
2026-03-13 14:15:31 KST | INFO | Epoch 172/200 | LR: 0.005100
2026-03-13 14:22:20 KST | INFO |   Train Loss: 0.0250 | Test Loss: 0.0013 | Test Acc: 91.21%
2026-03-13 14:22:20 KST | INFO |   No improvement (6/30)
2026-03-13 14:22:20 KST | INFO | 
2026-03-13 14:22:20 KST | INFO | Epoch 173/200 | LR: 0.004760
2026-03-13 14:29:05 KST | INFO |   Train Loss: 0.0239 | Test Loss: 0.0013 | Test Acc: 91.26%
2026-03-13 14:29:05 KST | INFO |   No improvement (7/30)
2026-03-13 14:29:05 KST | INFO | 
2026-03-13 14:29:05 KST | INFO | Epoch 174/200 | LR: 0.004431
2026-03-13 14:35:57 KST | INFO |   Train Loss: 0.0228 | Test Loss: 0.0013 | Test Acc: 91.36%
2026-03-13 14:35:57 KST | INFO |   No improvement (8/30)
2026-03-13 14:35:57 KST | INFO | 
2026-03-13 14:35:57 KST | INFO | Epoch 175/200 | LR: 0.004113
2026-03-13 14:42:38 KST | INFO |   Train Loss: 0.0222 | Test Loss: 0.0013 | Test Acc: 91.64%
2026-03-13 14:42:38 KST | INFO |   🏆 New best accuracy: 91.64%
2026-03-13 14:42:38 KST | INFO | 
2026-03-13 14:42:38 KST | INFO | Epoch 176/200 | LR: 0.003807
2026-03-13 14:49:20 KST | INFO |   Train Loss: 0.0220 | Test Loss: 0.0013 | Test Acc: 91.19%
2026-03-13 14:49:20 KST | INFO |   No improvement (1/30)
2026-03-13 14:49:20 KST | INFO | 
2026-03-13 14:49:20 KST | INFO | Epoch 177/200 | LR: 0.003512
2026-03-13 14:55:55 KST | INFO |   Train Loss: 0.0217 | Test Loss: 0.0013 | Test Acc: 91.36%
2026-03-13 14:55:55 KST | INFO |   No improvement (2/30)
2026-03-13 14:55:55 KST | INFO | 
2026-03-13 14:55:55 KST | INFO | Epoch 178/200 | LR: 0.003229
2026-03-13 15:02:42 KST | INFO |   Train Loss: 0.0209 | Test Loss: 0.0013 | Test Acc: 91.39%
2026-03-13 15:02:42 KST | INFO |   No improvement (3/30)
2026-03-13 15:02:42 KST | INFO | 
2026-03-13 15:02:42 KST | INFO | Epoch 179/200 | LR: 0.002957
2026-03-13 15:09:23 KST | INFO |   Train Loss: 0.0209 | Test Loss: 0.0013 | Test Acc: 91.46%
2026-03-13 15:09:23 KST | INFO |   No improvement (4/30)
2026-03-13 15:09:23 KST | INFO | 
2026-03-13 15:09:23 KST | INFO | Epoch 180/200 | LR: 0.002697
2026-03-13 15:16:12 KST | INFO |   Train Loss: 0.0195 | Test Loss: 0.0013 | Test Acc: 91.50%
2026-03-13 15:16:12 KST | INFO |   No improvement (5/30)
2026-03-13 15:16:12 KST | INFO | 
2026-03-13 15:16:12 KST | INFO | Epoch 181/200 | LR: 0.002448
2026-03-13 15:22:56 KST | INFO |   Train Loss: 0.0189 | Test Loss: 0.0013 | Test Acc: 91.46%
2026-03-13 15:22:56 KST | INFO |   No improvement (6/30)
2026-03-13 15:22:56 KST | INFO | 
2026-03-13 15:22:56 KST | INFO | Epoch 182/200 | LR: 0.002211
2026-03-13 15:29:43 KST | INFO |   Train Loss: 0.0200 | Test Loss: 0.0013 | Test Acc: 91.47%
2026-03-13 15:29:43 KST | INFO |   No improvement (7/30)
2026-03-13 15:29:43 KST | INFO | 
2026-03-13 15:29:43 KST | INFO | Epoch 183/200 | LR: 0.001986
2026-03-13 15:36:23 KST | INFO |   Train Loss: 0.0192 | Test Loss: 0.0013 | Test Acc: 91.67%
2026-03-13 15:36:23 KST | INFO |   🏆 New best accuracy: 91.67%
2026-03-13 15:36:23 KST | INFO | 
2026-03-13 15:36:23 KST | INFO | Epoch 184/200 | LR: 0.001773
2026-03-13 15:43:11 KST | INFO |   Train Loss: 0.0176 | Test Loss: 0.0013 | Test Acc: 91.57%
2026-03-13 15:43:11 KST | INFO |   No improvement (1/30)
2026-03-13 15:43:11 KST | INFO | 
2026-03-13 15:43:11 KST | INFO | Epoch 185/200 | LR: 0.001572
2026-03-13 15:49:57 KST | INFO |   Train Loss: 0.0182 | Test Loss: 0.0013 | Test Acc: 91.46%
2026-03-13 15:49:57 KST | INFO |   No improvement (2/30)
2026-03-13 15:49:57 KST | INFO | 
2026-03-13 15:49:57 KST | INFO | Epoch 186/200 | LR: 0.001382
2026-03-13 15:56:45 KST | INFO |   Train Loss: 0.0184 | Test Loss: 0.0013 | Test Acc: 91.50%
2026-03-13 15:56:45 KST | INFO |   No improvement (3/30)
2026-03-13 15:56:45 KST | INFO | 
2026-03-13 15:56:45 KST | INFO | Epoch 187/200 | LR: 0.001205
2026-03-13 16:03:41 KST | INFO |   Train Loss: 0.0176 | Test Loss: 0.0013 | Test Acc: 91.56%
2026-03-13 16:03:41 KST | INFO |   No improvement (4/30)
2026-03-13 16:03:41 KST | INFO | 
2026-03-13 16:03:41 KST | INFO | Epoch 188/200 | LR: 0.001040
2026-03-13 16:10:20 KST | INFO |   Train Loss: 0.0174 | Test Loss: 0.0013 | Test Acc: 91.64%
2026-03-13 16:10:20 KST | INFO |   No improvement (5/30)
2026-03-13 16:10:20 KST | INFO | 
2026-03-13 16:10:20 KST | INFO | Epoch 189/200 | LR: 0.000887
2026-03-13 16:17:04 KST | INFO |   Train Loss: 0.0174 | Test Loss: 0.0013 | Test Acc: 91.70%
2026-03-13 16:17:04 KST | INFO |   🏆 New best accuracy: 91.70%
2026-03-13 16:17:04 KST | INFO | 
2026-03-13 16:17:04 KST | INFO | Epoch 190/200 | LR: 0.000746
2026-03-13 16:23:43 KST | INFO |   Train Loss: 0.0163 | Test Loss: 0.0013 | Test Acc: 91.57%
2026-03-13 16:23:43 KST | INFO |   No improvement (1/30)
2026-03-13 16:23:43 KST | INFO | 
2026-03-13 16:23:43 KST | INFO | Epoch 191/200 | LR: 0.000617
2026-03-13 16:30:32 KST | INFO |   Train Loss: 0.0160 | Test Loss: 0.0013 | Test Acc: 91.63%
2026-03-13 16:30:32 KST | INFO |   No improvement (2/30)
2026-03-13 16:30:32 KST | INFO | 
2026-03-13 16:30:32 KST | INFO | Epoch 192/200 | LR: 0.000500
2026-03-13 16:37:22 KST | INFO |   Train Loss: 0.0162 | Test Loss: 0.0013 | Test Acc: 91.67%
2026-03-13 16:37:22 KST | INFO |   No improvement (3/30)
2026-03-13 16:37:22 KST | INFO | 
2026-03-13 16:37:22 KST | INFO | Epoch 193/200 | LR: 0.000395
2026-03-13 16:44:15 KST | INFO |   Train Loss: 0.0160 | Test Loss: 0.0013 | Test Acc: 91.70%
2026-03-13 16:44:15 KST | INFO |   No improvement (4/30)
2026-03-13 16:44:15 KST | INFO | 
2026-03-13 16:44:15 KST | INFO | Epoch 194/200 | LR: 0.000303
2026-03-13 16:51:00 KST | INFO |   Train Loss: 0.0163 | Test Loss: 0.0013 | Test Acc: 91.71%
2026-03-13 16:51:00 KST | INFO |   🏆 New best accuracy: 91.71%
2026-03-13 16:51:00 KST | INFO | 
2026-03-13 16:51:00 KST | INFO | Epoch 195/200 | LR: 0.000223
2026-03-13 16:57:54 KST | INFO |   Train Loss: 0.0155 | Test Loss: 0.0013 | Test Acc: 91.60%
2026-03-13 16:57:54 KST | INFO |   No improvement (1/30)
2026-03-13 16:57:54 KST | INFO | 
2026-03-13 16:57:54 KST | INFO | Epoch 196/200 | LR: 0.000155
2026-03-13 17:04:48 KST | INFO |   Train Loss: 0.0163 | Test Loss: 0.0013 | Test Acc: 91.54%
2026-03-13 17:04:48 KST | INFO |   No improvement (2/30)
2026-03-13 17:04:48 KST | INFO | 
2026-03-13 17:04:48 KST | INFO | Epoch 197/200 | LR: 0.000100
2026-03-13 17:11:33 KST | INFO |   Train Loss: 0.0158 | Test Loss: 0.0013 | Test Acc: 91.66%
2026-03-13 17:11:33 KST | INFO |   No improvement (3/30)
2026-03-13 17:11:33 KST | INFO | 
2026-03-13 17:11:33 KST | INFO | Epoch 198/200 | LR: 0.000057
2026-03-13 17:18:24 KST | INFO |   Train Loss: 0.0162 | Test Loss: 0.0013 | Test Acc: 91.64%
2026-03-13 17:18:24 KST | INFO |   No improvement (4/30)
2026-03-13 17:18:24 KST | INFO | 
2026-03-13 17:18:24 KST | INFO | Epoch 199/200 | LR: 0.000026
2026-03-13 17:25:13 KST | INFO |   Train Loss: 0.0153 | Test Loss: 0.0013 | Test Acc: 91.67%
2026-03-13 17:25:13 KST | INFO |   No improvement (5/30)
2026-03-13 17:25:13 KST | INFO | 
2026-03-13 17:25:13 KST | INFO | Epoch 200/200 | LR: 0.000007
2026-03-13 17:31:59 KST | INFO |   Train Loss: 0.0152 | Test Loss: 0.0013 | Test Acc: 91.64%
2026-03-13 17:31:59 KST | INFO |   No improvement (6/30)
2026-03-13 17:31:59 KST | INFO | 
2026-03-13 17:31:59 KST | INFO | ================================================================================
2026-03-13 17:31:59 KST | INFO | TRAINING COMPLETE
2026-03-13 17:31:59 KST | INFO | ================================================================================
2026-03-13 17:31:59 KST | INFO | Best accuracy:  91.71% (Epoch 194)
2026-03-13 17:31:59 KST | INFO | Final accuracy: 91.64%
2026-03-13 17:31:59 KST | INFO | ================================================================================
2026-03-13 17:31:59 KST | INFO | 
2026-03-13 17:31:59 KST | INFO | Notifying nodes of completion...
2026-03-13 17:32:00 KST | INFO | ✓ Nodes notified
2026-03-13 17:32:00 KST | INFO | 
2026-03-13 17:32:00 KST | INFO | Closing connections...
2026-03-13 17:32:00 KST | INFO | ✓ Cleanup complete
2026-03-13 17:32:00 KST | INFO | 
2026-03-13 17:32:00 KST | INFO | Full log: logs/TL++_secure_20260312_190304.log
2026-03-13 17:32:00 KST | INFO | ================================================================================
