2026-03-14 15:40:22 KST | INFO | ================================================================================
2026-03-14 15:40:22 KST | INFO | TL++ Orchestrator
2026-03-14 15:40:22 KST | INFO | ================================================================================
2026-03-14 15:40:22 KST | INFO | Log file: logs/TL++_secure_20260314_154022.log
2026-03-14 15:40:22 KST | INFO | 
2026-03-14 15:40:22 KST | INFO | --------------------------------------------------------------------------------
2026-03-14 15:40:22 KST | INFO | CONFIGURATION
2026-03-14 15:40:22 KST | INFO | --------------------------------------------------------------------------------
2026-03-14 15:40:22 KST | INFO | Secure mode:      True
2026-03-14 15:40:22 KST | INFO | Helper endpoint:  127.0.0.1:8082
2026-03-14 15:40:22 KST | INFO | Activation noise: 2.0%
2026-03-14 15:40:22 KST | INFO | Gradient noise:   10.0%
2026-03-14 15:40:22 KST | INFO | Nodes:            7
2026-03-14 15:40:22 KST | INFO | Cut layer:        3
2026-03-14 15:40:22 KST | INFO | Batch size:       128
2026-03-14 15:40:22 KST | INFO | Learning rate:    0.1
2026-03-14 15:40:22 KST | INFO | 
2026-03-14 15:40:22 KST | INFO | Computation device: cuda
2026-03-14 15:40:22 KST | INFO | Secure mode: ✓ ENABLED
2026-03-14 15:40:22 KST | INFO | 
2026-03-14 15:40:22 KST | INFO | --------------------------------------------------------------------------------
2026-03-14 15:40:22 KST | INFO | NETWORK SETUP
2026-03-14 15:40:22 KST | INFO | --------------------------------------------------------------------------------
2026-03-14 15:40:22 KST | INFO | ✓ Orchestrator listening on 127.0.0.1:8080
2026-03-14 15:40:22 KST | INFO | ✓ Helper node on 127.0.0.1:8082
2026-03-14 15:40:22 KST | INFO | 
2026-03-14 15:40:22 KST | INFO | Waiting for helper node...
2026-03-14 15:40:24 KST | INFO | ✓ Helper node connected
2026-03-14 15:40:24 KST | INFO | ✓ Noise config sent to helper (activation: 2.0%, gradient: 10.0%)
2026-03-14 15:40:24 KST | INFO | 
2026-03-14 15:40:24 KST | INFO | Waiting for 7 node(s)...
2026-03-14 15:40:29 KST | INFO |   ✓ Node 1/7 connected
2026-03-14 15:40:30 KST | INFO |   ✓ Node 2/7 connected
2026-03-14 15:40:31 KST | INFO |   ✓ Node 3/7 connected
2026-03-14 15:40:32 KST | INFO |   ✓ Node 4/7 connected
2026-03-14 15:40:33 KST | INFO |   ✓ Node 5/7 connected
2026-03-14 15:40:33 KST | INFO |   ✓ Node 6/7 connected
2026-03-14 15:40:34 KST | INFO |   ✓ Node 7/7 connected
2026-03-14 15:40:34 KST | INFO | ✓ All 7 node(s) connected
2026-03-14 15:40:34 KST | INFO | 
2026-03-14 15:40:34 KST | INFO | --------------------------------------------------------------------------------
2026-03-14 15:40:34 KST | INFO | MODEL INITIALIZATION
2026-03-14 15:40:34 KST | INFO | --------------------------------------------------------------------------------
2026-03-14 15:40:35 KST | INFO | Node-side parameters: 3,243,072
2026-03-14 15:40:35 KST | INFO | 
2026-03-14 15:40:35 KST | INFO | --------------------------------------------------------------------------------
2026-03-14 15:40:35 KST | INFO | BROADCASTING CONFIGURATION
2026-03-14 15:40:35 KST | INFO | --------------------------------------------------------------------------------
2026-03-14 15:40:35 KST | INFO | ✓ Configuration broadcast to all nodes
2026-03-14 15:40:36 KST | INFO | 
2026-03-14 15:40:36 KST | INFO | Total parameters:     3,246,663
2026-03-14 15:40:36 KST | INFO | Trainable parameters: 3,246,663
2026-03-14 15:40:36 KST | INFO | 
2026-03-14 15:40:36 KST | INFO | --------------------------------------------------------------------------------
2026-03-14 15:40:36 KST | INFO | DATA LOADING
2026-03-14 15:40:36 KST | INFO | --------------------------------------------------------------------------------
2026-03-14 15:41:01 KST | INFO | ✓ Dataset information collected:
2026-03-14 15:41:01 KST | INFO |     Node 1: 5,000 samples
2026-03-14 15:41:01 KST | INFO |     Node 2: 5,000 samples
2026-03-14 15:41:01 KST | INFO |     Node 3: 5,000 samples
2026-03-14 15:41:01 KST | INFO |     Node 4: 5,000 samples
2026-03-14 15:41:01 KST | INFO |     Node 5: 5,000 samples
2026-03-14 15:41:01 KST | INFO |     Node 6: 5,000 samples
2026-03-14 15:41:01 KST | INFO |     Node 7: 5,000 samples
2026-03-14 15:41:01 KST | INFO |   Total training samples: 35,000
2026-03-14 15:41:01 KST | INFO | 
2026-03-14 15:41:04 KST | INFO | ✓ Test dataset loaded: 7,000 samples
2026-03-14 15:41:04 KST | INFO | 
2026-03-14 15:41:04 KST | INFO | ✓ Batch scheduler: 274 batches/epoch
2026-03-14 15:41:04 KST | INFO | 
2026-03-14 15:41:04 KST | INFO | --------------------------------------------------------------------------------
2026-03-14 15:41:04 KST | INFO | OPTIMIZATION SETUP
2026-03-14 15:41:04 KST | INFO | --------------------------------------------------------------------------------
2026-03-14 15:41:04 KST | INFO | ✓ Optimizer: SGD (lr=0.1, momentum=0.9)
2026-03-14 15:41:04 KST | INFO | ✓ Scheduler: cosine
2026-03-14 15:41:04 KST | INFO | ✓ Gradient clipping: 1.0
2026-03-14 15:41:04 KST | INFO | 
2026-03-14 15:41:04 KST | INFO | ================================================================================
2026-03-14 15:41:04 KST | INFO | Setup complete - Ready for training
2026-03-14 15:41:04 KST | INFO | ================================================================================
2026-03-14 15:41:04 KST | INFO | 
2026-03-14 15:41:04 KST | INFO | --------------------------------------------------------------------------------
2026-03-14 15:41:04 KST | INFO | TRAINING
2026-03-14 15:41:04 KST | INFO | --------------------------------------------------------------------------------
2026-03-14 15:41:04 KST | INFO | 
2026-03-14 15:41:04 KST | INFO | Epoch 1/200 | LR: 0.100000
2026-03-14 15:47:55 KST | INFO |   Train Loss: 1.5065 | Test Loss: 0.0059 | Test Acc: 47.30%
2026-03-14 15:47:55 KST | INFO |   🏆 New best accuracy: 47.30%
2026-03-14 15:47:55 KST | INFO | 
2026-03-14 15:47:55 KST | INFO | Epoch 2/200 | LR: 0.099994
2026-03-14 15:54:33 KST | INFO |   Train Loss: 1.1602 | Test Loss: 0.0044 | Test Acc: 59.59%
2026-03-14 15:54:33 KST | INFO |   🏆 New best accuracy: 59.59%
2026-03-14 15:54:33 KST | INFO | 
2026-03-14 15:54:33 KST | INFO | Epoch 3/200 | LR: 0.099975
2026-03-14 16:01:19 KST | INFO |   Train Loss: 0.9529 | Test Loss: 0.0032 | Test Acc: 70.61%
2026-03-14 16:01:19 KST | INFO |   🏆 New best accuracy: 70.61%
2026-03-14 16:01:19 KST | INFO | 
2026-03-14 16:01:19 KST | INFO | Epoch 4/200 | LR: 0.099944
2026-03-14 16:08:00 KST | INFO |   Train Loss: 0.8182 | Test Loss: 0.0029 | Test Acc: 73.84%
2026-03-14 16:08:00 KST | INFO |   🏆 New best accuracy: 73.84%
2026-03-14 16:08:00 KST | INFO | 
2026-03-14 16:08:00 KST | INFO | Epoch 5/200 | LR: 0.099901
2026-03-14 16:14:37 KST | INFO |   Train Loss: 0.7187 | Test Loss: 0.0025 | Test Acc: 77.74%
2026-03-14 16:14:37 KST | INFO |   🏆 New best accuracy: 77.74%
2026-03-14 16:14:37 KST | INFO | 
2026-03-14 16:14:37 KST | INFO | Epoch 6/200 | LR: 0.099846
2026-03-14 16:21:22 KST | INFO |   Train Loss: 0.6612 | Test Loss: 0.0024 | Test Acc: 78.21%
2026-03-14 16:21:22 KST | INFO |   🏆 New best accuracy: 78.21%
2026-03-14 16:21:22 KST | INFO | 
2026-03-14 16:21:22 KST | INFO | Epoch 7/200 | LR: 0.099778
2026-03-14 16:28:04 KST | INFO |   Train Loss: 0.6067 | Test Loss: 0.0026 | Test Acc: 77.29%
2026-03-14 16:28:04 KST | INFO |   No improvement (1/30)
2026-03-14 16:28:04 KST | INFO | 
2026-03-14 16:28:04 KST | INFO | Epoch 8/200 | LR: 0.099698
2026-03-14 16:34:45 KST | INFO |   Train Loss: 0.5729 | Test Loss: 0.0030 | Test Acc: 75.86%
2026-03-14 16:34:45 KST | INFO |   No improvement (2/30)
2026-03-14 16:34:45 KST | INFO | 
2026-03-14 16:34:45 KST | INFO | Epoch 9/200 | LR: 0.099606
2026-03-14 16:41:29 KST | INFO |   Train Loss: 0.5413 | Test Loss: 0.0023 | Test Acc: 80.54%
2026-03-14 16:41:29 KST | INFO |   🏆 New best accuracy: 80.54%
2026-03-14 16:41:29 KST | INFO | 
2026-03-14 16:41:29 KST | INFO | Epoch 10/200 | LR: 0.099501
2026-03-14 16:48:09 KST | INFO |   Train Loss: 0.5096 | Test Loss: 0.0032 | Test Acc: 72.61%
2026-03-14 16:48:09 KST | INFO |   No improvement (1/30)
2026-03-14 16:48:09 KST | INFO | 
2026-03-14 16:48:09 KST | INFO | Epoch 11/200 | LR: 0.099384
2026-03-14 16:54:57 KST | INFO |   Train Loss: 0.4893 | Test Loss: 0.0023 | Test Acc: 80.77%
2026-03-14 16:54:57 KST | INFO |   🏆 New best accuracy: 80.77%
2026-03-14 16:54:57 KST | INFO | 
2026-03-14 16:54:57 KST | INFO | Epoch 12/200 | LR: 0.099255
2026-03-14 17:01:40 KST | INFO |   Train Loss: 0.4682 | Test Loss: 0.0021 | Test Acc: 81.84%
2026-03-14 17:01:40 KST | INFO |   🏆 New best accuracy: 81.84%
2026-03-14 17:01:40 KST | INFO | 
2026-03-14 17:01:40 KST | INFO | Epoch 13/200 | LR: 0.099114
2026-03-14 17:08:20 KST | INFO |   Train Loss: 0.4550 | Test Loss: 0.0022 | Test Acc: 81.30%
2026-03-14 17:08:20 KST | INFO |   No improvement (1/30)
2026-03-14 17:08:20 KST | INFO | 
2026-03-14 17:08:20 KST | INFO | Epoch 14/200 | LR: 0.098961
2026-03-14 17:15:01 KST | INFO |   Train Loss: 0.4394 | Test Loss: 0.0018 | Test Acc: 84.40%
2026-03-14 17:15:01 KST | INFO |   🏆 New best accuracy: 84.40%
2026-03-14 17:15:01 KST | INFO | 
2026-03-14 17:15:01 KST | INFO | Epoch 15/200 | LR: 0.098796
2026-03-14 17:21:43 KST | INFO |   Train Loss: 0.4210 | Test Loss: 0.0020 | Test Acc: 82.37%
2026-03-14 17:21:43 KST | INFO |   No improvement (1/30)
2026-03-14 17:21:43 KST | INFO | 
2026-03-14 17:21:43 KST | INFO | Epoch 16/200 | LR: 0.098619
2026-03-14 17:28:30 KST | INFO |   Train Loss: 0.4132 | Test Loss: 0.0019 | Test Acc: 83.64%
2026-03-14 17:28:30 KST | INFO |   No improvement (2/30)
2026-03-14 17:28:30 KST | INFO | 
2026-03-14 17:28:30 KST | INFO | Epoch 17/200 | LR: 0.098429
2026-03-14 17:35:08 KST | INFO |   Train Loss: 0.4015 | Test Loss: 0.0018 | Test Acc: 84.07%
2026-03-14 17:35:08 KST | INFO |   No improvement (3/30)
2026-03-14 17:35:08 KST | INFO | 
2026-03-14 17:35:08 KST | INFO | Epoch 18/200 | LR: 0.098228
2026-03-14 17:41:45 KST | INFO |   Train Loss: 0.3886 | Test Loss: 0.0017 | Test Acc: 85.57%
2026-03-14 17:41:45 KST | INFO |   🏆 New best accuracy: 85.57%
2026-03-14 17:41:45 KST | INFO | 
2026-03-14 17:41:45 KST | INFO | Epoch 19/200 | LR: 0.098015
2026-03-14 17:48:14 KST | INFO |   Train Loss: 0.3772 | Test Loss: 0.0018 | Test Acc: 83.83%
2026-03-14 17:48:14 KST | INFO |   No improvement (1/30)
2026-03-14 17:48:14 KST | INFO | 
2026-03-14 17:48:14 KST | INFO | Epoch 20/200 | LR: 0.097790
2026-03-14 17:54:50 KST | INFO |   Train Loss: 0.3776 | Test Loss: 0.0017 | Test Acc: 85.56%
2026-03-14 17:54:50 KST | INFO |   No improvement (2/30)
2026-03-14 17:54:50 KST | INFO | 
2026-03-14 17:54:50 KST | INFO | Epoch 21/200 | LR: 0.097553
2026-03-14 18:01:28 KST | INFO |   Train Loss: 0.3689 | Test Loss: 0.0016 | Test Acc: 86.16%
2026-03-14 18:01:28 KST | INFO |   🏆 New best accuracy: 86.16%
2026-03-14 18:01:28 KST | INFO | 
2026-03-14 18:01:28 KST | INFO | Epoch 22/200 | LR: 0.097304
2026-03-14 18:08:04 KST | INFO |   Train Loss: 0.3555 | Test Loss: 0.0016 | Test Acc: 85.39%
2026-03-14 18:08:04 KST | INFO |   No improvement (1/30)
2026-03-14 18:08:04 KST | INFO | 
2026-03-14 18:08:04 KST | INFO | Epoch 23/200 | LR: 0.097044
2026-03-14 18:14:52 KST | INFO |   Train Loss: 0.3496 | Test Loss: 0.0018 | Test Acc: 84.19%
2026-03-14 18:14:52 KST | INFO |   No improvement (2/30)
2026-03-14 18:14:52 KST | INFO | 
2026-03-14 18:14:52 KST | INFO | Epoch 24/200 | LR: 0.096772
2026-03-14 18:21:28 KST | INFO |   Train Loss: 0.3461 | Test Loss: 0.0016 | Test Acc: 86.00%
2026-03-14 18:21:28 KST | INFO |   No improvement (3/30)
2026-03-14 18:21:28 KST | INFO | 
2026-03-14 18:21:28 KST | INFO | Epoch 25/200 | LR: 0.096489
2026-03-14 18:28:05 KST | INFO |   Train Loss: 0.3410 | Test Loss: 0.0015 | Test Acc: 86.93%
2026-03-14 18:28:05 KST | INFO |   🏆 New best accuracy: 86.93%
2026-03-14 18:28:05 KST | INFO | 
2026-03-14 18:28:05 KST | INFO | Epoch 26/200 | LR: 0.096194
2026-03-14 18:34:43 KST | INFO |   Train Loss: 0.3335 | Test Loss: 0.0016 | Test Acc: 86.39%
2026-03-14 18:34:43 KST | INFO |   No improvement (1/30)
2026-03-14 18:34:43 KST | INFO | 
2026-03-14 18:34:43 KST | INFO | Epoch 27/200 | LR: 0.095888
2026-03-14 18:41:25 KST | INFO |   Train Loss: 0.3292 | Test Loss: 0.0016 | Test Acc: 86.01%
2026-03-14 18:41:25 KST | INFO |   No improvement (2/30)
2026-03-14 18:41:25 KST | INFO | 
2026-03-14 18:41:25 KST | INFO | Epoch 28/200 | LR: 0.095570
2026-03-14 18:47:59 KST | INFO |   Train Loss: 0.3271 | Test Loss: 0.0017 | Test Acc: 85.60%
2026-03-14 18:47:59 KST | INFO |   No improvement (3/30)
2026-03-14 18:47:59 KST | INFO | 
2026-03-14 18:47:59 KST | INFO | Epoch 29/200 | LR: 0.095241
2026-03-14 18:54:38 KST | INFO |   Train Loss: 0.3202 | Test Loss: 0.0015 | Test Acc: 87.54%
2026-03-14 18:54:38 KST | INFO |   🏆 New best accuracy: 87.54%
2026-03-14 18:54:38 KST | INFO | 
2026-03-14 18:54:38 KST | INFO | Epoch 30/200 | LR: 0.094901
2026-03-14 19:01:24 KST | INFO |   Train Loss: 0.3126 | Test Loss: 0.0017 | Test Acc: 85.81%
2026-03-14 19:01:24 KST | INFO |   No improvement (1/30)
2026-03-14 19:01:24 KST | INFO | 
2026-03-14 19:01:24 KST | INFO | Epoch 31/200 | LR: 0.094550
2026-03-14 19:08:08 KST | INFO |   Train Loss: 0.3122 | Test Loss: 0.0018 | Test Acc: 84.63%
2026-03-14 19:08:08 KST | INFO |   No improvement (2/30)
2026-03-14 19:08:08 KST | INFO | 
2026-03-14 19:08:08 KST | INFO | Epoch 32/200 | LR: 0.094188
2026-03-14 19:14:42 KST | INFO |   Train Loss: 0.3075 | Test Loss: 0.0019 | Test Acc: 84.89%
2026-03-14 19:14:42 KST | INFO |   No improvement (3/30)
2026-03-14 19:14:42 KST | INFO | 
2026-03-14 19:14:42 KST | INFO | Epoch 33/200 | LR: 0.093815
2026-03-14 19:21:17 KST | INFO |   Train Loss: 0.3024 | Test Loss: 0.0014 | Test Acc: 88.63%
2026-03-14 19:21:17 KST | INFO |   🏆 New best accuracy: 88.63%
2026-03-14 19:21:17 KST | INFO | 
2026-03-14 19:21:17 KST | INFO | Epoch 34/200 | LR: 0.093432
2026-03-14 19:27:56 KST | INFO |   Train Loss: 0.2973 | Test Loss: 0.0019 | Test Acc: 83.57%
2026-03-14 19:27:56 KST | INFO |   No improvement (1/30)
2026-03-14 19:27:56 KST | INFO | 
2026-03-14 19:27:56 KST | INFO | Epoch 35/200 | LR: 0.093037
2026-03-14 19:34:18 KST | INFO |   Train Loss: 0.2952 | Test Loss: 0.0020 | Test Acc: 84.01%
2026-03-14 19:34:18 KST | INFO |   No improvement (2/30)
2026-03-14 19:34:18 KST | INFO | 
2026-03-14 19:34:18 KST | INFO | Epoch 36/200 | LR: 0.092632
2026-03-14 19:40:56 KST | INFO |   Train Loss: 0.2982 | Test Loss: 0.0017 | Test Acc: 85.40%
2026-03-14 19:40:56 KST | INFO |   No improvement (3/30)
2026-03-14 19:40:56 KST | INFO | 
2026-03-14 19:40:56 KST | INFO | Epoch 37/200 | LR: 0.092216
2026-03-14 19:47:28 KST | INFO |   Train Loss: 0.2937 | Test Loss: 0.0017 | Test Acc: 85.29%
2026-03-14 19:47:28 KST | INFO |   No improvement (4/30)
2026-03-14 19:47:28 KST | INFO | 
2026-03-14 19:47:28 KST | INFO | Epoch 38/200 | LR: 0.091790
2026-03-14 19:54:06 KST | INFO |   Train Loss: 0.2858 | Test Loss: 0.0014 | Test Acc: 88.49%
2026-03-14 19:54:06 KST | INFO |   No improvement (5/30)
2026-03-14 19:54:06 KST | INFO | 
2026-03-14 19:54:06 KST | INFO | Epoch 39/200 | LR: 0.091354
2026-03-14 20:00:44 KST | INFO |   Train Loss: 0.2825 | Test Loss: 0.0016 | Test Acc: 86.80%
2026-03-14 20:00:44 KST | INFO |   No improvement (6/30)
2026-03-14 20:00:44 KST | INFO | 
2026-03-14 20:00:44 KST | INFO | Epoch 40/200 | LR: 0.090908
2026-03-14 20:07:28 KST | INFO |   Train Loss: 0.2798 | Test Loss: 0.0015 | Test Acc: 87.84%
2026-03-14 20:07:28 KST | INFO |   No improvement (7/30)
2026-03-14 20:07:28 KST | INFO | 
2026-03-14 20:07:28 KST | INFO | Epoch 41/200 | LR: 0.090451
2026-03-14 20:14:06 KST | INFO |   Train Loss: 0.2801 | Test Loss: 0.0015 | Test Acc: 87.37%
2026-03-14 20:14:06 KST | INFO |   No improvement (8/30)
2026-03-14 20:14:06 KST | INFO | 
2026-03-14 20:14:06 KST | INFO | Epoch 42/200 | LR: 0.089984
2026-03-14 20:20:52 KST | INFO |   Train Loss: 0.2756 | Test Loss: 0.0018 | Test Acc: 85.64%
2026-03-14 20:20:52 KST | INFO |   No improvement (9/30)
2026-03-14 20:20:52 KST | INFO | 
2026-03-14 20:20:52 KST | INFO | Epoch 43/200 | LR: 0.089508
2026-03-14 20:27:26 KST | INFO |   Train Loss: 0.2696 | Test Loss: 0.0016 | Test Acc: 86.66%
2026-03-14 20:27:26 KST | INFO |   No improvement (10/30)
2026-03-14 20:27:26 KST | INFO | 
2026-03-14 20:27:26 KST | INFO | Epoch 44/200 | LR: 0.089022
2026-03-14 20:34:06 KST | INFO |   Train Loss: 0.2719 | Test Loss: 0.0016 | Test Acc: 86.96%
2026-03-14 20:34:06 KST | INFO |   No improvement (11/30)
2026-03-14 20:34:06 KST | INFO | 
2026-03-14 20:34:06 KST | INFO | Epoch 45/200 | LR: 0.088526
2026-03-14 20:40:37 KST | INFO |   Train Loss: 0.2691 | Test Loss: 0.0017 | Test Acc: 86.50%
2026-03-14 20:40:37 KST | INFO |   No improvement (12/30)
2026-03-14 20:40:37 KST | INFO | 
2026-03-14 20:40:37 KST | INFO | Epoch 46/200 | LR: 0.088020
2026-03-14 20:47:14 KST | INFO |   Train Loss: 0.2619 | Test Loss: 0.0016 | Test Acc: 86.93%
2026-03-14 20:47:14 KST | INFO |   No improvement (13/30)
2026-03-14 20:47:14 KST | INFO | 
2026-03-14 20:47:14 KST | INFO | Epoch 47/200 | LR: 0.087506
2026-03-14 20:53:43 KST | INFO |   Train Loss: 0.2650 | Test Loss: 0.0015 | Test Acc: 87.63%
2026-03-14 20:53:43 KST | INFO |   No improvement (14/30)
2026-03-14 20:53:43 KST | INFO | 
2026-03-14 20:53:43 KST | INFO | Epoch 48/200 | LR: 0.086982
2026-03-14 21:00:13 KST | INFO |   Train Loss: 0.2647 | Test Loss: 0.0015 | Test Acc: 87.59%
2026-03-14 21:00:13 KST | INFO |   No improvement (15/30)
2026-03-14 21:00:13 KST | INFO | 
2026-03-14 21:00:13 KST | INFO | Epoch 49/200 | LR: 0.086449
2026-03-14 21:06:57 KST | INFO |   Train Loss: 0.2543 | Test Loss: 0.0015 | Test Acc: 87.61%
2026-03-14 21:06:57 KST | INFO |   No improvement (16/30)
2026-03-14 21:06:57 KST | INFO | 
2026-03-14 21:06:57 KST | INFO | Epoch 50/200 | LR: 0.085906
2026-03-14 21:13:25 KST | INFO |   Train Loss: 0.2541 | Test Loss: 0.0015 | Test Acc: 87.41%
2026-03-14 21:13:25 KST | INFO |   No improvement (17/30)
2026-03-14 21:13:25 KST | INFO | 
2026-03-14 21:13:25 KST | INFO | Epoch 51/200 | LR: 0.085355
2026-03-14 21:19:59 KST | INFO |   Train Loss: 0.2499 | Test Loss: 0.0012 | Test Acc: 89.80%
2026-03-14 21:19:59 KST | INFO |   🏆 New best accuracy: 89.80%
2026-03-14 21:19:59 KST | INFO | 
2026-03-14 21:19:59 KST | INFO | Epoch 52/200 | LR: 0.084796
2026-03-14 21:26:26 KST | INFO |   Train Loss: 0.2486 | Test Loss: 0.0016 | Test Acc: 86.79%
2026-03-14 21:26:26 KST | INFO |   No improvement (1/30)
2026-03-14 21:26:26 KST | INFO | 
2026-03-14 21:26:26 KST | INFO | Epoch 53/200 | LR: 0.084228
2026-03-14 21:32:54 KST | INFO |   Train Loss: 0.2503 | Test Loss: 0.0018 | Test Acc: 86.70%
2026-03-14 21:32:54 KST | INFO |   No improvement (2/30)
2026-03-14 21:32:54 KST | INFO | 
2026-03-14 21:32:54 KST | INFO | Epoch 54/200 | LR: 0.083651
2026-03-14 21:39:21 KST | INFO |   Train Loss: 0.2449 | Test Loss: 0.0014 | Test Acc: 88.49%
2026-03-14 21:39:21 KST | INFO |   No improvement (3/30)
2026-03-14 21:39:21 KST | INFO | 
2026-03-14 21:39:21 KST | INFO | Epoch 55/200 | LR: 0.083066
2026-03-14 21:45:55 KST | INFO |   Train Loss: 0.2441 | Test Loss: 0.0016 | Test Acc: 86.80%
2026-03-14 21:45:55 KST | INFO |   No improvement (4/30)
2026-03-14 21:45:55 KST | INFO | 
2026-03-14 21:45:55 KST | INFO | Epoch 56/200 | LR: 0.082473
2026-03-14 21:52:34 KST | INFO |   Train Loss: 0.2419 | Test Loss: 0.0014 | Test Acc: 88.31%
2026-03-14 21:52:34 KST | INFO |   No improvement (5/30)
2026-03-14 21:52:34 KST | INFO | 
2026-03-14 21:52:34 KST | INFO | Epoch 57/200 | LR: 0.081871
2026-03-14 21:59:14 KST | INFO |   Train Loss: 0.2427 | Test Loss: 0.0013 | Test Acc: 89.11%
2026-03-14 21:59:14 KST | INFO |   No improvement (6/30)
2026-03-14 21:59:14 KST | INFO | 
2026-03-14 21:59:14 KST | INFO | Epoch 58/200 | LR: 0.081262
2026-03-14 22:05:49 KST | INFO |   Train Loss: 0.2371 | Test Loss: 0.0014 | Test Acc: 88.00%
2026-03-14 22:05:49 KST | INFO |   No improvement (7/30)
2026-03-14 22:05:49 KST | INFO | 
2026-03-14 22:05:49 KST | INFO | Epoch 59/200 | LR: 0.080646
2026-03-14 22:12:21 KST | INFO |   Train Loss: 0.2351 | Test Loss: 0.0016 | Test Acc: 86.21%
2026-03-14 22:12:21 KST | INFO |   No improvement (8/30)
2026-03-14 22:12:21 KST | INFO | 
2026-03-14 22:12:21 KST | INFO | Epoch 60/200 | LR: 0.080021
2026-03-14 22:18:51 KST | INFO |   Train Loss: 0.2338 | Test Loss: 0.0013 | Test Acc: 88.94%
2026-03-14 22:18:51 KST | INFO |   No improvement (9/30)
2026-03-14 22:18:51 KST | INFO | 
2026-03-14 22:18:51 KST | INFO | Epoch 61/200 | LR: 0.079389
2026-03-14 22:25:18 KST | INFO |   Train Loss: 0.2300 | Test Loss: 0.0013 | Test Acc: 88.73%
2026-03-14 22:25:18 KST | INFO |   No improvement (10/30)
2026-03-14 22:25:18 KST | INFO | 
2026-03-14 22:25:18 KST | INFO | Epoch 62/200 | LR: 0.078750
2026-03-14 22:31:54 KST | INFO |   Train Loss: 0.2297 | Test Loss: 0.0015 | Test Acc: 87.53%
2026-03-14 22:31:54 KST | INFO |   No improvement (11/30)
2026-03-14 22:31:54 KST | INFO | 
2026-03-14 22:31:54 KST | INFO | Epoch 63/200 | LR: 0.078104
2026-03-14 22:38:27 KST | INFO |   Train Loss: 0.2234 | Test Loss: 0.0014 | Test Acc: 88.16%
2026-03-14 22:38:27 KST | INFO |   No improvement (12/30)
2026-03-14 22:38:27 KST | INFO | 
2026-03-14 22:38:27 KST | INFO | Epoch 64/200 | LR: 0.077451
2026-03-14 22:45:05 KST | INFO |   Train Loss: 0.2257 | Test Loss: 0.0018 | Test Acc: 86.73%
2026-03-14 22:45:05 KST | INFO |   No improvement (13/30)
2026-03-14 22:45:05 KST | INFO | 
2026-03-14 22:45:05 KST | INFO | Epoch 65/200 | LR: 0.076792
2026-03-14 22:51:37 KST | INFO |   Train Loss: 0.2248 | Test Loss: 0.0015 | Test Acc: 87.74%
2026-03-14 22:51:37 KST | INFO |   No improvement (14/30)
2026-03-14 22:51:37 KST | INFO | 
2026-03-14 22:51:37 KST | INFO | Epoch 66/200 | LR: 0.076125
2026-03-14 22:58:08 KST | INFO |   Train Loss: 0.2210 | Test Loss: 0.0013 | Test Acc: 89.33%
2026-03-14 22:58:08 KST | INFO |   No improvement (15/30)
2026-03-14 22:58:08 KST | INFO | 
2026-03-14 22:58:08 KST | INFO | Epoch 67/200 | LR: 0.075452
2026-03-14 23:04:38 KST | INFO |   Train Loss: 0.2156 | Test Loss: 0.0016 | Test Acc: 87.53%
2026-03-14 23:04:38 KST | INFO |   No improvement (16/30)
2026-03-14 23:04:38 KST | INFO | 
2026-03-14 23:04:38 KST | INFO | Epoch 68/200 | LR: 0.074773
2026-03-14 23:11:01 KST | INFO |   Train Loss: 0.2219 | Test Loss: 0.0013 | Test Acc: 89.33%
2026-03-14 23:11:01 KST | INFO |   No improvement (17/30)
2026-03-14 23:11:01 KST | INFO | 
2026-03-14 23:11:01 KST | INFO | Epoch 69/200 | LR: 0.074088
2026-03-14 23:17:32 KST | INFO |   Train Loss: 0.2114 | Test Loss: 0.0015 | Test Acc: 87.84%
2026-03-14 23:17:32 KST | INFO |   No improvement (18/30)
2026-03-14 23:17:32 KST | INFO | 
2026-03-14 23:17:32 KST | INFO | Epoch 70/200 | LR: 0.073397
2026-03-14 23:24:09 KST | INFO |   Train Loss: 0.2118 | Test Loss: 0.0015 | Test Acc: 87.47%
2026-03-14 23:24:09 KST | INFO |   No improvement (19/30)
2026-03-14 23:24:09 KST | INFO | 
2026-03-14 23:24:09 KST | INFO | Epoch 71/200 | LR: 0.072700
2026-03-14 23:30:44 KST | INFO |   Train Loss: 0.2089 | Test Loss: 0.0013 | Test Acc: 89.21%
2026-03-14 23:30:44 KST | INFO |   No improvement (20/30)
2026-03-14 23:30:44 KST | INFO | 
2026-03-14 23:30:44 KST | INFO | Epoch 72/200 | LR: 0.071997
2026-03-14 23:37:25 KST | INFO |   Train Loss: 0.2093 | Test Loss: 0.0013 | Test Acc: 89.01%
2026-03-14 23:37:25 KST | INFO |   No improvement (21/30)
2026-03-14 23:37:25 KST | INFO | 
2026-03-14 23:37:25 KST | INFO | Epoch 73/200 | LR: 0.071289
2026-03-14 23:44:06 KST | INFO |   Train Loss: 0.2043 | Test Loss: 0.0014 | Test Acc: 88.80%
2026-03-14 23:44:06 KST | INFO |   No improvement (22/30)
2026-03-14 23:44:06 KST | INFO | 
2026-03-14 23:44:06 KST | INFO | Epoch 74/200 | LR: 0.070576
2026-03-14 23:50:41 KST | INFO |   Train Loss: 0.2020 | Test Loss: 0.0014 | Test Acc: 88.21%
2026-03-14 23:50:41 KST | INFO |   No improvement (23/30)
2026-03-14 23:50:41 KST | INFO | 
2026-03-14 23:50:41 KST | INFO | Epoch 75/200 | LR: 0.069858
2026-03-14 23:57:19 KST | INFO |   Train Loss: 0.2029 | Test Loss: 0.0014 | Test Acc: 88.80%
2026-03-14 23:57:19 KST | INFO |   No improvement (24/30)
2026-03-14 23:57:19 KST | INFO | 
2026-03-14 23:57:19 KST | INFO | Epoch 76/200 | LR: 0.069134
2026-03-15 00:04:04 KST | INFO |   Train Loss: 0.2038 | Test Loss: 0.0016 | Test Acc: 87.41%
2026-03-15 00:04:04 KST | INFO |   No improvement (25/30)
2026-03-15 00:04:04 KST | INFO | 
2026-03-15 00:04:04 KST | INFO | Epoch 77/200 | LR: 0.068407
2026-03-15 00:10:31 KST | INFO |   Train Loss: 0.1954 | Test Loss: 0.0016 | Test Acc: 87.81%
2026-03-15 00:10:31 KST | INFO |   No improvement (26/30)
2026-03-15 00:10:31 KST | INFO | 
2026-03-15 00:10:31 KST | INFO | Epoch 78/200 | LR: 0.067674
2026-03-15 00:17:07 KST | INFO |   Train Loss: 0.1965 | Test Loss: 0.0013 | Test Acc: 89.37%
2026-03-15 00:17:07 KST | INFO |   No improvement (27/30)
2026-03-15 00:17:07 KST | INFO | 
2026-03-15 00:17:07 KST | INFO | Epoch 79/200 | LR: 0.066937
2026-03-15 00:23:44 KST | INFO |   Train Loss: 0.1952 | Test Loss: 0.0016 | Test Acc: 87.97%
2026-03-15 00:23:44 KST | INFO |   No improvement (28/30)
2026-03-15 00:23:44 KST | INFO | 
2026-03-15 00:23:44 KST | INFO | Epoch 80/200 | LR: 0.066196
2026-03-15 00:30:25 KST | INFO |   Train Loss: 0.1918 | Test Loss: 0.0014 | Test Acc: 88.63%
2026-03-15 00:30:25 KST | INFO |   No improvement (29/30)
2026-03-15 00:30:25 KST | INFO | 
2026-03-15 00:30:25 KST | INFO | Epoch 81/200 | LR: 0.065451
2026-03-15 00:37:08 KST | INFO |   Train Loss: 0.1872 | Test Loss: 0.0014 | Test Acc: 88.94%
2026-03-15 00:37:08 KST | INFO |   No improvement (30/30)
2026-03-15 00:37:08 KST | INFO | 
2026-03-15 00:37:08 KST | INFO | Early stopping after 30 epochs without improvement
2026-03-15 00:37:08 KST | INFO | 
2026-03-15 00:37:08 KST | INFO | ================================================================================
2026-03-15 00:37:08 KST | INFO | TRAINING COMPLETE
2026-03-15 00:37:08 KST | INFO | ================================================================================
2026-03-15 00:37:08 KST | INFO | Best accuracy:  89.80% (Epoch 51)
2026-03-15 00:37:08 KST | INFO | Final accuracy: 88.94%
2026-03-15 00:37:08 KST | INFO | ================================================================================
2026-03-15 00:37:08 KST | INFO | 
2026-03-15 00:37:08 KST | INFO | Notifying nodes of completion...
2026-03-15 00:37:09 KST | INFO | ✓ Nodes notified
2026-03-15 00:37:09 KST | INFO | 
2026-03-15 00:37:09 KST | INFO | Closing connections...
2026-03-15 00:37:09 KST | INFO | ✓ Cleanup complete
2026-03-15 00:37:09 KST | INFO | 
2026-03-15 00:37:09 KST | INFO | Full log: logs/TL++_secure_20260314_154022.log
2026-03-15 00:37:09 KST | INFO | ================================================================================
