2026-04-22 17:55:37 KST | INFO | ================================================================================
2026-04-22 17:55:37 KST | INFO | TL++ Centralized Baseline
2026-04-22 17:55:37 KST | INFO | ================================================================================
2026-04-22 17:55:37 KST | INFO | Log file: logs/centralized_20260422_175537.log
2026-04-22 17:55:37 KST | INFO | 
2026-04-22 17:55:37 KST | INFO | Device: cuda
2026-04-22 17:55:37 KST | INFO | 
2026-04-22 17:55:37 KST | INFO | --------------------------------------------------------------------------------
2026-04-22 17:55:37 KST | INFO | CONFIGURATION
2026-04-22 17:55:37 KST | INFO | --------------------------------------------------------------------------------
2026-04-22 17:55:37 KST | INFO | Classes:          9
2026-04-22 17:55:37 KST | INFO | Batch size:       128
2026-04-22 17:55:37 KST | INFO | Learning rate:    0.1
2026-04-22 17:55:37 KST | INFO | Scheduler:        cosine
2026-04-22 17:55:37 KST | INFO | 
2026-04-22 17:55:37 KST | INFO | --------------------------------------------------------------------------------
2026-04-22 17:55:37 KST | INFO | DATA LOADING
2026-04-22 17:55:37 KST | INFO | --------------------------------------------------------------------------------
2026-04-22 17:55:39 KST | INFO | Filtering to 9 classes (0-8)
2026-04-22 17:56:07 KST | INFO | Training samples:   45,000
2026-04-22 17:56:07 KST | INFO | Test samples:       9,000
2026-04-22 17:56:07 KST | INFO | Training batches:   352
2026-04-22 17:56:07 KST | INFO | Test batches:       36
2026-04-22 17:56:07 KST | INFO | 
2026-04-22 17:56:07 KST | INFO | --------------------------------------------------------------------------------
2026-04-22 17:56:07 KST | INFO | MODEL INITIALIZATION
2026-04-22 17:56:07 KST | INFO | --------------------------------------------------------------------------------
2026-04-22 17:56:08 KST | INFO | Total parameters:     3,247,689
2026-04-22 17:56:08 KST | INFO | Trainable parameters: 3,247,689
2026-04-22 17:56:08 KST | INFO | 
2026-04-22 17:56:08 KST | INFO | --------------------------------------------------------------------------------
2026-04-22 17:56:08 KST | INFO | OPTIMIZER & SCHEDULER
2026-04-22 17:56:08 KST | INFO | --------------------------------------------------------------------------------
2026-04-22 17:56:08 KST | INFO | Optimizer:        SGD (lr=0.1, momentum=0.9)
2026-04-22 17:56:08 KST | INFO | Scheduler:        cosine
2026-04-22 17:56:08 KST | INFO | Gradient clip:    1.0
2026-04-22 17:56:08 KST | INFO | 
2026-04-22 17:56:08 KST | INFO | --------------------------------------------------------------------------------
2026-04-22 17:56:08 KST | INFO | TRAINING
2026-04-22 17:56:08 KST | INFO | --------------------------------------------------------------------------------
2026-04-22 17:56:08 KST | INFO | 
2026-04-22 17:56:08 KST | INFO | Epoch 1/200 | LR: 0.100000
2026-04-22 17:56:24 KST | INFO |   Train Loss: 1.6013 | Test Loss: 1.1980 | Test Acc: 56.24%
2026-04-22 17:56:24 KST | INFO |   🏆 New best accuracy: 56.24%
2026-04-22 17:56:24 KST | INFO | 
2026-04-22 17:56:24 KST | INFO | Epoch 2/200 | LR: 0.099994
2026-04-22 17:56:39 KST | INFO |   Train Loss: 1.1474 | Test Loss: 0.8752 | Test Acc: 68.51%
2026-04-22 17:56:39 KST | INFO |   🏆 New best accuracy: 68.51%
2026-04-22 17:56:39 KST | INFO | 
2026-04-22 17:56:39 KST | INFO | Epoch 3/200 | LR: 0.099975
2026-04-22 17:56:54 KST | INFO |   Train Loss: 0.9078 | Test Loss: 0.8372 | Test Acc: 71.90%
2026-04-22 17:56:54 KST | INFO |   🏆 New best accuracy: 71.90%
2026-04-22 17:56:54 KST | INFO | 
2026-04-22 17:56:54 KST | INFO | Epoch 4/200 | LR: 0.099944
2026-04-22 17:57:10 KST | INFO |   Train Loss: 0.7852 | Test Loss: 0.6945 | Test Acc: 76.43%
2026-04-22 17:57:10 KST | INFO |   🏆 New best accuracy: 76.43%
2026-04-22 17:57:10 KST | INFO | 
2026-04-22 17:57:10 KST | INFO | Epoch 5/200 | LR: 0.099901
2026-04-22 17:57:25 KST | INFO |   Train Loss: 0.7019 | Test Loss: 0.7524 | Test Acc: 75.13%
2026-04-22 17:57:25 KST | INFO |   No improvement (1/30)
2026-04-22 17:57:25 KST | INFO | 
2026-04-22 17:57:25 KST | INFO | Epoch 6/200 | LR: 0.099846
2026-04-22 17:57:40 KST | INFO |   Train Loss: 0.6479 | Test Loss: 0.5825 | Test Acc: 80.12%
2026-04-22 17:57:40 KST | INFO |   🏆 New best accuracy: 80.12%
2026-04-22 17:57:40 KST | INFO | 
2026-04-22 17:57:40 KST | INFO | Epoch 7/200 | LR: 0.099778
2026-04-22 17:57:56 KST | INFO |   Train Loss: 0.6059 | Test Loss: 0.5946 | Test Acc: 79.97%
2026-04-22 17:57:56 KST | INFO |   No improvement (1/30)
2026-04-22 17:57:56 KST | INFO | 
2026-04-22 17:57:56 KST | INFO | Epoch 8/200 | LR: 0.099698
2026-04-22 17:58:10 KST | INFO |   Train Loss: 0.5690 | Test Loss: 0.5583 | Test Acc: 81.33%
2026-04-22 17:58:10 KST | INFO |   🏆 New best accuracy: 81.33%
2026-04-22 17:58:10 KST | INFO | 
2026-04-22 17:58:10 KST | INFO | Epoch 9/200 | LR: 0.099606
2026-04-22 17:58:26 KST | INFO |   Train Loss: 0.5424 | Test Loss: 0.5225 | Test Acc: 82.11%
2026-04-22 17:58:26 KST | INFO |   🏆 New best accuracy: 82.11%
2026-04-22 17:58:26 KST | INFO | 
2026-04-22 17:58:26 KST | INFO | Epoch 10/200 | LR: 0.099501
2026-04-22 17:58:41 KST | INFO |   Train Loss: 0.5162 | Test Loss: 0.5325 | Test Acc: 82.68%
2026-04-22 17:58:41 KST | INFO |   🏆 New best accuracy: 82.68%
2026-04-22 17:58:41 KST | INFO | 
2026-04-22 17:58:41 KST | INFO | Epoch 11/200 | LR: 0.099384
2026-04-22 17:58:56 KST | INFO |   Train Loss: 0.4951 | Test Loss: 0.5002 | Test Acc: 83.38%
2026-04-22 17:58:56 KST | INFO |   🏆 New best accuracy: 83.38%
2026-04-22 17:58:56 KST | INFO | 
2026-04-22 17:58:56 KST | INFO | Epoch 12/200 | LR: 0.099255
2026-04-22 17:59:11 KST | INFO |   Train Loss: 0.4814 | Test Loss: 0.5189 | Test Acc: 82.93%
2026-04-22 17:59:11 KST | INFO |   No improvement (1/30)
2026-04-22 17:59:11 KST | INFO | 
2026-04-22 17:59:11 KST | INFO | Epoch 13/200 | LR: 0.099114
2026-04-22 17:59:27 KST | INFO |   Train Loss: 0.4668 | Test Loss: 0.4114 | Test Acc: 86.22%
2026-04-22 17:59:27 KST | INFO |   🏆 New best accuracy: 86.22%
2026-04-22 17:59:27 KST | INFO | 
2026-04-22 17:59:27 KST | INFO | Epoch 14/200 | LR: 0.098961
2026-04-22 17:59:42 KST | INFO |   Train Loss: 0.4566 | Test Loss: 0.4839 | Test Acc: 83.62%
2026-04-22 17:59:42 KST | INFO |   No improvement (1/30)
2026-04-22 17:59:42 KST | INFO | 
2026-04-22 17:59:42 KST | INFO | Epoch 15/200 | LR: 0.098796
2026-04-22 17:59:58 KST | INFO |   Train Loss: 0.4472 | Test Loss: 0.4430 | Test Acc: 84.89%
2026-04-22 17:59:58 KST | INFO |   No improvement (2/30)
2026-04-22 17:59:58 KST | INFO | 
2026-04-22 17:59:58 KST | INFO | Epoch 16/200 | LR: 0.098619
2026-04-22 18:00:13 KST | INFO |   Train Loss: 0.4328 | Test Loss: 0.4679 | Test Acc: 84.57%
2026-04-22 18:00:13 KST | INFO |   No improvement (3/30)
2026-04-22 18:00:13 KST | INFO | 
2026-04-22 18:00:13 KST | INFO | Epoch 17/200 | LR: 0.098429
2026-04-22 18:00:28 KST | INFO |   Train Loss: 0.4234 | Test Loss: 0.4550 | Test Acc: 85.44%
2026-04-22 18:00:28 KST | INFO |   No improvement (4/30)
2026-04-22 18:00:28 KST | INFO | 
2026-04-22 18:00:28 KST | INFO | Epoch 18/200 | LR: 0.098228
2026-04-22 18:00:44 KST | INFO |   Train Loss: 0.4217 | Test Loss: 0.5011 | Test Acc: 83.84%
2026-04-22 18:00:44 KST | INFO |   No improvement (5/30)
2026-04-22 18:00:44 KST | INFO | 
2026-04-22 18:00:44 KST | INFO | Epoch 19/200 | LR: 0.098015
2026-04-22 18:00:59 KST | INFO |   Train Loss: 0.4106 | Test Loss: 0.5405 | Test Acc: 82.73%
2026-04-22 18:00:59 KST | INFO |   No improvement (6/30)
2026-04-22 18:00:59 KST | INFO | 
2026-04-22 18:00:59 KST | INFO | Epoch 20/200 | LR: 0.097790
2026-04-22 18:01:15 KST | INFO |   Train Loss: 0.4024 | Test Loss: 0.4247 | Test Acc: 85.86%
2026-04-22 18:01:15 KST | INFO |   No improvement (7/30)
2026-04-22 18:01:15 KST | INFO | 
2026-04-22 18:01:15 KST | INFO | Epoch 21/200 | LR: 0.097553
2026-04-22 18:01:30 KST | INFO |   Train Loss: 0.3978 | Test Loss: 0.3986 | Test Acc: 86.71%
2026-04-22 18:01:30 KST | INFO |   🏆 New best accuracy: 86.71%
2026-04-22 18:01:30 KST | INFO | 
2026-04-22 18:01:30 KST | INFO | Epoch 22/200 | LR: 0.097304
2026-04-22 18:01:45 KST | INFO |   Train Loss: 0.3884 | Test Loss: 0.4760 | Test Acc: 85.24%
2026-04-22 18:01:45 KST | INFO |   No improvement (1/30)
2026-04-22 18:01:45 KST | INFO | 
2026-04-22 18:01:45 KST | INFO | Epoch 23/200 | LR: 0.097044
2026-04-22 18:02:01 KST | INFO |   Train Loss: 0.3853 | Test Loss: 0.4187 | Test Acc: 86.01%
2026-04-22 18:02:01 KST | INFO |   No improvement (2/30)
2026-04-22 18:02:01 KST | INFO | 
2026-04-22 18:02:01 KST | INFO | Epoch 24/200 | LR: 0.096772
2026-04-22 18:02:16 KST | INFO |   Train Loss: 0.3843 | Test Loss: 0.3916 | Test Acc: 86.86%
2026-04-22 18:02:16 KST | INFO |   🏆 New best accuracy: 86.86%
2026-04-22 18:02:16 KST | INFO | 
2026-04-22 18:02:16 KST | INFO | Epoch 25/200 | LR: 0.096489
2026-04-22 18:02:32 KST | INFO |   Train Loss: 0.3761 | Test Loss: 0.4115 | Test Acc: 86.62%
2026-04-22 18:02:32 KST | INFO |   No improvement (1/30)
2026-04-22 18:02:32 KST | INFO | 
2026-04-22 18:02:32 KST | INFO | Epoch 26/200 | LR: 0.096194
2026-04-22 18:02:48 KST | INFO |   Train Loss: 0.3750 | Test Loss: 0.4054 | Test Acc: 86.63%
2026-04-22 18:02:48 KST | INFO |   No improvement (2/30)
2026-04-22 18:02:48 KST | INFO | 
2026-04-22 18:02:48 KST | INFO | Epoch 27/200 | LR: 0.095888
2026-04-22 18:03:03 KST | INFO |   Train Loss: 0.3668 | Test Loss: 0.4164 | Test Acc: 86.34%
2026-04-22 18:03:03 KST | INFO |   No improvement (3/30)
2026-04-22 18:03:03 KST | INFO | 
2026-04-22 18:03:03 KST | INFO | Epoch 28/200 | LR: 0.095570
2026-04-22 18:03:18 KST | INFO |   Train Loss: 0.3651 | Test Loss: 0.4718 | Test Acc: 85.22%
2026-04-22 18:03:18 KST | INFO |   No improvement (4/30)
2026-04-22 18:03:18 KST | INFO | 
2026-04-22 18:03:18 KST | INFO | Epoch 29/200 | LR: 0.095241
2026-04-22 18:03:34 KST | INFO |   Train Loss: 0.3609 | Test Loss: 0.4016 | Test Acc: 86.42%
2026-04-22 18:03:34 KST | INFO |   No improvement (5/30)
2026-04-22 18:03:34 KST | INFO | 
2026-04-22 18:03:34 KST | INFO | Epoch 30/200 | LR: 0.094901
2026-04-22 18:03:49 KST | INFO |   Train Loss: 0.3536 | Test Loss: 0.4074 | Test Acc: 86.96%
2026-04-22 18:03:49 KST | INFO |   🏆 New best accuracy: 86.96%
2026-04-22 18:03:49 KST | INFO | 
2026-04-22 18:03:49 KST | INFO | Epoch 31/200 | LR: 0.094550
2026-04-22 18:04:04 KST | INFO |   Train Loss: 0.3498 | Test Loss: 0.3797 | Test Acc: 87.64%
2026-04-22 18:04:04 KST | INFO |   🏆 New best accuracy: 87.64%
2026-04-22 18:04:04 KST | INFO | 
2026-04-22 18:04:04 KST | INFO | Epoch 32/200 | LR: 0.094188
2026-04-22 18:04:20 KST | INFO |   Train Loss: 0.3511 | Test Loss: 0.4002 | Test Acc: 86.67%
2026-04-22 18:04:20 KST | INFO |   No improvement (1/30)
2026-04-22 18:04:20 KST | INFO | 
2026-04-22 18:04:20 KST | INFO | Epoch 33/200 | LR: 0.093815
2026-04-22 18:04:35 KST | INFO |   Train Loss: 0.3480 | Test Loss: 0.3947 | Test Acc: 86.52%
2026-04-22 18:04:35 KST | INFO |   No improvement (2/30)
2026-04-22 18:04:35 KST | INFO | 
2026-04-22 18:04:35 KST | INFO | Epoch 34/200 | LR: 0.093432
2026-04-22 18:04:51 KST | INFO |   Train Loss: 0.3486 | Test Loss: 0.4247 | Test Acc: 86.44%
2026-04-22 18:04:51 KST | INFO |   No improvement (3/30)
2026-04-22 18:04:51 KST | INFO | 
2026-04-22 18:04:51 KST | INFO | Epoch 35/200 | LR: 0.093037
2026-04-22 18:05:06 KST | INFO |   Train Loss: 0.3434 | Test Loss: 0.3909 | Test Acc: 86.92%
2026-04-22 18:05:06 KST | INFO |   No improvement (4/30)
2026-04-22 18:05:06 KST | INFO | 
2026-04-22 18:05:06 KST | INFO | Epoch 36/200 | LR: 0.092632
2026-04-22 18:05:21 KST | INFO |   Train Loss: 0.3408 | Test Loss: 0.3727 | Test Acc: 87.82%
2026-04-22 18:05:21 KST | INFO |   🏆 New best accuracy: 87.82%
2026-04-22 18:05:21 KST | INFO | 
2026-04-22 18:05:21 KST | INFO | Epoch 37/200 | LR: 0.092216
2026-04-22 18:05:36 KST | INFO |   Train Loss: 0.3339 | Test Loss: 0.4019 | Test Acc: 86.80%
2026-04-22 18:05:36 KST | INFO |   No improvement (1/30)
2026-04-22 18:05:36 KST | INFO | 
2026-04-22 18:05:36 KST | INFO | Epoch 38/200 | LR: 0.091790
2026-04-22 18:05:52 KST | INFO |   Train Loss: 0.3311 | Test Loss: 0.3666 | Test Acc: 87.76%
2026-04-22 18:05:52 KST | INFO |   No improvement (2/30)
2026-04-22 18:05:52 KST | INFO | 
2026-04-22 18:05:52 KST | INFO | Epoch 39/200 | LR: 0.091354
2026-04-22 18:06:07 KST | INFO |   Train Loss: 0.3337 | Test Loss: 0.4759 | Test Acc: 85.07%
2026-04-22 18:06:07 KST | INFO |   No improvement (3/30)
2026-04-22 18:06:07 KST | INFO | 
2026-04-22 18:06:07 KST | INFO | Epoch 40/200 | LR: 0.090908
2026-04-22 18:06:22 KST | INFO |   Train Loss: 0.3294 | Test Loss: 0.4845 | Test Acc: 84.88%
2026-04-22 18:06:22 KST | INFO |   No improvement (4/30)
2026-04-22 18:06:22 KST | INFO | 
2026-04-22 18:06:22 KST | INFO | Epoch 41/200 | LR: 0.090451
2026-04-22 18:06:38 KST | INFO |   Train Loss: 0.3285 | Test Loss: 0.4901 | Test Acc: 84.38%
2026-04-22 18:06:38 KST | INFO |   No improvement (5/30)
2026-04-22 18:06:38 KST | INFO | 
2026-04-22 18:06:38 KST | INFO | Epoch 42/200 | LR: 0.089984
2026-04-22 18:06:54 KST | INFO |   Train Loss: 0.3253 | Test Loss: 0.4378 | Test Acc: 85.68%
2026-04-22 18:06:54 KST | INFO |   No improvement (6/30)
2026-04-22 18:06:54 KST | INFO | 
2026-04-22 18:06:54 KST | INFO | Epoch 43/200 | LR: 0.089508
2026-04-22 18:07:09 KST | INFO |   Train Loss: 0.3197 | Test Loss: 0.4016 | Test Acc: 86.58%
2026-04-22 18:07:09 KST | INFO |   No improvement (7/30)
2026-04-22 18:07:09 KST | INFO | 
2026-04-22 18:07:09 KST | INFO | Epoch 44/200 | LR: 0.089022
2026-04-22 18:07:25 KST | INFO |   Train Loss: 0.3181 | Test Loss: 0.4086 | Test Acc: 87.07%
2026-04-22 18:07:25 KST | INFO |   No improvement (8/30)
2026-04-22 18:07:25 KST | INFO | 
2026-04-22 18:07:25 KST | INFO | Epoch 45/200 | LR: 0.088526
2026-04-22 18:07:40 KST | INFO |   Train Loss: 0.3125 | Test Loss: 0.4309 | Test Acc: 85.44%
2026-04-22 18:07:40 KST | INFO |   No improvement (9/30)
2026-04-22 18:07:40 KST | INFO | 
2026-04-22 18:07:40 KST | INFO | Epoch 46/200 | LR: 0.088020
2026-04-22 18:07:55 KST | INFO |   Train Loss: 0.3102 | Test Loss: 0.3801 | Test Acc: 86.81%
2026-04-22 18:07:55 KST | INFO |   No improvement (10/30)
2026-04-22 18:07:55 KST | INFO | 
2026-04-22 18:07:55 KST | INFO | Epoch 47/200 | LR: 0.087506
2026-04-22 18:08:11 KST | INFO |   Train Loss: 0.3121 | Test Loss: 0.3908 | Test Acc: 86.74%
2026-04-22 18:08:11 KST | INFO |   No improvement (11/30)
2026-04-22 18:08:11 KST | INFO | 
2026-04-22 18:08:11 KST | INFO | Epoch 48/200 | LR: 0.086982
2026-04-22 18:08:26 KST | INFO |   Train Loss: 0.3055 | Test Loss: 0.4061 | Test Acc: 86.84%
2026-04-22 18:08:26 KST | INFO |   No improvement (12/30)
2026-04-22 18:08:26 KST | INFO | 
2026-04-22 18:08:26 KST | INFO | Epoch 49/200 | LR: 0.086449
2026-04-22 18:08:42 KST | INFO |   Train Loss: 0.3074 | Test Loss: 0.4052 | Test Acc: 86.91%
2026-04-22 18:08:42 KST | INFO |   No improvement (13/30)
2026-04-22 18:08:42 KST | INFO | 
2026-04-22 18:08:42 KST | INFO | Epoch 50/200 | LR: 0.085906
2026-04-22 18:08:57 KST | INFO |   Train Loss: 0.3069 | Test Loss: 0.4083 | Test Acc: 86.61%
2026-04-22 18:08:57 KST | INFO |   No improvement (14/30)
2026-04-22 18:08:57 KST | INFO | 
2026-04-22 18:08:57 KST | INFO | Epoch 51/200 | LR: 0.085355
2026-04-22 18:09:13 KST | INFO |   Train Loss: 0.3012 | Test Loss: 0.3908 | Test Acc: 87.33%
2026-04-22 18:09:13 KST | INFO |   No improvement (15/30)
2026-04-22 18:09:13 KST | INFO | 
2026-04-22 18:09:13 KST | INFO | Epoch 52/200 | LR: 0.084796
2026-04-22 18:09:28 KST | INFO |   Train Loss: 0.3006 | Test Loss: 0.3643 | Test Acc: 88.28%
2026-04-22 18:09:28 KST | INFO |   🏆 New best accuracy: 88.28%
2026-04-22 18:09:28 KST | INFO | 
2026-04-22 18:09:28 KST | INFO | Epoch 53/200 | LR: 0.084228
2026-04-22 18:09:43 KST | INFO |   Train Loss: 0.2964 | Test Loss: 0.3661 | Test Acc: 87.76%
2026-04-22 18:09:43 KST | INFO |   No improvement (1/30)
2026-04-22 18:09:43 KST | INFO | 
2026-04-22 18:09:43 KST | INFO | Epoch 54/200 | LR: 0.083651
2026-04-22 18:09:58 KST | INFO |   Train Loss: 0.2944 | Test Loss: 0.3695 | Test Acc: 87.92%
2026-04-22 18:09:58 KST | INFO |   No improvement (2/30)
2026-04-22 18:09:58 KST | INFO | 
2026-04-22 18:09:58 KST | INFO | Epoch 55/200 | LR: 0.083066
2026-04-22 18:10:13 KST | INFO |   Train Loss: 0.2910 | Test Loss: 0.4169 | Test Acc: 86.76%
2026-04-22 18:10:13 KST | INFO |   No improvement (3/30)
2026-04-22 18:10:13 KST | INFO | 
2026-04-22 18:10:13 KST | INFO | Epoch 56/200 | LR: 0.082473
2026-04-22 18:10:29 KST | INFO |   Train Loss: 0.2871 | Test Loss: 0.3598 | Test Acc: 87.99%
2026-04-22 18:10:29 KST | INFO |   No improvement (4/30)
2026-04-22 18:10:29 KST | INFO | 
2026-04-22 18:10:29 KST | INFO | Epoch 57/200 | LR: 0.081871
2026-04-22 18:10:45 KST | INFO |   Train Loss: 0.2877 | Test Loss: 0.4852 | Test Acc: 84.47%
2026-04-22 18:10:45 KST | INFO |   No improvement (5/30)
2026-04-22 18:10:45 KST | INFO | 
2026-04-22 18:10:45 KST | INFO | Epoch 58/200 | LR: 0.081262
2026-04-22 18:11:00 KST | INFO |   Train Loss: 0.2827 | Test Loss: 0.4282 | Test Acc: 87.53%
2026-04-22 18:11:00 KST | INFO |   No improvement (6/30)
2026-04-22 18:11:00 KST | INFO | 
2026-04-22 18:11:00 KST | INFO | Epoch 59/200 | LR: 0.080646
2026-04-22 18:11:16 KST | INFO |   Train Loss: 0.2883 | Test Loss: 0.3862 | Test Acc: 87.07%
2026-04-22 18:11:16 KST | INFO |   No improvement (7/30)
2026-04-22 18:11:16 KST | INFO | 
2026-04-22 18:11:16 KST | INFO | Epoch 60/200 | LR: 0.080021
2026-04-22 18:11:32 KST | INFO |   Train Loss: 0.2826 | Test Loss: 0.3658 | Test Acc: 87.93%
2026-04-22 18:11:32 KST | INFO |   No improvement (8/30)
2026-04-22 18:11:32 KST | INFO | 
2026-04-22 18:11:32 KST | INFO | Epoch 61/200 | LR: 0.079389
2026-04-22 18:11:47 KST | INFO |   Train Loss: 0.2784 | Test Loss: 0.3640 | Test Acc: 88.47%
2026-04-22 18:11:47 KST | INFO |   🏆 New best accuracy: 88.47%
2026-04-22 18:11:47 KST | INFO | 
2026-04-22 18:11:47 KST | INFO | Epoch 62/200 | LR: 0.078750
2026-04-22 18:12:02 KST | INFO |   Train Loss: 0.2754 | Test Loss: 0.3643 | Test Acc: 88.13%
2026-04-22 18:12:02 KST | INFO |   No improvement (1/30)
2026-04-22 18:12:02 KST | INFO | 
2026-04-22 18:12:02 KST | INFO | Epoch 63/200 | LR: 0.078104
2026-04-22 18:12:18 KST | INFO |   Train Loss: 0.2743 | Test Loss: 0.3785 | Test Acc: 88.14%
2026-04-22 18:12:18 KST | INFO |   No improvement (2/30)
2026-04-22 18:12:18 KST | INFO | 
2026-04-22 18:12:18 KST | INFO | Epoch 64/200 | LR: 0.077451
2026-04-22 18:12:34 KST | INFO |   Train Loss: 0.2729 | Test Loss: 0.4006 | Test Acc: 86.61%
2026-04-22 18:12:34 KST | INFO |   No improvement (3/30)
2026-04-22 18:12:34 KST | INFO | 
2026-04-22 18:12:34 KST | INFO | Epoch 65/200 | LR: 0.076792
2026-04-22 18:12:49 KST | INFO |   Train Loss: 0.2692 | Test Loss: 0.3449 | Test Acc: 88.79%
2026-04-22 18:12:49 KST | INFO |   🏆 New best accuracy: 88.79%
2026-04-22 18:12:49 KST | INFO | 
2026-04-22 18:12:49 KST | INFO | Epoch 66/200 | LR: 0.076125
2026-04-22 18:13:05 KST | INFO |   Train Loss: 0.2671 | Test Loss: 0.3253 | Test Acc: 89.28%
2026-04-22 18:13:05 KST | INFO |   🏆 New best accuracy: 89.28%
2026-04-22 18:13:05 KST | INFO | 
2026-04-22 18:13:05 KST | INFO | Epoch 67/200 | LR: 0.075452
2026-04-22 18:13:20 KST | INFO |   Train Loss: 0.2646 | Test Loss: 0.3268 | Test Acc: 89.42%
2026-04-22 18:13:20 KST | INFO |   🏆 New best accuracy: 89.42%
2026-04-22 18:13:20 KST | INFO | 
2026-04-22 18:13:20 KST | INFO | Epoch 68/200 | LR: 0.074773
2026-04-22 18:13:36 KST | INFO |   Train Loss: 0.2649 | Test Loss: 0.3615 | Test Acc: 88.74%
2026-04-22 18:13:36 KST | INFO |   No improvement (1/30)
2026-04-22 18:13:36 KST | INFO | 
2026-04-22 18:13:36 KST | INFO | Epoch 69/200 | LR: 0.074088
2026-04-22 18:13:51 KST | INFO |   Train Loss: 0.2603 | Test Loss: 0.3893 | Test Acc: 88.02%
2026-04-22 18:13:51 KST | INFO |   No improvement (2/30)
2026-04-22 18:13:51 KST | INFO | 
2026-04-22 18:13:51 KST | INFO | Epoch 70/200 | LR: 0.073397
2026-04-22 18:14:06 KST | INFO |   Train Loss: 0.2556 | Test Loss: 0.3742 | Test Acc: 88.39%
2026-04-22 18:14:06 KST | INFO |   No improvement (3/30)
2026-04-22 18:14:06 KST | INFO | 
2026-04-22 18:14:06 KST | INFO | Epoch 71/200 | LR: 0.072700
2026-04-22 18:14:21 KST | INFO |   Train Loss: 0.2571 | Test Loss: 0.3161 | Test Acc: 89.59%
2026-04-22 18:14:21 KST | INFO |   🏆 New best accuracy: 89.59%
2026-04-22 18:14:21 KST | INFO | 
2026-04-22 18:14:21 KST | INFO | Epoch 72/200 | LR: 0.071997
2026-04-22 18:14:36 KST | INFO |   Train Loss: 0.2533 | Test Loss: 0.3737 | Test Acc: 87.92%
2026-04-22 18:14:36 KST | INFO |   No improvement (1/30)
2026-04-22 18:14:36 KST | INFO | 
2026-04-22 18:14:36 KST | INFO | Epoch 73/200 | LR: 0.071289
2026-04-22 18:14:52 KST | INFO |   Train Loss: 0.2459 | Test Loss: 0.3509 | Test Acc: 88.98%
2026-04-22 18:14:52 KST | INFO |   No improvement (2/30)
2026-04-22 18:14:52 KST | INFO | 
2026-04-22 18:14:52 KST | INFO | Epoch 74/200 | LR: 0.070576
2026-04-22 18:15:07 KST | INFO |   Train Loss: 0.2497 | Test Loss: 0.3543 | Test Acc: 88.23%
2026-04-22 18:15:07 KST | INFO |   No improvement (3/30)
2026-04-22 18:15:07 KST | INFO | 
2026-04-22 18:15:07 KST | INFO | Epoch 75/200 | LR: 0.069858
2026-04-22 18:15:22 KST | INFO |   Train Loss: 0.2436 | Test Loss: 0.3837 | Test Acc: 88.10%
2026-04-22 18:15:22 KST | INFO |   No improvement (4/30)
2026-04-22 18:15:22 KST | INFO | 
2026-04-22 18:15:22 KST | INFO | Epoch 76/200 | LR: 0.069134
2026-04-22 18:15:37 KST | INFO |   Train Loss: 0.2450 | Test Loss: 0.3685 | Test Acc: 88.54%
2026-04-22 18:15:37 KST | INFO |   No improvement (5/30)
2026-04-22 18:15:37 KST | INFO | 
2026-04-22 18:15:37 KST | INFO | Epoch 77/200 | LR: 0.068407
2026-04-22 18:15:53 KST | INFO |   Train Loss: 0.2393 | Test Loss: 0.3660 | Test Acc: 87.98%
2026-04-22 18:15:53 KST | INFO |   No improvement (6/30)
2026-04-22 18:15:53 KST | INFO | 
2026-04-22 18:15:53 KST | INFO | Epoch 78/200 | LR: 0.067674
2026-04-22 18:16:08 KST | INFO |   Train Loss: 0.2370 | Test Loss: 0.4095 | Test Acc: 87.08%
2026-04-22 18:16:08 KST | INFO |   No improvement (7/30)
2026-04-22 18:16:08 KST | INFO | 
2026-04-22 18:16:08 KST | INFO | Epoch 79/200 | LR: 0.066937
2026-04-22 18:16:24 KST | INFO |   Train Loss: 0.2378 | Test Loss: 0.3638 | Test Acc: 88.41%
2026-04-22 18:16:24 KST | INFO |   No improvement (8/30)
2026-04-22 18:16:24 KST | INFO | 
2026-04-22 18:16:24 KST | INFO | Epoch 80/200 | LR: 0.066196
2026-04-22 18:16:39 KST | INFO |   Train Loss: 0.2316 | Test Loss: 0.3210 | Test Acc: 89.66%
2026-04-22 18:16:39 KST | INFO |   🏆 New best accuracy: 89.66%
2026-04-22 18:16:39 KST | INFO | 
2026-04-22 18:16:39 KST | INFO | Epoch 81/200 | LR: 0.065451
2026-04-22 18:16:54 KST | INFO |   Train Loss: 0.2293 | Test Loss: 0.3533 | Test Acc: 89.01%
2026-04-22 18:16:54 KST | INFO |   No improvement (1/30)
2026-04-22 18:16:54 KST | INFO | 
2026-04-22 18:16:54 KST | INFO | Epoch 82/200 | LR: 0.064702
2026-04-22 18:17:10 KST | INFO |   Train Loss: 0.2280 | Test Loss: 0.3472 | Test Acc: 88.57%
2026-04-22 18:17:10 KST | INFO |   No improvement (2/30)
2026-04-22 18:17:10 KST | INFO | 
2026-04-22 18:17:10 KST | INFO | Epoch 83/200 | LR: 0.063950
2026-04-22 18:17:25 KST | INFO |   Train Loss: 0.2274 | Test Loss: 0.3267 | Test Acc: 89.12%
2026-04-22 18:17:25 KST | INFO |   No improvement (3/30)
2026-04-22 18:17:25 KST | INFO | 
2026-04-22 18:17:25 KST | INFO | Epoch 84/200 | LR: 0.063194
2026-04-22 18:17:41 KST | INFO |   Train Loss: 0.2211 | Test Loss: 0.3427 | Test Acc: 89.09%
2026-04-22 18:17:41 KST | INFO |   No improvement (4/30)
2026-04-22 18:17:41 KST | INFO | 
2026-04-22 18:17:41 KST | INFO | Epoch 85/200 | LR: 0.062435
2026-04-22 18:17:56 KST | INFO |   Train Loss: 0.2221 | Test Loss: 0.3616 | Test Acc: 88.62%
2026-04-22 18:17:56 KST | INFO |   No improvement (5/30)
2026-04-22 18:17:56 KST | INFO | 
2026-04-22 18:17:56 KST | INFO | Epoch 86/200 | LR: 0.061673
2026-04-22 18:18:11 KST | INFO |   Train Loss: 0.2160 | Test Loss: 0.4749 | Test Acc: 86.67%
2026-04-22 18:18:11 KST | INFO |   No improvement (6/30)
2026-04-22 18:18:11 KST | INFO | 
2026-04-22 18:18:11 KST | INFO | Epoch 87/200 | LR: 0.060908
2026-04-22 18:18:26 KST | INFO |   Train Loss: 0.2172 | Test Loss: 0.3332 | Test Acc: 89.46%
2026-04-22 18:18:26 KST | INFO |   No improvement (7/30)
2026-04-22 18:18:26 KST | INFO | 
2026-04-22 18:18:26 KST | INFO | Epoch 88/200 | LR: 0.060140
2026-04-22 18:18:41 KST | INFO |   Train Loss: 0.2105 | Test Loss: 0.3461 | Test Acc: 88.83%
2026-04-22 18:18:41 KST | INFO |   No improvement (8/30)
2026-04-22 18:18:41 KST | INFO | 
2026-04-22 18:18:41 KST | INFO | Epoch 89/200 | LR: 0.059369
2026-04-22 18:18:56 KST | INFO |   Train Loss: 0.2137 | Test Loss: 0.3054 | Test Acc: 89.99%
2026-04-22 18:18:56 KST | INFO |   🏆 New best accuracy: 89.99%
2026-04-22 18:18:56 KST | INFO | 
2026-04-22 18:18:56 KST | INFO | Epoch 90/200 | LR: 0.058597
2026-04-22 18:19:12 KST | INFO |   Train Loss: 0.2080 | Test Loss: 0.3422 | Test Acc: 88.93%
2026-04-22 18:19:12 KST | INFO |   No improvement (1/30)
2026-04-22 18:19:12 KST | INFO | 
2026-04-22 18:19:12 KST | INFO | Epoch 91/200 | LR: 0.057822
2026-04-22 18:19:28 KST | INFO |   Train Loss: 0.2059 | Test Loss: 0.3758 | Test Acc: 88.94%
2026-04-22 18:19:28 KST | INFO |   No improvement (2/30)
2026-04-22 18:19:28 KST | INFO | 
2026-04-22 18:19:28 KST | INFO | Epoch 92/200 | LR: 0.057045
2026-04-22 18:19:43 KST | INFO |   Train Loss: 0.2019 | Test Loss: 0.3701 | Test Acc: 88.74%
2026-04-22 18:19:43 KST | INFO |   No improvement (3/30)
2026-04-22 18:19:43 KST | INFO | 
2026-04-22 18:19:43 KST | INFO | Epoch 93/200 | LR: 0.056267
2026-04-22 18:19:58 KST | INFO |   Train Loss: 0.2002 | Test Loss: 0.3449 | Test Acc: 89.37%
2026-04-22 18:19:58 KST | INFO |   No improvement (4/30)
2026-04-22 18:19:58 KST | INFO | 
2026-04-22 18:19:58 KST | INFO | Epoch 94/200 | LR: 0.055487
2026-04-22 18:20:13 KST | INFO |   Train Loss: 0.1963 | Test Loss: 0.3625 | Test Acc: 88.89%
2026-04-22 18:20:13 KST | INFO |   No improvement (5/30)
2026-04-22 18:20:13 KST | INFO | 
2026-04-22 18:20:13 KST | INFO | Epoch 95/200 | LR: 0.054706
2026-04-22 18:20:29 KST | INFO |   Train Loss: 0.1952 | Test Loss: 0.3848 | Test Acc: 88.76%
2026-04-22 18:20:29 KST | INFO |   No improvement (6/30)
2026-04-22 18:20:29 KST | INFO | 
2026-04-22 18:20:29 KST | INFO | Epoch 96/200 | LR: 0.053923
2026-04-22 18:20:45 KST | INFO |   Train Loss: 0.1931 | Test Loss: 0.3397 | Test Acc: 89.12%
2026-04-22 18:20:45 KST | INFO |   No improvement (7/30)
2026-04-22 18:20:45 KST | INFO | 
2026-04-22 18:20:45 KST | INFO | Epoch 97/200 | LR: 0.053140
2026-04-22 18:21:01 KST | INFO |   Train Loss: 0.1865 | Test Loss: 0.3708 | Test Acc: 88.91%
2026-04-22 18:21:01 KST | INFO |   No improvement (8/30)
2026-04-22 18:21:01 KST | INFO | 
2026-04-22 18:21:01 KST | INFO | Epoch 98/200 | LR: 0.052356
2026-04-22 18:21:16 KST | INFO |   Train Loss: 0.1893 | Test Loss: 0.3479 | Test Acc: 88.83%
2026-04-22 18:21:16 KST | INFO |   No improvement (9/30)
2026-04-22 18:21:16 KST | INFO | 
2026-04-22 18:21:16 KST | INFO | Epoch 99/200 | LR: 0.051571
2026-04-22 18:21:31 KST | INFO |   Train Loss: 0.1843 | Test Loss: 0.3496 | Test Acc: 89.21%
2026-04-22 18:21:31 KST | INFO |   No improvement (10/30)
2026-04-22 18:21:31 KST | INFO | 
2026-04-22 18:21:31 KST | INFO | Epoch 100/200 | LR: 0.050786
2026-04-22 18:21:47 KST | INFO |   Train Loss: 0.1808 | Test Loss: 0.3461 | Test Acc: 89.16%
2026-04-22 18:21:47 KST | INFO |   No improvement (11/30)
2026-04-22 18:21:47 KST | INFO | 
2026-04-22 18:21:47 KST | INFO | Epoch 101/200 | LR: 0.050001
2026-04-22 18:22:02 KST | INFO |   Train Loss: 0.1826 | Test Loss: 0.2960 | Test Acc: 90.44%
2026-04-22 18:22:02 KST | INFO |   🏆 New best accuracy: 90.44%
2026-04-22 18:22:02 KST | INFO | 
2026-04-22 18:22:02 KST | INFO | Epoch 102/200 | LR: 0.049215
2026-04-22 18:22:17 KST | INFO |   Train Loss: 0.1763 | Test Loss: 0.3415 | Test Acc: 89.40%
2026-04-22 18:22:17 KST | INFO |   No improvement (1/30)
2026-04-22 18:22:17 KST | INFO | 
2026-04-22 18:22:17 KST | INFO | Epoch 103/200 | LR: 0.048430
2026-04-22 18:22:33 KST | INFO |   Train Loss: 0.1738 | Test Loss: 0.3854 | Test Acc: 88.59%
2026-04-22 18:22:33 KST | INFO |   No improvement (2/30)
2026-04-22 18:22:33 KST | INFO | 
2026-04-22 18:22:33 KST | INFO | Epoch 104/200 | LR: 0.047645
2026-04-22 18:22:48 KST | INFO |   Train Loss: 0.1695 | Test Loss: 0.4027 | Test Acc: 88.14%
2026-04-22 18:22:48 KST | INFO |   No improvement (3/30)
2026-04-22 18:22:48 KST | INFO | 
2026-04-22 18:22:48 KST | INFO | Epoch 105/200 | LR: 0.046861
2026-04-22 18:23:03 KST | INFO |   Train Loss: 0.1669 | Test Loss: 0.3399 | Test Acc: 89.48%
2026-04-22 18:23:03 KST | INFO |   No improvement (4/30)
2026-04-22 18:23:03 KST | INFO | 
2026-04-22 18:23:03 KST | INFO | Epoch 106/200 | LR: 0.046078
2026-04-22 18:23:18 KST | INFO |   Train Loss: 0.1634 | Test Loss: 0.3544 | Test Acc: 89.24%
2026-04-22 18:23:18 KST | INFO |   No improvement (5/30)
2026-04-22 18:23:18 KST | INFO | 
2026-04-22 18:23:18 KST | INFO | Epoch 107/200 | LR: 0.045295
2026-04-22 18:23:33 KST | INFO |   Train Loss: 0.1672 | Test Loss: 0.3319 | Test Acc: 89.74%
2026-04-22 18:23:33 KST | INFO |   No improvement (6/30)
2026-04-22 18:23:33 KST | INFO | 
2026-04-22 18:23:33 KST | INFO | Epoch 108/200 | LR: 0.044514
2026-04-22 18:23:49 KST | INFO |   Train Loss: 0.1616 | Test Loss: 0.3134 | Test Acc: 90.26%
2026-04-22 18:23:49 KST | INFO |   No improvement (7/30)
2026-04-22 18:23:49 KST | INFO | 
2026-04-22 18:23:49 KST | INFO | Epoch 109/200 | LR: 0.043734
2026-04-22 18:24:04 KST | INFO |   Train Loss: 0.1528 | Test Loss: 0.3524 | Test Acc: 89.09%
2026-04-22 18:24:04 KST | INFO |   No improvement (8/30)
2026-04-22 18:24:04 KST | INFO | 
2026-04-22 18:24:04 KST | INFO | Epoch 110/200 | LR: 0.042956
2026-04-22 18:24:19 KST | INFO |   Train Loss: 0.1604 | Test Loss: 0.3271 | Test Acc: 89.94%
2026-04-22 18:24:19 KST | INFO |   No improvement (9/30)
2026-04-22 18:24:19 KST | INFO | 
2026-04-22 18:24:19 KST | INFO | Epoch 111/200 | LR: 0.042179
2026-04-22 18:24:34 KST | INFO |   Train Loss: 0.1521 | Test Loss: 0.3371 | Test Acc: 89.98%
2026-04-22 18:24:34 KST | INFO |   No improvement (10/30)
2026-04-22 18:24:34 KST | INFO | 
2026-04-22 18:24:34 KST | INFO | Epoch 112/200 | LR: 0.041404
2026-04-22 18:24:49 KST | INFO |   Train Loss: 0.1513 | Test Loss: 0.3361 | Test Acc: 89.67%
2026-04-22 18:24:49 KST | INFO |   No improvement (11/30)
2026-04-22 18:24:49 KST | INFO | 
2026-04-22 18:24:49 KST | INFO | Epoch 113/200 | LR: 0.040632
2026-04-22 18:25:05 KST | INFO |   Train Loss: 0.1504 | Test Loss: 0.3011 | Test Acc: 90.50%
2026-04-22 18:25:05 KST | INFO |   🏆 New best accuracy: 90.50%
2026-04-22 18:25:05 KST | INFO | 
2026-04-22 18:25:05 KST | INFO | Epoch 114/200 | LR: 0.039861
2026-04-22 18:25:20 KST | INFO |   Train Loss: 0.1449 | Test Loss: 0.3180 | Test Acc: 90.59%
2026-04-22 18:25:20 KST | INFO |   🏆 New best accuracy: 90.59%
2026-04-22 18:25:20 KST | INFO | 
2026-04-22 18:25:20 KST | INFO | Epoch 115/200 | LR: 0.039093
2026-04-22 18:25:35 KST | INFO |   Train Loss: 0.1436 | Test Loss: 0.2950 | Test Acc: 90.24%
2026-04-22 18:25:35 KST | INFO |   No improvement (1/30)
2026-04-22 18:25:35 KST | INFO | 
2026-04-22 18:25:35 KST | INFO | Epoch 116/200 | LR: 0.038328
2026-04-22 18:25:51 KST | INFO |   Train Loss: 0.1403 | Test Loss: 0.3126 | Test Acc: 90.23%
2026-04-22 18:25:51 KST | INFO |   No improvement (2/30)
2026-04-22 18:25:51 KST | INFO | 
2026-04-22 18:25:51 KST | INFO | Epoch 117/200 | LR: 0.037566
2026-04-22 18:26:07 KST | INFO |   Train Loss: 0.1369 | Test Loss: 0.3127 | Test Acc: 90.64%
2026-04-22 18:26:07 KST | INFO |   🏆 New best accuracy: 90.64%
2026-04-22 18:26:07 KST | INFO | 
2026-04-22 18:26:07 KST | INFO | Epoch 118/200 | LR: 0.036807
2026-04-22 18:26:22 KST | INFO |   Train Loss: 0.1330 | Test Loss: 0.3557 | Test Acc: 89.91%
2026-04-22 18:26:22 KST | INFO |   No improvement (1/30)
2026-04-22 18:26:22 KST | INFO | 
2026-04-22 18:26:22 KST | INFO | Epoch 119/200 | LR: 0.036051
2026-04-22 18:26:37 KST | INFO |   Train Loss: 0.1337 | Test Loss: 0.3269 | Test Acc: 90.26%
2026-04-22 18:26:37 KST | INFO |   No improvement (2/30)
2026-04-22 18:26:37 KST | INFO | 
2026-04-22 18:26:37 KST | INFO | Epoch 120/200 | LR: 0.035299
2026-04-22 18:26:52 KST | INFO |   Train Loss: 0.1302 | Test Loss: 0.3780 | Test Acc: 88.91%
2026-04-22 18:26:52 KST | INFO |   No improvement (3/30)
2026-04-22 18:26:52 KST | INFO | 
2026-04-22 18:26:52 KST | INFO | Epoch 121/200 | LR: 0.034550
2026-04-22 18:27:08 KST | INFO |   Train Loss: 0.1296 | Test Loss: 0.3107 | Test Acc: 90.73%
2026-04-22 18:27:08 KST | INFO |   🏆 New best accuracy: 90.73%
2026-04-22 18:27:08 KST | INFO | 
2026-04-22 18:27:08 KST | INFO | Epoch 122/200 | LR: 0.033805
2026-04-22 18:27:23 KST | INFO |   Train Loss: 0.1241 | Test Loss: 0.3695 | Test Acc: 89.22%
2026-04-22 18:27:23 KST | INFO |   No improvement (1/30)
2026-04-22 18:27:23 KST | INFO | 
2026-04-22 18:27:23 KST | INFO | Epoch 123/200 | LR: 0.033064
2026-04-22 18:27:38 KST | INFO |   Train Loss: 0.1188 | Test Loss: 0.3320 | Test Acc: 90.04%
2026-04-22 18:27:38 KST | INFO |   No improvement (2/30)
2026-04-22 18:27:38 KST | INFO | 
2026-04-22 18:27:38 KST | INFO | Epoch 124/200 | LR: 0.032327
2026-04-22 18:27:53 KST | INFO |   Train Loss: 0.1208 | Test Loss: 0.3052 | Test Acc: 90.62%
2026-04-22 18:27:53 KST | INFO |   No improvement (3/30)
2026-04-22 18:27:53 KST | INFO | 
2026-04-22 18:27:53 KST | INFO | Epoch 125/200 | LR: 0.031594
2026-04-22 18:28:09 KST | INFO |   Train Loss: 0.1166 | Test Loss: 0.3264 | Test Acc: 90.09%
2026-04-22 18:28:09 KST | INFO |   No improvement (4/30)
2026-04-22 18:28:09 KST | INFO | 
2026-04-22 18:28:09 KST | INFO | Epoch 126/200 | LR: 0.030867
2026-04-22 18:28:24 KST | INFO |   Train Loss: 0.1153 | Test Loss: 0.3020 | Test Acc: 90.66%
2026-04-22 18:28:24 KST | INFO |   No improvement (5/30)
2026-04-22 18:28:24 KST | INFO | 
2026-04-22 18:28:24 KST | INFO | Epoch 127/200 | LR: 0.030143
2026-04-22 18:28:39 KST | INFO |   Train Loss: 0.1124 | Test Loss: 0.3256 | Test Acc: 90.13%
2026-04-22 18:28:39 KST | INFO |   No improvement (6/30)
2026-04-22 18:28:39 KST | INFO | 
2026-04-22 18:28:39 KST | INFO | Epoch 128/200 | LR: 0.029425
2026-04-22 18:28:55 KST | INFO |   Train Loss: 0.1097 | Test Loss: 0.3698 | Test Acc: 89.69%
2026-04-22 18:28:55 KST | INFO |   No improvement (7/30)
2026-04-22 18:28:55 KST | INFO | 
2026-04-22 18:28:55 KST | INFO | Epoch 129/200 | LR: 0.028712
2026-04-22 18:29:09 KST | INFO |   Train Loss: 0.1075 | Test Loss: 0.3252 | Test Acc: 90.57%
2026-04-22 18:29:09 KST | INFO |   No improvement (8/30)
2026-04-22 18:29:09 KST | INFO | 
2026-04-22 18:29:09 KST | INFO | Epoch 130/200 | LR: 0.028004
2026-04-22 18:29:25 KST | INFO |   Train Loss: 0.1034 | Test Loss: 0.3454 | Test Acc: 90.17%
2026-04-22 18:29:25 KST | INFO |   No improvement (9/30)
2026-04-22 18:29:25 KST | INFO | 
2026-04-22 18:29:25 KST | INFO | Epoch 131/200 | LR: 0.027301
2026-04-22 18:29:41 KST | INFO |   Train Loss: 0.1006 | Test Loss: 0.3244 | Test Acc: 91.10%
2026-04-22 18:29:41 KST | INFO |   🏆 New best accuracy: 91.10%
2026-04-22 18:29:41 KST | INFO | 
2026-04-22 18:29:41 KST | INFO | Epoch 132/200 | LR: 0.026604
2026-04-22 18:29:56 KST | INFO |   Train Loss: 0.1000 | Test Loss: 0.3933 | Test Acc: 89.01%
2026-04-22 18:29:56 KST | INFO |   No improvement (1/30)
2026-04-22 18:29:56 KST | INFO | 
2026-04-22 18:29:56 KST | INFO | Epoch 133/200 | LR: 0.025913
2026-04-22 18:30:11 KST | INFO |   Train Loss: 0.0977 | Test Loss: 0.3371 | Test Acc: 90.21%
2026-04-22 18:30:11 KST | INFO |   No improvement (2/30)
2026-04-22 18:30:11 KST | INFO | 
2026-04-22 18:30:11 KST | INFO | Epoch 134/200 | LR: 0.025228
2026-04-22 18:30:27 KST | INFO |   Train Loss: 0.0956 | Test Loss: 0.2986 | Test Acc: 91.46%
2026-04-22 18:30:27 KST | INFO |   🏆 New best accuracy: 91.46%
2026-04-22 18:30:27 KST | INFO | 
2026-04-22 18:30:27 KST | INFO | Epoch 135/200 | LR: 0.024549
2026-04-22 18:30:42 KST | INFO |   Train Loss: 0.0931 | Test Loss: 0.3222 | Test Acc: 90.92%
2026-04-22 18:30:42 KST | INFO |   No improvement (1/30)
2026-04-22 18:30:42 KST | INFO | 
2026-04-22 18:30:42 KST | INFO | Epoch 136/200 | LR: 0.023876
2026-04-22 18:30:58 KST | INFO |   Train Loss: 0.0875 | Test Loss: 0.3086 | Test Acc: 91.24%
2026-04-22 18:30:58 KST | INFO |   No improvement (2/30)
2026-04-22 18:30:58 KST | INFO | 
2026-04-22 18:30:58 KST | INFO | Epoch 137/200 | LR: 0.023209
2026-04-22 18:31:13 KST | INFO |   Train Loss: 0.0878 | Test Loss: 0.3210 | Test Acc: 90.58%
2026-04-22 18:31:13 KST | INFO |   No improvement (3/30)
2026-04-22 18:31:13 KST | INFO | 
2026-04-22 18:31:13 KST | INFO | Epoch 138/200 | LR: 0.022550
2026-04-22 18:31:29 KST | INFO |   Train Loss: 0.0853 | Test Loss: 0.3125 | Test Acc: 91.02%
2026-04-22 18:31:29 KST | INFO |   No improvement (4/30)
2026-04-22 18:31:29 KST | INFO | 
2026-04-22 18:31:29 KST | INFO | Epoch 139/200 | LR: 0.021897
2026-04-22 18:31:44 KST | INFO |   Train Loss: 0.0831 | Test Loss: 0.3081 | Test Acc: 91.20%
2026-04-22 18:31:44 KST | INFO |   No improvement (5/30)
2026-04-22 18:31:44 KST | INFO | 
2026-04-22 18:31:44 KST | INFO | Epoch 140/200 | LR: 0.021251
2026-04-22 18:32:00 KST | INFO |   Train Loss: 0.0801 | Test Loss: 0.3517 | Test Acc: 90.43%
2026-04-22 18:32:00 KST | INFO |   No improvement (6/30)
2026-04-22 18:32:00 KST | INFO | 
2026-04-22 18:32:00 KST | INFO | Epoch 141/200 | LR: 0.020612
2026-04-22 18:32:15 KST | INFO |   Train Loss: 0.0763 | Test Loss: 0.3261 | Test Acc: 91.10%
2026-04-22 18:32:15 KST | INFO |   No improvement (7/30)
2026-04-22 18:32:15 KST | INFO | 
2026-04-22 18:32:15 KST | INFO | Epoch 142/200 | LR: 0.019980
2026-04-22 18:32:30 KST | INFO |   Train Loss: 0.0750 | Test Loss: 0.3076 | Test Acc: 91.23%
2026-04-22 18:32:30 KST | INFO |   No improvement (8/30)
2026-04-22 18:32:30 KST | INFO | 
2026-04-22 18:32:30 KST | INFO | Epoch 143/200 | LR: 0.019355
2026-04-22 18:32:45 KST | INFO |   Train Loss: 0.0737 | Test Loss: 0.3219 | Test Acc: 91.24%
2026-04-22 18:32:45 KST | INFO |   No improvement (9/30)
2026-04-22 18:32:45 KST | INFO | 
2026-04-22 18:32:45 KST | INFO | Epoch 144/200 | LR: 0.018739
2026-04-22 18:33:01 KST | INFO |   Train Loss: 0.0721 | Test Loss: 0.3046 | Test Acc: 91.70%
2026-04-22 18:33:01 KST | INFO |   🏆 New best accuracy: 91.70%
2026-04-22 18:33:01 KST | INFO | 
2026-04-22 18:33:01 KST | INFO | Epoch 145/200 | LR: 0.018130
2026-04-22 18:33:16 KST | INFO |   Train Loss: 0.0676 | Test Loss: 0.3073 | Test Acc: 91.28%
2026-04-22 18:33:16 KST | INFO |   No improvement (1/30)
2026-04-22 18:33:16 KST | INFO | 
2026-04-22 18:33:16 KST | INFO | Epoch 146/200 | LR: 0.017528
2026-04-22 18:33:31 KST | INFO |   Train Loss: 0.0654 | Test Loss: 0.3578 | Test Acc: 90.70%
2026-04-22 18:33:31 KST | INFO |   No improvement (2/30)
2026-04-22 18:33:31 KST | INFO | 
2026-04-22 18:33:31 KST | INFO | Epoch 147/200 | LR: 0.016935
2026-04-22 18:33:47 KST | INFO |   Train Loss: 0.0654 | Test Loss: 0.3342 | Test Acc: 91.28%
2026-04-22 18:33:47 KST | INFO |   No improvement (3/30)
2026-04-22 18:33:47 KST | INFO | 
2026-04-22 18:33:47 KST | INFO | Epoch 148/200 | LR: 0.016350
2026-04-22 18:34:02 KST | INFO |   Train Loss: 0.0634 | Test Loss: 0.3024 | Test Acc: 91.66%
2026-04-22 18:34:02 KST | INFO |   No improvement (4/30)
2026-04-22 18:34:02 KST | INFO | 
2026-04-22 18:34:02 KST | INFO | Epoch 149/200 | LR: 0.015773
2026-04-22 18:34:17 KST | INFO |   Train Loss: 0.0592 | Test Loss: 0.3840 | Test Acc: 90.57%
2026-04-22 18:34:17 KST | INFO |   No improvement (5/30)
2026-04-22 18:34:17 KST | INFO | 
2026-04-22 18:34:17 KST | INFO | Epoch 150/200 | LR: 0.015205
2026-04-22 18:34:32 KST | INFO |   Train Loss: 0.0570 | Test Loss: 0.3126 | Test Acc: 91.66%
2026-04-22 18:34:32 KST | INFO |   No improvement (6/30)
2026-04-22 18:34:32 KST | INFO | 
2026-04-22 18:34:32 KST | INFO | Epoch 151/200 | LR: 0.014646
2026-04-22 18:34:48 KST | INFO |   Train Loss: 0.0560 | Test Loss: 0.3121 | Test Acc: 91.39%
2026-04-22 18:34:48 KST | INFO |   No improvement (7/30)
2026-04-22 18:34:48 KST | INFO | 
2026-04-22 18:34:48 KST | INFO | Epoch 152/200 | LR: 0.014095
2026-04-22 18:35:04 KST | INFO |   Train Loss: 0.0541 | Test Loss: 0.3468 | Test Acc: 90.84%
2026-04-22 18:35:04 KST | INFO |   No improvement (8/30)
2026-04-22 18:35:04 KST | INFO | 
2026-04-22 18:35:04 KST | INFO | Epoch 153/200 | LR: 0.013552
2026-04-22 18:35:19 KST | INFO |   Train Loss: 0.0514 | Test Loss: 0.3221 | Test Acc: 91.22%
2026-04-22 18:35:19 KST | INFO |   No improvement (9/30)
2026-04-22 18:35:19 KST | INFO | 
2026-04-22 18:35:19 KST | INFO | Epoch 154/200 | LR: 0.013019
2026-04-22 18:35:34 KST | INFO |   Train Loss: 0.0507 | Test Loss: 0.3401 | Test Acc: 91.27%
2026-04-22 18:35:34 KST | INFO |   No improvement (10/30)
2026-04-22 18:35:34 KST | INFO | 
2026-04-22 18:35:34 KST | INFO | Epoch 155/200 | LR: 0.012495
2026-04-22 18:35:50 KST | INFO |   Train Loss: 0.0497 | Test Loss: 0.3139 | Test Acc: 91.89%
2026-04-22 18:35:50 KST | INFO |   🏆 New best accuracy: 91.89%
2026-04-22 18:35:50 KST | INFO | 
2026-04-22 18:35:50 KST | INFO | Epoch 156/200 | LR: 0.011981
2026-04-22 18:36:05 KST | INFO |   Train Loss: 0.0457 | Test Loss: 0.3055 | Test Acc: 91.96%
2026-04-22 18:36:05 KST | INFO |   🏆 New best accuracy: 91.96%
2026-04-22 18:36:05 KST | INFO | 
2026-04-22 18:36:05 KST | INFO | Epoch 157/200 | LR: 0.011475
2026-04-22 18:36:20 KST | INFO |   Train Loss: 0.0447 | Test Loss: 0.3366 | Test Acc: 91.31%
2026-04-22 18:36:20 KST | INFO |   No improvement (1/30)
2026-04-22 18:36:20 KST | INFO | 
2026-04-22 18:36:20 KST | INFO | Epoch 158/200 | LR: 0.010979
2026-04-22 18:36:35 KST | INFO |   Train Loss: 0.0421 | Test Loss: 0.3142 | Test Acc: 91.88%
2026-04-22 18:36:35 KST | INFO |   No improvement (2/30)
2026-04-22 18:36:35 KST | INFO | 
2026-04-22 18:36:35 KST | INFO | Epoch 159/200 | LR: 0.010493
2026-04-22 18:36:51 KST | INFO |   Train Loss: 0.0417 | Test Loss: 0.3447 | Test Acc: 91.28%
2026-04-22 18:36:51 KST | INFO |   No improvement (3/30)
2026-04-22 18:36:51 KST | INFO | 
2026-04-22 18:36:51 KST | INFO | Epoch 160/200 | LR: 0.010017
2026-04-22 18:37:06 KST | INFO |   Train Loss: 0.0388 | Test Loss: 0.3199 | Test Acc: 91.78%
2026-04-22 18:37:06 KST | INFO |   No improvement (4/30)
2026-04-22 18:37:06 KST | INFO | 
2026-04-22 18:37:06 KST | INFO | Epoch 161/200 | LR: 0.009550
2026-04-22 18:37:22 KST | INFO |   Train Loss: 0.0378 | Test Loss: 0.3330 | Test Acc: 91.43%
2026-04-22 18:37:22 KST | INFO |   No improvement (5/30)
2026-04-22 18:37:22 KST | INFO | 
2026-04-22 18:37:22 KST | INFO | Epoch 162/200 | LR: 0.009093
2026-04-22 18:37:37 KST | INFO |   Train Loss: 0.0373 | Test Loss: 0.3142 | Test Acc: 91.76%
2026-04-22 18:37:37 KST | INFO |   No improvement (6/30)
2026-04-22 18:37:37 KST | INFO | 
2026-04-22 18:37:37 KST | INFO | Epoch 163/200 | LR: 0.008647
2026-04-22 18:37:52 KST | INFO |   Train Loss: 0.0349 | Test Loss: 0.3229 | Test Acc: 91.77%
2026-04-22 18:37:52 KST | INFO |   No improvement (7/30)
2026-04-22 18:37:52 KST | INFO | 
2026-04-22 18:37:52 KST | INFO | Epoch 164/200 | LR: 0.008211
2026-04-22 18:38:08 KST | INFO |   Train Loss: 0.0316 | Test Loss: 0.3374 | Test Acc: 91.96%
2026-04-22 18:38:08 KST | INFO |   No improvement (8/30)
2026-04-22 18:38:08 KST | INFO | 
2026-04-22 18:38:08 KST | INFO | Epoch 165/200 | LR: 0.007785
2026-04-22 18:38:24 KST | INFO |   Train Loss: 0.0333 | Test Loss: 0.3102 | Test Acc: 92.36%
2026-04-22 18:38:24 KST | INFO |   🏆 New best accuracy: 92.36%
2026-04-22 18:38:24 KST | INFO | 
2026-04-22 18:38:24 KST | INFO | Epoch 166/200 | LR: 0.007369
2026-04-22 18:38:39 KST | INFO |   Train Loss: 0.0310 | Test Loss: 0.3216 | Test Acc: 91.97%
2026-04-22 18:38:39 KST | INFO |   No improvement (1/30)
2026-04-22 18:38:39 KST | INFO | 
2026-04-22 18:38:39 KST | INFO | Epoch 167/200 | LR: 0.006964
2026-04-22 18:38:54 KST | INFO |   Train Loss: 0.0293 | Test Loss: 0.3209 | Test Acc: 92.06%
2026-04-22 18:38:54 KST | INFO |   No improvement (2/30)
2026-04-22 18:38:54 KST | INFO | 
2026-04-22 18:38:54 KST | INFO | Epoch 168/200 | LR: 0.006569
2026-04-22 18:39:09 KST | INFO |   Train Loss: 0.0267 | Test Loss: 0.3250 | Test Acc: 92.11%
2026-04-22 18:39:09 KST | INFO |   No improvement (3/30)
2026-04-22 18:39:09 KST | INFO | 
2026-04-22 18:39:09 KST | INFO | Epoch 169/200 | LR: 0.006186
2026-04-22 18:39:25 KST | INFO |   Train Loss: 0.0259 | Test Loss: 0.3314 | Test Acc: 91.86%
2026-04-22 18:39:25 KST | INFO |   No improvement (4/30)
2026-04-22 18:39:25 KST | INFO | 
2026-04-22 18:39:25 KST | INFO | Epoch 170/200 | LR: 0.005813
2026-04-22 18:39:40 KST | INFO |   Train Loss: 0.0247 | Test Loss: 0.3260 | Test Acc: 92.24%
2026-04-22 18:39:40 KST | INFO |   No improvement (5/30)
2026-04-22 18:39:40 KST | INFO | 
2026-04-22 18:39:40 KST | INFO | Epoch 171/200 | LR: 0.005451
2026-04-22 18:39:56 KST | INFO |   Train Loss: 0.0244 | Test Loss: 0.3280 | Test Acc: 92.00%
2026-04-22 18:39:56 KST | INFO |   No improvement (6/30)
2026-04-22 18:39:56 KST | INFO | 
2026-04-22 18:39:56 KST | INFO | Epoch 172/200 | LR: 0.005100
2026-04-22 18:40:11 KST | INFO |   Train Loss: 0.0222 | Test Loss: 0.3137 | Test Acc: 92.51%
2026-04-22 18:40:11 KST | INFO |   🏆 New best accuracy: 92.51%
2026-04-22 18:40:11 KST | INFO | 
2026-04-22 18:40:11 KST | INFO | Epoch 173/200 | LR: 0.004760
2026-04-22 18:40:26 KST | INFO |   Train Loss: 0.0204 | Test Loss: 0.3437 | Test Acc: 91.91%
2026-04-22 18:40:26 KST | INFO |   No improvement (1/30)
2026-04-22 18:40:26 KST | INFO | 
2026-04-22 18:40:26 KST | INFO | Epoch 174/200 | LR: 0.004431
2026-04-22 18:40:41 KST | INFO |   Train Loss: 0.0219 | Test Loss: 0.3259 | Test Acc: 92.32%
2026-04-22 18:40:41 KST | INFO |   No improvement (2/30)
2026-04-22 18:40:41 KST | INFO | 
2026-04-22 18:40:41 KST | INFO | Epoch 175/200 | LR: 0.004113
2026-04-22 18:40:57 KST | INFO |   Train Loss: 0.0192 | Test Loss: 0.3273 | Test Acc: 92.24%
2026-04-22 18:40:57 KST | INFO |   No improvement (3/30)
2026-04-22 18:40:57 KST | INFO | 
2026-04-22 18:40:57 KST | INFO | Epoch 176/200 | LR: 0.003807
2026-04-22 18:41:12 KST | INFO |   Train Loss: 0.0185 | Test Loss: 0.3233 | Test Acc: 92.16%
2026-04-22 18:41:12 KST | INFO |   No improvement (4/30)
2026-04-22 18:41:12 KST | INFO | 
2026-04-22 18:41:12 KST | INFO | Epoch 177/200 | LR: 0.003512
2026-04-22 18:41:27 KST | INFO |   Train Loss: 0.0191 | Test Loss: 0.3178 | Test Acc: 92.18%
2026-04-22 18:41:27 KST | INFO |   No improvement (5/30)
2026-04-22 18:41:27 KST | INFO | 
2026-04-22 18:41:27 KST | INFO | Epoch 178/200 | LR: 0.003229
2026-04-22 18:41:42 KST | INFO |   Train Loss: 0.0166 | Test Loss: 0.3338 | Test Acc: 92.40%
2026-04-22 18:41:42 KST | INFO |   No improvement (6/30)
2026-04-22 18:41:42 KST | INFO | 
2026-04-22 18:41:42 KST | INFO | Epoch 179/200 | LR: 0.002957
2026-04-22 18:41:57 KST | INFO |   Train Loss: 0.0165 | Test Loss: 0.3329 | Test Acc: 92.02%
2026-04-22 18:41:57 KST | INFO |   No improvement (7/30)
2026-04-22 18:41:57 KST | INFO | 
2026-04-22 18:41:57 KST | INFO | Epoch 180/200 | LR: 0.002697
2026-04-22 18:42:13 KST | INFO |   Train Loss: 0.0155 | Test Loss: 0.3499 | Test Acc: 92.22%
2026-04-22 18:42:13 KST | INFO |   No improvement (8/30)
2026-04-22 18:42:13 KST | INFO | 
2026-04-22 18:42:13 KST | INFO | Epoch 181/200 | LR: 0.002448
2026-04-22 18:42:28 KST | INFO |   Train Loss: 0.0146 | Test Loss: 0.3458 | Test Acc: 92.22%
2026-04-22 18:42:28 KST | INFO |   No improvement (9/30)
2026-04-22 18:42:28 KST | INFO | 
2026-04-22 18:42:28 KST | INFO | Epoch 182/200 | LR: 0.002211
2026-04-22 18:42:44 KST | INFO |   Train Loss: 0.0137 | Test Loss: 0.3305 | Test Acc: 92.32%
2026-04-22 18:42:44 KST | INFO |   No improvement (10/30)
2026-04-22 18:42:44 KST | INFO | 
2026-04-22 18:42:44 KST | INFO | Epoch 183/200 | LR: 0.001986
2026-04-22 18:42:59 KST | INFO |   Train Loss: 0.0130 | Test Loss: 0.3262 | Test Acc: 92.41%
2026-04-22 18:42:59 KST | INFO |   No improvement (11/30)
2026-04-22 18:42:59 KST | INFO | 
2026-04-22 18:42:59 KST | INFO | Epoch 184/200 | LR: 0.001773
2026-04-22 18:43:14 KST | INFO |   Train Loss: 0.0128 | Test Loss: 0.3315 | Test Acc: 92.41%
2026-04-22 18:43:14 KST | INFO |   No improvement (12/30)
2026-04-22 18:43:14 KST | INFO | 
2026-04-22 18:43:14 KST | INFO | Epoch 185/200 | LR: 0.001572
2026-04-22 18:43:29 KST | INFO |   Train Loss: 0.0125 | Test Loss: 0.3372 | Test Acc: 92.37%
2026-04-22 18:43:29 KST | INFO |   No improvement (13/30)
2026-04-22 18:43:29 KST | INFO | 
2026-04-22 18:43:29 KST | INFO | Epoch 186/200 | LR: 0.001382
2026-04-22 18:43:45 KST | INFO |   Train Loss: 0.0120 | Test Loss: 0.3275 | Test Acc: 92.50%
2026-04-22 18:43:45 KST | INFO |   No improvement (14/30)
2026-04-22 18:43:45 KST | INFO | 
2026-04-22 18:43:45 KST | INFO | Epoch 187/200 | LR: 0.001205
2026-04-22 18:44:00 KST | INFO |   Train Loss: 0.0106 | Test Loss: 0.3334 | Test Acc: 92.43%
2026-04-22 18:44:00 KST | INFO |   No improvement (15/30)
2026-04-22 18:44:00 KST | INFO | 
2026-04-22 18:44:00 KST | INFO | Epoch 188/200 | LR: 0.001040
2026-04-22 18:44:15 KST | INFO |   Train Loss: 0.0107 | Test Loss: 0.3323 | Test Acc: 92.29%
2026-04-22 18:44:15 KST | INFO |   No improvement (16/30)
2026-04-22 18:44:15 KST | INFO | 
2026-04-22 18:44:15 KST | INFO | Epoch 189/200 | LR: 0.000887
2026-04-22 18:44:30 KST | INFO |   Train Loss: 0.0108 | Test Loss: 0.3388 | Test Acc: 92.56%
2026-04-22 18:44:30 KST | INFO |   🏆 New best accuracy: 92.56%
2026-04-22 18:44:30 KST | INFO | 
2026-04-22 18:44:30 KST | INFO | Epoch 190/200 | LR: 0.000746
2026-04-22 18:44:46 KST | INFO |   Train Loss: 0.0108 | Test Loss: 0.3350 | Test Acc: 92.40%
2026-04-22 18:44:46 KST | INFO |   No improvement (1/30)
2026-04-22 18:44:46 KST | INFO | 
2026-04-22 18:44:46 KST | INFO | Epoch 191/200 | LR: 0.000617
2026-04-22 18:45:01 KST | INFO |   Train Loss: 0.0095 | Test Loss: 0.3331 | Test Acc: 92.40%
2026-04-22 18:45:01 KST | INFO |   No improvement (2/30)
2026-04-22 18:45:01 KST | INFO | 
2026-04-22 18:45:01 KST | INFO | Epoch 192/200 | LR: 0.000500
2026-04-22 18:45:17 KST | INFO |   Train Loss: 0.0094 | Test Loss: 0.3409 | Test Acc: 92.48%
2026-04-22 18:45:17 KST | INFO |   No improvement (3/30)
2026-04-22 18:45:17 KST | INFO | 
2026-04-22 18:45:17 KST | INFO | Epoch 193/200 | LR: 0.000395
2026-04-22 18:45:32 KST | INFO |   Train Loss: 0.0099 | Test Loss: 0.3382 | Test Acc: 92.57%
2026-04-22 18:45:32 KST | INFO |   🏆 New best accuracy: 92.57%
2026-04-22 18:45:32 KST | INFO | 
2026-04-22 18:45:32 KST | INFO | Epoch 194/200 | LR: 0.000303
2026-04-22 18:45:48 KST | INFO |   Train Loss: 0.0092 | Test Loss: 0.3353 | Test Acc: 92.47%
2026-04-22 18:45:48 KST | INFO |   No improvement (1/30)
2026-04-22 18:45:48 KST | INFO | 
2026-04-22 18:45:48 KST | INFO | Epoch 195/200 | LR: 0.000223
2026-04-22 18:46:03 KST | INFO |   Train Loss: 0.0091 | Test Loss: 0.3390 | Test Acc: 92.61%
2026-04-22 18:46:03 KST | INFO |   🏆 New best accuracy: 92.61%
2026-04-22 18:46:03 KST | INFO | 
2026-04-22 18:46:03 KST | INFO | Epoch 196/200 | LR: 0.000155
2026-04-22 18:46:18 KST | INFO |   Train Loss: 0.0089 | Test Loss: 0.3360 | Test Acc: 92.58%
2026-04-22 18:46:18 KST | INFO |   No improvement (1/30)
2026-04-22 18:46:18 KST | INFO | 
2026-04-22 18:46:18 KST | INFO | Epoch 197/200 | LR: 0.000100
2026-04-22 18:46:33 KST | INFO |   Train Loss: 0.0088 | Test Loss: 0.3354 | Test Acc: 92.62%
2026-04-22 18:46:33 KST | INFO |   🏆 New best accuracy: 92.62%
2026-04-22 18:46:33 KST | INFO | 
2026-04-22 18:46:33 KST | INFO | Epoch 198/200 | LR: 0.000057
2026-04-22 18:46:48 KST | INFO |   Train Loss: 0.0089 | Test Loss: 0.3356 | Test Acc: 92.68%
2026-04-22 18:46:48 KST | INFO |   🏆 New best accuracy: 92.68%
2026-04-22 18:46:48 KST | INFO | 
2026-04-22 18:46:48 KST | INFO | Epoch 199/200 | LR: 0.000026
2026-04-22 18:47:04 KST | INFO |   Train Loss: 0.0091 | Test Loss: 0.3350 | Test Acc: 92.67%
2026-04-22 18:47:04 KST | INFO |   No improvement (1/30)
2026-04-22 18:47:04 KST | INFO | 
2026-04-22 18:47:04 KST | INFO | Epoch 200/200 | LR: 0.000007
2026-04-22 18:47:19 KST | INFO |   Train Loss: 0.0097 | Test Loss: 0.3350 | Test Acc: 92.62%
2026-04-22 18:47:19 KST | INFO |   No improvement (2/30)
2026-04-22 18:47:19 KST | INFO | 
2026-04-22 18:47:19 KST | INFO | ================================================================================
2026-04-22 18:47:19 KST | INFO | TRAINING COMPLETE
2026-04-22 18:47:19 KST | INFO | ================================================================================
2026-04-22 18:47:19 KST | INFO | Best accuracy:  92.68% (Epoch 198)
2026-04-22 18:47:19 KST | INFO | Final accuracy: 92.62%
2026-04-22 18:47:19 KST | INFO | ================================================================================
2026-04-22 18:47:19 KST | INFO | 
2026-04-22 18:47:19 KST | INFO | Full log: logs/centralized_20260422_175537.log
2026-04-22 18:47:19 KST | INFO | ================================================================================
