2026-02-08 07:05:21 KST | INFO | ================================================================================
2026-02-08 07:05:21 KST | INFO | TL++ Orchestrator
2026-02-08 07:05:21 KST | INFO | ================================================================================
2026-02-08 07:05:21 KST | INFO | Log file: logs/TL++_base_20260208_070521.log
2026-02-08 07:05:21 KST | INFO | 
2026-02-08 07:05:21 KST | INFO | --------------------------------------------------------------------------------
2026-02-08 07:05:21 KST | INFO | CONFIGURATION
2026-02-08 07:05:21 KST | INFO | --------------------------------------------------------------------------------
2026-02-08 07:05:21 KST | INFO | Secure mode:      False
2026-02-08 07:05:21 KST | INFO | Nodes:            6
2026-02-08 07:05:21 KST | INFO | Cut layer:        3
2026-02-08 07:05:21 KST | INFO | Batch size:       128
2026-02-08 07:05:21 KST | INFO | Learning rate:    0.1
2026-02-08 07:05:21 KST | INFO | 
2026-02-08 07:05:22 KST | INFO | Computation device: cuda
2026-02-08 07:05:22 KST | INFO | Secure mode: DISABLED
2026-02-08 07:05:22 KST | INFO | 
2026-02-08 07:05:22 KST | INFO | --------------------------------------------------------------------------------
2026-02-08 07:05:22 KST | INFO | NETWORK SETUP
2026-02-08 07:05:22 KST | INFO | --------------------------------------------------------------------------------
2026-02-08 07:05:22 KST | INFO | ✓ Orchestrator listening on 127.0.0.1:8080
2026-02-08 07:05:22 KST | INFO | Waiting for 6 node(s)...
2026-02-08 07:05:25 KST | INFO |   ✓ Node 1/6 connected
2026-02-08 07:05:26 KST | INFO |   ✓ Node 2/6 connected
2026-02-08 07:05:27 KST | INFO |   ✓ Node 3/6 connected
2026-02-08 07:05:28 KST | INFO |   ✓ Node 4/6 connected
2026-02-08 07:05:29 KST | INFO |   ✓ Node 5/6 connected
2026-02-08 07:05:30 KST | INFO |   ✓ Node 6/6 connected
2026-02-08 07:05:30 KST | INFO | ✓ All 6 node(s) connected
2026-02-08 07:05:30 KST | INFO | 
2026-02-08 07:05:30 KST | INFO | --------------------------------------------------------------------------------
2026-02-08 07:05:30 KST | INFO | MODEL INITIALIZATION
2026-02-08 07:05:30 KST | INFO | --------------------------------------------------------------------------------
2026-02-08 07:05:30 KST | INFO | Node-side parameters: 3,243,072
2026-02-08 07:05:30 KST | INFO | 
2026-02-08 07:05:30 KST | INFO | --------------------------------------------------------------------------------
2026-02-08 07:05:30 KST | INFO | BROADCASTING CONFIGURATION
2026-02-08 07:05:30 KST | INFO | --------------------------------------------------------------------------------
2026-02-08 07:05:30 KST | INFO | ✓ Configuration broadcast to all nodes
2026-02-08 07:05:31 KST | INFO | 
2026-02-08 07:05:31 KST | INFO | Total parameters:     3,246,150
2026-02-08 07:05:31 KST | INFO | Trainable parameters: 3,246,150
2026-02-08 07:05:31 KST | INFO | 
2026-02-08 07:05:31 KST | INFO | --------------------------------------------------------------------------------
2026-02-08 07:05:31 KST | INFO | DATA LOADING
2026-02-08 07:05:31 KST | INFO | --------------------------------------------------------------------------------
2026-02-08 07:05:58 KST | INFO | ✓ Dataset information collected:
2026-02-08 07:05:58 KST | INFO |     Node 1: 5,000 samples
2026-02-08 07:05:58 KST | INFO |     Node 2: 5,000 samples
2026-02-08 07:05:58 KST | INFO |     Node 3: 5,000 samples
2026-02-08 07:05:58 KST | INFO |     Node 4: 5,000 samples
2026-02-08 07:05:58 KST | INFO |     Node 5: 5,000 samples
2026-02-08 07:05:58 KST | INFO |     Node 6: 5,000 samples
2026-02-08 07:05:58 KST | INFO |   Total training samples: 30,000
2026-02-08 07:05:58 KST | INFO | 
2026-02-08 07:06:01 KST | INFO | ✓ Test dataset loaded: 6,000 samples
2026-02-08 07:06:01 KST | INFO | 
2026-02-08 07:06:01 KST | INFO | ✓ Batch scheduler: 235 batches/epoch
2026-02-08 07:06:01 KST | INFO | 
2026-02-08 07:06:01 KST | INFO | --------------------------------------------------------------------------------
2026-02-08 07:06:01 KST | INFO | OPTIMIZATION SETUP
2026-02-08 07:06:01 KST | INFO | --------------------------------------------------------------------------------
2026-02-08 07:06:01 KST | INFO | ✓ Optimizer: SGD (lr=0.1, momentum=0.9)
2026-02-08 07:06:01 KST | INFO | ✓ Scheduler: cosine
2026-02-08 07:06:01 KST | INFO | ✓ Gradient clipping: 1.0
2026-02-08 07:06:01 KST | INFO | 
2026-02-08 07:06:01 KST | INFO | ================================================================================
2026-02-08 07:06:01 KST | INFO | Setup complete - Ready for training
2026-02-08 07:06:01 KST | INFO | ================================================================================
2026-02-08 07:06:01 KST | INFO | 
2026-02-08 07:06:01 KST | INFO | --------------------------------------------------------------------------------
2026-02-08 07:06:01 KST | INFO | TRAINING
2026-02-08 07:06:01 KST | INFO | --------------------------------------------------------------------------------
2026-02-08 07:06:01 KST | INFO | 
2026-02-08 07:06:01 KST | INFO | Epoch 1/200 | LR: 0.100000
2026-02-08 07:07:00 KST | INFO |   Train Loss: 1.3885 | Test Loss: 0.0044 | Test Acc: 54.28%
2026-02-08 07:07:00 KST | INFO |   🏆 New best accuracy: 54.28%
2026-02-08 07:07:00 KST | INFO | 
2026-02-08 07:07:00 KST | INFO | Epoch 2/200 | LR: 0.099994
2026-02-08 07:07:59 KST | INFO |   Train Loss: 1.0981 | Test Loss: 0.0040 | Test Acc: 60.98%
2026-02-08 07:07:59 KST | INFO |   🏆 New best accuracy: 60.98%
2026-02-08 07:07:59 KST | INFO | 
2026-02-08 07:07:59 KST | INFO | Epoch 3/200 | LR: 0.099975
2026-02-08 07:08:59 KST | INFO |   Train Loss: 0.9661 | Test Loss: 0.0035 | Test Acc: 65.90%
2026-02-08 07:08:59 KST | INFO |   🏆 New best accuracy: 65.90%
2026-02-08 07:08:59 KST | INFO | 
2026-02-08 07:08:59 KST | INFO | Epoch 4/200 | LR: 0.099944
2026-02-08 07:10:00 KST | INFO |   Train Loss: 0.8383 | Test Loss: 0.0041 | Test Acc: 61.17%
2026-02-08 07:10:00 KST | INFO |   No improvement (1/30)
2026-02-08 07:10:00 KST | INFO | 
2026-02-08 07:10:00 KST | INFO | Epoch 5/200 | LR: 0.099901
2026-02-08 07:11:01 KST | INFO |   Train Loss: 0.7504 | Test Loss: 0.0028 | Test Acc: 72.80%
2026-02-08 07:11:01 KST | INFO |   🏆 New best accuracy: 72.80%
2026-02-08 07:11:01 KST | INFO | 
2026-02-08 07:11:01 KST | INFO | Epoch 6/200 | LR: 0.099846
2026-02-08 07:12:02 KST | INFO |   Train Loss: 0.6727 | Test Loss: 0.0024 | Test Acc: 77.95%
2026-02-08 07:12:02 KST | INFO |   🏆 New best accuracy: 77.95%
2026-02-08 07:12:02 KST | INFO | 
2026-02-08 07:12:02 KST | INFO | Epoch 7/200 | LR: 0.099778
2026-02-08 07:13:04 KST | INFO |   Train Loss: 0.6218 | Test Loss: 0.0027 | Test Acc: 75.12%
2026-02-08 07:13:04 KST | INFO |   No improvement (1/30)
2026-02-08 07:13:04 KST | INFO | 
2026-02-08 07:13:04 KST | INFO | Epoch 8/200 | LR: 0.099698
2026-02-08 07:14:05 KST | INFO |   Train Loss: 0.5742 | Test Loss: 0.0022 | Test Acc: 79.55%
2026-02-08 07:14:05 KST | INFO |   🏆 New best accuracy: 79.55%
2026-02-08 07:14:05 KST | INFO | 
2026-02-08 07:14:05 KST | INFO | Epoch 9/200 | LR: 0.099606
2026-02-08 07:15:06 KST | INFO |   Train Loss: 0.5434 | Test Loss: 0.0022 | Test Acc: 79.63%
2026-02-08 07:15:06 KST | INFO |   🏆 New best accuracy: 79.63%
2026-02-08 07:15:06 KST | INFO | 
2026-02-08 07:15:06 KST | INFO | Epoch 10/200 | LR: 0.099501
2026-02-08 07:16:07 KST | INFO |   Train Loss: 0.5209 | Test Loss: 0.0021 | Test Acc: 80.42%
2026-02-08 07:16:07 KST | INFO |   🏆 New best accuracy: 80.42%
2026-02-08 07:16:07 KST | INFO | 
2026-02-08 07:16:07 KST | INFO | Epoch 11/200 | LR: 0.099384
2026-02-08 07:17:08 KST | INFO |   Train Loss: 0.4968 | Test Loss: 0.0020 | Test Acc: 81.65%
2026-02-08 07:17:08 KST | INFO |   🏆 New best accuracy: 81.65%
2026-02-08 07:17:08 KST | INFO | 
2026-02-08 07:17:08 KST | INFO | Epoch 12/200 | LR: 0.099255
2026-02-08 07:18:09 KST | INFO |   Train Loss: 0.4768 | Test Loss: 0.0020 | Test Acc: 81.88%
2026-02-08 07:18:09 KST | INFO |   🏆 New best accuracy: 81.88%
2026-02-08 07:18:09 KST | INFO | 
2026-02-08 07:18:09 KST | INFO | Epoch 13/200 | LR: 0.099114
2026-02-08 07:19:10 KST | INFO |   Train Loss: 0.4571 | Test Loss: 0.0018 | Test Acc: 83.33%
2026-02-08 07:19:10 KST | INFO |   🏆 New best accuracy: 83.33%
2026-02-08 07:19:10 KST | INFO | 
2026-02-08 07:19:10 KST | INFO | Epoch 14/200 | LR: 0.098961
2026-02-08 07:20:11 KST | INFO |   Train Loss: 0.4475 | Test Loss: 0.0022 | Test Acc: 78.80%
2026-02-08 07:20:11 KST | INFO |   No improvement (1/30)
2026-02-08 07:20:11 KST | INFO | 
2026-02-08 07:20:11 KST | INFO | Epoch 15/200 | LR: 0.098796
2026-02-08 07:21:14 KST | INFO |   Train Loss: 0.4338 | Test Loss: 0.0019 | Test Acc: 82.37%
2026-02-08 07:21:14 KST | INFO |   No improvement (2/30)
2026-02-08 07:21:14 KST | INFO | 
2026-02-08 07:21:14 KST | INFO | Epoch 16/200 | LR: 0.098619
2026-02-08 07:22:17 KST | INFO |   Train Loss: 0.4194 | Test Loss: 0.0020 | Test Acc: 82.22%
2026-02-08 07:22:17 KST | INFO |   No improvement (3/30)
2026-02-08 07:22:17 KST | INFO | 
2026-02-08 07:22:17 KST | INFO | Epoch 17/200 | LR: 0.098429
2026-02-08 07:23:18 KST | INFO |   Train Loss: 0.4060 | Test Loss: 0.0019 | Test Acc: 83.60%
2026-02-08 07:23:18 KST | INFO |   🏆 New best accuracy: 83.60%
2026-02-08 07:23:18 KST | INFO | 
2026-02-08 07:23:18 KST | INFO | Epoch 18/200 | LR: 0.098228
2026-02-08 07:24:20 KST | INFO |   Train Loss: 0.3968 | Test Loss: 0.0016 | Test Acc: 85.42%
2026-02-08 07:24:20 KST | INFO |   🏆 New best accuracy: 85.42%
2026-02-08 07:24:20 KST | INFO | 
2026-02-08 07:24:20 KST | INFO | Epoch 19/200 | LR: 0.098015
2026-02-08 07:25:22 KST | INFO |   Train Loss: 0.3873 | Test Loss: 0.0019 | Test Acc: 83.57%
2026-02-08 07:25:22 KST | INFO |   No improvement (1/30)
2026-02-08 07:25:22 KST | INFO | 
2026-02-08 07:25:22 KST | INFO | Epoch 20/200 | LR: 0.097790
2026-02-08 07:26:24 KST | INFO |   Train Loss: 0.3846 | Test Loss: 0.0018 | Test Acc: 84.12%
2026-02-08 07:26:24 KST | INFO |   No improvement (2/30)
2026-02-08 07:26:24 KST | INFO | 
2026-02-08 07:26:24 KST | INFO | Epoch 21/200 | LR: 0.097553
2026-02-08 07:27:28 KST | INFO |   Train Loss: 0.3711 | Test Loss: 0.0015 | Test Acc: 86.62%
2026-02-08 07:27:28 KST | INFO |   🏆 New best accuracy: 86.62%
2026-02-08 07:27:28 KST | INFO | 
2026-02-08 07:27:28 KST | INFO | Epoch 22/200 | LR: 0.097304
2026-02-08 07:28:31 KST | INFO |   Train Loss: 0.3633 | Test Loss: 0.0018 | Test Acc: 83.33%
2026-02-08 07:28:31 KST | INFO |   No improvement (1/30)
2026-02-08 07:28:31 KST | INFO | 
2026-02-08 07:28:31 KST | INFO | Epoch 23/200 | LR: 0.097044
2026-02-08 07:29:34 KST | INFO |   Train Loss: 0.3566 | Test Loss: 0.0016 | Test Acc: 85.80%
2026-02-08 07:29:34 KST | INFO |   No improvement (2/30)
2026-02-08 07:29:34 KST | INFO | 
2026-02-08 07:29:34 KST | INFO | Epoch 24/200 | LR: 0.096772
2026-02-08 07:30:37 KST | INFO |   Train Loss: 0.3558 | Test Loss: 0.0018 | Test Acc: 84.33%
2026-02-08 07:30:37 KST | INFO |   No improvement (3/30)
2026-02-08 07:30:37 KST | INFO | 
2026-02-08 07:30:37 KST | INFO | Epoch 25/200 | LR: 0.096489
2026-02-08 07:31:40 KST | INFO |   Train Loss: 0.3473 | Test Loss: 0.0015 | Test Acc: 86.40%
2026-02-08 07:31:40 KST | INFO |   No improvement (4/30)
2026-02-08 07:31:40 KST | INFO | 
2026-02-08 07:31:40 KST | INFO | Epoch 26/200 | LR: 0.096194
2026-02-08 07:32:43 KST | INFO |   Train Loss: 0.3432 | Test Loss: 0.0016 | Test Acc: 85.07%
2026-02-08 07:32:43 KST | INFO |   No improvement (5/30)
2026-02-08 07:32:43 KST | INFO | 
2026-02-08 07:32:43 KST | INFO | Epoch 27/200 | LR: 0.095888
2026-02-08 07:33:47 KST | INFO |   Train Loss: 0.3377 | Test Loss: 0.0014 | Test Acc: 87.35%
2026-02-08 07:33:47 KST | INFO |   🏆 New best accuracy: 87.35%
2026-02-08 07:33:47 KST | INFO | 
2026-02-08 07:33:47 KST | INFO | Epoch 28/200 | LR: 0.095570
2026-02-08 07:34:51 KST | INFO |   Train Loss: 0.3303 | Test Loss: 0.0016 | Test Acc: 85.43%
2026-02-08 07:34:51 KST | INFO |   No improvement (1/30)
2026-02-08 07:34:51 KST | INFO | 
2026-02-08 07:34:51 KST | INFO | Epoch 29/200 | LR: 0.095241
2026-02-08 07:35:55 KST | INFO |   Train Loss: 0.3241 | Test Loss: 0.0015 | Test Acc: 86.72%
2026-02-08 07:35:55 KST | INFO |   No improvement (2/30)
2026-02-08 07:35:55 KST | INFO | 
2026-02-08 07:35:55 KST | INFO | Epoch 30/200 | LR: 0.094901
2026-02-08 07:36:59 KST | INFO |   Train Loss: 0.3219 | Test Loss: 0.0017 | Test Acc: 85.15%
2026-02-08 07:36:59 KST | INFO |   No improvement (3/30)
2026-02-08 07:36:59 KST | INFO | 
2026-02-08 07:36:59 KST | INFO | Epoch 31/200 | LR: 0.094550
2026-02-08 07:38:03 KST | INFO |   Train Loss: 0.3168 | Test Loss: 0.0016 | Test Acc: 85.23%
2026-02-08 07:38:03 KST | INFO |   No improvement (4/30)
2026-02-08 07:38:03 KST | INFO | 
2026-02-08 07:38:03 KST | INFO | Epoch 32/200 | LR: 0.094188
2026-02-08 07:39:07 KST | INFO |   Train Loss: 0.3191 | Test Loss: 0.0017 | Test Acc: 84.68%
2026-02-08 07:39:07 KST | INFO |   No improvement (5/30)
2026-02-08 07:39:07 KST | INFO | 
2026-02-08 07:39:07 KST | INFO | Epoch 33/200 | LR: 0.093815
2026-02-08 07:40:10 KST | INFO |   Train Loss: 0.3116 | Test Loss: 0.0014 | Test Acc: 87.82%
2026-02-08 07:40:10 KST | INFO |   🏆 New best accuracy: 87.82%
2026-02-08 07:40:10 KST | INFO | 
2026-02-08 07:40:10 KST | INFO | Epoch 34/200 | LR: 0.093432
2026-02-08 07:41:11 KST | INFO |   Train Loss: 0.3062 | Test Loss: 0.0014 | Test Acc: 87.25%
2026-02-08 07:41:11 KST | INFO |   No improvement (1/30)
2026-02-08 07:41:11 KST | INFO | 
2026-02-08 07:41:11 KST | INFO | Epoch 35/200 | LR: 0.093037
2026-02-08 07:42:13 KST | INFO |   Train Loss: 0.3033 | Test Loss: 0.0017 | Test Acc: 85.57%
2026-02-08 07:42:13 KST | INFO |   No improvement (2/30)
2026-02-08 07:42:13 KST | INFO | 
2026-02-08 07:42:13 KST | INFO | Epoch 36/200 | LR: 0.092632
2026-02-08 07:43:14 KST | INFO |   Train Loss: 0.2985 | Test Loss: 0.0015 | Test Acc: 86.73%
2026-02-08 07:43:14 KST | INFO |   No improvement (3/30)
2026-02-08 07:43:14 KST | INFO | 
2026-02-08 07:43:14 KST | INFO | Epoch 37/200 | LR: 0.092216
2026-02-08 07:44:16 KST | INFO |   Train Loss: 0.2892 | Test Loss: 0.0016 | Test Acc: 86.58%
2026-02-08 07:44:16 KST | INFO |   No improvement (4/30)
2026-02-08 07:44:16 KST | INFO | 
2026-02-08 07:44:16 KST | INFO | Epoch 38/200 | LR: 0.091790
2026-02-08 07:45:16 KST | INFO |   Train Loss: 0.2944 | Test Loss: 0.0018 | Test Acc: 83.60%
2026-02-08 07:45:16 KST | INFO |   No improvement (5/30)
2026-02-08 07:45:16 KST | INFO | 
2026-02-08 07:45:16 KST | INFO | Epoch 39/200 | LR: 0.091354
2026-02-08 07:46:17 KST | INFO |   Train Loss: 0.2876 | Test Loss: 0.0014 | Test Acc: 88.08%
2026-02-08 07:46:17 KST | INFO |   🏆 New best accuracy: 88.08%
2026-02-08 07:46:17 KST | INFO | 
2026-02-08 07:46:17 KST | INFO | Epoch 40/200 | LR: 0.090908
2026-02-08 07:47:19 KST | INFO |   Train Loss: 0.2871 | Test Loss: 0.0016 | Test Acc: 85.97%
2026-02-08 07:47:19 KST | INFO |   No improvement (1/30)
2026-02-08 07:47:19 KST | INFO | 
2026-02-08 07:47:19 KST | INFO | Epoch 41/200 | LR: 0.090451
2026-02-08 07:48:20 KST | INFO |   Train Loss: 0.2822 | Test Loss: 0.0016 | Test Acc: 86.40%
2026-02-08 07:48:20 KST | INFO |   No improvement (2/30)
2026-02-08 07:48:20 KST | INFO | 
2026-02-08 07:48:20 KST | INFO | Epoch 42/200 | LR: 0.089984
2026-02-08 07:49:21 KST | INFO |   Train Loss: 0.2778 | Test Loss: 0.0014 | Test Acc: 87.65%
2026-02-08 07:49:21 KST | INFO |   No improvement (3/30)
2026-02-08 07:49:21 KST | INFO | 
2026-02-08 07:49:21 KST | INFO | Epoch 43/200 | LR: 0.089508
2026-02-08 07:50:23 KST | INFO |   Train Loss: 0.2800 | Test Loss: 0.0015 | Test Acc: 86.07%
2026-02-08 07:50:23 KST | INFO |   No improvement (4/30)
2026-02-08 07:50:23 KST | INFO | 
2026-02-08 07:50:23 KST | INFO | Epoch 44/200 | LR: 0.089022
2026-02-08 07:51:24 KST | INFO |   Train Loss: 0.2709 | Test Loss: 0.0014 | Test Acc: 87.42%
2026-02-08 07:51:24 KST | INFO |   No improvement (5/30)
2026-02-08 07:51:24 KST | INFO | 
2026-02-08 07:51:24 KST | INFO | Epoch 45/200 | LR: 0.088526
2026-02-08 07:52:25 KST | INFO |   Train Loss: 0.2667 | Test Loss: 0.0018 | Test Acc: 84.78%
2026-02-08 07:52:25 KST | INFO |   No improvement (6/30)
2026-02-08 07:52:25 KST | INFO | 
2026-02-08 07:52:25 KST | INFO | Epoch 46/200 | LR: 0.088020
2026-02-08 07:53:26 KST | INFO |   Train Loss: 0.2698 | Test Loss: 0.0014 | Test Acc: 87.73%
2026-02-08 07:53:26 KST | INFO |   No improvement (7/30)
2026-02-08 07:53:26 KST | INFO | 
2026-02-08 07:53:26 KST | INFO | Epoch 47/200 | LR: 0.087506
2026-02-08 07:54:27 KST | INFO |   Train Loss: 0.2638 | Test Loss: 0.0014 | Test Acc: 88.40%
2026-02-08 07:54:27 KST | INFO |   🏆 New best accuracy: 88.40%
2026-02-08 07:54:27 KST | INFO | 
2026-02-08 07:54:27 KST | INFO | Epoch 48/200 | LR: 0.086982
2026-02-08 07:55:27 KST | INFO |   Train Loss: 0.2653 | Test Loss: 0.0015 | Test Acc: 86.87%
2026-02-08 07:55:27 KST | INFO |   No improvement (1/30)
2026-02-08 07:55:27 KST | INFO | 
2026-02-08 07:55:27 KST | INFO | Epoch 49/200 | LR: 0.086449
2026-02-08 07:56:27 KST | INFO |   Train Loss: 0.2602 | Test Loss: 0.0014 | Test Acc: 87.35%
2026-02-08 07:56:27 KST | INFO |   No improvement (2/30)
2026-02-08 07:56:27 KST | INFO | 
2026-02-08 07:56:27 KST | INFO | Epoch 50/200 | LR: 0.085906
2026-02-08 07:57:27 KST | INFO |   Train Loss: 0.2560 | Test Loss: 0.0014 | Test Acc: 88.48%
2026-02-08 07:57:27 KST | INFO |   🏆 New best accuracy: 88.48%
2026-02-08 07:57:27 KST | INFO | 
2026-02-08 07:57:27 KST | INFO | Epoch 51/200 | LR: 0.085355
2026-02-08 07:58:27 KST | INFO |   Train Loss: 0.2566 | Test Loss: 0.0013 | Test Acc: 88.80%
2026-02-08 07:58:27 KST | INFO |   🏆 New best accuracy: 88.80%
2026-02-08 07:58:27 KST | INFO | 
2026-02-08 07:58:27 KST | INFO | Epoch 52/200 | LR: 0.084796
2026-02-08 07:59:27 KST | INFO |   Train Loss: 0.2559 | Test Loss: 0.0014 | Test Acc: 87.78%
2026-02-08 07:59:27 KST | INFO |   No improvement (1/30)
2026-02-08 07:59:27 KST | INFO | 
2026-02-08 07:59:27 KST | INFO | Epoch 53/200 | LR: 0.084228
2026-02-08 08:00:27 KST | INFO |   Train Loss: 0.2530 | Test Loss: 0.0021 | Test Acc: 83.30%
2026-02-08 08:00:27 KST | INFO |   No improvement (2/30)
2026-02-08 08:00:27 KST | INFO | 
2026-02-08 08:00:27 KST | INFO | Epoch 54/200 | LR: 0.083651
2026-02-08 08:01:28 KST | INFO |   Train Loss: 0.2483 | Test Loss: 0.0015 | Test Acc: 87.55%
2026-02-08 08:01:28 KST | INFO |   No improvement (3/30)
2026-02-08 08:01:28 KST | INFO | 
2026-02-08 08:01:28 KST | INFO | Epoch 55/200 | LR: 0.083066
2026-02-08 08:02:28 KST | INFO |   Train Loss: 0.2424 | Test Loss: 0.0017 | Test Acc: 85.55%
2026-02-08 08:02:28 KST | INFO |   No improvement (4/30)
2026-02-08 08:02:28 KST | INFO | 
2026-02-08 08:02:28 KST | INFO | Epoch 56/200 | LR: 0.082473
2026-02-08 08:03:28 KST | INFO |   Train Loss: 0.2403 | Test Loss: 0.0015 | Test Acc: 86.92%
2026-02-08 08:03:28 KST | INFO |   No improvement (5/30)
2026-02-08 08:03:28 KST | INFO | 
2026-02-08 08:03:28 KST | INFO | Epoch 57/200 | LR: 0.081871
2026-02-08 08:04:28 KST | INFO |   Train Loss: 0.2398 | Test Loss: 0.0014 | Test Acc: 87.90%
2026-02-08 08:04:28 KST | INFO |   No improvement (6/30)
2026-02-08 08:04:28 KST | INFO | 
2026-02-08 08:04:28 KST | INFO | Epoch 58/200 | LR: 0.081262
2026-02-08 08:05:28 KST | INFO |   Train Loss: 0.2401 | Test Loss: 0.0017 | Test Acc: 85.45%
2026-02-08 08:05:28 KST | INFO |   No improvement (7/30)
2026-02-08 08:05:28 KST | INFO | 
2026-02-08 08:05:28 KST | INFO | Epoch 59/200 | LR: 0.080646
2026-02-08 08:06:29 KST | INFO |   Train Loss: 0.2390 | Test Loss: 0.0015 | Test Acc: 87.10%
2026-02-08 08:06:29 KST | INFO |   No improvement (8/30)
2026-02-08 08:06:29 KST | INFO | 
2026-02-08 08:06:29 KST | INFO | Epoch 60/200 | LR: 0.080021
2026-02-08 08:07:29 KST | INFO |   Train Loss: 0.2357 | Test Loss: 0.0020 | Test Acc: 82.98%
2026-02-08 08:07:29 KST | INFO |   No improvement (9/30)
2026-02-08 08:07:29 KST | INFO | 
2026-02-08 08:07:29 KST | INFO | Epoch 61/200 | LR: 0.079389
2026-02-08 08:08:28 KST | INFO |   Train Loss: 0.2309 | Test Loss: 0.0015 | Test Acc: 87.48%
2026-02-08 08:08:28 KST | INFO |   No improvement (10/30)
2026-02-08 08:08:28 KST | INFO | 
2026-02-08 08:08:28 KST | INFO | Epoch 62/200 | LR: 0.078750
2026-02-08 08:09:27 KST | INFO |   Train Loss: 0.2245 | Test Loss: 0.0016 | Test Acc: 86.28%
2026-02-08 08:09:27 KST | INFO |   No improvement (11/30)
2026-02-08 08:09:27 KST | INFO | 
2026-02-08 08:09:27 KST | INFO | Epoch 63/200 | LR: 0.078104
2026-02-08 08:10:27 KST | INFO |   Train Loss: 0.2308 | Test Loss: 0.0019 | Test Acc: 84.70%
2026-02-08 08:10:27 KST | INFO |   No improvement (12/30)
2026-02-08 08:10:27 KST | INFO | 
2026-02-08 08:10:27 KST | INFO | Epoch 64/200 | LR: 0.077451
2026-02-08 08:11:27 KST | INFO |   Train Loss: 0.2215 | Test Loss: 0.0014 | Test Acc: 88.13%
2026-02-08 08:11:27 KST | INFO |   No improvement (13/30)
2026-02-08 08:11:27 KST | INFO | 
2026-02-08 08:11:27 KST | INFO | Epoch 65/200 | LR: 0.076792
2026-02-08 08:12:27 KST | INFO |   Train Loss: 0.2244 | Test Loss: 0.0017 | Test Acc: 85.93%
2026-02-08 08:12:27 KST | INFO |   No improvement (14/30)
2026-02-08 08:12:27 KST | INFO | 
2026-02-08 08:12:27 KST | INFO | Epoch 66/200 | LR: 0.076125
2026-02-08 08:13:27 KST | INFO |   Train Loss: 0.2198 | Test Loss: 0.0014 | Test Acc: 88.35%
2026-02-08 08:13:27 KST | INFO |   No improvement (15/30)
2026-02-08 08:13:27 KST | INFO | 
2026-02-08 08:13:27 KST | INFO | Epoch 67/200 | LR: 0.075452
2026-02-08 08:14:27 KST | INFO |   Train Loss: 0.2153 | Test Loss: 0.0015 | Test Acc: 87.62%
2026-02-08 08:14:27 KST | INFO |   No improvement (16/30)
2026-02-08 08:14:27 KST | INFO | 
2026-02-08 08:14:27 KST | INFO | Epoch 68/200 | LR: 0.074773
2026-02-08 08:15:27 KST | INFO |   Train Loss: 0.2127 | Test Loss: 0.0013 | Test Acc: 88.88%
2026-02-08 08:15:27 KST | INFO |   🏆 New best accuracy: 88.88%
2026-02-08 08:15:27 KST | INFO | 
2026-02-08 08:15:27 KST | INFO | Epoch 69/200 | LR: 0.074088
2026-02-08 08:16:27 KST | INFO |   Train Loss: 0.2132 | Test Loss: 0.0017 | Test Acc: 86.27%
2026-02-08 08:16:27 KST | INFO |   No improvement (1/30)
2026-02-08 08:16:27 KST | INFO | 
2026-02-08 08:16:27 KST | INFO | Epoch 70/200 | LR: 0.073397
2026-02-08 08:17:27 KST | INFO |   Train Loss: 0.2151 | Test Loss: 0.0012 | Test Acc: 88.68%
2026-02-08 08:17:27 KST | INFO |   No improvement (2/30)
2026-02-08 08:17:27 KST | INFO | 
2026-02-08 08:17:27 KST | INFO | Epoch 71/200 | LR: 0.072700
2026-02-08 08:18:27 KST | INFO |   Train Loss: 0.2102 | Test Loss: 0.0014 | Test Acc: 87.68%
2026-02-08 08:18:27 KST | INFO |   No improvement (3/30)
2026-02-08 08:18:27 KST | INFO | 
2026-02-08 08:18:27 KST | INFO | Epoch 72/200 | LR: 0.071997
2026-02-08 08:19:27 KST | INFO |   Train Loss: 0.2049 | Test Loss: 0.0013 | Test Acc: 88.67%
2026-02-08 08:19:27 KST | INFO |   No improvement (4/30)
2026-02-08 08:19:27 KST | INFO | 
2026-02-08 08:19:27 KST | INFO | Epoch 73/200 | LR: 0.071289
2026-02-08 08:20:27 KST | INFO |   Train Loss: 0.2047 | Test Loss: 0.0014 | Test Acc: 88.42%
2026-02-08 08:20:27 KST | INFO |   No improvement (5/30)
2026-02-08 08:20:27 KST | INFO | 
2026-02-08 08:20:27 KST | INFO | Epoch 74/200 | LR: 0.070576
2026-02-08 08:21:27 KST | INFO |   Train Loss: 0.2041 | Test Loss: 0.0013 | Test Acc: 88.87%
2026-02-08 08:21:27 KST | INFO |   No improvement (6/30)
2026-02-08 08:21:27 KST | INFO | 
2026-02-08 08:21:27 KST | INFO | Epoch 75/200 | LR: 0.069858
2026-02-08 08:22:29 KST | INFO |   Train Loss: 0.2028 | Test Loss: 0.0017 | Test Acc: 85.92%
2026-02-08 08:22:29 KST | INFO |   No improvement (7/30)
2026-02-08 08:22:29 KST | INFO | 
2026-02-08 08:22:29 KST | INFO | Epoch 76/200 | LR: 0.069134
2026-02-08 08:23:30 KST | INFO |   Train Loss: 0.2029 | Test Loss: 0.0015 | Test Acc: 87.65%
2026-02-08 08:23:30 KST | INFO |   No improvement (8/30)
2026-02-08 08:23:30 KST | INFO | 
2026-02-08 08:23:30 KST | INFO | Epoch 77/200 | LR: 0.068407
2026-02-08 08:24:31 KST | INFO |   Train Loss: 0.1991 | Test Loss: 0.0013 | Test Acc: 88.72%
2026-02-08 08:24:31 KST | INFO |   No improvement (9/30)
2026-02-08 08:24:31 KST | INFO | 
2026-02-08 08:24:31 KST | INFO | Epoch 78/200 | LR: 0.067674
2026-02-08 08:25:31 KST | INFO |   Train Loss: 0.1987 | Test Loss: 0.0014 | Test Acc: 88.67%
2026-02-08 08:25:31 KST | INFO |   No improvement (10/30)
2026-02-08 08:25:31 KST | INFO | 
2026-02-08 08:25:31 KST | INFO | Epoch 79/200 | LR: 0.066937
2026-02-08 08:26:31 KST | INFO |   Train Loss: 0.1959 | Test Loss: 0.0015 | Test Acc: 87.70%
2026-02-08 08:26:31 KST | INFO |   No improvement (11/30)
2026-02-08 08:26:31 KST | INFO | 
2026-02-08 08:26:31 KST | INFO | Epoch 80/200 | LR: 0.066196
2026-02-08 08:27:30 KST | INFO |   Train Loss: 0.1892 | Test Loss: 0.0017 | Test Acc: 86.42%
2026-02-08 08:27:30 KST | INFO |   No improvement (12/30)
2026-02-08 08:27:30 KST | INFO | 
2026-02-08 08:27:30 KST | INFO | Epoch 81/200 | LR: 0.065451
2026-02-08 08:28:29 KST | INFO |   Train Loss: 0.1870 | Test Loss: 0.0014 | Test Acc: 88.43%
2026-02-08 08:28:29 KST | INFO |   No improvement (13/30)
2026-02-08 08:28:29 KST | INFO | 
2026-02-08 08:28:29 KST | INFO | Epoch 82/200 | LR: 0.064702
2026-02-08 08:29:28 KST | INFO |   Train Loss: 0.1883 | Test Loss: 0.0014 | Test Acc: 88.03%
2026-02-08 08:29:28 KST | INFO |   No improvement (14/30)
2026-02-08 08:29:28 KST | INFO | 
2026-02-08 08:29:28 KST | INFO | Epoch 83/200 | LR: 0.063950
2026-02-08 08:30:28 KST | INFO |   Train Loss: 0.1860 | Test Loss: 0.0012 | Test Acc: 89.10%
2026-02-08 08:30:28 KST | INFO |   🏆 New best accuracy: 89.10%
2026-02-08 08:30:28 KST | INFO | 
2026-02-08 08:30:28 KST | INFO | Epoch 84/200 | LR: 0.063194
2026-02-08 08:31:28 KST | INFO |   Train Loss: 0.1839 | Test Loss: 0.0015 | Test Acc: 87.85%
2026-02-08 08:31:28 KST | INFO |   No improvement (1/30)
2026-02-08 08:31:28 KST | INFO | 
2026-02-08 08:31:28 KST | INFO | Epoch 85/200 | LR: 0.062435
2026-02-08 08:32:27 KST | INFO |   Train Loss: 0.1838 | Test Loss: 0.0015 | Test Acc: 87.58%
2026-02-08 08:32:27 KST | INFO |   No improvement (2/30)
2026-02-08 08:32:27 KST | INFO | 
2026-02-08 08:32:27 KST | INFO | Epoch 86/200 | LR: 0.061673
2026-02-08 08:33:28 KST | INFO |   Train Loss: 0.1802 | Test Loss: 0.0014 | Test Acc: 88.78%
2026-02-08 08:33:28 KST | INFO |   No improvement (3/30)
2026-02-08 08:33:28 KST | INFO | 
2026-02-08 08:33:28 KST | INFO | Epoch 87/200 | LR: 0.060908
2026-02-08 08:34:28 KST | INFO |   Train Loss: 0.1787 | Test Loss: 0.0014 | Test Acc: 88.85%
2026-02-08 08:34:28 KST | INFO |   No improvement (4/30)
2026-02-08 08:34:28 KST | INFO | 
2026-02-08 08:34:28 KST | INFO | Epoch 88/200 | LR: 0.060140
2026-02-08 08:35:27 KST | INFO |   Train Loss: 0.1723 | Test Loss: 0.0015 | Test Acc: 88.32%
2026-02-08 08:35:27 KST | INFO |   No improvement (5/30)
2026-02-08 08:35:27 KST | INFO | 
2026-02-08 08:35:27 KST | INFO | Epoch 89/200 | LR: 0.059369
2026-02-08 08:36:27 KST | INFO |   Train Loss: 0.1778 | Test Loss: 0.0015 | Test Acc: 87.87%
2026-02-08 08:36:27 KST | INFO |   No improvement (6/30)
2026-02-08 08:36:27 KST | INFO | 
2026-02-08 08:36:27 KST | INFO | Epoch 90/200 | LR: 0.058597
2026-02-08 08:37:26 KST | INFO |   Train Loss: 0.1717 | Test Loss: 0.0015 | Test Acc: 88.13%
2026-02-08 08:37:26 KST | INFO |   No improvement (7/30)
2026-02-08 08:37:26 KST | INFO | 
2026-02-08 08:37:26 KST | INFO | Epoch 91/200 | LR: 0.057822
2026-02-08 08:38:27 KST | INFO |   Train Loss: 0.1655 | Test Loss: 0.0013 | Test Acc: 88.58%
2026-02-08 08:38:27 KST | INFO |   No improvement (8/30)
2026-02-08 08:38:27 KST | INFO | 
2026-02-08 08:38:27 KST | INFO | Epoch 92/200 | LR: 0.057045
2026-02-08 08:39:27 KST | INFO |   Train Loss: 0.1627 | Test Loss: 0.0014 | Test Acc: 88.63%
2026-02-08 08:39:27 KST | INFO |   No improvement (9/30)
2026-02-08 08:39:27 KST | INFO | 
2026-02-08 08:39:27 KST | INFO | Epoch 93/200 | LR: 0.056267
2026-02-08 08:40:29 KST | INFO |   Train Loss: 0.1667 | Test Loss: 0.0014 | Test Acc: 88.60%
2026-02-08 08:40:29 KST | INFO |   No improvement (10/30)
2026-02-08 08:40:29 KST | INFO | 
2026-02-08 08:40:29 KST | INFO | Epoch 94/200 | LR: 0.055487
2026-02-08 08:41:30 KST | INFO |   Train Loss: 0.1620 | Test Loss: 0.0016 | Test Acc: 87.20%
2026-02-08 08:41:30 KST | INFO |   No improvement (11/30)
2026-02-08 08:41:30 KST | INFO | 
2026-02-08 08:41:30 KST | INFO | Epoch 95/200 | LR: 0.054706
2026-02-08 08:42:31 KST | INFO |   Train Loss: 0.1545 | Test Loss: 0.0015 | Test Acc: 87.65%
2026-02-08 08:42:31 KST | INFO |   No improvement (12/30)
2026-02-08 08:42:31 KST | INFO | 
2026-02-08 08:42:31 KST | INFO | Epoch 96/200 | LR: 0.053923
2026-02-08 08:43:32 KST | INFO |   Train Loss: 0.1637 | Test Loss: 0.0014 | Test Acc: 89.12%
2026-02-08 08:43:32 KST | INFO |   🏆 New best accuracy: 89.12%
2026-02-08 08:43:32 KST | INFO | 
2026-02-08 08:43:32 KST | INFO | Epoch 97/200 | LR: 0.053140
2026-02-08 08:44:32 KST | INFO |   Train Loss: 0.1573 | Test Loss: 0.0015 | Test Acc: 87.88%
2026-02-08 08:44:32 KST | INFO |   No improvement (1/30)
2026-02-08 08:44:32 KST | INFO | 
2026-02-08 08:44:32 KST | INFO | Epoch 98/200 | LR: 0.052356
2026-02-08 08:45:33 KST | INFO |   Train Loss: 0.1580 | Test Loss: 0.0013 | Test Acc: 89.75%
2026-02-08 08:45:33 KST | INFO |   🏆 New best accuracy: 89.75%
2026-02-08 08:45:33 KST | INFO | 
2026-02-08 08:45:33 KST | INFO | Epoch 99/200 | LR: 0.051571
2026-02-08 08:46:34 KST | INFO |   Train Loss: 0.1498 | Test Loss: 0.0016 | Test Acc: 87.93%
2026-02-08 08:46:34 KST | INFO |   No improvement (1/30)
2026-02-08 08:46:34 KST | INFO | 
2026-02-08 08:46:34 KST | INFO | Epoch 100/200 | LR: 0.050786
2026-02-08 08:47:35 KST | INFO |   Train Loss: 0.1509 | Test Loss: 0.0014 | Test Acc: 88.73%
2026-02-08 08:47:35 KST | INFO |   No improvement (2/30)
2026-02-08 08:47:35 KST | INFO | 
2026-02-08 08:47:35 KST | INFO | Epoch 101/200 | LR: 0.050001
2026-02-08 08:48:36 KST | INFO |   Train Loss: 0.1461 | Test Loss: 0.0014 | Test Acc: 89.23%
2026-02-08 08:48:36 KST | INFO |   No improvement (3/30)
2026-02-08 08:48:36 KST | INFO | 
2026-02-08 08:48:36 KST | INFO | Epoch 102/200 | LR: 0.049215
2026-02-08 08:49:36 KST | INFO |   Train Loss: 0.1474 | Test Loss: 0.0016 | Test Acc: 87.25%
2026-02-08 08:49:36 KST | INFO |   No improvement (4/30)
2026-02-08 08:49:36 KST | INFO | 
2026-02-08 08:49:36 KST | INFO | Epoch 103/200 | LR: 0.048430
2026-02-08 08:50:36 KST | INFO |   Train Loss: 0.1364 | Test Loss: 0.0013 | Test Acc: 89.87%
2026-02-08 08:50:36 KST | INFO |   🏆 New best accuracy: 89.87%
2026-02-08 08:50:36 KST | INFO | 
2026-02-08 08:50:36 KST | INFO | Epoch 104/200 | LR: 0.047645
2026-02-08 08:51:36 KST | INFO |   Train Loss: 0.1408 | Test Loss: 0.0015 | Test Acc: 88.08%
2026-02-08 08:51:36 KST | INFO |   No improvement (1/30)
2026-02-08 08:51:36 KST | INFO | 
2026-02-08 08:51:36 KST | INFO | Epoch 105/200 | LR: 0.046861
2026-02-08 08:52:36 KST | INFO |   Train Loss: 0.1414 | Test Loss: 0.0013 | Test Acc: 88.95%
2026-02-08 08:52:36 KST | INFO |   No improvement (2/30)
2026-02-08 08:52:36 KST | INFO | 
2026-02-08 08:52:36 KST | INFO | Epoch 106/200 | LR: 0.046078
2026-02-08 08:53:37 KST | INFO |   Train Loss: 0.1342 | Test Loss: 0.0013 | Test Acc: 89.35%
2026-02-08 08:53:37 KST | INFO |   No improvement (3/30)
2026-02-08 08:53:37 KST | INFO | 
2026-02-08 08:53:37 KST | INFO | Epoch 107/200 | LR: 0.045295
2026-02-08 08:54:37 KST | INFO |   Train Loss: 0.1320 | Test Loss: 0.0013 | Test Acc: 89.13%
2026-02-08 08:54:37 KST | INFO |   No improvement (4/30)
2026-02-08 08:54:37 KST | INFO | 
2026-02-08 08:54:37 KST | INFO | Epoch 108/200 | LR: 0.044514
2026-02-08 08:55:37 KST | INFO |   Train Loss: 0.1287 | Test Loss: 0.0015 | Test Acc: 88.75%
2026-02-08 08:55:37 KST | INFO |   No improvement (5/30)
2026-02-08 08:55:37 KST | INFO | 
2026-02-08 08:55:37 KST | INFO | Epoch 109/200 | LR: 0.043734
2026-02-08 08:56:38 KST | INFO |   Train Loss: 0.1314 | Test Loss: 0.0015 | Test Acc: 88.08%
2026-02-08 08:56:38 KST | INFO |   No improvement (6/30)
2026-02-08 08:56:38 KST | INFO | 
2026-02-08 08:56:38 KST | INFO | Epoch 110/200 | LR: 0.042956
2026-02-08 08:57:38 KST | INFO |   Train Loss: 0.1289 | Test Loss: 0.0013 | Test Acc: 89.50%
2026-02-08 08:57:38 KST | INFO |   No improvement (7/30)
2026-02-08 08:57:38 KST | INFO | 
2026-02-08 08:57:38 KST | INFO | Epoch 111/200 | LR: 0.042179
2026-02-08 08:58:38 KST | INFO |   Train Loss: 0.1248 | Test Loss: 0.0013 | Test Acc: 89.32%
2026-02-08 08:58:38 KST | INFO |   No improvement (8/30)
2026-02-08 08:58:38 KST | INFO | 
2026-02-08 08:58:38 KST | INFO | Epoch 112/200 | LR: 0.041404
2026-02-08 08:59:38 KST | INFO |   Train Loss: 0.1234 | Test Loss: 0.0014 | Test Acc: 88.67%
2026-02-08 08:59:38 KST | INFO |   No improvement (9/30)
2026-02-08 08:59:38 KST | INFO | 
2026-02-08 08:59:38 KST | INFO | Epoch 113/200 | LR: 0.040632
2026-02-08 09:00:38 KST | INFO |   Train Loss: 0.1270 | Test Loss: 0.0014 | Test Acc: 88.87%
2026-02-08 09:00:38 KST | INFO |   No improvement (10/30)
2026-02-08 09:00:38 KST | INFO | 
2026-02-08 09:00:38 KST | INFO | Epoch 114/200 | LR: 0.039861
2026-02-08 09:01:37 KST | INFO |   Train Loss: 0.1225 | Test Loss: 0.0014 | Test Acc: 88.92%
2026-02-08 09:01:37 KST | INFO |   No improvement (11/30)
2026-02-08 09:01:37 KST | INFO | 
2026-02-08 09:01:37 KST | INFO | Epoch 115/200 | LR: 0.039093
2026-02-08 09:02:37 KST | INFO |   Train Loss: 0.1133 | Test Loss: 0.0014 | Test Acc: 89.27%
2026-02-08 09:02:37 KST | INFO |   No improvement (12/30)
2026-02-08 09:02:37 KST | INFO | 
2026-02-08 09:02:37 KST | INFO | Epoch 116/200 | LR: 0.038328
2026-02-08 09:03:37 KST | INFO |   Train Loss: 0.1169 | Test Loss: 0.0014 | Test Acc: 88.47%
2026-02-08 09:03:37 KST | INFO |   No improvement (13/30)
2026-02-08 09:03:37 KST | INFO | 
2026-02-08 09:03:37 KST | INFO | Epoch 117/200 | LR: 0.037566
2026-02-08 09:04:37 KST | INFO |   Train Loss: 0.1113 | Test Loss: 0.0013 | Test Acc: 89.65%
2026-02-08 09:04:37 KST | INFO |   No improvement (14/30)
2026-02-08 09:04:37 KST | INFO | 
2026-02-08 09:04:37 KST | INFO | Epoch 118/200 | LR: 0.036807
2026-02-08 09:05:36 KST | INFO |   Train Loss: 0.1126 | Test Loss: 0.0014 | Test Acc: 88.87%
2026-02-08 09:05:36 KST | INFO |   No improvement (15/30)
2026-02-08 09:05:36 KST | INFO | 
2026-02-08 09:05:36 KST | INFO | Epoch 119/200 | LR: 0.036051
2026-02-08 09:06:36 KST | INFO |   Train Loss: 0.1110 | Test Loss: 0.0015 | Test Acc: 88.25%
2026-02-08 09:06:36 KST | INFO |   No improvement (16/30)
2026-02-08 09:06:36 KST | INFO | 
2026-02-08 09:06:36 KST | INFO | Epoch 120/200 | LR: 0.035299
2026-02-08 09:07:36 KST | INFO |   Train Loss: 0.1075 | Test Loss: 0.0015 | Test Acc: 88.90%
2026-02-08 09:07:36 KST | INFO |   No improvement (17/30)
2026-02-08 09:07:36 KST | INFO | 
2026-02-08 09:07:36 KST | INFO | Epoch 121/200 | LR: 0.034550
2026-02-08 09:08:36 KST | INFO |   Train Loss: 0.1033 | Test Loss: 0.0014 | Test Acc: 89.05%
2026-02-08 09:08:36 KST | INFO |   No improvement (18/30)
2026-02-08 09:08:36 KST | INFO | 
2026-02-08 09:08:36 KST | INFO | Epoch 122/200 | LR: 0.033805
2026-02-08 09:09:36 KST | INFO |   Train Loss: 0.1050 | Test Loss: 0.0013 | Test Acc: 89.47%
2026-02-08 09:09:36 KST | INFO |   No improvement (19/30)
2026-02-08 09:09:36 KST | INFO | 
2026-02-08 09:09:36 KST | INFO | Epoch 123/200 | LR: 0.033064
2026-02-08 09:10:35 KST | INFO |   Train Loss: 0.1013 | Test Loss: 0.0014 | Test Acc: 88.52%
2026-02-08 09:10:35 KST | INFO |   No improvement (20/30)
2026-02-08 09:10:35 KST | INFO | 
2026-02-08 09:10:35 KST | INFO | Epoch 124/200 | LR: 0.032327
2026-02-08 09:11:36 KST | INFO |   Train Loss: 0.1021 | Test Loss: 0.0014 | Test Acc: 89.17%
2026-02-08 09:11:36 KST | INFO |   No improvement (21/30)
2026-02-08 09:11:36 KST | INFO | 
2026-02-08 09:11:36 KST | INFO | Epoch 125/200 | LR: 0.031594
2026-02-08 09:12:37 KST | INFO |   Train Loss: 0.0983 | Test Loss: 0.0013 | Test Acc: 89.72%
2026-02-08 09:12:37 KST | INFO |   No improvement (22/30)
2026-02-08 09:12:37 KST | INFO | 
2026-02-08 09:12:37 KST | INFO | Epoch 126/200 | LR: 0.030867
2026-02-08 09:13:36 KST | INFO |   Train Loss: 0.1008 | Test Loss: 0.0014 | Test Acc: 89.45%
2026-02-08 09:13:36 KST | INFO |   No improvement (23/30)
2026-02-08 09:13:36 KST | INFO | 
2026-02-08 09:13:36 KST | INFO | Epoch 127/200 | LR: 0.030143
2026-02-08 09:14:37 KST | INFO |   Train Loss: 0.0974 | Test Loss: 0.0017 | Test Acc: 87.32%
2026-02-08 09:14:37 KST | INFO |   No improvement (24/30)
2026-02-08 09:14:37 KST | INFO | 
2026-02-08 09:14:37 KST | INFO | Epoch 128/200 | LR: 0.029425
2026-02-08 09:15:36 KST | INFO |   Train Loss: 0.0929 | Test Loss: 0.0015 | Test Acc: 88.40%
2026-02-08 09:15:36 KST | INFO |   No improvement (25/30)
2026-02-08 09:15:36 KST | INFO | 
2026-02-08 09:15:36 KST | INFO | Epoch 129/200 | LR: 0.028712
2026-02-08 09:16:36 KST | INFO |   Train Loss: 0.0867 | Test Loss: 0.0013 | Test Acc: 89.77%
2026-02-08 09:16:36 KST | INFO |   No improvement (26/30)
2026-02-08 09:16:36 KST | INFO | 
2026-02-08 09:16:36 KST | INFO | Epoch 130/200 | LR: 0.028004
2026-02-08 09:17:37 KST | INFO |   Train Loss: 0.0878 | Test Loss: 0.0016 | Test Acc: 88.35%
2026-02-08 09:17:37 KST | INFO |   No improvement (27/30)
2026-02-08 09:17:37 KST | INFO | 
2026-02-08 09:17:37 KST | INFO | Epoch 131/200 | LR: 0.027301
2026-02-08 09:18:37 KST | INFO |   Train Loss: 0.0896 | Test Loss: 0.0013 | Test Acc: 89.27%
2026-02-08 09:18:37 KST | INFO |   No improvement (28/30)
2026-02-08 09:18:37 KST | INFO | 
2026-02-08 09:18:37 KST | INFO | Epoch 132/200 | LR: 0.026604
2026-02-08 09:19:38 KST | INFO |   Train Loss: 0.0874 | Test Loss: 0.0014 | Test Acc: 89.32%
2026-02-08 09:19:38 KST | INFO |   No improvement (29/30)
2026-02-08 09:19:38 KST | INFO | 
2026-02-08 09:19:38 KST | INFO | Epoch 133/200 | LR: 0.025913
2026-02-08 09:20:39 KST | INFO |   Train Loss: 0.0836 | Test Loss: 0.0013 | Test Acc: 89.72%
2026-02-08 09:20:39 KST | INFO |   No improvement (30/30)
2026-02-08 09:20:39 KST | INFO | 
2026-02-08 09:20:39 KST | INFO | Early stopping after 30 epochs without improvement
2026-02-08 09:20:39 KST | INFO | 
2026-02-08 09:20:39 KST | INFO | ================================================================================
2026-02-08 09:20:39 KST | INFO | TRAINING COMPLETE
2026-02-08 09:20:39 KST | INFO | ================================================================================
2026-02-08 09:20:39 KST | INFO | Best accuracy:  89.87% (Epoch 103)
2026-02-08 09:20:39 KST | INFO | Final accuracy: 89.72%
2026-02-08 09:20:39 KST | INFO | ================================================================================
2026-02-08 09:20:39 KST | INFO | 
2026-02-08 09:20:39 KST | INFO | Notifying nodes of completion...
2026-02-08 09:20:40 KST | INFO | ✓ Nodes notified
2026-02-08 09:20:40 KST | INFO | 
2026-02-08 09:20:40 KST | INFO | Closing connections...
2026-02-08 09:20:40 KST | INFO | ✓ Cleanup complete
2026-02-08 09:20:40 KST | INFO | 
2026-02-08 09:20:40 KST | INFO | Full log: logs/TL++_base_20260208_070521.log
2026-02-08 09:20:40 KST | INFO | ================================================================================
