2026-02-08 09:20:48 KST | INFO | ================================================================================
2026-02-08 09:20:48 KST | INFO | TL++ Orchestrator
2026-02-08 09:20:48 KST | INFO | ================================================================================
2026-02-08 09:20:48 KST | INFO | Log file: logs/TL++_base_20260208_092048.log
2026-02-08 09:20:48 KST | INFO | 
2026-02-08 09:20:48 KST | INFO | --------------------------------------------------------------------------------
2026-02-08 09:20:48 KST | INFO | CONFIGURATION
2026-02-08 09:20:48 KST | INFO | --------------------------------------------------------------------------------
2026-02-08 09:20:48 KST | INFO | Secure mode:      False
2026-02-08 09:20:48 KST | INFO | Nodes:            6
2026-02-08 09:20:48 KST | INFO | Cut layer:        3
2026-02-08 09:20:48 KST | INFO | Batch size:       128
2026-02-08 09:20:48 KST | INFO | Learning rate:    0.1
2026-02-08 09:20:48 KST | INFO | 
2026-02-08 09:20:48 KST | INFO | Computation device: cuda
2026-02-08 09:20:48 KST | INFO | Secure mode: DISABLED
2026-02-08 09:20:48 KST | INFO | 
2026-02-08 09:20:48 KST | INFO | --------------------------------------------------------------------------------
2026-02-08 09:20:48 KST | INFO | NETWORK SETUP
2026-02-08 09:20:48 KST | INFO | --------------------------------------------------------------------------------
2026-02-08 09:20:48 KST | INFO | ✓ Orchestrator listening on 127.0.0.1:8080
2026-02-08 09:20:48 KST | INFO | Waiting for 6 node(s)...
2026-02-08 09:20:51 KST | INFO |   ✓ Node 1/6 connected
2026-02-08 09:20:53 KST | INFO |   ✓ Node 2/6 connected
2026-02-08 09:20:53 KST | INFO |   ✓ Node 3/6 connected
2026-02-08 09:20:54 KST | INFO |   ✓ Node 4/6 connected
2026-02-08 09:20:55 KST | INFO |   ✓ Node 5/6 connected
2026-02-08 09:20:56 KST | INFO |   ✓ Node 6/6 connected
2026-02-08 09:20:56 KST | INFO | ✓ All 6 node(s) connected
2026-02-08 09:20:56 KST | INFO | 
2026-02-08 09:20:56 KST | INFO | --------------------------------------------------------------------------------
2026-02-08 09:20:56 KST | INFO | MODEL INITIALIZATION
2026-02-08 09:20:56 KST | INFO | --------------------------------------------------------------------------------
2026-02-08 09:20:56 KST | INFO | Node-side parameters: 3,243,072
2026-02-08 09:20:56 KST | INFO | 
2026-02-08 09:20:56 KST | INFO | --------------------------------------------------------------------------------
2026-02-08 09:20:56 KST | INFO | BROADCASTING CONFIGURATION
2026-02-08 09:20:56 KST | INFO | --------------------------------------------------------------------------------
2026-02-08 09:20:57 KST | INFO | ✓ Configuration broadcast to all nodes
2026-02-08 09:20:58 KST | INFO | 
2026-02-08 09:20:58 KST | INFO | Total parameters:     3,246,150
2026-02-08 09:20:58 KST | INFO | Trainable parameters: 3,246,150
2026-02-08 09:20:58 KST | INFO | 
2026-02-08 09:20:58 KST | INFO | --------------------------------------------------------------------------------
2026-02-08 09:20:58 KST | INFO | DATA LOADING
2026-02-08 09:20:58 KST | INFO | --------------------------------------------------------------------------------
2026-02-08 09:21:23 KST | INFO | ✓ Dataset information collected:
2026-02-08 09:21:23 KST | INFO |     Node 1: 5,000 samples
2026-02-08 09:21:23 KST | INFO |     Node 2: 5,000 samples
2026-02-08 09:21:23 KST | INFO |     Node 3: 5,000 samples
2026-02-08 09:21:23 KST | INFO |     Node 4: 5,000 samples
2026-02-08 09:21:23 KST | INFO |     Node 5: 5,000 samples
2026-02-08 09:21:23 KST | INFO |     Node 6: 5,000 samples
2026-02-08 09:21:23 KST | INFO |   Total training samples: 30,000
2026-02-08 09:21:23 KST | INFO | 
2026-02-08 09:21:26 KST | INFO | ✓ Test dataset loaded: 6,000 samples
2026-02-08 09:21:26 KST | INFO | 
2026-02-08 09:21:26 KST | INFO | ✓ Batch scheduler: 235 batches/epoch
2026-02-08 09:21:26 KST | INFO | 
2026-02-08 09:21:26 KST | INFO | --------------------------------------------------------------------------------
2026-02-08 09:21:26 KST | INFO | OPTIMIZATION SETUP
2026-02-08 09:21:26 KST | INFO | --------------------------------------------------------------------------------
2026-02-08 09:21:26 KST | INFO | ✓ Optimizer: SGD (lr=0.1, momentum=0.9)
2026-02-08 09:21:26 KST | INFO | ✓ Scheduler: cosine
2026-02-08 09:21:26 KST | INFO | ✓ Gradient clipping: 1.0
2026-02-08 09:21:26 KST | INFO | 
2026-02-08 09:21:26 KST | INFO | ================================================================================
2026-02-08 09:21:26 KST | INFO | Setup complete - Ready for training
2026-02-08 09:21:26 KST | INFO | ================================================================================
2026-02-08 09:21:26 KST | INFO | 
2026-02-08 09:21:26 KST | INFO | --------------------------------------------------------------------------------
2026-02-08 09:21:26 KST | INFO | TRAINING
2026-02-08 09:21:26 KST | INFO | --------------------------------------------------------------------------------
2026-02-08 09:21:26 KST | INFO | 
2026-02-08 09:21:26 KST | INFO | Epoch 1/200 | LR: 0.100000
2026-02-08 09:22:29 KST | INFO |   Train Loss: 1.3953 | Test Loss: 0.0046 | Test Acc: 53.45%
2026-02-08 09:22:29 KST | INFO |   🏆 New best accuracy: 53.45%
2026-02-08 09:22:29 KST | INFO | 
2026-02-08 09:22:29 KST | INFO | Epoch 2/200 | LR: 0.099994
2026-02-08 09:23:31 KST | INFO |   Train Loss: 1.1183 | Test Loss: 0.0041 | Test Acc: 56.87%
2026-02-08 09:23:31 KST | INFO |   🏆 New best accuracy: 56.87%
2026-02-08 09:23:31 KST | INFO | 
2026-02-08 09:23:31 KST | INFO | Epoch 3/200 | LR: 0.099975
2026-02-08 09:24:31 KST | INFO |   Train Loss: 0.9716 | Test Loss: 0.0035 | Test Acc: 67.60%
2026-02-08 09:24:31 KST | INFO |   🏆 New best accuracy: 67.60%
2026-02-08 09:24:31 KST | INFO | 
2026-02-08 09:24:31 KST | INFO | Epoch 4/200 | LR: 0.099944
2026-02-08 09:25:31 KST | INFO |   Train Loss: 0.8675 | Test Loss: 0.0029 | Test Acc: 72.15%
2026-02-08 09:25:31 KST | INFO |   🏆 New best accuracy: 72.15%
2026-02-08 09:25:31 KST | INFO | 
2026-02-08 09:25:31 KST | INFO | Epoch 5/200 | LR: 0.099901
2026-02-08 09:26:33 KST | INFO |   Train Loss: 0.7634 | Test Loss: 0.0027 | Test Acc: 74.93%
2026-02-08 09:26:33 KST | INFO |   🏆 New best accuracy: 74.93%
2026-02-08 09:26:33 KST | INFO | 
2026-02-08 09:26:33 KST | INFO | Epoch 6/200 | LR: 0.099846
2026-02-08 09:27:34 KST | INFO |   Train Loss: 0.6897 | Test Loss: 0.0025 | Test Acc: 76.02%
2026-02-08 09:27:34 KST | INFO |   🏆 New best accuracy: 76.02%
2026-02-08 09:27:34 KST | INFO | 
2026-02-08 09:27:34 KST | INFO | Epoch 7/200 | LR: 0.099778
2026-02-08 09:28:34 KST | INFO |   Train Loss: 0.6391 | Test Loss: 0.0023 | Test Acc: 78.37%
2026-02-08 09:28:34 KST | INFO |   🏆 New best accuracy: 78.37%
2026-02-08 09:28:34 KST | INFO | 
2026-02-08 09:28:34 KST | INFO | Epoch 8/200 | LR: 0.099698
2026-02-08 09:29:34 KST | INFO |   Train Loss: 0.5934 | Test Loss: 0.0021 | Test Acc: 80.78%
2026-02-08 09:29:34 KST | INFO |   🏆 New best accuracy: 80.78%
2026-02-08 09:29:34 KST | INFO | 
2026-02-08 09:29:34 KST | INFO | Epoch 9/200 | LR: 0.099606
2026-02-08 09:30:35 KST | INFO |   Train Loss: 0.5566 | Test Loss: 0.0021 | Test Acc: 80.07%
2026-02-08 09:30:35 KST | INFO |   No improvement (1/30)
2026-02-08 09:30:35 KST | INFO | 
2026-02-08 09:30:35 KST | INFO | Epoch 10/200 | LR: 0.099501
2026-02-08 09:31:36 KST | INFO |   Train Loss: 0.5270 | Test Loss: 0.0024 | Test Acc: 77.82%
2026-02-08 09:31:36 KST | INFO |   No improvement (2/30)
2026-02-08 09:31:36 KST | INFO | 
2026-02-08 09:31:36 KST | INFO | Epoch 11/200 | LR: 0.099384
2026-02-08 09:32:37 KST | INFO |   Train Loss: 0.5066 | Test Loss: 0.0020 | Test Acc: 81.55%
2026-02-08 09:32:37 KST | INFO |   🏆 New best accuracy: 81.55%
2026-02-08 09:32:37 KST | INFO | 
2026-02-08 09:32:37 KST | INFO | Epoch 12/200 | LR: 0.099255
2026-02-08 09:33:39 KST | INFO |   Train Loss: 0.4909 | Test Loss: 0.0021 | Test Acc: 80.67%
2026-02-08 09:33:39 KST | INFO |   No improvement (1/30)
2026-02-08 09:33:39 KST | INFO | 
2026-02-08 09:33:39 KST | INFO | Epoch 13/200 | LR: 0.099114
2026-02-08 09:34:41 KST | INFO |   Train Loss: 0.4645 | Test Loss: 0.0019 | Test Acc: 82.80%
2026-02-08 09:34:41 KST | INFO |   🏆 New best accuracy: 82.80%
2026-02-08 09:34:41 KST | INFO | 
2026-02-08 09:34:41 KST | INFO | Epoch 14/200 | LR: 0.098961
2026-02-08 09:35:43 KST | INFO |   Train Loss: 0.4514 | Test Loss: 0.0017 | Test Acc: 84.30%
2026-02-08 09:35:43 KST | INFO |   🏆 New best accuracy: 84.30%
2026-02-08 09:35:43 KST | INFO | 
2026-02-08 09:35:43 KST | INFO | Epoch 15/200 | LR: 0.098796
2026-02-08 09:36:45 KST | INFO |   Train Loss: 0.4376 | Test Loss: 0.0018 | Test Acc: 83.15%
2026-02-08 09:36:45 KST | INFO |   No improvement (1/30)
2026-02-08 09:36:45 KST | INFO | 
2026-02-08 09:36:45 KST | INFO | Epoch 16/200 | LR: 0.098619
2026-02-08 09:37:47 KST | INFO |   Train Loss: 0.4257 | Test Loss: 0.0021 | Test Acc: 80.65%
2026-02-08 09:37:47 KST | INFO |   No improvement (2/30)
2026-02-08 09:37:47 KST | INFO | 
2026-02-08 09:37:47 KST | INFO | Epoch 17/200 | LR: 0.098429
2026-02-08 09:38:49 KST | INFO |   Train Loss: 0.4123 | Test Loss: 0.0016 | Test Acc: 85.10%
2026-02-08 09:38:49 KST | INFO |   🏆 New best accuracy: 85.10%
2026-02-08 09:38:49 KST | INFO | 
2026-02-08 09:38:49 KST | INFO | Epoch 18/200 | LR: 0.098228
2026-02-08 09:39:51 KST | INFO |   Train Loss: 0.3998 | Test Loss: 0.0018 | Test Acc: 83.85%
2026-02-08 09:39:51 KST | INFO |   No improvement (1/30)
2026-02-08 09:39:51 KST | INFO | 
2026-02-08 09:39:51 KST | INFO | Epoch 19/200 | LR: 0.098015
2026-02-08 09:40:52 KST | INFO |   Train Loss: 0.3948 | Test Loss: 0.0017 | Test Acc: 84.58%
2026-02-08 09:40:52 KST | INFO |   No improvement (2/30)
2026-02-08 09:40:52 KST | INFO | 
2026-02-08 09:40:52 KST | INFO | Epoch 20/200 | LR: 0.097790
2026-02-08 09:41:53 KST | INFO |   Train Loss: 0.3860 | Test Loss: 0.0020 | Test Acc: 82.27%
2026-02-08 09:41:53 KST | INFO |   No improvement (3/30)
2026-02-08 09:41:53 KST | INFO | 
2026-02-08 09:41:53 KST | INFO | Epoch 21/200 | LR: 0.097553
2026-02-08 09:42:54 KST | INFO |   Train Loss: 0.3771 | Test Loss: 0.0017 | Test Acc: 84.25%
2026-02-08 09:42:54 KST | INFO |   No improvement (4/30)
2026-02-08 09:42:54 KST | INFO | 
2026-02-08 09:42:54 KST | INFO | Epoch 22/200 | LR: 0.097304
2026-02-08 09:43:56 KST | INFO |   Train Loss: 0.3658 | Test Loss: 0.0018 | Test Acc: 83.50%
2026-02-08 09:43:56 KST | INFO |   No improvement (5/30)
2026-02-08 09:43:56 KST | INFO | 
2026-02-08 09:43:56 KST | INFO | Epoch 23/200 | LR: 0.097044
2026-02-08 09:44:57 KST | INFO |   Train Loss: 0.3632 | Test Loss: 0.0015 | Test Acc: 86.45%
2026-02-08 09:44:57 KST | INFO |   🏆 New best accuracy: 86.45%
2026-02-08 09:44:57 KST | INFO | 
2026-02-08 09:44:57 KST | INFO | Epoch 24/200 | LR: 0.096772
2026-02-08 09:46:00 KST | INFO |   Train Loss: 0.3520 | Test Loss: 0.0017 | Test Acc: 84.87%
2026-02-08 09:46:00 KST | INFO |   No improvement (1/30)
2026-02-08 09:46:00 KST | INFO | 
2026-02-08 09:46:00 KST | INFO | Epoch 25/200 | LR: 0.096489
2026-02-08 09:47:01 KST | INFO |   Train Loss: 0.3464 | Test Loss: 0.0017 | Test Acc: 85.37%
2026-02-08 09:47:01 KST | INFO |   No improvement (2/30)
2026-02-08 09:47:01 KST | INFO | 
2026-02-08 09:47:01 KST | INFO | Epoch 26/200 | LR: 0.096194
2026-02-08 09:48:02 KST | INFO |   Train Loss: 0.3428 | Test Loss: 0.0016 | Test Acc: 85.92%
2026-02-08 09:48:02 KST | INFO |   No improvement (3/30)
2026-02-08 09:48:02 KST | INFO | 
2026-02-08 09:48:02 KST | INFO | Epoch 27/200 | LR: 0.095888
2026-02-08 09:49:03 KST | INFO |   Train Loss: 0.3397 | Test Loss: 0.0017 | Test Acc: 85.15%
2026-02-08 09:49:03 KST | INFO |   No improvement (4/30)
2026-02-08 09:49:03 KST | INFO | 
2026-02-08 09:49:03 KST | INFO | Epoch 28/200 | LR: 0.095570
2026-02-08 09:50:04 KST | INFO |   Train Loss: 0.3300 | Test Loss: 0.0018 | Test Acc: 83.97%
2026-02-08 09:50:04 KST | INFO |   No improvement (5/30)
2026-02-08 09:50:04 KST | INFO | 
2026-02-08 09:50:04 KST | INFO | Epoch 29/200 | LR: 0.095241
2026-02-08 09:51:06 KST | INFO |   Train Loss: 0.3291 | Test Loss: 0.0022 | Test Acc: 80.63%
2026-02-08 09:51:06 KST | INFO |   No improvement (6/30)
2026-02-08 09:51:06 KST | INFO | 
2026-02-08 09:51:06 KST | INFO | Epoch 30/200 | LR: 0.094901
2026-02-08 09:52:08 KST | INFO |   Train Loss: 0.3238 | Test Loss: 0.0017 | Test Acc: 84.72%
2026-02-08 09:52:08 KST | INFO |   No improvement (7/30)
2026-02-08 09:52:08 KST | INFO | 
2026-02-08 09:52:08 KST | INFO | Epoch 31/200 | LR: 0.094550
2026-02-08 09:53:10 KST | INFO |   Train Loss: 0.3213 | Test Loss: 0.0018 | Test Acc: 84.87%
2026-02-08 09:53:10 KST | INFO |   No improvement (8/30)
2026-02-08 09:53:10 KST | INFO | 
2026-02-08 09:53:10 KST | INFO | Epoch 32/200 | LR: 0.094188
2026-02-08 09:54:13 KST | INFO |   Train Loss: 0.3159 | Test Loss: 0.0014 | Test Acc: 87.80%
2026-02-08 09:54:13 KST | INFO |   🏆 New best accuracy: 87.80%
2026-02-08 09:54:13 KST | INFO | 
2026-02-08 09:54:13 KST | INFO | Epoch 33/200 | LR: 0.093815
2026-02-08 09:55:14 KST | INFO |   Train Loss: 0.3101 | Test Loss: 0.0016 | Test Acc: 85.93%
2026-02-08 09:55:14 KST | INFO |   No improvement (1/30)
2026-02-08 09:55:14 KST | INFO | 
2026-02-08 09:55:14 KST | INFO | Epoch 34/200 | LR: 0.093432
2026-02-08 09:56:15 KST | INFO |   Train Loss: 0.3049 | Test Loss: 0.0021 | Test Acc: 81.83%
2026-02-08 09:56:15 KST | INFO |   No improvement (2/30)
2026-02-08 09:56:15 KST | INFO | 
2026-02-08 09:56:15 KST | INFO | Epoch 35/200 | LR: 0.093037
2026-02-08 09:57:17 KST | INFO |   Train Loss: 0.3039 | Test Loss: 0.0018 | Test Acc: 84.03%
2026-02-08 09:57:17 KST | INFO |   No improvement (3/30)
2026-02-08 09:57:17 KST | INFO | 
2026-02-08 09:57:17 KST | INFO | Epoch 36/200 | LR: 0.092632
2026-02-08 09:58:17 KST | INFO |   Train Loss: 0.3001 | Test Loss: 0.0015 | Test Acc: 86.55%
2026-02-08 09:58:17 KST | INFO |   No improvement (4/30)
2026-02-08 09:58:17 KST | INFO | 
2026-02-08 09:58:17 KST | INFO | Epoch 37/200 | LR: 0.092216
2026-02-08 09:59:19 KST | INFO |   Train Loss: 0.2973 | Test Loss: 0.0014 | Test Acc: 88.08%
2026-02-08 09:59:19 KST | INFO |   🏆 New best accuracy: 88.08%
2026-02-08 09:59:19 KST | INFO | 
2026-02-08 09:59:19 KST | INFO | Epoch 38/200 | LR: 0.091790
2026-02-08 10:00:20 KST | INFO |   Train Loss: 0.2942 | Test Loss: 0.0021 | Test Acc: 82.93%
2026-02-08 10:00:20 KST | INFO |   No improvement (1/30)
2026-02-08 10:00:20 KST | INFO | 
2026-02-08 10:00:20 KST | INFO | Epoch 39/200 | LR: 0.091354
2026-02-08 10:01:21 KST | INFO |   Train Loss: 0.2902 | Test Loss: 0.0016 | Test Acc: 86.05%
2026-02-08 10:01:21 KST | INFO |   No improvement (2/30)
2026-02-08 10:01:21 KST | INFO | 
2026-02-08 10:01:21 KST | INFO | Epoch 40/200 | LR: 0.090908
2026-02-08 10:02:23 KST | INFO |   Train Loss: 0.2830 | Test Loss: 0.0016 | Test Acc: 86.07%
2026-02-08 10:02:23 KST | INFO |   No improvement (3/30)
2026-02-08 10:02:23 KST | INFO | 
2026-02-08 10:02:23 KST | INFO | Epoch 41/200 | LR: 0.090451
2026-02-08 10:03:25 KST | INFO |   Train Loss: 0.2865 | Test Loss: 0.0014 | Test Acc: 87.42%
2026-02-08 10:03:25 KST | INFO |   No improvement (4/30)
2026-02-08 10:03:25 KST | INFO | 
2026-02-08 10:03:25 KST | INFO | Epoch 42/200 | LR: 0.089984
2026-02-08 10:04:30 KST | INFO |   Train Loss: 0.2767 | Test Loss: 0.0016 | Test Acc: 86.48%
2026-02-08 10:04:30 KST | INFO |   No improvement (5/30)
2026-02-08 10:04:30 KST | INFO | 
2026-02-08 10:04:30 KST | INFO | Epoch 43/200 | LR: 0.089508
2026-02-08 10:05:35 KST | INFO |   Train Loss: 0.2695 | Test Loss: 0.0016 | Test Acc: 87.12%
2026-02-08 10:05:35 KST | INFO |   No improvement (6/30)
2026-02-08 10:05:35 KST | INFO | 
2026-02-08 10:05:35 KST | INFO | Epoch 44/200 | LR: 0.089022
2026-02-08 10:06:40 KST | INFO |   Train Loss: 0.2718 | Test Loss: 0.0017 | Test Acc: 85.73%
2026-02-08 10:06:40 KST | INFO |   No improvement (7/30)
2026-02-08 10:06:40 KST | INFO | 
2026-02-08 10:06:40 KST | INFO | Epoch 45/200 | LR: 0.088526
2026-02-08 10:07:45 KST | INFO |   Train Loss: 0.2674 | Test Loss: 0.0015 | Test Acc: 86.40%
2026-02-08 10:07:45 KST | INFO |   No improvement (8/30)
2026-02-08 10:07:45 KST | INFO | 
2026-02-08 10:07:45 KST | INFO | Epoch 46/200 | LR: 0.088020
2026-02-08 10:08:49 KST | INFO |   Train Loss: 0.2604 | Test Loss: 0.0014 | Test Acc: 87.88%
2026-02-08 10:08:49 KST | INFO |   No improvement (9/30)
2026-02-08 10:08:49 KST | INFO | 
2026-02-08 10:08:49 KST | INFO | Epoch 47/200 | LR: 0.087506
2026-02-08 10:09:53 KST | INFO |   Train Loss: 0.2668 | Test Loss: 0.0018 | Test Acc: 84.82%
2026-02-08 10:09:53 KST | INFO |   No improvement (10/30)
2026-02-08 10:09:53 KST | INFO | 
2026-02-08 10:09:53 KST | INFO | Epoch 48/200 | LR: 0.086982
2026-02-08 10:10:56 KST | INFO |   Train Loss: 0.2683 | Test Loss: 0.0018 | Test Acc: 84.27%
2026-02-08 10:10:56 KST | INFO |   No improvement (11/30)
2026-02-08 10:10:56 KST | INFO | 
2026-02-08 10:10:56 KST | INFO | Epoch 49/200 | LR: 0.086449
2026-02-08 10:11:58 KST | INFO |   Train Loss: 0.2608 | Test Loss: 0.0014 | Test Acc: 87.70%
2026-02-08 10:11:58 KST | INFO |   No improvement (12/30)
2026-02-08 10:11:58 KST | INFO | 
2026-02-08 10:11:58 KST | INFO | Epoch 50/200 | LR: 0.085906
2026-02-08 10:12:59 KST | INFO |   Train Loss: 0.2593 | Test Loss: 0.0022 | Test Acc: 82.48%
2026-02-08 10:12:59 KST | INFO |   No improvement (13/30)
2026-02-08 10:12:59 KST | INFO | 
2026-02-08 10:12:59 KST | INFO | Epoch 51/200 | LR: 0.085355
2026-02-08 10:14:01 KST | INFO |   Train Loss: 0.2548 | Test Loss: 0.0017 | Test Acc: 85.38%
2026-02-08 10:14:01 KST | INFO |   No improvement (14/30)
2026-02-08 10:14:01 KST | INFO | 
2026-02-08 10:14:01 KST | INFO | Epoch 52/200 | LR: 0.084796
2026-02-08 10:15:03 KST | INFO |   Train Loss: 0.2541 | Test Loss: 0.0016 | Test Acc: 87.25%
2026-02-08 10:15:03 KST | INFO |   No improvement (15/30)
2026-02-08 10:15:03 KST | INFO | 
2026-02-08 10:15:03 KST | INFO | Epoch 53/200 | LR: 0.084228
2026-02-08 10:16:05 KST | INFO |   Train Loss: 0.2480 | Test Loss: 0.0015 | Test Acc: 87.55%
2026-02-08 10:16:05 KST | INFO |   No improvement (16/30)
2026-02-08 10:16:05 KST | INFO | 
2026-02-08 10:16:05 KST | INFO | Epoch 54/200 | LR: 0.083651
2026-02-08 10:17:07 KST | INFO |   Train Loss: 0.2449 | Test Loss: 0.0014 | Test Acc: 87.93%
2026-02-08 10:17:07 KST | INFO |   No improvement (17/30)
2026-02-08 10:17:07 KST | INFO | 
2026-02-08 10:17:07 KST | INFO | Epoch 55/200 | LR: 0.083066
2026-02-08 10:18:09 KST | INFO |   Train Loss: 0.2476 | Test Loss: 0.0015 | Test Acc: 88.13%
2026-02-08 10:18:09 KST | INFO |   🏆 New best accuracy: 88.13%
2026-02-08 10:18:09 KST | INFO | 
2026-02-08 10:18:09 KST | INFO | Epoch 56/200 | LR: 0.082473
2026-02-08 10:19:11 KST | INFO |   Train Loss: 0.2434 | Test Loss: 0.0018 | Test Acc: 84.68%
2026-02-08 10:19:11 KST | INFO |   No improvement (1/30)
2026-02-08 10:19:11 KST | INFO | 
2026-02-08 10:19:11 KST | INFO | Epoch 57/200 | LR: 0.081871
2026-02-08 10:20:13 KST | INFO |   Train Loss: 0.2451 | Test Loss: 0.0015 | Test Acc: 86.48%
2026-02-08 10:20:13 KST | INFO |   No improvement (2/30)
2026-02-08 10:20:13 KST | INFO | 
2026-02-08 10:20:13 KST | INFO | Epoch 58/200 | LR: 0.081262
2026-02-08 10:21:15 KST | INFO |   Train Loss: 0.2414 | Test Loss: 0.0015 | Test Acc: 87.48%
2026-02-08 10:21:15 KST | INFO |   No improvement (3/30)
2026-02-08 10:21:15 KST | INFO | 
2026-02-08 10:21:15 KST | INFO | Epoch 59/200 | LR: 0.080646
2026-02-08 10:22:18 KST | INFO |   Train Loss: 0.2348 | Test Loss: 0.0014 | Test Acc: 87.73%
2026-02-08 10:22:18 KST | INFO |   No improvement (4/30)
2026-02-08 10:22:18 KST | INFO | 
2026-02-08 10:22:18 KST | INFO | Epoch 60/200 | LR: 0.080021
2026-02-08 10:23:22 KST | INFO |   Train Loss: 0.2335 | Test Loss: 0.0018 | Test Acc: 84.40%
2026-02-08 10:23:22 KST | INFO |   No improvement (5/30)
2026-02-08 10:23:22 KST | INFO | 
2026-02-08 10:23:22 KST | INFO | Epoch 61/200 | LR: 0.079389
2026-02-08 10:24:24 KST | INFO |   Train Loss: 0.2298 | Test Loss: 0.0017 | Test Acc: 85.82%
2026-02-08 10:24:24 KST | INFO |   No improvement (6/30)
2026-02-08 10:24:24 KST | INFO | 
2026-02-08 10:24:24 KST | INFO | Epoch 62/200 | LR: 0.078750
2026-02-08 10:25:27 KST | INFO |   Train Loss: 0.2332 | Test Loss: 0.0015 | Test Acc: 86.95%
2026-02-08 10:25:27 KST | INFO |   No improvement (7/30)
2026-02-08 10:25:27 KST | INFO | 
2026-02-08 10:25:27 KST | INFO | Epoch 63/200 | LR: 0.078104
2026-02-08 10:26:30 KST | INFO |   Train Loss: 0.2289 | Test Loss: 0.0016 | Test Acc: 86.12%
2026-02-08 10:26:30 KST | INFO |   No improvement (8/30)
2026-02-08 10:26:30 KST | INFO | 
2026-02-08 10:26:30 KST | INFO | Epoch 64/200 | LR: 0.077451
2026-02-08 10:27:31 KST | INFO |   Train Loss: 0.2261 | Test Loss: 0.0015 | Test Acc: 88.07%
2026-02-08 10:27:31 KST | INFO |   No improvement (9/30)
2026-02-08 10:27:31 KST | INFO | 
2026-02-08 10:27:31 KST | INFO | Epoch 65/200 | LR: 0.076792
2026-02-08 10:28:34 KST | INFO |   Train Loss: 0.2231 | Test Loss: 0.0013 | Test Acc: 89.03%
2026-02-08 10:28:34 KST | INFO |   🏆 New best accuracy: 89.03%
2026-02-08 10:28:34 KST | INFO | 
2026-02-08 10:28:34 KST | INFO | Epoch 66/200 | LR: 0.076125
2026-02-08 10:29:36 KST | INFO |   Train Loss: 0.2196 | Test Loss: 0.0013 | Test Acc: 88.72%
2026-02-08 10:29:36 KST | INFO |   No improvement (1/30)
2026-02-08 10:29:36 KST | INFO | 
2026-02-08 10:29:36 KST | INFO | Epoch 67/200 | LR: 0.075452
2026-02-08 10:30:38 KST | INFO |   Train Loss: 0.2186 | Test Loss: 0.0013 | Test Acc: 89.05%
2026-02-08 10:30:38 KST | INFO |   🏆 New best accuracy: 89.05%
2026-02-08 10:30:38 KST | INFO | 
2026-02-08 10:30:38 KST | INFO | Epoch 68/200 | LR: 0.074773
2026-02-08 10:31:39 KST | INFO |   Train Loss: 0.2196 | Test Loss: 0.0012 | Test Acc: 89.23%
2026-02-08 10:31:39 KST | INFO |   🏆 New best accuracy: 89.23%
2026-02-08 10:31:39 KST | INFO | 
2026-02-08 10:31:39 KST | INFO | Epoch 69/200 | LR: 0.074088
2026-02-08 10:32:41 KST | INFO |   Train Loss: 0.2124 | Test Loss: 0.0014 | Test Acc: 87.67%
2026-02-08 10:32:41 KST | INFO |   No improvement (1/30)
2026-02-08 10:32:41 KST | INFO | 
2026-02-08 10:32:41 KST | INFO | Epoch 70/200 | LR: 0.073397
2026-02-08 10:33:43 KST | INFO |   Train Loss: 0.2125 | Test Loss: 0.0017 | Test Acc: 86.80%
2026-02-08 10:33:43 KST | INFO |   No improvement (2/30)
2026-02-08 10:33:43 KST | INFO | 
2026-02-08 10:33:43 KST | INFO | Epoch 71/200 | LR: 0.072700
2026-02-08 10:34:45 KST | INFO |   Train Loss: 0.2137 | Test Loss: 0.0017 | Test Acc: 87.02%
2026-02-08 10:34:45 KST | INFO |   No improvement (3/30)
2026-02-08 10:34:45 KST | INFO | 
2026-02-08 10:34:45 KST | INFO | Epoch 72/200 | LR: 0.071997
2026-02-08 10:35:46 KST | INFO |   Train Loss: 0.2074 | Test Loss: 0.0016 | Test Acc: 86.58%
2026-02-08 10:35:46 KST | INFO |   No improvement (4/30)
2026-02-08 10:35:46 KST | INFO | 
2026-02-08 10:35:46 KST | INFO | Epoch 73/200 | LR: 0.071289
2026-02-08 10:36:49 KST | INFO |   Train Loss: 0.2023 | Test Loss: 0.0014 | Test Acc: 88.25%
2026-02-08 10:36:49 KST | INFO |   No improvement (5/30)
2026-02-08 10:36:49 KST | INFO | 
2026-02-08 10:36:49 KST | INFO | Epoch 74/200 | LR: 0.070576
2026-02-08 10:37:52 KST | INFO |   Train Loss: 0.2028 | Test Loss: 0.0014 | Test Acc: 88.17%
2026-02-08 10:37:52 KST | INFO |   No improvement (6/30)
2026-02-08 10:37:52 KST | INFO | 
2026-02-08 10:37:52 KST | INFO | Epoch 75/200 | LR: 0.069858
2026-02-08 10:38:52 KST | INFO |   Train Loss: 0.2012 | Test Loss: 0.0016 | Test Acc: 86.48%
2026-02-08 10:38:52 KST | INFO |   No improvement (7/30)
2026-02-08 10:38:52 KST | INFO | 
2026-02-08 10:38:52 KST | INFO | Epoch 76/200 | LR: 0.069134
2026-02-08 10:39:53 KST | INFO |   Train Loss: 0.1957 | Test Loss: 0.0019 | Test Acc: 84.07%
2026-02-08 10:39:53 KST | INFO |   No improvement (8/30)
2026-02-08 10:39:53 KST | INFO | 
2026-02-08 10:39:53 KST | INFO | Epoch 77/200 | LR: 0.068407
2026-02-08 10:40:53 KST | INFO |   Train Loss: 0.1970 | Test Loss: 0.0017 | Test Acc: 85.98%
2026-02-08 10:40:53 KST | INFO |   No improvement (9/30)
2026-02-08 10:40:53 KST | INFO | 
2026-02-08 10:40:53 KST | INFO | Epoch 78/200 | LR: 0.067674
2026-02-08 10:41:56 KST | INFO |   Train Loss: 0.1978 | Test Loss: 0.0014 | Test Acc: 88.43%
2026-02-08 10:41:56 KST | INFO |   No improvement (10/30)
2026-02-08 10:41:56 KST | INFO | 
2026-02-08 10:41:56 KST | INFO | Epoch 79/200 | LR: 0.066937
2026-02-08 10:42:56 KST | INFO |   Train Loss: 0.1906 | Test Loss: 0.0014 | Test Acc: 88.17%
2026-02-08 10:42:56 KST | INFO |   No improvement (11/30)
2026-02-08 10:42:56 KST | INFO | 
2026-02-08 10:42:56 KST | INFO | Epoch 80/200 | LR: 0.066196
2026-02-08 10:43:57 KST | INFO |   Train Loss: 0.1923 | Test Loss: 0.0016 | Test Acc: 86.60%
2026-02-08 10:43:57 KST | INFO |   No improvement (12/30)
2026-02-08 10:43:57 KST | INFO | 
2026-02-08 10:43:57 KST | INFO | Epoch 81/200 | LR: 0.065451
2026-02-08 10:44:58 KST | INFO |   Train Loss: 0.1862 | Test Loss: 0.0014 | Test Acc: 88.47%
2026-02-08 10:44:58 KST | INFO |   No improvement (13/30)
2026-02-08 10:44:58 KST | INFO | 
2026-02-08 10:44:58 KST | INFO | Epoch 82/200 | LR: 0.064702
2026-02-08 10:45:59 KST | INFO |   Train Loss: 0.1937 | Test Loss: 0.0013 | Test Acc: 89.45%
2026-02-08 10:45:59 KST | INFO |   🏆 New best accuracy: 89.45%
2026-02-08 10:45:59 KST | INFO | 
2026-02-08 10:45:59 KST | INFO | Epoch 83/200 | LR: 0.063950
2026-02-08 10:46:59 KST | INFO |   Train Loss: 0.1844 | Test Loss: 0.0016 | Test Acc: 87.22%
2026-02-08 10:46:59 KST | INFO |   No improvement (1/30)
2026-02-08 10:46:59 KST | INFO | 
2026-02-08 10:46:59 KST | INFO | Epoch 84/200 | LR: 0.063194
2026-02-08 10:48:00 KST | INFO |   Train Loss: 0.1795 | Test Loss: 0.0014 | Test Acc: 88.42%
2026-02-08 10:48:00 KST | INFO |   No improvement (2/30)
2026-02-08 10:48:00 KST | INFO | 
2026-02-08 10:48:00 KST | INFO | Epoch 85/200 | LR: 0.062435
2026-02-08 10:49:01 KST | INFO |   Train Loss: 0.1786 | Test Loss: 0.0021 | Test Acc: 84.18%
2026-02-08 10:49:01 KST | INFO |   No improvement (3/30)
2026-02-08 10:49:01 KST | INFO | 
2026-02-08 10:49:01 KST | INFO | Epoch 86/200 | LR: 0.061673
2026-02-08 10:50:02 KST | INFO |   Train Loss: 0.1818 | Test Loss: 0.0013 | Test Acc: 89.30%
2026-02-08 10:50:02 KST | INFO |   No improvement (4/30)
2026-02-08 10:50:02 KST | INFO | 
2026-02-08 10:50:02 KST | INFO | Epoch 87/200 | LR: 0.060908
2026-02-08 10:51:03 KST | INFO |   Train Loss: 0.1742 | Test Loss: 0.0017 | Test Acc: 86.55%
2026-02-08 10:51:03 KST | INFO |   No improvement (5/30)
2026-02-08 10:51:03 KST | INFO | 
2026-02-08 10:51:03 KST | INFO | Epoch 88/200 | LR: 0.060140
2026-02-08 10:52:05 KST | INFO |   Train Loss: 0.1781 | Test Loss: 0.0014 | Test Acc: 88.43%
2026-02-08 10:52:05 KST | INFO |   No improvement (6/30)
2026-02-08 10:52:05 KST | INFO | 
2026-02-08 10:52:05 KST | INFO | Epoch 89/200 | LR: 0.059369
2026-02-08 10:53:07 KST | INFO |   Train Loss: 0.1749 | Test Loss: 0.0016 | Test Acc: 87.20%
2026-02-08 10:53:07 KST | INFO |   No improvement (7/30)
2026-02-08 10:53:07 KST | INFO | 
2026-02-08 10:53:07 KST | INFO | Epoch 90/200 | LR: 0.058597
2026-02-08 10:54:09 KST | INFO |   Train Loss: 0.1704 | Test Loss: 0.0016 | Test Acc: 87.33%
2026-02-08 10:54:09 KST | INFO |   No improvement (8/30)
2026-02-08 10:54:09 KST | INFO | 
2026-02-08 10:54:09 KST | INFO | Epoch 91/200 | LR: 0.057822
2026-02-08 10:55:10 KST | INFO |   Train Loss: 0.1678 | Test Loss: 0.0019 | Test Acc: 84.90%
2026-02-08 10:55:10 KST | INFO |   No improvement (9/30)
2026-02-08 10:55:10 KST | INFO | 
2026-02-08 10:55:10 KST | INFO | Epoch 92/200 | LR: 0.057045
2026-02-08 10:56:12 KST | INFO |   Train Loss: 0.1666 | Test Loss: 0.0014 | Test Acc: 88.08%
2026-02-08 10:56:12 KST | INFO |   No improvement (10/30)
2026-02-08 10:56:12 KST | INFO | 
2026-02-08 10:56:12 KST | INFO | Epoch 93/200 | LR: 0.056267
2026-02-08 10:57:13 KST | INFO |   Train Loss: 0.1611 | Test Loss: 0.0013 | Test Acc: 89.65%
2026-02-08 10:57:13 KST | INFO |   🏆 New best accuracy: 89.65%
2026-02-08 10:57:13 KST | INFO | 
2026-02-08 10:57:13 KST | INFO | Epoch 94/200 | LR: 0.055487
2026-02-08 10:58:15 KST | INFO |   Train Loss: 0.1603 | Test Loss: 0.0013 | Test Acc: 89.12%
2026-02-08 10:58:15 KST | INFO |   No improvement (1/30)
2026-02-08 10:58:15 KST | INFO | 
2026-02-08 10:58:15 KST | INFO | Epoch 95/200 | LR: 0.054706
2026-02-08 10:59:16 KST | INFO |   Train Loss: 0.1600 | Test Loss: 0.0015 | Test Acc: 87.38%
2026-02-08 10:59:16 KST | INFO |   No improvement (2/30)
2026-02-08 10:59:16 KST | INFO | 
2026-02-08 10:59:16 KST | INFO | Epoch 96/200 | LR: 0.053923
2026-02-08 11:00:17 KST | INFO |   Train Loss: 0.1577 | Test Loss: 0.0016 | Test Acc: 87.80%
2026-02-08 11:00:17 KST | INFO |   No improvement (3/30)
2026-02-08 11:00:17 KST | INFO | 
2026-02-08 11:00:17 KST | INFO | Epoch 97/200 | LR: 0.053140
2026-02-08 11:01:17 KST | INFO |   Train Loss: 0.1556 | Test Loss: 0.0014 | Test Acc: 88.42%
2026-02-08 11:01:17 KST | INFO |   No improvement (4/30)
2026-02-08 11:01:17 KST | INFO | 
2026-02-08 11:01:17 KST | INFO | Epoch 98/200 | LR: 0.052356
2026-02-08 11:02:17 KST | INFO |   Train Loss: 0.1544 | Test Loss: 0.0013 | Test Acc: 88.97%
2026-02-08 11:02:17 KST | INFO |   No improvement (5/30)
2026-02-08 11:02:17 KST | INFO | 
2026-02-08 11:02:17 KST | INFO | Epoch 99/200 | LR: 0.051571
2026-02-08 11:03:19 KST | INFO |   Train Loss: 0.1538 | Test Loss: 0.0014 | Test Acc: 89.12%
2026-02-08 11:03:19 KST | INFO |   No improvement (6/30)
2026-02-08 11:03:19 KST | INFO | 
2026-02-08 11:03:19 KST | INFO | Epoch 100/200 | LR: 0.050786
2026-02-08 11:04:20 KST | INFO |   Train Loss: 0.1492 | Test Loss: 0.0015 | Test Acc: 87.53%
2026-02-08 11:04:20 KST | INFO |   No improvement (7/30)
2026-02-08 11:04:20 KST | INFO | 
2026-02-08 11:04:20 KST | INFO | Epoch 101/200 | LR: 0.050001
2026-02-08 11:05:23 KST | INFO |   Train Loss: 0.1520 | Test Loss: 0.0019 | Test Acc: 86.88%
2026-02-08 11:05:23 KST | INFO |   No improvement (8/30)
2026-02-08 11:05:23 KST | INFO | 
2026-02-08 11:05:23 KST | INFO | Epoch 102/200 | LR: 0.049215
2026-02-08 11:06:25 KST | INFO |   Train Loss: 0.1452 | Test Loss: 0.0012 | Test Acc: 90.00%
2026-02-08 11:06:25 KST | INFO |   🏆 New best accuracy: 90.00%
2026-02-08 11:06:25 KST | INFO | 
2026-02-08 11:06:25 KST | INFO | Epoch 103/200 | LR: 0.048430
2026-02-08 11:07:28 KST | INFO |   Train Loss: 0.1432 | Test Loss: 0.0017 | Test Acc: 86.28%
2026-02-08 11:07:28 KST | INFO |   No improvement (1/30)
2026-02-08 11:07:28 KST | INFO | 
2026-02-08 11:07:28 KST | INFO | Epoch 104/200 | LR: 0.047645
2026-02-08 11:08:30 KST | INFO |   Train Loss: 0.1425 | Test Loss: 0.0013 | Test Acc: 89.13%
2026-02-08 11:08:30 KST | INFO |   No improvement (2/30)
2026-02-08 11:08:30 KST | INFO | 
2026-02-08 11:08:30 KST | INFO | Epoch 105/200 | LR: 0.046861
2026-02-08 11:09:32 KST | INFO |   Train Loss: 0.1372 | Test Loss: 0.0015 | Test Acc: 88.83%
2026-02-08 11:09:32 KST | INFO |   No improvement (3/30)
2026-02-08 11:09:32 KST | INFO | 
2026-02-08 11:09:32 KST | INFO | Epoch 106/200 | LR: 0.046078
2026-02-08 11:10:36 KST | INFO |   Train Loss: 0.1341 | Test Loss: 0.0013 | Test Acc: 89.35%
2026-02-08 11:10:36 KST | INFO |   No improvement (4/30)
2026-02-08 11:10:36 KST | INFO | 
2026-02-08 11:10:36 KST | INFO | Epoch 107/200 | LR: 0.045295
2026-02-08 11:11:41 KST | INFO |   Train Loss: 0.1311 | Test Loss: 0.0015 | Test Acc: 87.67%
2026-02-08 11:11:41 KST | INFO |   No improvement (5/30)
2026-02-08 11:11:41 KST | INFO | 
2026-02-08 11:11:41 KST | INFO | Epoch 108/200 | LR: 0.044514
2026-02-08 11:12:44 KST | INFO |   Train Loss: 0.1332 | Test Loss: 0.0016 | Test Acc: 87.47%
2026-02-08 11:12:44 KST | INFO |   No improvement (6/30)
2026-02-08 11:12:44 KST | INFO | 
2026-02-08 11:12:44 KST | INFO | Epoch 109/200 | LR: 0.043734
2026-02-08 11:13:47 KST | INFO |   Train Loss: 0.1308 | Test Loss: 0.0013 | Test Acc: 89.45%
2026-02-08 11:13:47 KST | INFO |   No improvement (7/30)
2026-02-08 11:13:47 KST | INFO | 
2026-02-08 11:13:47 KST | INFO | Epoch 110/200 | LR: 0.042956
2026-02-08 11:14:48 KST | INFO |   Train Loss: 0.1320 | Test Loss: 0.0013 | Test Acc: 89.13%
2026-02-08 11:14:48 KST | INFO |   No improvement (8/30)
2026-02-08 11:14:48 KST | INFO | 
2026-02-08 11:14:48 KST | INFO | Epoch 111/200 | LR: 0.042179
2026-02-08 11:15:51 KST | INFO |   Train Loss: 0.1304 | Test Loss: 0.0013 | Test Acc: 89.23%
2026-02-08 11:15:51 KST | INFO |   No improvement (9/30)
2026-02-08 11:15:51 KST | INFO | 
2026-02-08 11:15:51 KST | INFO | Epoch 112/200 | LR: 0.041404
2026-02-08 11:16:56 KST | INFO |   Train Loss: 0.1252 | Test Loss: 0.0012 | Test Acc: 89.35%
2026-02-08 11:16:56 KST | INFO |   No improvement (10/30)
2026-02-08 11:16:56 KST | INFO | 
2026-02-08 11:16:56 KST | INFO | Epoch 113/200 | LR: 0.040632
2026-02-08 11:17:59 KST | INFO |   Train Loss: 0.1233 | Test Loss: 0.0013 | Test Acc: 89.80%
2026-02-08 11:17:59 KST | INFO |   No improvement (11/30)
2026-02-08 11:17:59 KST | INFO | 
2026-02-08 11:17:59 KST | INFO | Epoch 114/200 | LR: 0.039861
2026-02-08 11:19:04 KST | INFO |   Train Loss: 0.1241 | Test Loss: 0.0013 | Test Acc: 89.52%
2026-02-08 11:19:04 KST | INFO |   No improvement (12/30)
2026-02-08 11:19:04 KST | INFO | 
2026-02-08 11:19:04 KST | INFO | Epoch 115/200 | LR: 0.039093
2026-02-08 11:20:09 KST | INFO |   Train Loss: 0.1210 | Test Loss: 0.0014 | Test Acc: 88.65%
2026-02-08 11:20:09 KST | INFO |   No improvement (13/30)
2026-02-08 11:20:09 KST | INFO | 
2026-02-08 11:20:09 KST | INFO | Epoch 116/200 | LR: 0.038328
2026-02-08 11:21:12 KST | INFO |   Train Loss: 0.1160 | Test Loss: 0.0013 | Test Acc: 89.75%
2026-02-08 11:21:12 KST | INFO |   No improvement (14/30)
2026-02-08 11:21:12 KST | INFO | 
2026-02-08 11:21:12 KST | INFO | Epoch 117/200 | LR: 0.037566
2026-02-08 11:22:15 KST | INFO |   Train Loss: 0.1139 | Test Loss: 0.0013 | Test Acc: 89.40%
2026-02-08 11:22:15 KST | INFO |   No improvement (15/30)
2026-02-08 11:22:15 KST | INFO | 
2026-02-08 11:22:15 KST | INFO | Epoch 118/200 | LR: 0.036807
2026-02-08 11:23:19 KST | INFO |   Train Loss: 0.1132 | Test Loss: 0.0013 | Test Acc: 89.23%
2026-02-08 11:23:19 KST | INFO |   No improvement (16/30)
2026-02-08 11:23:19 KST | INFO | 
2026-02-08 11:23:19 KST | INFO | Epoch 119/200 | LR: 0.036051
2026-02-08 11:24:22 KST | INFO |   Train Loss: 0.1100 | Test Loss: 0.0014 | Test Acc: 88.97%
2026-02-08 11:24:22 KST | INFO |   No improvement (17/30)
2026-02-08 11:24:22 KST | INFO | 
2026-02-08 11:24:22 KST | INFO | Epoch 120/200 | LR: 0.035299
2026-02-08 11:25:24 KST | INFO |   Train Loss: 0.1040 | Test Loss: 0.0015 | Test Acc: 88.95%
2026-02-08 11:25:24 KST | INFO |   No improvement (18/30)
2026-02-08 11:25:24 KST | INFO | 
2026-02-08 11:25:24 KST | INFO | Epoch 121/200 | LR: 0.034550
2026-02-08 11:26:26 KST | INFO |   Train Loss: 0.1056 | Test Loss: 0.0013 | Test Acc: 89.73%
2026-02-08 11:26:26 KST | INFO |   No improvement (19/30)
2026-02-08 11:26:26 KST | INFO | 
2026-02-08 11:26:26 KST | INFO | Epoch 122/200 | LR: 0.033805
2026-02-08 11:27:28 KST | INFO |   Train Loss: 0.1018 | Test Loss: 0.0014 | Test Acc: 89.45%
2026-02-08 11:27:28 KST | INFO |   No improvement (20/30)
2026-02-08 11:27:28 KST | INFO | 
2026-02-08 11:27:28 KST | INFO | Epoch 123/200 | LR: 0.033064
2026-02-08 11:28:30 KST | INFO |   Train Loss: 0.1056 | Test Loss: 0.0014 | Test Acc: 89.42%
2026-02-08 11:28:30 KST | INFO |   No improvement (21/30)
2026-02-08 11:28:30 KST | INFO | 
2026-02-08 11:28:30 KST | INFO | Epoch 124/200 | LR: 0.032327
2026-02-08 11:29:32 KST | INFO |   Train Loss: 0.0973 | Test Loss: 0.0013 | Test Acc: 90.18%
2026-02-08 11:29:32 KST | INFO |   🏆 New best accuracy: 90.18%
2026-02-08 11:29:32 KST | INFO | 
2026-02-08 11:29:32 KST | INFO | Epoch 125/200 | LR: 0.031594
2026-02-08 11:30:34 KST | INFO |   Train Loss: 0.0983 | Test Loss: 0.0014 | Test Acc: 88.90%
2026-02-08 11:30:34 KST | INFO |   No improvement (1/30)
2026-02-08 11:30:34 KST | INFO | 
2026-02-08 11:30:34 KST | INFO | Epoch 126/200 | LR: 0.030867
2026-02-08 11:31:36 KST | INFO |   Train Loss: 0.0994 | Test Loss: 0.0013 | Test Acc: 89.75%
2026-02-08 11:31:36 KST | INFO |   No improvement (2/30)
2026-02-08 11:31:36 KST | INFO | 
2026-02-08 11:31:36 KST | INFO | Epoch 127/200 | LR: 0.030143
2026-02-08 11:32:38 KST | INFO |   Train Loss: 0.0953 | Test Loss: 0.0014 | Test Acc: 89.32%
2026-02-08 11:32:38 KST | INFO |   No improvement (3/30)
2026-02-08 11:32:38 KST | INFO | 
2026-02-08 11:32:38 KST | INFO | Epoch 128/200 | LR: 0.029425
2026-02-08 11:33:41 KST | INFO |   Train Loss: 0.0935 | Test Loss: 0.0012 | Test Acc: 90.15%
2026-02-08 11:33:41 KST | INFO |   No improvement (4/30)
2026-02-08 11:33:41 KST | INFO | 
2026-02-08 11:33:41 KST | INFO | Epoch 129/200 | LR: 0.028712
2026-02-08 11:34:43 KST | INFO |   Train Loss: 0.0901 | Test Loss: 0.0012 | Test Acc: 90.68%
2026-02-08 11:34:43 KST | INFO |   🏆 New best accuracy: 90.68%
2026-02-08 11:34:43 KST | INFO | 
2026-02-08 11:34:43 KST | INFO | Epoch 130/200 | LR: 0.028004
2026-02-08 11:35:45 KST | INFO |   Train Loss: 0.0859 | Test Loss: 0.0015 | Test Acc: 89.20%
2026-02-08 11:35:45 KST | INFO |   No improvement (1/30)
2026-02-08 11:35:45 KST | INFO | 
2026-02-08 11:35:45 KST | INFO | Epoch 131/200 | LR: 0.027301
2026-02-08 11:36:48 KST | INFO |   Train Loss: 0.0856 | Test Loss: 0.0014 | Test Acc: 89.78%
2026-02-08 11:36:48 KST | INFO |   No improvement (2/30)
2026-02-08 11:36:48 KST | INFO | 
2026-02-08 11:36:48 KST | INFO | Epoch 132/200 | LR: 0.026604
2026-02-08 11:37:49 KST | INFO |   Train Loss: 0.0826 | Test Loss: 0.0014 | Test Acc: 89.58%
2026-02-08 11:37:49 KST | INFO |   No improvement (3/30)
2026-02-08 11:37:49 KST | INFO | 
2026-02-08 11:37:49 KST | INFO | Epoch 133/200 | LR: 0.025913
2026-02-08 11:38:50 KST | INFO |   Train Loss: 0.0810 | Test Loss: 0.0013 | Test Acc: 89.83%
2026-02-08 11:38:50 KST | INFO |   No improvement (4/30)
2026-02-08 11:38:50 KST | INFO | 
2026-02-08 11:38:50 KST | INFO | Epoch 134/200 | LR: 0.025228
2026-02-08 11:39:50 KST | INFO |   Train Loss: 0.0838 | Test Loss: 0.0013 | Test Acc: 90.30%
2026-02-08 11:39:50 KST | INFO |   No improvement (5/30)
2026-02-08 11:39:50 KST | INFO | 
2026-02-08 11:39:50 KST | INFO | Epoch 135/200 | LR: 0.024549
2026-02-08 11:40:51 KST | INFO |   Train Loss: 0.0791 | Test Loss: 0.0013 | Test Acc: 90.68%
2026-02-08 11:40:51 KST | INFO |   No improvement (6/30)
2026-02-08 11:40:51 KST | INFO | 
2026-02-08 11:40:51 KST | INFO | Epoch 136/200 | LR: 0.023876
2026-02-08 11:41:52 KST | INFO |   Train Loss: 0.0792 | Test Loss: 0.0013 | Test Acc: 90.17%
2026-02-08 11:41:52 KST | INFO |   No improvement (7/30)
2026-02-08 11:41:52 KST | INFO | 
2026-02-08 11:41:52 KST | INFO | Epoch 137/200 | LR: 0.023209
2026-02-08 11:42:54 KST | INFO |   Train Loss: 0.0742 | Test Loss: 0.0013 | Test Acc: 90.18%
2026-02-08 11:42:54 KST | INFO |   No improvement (8/30)
2026-02-08 11:42:54 KST | INFO | 
2026-02-08 11:42:54 KST | INFO | Epoch 138/200 | LR: 0.022550
2026-02-08 11:43:55 KST | INFO |   Train Loss: 0.0715 | Test Loss: 0.0016 | Test Acc: 88.73%
2026-02-08 11:43:55 KST | INFO |   No improvement (9/30)
2026-02-08 11:43:55 KST | INFO | 
2026-02-08 11:43:55 KST | INFO | Epoch 139/200 | LR: 0.021897
2026-02-08 11:44:57 KST | INFO |   Train Loss: 0.0725 | Test Loss: 0.0013 | Test Acc: 89.72%
2026-02-08 11:44:57 KST | INFO |   No improvement (10/30)
2026-02-08 11:44:57 KST | INFO | 
2026-02-08 11:44:57 KST | INFO | Epoch 140/200 | LR: 0.021251
2026-02-08 11:46:00 KST | INFO |   Train Loss: 0.0706 | Test Loss: 0.0014 | Test Acc: 89.65%
2026-02-08 11:46:00 KST | INFO |   No improvement (11/30)
2026-02-08 11:46:00 KST | INFO | 
2026-02-08 11:46:00 KST | INFO | Epoch 141/200 | LR: 0.020612
2026-02-08 11:47:02 KST | INFO |   Train Loss: 0.0705 | Test Loss: 0.0013 | Test Acc: 90.17%
2026-02-08 11:47:02 KST | INFO |   No improvement (12/30)
2026-02-08 11:47:02 KST | INFO | 
2026-02-08 11:47:02 KST | INFO | Epoch 142/200 | LR: 0.019980
2026-02-08 11:48:04 KST | INFO |   Train Loss: 0.0648 | Test Loss: 0.0012 | Test Acc: 90.03%
2026-02-08 11:48:04 KST | INFO |   No improvement (13/30)
2026-02-08 11:48:04 KST | INFO | 
2026-02-08 11:48:04 KST | INFO | Epoch 143/200 | LR: 0.019355
2026-02-08 11:49:06 KST | INFO |   Train Loss: 0.0649 | Test Loss: 0.0013 | Test Acc: 89.93%
2026-02-08 11:49:06 KST | INFO |   No improvement (14/30)
2026-02-08 11:49:06 KST | INFO | 
2026-02-08 11:49:06 KST | INFO | Epoch 144/200 | LR: 0.018739
2026-02-08 11:50:08 KST | INFO |   Train Loss: 0.0655 | Test Loss: 0.0013 | Test Acc: 89.78%
2026-02-08 11:50:08 KST | INFO |   No improvement (15/30)
2026-02-08 11:50:08 KST | INFO | 
2026-02-08 11:50:08 KST | INFO | Epoch 145/200 | LR: 0.018130
2026-02-08 11:51:09 KST | INFO |   Train Loss: 0.0611 | Test Loss: 0.0012 | Test Acc: 90.47%
2026-02-08 11:51:09 KST | INFO |   No improvement (16/30)
2026-02-08 11:51:09 KST | INFO | 
2026-02-08 11:51:09 KST | INFO | Epoch 146/200 | LR: 0.017528
2026-02-08 11:52:11 KST | INFO |   Train Loss: 0.0610 | Test Loss: 0.0013 | Test Acc: 90.08%
2026-02-08 11:52:11 KST | INFO |   No improvement (17/30)
2026-02-08 11:52:11 KST | INFO | 
2026-02-08 11:52:11 KST | INFO | Epoch 147/200 | LR: 0.016935
2026-02-08 11:53:13 KST | INFO |   Train Loss: 0.0586 | Test Loss: 0.0013 | Test Acc: 90.40%
2026-02-08 11:53:13 KST | INFO |   No improvement (18/30)
2026-02-08 11:53:13 KST | INFO | 
2026-02-08 11:53:13 KST | INFO | Epoch 148/200 | LR: 0.016350
2026-02-08 11:54:14 KST | INFO |   Train Loss: 0.0566 | Test Loss: 0.0013 | Test Acc: 90.50%
2026-02-08 11:54:14 KST | INFO |   No improvement (19/30)
2026-02-08 11:54:14 KST | INFO | 
2026-02-08 11:54:14 KST | INFO | Epoch 149/200 | LR: 0.015773
2026-02-08 11:55:15 KST | INFO |   Train Loss: 0.0535 | Test Loss: 0.0014 | Test Acc: 90.13%
2026-02-08 11:55:15 KST | INFO |   No improvement (20/30)
2026-02-08 11:55:15 KST | INFO | 
2026-02-08 11:55:15 KST | INFO | Epoch 150/200 | LR: 0.015205
2026-02-08 11:56:17 KST | INFO |   Train Loss: 0.0529 | Test Loss: 0.0014 | Test Acc: 90.08%
2026-02-08 11:56:17 KST | INFO |   No improvement (21/30)
2026-02-08 11:56:17 KST | INFO | 
2026-02-08 11:56:17 KST | INFO | Epoch 151/200 | LR: 0.014646
2026-02-08 11:57:18 KST | INFO |   Train Loss: 0.0533 | Test Loss: 0.0014 | Test Acc: 89.67%
2026-02-08 11:57:18 KST | INFO |   No improvement (22/30)
2026-02-08 11:57:18 KST | INFO | 
2026-02-08 11:57:18 KST | INFO | Epoch 152/200 | LR: 0.014095
2026-02-08 11:58:19 KST | INFO |   Train Loss: 0.0527 | Test Loss: 0.0013 | Test Acc: 89.98%
2026-02-08 11:58:19 KST | INFO |   No improvement (23/30)
2026-02-08 11:58:19 KST | INFO | 
2026-02-08 11:58:19 KST | INFO | Epoch 153/200 | LR: 0.013552
2026-02-08 11:59:21 KST | INFO |   Train Loss: 0.0489 | Test Loss: 0.0013 | Test Acc: 90.05%
2026-02-08 11:59:21 KST | INFO |   No improvement (24/30)
2026-02-08 11:59:21 KST | INFO | 
2026-02-08 11:59:21 KST | INFO | Epoch 154/200 | LR: 0.013019
2026-02-08 12:00:24 KST | INFO |   Train Loss: 0.0512 | Test Loss: 0.0014 | Test Acc: 89.78%
2026-02-08 12:00:24 KST | INFO |   No improvement (25/30)
2026-02-08 12:00:24 KST | INFO | 
2026-02-08 12:00:24 KST | INFO | Epoch 155/200 | LR: 0.012495
2026-02-08 12:01:27 KST | INFO |   Train Loss: 0.0482 | Test Loss: 0.0013 | Test Acc: 90.47%
2026-02-08 12:01:27 KST | INFO |   No improvement (26/30)
2026-02-08 12:01:27 KST | INFO | 
2026-02-08 12:01:27 KST | INFO | Epoch 156/200 | LR: 0.011981
2026-02-08 12:02:29 KST | INFO |   Train Loss: 0.0471 | Test Loss: 0.0014 | Test Acc: 90.00%
2026-02-08 12:02:29 KST | INFO |   No improvement (27/30)
2026-02-08 12:02:29 KST | INFO | 
2026-02-08 12:02:29 KST | INFO | Epoch 157/200 | LR: 0.011475
2026-02-08 12:03:30 KST | INFO |   Train Loss: 0.0458 | Test Loss: 0.0014 | Test Acc: 89.73%
2026-02-08 12:03:30 KST | INFO |   No improvement (28/30)
2026-02-08 12:03:30 KST | INFO | 
2026-02-08 12:03:30 KST | INFO | Epoch 158/200 | LR: 0.010979
2026-02-08 12:04:32 KST | INFO |   Train Loss: 0.0434 | Test Loss: 0.0013 | Test Acc: 90.50%
2026-02-08 12:04:32 KST | INFO |   No improvement (29/30)
2026-02-08 12:04:32 KST | INFO | 
2026-02-08 12:04:32 KST | INFO | Epoch 159/200 | LR: 0.010493
2026-02-08 12:05:34 KST | INFO |   Train Loss: 0.0438 | Test Loss: 0.0013 | Test Acc: 90.42%
2026-02-08 12:05:34 KST | INFO |   No improvement (30/30)
2026-02-08 12:05:34 KST | INFO | 
2026-02-08 12:05:34 KST | INFO | Early stopping after 30 epochs without improvement
2026-02-08 12:05:34 KST | INFO | 
2026-02-08 12:05:34 KST | INFO | ================================================================================
2026-02-08 12:05:34 KST | INFO | TRAINING COMPLETE
2026-02-08 12:05:34 KST | INFO | ================================================================================
2026-02-08 12:05:34 KST | INFO | Best accuracy:  90.68% (Epoch 129)
2026-02-08 12:05:34 KST | INFO | Final accuracy: 90.42%
2026-02-08 12:05:34 KST | INFO | ================================================================================
2026-02-08 12:05:34 KST | INFO | 
2026-02-08 12:05:34 KST | INFO | Notifying nodes of completion...
2026-02-08 12:05:35 KST | INFO | ✓ Nodes notified
2026-02-08 12:05:35 KST | INFO | 
2026-02-08 12:05:35 KST | INFO | Closing connections...
2026-02-08 12:05:35 KST | INFO | ✓ Cleanup complete
2026-02-08 12:05:35 KST | INFO | 
2026-02-08 12:05:35 KST | INFO | Full log: logs/TL++_base_20260208_092048.log
2026-02-08 12:05:35 KST | INFO | ================================================================================
