2026-04-23 00:55:09 KST | INFO | ================================================================================
2026-04-23 00:55:09 KST | INFO | TL++ Centralized Baseline
2026-04-23 00:55:09 KST | INFO | ================================================================================
2026-04-23 00:55:09 KST | INFO | Log file: logs/centralized_20260423_005509.log
2026-04-23 00:55:09 KST | INFO | 
2026-04-23 00:55:09 KST | INFO | Device: cuda
2026-04-23 00:55:09 KST | INFO | 
2026-04-23 00:55:09 KST | INFO | --------------------------------------------------------------------------------
2026-04-23 00:55:09 KST | INFO | CONFIGURATION
2026-04-23 00:55:09 KST | INFO | --------------------------------------------------------------------------------
2026-04-23 00:55:09 KST | INFO | Classes:          10
2026-04-23 00:55:09 KST | INFO | Batch size:       128
2026-04-23 00:55:09 KST | INFO | Learning rate:    0.1
2026-04-23 00:55:09 KST | INFO | Scheduler:        cosine
2026-04-23 00:55:09 KST | INFO | 
2026-04-23 00:55:09 KST | INFO | --------------------------------------------------------------------------------
2026-04-23 00:55:09 KST | INFO | DATA LOADING
2026-04-23 00:55:09 KST | INFO | --------------------------------------------------------------------------------
2026-04-23 00:55:11 KST | INFO | Training samples:   50,000
2026-04-23 00:55:11 KST | INFO | Test samples:       10,000
2026-04-23 00:55:11 KST | INFO | Training batches:   391
2026-04-23 00:55:11 KST | INFO | Test batches:       40
2026-04-23 00:55:11 KST | INFO | 
2026-04-23 00:55:11 KST | INFO | --------------------------------------------------------------------------------
2026-04-23 00:55:11 KST | INFO | MODEL INITIALIZATION
2026-04-23 00:55:11 KST | INFO | --------------------------------------------------------------------------------
2026-04-23 00:55:11 KST | INFO | Total parameters:     3,248,202
2026-04-23 00:55:11 KST | INFO | Trainable parameters: 3,248,202
2026-04-23 00:55:11 KST | INFO | 
2026-04-23 00:55:11 KST | INFO | --------------------------------------------------------------------------------
2026-04-23 00:55:11 KST | INFO | OPTIMIZER & SCHEDULER
2026-04-23 00:55:11 KST | INFO | --------------------------------------------------------------------------------
2026-04-23 00:55:11 KST | INFO | Optimizer:        SGD (lr=0.1, momentum=0.9)
2026-04-23 00:55:11 KST | INFO | Scheduler:        cosine
2026-04-23 00:55:11 KST | INFO | Gradient clip:    1.0
2026-04-23 00:55:11 KST | INFO | 
2026-04-23 00:55:11 KST | INFO | --------------------------------------------------------------------------------
2026-04-23 00:55:11 KST | INFO | TRAINING
2026-04-23 00:55:11 KST | INFO | --------------------------------------------------------------------------------
2026-04-23 00:55:11 KST | INFO | 
2026-04-23 00:55:11 KST | INFO | Epoch 1/200 | LR: 0.100000
2026-04-23 00:55:27 KST | INFO |   Train Loss: 1.6714 | Test Loss: 1.2096 | Test Acc: 55.82%
2026-04-23 00:55:27 KST | INFO |   🏆 New best accuracy: 55.82%
2026-04-23 00:55:27 KST | INFO | 
2026-04-23 00:55:27 KST | INFO | Epoch 2/200 | LR: 0.099994
2026-04-23 00:55:43 KST | INFO |   Train Loss: 1.1754 | Test Loss: 0.9732 | Test Acc: 65.12%
2026-04-23 00:55:43 KST | INFO |   🏆 New best accuracy: 65.12%
2026-04-23 00:55:43 KST | INFO | 
2026-04-23 00:55:43 KST | INFO | Epoch 3/200 | LR: 0.099975
2026-04-23 00:55:59 KST | INFO |   Train Loss: 0.9316 | Test Loss: 0.8039 | Test Acc: 72.29%
2026-04-23 00:55:59 KST | INFO |   🏆 New best accuracy: 72.29%
2026-04-23 00:55:59 KST | INFO | 
2026-04-23 00:55:59 KST | INFO | Epoch 4/200 | LR: 0.099944
2026-04-23 00:56:15 KST | INFO |   Train Loss: 0.8028 | Test Loss: 0.6762 | Test Acc: 77.38%
2026-04-23 00:56:15 KST | INFO |   🏆 New best accuracy: 77.38%
2026-04-23 00:56:15 KST | INFO | 
2026-04-23 00:56:15 KST | INFO | Epoch 5/200 | LR: 0.099901
2026-04-23 00:56:31 KST | INFO |   Train Loss: 0.7207 | Test Loss: 0.7712 | Test Acc: 74.68%
2026-04-23 00:56:31 KST | INFO |   No improvement (1/30)
2026-04-23 00:56:31 KST | INFO | 
2026-04-23 00:56:31 KST | INFO | Epoch 6/200 | LR: 0.099846
2026-04-23 00:56:47 KST | INFO |   Train Loss: 0.6642 | Test Loss: 0.6999 | Test Acc: 76.02%
2026-04-23 00:56:47 KST | INFO |   No improvement (2/30)
2026-04-23 00:56:47 KST | INFO | 
2026-04-23 00:56:47 KST | INFO | Epoch 7/200 | LR: 0.099778
2026-04-23 00:57:03 KST | INFO |   Train Loss: 0.6202 | Test Loss: 0.6469 | Test Acc: 79.15%
2026-04-23 00:57:03 KST | INFO |   🏆 New best accuracy: 79.15%
2026-04-23 00:57:03 KST | INFO | 
2026-04-23 00:57:03 KST | INFO | Epoch 8/200 | LR: 0.099698
2026-04-23 00:57:19 KST | INFO |   Train Loss: 0.5783 | Test Loss: 0.6899 | Test Acc: 77.63%
2026-04-23 00:57:19 KST | INFO |   No improvement (1/30)
2026-04-23 00:57:19 KST | INFO | 
2026-04-23 00:57:19 KST | INFO | Epoch 9/200 | LR: 0.099606
2026-04-23 00:57:34 KST | INFO |   Train Loss: 0.5574 | Test Loss: 0.5961 | Test Acc: 80.39%
2026-04-23 00:57:34 KST | INFO |   🏆 New best accuracy: 80.39%
2026-04-23 00:57:34 KST | INFO | 
2026-04-23 00:57:34 KST | INFO | Epoch 10/200 | LR: 0.099501
2026-04-23 00:57:50 KST | INFO |   Train Loss: 0.5311 | Test Loss: 0.5052 | Test Acc: 83.13%
2026-04-23 00:57:50 KST | INFO |   🏆 New best accuracy: 83.13%
2026-04-23 00:57:50 KST | INFO | 
2026-04-23 00:57:50 KST | INFO | Epoch 11/200 | LR: 0.099384
2026-04-23 00:58:06 KST | INFO |   Train Loss: 0.5156 | Test Loss: 0.5296 | Test Acc: 82.20%
2026-04-23 00:58:06 KST | INFO |   No improvement (1/30)
2026-04-23 00:58:06 KST | INFO | 
2026-04-23 00:58:06 KST | INFO | Epoch 12/200 | LR: 0.099255
2026-04-23 00:58:21 KST | INFO |   Train Loss: 0.4965 | Test Loss: 0.5165 | Test Acc: 82.41%
2026-04-23 00:58:21 KST | INFO |   No improvement (2/30)
2026-04-23 00:58:21 KST | INFO | 
2026-04-23 00:58:21 KST | INFO | Epoch 13/200 | LR: 0.099114
2026-04-23 00:58:37 KST | INFO |   Train Loss: 0.4789 | Test Loss: 0.5034 | Test Acc: 83.25%
2026-04-23 00:58:37 KST | INFO |   🏆 New best accuracy: 83.25%
2026-04-23 00:58:37 KST | INFO | 
2026-04-23 00:58:37 KST | INFO | Epoch 14/200 | LR: 0.098961
2026-04-23 00:58:52 KST | INFO |   Train Loss: 0.4714 | Test Loss: 0.5412 | Test Acc: 82.32%
2026-04-23 00:58:52 KST | INFO |   No improvement (1/30)
2026-04-23 00:58:52 KST | INFO | 
2026-04-23 00:58:52 KST | INFO | Epoch 15/200 | LR: 0.098796
2026-04-23 00:59:09 KST | INFO |   Train Loss: 0.4601 | Test Loss: 0.4666 | Test Acc: 84.25%
2026-04-23 00:59:09 KST | INFO |   🏆 New best accuracy: 84.25%
2026-04-23 00:59:09 KST | INFO | 
2026-04-23 00:59:09 KST | INFO | Epoch 16/200 | LR: 0.098619
2026-04-23 00:59:24 KST | INFO |   Train Loss: 0.4478 | Test Loss: 0.4796 | Test Acc: 83.69%
2026-04-23 00:59:24 KST | INFO |   No improvement (1/30)
2026-04-23 00:59:24 KST | INFO | 
2026-04-23 00:59:24 KST | INFO | Epoch 17/200 | LR: 0.098429
2026-04-23 00:59:40 KST | INFO |   Train Loss: 0.4374 | Test Loss: 0.4513 | Test Acc: 84.91%
2026-04-23 00:59:40 KST | INFO |   🏆 New best accuracy: 84.91%
2026-04-23 00:59:40 KST | INFO | 
2026-04-23 00:59:40 KST | INFO | Epoch 18/200 | LR: 0.098228
2026-04-23 00:59:56 KST | INFO |   Train Loss: 0.4367 | Test Loss: 0.4386 | Test Acc: 85.57%
2026-04-23 00:59:56 KST | INFO |   🏆 New best accuracy: 85.57%
2026-04-23 00:59:56 KST | INFO | 
2026-04-23 00:59:56 KST | INFO | Epoch 19/200 | LR: 0.098015
2026-04-23 01:00:11 KST | INFO |   Train Loss: 0.4262 | Test Loss: 0.5782 | Test Acc: 81.11%
2026-04-23 01:00:11 KST | INFO |   No improvement (1/30)
2026-04-23 01:00:11 KST | INFO | 
2026-04-23 01:00:11 KST | INFO | Epoch 20/200 | LR: 0.097790
2026-04-23 01:00:27 KST | INFO |   Train Loss: 0.4184 | Test Loss: 0.4932 | Test Acc: 83.88%
2026-04-23 01:00:27 KST | INFO |   No improvement (2/30)
2026-04-23 01:00:27 KST | INFO | 
2026-04-23 01:00:27 KST | INFO | Epoch 21/200 | LR: 0.097553
2026-04-23 01:00:43 KST | INFO |   Train Loss: 0.4139 | Test Loss: 0.4638 | Test Acc: 84.96%
2026-04-23 01:00:43 KST | INFO |   No improvement (3/30)
2026-04-23 01:00:43 KST | INFO | 
2026-04-23 01:00:43 KST | INFO | Epoch 22/200 | LR: 0.097304
2026-04-23 01:00:59 KST | INFO |   Train Loss: 0.4086 | Test Loss: 0.4955 | Test Acc: 84.16%
2026-04-23 01:00:59 KST | INFO |   No improvement (4/30)
2026-04-23 01:00:59 KST | INFO | 
2026-04-23 01:00:59 KST | INFO | Epoch 23/200 | LR: 0.097044
2026-04-23 01:01:15 KST | INFO |   Train Loss: 0.4034 | Test Loss: 0.4595 | Test Acc: 84.96%
2026-04-23 01:01:15 KST | INFO |   No improvement (5/30)
2026-04-23 01:01:15 KST | INFO | 
2026-04-23 01:01:15 KST | INFO | Epoch 24/200 | LR: 0.096772
2026-04-23 01:01:31 KST | INFO |   Train Loss: 0.4026 | Test Loss: 0.4238 | Test Acc: 86.14%
2026-04-23 01:01:31 KST | INFO |   🏆 New best accuracy: 86.14%
2026-04-23 01:01:31 KST | INFO | 
2026-04-23 01:01:31 KST | INFO | Epoch 25/200 | LR: 0.096489
2026-04-23 01:01:47 KST | INFO |   Train Loss: 0.3971 | Test Loss: 0.4085 | Test Acc: 86.47%
2026-04-23 01:01:47 KST | INFO |   🏆 New best accuracy: 86.47%
2026-04-23 01:01:47 KST | INFO | 
2026-04-23 01:01:47 KST | INFO | Epoch 26/200 | LR: 0.096194
2026-04-23 01:02:03 KST | INFO |   Train Loss: 0.3916 | Test Loss: 0.4155 | Test Acc: 85.92%
2026-04-23 01:02:03 KST | INFO |   No improvement (1/30)
2026-04-23 01:02:03 KST | INFO | 
2026-04-23 01:02:03 KST | INFO | Epoch 27/200 | LR: 0.095888
2026-04-23 01:02:19 KST | INFO |   Train Loss: 0.3881 | Test Loss: 0.4596 | Test Acc: 84.44%
2026-04-23 01:02:19 KST | INFO |   No improvement (2/30)
2026-04-23 01:02:19 KST | INFO | 
2026-04-23 01:02:19 KST | INFO | Epoch 28/200 | LR: 0.095570
2026-04-23 01:02:36 KST | INFO |   Train Loss: 0.3833 | Test Loss: 0.5005 | Test Acc: 83.13%
2026-04-23 01:02:36 KST | INFO |   No improvement (3/30)
2026-04-23 01:02:36 KST | INFO | 
2026-04-23 01:02:36 KST | INFO | Epoch 29/200 | LR: 0.095241
2026-04-23 01:02:52 KST | INFO |   Train Loss: 0.3782 | Test Loss: 0.4343 | Test Acc: 85.66%
2026-04-23 01:02:52 KST | INFO |   No improvement (4/30)
2026-04-23 01:02:52 KST | INFO | 
2026-04-23 01:02:52 KST | INFO | Epoch 30/200 | LR: 0.094901
2026-04-23 01:03:08 KST | INFO |   Train Loss: 0.3759 | Test Loss: 0.4418 | Test Acc: 85.05%
2026-04-23 01:03:08 KST | INFO |   No improvement (5/30)
2026-04-23 01:03:08 KST | INFO | 
2026-04-23 01:03:08 KST | INFO | Epoch 31/200 | LR: 0.094550
2026-04-23 01:03:24 KST | INFO |   Train Loss: 0.3697 | Test Loss: 0.4472 | Test Acc: 84.88%
2026-04-23 01:03:24 KST | INFO |   No improvement (6/30)
2026-04-23 01:03:24 KST | INFO | 
2026-04-23 01:03:24 KST | INFO | Epoch 32/200 | LR: 0.094188
2026-04-23 01:03:39 KST | INFO |   Train Loss: 0.3670 | Test Loss: 0.4356 | Test Acc: 85.65%
2026-04-23 01:03:39 KST | INFO |   No improvement (7/30)
2026-04-23 01:03:39 KST | INFO | 
2026-04-23 01:03:39 KST | INFO | Epoch 33/200 | LR: 0.093815
2026-04-23 01:03:56 KST | INFO |   Train Loss: 0.3626 | Test Loss: 0.4244 | Test Acc: 86.00%
2026-04-23 01:03:56 KST | INFO |   No improvement (8/30)
2026-04-23 01:03:56 KST | INFO | 
2026-04-23 01:03:56 KST | INFO | Epoch 34/200 | LR: 0.093432
2026-04-23 01:04:11 KST | INFO |   Train Loss: 0.3620 | Test Loss: 0.4070 | Test Acc: 86.80%
2026-04-23 01:04:11 KST | INFO |   🏆 New best accuracy: 86.80%
2026-04-23 01:04:11 KST | INFO | 
2026-04-23 01:04:11 KST | INFO | Epoch 35/200 | LR: 0.093037
2026-04-23 01:04:27 KST | INFO |   Train Loss: 0.3576 | Test Loss: 0.4386 | Test Acc: 85.75%
2026-04-23 01:04:27 KST | INFO |   No improvement (1/30)
2026-04-23 01:04:27 KST | INFO | 
2026-04-23 01:04:27 KST | INFO | Epoch 36/200 | LR: 0.092632
2026-04-23 01:04:43 KST | INFO |   Train Loss: 0.3583 | Test Loss: 0.4074 | Test Acc: 86.61%
2026-04-23 01:04:43 KST | INFO |   No improvement (2/30)
2026-04-23 01:04:43 KST | INFO | 
2026-04-23 01:04:43 KST | INFO | Epoch 37/200 | LR: 0.092216
2026-04-23 01:04:59 KST | INFO |   Train Loss: 0.3544 | Test Loss: 0.4901 | Test Acc: 84.46%
2026-04-23 01:04:59 KST | INFO |   No improvement (3/30)
2026-04-23 01:04:59 KST | INFO | 
2026-04-23 01:04:59 KST | INFO | Epoch 38/200 | LR: 0.091790
2026-04-23 01:05:16 KST | INFO |   Train Loss: 0.3486 | Test Loss: 0.3777 | Test Acc: 87.47%
2026-04-23 01:05:16 KST | INFO |   🏆 New best accuracy: 87.47%
2026-04-23 01:05:16 KST | INFO | 
2026-04-23 01:05:16 KST | INFO | Epoch 39/200 | LR: 0.091354
2026-04-23 01:05:32 KST | INFO |   Train Loss: 0.3479 | Test Loss: 0.3731 | Test Acc: 87.56%
2026-04-23 01:05:32 KST | INFO |   🏆 New best accuracy: 87.56%
2026-04-23 01:05:32 KST | INFO | 
2026-04-23 01:05:32 KST | INFO | Epoch 40/200 | LR: 0.090908
2026-04-23 01:05:48 KST | INFO |   Train Loss: 0.3464 | Test Loss: 0.3920 | Test Acc: 87.28%
2026-04-23 01:05:48 KST | INFO |   No improvement (1/30)
2026-04-23 01:05:48 KST | INFO | 
2026-04-23 01:05:48 KST | INFO | Epoch 41/200 | LR: 0.090451
2026-04-23 01:06:03 KST | INFO |   Train Loss: 0.3406 | Test Loss: 0.5057 | Test Acc: 83.98%
2026-04-23 01:06:03 KST | INFO |   No improvement (2/30)
2026-04-23 01:06:03 KST | INFO | 
2026-04-23 01:06:03 KST | INFO | Epoch 42/200 | LR: 0.089984
2026-04-23 01:06:19 KST | INFO |   Train Loss: 0.3403 | Test Loss: 0.4142 | Test Acc: 86.76%
2026-04-23 01:06:19 KST | INFO |   No improvement (3/30)
2026-04-23 01:06:19 KST | INFO | 
2026-04-23 01:06:19 KST | INFO | Epoch 43/200 | LR: 0.089508
2026-04-23 01:06:35 KST | INFO |   Train Loss: 0.3393 | Test Loss: 0.3888 | Test Acc: 86.97%
2026-04-23 01:06:35 KST | INFO |   No improvement (4/30)
2026-04-23 01:06:35 KST | INFO | 
2026-04-23 01:06:35 KST | INFO | Epoch 44/200 | LR: 0.089022
2026-04-23 01:06:51 KST | INFO |   Train Loss: 0.3355 | Test Loss: 0.3982 | Test Acc: 86.75%
2026-04-23 01:06:51 KST | INFO |   No improvement (5/30)
2026-04-23 01:06:51 KST | INFO | 
2026-04-23 01:06:51 KST | INFO | Epoch 45/200 | LR: 0.088526
2026-04-23 01:07:07 KST | INFO |   Train Loss: 0.3317 | Test Loss: 0.3841 | Test Acc: 87.24%
2026-04-23 01:07:07 KST | INFO |   No improvement (6/30)
2026-04-23 01:07:07 KST | INFO | 
2026-04-23 01:07:07 KST | INFO | Epoch 46/200 | LR: 0.088020
2026-04-23 01:07:23 KST | INFO |   Train Loss: 0.3322 | Test Loss: 0.3739 | Test Acc: 87.57%
2026-04-23 01:07:23 KST | INFO |   🏆 New best accuracy: 87.57%
2026-04-23 01:07:23 KST | INFO | 
2026-04-23 01:07:23 KST | INFO | Epoch 47/200 | LR: 0.087506
2026-04-23 01:07:39 KST | INFO |   Train Loss: 0.3290 | Test Loss: 0.3903 | Test Acc: 87.27%
2026-04-23 01:07:39 KST | INFO |   No improvement (1/30)
2026-04-23 01:07:39 KST | INFO | 
2026-04-23 01:07:39 KST | INFO | Epoch 48/200 | LR: 0.086982
2026-04-23 01:07:54 KST | INFO |   Train Loss: 0.3274 | Test Loss: 0.4063 | Test Acc: 86.72%
2026-04-23 01:07:54 KST | INFO |   No improvement (2/30)
2026-04-23 01:07:54 KST | INFO | 
2026-04-23 01:07:54 KST | INFO | Epoch 49/200 | LR: 0.086449
2026-04-23 01:08:10 KST | INFO |   Train Loss: 0.3232 | Test Loss: 0.3754 | Test Acc: 87.46%
2026-04-23 01:08:10 KST | INFO |   No improvement (3/30)
2026-04-23 01:08:10 KST | INFO | 
2026-04-23 01:08:10 KST | INFO | Epoch 50/200 | LR: 0.085906
2026-04-23 01:08:26 KST | INFO |   Train Loss: 0.3226 | Test Loss: 0.3921 | Test Acc: 87.24%
2026-04-23 01:08:26 KST | INFO |   No improvement (4/30)
2026-04-23 01:08:26 KST | INFO | 
2026-04-23 01:08:26 KST | INFO | Epoch 51/200 | LR: 0.085355
2026-04-23 01:08:42 KST | INFO |   Train Loss: 0.3209 | Test Loss: 0.4112 | Test Acc: 87.04%
2026-04-23 01:08:42 KST | INFO |   No improvement (5/30)
2026-04-23 01:08:42 KST | INFO | 
2026-04-23 01:08:42 KST | INFO | Epoch 52/200 | LR: 0.084796
2026-04-23 01:08:58 KST | INFO |   Train Loss: 0.3171 | Test Loss: 0.3982 | Test Acc: 87.09%
2026-04-23 01:08:58 KST | INFO |   No improvement (6/30)
2026-04-23 01:08:58 KST | INFO | 
2026-04-23 01:08:58 KST | INFO | Epoch 53/200 | LR: 0.084228
2026-04-23 01:09:13 KST | INFO |   Train Loss: 0.3167 | Test Loss: 0.3890 | Test Acc: 87.23%
2026-04-23 01:09:13 KST | INFO |   No improvement (7/30)
2026-04-23 01:09:13 KST | INFO | 
2026-04-23 01:09:13 KST | INFO | Epoch 54/200 | LR: 0.083651
2026-04-23 01:09:29 KST | INFO |   Train Loss: 0.3107 | Test Loss: 0.3730 | Test Acc: 87.57%
2026-04-23 01:09:29 KST | INFO |   No improvement (8/30)
2026-04-23 01:09:29 KST | INFO | 
2026-04-23 01:09:29 KST | INFO | Epoch 55/200 | LR: 0.083066
2026-04-23 01:09:45 KST | INFO |   Train Loss: 0.3114 | Test Loss: 0.3550 | Test Acc: 87.95%
2026-04-23 01:09:45 KST | INFO |   🏆 New best accuracy: 87.95%
2026-04-23 01:09:45 KST | INFO | 
2026-04-23 01:09:45 KST | INFO | Epoch 56/200 | LR: 0.082473
2026-04-23 01:10:01 KST | INFO |   Train Loss: 0.3033 | Test Loss: 0.3977 | Test Acc: 87.01%
2026-04-23 01:10:01 KST | INFO |   No improvement (1/30)
2026-04-23 01:10:01 KST | INFO | 
2026-04-23 01:10:01 KST | INFO | Epoch 57/200 | LR: 0.081871
2026-04-23 01:10:18 KST | INFO |   Train Loss: 0.3056 | Test Loss: 0.4274 | Test Acc: 85.99%
2026-04-23 01:10:18 KST | INFO |   No improvement (2/30)
2026-04-23 01:10:18 KST | INFO | 
2026-04-23 01:10:18 KST | INFO | Epoch 58/200 | LR: 0.081262
2026-04-23 01:10:34 KST | INFO |   Train Loss: 0.3060 | Test Loss: 0.3666 | Test Acc: 87.75%
2026-04-23 01:10:34 KST | INFO |   No improvement (3/30)
2026-04-23 01:10:34 KST | INFO | 
2026-04-23 01:10:34 KST | INFO | Epoch 59/200 | LR: 0.080646
2026-04-23 01:10:50 KST | INFO |   Train Loss: 0.2996 | Test Loss: 0.4651 | Test Acc: 84.96%
2026-04-23 01:10:50 KST | INFO |   No improvement (4/30)
2026-04-23 01:10:50 KST | INFO | 
2026-04-23 01:10:50 KST | INFO | Epoch 60/200 | LR: 0.080021
2026-04-23 01:11:05 KST | INFO |   Train Loss: 0.2967 | Test Loss: 0.3916 | Test Acc: 87.27%
2026-04-23 01:11:05 KST | INFO |   No improvement (5/30)
2026-04-23 01:11:05 KST | INFO | 
2026-04-23 01:11:05 KST | INFO | Epoch 61/200 | LR: 0.079389
2026-04-23 01:11:21 KST | INFO |   Train Loss: 0.2950 | Test Loss: 0.3354 | Test Acc: 89.08%
2026-04-23 01:11:21 KST | INFO |   🏆 New best accuracy: 89.08%
2026-04-23 01:11:21 KST | INFO | 
2026-04-23 01:11:21 KST | INFO | Epoch 62/200 | LR: 0.078750
2026-04-23 01:11:37 KST | INFO |   Train Loss: 0.2926 | Test Loss: 0.3409 | Test Acc: 88.63%
2026-04-23 01:11:37 KST | INFO |   No improvement (1/30)
2026-04-23 01:11:37 KST | INFO | 
2026-04-23 01:11:37 KST | INFO | Epoch 63/200 | LR: 0.078104
2026-04-23 01:11:53 KST | INFO |   Train Loss: 0.2948 | Test Loss: 0.3437 | Test Acc: 88.52%
2026-04-23 01:11:53 KST | INFO |   No improvement (2/30)
2026-04-23 01:11:53 KST | INFO | 
2026-04-23 01:11:53 KST | INFO | Epoch 64/200 | LR: 0.077451
2026-04-23 01:12:08 KST | INFO |   Train Loss: 0.2876 | Test Loss: 0.4010 | Test Acc: 86.97%
2026-04-23 01:12:08 KST | INFO |   No improvement (3/30)
2026-04-23 01:12:08 KST | INFO | 
2026-04-23 01:12:08 KST | INFO | Epoch 65/200 | LR: 0.076792
2026-04-23 01:12:25 KST | INFO |   Train Loss: 0.2833 | Test Loss: 0.3938 | Test Acc: 87.07%
2026-04-23 01:12:25 KST | INFO |   No improvement (4/30)
2026-04-23 01:12:25 KST | INFO | 
2026-04-23 01:12:25 KST | INFO | Epoch 66/200 | LR: 0.076125
2026-04-23 01:12:41 KST | INFO |   Train Loss: 0.2836 | Test Loss: 0.4093 | Test Acc: 87.21%
2026-04-23 01:12:41 KST | INFO |   No improvement (5/30)
2026-04-23 01:12:41 KST | INFO | 
2026-04-23 01:12:41 KST | INFO | Epoch 67/200 | LR: 0.075452
2026-04-23 01:12:56 KST | INFO |   Train Loss: 0.2785 | Test Loss: 0.3655 | Test Acc: 88.06%
2026-04-23 01:12:56 KST | INFO |   No improvement (6/30)
2026-04-23 01:12:56 KST | INFO | 
2026-04-23 01:12:56 KST | INFO | Epoch 68/200 | LR: 0.074773
2026-04-23 01:13:13 KST | INFO |   Train Loss: 0.2803 | Test Loss: 0.3969 | Test Acc: 87.62%
2026-04-23 01:13:13 KST | INFO |   No improvement (7/30)
2026-04-23 01:13:13 KST | INFO | 
2026-04-23 01:13:13 KST | INFO | Epoch 69/200 | LR: 0.074088
2026-04-23 01:13:29 KST | INFO |   Train Loss: 0.2762 | Test Loss: 0.3767 | Test Acc: 87.64%
2026-04-23 01:13:29 KST | INFO |   No improvement (8/30)
2026-04-23 01:13:29 KST | INFO | 
2026-04-23 01:13:29 KST | INFO | Epoch 70/200 | LR: 0.073397
2026-04-23 01:13:44 KST | INFO |   Train Loss: 0.2767 | Test Loss: 0.3675 | Test Acc: 87.76%
2026-04-23 01:13:44 KST | INFO |   No improvement (9/30)
2026-04-23 01:13:44 KST | INFO | 
2026-04-23 01:13:44 KST | INFO | Epoch 71/200 | LR: 0.072700
2026-04-23 01:14:01 KST | INFO |   Train Loss: 0.2760 | Test Loss: 0.3293 | Test Acc: 88.74%
2026-04-23 01:14:01 KST | INFO |   No improvement (10/30)
2026-04-23 01:14:01 KST | INFO | 
2026-04-23 01:14:01 KST | INFO | Epoch 72/200 | LR: 0.071997
2026-04-23 01:14:16 KST | INFO |   Train Loss: 0.2715 | Test Loss: 0.4179 | Test Acc: 87.00%
2026-04-23 01:14:16 KST | INFO |   No improvement (11/30)
2026-04-23 01:14:16 KST | INFO | 
2026-04-23 01:14:16 KST | INFO | Epoch 73/200 | LR: 0.071289
2026-04-23 01:14:32 KST | INFO |   Train Loss: 0.2684 | Test Loss: 0.3390 | Test Acc: 88.46%
2026-04-23 01:14:32 KST | INFO |   No improvement (12/30)
2026-04-23 01:14:32 KST | INFO | 
2026-04-23 01:14:32 KST | INFO | Epoch 74/200 | LR: 0.070576
2026-04-23 01:14:47 KST | INFO |   Train Loss: 0.2617 | Test Loss: 0.3378 | Test Acc: 88.66%
2026-04-23 01:14:47 KST | INFO |   No improvement (13/30)
2026-04-23 01:14:47 KST | INFO | 
2026-04-23 01:14:47 KST | INFO | Epoch 75/200 | LR: 0.069858
2026-04-23 01:15:03 KST | INFO |   Train Loss: 0.2617 | Test Loss: 0.3680 | Test Acc: 87.79%
2026-04-23 01:15:03 KST | INFO |   No improvement (14/30)
2026-04-23 01:15:03 KST | INFO | 
2026-04-23 01:15:03 KST | INFO | Epoch 76/200 | LR: 0.069134
2026-04-23 01:15:19 KST | INFO |   Train Loss: 0.2593 | Test Loss: 0.3802 | Test Acc: 87.85%
2026-04-23 01:15:19 KST | INFO |   No improvement (15/30)
2026-04-23 01:15:19 KST | INFO | 
2026-04-23 01:15:19 KST | INFO | Epoch 77/200 | LR: 0.068407
2026-04-23 01:15:34 KST | INFO |   Train Loss: 0.2623 | Test Loss: 0.3287 | Test Acc: 89.42%
2026-04-23 01:15:34 KST | INFO |   🏆 New best accuracy: 89.42%
2026-04-23 01:15:34 KST | INFO | 
2026-04-23 01:15:34 KST | INFO | Epoch 78/200 | LR: 0.067674
2026-04-23 01:15:51 KST | INFO |   Train Loss: 0.2543 | Test Loss: 0.3722 | Test Acc: 88.35%
2026-04-23 01:15:51 KST | INFO |   No improvement (1/30)
2026-04-23 01:15:51 KST | INFO | 
2026-04-23 01:15:51 KST | INFO | Epoch 79/200 | LR: 0.066937
2026-04-23 01:16:07 KST | INFO |   Train Loss: 0.2554 | Test Loss: 0.3407 | Test Acc: 88.79%
2026-04-23 01:16:07 KST | INFO |   No improvement (2/30)
2026-04-23 01:16:07 KST | INFO | 
2026-04-23 01:16:07 KST | INFO | Epoch 80/200 | LR: 0.066196
2026-04-23 01:16:22 KST | INFO |   Train Loss: 0.2491 | Test Loss: 0.3640 | Test Acc: 87.90%
2026-04-23 01:16:22 KST | INFO |   No improvement (3/30)
2026-04-23 01:16:22 KST | INFO | 
2026-04-23 01:16:22 KST | INFO | Epoch 81/200 | LR: 0.065451
2026-04-23 01:16:38 KST | INFO |   Train Loss: 0.2471 | Test Loss: 0.3110 | Test Acc: 89.35%
2026-04-23 01:16:38 KST | INFO |   No improvement (4/30)
2026-04-23 01:16:38 KST | INFO | 
2026-04-23 01:16:38 KST | INFO | Epoch 82/200 | LR: 0.064702
2026-04-23 01:16:53 KST | INFO |   Train Loss: 0.2431 | Test Loss: 0.3206 | Test Acc: 89.42%
2026-04-23 01:16:53 KST | INFO |   No improvement (5/30)
2026-04-23 01:16:53 KST | INFO | 
2026-04-23 01:16:53 KST | INFO | Epoch 83/200 | LR: 0.063950
2026-04-23 01:17:09 KST | INFO |   Train Loss: 0.2412 | Test Loss: 0.4036 | Test Acc: 86.93%
2026-04-23 01:17:09 KST | INFO |   No improvement (6/30)
2026-04-23 01:17:09 KST | INFO | 
2026-04-23 01:17:09 KST | INFO | Epoch 84/200 | LR: 0.063194
2026-04-23 01:17:24 KST | INFO |   Train Loss: 0.2390 | Test Loss: 0.4015 | Test Acc: 87.10%
2026-04-23 01:17:24 KST | INFO |   No improvement (7/30)
2026-04-23 01:17:24 KST | INFO | 
2026-04-23 01:17:24 KST | INFO | Epoch 85/200 | LR: 0.062435
2026-04-23 01:17:40 KST | INFO |   Train Loss: 0.2408 | Test Loss: 0.3579 | Test Acc: 88.60%
2026-04-23 01:17:40 KST | INFO |   No improvement (8/30)
2026-04-23 01:17:40 KST | INFO | 
2026-04-23 01:17:40 KST | INFO | Epoch 86/200 | LR: 0.061673
2026-04-23 01:17:56 KST | INFO |   Train Loss: 0.2348 | Test Loss: 0.3479 | Test Acc: 88.60%
2026-04-23 01:17:56 KST | INFO |   No improvement (9/30)
2026-04-23 01:17:56 KST | INFO | 
2026-04-23 01:17:56 KST | INFO | Epoch 87/200 | LR: 0.060908
2026-04-23 01:18:12 KST | INFO |   Train Loss: 0.2350 | Test Loss: 0.3456 | Test Acc: 88.72%
2026-04-23 01:18:12 KST | INFO |   No improvement (10/30)
2026-04-23 01:18:12 KST | INFO | 
2026-04-23 01:18:12 KST | INFO | Epoch 88/200 | LR: 0.060140
2026-04-23 01:18:28 KST | INFO |   Train Loss: 0.2284 | Test Loss: 0.3532 | Test Acc: 88.53%
2026-04-23 01:18:28 KST | INFO |   No improvement (11/30)
2026-04-23 01:18:28 KST | INFO | 
2026-04-23 01:18:28 KST | INFO | Epoch 89/200 | LR: 0.059369
2026-04-23 01:18:43 KST | INFO |   Train Loss: 0.2271 | Test Loss: 0.3854 | Test Acc: 87.16%
2026-04-23 01:18:43 KST | INFO |   No improvement (12/30)
2026-04-23 01:18:43 KST | INFO | 
2026-04-23 01:18:43 KST | INFO | Epoch 90/200 | LR: 0.058597
2026-04-23 01:18:59 KST | INFO |   Train Loss: 0.2256 | Test Loss: 0.3389 | Test Acc: 89.01%
2026-04-23 01:18:59 KST | INFO |   No improvement (13/30)
2026-04-23 01:18:59 KST | INFO | 
2026-04-23 01:18:59 KST | INFO | Epoch 91/200 | LR: 0.057822
2026-04-23 01:19:15 KST | INFO |   Train Loss: 0.2218 | Test Loss: 0.3548 | Test Acc: 88.76%
2026-04-23 01:19:15 KST | INFO |   No improvement (14/30)
2026-04-23 01:19:15 KST | INFO | 
2026-04-23 01:19:15 KST | INFO | Epoch 92/200 | LR: 0.057045
2026-04-23 01:19:31 KST | INFO |   Train Loss: 0.2174 | Test Loss: 0.3180 | Test Acc: 89.45%
2026-04-23 01:19:31 KST | INFO |   🏆 New best accuracy: 89.45%
2026-04-23 01:19:31 KST | INFO | 
2026-04-23 01:19:31 KST | INFO | Epoch 93/200 | LR: 0.056267
2026-04-23 01:19:47 KST | INFO |   Train Loss: 0.2152 | Test Loss: 0.3654 | Test Acc: 88.04%
2026-04-23 01:19:47 KST | INFO |   No improvement (1/30)
2026-04-23 01:19:47 KST | INFO | 
2026-04-23 01:19:47 KST | INFO | Epoch 94/200 | LR: 0.055487
2026-04-23 01:20:03 KST | INFO |   Train Loss: 0.2187 | Test Loss: 0.3311 | Test Acc: 89.41%
2026-04-23 01:20:03 KST | INFO |   No improvement (2/30)
2026-04-23 01:20:03 KST | INFO | 
2026-04-23 01:20:03 KST | INFO | Epoch 95/200 | LR: 0.054706
2026-04-23 01:20:18 KST | INFO |   Train Loss: 0.2122 | Test Loss: 0.3695 | Test Acc: 88.57%
2026-04-23 01:20:18 KST | INFO |   No improvement (3/30)
2026-04-23 01:20:18 KST | INFO | 
2026-04-23 01:20:18 KST | INFO | Epoch 96/200 | LR: 0.053923
2026-04-23 01:20:35 KST | INFO |   Train Loss: 0.2088 | Test Loss: 0.3566 | Test Acc: 88.73%
2026-04-23 01:20:35 KST | INFO |   No improvement (4/30)
2026-04-23 01:20:35 KST | INFO | 
2026-04-23 01:20:35 KST | INFO | Epoch 97/200 | LR: 0.053140
2026-04-23 01:20:51 KST | INFO |   Train Loss: 0.2057 | Test Loss: 0.3266 | Test Acc: 89.50%
2026-04-23 01:20:51 KST | INFO |   🏆 New best accuracy: 89.50%
2026-04-23 01:20:51 KST | INFO | 
2026-04-23 01:20:51 KST | INFO | Epoch 98/200 | LR: 0.052356
2026-04-23 01:21:06 KST | INFO |   Train Loss: 0.2053 | Test Loss: 0.3445 | Test Acc: 89.02%
2026-04-23 01:21:06 KST | INFO |   No improvement (1/30)
2026-04-23 01:21:06 KST | INFO | 
2026-04-23 01:21:06 KST | INFO | Epoch 99/200 | LR: 0.051571
2026-04-23 01:21:22 KST | INFO |   Train Loss: 0.2008 | Test Loss: 0.3209 | Test Acc: 90.02%
2026-04-23 01:21:22 KST | INFO |   🏆 New best accuracy: 90.02%
2026-04-23 01:21:22 KST | INFO | 
2026-04-23 01:21:22 KST | INFO | Epoch 100/200 | LR: 0.050786
2026-04-23 01:21:38 KST | INFO |   Train Loss: 0.1967 | Test Loss: 0.3284 | Test Acc: 89.04%
2026-04-23 01:21:38 KST | INFO |   No improvement (1/30)
2026-04-23 01:21:38 KST | INFO | 
2026-04-23 01:21:38 KST | INFO | Epoch 101/200 | LR: 0.050001
2026-04-23 01:21:54 KST | INFO |   Train Loss: 0.1925 | Test Loss: 0.3312 | Test Acc: 89.86%
2026-04-23 01:21:54 KST | INFO |   No improvement (2/30)
2026-04-23 01:21:54 KST | INFO | 
2026-04-23 01:21:54 KST | INFO | Epoch 102/200 | LR: 0.049215
2026-04-23 01:22:10 KST | INFO |   Train Loss: 0.1946 | Test Loss: 0.3430 | Test Acc: 88.88%
2026-04-23 01:22:10 KST | INFO |   No improvement (3/30)
2026-04-23 01:22:10 KST | INFO | 
2026-04-23 01:22:10 KST | INFO | Epoch 103/200 | LR: 0.048430
2026-04-23 01:22:26 KST | INFO |   Train Loss: 0.1927 | Test Loss: 0.3539 | Test Acc: 89.10%
2026-04-23 01:22:26 KST | INFO |   No improvement (4/30)
2026-04-23 01:22:26 KST | INFO | 
2026-04-23 01:22:26 KST | INFO | Epoch 104/200 | LR: 0.047645
2026-04-23 01:22:42 KST | INFO |   Train Loss: 0.1888 | Test Loss: 0.3299 | Test Acc: 89.50%
2026-04-23 01:22:42 KST | INFO |   No improvement (5/30)
2026-04-23 01:22:42 KST | INFO | 
2026-04-23 01:22:42 KST | INFO | Epoch 105/200 | LR: 0.046861
2026-04-23 01:22:58 KST | INFO |   Train Loss: 0.1880 | Test Loss: 0.3266 | Test Acc: 89.41%
2026-04-23 01:22:58 KST | INFO |   No improvement (6/30)
2026-04-23 01:22:58 KST | INFO | 
2026-04-23 01:22:58 KST | INFO | Epoch 106/200 | LR: 0.046078
2026-04-23 01:23:13 KST | INFO |   Train Loss: 0.1824 | Test Loss: 0.3354 | Test Acc: 89.68%
2026-04-23 01:23:13 KST | INFO |   No improvement (7/30)
2026-04-23 01:23:13 KST | INFO | 
2026-04-23 01:23:13 KST | INFO | Epoch 107/200 | LR: 0.045295
2026-04-23 01:23:29 KST | INFO |   Train Loss: 0.1797 | Test Loss: 0.3705 | Test Acc: 88.73%
2026-04-23 01:23:29 KST | INFO |   No improvement (8/30)
2026-04-23 01:23:29 KST | INFO | 
2026-04-23 01:23:29 KST | INFO | Epoch 108/200 | LR: 0.044514
2026-04-23 01:23:45 KST | INFO |   Train Loss: 0.1771 | Test Loss: 0.3166 | Test Acc: 89.68%
2026-04-23 01:23:45 KST | INFO |   No improvement (9/30)
2026-04-23 01:23:45 KST | INFO | 
2026-04-23 01:23:45 KST | INFO | Epoch 109/200 | LR: 0.043734
2026-04-23 01:24:01 KST | INFO |   Train Loss: 0.1770 | Test Loss: 0.3217 | Test Acc: 89.51%
2026-04-23 01:24:01 KST | INFO |   No improvement (10/30)
2026-04-23 01:24:01 KST | INFO | 
2026-04-23 01:24:01 KST | INFO | Epoch 110/200 | LR: 0.042956
2026-04-23 01:24:16 KST | INFO |   Train Loss: 0.1706 | Test Loss: 0.3116 | Test Acc: 90.02%
2026-04-23 01:24:16 KST | INFO |   No improvement (11/30)
2026-04-23 01:24:16 KST | INFO | 
2026-04-23 01:24:16 KST | INFO | Epoch 111/200 | LR: 0.042179
2026-04-23 01:24:32 KST | INFO |   Train Loss: 0.1706 | Test Loss: 0.3794 | Test Acc: 87.84%
2026-04-23 01:24:32 KST | INFO |   No improvement (12/30)
2026-04-23 01:24:32 KST | INFO | 
2026-04-23 01:24:32 KST | INFO | Epoch 112/200 | LR: 0.041404
2026-04-23 01:24:48 KST | INFO |   Train Loss: 0.1651 | Test Loss: 0.3750 | Test Acc: 88.67%
2026-04-23 01:24:48 KST | INFO |   No improvement (13/30)
2026-04-23 01:24:48 KST | INFO | 
2026-04-23 01:24:48 KST | INFO | Epoch 113/200 | LR: 0.040632
2026-04-23 01:25:03 KST | INFO |   Train Loss: 0.1624 | Test Loss: 0.3108 | Test Acc: 89.58%
2026-04-23 01:25:03 KST | INFO |   No improvement (14/30)
2026-04-23 01:25:03 KST | INFO | 
2026-04-23 01:25:03 KST | INFO | Epoch 114/200 | LR: 0.039861
2026-04-23 01:25:19 KST | INFO |   Train Loss: 0.1616 | Test Loss: 0.3371 | Test Acc: 89.27%
2026-04-23 01:25:19 KST | INFO |   No improvement (15/30)
2026-04-23 01:25:19 KST | INFO | 
2026-04-23 01:25:19 KST | INFO | Epoch 115/200 | LR: 0.039093
2026-04-23 01:25:34 KST | INFO |   Train Loss: 0.1574 | Test Loss: 0.2989 | Test Acc: 90.09%
2026-04-23 01:25:34 KST | INFO |   🏆 New best accuracy: 90.09%
2026-04-23 01:25:34 KST | INFO | 
2026-04-23 01:25:34 KST | INFO | Epoch 116/200 | LR: 0.038328
2026-04-23 01:25:50 KST | INFO |   Train Loss: 0.1542 | Test Loss: 0.3495 | Test Acc: 88.94%
2026-04-23 01:25:50 KST | INFO |   No improvement (1/30)
2026-04-23 01:25:50 KST | INFO | 
2026-04-23 01:25:50 KST | INFO | Epoch 117/200 | LR: 0.037566
2026-04-23 01:26:06 KST | INFO |   Train Loss: 0.1527 | Test Loss: 0.3082 | Test Acc: 90.36%
2026-04-23 01:26:06 KST | INFO |   🏆 New best accuracy: 90.36%
2026-04-23 01:26:06 KST | INFO | 
2026-04-23 01:26:06 KST | INFO | Epoch 118/200 | LR: 0.036807
2026-04-23 01:26:22 KST | INFO |   Train Loss: 0.1497 | Test Loss: 0.3205 | Test Acc: 90.18%
2026-04-23 01:26:22 KST | INFO |   No improvement (1/30)
2026-04-23 01:26:22 KST | INFO | 
2026-04-23 01:26:22 KST | INFO | Epoch 119/200 | LR: 0.036051
2026-04-23 01:26:38 KST | INFO |   Train Loss: 0.1477 | Test Loss: 0.3104 | Test Acc: 90.29%
2026-04-23 01:26:38 KST | INFO |   No improvement (2/30)
2026-04-23 01:26:38 KST | INFO | 
2026-04-23 01:26:38 KST | INFO | Epoch 120/200 | LR: 0.035299
2026-04-23 01:26:54 KST | INFO |   Train Loss: 0.1447 | Test Loss: 0.3630 | Test Acc: 89.71%
2026-04-23 01:26:54 KST | INFO |   No improvement (3/30)
2026-04-23 01:26:54 KST | INFO | 
2026-04-23 01:26:54 KST | INFO | Epoch 121/200 | LR: 0.034550
2026-04-23 01:27:09 KST | INFO |   Train Loss: 0.1428 | Test Loss: 0.3243 | Test Acc: 89.93%
2026-04-23 01:27:09 KST | INFO |   No improvement (4/30)
2026-04-23 01:27:09 KST | INFO | 
2026-04-23 01:27:09 KST | INFO | Epoch 122/200 | LR: 0.033805
2026-04-23 01:27:25 KST | INFO |   Train Loss: 0.1378 | Test Loss: 0.3209 | Test Acc: 90.84%
2026-04-23 01:27:25 KST | INFO |   🏆 New best accuracy: 90.84%
2026-04-23 01:27:25 KST | INFO | 
2026-04-23 01:27:25 KST | INFO | Epoch 123/200 | LR: 0.033064
2026-04-23 01:27:42 KST | INFO |   Train Loss: 0.1369 | Test Loss: 0.3428 | Test Acc: 89.89%
2026-04-23 01:27:42 KST | INFO |   No improvement (1/30)
2026-04-23 01:27:42 KST | INFO | 
2026-04-23 01:27:42 KST | INFO | Epoch 124/200 | LR: 0.032327
2026-04-23 01:27:57 KST | INFO |   Train Loss: 0.1306 | Test Loss: 0.3505 | Test Acc: 89.84%
2026-04-23 01:27:57 KST | INFO |   No improvement (2/30)
2026-04-23 01:27:57 KST | INFO | 
2026-04-23 01:27:57 KST | INFO | Epoch 125/200 | LR: 0.031594
2026-04-23 01:28:13 KST | INFO |   Train Loss: 0.1289 | Test Loss: 0.3324 | Test Acc: 89.90%
2026-04-23 01:28:13 KST | INFO |   No improvement (3/30)
2026-04-23 01:28:13 KST | INFO | 
2026-04-23 01:28:13 KST | INFO | Epoch 126/200 | LR: 0.030867
2026-04-23 01:28:30 KST | INFO |   Train Loss: 0.1289 | Test Loss: 0.3004 | Test Acc: 90.42%
2026-04-23 01:28:30 KST | INFO |   No improvement (4/30)
2026-04-23 01:28:30 KST | INFO | 
2026-04-23 01:28:30 KST | INFO | Epoch 127/200 | LR: 0.030143
2026-04-23 01:28:45 KST | INFO |   Train Loss: 0.1242 | Test Loss: 0.3461 | Test Acc: 89.64%
2026-04-23 01:28:45 KST | INFO |   No improvement (5/30)
2026-04-23 01:28:45 KST | INFO | 
2026-04-23 01:28:45 KST | INFO | Epoch 128/200 | LR: 0.029425
2026-04-23 01:29:01 KST | INFO |   Train Loss: 0.1241 | Test Loss: 0.3004 | Test Acc: 91.11%
2026-04-23 01:29:01 KST | INFO |   🏆 New best accuracy: 91.11%
2026-04-23 01:29:01 KST | INFO | 
2026-04-23 01:29:01 KST | INFO | Epoch 129/200 | LR: 0.028712
2026-04-23 01:29:17 KST | INFO |   Train Loss: 0.1196 | Test Loss: 0.3102 | Test Acc: 90.63%
2026-04-23 01:29:17 KST | INFO |   No improvement (1/30)
2026-04-23 01:29:17 KST | INFO | 
2026-04-23 01:29:17 KST | INFO | Epoch 130/200 | LR: 0.028004
2026-04-23 01:29:33 KST | INFO |   Train Loss: 0.1168 | Test Loss: 0.3412 | Test Acc: 90.24%
2026-04-23 01:29:33 KST | INFO |   No improvement (2/30)
2026-04-23 01:29:33 KST | INFO | 
2026-04-23 01:29:33 KST | INFO | Epoch 131/200 | LR: 0.027301
2026-04-23 01:29:49 KST | INFO |   Train Loss: 0.1163 | Test Loss: 0.3601 | Test Acc: 89.18%
2026-04-23 01:29:49 KST | INFO |   No improvement (3/30)
2026-04-23 01:29:49 KST | INFO | 
2026-04-23 01:29:49 KST | INFO | Epoch 132/200 | LR: 0.026604
2026-04-23 01:30:04 KST | INFO |   Train Loss: 0.1103 | Test Loss: 0.3194 | Test Acc: 90.32%
2026-04-23 01:30:04 KST | INFO |   No improvement (4/30)
2026-04-23 01:30:04 KST | INFO | 
2026-04-23 01:30:04 KST | INFO | Epoch 133/200 | LR: 0.025913
2026-04-23 01:30:20 KST | INFO |   Train Loss: 0.1101 | Test Loss: 0.3059 | Test Acc: 90.52%
2026-04-23 01:30:20 KST | INFO |   No improvement (5/30)
2026-04-23 01:30:20 KST | INFO | 
2026-04-23 01:30:20 KST | INFO | Epoch 134/200 | LR: 0.025228
2026-04-23 01:30:36 KST | INFO |   Train Loss: 0.1077 | Test Loss: 0.3192 | Test Acc: 90.46%
2026-04-23 01:30:36 KST | INFO |   No improvement (6/30)
2026-04-23 01:30:36 KST | INFO | 
2026-04-23 01:30:36 KST | INFO | Epoch 135/200 | LR: 0.024549
2026-04-23 01:30:51 KST | INFO |   Train Loss: 0.1046 | Test Loss: 0.3336 | Test Acc: 90.18%
2026-04-23 01:30:51 KST | INFO |   No improvement (7/30)
2026-04-23 01:30:51 KST | INFO | 
2026-04-23 01:30:51 KST | INFO | Epoch 136/200 | LR: 0.023876
2026-04-23 01:31:08 KST | INFO |   Train Loss: 0.1017 | Test Loss: 0.3442 | Test Acc: 89.76%
2026-04-23 01:31:08 KST | INFO |   No improvement (8/30)
2026-04-23 01:31:08 KST | INFO | 
2026-04-23 01:31:08 KST | INFO | Epoch 137/200 | LR: 0.023209
2026-04-23 01:31:24 KST | INFO |   Train Loss: 0.0991 | Test Loss: 0.3301 | Test Acc: 90.41%
2026-04-23 01:31:24 KST | INFO |   No improvement (9/30)
2026-04-23 01:31:24 KST | INFO | 
2026-04-23 01:31:24 KST | INFO | Epoch 138/200 | LR: 0.022550
2026-04-23 01:31:39 KST | INFO |   Train Loss: 0.0978 | Test Loss: 0.3094 | Test Acc: 91.11%
2026-04-23 01:31:39 KST | INFO |   No improvement (10/30)
2026-04-23 01:31:39 KST | INFO | 
2026-04-23 01:31:39 KST | INFO | Epoch 139/200 | LR: 0.021897
2026-04-23 01:31:55 KST | INFO |   Train Loss: 0.0935 | Test Loss: 0.3045 | Test Acc: 90.90%
2026-04-23 01:31:55 KST | INFO |   No improvement (11/30)
2026-04-23 01:31:55 KST | INFO | 
2026-04-23 01:31:55 KST | INFO | Epoch 140/200 | LR: 0.021251
2026-04-23 01:32:10 KST | INFO |   Train Loss: 0.0907 | Test Loss: 0.3335 | Test Acc: 90.41%
2026-04-23 01:32:10 KST | INFO |   No improvement (12/30)
2026-04-23 01:32:10 KST | INFO | 
2026-04-23 01:32:10 KST | INFO | Epoch 141/200 | LR: 0.020612
2026-04-23 01:32:26 KST | INFO |   Train Loss: 0.0887 | Test Loss: 0.3115 | Test Acc: 90.89%
2026-04-23 01:32:26 KST | INFO |   No improvement (13/30)
2026-04-23 01:32:26 KST | INFO | 
2026-04-23 01:32:26 KST | INFO | Epoch 142/200 | LR: 0.019980
2026-04-23 01:32:42 KST | INFO |   Train Loss: 0.0897 | Test Loss: 0.3199 | Test Acc: 90.97%
2026-04-23 01:32:42 KST | INFO |   No improvement (14/30)
2026-04-23 01:32:42 KST | INFO | 
2026-04-23 01:32:42 KST | INFO | Epoch 143/200 | LR: 0.019355
2026-04-23 01:32:58 KST | INFO |   Train Loss: 0.0840 | Test Loss: 0.3020 | Test Acc: 91.26%
2026-04-23 01:32:58 KST | INFO |   🏆 New best accuracy: 91.26%
2026-04-23 01:32:58 KST | INFO | 
2026-04-23 01:32:58 KST | INFO | Epoch 144/200 | LR: 0.018739
2026-04-23 01:33:13 KST | INFO |   Train Loss: 0.0814 | Test Loss: 0.3130 | Test Acc: 91.09%
2026-04-23 01:33:13 KST | INFO |   No improvement (1/30)
2026-04-23 01:33:13 KST | INFO | 
2026-04-23 01:33:13 KST | INFO | Epoch 145/200 | LR: 0.018130
2026-04-23 01:33:29 KST | INFO |   Train Loss: 0.0794 | Test Loss: 0.3010 | Test Acc: 91.18%
2026-04-23 01:33:29 KST | INFO |   No improvement (2/30)
2026-04-23 01:33:29 KST | INFO | 
2026-04-23 01:33:29 KST | INFO | Epoch 146/200 | LR: 0.017528
2026-04-23 01:33:45 KST | INFO |   Train Loss: 0.0769 | Test Loss: 0.3248 | Test Acc: 90.72%
2026-04-23 01:33:45 KST | INFO |   No improvement (3/30)
2026-04-23 01:33:45 KST | INFO | 
2026-04-23 01:33:45 KST | INFO | Epoch 147/200 | LR: 0.016935
2026-04-23 01:34:00 KST | INFO |   Train Loss: 0.0733 | Test Loss: 0.3146 | Test Acc: 91.11%
2026-04-23 01:34:00 KST | INFO |   No improvement (4/30)
2026-04-23 01:34:00 KST | INFO | 
2026-04-23 01:34:00 KST | INFO | Epoch 148/200 | LR: 0.016350
2026-04-23 01:34:16 KST | INFO |   Train Loss: 0.0704 | Test Loss: 0.2990 | Test Acc: 91.19%
2026-04-23 01:34:16 KST | INFO |   No improvement (5/30)
2026-04-23 01:34:16 KST | INFO | 
2026-04-23 01:34:16 KST | INFO | Epoch 149/200 | LR: 0.015773
2026-04-23 01:34:32 KST | INFO |   Train Loss: 0.0679 | Test Loss: 0.3119 | Test Acc: 91.13%
2026-04-23 01:34:32 KST | INFO |   No improvement (6/30)
2026-04-23 01:34:32 KST | INFO | 
2026-04-23 01:34:32 KST | INFO | Epoch 150/200 | LR: 0.015205
2026-04-23 01:34:48 KST | INFO |   Train Loss: 0.0664 | Test Loss: 0.3306 | Test Acc: 90.97%
2026-04-23 01:34:48 KST | INFO |   No improvement (7/30)
2026-04-23 01:34:48 KST | INFO | 
2026-04-23 01:34:48 KST | INFO | Epoch 151/200 | LR: 0.014646
2026-04-23 01:35:04 KST | INFO |   Train Loss: 0.0672 | Test Loss: 0.3277 | Test Acc: 91.11%
2026-04-23 01:35:04 KST | INFO |   No improvement (8/30)
2026-04-23 01:35:04 KST | INFO | 
2026-04-23 01:35:04 KST | INFO | Epoch 152/200 | LR: 0.014095
2026-04-23 01:35:19 KST | INFO |   Train Loss: 0.0654 | Test Loss: 0.3249 | Test Acc: 90.90%
2026-04-23 01:35:19 KST | INFO |   No improvement (9/30)
2026-04-23 01:35:19 KST | INFO | 
2026-04-23 01:35:19 KST | INFO | Epoch 153/200 | LR: 0.013552
2026-04-23 01:35:35 KST | INFO |   Train Loss: 0.0614 | Test Loss: 0.3322 | Test Acc: 90.89%
2026-04-23 01:35:35 KST | INFO |   No improvement (10/30)
2026-04-23 01:35:35 KST | INFO | 
2026-04-23 01:35:35 KST | INFO | Epoch 154/200 | LR: 0.013019
2026-04-23 01:35:51 KST | INFO |   Train Loss: 0.0603 | Test Loss: 0.3379 | Test Acc: 90.45%
2026-04-23 01:35:51 KST | INFO |   No improvement (11/30)
2026-04-23 01:35:51 KST | INFO | 
2026-04-23 01:35:51 KST | INFO | Epoch 155/200 | LR: 0.012495
2026-04-23 01:36:07 KST | INFO |   Train Loss: 0.0576 | Test Loss: 0.3303 | Test Acc: 90.95%
2026-04-23 01:36:07 KST | INFO |   No improvement (12/30)
2026-04-23 01:36:07 KST | INFO | 
2026-04-23 01:36:07 KST | INFO | Epoch 156/200 | LR: 0.011981
2026-04-23 01:36:23 KST | INFO |   Train Loss: 0.0549 | Test Loss: 0.2996 | Test Acc: 91.57%
2026-04-23 01:36:23 KST | INFO |   🏆 New best accuracy: 91.57%
2026-04-23 01:36:23 KST | INFO | 
2026-04-23 01:36:23 KST | INFO | Epoch 157/200 | LR: 0.011475
2026-04-23 01:36:39 KST | INFO |   Train Loss: 0.0522 | Test Loss: 0.3175 | Test Acc: 91.10%
2026-04-23 01:36:39 KST | INFO |   No improvement (1/30)
2026-04-23 01:36:39 KST | INFO | 
2026-04-23 01:36:39 KST | INFO | Epoch 158/200 | LR: 0.010979
2026-04-23 01:36:55 KST | INFO |   Train Loss: 0.0515 | Test Loss: 0.3509 | Test Acc: 90.59%
2026-04-23 01:36:55 KST | INFO |   No improvement (2/30)
2026-04-23 01:36:55 KST | INFO | 
2026-04-23 01:36:55 KST | INFO | Epoch 159/200 | LR: 0.010493
2026-04-23 01:37:11 KST | INFO |   Train Loss: 0.0502 | Test Loss: 0.3197 | Test Acc: 91.38%
2026-04-23 01:37:11 KST | INFO |   No improvement (3/30)
2026-04-23 01:37:11 KST | INFO | 
2026-04-23 01:37:11 KST | INFO | Epoch 160/200 | LR: 0.010017
2026-04-23 01:37:27 KST | INFO |   Train Loss: 0.0484 | Test Loss: 0.3200 | Test Acc: 91.12%
2026-04-23 01:37:27 KST | INFO |   No improvement (4/30)
2026-04-23 01:37:27 KST | INFO | 
2026-04-23 01:37:27 KST | INFO | Epoch 161/200 | LR: 0.009550
2026-04-23 01:37:43 KST | INFO |   Train Loss: 0.0452 | Test Loss: 0.3331 | Test Acc: 91.36%
2026-04-23 01:37:43 KST | INFO |   No improvement (5/30)
2026-04-23 01:37:43 KST | INFO | 
2026-04-23 01:37:43 KST | INFO | Epoch 162/200 | LR: 0.009093
2026-04-23 01:37:58 KST | INFO |   Train Loss: 0.0439 | Test Loss: 0.3389 | Test Acc: 91.31%
2026-04-23 01:37:58 KST | INFO |   No improvement (6/30)
2026-04-23 01:37:58 KST | INFO | 
2026-04-23 01:37:58 KST | INFO | Epoch 163/200 | LR: 0.008647
2026-04-23 01:38:14 KST | INFO |   Train Loss: 0.0425 | Test Loss: 0.3289 | Test Acc: 91.26%
2026-04-23 01:38:14 KST | INFO |   No improvement (7/30)
2026-04-23 01:38:14 KST | INFO | 
2026-04-23 01:38:14 KST | INFO | Epoch 164/200 | LR: 0.008211
2026-04-23 01:38:30 KST | INFO |   Train Loss: 0.0403 | Test Loss: 0.3443 | Test Acc: 91.06%
2026-04-23 01:38:30 KST | INFO |   No improvement (8/30)
2026-04-23 01:38:30 KST | INFO | 
2026-04-23 01:38:30 KST | INFO | Epoch 165/200 | LR: 0.007785
2026-04-23 01:38:46 KST | INFO |   Train Loss: 0.0400 | Test Loss: 0.3205 | Test Acc: 91.34%
2026-04-23 01:38:46 KST | INFO |   No improvement (9/30)
2026-04-23 01:38:46 KST | INFO | 
2026-04-23 01:38:46 KST | INFO | Epoch 166/200 | LR: 0.007369
2026-04-23 01:39:01 KST | INFO |   Train Loss: 0.0367 | Test Loss: 0.3243 | Test Acc: 91.26%
2026-04-23 01:39:01 KST | INFO |   No improvement (10/30)
2026-04-23 01:39:01 KST | INFO | 
2026-04-23 01:39:01 KST | INFO | Epoch 167/200 | LR: 0.006964
2026-04-23 01:39:17 KST | INFO |   Train Loss: 0.0358 | Test Loss: 0.3258 | Test Acc: 91.59%
2026-04-23 01:39:17 KST | INFO |   🏆 New best accuracy: 91.59%
2026-04-23 01:39:17 KST | INFO | 
2026-04-23 01:39:17 KST | INFO | Epoch 168/200 | LR: 0.006569
2026-04-23 01:39:33 KST | INFO |   Train Loss: 0.0346 | Test Loss: 0.3311 | Test Acc: 91.35%
2026-04-23 01:39:33 KST | INFO |   No improvement (1/30)
2026-04-23 01:39:33 KST | INFO | 
2026-04-23 01:39:33 KST | INFO | Epoch 169/200 | LR: 0.006186
2026-04-23 01:39:49 KST | INFO |   Train Loss: 0.0334 | Test Loss: 0.3166 | Test Acc: 91.50%
2026-04-23 01:39:49 KST | INFO |   No improvement (2/30)
2026-04-23 01:39:49 KST | INFO | 
2026-04-23 01:39:49 KST | INFO | Epoch 170/200 | LR: 0.005813
2026-04-23 01:40:05 KST | INFO |   Train Loss: 0.0323 | Test Loss: 0.3110 | Test Acc: 91.57%
2026-04-23 01:40:05 KST | INFO |   No improvement (3/30)
2026-04-23 01:40:05 KST | INFO | 
2026-04-23 01:40:05 KST | INFO | Epoch 171/200 | LR: 0.005451
2026-04-23 01:40:21 KST | INFO |   Train Loss: 0.0297 | Test Loss: 0.3408 | Test Acc: 91.34%
2026-04-23 01:40:21 KST | INFO |   No improvement (4/30)
2026-04-23 01:40:21 KST | INFO | 
2026-04-23 01:40:21 KST | INFO | Epoch 172/200 | LR: 0.005100
2026-04-23 01:40:37 KST | INFO |   Train Loss: 0.0284 | Test Loss: 0.3299 | Test Acc: 91.48%
2026-04-23 01:40:37 KST | INFO |   No improvement (5/30)
2026-04-23 01:40:37 KST | INFO | 
2026-04-23 01:40:37 KST | INFO | Epoch 173/200 | LR: 0.004760
2026-04-23 01:40:53 KST | INFO |   Train Loss: 0.0260 | Test Loss: 0.3244 | Test Acc: 91.62%
2026-04-23 01:40:53 KST | INFO |   🏆 New best accuracy: 91.62%
2026-04-23 01:40:53 KST | INFO | 
2026-04-23 01:40:53 KST | INFO | Epoch 174/200 | LR: 0.004431
2026-04-23 01:41:09 KST | INFO |   Train Loss: 0.0265 | Test Loss: 0.3318 | Test Acc: 91.65%
2026-04-23 01:41:09 KST | INFO |   🏆 New best accuracy: 91.65%
2026-04-23 01:41:09 KST | INFO | 
2026-04-23 01:41:09 KST | INFO | Epoch 175/200 | LR: 0.004113
2026-04-23 01:41:25 KST | INFO |   Train Loss: 0.0254 | Test Loss: 0.3259 | Test Acc: 91.85%
2026-04-23 01:41:25 KST | INFO |   🏆 New best accuracy: 91.85%
2026-04-23 01:41:25 KST | INFO | 
2026-04-23 01:41:25 KST | INFO | Epoch 176/200 | LR: 0.003807
2026-04-23 01:41:41 KST | INFO |   Train Loss: 0.0238 | Test Loss: 0.3303 | Test Acc: 91.41%
2026-04-23 01:41:41 KST | INFO |   No improvement (1/30)
2026-04-23 01:41:41 KST | INFO | 
2026-04-23 01:41:41 KST | INFO | Epoch 177/200 | LR: 0.003512
2026-04-23 01:41:57 KST | INFO |   Train Loss: 0.0227 | Test Loss: 0.3404 | Test Acc: 91.21%
2026-04-23 01:41:57 KST | INFO |   No improvement (2/30)
2026-04-23 01:41:57 KST | INFO | 
2026-04-23 01:41:57 KST | INFO | Epoch 178/200 | LR: 0.003229
2026-04-23 01:42:13 KST | INFO |   Train Loss: 0.0213 | Test Loss: 0.3343 | Test Acc: 91.54%
2026-04-23 01:42:13 KST | INFO |   No improvement (3/30)
2026-04-23 01:42:13 KST | INFO | 
2026-04-23 01:42:13 KST | INFO | Epoch 179/200 | LR: 0.002957
2026-04-23 01:42:29 KST | INFO |   Train Loss: 0.0208 | Test Loss: 0.3260 | Test Acc: 91.81%
2026-04-23 01:42:29 KST | INFO |   No improvement (4/30)
2026-04-23 01:42:29 KST | INFO | 
2026-04-23 01:42:29 KST | INFO | Epoch 180/200 | LR: 0.002697
2026-04-23 01:42:44 KST | INFO |   Train Loss: 0.0194 | Test Loss: 0.3282 | Test Acc: 91.76%
2026-04-23 01:42:44 KST | INFO |   No improvement (5/30)
2026-04-23 01:42:44 KST | INFO | 
2026-04-23 01:42:44 KST | INFO | Epoch 181/200 | LR: 0.002448
2026-04-23 01:43:00 KST | INFO |   Train Loss: 0.0188 | Test Loss: 0.3324 | Test Acc: 91.75%
2026-04-23 01:43:00 KST | INFO |   No improvement (6/30)
2026-04-23 01:43:00 KST | INFO | 
2026-04-23 01:43:00 KST | INFO | Epoch 182/200 | LR: 0.002211
2026-04-23 01:43:16 KST | INFO |   Train Loss: 0.0187 | Test Loss: 0.3343 | Test Acc: 91.80%
2026-04-23 01:43:16 KST | INFO |   No improvement (7/30)
2026-04-23 01:43:16 KST | INFO | 
2026-04-23 01:43:16 KST | INFO | Epoch 183/200 | LR: 0.001986
2026-04-23 01:43:32 KST | INFO |   Train Loss: 0.0167 | Test Loss: 0.3371 | Test Acc: 91.83%
2026-04-23 01:43:32 KST | INFO |   No improvement (8/30)
2026-04-23 01:43:32 KST | INFO | 
2026-04-23 01:43:32 KST | INFO | Epoch 184/200 | LR: 0.001773
2026-04-23 01:43:48 KST | INFO |   Train Loss: 0.0157 | Test Loss: 0.3331 | Test Acc: 91.77%
2026-04-23 01:43:48 KST | INFO |   No improvement (9/30)
2026-04-23 01:43:48 KST | INFO | 
2026-04-23 01:43:48 KST | INFO | Epoch 185/200 | LR: 0.001572
2026-04-23 01:44:04 KST | INFO |   Train Loss: 0.0163 | Test Loss: 0.3334 | Test Acc: 91.71%
2026-04-23 01:44:04 KST | INFO |   No improvement (10/30)
2026-04-23 01:44:04 KST | INFO | 
2026-04-23 01:44:04 KST | INFO | Epoch 186/200 | LR: 0.001382
2026-04-23 01:44:19 KST | INFO |   Train Loss: 0.0153 | Test Loss: 0.3380 | Test Acc: 91.83%
2026-04-23 01:44:19 KST | INFO |   No improvement (11/30)
2026-04-23 01:44:19 KST | INFO | 
2026-04-23 01:44:19 KST | INFO | Epoch 187/200 | LR: 0.001205
2026-04-23 01:44:36 KST | INFO |   Train Loss: 0.0138 | Test Loss: 0.3368 | Test Acc: 91.79%
2026-04-23 01:44:36 KST | INFO |   No improvement (12/30)
2026-04-23 01:44:36 KST | INFO | 
2026-04-23 01:44:36 KST | INFO | Epoch 188/200 | LR: 0.001040
2026-04-23 01:44:52 KST | INFO |   Train Loss: 0.0142 | Test Loss: 0.3431 | Test Acc: 91.73%
2026-04-23 01:44:52 KST | INFO |   No improvement (13/30)
2026-04-23 01:44:52 KST | INFO | 
2026-04-23 01:44:52 KST | INFO | Epoch 189/200 | LR: 0.000887
2026-04-23 01:45:07 KST | INFO |   Train Loss: 0.0141 | Test Loss: 0.3352 | Test Acc: 91.81%
2026-04-23 01:45:07 KST | INFO |   No improvement (14/30)
2026-04-23 01:45:07 KST | INFO | 
2026-04-23 01:45:07 KST | INFO | Epoch 190/200 | LR: 0.000746
2026-04-23 01:45:24 KST | INFO |   Train Loss: 0.0135 | Test Loss: 0.3339 | Test Acc: 91.85%
2026-04-23 01:45:24 KST | INFO |   No improvement (15/30)
2026-04-23 01:45:24 KST | INFO | 
2026-04-23 01:45:24 KST | INFO | Epoch 191/200 | LR: 0.000617
2026-04-23 01:45:40 KST | INFO |   Train Loss: 0.0133 | Test Loss: 0.3336 | Test Acc: 91.85%
2026-04-23 01:45:40 KST | INFO |   No improvement (16/30)
2026-04-23 01:45:40 KST | INFO | 
2026-04-23 01:45:40 KST | INFO | Epoch 192/200 | LR: 0.000500
2026-04-23 01:45:55 KST | INFO |   Train Loss: 0.0130 | Test Loss: 0.3390 | Test Acc: 91.84%
2026-04-23 01:45:55 KST | INFO |   No improvement (17/30)
2026-04-23 01:45:55 KST | INFO | 
2026-04-23 01:45:55 KST | INFO | Epoch 193/200 | LR: 0.000395
2026-04-23 01:46:11 KST | INFO |   Train Loss: 0.0124 | Test Loss: 0.3374 | Test Acc: 91.94%
2026-04-23 01:46:11 KST | INFO |   🏆 New best accuracy: 91.94%
2026-04-23 01:46:11 KST | INFO | 
2026-04-23 01:46:11 KST | INFO | Epoch 194/200 | LR: 0.000303
2026-04-23 01:46:27 KST | INFO |   Train Loss: 0.0117 | Test Loss: 0.3426 | Test Acc: 91.83%
2026-04-23 01:46:27 KST | INFO |   No improvement (1/30)
2026-04-23 01:46:27 KST | INFO | 
2026-04-23 01:46:27 KST | INFO | Epoch 195/200 | LR: 0.000223
2026-04-23 01:46:43 KST | INFO |   Train Loss: 0.0116 | Test Loss: 0.3418 | Test Acc: 91.78%
2026-04-23 01:46:43 KST | INFO |   No improvement (2/30)
2026-04-23 01:46:43 KST | INFO | 
2026-04-23 01:46:43 KST | INFO | Epoch 196/200 | LR: 0.000155
2026-04-23 01:46:59 KST | INFO |   Train Loss: 0.0123 | Test Loss: 0.3408 | Test Acc: 91.74%
2026-04-23 01:46:59 KST | INFO |   No improvement (3/30)
2026-04-23 01:46:59 KST | INFO | 
2026-04-23 01:46:59 KST | INFO | Epoch 197/200 | LR: 0.000100
2026-04-23 01:47:15 KST | INFO |   Train Loss: 0.0124 | Test Loss: 0.3427 | Test Acc: 91.86%
2026-04-23 01:47:15 KST | INFO |   No improvement (4/30)
2026-04-23 01:47:15 KST | INFO | 
2026-04-23 01:47:15 KST | INFO | Epoch 198/200 | LR: 0.000057
2026-04-23 01:47:30 KST | INFO |   Train Loss: 0.0114 | Test Loss: 0.3394 | Test Acc: 91.87%
2026-04-23 01:47:30 KST | INFO |   No improvement (5/30)
2026-04-23 01:47:30 KST | INFO | 
2026-04-23 01:47:30 KST | INFO | Epoch 199/200 | LR: 0.000026
2026-04-23 01:47:47 KST | INFO |   Train Loss: 0.0114 | Test Loss: 0.3401 | Test Acc: 91.89%
2026-04-23 01:47:47 KST | INFO |   No improvement (6/30)
2026-04-23 01:47:47 KST | INFO | 
2026-04-23 01:47:47 KST | INFO | Epoch 200/200 | LR: 0.000007
2026-04-23 01:48:03 KST | INFO |   Train Loss: 0.0110 | Test Loss: 0.3399 | Test Acc: 91.87%
2026-04-23 01:48:03 KST | INFO |   No improvement (7/30)
2026-04-23 01:48:03 KST | INFO | 
2026-04-23 01:48:03 KST | INFO | ================================================================================
2026-04-23 01:48:03 KST | INFO | TRAINING COMPLETE
2026-04-23 01:48:03 KST | INFO | ================================================================================
2026-04-23 01:48:03 KST | INFO | Best accuracy:  91.94% (Epoch 193)
2026-04-23 01:48:03 KST | INFO | Final accuracy: 91.87%
2026-04-23 01:48:03 KST | INFO | ================================================================================
2026-04-23 01:48:03 KST | INFO | 
2026-04-23 01:48:03 KST | INFO | Full log: logs/centralized_20260423_005509.log
2026-04-23 01:48:03 KST | INFO | ================================================================================
