2026-04-22 23:59:06 KST | INFO | ================================================================================
2026-04-22 23:59:06 KST | INFO | TL++ Centralized Baseline
2026-04-22 23:59:06 KST | INFO | ================================================================================
2026-04-22 23:59:06 KST | INFO | Log file: logs/centralized_20260422_235906.log
2026-04-22 23:59:06 KST | INFO | 
2026-04-22 23:59:06 KST | INFO | Device: cuda
2026-04-22 23:59:06 KST | INFO | 
2026-04-22 23:59:06 KST | INFO | --------------------------------------------------------------------------------
2026-04-22 23:59:06 KST | INFO | CONFIGURATION
2026-04-22 23:59:06 KST | INFO | --------------------------------------------------------------------------------
2026-04-22 23:59:06 KST | INFO | Classes:          10
2026-04-22 23:59:06 KST | INFO | Batch size:       128
2026-04-22 23:59:06 KST | INFO | Learning rate:    0.1
2026-04-22 23:59:06 KST | INFO | Scheduler:        cosine
2026-04-22 23:59:06 KST | INFO | 
2026-04-22 23:59:06 KST | INFO | --------------------------------------------------------------------------------
2026-04-22 23:59:06 KST | INFO | DATA LOADING
2026-04-22 23:59:06 KST | INFO | --------------------------------------------------------------------------------
2026-04-22 23:59:07 KST | INFO | Training samples:   50,000
2026-04-22 23:59:07 KST | INFO | Test samples:       10,000
2026-04-22 23:59:07 KST | INFO | Training batches:   391
2026-04-22 23:59:07 KST | INFO | Test batches:       40
2026-04-22 23:59:07 KST | INFO | 
2026-04-22 23:59:07 KST | INFO | --------------------------------------------------------------------------------
2026-04-22 23:59:07 KST | INFO | MODEL INITIALIZATION
2026-04-22 23:59:07 KST | INFO | --------------------------------------------------------------------------------
2026-04-22 23:59:08 KST | INFO | Total parameters:     3,248,202
2026-04-22 23:59:08 KST | INFO | Trainable parameters: 3,248,202
2026-04-22 23:59:08 KST | INFO | 
2026-04-22 23:59:08 KST | INFO | --------------------------------------------------------------------------------
2026-04-22 23:59:08 KST | INFO | OPTIMIZER & SCHEDULER
2026-04-22 23:59:08 KST | INFO | --------------------------------------------------------------------------------
2026-04-22 23:59:08 KST | INFO | Optimizer:        SGD (lr=0.1, momentum=0.9)
2026-04-22 23:59:08 KST | INFO | Scheduler:        cosine
2026-04-22 23:59:08 KST | INFO | Gradient clip:    1.0
2026-04-22 23:59:08 KST | INFO | 
2026-04-22 23:59:08 KST | INFO | --------------------------------------------------------------------------------
2026-04-22 23:59:08 KST | INFO | TRAINING
2026-04-22 23:59:08 KST | INFO | --------------------------------------------------------------------------------
2026-04-22 23:59:08 KST | INFO | 
2026-04-22 23:59:08 KST | INFO | Epoch 1/200 | LR: 0.100000
2026-04-22 23:59:25 KST | INFO |   Train Loss: 1.6846 | Test Loss: 1.2783 | Test Acc: 53.75%
2026-04-22 23:59:25 KST | INFO |   🏆 New best accuracy: 53.75%
2026-04-22 23:59:25 KST | INFO | 
2026-04-22 23:59:25 KST | INFO | Epoch 2/200 | LR: 0.099994
2026-04-22 23:59:42 KST | INFO |   Train Loss: 1.1770 | Test Loss: 0.9897 | Test Acc: 65.35%
2026-04-22 23:59:42 KST | INFO |   🏆 New best accuracy: 65.35%
2026-04-22 23:59:42 KST | INFO | 
2026-04-22 23:59:42 KST | INFO | Epoch 3/200 | LR: 0.099975
2026-04-22 23:59:58 KST | INFO |   Train Loss: 0.9245 | Test Loss: 0.7390 | Test Acc: 74.80%
2026-04-22 23:59:58 KST | INFO |   🏆 New best accuracy: 74.80%
2026-04-22 23:59:58 KST | INFO | 
2026-04-22 23:59:58 KST | INFO | Epoch 4/200 | LR: 0.099944
2026-04-23 00:00:15 KST | INFO |   Train Loss: 0.7936 | Test Loss: 0.6528 | Test Acc: 77.66%
2026-04-23 00:00:15 KST | INFO |   🏆 New best accuracy: 77.66%
2026-04-23 00:00:15 KST | INFO | 
2026-04-23 00:00:15 KST | INFO | Epoch 5/200 | LR: 0.099901
2026-04-23 00:00:31 KST | INFO |   Train Loss: 0.7058 | Test Loss: 0.6290 | Test Acc: 78.43%
2026-04-23 00:00:31 KST | INFO |   🏆 New best accuracy: 78.43%
2026-04-23 00:00:31 KST | INFO | 
2026-04-23 00:00:31 KST | INFO | Epoch 6/200 | LR: 0.099846
2026-04-23 00:00:48 KST | INFO |   Train Loss: 0.6531 | Test Loss: 0.6184 | Test Acc: 79.31%
2026-04-23 00:00:48 KST | INFO |   🏆 New best accuracy: 79.31%
2026-04-23 00:00:48 KST | INFO | 
2026-04-23 00:00:48 KST | INFO | Epoch 7/200 | LR: 0.099778
2026-04-23 00:01:04 KST | INFO |   Train Loss: 0.6152 | Test Loss: 0.5318 | Test Acc: 81.90%
2026-04-23 00:01:04 KST | INFO |   🏆 New best accuracy: 81.90%
2026-04-23 00:01:04 KST | INFO | 
2026-04-23 00:01:04 KST | INFO | Epoch 8/200 | LR: 0.099698
2026-04-23 00:01:21 KST | INFO |   Train Loss: 0.5798 | Test Loss: 0.5891 | Test Acc: 79.91%
2026-04-23 00:01:21 KST | INFO |   No improvement (1/30)
2026-04-23 00:01:21 KST | INFO | 
2026-04-23 00:01:21 KST | INFO | Epoch 9/200 | LR: 0.099606
2026-04-23 00:01:37 KST | INFO |   Train Loss: 0.5507 | Test Loss: 0.5832 | Test Acc: 80.06%
2026-04-23 00:01:37 KST | INFO |   No improvement (2/30)
2026-04-23 00:01:37 KST | INFO | 
2026-04-23 00:01:37 KST | INFO | Epoch 10/200 | LR: 0.099501
2026-04-23 00:01:54 KST | INFO |   Train Loss: 0.5311 | Test Loss: 0.5215 | Test Acc: 82.42%
2026-04-23 00:01:54 KST | INFO |   🏆 New best accuracy: 82.42%
2026-04-23 00:01:54 KST | INFO | 
2026-04-23 00:01:54 KST | INFO | Epoch 11/200 | LR: 0.099384
2026-04-23 00:02:11 KST | INFO |   Train Loss: 0.5155 | Test Loss: 0.4947 | Test Acc: 83.67%
2026-04-23 00:02:11 KST | INFO |   🏆 New best accuracy: 83.67%
2026-04-23 00:02:11 KST | INFO | 
2026-04-23 00:02:11 KST | INFO | Epoch 12/200 | LR: 0.099255
2026-04-23 00:02:28 KST | INFO |   Train Loss: 0.4950 | Test Loss: 0.5952 | Test Acc: 79.93%
2026-04-23 00:02:28 KST | INFO |   No improvement (1/30)
2026-04-23 00:02:28 KST | INFO | 
2026-04-23 00:02:28 KST | INFO | Epoch 13/200 | LR: 0.099114
2026-04-23 00:02:45 KST | INFO |   Train Loss: 0.4810 | Test Loss: 0.5169 | Test Acc: 82.90%
2026-04-23 00:02:45 KST | INFO |   No improvement (2/30)
2026-04-23 00:02:45 KST | INFO | 
2026-04-23 00:02:45 KST | INFO | Epoch 14/200 | LR: 0.098961
2026-04-23 00:03:01 KST | INFO |   Train Loss: 0.4682 | Test Loss: 0.7251 | Test Acc: 78.73%
2026-04-23 00:03:01 KST | INFO |   No improvement (3/30)
2026-04-23 00:03:01 KST | INFO | 
2026-04-23 00:03:01 KST | INFO | Epoch 15/200 | LR: 0.098796
2026-04-23 00:03:18 KST | INFO |   Train Loss: 0.4684 | Test Loss: 0.5386 | Test Acc: 82.54%
2026-04-23 00:03:18 KST | INFO |   No improvement (4/30)
2026-04-23 00:03:18 KST | INFO | 
2026-04-23 00:03:18 KST | INFO | Epoch 16/200 | LR: 0.098619
2026-04-23 00:03:35 KST | INFO |   Train Loss: 0.4504 | Test Loss: 0.4549 | Test Acc: 85.16%
2026-04-23 00:03:35 KST | INFO |   🏆 New best accuracy: 85.16%
2026-04-23 00:03:35 KST | INFO | 
2026-04-23 00:03:35 KST | INFO | Epoch 17/200 | LR: 0.098429
2026-04-23 00:03:52 KST | INFO |   Train Loss: 0.4426 | Test Loss: 0.4634 | Test Acc: 85.05%
2026-04-23 00:03:52 KST | INFO |   No improvement (1/30)
2026-04-23 00:03:52 KST | INFO | 
2026-04-23 00:03:52 KST | INFO | Epoch 18/200 | LR: 0.098228
2026-04-23 00:04:08 KST | INFO |   Train Loss: 0.4380 | Test Loss: 0.4949 | Test Acc: 83.98%
2026-04-23 00:04:08 KST | INFO |   No improvement (2/30)
2026-04-23 00:04:08 KST | INFO | 
2026-04-23 00:04:08 KST | INFO | Epoch 19/200 | LR: 0.098015
2026-04-23 00:04:25 KST | INFO |   Train Loss: 0.4252 | Test Loss: 0.4549 | Test Acc: 84.72%
2026-04-23 00:04:25 KST | INFO |   No improvement (3/30)
2026-04-23 00:04:25 KST | INFO | 
2026-04-23 00:04:25 KST | INFO | Epoch 20/200 | LR: 0.097790
2026-04-23 00:04:42 KST | INFO |   Train Loss: 0.4222 | Test Loss: 0.4379 | Test Acc: 86.02%
2026-04-23 00:04:42 KST | INFO |   🏆 New best accuracy: 86.02%
2026-04-23 00:04:42 KST | INFO | 
2026-04-23 00:04:42 KST | INFO | Epoch 21/200 | LR: 0.097553
2026-04-23 00:04:59 KST | INFO |   Train Loss: 0.4175 | Test Loss: 0.4355 | Test Acc: 85.58%
2026-04-23 00:04:59 KST | INFO |   No improvement (1/30)
2026-04-23 00:04:59 KST | INFO | 
2026-04-23 00:04:59 KST | INFO | Epoch 22/200 | LR: 0.097304
2026-04-23 00:05:16 KST | INFO |   Train Loss: 0.4164 | Test Loss: 0.4399 | Test Acc: 85.55%
2026-04-23 00:05:16 KST | INFO |   No improvement (2/30)
2026-04-23 00:05:16 KST | INFO | 
2026-04-23 00:05:16 KST | INFO | Epoch 23/200 | LR: 0.097044
2026-04-23 00:05:33 KST | INFO |   Train Loss: 0.4060 | Test Loss: 0.4324 | Test Acc: 86.17%
2026-04-23 00:05:33 KST | INFO |   🏆 New best accuracy: 86.17%
2026-04-23 00:05:33 KST | INFO | 
2026-04-23 00:05:33 KST | INFO | Epoch 24/200 | LR: 0.096772
2026-04-23 00:05:50 KST | INFO |   Train Loss: 0.4004 | Test Loss: 0.4100 | Test Acc: 86.25%
2026-04-23 00:05:50 KST | INFO |   🏆 New best accuracy: 86.25%
2026-04-23 00:05:50 KST | INFO | 
2026-04-23 00:05:50 KST | INFO | Epoch 25/200 | LR: 0.096489
2026-04-23 00:06:06 KST | INFO |   Train Loss: 0.3951 | Test Loss: 0.4229 | Test Acc: 85.95%
2026-04-23 00:06:06 KST | INFO |   No improvement (1/30)
2026-04-23 00:06:06 KST | INFO | 
2026-04-23 00:06:06 KST | INFO | Epoch 26/200 | LR: 0.096194
2026-04-23 00:06:22 KST | INFO |   Train Loss: 0.3944 | Test Loss: 0.4412 | Test Acc: 85.08%
2026-04-23 00:06:22 KST | INFO |   No improvement (2/30)
2026-04-23 00:06:22 KST | INFO | 
2026-04-23 00:06:22 KST | INFO | Epoch 27/200 | LR: 0.095888
2026-04-23 00:06:39 KST | INFO |   Train Loss: 0.3925 | Test Loss: 0.4312 | Test Acc: 85.70%
2026-04-23 00:06:39 KST | INFO |   No improvement (3/30)
2026-04-23 00:06:39 KST | INFO | 
2026-04-23 00:06:39 KST | INFO | Epoch 28/200 | LR: 0.095570
2026-04-23 00:06:56 KST | INFO |   Train Loss: 0.3828 | Test Loss: 0.3898 | Test Acc: 87.10%
2026-04-23 00:06:56 KST | INFO |   🏆 New best accuracy: 87.10%
2026-04-23 00:06:56 KST | INFO | 
2026-04-23 00:06:56 KST | INFO | Epoch 29/200 | LR: 0.095241
2026-04-23 00:07:12 KST | INFO |   Train Loss: 0.3819 | Test Loss: 0.4176 | Test Acc: 86.30%
2026-04-23 00:07:12 KST | INFO |   No improvement (1/30)
2026-04-23 00:07:12 KST | INFO | 
2026-04-23 00:07:12 KST | INFO | Epoch 30/200 | LR: 0.094901
2026-04-23 00:07:29 KST | INFO |   Train Loss: 0.3773 | Test Loss: 0.4397 | Test Acc: 85.33%
2026-04-23 00:07:29 KST | INFO |   No improvement (2/30)
2026-04-23 00:07:29 KST | INFO | 
2026-04-23 00:07:29 KST | INFO | Epoch 31/200 | LR: 0.094550
2026-04-23 00:07:45 KST | INFO |   Train Loss: 0.3730 | Test Loss: 0.4331 | Test Acc: 85.37%
2026-04-23 00:07:45 KST | INFO |   No improvement (3/30)
2026-04-23 00:07:45 KST | INFO | 
2026-04-23 00:07:45 KST | INFO | Epoch 32/200 | LR: 0.094188
2026-04-23 00:08:02 KST | INFO |   Train Loss: 0.3682 | Test Loss: 0.3960 | Test Acc: 86.69%
2026-04-23 00:08:02 KST | INFO |   No improvement (4/30)
2026-04-23 00:08:02 KST | INFO | 
2026-04-23 00:08:02 KST | INFO | Epoch 33/200 | LR: 0.093815
2026-04-23 00:08:19 KST | INFO |   Train Loss: 0.3698 | Test Loss: 0.3783 | Test Acc: 87.40%
2026-04-23 00:08:19 KST | INFO |   🏆 New best accuracy: 87.40%
2026-04-23 00:08:19 KST | INFO | 
2026-04-23 00:08:19 KST | INFO | Epoch 34/200 | LR: 0.093432
2026-04-23 00:08:36 KST | INFO |   Train Loss: 0.3571 | Test Loss: 0.4026 | Test Acc: 86.90%
2026-04-23 00:08:36 KST | INFO |   No improvement (1/30)
2026-04-23 00:08:36 KST | INFO | 
2026-04-23 00:08:36 KST | INFO | Epoch 35/200 | LR: 0.093037
2026-04-23 00:08:53 KST | INFO |   Train Loss: 0.3637 | Test Loss: 0.4846 | Test Acc: 84.32%
2026-04-23 00:08:53 KST | INFO |   No improvement (2/30)
2026-04-23 00:08:53 KST | INFO | 
2026-04-23 00:08:53 KST | INFO | Epoch 36/200 | LR: 0.092632
2026-04-23 00:09:09 KST | INFO |   Train Loss: 0.3569 | Test Loss: 0.3753 | Test Acc: 87.25%
2026-04-23 00:09:09 KST | INFO |   No improvement (3/30)
2026-04-23 00:09:09 KST | INFO | 
2026-04-23 00:09:09 KST | INFO | Epoch 37/200 | LR: 0.092216
2026-04-23 00:09:26 KST | INFO |   Train Loss: 0.3564 | Test Loss: 0.3954 | Test Acc: 86.99%
2026-04-23 00:09:26 KST | INFO |   No improvement (4/30)
2026-04-23 00:09:26 KST | INFO | 
2026-04-23 00:09:26 KST | INFO | Epoch 38/200 | LR: 0.091790
2026-04-23 00:09:42 KST | INFO |   Train Loss: 0.3527 | Test Loss: 0.4023 | Test Acc: 87.25%
2026-04-23 00:09:42 KST | INFO |   No improvement (5/30)
2026-04-23 00:09:42 KST | INFO | 
2026-04-23 00:09:42 KST | INFO | Epoch 39/200 | LR: 0.091354
2026-04-23 00:09:59 KST | INFO |   Train Loss: 0.3483 | Test Loss: 0.4167 | Test Acc: 86.40%
2026-04-23 00:09:59 KST | INFO |   No improvement (6/30)
2026-04-23 00:09:59 KST | INFO | 
2026-04-23 00:09:59 KST | INFO | Epoch 40/200 | LR: 0.090908
2026-04-23 00:10:15 KST | INFO |   Train Loss: 0.3481 | Test Loss: 0.4170 | Test Acc: 85.98%
2026-04-23 00:10:15 KST | INFO |   No improvement (7/30)
2026-04-23 00:10:15 KST | INFO | 
2026-04-23 00:10:15 KST | INFO | Epoch 41/200 | LR: 0.090451
2026-04-23 00:10:32 KST | INFO |   Train Loss: 0.3488 | Test Loss: 0.3593 | Test Acc: 88.35%
2026-04-23 00:10:32 KST | INFO |   🏆 New best accuracy: 88.35%
2026-04-23 00:10:32 KST | INFO | 
2026-04-23 00:10:32 KST | INFO | Epoch 42/200 | LR: 0.089984
2026-04-23 00:10:49 KST | INFO |   Train Loss: 0.3413 | Test Loss: 0.3898 | Test Acc: 87.52%
2026-04-23 00:10:49 KST | INFO |   No improvement (1/30)
2026-04-23 00:10:49 KST | INFO | 
2026-04-23 00:10:49 KST | INFO | Epoch 43/200 | LR: 0.089508
2026-04-23 00:11:06 KST | INFO |   Train Loss: 0.3382 | Test Loss: 0.4148 | Test Acc: 86.33%
2026-04-23 00:11:06 KST | INFO |   No improvement (2/30)
2026-04-23 00:11:06 KST | INFO | 
2026-04-23 00:11:06 KST | INFO | Epoch 44/200 | LR: 0.089022
2026-04-23 00:11:23 KST | INFO |   Train Loss: 0.3344 | Test Loss: 0.3887 | Test Acc: 86.93%
2026-04-23 00:11:23 KST | INFO |   No improvement (3/30)
2026-04-23 00:11:23 KST | INFO | 
2026-04-23 00:11:23 KST | INFO | Epoch 45/200 | LR: 0.088526
2026-04-23 00:11:40 KST | INFO |   Train Loss: 0.3387 | Test Loss: 0.3657 | Test Acc: 87.95%
2026-04-23 00:11:40 KST | INFO |   No improvement (4/30)
2026-04-23 00:11:40 KST | INFO | 
2026-04-23 00:11:40 KST | INFO | Epoch 46/200 | LR: 0.088020
2026-04-23 00:11:56 KST | INFO |   Train Loss: 0.3341 | Test Loss: 0.3592 | Test Acc: 87.46%
2026-04-23 00:11:56 KST | INFO |   No improvement (5/30)
2026-04-23 00:11:56 KST | INFO | 
2026-04-23 00:11:56 KST | INFO | Epoch 47/200 | LR: 0.087506
2026-04-23 00:12:13 KST | INFO |   Train Loss: 0.3309 | Test Loss: 0.3556 | Test Acc: 88.02%
2026-04-23 00:12:13 KST | INFO |   No improvement (6/30)
2026-04-23 00:12:13 KST | INFO | 
2026-04-23 00:12:13 KST | INFO | Epoch 48/200 | LR: 0.086982
2026-04-23 00:12:30 KST | INFO |   Train Loss: 0.3239 | Test Loss: 0.3963 | Test Acc: 86.62%
2026-04-23 00:12:30 KST | INFO |   No improvement (7/30)
2026-04-23 00:12:30 KST | INFO | 
2026-04-23 00:12:30 KST | INFO | Epoch 49/200 | LR: 0.086449
2026-04-23 00:12:47 KST | INFO |   Train Loss: 0.3295 | Test Loss: 0.3710 | Test Acc: 87.69%
2026-04-23 00:12:47 KST | INFO |   No improvement (8/30)
2026-04-23 00:12:47 KST | INFO | 
2026-04-23 00:12:47 KST | INFO | Epoch 50/200 | LR: 0.085906
2026-04-23 00:13:04 KST | INFO |   Train Loss: 0.3230 | Test Loss: 0.3566 | Test Acc: 88.25%
2026-04-23 00:13:04 KST | INFO |   No improvement (9/30)
2026-04-23 00:13:04 KST | INFO | 
2026-04-23 00:13:04 KST | INFO | Epoch 51/200 | LR: 0.085355
2026-04-23 00:13:21 KST | INFO |   Train Loss: 0.3231 | Test Loss: 0.4213 | Test Acc: 85.99%
2026-04-23 00:13:21 KST | INFO |   No improvement (10/30)
2026-04-23 00:13:21 KST | INFO | 
2026-04-23 00:13:21 KST | INFO | Epoch 52/200 | LR: 0.084796
2026-04-23 00:13:38 KST | INFO |   Train Loss: 0.3195 | Test Loss: 0.3695 | Test Acc: 87.89%
2026-04-23 00:13:38 KST | INFO |   No improvement (11/30)
2026-04-23 00:13:38 KST | INFO | 
2026-04-23 00:13:38 KST | INFO | Epoch 53/200 | LR: 0.084228
2026-04-23 00:13:54 KST | INFO |   Train Loss: 0.3185 | Test Loss: 0.4212 | Test Acc: 86.29%
2026-04-23 00:13:54 KST | INFO |   No improvement (12/30)
2026-04-23 00:13:54 KST | INFO | 
2026-04-23 00:13:54 KST | INFO | Epoch 54/200 | LR: 0.083651
2026-04-23 00:14:11 KST | INFO |   Train Loss: 0.3145 | Test Loss: 0.4245 | Test Acc: 86.00%
2026-04-23 00:14:11 KST | INFO |   No improvement (13/30)
2026-04-23 00:14:11 KST | INFO | 
2026-04-23 00:14:11 KST | INFO | Epoch 55/200 | LR: 0.083066
2026-04-23 00:14:28 KST | INFO |   Train Loss: 0.3111 | Test Loss: 0.4395 | Test Acc: 85.67%
2026-04-23 00:14:28 KST | INFO |   No improvement (14/30)
2026-04-23 00:14:28 KST | INFO | 
2026-04-23 00:14:28 KST | INFO | Epoch 56/200 | LR: 0.082473
2026-04-23 00:14:44 KST | INFO |   Train Loss: 0.3100 | Test Loss: 0.3776 | Test Acc: 87.40%
2026-04-23 00:14:44 KST | INFO |   No improvement (15/30)
2026-04-23 00:14:44 KST | INFO | 
2026-04-23 00:14:44 KST | INFO | Epoch 57/200 | LR: 0.081871
2026-04-23 00:15:00 KST | INFO |   Train Loss: 0.3042 | Test Loss: 0.3937 | Test Acc: 86.75%
2026-04-23 00:15:00 KST | INFO |   No improvement (16/30)
2026-04-23 00:15:00 KST | INFO | 
2026-04-23 00:15:00 KST | INFO | Epoch 58/200 | LR: 0.081262
2026-04-23 00:15:17 KST | INFO |   Train Loss: 0.3058 | Test Loss: 0.3819 | Test Acc: 87.07%
2026-04-23 00:15:17 KST | INFO |   No improvement (17/30)
2026-04-23 00:15:17 KST | INFO | 
2026-04-23 00:15:17 KST | INFO | Epoch 59/200 | LR: 0.080646
2026-04-23 00:15:33 KST | INFO |   Train Loss: 0.3024 | Test Loss: 0.3691 | Test Acc: 87.61%
2026-04-23 00:15:33 KST | INFO |   No improvement (18/30)
2026-04-23 00:15:33 KST | INFO | 
2026-04-23 00:15:33 KST | INFO | Epoch 60/200 | LR: 0.080021
2026-04-23 00:15:50 KST | INFO |   Train Loss: 0.3009 | Test Loss: 0.3919 | Test Acc: 86.99%
2026-04-23 00:15:50 KST | INFO |   No improvement (19/30)
2026-04-23 00:15:50 KST | INFO | 
2026-04-23 00:15:50 KST | INFO | Epoch 61/200 | LR: 0.079389
2026-04-23 00:16:06 KST | INFO |   Train Loss: 0.2962 | Test Loss: 0.4023 | Test Acc: 87.02%
2026-04-23 00:16:06 KST | INFO |   No improvement (20/30)
2026-04-23 00:16:06 KST | INFO | 
2026-04-23 00:16:06 KST | INFO | Epoch 62/200 | LR: 0.078750
2026-04-23 00:16:23 KST | INFO |   Train Loss: 0.2936 | Test Loss: 0.3498 | Test Acc: 88.59%
2026-04-23 00:16:23 KST | INFO |   🏆 New best accuracy: 88.59%
2026-04-23 00:16:23 KST | INFO | 
2026-04-23 00:16:23 KST | INFO | Epoch 63/200 | LR: 0.078104
2026-04-23 00:16:39 KST | INFO |   Train Loss: 0.2950 | Test Loss: 0.3833 | Test Acc: 87.60%
2026-04-23 00:16:39 KST | INFO |   No improvement (1/30)
2026-04-23 00:16:39 KST | INFO | 
2026-04-23 00:16:39 KST | INFO | Epoch 64/200 | LR: 0.077451
2026-04-23 00:16:56 KST | INFO |   Train Loss: 0.2914 | Test Loss: 0.3905 | Test Acc: 87.22%
2026-04-23 00:16:56 KST | INFO |   No improvement (2/30)
2026-04-23 00:16:56 KST | INFO | 
2026-04-23 00:16:56 KST | INFO | Epoch 65/200 | LR: 0.076792
2026-04-23 00:17:13 KST | INFO |   Train Loss: 0.2905 | Test Loss: 0.3593 | Test Acc: 88.38%
2026-04-23 00:17:13 KST | INFO |   No improvement (3/30)
2026-04-23 00:17:13 KST | INFO | 
2026-04-23 00:17:13 KST | INFO | Epoch 66/200 | LR: 0.076125
2026-04-23 00:17:29 KST | INFO |   Train Loss: 0.2866 | Test Loss: 0.3529 | Test Acc: 88.36%
2026-04-23 00:17:29 KST | INFO |   No improvement (4/30)
2026-04-23 00:17:29 KST | INFO | 
2026-04-23 00:17:29 KST | INFO | Epoch 67/200 | LR: 0.075452
2026-04-23 00:17:46 KST | INFO |   Train Loss: 0.2850 | Test Loss: 0.3831 | Test Acc: 87.79%
2026-04-23 00:17:46 KST | INFO |   No improvement (5/30)
2026-04-23 00:17:46 KST | INFO | 
2026-04-23 00:17:46 KST | INFO | Epoch 68/200 | LR: 0.074773
2026-04-23 00:18:03 KST | INFO |   Train Loss: 0.2767 | Test Loss: 0.3814 | Test Acc: 87.38%
2026-04-23 00:18:03 KST | INFO |   No improvement (6/30)
2026-04-23 00:18:03 KST | INFO | 
2026-04-23 00:18:03 KST | INFO | Epoch 69/200 | LR: 0.074088
2026-04-23 00:18:20 KST | INFO |   Train Loss: 0.2799 | Test Loss: 0.3517 | Test Acc: 88.24%
2026-04-23 00:18:20 KST | INFO |   No improvement (7/30)
2026-04-23 00:18:20 KST | INFO | 
2026-04-23 00:18:20 KST | INFO | Epoch 70/200 | LR: 0.073397
2026-04-23 00:18:36 KST | INFO |   Train Loss: 0.2791 | Test Loss: 0.3929 | Test Acc: 86.90%
2026-04-23 00:18:36 KST | INFO |   No improvement (8/30)
2026-04-23 00:18:36 KST | INFO | 
2026-04-23 00:18:36 KST | INFO | Epoch 71/200 | LR: 0.072700
2026-04-23 00:18:54 KST | INFO |   Train Loss: 0.2742 | Test Loss: 0.3844 | Test Acc: 87.80%
2026-04-23 00:18:54 KST | INFO |   No improvement (9/30)
2026-04-23 00:18:54 KST | INFO | 
2026-04-23 00:18:54 KST | INFO | Epoch 72/200 | LR: 0.071997
2026-04-23 00:19:10 KST | INFO |   Train Loss: 0.2769 | Test Loss: 0.3714 | Test Acc: 87.91%
2026-04-23 00:19:10 KST | INFO |   No improvement (10/30)
2026-04-23 00:19:10 KST | INFO | 
2026-04-23 00:19:10 KST | INFO | Epoch 73/200 | LR: 0.071289
2026-04-23 00:19:27 KST | INFO |   Train Loss: 0.2685 | Test Loss: 0.3875 | Test Acc: 87.66%
2026-04-23 00:19:27 KST | INFO |   No improvement (11/30)
2026-04-23 00:19:27 KST | INFO | 
2026-04-23 00:19:27 KST | INFO | Epoch 74/200 | LR: 0.070576
2026-04-23 00:19:44 KST | INFO |   Train Loss: 0.2672 | Test Loss: 0.3785 | Test Acc: 87.90%
2026-04-23 00:19:44 KST | INFO |   No improvement (12/30)
2026-04-23 00:19:44 KST | INFO | 
2026-04-23 00:19:44 KST | INFO | Epoch 75/200 | LR: 0.069858
2026-04-23 00:20:01 KST | INFO |   Train Loss: 0.2655 | Test Loss: 0.3658 | Test Acc: 88.53%
2026-04-23 00:20:01 KST | INFO |   No improvement (13/30)
2026-04-23 00:20:01 KST | INFO | 
2026-04-23 00:20:01 KST | INFO | Epoch 76/200 | LR: 0.069134
2026-04-23 00:20:18 KST | INFO |   Train Loss: 0.2599 | Test Loss: 0.3945 | Test Acc: 87.69%
2026-04-23 00:20:18 KST | INFO |   No improvement (14/30)
2026-04-23 00:20:18 KST | INFO | 
2026-04-23 00:20:18 KST | INFO | Epoch 77/200 | LR: 0.068407
2026-04-23 00:20:35 KST | INFO |   Train Loss: 0.2596 | Test Loss: 0.3631 | Test Acc: 88.40%
2026-04-23 00:20:35 KST | INFO |   No improvement (15/30)
2026-04-23 00:20:35 KST | INFO | 
2026-04-23 00:20:35 KST | INFO | Epoch 78/200 | LR: 0.067674
2026-04-23 00:20:51 KST | INFO |   Train Loss: 0.2560 | Test Loss: 0.3521 | Test Acc: 88.79%
2026-04-23 00:20:51 KST | INFO |   🏆 New best accuracy: 88.79%
2026-04-23 00:20:51 KST | INFO | 
2026-04-23 00:20:51 KST | INFO | Epoch 79/200 | LR: 0.066937
2026-04-23 00:21:08 KST | INFO |   Train Loss: 0.2575 | Test Loss: 0.3597 | Test Acc: 88.32%
2026-04-23 00:21:08 KST | INFO |   No improvement (1/30)
2026-04-23 00:21:08 KST | INFO | 
2026-04-23 00:21:08 KST | INFO | Epoch 80/200 | LR: 0.066196
2026-04-23 00:21:25 KST | INFO |   Train Loss: 0.2546 | Test Loss: 0.3372 | Test Acc: 89.04%
2026-04-23 00:21:25 KST | INFO |   🏆 New best accuracy: 89.04%
2026-04-23 00:21:25 KST | INFO | 
2026-04-23 00:21:25 KST | INFO | Epoch 81/200 | LR: 0.065451
2026-04-23 00:21:41 KST | INFO |   Train Loss: 0.2507 | Test Loss: 0.3796 | Test Acc: 87.84%
2026-04-23 00:21:41 KST | INFO |   No improvement (1/30)
2026-04-23 00:21:41 KST | INFO | 
2026-04-23 00:21:41 KST | INFO | Epoch 82/200 | LR: 0.064702
2026-04-23 00:21:58 KST | INFO |   Train Loss: 0.2473 | Test Loss: 0.3696 | Test Acc: 88.09%
2026-04-23 00:21:58 KST | INFO |   No improvement (2/30)
2026-04-23 00:21:58 KST | INFO | 
2026-04-23 00:21:58 KST | INFO | Epoch 83/200 | LR: 0.063950
2026-04-23 00:22:15 KST | INFO |   Train Loss: 0.2421 | Test Loss: 0.3482 | Test Acc: 88.93%
2026-04-23 00:22:15 KST | INFO |   No improvement (3/30)
2026-04-23 00:22:15 KST | INFO | 
2026-04-23 00:22:15 KST | INFO | Epoch 84/200 | LR: 0.063194
2026-04-23 00:22:32 KST | INFO |   Train Loss: 0.2391 | Test Loss: 0.3689 | Test Acc: 87.88%
2026-04-23 00:22:32 KST | INFO |   No improvement (4/30)
2026-04-23 00:22:32 KST | INFO | 
2026-04-23 00:22:32 KST | INFO | Epoch 85/200 | LR: 0.062435
2026-04-23 00:22:48 KST | INFO |   Train Loss: 0.2405 | Test Loss: 0.3520 | Test Acc: 88.15%
2026-04-23 00:22:48 KST | INFO |   No improvement (5/30)
2026-04-23 00:22:48 KST | INFO | 
2026-04-23 00:22:48 KST | INFO | Epoch 86/200 | LR: 0.061673
2026-04-23 00:23:05 KST | INFO |   Train Loss: 0.2363 | Test Loss: 0.3801 | Test Acc: 87.72%
2026-04-23 00:23:05 KST | INFO |   No improvement (6/30)
2026-04-23 00:23:05 KST | INFO | 
2026-04-23 00:23:05 KST | INFO | Epoch 87/200 | LR: 0.060908
2026-04-23 00:23:22 KST | INFO |   Train Loss: 0.2343 | Test Loss: 0.3869 | Test Acc: 87.80%
2026-04-23 00:23:22 KST | INFO |   No improvement (7/30)
2026-04-23 00:23:22 KST | INFO | 
2026-04-23 00:23:22 KST | INFO | Epoch 88/200 | LR: 0.060140
2026-04-23 00:23:39 KST | INFO |   Train Loss: 0.2337 | Test Loss: 0.3089 | Test Acc: 89.80%
2026-04-23 00:23:39 KST | INFO |   🏆 New best accuracy: 89.80%
2026-04-23 00:23:39 KST | INFO | 
2026-04-23 00:23:39 KST | INFO | Epoch 89/200 | LR: 0.059369
2026-04-23 00:23:56 KST | INFO |   Train Loss: 0.2295 | Test Loss: 0.3834 | Test Acc: 88.21%
2026-04-23 00:23:56 KST | INFO |   No improvement (1/30)
2026-04-23 00:23:56 KST | INFO | 
2026-04-23 00:23:56 KST | INFO | Epoch 90/200 | LR: 0.058597
2026-04-23 00:24:14 KST | INFO |   Train Loss: 0.2314 | Test Loss: 0.3475 | Test Acc: 89.25%
2026-04-23 00:24:14 KST | INFO |   No improvement (2/30)
2026-04-23 00:24:14 KST | INFO | 
2026-04-23 00:24:14 KST | INFO | Epoch 91/200 | LR: 0.057822
2026-04-23 00:24:30 KST | INFO |   Train Loss: 0.2267 | Test Loss: 0.3645 | Test Acc: 88.60%
2026-04-23 00:24:30 KST | INFO |   No improvement (3/30)
2026-04-23 00:24:30 KST | INFO | 
2026-04-23 00:24:30 KST | INFO | Epoch 92/200 | LR: 0.057045
2026-04-23 00:24:46 KST | INFO |   Train Loss: 0.2254 | Test Loss: 0.3415 | Test Acc: 88.81%
2026-04-23 00:24:46 KST | INFO |   No improvement (4/30)
2026-04-23 00:24:46 KST | INFO | 
2026-04-23 00:24:46 KST | INFO | Epoch 93/200 | LR: 0.056267
2026-04-23 00:25:04 KST | INFO |   Train Loss: 0.2197 | Test Loss: 0.3944 | Test Acc: 88.22%
2026-04-23 00:25:04 KST | INFO |   No improvement (5/30)
2026-04-23 00:25:04 KST | INFO | 
2026-04-23 00:25:04 KST | INFO | Epoch 94/200 | LR: 0.055487
2026-04-23 00:25:20 KST | INFO |   Train Loss: 0.2197 | Test Loss: 0.3373 | Test Acc: 89.47%
2026-04-23 00:25:20 KST | INFO |   No improvement (6/30)
2026-04-23 00:25:20 KST | INFO | 
2026-04-23 00:25:20 KST | INFO | Epoch 95/200 | LR: 0.054706
2026-04-23 00:25:37 KST | INFO |   Train Loss: 0.2140 | Test Loss: 0.3690 | Test Acc: 88.69%
2026-04-23 00:25:37 KST | INFO |   No improvement (7/30)
2026-04-23 00:25:37 KST | INFO | 
2026-04-23 00:25:37 KST | INFO | Epoch 96/200 | LR: 0.053923
2026-04-23 00:25:54 KST | INFO |   Train Loss: 0.2109 | Test Loss: 0.3307 | Test Acc: 89.45%
2026-04-23 00:25:54 KST | INFO |   No improvement (8/30)
2026-04-23 00:25:54 KST | INFO | 
2026-04-23 00:25:54 KST | INFO | Epoch 97/200 | LR: 0.053140
2026-04-23 00:26:11 KST | INFO |   Train Loss: 0.2076 | Test Loss: 0.3939 | Test Acc: 87.95%
2026-04-23 00:26:11 KST | INFO |   No improvement (9/30)
2026-04-23 00:26:11 KST | INFO | 
2026-04-23 00:26:11 KST | INFO | Epoch 98/200 | LR: 0.052356
2026-04-23 00:26:29 KST | INFO |   Train Loss: 0.2055 | Test Loss: 0.3282 | Test Acc: 89.37%
2026-04-23 00:26:29 KST | INFO |   No improvement (10/30)
2026-04-23 00:26:29 KST | INFO | 
2026-04-23 00:26:29 KST | INFO | Epoch 99/200 | LR: 0.051571
2026-04-23 00:26:46 KST | INFO |   Train Loss: 0.2019 | Test Loss: 0.3453 | Test Acc: 88.81%
2026-04-23 00:26:46 KST | INFO |   No improvement (11/30)
2026-04-23 00:26:46 KST | INFO | 
2026-04-23 00:26:46 KST | INFO | Epoch 100/200 | LR: 0.050786
2026-04-23 00:27:03 KST | INFO |   Train Loss: 0.1989 | Test Loss: 0.3607 | Test Acc: 88.60%
2026-04-23 00:27:03 KST | INFO |   No improvement (12/30)
2026-04-23 00:27:03 KST | INFO | 
2026-04-23 00:27:03 KST | INFO | Epoch 101/200 | LR: 0.050001
2026-04-23 00:27:21 KST | INFO |   Train Loss: 0.1969 | Test Loss: 0.3504 | Test Acc: 88.75%
2026-04-23 00:27:21 KST | INFO |   No improvement (13/30)
2026-04-23 00:27:21 KST | INFO | 
2026-04-23 00:27:21 KST | INFO | Epoch 102/200 | LR: 0.049215
2026-04-23 00:27:37 KST | INFO |   Train Loss: 0.1952 | Test Loss: 0.3370 | Test Acc: 89.03%
2026-04-23 00:27:37 KST | INFO |   No improvement (14/30)
2026-04-23 00:27:37 KST | INFO | 
2026-04-23 00:27:37 KST | INFO | Epoch 103/200 | LR: 0.048430
2026-04-23 00:27:55 KST | INFO |   Train Loss: 0.1916 | Test Loss: 0.3392 | Test Acc: 89.07%
2026-04-23 00:27:55 KST | INFO |   No improvement (15/30)
2026-04-23 00:27:55 KST | INFO | 
2026-04-23 00:27:55 KST | INFO | Epoch 104/200 | LR: 0.047645
2026-04-23 00:28:11 KST | INFO |   Train Loss: 0.1895 | Test Loss: 0.3339 | Test Acc: 89.04%
2026-04-23 00:28:11 KST | INFO |   No improvement (16/30)
2026-04-23 00:28:11 KST | INFO | 
2026-04-23 00:28:11 KST | INFO | Epoch 105/200 | LR: 0.046861
2026-04-23 00:28:28 KST | INFO |   Train Loss: 0.1851 | Test Loss: 0.3222 | Test Acc: 89.81%
2026-04-23 00:28:28 KST | INFO |   🏆 New best accuracy: 89.81%
2026-04-23 00:28:28 KST | INFO | 
2026-04-23 00:28:28 KST | INFO | Epoch 106/200 | LR: 0.046078
2026-04-23 00:28:45 KST | INFO |   Train Loss: 0.1844 | Test Loss: 0.3290 | Test Acc: 89.89%
2026-04-23 00:28:45 KST | INFO |   🏆 New best accuracy: 89.89%
2026-04-23 00:28:45 KST | INFO | 
2026-04-23 00:28:45 KST | INFO | Epoch 107/200 | LR: 0.045295
2026-04-23 00:29:02 KST | INFO |   Train Loss: 0.1815 | Test Loss: 0.3358 | Test Acc: 90.05%
2026-04-23 00:29:02 KST | INFO |   🏆 New best accuracy: 90.05%
2026-04-23 00:29:02 KST | INFO | 
2026-04-23 00:29:02 KST | INFO | Epoch 108/200 | LR: 0.044514
2026-04-23 00:29:19 KST | INFO |   Train Loss: 0.1828 | Test Loss: 0.3346 | Test Acc: 89.54%
2026-04-23 00:29:19 KST | INFO |   No improvement (1/30)
2026-04-23 00:29:19 KST | INFO | 
2026-04-23 00:29:19 KST | INFO | Epoch 109/200 | LR: 0.043734
2026-04-23 00:29:35 KST | INFO |   Train Loss: 0.1756 | Test Loss: 0.3481 | Test Acc: 89.28%
2026-04-23 00:29:35 KST | INFO |   No improvement (2/30)
2026-04-23 00:29:35 KST | INFO | 
2026-04-23 00:29:35 KST | INFO | Epoch 110/200 | LR: 0.042956
2026-04-23 00:29:52 KST | INFO |   Train Loss: 0.1750 | Test Loss: 0.3537 | Test Acc: 88.96%
2026-04-23 00:29:52 KST | INFO |   No improvement (3/30)
2026-04-23 00:29:52 KST | INFO | 
2026-04-23 00:29:52 KST | INFO | Epoch 111/200 | LR: 0.042179
2026-04-23 00:30:09 KST | INFO |   Train Loss: 0.1717 | Test Loss: 0.3097 | Test Acc: 90.29%
2026-04-23 00:30:09 KST | INFO |   🏆 New best accuracy: 90.29%
2026-04-23 00:30:09 KST | INFO | 
2026-04-23 00:30:09 KST | INFO | Epoch 112/200 | LR: 0.041404
2026-04-23 00:30:26 KST | INFO |   Train Loss: 0.1654 | Test Loss: 0.3308 | Test Acc: 89.76%
2026-04-23 00:30:26 KST | INFO |   No improvement (1/30)
2026-04-23 00:30:26 KST | INFO | 
2026-04-23 00:30:26 KST | INFO | Epoch 113/200 | LR: 0.040632
2026-04-23 00:30:43 KST | INFO |   Train Loss: 0.1649 | Test Loss: 0.3519 | Test Acc: 89.19%
2026-04-23 00:30:43 KST | INFO |   No improvement (2/30)
2026-04-23 00:30:43 KST | INFO | 
2026-04-23 00:30:43 KST | INFO | Epoch 114/200 | LR: 0.039861
2026-04-23 00:31:00 KST | INFO |   Train Loss: 0.1607 | Test Loss: 0.3303 | Test Acc: 89.56%
2026-04-23 00:31:00 KST | INFO |   No improvement (3/30)
2026-04-23 00:31:00 KST | INFO | 
2026-04-23 00:31:00 KST | INFO | Epoch 115/200 | LR: 0.039093
2026-04-23 00:31:17 KST | INFO |   Train Loss: 0.1616 | Test Loss: 0.3435 | Test Acc: 89.58%
2026-04-23 00:31:17 KST | INFO |   No improvement (4/30)
2026-04-23 00:31:17 KST | INFO | 
2026-04-23 00:31:17 KST | INFO | Epoch 116/200 | LR: 0.038328
2026-04-23 00:31:33 KST | INFO |   Train Loss: 0.1577 | Test Loss: 0.3504 | Test Acc: 89.54%
2026-04-23 00:31:33 KST | INFO |   No improvement (5/30)
2026-04-23 00:31:33 KST | INFO | 
2026-04-23 00:31:33 KST | INFO | Epoch 117/200 | LR: 0.037566
2026-04-23 00:31:50 KST | INFO |   Train Loss: 0.1536 | Test Loss: 0.3241 | Test Acc: 90.03%
2026-04-23 00:31:50 KST | INFO |   No improvement (6/30)
2026-04-23 00:31:50 KST | INFO | 
2026-04-23 00:31:50 KST | INFO | Epoch 118/200 | LR: 0.036807
2026-04-23 00:32:07 KST | INFO |   Train Loss: 0.1522 | Test Loss: 0.3198 | Test Acc: 90.03%
2026-04-23 00:32:07 KST | INFO |   No improvement (7/30)
2026-04-23 00:32:07 KST | INFO | 
2026-04-23 00:32:07 KST | INFO | Epoch 119/200 | LR: 0.036051
2026-04-23 00:32:24 KST | INFO |   Train Loss: 0.1491 | Test Loss: 0.3429 | Test Acc: 89.73%
2026-04-23 00:32:24 KST | INFO |   No improvement (8/30)
2026-04-23 00:32:24 KST | INFO | 
2026-04-23 00:32:24 KST | INFO | Epoch 120/200 | LR: 0.035299
2026-04-23 00:32:40 KST | INFO |   Train Loss: 0.1461 | Test Loss: 0.3516 | Test Acc: 89.54%
2026-04-23 00:32:40 KST | INFO |   No improvement (9/30)
2026-04-23 00:32:40 KST | INFO | 
2026-04-23 00:32:40 KST | INFO | Epoch 121/200 | LR: 0.034550
2026-04-23 00:32:57 KST | INFO |   Train Loss: 0.1419 | Test Loss: 0.3235 | Test Acc: 89.99%
2026-04-23 00:32:57 KST | INFO |   No improvement (10/30)
2026-04-23 00:32:57 KST | INFO | 
2026-04-23 00:32:57 KST | INFO | Epoch 122/200 | LR: 0.033805
2026-04-23 00:33:14 KST | INFO |   Train Loss: 0.1419 | Test Loss: 0.3535 | Test Acc: 89.60%
2026-04-23 00:33:14 KST | INFO |   No improvement (11/30)
2026-04-23 00:33:14 KST | INFO | 
2026-04-23 00:33:14 KST | INFO | Epoch 123/200 | LR: 0.033064
2026-04-23 00:33:30 KST | INFO |   Train Loss: 0.1356 | Test Loss: 0.3300 | Test Acc: 89.99%
2026-04-23 00:33:30 KST | INFO |   No improvement (12/30)
2026-04-23 00:33:30 KST | INFO | 
2026-04-23 00:33:30 KST | INFO | Epoch 124/200 | LR: 0.032327
2026-04-23 00:33:47 KST | INFO |   Train Loss: 0.1345 | Test Loss: 0.3105 | Test Acc: 90.24%
2026-04-23 00:33:47 KST | INFO |   No improvement (13/30)
2026-04-23 00:33:47 KST | INFO | 
2026-04-23 00:33:47 KST | INFO | Epoch 125/200 | LR: 0.031594
2026-04-23 00:34:04 KST | INFO |   Train Loss: 0.1295 | Test Loss: 0.3600 | Test Acc: 89.65%
2026-04-23 00:34:04 KST | INFO |   No improvement (14/30)
2026-04-23 00:34:04 KST | INFO | 
2026-04-23 00:34:04 KST | INFO | Epoch 126/200 | LR: 0.030867
2026-04-23 00:34:21 KST | INFO |   Train Loss: 0.1297 | Test Loss: 0.3535 | Test Acc: 89.48%
2026-04-23 00:34:21 KST | INFO |   No improvement (15/30)
2026-04-23 00:34:21 KST | INFO | 
2026-04-23 00:34:21 KST | INFO | Epoch 127/200 | LR: 0.030143
2026-04-23 00:34:37 KST | INFO |   Train Loss: 0.1261 | Test Loss: 0.3463 | Test Acc: 89.59%
2026-04-23 00:34:37 KST | INFO |   No improvement (16/30)
2026-04-23 00:34:37 KST | INFO | 
2026-04-23 00:34:37 KST | INFO | Epoch 128/200 | LR: 0.029425
2026-04-23 00:34:54 KST | INFO |   Train Loss: 0.1259 | Test Loss: 0.3218 | Test Acc: 90.34%
2026-04-23 00:34:54 KST | INFO |   🏆 New best accuracy: 90.34%
2026-04-23 00:34:54 KST | INFO | 
2026-04-23 00:34:54 KST | INFO | Epoch 129/200 | LR: 0.028712
2026-04-23 00:35:11 KST | INFO |   Train Loss: 0.1205 | Test Loss: 0.3159 | Test Acc: 90.66%
2026-04-23 00:35:11 KST | INFO |   🏆 New best accuracy: 90.66%
2026-04-23 00:35:11 KST | INFO | 
2026-04-23 00:35:11 KST | INFO | Epoch 130/200 | LR: 0.028004
2026-04-23 00:35:28 KST | INFO |   Train Loss: 0.1173 | Test Loss: 0.3151 | Test Acc: 90.71%
2026-04-23 00:35:28 KST | INFO |   🏆 New best accuracy: 90.71%
2026-04-23 00:35:28 KST | INFO | 
2026-04-23 00:35:28 KST | INFO | Epoch 131/200 | LR: 0.027301
2026-04-23 00:35:45 KST | INFO |   Train Loss: 0.1160 | Test Loss: 0.3178 | Test Acc: 90.56%
2026-04-23 00:35:45 KST | INFO |   No improvement (1/30)
2026-04-23 00:35:45 KST | INFO | 
2026-04-23 00:35:45 KST | INFO | Epoch 132/200 | LR: 0.026604
2026-04-23 00:36:02 KST | INFO |   Train Loss: 0.1129 | Test Loss: 0.3416 | Test Acc: 90.45%
2026-04-23 00:36:02 KST | INFO |   No improvement (2/30)
2026-04-23 00:36:02 KST | INFO | 
2026-04-23 00:36:02 KST | INFO | Epoch 133/200 | LR: 0.025913
2026-04-23 00:36:19 KST | INFO |   Train Loss: 0.1118 | Test Loss: 0.3188 | Test Acc: 90.36%
2026-04-23 00:36:19 KST | INFO |   No improvement (3/30)
2026-04-23 00:36:19 KST | INFO | 
2026-04-23 00:36:19 KST | INFO | Epoch 134/200 | LR: 0.025228
2026-04-23 00:36:36 KST | INFO |   Train Loss: 0.1087 | Test Loss: 0.3250 | Test Acc: 90.10%
2026-04-23 00:36:36 KST | INFO |   No improvement (4/30)
2026-04-23 00:36:36 KST | INFO | 
2026-04-23 00:36:36 KST | INFO | Epoch 135/200 | LR: 0.024549
2026-04-23 00:36:53 KST | INFO |   Train Loss: 0.1047 | Test Loss: 0.3234 | Test Acc: 90.40%
2026-04-23 00:36:53 KST | INFO |   No improvement (5/30)
2026-04-23 00:36:53 KST | INFO | 
2026-04-23 00:36:53 KST | INFO | Epoch 136/200 | LR: 0.023876
2026-04-23 00:37:10 KST | INFO |   Train Loss: 0.1031 | Test Loss: 0.3054 | Test Acc: 91.33%
2026-04-23 00:37:10 KST | INFO |   🏆 New best accuracy: 91.33%
2026-04-23 00:37:10 KST | INFO | 
2026-04-23 00:37:10 KST | INFO | Epoch 137/200 | LR: 0.023209
2026-04-23 00:37:27 KST | INFO |   Train Loss: 0.0981 | Test Loss: 0.3490 | Test Acc: 90.06%
2026-04-23 00:37:27 KST | INFO |   No improvement (1/30)
2026-04-23 00:37:27 KST | INFO | 
2026-04-23 00:37:27 KST | INFO | Epoch 138/200 | LR: 0.022550
2026-04-23 00:37:43 KST | INFO |   Train Loss: 0.0968 | Test Loss: 0.3381 | Test Acc: 90.08%
2026-04-23 00:37:43 KST | INFO |   No improvement (2/30)
2026-04-23 00:37:43 KST | INFO | 
2026-04-23 00:37:43 KST | INFO | Epoch 139/200 | LR: 0.021897
2026-04-23 00:38:01 KST | INFO |   Train Loss: 0.0955 | Test Loss: 0.3215 | Test Acc: 90.49%
2026-04-23 00:38:01 KST | INFO |   No improvement (3/30)
2026-04-23 00:38:01 KST | INFO | 
2026-04-23 00:38:01 KST | INFO | Epoch 140/200 | LR: 0.021251
2026-04-23 00:38:17 KST | INFO |   Train Loss: 0.0902 | Test Loss: 0.4061 | Test Acc: 89.43%
2026-04-23 00:38:17 KST | INFO |   No improvement (4/30)
2026-04-23 00:38:17 KST | INFO | 
2026-04-23 00:38:17 KST | INFO | Epoch 141/200 | LR: 0.020612
2026-04-23 00:38:34 KST | INFO |   Train Loss: 0.0904 | Test Loss: 0.3709 | Test Acc: 90.38%
2026-04-23 00:38:34 KST | INFO |   No improvement (5/30)
2026-04-23 00:38:34 KST | INFO | 
2026-04-23 00:38:34 KST | INFO | Epoch 142/200 | LR: 0.019980
2026-04-23 00:38:50 KST | INFO |   Train Loss: 0.0866 | Test Loss: 0.3437 | Test Acc: 89.94%
2026-04-23 00:38:50 KST | INFO |   No improvement (6/30)
2026-04-23 00:38:50 KST | INFO | 
2026-04-23 00:38:50 KST | INFO | Epoch 143/200 | LR: 0.019355
2026-04-23 00:39:08 KST | INFO |   Train Loss: 0.0859 | Test Loss: 0.3268 | Test Acc: 90.56%
2026-04-23 00:39:08 KST | INFO |   No improvement (7/30)
2026-04-23 00:39:08 KST | INFO | 
2026-04-23 00:39:08 KST | INFO | Epoch 144/200 | LR: 0.018739
2026-04-23 00:39:25 KST | INFO |   Train Loss: 0.0831 | Test Loss: 0.3352 | Test Acc: 90.91%
2026-04-23 00:39:25 KST | INFO |   No improvement (8/30)
2026-04-23 00:39:25 KST | INFO | 
2026-04-23 00:39:25 KST | INFO | Epoch 145/200 | LR: 0.018130
2026-04-23 00:39:42 KST | INFO |   Train Loss: 0.0789 | Test Loss: 0.2932 | Test Acc: 91.42%
2026-04-23 00:39:42 KST | INFO |   🏆 New best accuracy: 91.42%
2026-04-23 00:39:42 KST | INFO | 
2026-04-23 00:39:42 KST | INFO | Epoch 146/200 | LR: 0.017528
2026-04-23 00:39:58 KST | INFO |   Train Loss: 0.0763 | Test Loss: 0.3308 | Test Acc: 90.79%
2026-04-23 00:39:58 KST | INFO |   No improvement (1/30)
2026-04-23 00:39:58 KST | INFO | 
2026-04-23 00:39:58 KST | INFO | Epoch 147/200 | LR: 0.016935
2026-04-23 00:40:16 KST | INFO |   Train Loss: 0.0747 | Test Loss: 0.3416 | Test Acc: 90.57%
2026-04-23 00:40:16 KST | INFO |   No improvement (2/30)
2026-04-23 00:40:16 KST | INFO | 
2026-04-23 00:40:16 KST | INFO | Epoch 148/200 | LR: 0.016350
2026-04-23 00:40:32 KST | INFO |   Train Loss: 0.0732 | Test Loss: 0.3350 | Test Acc: 90.80%
2026-04-23 00:40:32 KST | INFO |   No improvement (3/30)
2026-04-23 00:40:32 KST | INFO | 
2026-04-23 00:40:32 KST | INFO | Epoch 149/200 | LR: 0.015773
2026-04-23 00:40:49 KST | INFO |   Train Loss: 0.0720 | Test Loss: 0.3575 | Test Acc: 90.34%
2026-04-23 00:40:49 KST | INFO |   No improvement (4/30)
2026-04-23 00:40:49 KST | INFO | 
2026-04-23 00:40:49 KST | INFO | Epoch 150/200 | LR: 0.015205
2026-04-23 00:41:06 KST | INFO |   Train Loss: 0.0694 | Test Loss: 0.3417 | Test Acc: 90.38%
2026-04-23 00:41:06 KST | INFO |   No improvement (5/30)
2026-04-23 00:41:06 KST | INFO | 
2026-04-23 00:41:06 KST | INFO | Epoch 151/200 | LR: 0.014646
2026-04-23 00:41:23 KST | INFO |   Train Loss: 0.0650 | Test Loss: 0.3260 | Test Acc: 91.13%
2026-04-23 00:41:23 KST | INFO |   No improvement (6/30)
2026-04-23 00:41:23 KST | INFO | 
2026-04-23 00:41:23 KST | INFO | Epoch 152/200 | LR: 0.014095
2026-04-23 00:41:40 KST | INFO |   Train Loss: 0.0644 | Test Loss: 0.3568 | Test Acc: 90.38%
2026-04-23 00:41:40 KST | INFO |   No improvement (7/30)
2026-04-23 00:41:40 KST | INFO | 
2026-04-23 00:41:40 KST | INFO | Epoch 153/200 | LR: 0.013552
2026-04-23 00:41:56 KST | INFO |   Train Loss: 0.0595 | Test Loss: 0.3311 | Test Acc: 90.92%
2026-04-23 00:41:56 KST | INFO |   No improvement (8/30)
2026-04-23 00:41:56 KST | INFO | 
2026-04-23 00:41:56 KST | INFO | Epoch 154/200 | LR: 0.013019
2026-04-23 00:42:13 KST | INFO |   Train Loss: 0.0579 | Test Loss: 0.3475 | Test Acc: 90.62%
2026-04-23 00:42:13 KST | INFO |   No improvement (9/30)
2026-04-23 00:42:13 KST | INFO | 
2026-04-23 00:42:13 KST | INFO | Epoch 155/200 | LR: 0.012495
2026-04-23 00:42:30 KST | INFO |   Train Loss: 0.0584 | Test Loss: 0.3886 | Test Acc: 89.85%
2026-04-23 00:42:30 KST | INFO |   No improvement (10/30)
2026-04-23 00:42:30 KST | INFO | 
2026-04-23 00:42:30 KST | INFO | Epoch 156/200 | LR: 0.011981
2026-04-23 00:42:47 KST | INFO |   Train Loss: 0.0557 | Test Loss: 0.3408 | Test Acc: 91.01%
2026-04-23 00:42:47 KST | INFO |   No improvement (11/30)
2026-04-23 00:42:47 KST | INFO | 
2026-04-23 00:42:47 KST | INFO | Epoch 157/200 | LR: 0.011475
2026-04-23 00:43:03 KST | INFO |   Train Loss: 0.0548 | Test Loss: 0.3203 | Test Acc: 91.57%
2026-04-23 00:43:03 KST | INFO |   🏆 New best accuracy: 91.57%
2026-04-23 00:43:03 KST | INFO | 
2026-04-23 00:43:03 KST | INFO | Epoch 158/200 | LR: 0.010979
2026-04-23 00:43:20 KST | INFO |   Train Loss: 0.0514 | Test Loss: 0.3162 | Test Acc: 91.19%
2026-04-23 00:43:20 KST | INFO |   No improvement (1/30)
2026-04-23 00:43:20 KST | INFO | 
2026-04-23 00:43:20 KST | INFO | Epoch 159/200 | LR: 0.010493
2026-04-23 00:43:36 KST | INFO |   Train Loss: 0.0519 | Test Loss: 0.3377 | Test Acc: 91.16%
2026-04-23 00:43:36 KST | INFO |   No improvement (2/30)
2026-04-23 00:43:36 KST | INFO | 
2026-04-23 00:43:36 KST | INFO | Epoch 160/200 | LR: 0.010017
2026-04-23 00:43:53 KST | INFO |   Train Loss: 0.0478 | Test Loss: 0.3260 | Test Acc: 91.82%
2026-04-23 00:43:53 KST | INFO |   🏆 New best accuracy: 91.82%
2026-04-23 00:43:53 KST | INFO | 
2026-04-23 00:43:53 KST | INFO | Epoch 161/200 | LR: 0.009550
2026-04-23 00:44:10 KST | INFO |   Train Loss: 0.0456 | Test Loss: 0.3308 | Test Acc: 91.50%
2026-04-23 00:44:10 KST | INFO |   No improvement (1/30)
2026-04-23 00:44:10 KST | INFO | 
2026-04-23 00:44:10 KST | INFO | Epoch 162/200 | LR: 0.009093
2026-04-23 00:44:26 KST | INFO |   Train Loss: 0.0447 | Test Loss: 0.3398 | Test Acc: 91.17%
2026-04-23 00:44:26 KST | INFO |   No improvement (2/30)
2026-04-23 00:44:26 KST | INFO | 
2026-04-23 00:44:26 KST | INFO | Epoch 163/200 | LR: 0.008647
2026-04-23 00:44:43 KST | INFO |   Train Loss: 0.0428 | Test Loss: 0.3343 | Test Acc: 91.29%
2026-04-23 00:44:43 KST | INFO |   No improvement (3/30)
2026-04-23 00:44:43 KST | INFO | 
2026-04-23 00:44:43 KST | INFO | Epoch 164/200 | LR: 0.008211
2026-04-23 00:45:00 KST | INFO |   Train Loss: 0.0394 | Test Loss: 0.3509 | Test Acc: 91.02%
2026-04-23 00:45:00 KST | INFO |   No improvement (4/30)
2026-04-23 00:45:00 KST | INFO | 
2026-04-23 00:45:00 KST | INFO | Epoch 165/200 | LR: 0.007785
2026-04-23 00:45:16 KST | INFO |   Train Loss: 0.0386 | Test Loss: 0.3577 | Test Acc: 91.12%
2026-04-23 00:45:16 KST | INFO |   No improvement (5/30)
2026-04-23 00:45:16 KST | INFO | 
2026-04-23 00:45:16 KST | INFO | Epoch 166/200 | LR: 0.007369
2026-04-23 00:45:33 KST | INFO |   Train Loss: 0.0378 | Test Loss: 0.3312 | Test Acc: 91.75%
2026-04-23 00:45:33 KST | INFO |   No improvement (6/30)
2026-04-23 00:45:33 KST | INFO | 
2026-04-23 00:45:33 KST | INFO | Epoch 167/200 | LR: 0.006964
2026-04-23 00:45:50 KST | INFO |   Train Loss: 0.0352 | Test Loss: 0.3429 | Test Acc: 91.39%
2026-04-23 00:45:50 KST | INFO |   No improvement (7/30)
2026-04-23 00:45:50 KST | INFO | 
2026-04-23 00:45:50 KST | INFO | Epoch 168/200 | LR: 0.006569
2026-04-23 00:46:06 KST | INFO |   Train Loss: 0.0355 | Test Loss: 0.3513 | Test Acc: 91.29%
2026-04-23 00:46:06 KST | INFO |   No improvement (8/30)
2026-04-23 00:46:06 KST | INFO | 
2026-04-23 00:46:06 KST | INFO | Epoch 169/200 | LR: 0.006186
2026-04-23 00:46:23 KST | INFO |   Train Loss: 0.0328 | Test Loss: 0.3401 | Test Acc: 91.59%
2026-04-23 00:46:23 KST | INFO |   No improvement (9/30)
2026-04-23 00:46:23 KST | INFO | 
2026-04-23 00:46:23 KST | INFO | Epoch 170/200 | LR: 0.005813
2026-04-23 00:46:40 KST | INFO |   Train Loss: 0.0323 | Test Loss: 0.3390 | Test Acc: 91.36%
2026-04-23 00:46:40 KST | INFO |   No improvement (10/30)
2026-04-23 00:46:40 KST | INFO | 
2026-04-23 00:46:40 KST | INFO | Epoch 171/200 | LR: 0.005451
2026-04-23 00:46:57 KST | INFO |   Train Loss: 0.0294 | Test Loss: 0.3447 | Test Acc: 91.42%
2026-04-23 00:46:57 KST | INFO |   No improvement (11/30)
2026-04-23 00:46:57 KST | INFO | 
2026-04-23 00:46:57 KST | INFO | Epoch 172/200 | LR: 0.005100
2026-04-23 00:47:14 KST | INFO |   Train Loss: 0.0280 | Test Loss: 0.3468 | Test Acc: 91.48%
2026-04-23 00:47:14 KST | INFO |   No improvement (12/30)
2026-04-23 00:47:14 KST | INFO | 
2026-04-23 00:47:14 KST | INFO | Epoch 173/200 | LR: 0.004760
2026-04-23 00:47:31 KST | INFO |   Train Loss: 0.0280 | Test Loss: 0.3397 | Test Acc: 91.43%
2026-04-23 00:47:31 KST | INFO |   No improvement (13/30)
2026-04-23 00:47:31 KST | INFO | 
2026-04-23 00:47:31 KST | INFO | Epoch 174/200 | LR: 0.004431
2026-04-23 00:47:47 KST | INFO |   Train Loss: 0.0262 | Test Loss: 0.3447 | Test Acc: 91.69%
2026-04-23 00:47:47 KST | INFO |   No improvement (14/30)
2026-04-23 00:47:47 KST | INFO | 
2026-04-23 00:47:47 KST | INFO | Epoch 175/200 | LR: 0.004113
2026-04-23 00:48:04 KST | INFO |   Train Loss: 0.0263 | Test Loss: 0.3503 | Test Acc: 91.58%
2026-04-23 00:48:04 KST | INFO |   No improvement (15/30)
2026-04-23 00:48:04 KST | INFO | 
2026-04-23 00:48:04 KST | INFO | Epoch 176/200 | LR: 0.003807
2026-04-23 00:48:21 KST | INFO |   Train Loss: 0.0239 | Test Loss: 0.3481 | Test Acc: 91.41%
2026-04-23 00:48:21 KST | INFO |   No improvement (16/30)
2026-04-23 00:48:21 KST | INFO | 
2026-04-23 00:48:21 KST | INFO | Epoch 177/200 | LR: 0.003512
2026-04-23 00:48:38 KST | INFO |   Train Loss: 0.0229 | Test Loss: 0.3616 | Test Acc: 91.68%
2026-04-23 00:48:38 KST | INFO |   No improvement (17/30)
2026-04-23 00:48:38 KST | INFO | 
2026-04-23 00:48:38 KST | INFO | Epoch 178/200 | LR: 0.003229
2026-04-23 00:48:55 KST | INFO |   Train Loss: 0.0215 | Test Loss: 0.3553 | Test Acc: 91.64%
2026-04-23 00:48:55 KST | INFO |   No improvement (18/30)
2026-04-23 00:48:55 KST | INFO | 
2026-04-23 00:48:55 KST | INFO | Epoch 179/200 | LR: 0.002957
2026-04-23 00:49:12 KST | INFO |   Train Loss: 0.0208 | Test Loss: 0.3702 | Test Acc: 91.41%
2026-04-23 00:49:12 KST | INFO |   No improvement (19/30)
2026-04-23 00:49:12 KST | INFO | 
2026-04-23 00:49:12 KST | INFO | Epoch 180/200 | LR: 0.002697
2026-04-23 00:49:29 KST | INFO |   Train Loss: 0.0191 | Test Loss: 0.3567 | Test Acc: 91.78%
2026-04-23 00:49:29 KST | INFO |   No improvement (20/30)
2026-04-23 00:49:29 KST | INFO | 
2026-04-23 00:49:29 KST | INFO | Epoch 181/200 | LR: 0.002448
2026-04-23 00:49:45 KST | INFO |   Train Loss: 0.0189 | Test Loss: 0.3511 | Test Acc: 91.86%
2026-04-23 00:49:45 KST | INFO |   🏆 New best accuracy: 91.86%
2026-04-23 00:49:45 KST | INFO | 
2026-04-23 00:49:45 KST | INFO | Epoch 182/200 | LR: 0.002211
2026-04-23 00:50:02 KST | INFO |   Train Loss: 0.0179 | Test Loss: 0.3548 | Test Acc: 91.87%
2026-04-23 00:50:02 KST | INFO |   🏆 New best accuracy: 91.87%
2026-04-23 00:50:02 KST | INFO | 
2026-04-23 00:50:02 KST | INFO | Epoch 183/200 | LR: 0.001986
2026-04-23 00:50:19 KST | INFO |   Train Loss: 0.0172 | Test Loss: 0.3473 | Test Acc: 91.94%
2026-04-23 00:50:19 KST | INFO |   🏆 New best accuracy: 91.94%
2026-04-23 00:50:19 KST | INFO | 
2026-04-23 00:50:19 KST | INFO | Epoch 184/200 | LR: 0.001773
2026-04-23 00:50:36 KST | INFO |   Train Loss: 0.0173 | Test Loss: 0.3567 | Test Acc: 91.97%
2026-04-23 00:50:36 KST | INFO |   🏆 New best accuracy: 91.97%
2026-04-23 00:50:36 KST | INFO | 
2026-04-23 00:50:36 KST | INFO | Epoch 185/200 | LR: 0.001572
2026-04-23 00:50:53 KST | INFO |   Train Loss: 0.0155 | Test Loss: 0.3498 | Test Acc: 92.11%
2026-04-23 00:50:53 KST | INFO |   🏆 New best accuracy: 92.11%
2026-04-23 00:50:53 KST | INFO | 
2026-04-23 00:50:53 KST | INFO | Epoch 186/200 | LR: 0.001382
2026-04-23 00:51:10 KST | INFO |   Train Loss: 0.0146 | Test Loss: 0.3550 | Test Acc: 92.07%
2026-04-23 00:51:10 KST | INFO |   No improvement (1/30)
2026-04-23 00:51:10 KST | INFO | 
2026-04-23 00:51:10 KST | INFO | Epoch 187/200 | LR: 0.001205
2026-04-23 00:51:26 KST | INFO |   Train Loss: 0.0151 | Test Loss: 0.3502 | Test Acc: 91.91%
2026-04-23 00:51:26 KST | INFO |   No improvement (2/30)
2026-04-23 00:51:26 KST | INFO | 
2026-04-23 00:51:26 KST | INFO | Epoch 188/200 | LR: 0.001040
2026-04-23 00:51:43 KST | INFO |   Train Loss: 0.0143 | Test Loss: 0.3676 | Test Acc: 91.89%
2026-04-23 00:51:43 KST | INFO |   No improvement (3/30)
2026-04-23 00:51:43 KST | INFO | 
2026-04-23 00:51:43 KST | INFO | Epoch 189/200 | LR: 0.000887
2026-04-23 00:51:59 KST | INFO |   Train Loss: 0.0140 | Test Loss: 0.3515 | Test Acc: 92.02%
2026-04-23 00:51:59 KST | INFO |   No improvement (4/30)
2026-04-23 00:51:59 KST | INFO | 
2026-04-23 00:51:59 KST | INFO | Epoch 190/200 | LR: 0.000746
2026-04-23 00:52:16 KST | INFO |   Train Loss: 0.0134 | Test Loss: 0.3551 | Test Acc: 92.14%
2026-04-23 00:52:16 KST | INFO |   🏆 New best accuracy: 92.14%
2026-04-23 00:52:16 KST | INFO | 
2026-04-23 00:52:16 KST | INFO | Epoch 191/200 | LR: 0.000617
2026-04-23 00:52:34 KST | INFO |   Train Loss: 0.0124 | Test Loss: 0.3569 | Test Acc: 92.01%
2026-04-23 00:52:34 KST | INFO |   No improvement (1/30)
2026-04-23 00:52:34 KST | INFO | 
2026-04-23 00:52:34 KST | INFO | Epoch 192/200 | LR: 0.000500
2026-04-23 00:52:50 KST | INFO |   Train Loss: 0.0127 | Test Loss: 0.3583 | Test Acc: 92.00%
2026-04-23 00:52:50 KST | INFO |   No improvement (2/30)
2026-04-23 00:52:50 KST | INFO | 
2026-04-23 00:52:50 KST | INFO | Epoch 193/200 | LR: 0.000395
2026-04-23 00:53:07 KST | INFO |   Train Loss: 0.0123 | Test Loss: 0.3604 | Test Acc: 92.15%
2026-04-23 00:53:07 KST | INFO |   🏆 New best accuracy: 92.15%
2026-04-23 00:53:07 KST | INFO | 
2026-04-23 00:53:07 KST | INFO | Epoch 194/200 | LR: 0.000303
2026-04-23 00:53:23 KST | INFO |   Train Loss: 0.0121 | Test Loss: 0.3582 | Test Acc: 92.03%
2026-04-23 00:53:23 KST | INFO |   No improvement (1/30)
2026-04-23 00:53:23 KST | INFO | 
2026-04-23 00:53:23 KST | INFO | Epoch 195/200 | LR: 0.000223
2026-04-23 00:53:40 KST | INFO |   Train Loss: 0.0111 | Test Loss: 0.3612 | Test Acc: 92.04%
2026-04-23 00:53:40 KST | INFO |   No improvement (2/30)
2026-04-23 00:53:40 KST | INFO | 
2026-04-23 00:53:40 KST | INFO | Epoch 196/200 | LR: 0.000155
2026-04-23 00:53:57 KST | INFO |   Train Loss: 0.0116 | Test Loss: 0.3611 | Test Acc: 91.99%
2026-04-23 00:53:57 KST | INFO |   No improvement (3/30)
2026-04-23 00:53:57 KST | INFO | 
2026-04-23 00:53:57 KST | INFO | Epoch 197/200 | LR: 0.000100
2026-04-23 00:54:14 KST | INFO |   Train Loss: 0.0111 | Test Loss: 0.3609 | Test Acc: 92.01%
2026-04-23 00:54:14 KST | INFO |   No improvement (4/30)
2026-04-23 00:54:14 KST | INFO | 
2026-04-23 00:54:14 KST | INFO | Epoch 198/200 | LR: 0.000057
2026-04-23 00:54:30 KST | INFO |   Train Loss: 0.0121 | Test Loss: 0.3605 | Test Acc: 92.03%
2026-04-23 00:54:30 KST | INFO |   No improvement (5/30)
2026-04-23 00:54:30 KST | INFO | 
2026-04-23 00:54:30 KST | INFO | Epoch 199/200 | LR: 0.000026
2026-04-23 00:54:48 KST | INFO |   Train Loss: 0.0114 | Test Loss: 0.3597 | Test Acc: 91.99%
2026-04-23 00:54:48 KST | INFO |   No improvement (6/30)
2026-04-23 00:54:48 KST | INFO | 
2026-04-23 00:54:48 KST | INFO | Epoch 200/200 | LR: 0.000007
2026-04-23 00:55:04 KST | INFO |   Train Loss: 0.0117 | Test Loss: 0.3596 | Test Acc: 91.95%
2026-04-23 00:55:04 KST | INFO |   No improvement (7/30)
2026-04-23 00:55:04 KST | INFO | 
2026-04-23 00:55:04 KST | INFO | ================================================================================
2026-04-23 00:55:04 KST | INFO | TRAINING COMPLETE
2026-04-23 00:55:04 KST | INFO | ================================================================================
2026-04-23 00:55:04 KST | INFO | Best accuracy:  92.15% (Epoch 193)
2026-04-23 00:55:04 KST | INFO | Final accuracy: 91.95%
2026-04-23 00:55:04 KST | INFO | ================================================================================
2026-04-23 00:55:04 KST | INFO | 
2026-04-23 00:55:04 KST | INFO | Full log: logs/centralized_20260422_235906.log
2026-04-23 00:55:04 KST | INFO | ================================================================================
