2026-02-09 19:17:59 KST | INFO | ================================================================================
2026-02-09 19:17:59 KST | INFO | TL++ Orchestrator
2026-02-09 19:17:59 KST | INFO | ================================================================================
2026-02-09 19:17:59 KST | INFO | Log file: logs/TL++_base_20260209_191759.log
2026-02-09 19:17:59 KST | INFO | 
2026-02-09 19:17:59 KST | INFO | --------------------------------------------------------------------------------
2026-02-09 19:17:59 KST | INFO | CONFIGURATION
2026-02-09 19:17:59 KST | INFO | --------------------------------------------------------------------------------
2026-02-09 19:17:59 KST | INFO | Secure mode:      False
2026-02-09 19:17:59 KST | INFO | Nodes:            8
2026-02-09 19:17:59 KST | INFO | Cut layer:        3
2026-02-09 19:17:59 KST | INFO | Batch size:       128
2026-02-09 19:17:59 KST | INFO | Learning rate:    0.1
2026-02-09 19:17:59 KST | INFO | 
2026-02-09 19:17:59 KST | INFO | Computation device: cuda
2026-02-09 19:17:59 KST | INFO | Secure mode: DISABLED
2026-02-09 19:17:59 KST | INFO | 
2026-02-09 19:17:59 KST | INFO | --------------------------------------------------------------------------------
2026-02-09 19:17:59 KST | INFO | NETWORK SETUP
2026-02-09 19:17:59 KST | INFO | --------------------------------------------------------------------------------
2026-02-09 19:17:59 KST | INFO | ✓ Orchestrator listening on 127.0.0.1:8080
2026-02-09 19:17:59 KST | INFO | Waiting for 8 node(s)...
2026-02-09 19:18:02 KST | INFO |   ✓ Node 1/8 connected
2026-02-09 19:18:03 KST | INFO |   ✓ Node 2/8 connected
2026-02-09 19:18:04 KST | INFO |   ✓ Node 3/8 connected
2026-02-09 19:18:05 KST | INFO |   ✓ Node 4/8 connected
2026-02-09 19:18:06 KST | INFO |   ✓ Node 5/8 connected
2026-02-09 19:18:07 KST | INFO |   ✓ Node 6/8 connected
2026-02-09 19:18:08 KST | INFO |   ✓ Node 7/8 connected
2026-02-09 19:18:09 KST | INFO |   ✓ Node 8/8 connected
2026-02-09 19:18:09 KST | INFO | ✓ All 8 node(s) connected
2026-02-09 19:18:09 KST | INFO | 
2026-02-09 19:18:09 KST | INFO | --------------------------------------------------------------------------------
2026-02-09 19:18:09 KST | INFO | MODEL INITIALIZATION
2026-02-09 19:18:09 KST | INFO | --------------------------------------------------------------------------------
2026-02-09 19:18:09 KST | INFO | Node-side parameters: 3,243,072
2026-02-09 19:18:09 KST | INFO | 
2026-02-09 19:18:09 KST | INFO | --------------------------------------------------------------------------------
2026-02-09 19:18:09 KST | INFO | BROADCASTING CONFIGURATION
2026-02-09 19:18:09 KST | INFO | --------------------------------------------------------------------------------
2026-02-09 19:18:09 KST | INFO | ✓ Configuration broadcast to all nodes
2026-02-09 19:18:11 KST | INFO | 
2026-02-09 19:18:11 KST | INFO | Total parameters:     3,247,176
2026-02-09 19:18:11 KST | INFO | Trainable parameters: 3,247,176
2026-02-09 19:18:11 KST | INFO | 
2026-02-09 19:18:11 KST | INFO | --------------------------------------------------------------------------------
2026-02-09 19:18:11 KST | INFO | DATA LOADING
2026-02-09 19:18:11 KST | INFO | --------------------------------------------------------------------------------
2026-02-09 19:18:38 KST | INFO | ✓ Dataset information collected:
2026-02-09 19:18:38 KST | INFO |     Node 1: 5,000 samples
2026-02-09 19:18:38 KST | INFO |     Node 2: 5,000 samples
2026-02-09 19:18:38 KST | INFO |     Node 3: 5,000 samples
2026-02-09 19:18:38 KST | INFO |     Node 4: 5,000 samples
2026-02-09 19:18:38 KST | INFO |     Node 5: 5,000 samples
2026-02-09 19:18:38 KST | INFO |     Node 6: 5,000 samples
2026-02-09 19:18:38 KST | INFO |     Node 7: 5,000 samples
2026-02-09 19:18:38 KST | INFO |     Node 8: 5,000 samples
2026-02-09 19:18:38 KST | INFO |   Total training samples: 40,000
2026-02-09 19:18:38 KST | INFO | 
2026-02-09 19:18:41 KST | INFO | ✓ Test dataset loaded: 8,000 samples
2026-02-09 19:18:41 KST | INFO | 
2026-02-09 19:18:41 KST | INFO | ✓ Batch scheduler: 313 batches/epoch
2026-02-09 19:18:41 KST | INFO | 
2026-02-09 19:18:41 KST | INFO | --------------------------------------------------------------------------------
2026-02-09 19:18:41 KST | INFO | OPTIMIZATION SETUP
2026-02-09 19:18:41 KST | INFO | --------------------------------------------------------------------------------
2026-02-09 19:18:41 KST | INFO | ✓ Optimizer: SGD (lr=0.1, momentum=0.9)
2026-02-09 19:18:41 KST | INFO | ✓ Scheduler: cosine
2026-02-09 19:18:41 KST | INFO | ✓ Gradient clipping: 1.0
2026-02-09 19:18:41 KST | INFO | 
2026-02-09 19:18:41 KST | INFO | ================================================================================
2026-02-09 19:18:41 KST | INFO | Setup complete - Ready for training
2026-02-09 19:18:41 KST | INFO | ================================================================================
2026-02-09 19:18:41 KST | INFO | 
2026-02-09 19:18:41 KST | INFO | --------------------------------------------------------------------------------
2026-02-09 19:18:41 KST | INFO | TRAINING
2026-02-09 19:18:41 KST | INFO | --------------------------------------------------------------------------------
2026-02-09 19:18:41 KST | INFO | 
2026-02-09 19:18:41 KST | INFO | Epoch 1/200 | LR: 0.100000
2026-02-09 19:20:29 KST | INFO |   Train Loss: 1.6551 | Test Loss: 0.0053 | Test Acc: 50.54%
2026-02-09 19:20:29 KST | INFO |   🏆 New best accuracy: 50.54%
2026-02-09 19:20:29 KST | INFO | 
2026-02-09 19:20:29 KST | INFO | Epoch 2/200 | LR: 0.099994
2026-02-09 19:22:13 KST | INFO |   Train Loss: 1.2835 | Test Loss: 0.0044 | Test Acc: 59.46%
2026-02-09 19:22:13 KST | INFO |   🏆 New best accuracy: 59.46%
2026-02-09 19:22:13 KST | INFO | 
2026-02-09 19:22:13 KST | INFO | Epoch 3/200 | LR: 0.099975
2026-02-09 19:24:07 KST | INFO |   Train Loss: 1.0834 | Test Loss: 0.0039 | Test Acc: 64.54%
2026-02-09 19:24:07 KST | INFO |   🏆 New best accuracy: 64.54%
2026-02-09 19:24:07 KST | INFO | 
2026-02-09 19:24:07 KST | INFO | Epoch 4/200 | LR: 0.099944
2026-02-09 19:25:57 KST | INFO |   Train Loss: 0.9431 | Test Loss: 0.0033 | Test Acc: 70.84%
2026-02-09 19:25:57 KST | INFO |   🏆 New best accuracy: 70.84%
2026-02-09 19:25:57 KST | INFO | 
2026-02-09 19:25:57 KST | INFO | Epoch 5/200 | LR: 0.099901
2026-02-09 19:27:49 KST | INFO |   Train Loss: 0.8433 | Test Loss: 0.0028 | Test Acc: 75.04%
2026-02-09 19:27:49 KST | INFO |   🏆 New best accuracy: 75.04%
2026-02-09 19:27:49 KST | INFO | 
2026-02-09 19:27:49 KST | INFO | Epoch 6/200 | LR: 0.099846
2026-02-09 19:29:44 KST | INFO |   Train Loss: 0.7713 | Test Loss: 0.0028 | Test Acc: 75.39%
2026-02-09 19:29:44 KST | INFO |   🏆 New best accuracy: 75.39%
2026-02-09 19:29:44 KST | INFO | 
2026-02-09 19:29:44 KST | INFO | Epoch 7/200 | LR: 0.099778
2026-02-09 19:31:37 KST | INFO |   Train Loss: 0.7111 | Test Loss: 0.0029 | Test Acc: 74.88%
2026-02-09 19:31:37 KST | INFO |   No improvement (1/30)
2026-02-09 19:31:37 KST | INFO | 
2026-02-09 19:31:37 KST | INFO | Epoch 8/200 | LR: 0.099698
2026-02-09 19:33:31 KST | INFO |   Train Loss: 0.6666 | Test Loss: 0.0031 | Test Acc: 74.05%
2026-02-09 19:33:31 KST | INFO |   No improvement (2/30)
2026-02-09 19:33:31 KST | INFO | 
2026-02-09 19:33:31 KST | INFO | Epoch 9/200 | LR: 0.099606
2026-02-09 19:35:19 KST | INFO |   Train Loss: 0.6431 | Test Loss: 0.0024 | Test Acc: 79.56%
2026-02-09 19:35:19 KST | INFO |   🏆 New best accuracy: 79.56%
2026-02-09 19:35:19 KST | INFO | 
2026-02-09 19:35:19 KST | INFO | Epoch 10/200 | LR: 0.099501
2026-02-09 19:37:10 KST | INFO |   Train Loss: 0.6056 | Test Loss: 0.0026 | Test Acc: 78.08%
2026-02-09 19:37:10 KST | INFO |   No improvement (1/30)
2026-02-09 19:37:10 KST | INFO | 
2026-02-09 19:37:10 KST | INFO | Epoch 11/200 | LR: 0.099384
2026-02-09 19:38:58 KST | INFO |   Train Loss: 0.5838 | Test Loss: 0.0023 | Test Acc: 79.62%
2026-02-09 19:38:58 KST | INFO |   🏆 New best accuracy: 79.62%
2026-02-09 19:38:58 KST | INFO | 
2026-02-09 19:38:58 KST | INFO | Epoch 12/200 | LR: 0.099255
2026-02-09 19:40:51 KST | INFO |   Train Loss: 0.5669 | Test Loss: 0.0022 | Test Acc: 80.94%
2026-02-09 19:40:51 KST | INFO |   🏆 New best accuracy: 80.94%
2026-02-09 19:40:51 KST | INFO | 
2026-02-09 19:40:51 KST | INFO | Epoch 13/200 | LR: 0.099114
2026-02-09 19:42:40 KST | INFO |   Train Loss: 0.5467 | Test Loss: 0.0021 | Test Acc: 82.62%
2026-02-09 19:42:40 KST | INFO |   🏆 New best accuracy: 82.62%
2026-02-09 19:42:40 KST | INFO | 
2026-02-09 19:42:40 KST | INFO | Epoch 14/200 | LR: 0.098961
2026-02-09 19:44:27 KST | INFO |   Train Loss: 0.5282 | Test Loss: 0.0024 | Test Acc: 79.74%
2026-02-09 19:44:27 KST | INFO |   No improvement (1/30)
2026-02-09 19:44:27 KST | INFO | 
2026-02-09 19:44:27 KST | INFO | Epoch 15/200 | LR: 0.098796
2026-02-09 19:46:15 KST | INFO |   Train Loss: 0.5162 | Test Loss: 0.0022 | Test Acc: 81.49%
2026-02-09 19:46:15 KST | INFO |   No improvement (2/30)
2026-02-09 19:46:15 KST | INFO | 
2026-02-09 19:46:15 KST | INFO | Epoch 16/200 | LR: 0.098619
2026-02-09 19:48:03 KST | INFO |   Train Loss: 0.4991 | Test Loss: 0.0022 | Test Acc: 81.31%
2026-02-09 19:48:03 KST | INFO |   No improvement (3/30)
2026-02-09 19:48:03 KST | INFO | 
2026-02-09 19:48:03 KST | INFO | Epoch 17/200 | LR: 0.098429
2026-02-09 19:49:55 KST | INFO |   Train Loss: 0.4923 | Test Loss: 0.0021 | Test Acc: 82.11%
2026-02-09 19:49:55 KST | INFO |   No improvement (4/30)
2026-02-09 19:49:55 KST | INFO | 
2026-02-09 19:49:55 KST | INFO | Epoch 18/200 | LR: 0.098228
2026-02-09 19:51:49 KST | INFO |   Train Loss: 0.4773 | Test Loss: 0.0021 | Test Acc: 81.97%
2026-02-09 19:51:49 KST | INFO |   No improvement (5/30)
2026-02-09 19:51:49 KST | INFO | 
2026-02-09 19:51:49 KST | INFO | Epoch 19/200 | LR: 0.098015
2026-02-09 19:53:39 KST | INFO |   Train Loss: 0.4690 | Test Loss: 0.0020 | Test Acc: 82.86%
2026-02-09 19:53:39 KST | INFO |   🏆 New best accuracy: 82.86%
2026-02-09 19:53:39 KST | INFO | 
2026-02-09 19:53:39 KST | INFO | Epoch 20/200 | LR: 0.097790
2026-02-09 19:55:27 KST | INFO |   Train Loss: 0.4615 | Test Loss: 0.0021 | Test Acc: 82.40%
2026-02-09 19:55:27 KST | INFO |   No improvement (1/30)
2026-02-09 19:55:27 KST | INFO | 
2026-02-09 19:55:27 KST | INFO | Epoch 21/200 | LR: 0.097553
2026-02-09 19:57:19 KST | INFO |   Train Loss: 0.4564 | Test Loss: 0.0021 | Test Acc: 82.41%
2026-02-09 19:57:19 KST | INFO |   No improvement (2/30)
2026-02-09 19:57:19 KST | INFO | 
2026-02-09 19:57:19 KST | INFO | Epoch 22/200 | LR: 0.097304
2026-02-09 19:59:10 KST | INFO |   Train Loss: 0.4433 | Test Loss: 0.0017 | Test Acc: 85.08%
2026-02-09 19:59:10 KST | INFO |   🏆 New best accuracy: 85.08%
2026-02-09 19:59:10 KST | INFO | 
2026-02-09 19:59:10 KST | INFO | Epoch 23/200 | LR: 0.097044
2026-02-09 20:01:03 KST | INFO |   Train Loss: 0.4387 | Test Loss: 0.0020 | Test Acc: 83.34%
2026-02-09 20:01:03 KST | INFO |   No improvement (1/30)
2026-02-09 20:01:03 KST | INFO | 
2026-02-09 20:01:03 KST | INFO | Epoch 24/200 | LR: 0.096772
2026-02-09 20:02:50 KST | INFO |   Train Loss: 0.4306 | Test Loss: 0.0017 | Test Acc: 85.46%
2026-02-09 20:02:50 KST | INFO |   🏆 New best accuracy: 85.46%
2026-02-09 20:02:50 KST | INFO | 
2026-02-09 20:02:50 KST | INFO | Epoch 25/200 | LR: 0.096489
2026-02-09 20:04:39 KST | INFO |   Train Loss: 0.4259 | Test Loss: 0.0021 | Test Acc: 82.85%
2026-02-09 20:04:39 KST | INFO |   No improvement (1/30)
2026-02-09 20:04:39 KST | INFO | 
2026-02-09 20:04:39 KST | INFO | Epoch 26/200 | LR: 0.096194
2026-02-09 20:06:27 KST | INFO |   Train Loss: 0.4217 | Test Loss: 0.0016 | Test Acc: 85.75%
2026-02-09 20:06:27 KST | INFO |   🏆 New best accuracy: 85.75%
2026-02-09 20:06:27 KST | INFO | 
2026-02-09 20:06:27 KST | INFO | Epoch 27/200 | LR: 0.095888
2026-02-09 20:08:22 KST | INFO |   Train Loss: 0.4157 | Test Loss: 0.0017 | Test Acc: 85.60%
2026-02-09 20:08:22 KST | INFO |   No improvement (1/30)
2026-02-09 20:08:22 KST | INFO | 
2026-02-09 20:08:22 KST | INFO | Epoch 28/200 | LR: 0.095570
2026-02-09 20:10:15 KST | INFO |   Train Loss: 0.4039 | Test Loss: 0.0016 | Test Acc: 85.79%
2026-02-09 20:10:15 KST | INFO |   🏆 New best accuracy: 85.79%
2026-02-09 20:10:15 KST | INFO | 
2026-02-09 20:10:15 KST | INFO | Epoch 29/200 | LR: 0.095241
2026-02-09 20:12:08 KST | INFO |   Train Loss: 0.4036 | Test Loss: 0.0018 | Test Acc: 84.62%
2026-02-09 20:12:08 KST | INFO |   No improvement (1/30)
2026-02-09 20:12:08 KST | INFO | 
2026-02-09 20:12:08 KST | INFO | Epoch 30/200 | LR: 0.094901
2026-02-09 20:14:02 KST | INFO |   Train Loss: 0.3951 | Test Loss: 0.0018 | Test Acc: 84.24%
2026-02-09 20:14:02 KST | INFO |   No improvement (2/30)
2026-02-09 20:14:02 KST | INFO | 
2026-02-09 20:14:02 KST | INFO | Epoch 31/200 | LR: 0.094550
2026-02-09 20:15:56 KST | INFO |   Train Loss: 0.3941 | Test Loss: 0.0018 | Test Acc: 84.45%
2026-02-09 20:15:56 KST | INFO |   No improvement (3/30)
2026-02-09 20:15:56 KST | INFO | 
2026-02-09 20:15:56 KST | INFO | Epoch 32/200 | LR: 0.094188
2026-02-09 20:17:45 KST | INFO |   Train Loss: 0.3910 | Test Loss: 0.0019 | Test Acc: 83.56%
2026-02-09 20:17:45 KST | INFO |   No improvement (4/30)
2026-02-09 20:17:45 KST | INFO | 
2026-02-09 20:17:45 KST | INFO | Epoch 33/200 | LR: 0.093815
2026-02-09 20:19:35 KST | INFO |   Train Loss: 0.3845 | Test Loss: 0.0017 | Test Acc: 85.01%
2026-02-09 20:19:35 KST | INFO |   No improvement (5/30)
2026-02-09 20:19:35 KST | INFO | 
2026-02-09 20:19:35 KST | INFO | Epoch 34/200 | LR: 0.093432
2026-02-09 20:21:25 KST | INFO |   Train Loss: 0.3780 | Test Loss: 0.0017 | Test Acc: 85.12%
2026-02-09 20:21:25 KST | INFO |   No improvement (6/30)
2026-02-09 20:21:25 KST | INFO | 
2026-02-09 20:21:25 KST | INFO | Epoch 35/200 | LR: 0.093037
2026-02-09 20:23:17 KST | INFO |   Train Loss: 0.3764 | Test Loss: 0.0017 | Test Acc: 85.46%
2026-02-09 20:23:17 KST | INFO |   No improvement (7/30)
2026-02-09 20:23:17 KST | INFO | 
2026-02-09 20:23:17 KST | INFO | Epoch 36/200 | LR: 0.092632
2026-02-09 20:25:09 KST | INFO |   Train Loss: 0.3763 | Test Loss: 0.0017 | Test Acc: 86.25%
2026-02-09 20:25:09 KST | INFO |   🏆 New best accuracy: 86.25%
2026-02-09 20:25:09 KST | INFO | 
2026-02-09 20:25:09 KST | INFO | Epoch 37/200 | LR: 0.092216
2026-02-09 20:26:57 KST | INFO |   Train Loss: 0.3732 | Test Loss: 0.0017 | Test Acc: 85.70%
2026-02-09 20:26:57 KST | INFO |   No improvement (1/30)
2026-02-09 20:26:57 KST | INFO | 
2026-02-09 20:26:57 KST | INFO | Epoch 38/200 | LR: 0.091790
2026-02-09 20:28:49 KST | INFO |   Train Loss: 0.3704 | Test Loss: 0.0017 | Test Acc: 85.83%
2026-02-09 20:28:49 KST | INFO |   No improvement (2/30)
2026-02-09 20:28:49 KST | INFO | 
2026-02-09 20:28:49 KST | INFO | Epoch 39/200 | LR: 0.091354
2026-02-09 20:30:38 KST | INFO |   Train Loss: 0.3650 | Test Loss: 0.0017 | Test Acc: 86.24%
2026-02-09 20:30:38 KST | INFO |   No improvement (3/30)
2026-02-09 20:30:38 KST | INFO | 
2026-02-09 20:30:38 KST | INFO | Epoch 40/200 | LR: 0.090908
2026-02-09 20:32:26 KST | INFO |   Train Loss: 0.3625 | Test Loss: 0.0016 | Test Acc: 86.38%
2026-02-09 20:32:26 KST | INFO |   🏆 New best accuracy: 86.38%
2026-02-09 20:32:26 KST | INFO | 
2026-02-09 20:32:26 KST | INFO | Epoch 41/200 | LR: 0.090451
2026-02-09 20:34:21 KST | INFO |   Train Loss: 0.3619 | Test Loss: 0.0018 | Test Acc: 85.10%
2026-02-09 20:34:21 KST | INFO |   No improvement (1/30)
2026-02-09 20:34:21 KST | INFO | 
2026-02-09 20:34:21 KST | INFO | Epoch 42/200 | LR: 0.089984
2026-02-09 20:36:17 KST | INFO |   Train Loss: 0.3577 | Test Loss: 0.0016 | Test Acc: 86.12%
2026-02-09 20:36:17 KST | INFO |   No improvement (2/30)
2026-02-09 20:36:17 KST | INFO | 
2026-02-09 20:36:17 KST | INFO | Epoch 43/200 | LR: 0.089508
2026-02-09 20:38:08 KST | INFO |   Train Loss: 0.3540 | Test Loss: 0.0018 | Test Acc: 84.71%
2026-02-09 20:38:08 KST | INFO |   No improvement (3/30)
2026-02-09 20:38:08 KST | INFO | 
2026-02-09 20:38:08 KST | INFO | Epoch 44/200 | LR: 0.089022
2026-02-09 20:39:56 KST | INFO |   Train Loss: 0.3544 | Test Loss: 0.0016 | Test Acc: 86.56%
2026-02-09 20:39:56 KST | INFO |   🏆 New best accuracy: 86.56%
2026-02-09 20:39:56 KST | INFO | 
2026-02-09 20:39:56 KST | INFO | Epoch 45/200 | LR: 0.088526
2026-02-09 20:41:49 KST | INFO |   Train Loss: 0.3460 | Test Loss: 0.0018 | Test Acc: 85.22%
2026-02-09 20:41:49 KST | INFO |   No improvement (1/30)
2026-02-09 20:41:49 KST | INFO | 
2026-02-09 20:41:49 KST | INFO | Epoch 46/200 | LR: 0.088020
2026-02-09 20:43:41 KST | INFO |   Train Loss: 0.3438 | Test Loss: 0.0018 | Test Acc: 84.96%
2026-02-09 20:43:41 KST | INFO |   No improvement (2/30)
2026-02-09 20:43:41 KST | INFO | 
2026-02-09 20:43:41 KST | INFO | Epoch 47/200 | LR: 0.087506
2026-02-09 20:45:30 KST | INFO |   Train Loss: 0.3424 | Test Loss: 0.0017 | Test Acc: 85.70%
2026-02-09 20:45:30 KST | INFO |   No improvement (3/30)
2026-02-09 20:45:30 KST | INFO | 
2026-02-09 20:45:30 KST | INFO | Epoch 48/200 | LR: 0.086982
2026-02-09 20:47:21 KST | INFO |   Train Loss: 0.3426 | Test Loss: 0.0015 | Test Acc: 87.01%
2026-02-09 20:47:21 KST | INFO |   🏆 New best accuracy: 87.01%
2026-02-09 20:47:21 KST | INFO | 
2026-02-09 20:47:21 KST | INFO | Epoch 49/200 | LR: 0.086449
2026-02-09 20:49:10 KST | INFO |   Train Loss: 0.3380 | Test Loss: 0.0018 | Test Acc: 85.20%
2026-02-09 20:49:10 KST | INFO |   No improvement (1/30)
2026-02-09 20:49:10 KST | INFO | 
2026-02-09 20:49:10 KST | INFO | Epoch 50/200 | LR: 0.085906
2026-02-09 20:51:04 KST | INFO |   Train Loss: 0.3342 | Test Loss: 0.0016 | Test Acc: 86.56%
2026-02-09 20:51:04 KST | INFO |   No improvement (2/30)
2026-02-09 20:51:04 KST | INFO | 
2026-02-09 20:51:04 KST | INFO | Epoch 51/200 | LR: 0.085355
2026-02-09 20:52:53 KST | INFO |   Train Loss: 0.3297 | Test Loss: 0.0018 | Test Acc: 84.40%
2026-02-09 20:52:53 KST | INFO |   No improvement (3/30)
2026-02-09 20:52:53 KST | INFO | 
2026-02-09 20:52:53 KST | INFO | Epoch 52/200 | LR: 0.084796
2026-02-09 20:54:47 KST | INFO |   Train Loss: 0.3314 | Test Loss: 0.0020 | Test Acc: 83.45%
2026-02-09 20:54:47 KST | INFO |   No improvement (4/30)
2026-02-09 20:54:47 KST | INFO | 
2026-02-09 20:54:47 KST | INFO | Epoch 53/200 | LR: 0.084228
2026-02-09 20:56:37 KST | INFO |   Train Loss: 0.3272 | Test Loss: 0.0015 | Test Acc: 86.72%
2026-02-09 20:56:37 KST | INFO |   No improvement (5/30)
2026-02-09 20:56:37 KST | INFO | 
2026-02-09 20:56:37 KST | INFO | Epoch 54/200 | LR: 0.083651
2026-02-09 20:58:23 KST | INFO |   Train Loss: 0.3248 | Test Loss: 0.0016 | Test Acc: 86.24%
2026-02-09 20:58:23 KST | INFO |   No improvement (6/30)
2026-02-09 20:58:23 KST | INFO | 
2026-02-09 20:58:23 KST | INFO | Epoch 55/200 | LR: 0.083066
2026-02-09 21:00:10 KST | INFO |   Train Loss: 0.3209 | Test Loss: 0.0016 | Test Acc: 86.59%
2026-02-09 21:00:10 KST | INFO |   No improvement (7/30)
2026-02-09 21:00:10 KST | INFO | 
2026-02-09 21:00:10 KST | INFO | Epoch 56/200 | LR: 0.082473
2026-02-09 21:01:57 KST | INFO |   Train Loss: 0.3202 | Test Loss: 0.0014 | Test Acc: 88.00%
2026-02-09 21:01:57 KST | INFO |   🏆 New best accuracy: 88.00%
2026-02-09 21:01:57 KST | INFO | 
2026-02-09 21:01:57 KST | INFO | Epoch 57/200 | LR: 0.081871
2026-02-09 21:03:45 KST | INFO |   Train Loss: 0.3192 | Test Loss: 0.0017 | Test Acc: 85.70%
2026-02-09 21:03:45 KST | INFO |   No improvement (1/30)
2026-02-09 21:03:45 KST | INFO | 
2026-02-09 21:03:45 KST | INFO | Epoch 58/200 | LR: 0.081262
2026-02-09 21:05:32 KST | INFO |   Train Loss: 0.3147 | Test Loss: 0.0015 | Test Acc: 87.44%
2026-02-09 21:05:32 KST | INFO |   No improvement (2/30)
2026-02-09 21:05:32 KST | INFO | 
2026-02-09 21:05:32 KST | INFO | Epoch 59/200 | LR: 0.080646
2026-02-09 21:07:20 KST | INFO |   Train Loss: 0.3131 | Test Loss: 0.0017 | Test Acc: 86.89%
2026-02-09 21:07:20 KST | INFO |   No improvement (3/30)
2026-02-09 21:07:20 KST | INFO | 
2026-02-09 21:07:20 KST | INFO | Epoch 60/200 | LR: 0.080021
2026-02-09 21:09:07 KST | INFO |   Train Loss: 0.3113 | Test Loss: 0.0015 | Test Acc: 87.29%
2026-02-09 21:09:07 KST | INFO |   No improvement (4/30)
2026-02-09 21:09:07 KST | INFO | 
2026-02-09 21:09:07 KST | INFO | Epoch 61/200 | LR: 0.079389
2026-02-09 21:10:54 KST | INFO |   Train Loss: 0.3132 | Test Loss: 0.0018 | Test Acc: 85.41%
2026-02-09 21:10:54 KST | INFO |   No improvement (5/30)
2026-02-09 21:10:54 KST | INFO | 
2026-02-09 21:10:54 KST | INFO | Epoch 62/200 | LR: 0.078750
2026-02-09 21:12:42 KST | INFO |   Train Loss: 0.3058 | Test Loss: 0.0016 | Test Acc: 86.56%
2026-02-09 21:12:42 KST | INFO |   No improvement (6/30)
2026-02-09 21:12:42 KST | INFO | 
2026-02-09 21:12:42 KST | INFO | Epoch 63/200 | LR: 0.078104
2026-02-09 21:14:32 KST | INFO |   Train Loss: 0.3013 | Test Loss: 0.0015 | Test Acc: 86.94%
2026-02-09 21:14:32 KST | INFO |   No improvement (7/30)
2026-02-09 21:14:32 KST | INFO | 
2026-02-09 21:14:32 KST | INFO | Epoch 64/200 | LR: 0.077451
2026-02-09 21:16:20 KST | INFO |   Train Loss: 0.3025 | Test Loss: 0.0015 | Test Acc: 87.46%
2026-02-09 21:16:20 KST | INFO |   No improvement (8/30)
2026-02-09 21:16:20 KST | INFO | 
2026-02-09 21:16:20 KST | INFO | Epoch 65/200 | LR: 0.076792
2026-02-09 21:18:08 KST | INFO |   Train Loss: 0.3000 | Test Loss: 0.0016 | Test Acc: 86.94%
2026-02-09 21:18:08 KST | INFO |   No improvement (9/30)
2026-02-09 21:18:08 KST | INFO | 
2026-02-09 21:18:08 KST | INFO | Epoch 66/200 | LR: 0.076125
2026-02-09 21:19:55 KST | INFO |   Train Loss: 0.2996 | Test Loss: 0.0025 | Test Acc: 80.79%
2026-02-09 21:19:55 KST | INFO |   No improvement (10/30)
2026-02-09 21:19:55 KST | INFO | 
2026-02-09 21:19:55 KST | INFO | Epoch 67/200 | LR: 0.075452
2026-02-09 21:21:46 KST | INFO |   Train Loss: 0.2932 | Test Loss: 0.0016 | Test Acc: 86.67%
2026-02-09 21:21:46 KST | INFO |   No improvement (11/30)
2026-02-09 21:21:46 KST | INFO | 
2026-02-09 21:21:46 KST | INFO | Epoch 68/200 | LR: 0.074773
2026-02-09 21:23:33 KST | INFO |   Train Loss: 0.2877 | Test Loss: 0.0015 | Test Acc: 87.55%
2026-02-09 21:23:33 KST | INFO |   No improvement (12/30)
2026-02-09 21:23:33 KST | INFO | 
2026-02-09 21:23:33 KST | INFO | Epoch 69/200 | LR: 0.074088
2026-02-09 21:25:26 KST | INFO |   Train Loss: 0.2944 | Test Loss: 0.0017 | Test Acc: 85.66%
2026-02-09 21:25:26 KST | INFO |   No improvement (13/30)
2026-02-09 21:25:26 KST | INFO | 
2026-02-09 21:25:26 KST | INFO | Epoch 70/200 | LR: 0.073397
2026-02-09 21:27:14 KST | INFO |   Train Loss: 0.2897 | Test Loss: 0.0016 | Test Acc: 86.90%
2026-02-09 21:27:14 KST | INFO |   No improvement (14/30)
2026-02-09 21:27:14 KST | INFO | 
2026-02-09 21:27:14 KST | INFO | Epoch 71/200 | LR: 0.072700
2026-02-09 21:29:03 KST | INFO |   Train Loss: 0.2856 | Test Loss: 0.0016 | Test Acc: 87.09%
2026-02-09 21:29:03 KST | INFO |   No improvement (15/30)
2026-02-09 21:29:03 KST | INFO | 
2026-02-09 21:29:03 KST | INFO | Epoch 72/200 | LR: 0.071997
2026-02-09 21:30:54 KST | INFO |   Train Loss: 0.2865 | Test Loss: 0.0016 | Test Acc: 86.84%
2026-02-09 21:30:54 KST | INFO |   No improvement (16/30)
2026-02-09 21:30:54 KST | INFO | 
2026-02-09 21:30:54 KST | INFO | Epoch 73/200 | LR: 0.071289
2026-02-09 21:32:49 KST | INFO |   Train Loss: 0.2863 | Test Loss: 0.0015 | Test Acc: 87.46%
2026-02-09 21:32:49 KST | INFO |   No improvement (17/30)
2026-02-09 21:32:49 KST | INFO | 
2026-02-09 21:32:49 KST | INFO | Epoch 74/200 | LR: 0.070576
2026-02-09 21:34:35 KST | INFO |   Train Loss: 0.2770 | Test Loss: 0.0019 | Test Acc: 85.46%
2026-02-09 21:34:35 KST | INFO |   No improvement (18/30)
2026-02-09 21:34:35 KST | INFO | 
2026-02-09 21:34:35 KST | INFO | Epoch 75/200 | LR: 0.069858
2026-02-09 21:36:25 KST | INFO |   Train Loss: 0.2759 | Test Loss: 0.0017 | Test Acc: 85.53%
2026-02-09 21:36:25 KST | INFO |   No improvement (19/30)
2026-02-09 21:36:25 KST | INFO | 
2026-02-09 21:36:25 KST | INFO | Epoch 76/200 | LR: 0.069134
2026-02-09 21:38:13 KST | INFO |   Train Loss: 0.2760 | Test Loss: 0.0015 | Test Acc: 87.54%
2026-02-09 21:38:13 KST | INFO |   No improvement (20/30)
2026-02-09 21:38:13 KST | INFO | 
2026-02-09 21:38:13 KST | INFO | Epoch 77/200 | LR: 0.068407
2026-02-09 21:40:00 KST | INFO |   Train Loss: 0.2744 | Test Loss: 0.0014 | Test Acc: 88.01%
2026-02-09 21:40:00 KST | INFO |   🏆 New best accuracy: 88.01%
2026-02-09 21:40:00 KST | INFO | 
2026-02-09 21:40:00 KST | INFO | Epoch 78/200 | LR: 0.067674
2026-02-09 21:41:47 KST | INFO |   Train Loss: 0.2690 | Test Loss: 0.0016 | Test Acc: 86.92%
2026-02-09 21:41:47 KST | INFO |   No improvement (1/30)
2026-02-09 21:41:47 KST | INFO | 
2026-02-09 21:41:47 KST | INFO | Epoch 79/200 | LR: 0.066937
2026-02-09 21:43:35 KST | INFO |   Train Loss: 0.2663 | Test Loss: 0.0015 | Test Acc: 86.66%
2026-02-09 21:43:35 KST | INFO |   No improvement (2/30)
2026-02-09 21:43:35 KST | INFO | 
2026-02-09 21:43:35 KST | INFO | Epoch 80/200 | LR: 0.066196
2026-02-09 21:45:27 KST | INFO |   Train Loss: 0.2678 | Test Loss: 0.0017 | Test Acc: 85.67%
2026-02-09 21:45:27 KST | INFO |   No improvement (3/30)
2026-02-09 21:45:27 KST | INFO | 
2026-02-09 21:45:27 KST | INFO | Epoch 81/200 | LR: 0.065451
2026-02-09 21:47:14 KST | INFO |   Train Loss: 0.2647 | Test Loss: 0.0014 | Test Acc: 87.67%
2026-02-09 21:47:14 KST | INFO |   No improvement (4/30)
2026-02-09 21:47:14 KST | INFO | 
2026-02-09 21:47:14 KST | INFO | Epoch 82/200 | LR: 0.064702
2026-02-09 21:49:02 KST | INFO |   Train Loss: 0.2616 | Test Loss: 0.0018 | Test Acc: 85.40%
2026-02-09 21:49:02 KST | INFO |   No improvement (5/30)
2026-02-09 21:49:02 KST | INFO | 
2026-02-09 21:49:02 KST | INFO | Epoch 83/200 | LR: 0.063950
2026-02-09 21:50:52 KST | INFO |   Train Loss: 0.2608 | Test Loss: 0.0015 | Test Acc: 86.67%
2026-02-09 21:50:52 KST | INFO |   No improvement (6/30)
2026-02-09 21:50:52 KST | INFO | 
2026-02-09 21:50:52 KST | INFO | Epoch 84/200 | LR: 0.063194
2026-02-09 21:52:45 KST | INFO |   Train Loss: 0.2579 | Test Loss: 0.0015 | Test Acc: 87.71%
2026-02-09 21:52:45 KST | INFO |   No improvement (7/30)
2026-02-09 21:52:45 KST | INFO | 
2026-02-09 21:52:45 KST | INFO | Epoch 85/200 | LR: 0.062435
2026-02-09 21:54:32 KST | INFO |   Train Loss: 0.2572 | Test Loss: 0.0018 | Test Acc: 85.61%
2026-02-09 21:54:32 KST | INFO |   No improvement (8/30)
2026-02-09 21:54:32 KST | INFO | 
2026-02-09 21:54:32 KST | INFO | Epoch 86/200 | LR: 0.061673
2026-02-09 21:56:21 KST | INFO |   Train Loss: 0.2525 | Test Loss: 0.0014 | Test Acc: 88.19%
2026-02-09 21:56:21 KST | INFO |   🏆 New best accuracy: 88.19%
2026-02-09 21:56:21 KST | INFO | 
2026-02-09 21:56:21 KST | INFO | Epoch 87/200 | LR: 0.060908
2026-02-09 21:58:07 KST | INFO |   Train Loss: 0.2515 | Test Loss: 0.0015 | Test Acc: 87.16%
2026-02-09 21:58:07 KST | INFO |   No improvement (1/30)
2026-02-09 21:58:07 KST | INFO | 
2026-02-09 21:58:07 KST | INFO | Epoch 88/200 | LR: 0.060140
2026-02-09 21:59:54 KST | INFO |   Train Loss: 0.2466 | Test Loss: 0.0015 | Test Acc: 87.97%
2026-02-09 21:59:54 KST | INFO |   No improvement (2/30)
2026-02-09 21:59:54 KST | INFO | 
2026-02-09 21:59:54 KST | INFO | Epoch 89/200 | LR: 0.059369
2026-02-09 22:01:40 KST | INFO |   Train Loss: 0.2451 | Test Loss: 0.0014 | Test Acc: 88.38%
2026-02-09 22:01:40 KST | INFO |   🏆 New best accuracy: 88.38%
2026-02-09 22:01:40 KST | INFO | 
2026-02-09 22:01:40 KST | INFO | Epoch 90/200 | LR: 0.058597
2026-02-09 22:03:26 KST | INFO |   Train Loss: 0.2418 | Test Loss: 0.0016 | Test Acc: 86.89%
2026-02-09 22:03:26 KST | INFO |   No improvement (1/30)
2026-02-09 22:03:26 KST | INFO | 
2026-02-09 22:03:26 KST | INFO | Epoch 91/200 | LR: 0.057822
2026-02-09 22:05:13 KST | INFO |   Train Loss: 0.2433 | Test Loss: 0.0015 | Test Acc: 87.50%
2026-02-09 22:05:13 KST | INFO |   No improvement (2/30)
2026-02-09 22:05:13 KST | INFO | 
2026-02-09 22:05:13 KST | INFO | Epoch 92/200 | LR: 0.057045
2026-02-09 22:06:59 KST | INFO |   Train Loss: 0.2384 | Test Loss: 0.0015 | Test Acc: 87.67%
2026-02-09 22:06:59 KST | INFO |   No improvement (3/30)
2026-02-09 22:06:59 KST | INFO | 
2026-02-09 22:06:59 KST | INFO | Epoch 93/200 | LR: 0.056267
2026-02-09 22:08:45 KST | INFO |   Train Loss: 0.2358 | Test Loss: 0.0016 | Test Acc: 86.94%
2026-02-09 22:08:45 KST | INFO |   No improvement (4/30)
2026-02-09 22:08:45 KST | INFO | 
2026-02-09 22:08:45 KST | INFO | Epoch 94/200 | LR: 0.055487
2026-02-09 22:10:33 KST | INFO |   Train Loss: 0.2358 | Test Loss: 0.0015 | Test Acc: 87.75%
2026-02-09 22:10:33 KST | INFO |   No improvement (5/30)
2026-02-09 22:10:33 KST | INFO | 
2026-02-09 22:10:33 KST | INFO | Epoch 95/200 | LR: 0.054706
2026-02-09 22:12:20 KST | INFO |   Train Loss: 0.2355 | Test Loss: 0.0014 | Test Acc: 88.21%
2026-02-09 22:12:20 KST | INFO |   No improvement (6/30)
2026-02-09 22:12:20 KST | INFO | 
2026-02-09 22:12:20 KST | INFO | Epoch 96/200 | LR: 0.053923
2026-02-09 22:14:07 KST | INFO |   Train Loss: 0.2298 | Test Loss: 0.0017 | Test Acc: 86.39%
2026-02-09 22:14:07 KST | INFO |   No improvement (7/30)
2026-02-09 22:14:07 KST | INFO | 
2026-02-09 22:14:07 KST | INFO | Epoch 97/200 | LR: 0.053140
2026-02-09 22:15:54 KST | INFO |   Train Loss: 0.2244 | Test Loss: 0.0014 | Test Acc: 88.71%
2026-02-09 22:15:54 KST | INFO |   🏆 New best accuracy: 88.71%
2026-02-09 22:15:54 KST | INFO | 
2026-02-09 22:15:54 KST | INFO | Epoch 98/200 | LR: 0.052356
2026-02-09 22:17:42 KST | INFO |   Train Loss: 0.2279 | Test Loss: 0.0013 | Test Acc: 89.36%
2026-02-09 22:17:42 KST | INFO |   🏆 New best accuracy: 89.36%
2026-02-09 22:17:42 KST | INFO | 
2026-02-09 22:17:42 KST | INFO | Epoch 99/200 | LR: 0.051571
2026-02-09 22:19:29 KST | INFO |   Train Loss: 0.2218 | Test Loss: 0.0015 | Test Acc: 87.29%
2026-02-09 22:19:29 KST | INFO |   No improvement (1/30)
2026-02-09 22:19:29 KST | INFO | 
2026-02-09 22:19:29 KST | INFO | Epoch 100/200 | LR: 0.050786
2026-02-09 22:21:17 KST | INFO |   Train Loss: 0.2229 | Test Loss: 0.0015 | Test Acc: 87.89%
2026-02-09 22:21:17 KST | INFO |   No improvement (2/30)
2026-02-09 22:21:17 KST | INFO | 
2026-02-09 22:21:17 KST | INFO | Epoch 101/200 | LR: 0.050001
2026-02-09 22:23:05 KST | INFO |   Train Loss: 0.2170 | Test Loss: 0.0014 | Test Acc: 88.41%
2026-02-09 22:23:05 KST | INFO |   No improvement (3/30)
2026-02-09 22:23:05 KST | INFO | 
2026-02-09 22:23:05 KST | INFO | Epoch 102/200 | LR: 0.049215
2026-02-09 22:24:52 KST | INFO |   Train Loss: 0.2145 | Test Loss: 0.0013 | Test Acc: 88.56%
2026-02-09 22:24:52 KST | INFO |   No improvement (4/30)
2026-02-09 22:24:52 KST | INFO | 
2026-02-09 22:24:52 KST | INFO | Epoch 103/200 | LR: 0.048430
2026-02-09 22:26:41 KST | INFO |   Train Loss: 0.2095 | Test Loss: 0.0014 | Test Acc: 88.80%
2026-02-09 22:26:41 KST | INFO |   No improvement (5/30)
2026-02-09 22:26:41 KST | INFO | 
2026-02-09 22:26:41 KST | INFO | Epoch 104/200 | LR: 0.047645
2026-02-09 22:28:30 KST | INFO |   Train Loss: 0.2099 | Test Loss: 0.0014 | Test Acc: 89.06%
2026-02-09 22:28:30 KST | INFO |   No improvement (6/30)
2026-02-09 22:28:30 KST | INFO | 
2026-02-09 22:28:30 KST | INFO | Epoch 105/200 | LR: 0.046861
2026-02-09 22:30:20 KST | INFO |   Train Loss: 0.2061 | Test Loss: 0.0014 | Test Acc: 88.59%
2026-02-09 22:30:20 KST | INFO |   No improvement (7/30)
2026-02-09 22:30:20 KST | INFO | 
2026-02-09 22:30:20 KST | INFO | Epoch 106/200 | LR: 0.046078
2026-02-09 22:32:09 KST | INFO |   Train Loss: 0.2068 | Test Loss: 0.0014 | Test Acc: 88.09%
2026-02-09 22:32:09 KST | INFO |   No improvement (8/30)
2026-02-09 22:32:09 KST | INFO | 
2026-02-09 22:32:09 KST | INFO | Epoch 107/200 | LR: 0.045295
2026-02-09 22:33:58 KST | INFO |   Train Loss: 0.2023 | Test Loss: 0.0015 | Test Acc: 87.62%
2026-02-09 22:33:58 KST | INFO |   No improvement (9/30)
2026-02-09 22:33:58 KST | INFO | 
2026-02-09 22:33:58 KST | INFO | Epoch 108/200 | LR: 0.044514
2026-02-09 22:35:47 KST | INFO |   Train Loss: 0.1996 | Test Loss: 0.0014 | Test Acc: 88.75%
2026-02-09 22:35:47 KST | INFO |   No improvement (10/30)
2026-02-09 22:35:47 KST | INFO | 
2026-02-09 22:35:47 KST | INFO | Epoch 109/200 | LR: 0.043734
2026-02-09 22:37:35 KST | INFO |   Train Loss: 0.1965 | Test Loss: 0.0017 | Test Acc: 86.76%
2026-02-09 22:37:35 KST | INFO |   No improvement (11/30)
2026-02-09 22:37:35 KST | INFO | 
2026-02-09 22:37:35 KST | INFO | Epoch 110/200 | LR: 0.042956
2026-02-09 22:39:24 KST | INFO |   Train Loss: 0.1914 | Test Loss: 0.0014 | Test Acc: 88.69%
2026-02-09 22:39:24 KST | INFO |   No improvement (12/30)
2026-02-09 22:39:24 KST | INFO | 
2026-02-09 22:39:24 KST | INFO | Epoch 111/200 | LR: 0.042179
2026-02-09 22:41:11 KST | INFO |   Train Loss: 0.1925 | Test Loss: 0.0013 | Test Acc: 88.96%
2026-02-09 22:41:11 KST | INFO |   No improvement (13/30)
2026-02-09 22:41:11 KST | INFO | 
2026-02-09 22:41:11 KST | INFO | Epoch 112/200 | LR: 0.041404
2026-02-09 22:42:58 KST | INFO |   Train Loss: 0.1889 | Test Loss: 0.0013 | Test Acc: 89.14%
2026-02-09 22:42:58 KST | INFO |   No improvement (14/30)
2026-02-09 22:42:58 KST | INFO | 
2026-02-09 22:42:58 KST | INFO | Epoch 113/200 | LR: 0.040632
2026-02-09 22:44:46 KST | INFO |   Train Loss: 0.1865 | Test Loss: 0.0014 | Test Acc: 89.06%
2026-02-09 22:44:46 KST | INFO |   No improvement (15/30)
2026-02-09 22:44:46 KST | INFO | 
2026-02-09 22:44:46 KST | INFO | Epoch 114/200 | LR: 0.039861
2026-02-09 22:46:34 KST | INFO |   Train Loss: 0.1862 | Test Loss: 0.0013 | Test Acc: 89.14%
2026-02-09 22:46:34 KST | INFO |   No improvement (16/30)
2026-02-09 22:46:34 KST | INFO | 
2026-02-09 22:46:34 KST | INFO | Epoch 115/200 | LR: 0.039093
2026-02-09 22:48:22 KST | INFO |   Train Loss: 0.1851 | Test Loss: 0.0013 | Test Acc: 89.29%
2026-02-09 22:48:22 KST | INFO |   No improvement (17/30)
2026-02-09 22:48:22 KST | INFO | 
2026-02-09 22:48:22 KST | INFO | Epoch 116/200 | LR: 0.038328
2026-02-09 22:50:11 KST | INFO |   Train Loss: 0.1796 | Test Loss: 0.0014 | Test Acc: 88.75%
2026-02-09 22:50:11 KST | INFO |   No improvement (18/30)
2026-02-09 22:50:11 KST | INFO | 
2026-02-09 22:50:11 KST | INFO | Epoch 117/200 | LR: 0.037566
2026-02-09 22:52:02 KST | INFO |   Train Loss: 0.1820 | Test Loss: 0.0016 | Test Acc: 87.59%
2026-02-09 22:52:02 KST | INFO |   No improvement (19/30)
2026-02-09 22:52:02 KST | INFO | 
2026-02-09 22:52:02 KST | INFO | Epoch 118/200 | LR: 0.036807
2026-02-09 22:53:50 KST | INFO |   Train Loss: 0.1752 | Test Loss: 0.0015 | Test Acc: 87.84%
2026-02-09 22:53:50 KST | INFO |   No improvement (20/30)
2026-02-09 22:53:50 KST | INFO | 
2026-02-09 22:53:50 KST | INFO | Epoch 119/200 | LR: 0.036051
2026-02-09 22:55:38 KST | INFO |   Train Loss: 0.1727 | Test Loss: 0.0014 | Test Acc: 88.15%
2026-02-09 22:55:38 KST | INFO |   No improvement (21/30)
2026-02-09 22:55:38 KST | INFO | 
2026-02-09 22:55:38 KST | INFO | Epoch 120/200 | LR: 0.035299
2026-02-09 22:57:27 KST | INFO |   Train Loss: 0.1684 | Test Loss: 0.0016 | Test Acc: 87.79%
2026-02-09 22:57:27 KST | INFO |   No improvement (22/30)
2026-02-09 22:57:27 KST | INFO | 
2026-02-09 22:57:27 KST | INFO | Epoch 121/200 | LR: 0.034550
2026-02-09 22:59:16 KST | INFO |   Train Loss: 0.1684 | Test Loss: 0.0014 | Test Acc: 88.86%
2026-02-09 22:59:16 KST | INFO |   No improvement (23/30)
2026-02-09 22:59:16 KST | INFO | 
2026-02-09 22:59:16 KST | INFO | Epoch 122/200 | LR: 0.033805
2026-02-09 23:01:04 KST | INFO |   Train Loss: 0.1634 | Test Loss: 0.0015 | Test Acc: 87.26%
2026-02-09 23:01:04 KST | INFO |   No improvement (24/30)
2026-02-09 23:01:04 KST | INFO | 
2026-02-09 23:01:04 KST | INFO | Epoch 123/200 | LR: 0.033064
2026-02-09 23:02:52 KST | INFO |   Train Loss: 0.1612 | Test Loss: 0.0014 | Test Acc: 89.09%
2026-02-09 23:02:52 KST | INFO |   No improvement (25/30)
2026-02-09 23:02:52 KST | INFO | 
2026-02-09 23:02:52 KST | INFO | Epoch 124/200 | LR: 0.032327
2026-02-09 23:04:45 KST | INFO |   Train Loss: 0.1585 | Test Loss: 0.0015 | Test Acc: 87.81%
2026-02-09 23:04:45 KST | INFO |   No improvement (26/30)
2026-02-09 23:04:45 KST | INFO | 
2026-02-09 23:04:45 KST | INFO | Epoch 125/200 | LR: 0.031594
2026-02-09 23:06:38 KST | INFO |   Train Loss: 0.1593 | Test Loss: 0.0014 | Test Acc: 88.75%
2026-02-09 23:06:38 KST | INFO |   No improvement (27/30)
2026-02-09 23:06:38 KST | INFO | 
2026-02-09 23:06:38 KST | INFO | Epoch 126/200 | LR: 0.030867
2026-02-09 23:08:30 KST | INFO |   Train Loss: 0.1548 | Test Loss: 0.0015 | Test Acc: 88.01%
2026-02-09 23:08:30 KST | INFO |   No improvement (28/30)
2026-02-09 23:08:30 KST | INFO | 
2026-02-09 23:08:30 KST | INFO | Epoch 127/200 | LR: 0.030143
2026-02-09 23:10:23 KST | INFO |   Train Loss: 0.1509 | Test Loss: 0.0015 | Test Acc: 88.54%
2026-02-09 23:10:23 KST | INFO |   No improvement (29/30)
2026-02-09 23:10:23 KST | INFO | 
2026-02-09 23:10:23 KST | INFO | Epoch 128/200 | LR: 0.029425
2026-02-09 23:12:11 KST | INFO |   Train Loss: 0.1499 | Test Loss: 0.0014 | Test Acc: 88.86%
2026-02-09 23:12:11 KST | INFO |   No improvement (30/30)
2026-02-09 23:12:11 KST | INFO | 
2026-02-09 23:12:11 KST | INFO | Early stopping after 30 epochs without improvement
2026-02-09 23:12:11 KST | INFO | 
2026-02-09 23:12:11 KST | INFO | ================================================================================
2026-02-09 23:12:11 KST | INFO | TRAINING COMPLETE
2026-02-09 23:12:11 KST | INFO | ================================================================================
2026-02-09 23:12:11 KST | INFO | Best accuracy:  89.36% (Epoch 98)
2026-02-09 23:12:11 KST | INFO | Final accuracy: 88.86%
2026-02-09 23:12:11 KST | INFO | ================================================================================
2026-02-09 23:12:11 KST | INFO | 
2026-02-09 23:12:11 KST | INFO | Notifying nodes of completion...
2026-02-09 23:12:12 KST | INFO | ✓ Nodes notified
2026-02-09 23:12:12 KST | INFO | 
2026-02-09 23:12:12 KST | INFO | Closing connections...
2026-02-09 23:12:12 KST | INFO | ✓ Cleanup complete
2026-02-09 23:12:12 KST | INFO | 
2026-02-09 23:12:12 KST | INFO | Full log: logs/TL++_base_20260209_191759.log
2026-02-09 23:12:12 KST | INFO | ================================================================================
