2026-04-22 10:57:04 KST | INFO | ================================================================================
2026-04-22 10:57:04 KST | INFO | TL++ Centralized Baseline
2026-04-22 10:57:04 KST | INFO | ================================================================================
2026-04-22 10:57:04 KST | INFO | Log file: logs/centralized_20260422_105704.log
2026-04-22 10:57:04 KST | INFO | 
2026-04-22 10:57:04 KST | INFO | Device: cuda
2026-04-22 10:57:04 KST | INFO | 
2026-04-22 10:57:04 KST | INFO | --------------------------------------------------------------------------------
2026-04-22 10:57:04 KST | INFO | CONFIGURATION
2026-04-22 10:57:04 KST | INFO | --------------------------------------------------------------------------------
2026-04-22 10:57:04 KST | INFO | Classes:          6
2026-04-22 10:57:04 KST | INFO | Batch size:       128
2026-04-22 10:57:04 KST | INFO | Learning rate:    0.1
2026-04-22 10:57:04 KST | INFO | Scheduler:        cosine
2026-04-22 10:57:04 KST | INFO | 
2026-04-22 10:57:04 KST | INFO | --------------------------------------------------------------------------------
2026-04-22 10:57:04 KST | INFO | DATA LOADING
2026-04-22 10:57:04 KST | INFO | --------------------------------------------------------------------------------
2026-04-22 10:57:06 KST | INFO | Filtering to 6 classes (0-5)
2026-04-22 10:57:32 KST | INFO | Training samples:   30,000
2026-04-22 10:57:32 KST | INFO | Test samples:       6,000
2026-04-22 10:57:32 KST | INFO | Training batches:   235
2026-04-22 10:57:32 KST | INFO | Test batches:       24
2026-04-22 10:57:32 KST | INFO | 
2026-04-22 10:57:32 KST | INFO | --------------------------------------------------------------------------------
2026-04-22 10:57:32 KST | INFO | MODEL INITIALIZATION
2026-04-22 10:57:32 KST | INFO | --------------------------------------------------------------------------------
2026-04-22 10:57:33 KST | INFO | Total parameters:     3,246,150
2026-04-22 10:57:33 KST | INFO | Trainable parameters: 3,246,150
2026-04-22 10:57:33 KST | INFO | 
2026-04-22 10:57:33 KST | INFO | --------------------------------------------------------------------------------
2026-04-22 10:57:33 KST | INFO | OPTIMIZER & SCHEDULER
2026-04-22 10:57:33 KST | INFO | --------------------------------------------------------------------------------
2026-04-22 10:57:33 KST | INFO | Optimizer:        SGD (lr=0.1, momentum=0.9)
2026-04-22 10:57:33 KST | INFO | Scheduler:        cosine
2026-04-22 10:57:33 KST | INFO | Gradient clip:    1.0
2026-04-22 10:57:33 KST | INFO | 
2026-04-22 10:57:33 KST | INFO | --------------------------------------------------------------------------------
2026-04-22 10:57:33 KST | INFO | TRAINING
2026-04-22 10:57:33 KST | INFO | --------------------------------------------------------------------------------
2026-04-22 10:57:33 KST | INFO | 
2026-04-22 10:57:33 KST | INFO | Epoch 1/200 | LR: 0.100000
2026-04-22 10:57:43 KST | INFO |   Train Loss: 1.3667 | Test Loss: 1.1353 | Test Acc: 53.10%
2026-04-22 10:57:43 KST | INFO |   🏆 New best accuracy: 53.10%
2026-04-22 10:57:43 KST | INFO | 
2026-04-22 10:57:43 KST | INFO | Epoch 2/200 | LR: 0.099994
2026-04-22 10:57:52 KST | INFO |   Train Loss: 1.0703 | Test Loss: 0.8548 | Test Acc: 66.40%
2026-04-22 10:57:52 KST | INFO |   🏆 New best accuracy: 66.40%
2026-04-22 10:57:52 KST | INFO | 
2026-04-22 10:57:52 KST | INFO | Epoch 3/200 | LR: 0.099975
2026-04-22 10:58:02 KST | INFO |   Train Loss: 0.8815 | Test Loss: 0.8450 | Test Acc: 66.85%
2026-04-22 10:58:02 KST | INFO |   🏆 New best accuracy: 66.85%
2026-04-22 10:58:02 KST | INFO | 
2026-04-22 10:58:02 KST | INFO | Epoch 4/200 | LR: 0.099944
2026-04-22 10:58:12 KST | INFO |   Train Loss: 0.7444 | Test Loss: 0.6721 | Test Acc: 75.03%
2026-04-22 10:58:12 KST | INFO |   🏆 New best accuracy: 75.03%
2026-04-22 10:58:12 KST | INFO | 
2026-04-22 10:58:12 KST | INFO | Epoch 5/200 | LR: 0.099901
2026-04-22 10:58:21 KST | INFO |   Train Loss: 0.6615 | Test Loss: 0.7712 | Test Acc: 73.05%
2026-04-22 10:58:21 KST | INFO |   No improvement (1/30)
2026-04-22 10:58:21 KST | INFO | 
2026-04-22 10:58:21 KST | INFO | Epoch 6/200 | LR: 0.099846
2026-04-22 10:58:31 KST | INFO |   Train Loss: 0.6190 | Test Loss: 0.5833 | Test Acc: 78.63%
2026-04-22 10:58:31 KST | INFO |   🏆 New best accuracy: 78.63%
2026-04-22 10:58:31 KST | INFO | 
2026-04-22 10:58:31 KST | INFO | Epoch 7/200 | LR: 0.099778
2026-04-22 10:58:40 KST | INFO |   Train Loss: 0.5700 | Test Loss: 0.5566 | Test Acc: 79.67%
2026-04-22 10:58:40 KST | INFO |   🏆 New best accuracy: 79.67%
2026-04-22 10:58:40 KST | INFO | 
2026-04-22 10:58:40 KST | INFO | Epoch 8/200 | LR: 0.099698
2026-04-22 10:58:51 KST | INFO |   Train Loss: 0.5354 | Test Loss: 0.5204 | Test Acc: 81.13%
2026-04-22 10:58:51 KST | INFO |   🏆 New best accuracy: 81.13%
2026-04-22 10:58:51 KST | INFO | 
2026-04-22 10:58:51 KST | INFO | Epoch 9/200 | LR: 0.099606
2026-04-22 10:59:00 KST | INFO |   Train Loss: 0.5067 | Test Loss: 0.4996 | Test Acc: 82.40%
2026-04-22 10:59:00 KST | INFO |   🏆 New best accuracy: 82.40%
2026-04-22 10:59:00 KST | INFO | 
2026-04-22 10:59:00 KST | INFO | Epoch 10/200 | LR: 0.099501
2026-04-22 10:59:10 KST | INFO |   Train Loss: 0.4729 | Test Loss: 0.4949 | Test Acc: 82.02%
2026-04-22 10:59:10 KST | INFO |   No improvement (1/30)
2026-04-22 10:59:10 KST | INFO | 
2026-04-22 10:59:10 KST | INFO | Epoch 11/200 | LR: 0.099384
2026-04-22 10:59:19 KST | INFO |   Train Loss: 0.4599 | Test Loss: 0.4727 | Test Acc: 82.38%
2026-04-22 10:59:19 KST | INFO |   No improvement (2/30)
2026-04-22 10:59:19 KST | INFO | 
2026-04-22 10:59:19 KST | INFO | Epoch 12/200 | LR: 0.099255
2026-04-22 10:59:29 KST | INFO |   Train Loss: 0.4402 | Test Loss: 0.4476 | Test Acc: 83.87%
2026-04-22 10:59:29 KST | INFO |   🏆 New best accuracy: 83.87%
2026-04-22 10:59:29 KST | INFO | 
2026-04-22 10:59:29 KST | INFO | Epoch 13/200 | LR: 0.099114
2026-04-22 10:59:39 KST | INFO |   Train Loss: 0.4282 | Test Loss: 0.4413 | Test Acc: 84.35%
2026-04-22 10:59:39 KST | INFO |   🏆 New best accuracy: 84.35%
2026-04-22 10:59:39 KST | INFO | 
2026-04-22 10:59:39 KST | INFO | Epoch 14/200 | LR: 0.098961
2026-04-22 10:59:49 KST | INFO |   Train Loss: 0.4095 | Test Loss: 0.4439 | Test Acc: 85.05%
2026-04-22 10:59:49 KST | INFO |   🏆 New best accuracy: 85.05%
2026-04-22 10:59:49 KST | INFO | 
2026-04-22 10:59:49 KST | INFO | Epoch 15/200 | LR: 0.098796
2026-04-22 10:59:58 KST | INFO |   Train Loss: 0.4010 | Test Loss: 0.5232 | Test Acc: 81.97%
2026-04-22 10:59:58 KST | INFO |   No improvement (1/30)
2026-04-22 10:59:58 KST | INFO | 
2026-04-22 10:59:58 KST | INFO | Epoch 16/200 | LR: 0.098619
2026-04-22 11:00:08 KST | INFO |   Train Loss: 0.3884 | Test Loss: 0.4308 | Test Acc: 85.25%
2026-04-22 11:00:08 KST | INFO |   🏆 New best accuracy: 85.25%
2026-04-22 11:00:08 KST | INFO | 
2026-04-22 11:00:08 KST | INFO | Epoch 17/200 | LR: 0.098429
2026-04-22 11:00:17 KST | INFO |   Train Loss: 0.3751 | Test Loss: 0.4384 | Test Acc: 84.62%
2026-04-22 11:00:17 KST | INFO |   No improvement (1/30)
2026-04-22 11:00:17 KST | INFO | 
2026-04-22 11:00:17 KST | INFO | Epoch 18/200 | LR: 0.098228
2026-04-22 11:00:27 KST | INFO |   Train Loss: 0.3642 | Test Loss: 0.5098 | Test Acc: 82.07%
2026-04-22 11:00:27 KST | INFO |   No improvement (2/30)
2026-04-22 11:00:27 KST | INFO | 
2026-04-22 11:00:27 KST | INFO | Epoch 19/200 | LR: 0.098015
2026-04-22 11:00:36 KST | INFO |   Train Loss: 0.3589 | Test Loss: 0.4139 | Test Acc: 85.07%
2026-04-22 11:00:36 KST | INFO |   No improvement (3/30)
2026-04-22 11:00:36 KST | INFO | 
2026-04-22 11:00:36 KST | INFO | Epoch 20/200 | LR: 0.097790
2026-04-22 11:00:46 KST | INFO |   Train Loss: 0.3536 | Test Loss: 0.4294 | Test Acc: 85.43%
2026-04-22 11:00:46 KST | INFO |   🏆 New best accuracy: 85.43%
2026-04-22 11:00:46 KST | INFO | 
2026-04-22 11:00:46 KST | INFO | Epoch 21/200 | LR: 0.097553
2026-04-22 11:00:56 KST | INFO |   Train Loss: 0.3444 | Test Loss: 0.3812 | Test Acc: 86.60%
2026-04-22 11:00:56 KST | INFO |   🏆 New best accuracy: 86.60%
2026-04-22 11:00:56 KST | INFO | 
2026-04-22 11:00:56 KST | INFO | Epoch 22/200 | LR: 0.097304
2026-04-22 11:01:05 KST | INFO |   Train Loss: 0.3415 | Test Loss: 0.3496 | Test Acc: 87.67%
2026-04-22 11:01:05 KST | INFO |   🏆 New best accuracy: 87.67%
2026-04-22 11:01:05 KST | INFO | 
2026-04-22 11:01:05 KST | INFO | Epoch 23/200 | LR: 0.097044
2026-04-22 11:01:15 KST | INFO |   Train Loss: 0.3339 | Test Loss: 0.3849 | Test Acc: 86.70%
2026-04-22 11:01:15 KST | INFO |   No improvement (1/30)
2026-04-22 11:01:15 KST | INFO | 
2026-04-22 11:01:15 KST | INFO | Epoch 24/200 | LR: 0.096772
2026-04-22 11:01:24 KST | INFO |   Train Loss: 0.3249 | Test Loss: 0.4346 | Test Acc: 85.77%
2026-04-22 11:01:24 KST | INFO |   No improvement (2/30)
2026-04-22 11:01:24 KST | INFO | 
2026-04-22 11:01:24 KST | INFO | Epoch 25/200 | LR: 0.096489
2026-04-22 11:01:34 KST | INFO |   Train Loss: 0.3198 | Test Loss: 0.3848 | Test Acc: 87.13%
2026-04-22 11:01:34 KST | INFO |   No improvement (3/30)
2026-04-22 11:01:34 KST | INFO | 
2026-04-22 11:01:34 KST | INFO | Epoch 26/200 | LR: 0.096194
2026-04-22 11:01:44 KST | INFO |   Train Loss: 0.3209 | Test Loss: 0.4298 | Test Acc: 85.67%
2026-04-22 11:01:44 KST | INFO |   No improvement (4/30)
2026-04-22 11:01:44 KST | INFO | 
2026-04-22 11:01:44 KST | INFO | Epoch 27/200 | LR: 0.095888
2026-04-22 11:01:54 KST | INFO |   Train Loss: 0.3106 | Test Loss: 0.3733 | Test Acc: 87.37%
2026-04-22 11:01:54 KST | INFO |   No improvement (5/30)
2026-04-22 11:01:54 KST | INFO | 
2026-04-22 11:01:54 KST | INFO | Epoch 28/200 | LR: 0.095570
2026-04-22 11:02:03 KST | INFO |   Train Loss: 0.3088 | Test Loss: 0.4058 | Test Acc: 85.32%
2026-04-22 11:02:03 KST | INFO |   No improvement (6/30)
2026-04-22 11:02:03 KST | INFO | 
2026-04-22 11:02:03 KST | INFO | Epoch 29/200 | LR: 0.095241
2026-04-22 11:02:13 KST | INFO |   Train Loss: 0.3100 | Test Loss: 0.3780 | Test Acc: 87.25%
2026-04-22 11:02:13 KST | INFO |   No improvement (7/30)
2026-04-22 11:02:13 KST | INFO | 
2026-04-22 11:02:13 KST | INFO | Epoch 30/200 | LR: 0.094901
2026-04-22 11:02:23 KST | INFO |   Train Loss: 0.2989 | Test Loss: 0.3628 | Test Acc: 87.25%
2026-04-22 11:02:23 KST | INFO |   No improvement (8/30)
2026-04-22 11:02:23 KST | INFO | 
2026-04-22 11:02:23 KST | INFO | Epoch 31/200 | LR: 0.094550
2026-04-22 11:02:32 KST | INFO |   Train Loss: 0.2880 | Test Loss: 0.3745 | Test Acc: 87.27%
2026-04-22 11:02:32 KST | INFO |   No improvement (9/30)
2026-04-22 11:02:32 KST | INFO | 
2026-04-22 11:02:32 KST | INFO | Epoch 32/200 | LR: 0.094188
2026-04-22 11:02:42 KST | INFO |   Train Loss: 0.2931 | Test Loss: 0.4352 | Test Acc: 85.73%
2026-04-22 11:02:42 KST | INFO |   No improvement (10/30)
2026-04-22 11:02:42 KST | INFO | 
2026-04-22 11:02:42 KST | INFO | Epoch 33/200 | LR: 0.093815
2026-04-22 11:02:51 KST | INFO |   Train Loss: 0.2914 | Test Loss: 0.3791 | Test Acc: 86.57%
2026-04-22 11:02:51 KST | INFO |   No improvement (11/30)
2026-04-22 11:02:51 KST | INFO | 
2026-04-22 11:02:51 KST | INFO | Epoch 34/200 | LR: 0.093432
2026-04-22 11:03:01 KST | INFO |   Train Loss: 0.2841 | Test Loss: 0.4255 | Test Acc: 85.85%
2026-04-22 11:03:01 KST | INFO |   No improvement (12/30)
2026-04-22 11:03:01 KST | INFO | 
2026-04-22 11:03:01 KST | INFO | Epoch 35/200 | LR: 0.093037
2026-04-22 11:03:12 KST | INFO |   Train Loss: 0.2833 | Test Loss: 0.3466 | Test Acc: 87.70%
2026-04-22 11:03:12 KST | INFO |   🏆 New best accuracy: 87.70%
2026-04-22 11:03:12 KST | INFO | 
2026-04-22 11:03:12 KST | INFO | Epoch 36/200 | LR: 0.092632
2026-04-22 11:03:21 KST | INFO |   Train Loss: 0.2829 | Test Loss: 0.4133 | Test Acc: 86.57%
2026-04-22 11:03:21 KST | INFO |   No improvement (1/30)
2026-04-22 11:03:21 KST | INFO | 
2026-04-22 11:03:21 KST | INFO | Epoch 37/200 | LR: 0.092216
2026-04-22 11:03:30 KST | INFO |   Train Loss: 0.2770 | Test Loss: 0.3808 | Test Acc: 87.22%
2026-04-22 11:03:30 KST | INFO |   No improvement (2/30)
2026-04-22 11:03:30 KST | INFO | 
2026-04-22 11:03:30 KST | INFO | Epoch 38/200 | LR: 0.091790
2026-04-22 11:03:40 KST | INFO |   Train Loss: 0.2800 | Test Loss: 0.3503 | Test Acc: 87.90%
2026-04-22 11:03:40 KST | INFO |   🏆 New best accuracy: 87.90%
2026-04-22 11:03:40 KST | INFO | 
2026-04-22 11:03:40 KST | INFO | Epoch 39/200 | LR: 0.091354
2026-04-22 11:03:50 KST | INFO |   Train Loss: 0.2645 | Test Loss: 0.3290 | Test Acc: 88.45%
2026-04-22 11:03:50 KST | INFO |   🏆 New best accuracy: 88.45%
2026-04-22 11:03:50 KST | INFO | 
2026-04-22 11:03:50 KST | INFO | Epoch 40/200 | LR: 0.090908
2026-04-22 11:03:59 KST | INFO |   Train Loss: 0.2645 | Test Loss: 0.3863 | Test Acc: 86.62%
2026-04-22 11:03:59 KST | INFO |   No improvement (1/30)
2026-04-22 11:03:59 KST | INFO | 
2026-04-22 11:03:59 KST | INFO | Epoch 41/200 | LR: 0.090451
2026-04-22 11:04:09 KST | INFO |   Train Loss: 0.2640 | Test Loss: 0.3608 | Test Acc: 88.15%
2026-04-22 11:04:09 KST | INFO |   No improvement (2/30)
2026-04-22 11:04:09 KST | INFO | 
2026-04-22 11:04:09 KST | INFO | Epoch 42/200 | LR: 0.089984
2026-04-22 11:04:18 KST | INFO |   Train Loss: 0.2590 | Test Loss: 0.3588 | Test Acc: 88.07%
2026-04-22 11:04:18 KST | INFO |   No improvement (3/30)
2026-04-22 11:04:18 KST | INFO | 
2026-04-22 11:04:18 KST | INFO | Epoch 43/200 | LR: 0.089508
2026-04-22 11:04:28 KST | INFO |   Train Loss: 0.2608 | Test Loss: 0.3727 | Test Acc: 87.23%
2026-04-22 11:04:28 KST | INFO |   No improvement (4/30)
2026-04-22 11:04:28 KST | INFO | 
2026-04-22 11:04:28 KST | INFO | Epoch 44/200 | LR: 0.089022
2026-04-22 11:04:37 KST | INFO |   Train Loss: 0.2565 | Test Loss: 0.3887 | Test Acc: 87.17%
2026-04-22 11:04:37 KST | INFO |   No improvement (5/30)
2026-04-22 11:04:37 KST | INFO | 
2026-04-22 11:04:37 KST | INFO | Epoch 45/200 | LR: 0.088526
2026-04-22 11:04:47 KST | INFO |   Train Loss: 0.2537 | Test Loss: 0.3798 | Test Acc: 87.75%
2026-04-22 11:04:47 KST | INFO |   No improvement (6/30)
2026-04-22 11:04:47 KST | INFO | 
2026-04-22 11:04:47 KST | INFO | Epoch 46/200 | LR: 0.088020
2026-04-22 11:04:57 KST | INFO |   Train Loss: 0.2469 | Test Loss: 0.3809 | Test Acc: 87.78%
2026-04-22 11:04:57 KST | INFO |   No improvement (7/30)
2026-04-22 11:04:57 KST | INFO | 
2026-04-22 11:04:57 KST | INFO | Epoch 47/200 | LR: 0.087506
2026-04-22 11:05:06 KST | INFO |   Train Loss: 0.2486 | Test Loss: 0.3960 | Test Acc: 86.87%
2026-04-22 11:05:06 KST | INFO |   No improvement (8/30)
2026-04-22 11:05:06 KST | INFO | 
2026-04-22 11:05:06 KST | INFO | Epoch 48/200 | LR: 0.086982
2026-04-22 11:05:16 KST | INFO |   Train Loss: 0.2474 | Test Loss: 0.3520 | Test Acc: 88.37%
2026-04-22 11:05:16 KST | INFO |   No improvement (9/30)
2026-04-22 11:05:16 KST | INFO | 
2026-04-22 11:05:16 KST | INFO | Epoch 49/200 | LR: 0.086449
2026-04-22 11:05:26 KST | INFO |   Train Loss: 0.2481 | Test Loss: 0.3250 | Test Acc: 89.00%
2026-04-22 11:05:26 KST | INFO |   🏆 New best accuracy: 89.00%
2026-04-22 11:05:26 KST | INFO | 
2026-04-22 11:05:26 KST | INFO | Epoch 50/200 | LR: 0.085906
2026-04-22 11:05:36 KST | INFO |   Train Loss: 0.2407 | Test Loss: 0.3490 | Test Acc: 88.27%
2026-04-22 11:05:36 KST | INFO |   No improvement (1/30)
2026-04-22 11:05:36 KST | INFO | 
2026-04-22 11:05:36 KST | INFO | Epoch 51/200 | LR: 0.085355
2026-04-22 11:05:46 KST | INFO |   Train Loss: 0.2408 | Test Loss: 0.3342 | Test Acc: 88.83%
2026-04-22 11:05:46 KST | INFO |   No improvement (2/30)
2026-04-22 11:05:46 KST | INFO | 
2026-04-22 11:05:46 KST | INFO | Epoch 52/200 | LR: 0.084796
2026-04-22 11:05:55 KST | INFO |   Train Loss: 0.2338 | Test Loss: 0.3169 | Test Acc: 89.33%
2026-04-22 11:05:55 KST | INFO |   🏆 New best accuracy: 89.33%
2026-04-22 11:05:55 KST | INFO | 
2026-04-22 11:05:55 KST | INFO | Epoch 53/200 | LR: 0.084228
2026-04-22 11:06:05 KST | INFO |   Train Loss: 0.2359 | Test Loss: 0.3553 | Test Acc: 87.57%
2026-04-22 11:06:05 KST | INFO |   No improvement (1/30)
2026-04-22 11:06:05 KST | INFO | 
2026-04-22 11:06:05 KST | INFO | Epoch 54/200 | LR: 0.083651
2026-04-22 11:06:15 KST | INFO |   Train Loss: 0.2297 | Test Loss: 0.3441 | Test Acc: 88.75%
2026-04-22 11:06:15 KST | INFO |   No improvement (2/30)
2026-04-22 11:06:15 KST | INFO | 
2026-04-22 11:06:15 KST | INFO | Epoch 55/200 | LR: 0.083066
2026-04-22 11:06:25 KST | INFO |   Train Loss: 0.2309 | Test Loss: 0.3813 | Test Acc: 86.80%
2026-04-22 11:06:25 KST | INFO |   No improvement (3/30)
2026-04-22 11:06:25 KST | INFO | 
2026-04-22 11:06:25 KST | INFO | Epoch 56/200 | LR: 0.082473
2026-04-22 11:06:34 KST | INFO |   Train Loss: 0.2244 | Test Loss: 0.3353 | Test Acc: 88.92%
2026-04-22 11:06:34 KST | INFO |   No improvement (4/30)
2026-04-22 11:06:34 KST | INFO | 
2026-04-22 11:06:34 KST | INFO | Epoch 57/200 | LR: 0.081871
2026-04-22 11:06:43 KST | INFO |   Train Loss: 0.2203 | Test Loss: 0.3546 | Test Acc: 88.40%
2026-04-22 11:06:43 KST | INFO |   No improvement (5/30)
2026-04-22 11:06:43 KST | INFO | 
2026-04-22 11:06:43 KST | INFO | Epoch 58/200 | LR: 0.081262
2026-04-22 11:06:53 KST | INFO |   Train Loss: 0.2235 | Test Loss: 0.4186 | Test Acc: 86.83%
2026-04-22 11:06:53 KST | INFO |   No improvement (6/30)
2026-04-22 11:06:53 KST | INFO | 
2026-04-22 11:06:53 KST | INFO | Epoch 59/200 | LR: 0.080646
2026-04-22 11:07:02 KST | INFO |   Train Loss: 0.2229 | Test Loss: 0.3085 | Test Acc: 89.55%
2026-04-22 11:07:02 KST | INFO |   🏆 New best accuracy: 89.55%
2026-04-22 11:07:02 KST | INFO | 
2026-04-22 11:07:02 KST | INFO | Epoch 60/200 | LR: 0.080021
2026-04-22 11:07:12 KST | INFO |   Train Loss: 0.2197 | Test Loss: 0.3775 | Test Acc: 87.33%
2026-04-22 11:07:12 KST | INFO |   No improvement (1/30)
2026-04-22 11:07:12 KST | INFO | 
2026-04-22 11:07:12 KST | INFO | Epoch 61/200 | LR: 0.079389
2026-04-22 11:07:22 KST | INFO |   Train Loss: 0.2170 | Test Loss: 0.3760 | Test Acc: 87.73%
2026-04-22 11:07:22 KST | INFO |   No improvement (2/30)
2026-04-22 11:07:22 KST | INFO | 
2026-04-22 11:07:22 KST | INFO | Epoch 62/200 | LR: 0.078750
2026-04-22 11:07:32 KST | INFO |   Train Loss: 0.2119 | Test Loss: 0.4317 | Test Acc: 85.95%
2026-04-22 11:07:32 KST | INFO |   No improvement (3/30)
2026-04-22 11:07:32 KST | INFO | 
2026-04-22 11:07:32 KST | INFO | Epoch 63/200 | LR: 0.078104
2026-04-22 11:07:41 KST | INFO |   Train Loss: 0.2118 | Test Loss: 0.3677 | Test Acc: 87.70%
2026-04-22 11:07:41 KST | INFO |   No improvement (4/30)
2026-04-22 11:07:41 KST | INFO | 
2026-04-22 11:07:41 KST | INFO | Epoch 64/200 | LR: 0.077451
2026-04-22 11:07:51 KST | INFO |   Train Loss: 0.2099 | Test Loss: 0.3557 | Test Acc: 87.07%
2026-04-22 11:07:51 KST | INFO |   No improvement (5/30)
2026-04-22 11:07:51 KST | INFO | 
2026-04-22 11:07:51 KST | INFO | Epoch 65/200 | LR: 0.076792
2026-04-22 11:08:00 KST | INFO |   Train Loss: 0.2054 | Test Loss: 0.3723 | Test Acc: 87.92%
2026-04-22 11:08:00 KST | INFO |   No improvement (6/30)
2026-04-22 11:08:00 KST | INFO | 
2026-04-22 11:08:00 KST | INFO | Epoch 66/200 | LR: 0.076125
2026-04-22 11:08:10 KST | INFO |   Train Loss: 0.2000 | Test Loss: 0.3377 | Test Acc: 88.80%
2026-04-22 11:08:10 KST | INFO |   No improvement (7/30)
2026-04-22 11:08:10 KST | INFO | 
2026-04-22 11:08:10 KST | INFO | Epoch 67/200 | LR: 0.075452
2026-04-22 11:08:19 KST | INFO |   Train Loss: 0.2000 | Test Loss: 0.4045 | Test Acc: 86.78%
2026-04-22 11:08:19 KST | INFO |   No improvement (8/30)
2026-04-22 11:08:19 KST | INFO | 
2026-04-22 11:08:19 KST | INFO | Epoch 68/200 | LR: 0.074773
2026-04-22 11:08:29 KST | INFO |   Train Loss: 0.2004 | Test Loss: 0.3613 | Test Acc: 88.93%
2026-04-22 11:08:29 KST | INFO |   No improvement (9/30)
2026-04-22 11:08:29 KST | INFO | 
2026-04-22 11:08:29 KST | INFO | Epoch 69/200 | LR: 0.074088
2026-04-22 11:08:39 KST | INFO |   Train Loss: 0.1920 | Test Loss: 0.3932 | Test Acc: 87.62%
2026-04-22 11:08:39 KST | INFO |   No improvement (10/30)
2026-04-22 11:08:39 KST | INFO | 
2026-04-22 11:08:39 KST | INFO | Epoch 70/200 | LR: 0.073397
2026-04-22 11:08:49 KST | INFO |   Train Loss: 0.1932 | Test Loss: 0.3497 | Test Acc: 88.67%
2026-04-22 11:08:49 KST | INFO |   No improvement (11/30)
2026-04-22 11:08:49 KST | INFO | 
2026-04-22 11:08:49 KST | INFO | Epoch 71/200 | LR: 0.072700
2026-04-22 11:08:58 KST | INFO |   Train Loss: 0.1971 | Test Loss: 0.3198 | Test Acc: 89.17%
2026-04-22 11:08:58 KST | INFO |   No improvement (12/30)
2026-04-22 11:08:58 KST | INFO | 
2026-04-22 11:08:58 KST | INFO | Epoch 72/200 | LR: 0.071997
2026-04-22 11:09:08 KST | INFO |   Train Loss: 0.1917 | Test Loss: 0.3378 | Test Acc: 88.57%
2026-04-22 11:09:08 KST | INFO |   No improvement (13/30)
2026-04-22 11:09:08 KST | INFO | 
2026-04-22 11:09:08 KST | INFO | Epoch 73/200 | LR: 0.071289
2026-04-22 11:09:18 KST | INFO |   Train Loss: 0.1878 | Test Loss: 0.3265 | Test Acc: 88.65%
2026-04-22 11:09:18 KST | INFO |   No improvement (14/30)
2026-04-22 11:09:18 KST | INFO | 
2026-04-22 11:09:18 KST | INFO | Epoch 74/200 | LR: 0.070576
2026-04-22 11:09:27 KST | INFO |   Train Loss: 0.1895 | Test Loss: 0.3719 | Test Acc: 88.08%
2026-04-22 11:09:27 KST | INFO |   No improvement (15/30)
2026-04-22 11:09:27 KST | INFO | 
2026-04-22 11:09:27 KST | INFO | Epoch 75/200 | LR: 0.069858
2026-04-22 11:09:37 KST | INFO |   Train Loss: 0.1841 | Test Loss: 0.3200 | Test Acc: 89.42%
2026-04-22 11:09:37 KST | INFO |   No improvement (16/30)
2026-04-22 11:09:37 KST | INFO | 
2026-04-22 11:09:37 KST | INFO | Epoch 76/200 | LR: 0.069134
2026-04-22 11:09:46 KST | INFO |   Train Loss: 0.1775 | Test Loss: 0.3335 | Test Acc: 88.85%
2026-04-22 11:09:46 KST | INFO |   No improvement (17/30)
2026-04-22 11:09:46 KST | INFO | 
2026-04-22 11:09:46 KST | INFO | Epoch 77/200 | LR: 0.068407
2026-04-22 11:09:55 KST | INFO |   Train Loss: 0.1803 | Test Loss: 0.3427 | Test Acc: 89.70%
2026-04-22 11:09:55 KST | INFO |   🏆 New best accuracy: 89.70%
2026-04-22 11:09:55 KST | INFO | 
2026-04-22 11:09:55 KST | INFO | Epoch 78/200 | LR: 0.067674
2026-04-22 11:10:05 KST | INFO |   Train Loss: 0.1767 | Test Loss: 0.3304 | Test Acc: 89.25%
2026-04-22 11:10:05 KST | INFO |   No improvement (1/30)
2026-04-22 11:10:05 KST | INFO | 
2026-04-22 11:10:05 KST | INFO | Epoch 79/200 | LR: 0.066937
2026-04-22 11:10:15 KST | INFO |   Train Loss: 0.1735 | Test Loss: 0.3532 | Test Acc: 89.22%
2026-04-22 11:10:15 KST | INFO |   No improvement (2/30)
2026-04-22 11:10:15 KST | INFO | 
2026-04-22 11:10:15 KST | INFO | Epoch 80/200 | LR: 0.066196
2026-04-22 11:10:25 KST | INFO |   Train Loss: 0.1740 | Test Loss: 0.4309 | Test Acc: 88.10%
2026-04-22 11:10:25 KST | INFO |   No improvement (3/30)
2026-04-22 11:10:25 KST | INFO | 
2026-04-22 11:10:25 KST | INFO | Epoch 81/200 | LR: 0.065451
2026-04-22 11:10:34 KST | INFO |   Train Loss: 0.1707 | Test Loss: 0.3325 | Test Acc: 89.58%
2026-04-22 11:10:34 KST | INFO |   No improvement (4/30)
2026-04-22 11:10:34 KST | INFO | 
2026-04-22 11:10:34 KST | INFO | Epoch 82/200 | LR: 0.064702
2026-04-22 11:10:44 KST | INFO |   Train Loss: 0.1694 | Test Loss: 0.3021 | Test Acc: 89.45%
2026-04-22 11:10:44 KST | INFO |   No improvement (5/30)
2026-04-22 11:10:44 KST | INFO | 
2026-04-22 11:10:44 KST | INFO | Epoch 83/200 | LR: 0.063950
2026-04-22 11:10:53 KST | INFO |   Train Loss: 0.1713 | Test Loss: 0.2789 | Test Acc: 90.92%
2026-04-22 11:10:53 KST | INFO |   🏆 New best accuracy: 90.92%
2026-04-22 11:10:53 KST | INFO | 
2026-04-22 11:10:53 KST | INFO | Epoch 84/200 | LR: 0.063194
2026-04-22 11:11:03 KST | INFO |   Train Loss: 0.1646 | Test Loss: 0.3777 | Test Acc: 87.82%
2026-04-22 11:11:03 KST | INFO |   No improvement (1/30)
2026-04-22 11:11:03 KST | INFO | 
2026-04-22 11:11:03 KST | INFO | Epoch 85/200 | LR: 0.062435
2026-04-22 11:11:12 KST | INFO |   Train Loss: 0.1670 | Test Loss: 0.3579 | Test Acc: 89.42%
2026-04-22 11:11:12 KST | INFO |   No improvement (2/30)
2026-04-22 11:11:12 KST | INFO | 
2026-04-22 11:11:12 KST | INFO | Epoch 86/200 | LR: 0.061673
2026-04-22 11:11:22 KST | INFO |   Train Loss: 0.1596 | Test Loss: 0.3385 | Test Acc: 89.35%
2026-04-22 11:11:22 KST | INFO |   No improvement (3/30)
2026-04-22 11:11:22 KST | INFO | 
2026-04-22 11:11:22 KST | INFO | Epoch 87/200 | LR: 0.060908
2026-04-22 11:11:32 KST | INFO |   Train Loss: 0.1547 | Test Loss: 0.3048 | Test Acc: 90.12%
2026-04-22 11:11:32 KST | INFO |   No improvement (4/30)
2026-04-22 11:11:32 KST | INFO | 
2026-04-22 11:11:32 KST | INFO | Epoch 88/200 | LR: 0.060140
2026-04-22 11:11:41 KST | INFO |   Train Loss: 0.1585 | Test Loss: 0.3209 | Test Acc: 90.27%
2026-04-22 11:11:41 KST | INFO |   No improvement (5/30)
2026-04-22 11:11:41 KST | INFO | 
2026-04-22 11:11:41 KST | INFO | Epoch 89/200 | LR: 0.059369
2026-04-22 11:11:51 KST | INFO |   Train Loss: 0.1483 | Test Loss: 0.3740 | Test Acc: 89.20%
2026-04-22 11:11:51 KST | INFO |   No improvement (6/30)
2026-04-22 11:11:51 KST | INFO | 
2026-04-22 11:11:51 KST | INFO | Epoch 90/200 | LR: 0.058597
2026-04-22 11:12:01 KST | INFO |   Train Loss: 0.1508 | Test Loss: 0.3334 | Test Acc: 89.60%
2026-04-22 11:12:01 KST | INFO |   No improvement (7/30)
2026-04-22 11:12:01 KST | INFO | 
2026-04-22 11:12:01 KST | INFO | Epoch 91/200 | LR: 0.057822
2026-04-22 11:12:11 KST | INFO |   Train Loss: 0.1479 | Test Loss: 0.3067 | Test Acc: 90.08%
2026-04-22 11:12:11 KST | INFO |   No improvement (8/30)
2026-04-22 11:12:11 KST | INFO | 
2026-04-22 11:12:11 KST | INFO | Epoch 92/200 | LR: 0.057045
2026-04-22 11:12:20 KST | INFO |   Train Loss: 0.1510 | Test Loss: 0.3468 | Test Acc: 88.55%
2026-04-22 11:12:20 KST | INFO |   No improvement (9/30)
2026-04-22 11:12:20 KST | INFO | 
2026-04-22 11:12:20 KST | INFO | Epoch 93/200 | LR: 0.056267
2026-04-22 11:12:29 KST | INFO |   Train Loss: 0.1447 | Test Loss: 0.4369 | Test Acc: 87.65%
2026-04-22 11:12:29 KST | INFO |   No improvement (10/30)
2026-04-22 11:12:29 KST | INFO | 
2026-04-22 11:12:29 KST | INFO | Epoch 94/200 | LR: 0.055487
2026-04-22 11:12:39 KST | INFO |   Train Loss: 0.1395 | Test Loss: 0.3327 | Test Acc: 88.97%
2026-04-22 11:12:39 KST | INFO |   No improvement (11/30)
2026-04-22 11:12:39 KST | INFO | 
2026-04-22 11:12:39 KST | INFO | Epoch 95/200 | LR: 0.054706
2026-04-22 11:12:49 KST | INFO |   Train Loss: 0.1390 | Test Loss: 0.3239 | Test Acc: 89.93%
2026-04-22 11:12:49 KST | INFO |   No improvement (12/30)
2026-04-22 11:12:49 KST | INFO | 
2026-04-22 11:12:49 KST | INFO | Epoch 96/200 | LR: 0.053923
2026-04-22 11:12:59 KST | INFO |   Train Loss: 0.1354 | Test Loss: 0.3534 | Test Acc: 88.92%
2026-04-22 11:12:59 KST | INFO |   No improvement (13/30)
2026-04-22 11:12:59 KST | INFO | 
2026-04-22 11:12:59 KST | INFO | Epoch 97/200 | LR: 0.053140
2026-04-22 11:13:08 KST | INFO |   Train Loss: 0.1348 | Test Loss: 0.3356 | Test Acc: 89.53%
2026-04-22 11:13:08 KST | INFO |   No improvement (14/30)
2026-04-22 11:13:08 KST | INFO | 
2026-04-22 11:13:08 KST | INFO | Epoch 98/200 | LR: 0.052356
2026-04-22 11:13:18 KST | INFO |   Train Loss: 0.1301 | Test Loss: 0.3138 | Test Acc: 90.18%
2026-04-22 11:13:18 KST | INFO |   No improvement (15/30)
2026-04-22 11:13:18 KST | INFO | 
2026-04-22 11:13:18 KST | INFO | Epoch 99/200 | LR: 0.051571
2026-04-22 11:13:28 KST | INFO |   Train Loss: 0.1325 | Test Loss: 0.3130 | Test Acc: 90.25%
2026-04-22 11:13:28 KST | INFO |   No improvement (16/30)
2026-04-22 11:13:28 KST | INFO | 
2026-04-22 11:13:28 KST | INFO | Epoch 100/200 | LR: 0.050786
2026-04-22 11:13:37 KST | INFO |   Train Loss: 0.1276 | Test Loss: 0.3189 | Test Acc: 90.25%
2026-04-22 11:13:37 KST | INFO |   No improvement (17/30)
2026-04-22 11:13:37 KST | INFO | 
2026-04-22 11:13:37 KST | INFO | Epoch 101/200 | LR: 0.050001
2026-04-22 11:13:47 KST | INFO |   Train Loss: 0.1270 | Test Loss: 0.3472 | Test Acc: 89.90%
2026-04-22 11:13:47 KST | INFO |   No improvement (18/30)
2026-04-22 11:13:47 KST | INFO | 
2026-04-22 11:13:47 KST | INFO | Epoch 102/200 | LR: 0.049215
2026-04-22 11:13:57 KST | INFO |   Train Loss: 0.1206 | Test Loss: 0.3124 | Test Acc: 89.83%
2026-04-22 11:13:57 KST | INFO |   No improvement (19/30)
2026-04-22 11:13:57 KST | INFO | 
2026-04-22 11:13:57 KST | INFO | Epoch 103/200 | LR: 0.048430
2026-04-22 11:14:06 KST | INFO |   Train Loss: 0.1183 | Test Loss: 0.3417 | Test Acc: 89.82%
2026-04-22 11:14:06 KST | INFO |   No improvement (20/30)
2026-04-22 11:14:06 KST | INFO | 
2026-04-22 11:14:06 KST | INFO | Epoch 104/200 | LR: 0.047645
2026-04-22 11:14:15 KST | INFO |   Train Loss: 0.1216 | Test Loss: 0.2928 | Test Acc: 90.48%
2026-04-22 11:14:15 KST | INFO |   No improvement (21/30)
2026-04-22 11:14:15 KST | INFO | 
2026-04-22 11:14:15 KST | INFO | Epoch 105/200 | LR: 0.046861
2026-04-22 11:14:25 KST | INFO |   Train Loss: 0.1190 | Test Loss: 0.4498 | Test Acc: 88.03%
2026-04-22 11:14:25 KST | INFO |   No improvement (22/30)
2026-04-22 11:14:25 KST | INFO | 
2026-04-22 11:14:25 KST | INFO | Epoch 106/200 | LR: 0.046078
2026-04-22 11:14:35 KST | INFO |   Train Loss: 0.1148 | Test Loss: 0.3349 | Test Acc: 90.32%
2026-04-22 11:14:35 KST | INFO |   No improvement (23/30)
2026-04-22 11:14:35 KST | INFO | 
2026-04-22 11:14:35 KST | INFO | Epoch 107/200 | LR: 0.045295
2026-04-22 11:14:45 KST | INFO |   Train Loss: 0.1129 | Test Loss: 0.3466 | Test Acc: 89.72%
2026-04-22 11:14:45 KST | INFO |   No improvement (24/30)
2026-04-22 11:14:45 KST | INFO | 
2026-04-22 11:14:45 KST | INFO | Epoch 108/200 | LR: 0.044514
2026-04-22 11:14:55 KST | INFO |   Train Loss: 0.1077 | Test Loss: 0.3380 | Test Acc: 90.27%
2026-04-22 11:14:55 KST | INFO |   No improvement (25/30)
2026-04-22 11:14:55 KST | INFO | 
2026-04-22 11:14:55 KST | INFO | Epoch 109/200 | LR: 0.043734
2026-04-22 11:15:04 KST | INFO |   Train Loss: 0.1097 | Test Loss: 0.3130 | Test Acc: 89.77%
2026-04-22 11:15:04 KST | INFO |   No improvement (26/30)
2026-04-22 11:15:04 KST | INFO | 
2026-04-22 11:15:04 KST | INFO | Epoch 110/200 | LR: 0.042956
2026-04-22 11:15:14 KST | INFO |   Train Loss: 0.1010 | Test Loss: 0.3450 | Test Acc: 90.20%
2026-04-22 11:15:14 KST | INFO |   No improvement (27/30)
2026-04-22 11:15:14 KST | INFO | 
2026-04-22 11:15:14 KST | INFO | Epoch 111/200 | LR: 0.042179
2026-04-22 11:15:24 KST | INFO |   Train Loss: 0.1030 | Test Loss: 0.3331 | Test Acc: 89.97%
2026-04-22 11:15:24 KST | INFO |   No improvement (28/30)
2026-04-22 11:15:24 KST | INFO | 
2026-04-22 11:15:24 KST | INFO | Epoch 112/200 | LR: 0.041404
2026-04-22 11:15:34 KST | INFO |   Train Loss: 0.1020 | Test Loss: 0.3331 | Test Acc: 89.97%
2026-04-22 11:15:34 KST | INFO |   No improvement (29/30)
2026-04-22 11:15:34 KST | INFO | 
2026-04-22 11:15:34 KST | INFO | Epoch 113/200 | LR: 0.040632
2026-04-22 11:15:43 KST | INFO |   Train Loss: 0.1027 | Test Loss: 0.3188 | Test Acc: 90.63%
2026-04-22 11:15:43 KST | INFO |   No improvement (30/30)
2026-04-22 11:15:43 KST | INFO | 
2026-04-22 11:15:43 KST | INFO | Early stopping after 30 epochs without improvement
2026-04-22 11:15:43 KST | INFO | 
2026-04-22 11:15:43 KST | INFO | ================================================================================
2026-04-22 11:15:43 KST | INFO | TRAINING COMPLETE
2026-04-22 11:15:43 KST | INFO | ================================================================================
2026-04-22 11:15:43 KST | INFO | Best accuracy:  90.92% (Epoch 83)
2026-04-22 11:15:43 KST | INFO | Final accuracy: 90.63%
2026-04-22 11:15:43 KST | INFO | ================================================================================
2026-04-22 11:15:43 KST | INFO | 
2026-04-22 11:15:43 KST | INFO | Full log: logs/centralized_20260422_105704.log
2026-04-22 11:15:43 KST | INFO | ================================================================================
