2026-04-22 09:33:12 KST | INFO | ================================================================================
2026-04-22 09:33:12 KST | INFO | TL++ Centralized Baseline
2026-04-22 09:33:12 KST | INFO | ================================================================================
2026-04-22 09:33:12 KST | INFO | Log file: logs/centralized_20260422_093312.log
2026-04-22 09:33:12 KST | INFO | 
2026-04-22 09:33:12 KST | INFO | Device: cuda
2026-04-22 09:33:12 KST | INFO | 
2026-04-22 09:33:12 KST | INFO | --------------------------------------------------------------------------------
2026-04-22 09:33:12 KST | INFO | CONFIGURATION
2026-04-22 09:33:12 KST | INFO | --------------------------------------------------------------------------------
2026-04-22 09:33:12 KST | INFO | Classes:          6
2026-04-22 09:33:12 KST | INFO | Batch size:       128
2026-04-22 09:33:12 KST | INFO | Learning rate:    0.1
2026-04-22 09:33:12 KST | INFO | Scheduler:        cosine
2026-04-22 09:33:12 KST | INFO | 
2026-04-22 09:33:12 KST | INFO | --------------------------------------------------------------------------------
2026-04-22 09:33:12 KST | INFO | DATA LOADING
2026-04-22 09:33:12 KST | INFO | --------------------------------------------------------------------------------
2026-04-22 09:33:14 KST | INFO | Filtering to 6 classes (0-5)
2026-04-22 09:33:41 KST | INFO | Training samples:   30,000
2026-04-22 09:33:41 KST | INFO | Test samples:       6,000
2026-04-22 09:33:41 KST | INFO | Training batches:   235
2026-04-22 09:33:41 KST | INFO | Test batches:       24
2026-04-22 09:33:41 KST | INFO | 
2026-04-22 09:33:41 KST | INFO | --------------------------------------------------------------------------------
2026-04-22 09:33:41 KST | INFO | MODEL INITIALIZATION
2026-04-22 09:33:41 KST | INFO | --------------------------------------------------------------------------------
2026-04-22 09:33:41 KST | INFO | Total parameters:     3,246,150
2026-04-22 09:33:41 KST | INFO | Trainable parameters: 3,246,150
2026-04-22 09:33:41 KST | INFO | 
2026-04-22 09:33:41 KST | INFO | --------------------------------------------------------------------------------
2026-04-22 09:33:41 KST | INFO | OPTIMIZER & SCHEDULER
2026-04-22 09:33:41 KST | INFO | --------------------------------------------------------------------------------
2026-04-22 09:33:41 KST | INFO | Optimizer:        SGD (lr=0.1, momentum=0.9)
2026-04-22 09:33:41 KST | INFO | Scheduler:        cosine
2026-04-22 09:33:41 KST | INFO | Gradient clip:    1.0
2026-04-22 09:33:41 KST | INFO | 
2026-04-22 09:33:41 KST | INFO | --------------------------------------------------------------------------------
2026-04-22 09:33:41 KST | INFO | TRAINING
2026-04-22 09:33:41 KST | INFO | --------------------------------------------------------------------------------
2026-04-22 09:33:41 KST | INFO | 
2026-04-22 09:33:41 KST | INFO | Epoch 1/200 | LR: 0.100000
2026-04-22 09:33:52 KST | INFO |   Train Loss: 1.3439 | Test Loss: 1.1135 | Test Acc: 55.10%
2026-04-22 09:33:52 KST | INFO |   🏆 New best accuracy: 55.10%
2026-04-22 09:33:52 KST | INFO | 
2026-04-22 09:33:52 KST | INFO | Epoch 2/200 | LR: 0.099994
2026-04-22 09:34:01 KST | INFO |   Train Loss: 1.0544 | Test Loss: 1.0544 | Test Acc: 59.37%
2026-04-22 09:34:01 KST | INFO |   🏆 New best accuracy: 59.37%
2026-04-22 09:34:01 KST | INFO | 
2026-04-22 09:34:01 KST | INFO | Epoch 3/200 | LR: 0.099975
2026-04-22 09:34:12 KST | INFO |   Train Loss: 0.8639 | Test Loss: 0.7791 | Test Acc: 69.75%
2026-04-22 09:34:12 KST | INFO |   🏆 New best accuracy: 69.75%
2026-04-22 09:34:12 KST | INFO | 
2026-04-22 09:34:12 KST | INFO | Epoch 4/200 | LR: 0.099944
2026-04-22 09:34:22 KST | INFO |   Train Loss: 0.7392 | Test Loss: 0.7406 | Test Acc: 72.37%
2026-04-22 09:34:22 KST | INFO |   🏆 New best accuracy: 72.37%
2026-04-22 09:34:22 KST | INFO | 
2026-04-22 09:34:22 KST | INFO | Epoch 5/200 | LR: 0.099901
2026-04-22 09:34:32 KST | INFO |   Train Loss: 0.6615 | Test Loss: 0.6431 | Test Acc: 76.90%
2026-04-22 09:34:32 KST | INFO |   🏆 New best accuracy: 76.90%
2026-04-22 09:34:32 KST | INFO | 
2026-04-22 09:34:32 KST | INFO | Epoch 6/200 | LR: 0.099846
2026-04-22 09:34:41 KST | INFO |   Train Loss: 0.6100 | Test Loss: 0.5641 | Test Acc: 79.53%
2026-04-22 09:34:41 KST | INFO |   🏆 New best accuracy: 79.53%
2026-04-22 09:34:41 KST | INFO | 
2026-04-22 09:34:41 KST | INFO | Epoch 7/200 | LR: 0.099778
2026-04-22 09:34:51 KST | INFO |   Train Loss: 0.5636 | Test Loss: 0.8252 | Test Acc: 70.65%
2026-04-22 09:34:51 KST | INFO |   No improvement (1/30)
2026-04-22 09:34:51 KST | INFO | 
2026-04-22 09:34:51 KST | INFO | Epoch 8/200 | LR: 0.099698
2026-04-22 09:35:01 KST | INFO |   Train Loss: 0.5352 | Test Loss: 0.4868 | Test Acc: 82.13%
2026-04-22 09:35:01 KST | INFO |   🏆 New best accuracy: 82.13%
2026-04-22 09:35:01 KST | INFO | 
2026-04-22 09:35:01 KST | INFO | Epoch 9/200 | LR: 0.099606
2026-04-22 09:35:11 KST | INFO |   Train Loss: 0.5048 | Test Loss: 0.5129 | Test Acc: 81.58%
2026-04-22 09:35:11 KST | INFO |   No improvement (1/30)
2026-04-22 09:35:11 KST | INFO | 
2026-04-22 09:35:11 KST | INFO | Epoch 10/200 | LR: 0.099501
2026-04-22 09:35:21 KST | INFO |   Train Loss: 0.4790 | Test Loss: 0.5012 | Test Acc: 81.93%
2026-04-22 09:35:21 KST | INFO |   No improvement (2/30)
2026-04-22 09:35:21 KST | INFO | 
2026-04-22 09:35:21 KST | INFO | Epoch 11/200 | LR: 0.099384
2026-04-22 09:35:31 KST | INFO |   Train Loss: 0.4562 | Test Loss: 0.5255 | Test Acc: 80.83%
2026-04-22 09:35:31 KST | INFO |   No improvement (3/30)
2026-04-22 09:35:31 KST | INFO | 
2026-04-22 09:35:31 KST | INFO | Epoch 12/200 | LR: 0.099255
2026-04-22 09:35:40 KST | INFO |   Train Loss: 0.4392 | Test Loss: 0.4624 | Test Acc: 83.67%
2026-04-22 09:35:40 KST | INFO |   🏆 New best accuracy: 83.67%
2026-04-22 09:35:40 KST | INFO | 
2026-04-22 09:35:40 KST | INFO | Epoch 13/200 | LR: 0.099114
2026-04-22 09:35:50 KST | INFO |   Train Loss: 0.4300 | Test Loss: 0.4484 | Test Acc: 84.52%
2026-04-22 09:35:50 KST | INFO |   🏆 New best accuracy: 84.52%
2026-04-22 09:35:50 KST | INFO | 
2026-04-22 09:35:50 KST | INFO | Epoch 14/200 | LR: 0.098961
2026-04-22 09:36:00 KST | INFO |   Train Loss: 0.4125 | Test Loss: 0.4133 | Test Acc: 85.07%
2026-04-22 09:36:00 KST | INFO |   🏆 New best accuracy: 85.07%
2026-04-22 09:36:00 KST | INFO | 
2026-04-22 09:36:00 KST | INFO | Epoch 15/200 | LR: 0.098796
2026-04-22 09:36:10 KST | INFO |   Train Loss: 0.4056 | Test Loss: 0.4291 | Test Acc: 84.75%
2026-04-22 09:36:10 KST | INFO |   No improvement (1/30)
2026-04-22 09:36:10 KST | INFO | 
2026-04-22 09:36:10 KST | INFO | Epoch 16/200 | LR: 0.098619
2026-04-22 09:36:21 KST | INFO |   Train Loss: 0.3924 | Test Loss: 0.4580 | Test Acc: 83.68%
2026-04-22 09:36:21 KST | INFO |   No improvement (2/30)
2026-04-22 09:36:21 KST | INFO | 
2026-04-22 09:36:21 KST | INFO | Epoch 17/200 | LR: 0.098429
2026-04-22 09:36:31 KST | INFO |   Train Loss: 0.3830 | Test Loss: 0.4389 | Test Acc: 84.47%
2026-04-22 09:36:31 KST | INFO |   No improvement (3/30)
2026-04-22 09:36:31 KST | INFO | 
2026-04-22 09:36:31 KST | INFO | Epoch 18/200 | LR: 0.098228
2026-04-22 09:36:41 KST | INFO |   Train Loss: 0.3668 | Test Loss: 0.3814 | Test Acc: 86.68%
2026-04-22 09:36:41 KST | INFO |   🏆 New best accuracy: 86.68%
2026-04-22 09:36:41 KST | INFO | 
2026-04-22 09:36:41 KST | INFO | Epoch 19/200 | LR: 0.098015
2026-04-22 09:36:51 KST | INFO |   Train Loss: 0.3605 | Test Loss: 0.4496 | Test Acc: 84.35%
2026-04-22 09:36:51 KST | INFO |   No improvement (1/30)
2026-04-22 09:36:51 KST | INFO | 
2026-04-22 09:36:51 KST | INFO | Epoch 20/200 | LR: 0.097790
2026-04-22 09:37:01 KST | INFO |   Train Loss: 0.3567 | Test Loss: 0.4723 | Test Acc: 84.25%
2026-04-22 09:37:01 KST | INFO |   No improvement (2/30)
2026-04-22 09:37:01 KST | INFO | 
2026-04-22 09:37:01 KST | INFO | Epoch 21/200 | LR: 0.097553
2026-04-22 09:37:11 KST | INFO |   Train Loss: 0.3486 | Test Loss: 0.4777 | Test Acc: 83.15%
2026-04-22 09:37:11 KST | INFO |   No improvement (3/30)
2026-04-22 09:37:11 KST | INFO | 
2026-04-22 09:37:11 KST | INFO | Epoch 22/200 | LR: 0.097304
2026-04-22 09:37:21 KST | INFO |   Train Loss: 0.3423 | Test Loss: 0.4399 | Test Acc: 84.73%
2026-04-22 09:37:21 KST | INFO |   No improvement (4/30)
2026-04-22 09:37:21 KST | INFO | 
2026-04-22 09:37:21 KST | INFO | Epoch 23/200 | LR: 0.097044
2026-04-22 09:37:31 KST | INFO |   Train Loss: 0.3382 | Test Loss: 0.3992 | Test Acc: 85.83%
2026-04-22 09:37:31 KST | INFO |   No improvement (5/30)
2026-04-22 09:37:31 KST | INFO | 
2026-04-22 09:37:31 KST | INFO | Epoch 24/200 | LR: 0.096772
2026-04-22 09:37:40 KST | INFO |   Train Loss: 0.3274 | Test Loss: 0.4085 | Test Acc: 86.80%
2026-04-22 09:37:40 KST | INFO |   🏆 New best accuracy: 86.80%
2026-04-22 09:37:40 KST | INFO | 
2026-04-22 09:37:40 KST | INFO | Epoch 25/200 | LR: 0.096489
2026-04-22 09:37:51 KST | INFO |   Train Loss: 0.3289 | Test Loss: 0.4291 | Test Acc: 84.88%
2026-04-22 09:37:51 KST | INFO |   No improvement (1/30)
2026-04-22 09:37:51 KST | INFO | 
2026-04-22 09:37:51 KST | INFO | Epoch 26/200 | LR: 0.096194
2026-04-22 09:38:00 KST | INFO |   Train Loss: 0.3201 | Test Loss: 0.4115 | Test Acc: 86.47%
2026-04-22 09:38:00 KST | INFO |   No improvement (2/30)
2026-04-22 09:38:00 KST | INFO | 
2026-04-22 09:38:00 KST | INFO | Epoch 27/200 | LR: 0.095888
2026-04-22 09:38:10 KST | INFO |   Train Loss: 0.3153 | Test Loss: 0.4095 | Test Acc: 86.00%
2026-04-22 09:38:10 KST | INFO |   No improvement (3/30)
2026-04-22 09:38:10 KST | INFO | 
2026-04-22 09:38:10 KST | INFO | Epoch 28/200 | LR: 0.095570
2026-04-22 09:38:20 KST | INFO |   Train Loss: 0.3110 | Test Loss: 0.3485 | Test Acc: 87.35%
2026-04-22 09:38:20 KST | INFO |   🏆 New best accuracy: 87.35%
2026-04-22 09:38:20 KST | INFO | 
2026-04-22 09:38:20 KST | INFO | Epoch 29/200 | LR: 0.095241
2026-04-22 09:38:30 KST | INFO |   Train Loss: 0.3071 | Test Loss: 0.3574 | Test Acc: 87.12%
2026-04-22 09:38:30 KST | INFO |   No improvement (1/30)
2026-04-22 09:38:30 KST | INFO | 
2026-04-22 09:38:30 KST | INFO | Epoch 30/200 | LR: 0.094901
2026-04-22 09:38:40 KST | INFO |   Train Loss: 0.3100 | Test Loss: 0.3343 | Test Acc: 88.18%
2026-04-22 09:38:40 KST | INFO |   🏆 New best accuracy: 88.18%
2026-04-22 09:38:40 KST | INFO | 
2026-04-22 09:38:40 KST | INFO | Epoch 31/200 | LR: 0.094550
2026-04-22 09:38:50 KST | INFO |   Train Loss: 0.2966 | Test Loss: 0.3493 | Test Acc: 88.08%
2026-04-22 09:38:50 KST | INFO |   No improvement (1/30)
2026-04-22 09:38:50 KST | INFO | 
2026-04-22 09:38:50 KST | INFO | Epoch 32/200 | LR: 0.094188
2026-04-22 09:39:00 KST | INFO |   Train Loss: 0.2964 | Test Loss: 0.3691 | Test Acc: 86.98%
2026-04-22 09:39:00 KST | INFO |   No improvement (2/30)
2026-04-22 09:39:00 KST | INFO | 
2026-04-22 09:39:00 KST | INFO | Epoch 33/200 | LR: 0.093815
2026-04-22 09:39:10 KST | INFO |   Train Loss: 0.2927 | Test Loss: 0.3770 | Test Acc: 87.33%
2026-04-22 09:39:10 KST | INFO |   No improvement (3/30)
2026-04-22 09:39:10 KST | INFO | 
2026-04-22 09:39:10 KST | INFO | Epoch 34/200 | LR: 0.093432
2026-04-22 09:39:20 KST | INFO |   Train Loss: 0.2857 | Test Loss: 0.3518 | Test Acc: 87.78%
2026-04-22 09:39:20 KST | INFO |   No improvement (4/30)
2026-04-22 09:39:20 KST | INFO | 
2026-04-22 09:39:20 KST | INFO | Epoch 35/200 | LR: 0.093037
2026-04-22 09:39:30 KST | INFO |   Train Loss: 0.2856 | Test Loss: 0.3967 | Test Acc: 86.60%
2026-04-22 09:39:30 KST | INFO |   No improvement (5/30)
2026-04-22 09:39:30 KST | INFO | 
2026-04-22 09:39:30 KST | INFO | Epoch 36/200 | LR: 0.092632
2026-04-22 09:39:40 KST | INFO |   Train Loss: 0.2806 | Test Loss: 0.3942 | Test Acc: 86.52%
2026-04-22 09:39:40 KST | INFO |   No improvement (6/30)
2026-04-22 09:39:40 KST | INFO | 
2026-04-22 09:39:40 KST | INFO | Epoch 37/200 | LR: 0.092216
2026-04-22 09:39:50 KST | INFO |   Train Loss: 0.2813 | Test Loss: 0.3595 | Test Acc: 87.57%
2026-04-22 09:39:50 KST | INFO |   No improvement (7/30)
2026-04-22 09:39:50 KST | INFO | 
2026-04-22 09:39:50 KST | INFO | Epoch 38/200 | LR: 0.091790
2026-04-22 09:40:00 KST | INFO |   Train Loss: 0.2731 | Test Loss: 0.3716 | Test Acc: 86.63%
2026-04-22 09:40:00 KST | INFO |   No improvement (8/30)
2026-04-22 09:40:00 KST | INFO | 
2026-04-22 09:40:00 KST | INFO | Epoch 39/200 | LR: 0.091354
2026-04-22 09:40:10 KST | INFO |   Train Loss: 0.2766 | Test Loss: 0.3907 | Test Acc: 86.47%
2026-04-22 09:40:10 KST | INFO |   No improvement (9/30)
2026-04-22 09:40:10 KST | INFO | 
2026-04-22 09:40:10 KST | INFO | Epoch 40/200 | LR: 0.090908
2026-04-22 09:40:20 KST | INFO |   Train Loss: 0.2725 | Test Loss: 0.3553 | Test Acc: 87.53%
2026-04-22 09:40:20 KST | INFO |   No improvement (10/30)
2026-04-22 09:40:20 KST | INFO | 
2026-04-22 09:40:20 KST | INFO | Epoch 41/200 | LR: 0.090451
2026-04-22 09:40:30 KST | INFO |   Train Loss: 0.2668 | Test Loss: 0.3838 | Test Acc: 87.18%
2026-04-22 09:40:30 KST | INFO |   No improvement (11/30)
2026-04-22 09:40:30 KST | INFO | 
2026-04-22 09:40:30 KST | INFO | Epoch 42/200 | LR: 0.089984
2026-04-22 09:40:41 KST | INFO |   Train Loss: 0.2618 | Test Loss: 0.4096 | Test Acc: 85.93%
2026-04-22 09:40:41 KST | INFO |   No improvement (12/30)
2026-04-22 09:40:41 KST | INFO | 
2026-04-22 09:40:41 KST | INFO | Epoch 43/200 | LR: 0.089508
2026-04-22 09:40:51 KST | INFO |   Train Loss: 0.2653 | Test Loss: 0.4021 | Test Acc: 86.18%
2026-04-22 09:40:51 KST | INFO |   No improvement (13/30)
2026-04-22 09:40:51 KST | INFO | 
2026-04-22 09:40:51 KST | INFO | Epoch 44/200 | LR: 0.089022
2026-04-22 09:41:01 KST | INFO |   Train Loss: 0.2571 | Test Loss: 0.3592 | Test Acc: 87.65%
2026-04-22 09:41:01 KST | INFO |   No improvement (14/30)
2026-04-22 09:41:01 KST | INFO | 
2026-04-22 09:41:01 KST | INFO | Epoch 45/200 | LR: 0.088526
2026-04-22 09:41:11 KST | INFO |   Train Loss: 0.2548 | Test Loss: 0.4032 | Test Acc: 86.00%
2026-04-22 09:41:11 KST | INFO |   No improvement (15/30)
2026-04-22 09:41:11 KST | INFO | 
2026-04-22 09:41:11 KST | INFO | Epoch 46/200 | LR: 0.088020
2026-04-22 09:41:21 KST | INFO |   Train Loss: 0.2543 | Test Loss: 0.3551 | Test Acc: 87.93%
2026-04-22 09:41:21 KST | INFO |   No improvement (16/30)
2026-04-22 09:41:21 KST | INFO | 
2026-04-22 09:41:21 KST | INFO | Epoch 47/200 | LR: 0.087506
2026-04-22 09:41:31 KST | INFO |   Train Loss: 0.2485 | Test Loss: 0.3470 | Test Acc: 88.03%
2026-04-22 09:41:31 KST | INFO |   No improvement (17/30)
2026-04-22 09:41:31 KST | INFO | 
2026-04-22 09:41:31 KST | INFO | Epoch 48/200 | LR: 0.086982
2026-04-22 09:41:41 KST | INFO |   Train Loss: 0.2477 | Test Loss: 0.4521 | Test Acc: 86.08%
2026-04-22 09:41:41 KST | INFO |   No improvement (18/30)
2026-04-22 09:41:41 KST | INFO | 
2026-04-22 09:41:41 KST | INFO | Epoch 49/200 | LR: 0.086449
2026-04-22 09:41:51 KST | INFO |   Train Loss: 0.2417 | Test Loss: 0.3975 | Test Acc: 87.18%
2026-04-22 09:41:51 KST | INFO |   No improvement (19/30)
2026-04-22 09:41:51 KST | INFO | 
2026-04-22 09:41:51 KST | INFO | Epoch 50/200 | LR: 0.085906
2026-04-22 09:42:01 KST | INFO |   Train Loss: 0.2378 | Test Loss: 0.3224 | Test Acc: 89.20%
2026-04-22 09:42:01 KST | INFO |   🏆 New best accuracy: 89.20%
2026-04-22 09:42:01 KST | INFO | 
2026-04-22 09:42:01 KST | INFO | Epoch 51/200 | LR: 0.085355
2026-04-22 09:42:11 KST | INFO |   Train Loss: 0.2367 | Test Loss: 0.3956 | Test Acc: 87.07%
2026-04-22 09:42:11 KST | INFO |   No improvement (1/30)
2026-04-22 09:42:11 KST | INFO | 
2026-04-22 09:42:11 KST | INFO | Epoch 52/200 | LR: 0.084796
2026-04-22 09:42:22 KST | INFO |   Train Loss: 0.2388 | Test Loss: 0.3843 | Test Acc: 87.83%
2026-04-22 09:42:22 KST | INFO |   No improvement (2/30)
2026-04-22 09:42:22 KST | INFO | 
2026-04-22 09:42:22 KST | INFO | Epoch 53/200 | LR: 0.084228
2026-04-22 09:42:32 KST | INFO |   Train Loss: 0.2332 | Test Loss: 0.4064 | Test Acc: 86.48%
2026-04-22 09:42:32 KST | INFO |   No improvement (3/30)
2026-04-22 09:42:32 KST | INFO | 
2026-04-22 09:42:32 KST | INFO | Epoch 54/200 | LR: 0.083651
2026-04-22 09:42:42 KST | INFO |   Train Loss: 0.2322 | Test Loss: 0.3565 | Test Acc: 87.68%
2026-04-22 09:42:42 KST | INFO |   No improvement (4/30)
2026-04-22 09:42:42 KST | INFO | 
2026-04-22 09:42:42 KST | INFO | Epoch 55/200 | LR: 0.083066
2026-04-22 09:42:51 KST | INFO |   Train Loss: 0.2344 | Test Loss: 0.3468 | Test Acc: 88.10%
2026-04-22 09:42:51 KST | INFO |   No improvement (5/30)
2026-04-22 09:42:51 KST | INFO | 
2026-04-22 09:42:51 KST | INFO | Epoch 56/200 | LR: 0.082473
2026-04-22 09:43:01 KST | INFO |   Train Loss: 0.2301 | Test Loss: 0.3514 | Test Acc: 88.67%
2026-04-22 09:43:01 KST | INFO |   No improvement (6/30)
2026-04-22 09:43:01 KST | INFO | 
2026-04-22 09:43:01 KST | INFO | Epoch 57/200 | LR: 0.081871
2026-04-22 09:43:11 KST | INFO |   Train Loss: 0.2259 | Test Loss: 0.4221 | Test Acc: 86.77%
2026-04-22 09:43:11 KST | INFO |   No improvement (7/30)
2026-04-22 09:43:11 KST | INFO | 
2026-04-22 09:43:11 KST | INFO | Epoch 58/200 | LR: 0.081262
2026-04-22 09:43:21 KST | INFO |   Train Loss: 0.2253 | Test Loss: 0.4079 | Test Acc: 87.30%
2026-04-22 09:43:21 KST | INFO |   No improvement (8/30)
2026-04-22 09:43:21 KST | INFO | 
2026-04-22 09:43:21 KST | INFO | Epoch 59/200 | LR: 0.080646
2026-04-22 09:43:30 KST | INFO |   Train Loss: 0.2240 | Test Loss: 0.3337 | Test Acc: 89.60%
2026-04-22 09:43:30 KST | INFO |   🏆 New best accuracy: 89.60%
2026-04-22 09:43:30 KST | INFO | 
2026-04-22 09:43:30 KST | INFO | Epoch 60/200 | LR: 0.080021
2026-04-22 09:43:41 KST | INFO |   Train Loss: 0.2177 | Test Loss: 0.3190 | Test Acc: 89.68%
2026-04-22 09:43:41 KST | INFO |   🏆 New best accuracy: 89.68%
2026-04-22 09:43:41 KST | INFO | 
2026-04-22 09:43:41 KST | INFO | Epoch 61/200 | LR: 0.079389
2026-04-22 09:43:51 KST | INFO |   Train Loss: 0.2112 | Test Loss: 0.3362 | Test Acc: 88.63%
2026-04-22 09:43:51 KST | INFO |   No improvement (1/30)
2026-04-22 09:43:51 KST | INFO | 
2026-04-22 09:43:51 KST | INFO | Epoch 62/200 | LR: 0.078750
2026-04-22 09:44:01 KST | INFO |   Train Loss: 0.2172 | Test Loss: 0.2925 | Test Acc: 89.77%
2026-04-22 09:44:01 KST | INFO |   🏆 New best accuracy: 89.77%
2026-04-22 09:44:01 KST | INFO | 
2026-04-22 09:44:01 KST | INFO | Epoch 63/200 | LR: 0.078104
2026-04-22 09:44:10 KST | INFO |   Train Loss: 0.2128 | Test Loss: 0.3242 | Test Acc: 89.10%
2026-04-22 09:44:10 KST | INFO |   No improvement (1/30)
2026-04-22 09:44:10 KST | INFO | 
2026-04-22 09:44:10 KST | INFO | Epoch 64/200 | LR: 0.077451
2026-04-22 09:44:20 KST | INFO |   Train Loss: 0.2093 | Test Loss: 0.3745 | Test Acc: 87.88%
2026-04-22 09:44:20 KST | INFO |   No improvement (2/30)
2026-04-22 09:44:20 KST | INFO | 
2026-04-22 09:44:20 KST | INFO | Epoch 65/200 | LR: 0.076792
2026-04-22 09:44:30 KST | INFO |   Train Loss: 0.2065 | Test Loss: 0.4201 | Test Acc: 87.27%
2026-04-22 09:44:30 KST | INFO |   No improvement (3/30)
2026-04-22 09:44:30 KST | INFO | 
2026-04-22 09:44:30 KST | INFO | Epoch 66/200 | LR: 0.076125
2026-04-22 09:44:40 KST | INFO |   Train Loss: 0.2010 | Test Loss: 0.3429 | Test Acc: 88.67%
2026-04-22 09:44:40 KST | INFO |   No improvement (4/30)
2026-04-22 09:44:40 KST | INFO | 
2026-04-22 09:44:40 KST | INFO | Epoch 67/200 | LR: 0.075452
2026-04-22 09:44:50 KST | INFO |   Train Loss: 0.2045 | Test Loss: 0.3196 | Test Acc: 89.15%
2026-04-22 09:44:50 KST | INFO |   No improvement (5/30)
2026-04-22 09:44:50 KST | INFO | 
2026-04-22 09:44:50 KST | INFO | Epoch 68/200 | LR: 0.074773
2026-04-22 09:44:59 KST | INFO |   Train Loss: 0.2014 | Test Loss: 0.3213 | Test Acc: 89.62%
2026-04-22 09:44:59 KST | INFO |   No improvement (6/30)
2026-04-22 09:44:59 KST | INFO | 
2026-04-22 09:44:59 KST | INFO | Epoch 69/200 | LR: 0.074088
2026-04-22 09:45:09 KST | INFO |   Train Loss: 0.2021 | Test Loss: 0.3713 | Test Acc: 87.52%
2026-04-22 09:45:09 KST | INFO |   No improvement (7/30)
2026-04-22 09:45:09 KST | INFO | 
2026-04-22 09:45:09 KST | INFO | Epoch 70/200 | LR: 0.073397
2026-04-22 09:45:19 KST | INFO |   Train Loss: 0.2019 | Test Loss: 0.3425 | Test Acc: 88.80%
2026-04-22 09:45:19 KST | INFO |   No improvement (8/30)
2026-04-22 09:45:19 KST | INFO | 
2026-04-22 09:45:19 KST | INFO | Epoch 71/200 | LR: 0.072700
2026-04-22 09:45:29 KST | INFO |   Train Loss: 0.1924 | Test Loss: 0.3473 | Test Acc: 89.30%
2026-04-22 09:45:29 KST | INFO |   No improvement (9/30)
2026-04-22 09:45:29 KST | INFO | 
2026-04-22 09:45:29 KST | INFO | Epoch 72/200 | LR: 0.071997
2026-04-22 09:45:38 KST | INFO |   Train Loss: 0.1950 | Test Loss: 0.4152 | Test Acc: 87.92%
2026-04-22 09:45:38 KST | INFO |   No improvement (10/30)
2026-04-22 09:45:38 KST | INFO | 
2026-04-22 09:45:38 KST | INFO | Epoch 73/200 | LR: 0.071289
2026-04-22 09:45:48 KST | INFO |   Train Loss: 0.1940 | Test Loss: 0.4009 | Test Acc: 86.80%
2026-04-22 09:45:48 KST | INFO |   No improvement (11/30)
2026-04-22 09:45:48 KST | INFO | 
2026-04-22 09:45:48 KST | INFO | Epoch 74/200 | LR: 0.070576
2026-04-22 09:45:58 KST | INFO |   Train Loss: 0.1837 | Test Loss: 0.3069 | Test Acc: 90.43%
2026-04-22 09:45:58 KST | INFO |   🏆 New best accuracy: 90.43%
2026-04-22 09:45:58 KST | INFO | 
2026-04-22 09:45:58 KST | INFO | Epoch 75/200 | LR: 0.069858
2026-04-22 09:46:08 KST | INFO |   Train Loss: 0.1904 | Test Loss: 0.3373 | Test Acc: 89.08%
2026-04-22 09:46:08 KST | INFO |   No improvement (1/30)
2026-04-22 09:46:08 KST | INFO | 
2026-04-22 09:46:08 KST | INFO | Epoch 76/200 | LR: 0.069134
2026-04-22 09:46:18 KST | INFO |   Train Loss: 0.1825 | Test Loss: 0.3943 | Test Acc: 88.12%
2026-04-22 09:46:18 KST | INFO |   No improvement (2/30)
2026-04-22 09:46:18 KST | INFO | 
2026-04-22 09:46:18 KST | INFO | Epoch 77/200 | LR: 0.068407
2026-04-22 09:46:28 KST | INFO |   Train Loss: 0.1779 | Test Loss: 0.4060 | Test Acc: 87.53%
2026-04-22 09:46:28 KST | INFO |   No improvement (3/30)
2026-04-22 09:46:28 KST | INFO | 
2026-04-22 09:46:28 KST | INFO | Epoch 78/200 | LR: 0.067674
2026-04-22 09:46:38 KST | INFO |   Train Loss: 0.1787 | Test Loss: 0.5043 | Test Acc: 86.05%
2026-04-22 09:46:38 KST | INFO |   No improvement (4/30)
2026-04-22 09:46:38 KST | INFO | 
2026-04-22 09:46:38 KST | INFO | Epoch 79/200 | LR: 0.066937
2026-04-22 09:46:48 KST | INFO |   Train Loss: 0.1737 | Test Loss: 0.3587 | Test Acc: 88.68%
2026-04-22 09:46:48 KST | INFO |   No improvement (5/30)
2026-04-22 09:46:48 KST | INFO | 
2026-04-22 09:46:48 KST | INFO | Epoch 80/200 | LR: 0.066196
2026-04-22 09:46:58 KST | INFO |   Train Loss: 0.1737 | Test Loss: 0.3901 | Test Acc: 87.93%
2026-04-22 09:46:58 KST | INFO |   No improvement (6/30)
2026-04-22 09:46:58 KST | INFO | 
2026-04-22 09:46:58 KST | INFO | Epoch 81/200 | LR: 0.065451
2026-04-22 09:47:08 KST | INFO |   Train Loss: 0.1709 | Test Loss: 0.4683 | Test Acc: 86.48%
2026-04-22 09:47:08 KST | INFO |   No improvement (7/30)
2026-04-22 09:47:08 KST | INFO | 
2026-04-22 09:47:08 KST | INFO | Epoch 82/200 | LR: 0.064702
2026-04-22 09:47:18 KST | INFO |   Train Loss: 0.1708 | Test Loss: 0.3222 | Test Acc: 89.70%
2026-04-22 09:47:18 KST | INFO |   No improvement (8/30)
2026-04-22 09:47:18 KST | INFO | 
2026-04-22 09:47:18 KST | INFO | Epoch 83/200 | LR: 0.063950
2026-04-22 09:47:28 KST | INFO |   Train Loss: 0.1681 | Test Loss: 0.3390 | Test Acc: 89.07%
2026-04-22 09:47:28 KST | INFO |   No improvement (9/30)
2026-04-22 09:47:28 KST | INFO | 
2026-04-22 09:47:28 KST | INFO | Epoch 84/200 | LR: 0.063194
2026-04-22 09:47:38 KST | INFO |   Train Loss: 0.1658 | Test Loss: 0.3243 | Test Acc: 90.08%
2026-04-22 09:47:38 KST | INFO |   No improvement (10/30)
2026-04-22 09:47:38 KST | INFO | 
2026-04-22 09:47:38 KST | INFO | Epoch 85/200 | LR: 0.062435
2026-04-22 09:47:48 KST | INFO |   Train Loss: 0.1572 | Test Loss: 0.3903 | Test Acc: 88.87%
2026-04-22 09:47:48 KST | INFO |   No improvement (11/30)
2026-04-22 09:47:48 KST | INFO | 
2026-04-22 09:47:48 KST | INFO | Epoch 86/200 | LR: 0.061673
2026-04-22 09:47:58 KST | INFO |   Train Loss: 0.1581 | Test Loss: 0.3161 | Test Acc: 90.10%
2026-04-22 09:47:58 KST | INFO |   No improvement (12/30)
2026-04-22 09:47:58 KST | INFO | 
2026-04-22 09:47:58 KST | INFO | Epoch 87/200 | LR: 0.060908
2026-04-22 09:48:08 KST | INFO |   Train Loss: 0.1576 | Test Loss: 0.3772 | Test Acc: 88.50%
2026-04-22 09:48:08 KST | INFO |   No improvement (13/30)
2026-04-22 09:48:08 KST | INFO | 
2026-04-22 09:48:08 KST | INFO | Epoch 88/200 | LR: 0.060140
2026-04-22 09:48:18 KST | INFO |   Train Loss: 0.1506 | Test Loss: 0.3037 | Test Acc: 90.65%
2026-04-22 09:48:18 KST | INFO |   🏆 New best accuracy: 90.65%
2026-04-22 09:48:18 KST | INFO | 
2026-04-22 09:48:18 KST | INFO | Epoch 89/200 | LR: 0.059369
2026-04-22 09:48:28 KST | INFO |   Train Loss: 0.1525 | Test Loss: 0.3498 | Test Acc: 89.13%
2026-04-22 09:48:28 KST | INFO |   No improvement (1/30)
2026-04-22 09:48:28 KST | INFO | 
2026-04-22 09:48:28 KST | INFO | Epoch 90/200 | LR: 0.058597
2026-04-22 09:48:38 KST | INFO |   Train Loss: 0.1489 | Test Loss: 0.3505 | Test Acc: 89.43%
2026-04-22 09:48:38 KST | INFO |   No improvement (2/30)
2026-04-22 09:48:38 KST | INFO | 
2026-04-22 09:48:38 KST | INFO | Epoch 91/200 | LR: 0.057822
2026-04-22 09:48:48 KST | INFO |   Train Loss: 0.1461 | Test Loss: 0.3223 | Test Acc: 90.18%
2026-04-22 09:48:48 KST | INFO |   No improvement (3/30)
2026-04-22 09:48:48 KST | INFO | 
2026-04-22 09:48:48 KST | INFO | Epoch 92/200 | LR: 0.057045
2026-04-22 09:48:58 KST | INFO |   Train Loss: 0.1472 | Test Loss: 0.3091 | Test Acc: 90.17%
2026-04-22 09:48:58 KST | INFO |   No improvement (4/30)
2026-04-22 09:48:58 KST | INFO | 
2026-04-22 09:48:58 KST | INFO | Epoch 93/200 | LR: 0.056267
2026-04-22 09:49:08 KST | INFO |   Train Loss: 0.1460 | Test Loss: 0.3233 | Test Acc: 89.87%
2026-04-22 09:49:08 KST | INFO |   No improvement (5/30)
2026-04-22 09:49:08 KST | INFO | 
2026-04-22 09:49:08 KST | INFO | Epoch 94/200 | LR: 0.055487
2026-04-22 09:49:18 KST | INFO |   Train Loss: 0.1418 | Test Loss: 0.3461 | Test Acc: 89.83%
2026-04-22 09:49:18 KST | INFO |   No improvement (6/30)
2026-04-22 09:49:18 KST | INFO | 
2026-04-22 09:49:18 KST | INFO | Epoch 95/200 | LR: 0.054706
2026-04-22 09:49:27 KST | INFO |   Train Loss: 0.1389 | Test Loss: 0.3403 | Test Acc: 89.67%
2026-04-22 09:49:27 KST | INFO |   No improvement (7/30)
2026-04-22 09:49:27 KST | INFO | 
2026-04-22 09:49:27 KST | INFO | Epoch 96/200 | LR: 0.053923
2026-04-22 09:49:37 KST | INFO |   Train Loss: 0.1361 | Test Loss: 0.3372 | Test Acc: 89.97%
2026-04-22 09:49:37 KST | INFO |   No improvement (8/30)
2026-04-22 09:49:37 KST | INFO | 
2026-04-22 09:49:37 KST | INFO | Epoch 97/200 | LR: 0.053140
2026-04-22 09:49:47 KST | INFO |   Train Loss: 0.1335 | Test Loss: 0.3550 | Test Acc: 89.20%
2026-04-22 09:49:47 KST | INFO |   No improvement (9/30)
2026-04-22 09:49:47 KST | INFO | 
2026-04-22 09:49:47 KST | INFO | Epoch 98/200 | LR: 0.052356
2026-04-22 09:49:57 KST | INFO |   Train Loss: 0.1275 | Test Loss: 0.3288 | Test Acc: 89.75%
2026-04-22 09:49:57 KST | INFO |   No improvement (10/30)
2026-04-22 09:49:57 KST | INFO | 
2026-04-22 09:49:57 KST | INFO | Epoch 99/200 | LR: 0.051571
2026-04-22 09:50:07 KST | INFO |   Train Loss: 0.1294 | Test Loss: 0.3131 | Test Acc: 90.70%
2026-04-22 09:50:07 KST | INFO |   🏆 New best accuracy: 90.70%
2026-04-22 09:50:07 KST | INFO | 
2026-04-22 09:50:07 KST | INFO | Epoch 100/200 | LR: 0.050786
2026-04-22 09:50:17 KST | INFO |   Train Loss: 0.1290 | Test Loss: 0.3654 | Test Acc: 89.43%
2026-04-22 09:50:17 KST | INFO |   No improvement (1/30)
2026-04-22 09:50:17 KST | INFO | 
2026-04-22 09:50:17 KST | INFO | Epoch 101/200 | LR: 0.050001
2026-04-22 09:50:27 KST | INFO |   Train Loss: 0.1250 | Test Loss: 0.3496 | Test Acc: 89.50%
2026-04-22 09:50:27 KST | INFO |   No improvement (2/30)
2026-04-22 09:50:27 KST | INFO | 
2026-04-22 09:50:27 KST | INFO | Epoch 102/200 | LR: 0.049215
2026-04-22 09:50:37 KST | INFO |   Train Loss: 0.1231 | Test Loss: 0.3237 | Test Acc: 90.23%
2026-04-22 09:50:37 KST | INFO |   No improvement (3/30)
2026-04-22 09:50:37 KST | INFO | 
2026-04-22 09:50:37 KST | INFO | Epoch 103/200 | LR: 0.048430
2026-04-22 09:50:47 KST | INFO |   Train Loss: 0.1178 | Test Loss: 0.3284 | Test Acc: 90.68%
2026-04-22 09:50:47 KST | INFO |   No improvement (4/30)
2026-04-22 09:50:47 KST | INFO | 
2026-04-22 09:50:47 KST | INFO | Epoch 104/200 | LR: 0.047645
2026-04-22 09:50:57 KST | INFO |   Train Loss: 0.1164 | Test Loss: 0.3586 | Test Acc: 90.00%
2026-04-22 09:50:57 KST | INFO |   No improvement (5/30)
2026-04-22 09:50:57 KST | INFO | 
2026-04-22 09:50:57 KST | INFO | Epoch 105/200 | LR: 0.046861
2026-04-22 09:51:07 KST | INFO |   Train Loss: 0.1180 | Test Loss: 0.3425 | Test Acc: 90.28%
2026-04-22 09:51:07 KST | INFO |   No improvement (6/30)
2026-04-22 09:51:07 KST | INFO | 
2026-04-22 09:51:07 KST | INFO | Epoch 106/200 | LR: 0.046078
2026-04-22 09:51:17 KST | INFO |   Train Loss: 0.1161 | Test Loss: 0.3281 | Test Acc: 90.45%
2026-04-22 09:51:17 KST | INFO |   No improvement (7/30)
2026-04-22 09:51:17 KST | INFO | 
2026-04-22 09:51:17 KST | INFO | Epoch 107/200 | LR: 0.045295
2026-04-22 09:51:27 KST | INFO |   Train Loss: 0.1121 | Test Loss: 0.4093 | Test Acc: 89.07%
2026-04-22 09:51:27 KST | INFO |   No improvement (8/30)
2026-04-22 09:51:27 KST | INFO | 
2026-04-22 09:51:27 KST | INFO | Epoch 108/200 | LR: 0.044514
2026-04-22 09:51:37 KST | INFO |   Train Loss: 0.1122 | Test Loss: 0.3617 | Test Acc: 89.38%
2026-04-22 09:51:37 KST | INFO |   No improvement (9/30)
2026-04-22 09:51:37 KST | INFO | 
2026-04-22 09:51:37 KST | INFO | Epoch 109/200 | LR: 0.043734
2026-04-22 09:51:46 KST | INFO |   Train Loss: 0.1084 | Test Loss: 0.3707 | Test Acc: 89.93%
2026-04-22 09:51:46 KST | INFO |   No improvement (10/30)
2026-04-22 09:51:46 KST | INFO | 
2026-04-22 09:51:46 KST | INFO | Epoch 110/200 | LR: 0.042956
2026-04-22 09:51:57 KST | INFO |   Train Loss: 0.1067 | Test Loss: 0.3386 | Test Acc: 90.37%
2026-04-22 09:51:57 KST | INFO |   No improvement (11/30)
2026-04-22 09:51:57 KST | INFO | 
2026-04-22 09:51:57 KST | INFO | Epoch 111/200 | LR: 0.042179
2026-04-22 09:52:07 KST | INFO |   Train Loss: 0.1022 | Test Loss: 0.3141 | Test Acc: 90.75%
2026-04-22 09:52:07 KST | INFO |   🏆 New best accuracy: 90.75%
2026-04-22 09:52:07 KST | INFO | 
2026-04-22 09:52:07 KST | INFO | Epoch 112/200 | LR: 0.041404
2026-04-22 09:52:16 KST | INFO |   Train Loss: 0.1007 | Test Loss: 0.3716 | Test Acc: 90.03%
2026-04-22 09:52:16 KST | INFO |   No improvement (1/30)
2026-04-22 09:52:16 KST | INFO | 
2026-04-22 09:52:16 KST | INFO | Epoch 113/200 | LR: 0.040632
2026-04-22 09:52:26 KST | INFO |   Train Loss: 0.1016 | Test Loss: 0.3247 | Test Acc: 90.52%
2026-04-22 09:52:26 KST | INFO |   No improvement (2/30)
2026-04-22 09:52:26 KST | INFO | 
2026-04-22 09:52:26 KST | INFO | Epoch 114/200 | LR: 0.039861
2026-04-22 09:52:36 KST | INFO |   Train Loss: 0.0944 | Test Loss: 0.3268 | Test Acc: 90.68%
2026-04-22 09:52:36 KST | INFO |   No improvement (3/30)
2026-04-22 09:52:36 KST | INFO | 
2026-04-22 09:52:36 KST | INFO | Epoch 115/200 | LR: 0.039093
2026-04-22 09:52:46 KST | INFO |   Train Loss: 0.0950 | Test Loss: 0.3226 | Test Acc: 90.55%
2026-04-22 09:52:46 KST | INFO |   No improvement (4/30)
2026-04-22 09:52:46 KST | INFO | 
2026-04-22 09:52:46 KST | INFO | Epoch 116/200 | LR: 0.038328
2026-04-22 09:52:56 KST | INFO |   Train Loss: 0.0954 | Test Loss: 0.3424 | Test Acc: 90.45%
2026-04-22 09:52:56 KST | INFO |   No improvement (5/30)
2026-04-22 09:52:56 KST | INFO | 
2026-04-22 09:52:56 KST | INFO | Epoch 117/200 | LR: 0.037566
2026-04-22 09:53:06 KST | INFO |   Train Loss: 0.0878 | Test Loss: 0.3331 | Test Acc: 90.83%
2026-04-22 09:53:06 KST | INFO |   🏆 New best accuracy: 90.83%
2026-04-22 09:53:06 KST | INFO | 
2026-04-22 09:53:06 KST | INFO | Epoch 118/200 | LR: 0.036807
2026-04-22 09:53:16 KST | INFO |   Train Loss: 0.0879 | Test Loss: 0.3381 | Test Acc: 90.55%
2026-04-22 09:53:16 KST | INFO |   No improvement (1/30)
2026-04-22 09:53:16 KST | INFO | 
2026-04-22 09:53:16 KST | INFO | Epoch 119/200 | LR: 0.036051
2026-04-22 09:53:26 KST | INFO |   Train Loss: 0.0849 | Test Loss: 0.3635 | Test Acc: 89.78%
2026-04-22 09:53:26 KST | INFO |   No improvement (2/30)
2026-04-22 09:53:26 KST | INFO | 
2026-04-22 09:53:26 KST | INFO | Epoch 120/200 | LR: 0.035299
2026-04-22 09:53:35 KST | INFO |   Train Loss: 0.0830 | Test Loss: 0.3467 | Test Acc: 90.98%
2026-04-22 09:53:35 KST | INFO |   🏆 New best accuracy: 90.98%
2026-04-22 09:53:35 KST | INFO | 
2026-04-22 09:53:35 KST | INFO | Epoch 121/200 | LR: 0.034550
2026-04-22 09:53:46 KST | INFO |   Train Loss: 0.0832 | Test Loss: 0.3596 | Test Acc: 90.30%
2026-04-22 09:53:46 KST | INFO |   No improvement (1/30)
2026-04-22 09:53:46 KST | INFO | 
2026-04-22 09:53:46 KST | INFO | Epoch 122/200 | LR: 0.033805
2026-04-22 09:53:56 KST | INFO |   Train Loss: 0.0806 | Test Loss: 0.3317 | Test Acc: 90.62%
2026-04-22 09:53:56 KST | INFO |   No improvement (2/30)
2026-04-22 09:53:56 KST | INFO | 
2026-04-22 09:53:56 KST | INFO | Epoch 123/200 | LR: 0.033064
2026-04-22 09:54:06 KST | INFO |   Train Loss: 0.0788 | Test Loss: 0.3230 | Test Acc: 90.68%
2026-04-22 09:54:06 KST | INFO |   No improvement (3/30)
2026-04-22 09:54:06 KST | INFO | 
2026-04-22 09:54:06 KST | INFO | Epoch 124/200 | LR: 0.032327
2026-04-22 09:54:15 KST | INFO |   Train Loss: 0.0743 | Test Loss: 0.3833 | Test Acc: 90.00%
2026-04-22 09:54:15 KST | INFO |   No improvement (4/30)
2026-04-22 09:54:15 KST | INFO | 
2026-04-22 09:54:15 KST | INFO | Epoch 125/200 | LR: 0.031594
2026-04-22 09:54:26 KST | INFO |   Train Loss: 0.0731 | Test Loss: 0.3388 | Test Acc: 90.58%
2026-04-22 09:54:26 KST | INFO |   No improvement (5/30)
2026-04-22 09:54:26 KST | INFO | 
2026-04-22 09:54:26 KST | INFO | Epoch 126/200 | LR: 0.030867
2026-04-22 09:54:35 KST | INFO |   Train Loss: 0.0748 | Test Loss: 0.3294 | Test Acc: 90.45%
2026-04-22 09:54:35 KST | INFO |   No improvement (6/30)
2026-04-22 09:54:35 KST | INFO | 
2026-04-22 09:54:35 KST | INFO | Epoch 127/200 | LR: 0.030143
2026-04-22 09:54:45 KST | INFO |   Train Loss: 0.0691 | Test Loss: 0.3783 | Test Acc: 90.62%
2026-04-22 09:54:45 KST | INFO |   No improvement (7/30)
2026-04-22 09:54:45 KST | INFO | 
2026-04-22 09:54:45 KST | INFO | Epoch 128/200 | LR: 0.029425
2026-04-22 09:54:55 KST | INFO |   Train Loss: 0.0661 | Test Loss: 0.3503 | Test Acc: 91.13%
2026-04-22 09:54:55 KST | INFO |   🏆 New best accuracy: 91.13%
2026-04-22 09:54:55 KST | INFO | 
2026-04-22 09:54:55 KST | INFO | Epoch 129/200 | LR: 0.028712
2026-04-22 09:55:05 KST | INFO |   Train Loss: 0.0673 | Test Loss: 0.3591 | Test Acc: 90.48%
2026-04-22 09:55:05 KST | INFO |   No improvement (1/30)
2026-04-22 09:55:05 KST | INFO | 
2026-04-22 09:55:05 KST | INFO | Epoch 130/200 | LR: 0.028004
2026-04-22 09:55:15 KST | INFO |   Train Loss: 0.0658 | Test Loss: 0.3259 | Test Acc: 91.32%
2026-04-22 09:55:15 KST | INFO |   🏆 New best accuracy: 91.32%
2026-04-22 09:55:15 KST | INFO | 
2026-04-22 09:55:15 KST | INFO | Epoch 131/200 | LR: 0.027301
2026-04-22 09:55:25 KST | INFO |   Train Loss: 0.0609 | Test Loss: 0.3283 | Test Acc: 91.20%
2026-04-22 09:55:25 KST | INFO |   No improvement (1/30)
2026-04-22 09:55:25 KST | INFO | 
2026-04-22 09:55:25 KST | INFO | Epoch 132/200 | LR: 0.026604
2026-04-22 09:55:35 KST | INFO |   Train Loss: 0.0596 | Test Loss: 0.3931 | Test Acc: 90.48%
2026-04-22 09:55:35 KST | INFO |   No improvement (2/30)
2026-04-22 09:55:35 KST | INFO | 
2026-04-22 09:55:35 KST | INFO | Epoch 133/200 | LR: 0.025913
2026-04-22 09:55:45 KST | INFO |   Train Loss: 0.0567 | Test Loss: 0.3810 | Test Acc: 90.25%
2026-04-22 09:55:45 KST | INFO |   No improvement (3/30)
2026-04-22 09:55:45 KST | INFO | 
2026-04-22 09:55:45 KST | INFO | Epoch 134/200 | LR: 0.025228
2026-04-22 09:55:55 KST | INFO |   Train Loss: 0.0565 | Test Loss: 0.3526 | Test Acc: 90.92%
2026-04-22 09:55:55 KST | INFO |   No improvement (4/30)
2026-04-22 09:55:55 KST | INFO | 
2026-04-22 09:55:55 KST | INFO | Epoch 135/200 | LR: 0.024549
2026-04-22 09:56:04 KST | INFO |   Train Loss: 0.0544 | Test Loss: 0.3448 | Test Acc: 91.22%
2026-04-22 09:56:04 KST | INFO |   No improvement (5/30)
2026-04-22 09:56:04 KST | INFO | 
2026-04-22 09:56:04 KST | INFO | Epoch 136/200 | LR: 0.023876
2026-04-22 09:56:14 KST | INFO |   Train Loss: 0.0536 | Test Loss: 0.3372 | Test Acc: 91.08%
2026-04-22 09:56:14 KST | INFO |   No improvement (6/30)
2026-04-22 09:56:14 KST | INFO | 
2026-04-22 09:56:14 KST | INFO | Epoch 137/200 | LR: 0.023209
2026-04-22 09:56:24 KST | INFO |   Train Loss: 0.0500 | Test Loss: 0.3419 | Test Acc: 91.28%
2026-04-22 09:56:24 KST | INFO |   No improvement (7/30)
2026-04-22 09:56:24 KST | INFO | 
2026-04-22 09:56:24 KST | INFO | Epoch 138/200 | LR: 0.022550
2026-04-22 09:56:34 KST | INFO |   Train Loss: 0.0520 | Test Loss: 0.3446 | Test Acc: 91.20%
2026-04-22 09:56:34 KST | INFO |   No improvement (8/30)
2026-04-22 09:56:34 KST | INFO | 
2026-04-22 09:56:34 KST | INFO | Epoch 139/200 | LR: 0.021897
2026-04-22 09:56:44 KST | INFO |   Train Loss: 0.0469 | Test Loss: 0.3962 | Test Acc: 90.13%
2026-04-22 09:56:44 KST | INFO |   No improvement (9/30)
2026-04-22 09:56:44 KST | INFO | 
2026-04-22 09:56:44 KST | INFO | Epoch 140/200 | LR: 0.021251
2026-04-22 09:56:54 KST | INFO |   Train Loss: 0.0465 | Test Loss: 0.3617 | Test Acc: 90.75%
2026-04-22 09:56:54 KST | INFO |   No improvement (10/30)
2026-04-22 09:56:54 KST | INFO | 
2026-04-22 09:56:54 KST | INFO | Epoch 141/200 | LR: 0.020612
2026-04-22 09:57:04 KST | INFO |   Train Loss: 0.0454 | Test Loss: 0.4071 | Test Acc: 90.77%
2026-04-22 09:57:04 KST | INFO |   No improvement (11/30)
2026-04-22 09:57:04 KST | INFO | 
2026-04-22 09:57:04 KST | INFO | Epoch 142/200 | LR: 0.019980
2026-04-22 09:57:15 KST | INFO |   Train Loss: 0.0420 | Test Loss: 0.3555 | Test Acc: 91.18%
2026-04-22 09:57:15 KST | INFO |   No improvement (12/30)
2026-04-22 09:57:15 KST | INFO | 
2026-04-22 09:57:15 KST | INFO | Epoch 143/200 | LR: 0.019355
2026-04-22 09:57:24 KST | INFO |   Train Loss: 0.0427 | Test Loss: 0.3627 | Test Acc: 91.00%
2026-04-22 09:57:24 KST | INFO |   No improvement (13/30)
2026-04-22 09:57:24 KST | INFO | 
2026-04-22 09:57:24 KST | INFO | Epoch 144/200 | LR: 0.018739
2026-04-22 09:57:34 KST | INFO |   Train Loss: 0.0389 | Test Loss: 0.3482 | Test Acc: 91.50%
2026-04-22 09:57:34 KST | INFO |   🏆 New best accuracy: 91.50%
2026-04-22 09:57:34 KST | INFO | 
2026-04-22 09:57:34 KST | INFO | Epoch 145/200 | LR: 0.018130
2026-04-22 09:57:44 KST | INFO |   Train Loss: 0.0386 | Test Loss: 0.4048 | Test Acc: 90.72%
2026-04-22 09:57:44 KST | INFO |   No improvement (1/30)
2026-04-22 09:57:44 KST | INFO | 
2026-04-22 09:57:44 KST | INFO | Epoch 146/200 | LR: 0.017528
2026-04-22 09:57:53 KST | INFO |   Train Loss: 0.0363 | Test Loss: 0.3658 | Test Acc: 91.03%
2026-04-22 09:57:53 KST | INFO |   No improvement (2/30)
2026-04-22 09:57:53 KST | INFO | 
2026-04-22 09:57:53 KST | INFO | Epoch 147/200 | LR: 0.016935
2026-04-22 09:58:03 KST | INFO |   Train Loss: 0.0344 | Test Loss: 0.3858 | Test Acc: 90.95%
2026-04-22 09:58:03 KST | INFO |   No improvement (3/30)
2026-04-22 09:58:03 KST | INFO | 
2026-04-22 09:58:03 KST | INFO | Epoch 148/200 | LR: 0.016350
2026-04-22 09:58:13 KST | INFO |   Train Loss: 0.0333 | Test Loss: 0.3370 | Test Acc: 91.80%
2026-04-22 09:58:13 KST | INFO |   🏆 New best accuracy: 91.80%
2026-04-22 09:58:13 KST | INFO | 
2026-04-22 09:58:13 KST | INFO | Epoch 149/200 | LR: 0.015773
2026-04-22 09:58:23 KST | INFO |   Train Loss: 0.0325 | Test Loss: 0.3811 | Test Acc: 91.12%
2026-04-22 09:58:23 KST | INFO |   No improvement (1/30)
2026-04-22 09:58:23 KST | INFO | 
2026-04-22 09:58:23 KST | INFO | Epoch 150/200 | LR: 0.015205
2026-04-22 09:58:33 KST | INFO |   Train Loss: 0.0309 | Test Loss: 0.3871 | Test Acc: 91.30%
2026-04-22 09:58:33 KST | INFO |   No improvement (2/30)
2026-04-22 09:58:33 KST | INFO | 
2026-04-22 09:58:33 KST | INFO | Epoch 151/200 | LR: 0.014646
2026-04-22 09:58:43 KST | INFO |   Train Loss: 0.0294 | Test Loss: 0.3620 | Test Acc: 91.53%
2026-04-22 09:58:43 KST | INFO |   No improvement (3/30)
2026-04-22 09:58:43 KST | INFO | 
2026-04-22 09:58:43 KST | INFO | Epoch 152/200 | LR: 0.014095
2026-04-22 09:58:53 KST | INFO |   Train Loss: 0.0279 | Test Loss: 0.3596 | Test Acc: 91.28%
2026-04-22 09:58:53 KST | INFO |   No improvement (4/30)
2026-04-22 09:58:53 KST | INFO | 
2026-04-22 09:58:53 KST | INFO | Epoch 153/200 | LR: 0.013552
2026-04-22 09:59:03 KST | INFO |   Train Loss: 0.0272 | Test Loss: 0.3671 | Test Acc: 91.87%
2026-04-22 09:59:03 KST | INFO |   🏆 New best accuracy: 91.87%
2026-04-22 09:59:03 KST | INFO | 
2026-04-22 09:59:03 KST | INFO | Epoch 154/200 | LR: 0.013019
2026-04-22 09:59:13 KST | INFO |   Train Loss: 0.0257 | Test Loss: 0.3607 | Test Acc: 91.68%
2026-04-22 09:59:13 KST | INFO |   No improvement (1/30)
2026-04-22 09:59:13 KST | INFO | 
2026-04-22 09:59:13 KST | INFO | Epoch 155/200 | LR: 0.012495
2026-04-22 09:59:23 KST | INFO |   Train Loss: 0.0245 | Test Loss: 0.3804 | Test Acc: 91.32%
2026-04-22 09:59:23 KST | INFO |   No improvement (2/30)
2026-04-22 09:59:23 KST | INFO | 
2026-04-22 09:59:23 KST | INFO | Epoch 156/200 | LR: 0.011981
2026-04-22 09:59:33 KST | INFO |   Train Loss: 0.0236 | Test Loss: 0.3951 | Test Acc: 91.35%
2026-04-22 09:59:33 KST | INFO |   No improvement (3/30)
2026-04-22 09:59:33 KST | INFO | 
2026-04-22 09:59:33 KST | INFO | Epoch 157/200 | LR: 0.011475
2026-04-22 09:59:43 KST | INFO |   Train Loss: 0.0215 | Test Loss: 0.3623 | Test Acc: 91.48%
2026-04-22 09:59:43 KST | INFO |   No improvement (4/30)
2026-04-22 09:59:43 KST | INFO | 
2026-04-22 09:59:43 KST | INFO | Epoch 158/200 | LR: 0.010979
2026-04-22 09:59:52 KST | INFO |   Train Loss: 0.0197 | Test Loss: 0.4208 | Test Acc: 91.25%
2026-04-22 09:59:52 KST | INFO |   No improvement (5/30)
2026-04-22 09:59:52 KST | INFO | 
2026-04-22 09:59:52 KST | INFO | Epoch 159/200 | LR: 0.010493
2026-04-22 10:00:02 KST | INFO |   Train Loss: 0.0213 | Test Loss: 0.3877 | Test Acc: 91.58%
2026-04-22 10:00:02 KST | INFO |   No improvement (6/30)
2026-04-22 10:00:02 KST | INFO | 
2026-04-22 10:00:02 KST | INFO | Epoch 160/200 | LR: 0.010017
2026-04-22 10:00:12 KST | INFO |   Train Loss: 0.0180 | Test Loss: 0.3562 | Test Acc: 91.83%
2026-04-22 10:00:12 KST | INFO |   No improvement (7/30)
2026-04-22 10:00:12 KST | INFO | 
2026-04-22 10:00:12 KST | INFO | Epoch 161/200 | LR: 0.009550
2026-04-22 10:00:22 KST | INFO |   Train Loss: 0.0170 | Test Loss: 0.4003 | Test Acc: 91.48%
2026-04-22 10:00:22 KST | INFO |   No improvement (8/30)
2026-04-22 10:00:22 KST | INFO | 
2026-04-22 10:00:22 KST | INFO | Epoch 162/200 | LR: 0.009093
2026-04-22 10:00:31 KST | INFO |   Train Loss: 0.0172 | Test Loss: 0.3776 | Test Acc: 91.82%
2026-04-22 10:00:31 KST | INFO |   No improvement (9/30)
2026-04-22 10:00:31 KST | INFO | 
2026-04-22 10:00:31 KST | INFO | Epoch 163/200 | LR: 0.008647
2026-04-22 10:00:42 KST | INFO |   Train Loss: 0.0148 | Test Loss: 0.4050 | Test Acc: 91.65%
2026-04-22 10:00:42 KST | INFO |   No improvement (10/30)
2026-04-22 10:00:42 KST | INFO | 
2026-04-22 10:00:42 KST | INFO | Epoch 164/200 | LR: 0.008211
2026-04-22 10:00:51 KST | INFO |   Train Loss: 0.0154 | Test Loss: 0.4203 | Test Acc: 91.13%
2026-04-22 10:00:51 KST | INFO |   No improvement (11/30)
2026-04-22 10:00:51 KST | INFO | 
2026-04-22 10:00:51 KST | INFO | Epoch 165/200 | LR: 0.007785
2026-04-22 10:01:01 KST | INFO |   Train Loss: 0.0138 | Test Loss: 0.3728 | Test Acc: 91.75%
2026-04-22 10:01:01 KST | INFO |   No improvement (12/30)
2026-04-22 10:01:01 KST | INFO | 
2026-04-22 10:01:01 KST | INFO | Epoch 166/200 | LR: 0.007369
2026-04-22 10:01:12 KST | INFO |   Train Loss: 0.0135 | Test Loss: 0.3683 | Test Acc: 91.88%
2026-04-22 10:01:12 KST | INFO |   🏆 New best accuracy: 91.88%
2026-04-22 10:01:12 KST | INFO | 
2026-04-22 10:01:12 KST | INFO | Epoch 167/200 | LR: 0.006964
2026-04-22 10:01:22 KST | INFO |   Train Loss: 0.0132 | Test Loss: 0.3728 | Test Acc: 91.75%
2026-04-22 10:01:22 KST | INFO |   No improvement (1/30)
2026-04-22 10:01:22 KST | INFO | 
2026-04-22 10:01:22 KST | INFO | Epoch 168/200 | LR: 0.006569
2026-04-22 10:01:31 KST | INFO |   Train Loss: 0.0114 | Test Loss: 0.3760 | Test Acc: 91.78%
2026-04-22 10:01:31 KST | INFO |   No improvement (2/30)
2026-04-22 10:01:31 KST | INFO | 
2026-04-22 10:01:31 KST | INFO | Epoch 169/200 | LR: 0.006186
2026-04-22 10:01:42 KST | INFO |   Train Loss: 0.0106 | Test Loss: 0.3722 | Test Acc: 92.15%
2026-04-22 10:01:42 KST | INFO |   🏆 New best accuracy: 92.15%
2026-04-22 10:01:42 KST | INFO | 
2026-04-22 10:01:42 KST | INFO | Epoch 170/200 | LR: 0.005813
2026-04-22 10:01:52 KST | INFO |   Train Loss: 0.0117 | Test Loss: 0.3657 | Test Acc: 92.22%
2026-04-22 10:01:52 KST | INFO |   🏆 New best accuracy: 92.22%
2026-04-22 10:01:52 KST | INFO | 
2026-04-22 10:01:52 KST | INFO | Epoch 171/200 | LR: 0.005451
2026-04-22 10:02:01 KST | INFO |   Train Loss: 0.0095 | Test Loss: 0.3832 | Test Acc: 91.75%
2026-04-22 10:02:01 KST | INFO |   No improvement (1/30)
2026-04-22 10:02:01 KST | INFO | 
2026-04-22 10:02:01 KST | INFO | Epoch 172/200 | LR: 0.005100
2026-04-22 10:02:11 KST | INFO |   Train Loss: 0.0095 | Test Loss: 0.3887 | Test Acc: 91.78%
2026-04-22 10:02:11 KST | INFO |   No improvement (2/30)
2026-04-22 10:02:11 KST | INFO | 
2026-04-22 10:02:11 KST | INFO | Epoch 173/200 | LR: 0.004760
2026-04-22 10:02:22 KST | INFO |   Train Loss: 0.0085 | Test Loss: 0.3740 | Test Acc: 92.20%
2026-04-22 10:02:22 KST | INFO |   No improvement (3/30)
2026-04-22 10:02:22 KST | INFO | 
2026-04-22 10:02:22 KST | INFO | Epoch 174/200 | LR: 0.004431
2026-04-22 10:02:31 KST | INFO |   Train Loss: 0.0073 | Test Loss: 0.3889 | Test Acc: 92.17%
2026-04-22 10:02:31 KST | INFO |   No improvement (4/30)
2026-04-22 10:02:31 KST | INFO | 
2026-04-22 10:02:31 KST | INFO | Epoch 175/200 | LR: 0.004113
2026-04-22 10:02:41 KST | INFO |   Train Loss: 0.0081 | Test Loss: 0.3911 | Test Acc: 91.98%
2026-04-22 10:02:41 KST | INFO |   No improvement (5/30)
2026-04-22 10:02:41 KST | INFO | 
2026-04-22 10:02:41 KST | INFO | Epoch 176/200 | LR: 0.003807
2026-04-22 10:02:51 KST | INFO |   Train Loss: 0.0078 | Test Loss: 0.3919 | Test Acc: 91.97%
2026-04-22 10:02:51 KST | INFO |   No improvement (6/30)
2026-04-22 10:02:51 KST | INFO | 
2026-04-22 10:02:51 KST | INFO | Epoch 177/200 | LR: 0.003512
2026-04-22 10:03:01 KST | INFO |   Train Loss: 0.0074 | Test Loss: 0.3808 | Test Acc: 91.98%
2026-04-22 10:03:01 KST | INFO |   No improvement (7/30)
2026-04-22 10:03:01 KST | INFO | 
2026-04-22 10:03:01 KST | INFO | Epoch 178/200 | LR: 0.003229
2026-04-22 10:03:11 KST | INFO |   Train Loss: 0.0059 | Test Loss: 0.3713 | Test Acc: 92.00%
2026-04-22 10:03:11 KST | INFO |   No improvement (8/30)
2026-04-22 10:03:11 KST | INFO | 
2026-04-22 10:03:11 KST | INFO | Epoch 179/200 | LR: 0.002957
2026-04-22 10:03:21 KST | INFO |   Train Loss: 0.0058 | Test Loss: 0.3909 | Test Acc: 92.07%
2026-04-22 10:03:21 KST | INFO |   No improvement (9/30)
2026-04-22 10:03:21 KST | INFO | 
2026-04-22 10:03:21 KST | INFO | Epoch 180/200 | LR: 0.002697
2026-04-22 10:03:31 KST | INFO |   Train Loss: 0.0065 | Test Loss: 0.3888 | Test Acc: 92.12%
2026-04-22 10:03:31 KST | INFO |   No improvement (10/30)
2026-04-22 10:03:31 KST | INFO | 
2026-04-22 10:03:31 KST | INFO | Epoch 181/200 | LR: 0.002448
2026-04-22 10:03:41 KST | INFO |   Train Loss: 0.0062 | Test Loss: 0.3793 | Test Acc: 92.22%
2026-04-22 10:03:41 KST | INFO |   No improvement (11/30)
2026-04-22 10:03:41 KST | INFO | 
2026-04-22 10:03:41 KST | INFO | Epoch 182/200 | LR: 0.002211
2026-04-22 10:03:50 KST | INFO |   Train Loss: 0.0053 | Test Loss: 0.3778 | Test Acc: 92.02%
2026-04-22 10:03:50 KST | INFO |   No improvement (12/30)
2026-04-22 10:03:50 KST | INFO | 
2026-04-22 10:03:50 KST | INFO | Epoch 183/200 | LR: 0.001986
2026-04-22 10:04:00 KST | INFO |   Train Loss: 0.0054 | Test Loss: 0.3839 | Test Acc: 92.15%
2026-04-22 10:04:00 KST | INFO |   No improvement (13/30)
2026-04-22 10:04:00 KST | INFO | 
2026-04-22 10:04:00 KST | INFO | Epoch 184/200 | LR: 0.001773
2026-04-22 10:04:10 KST | INFO |   Train Loss: 0.0052 | Test Loss: 0.3912 | Test Acc: 92.12%
2026-04-22 10:04:10 KST | INFO |   No improvement (14/30)
2026-04-22 10:04:10 KST | INFO | 
2026-04-22 10:04:10 KST | INFO | Epoch 185/200 | LR: 0.001572
2026-04-22 10:04:20 KST | INFO |   Train Loss: 0.0048 | Test Loss: 0.3969 | Test Acc: 91.80%
2026-04-22 10:04:20 KST | INFO |   No improvement (15/30)
2026-04-22 10:04:20 KST | INFO | 
2026-04-22 10:04:20 KST | INFO | Epoch 186/200 | LR: 0.001382
2026-04-22 10:04:30 KST | INFO |   Train Loss: 0.0046 | Test Loss: 0.4092 | Test Acc: 91.73%
2026-04-22 10:04:30 KST | INFO |   No improvement (16/30)
2026-04-22 10:04:30 KST | INFO | 
2026-04-22 10:04:30 KST | INFO | Epoch 187/200 | LR: 0.001205
2026-04-22 10:04:41 KST | INFO |   Train Loss: 0.0047 | Test Loss: 0.4021 | Test Acc: 91.93%
2026-04-22 10:04:41 KST | INFO |   No improvement (17/30)
2026-04-22 10:04:41 KST | INFO | 
2026-04-22 10:04:41 KST | INFO | Epoch 188/200 | LR: 0.001040
2026-04-22 10:04:51 KST | INFO |   Train Loss: 0.0046 | Test Loss: 0.3959 | Test Acc: 91.93%
2026-04-22 10:04:51 KST | INFO |   No improvement (18/30)
2026-04-22 10:04:51 KST | INFO | 
2026-04-22 10:04:51 KST | INFO | Epoch 189/200 | LR: 0.000887
2026-04-22 10:05:00 KST | INFO |   Train Loss: 0.0045 | Test Loss: 0.4040 | Test Acc: 91.95%
2026-04-22 10:05:00 KST | INFO |   No improvement (19/30)
2026-04-22 10:05:00 KST | INFO | 
2026-04-22 10:05:00 KST | INFO | Epoch 190/200 | LR: 0.000746
2026-04-22 10:05:10 KST | INFO |   Train Loss: 0.0047 | Test Loss: 0.3996 | Test Acc: 91.93%
2026-04-22 10:05:10 KST | INFO |   No improvement (20/30)
2026-04-22 10:05:10 KST | INFO | 
2026-04-22 10:05:10 KST | INFO | Epoch 191/200 | LR: 0.000617
2026-04-22 10:05:20 KST | INFO |   Train Loss: 0.0040 | Test Loss: 0.4003 | Test Acc: 91.97%
2026-04-22 10:05:20 KST | INFO |   No improvement (21/30)
2026-04-22 10:05:20 KST | INFO | 
2026-04-22 10:05:20 KST | INFO | Epoch 192/200 | LR: 0.000500
2026-04-22 10:05:31 KST | INFO |   Train Loss: 0.0048 | Test Loss: 0.3956 | Test Acc: 91.98%
2026-04-22 10:05:31 KST | INFO |   No improvement (22/30)
2026-04-22 10:05:31 KST | INFO | 
2026-04-22 10:05:31 KST | INFO | Epoch 193/200 | LR: 0.000395
2026-04-22 10:05:40 KST | INFO |   Train Loss: 0.0040 | Test Loss: 0.3963 | Test Acc: 91.95%
2026-04-22 10:05:40 KST | INFO |   No improvement (23/30)
2026-04-22 10:05:40 KST | INFO | 
2026-04-22 10:05:40 KST | INFO | Epoch 194/200 | LR: 0.000303
2026-04-22 10:05:50 KST | INFO |   Train Loss: 0.0043 | Test Loss: 0.4003 | Test Acc: 91.85%
2026-04-22 10:05:50 KST | INFO |   No improvement (24/30)
2026-04-22 10:05:50 KST | INFO | 
2026-04-22 10:05:50 KST | INFO | Epoch 195/200 | LR: 0.000223
2026-04-22 10:06:00 KST | INFO |   Train Loss: 0.0047 | Test Loss: 0.3969 | Test Acc: 91.90%
2026-04-22 10:06:00 KST | INFO |   No improvement (25/30)
2026-04-22 10:06:00 KST | INFO | 
2026-04-22 10:06:00 KST | INFO | Epoch 196/200 | LR: 0.000155
2026-04-22 10:06:10 KST | INFO |   Train Loss: 0.0041 | Test Loss: 0.3953 | Test Acc: 91.95%
2026-04-22 10:06:10 KST | INFO |   No improvement (26/30)
2026-04-22 10:06:10 KST | INFO | 
2026-04-22 10:06:10 KST | INFO | Epoch 197/200 | LR: 0.000100
2026-04-22 10:06:20 KST | INFO |   Train Loss: 0.0038 | Test Loss: 0.3977 | Test Acc: 91.87%
2026-04-22 10:06:20 KST | INFO |   No improvement (27/30)
2026-04-22 10:06:20 KST | INFO | 
2026-04-22 10:06:20 KST | INFO | Epoch 198/200 | LR: 0.000057
2026-04-22 10:06:30 KST | INFO |   Train Loss: 0.0040 | Test Loss: 0.3981 | Test Acc: 91.92%
2026-04-22 10:06:30 KST | INFO |   No improvement (28/30)
2026-04-22 10:06:30 KST | INFO | 
2026-04-22 10:06:30 KST | INFO | Epoch 199/200 | LR: 0.000026
2026-04-22 10:06:40 KST | INFO |   Train Loss: 0.0038 | Test Loss: 0.3978 | Test Acc: 91.93%
2026-04-22 10:06:40 KST | INFO |   No improvement (29/30)
2026-04-22 10:06:40 KST | INFO | 
2026-04-22 10:06:40 KST | INFO | Epoch 200/200 | LR: 0.000007
2026-04-22 10:06:49 KST | INFO |   Train Loss: 0.0038 | Test Loss: 0.3977 | Test Acc: 91.92%
2026-04-22 10:06:49 KST | INFO |   No improvement (30/30)
2026-04-22 10:06:49 KST | INFO | 
2026-04-22 10:06:49 KST | INFO | Early stopping after 30 epochs without improvement
2026-04-22 10:06:49 KST | INFO | 
2026-04-22 10:06:49 KST | INFO | ================================================================================
2026-04-22 10:06:49 KST | INFO | TRAINING COMPLETE
2026-04-22 10:06:49 KST | INFO | ================================================================================
2026-04-22 10:06:49 KST | INFO | Best accuracy:  92.22% (Epoch 170)
2026-04-22 10:06:49 KST | INFO | Final accuracy: 91.92%
2026-04-22 10:06:49 KST | INFO | ================================================================================
2026-04-22 10:06:49 KST | INFO | 
2026-04-22 10:06:49 KST | INFO | Full log: logs/centralized_20260422_093312.log
2026-04-22 10:06:49 KST | INFO | ================================================================================
