2026-02-08 00:44:00 KST | INFO | ================================================================================
2026-02-08 00:44:00 KST | INFO | TL++ Orchestrator
2026-02-08 00:44:00 KST | INFO | ================================================================================
2026-02-08 00:44:00 KST | INFO | Log file: logs/TL++_base_20260208_004400.log
2026-02-08 00:44:00 KST | INFO | 
2026-02-08 00:44:00 KST | INFO | --------------------------------------------------------------------------------
2026-02-08 00:44:00 KST | INFO | CONFIGURATION
2026-02-08 00:44:00 KST | INFO | --------------------------------------------------------------------------------
2026-02-08 00:44:00 KST | INFO | Secure mode:      False
2026-02-08 00:44:00 KST | INFO | Nodes:            5
2026-02-08 00:44:00 KST | INFO | Cut layer:        3
2026-02-08 00:44:00 KST | INFO | Batch size:       128
2026-02-08 00:44:00 KST | INFO | Learning rate:    0.1
2026-02-08 00:44:00 KST | INFO | 
2026-02-08 00:44:00 KST | INFO | Computation device: cuda
2026-02-08 00:44:00 KST | INFO | Secure mode: DISABLED
2026-02-08 00:44:00 KST | INFO | 
2026-02-08 00:44:00 KST | INFO | --------------------------------------------------------------------------------
2026-02-08 00:44:00 KST | INFO | NETWORK SETUP
2026-02-08 00:44:00 KST | INFO | --------------------------------------------------------------------------------
2026-02-08 00:44:00 KST | INFO | ✓ Orchestrator listening on 127.0.0.1:8080
2026-02-08 00:44:00 KST | INFO | Waiting for 5 node(s)...
2026-02-08 00:44:03 KST | INFO |   ✓ Node 1/5 connected
2026-02-08 00:44:04 KST | INFO |   ✓ Node 2/5 connected
2026-02-08 00:44:05 KST | INFO |   ✓ Node 3/5 connected
2026-02-08 00:44:06 KST | INFO |   ✓ Node 4/5 connected
2026-02-08 00:44:07 KST | INFO |   ✓ Node 5/5 connected
2026-02-08 00:44:07 KST | INFO | ✓ All 5 node(s) connected
2026-02-08 00:44:07 KST | INFO | 
2026-02-08 00:44:07 KST | INFO | --------------------------------------------------------------------------------
2026-02-08 00:44:07 KST | INFO | MODEL INITIALIZATION
2026-02-08 00:44:07 KST | INFO | --------------------------------------------------------------------------------
2026-02-08 00:44:07 KST | INFO | Node-side parameters: 3,243,072
2026-02-08 00:44:07 KST | INFO | 
2026-02-08 00:44:07 KST | INFO | --------------------------------------------------------------------------------
2026-02-08 00:44:07 KST | INFO | BROADCASTING CONFIGURATION
2026-02-08 00:44:07 KST | INFO | --------------------------------------------------------------------------------
2026-02-08 00:44:07 KST | INFO | ✓ Configuration broadcast to all nodes
2026-02-08 00:44:08 KST | INFO | 
2026-02-08 00:44:08 KST | INFO | Total parameters:     3,245,637
2026-02-08 00:44:08 KST | INFO | Trainable parameters: 3,245,637
2026-02-08 00:44:08 KST | INFO | 
2026-02-08 00:44:08 KST | INFO | --------------------------------------------------------------------------------
2026-02-08 00:44:08 KST | INFO | DATA LOADING
2026-02-08 00:44:08 KST | INFO | --------------------------------------------------------------------------------
2026-02-08 00:44:33 KST | INFO | ✓ Dataset information collected:
2026-02-08 00:44:33 KST | INFO |     Node 1: 5,000 samples
2026-02-08 00:44:33 KST | INFO |     Node 2: 5,000 samples
2026-02-08 00:44:33 KST | INFO |     Node 3: 5,000 samples
2026-02-08 00:44:33 KST | INFO |     Node 4: 5,000 samples
2026-02-08 00:44:33 KST | INFO |     Node 5: 5,000 samples
2026-02-08 00:44:33 KST | INFO |   Total training samples: 25,000
2026-02-08 00:44:33 KST | INFO | 
2026-02-08 00:44:36 KST | INFO | ✓ Test dataset loaded: 5,000 samples
2026-02-08 00:44:36 KST | INFO | 
2026-02-08 00:44:36 KST | INFO | ✓ Batch scheduler: 196 batches/epoch
2026-02-08 00:44:36 KST | INFO | 
2026-02-08 00:44:36 KST | INFO | --------------------------------------------------------------------------------
2026-02-08 00:44:36 KST | INFO | OPTIMIZATION SETUP
2026-02-08 00:44:36 KST | INFO | --------------------------------------------------------------------------------
2026-02-08 00:44:36 KST | INFO | ✓ Optimizer: SGD (lr=0.1, momentum=0.9)
2026-02-08 00:44:36 KST | INFO | ✓ Scheduler: cosine
2026-02-08 00:44:36 KST | INFO | ✓ Gradient clipping: 1.0
2026-02-08 00:44:36 KST | INFO | 
2026-02-08 00:44:36 KST | INFO | ================================================================================
2026-02-08 00:44:36 KST | INFO | Setup complete - Ready for training
2026-02-08 00:44:36 KST | INFO | ================================================================================
2026-02-08 00:44:36 KST | INFO | 
2026-02-08 00:44:36 KST | INFO | --------------------------------------------------------------------------------
2026-02-08 00:44:36 KST | INFO | TRAINING
2026-02-08 00:44:36 KST | INFO | --------------------------------------------------------------------------------
2026-02-08 00:44:36 KST | INFO | 
2026-02-08 00:44:36 KST | INFO | Epoch 1/200 | LR: 0.100000
2026-02-08 00:45:24 KST | INFO |   Train Loss: 1.2287 | Test Loss: 0.0036 | Test Acc: 62.58%
2026-02-08 00:45:24 KST | INFO |   🏆 New best accuracy: 62.58%
2026-02-08 00:45:24 KST | INFO | 
2026-02-08 00:45:24 KST | INFO | Epoch 2/200 | LR: 0.099994
2026-02-08 00:46:09 KST | INFO |   Train Loss: 0.9215 | Test Loss: 0.0031 | Test Acc: 68.98%
2026-02-08 00:46:09 KST | INFO |   🏆 New best accuracy: 68.98%
2026-02-08 00:46:09 KST | INFO | 
2026-02-08 00:46:09 KST | INFO | Epoch 3/200 | LR: 0.099975
2026-02-08 00:46:54 KST | INFO |   Train Loss: 0.7842 | Test Loss: 0.0028 | Test Acc: 73.66%
2026-02-08 00:46:54 KST | INFO |   🏆 New best accuracy: 73.66%
2026-02-08 00:46:54 KST | INFO | 
2026-02-08 00:46:54 KST | INFO | Epoch 4/200 | LR: 0.099944
2026-02-08 00:47:40 KST | INFO |   Train Loss: 0.6713 | Test Loss: 0.0026 | Test Acc: 75.30%
2026-02-08 00:47:40 KST | INFO |   🏆 New best accuracy: 75.30%
2026-02-08 00:47:40 KST | INFO | 
2026-02-08 00:47:40 KST | INFO | Epoch 5/200 | LR: 0.099901
2026-02-08 00:48:26 KST | INFO |   Train Loss: 0.5903 | Test Loss: 0.0021 | Test Acc: 79.66%
2026-02-08 00:48:26 KST | INFO |   🏆 New best accuracy: 79.66%
2026-02-08 00:48:26 KST | INFO | 
2026-02-08 00:48:26 KST | INFO | Epoch 6/200 | LR: 0.099846
2026-02-08 00:49:13 KST | INFO |   Train Loss: 0.5240 | Test Loss: 0.0019 | Test Acc: 81.62%
2026-02-08 00:49:13 KST | INFO |   🏆 New best accuracy: 81.62%
2026-02-08 00:49:13 KST | INFO | 
2026-02-08 00:49:13 KST | INFO | Epoch 7/200 | LR: 0.099778
2026-02-08 00:49:59 KST | INFO |   Train Loss: 0.4866 | Test Loss: 0.0018 | Test Acc: 83.58%
2026-02-08 00:49:59 KST | INFO |   🏆 New best accuracy: 83.58%
2026-02-08 00:49:59 KST | INFO | 
2026-02-08 00:49:59 KST | INFO | Epoch 8/200 | LR: 0.099698
2026-02-08 00:50:45 KST | INFO |   Train Loss: 0.4513 | Test Loss: 0.0018 | Test Acc: 83.52%
2026-02-08 00:50:45 KST | INFO |   No improvement (1/30)
2026-02-08 00:50:45 KST | INFO | 
2026-02-08 00:50:45 KST | INFO | Epoch 9/200 | LR: 0.099606
2026-02-08 00:51:30 KST | INFO |   Train Loss: 0.4290 | Test Loss: 0.0018 | Test Acc: 83.76%
2026-02-08 00:51:30 KST | INFO |   🏆 New best accuracy: 83.76%
2026-02-08 00:51:30 KST | INFO | 
2026-02-08 00:51:30 KST | INFO | Epoch 10/200 | LR: 0.099501
2026-02-08 00:52:15 KST | INFO |   Train Loss: 0.3947 | Test Loss: 0.0015 | Test Acc: 85.74%
2026-02-08 00:52:15 KST | INFO |   🏆 New best accuracy: 85.74%
2026-02-08 00:52:15 KST | INFO | 
2026-02-08 00:52:15 KST | INFO | Epoch 11/200 | LR: 0.099384
2026-02-08 00:53:00 KST | INFO |   Train Loss: 0.3833 | Test Loss: 0.0014 | Test Acc: 87.22%
2026-02-08 00:53:00 KST | INFO |   🏆 New best accuracy: 87.22%
2026-02-08 00:53:00 KST | INFO | 
2026-02-08 00:53:00 KST | INFO | Epoch 12/200 | LR: 0.099255
2026-02-08 00:53:46 KST | INFO |   Train Loss: 0.3590 | Test Loss: 0.0021 | Test Acc: 80.76%
2026-02-08 00:53:46 KST | INFO |   No improvement (1/30)
2026-02-08 00:53:46 KST | INFO | 
2026-02-08 00:53:46 KST | INFO | Epoch 13/200 | LR: 0.099114
2026-02-08 00:54:32 KST | INFO |   Train Loss: 0.3447 | Test Loss: 0.0015 | Test Acc: 86.30%
2026-02-08 00:54:32 KST | INFO |   No improvement (2/30)
2026-02-08 00:54:32 KST | INFO | 
2026-02-08 00:54:32 KST | INFO | Epoch 14/200 | LR: 0.098961
2026-02-08 00:55:17 KST | INFO |   Train Loss: 0.3304 | Test Loss: 0.0014 | Test Acc: 87.16%
2026-02-08 00:55:17 KST | INFO |   No improvement (3/30)
2026-02-08 00:55:17 KST | INFO | 
2026-02-08 00:55:17 KST | INFO | Epoch 15/200 | LR: 0.098796
2026-02-08 00:56:03 KST | INFO |   Train Loss: 0.3190 | Test Loss: 0.0017 | Test Acc: 84.70%
2026-02-08 00:56:03 KST | INFO |   No improvement (4/30)
2026-02-08 00:56:03 KST | INFO | 
2026-02-08 00:56:03 KST | INFO | Epoch 16/200 | LR: 0.098619
2026-02-08 00:56:48 KST | INFO |   Train Loss: 0.3104 | Test Loss: 0.0014 | Test Acc: 87.62%
2026-02-08 00:56:48 KST | INFO |   🏆 New best accuracy: 87.62%
2026-02-08 00:56:48 KST | INFO | 
2026-02-08 00:56:48 KST | INFO | Epoch 17/200 | LR: 0.098429
2026-02-08 00:57:33 KST | INFO |   Train Loss: 0.2987 | Test Loss: 0.0017 | Test Acc: 85.26%
2026-02-08 00:57:33 KST | INFO |   No improvement (1/30)
2026-02-08 00:57:33 KST | INFO | 
2026-02-08 00:57:33 KST | INFO | Epoch 18/200 | LR: 0.098228
2026-02-08 00:58:18 KST | INFO |   Train Loss: 0.2944 | Test Loss: 0.0014 | Test Acc: 87.54%
2026-02-08 00:58:18 KST | INFO |   No improvement (2/30)
2026-02-08 00:58:18 KST | INFO | 
2026-02-08 00:58:18 KST | INFO | Epoch 19/200 | LR: 0.098015
2026-02-08 00:59:03 KST | INFO |   Train Loss: 0.2888 | Test Loss: 0.0012 | Test Acc: 89.14%
2026-02-08 00:59:03 KST | INFO |   🏆 New best accuracy: 89.14%
2026-02-08 00:59:03 KST | INFO | 
2026-02-08 00:59:03 KST | INFO | Epoch 20/200 | LR: 0.097790
2026-02-08 00:59:49 KST | INFO |   Train Loss: 0.2786 | Test Loss: 0.0014 | Test Acc: 88.24%
2026-02-08 00:59:49 KST | INFO |   No improvement (1/30)
2026-02-08 00:59:49 KST | INFO | 
2026-02-08 00:59:49 KST | INFO | Epoch 21/200 | LR: 0.097553
2026-02-08 01:00:33 KST | INFO |   Train Loss: 0.2725 | Test Loss: 0.0013 | Test Acc: 89.30%
2026-02-08 01:00:33 KST | INFO |   🏆 New best accuracy: 89.30%
2026-02-08 01:00:33 KST | INFO | 
2026-02-08 01:00:33 KST | INFO | Epoch 22/200 | LR: 0.097304
2026-02-08 01:01:17 KST | INFO |   Train Loss: 0.2651 | Test Loss: 0.0012 | Test Acc: 89.32%
2026-02-08 01:01:17 KST | INFO |   🏆 New best accuracy: 89.32%
2026-02-08 01:01:17 KST | INFO | 
2026-02-08 01:01:17 KST | INFO | Epoch 23/200 | LR: 0.097044
2026-02-08 01:02:01 KST | INFO |   Train Loss: 0.2572 | Test Loss: 0.0015 | Test Acc: 87.24%
2026-02-08 01:02:01 KST | INFO |   No improvement (1/30)
2026-02-08 01:02:01 KST | INFO | 
2026-02-08 01:02:01 KST | INFO | Epoch 24/200 | LR: 0.096772
2026-02-08 01:02:45 KST | INFO |   Train Loss: 0.2530 | Test Loss: 0.0013 | Test Acc: 89.12%
2026-02-08 01:02:45 KST | INFO |   No improvement (2/30)
2026-02-08 01:02:45 KST | INFO | 
2026-02-08 01:02:45 KST | INFO | Epoch 25/200 | LR: 0.096489
2026-02-08 01:03:30 KST | INFO |   Train Loss: 0.2481 | Test Loss: 0.0014 | Test Acc: 88.00%
2026-02-08 01:03:30 KST | INFO |   No improvement (3/30)
2026-02-08 01:03:30 KST | INFO | 
2026-02-08 01:03:30 KST | INFO | Epoch 26/200 | LR: 0.096194
2026-02-08 01:04:15 KST | INFO |   Train Loss: 0.2468 | Test Loss: 0.0013 | Test Acc: 87.74%
2026-02-08 01:04:15 KST | INFO |   No improvement (4/30)
2026-02-08 01:04:15 KST | INFO | 
2026-02-08 01:04:15 KST | INFO | Epoch 27/200 | LR: 0.095888
2026-02-08 01:05:01 KST | INFO |   Train Loss: 0.2395 | Test Loss: 0.0012 | Test Acc: 89.44%
2026-02-08 01:05:01 KST | INFO |   🏆 New best accuracy: 89.44%
2026-02-08 01:05:01 KST | INFO | 
2026-02-08 01:05:01 KST | INFO | Epoch 28/200 | LR: 0.095570
2026-02-08 01:05:46 KST | INFO |   Train Loss: 0.2343 | Test Loss: 0.0019 | Test Acc: 84.14%
2026-02-08 01:05:46 KST | INFO |   No improvement (1/30)
2026-02-08 01:05:46 KST | INFO | 
2026-02-08 01:05:46 KST | INFO | Epoch 29/200 | LR: 0.095241
2026-02-08 01:06:31 KST | INFO |   Train Loss: 0.2354 | Test Loss: 0.0011 | Test Acc: 90.32%
2026-02-08 01:06:31 KST | INFO |   🏆 New best accuracy: 90.32%
2026-02-08 01:06:31 KST | INFO | 
2026-02-08 01:06:31 KST | INFO | Epoch 30/200 | LR: 0.094901
2026-02-08 01:07:15 KST | INFO |   Train Loss: 0.2262 | Test Loss: 0.0014 | Test Acc: 87.66%
2026-02-08 01:07:15 KST | INFO |   No improvement (1/30)
2026-02-08 01:07:15 KST | INFO | 
2026-02-08 01:07:15 KST | INFO | Epoch 31/200 | LR: 0.094550
2026-02-08 01:08:00 KST | INFO |   Train Loss: 0.2246 | Test Loss: 0.0023 | Test Acc: 80.88%
2026-02-08 01:08:00 KST | INFO |   No improvement (2/30)
2026-02-08 01:08:00 KST | INFO | 
2026-02-08 01:08:00 KST | INFO | Epoch 32/200 | LR: 0.094188
2026-02-08 01:08:46 KST | INFO |   Train Loss: 0.2197 | Test Loss: 0.0016 | Test Acc: 86.26%
2026-02-08 01:08:46 KST | INFO |   No improvement (3/30)
2026-02-08 01:08:46 KST | INFO | 
2026-02-08 01:08:46 KST | INFO | Epoch 33/200 | LR: 0.093815
2026-02-08 01:09:31 KST | INFO |   Train Loss: 0.2190 | Test Loss: 0.0011 | Test Acc: 90.06%
2026-02-08 01:09:31 KST | INFO |   No improvement (4/30)
2026-02-08 01:09:31 KST | INFO | 
2026-02-08 01:09:31 KST | INFO | Epoch 34/200 | LR: 0.093432
2026-02-08 01:10:16 KST | INFO |   Train Loss: 0.2130 | Test Loss: 0.0012 | Test Acc: 89.88%
2026-02-08 01:10:16 KST | INFO |   No improvement (5/30)
2026-02-08 01:10:16 KST | INFO | 
2026-02-08 01:10:16 KST | INFO | Epoch 35/200 | LR: 0.093037
2026-02-08 01:11:01 KST | INFO |   Train Loss: 0.2082 | Test Loss: 0.0012 | Test Acc: 89.86%
2026-02-08 01:11:01 KST | INFO |   No improvement (6/30)
2026-02-08 01:11:01 KST | INFO | 
2026-02-08 01:11:01 KST | INFO | Epoch 36/200 | LR: 0.092632
2026-02-08 01:11:46 KST | INFO |   Train Loss: 0.2082 | Test Loss: 0.0014 | Test Acc: 88.54%
2026-02-08 01:11:46 KST | INFO |   No improvement (7/30)
2026-02-08 01:11:46 KST | INFO | 
2026-02-08 01:11:46 KST | INFO | Epoch 37/200 | LR: 0.092216
2026-02-08 01:12:31 KST | INFO |   Train Loss: 0.2073 | Test Loss: 0.0017 | Test Acc: 86.12%
2026-02-08 01:12:31 KST | INFO |   No improvement (8/30)
2026-02-08 01:12:31 KST | INFO | 
2026-02-08 01:12:31 KST | INFO | Epoch 38/200 | LR: 0.091790
2026-02-08 01:13:16 KST | INFO |   Train Loss: 0.1995 | Test Loss: 0.0011 | Test Acc: 90.62%
2026-02-08 01:13:16 KST | INFO |   🏆 New best accuracy: 90.62%
2026-02-08 01:13:16 KST | INFO | 
2026-02-08 01:13:16 KST | INFO | Epoch 39/200 | LR: 0.091354
2026-02-08 01:14:01 KST | INFO |   Train Loss: 0.1950 | Test Loss: 0.0011 | Test Acc: 90.44%
2026-02-08 01:14:01 KST | INFO |   No improvement (1/30)
2026-02-08 01:14:01 KST | INFO | 
2026-02-08 01:14:01 KST | INFO | Epoch 40/200 | LR: 0.090908
2026-02-08 01:14:46 KST | INFO |   Train Loss: 0.1957 | Test Loss: 0.0014 | Test Acc: 88.28%
2026-02-08 01:14:46 KST | INFO |   No improvement (2/30)
2026-02-08 01:14:46 KST | INFO | 
2026-02-08 01:14:46 KST | INFO | Epoch 41/200 | LR: 0.090451
2026-02-08 01:15:32 KST | INFO |   Train Loss: 0.1916 | Test Loss: 0.0011 | Test Acc: 89.78%
2026-02-08 01:15:32 KST | INFO |   No improvement (3/30)
2026-02-08 01:15:32 KST | INFO | 
2026-02-08 01:15:32 KST | INFO | Epoch 42/200 | LR: 0.089984
2026-02-08 01:16:17 KST | INFO |   Train Loss: 0.1907 | Test Loss: 0.0016 | Test Acc: 86.74%
2026-02-08 01:16:17 KST | INFO |   No improvement (4/30)
2026-02-08 01:16:17 KST | INFO | 
2026-02-08 01:16:17 KST | INFO | Epoch 43/200 | LR: 0.089508
2026-02-08 01:17:03 KST | INFO |   Train Loss: 0.1896 | Test Loss: 0.0012 | Test Acc: 90.02%
2026-02-08 01:17:03 KST | INFO |   No improvement (5/30)
2026-02-08 01:17:03 KST | INFO | 
2026-02-08 01:17:03 KST | INFO | Epoch 44/200 | LR: 0.089022
2026-02-08 01:17:48 KST | INFO |   Train Loss: 0.1854 | Test Loss: 0.0011 | Test Acc: 90.76%
2026-02-08 01:17:48 KST | INFO |   🏆 New best accuracy: 90.76%
2026-02-08 01:17:48 KST | INFO | 
2026-02-08 01:17:48 KST | INFO | Epoch 45/200 | LR: 0.088526
2026-02-08 01:18:33 KST | INFO |   Train Loss: 0.1831 | Test Loss: 0.0011 | Test Acc: 90.42%
2026-02-08 01:18:33 KST | INFO |   No improvement (1/30)
2026-02-08 01:18:33 KST | INFO | 
2026-02-08 01:18:33 KST | INFO | Epoch 46/200 | LR: 0.088020
2026-02-08 01:19:18 KST | INFO |   Train Loss: 0.1801 | Test Loss: 0.0014 | Test Acc: 88.34%
2026-02-08 01:19:18 KST | INFO |   No improvement (2/30)
2026-02-08 01:19:18 KST | INFO | 
2026-02-08 01:19:18 KST | INFO | Epoch 47/200 | LR: 0.087506
2026-02-08 01:20:03 KST | INFO |   Train Loss: 0.1779 | Test Loss: 0.0013 | Test Acc: 88.50%
2026-02-08 01:20:03 KST | INFO |   No improvement (3/30)
2026-02-08 01:20:03 KST | INFO | 
2026-02-08 01:20:03 KST | INFO | Epoch 48/200 | LR: 0.086982
2026-02-08 01:20:48 KST | INFO |   Train Loss: 0.1769 | Test Loss: 0.0011 | Test Acc: 90.62%
2026-02-08 01:20:48 KST | INFO |   No improvement (4/30)
2026-02-08 01:20:48 KST | INFO | 
2026-02-08 01:20:48 KST | INFO | Epoch 49/200 | LR: 0.086449
2026-02-08 01:21:32 KST | INFO |   Train Loss: 0.1761 | Test Loss: 0.0012 | Test Acc: 90.16%
2026-02-08 01:21:32 KST | INFO |   No improvement (5/30)
2026-02-08 01:21:32 KST | INFO | 
2026-02-08 01:21:32 KST | INFO | Epoch 50/200 | LR: 0.085906
2026-02-08 01:22:16 KST | INFO |   Train Loss: 0.1734 | Test Loss: 0.0013 | Test Acc: 89.24%
2026-02-08 01:22:16 KST | INFO |   No improvement (6/30)
2026-02-08 01:22:16 KST | INFO | 
2026-02-08 01:22:16 KST | INFO | Epoch 51/200 | LR: 0.085355
2026-02-08 01:23:00 KST | INFO |   Train Loss: 0.1731 | Test Loss: 0.0010 | Test Acc: 91.38%
2026-02-08 01:23:00 KST | INFO |   🏆 New best accuracy: 91.38%
2026-02-08 01:23:00 KST | INFO | 
2026-02-08 01:23:00 KST | INFO | Epoch 52/200 | LR: 0.084796
2026-02-08 01:23:44 KST | INFO |   Train Loss: 0.1686 | Test Loss: 0.0012 | Test Acc: 89.48%
2026-02-08 01:23:44 KST | INFO |   No improvement (1/30)
2026-02-08 01:23:44 KST | INFO | 
2026-02-08 01:23:44 KST | INFO | Epoch 53/200 | LR: 0.084228
2026-02-08 01:24:28 KST | INFO |   Train Loss: 0.1689 | Test Loss: 0.0011 | Test Acc: 90.58%
2026-02-08 01:24:28 KST | INFO |   No improvement (2/30)
2026-02-08 01:24:28 KST | INFO | 
2026-02-08 01:24:28 KST | INFO | Epoch 54/200 | LR: 0.083651
2026-02-08 01:25:11 KST | INFO |   Train Loss: 0.1664 | Test Loss: 0.0010 | Test Acc: 91.08%
2026-02-08 01:25:11 KST | INFO |   No improvement (3/30)
2026-02-08 01:25:11 KST | INFO | 
2026-02-08 01:25:11 KST | INFO | Epoch 55/200 | LR: 0.083066
2026-02-08 01:25:54 KST | INFO |   Train Loss: 0.1600 | Test Loss: 0.0014 | Test Acc: 88.50%
2026-02-08 01:25:54 KST | INFO |   No improvement (4/30)
2026-02-08 01:25:54 KST | INFO | 
2026-02-08 01:25:54 KST | INFO | Epoch 56/200 | LR: 0.082473
2026-02-08 01:26:38 KST | INFO |   Train Loss: 0.1626 | Test Loss: 0.0011 | Test Acc: 90.90%
2026-02-08 01:26:38 KST | INFO |   No improvement (5/30)
2026-02-08 01:26:38 KST | INFO | 
2026-02-08 01:26:38 KST | INFO | Epoch 57/200 | LR: 0.081871
2026-02-08 01:27:20 KST | INFO |   Train Loss: 0.1611 | Test Loss: 0.0010 | Test Acc: 91.66%
2026-02-08 01:27:20 KST | INFO |   🏆 New best accuracy: 91.66%
2026-02-08 01:27:20 KST | INFO | 
2026-02-08 01:27:20 KST | INFO | Epoch 58/200 | LR: 0.081262
2026-02-08 01:28:03 KST | INFO |   Train Loss: 0.1559 | Test Loss: 0.0012 | Test Acc: 90.00%
2026-02-08 01:28:03 KST | INFO |   No improvement (1/30)
2026-02-08 01:28:03 KST | INFO | 
2026-02-08 01:28:03 KST | INFO | Epoch 59/200 | LR: 0.080646
2026-02-08 01:28:46 KST | INFO |   Train Loss: 0.1545 | Test Loss: 0.0012 | Test Acc: 90.68%
2026-02-08 01:28:46 KST | INFO |   No improvement (2/30)
2026-02-08 01:28:46 KST | INFO | 
2026-02-08 01:28:46 KST | INFO | Epoch 60/200 | LR: 0.080021
2026-02-08 01:29:30 KST | INFO |   Train Loss: 0.1553 | Test Loss: 0.0010 | Test Acc: 91.68%
2026-02-08 01:29:30 KST | INFO |   🏆 New best accuracy: 91.68%
2026-02-08 01:29:30 KST | INFO | 
2026-02-08 01:29:30 KST | INFO | Epoch 61/200 | LR: 0.079389
2026-02-08 01:30:13 KST | INFO |   Train Loss: 0.1566 | Test Loss: 0.0010 | Test Acc: 91.34%
2026-02-08 01:30:13 KST | INFO |   No improvement (1/30)
2026-02-08 01:30:13 KST | INFO | 
2026-02-08 01:30:13 KST | INFO | Epoch 62/200 | LR: 0.078750
2026-02-08 01:30:55 KST | INFO |   Train Loss: 0.1483 | Test Loss: 0.0012 | Test Acc: 89.84%
2026-02-08 01:30:55 KST | INFO |   No improvement (2/30)
2026-02-08 01:30:55 KST | INFO | 
2026-02-08 01:30:55 KST | INFO | Epoch 63/200 | LR: 0.078104
2026-02-08 01:31:38 KST | INFO |   Train Loss: 0.1459 | Test Loss: 0.0014 | Test Acc: 89.80%
2026-02-08 01:31:38 KST | INFO |   No improvement (3/30)
2026-02-08 01:31:38 KST | INFO | 
2026-02-08 01:31:38 KST | INFO | Epoch 64/200 | LR: 0.077451
2026-02-08 01:32:21 KST | INFO |   Train Loss: 0.1474 | Test Loss: 0.0011 | Test Acc: 91.36%
2026-02-08 01:32:21 KST | INFO |   No improvement (4/30)
2026-02-08 01:32:21 KST | INFO | 
2026-02-08 01:32:21 KST | INFO | Epoch 65/200 | LR: 0.076792
2026-02-08 01:33:05 KST | INFO |   Train Loss: 0.1486 | Test Loss: 0.0011 | Test Acc: 90.24%
2026-02-08 01:33:05 KST | INFO |   No improvement (5/30)
2026-02-08 01:33:05 KST | INFO | 
2026-02-08 01:33:05 KST | INFO | Epoch 66/200 | LR: 0.076125
2026-02-08 01:33:48 KST | INFO |   Train Loss: 0.1476 | Test Loss: 0.0011 | Test Acc: 90.80%
2026-02-08 01:33:48 KST | INFO |   No improvement (6/30)
2026-02-08 01:33:48 KST | INFO | 
2026-02-08 01:33:48 KST | INFO | Epoch 67/200 | LR: 0.075452
2026-02-08 01:34:31 KST | INFO |   Train Loss: 0.1440 | Test Loss: 0.0011 | Test Acc: 90.42%
2026-02-08 01:34:31 KST | INFO |   No improvement (7/30)
2026-02-08 01:34:31 KST | INFO | 
2026-02-08 01:34:31 KST | INFO | Epoch 68/200 | LR: 0.074773
2026-02-08 01:35:14 KST | INFO |   Train Loss: 0.1369 | Test Loss: 0.0011 | Test Acc: 91.30%
2026-02-08 01:35:14 KST | INFO |   No improvement (8/30)
2026-02-08 01:35:14 KST | INFO | 
2026-02-08 01:35:14 KST | INFO | Epoch 69/200 | LR: 0.074088
2026-02-08 01:35:57 KST | INFO |   Train Loss: 0.1351 | Test Loss: 0.0010 | Test Acc: 91.84%
2026-02-08 01:35:57 KST | INFO |   🏆 New best accuracy: 91.84%
2026-02-08 01:35:57 KST | INFO | 
2026-02-08 01:35:57 KST | INFO | Epoch 70/200 | LR: 0.073397
2026-02-08 01:36:41 KST | INFO |   Train Loss: 0.1386 | Test Loss: 0.0011 | Test Acc: 91.28%
2026-02-08 01:36:41 KST | INFO |   No improvement (1/30)
2026-02-08 01:36:41 KST | INFO | 
2026-02-08 01:36:41 KST | INFO | Epoch 71/200 | LR: 0.072700
2026-02-08 01:37:25 KST | INFO |   Train Loss: 0.1338 | Test Loss: 0.0012 | Test Acc: 90.18%
2026-02-08 01:37:25 KST | INFO |   No improvement (2/30)
2026-02-08 01:37:25 KST | INFO | 
2026-02-08 01:37:25 KST | INFO | Epoch 72/200 | LR: 0.071997
2026-02-08 01:38:09 KST | INFO |   Train Loss: 0.1373 | Test Loss: 0.0011 | Test Acc: 90.92%
2026-02-08 01:38:09 KST | INFO |   No improvement (3/30)
2026-02-08 01:38:09 KST | INFO | 
2026-02-08 01:38:09 KST | INFO | Epoch 73/200 | LR: 0.071289
2026-02-08 01:38:53 KST | INFO |   Train Loss: 0.1260 | Test Loss: 0.0013 | Test Acc: 89.94%
2026-02-08 01:38:53 KST | INFO |   No improvement (4/30)
2026-02-08 01:38:53 KST | INFO | 
2026-02-08 01:38:53 KST | INFO | Epoch 74/200 | LR: 0.070576
2026-02-08 01:39:37 KST | INFO |   Train Loss: 0.1310 | Test Loss: 0.0015 | Test Acc: 88.38%
2026-02-08 01:39:37 KST | INFO |   No improvement (5/30)
2026-02-08 01:39:37 KST | INFO | 
2026-02-08 01:39:37 KST | INFO | Epoch 75/200 | LR: 0.069858
2026-02-08 01:40:19 KST | INFO |   Train Loss: 0.1331 | Test Loss: 0.0012 | Test Acc: 90.70%
2026-02-08 01:40:19 KST | INFO |   No improvement (6/30)
2026-02-08 01:40:19 KST | INFO | 
2026-02-08 01:40:19 KST | INFO | Epoch 76/200 | LR: 0.069134
2026-02-08 01:41:01 KST | INFO |   Train Loss: 0.1326 | Test Loss: 0.0013 | Test Acc: 90.38%
2026-02-08 01:41:01 KST | INFO |   No improvement (7/30)
2026-02-08 01:41:01 KST | INFO | 
2026-02-08 01:41:01 KST | INFO | Epoch 77/200 | LR: 0.068407
2026-02-08 01:41:44 KST | INFO |   Train Loss: 0.1263 | Test Loss: 0.0013 | Test Acc: 89.96%
2026-02-08 01:41:44 KST | INFO |   No improvement (8/30)
2026-02-08 01:41:44 KST | INFO | 
2026-02-08 01:41:44 KST | INFO | Epoch 78/200 | LR: 0.067674
2026-02-08 01:42:26 KST | INFO |   Train Loss: 0.1289 | Test Loss: 0.0012 | Test Acc: 90.54%
2026-02-08 01:42:26 KST | INFO |   No improvement (9/30)
2026-02-08 01:42:26 KST | INFO | 
2026-02-08 01:42:26 KST | INFO | Epoch 79/200 | LR: 0.066937
2026-02-08 01:43:07 KST | INFO |   Train Loss: 0.1253 | Test Loss: 0.0013 | Test Acc: 89.82%
2026-02-08 01:43:07 KST | INFO |   No improvement (10/30)
2026-02-08 01:43:07 KST | INFO | 
2026-02-08 01:43:07 KST | INFO | Epoch 80/200 | LR: 0.066196
2026-02-08 01:43:50 KST | INFO |   Train Loss: 0.1219 | Test Loss: 0.0018 | Test Acc: 86.44%
2026-02-08 01:43:50 KST | INFO |   No improvement (11/30)
2026-02-08 01:43:50 KST | INFO | 
2026-02-08 01:43:50 KST | INFO | Epoch 81/200 | LR: 0.065451
2026-02-08 01:44:32 KST | INFO |   Train Loss: 0.1200 | Test Loss: 0.0014 | Test Acc: 89.54%
2026-02-08 01:44:32 KST | INFO |   No improvement (12/30)
2026-02-08 01:44:32 KST | INFO | 
2026-02-08 01:44:32 KST | INFO | Epoch 82/200 | LR: 0.064702
2026-02-08 01:45:14 KST | INFO |   Train Loss: 0.1186 | Test Loss: 0.0011 | Test Acc: 91.22%
2026-02-08 01:45:14 KST | INFO |   No improvement (13/30)
2026-02-08 01:45:14 KST | INFO | 
2026-02-08 01:45:14 KST | INFO | Epoch 83/200 | LR: 0.063950
2026-02-08 01:45:55 KST | INFO |   Train Loss: 0.1213 | Test Loss: 0.0015 | Test Acc: 88.42%
2026-02-08 01:45:55 KST | INFO |   No improvement (14/30)
2026-02-08 01:45:55 KST | INFO | 
2026-02-08 01:45:55 KST | INFO | Epoch 84/200 | LR: 0.063194
2026-02-08 01:46:37 KST | INFO |   Train Loss: 0.1132 | Test Loss: 0.0009 | Test Acc: 92.20%
2026-02-08 01:46:37 KST | INFO |   🏆 New best accuracy: 92.20%
2026-02-08 01:46:37 KST | INFO | 
2026-02-08 01:46:37 KST | INFO | Epoch 85/200 | LR: 0.062435
2026-02-08 01:47:18 KST | INFO |   Train Loss: 0.1172 | Test Loss: 0.0012 | Test Acc: 91.24%
2026-02-08 01:47:18 KST | INFO |   No improvement (1/30)
2026-02-08 01:47:18 KST | INFO | 
2026-02-08 01:47:18 KST | INFO | Epoch 86/200 | LR: 0.061673
2026-02-08 01:48:00 KST | INFO |   Train Loss: 0.1101 | Test Loss: 0.0015 | Test Acc: 89.22%
2026-02-08 01:48:00 KST | INFO |   No improvement (2/30)
2026-02-08 01:48:00 KST | INFO | 
2026-02-08 01:48:00 KST | INFO | Epoch 87/200 | LR: 0.060908
2026-02-08 01:48:42 KST | INFO |   Train Loss: 0.1135 | Test Loss: 0.0014 | Test Acc: 89.80%
2026-02-08 01:48:42 KST | INFO |   No improvement (3/30)
2026-02-08 01:48:42 KST | INFO | 
2026-02-08 01:48:42 KST | INFO | Epoch 88/200 | LR: 0.060140
2026-02-08 01:49:24 KST | INFO |   Train Loss: 0.1149 | Test Loss: 0.0013 | Test Acc: 89.74%
2026-02-08 01:49:24 KST | INFO |   No improvement (4/30)
2026-02-08 01:49:24 KST | INFO | 
2026-02-08 01:49:24 KST | INFO | Epoch 89/200 | LR: 0.059369
2026-02-08 01:50:05 KST | INFO |   Train Loss: 0.1105 | Test Loss: 0.0010 | Test Acc: 91.48%
2026-02-08 01:50:05 KST | INFO |   No improvement (5/30)
2026-02-08 01:50:05 KST | INFO | 
2026-02-08 01:50:05 KST | INFO | Epoch 90/200 | LR: 0.058597
2026-02-08 01:50:46 KST | INFO |   Train Loss: 0.1083 | Test Loss: 0.0009 | Test Acc: 92.38%
2026-02-08 01:50:46 KST | INFO |   🏆 New best accuracy: 92.38%
2026-02-08 01:50:46 KST | INFO | 
2026-02-08 01:50:46 KST | INFO | Epoch 91/200 | LR: 0.057822
2026-02-08 01:51:28 KST | INFO |   Train Loss: 0.0991 | Test Loss: 0.0011 | Test Acc: 91.58%
2026-02-08 01:51:28 KST | INFO |   No improvement (1/30)
2026-02-08 01:51:28 KST | INFO | 
2026-02-08 01:51:28 KST | INFO | Epoch 92/200 | LR: 0.057045
2026-02-08 01:52:08 KST | INFO |   Train Loss: 0.0976 | Test Loss: 0.0011 | Test Acc: 91.26%
2026-02-08 01:52:08 KST | INFO |   No improvement (2/30)
2026-02-08 01:52:08 KST | INFO | 
2026-02-08 01:52:08 KST | INFO | Epoch 93/200 | LR: 0.056267
2026-02-08 01:52:49 KST | INFO |   Train Loss: 0.1032 | Test Loss: 0.0010 | Test Acc: 91.68%
2026-02-08 01:52:49 KST | INFO |   No improvement (3/30)
2026-02-08 01:52:49 KST | INFO | 
2026-02-08 01:52:49 KST | INFO | Epoch 94/200 | LR: 0.055487
2026-02-08 01:53:30 KST | INFO |   Train Loss: 0.1031 | Test Loss: 0.0010 | Test Acc: 92.54%
2026-02-08 01:53:30 KST | INFO |   🏆 New best accuracy: 92.54%
2026-02-08 01:53:30 KST | INFO | 
2026-02-08 01:53:30 KST | INFO | Epoch 95/200 | LR: 0.054706
2026-02-08 01:54:11 KST | INFO |   Train Loss: 0.1026 | Test Loss: 0.0011 | Test Acc: 91.46%
2026-02-08 01:54:11 KST | INFO |   No improvement (1/30)
2026-02-08 01:54:11 KST | INFO | 
2026-02-08 01:54:11 KST | INFO | Epoch 96/200 | LR: 0.053923
2026-02-08 01:54:52 KST | INFO |   Train Loss: 0.0989 | Test Loss: 0.0009 | Test Acc: 92.68%
2026-02-08 01:54:52 KST | INFO |   🏆 New best accuracy: 92.68%
2026-02-08 01:54:52 KST | INFO | 
2026-02-08 01:54:52 KST | INFO | Epoch 97/200 | LR: 0.053140
2026-02-08 01:55:33 KST | INFO |   Train Loss: 0.0938 | Test Loss: 0.0012 | Test Acc: 91.68%
2026-02-08 01:55:33 KST | INFO |   No improvement (1/30)
2026-02-08 01:55:33 KST | INFO | 
2026-02-08 01:55:33 KST | INFO | Epoch 98/200 | LR: 0.052356
2026-02-08 01:56:14 KST | INFO |   Train Loss: 0.0948 | Test Loss: 0.0012 | Test Acc: 91.72%
2026-02-08 01:56:14 KST | INFO |   No improvement (2/30)
2026-02-08 01:56:14 KST | INFO | 
2026-02-08 01:56:14 KST | INFO | Epoch 99/200 | LR: 0.051571
2026-02-08 01:56:56 KST | INFO |   Train Loss: 0.0951 | Test Loss: 0.0013 | Test Acc: 90.26%
2026-02-08 01:56:56 KST | INFO |   No improvement (3/30)
2026-02-08 01:56:56 KST | INFO | 
2026-02-08 01:56:56 KST | INFO | Epoch 100/200 | LR: 0.050786
2026-02-08 01:57:38 KST | INFO |   Train Loss: 0.0890 | Test Loss: 0.0010 | Test Acc: 92.50%
2026-02-08 01:57:38 KST | INFO |   No improvement (4/30)
2026-02-08 01:57:38 KST | INFO | 
2026-02-08 01:57:38 KST | INFO | Epoch 101/200 | LR: 0.050001
2026-02-08 01:58:19 KST | INFO |   Train Loss: 0.0919 | Test Loss: 0.0010 | Test Acc: 92.46%
2026-02-08 01:58:19 KST | INFO |   No improvement (5/30)
2026-02-08 01:58:19 KST | INFO | 
2026-02-08 01:58:19 KST | INFO | Epoch 102/200 | LR: 0.049215
2026-02-08 01:59:01 KST | INFO |   Train Loss: 0.0900 | Test Loss: 0.0012 | Test Acc: 91.44%
2026-02-08 01:59:01 KST | INFO |   No improvement (6/30)
2026-02-08 01:59:01 KST | INFO | 
2026-02-08 01:59:01 KST | INFO | Epoch 103/200 | LR: 0.048430
2026-02-08 01:59:42 KST | INFO |   Train Loss: 0.0911 | Test Loss: 0.0012 | Test Acc: 90.88%
2026-02-08 01:59:42 KST | INFO |   No improvement (7/30)
2026-02-08 01:59:42 KST | INFO | 
2026-02-08 01:59:42 KST | INFO | Epoch 104/200 | LR: 0.047645
2026-02-08 02:00:24 KST | INFO |   Train Loss: 0.0888 | Test Loss: 0.0014 | Test Acc: 89.74%
2026-02-08 02:00:24 KST | INFO |   No improvement (8/30)
2026-02-08 02:00:24 KST | INFO | 
2026-02-08 02:00:24 KST | INFO | Epoch 105/200 | LR: 0.046861
2026-02-08 02:01:05 KST | INFO |   Train Loss: 0.0868 | Test Loss: 0.0009 | Test Acc: 93.44%
2026-02-08 02:01:05 KST | INFO |   🏆 New best accuracy: 93.44%
2026-02-08 02:01:05 KST | INFO | 
2026-02-08 02:01:05 KST | INFO | Epoch 106/200 | LR: 0.046078
2026-02-08 02:01:46 KST | INFO |   Train Loss: 0.0850 | Test Loss: 0.0010 | Test Acc: 91.80%
2026-02-08 02:01:46 KST | INFO |   No improvement (1/30)
2026-02-08 02:01:46 KST | INFO | 
2026-02-08 02:01:46 KST | INFO | Epoch 107/200 | LR: 0.045295
2026-02-08 02:02:28 KST | INFO |   Train Loss: 0.0865 | Test Loss: 0.0011 | Test Acc: 92.06%
2026-02-08 02:02:28 KST | INFO |   No improvement (2/30)
2026-02-08 02:02:28 KST | INFO | 
2026-02-08 02:02:28 KST | INFO | Epoch 108/200 | LR: 0.044514
2026-02-08 02:03:11 KST | INFO |   Train Loss: 0.0820 | Test Loss: 0.0010 | Test Acc: 92.50%
2026-02-08 02:03:11 KST | INFO |   No improvement (3/30)
2026-02-08 02:03:11 KST | INFO | 
2026-02-08 02:03:11 KST | INFO | Epoch 109/200 | LR: 0.043734
2026-02-08 02:03:53 KST | INFO |   Train Loss: 0.0752 | Test Loss: 0.0010 | Test Acc: 92.44%
2026-02-08 02:03:53 KST | INFO |   No improvement (4/30)
2026-02-08 02:03:53 KST | INFO | 
2026-02-08 02:03:53 KST | INFO | Epoch 110/200 | LR: 0.042956
2026-02-08 02:04:35 KST | INFO |   Train Loss: 0.0763 | Test Loss: 0.0010 | Test Acc: 92.44%
2026-02-08 02:04:35 KST | INFO |   No improvement (5/30)
2026-02-08 02:04:35 KST | INFO | 
2026-02-08 02:04:35 KST | INFO | Epoch 111/200 | LR: 0.042179
2026-02-08 02:05:19 KST | INFO |   Train Loss: 0.0766 | Test Loss: 0.0014 | Test Acc: 90.10%
2026-02-08 02:05:19 KST | INFO |   No improvement (6/30)
2026-02-08 02:05:19 KST | INFO | 
2026-02-08 02:05:19 KST | INFO | Epoch 112/200 | LR: 0.041404
2026-02-08 02:06:02 KST | INFO |   Train Loss: 0.0723 | Test Loss: 0.0012 | Test Acc: 91.36%
2026-02-08 02:06:02 KST | INFO |   No improvement (7/30)
2026-02-08 02:06:02 KST | INFO | 
2026-02-08 02:06:02 KST | INFO | Epoch 113/200 | LR: 0.040632
2026-02-08 02:06:46 KST | INFO |   Train Loss: 0.0731 | Test Loss: 0.0013 | Test Acc: 91.08%
2026-02-08 02:06:46 KST | INFO |   No improvement (8/30)
2026-02-08 02:06:46 KST | INFO | 
2026-02-08 02:06:46 KST | INFO | Epoch 114/200 | LR: 0.039861
2026-02-08 02:07:29 KST | INFO |   Train Loss: 0.0712 | Test Loss: 0.0011 | Test Acc: 91.72%
2026-02-08 02:07:29 KST | INFO |   No improvement (9/30)
2026-02-08 02:07:29 KST | INFO | 
2026-02-08 02:07:29 KST | INFO | Epoch 115/200 | LR: 0.039093
2026-02-08 02:08:12 KST | INFO |   Train Loss: 0.0697 | Test Loss: 0.0010 | Test Acc: 92.58%
2026-02-08 02:08:12 KST | INFO |   No improvement (10/30)
2026-02-08 02:08:12 KST | INFO | 
2026-02-08 02:08:12 KST | INFO | Epoch 116/200 | LR: 0.038328
2026-02-08 02:08:56 KST | INFO |   Train Loss: 0.0733 | Test Loss: 0.0011 | Test Acc: 92.60%
2026-02-08 02:08:56 KST | INFO |   No improvement (11/30)
2026-02-08 02:08:56 KST | INFO | 
2026-02-08 02:08:56 KST | INFO | Epoch 117/200 | LR: 0.037566
2026-02-08 02:09:39 KST | INFO |   Train Loss: 0.0670 | Test Loss: 0.0010 | Test Acc: 92.54%
2026-02-08 02:09:39 KST | INFO |   No improvement (12/30)
2026-02-08 02:09:39 KST | INFO | 
2026-02-08 02:09:39 KST | INFO | Epoch 118/200 | LR: 0.036807
2026-02-08 02:10:23 KST | INFO |   Train Loss: 0.0650 | Test Loss: 0.0011 | Test Acc: 92.36%
2026-02-08 02:10:23 KST | INFO |   No improvement (13/30)
2026-02-08 02:10:23 KST | INFO | 
2026-02-08 02:10:23 KST | INFO | Epoch 119/200 | LR: 0.036051
2026-02-08 02:11:07 KST | INFO |   Train Loss: 0.0667 | Test Loss: 0.0010 | Test Acc: 92.36%
2026-02-08 02:11:07 KST | INFO |   No improvement (14/30)
2026-02-08 02:11:07 KST | INFO | 
2026-02-08 02:11:07 KST | INFO | Epoch 120/200 | LR: 0.035299
2026-02-08 02:11:50 KST | INFO |   Train Loss: 0.0657 | Test Loss: 0.0010 | Test Acc: 92.96%
2026-02-08 02:11:50 KST | INFO |   No improvement (15/30)
2026-02-08 02:11:50 KST | INFO | 
2026-02-08 02:11:50 KST | INFO | Epoch 121/200 | LR: 0.034550
2026-02-08 02:12:34 KST | INFO |   Train Loss: 0.0624 | Test Loss: 0.0009 | Test Acc: 93.16%
2026-02-08 02:12:34 KST | INFO |   No improvement (16/30)
2026-02-08 02:12:34 KST | INFO | 
2026-02-08 02:12:34 KST | INFO | Epoch 122/200 | LR: 0.033805
2026-02-08 02:13:18 KST | INFO |   Train Loss: 0.0598 | Test Loss: 0.0010 | Test Acc: 92.68%
2026-02-08 02:13:18 KST | INFO |   No improvement (17/30)
2026-02-08 02:13:18 KST | INFO | 
2026-02-08 02:13:18 KST | INFO | Epoch 123/200 | LR: 0.033064
2026-02-08 02:14:02 KST | INFO |   Train Loss: 0.0587 | Test Loss: 0.0011 | Test Acc: 91.98%
2026-02-08 02:14:02 KST | INFO |   No improvement (18/30)
2026-02-08 02:14:02 KST | INFO | 
2026-02-08 02:14:02 KST | INFO | Epoch 124/200 | LR: 0.032327
2026-02-08 02:14:46 KST | INFO |   Train Loss: 0.0603 | Test Loss: 0.0011 | Test Acc: 93.10%
2026-02-08 02:14:46 KST | INFO |   No improvement (19/30)
2026-02-08 02:14:46 KST | INFO | 
2026-02-08 02:14:46 KST | INFO | Epoch 125/200 | LR: 0.031594
2026-02-08 02:15:30 KST | INFO |   Train Loss: 0.0562 | Test Loss: 0.0010 | Test Acc: 93.04%
2026-02-08 02:15:30 KST | INFO |   No improvement (20/30)
2026-02-08 02:15:30 KST | INFO | 
2026-02-08 02:15:30 KST | INFO | Epoch 126/200 | LR: 0.030867
2026-02-08 02:16:13 KST | INFO |   Train Loss: 0.0554 | Test Loss: 0.0011 | Test Acc: 92.30%
2026-02-08 02:16:13 KST | INFO |   No improvement (21/30)
2026-02-08 02:16:13 KST | INFO | 
2026-02-08 02:16:13 KST | INFO | Epoch 127/200 | LR: 0.030143
2026-02-08 02:16:57 KST | INFO |   Train Loss: 0.0584 | Test Loss: 0.0009 | Test Acc: 92.92%
2026-02-08 02:16:57 KST | INFO |   No improvement (22/30)
2026-02-08 02:16:57 KST | INFO | 
2026-02-08 02:16:57 KST | INFO | Epoch 128/200 | LR: 0.029425
2026-02-08 02:17:41 KST | INFO |   Train Loss: 0.0544 | Test Loss: 0.0010 | Test Acc: 92.24%
2026-02-08 02:17:41 KST | INFO |   No improvement (23/30)
2026-02-08 02:17:41 KST | INFO | 
2026-02-08 02:17:41 KST | INFO | Epoch 129/200 | LR: 0.028712
2026-02-08 02:18:25 KST | INFO |   Train Loss: 0.0499 | Test Loss: 0.0016 | Test Acc: 89.52%
2026-02-08 02:18:25 KST | INFO |   No improvement (24/30)
2026-02-08 02:18:25 KST | INFO | 
2026-02-08 02:18:25 KST | INFO | Epoch 130/200 | LR: 0.028004
2026-02-08 02:19:08 KST | INFO |   Train Loss: 0.0531 | Test Loss: 0.0010 | Test Acc: 92.26%
2026-02-08 02:19:08 KST | INFO |   No improvement (25/30)
2026-02-08 02:19:08 KST | INFO | 
2026-02-08 02:19:08 KST | INFO | Epoch 131/200 | LR: 0.027301
2026-02-08 02:19:52 KST | INFO |   Train Loss: 0.0503 | Test Loss: 0.0010 | Test Acc: 92.64%
2026-02-08 02:19:52 KST | INFO |   No improvement (26/30)
2026-02-08 02:19:52 KST | INFO | 
2026-02-08 02:19:52 KST | INFO | Epoch 132/200 | LR: 0.026604
2026-02-08 02:20:35 KST | INFO |   Train Loss: 0.0464 | Test Loss: 0.0010 | Test Acc: 93.00%
2026-02-08 02:20:35 KST | INFO |   No improvement (27/30)
2026-02-08 02:20:35 KST | INFO | 
2026-02-08 02:20:35 KST | INFO | Epoch 133/200 | LR: 0.025913
2026-02-08 02:21:20 KST | INFO |   Train Loss: 0.0467 | Test Loss: 0.0011 | Test Acc: 92.50%
2026-02-08 02:21:20 KST | INFO |   No improvement (28/30)
2026-02-08 02:21:20 KST | INFO | 
2026-02-08 02:21:20 KST | INFO | Epoch 134/200 | LR: 0.025228
2026-02-08 02:22:03 KST | INFO |   Train Loss: 0.0453 | Test Loss: 0.0010 | Test Acc: 93.28%
2026-02-08 02:22:03 KST | INFO |   No improvement (29/30)
2026-02-08 02:22:03 KST | INFO | 
2026-02-08 02:22:03 KST | INFO | Epoch 135/200 | LR: 0.024549
2026-02-08 02:22:46 KST | INFO |   Train Loss: 0.0467 | Test Loss: 0.0010 | Test Acc: 92.64%
2026-02-08 02:22:46 KST | INFO |   No improvement (30/30)
2026-02-08 02:22:46 KST | INFO | 
2026-02-08 02:22:46 KST | INFO | Early stopping after 30 epochs without improvement
2026-02-08 02:22:46 KST | INFO | 
2026-02-08 02:22:46 KST | INFO | ================================================================================
2026-02-08 02:22:46 KST | INFO | TRAINING COMPLETE
2026-02-08 02:22:46 KST | INFO | ================================================================================
2026-02-08 02:22:46 KST | INFO | Best accuracy:  93.44% (Epoch 105)
2026-02-08 02:22:46 KST | INFO | Final accuracy: 92.64%
2026-02-08 02:22:46 KST | INFO | ================================================================================
2026-02-08 02:22:46 KST | INFO | 
2026-02-08 02:22:46 KST | INFO | Notifying nodes of completion...
2026-02-08 02:22:47 KST | INFO | ✓ Nodes notified
2026-02-08 02:22:47 KST | INFO | 
2026-02-08 02:22:47 KST | INFO | Closing connections...
2026-02-08 02:22:47 KST | INFO | ✓ Cleanup complete
2026-02-08 02:22:47 KST | INFO | 
2026-02-08 02:22:47 KST | INFO | Full log: logs/TL++_base_20260208_004400.log
2026-02-08 02:22:47 KST | INFO | ================================================================================
