2026-02-07 23:18:27 KST | INFO | ================================================================================
2026-02-07 23:18:27 KST | INFO | TL++ Orchestrator
2026-02-07 23:18:27 KST | INFO | ================================================================================
2026-02-07 23:18:27 KST | INFO | Log file: logs/TL++_base_20260207_231827.log
2026-02-07 23:18:27 KST | INFO | 
2026-02-07 23:18:27 KST | INFO | --------------------------------------------------------------------------------
2026-02-07 23:18:27 KST | INFO | CONFIGURATION
2026-02-07 23:18:27 KST | INFO | --------------------------------------------------------------------------------
2026-02-07 23:18:27 KST | INFO | Secure mode:      False
2026-02-07 23:18:27 KST | INFO | Nodes:            5
2026-02-07 23:18:27 KST | INFO | Cut layer:        3
2026-02-07 23:18:27 KST | INFO | Batch size:       128
2026-02-07 23:18:27 KST | INFO | Learning rate:    0.1
2026-02-07 23:18:27 KST | INFO | 
2026-02-07 23:18:27 KST | INFO | Computation device: cuda
2026-02-07 23:18:27 KST | INFO | Secure mode: DISABLED
2026-02-07 23:18:27 KST | INFO | 
2026-02-07 23:18:27 KST | INFO | --------------------------------------------------------------------------------
2026-02-07 23:18:27 KST | INFO | NETWORK SETUP
2026-02-07 23:18:27 KST | INFO | --------------------------------------------------------------------------------
2026-02-07 23:18:27 KST | INFO | ✓ Orchestrator listening on 127.0.0.1:8080
2026-02-07 23:18:27 KST | INFO | Waiting for 5 node(s)...
2026-02-07 23:18:31 KST | INFO |   ✓ Node 1/5 connected
2026-02-07 23:18:32 KST | INFO |   ✓ Node 2/5 connected
2026-02-07 23:18:33 KST | INFO |   ✓ Node 3/5 connected
2026-02-07 23:18:34 KST | INFO |   ✓ Node 4/5 connected
2026-02-07 23:18:35 KST | INFO |   ✓ Node 5/5 connected
2026-02-07 23:18:35 KST | INFO | ✓ All 5 node(s) connected
2026-02-07 23:18:35 KST | INFO | 
2026-02-07 23:18:35 KST | INFO | --------------------------------------------------------------------------------
2026-02-07 23:18:35 KST | INFO | MODEL INITIALIZATION
2026-02-07 23:18:35 KST | INFO | --------------------------------------------------------------------------------
2026-02-07 23:18:35 KST | INFO | Node-side parameters: 3,243,072
2026-02-07 23:18:35 KST | INFO | 
2026-02-07 23:18:35 KST | INFO | --------------------------------------------------------------------------------
2026-02-07 23:18:35 KST | INFO | BROADCASTING CONFIGURATION
2026-02-07 23:18:35 KST | INFO | --------------------------------------------------------------------------------
2026-02-07 23:18:35 KST | INFO | ✓ Configuration broadcast to all nodes
2026-02-07 23:18:36 KST | INFO | 
2026-02-07 23:18:36 KST | INFO | Total parameters:     3,245,637
2026-02-07 23:18:36 KST | INFO | Trainable parameters: 3,245,637
2026-02-07 23:18:36 KST | INFO | 
2026-02-07 23:18:36 KST | INFO | --------------------------------------------------------------------------------
2026-02-07 23:18:36 KST | INFO | DATA LOADING
2026-02-07 23:18:36 KST | INFO | --------------------------------------------------------------------------------
2026-02-07 23:19:00 KST | INFO | ✓ Dataset information collected:
2026-02-07 23:19:00 KST | INFO |     Node 1: 5,000 samples
2026-02-07 23:19:00 KST | INFO |     Node 2: 5,000 samples
2026-02-07 23:19:00 KST | INFO |     Node 3: 5,000 samples
2026-02-07 23:19:00 KST | INFO |     Node 4: 5,000 samples
2026-02-07 23:19:00 KST | INFO |     Node 5: 5,000 samples
2026-02-07 23:19:00 KST | INFO |   Total training samples: 25,000
2026-02-07 23:19:00 KST | INFO | 
2026-02-07 23:19:04 KST | INFO | ✓ Test dataset loaded: 5,000 samples
2026-02-07 23:19:04 KST | INFO | 
2026-02-07 23:19:04 KST | INFO | ✓ Batch scheduler: 196 batches/epoch
2026-02-07 23:19:04 KST | INFO | 
2026-02-07 23:19:04 KST | INFO | --------------------------------------------------------------------------------
2026-02-07 23:19:04 KST | INFO | OPTIMIZATION SETUP
2026-02-07 23:19:04 KST | INFO | --------------------------------------------------------------------------------
2026-02-07 23:19:04 KST | INFO | ✓ Optimizer: SGD (lr=0.1, momentum=0.9)
2026-02-07 23:19:04 KST | INFO | ✓ Scheduler: cosine
2026-02-07 23:19:04 KST | INFO | ✓ Gradient clipping: 1.0
2026-02-07 23:19:04 KST | INFO | 
2026-02-07 23:19:04 KST | INFO | ================================================================================
2026-02-07 23:19:04 KST | INFO | Setup complete - Ready for training
2026-02-07 23:19:04 KST | INFO | ================================================================================
2026-02-07 23:19:04 KST | INFO | 
2026-02-07 23:19:04 KST | INFO | --------------------------------------------------------------------------------
2026-02-07 23:19:04 KST | INFO | TRAINING
2026-02-07 23:19:04 KST | INFO | --------------------------------------------------------------------------------
2026-02-07 23:19:04 KST | INFO | 
2026-02-07 23:19:04 KST | INFO | Epoch 1/200 | LR: 0.100000
2026-02-07 23:19:51 KST | INFO |   Train Loss: 1.2076 | Test Loss: 0.0036 | Test Acc: 63.56%
2026-02-07 23:19:51 KST | INFO |   🏆 New best accuracy: 63.56%
2026-02-07 23:19:51 KST | INFO | 
2026-02-07 23:19:51 KST | INFO | Epoch 2/200 | LR: 0.099994
2026-02-07 23:20:39 KST | INFO |   Train Loss: 0.9310 | Test Loss: 0.0035 | Test Acc: 65.94%
2026-02-07 23:20:39 KST | INFO |   🏆 New best accuracy: 65.94%
2026-02-07 23:20:39 KST | INFO | 
2026-02-07 23:20:39 KST | INFO | Epoch 3/200 | LR: 0.099975
2026-02-07 23:21:27 KST | INFO |   Train Loss: 0.7993 | Test Loss: 0.0030 | Test Acc: 70.88%
2026-02-07 23:21:27 KST | INFO |   🏆 New best accuracy: 70.88%
2026-02-07 23:21:27 KST | INFO | 
2026-02-07 23:21:27 KST | INFO | Epoch 4/200 | LR: 0.099944
2026-02-07 23:22:16 KST | INFO |   Train Loss: 0.7006 | Test Loss: 0.0026 | Test Acc: 75.78%
2026-02-07 23:22:16 KST | INFO |   🏆 New best accuracy: 75.78%
2026-02-07 23:22:16 KST | INFO | 
2026-02-07 23:22:16 KST | INFO | Epoch 5/200 | LR: 0.099901
2026-02-07 23:23:03 KST | INFO |   Train Loss: 0.6091 | Test Loss: 0.0021 | Test Acc: 79.54%
2026-02-07 23:23:03 KST | INFO |   🏆 New best accuracy: 79.54%
2026-02-07 23:23:03 KST | INFO | 
2026-02-07 23:23:03 KST | INFO | Epoch 6/200 | LR: 0.099846
2026-02-07 23:23:51 KST | INFO |   Train Loss: 0.5409 | Test Loss: 0.0021 | Test Acc: 80.50%
2026-02-07 23:23:51 KST | INFO |   🏆 New best accuracy: 80.50%
2026-02-07 23:23:51 KST | INFO | 
2026-02-07 23:23:51 KST | INFO | Epoch 7/200 | LR: 0.099778
2026-02-07 23:24:38 KST | INFO |   Train Loss: 0.4897 | Test Loss: 0.0024 | Test Acc: 78.64%
2026-02-07 23:24:38 KST | INFO |   No improvement (1/30)
2026-02-07 23:24:38 KST | INFO | 
2026-02-07 23:24:38 KST | INFO | Epoch 8/200 | LR: 0.099698
2026-02-07 23:25:25 KST | INFO |   Train Loss: 0.4585 | Test Loss: 0.0023 | Test Acc: 78.92%
2026-02-07 23:25:25 KST | INFO |   No improvement (2/30)
2026-02-07 23:25:25 KST | INFO | 
2026-02-07 23:25:25 KST | INFO | Epoch 9/200 | LR: 0.099606
2026-02-07 23:26:11 KST | INFO |   Train Loss: 0.4271 | Test Loss: 0.0019 | Test Acc: 82.28%
2026-02-07 23:26:11 KST | INFO |   🏆 New best accuracy: 82.28%
2026-02-07 23:26:11 KST | INFO | 
2026-02-07 23:26:11 KST | INFO | Epoch 10/200 | LR: 0.099501
2026-02-07 23:26:57 KST | INFO |   Train Loss: 0.4058 | Test Loss: 0.0018 | Test Acc: 82.74%
2026-02-07 23:26:57 KST | INFO |   🏆 New best accuracy: 82.74%
2026-02-07 23:26:57 KST | INFO | 
2026-02-07 23:26:57 KST | INFO | Epoch 11/200 | LR: 0.099384
2026-02-07 23:27:43 KST | INFO |   Train Loss: 0.3820 | Test Loss: 0.0016 | Test Acc: 85.64%
2026-02-07 23:27:43 KST | INFO |   🏆 New best accuracy: 85.64%
2026-02-07 23:27:43 KST | INFO | 
2026-02-07 23:27:43 KST | INFO | Epoch 12/200 | LR: 0.099255
2026-02-07 23:28:29 KST | INFO |   Train Loss: 0.3701 | Test Loss: 0.0014 | Test Acc: 86.48%
2026-02-07 23:28:29 KST | INFO |   🏆 New best accuracy: 86.48%
2026-02-07 23:28:29 KST | INFO | 
2026-02-07 23:28:29 KST | INFO | Epoch 13/200 | LR: 0.099114
2026-02-07 23:29:15 KST | INFO |   Train Loss: 0.3520 | Test Loss: 0.0017 | Test Acc: 84.04%
2026-02-07 23:29:15 KST | INFO |   No improvement (1/30)
2026-02-07 23:29:15 KST | INFO | 
2026-02-07 23:29:15 KST | INFO | Epoch 14/200 | LR: 0.098961
2026-02-07 23:30:02 KST | INFO |   Train Loss: 0.3416 | Test Loss: 0.0014 | Test Acc: 87.10%
2026-02-07 23:30:02 KST | INFO |   🏆 New best accuracy: 87.10%
2026-02-07 23:30:02 KST | INFO | 
2026-02-07 23:30:02 KST | INFO | Epoch 15/200 | LR: 0.098796
2026-02-07 23:30:48 KST | INFO |   Train Loss: 0.3303 | Test Loss: 0.0015 | Test Acc: 86.82%
2026-02-07 23:30:48 KST | INFO |   No improvement (1/30)
2026-02-07 23:30:48 KST | INFO | 
2026-02-07 23:30:48 KST | INFO | Epoch 16/200 | LR: 0.098619
2026-02-07 23:31:35 KST | INFO |   Train Loss: 0.3156 | Test Loss: 0.0015 | Test Acc: 85.58%
2026-02-07 23:31:35 KST | INFO |   No improvement (2/30)
2026-02-07 23:31:35 KST | INFO | 
2026-02-07 23:31:35 KST | INFO | Epoch 17/200 | LR: 0.098429
2026-02-07 23:32:23 KST | INFO |   Train Loss: 0.3093 | Test Loss: 0.0017 | Test Acc: 84.68%
2026-02-07 23:32:23 KST | INFO |   No improvement (3/30)
2026-02-07 23:32:23 KST | INFO | 
2026-02-07 23:32:23 KST | INFO | Epoch 18/200 | LR: 0.098228
2026-02-07 23:33:09 KST | INFO |   Train Loss: 0.2979 | Test Loss: 0.0013 | Test Acc: 88.08%
2026-02-07 23:33:09 KST | INFO |   🏆 New best accuracy: 88.08%
2026-02-07 23:33:09 KST | INFO | 
2026-02-07 23:33:09 KST | INFO | Epoch 19/200 | LR: 0.098015
2026-02-07 23:33:57 KST | INFO |   Train Loss: 0.2936 | Test Loss: 0.0018 | Test Acc: 84.96%
2026-02-07 23:33:57 KST | INFO |   No improvement (1/30)
2026-02-07 23:33:57 KST | INFO | 
2026-02-07 23:33:57 KST | INFO | Epoch 20/200 | LR: 0.097790
2026-02-07 23:34:44 KST | INFO |   Train Loss: 0.2889 | Test Loss: 0.0016 | Test Acc: 85.22%
2026-02-07 23:34:44 KST | INFO |   No improvement (2/30)
2026-02-07 23:34:44 KST | INFO | 
2026-02-07 23:34:44 KST | INFO | Epoch 21/200 | LR: 0.097553
2026-02-07 23:35:31 KST | INFO |   Train Loss: 0.2721 | Test Loss: 0.0014 | Test Acc: 87.28%
2026-02-07 23:35:31 KST | INFO |   No improvement (3/30)
2026-02-07 23:35:31 KST | INFO | 
2026-02-07 23:35:31 KST | INFO | Epoch 22/200 | LR: 0.097304
2026-02-07 23:36:19 KST | INFO |   Train Loss: 0.2705 | Test Loss: 0.0015 | Test Acc: 87.16%
2026-02-07 23:36:19 KST | INFO |   No improvement (4/30)
2026-02-07 23:36:19 KST | INFO | 
2026-02-07 23:36:19 KST | INFO | Epoch 23/200 | LR: 0.097044
2026-02-07 23:37:06 KST | INFO |   Train Loss: 0.2686 | Test Loss: 0.0015 | Test Acc: 87.48%
2026-02-07 23:37:06 KST | INFO |   No improvement (5/30)
2026-02-07 23:37:06 KST | INFO | 
2026-02-07 23:37:06 KST | INFO | Epoch 24/200 | LR: 0.096772
2026-02-07 23:37:55 KST | INFO |   Train Loss: 0.2578 | Test Loss: 0.0014 | Test Acc: 87.72%
2026-02-07 23:37:55 KST | INFO |   No improvement (6/30)
2026-02-07 23:37:55 KST | INFO | 
2026-02-07 23:37:55 KST | INFO | Epoch 25/200 | LR: 0.096489
2026-02-07 23:38:44 KST | INFO |   Train Loss: 0.2499 | Test Loss: 0.0013 | Test Acc: 88.38%
2026-02-07 23:38:44 KST | INFO |   🏆 New best accuracy: 88.38%
2026-02-07 23:38:44 KST | INFO | 
2026-02-07 23:38:44 KST | INFO | Epoch 26/200 | LR: 0.096194
2026-02-07 23:39:33 KST | INFO |   Train Loss: 0.2477 | Test Loss: 0.0012 | Test Acc: 90.06%
2026-02-07 23:39:33 KST | INFO |   🏆 New best accuracy: 90.06%
2026-02-07 23:39:33 KST | INFO | 
2026-02-07 23:39:33 KST | INFO | Epoch 27/200 | LR: 0.095888
2026-02-07 23:40:22 KST | INFO |   Train Loss: 0.2459 | Test Loss: 0.0011 | Test Acc: 90.36%
2026-02-07 23:40:22 KST | INFO |   🏆 New best accuracy: 90.36%
2026-02-07 23:40:22 KST | INFO | 
2026-02-07 23:40:22 KST | INFO | Epoch 28/200 | LR: 0.095570
2026-02-07 23:41:12 KST | INFO |   Train Loss: 0.2390 | Test Loss: 0.0011 | Test Acc: 90.14%
2026-02-07 23:41:12 KST | INFO |   No improvement (1/30)
2026-02-07 23:41:12 KST | INFO | 
2026-02-07 23:41:12 KST | INFO | Epoch 29/200 | LR: 0.095241
2026-02-07 23:41:58 KST | INFO |   Train Loss: 0.2335 | Test Loss: 0.0012 | Test Acc: 89.40%
2026-02-07 23:41:58 KST | INFO |   No improvement (2/30)
2026-02-07 23:41:58 KST | INFO | 
2026-02-07 23:41:58 KST | INFO | Epoch 30/200 | LR: 0.094901
2026-02-07 23:42:45 KST | INFO |   Train Loss: 0.2309 | Test Loss: 0.0011 | Test Acc: 89.54%
2026-02-07 23:42:45 KST | INFO |   No improvement (3/30)
2026-02-07 23:42:45 KST | INFO | 
2026-02-07 23:42:45 KST | INFO | Epoch 31/200 | LR: 0.094550
2026-02-07 23:43:32 KST | INFO |   Train Loss: 0.2299 | Test Loss: 0.0015 | Test Acc: 87.60%
2026-02-07 23:43:32 KST | INFO |   No improvement (4/30)
2026-02-07 23:43:32 KST | INFO | 
2026-02-07 23:43:32 KST | INFO | Epoch 32/200 | LR: 0.094188
2026-02-07 23:44:19 KST | INFO |   Train Loss: 0.2217 | Test Loss: 0.0010 | Test Acc: 91.28%
2026-02-07 23:44:19 KST | INFO |   🏆 New best accuracy: 91.28%
2026-02-07 23:44:19 KST | INFO | 
2026-02-07 23:44:19 KST | INFO | Epoch 33/200 | LR: 0.093815
2026-02-07 23:45:07 KST | INFO |   Train Loss: 0.2221 | Test Loss: 0.0011 | Test Acc: 90.40%
2026-02-07 23:45:07 KST | INFO |   No improvement (1/30)
2026-02-07 23:45:07 KST | INFO | 
2026-02-07 23:45:07 KST | INFO | Epoch 34/200 | LR: 0.093432
2026-02-07 23:45:56 KST | INFO |   Train Loss: 0.2192 | Test Loss: 0.0011 | Test Acc: 90.10%
2026-02-07 23:45:56 KST | INFO |   No improvement (2/30)
2026-02-07 23:45:56 KST | INFO | 
2026-02-07 23:45:56 KST | INFO | Epoch 35/200 | LR: 0.093037
2026-02-07 23:46:46 KST | INFO |   Train Loss: 0.2121 | Test Loss: 0.0012 | Test Acc: 89.44%
2026-02-07 23:46:46 KST | INFO |   No improvement (3/30)
2026-02-07 23:46:46 KST | INFO | 
2026-02-07 23:46:46 KST | INFO | Epoch 36/200 | LR: 0.092632
2026-02-07 23:47:36 KST | INFO |   Train Loss: 0.2048 | Test Loss: 0.0011 | Test Acc: 90.98%
2026-02-07 23:47:36 KST | INFO |   No improvement (4/30)
2026-02-07 23:47:36 KST | INFO | 
2026-02-07 23:47:36 KST | INFO | Epoch 37/200 | LR: 0.092216
2026-02-07 23:48:24 KST | INFO |   Train Loss: 0.2070 | Test Loss: 0.0011 | Test Acc: 90.98%
2026-02-07 23:48:24 KST | INFO |   No improvement (5/30)
2026-02-07 23:48:24 KST | INFO | 
2026-02-07 23:48:24 KST | INFO | Epoch 38/200 | LR: 0.091790
2026-02-07 23:49:12 KST | INFO |   Train Loss: 0.2013 | Test Loss: 0.0016 | Test Acc: 86.64%
2026-02-07 23:49:12 KST | INFO |   No improvement (6/30)
2026-02-07 23:49:12 KST | INFO | 
2026-02-07 23:49:12 KST | INFO | Epoch 39/200 | LR: 0.091354
2026-02-07 23:50:00 KST | INFO |   Train Loss: 0.1990 | Test Loss: 0.0012 | Test Acc: 89.54%
2026-02-07 23:50:00 KST | INFO |   No improvement (7/30)
2026-02-07 23:50:00 KST | INFO | 
2026-02-07 23:50:00 KST | INFO | Epoch 40/200 | LR: 0.090908
2026-02-07 23:50:48 KST | INFO |   Train Loss: 0.1976 | Test Loss: 0.0013 | Test Acc: 89.16%
2026-02-07 23:50:48 KST | INFO |   No improvement (8/30)
2026-02-07 23:50:48 KST | INFO | 
2026-02-07 23:50:48 KST | INFO | Epoch 41/200 | LR: 0.090451
2026-02-07 23:51:36 KST | INFO |   Train Loss: 0.1973 | Test Loss: 0.0015 | Test Acc: 87.04%
2026-02-07 23:51:36 KST | INFO |   No improvement (9/30)
2026-02-07 23:51:36 KST | INFO | 
2026-02-07 23:51:36 KST | INFO | Epoch 42/200 | LR: 0.089984
2026-02-07 23:52:23 KST | INFO |   Train Loss: 0.1895 | Test Loss: 0.0014 | Test Acc: 88.84%
2026-02-07 23:52:23 KST | INFO |   No improvement (10/30)
2026-02-07 23:52:23 KST | INFO | 
2026-02-07 23:52:23 KST | INFO | Epoch 43/200 | LR: 0.089508
2026-02-07 23:53:11 KST | INFO |   Train Loss: 0.1917 | Test Loss: 0.0016 | Test Acc: 87.72%
2026-02-07 23:53:11 KST | INFO |   No improvement (11/30)
2026-02-07 23:53:11 KST | INFO | 
2026-02-07 23:53:11 KST | INFO | Epoch 44/200 | LR: 0.089022
2026-02-07 23:53:59 KST | INFO |   Train Loss: 0.1906 | Test Loss: 0.0010 | Test Acc: 91.50%
2026-02-07 23:53:59 KST | INFO |   🏆 New best accuracy: 91.50%
2026-02-07 23:53:59 KST | INFO | 
2026-02-07 23:53:59 KST | INFO | Epoch 45/200 | LR: 0.088526
2026-02-07 23:54:47 KST | INFO |   Train Loss: 0.1854 | Test Loss: 0.0015 | Test Acc: 87.84%
2026-02-07 23:54:47 KST | INFO |   No improvement (1/30)
2026-02-07 23:54:47 KST | INFO | 
2026-02-07 23:54:47 KST | INFO | Epoch 46/200 | LR: 0.088020
2026-02-07 23:55:34 KST | INFO |   Train Loss: 0.1863 | Test Loss: 0.0012 | Test Acc: 89.84%
2026-02-07 23:55:34 KST | INFO |   No improvement (2/30)
2026-02-07 23:55:34 KST | INFO | 
2026-02-07 23:55:34 KST | INFO | Epoch 47/200 | LR: 0.087506
2026-02-07 23:56:24 KST | INFO |   Train Loss: 0.1821 | Test Loss: 0.0018 | Test Acc: 86.24%
2026-02-07 23:56:24 KST | INFO |   No improvement (3/30)
2026-02-07 23:56:24 KST | INFO | 
2026-02-07 23:56:24 KST | INFO | Epoch 48/200 | LR: 0.086982
2026-02-07 23:57:14 KST | INFO |   Train Loss: 0.1795 | Test Loss: 0.0010 | Test Acc: 90.86%
2026-02-07 23:57:14 KST | INFO |   No improvement (4/30)
2026-02-07 23:57:14 KST | INFO | 
2026-02-07 23:57:14 KST | INFO | Epoch 49/200 | LR: 0.086449
2026-02-07 23:58:05 KST | INFO |   Train Loss: 0.1805 | Test Loss: 0.0011 | Test Acc: 90.46%
2026-02-07 23:58:05 KST | INFO |   No improvement (5/30)
2026-02-07 23:58:05 KST | INFO | 
2026-02-07 23:58:05 KST | INFO | Epoch 50/200 | LR: 0.085906
2026-02-07 23:58:55 KST | INFO |   Train Loss: 0.1723 | Test Loss: 0.0015 | Test Acc: 88.42%
2026-02-07 23:58:55 KST | INFO |   No improvement (6/30)
2026-02-07 23:58:55 KST | INFO | 
2026-02-07 23:58:55 KST | INFO | Epoch 51/200 | LR: 0.085355
2026-02-07 23:59:45 KST | INFO |   Train Loss: 0.1720 | Test Loss: 0.0013 | Test Acc: 89.38%
2026-02-07 23:59:45 KST | INFO |   No improvement (7/30)
2026-02-07 23:59:45 KST | INFO | 
2026-02-07 23:59:45 KST | INFO | Epoch 52/200 | LR: 0.084796
2026-02-08 00:00:35 KST | INFO |   Train Loss: 0.1710 | Test Loss: 0.0011 | Test Acc: 90.16%
2026-02-08 00:00:35 KST | INFO |   No improvement (8/30)
2026-02-08 00:00:35 KST | INFO | 
2026-02-08 00:00:35 KST | INFO | Epoch 53/200 | LR: 0.084228
2026-02-08 00:01:25 KST | INFO |   Train Loss: 0.1709 | Test Loss: 0.0016 | Test Acc: 86.80%
2026-02-08 00:01:25 KST | INFO |   No improvement (9/30)
2026-02-08 00:01:25 KST | INFO | 
2026-02-08 00:01:25 KST | INFO | Epoch 54/200 | LR: 0.083651
2026-02-08 00:02:14 KST | INFO |   Train Loss: 0.1653 | Test Loss: 0.0011 | Test Acc: 90.94%
2026-02-08 00:02:14 KST | INFO |   No improvement (10/30)
2026-02-08 00:02:14 KST | INFO | 
2026-02-08 00:02:14 KST | INFO | Epoch 55/200 | LR: 0.083066
2026-02-08 00:03:03 KST | INFO |   Train Loss: 0.1634 | Test Loss: 0.0011 | Test Acc: 90.78%
2026-02-08 00:03:03 KST | INFO |   No improvement (11/30)
2026-02-08 00:03:03 KST | INFO | 
2026-02-08 00:03:03 KST | INFO | Epoch 56/200 | LR: 0.082473
2026-02-08 00:03:53 KST | INFO |   Train Loss: 0.1648 | Test Loss: 0.0012 | Test Acc: 90.06%
2026-02-08 00:03:53 KST | INFO |   No improvement (12/30)
2026-02-08 00:03:53 KST | INFO | 
2026-02-08 00:03:53 KST | INFO | Epoch 57/200 | LR: 0.081871
2026-02-08 00:04:43 KST | INFO |   Train Loss: 0.1599 | Test Loss: 0.0010 | Test Acc: 91.34%
2026-02-08 00:04:43 KST | INFO |   No improvement (13/30)
2026-02-08 00:04:43 KST | INFO | 
2026-02-08 00:04:43 KST | INFO | Epoch 58/200 | LR: 0.081262
2026-02-08 00:05:32 KST | INFO |   Train Loss: 0.1544 | Test Loss: 0.0012 | Test Acc: 90.72%
2026-02-08 00:05:32 KST | INFO |   No improvement (14/30)
2026-02-08 00:05:32 KST | INFO | 
2026-02-08 00:05:32 KST | INFO | Epoch 59/200 | LR: 0.080646
2026-02-08 00:06:21 KST | INFO |   Train Loss: 0.1590 | Test Loss: 0.0013 | Test Acc: 90.00%
2026-02-08 00:06:21 KST | INFO |   No improvement (15/30)
2026-02-08 00:06:21 KST | INFO | 
2026-02-08 00:06:21 KST | INFO | Epoch 60/200 | LR: 0.080021
2026-02-08 00:07:11 KST | INFO |   Train Loss: 0.1589 | Test Loss: 0.0011 | Test Acc: 91.24%
2026-02-08 00:07:11 KST | INFO |   No improvement (16/30)
2026-02-08 00:07:11 KST | INFO | 
2026-02-08 00:07:11 KST | INFO | Epoch 61/200 | LR: 0.079389
2026-02-08 00:08:00 KST | INFO |   Train Loss: 0.1483 | Test Loss: 0.0012 | Test Acc: 89.84%
2026-02-08 00:08:00 KST | INFO |   No improvement (17/30)
2026-02-08 00:08:00 KST | INFO | 
2026-02-08 00:08:00 KST | INFO | Epoch 62/200 | LR: 0.078750
2026-02-08 00:08:47 KST | INFO |   Train Loss: 0.1542 | Test Loss: 0.0011 | Test Acc: 90.92%
2026-02-08 00:08:47 KST | INFO |   No improvement (18/30)
2026-02-08 00:08:47 KST | INFO | 
2026-02-08 00:08:47 KST | INFO | Epoch 63/200 | LR: 0.078104
2026-02-08 00:09:35 KST | INFO |   Train Loss: 0.1460 | Test Loss: 0.0013 | Test Acc: 89.98%
2026-02-08 00:09:35 KST | INFO |   No improvement (19/30)
2026-02-08 00:09:35 KST | INFO | 
2026-02-08 00:09:35 KST | INFO | Epoch 64/200 | LR: 0.077451
2026-02-08 00:10:25 KST | INFO |   Train Loss: 0.1514 | Test Loss: 0.0011 | Test Acc: 91.58%
2026-02-08 00:10:25 KST | INFO |   🏆 New best accuracy: 91.58%
2026-02-08 00:10:25 KST | INFO | 
2026-02-08 00:10:25 KST | INFO | Epoch 65/200 | LR: 0.076792
2026-02-08 00:11:16 KST | INFO |   Train Loss: 0.1475 | Test Loss: 0.0010 | Test Acc: 91.70%
2026-02-08 00:11:16 KST | INFO |   🏆 New best accuracy: 91.70%
2026-02-08 00:11:16 KST | INFO | 
2026-02-08 00:11:16 KST | INFO | Epoch 66/200 | LR: 0.076125
2026-02-08 00:12:07 KST | INFO |   Train Loss: 0.1440 | Test Loss: 0.0020 | Test Acc: 84.36%
2026-02-08 00:12:07 KST | INFO |   No improvement (1/30)
2026-02-08 00:12:07 KST | INFO | 
2026-02-08 00:12:07 KST | INFO | Epoch 67/200 | LR: 0.075452
2026-02-08 00:12:58 KST | INFO |   Train Loss: 0.1370 | Test Loss: 0.0010 | Test Acc: 91.66%
2026-02-08 00:12:58 KST | INFO |   No improvement (2/30)
2026-02-08 00:12:58 KST | INFO | 
2026-02-08 00:12:58 KST | INFO | Epoch 68/200 | LR: 0.074773
2026-02-08 00:13:48 KST | INFO |   Train Loss: 0.1405 | Test Loss: 0.0010 | Test Acc: 90.96%
2026-02-08 00:13:48 KST | INFO |   No improvement (3/30)
2026-02-08 00:13:48 KST | INFO | 
2026-02-08 00:13:48 KST | INFO | Epoch 69/200 | LR: 0.074088
2026-02-08 00:14:38 KST | INFO |   Train Loss: 0.1403 | Test Loss: 0.0010 | Test Acc: 92.10%
2026-02-08 00:14:38 KST | INFO |   🏆 New best accuracy: 92.10%
2026-02-08 00:14:38 KST | INFO | 
2026-02-08 00:14:38 KST | INFO | Epoch 70/200 | LR: 0.073397
2026-02-08 00:15:29 KST | INFO |   Train Loss: 0.1336 | Test Loss: 0.0010 | Test Acc: 91.50%
2026-02-08 00:15:29 KST | INFO |   No improvement (1/30)
2026-02-08 00:15:29 KST | INFO | 
2026-02-08 00:15:29 KST | INFO | Epoch 71/200 | LR: 0.072700
2026-02-08 00:16:20 KST | INFO |   Train Loss: 0.1431 | Test Loss: 0.0011 | Test Acc: 90.78%
2026-02-08 00:16:20 KST | INFO |   No improvement (2/30)
2026-02-08 00:16:20 KST | INFO | 
2026-02-08 00:16:20 KST | INFO | Epoch 72/200 | LR: 0.071997
2026-02-08 00:17:10 KST | INFO |   Train Loss: 0.1323 | Test Loss: 0.0009 | Test Acc: 92.26%
2026-02-08 00:17:10 KST | INFO |   🏆 New best accuracy: 92.26%
2026-02-08 00:17:10 KST | INFO | 
2026-02-08 00:17:10 KST | INFO | Epoch 73/200 | LR: 0.071289
2026-02-08 00:18:00 KST | INFO |   Train Loss: 0.1385 | Test Loss: 0.0014 | Test Acc: 88.68%
2026-02-08 00:18:00 KST | INFO |   No improvement (1/30)
2026-02-08 00:18:00 KST | INFO | 
2026-02-08 00:18:00 KST | INFO | Epoch 74/200 | LR: 0.070576
2026-02-08 00:18:49 KST | INFO |   Train Loss: 0.1282 | Test Loss: 0.0010 | Test Acc: 92.18%
2026-02-08 00:18:49 KST | INFO |   No improvement (2/30)
2026-02-08 00:18:49 KST | INFO | 
2026-02-08 00:18:49 KST | INFO | Epoch 75/200 | LR: 0.069858
2026-02-08 00:19:40 KST | INFO |   Train Loss: 0.1350 | Test Loss: 0.0009 | Test Acc: 92.86%
2026-02-08 00:19:40 KST | INFO |   🏆 New best accuracy: 92.86%
2026-02-08 00:19:40 KST | INFO | 
2026-02-08 00:19:40 KST | INFO | Epoch 76/200 | LR: 0.069134
2026-02-08 00:20:30 KST | INFO |   Train Loss: 0.1298 | Test Loss: 0.0009 | Test Acc: 92.40%
2026-02-08 00:20:30 KST | INFO |   No improvement (1/30)
2026-02-08 00:20:30 KST | INFO | 
2026-02-08 00:20:30 KST | INFO | Epoch 77/200 | LR: 0.068407
2026-02-08 00:21:21 KST | INFO |   Train Loss: 0.1244 | Test Loss: 0.0011 | Test Acc: 91.30%
2026-02-08 00:21:21 KST | INFO |   No improvement (2/30)
2026-02-08 00:21:21 KST | INFO | 
2026-02-08 00:21:21 KST | INFO | Epoch 78/200 | LR: 0.067674
2026-02-08 00:22:11 KST | INFO |   Train Loss: 0.1253 | Test Loss: 0.0011 | Test Acc: 91.20%
2026-02-08 00:22:11 KST | INFO |   No improvement (3/30)
2026-02-08 00:22:11 KST | INFO | 
2026-02-08 00:22:11 KST | INFO | Epoch 79/200 | LR: 0.066937
2026-02-08 00:23:01 KST | INFO |   Train Loss: 0.1256 | Test Loss: 0.0011 | Test Acc: 91.04%
2026-02-08 00:23:01 KST | INFO |   No improvement (4/30)
2026-02-08 00:23:01 KST | INFO | 
2026-02-08 00:23:01 KST | INFO | Epoch 80/200 | LR: 0.066196
2026-02-08 00:23:52 KST | INFO |   Train Loss: 0.1222 | Test Loss: 0.0011 | Test Acc: 91.32%
2026-02-08 00:23:52 KST | INFO |   No improvement (5/30)
2026-02-08 00:23:52 KST | INFO | 
2026-02-08 00:23:52 KST | INFO | Epoch 81/200 | LR: 0.065451
2026-02-08 00:24:42 KST | INFO |   Train Loss: 0.1237 | Test Loss: 0.0013 | Test Acc: 89.70%
2026-02-08 00:24:42 KST | INFO |   No improvement (6/30)
2026-02-08 00:24:42 KST | INFO | 
2026-02-08 00:24:42 KST | INFO | Epoch 82/200 | LR: 0.064702
2026-02-08 00:25:33 KST | INFO |   Train Loss: 0.1153 | Test Loss: 0.0012 | Test Acc: 91.08%
2026-02-08 00:25:33 KST | INFO |   No improvement (7/30)
2026-02-08 00:25:33 KST | INFO | 
2026-02-08 00:25:33 KST | INFO | Epoch 83/200 | LR: 0.063950
2026-02-08 00:26:23 KST | INFO |   Train Loss: 0.1160 | Test Loss: 0.0010 | Test Acc: 91.64%
2026-02-08 00:26:23 KST | INFO |   No improvement (8/30)
2026-02-08 00:26:23 KST | INFO | 
2026-02-08 00:26:23 KST | INFO | Epoch 84/200 | LR: 0.063194
2026-02-08 00:27:14 KST | INFO |   Train Loss: 0.1146 | Test Loss: 0.0010 | Test Acc: 91.82%
2026-02-08 00:27:14 KST | INFO |   No improvement (9/30)
2026-02-08 00:27:14 KST | INFO | 
2026-02-08 00:27:14 KST | INFO | Epoch 85/200 | LR: 0.062435
2026-02-08 00:28:04 KST | INFO |   Train Loss: 0.1159 | Test Loss: 0.0011 | Test Acc: 91.50%
2026-02-08 00:28:04 KST | INFO |   No improvement (10/30)
2026-02-08 00:28:04 KST | INFO | 
2026-02-08 00:28:04 KST | INFO | Epoch 86/200 | LR: 0.061673
2026-02-08 00:28:54 KST | INFO |   Train Loss: 0.1134 | Test Loss: 0.0011 | Test Acc: 91.64%
2026-02-08 00:28:54 KST | INFO |   No improvement (11/30)
2026-02-08 00:28:54 KST | INFO | 
2026-02-08 00:28:54 KST | INFO | Epoch 87/200 | LR: 0.060908
2026-02-08 00:29:42 KST | INFO |   Train Loss: 0.1101 | Test Loss: 0.0010 | Test Acc: 92.28%
2026-02-08 00:29:42 KST | INFO |   No improvement (12/30)
2026-02-08 00:29:42 KST | INFO | 
2026-02-08 00:29:42 KST | INFO | Epoch 88/200 | LR: 0.060140
2026-02-08 00:30:30 KST | INFO |   Train Loss: 0.1108 | Test Loss: 0.0010 | Test Acc: 91.44%
2026-02-08 00:30:30 KST | INFO |   No improvement (13/30)
2026-02-08 00:30:30 KST | INFO | 
2026-02-08 00:30:30 KST | INFO | Epoch 89/200 | LR: 0.059369
2026-02-08 00:31:18 KST | INFO |   Train Loss: 0.1076 | Test Loss: 0.0011 | Test Acc: 90.56%
2026-02-08 00:31:18 KST | INFO |   No improvement (14/30)
2026-02-08 00:31:18 KST | INFO | 
2026-02-08 00:31:18 KST | INFO | Epoch 90/200 | LR: 0.058597
2026-02-08 00:32:07 KST | INFO |   Train Loss: 0.1056 | Test Loss: 0.0011 | Test Acc: 91.82%
2026-02-08 00:32:07 KST | INFO |   No improvement (15/30)
2026-02-08 00:32:07 KST | INFO | 
2026-02-08 00:32:07 KST | INFO | Epoch 91/200 | LR: 0.057822
2026-02-08 00:32:55 KST | INFO |   Train Loss: 0.1038 | Test Loss: 0.0010 | Test Acc: 92.28%
2026-02-08 00:32:55 KST | INFO |   No improvement (16/30)
2026-02-08 00:32:55 KST | INFO | 
2026-02-08 00:32:55 KST | INFO | Epoch 92/200 | LR: 0.057045
2026-02-08 00:33:43 KST | INFO |   Train Loss: 0.1035 | Test Loss: 0.0010 | Test Acc: 91.88%
2026-02-08 00:33:43 KST | INFO |   No improvement (17/30)
2026-02-08 00:33:43 KST | INFO | 
2026-02-08 00:33:43 KST | INFO | Epoch 93/200 | LR: 0.056267
2026-02-08 00:34:29 KST | INFO |   Train Loss: 0.1064 | Test Loss: 0.0011 | Test Acc: 91.14%
2026-02-08 00:34:29 KST | INFO |   No improvement (18/30)
2026-02-08 00:34:29 KST | INFO | 
2026-02-08 00:34:29 KST | INFO | Epoch 94/200 | LR: 0.055487
2026-02-08 00:35:15 KST | INFO |   Train Loss: 0.0991 | Test Loss: 0.0009 | Test Acc: 92.22%
2026-02-08 00:35:15 KST | INFO |   No improvement (19/30)
2026-02-08 00:35:15 KST | INFO | 
2026-02-08 00:35:15 KST | INFO | Epoch 95/200 | LR: 0.054706
2026-02-08 00:36:01 KST | INFO |   Train Loss: 0.1014 | Test Loss: 0.0009 | Test Acc: 92.48%
2026-02-08 00:36:01 KST | INFO |   No improvement (20/30)
2026-02-08 00:36:01 KST | INFO | 
2026-02-08 00:36:01 KST | INFO | Epoch 96/200 | LR: 0.053923
2026-02-08 00:36:46 KST | INFO |   Train Loss: 0.0990 | Test Loss: 0.0010 | Test Acc: 92.14%
2026-02-08 00:36:46 KST | INFO |   No improvement (21/30)
2026-02-08 00:36:46 KST | INFO | 
2026-02-08 00:36:46 KST | INFO | Epoch 97/200 | LR: 0.053140
2026-02-08 00:37:32 KST | INFO |   Train Loss: 0.1042 | Test Loss: 0.0010 | Test Acc: 92.24%
2026-02-08 00:37:32 KST | INFO |   No improvement (22/30)
2026-02-08 00:37:32 KST | INFO | 
2026-02-08 00:37:32 KST | INFO | Epoch 98/200 | LR: 0.052356
2026-02-08 00:38:20 KST | INFO |   Train Loss: 0.0949 | Test Loss: 0.0010 | Test Acc: 92.40%
2026-02-08 00:38:20 KST | INFO |   No improvement (23/30)
2026-02-08 00:38:20 KST | INFO | 
2026-02-08 00:38:20 KST | INFO | Epoch 99/200 | LR: 0.051571
2026-02-08 00:39:06 KST | INFO |   Train Loss: 0.0927 | Test Loss: 0.0009 | Test Acc: 92.58%
2026-02-08 00:39:06 KST | INFO |   No improvement (24/30)
2026-02-08 00:39:06 KST | INFO | 
2026-02-08 00:39:06 KST | INFO | Epoch 100/200 | LR: 0.050786
2026-02-08 00:39:52 KST | INFO |   Train Loss: 0.0928 | Test Loss: 0.0011 | Test Acc: 91.10%
2026-02-08 00:39:52 KST | INFO |   No improvement (25/30)
2026-02-08 00:39:52 KST | INFO | 
2026-02-08 00:39:52 KST | INFO | Epoch 101/200 | LR: 0.050001
2026-02-08 00:40:40 KST | INFO |   Train Loss: 0.0920 | Test Loss: 0.0013 | Test Acc: 89.54%
2026-02-08 00:40:40 KST | INFO |   No improvement (26/30)
2026-02-08 00:40:40 KST | INFO | 
2026-02-08 00:40:40 KST | INFO | Epoch 102/200 | LR: 0.049215
2026-02-08 00:41:29 KST | INFO |   Train Loss: 0.0892 | Test Loss: 0.0012 | Test Acc: 91.12%
2026-02-08 00:41:29 KST | INFO |   No improvement (27/30)
2026-02-08 00:41:29 KST | INFO | 
2026-02-08 00:41:29 KST | INFO | Epoch 103/200 | LR: 0.048430
2026-02-08 00:42:16 KST | INFO |   Train Loss: 0.0872 | Test Loss: 0.0010 | Test Acc: 91.98%
2026-02-08 00:42:16 KST | INFO |   No improvement (28/30)
2026-02-08 00:42:16 KST | INFO | 
2026-02-08 00:42:16 KST | INFO | Epoch 104/200 | LR: 0.047645
2026-02-08 00:43:04 KST | INFO |   Train Loss: 0.0842 | Test Loss: 0.0011 | Test Acc: 92.04%
2026-02-08 00:43:04 KST | INFO |   No improvement (29/30)
2026-02-08 00:43:04 KST | INFO | 
2026-02-08 00:43:04 KST | INFO | Epoch 105/200 | LR: 0.046861
2026-02-08 00:43:51 KST | INFO |   Train Loss: 0.0846 | Test Loss: 0.0011 | Test Acc: 91.98%
2026-02-08 00:43:51 KST | INFO |   No improvement (30/30)
2026-02-08 00:43:51 KST | INFO | 
2026-02-08 00:43:51 KST | INFO | Early stopping after 30 epochs without improvement
2026-02-08 00:43:51 KST | INFO | 
2026-02-08 00:43:51 KST | INFO | ================================================================================
2026-02-08 00:43:51 KST | INFO | TRAINING COMPLETE
2026-02-08 00:43:51 KST | INFO | ================================================================================
2026-02-08 00:43:51 KST | INFO | Best accuracy:  92.86% (Epoch 75)
2026-02-08 00:43:51 KST | INFO | Final accuracy: 91.98%
2026-02-08 00:43:51 KST | INFO | ================================================================================
2026-02-08 00:43:51 KST | INFO | 
2026-02-08 00:43:51 KST | INFO | Notifying nodes of completion...
2026-02-08 00:43:52 KST | INFO | ✓ Nodes notified
2026-02-08 00:43:52 KST | INFO | 
2026-02-08 00:43:52 KST | INFO | Closing connections...
2026-02-08 00:43:52 KST | INFO | ✓ Cleanup complete
2026-02-08 00:43:52 KST | INFO | 
2026-02-08 00:43:52 KST | INFO | Full log: logs/TL++_base_20260207_231827.log
2026-02-08 00:43:52 KST | INFO | ================================================================================
