2026-02-05 04:04:44 KST | INFO | ================================================================================
2026-02-05 04:04:44 KST | INFO | TL++ Orchestrator
2026-02-05 04:04:44 KST | INFO | ================================================================================
2026-02-05 04:04:44 KST | INFO | Log file: logs/TL++_base_20260205_040444.log
2026-02-05 04:04:44 KST | INFO | 
2026-02-05 04:04:44 KST | INFO | --------------------------------------------------------------------------------
2026-02-05 04:04:44 KST | INFO | CONFIGURATION
2026-02-05 04:04:44 KST | INFO | --------------------------------------------------------------------------------
2026-02-05 04:04:44 KST | INFO | Secure mode:      False
2026-02-05 04:04:44 KST | INFO | Nodes:            8
2026-02-05 04:04:44 KST | INFO | Cut layer:        1
2026-02-05 04:04:44 KST | INFO | Batch size:       128
2026-02-05 04:04:44 KST | INFO | Learning rate:    0.1
2026-02-05 04:04:44 KST | INFO | 
2026-02-05 04:04:44 KST | INFO | Computation device: cuda
2026-02-05 04:04:44 KST | INFO | Secure mode: DISABLED
2026-02-05 04:04:44 KST | INFO | 
2026-02-05 04:04:44 KST | INFO | --------------------------------------------------------------------------------
2026-02-05 04:04:44 KST | INFO | NETWORK SETUP
2026-02-05 04:04:44 KST | INFO | --------------------------------------------------------------------------------
2026-02-05 04:04:44 KST | INFO | ✓ Orchestrator listening on 127.0.0.1:8080
2026-02-05 04:04:44 KST | INFO | Waiting for 8 node(s)...
2026-02-05 04:04:47 KST | INFO |   ✓ Node 1/8 connected
2026-02-05 04:04:48 KST | INFO |   ✓ Node 2/8 connected
2026-02-05 04:04:49 KST | INFO |   ✓ Node 3/8 connected
2026-02-05 04:04:50 KST | INFO |   ✓ Node 4/8 connected
2026-02-05 04:04:51 KST | INFO |   ✓ Node 5/8 connected
2026-02-05 04:04:52 KST | INFO |   ✓ Node 6/8 connected
2026-02-05 04:04:53 KST | INFO |   ✓ Node 7/8 connected
2026-02-05 04:04:54 KST | INFO |   ✓ Node 8/8 connected
2026-02-05 04:04:54 KST | INFO | ✓ All 8 node(s) connected
2026-02-05 04:04:54 KST | INFO | 
2026-02-05 04:04:54 KST | INFO | --------------------------------------------------------------------------------
2026-02-05 04:04:54 KST | INFO | MODEL INITIALIZATION
2026-02-05 04:04:54 KST | INFO | --------------------------------------------------------------------------------
2026-02-05 04:04:54 KST | INFO | Node-side parameters: 38,720
2026-02-05 04:04:54 KST | INFO | 
2026-02-05 04:04:54 KST | INFO | --------------------------------------------------------------------------------
2026-02-05 04:04:54 KST | INFO | BROADCASTING CONFIGURATION
2026-02-05 04:04:54 KST | INFO | --------------------------------------------------------------------------------
2026-02-05 04:04:54 KST | INFO | ✓ Configuration broadcast to all nodes
2026-02-05 04:04:56 KST | INFO | 
2026-02-05 04:04:56 KST | INFO | Total parameters:     3,247,176
2026-02-05 04:04:56 KST | INFO | Trainable parameters: 3,247,176
2026-02-05 04:04:56 KST | INFO | 
2026-02-05 04:04:56 KST | INFO | --------------------------------------------------------------------------------
2026-02-05 04:04:56 KST | INFO | DATA LOADING
2026-02-05 04:04:56 KST | INFO | --------------------------------------------------------------------------------
2026-02-05 04:05:21 KST | INFO | ✓ Dataset information collected:
2026-02-05 04:05:21 KST | INFO |     Node 1: 5,000 samples
2026-02-05 04:05:21 KST | INFO |     Node 2: 5,000 samples
2026-02-05 04:05:21 KST | INFO |     Node 3: 5,000 samples
2026-02-05 04:05:21 KST | INFO |     Node 4: 5,000 samples
2026-02-05 04:05:21 KST | INFO |     Node 5: 5,000 samples
2026-02-05 04:05:21 KST | INFO |     Node 6: 5,000 samples
2026-02-05 04:05:21 KST | INFO |     Node 7: 5,000 samples
2026-02-05 04:05:21 KST | INFO |     Node 8: 5,000 samples
2026-02-05 04:05:21 KST | INFO |   Total training samples: 40,000
2026-02-05 04:05:21 KST | INFO | 
2026-02-05 04:05:24 KST | INFO | ✓ Test dataset loaded: 8,000 samples
2026-02-05 04:05:24 KST | INFO | 
2026-02-05 04:05:24 KST | INFO | ✓ Batch scheduler: 313 batches/epoch
2026-02-05 04:05:24 KST | INFO | 
2026-02-05 04:05:24 KST | INFO | --------------------------------------------------------------------------------
2026-02-05 04:05:24 KST | INFO | OPTIMIZATION SETUP
2026-02-05 04:05:24 KST | INFO | --------------------------------------------------------------------------------
2026-02-05 04:05:24 KST | INFO | ✓ Optimizer: SGD (lr=0.1, momentum=0.9)
2026-02-05 04:05:24 KST | INFO | ✓ Scheduler: cosine
2026-02-05 04:05:24 KST | INFO | ✓ Gradient clipping: 1.0
2026-02-05 04:05:24 KST | INFO | 
2026-02-05 04:05:24 KST | INFO | ================================================================================
2026-02-05 04:05:24 KST | INFO | Setup complete - Ready for training
2026-02-05 04:05:24 KST | INFO | ================================================================================
2026-02-05 04:05:24 KST | INFO | 
2026-02-05 04:05:24 KST | INFO | --------------------------------------------------------------------------------
2026-02-05 04:05:24 KST | INFO | TRAINING
2026-02-05 04:05:24 KST | INFO | --------------------------------------------------------------------------------
2026-02-05 04:05:24 KST | INFO | 
2026-02-05 04:05:24 KST | INFO | Epoch 1/200 | LR: 0.100000
2026-02-05 04:05:42 KST | INFO |   Train Loss: 1.5964 | Test Loss: 0.0048 | Test Acc: 55.79%
2026-02-05 04:05:42 KST | INFO |   🏆 New best accuracy: 55.79%
2026-02-05 04:05:42 KST | INFO | 
2026-02-05 04:05:42 KST | INFO | Epoch 2/200 | LR: 0.099994
2026-02-05 04:05:59 KST | INFO |   Train Loss: 1.1930 | Test Loss: 0.0040 | Test Acc: 63.50%
2026-02-05 04:05:59 KST | INFO |   🏆 New best accuracy: 63.50%
2026-02-05 04:05:59 KST | INFO | 
2026-02-05 04:05:59 KST | INFO | Epoch 3/200 | LR: 0.099975
2026-02-05 04:06:15 KST | INFO |   Train Loss: 0.9857 | Test Loss: 0.0039 | Test Acc: 66.29%
2026-02-05 04:06:15 KST | INFO |   🏆 New best accuracy: 66.29%
2026-02-05 04:06:15 KST | INFO | 
2026-02-05 04:06:15 KST | INFO | Epoch 4/200 | LR: 0.099944
2026-02-05 04:06:32 KST | INFO |   Train Loss: 0.8348 | Test Loss: 0.0029 | Test Acc: 74.03%
2026-02-05 04:06:32 KST | INFO |   🏆 New best accuracy: 74.03%
2026-02-05 04:06:32 KST | INFO | 
2026-02-05 04:06:32 KST | INFO | Epoch 5/200 | LR: 0.099901
2026-02-05 04:06:49 KST | INFO |   Train Loss: 0.7394 | Test Loss: 0.0028 | Test Acc: 75.22%
2026-02-05 04:06:49 KST | INFO |   🏆 New best accuracy: 75.22%
2026-02-05 04:06:49 KST | INFO | 
2026-02-05 04:06:49 KST | INFO | Epoch 6/200 | LR: 0.099846
2026-02-05 04:07:05 KST | INFO |   Train Loss: 0.6711 | Test Loss: 0.0024 | Test Acc: 79.26%
2026-02-05 04:07:05 KST | INFO |   🏆 New best accuracy: 79.26%
2026-02-05 04:07:05 KST | INFO | 
2026-02-05 04:07:05 KST | INFO | Epoch 7/200 | LR: 0.099778
2026-02-05 04:07:23 KST | INFO |   Train Loss: 0.6255 | Test Loss: 0.0023 | Test Acc: 80.66%
2026-02-05 04:07:23 KST | INFO |   🏆 New best accuracy: 80.66%
2026-02-05 04:07:23 KST | INFO | 
2026-02-05 04:07:23 KST | INFO | Epoch 8/200 | LR: 0.099698
2026-02-05 04:07:39 KST | INFO |   Train Loss: 0.5942 | Test Loss: 0.0022 | Test Acc: 81.40%
2026-02-05 04:07:39 KST | INFO |   🏆 New best accuracy: 81.40%
2026-02-05 04:07:39 KST | INFO | 
2026-02-05 04:07:39 KST | INFO | Epoch 9/200 | LR: 0.099606
2026-02-05 04:07:56 KST | INFO |   Train Loss: 0.5587 | Test Loss: 0.0022 | Test Acc: 81.51%
2026-02-05 04:07:56 KST | INFO |   🏆 New best accuracy: 81.51%
2026-02-05 04:07:56 KST | INFO | 
2026-02-05 04:07:56 KST | INFO | Epoch 10/200 | LR: 0.099501
2026-02-05 04:08:13 KST | INFO |   Train Loss: 0.5336 | Test Loss: 0.0021 | Test Acc: 81.90%
2026-02-05 04:08:13 KST | INFO |   🏆 New best accuracy: 81.90%
2026-02-05 04:08:13 KST | INFO | 
2026-02-05 04:08:13 KST | INFO | Epoch 11/200 | LR: 0.099384
2026-02-05 04:08:30 KST | INFO |   Train Loss: 0.5086 | Test Loss: 0.0022 | Test Acc: 81.50%
2026-02-05 04:08:30 KST | INFO |   No improvement (1/30)
2026-02-05 04:08:30 KST | INFO | 
2026-02-05 04:08:30 KST | INFO | Epoch 12/200 | LR: 0.099255
2026-02-05 04:08:47 KST | INFO |   Train Loss: 0.4916 | Test Loss: 0.0021 | Test Acc: 82.00%
2026-02-05 04:08:47 KST | INFO |   🏆 New best accuracy: 82.00%
2026-02-05 04:08:47 KST | INFO | 
2026-02-05 04:08:47 KST | INFO | Epoch 13/200 | LR: 0.099114
2026-02-05 04:09:03 KST | INFO |   Train Loss: 0.4790 | Test Loss: 0.0020 | Test Acc: 83.09%
2026-02-05 04:09:03 KST | INFO |   🏆 New best accuracy: 83.09%
2026-02-05 04:09:03 KST | INFO | 
2026-02-05 04:09:03 KST | INFO | Epoch 14/200 | LR: 0.098961
2026-02-05 04:09:20 KST | INFO |   Train Loss: 0.4609 | Test Loss: 0.0019 | Test Acc: 83.88%
2026-02-05 04:09:20 KST | INFO |   🏆 New best accuracy: 83.88%
2026-02-05 04:09:20 KST | INFO | 
2026-02-05 04:09:20 KST | INFO | Epoch 15/200 | LR: 0.098796
2026-02-05 04:09:37 KST | INFO |   Train Loss: 0.4439 | Test Loss: 0.0020 | Test Acc: 82.80%
2026-02-05 04:09:37 KST | INFO |   No improvement (1/30)
2026-02-05 04:09:37 KST | INFO | 
2026-02-05 04:09:37 KST | INFO | Epoch 16/200 | LR: 0.098619
2026-02-05 04:09:54 KST | INFO |   Train Loss: 0.4357 | Test Loss: 0.0019 | Test Acc: 84.39%
2026-02-05 04:09:54 KST | INFO |   🏆 New best accuracy: 84.39%
2026-02-05 04:09:54 KST | INFO | 
2026-02-05 04:09:54 KST | INFO | Epoch 17/200 | LR: 0.098429
2026-02-05 04:10:11 KST | INFO |   Train Loss: 0.4232 | Test Loss: 0.0018 | Test Acc: 84.97%
2026-02-05 04:10:11 KST | INFO |   🏆 New best accuracy: 84.97%
2026-02-05 04:10:11 KST | INFO | 
2026-02-05 04:10:11 KST | INFO | Epoch 18/200 | LR: 0.098228
2026-02-05 04:10:27 KST | INFO |   Train Loss: 0.4123 | Test Loss: 0.0018 | Test Acc: 85.35%
2026-02-05 04:10:27 KST | INFO |   🏆 New best accuracy: 85.35%
2026-02-05 04:10:27 KST | INFO | 
2026-02-05 04:10:27 KST | INFO | Epoch 19/200 | LR: 0.098015
2026-02-05 04:10:44 KST | INFO |   Train Loss: 0.4030 | Test Loss: 0.0018 | Test Acc: 85.15%
2026-02-05 04:10:44 KST | INFO |   No improvement (1/30)
2026-02-05 04:10:44 KST | INFO | 
2026-02-05 04:10:44 KST | INFO | Epoch 20/200 | LR: 0.097790
2026-02-05 04:11:01 KST | INFO |   Train Loss: 0.3981 | Test Loss: 0.0016 | Test Acc: 86.03%
2026-02-05 04:11:01 KST | INFO |   🏆 New best accuracy: 86.03%
2026-02-05 04:11:01 KST | INFO | 
2026-02-05 04:11:01 KST | INFO | Epoch 21/200 | LR: 0.097553
2026-02-05 04:11:17 KST | INFO |   Train Loss: 0.3925 | Test Loss: 0.0020 | Test Acc: 83.64%
2026-02-05 04:11:17 KST | INFO |   No improvement (1/30)
2026-02-05 04:11:17 KST | INFO | 
2026-02-05 04:11:17 KST | INFO | Epoch 22/200 | LR: 0.097304
2026-02-05 04:11:34 KST | INFO |   Train Loss: 0.3839 | Test Loss: 0.0019 | Test Acc: 84.44%
2026-02-05 04:11:34 KST | INFO |   No improvement (2/30)
2026-02-05 04:11:34 KST | INFO | 
2026-02-05 04:11:34 KST | INFO | Epoch 23/200 | LR: 0.097044
2026-02-05 04:11:51 KST | INFO |   Train Loss: 0.3760 | Test Loss: 0.0016 | Test Acc: 86.59%
2026-02-05 04:11:51 KST | INFO |   🏆 New best accuracy: 86.59%
2026-02-05 04:11:51 KST | INFO | 
2026-02-05 04:11:51 KST | INFO | Epoch 24/200 | LR: 0.096772
2026-02-05 04:12:08 KST | INFO |   Train Loss: 0.3771 | Test Loss: 0.0018 | Test Acc: 85.26%
2026-02-05 04:12:08 KST | INFO |   No improvement (1/30)
2026-02-05 04:12:08 KST | INFO | 
2026-02-05 04:12:08 KST | INFO | Epoch 25/200 | LR: 0.096489
2026-02-05 04:12:25 KST | INFO |   Train Loss: 0.3706 | Test Loss: 0.0016 | Test Acc: 86.08%
2026-02-05 04:12:25 KST | INFO |   No improvement (2/30)
2026-02-05 04:12:25 KST | INFO | 
2026-02-05 04:12:25 KST | INFO | Epoch 26/200 | LR: 0.096194
2026-02-05 04:12:41 KST | INFO |   Train Loss: 0.3623 | Test Loss: 0.0017 | Test Acc: 85.50%
2026-02-05 04:12:41 KST | INFO |   No improvement (3/30)
2026-02-05 04:12:41 KST | INFO | 
2026-02-05 04:12:41 KST | INFO | Epoch 27/200 | LR: 0.095888
2026-02-05 04:12:58 KST | INFO |   Train Loss: 0.3608 | Test Loss: 0.0023 | Test Acc: 80.79%
2026-02-05 04:12:58 KST | INFO |   No improvement (4/30)
2026-02-05 04:12:58 KST | INFO | 
2026-02-05 04:12:58 KST | INFO | Epoch 28/200 | LR: 0.095570
2026-02-05 04:13:15 KST | INFO |   Train Loss: 0.3593 | Test Loss: 0.0016 | Test Acc: 86.28%
2026-02-05 04:13:15 KST | INFO |   No improvement (5/30)
2026-02-05 04:13:15 KST | INFO | 
2026-02-05 04:13:15 KST | INFO | Epoch 29/200 | LR: 0.095241
2026-02-05 04:13:32 KST | INFO |   Train Loss: 0.3459 | Test Loss: 0.0018 | Test Acc: 85.22%
2026-02-05 04:13:32 KST | INFO |   No improvement (6/30)
2026-02-05 04:13:32 KST | INFO | 
2026-02-05 04:13:32 KST | INFO | Epoch 30/200 | LR: 0.094901
2026-02-05 04:13:49 KST | INFO |   Train Loss: 0.3446 | Test Loss: 0.0017 | Test Acc: 85.83%
2026-02-05 04:13:49 KST | INFO |   No improvement (7/30)
2026-02-05 04:13:49 KST | INFO | 
2026-02-05 04:13:49 KST | INFO | Epoch 31/200 | LR: 0.094550
2026-02-05 04:14:05 KST | INFO |   Train Loss: 0.3425 | Test Loss: 0.0015 | Test Acc: 87.89%
2026-02-05 04:14:05 KST | INFO |   🏆 New best accuracy: 87.89%
2026-02-05 04:14:05 KST | INFO | 
2026-02-05 04:14:05 KST | INFO | Epoch 32/200 | LR: 0.094188
2026-02-05 04:14:22 KST | INFO |   Train Loss: 0.3365 | Test Loss: 0.0015 | Test Acc: 86.91%
2026-02-05 04:14:22 KST | INFO |   No improvement (1/30)
2026-02-05 04:14:22 KST | INFO | 
2026-02-05 04:14:22 KST | INFO | Epoch 33/200 | LR: 0.093815
2026-02-05 04:14:39 KST | INFO |   Train Loss: 0.3307 | Test Loss: 0.0016 | Test Acc: 86.64%
2026-02-05 04:14:39 KST | INFO |   No improvement (2/30)
2026-02-05 04:14:39 KST | INFO | 
2026-02-05 04:14:39 KST | INFO | Epoch 34/200 | LR: 0.093432
2026-02-05 04:14:56 KST | INFO |   Train Loss: 0.3276 | Test Loss: 0.0017 | Test Acc: 86.08%
2026-02-05 04:14:56 KST | INFO |   No improvement (3/30)
2026-02-05 04:14:56 KST | INFO | 
2026-02-05 04:14:56 KST | INFO | Epoch 35/200 | LR: 0.093037
2026-02-05 04:15:12 KST | INFO |   Train Loss: 0.3313 | Test Loss: 0.0018 | Test Acc: 85.90%
2026-02-05 04:15:12 KST | INFO |   No improvement (4/30)
2026-02-05 04:15:12 KST | INFO | 
2026-02-05 04:15:12 KST | INFO | Epoch 36/200 | LR: 0.092632
2026-02-05 04:15:29 KST | INFO |   Train Loss: 0.3242 | Test Loss: 0.0016 | Test Acc: 86.36%
2026-02-05 04:15:29 KST | INFO |   No improvement (5/30)
2026-02-05 04:15:29 KST | INFO | 
2026-02-05 04:15:29 KST | INFO | Epoch 37/200 | LR: 0.092216
2026-02-05 04:15:46 KST | INFO |   Train Loss: 0.3164 | Test Loss: 0.0018 | Test Acc: 85.47%
2026-02-05 04:15:46 KST | INFO |   No improvement (6/30)
2026-02-05 04:15:46 KST | INFO | 
2026-02-05 04:15:46 KST | INFO | Epoch 38/200 | LR: 0.091790
2026-02-05 04:16:03 KST | INFO |   Train Loss: 0.3173 | Test Loss: 0.0016 | Test Acc: 86.96%
2026-02-05 04:16:03 KST | INFO |   No improvement (7/30)
2026-02-05 04:16:03 KST | INFO | 
2026-02-05 04:16:03 KST | INFO | Epoch 39/200 | LR: 0.091354
2026-02-05 04:16:20 KST | INFO |   Train Loss: 0.3169 | Test Loss: 0.0016 | Test Acc: 87.58%
2026-02-05 04:16:20 KST | INFO |   No improvement (8/30)
2026-02-05 04:16:20 KST | INFO | 
2026-02-05 04:16:20 KST | INFO | Epoch 40/200 | LR: 0.090908
2026-02-05 04:16:37 KST | INFO |   Train Loss: 0.3121 | Test Loss: 0.0015 | Test Acc: 88.00%
2026-02-05 04:16:37 KST | INFO |   🏆 New best accuracy: 88.00%
2026-02-05 04:16:37 KST | INFO | 
2026-02-05 04:16:37 KST | INFO | Epoch 41/200 | LR: 0.090451
2026-02-05 04:16:53 KST | INFO |   Train Loss: 0.3048 | Test Loss: 0.0015 | Test Acc: 87.49%
2026-02-05 04:16:53 KST | INFO |   No improvement (1/30)
2026-02-05 04:16:53 KST | INFO | 
2026-02-05 04:16:53 KST | INFO | Epoch 42/200 | LR: 0.089984
2026-02-05 04:17:10 KST | INFO |   Train Loss: 0.3070 | Test Loss: 0.0015 | Test Acc: 87.31%
2026-02-05 04:17:10 KST | INFO |   No improvement (2/30)
2026-02-05 04:17:10 KST | INFO | 
2026-02-05 04:17:10 KST | INFO | Epoch 43/200 | LR: 0.089508
2026-02-05 04:17:27 KST | INFO |   Train Loss: 0.3057 | Test Loss: 0.0017 | Test Acc: 86.30%
2026-02-05 04:17:27 KST | INFO |   No improvement (3/30)
2026-02-05 04:17:27 KST | INFO | 
2026-02-05 04:17:27 KST | INFO | Epoch 44/200 | LR: 0.089022
2026-02-05 04:17:44 KST | INFO |   Train Loss: 0.3017 | Test Loss: 0.0015 | Test Acc: 87.49%
2026-02-05 04:17:44 KST | INFO |   No improvement (4/30)
2026-02-05 04:17:44 KST | INFO | 
2026-02-05 04:17:44 KST | INFO | Epoch 45/200 | LR: 0.088526
2026-02-05 04:18:00 KST | INFO |   Train Loss: 0.2992 | Test Loss: 0.0014 | Test Acc: 88.25%
2026-02-05 04:18:00 KST | INFO |   🏆 New best accuracy: 88.25%
2026-02-05 04:18:00 KST | INFO | 
2026-02-05 04:18:00 KST | INFO | Epoch 46/200 | LR: 0.088020
2026-02-05 04:18:17 KST | INFO |   Train Loss: 0.2920 | Test Loss: 0.0017 | Test Acc: 86.53%
2026-02-05 04:18:17 KST | INFO |   No improvement (1/30)
2026-02-05 04:18:17 KST | INFO | 
2026-02-05 04:18:17 KST | INFO | Epoch 47/200 | LR: 0.087506
2026-02-05 04:18:34 KST | INFO |   Train Loss: 0.2956 | Test Loss: 0.0019 | Test Acc: 85.34%
2026-02-05 04:18:34 KST | INFO |   No improvement (2/30)
2026-02-05 04:18:34 KST | INFO | 
2026-02-05 04:18:34 KST | INFO | Epoch 48/200 | LR: 0.086982
2026-02-05 04:18:51 KST | INFO |   Train Loss: 0.2902 | Test Loss: 0.0017 | Test Acc: 86.56%
2026-02-05 04:18:51 KST | INFO |   No improvement (3/30)
2026-02-05 04:18:51 KST | INFO | 
2026-02-05 04:18:51 KST | INFO | Epoch 49/200 | LR: 0.086449
2026-02-05 04:19:07 KST | INFO |   Train Loss: 0.2879 | Test Loss: 0.0016 | Test Acc: 86.85%
2026-02-05 04:19:07 KST | INFO |   No improvement (4/30)
2026-02-05 04:19:07 KST | INFO | 
2026-02-05 04:19:07 KST | INFO | Epoch 50/200 | LR: 0.085906
2026-02-05 04:19:24 KST | INFO |   Train Loss: 0.2876 | Test Loss: 0.0015 | Test Acc: 87.45%
2026-02-05 04:19:24 KST | INFO |   No improvement (5/30)
2026-02-05 04:19:24 KST | INFO | 
2026-02-05 04:19:24 KST | INFO | Epoch 51/200 | LR: 0.085355
2026-02-05 04:19:41 KST | INFO |   Train Loss: 0.2848 | Test Loss: 0.0015 | Test Acc: 87.56%
2026-02-05 04:19:41 KST | INFO |   No improvement (6/30)
2026-02-05 04:19:41 KST | INFO | 
2026-02-05 04:19:41 KST | INFO | Epoch 52/200 | LR: 0.084796
2026-02-05 04:19:58 KST | INFO |   Train Loss: 0.2812 | Test Loss: 0.0014 | Test Acc: 87.99%
2026-02-05 04:19:58 KST | INFO |   No improvement (7/30)
2026-02-05 04:19:58 KST | INFO | 
2026-02-05 04:19:58 KST | INFO | Epoch 53/200 | LR: 0.084228
2026-02-05 04:20:15 KST | INFO |   Train Loss: 0.2823 | Test Loss: 0.0017 | Test Acc: 86.66%
2026-02-05 04:20:15 KST | INFO |   No improvement (8/30)
2026-02-05 04:20:15 KST | INFO | 
2026-02-05 04:20:15 KST | INFO | Epoch 54/200 | LR: 0.083651
2026-02-05 04:20:31 KST | INFO |   Train Loss: 0.2777 | Test Loss: 0.0016 | Test Acc: 87.70%
2026-02-05 04:20:31 KST | INFO |   No improvement (9/30)
2026-02-05 04:20:31 KST | INFO | 
2026-02-05 04:20:31 KST | INFO | Epoch 55/200 | LR: 0.083066
2026-02-05 04:20:48 KST | INFO |   Train Loss: 0.2745 | Test Loss: 0.0016 | Test Acc: 87.38%
2026-02-05 04:20:48 KST | INFO |   No improvement (10/30)
2026-02-05 04:20:48 KST | INFO | 
2026-02-05 04:20:48 KST | INFO | Epoch 56/200 | LR: 0.082473
2026-02-05 04:21:05 KST | INFO |   Train Loss: 0.2744 | Test Loss: 0.0015 | Test Acc: 87.47%
2026-02-05 04:21:05 KST | INFO |   No improvement (11/30)
2026-02-05 04:21:05 KST | INFO | 
2026-02-05 04:21:05 KST | INFO | Epoch 57/200 | LR: 0.081871
2026-02-05 04:21:22 KST | INFO |   Train Loss: 0.2700 | Test Loss: 0.0015 | Test Acc: 87.70%
2026-02-05 04:21:22 KST | INFO |   No improvement (12/30)
2026-02-05 04:21:22 KST | INFO | 
2026-02-05 04:21:22 KST | INFO | Epoch 58/200 | LR: 0.081262
2026-02-05 04:21:39 KST | INFO |   Train Loss: 0.2656 | Test Loss: 0.0014 | Test Acc: 88.44%
2026-02-05 04:21:39 KST | INFO |   🏆 New best accuracy: 88.44%
2026-02-05 04:21:39 KST | INFO | 
2026-02-05 04:21:39 KST | INFO | Epoch 59/200 | LR: 0.080646
2026-02-05 04:21:56 KST | INFO |   Train Loss: 0.2674 | Test Loss: 0.0014 | Test Acc: 88.88%
2026-02-05 04:21:56 KST | INFO |   🏆 New best accuracy: 88.88%
2026-02-05 04:21:56 KST | INFO | 
2026-02-05 04:21:56 KST | INFO | Epoch 60/200 | LR: 0.080021
2026-02-05 04:22:13 KST | INFO |   Train Loss: 0.2651 | Test Loss: 0.0014 | Test Acc: 87.88%
2026-02-05 04:22:13 KST | INFO |   No improvement (1/30)
2026-02-05 04:22:13 KST | INFO | 
2026-02-05 04:22:13 KST | INFO | Epoch 61/200 | LR: 0.079389
2026-02-05 04:22:30 KST | INFO |   Train Loss: 0.2588 | Test Loss: 0.0016 | Test Acc: 87.10%
2026-02-05 04:22:30 KST | INFO |   No improvement (2/30)
2026-02-05 04:22:30 KST | INFO | 
2026-02-05 04:22:30 KST | INFO | Epoch 62/200 | LR: 0.078750
2026-02-05 04:22:47 KST | INFO |   Train Loss: 0.2576 | Test Loss: 0.0014 | Test Acc: 88.89%
2026-02-05 04:22:47 KST | INFO |   🏆 New best accuracy: 88.89%
2026-02-05 04:22:47 KST | INFO | 
2026-02-05 04:22:47 KST | INFO | Epoch 63/200 | LR: 0.078104
2026-02-05 04:23:04 KST | INFO |   Train Loss: 0.2540 | Test Loss: 0.0013 | Test Acc: 88.94%
2026-02-05 04:23:04 KST | INFO |   🏆 New best accuracy: 88.94%
2026-02-05 04:23:04 KST | INFO | 
2026-02-05 04:23:04 KST | INFO | Epoch 64/200 | LR: 0.077451
2026-02-05 04:23:21 KST | INFO |   Train Loss: 0.2558 | Test Loss: 0.0014 | Test Acc: 88.64%
2026-02-05 04:23:21 KST | INFO |   No improvement (1/30)
2026-02-05 04:23:21 KST | INFO | 
2026-02-05 04:23:21 KST | INFO | Epoch 65/200 | LR: 0.076792
2026-02-05 04:23:38 KST | INFO |   Train Loss: 0.2545 | Test Loss: 0.0015 | Test Acc: 87.75%
2026-02-05 04:23:38 KST | INFO |   No improvement (2/30)
2026-02-05 04:23:38 KST | INFO | 
2026-02-05 04:23:38 KST | INFO | Epoch 66/200 | LR: 0.076125
2026-02-05 04:23:55 KST | INFO |   Train Loss: 0.2543 | Test Loss: 0.0015 | Test Acc: 87.70%
2026-02-05 04:23:55 KST | INFO |   No improvement (3/30)
2026-02-05 04:23:55 KST | INFO | 
2026-02-05 04:23:55 KST | INFO | Epoch 67/200 | LR: 0.075452
2026-02-05 04:24:12 KST | INFO |   Train Loss: 0.2458 | Test Loss: 0.0020 | Test Acc: 84.92%
2026-02-05 04:24:12 KST | INFO |   No improvement (4/30)
2026-02-05 04:24:12 KST | INFO | 
2026-02-05 04:24:12 KST | INFO | Epoch 68/200 | LR: 0.074773
2026-02-05 04:24:28 KST | INFO |   Train Loss: 0.2425 | Test Loss: 0.0014 | Test Acc: 88.75%
2026-02-05 04:24:28 KST | INFO |   No improvement (5/30)
2026-02-05 04:24:28 KST | INFO | 
2026-02-05 04:24:28 KST | INFO | Epoch 69/200 | LR: 0.074088
2026-02-05 04:24:45 KST | INFO |   Train Loss: 0.2408 | Test Loss: 0.0016 | Test Acc: 87.53%
2026-02-05 04:24:45 KST | INFO |   No improvement (6/30)
2026-02-05 04:24:45 KST | INFO | 
2026-02-05 04:24:45 KST | INFO | Epoch 70/200 | LR: 0.073397
2026-02-05 04:25:02 KST | INFO |   Train Loss: 0.2363 | Test Loss: 0.0013 | Test Acc: 89.46%
2026-02-05 04:25:02 KST | INFO |   🏆 New best accuracy: 89.46%
2026-02-05 04:25:02 KST | INFO | 
2026-02-05 04:25:02 KST | INFO | Epoch 71/200 | LR: 0.072700
2026-02-05 04:25:19 KST | INFO |   Train Loss: 0.2354 | Test Loss: 0.0015 | Test Acc: 88.33%
2026-02-05 04:25:19 KST | INFO |   No improvement (1/30)
2026-02-05 04:25:19 KST | INFO | 
2026-02-05 04:25:19 KST | INFO | Epoch 72/200 | LR: 0.071997
2026-02-05 04:25:36 KST | INFO |   Train Loss: 0.2373 | Test Loss: 0.0016 | Test Acc: 87.10%
2026-02-05 04:25:36 KST | INFO |   No improvement (2/30)
2026-02-05 04:25:36 KST | INFO | 
2026-02-05 04:25:36 KST | INFO | Epoch 73/200 | LR: 0.071289
2026-02-05 04:25:53 KST | INFO |   Train Loss: 0.2299 | Test Loss: 0.0014 | Test Acc: 89.15%
2026-02-05 04:25:53 KST | INFO |   No improvement (3/30)
2026-02-05 04:25:53 KST | INFO | 
2026-02-05 04:25:53 KST | INFO | Epoch 74/200 | LR: 0.070576
2026-02-05 04:26:10 KST | INFO |   Train Loss: 0.2339 | Test Loss: 0.0013 | Test Acc: 89.62%
2026-02-05 04:26:10 KST | INFO |   🏆 New best accuracy: 89.62%
2026-02-05 04:26:10 KST | INFO | 
2026-02-05 04:26:10 KST | INFO | Epoch 75/200 | LR: 0.069858
2026-02-05 04:26:27 KST | INFO |   Train Loss: 0.2236 | Test Loss: 0.0014 | Test Acc: 88.79%
2026-02-05 04:26:27 KST | INFO |   No improvement (1/30)
2026-02-05 04:26:27 KST | INFO | 
2026-02-05 04:26:27 KST | INFO | Epoch 76/200 | LR: 0.069134
2026-02-05 04:26:44 KST | INFO |   Train Loss: 0.2260 | Test Loss: 0.0013 | Test Acc: 89.41%
2026-02-05 04:26:44 KST | INFO |   No improvement (2/30)
2026-02-05 04:26:44 KST | INFO | 
2026-02-05 04:26:44 KST | INFO | Epoch 77/200 | LR: 0.068407
2026-02-05 04:27:01 KST | INFO |   Train Loss: 0.2286 | Test Loss: 0.0015 | Test Acc: 88.01%
2026-02-05 04:27:01 KST | INFO |   No improvement (3/30)
2026-02-05 04:27:01 KST | INFO | 
2026-02-05 04:27:01 KST | INFO | Epoch 78/200 | LR: 0.067674
2026-02-05 04:27:18 KST | INFO |   Train Loss: 0.2208 | Test Loss: 0.0015 | Test Acc: 88.58%
2026-02-05 04:27:18 KST | INFO |   No improvement (4/30)
2026-02-05 04:27:18 KST | INFO | 
2026-02-05 04:27:18 KST | INFO | Epoch 79/200 | LR: 0.066937
2026-02-05 04:27:34 KST | INFO |   Train Loss: 0.2210 | Test Loss: 0.0013 | Test Acc: 89.35%
2026-02-05 04:27:34 KST | INFO |   No improvement (5/30)
2026-02-05 04:27:34 KST | INFO | 
2026-02-05 04:27:34 KST | INFO | Epoch 80/200 | LR: 0.066196
2026-02-05 04:27:51 KST | INFO |   Train Loss: 0.2172 | Test Loss: 0.0018 | Test Acc: 86.49%
2026-02-05 04:27:51 KST | INFO |   No improvement (6/30)
2026-02-05 04:27:51 KST | INFO | 
2026-02-05 04:27:51 KST | INFO | Epoch 81/200 | LR: 0.065451
2026-02-05 04:28:09 KST | INFO |   Train Loss: 0.2120 | Test Loss: 0.0019 | Test Acc: 85.90%
2026-02-05 04:28:09 KST | INFO |   No improvement (7/30)
2026-02-05 04:28:09 KST | INFO | 
2026-02-05 04:28:09 KST | INFO | Epoch 82/200 | LR: 0.064702
2026-02-05 04:28:25 KST | INFO |   Train Loss: 0.2121 | Test Loss: 0.0016 | Test Acc: 87.35%
2026-02-05 04:28:25 KST | INFO |   No improvement (8/30)
2026-02-05 04:28:25 KST | INFO | 
2026-02-05 04:28:25 KST | INFO | Epoch 83/200 | LR: 0.063950
2026-02-05 04:28:42 KST | INFO |   Train Loss: 0.2068 | Test Loss: 0.0017 | Test Acc: 87.40%
2026-02-05 04:28:42 KST | INFO |   No improvement (9/30)
2026-02-05 04:28:42 KST | INFO | 
2026-02-05 04:28:42 KST | INFO | Epoch 84/200 | LR: 0.063194
2026-02-05 04:28:59 KST | INFO |   Train Loss: 0.2065 | Test Loss: 0.0015 | Test Acc: 88.35%
2026-02-05 04:28:59 KST | INFO |   No improvement (10/30)
2026-02-05 04:28:59 KST | INFO | 
2026-02-05 04:28:59 KST | INFO | Epoch 85/200 | LR: 0.062435
2026-02-05 04:29:16 KST | INFO |   Train Loss: 0.2031 | Test Loss: 0.0013 | Test Acc: 89.67%
2026-02-05 04:29:16 KST | INFO |   🏆 New best accuracy: 89.67%
2026-02-05 04:29:16 KST | INFO | 
2026-02-05 04:29:16 KST | INFO | Epoch 86/200 | LR: 0.061673
2026-02-05 04:29:32 KST | INFO |   Train Loss: 0.2034 | Test Loss: 0.0013 | Test Acc: 89.41%
2026-02-05 04:29:32 KST | INFO |   No improvement (1/30)
2026-02-05 04:29:32 KST | INFO | 
2026-02-05 04:29:32 KST | INFO | Epoch 87/200 | LR: 0.060908
2026-02-05 04:29:49 KST | INFO |   Train Loss: 0.2025 | Test Loss: 0.0014 | Test Acc: 89.39%
2026-02-05 04:29:49 KST | INFO |   No improvement (2/30)
2026-02-05 04:29:49 KST | INFO | 
2026-02-05 04:29:49 KST | INFO | Epoch 88/200 | LR: 0.060140
2026-02-05 04:30:06 KST | INFO |   Train Loss: 0.1961 | Test Loss: 0.0013 | Test Acc: 89.74%
2026-02-05 04:30:06 KST | INFO |   🏆 New best accuracy: 89.74%
2026-02-05 04:30:06 KST | INFO | 
2026-02-05 04:30:06 KST | INFO | Epoch 89/200 | LR: 0.059369
2026-02-05 04:30:23 KST | INFO |   Train Loss: 0.1979 | Test Loss: 0.0014 | Test Acc: 89.33%
2026-02-05 04:30:23 KST | INFO |   No improvement (1/30)
2026-02-05 04:30:23 KST | INFO | 
2026-02-05 04:30:23 KST | INFO | Epoch 90/200 | LR: 0.058597
2026-02-05 04:30:40 KST | INFO |   Train Loss: 0.1924 | Test Loss: 0.0014 | Test Acc: 88.65%
2026-02-05 04:30:40 KST | INFO |   No improvement (2/30)
2026-02-05 04:30:40 KST | INFO | 
2026-02-05 04:30:40 KST | INFO | Epoch 91/200 | LR: 0.057822
2026-02-05 04:30:57 KST | INFO |   Train Loss: 0.1894 | Test Loss: 0.0014 | Test Acc: 88.86%
2026-02-05 04:30:57 KST | INFO |   No improvement (3/30)
2026-02-05 04:30:57 KST | INFO | 
2026-02-05 04:30:57 KST | INFO | Epoch 92/200 | LR: 0.057045
2026-02-05 04:31:14 KST | INFO |   Train Loss: 0.1895 | Test Loss: 0.0014 | Test Acc: 89.44%
2026-02-05 04:31:14 KST | INFO |   No improvement (4/30)
2026-02-05 04:31:14 KST | INFO | 
2026-02-05 04:31:14 KST | INFO | Epoch 93/200 | LR: 0.056267
2026-02-05 04:31:31 KST | INFO |   Train Loss: 0.1849 | Test Loss: 0.0014 | Test Acc: 89.05%
2026-02-05 04:31:31 KST | INFO |   No improvement (5/30)
2026-02-05 04:31:31 KST | INFO | 
2026-02-05 04:31:31 KST | INFO | Epoch 94/200 | LR: 0.055487
2026-02-05 04:31:47 KST | INFO |   Train Loss: 0.1826 | Test Loss: 0.0015 | Test Acc: 88.53%
2026-02-05 04:31:47 KST | INFO |   No improvement (6/30)
2026-02-05 04:31:47 KST | INFO | 
2026-02-05 04:31:47 KST | INFO | Epoch 95/200 | LR: 0.054706
2026-02-05 04:32:04 KST | INFO |   Train Loss: 0.1823 | Test Loss: 0.0014 | Test Acc: 89.53%
2026-02-05 04:32:04 KST | INFO |   No improvement (7/30)
2026-02-05 04:32:04 KST | INFO | 
2026-02-05 04:32:04 KST | INFO | Epoch 96/200 | LR: 0.053923
2026-02-05 04:32:21 KST | INFO |   Train Loss: 0.1777 | Test Loss: 0.0013 | Test Acc: 89.71%
2026-02-05 04:32:21 KST | INFO |   No improvement (8/30)
2026-02-05 04:32:21 KST | INFO | 
2026-02-05 04:32:21 KST | INFO | Epoch 97/200 | LR: 0.053140
2026-02-05 04:32:39 KST | INFO |   Train Loss: 0.1735 | Test Loss: 0.0014 | Test Acc: 89.38%
2026-02-05 04:32:39 KST | INFO |   No improvement (9/30)
2026-02-05 04:32:39 KST | INFO | 
2026-02-05 04:32:39 KST | INFO | Epoch 98/200 | LR: 0.052356
2026-02-05 04:32:55 KST | INFO |   Train Loss: 0.1759 | Test Loss: 0.0014 | Test Acc: 89.22%
2026-02-05 04:32:55 KST | INFO |   No improvement (10/30)
2026-02-05 04:32:55 KST | INFO | 
2026-02-05 04:32:55 KST | INFO | Epoch 99/200 | LR: 0.051571
2026-02-05 04:33:12 KST | INFO |   Train Loss: 0.1718 | Test Loss: 0.0014 | Test Acc: 88.66%
2026-02-05 04:33:12 KST | INFO |   No improvement (11/30)
2026-02-05 04:33:12 KST | INFO | 
2026-02-05 04:33:12 KST | INFO | Epoch 100/200 | LR: 0.050786
2026-02-05 04:33:29 KST | INFO |   Train Loss: 0.1673 | Test Loss: 0.0012 | Test Acc: 90.05%
2026-02-05 04:33:29 KST | INFO |   🏆 New best accuracy: 90.05%
2026-02-05 04:33:29 KST | INFO | 
2026-02-05 04:33:29 KST | INFO | Epoch 101/200 | LR: 0.050001
2026-02-05 04:33:47 KST | INFO |   Train Loss: 0.1685 | Test Loss: 0.0014 | Test Acc: 89.67%
2026-02-05 04:33:47 KST | INFO |   No improvement (1/30)
2026-02-05 04:33:47 KST | INFO | 
2026-02-05 04:33:47 KST | INFO | Epoch 102/200 | LR: 0.049215
2026-02-05 04:34:03 KST | INFO |   Train Loss: 0.1601 | Test Loss: 0.0014 | Test Acc: 89.21%
2026-02-05 04:34:03 KST | INFO |   No improvement (2/30)
2026-02-05 04:34:03 KST | INFO | 
2026-02-05 04:34:03 KST | INFO | Epoch 103/200 | LR: 0.048430
2026-02-05 04:34:20 KST | INFO |   Train Loss: 0.1599 | Test Loss: 0.0013 | Test Acc: 89.35%
2026-02-05 04:34:20 KST | INFO |   No improvement (3/30)
2026-02-05 04:34:20 KST | INFO | 
2026-02-05 04:34:20 KST | INFO | Epoch 104/200 | LR: 0.047645
2026-02-05 04:34:37 KST | INFO |   Train Loss: 0.1583 | Test Loss: 0.0015 | Test Acc: 89.00%
2026-02-05 04:34:37 KST | INFO |   No improvement (4/30)
2026-02-05 04:34:37 KST | INFO | 
2026-02-05 04:34:37 KST | INFO | Epoch 105/200 | LR: 0.046861
2026-02-05 04:34:54 KST | INFO |   Train Loss: 0.1561 | Test Loss: 0.0013 | Test Acc: 89.81%
2026-02-05 04:34:54 KST | INFO |   No improvement (5/30)
2026-02-05 04:34:54 KST | INFO | 
2026-02-05 04:34:54 KST | INFO | Epoch 106/200 | LR: 0.046078
2026-02-05 04:35:11 KST | INFO |   Train Loss: 0.1520 | Test Loss: 0.0015 | Test Acc: 89.65%
2026-02-05 04:35:11 KST | INFO |   No improvement (6/30)
2026-02-05 04:35:11 KST | INFO | 
2026-02-05 04:35:11 KST | INFO | Epoch 107/200 | LR: 0.045295
2026-02-05 04:35:27 KST | INFO |   Train Loss: 0.1546 | Test Loss: 0.0015 | Test Acc: 88.89%
2026-02-05 04:35:27 KST | INFO |   No improvement (7/30)
2026-02-05 04:35:27 KST | INFO | 
2026-02-05 04:35:27 KST | INFO | Epoch 108/200 | LR: 0.044514
2026-02-05 04:35:44 KST | INFO |   Train Loss: 0.1473 | Test Loss: 0.0015 | Test Acc: 89.00%
2026-02-05 04:35:44 KST | INFO |   No improvement (8/30)
2026-02-05 04:35:44 KST | INFO | 
2026-02-05 04:35:44 KST | INFO | Epoch 109/200 | LR: 0.043734
2026-02-05 04:36:01 KST | INFO |   Train Loss: 0.1478 | Test Loss: 0.0015 | Test Acc: 89.19%
2026-02-05 04:36:01 KST | INFO |   No improvement (9/30)
2026-02-05 04:36:01 KST | INFO | 
2026-02-05 04:36:01 KST | INFO | Epoch 110/200 | LR: 0.042956
2026-02-05 04:36:18 KST | INFO |   Train Loss: 0.1461 | Test Loss: 0.0012 | Test Acc: 90.86%
2026-02-05 04:36:18 KST | INFO |   🏆 New best accuracy: 90.86%
2026-02-05 04:36:18 KST | INFO | 
2026-02-05 04:36:18 KST | INFO | Epoch 111/200 | LR: 0.042179
2026-02-05 04:36:34 KST | INFO |   Train Loss: 0.1418 | Test Loss: 0.0014 | Test Acc: 89.66%
2026-02-05 04:36:34 KST | INFO |   No improvement (1/30)
2026-02-05 04:36:34 KST | INFO | 
2026-02-05 04:36:34 KST | INFO | Epoch 112/200 | LR: 0.041404
2026-02-05 04:36:51 KST | INFO |   Train Loss: 0.1398 | Test Loss: 0.0015 | Test Acc: 89.00%
2026-02-05 04:36:51 KST | INFO |   No improvement (2/30)
2026-02-05 04:36:51 KST | INFO | 
2026-02-05 04:36:51 KST | INFO | Epoch 113/200 | LR: 0.040632
2026-02-05 04:37:08 KST | INFO |   Train Loss: 0.1370 | Test Loss: 0.0016 | Test Acc: 88.38%
2026-02-05 04:37:08 KST | INFO |   No improvement (3/30)
2026-02-05 04:37:08 KST | INFO | 
2026-02-05 04:37:08 KST | INFO | Epoch 114/200 | LR: 0.039861
2026-02-05 04:37:25 KST | INFO |   Train Loss: 0.1364 | Test Loss: 0.0014 | Test Acc: 89.47%
2026-02-05 04:37:25 KST | INFO |   No improvement (4/30)
2026-02-05 04:37:25 KST | INFO | 
2026-02-05 04:37:25 KST | INFO | Epoch 115/200 | LR: 0.039093
2026-02-05 04:37:42 KST | INFO |   Train Loss: 0.1301 | Test Loss: 0.0015 | Test Acc: 88.61%
2026-02-05 04:37:42 KST | INFO |   No improvement (5/30)
2026-02-05 04:37:42 KST | INFO | 
2026-02-05 04:37:42 KST | INFO | Epoch 116/200 | LR: 0.038328
2026-02-05 04:37:59 KST | INFO |   Train Loss: 0.1306 | Test Loss: 0.0013 | Test Acc: 90.60%
2026-02-05 04:37:59 KST | INFO |   No improvement (6/30)
2026-02-05 04:37:59 KST | INFO | 
2026-02-05 04:37:59 KST | INFO | Epoch 117/200 | LR: 0.037566
2026-02-05 04:38:16 KST | INFO |   Train Loss: 0.1260 | Test Loss: 0.0012 | Test Acc: 90.47%
2026-02-05 04:38:16 KST | INFO |   No improvement (7/30)
2026-02-05 04:38:16 KST | INFO | 
2026-02-05 04:38:16 KST | INFO | Epoch 118/200 | LR: 0.036807
2026-02-05 04:38:32 KST | INFO |   Train Loss: 0.1232 | Test Loss: 0.0015 | Test Acc: 88.99%
2026-02-05 04:38:32 KST | INFO |   No improvement (8/30)
2026-02-05 04:38:32 KST | INFO | 
2026-02-05 04:38:32 KST | INFO | Epoch 119/200 | LR: 0.036051
2026-02-05 04:38:49 KST | INFO |   Train Loss: 0.1239 | Test Loss: 0.0013 | Test Acc: 90.28%
2026-02-05 04:38:49 KST | INFO |   No improvement (9/30)
2026-02-05 04:38:49 KST | INFO | 
2026-02-05 04:38:49 KST | INFO | Epoch 120/200 | LR: 0.035299
2026-02-05 04:39:06 KST | INFO |   Train Loss: 0.1207 | Test Loss: 0.0013 | Test Acc: 90.10%
2026-02-05 04:39:06 KST | INFO |   No improvement (10/30)
2026-02-05 04:39:06 KST | INFO | 
2026-02-05 04:39:06 KST | INFO | Epoch 121/200 | LR: 0.034550
2026-02-05 04:39:23 KST | INFO |   Train Loss: 0.1156 | Test Loss: 0.0012 | Test Acc: 90.67%
2026-02-05 04:39:23 KST | INFO |   No improvement (11/30)
2026-02-05 04:39:23 KST | INFO | 
2026-02-05 04:39:23 KST | INFO | Epoch 122/200 | LR: 0.033805
2026-02-05 04:39:40 KST | INFO |   Train Loss: 0.1178 | Test Loss: 0.0013 | Test Acc: 90.08%
2026-02-05 04:39:40 KST | INFO |   No improvement (12/30)
2026-02-05 04:39:40 KST | INFO | 
2026-02-05 04:39:40 KST | INFO | Epoch 123/200 | LR: 0.033064
2026-02-05 04:39:56 KST | INFO |   Train Loss: 0.1155 | Test Loss: 0.0014 | Test Acc: 89.89%
2026-02-05 04:39:56 KST | INFO |   No improvement (13/30)
2026-02-05 04:39:56 KST | INFO | 
2026-02-05 04:39:56 KST | INFO | Epoch 124/200 | LR: 0.032327
2026-02-05 04:40:13 KST | INFO |   Train Loss: 0.1127 | Test Loss: 0.0013 | Test Acc: 89.94%
2026-02-05 04:40:13 KST | INFO |   No improvement (14/30)
2026-02-05 04:40:13 KST | INFO | 
2026-02-05 04:40:13 KST | INFO | Epoch 125/200 | LR: 0.031594
2026-02-05 04:40:30 KST | INFO |   Train Loss: 0.1080 | Test Loss: 0.0016 | Test Acc: 88.69%
2026-02-05 04:40:30 KST | INFO |   No improvement (15/30)
2026-02-05 04:40:30 KST | INFO | 
2026-02-05 04:40:30 KST | INFO | Epoch 126/200 | LR: 0.030867
2026-02-05 04:40:47 KST | INFO |   Train Loss: 0.1057 | Test Loss: 0.0013 | Test Acc: 90.42%
2026-02-05 04:40:47 KST | INFO |   No improvement (16/30)
2026-02-05 04:40:47 KST | INFO | 
2026-02-05 04:40:47 KST | INFO | Epoch 127/200 | LR: 0.030143
2026-02-05 04:41:04 KST | INFO |   Train Loss: 0.1025 | Test Loss: 0.0013 | Test Acc: 90.46%
2026-02-05 04:41:04 KST | INFO |   No improvement (17/30)
2026-02-05 04:41:04 KST | INFO | 
2026-02-05 04:41:04 KST | INFO | Epoch 128/200 | LR: 0.029425
2026-02-05 04:41:20 KST | INFO |   Train Loss: 0.1030 | Test Loss: 0.0012 | Test Acc: 91.00%
2026-02-05 04:41:20 KST | INFO |   🏆 New best accuracy: 91.00%
2026-02-05 04:41:20 KST | INFO | 
2026-02-05 04:41:20 KST | INFO | Epoch 129/200 | LR: 0.028712
2026-02-05 04:41:37 KST | INFO |   Train Loss: 0.0979 | Test Loss: 0.0014 | Test Acc: 90.20%
2026-02-05 04:41:37 KST | INFO |   No improvement (1/30)
2026-02-05 04:41:37 KST | INFO | 
2026-02-05 04:41:37 KST | INFO | Epoch 130/200 | LR: 0.028004
2026-02-05 04:41:54 KST | INFO |   Train Loss: 0.0975 | Test Loss: 0.0015 | Test Acc: 89.88%
2026-02-05 04:41:54 KST | INFO |   No improvement (2/30)
2026-02-05 04:41:54 KST | INFO | 
2026-02-05 04:41:54 KST | INFO | Epoch 131/200 | LR: 0.027301
2026-02-05 04:42:11 KST | INFO |   Train Loss: 0.0932 | Test Loss: 0.0013 | Test Acc: 90.89%
2026-02-05 04:42:11 KST | INFO |   No improvement (3/30)
2026-02-05 04:42:11 KST | INFO | 
2026-02-05 04:42:11 KST | INFO | Epoch 132/200 | LR: 0.026604
2026-02-05 04:42:28 KST | INFO |   Train Loss: 0.0936 | Test Loss: 0.0012 | Test Acc: 91.12%
2026-02-05 04:42:28 KST | INFO |   🏆 New best accuracy: 91.12%
2026-02-05 04:42:28 KST | INFO | 
2026-02-05 04:42:28 KST | INFO | Epoch 133/200 | LR: 0.025913
2026-02-05 04:42:45 KST | INFO |   Train Loss: 0.0901 | Test Loss: 0.0013 | Test Acc: 90.40%
2026-02-05 04:42:45 KST | INFO |   No improvement (1/30)
2026-02-05 04:42:45 KST | INFO | 
2026-02-05 04:42:45 KST | INFO | Epoch 134/200 | LR: 0.025228
2026-02-05 04:43:02 KST | INFO |   Train Loss: 0.0881 | Test Loss: 0.0012 | Test Acc: 91.03%
2026-02-05 04:43:02 KST | INFO |   No improvement (2/30)
2026-02-05 04:43:02 KST | INFO | 
2026-02-05 04:43:02 KST | INFO | Epoch 135/200 | LR: 0.024549
2026-02-05 04:43:19 KST | INFO |   Train Loss: 0.0896 | Test Loss: 0.0013 | Test Acc: 90.51%
2026-02-05 04:43:19 KST | INFO |   No improvement (3/30)
2026-02-05 04:43:19 KST | INFO | 
2026-02-05 04:43:19 KST | INFO | Epoch 136/200 | LR: 0.023876
2026-02-05 04:43:35 KST | INFO |   Train Loss: 0.0831 | Test Loss: 0.0013 | Test Acc: 90.67%
2026-02-05 04:43:35 KST | INFO |   No improvement (4/30)
2026-02-05 04:43:35 KST | INFO | 
2026-02-05 04:43:35 KST | INFO | Epoch 137/200 | LR: 0.023209
2026-02-05 04:43:52 KST | INFO |   Train Loss: 0.0821 | Test Loss: 0.0014 | Test Acc: 90.49%
2026-02-05 04:43:52 KST | INFO |   No improvement (5/30)
2026-02-05 04:43:52 KST | INFO | 
2026-02-05 04:43:52 KST | INFO | Epoch 138/200 | LR: 0.022550
2026-02-05 04:44:09 KST | INFO |   Train Loss: 0.0785 | Test Loss: 0.0017 | Test Acc: 89.26%
2026-02-05 04:44:09 KST | INFO |   No improvement (6/30)
2026-02-05 04:44:09 KST | INFO | 
2026-02-05 04:44:09 KST | INFO | Epoch 139/200 | LR: 0.021897
2026-02-05 04:44:26 KST | INFO |   Train Loss: 0.0791 | Test Loss: 0.0014 | Test Acc: 90.62%
2026-02-05 04:44:26 KST | INFO |   No improvement (7/30)
2026-02-05 04:44:26 KST | INFO | 
2026-02-05 04:44:26 KST | INFO | Epoch 140/200 | LR: 0.021251
2026-02-05 04:44:43 KST | INFO |   Train Loss: 0.0770 | Test Loss: 0.0015 | Test Acc: 89.65%
2026-02-05 04:44:43 KST | INFO |   No improvement (8/30)
2026-02-05 04:44:43 KST | INFO | 
2026-02-05 04:44:43 KST | INFO | Epoch 141/200 | LR: 0.020612
2026-02-05 04:45:00 KST | INFO |   Train Loss: 0.0720 | Test Loss: 0.0014 | Test Acc: 90.38%
2026-02-05 04:45:00 KST | INFO |   No improvement (9/30)
2026-02-05 04:45:00 KST | INFO | 
2026-02-05 04:45:00 KST | INFO | Epoch 142/200 | LR: 0.019980
2026-02-05 04:45:17 KST | INFO |   Train Loss: 0.0727 | Test Loss: 0.0013 | Test Acc: 90.65%
2026-02-05 04:45:17 KST | INFO |   No improvement (10/30)
2026-02-05 04:45:17 KST | INFO | 
2026-02-05 04:45:17 KST | INFO | Epoch 143/200 | LR: 0.019355
2026-02-05 04:45:34 KST | INFO |   Train Loss: 0.0696 | Test Loss: 0.0012 | Test Acc: 91.17%
2026-02-05 04:45:34 KST | INFO |   🏆 New best accuracy: 91.17%
2026-02-05 04:45:34 KST | INFO | 
2026-02-05 04:45:34 KST | INFO | Epoch 144/200 | LR: 0.018739
2026-02-05 04:45:50 KST | INFO |   Train Loss: 0.0697 | Test Loss: 0.0013 | Test Acc: 90.99%
2026-02-05 04:45:50 KST | INFO |   No improvement (1/30)
2026-02-05 04:45:50 KST | INFO | 
2026-02-05 04:45:50 KST | INFO | Epoch 145/200 | LR: 0.018130
2026-02-05 04:46:07 KST | INFO |   Train Loss: 0.0667 | Test Loss: 0.0013 | Test Acc: 90.78%
2026-02-05 04:46:07 KST | INFO |   No improvement (2/30)
2026-02-05 04:46:07 KST | INFO | 
2026-02-05 04:46:07 KST | INFO | Epoch 146/200 | LR: 0.017528
2026-02-05 04:46:25 KST | INFO |   Train Loss: 0.0628 | Test Loss: 0.0014 | Test Acc: 90.78%
2026-02-05 04:46:25 KST | INFO |   No improvement (3/30)
2026-02-05 04:46:25 KST | INFO | 
2026-02-05 04:46:25 KST | INFO | Epoch 147/200 | LR: 0.016935
2026-02-05 04:46:41 KST | INFO |   Train Loss: 0.0612 | Test Loss: 0.0014 | Test Acc: 90.78%
2026-02-05 04:46:41 KST | INFO |   No improvement (4/30)
2026-02-05 04:46:41 KST | INFO | 
2026-02-05 04:46:41 KST | INFO | Epoch 148/200 | LR: 0.016350
2026-02-05 04:46:59 KST | INFO |   Train Loss: 0.0585 | Test Loss: 0.0013 | Test Acc: 91.10%
2026-02-05 04:46:59 KST | INFO |   No improvement (5/30)
2026-02-05 04:46:59 KST | INFO | 
2026-02-05 04:46:59 KST | INFO | Epoch 149/200 | LR: 0.015773
2026-02-05 04:47:15 KST | INFO |   Train Loss: 0.0618 | Test Loss: 0.0014 | Test Acc: 90.42%
2026-02-05 04:47:15 KST | INFO |   No improvement (6/30)
2026-02-05 04:47:15 KST | INFO | 
2026-02-05 04:47:15 KST | INFO | Epoch 150/200 | LR: 0.015205
2026-02-05 04:47:32 KST | INFO |   Train Loss: 0.0583 | Test Loss: 0.0013 | Test Acc: 91.34%
2026-02-05 04:47:32 KST | INFO |   🏆 New best accuracy: 91.34%
2026-02-05 04:47:32 KST | INFO | 
2026-02-05 04:47:32 KST | INFO | Epoch 151/200 | LR: 0.014646
2026-02-05 04:47:49 KST | INFO |   Train Loss: 0.0554 | Test Loss: 0.0013 | Test Acc: 91.03%
2026-02-05 04:47:49 KST | INFO |   No improvement (1/30)
2026-02-05 04:47:49 KST | INFO | 
2026-02-05 04:47:49 KST | INFO | Epoch 152/200 | LR: 0.014095
2026-02-05 04:48:06 KST | INFO |   Train Loss: 0.0538 | Test Loss: 0.0013 | Test Acc: 91.06%
2026-02-05 04:48:06 KST | INFO |   No improvement (2/30)
2026-02-05 04:48:06 KST | INFO | 
2026-02-05 04:48:06 KST | INFO | Epoch 153/200 | LR: 0.013552
2026-02-05 04:48:23 KST | INFO |   Train Loss: 0.0512 | Test Loss: 0.0014 | Test Acc: 90.76%
2026-02-05 04:48:23 KST | INFO |   No improvement (3/30)
2026-02-05 04:48:23 KST | INFO | 
2026-02-05 04:48:23 KST | INFO | Epoch 154/200 | LR: 0.013019
2026-02-05 04:48:41 KST | INFO |   Train Loss: 0.0497 | Test Loss: 0.0013 | Test Acc: 90.94%
2026-02-05 04:48:41 KST | INFO |   No improvement (4/30)
2026-02-05 04:48:41 KST | INFO | 
2026-02-05 04:48:41 KST | INFO | Epoch 155/200 | LR: 0.012495
2026-02-05 04:48:58 KST | INFO |   Train Loss: 0.0479 | Test Loss: 0.0013 | Test Acc: 90.95%
2026-02-05 04:48:58 KST | INFO |   No improvement (5/30)
2026-02-05 04:48:58 KST | INFO | 
2026-02-05 04:48:58 KST | INFO | Epoch 156/200 | LR: 0.011981
2026-02-05 04:49:15 KST | INFO |   Train Loss: 0.0472 | Test Loss: 0.0014 | Test Acc: 90.78%
2026-02-05 04:49:15 KST | INFO |   No improvement (6/30)
2026-02-05 04:49:15 KST | INFO | 
2026-02-05 04:49:15 KST | INFO | Epoch 157/200 | LR: 0.011475
2026-02-05 04:49:32 KST | INFO |   Train Loss: 0.0461 | Test Loss: 0.0013 | Test Acc: 91.01%
2026-02-05 04:49:32 KST | INFO |   No improvement (7/30)
2026-02-05 04:49:32 KST | INFO | 
2026-02-05 04:49:32 KST | INFO | Epoch 158/200 | LR: 0.010979
2026-02-05 04:49:49 KST | INFO |   Train Loss: 0.0438 | Test Loss: 0.0013 | Test Acc: 91.17%
2026-02-05 04:49:49 KST | INFO |   No improvement (8/30)
2026-02-05 04:49:49 KST | INFO | 
2026-02-05 04:49:49 KST | INFO | Epoch 159/200 | LR: 0.010493
2026-02-05 04:50:06 KST | INFO |   Train Loss: 0.0429 | Test Loss: 0.0013 | Test Acc: 91.25%
2026-02-05 04:50:06 KST | INFO |   No improvement (9/30)
2026-02-05 04:50:06 KST | INFO | 
2026-02-05 04:50:06 KST | INFO | Epoch 160/200 | LR: 0.010017
2026-02-05 04:50:23 KST | INFO |   Train Loss: 0.0410 | Test Loss: 0.0013 | Test Acc: 91.29%
2026-02-05 04:50:23 KST | INFO |   No improvement (10/30)
2026-02-05 04:50:23 KST | INFO | 
2026-02-05 04:50:23 KST | INFO | Epoch 161/200 | LR: 0.009550
2026-02-05 04:50:40 KST | INFO |   Train Loss: 0.0388 | Test Loss: 0.0012 | Test Acc: 91.53%
2026-02-05 04:50:40 KST | INFO |   🏆 New best accuracy: 91.53%
2026-02-05 04:50:40 KST | INFO | 
2026-02-05 04:50:40 KST | INFO | Epoch 162/200 | LR: 0.009093
2026-02-05 04:50:57 KST | INFO |   Train Loss: 0.0392 | Test Loss: 0.0014 | Test Acc: 90.67%
2026-02-05 04:50:57 KST | INFO |   No improvement (1/30)
2026-02-05 04:50:57 KST | INFO | 
2026-02-05 04:50:57 KST | INFO | Epoch 163/200 | LR: 0.008647
2026-02-05 04:51:14 KST | INFO |   Train Loss: 0.0350 | Test Loss: 0.0013 | Test Acc: 91.29%
2026-02-05 04:51:14 KST | INFO |   No improvement (2/30)
2026-02-05 04:51:14 KST | INFO | 
2026-02-05 04:51:14 KST | INFO | Epoch 164/200 | LR: 0.008211
2026-02-05 04:51:31 KST | INFO |   Train Loss: 0.0353 | Test Loss: 0.0013 | Test Acc: 91.62%
2026-02-05 04:51:31 KST | INFO |   🏆 New best accuracy: 91.62%
2026-02-05 04:51:31 KST | INFO | 
2026-02-05 04:51:31 KST | INFO | Epoch 165/200 | LR: 0.007785
2026-02-05 04:51:48 KST | INFO |   Train Loss: 0.0324 | Test Loss: 0.0014 | Test Acc: 91.30%
2026-02-05 04:51:48 KST | INFO |   No improvement (1/30)
2026-02-05 04:51:48 KST | INFO | 
2026-02-05 04:51:48 KST | INFO | Epoch 166/200 | LR: 0.007369
2026-02-05 04:52:05 KST | INFO |   Train Loss: 0.0326 | Test Loss: 0.0013 | Test Acc: 91.12%
2026-02-05 04:52:05 KST | INFO |   No improvement (2/30)
2026-02-05 04:52:05 KST | INFO | 
2026-02-05 04:52:05 KST | INFO | Epoch 167/200 | LR: 0.006964
2026-02-05 04:52:22 KST | INFO |   Train Loss: 0.0308 | Test Loss: 0.0015 | Test Acc: 90.72%
2026-02-05 04:52:22 KST | INFO |   No improvement (3/30)
2026-02-05 04:52:22 KST | INFO | 
2026-02-05 04:52:22 KST | INFO | Epoch 168/200 | LR: 0.006569
2026-02-05 04:52:39 KST | INFO |   Train Loss: 0.0303 | Test Loss: 0.0014 | Test Acc: 91.50%
2026-02-05 04:52:39 KST | INFO |   No improvement (4/30)
2026-02-05 04:52:39 KST | INFO | 
2026-02-05 04:52:39 KST | INFO | Epoch 169/200 | LR: 0.006186
2026-02-05 04:52:56 KST | INFO |   Train Loss: 0.0293 | Test Loss: 0.0014 | Test Acc: 91.21%
2026-02-05 04:52:56 KST | INFO |   No improvement (5/30)
2026-02-05 04:52:56 KST | INFO | 
2026-02-05 04:52:56 KST | INFO | Epoch 170/200 | LR: 0.005813
2026-02-05 04:53:13 KST | INFO |   Train Loss: 0.0267 | Test Loss: 0.0014 | Test Acc: 91.21%
2026-02-05 04:53:13 KST | INFO |   No improvement (6/30)
2026-02-05 04:53:13 KST | INFO | 
2026-02-05 04:53:13 KST | INFO | Epoch 171/200 | LR: 0.005451
2026-02-05 04:53:30 KST | INFO |   Train Loss: 0.0260 | Test Loss: 0.0013 | Test Acc: 91.67%
2026-02-05 04:53:30 KST | INFO |   🏆 New best accuracy: 91.67%
2026-02-05 04:53:30 KST | INFO | 
2026-02-05 04:53:30 KST | INFO | Epoch 172/200 | LR: 0.005100
2026-02-05 04:53:47 KST | INFO |   Train Loss: 0.0248 | Test Loss: 0.0013 | Test Acc: 91.35%
2026-02-05 04:53:47 KST | INFO |   No improvement (1/30)
2026-02-05 04:53:47 KST | INFO | 
2026-02-05 04:53:47 KST | INFO | Epoch 173/200 | LR: 0.004760
2026-02-05 04:54:04 KST | INFO |   Train Loss: 0.0232 | Test Loss: 0.0013 | Test Acc: 91.47%
2026-02-05 04:54:04 KST | INFO |   No improvement (2/30)
2026-02-05 04:54:04 KST | INFO | 
2026-02-05 04:54:04 KST | INFO | Epoch 174/200 | LR: 0.004431
2026-02-05 04:54:21 KST | INFO |   Train Loss: 0.0231 | Test Loss: 0.0015 | Test Acc: 90.88%
2026-02-05 04:54:21 KST | INFO |   No improvement (3/30)
2026-02-05 04:54:21 KST | INFO | 
2026-02-05 04:54:21 KST | INFO | Epoch 175/200 | LR: 0.004113
2026-02-05 04:54:38 KST | INFO |   Train Loss: 0.0216 | Test Loss: 0.0014 | Test Acc: 91.40%
2026-02-05 04:54:38 KST | INFO |   No improvement (4/30)
2026-02-05 04:54:38 KST | INFO | 
2026-02-05 04:54:38 KST | INFO | Epoch 176/200 | LR: 0.003807
2026-02-05 04:54:55 KST | INFO |   Train Loss: 0.0223 | Test Loss: 0.0013 | Test Acc: 91.30%
2026-02-05 04:54:55 KST | INFO |   No improvement (5/30)
2026-02-05 04:54:55 KST | INFO | 
2026-02-05 04:54:55 KST | INFO | Epoch 177/200 | LR: 0.003512
2026-02-05 04:55:12 KST | INFO |   Train Loss: 0.0212 | Test Loss: 0.0013 | Test Acc: 91.54%
2026-02-05 04:55:12 KST | INFO |   No improvement (6/30)
2026-02-05 04:55:12 KST | INFO | 
2026-02-05 04:55:12 KST | INFO | Epoch 178/200 | LR: 0.003229
2026-02-05 04:55:29 KST | INFO |   Train Loss: 0.0189 | Test Loss: 0.0014 | Test Acc: 91.16%
2026-02-05 04:55:29 KST | INFO |   No improvement (7/30)
2026-02-05 04:55:29 KST | INFO | 
2026-02-05 04:55:29 KST | INFO | Epoch 179/200 | LR: 0.002957
2026-02-05 04:55:47 KST | INFO |   Train Loss: 0.0195 | Test Loss: 0.0014 | Test Acc: 91.49%
2026-02-05 04:55:47 KST | INFO |   No improvement (8/30)
2026-02-05 04:55:47 KST | INFO | 
2026-02-05 04:55:47 KST | INFO | Epoch 180/200 | LR: 0.002697
2026-02-05 04:56:04 KST | INFO |   Train Loss: 0.0193 | Test Loss: 0.0013 | Test Acc: 91.42%
2026-02-05 04:56:04 KST | INFO |   No improvement (9/30)
2026-02-05 04:56:04 KST | INFO | 
2026-02-05 04:56:04 KST | INFO | Epoch 181/200 | LR: 0.002448
2026-02-05 04:56:21 KST | INFO |   Train Loss: 0.0184 | Test Loss: 0.0014 | Test Acc: 91.25%
2026-02-05 04:56:21 KST | INFO |   No improvement (10/30)
2026-02-05 04:56:21 KST | INFO | 
2026-02-05 04:56:21 KST | INFO | Epoch 182/200 | LR: 0.002211
2026-02-05 04:56:37 KST | INFO |   Train Loss: 0.0181 | Test Loss: 0.0014 | Test Acc: 91.70%
2026-02-05 04:56:37 KST | INFO |   🏆 New best accuracy: 91.70%
2026-02-05 04:56:37 KST | INFO | 
2026-02-05 04:56:37 KST | INFO | Epoch 183/200 | LR: 0.001986
2026-02-05 04:56:54 KST | INFO |   Train Loss: 0.0167 | Test Loss: 0.0014 | Test Acc: 91.55%
2026-02-05 04:56:54 KST | INFO |   No improvement (1/30)
2026-02-05 04:56:54 KST | INFO | 
2026-02-05 04:56:54 KST | INFO | Epoch 184/200 | LR: 0.001773
2026-02-05 04:57:11 KST | INFO |   Train Loss: 0.0166 | Test Loss: 0.0014 | Test Acc: 91.47%
2026-02-05 04:57:11 KST | INFO |   No improvement (2/30)
2026-02-05 04:57:11 KST | INFO | 
2026-02-05 04:57:11 KST | INFO | Epoch 185/200 | LR: 0.001572
2026-02-05 04:57:28 KST | INFO |   Train Loss: 0.0151 | Test Loss: 0.0014 | Test Acc: 91.44%
2026-02-05 04:57:28 KST | INFO |   No improvement (3/30)
2026-02-05 04:57:28 KST | INFO | 
2026-02-05 04:57:28 KST | INFO | Epoch 186/200 | LR: 0.001382
2026-02-05 04:57:45 KST | INFO |   Train Loss: 0.0158 | Test Loss: 0.0014 | Test Acc: 91.35%
2026-02-05 04:57:45 KST | INFO |   No improvement (4/30)
2026-02-05 04:57:45 KST | INFO | 
2026-02-05 04:57:45 KST | INFO | Epoch 187/200 | LR: 0.001205
2026-02-05 04:58:02 KST | INFO |   Train Loss: 0.0152 | Test Loss: 0.0014 | Test Acc: 91.64%
2026-02-05 04:58:02 KST | INFO |   No improvement (5/30)
2026-02-05 04:58:02 KST | INFO | 
2026-02-05 04:58:02 KST | INFO | Epoch 188/200 | LR: 0.001040
2026-02-05 04:58:19 KST | INFO |   Train Loss: 0.0152 | Test Loss: 0.0014 | Test Acc: 91.59%
2026-02-05 04:58:19 KST | INFO |   No improvement (6/30)
2026-02-05 04:58:19 KST | INFO | 
2026-02-05 04:58:19 KST | INFO | Epoch 189/200 | LR: 0.000887
2026-02-05 04:58:36 KST | INFO |   Train Loss: 0.0147 | Test Loss: 0.0014 | Test Acc: 91.65%
2026-02-05 04:58:36 KST | INFO |   No improvement (7/30)
2026-02-05 04:58:36 KST | INFO | 
2026-02-05 04:58:36 KST | INFO | Epoch 190/200 | LR: 0.000746
2026-02-05 04:58:54 KST | INFO |   Train Loss: 0.0148 | Test Loss: 0.0014 | Test Acc: 91.47%
2026-02-05 04:58:54 KST | INFO |   No improvement (8/30)
2026-02-05 04:58:54 KST | INFO | 
2026-02-05 04:58:54 KST | INFO | Epoch 191/200 | LR: 0.000617
2026-02-05 04:59:11 KST | INFO |   Train Loss: 0.0138 | Test Loss: 0.0014 | Test Acc: 91.60%
2026-02-05 04:59:11 KST | INFO |   No improvement (9/30)
2026-02-05 04:59:11 KST | INFO | 
2026-02-05 04:59:11 KST | INFO | Epoch 192/200 | LR: 0.000500
2026-02-05 04:59:27 KST | INFO |   Train Loss: 0.0141 | Test Loss: 0.0014 | Test Acc: 91.59%
2026-02-05 04:59:27 KST | INFO |   No improvement (10/30)
2026-02-05 04:59:27 KST | INFO | 
2026-02-05 04:59:27 KST | INFO | Epoch 193/200 | LR: 0.000395
2026-02-05 04:59:44 KST | INFO |   Train Loss: 0.0137 | Test Loss: 0.0014 | Test Acc: 91.51%
2026-02-05 04:59:44 KST | INFO |   No improvement (11/30)
2026-02-05 04:59:44 KST | INFO | 
2026-02-05 04:59:44 KST | INFO | Epoch 194/200 | LR: 0.000303
2026-02-05 05:00:01 KST | INFO |   Train Loss: 0.0132 | Test Loss: 0.0014 | Test Acc: 91.72%
2026-02-05 05:00:01 KST | INFO |   🏆 New best accuracy: 91.72%
2026-02-05 05:00:01 KST | INFO | 
2026-02-05 05:00:01 KST | INFO | Epoch 195/200 | LR: 0.000223
2026-02-05 05:00:19 KST | INFO |   Train Loss: 0.0135 | Test Loss: 0.0014 | Test Acc: 91.67%
2026-02-05 05:00:19 KST | INFO |   No improvement (1/30)
2026-02-05 05:00:19 KST | INFO | 
2026-02-05 05:00:19 KST | INFO | Epoch 196/200 | LR: 0.000155
2026-02-05 05:00:35 KST | INFO |   Train Loss: 0.0130 | Test Loss: 0.0014 | Test Acc: 91.67%
2026-02-05 05:00:35 KST | INFO |   No improvement (2/30)
2026-02-05 05:00:35 KST | INFO | 
2026-02-05 05:00:35 KST | INFO | Epoch 197/200 | LR: 0.000100
2026-02-05 05:00:52 KST | INFO |   Train Loss: 0.0128 | Test Loss: 0.0014 | Test Acc: 91.65%
2026-02-05 05:00:52 KST | INFO |   No improvement (3/30)
2026-02-05 05:00:52 KST | INFO | 
2026-02-05 05:00:52 KST | INFO | Epoch 198/200 | LR: 0.000057
2026-02-05 05:01:09 KST | INFO |   Train Loss: 0.0135 | Test Loss: 0.0014 | Test Acc: 91.64%
2026-02-05 05:01:09 KST | INFO |   No improvement (4/30)
2026-02-05 05:01:09 KST | INFO | 
2026-02-05 05:01:09 KST | INFO | Epoch 199/200 | LR: 0.000026
2026-02-05 05:01:26 KST | INFO |   Train Loss: 0.0128 | Test Loss: 0.0014 | Test Acc: 91.62%
2026-02-05 05:01:26 KST | INFO |   No improvement (5/30)
2026-02-05 05:01:26 KST | INFO | 
2026-02-05 05:01:26 KST | INFO | Epoch 200/200 | LR: 0.000007
2026-02-05 05:01:43 KST | INFO |   Train Loss: 0.0124 | Test Loss: 0.0014 | Test Acc: 91.65%
2026-02-05 05:01:43 KST | INFO |   No improvement (6/30)
2026-02-05 05:01:43 KST | INFO | 
2026-02-05 05:01:43 KST | INFO | ================================================================================
2026-02-05 05:01:43 KST | INFO | TRAINING COMPLETE
2026-02-05 05:01:43 KST | INFO | ================================================================================
2026-02-05 05:01:43 KST | INFO | Best accuracy:  91.72% (Epoch 194)
2026-02-05 05:01:43 KST | INFO | Final accuracy: 91.65%
2026-02-05 05:01:43 KST | INFO | ================================================================================
2026-02-05 05:01:43 KST | INFO | 
2026-02-05 05:01:43 KST | INFO | Notifying nodes of completion...
2026-02-05 05:01:44 KST | INFO | ✓ Nodes notified
2026-02-05 05:01:44 KST | INFO | 
2026-02-05 05:01:44 KST | INFO | Closing connections...
2026-02-05 05:01:44 KST | INFO | ✓ Cleanup complete
2026-02-05 05:01:44 KST | INFO | 
2026-02-05 05:01:44 KST | INFO | Full log: logs/TL++_base_20260205_040444.log
2026-02-05 05:01:44 KST | INFO | ================================================================================
