2026-02-05 05:01:52 KST | INFO | ================================================================================
2026-02-05 05:01:52 KST | INFO | TL++ Orchestrator
2026-02-05 05:01:52 KST | INFO | ================================================================================
2026-02-05 05:01:52 KST | INFO | Log file: logs/TL++_base_20260205_050152.log
2026-02-05 05:01:52 KST | INFO | 
2026-02-05 05:01:52 KST | INFO | --------------------------------------------------------------------------------
2026-02-05 05:01:52 KST | INFO | CONFIGURATION
2026-02-05 05:01:52 KST | INFO | --------------------------------------------------------------------------------
2026-02-05 05:01:52 KST | INFO | Secure mode:      False
2026-02-05 05:01:52 KST | INFO | Nodes:            8
2026-02-05 05:01:52 KST | INFO | Cut layer:        1
2026-02-05 05:01:52 KST | INFO | Batch size:       128
2026-02-05 05:01:52 KST | INFO | Learning rate:    0.1
2026-02-05 05:01:52 KST | INFO | 
2026-02-05 05:01:52 KST | INFO | Computation device: cuda
2026-02-05 05:01:52 KST | INFO | Secure mode: DISABLED
2026-02-05 05:01:52 KST | INFO | 
2026-02-05 05:01:52 KST | INFO | --------------------------------------------------------------------------------
2026-02-05 05:01:52 KST | INFO | NETWORK SETUP
2026-02-05 05:01:52 KST | INFO | --------------------------------------------------------------------------------
2026-02-05 05:01:52 KST | INFO | ✓ Orchestrator listening on 127.0.0.1:8080
2026-02-05 05:01:52 KST | INFO | Waiting for 8 node(s)...
2026-02-05 05:01:56 KST | INFO |   ✓ Node 1/8 connected
2026-02-05 05:01:56 KST | INFO |   ✓ Node 2/8 connected
2026-02-05 05:01:58 KST | INFO |   ✓ Node 3/8 connected
2026-02-05 05:01:59 KST | INFO |   ✓ Node 4/8 connected
2026-02-05 05:02:00 KST | INFO |   ✓ Node 5/8 connected
2026-02-05 05:02:01 KST | INFO |   ✓ Node 6/8 connected
2026-02-05 05:02:02 KST | INFO |   ✓ Node 7/8 connected
2026-02-05 05:02:03 KST | INFO |   ✓ Node 8/8 connected
2026-02-05 05:02:03 KST | INFO | ✓ All 8 node(s) connected
2026-02-05 05:02:03 KST | INFO | 
2026-02-05 05:02:03 KST | INFO | --------------------------------------------------------------------------------
2026-02-05 05:02:03 KST | INFO | MODEL INITIALIZATION
2026-02-05 05:02:03 KST | INFO | --------------------------------------------------------------------------------
2026-02-05 05:02:03 KST | INFO | Node-side parameters: 38,720
2026-02-05 05:02:03 KST | INFO | 
2026-02-05 05:02:03 KST | INFO | --------------------------------------------------------------------------------
2026-02-05 05:02:03 KST | INFO | BROADCASTING CONFIGURATION
2026-02-05 05:02:03 KST | INFO | --------------------------------------------------------------------------------
2026-02-05 05:02:03 KST | INFO | ✓ Configuration broadcast to all nodes
2026-02-05 05:02:04 KST | INFO | 
2026-02-05 05:02:04 KST | INFO | Total parameters:     3,247,176
2026-02-05 05:02:04 KST | INFO | Trainable parameters: 3,247,176
2026-02-05 05:02:04 KST | INFO | 
2026-02-05 05:02:04 KST | INFO | --------------------------------------------------------------------------------
2026-02-05 05:02:04 KST | INFO | DATA LOADING
2026-02-05 05:02:04 KST | INFO | --------------------------------------------------------------------------------
2026-02-05 05:02:31 KST | INFO | ✓ Dataset information collected:
2026-02-05 05:02:31 KST | INFO |     Node 1: 5,000 samples
2026-02-05 05:02:31 KST | INFO |     Node 2: 5,000 samples
2026-02-05 05:02:31 KST | INFO |     Node 3: 5,000 samples
2026-02-05 05:02:31 KST | INFO |     Node 4: 5,000 samples
2026-02-05 05:02:31 KST | INFO |     Node 5: 5,000 samples
2026-02-05 05:02:31 KST | INFO |     Node 6: 5,000 samples
2026-02-05 05:02:31 KST | INFO |     Node 7: 5,000 samples
2026-02-05 05:02:31 KST | INFO |     Node 8: 5,000 samples
2026-02-05 05:02:31 KST | INFO |   Total training samples: 40,000
2026-02-05 05:02:31 KST | INFO | 
2026-02-05 05:02:34 KST | INFO | ✓ Test dataset loaded: 8,000 samples
2026-02-05 05:02:34 KST | INFO | 
2026-02-05 05:02:34 KST | INFO | ✓ Batch scheduler: 313 batches/epoch
2026-02-05 05:02:34 KST | INFO | 
2026-02-05 05:02:34 KST | INFO | --------------------------------------------------------------------------------
2026-02-05 05:02:34 KST | INFO | OPTIMIZATION SETUP
2026-02-05 05:02:34 KST | INFO | --------------------------------------------------------------------------------
2026-02-05 05:02:34 KST | INFO | ✓ Optimizer: SGD (lr=0.1, momentum=0.9)
2026-02-05 05:02:34 KST | INFO | ✓ Scheduler: cosine
2026-02-05 05:02:34 KST | INFO | ✓ Gradient clipping: 1.0
2026-02-05 05:02:34 KST | INFO | 
2026-02-05 05:02:34 KST | INFO | ================================================================================
2026-02-05 05:02:34 KST | INFO | Setup complete - Ready for training
2026-02-05 05:02:34 KST | INFO | ================================================================================
2026-02-05 05:02:34 KST | INFO | 
2026-02-05 05:02:34 KST | INFO | --------------------------------------------------------------------------------
2026-02-05 05:02:34 KST | INFO | TRAINING
2026-02-05 05:02:34 KST | INFO | --------------------------------------------------------------------------------
2026-02-05 05:02:34 KST | INFO | 
2026-02-05 05:02:34 KST | INFO | Epoch 1/200 | LR: 0.100000
2026-02-05 05:02:52 KST | INFO |   Train Loss: 1.5972 | Test Loss: 0.0051 | Test Acc: 51.06%
2026-02-05 05:02:52 KST | INFO |   🏆 New best accuracy: 51.06%
2026-02-05 05:02:52 KST | INFO | 
2026-02-05 05:02:52 KST | INFO | Epoch 2/200 | LR: 0.099994
2026-02-05 05:03:09 KST | INFO |   Train Loss: 1.1896 | Test Loss: 0.0044 | Test Acc: 62.08%
2026-02-05 05:03:09 KST | INFO |   🏆 New best accuracy: 62.08%
2026-02-05 05:03:09 KST | INFO | 
2026-02-05 05:03:09 KST | INFO | Epoch 3/200 | LR: 0.099975
2026-02-05 05:03:26 KST | INFO |   Train Loss: 0.9785 | Test Loss: 0.0035 | Test Acc: 68.88%
2026-02-05 05:03:26 KST | INFO |   🏆 New best accuracy: 68.88%
2026-02-05 05:03:26 KST | INFO | 
2026-02-05 05:03:26 KST | INFO | Epoch 4/200 | LR: 0.099944
2026-02-05 05:03:43 KST | INFO |   Train Loss: 0.8398 | Test Loss: 0.0029 | Test Acc: 74.91%
2026-02-05 05:03:43 KST | INFO |   🏆 New best accuracy: 74.91%
2026-02-05 05:03:43 KST | INFO | 
2026-02-05 05:03:43 KST | INFO | Epoch 5/200 | LR: 0.099901
2026-02-05 05:03:59 KST | INFO |   Train Loss: 0.7464 | Test Loss: 0.0025 | Test Acc: 78.03%
2026-02-05 05:03:59 KST | INFO |   🏆 New best accuracy: 78.03%
2026-02-05 05:03:59 KST | INFO | 
2026-02-05 05:03:59 KST | INFO | Epoch 6/200 | LR: 0.099846
2026-02-05 05:04:16 KST | INFO |   Train Loss: 0.6819 | Test Loss: 0.0032 | Test Acc: 72.83%
2026-02-05 05:04:16 KST | INFO |   No improvement (1/30)
2026-02-05 05:04:16 KST | INFO | 
2026-02-05 05:04:16 KST | INFO | Epoch 7/200 | LR: 0.099778
2026-02-05 05:04:33 KST | INFO |   Train Loss: 0.6342 | Test Loss: 0.0025 | Test Acc: 78.86%
2026-02-05 05:04:33 KST | INFO |   🏆 New best accuracy: 78.86%
2026-02-05 05:04:33 KST | INFO | 
2026-02-05 05:04:33 KST | INFO | Epoch 8/200 | LR: 0.099698
2026-02-05 05:04:50 KST | INFO |   Train Loss: 0.5852 | Test Loss: 0.0022 | Test Acc: 81.41%
2026-02-05 05:04:50 KST | INFO |   🏆 New best accuracy: 81.41%
2026-02-05 05:04:50 KST | INFO | 
2026-02-05 05:04:50 KST | INFO | Epoch 9/200 | LR: 0.099606
2026-02-05 05:05:07 KST | INFO |   Train Loss: 0.5620 | Test Loss: 0.0023 | Test Acc: 79.45%
2026-02-05 05:05:07 KST | INFO |   No improvement (1/30)
2026-02-05 05:05:07 KST | INFO | 
2026-02-05 05:05:07 KST | INFO | Epoch 10/200 | LR: 0.099501
2026-02-05 05:05:24 KST | INFO |   Train Loss: 0.5347 | Test Loss: 0.0022 | Test Acc: 81.30%
2026-02-05 05:05:24 KST | INFO |   No improvement (2/30)
2026-02-05 05:05:24 KST | INFO | 
2026-02-05 05:05:24 KST | INFO | Epoch 11/200 | LR: 0.099384
2026-02-05 05:05:41 KST | INFO |   Train Loss: 0.5127 | Test Loss: 0.0022 | Test Acc: 81.47%
2026-02-05 05:05:41 KST | INFO |   🏆 New best accuracy: 81.47%
2026-02-05 05:05:41 KST | INFO | 
2026-02-05 05:05:41 KST | INFO | Epoch 12/200 | LR: 0.099255
2026-02-05 05:05:58 KST | INFO |   Train Loss: 0.4944 | Test Loss: 0.0019 | Test Acc: 83.88%
2026-02-05 05:05:58 KST | INFO |   🏆 New best accuracy: 83.88%
2026-02-05 05:05:58 KST | INFO | 
2026-02-05 05:05:58 KST | INFO | Epoch 13/200 | LR: 0.099114
2026-02-05 05:06:15 KST | INFO |   Train Loss: 0.4801 | Test Loss: 0.0019 | Test Acc: 83.22%
2026-02-05 05:06:15 KST | INFO |   No improvement (1/30)
2026-02-05 05:06:15 KST | INFO | 
2026-02-05 05:06:15 KST | INFO | Epoch 14/200 | LR: 0.098961
2026-02-05 05:06:32 KST | INFO |   Train Loss: 0.4675 | Test Loss: 0.0027 | Test Acc: 78.58%
2026-02-05 05:06:32 KST | INFO |   No improvement (2/30)
2026-02-05 05:06:32 KST | INFO | 
2026-02-05 05:06:32 KST | INFO | Epoch 15/200 | LR: 0.098796
2026-02-05 05:06:49 KST | INFO |   Train Loss: 0.4513 | Test Loss: 0.0019 | Test Acc: 83.88%
2026-02-05 05:06:49 KST | INFO |   No improvement (3/30)
2026-02-05 05:06:49 KST | INFO | 
2026-02-05 05:06:49 KST | INFO | Epoch 16/200 | LR: 0.098619
2026-02-05 05:07:06 KST | INFO |   Train Loss: 0.4411 | Test Loss: 0.0020 | Test Acc: 82.92%
2026-02-05 05:07:06 KST | INFO |   No improvement (4/30)
2026-02-05 05:07:06 KST | INFO | 
2026-02-05 05:07:06 KST | INFO | Epoch 17/200 | LR: 0.098429
2026-02-05 05:07:23 KST | INFO |   Train Loss: 0.4286 | Test Loss: 0.0019 | Test Acc: 83.53%
2026-02-05 05:07:23 KST | INFO |   No improvement (5/30)
2026-02-05 05:07:23 KST | INFO | 
2026-02-05 05:07:23 KST | INFO | Epoch 18/200 | LR: 0.098228
2026-02-05 05:07:40 KST | INFO |   Train Loss: 0.4214 | Test Loss: 0.0017 | Test Acc: 85.50%
2026-02-05 05:07:40 KST | INFO |   🏆 New best accuracy: 85.50%
2026-02-05 05:07:40 KST | INFO | 
2026-02-05 05:07:40 KST | INFO | Epoch 19/200 | LR: 0.098015
2026-02-05 05:07:56 KST | INFO |   Train Loss: 0.4133 | Test Loss: 0.0017 | Test Acc: 85.92%
2026-02-05 05:07:56 KST | INFO |   🏆 New best accuracy: 85.92%
2026-02-05 05:07:56 KST | INFO | 
2026-02-05 05:07:56 KST | INFO | Epoch 20/200 | LR: 0.097790
2026-02-05 05:08:13 KST | INFO |   Train Loss: 0.4005 | Test Loss: 0.0018 | Test Acc: 85.36%
2026-02-05 05:08:13 KST | INFO |   No improvement (1/30)
2026-02-05 05:08:13 KST | INFO | 
2026-02-05 05:08:13 KST | INFO | Epoch 21/200 | LR: 0.097553
2026-02-05 05:08:30 KST | INFO |   Train Loss: 0.3938 | Test Loss: 0.0017 | Test Acc: 85.10%
2026-02-05 05:08:30 KST | INFO |   No improvement (2/30)
2026-02-05 05:08:30 KST | INFO | 
2026-02-05 05:08:30 KST | INFO | Epoch 22/200 | LR: 0.097304
2026-02-05 05:08:47 KST | INFO |   Train Loss: 0.3923 | Test Loss: 0.0019 | Test Acc: 84.85%
2026-02-05 05:08:47 KST | INFO |   No improvement (3/30)
2026-02-05 05:08:47 KST | INFO | 
2026-02-05 05:08:47 KST | INFO | Epoch 23/200 | LR: 0.097044
2026-02-05 05:09:04 KST | INFO |   Train Loss: 0.3802 | Test Loss: 0.0017 | Test Acc: 85.86%
2026-02-05 05:09:04 KST | INFO |   No improvement (4/30)
2026-02-05 05:09:04 KST | INFO | 
2026-02-05 05:09:04 KST | INFO | Epoch 24/200 | LR: 0.096772
2026-02-05 05:09:21 KST | INFO |   Train Loss: 0.3791 | Test Loss: 0.0016 | Test Acc: 86.06%
2026-02-05 05:09:21 KST | INFO |   🏆 New best accuracy: 86.06%
2026-02-05 05:09:21 KST | INFO | 
2026-02-05 05:09:21 KST | INFO | Epoch 25/200 | LR: 0.096489
2026-02-05 05:09:37 KST | INFO |   Train Loss: 0.3752 | Test Loss: 0.0016 | Test Acc: 86.41%
2026-02-05 05:09:37 KST | INFO |   🏆 New best accuracy: 86.41%
2026-02-05 05:09:37 KST | INFO | 
2026-02-05 05:09:37 KST | INFO | Epoch 26/200 | LR: 0.096194
2026-02-05 05:09:54 KST | INFO |   Train Loss: 0.3692 | Test Loss: 0.0017 | Test Acc: 85.94%
2026-02-05 05:09:54 KST | INFO |   No improvement (1/30)
2026-02-05 05:09:54 KST | INFO | 
2026-02-05 05:09:54 KST | INFO | Epoch 27/200 | LR: 0.095888
2026-02-05 05:10:11 KST | INFO |   Train Loss: 0.3567 | Test Loss: 0.0016 | Test Acc: 86.12%
2026-02-05 05:10:11 KST | INFO |   No improvement (2/30)
2026-02-05 05:10:11 KST | INFO | 
2026-02-05 05:10:11 KST | INFO | Epoch 28/200 | LR: 0.095570
2026-02-05 05:10:28 KST | INFO |   Train Loss: 0.3549 | Test Loss: 0.0017 | Test Acc: 85.86%
2026-02-05 05:10:28 KST | INFO |   No improvement (3/30)
2026-02-05 05:10:28 KST | INFO | 
2026-02-05 05:10:28 KST | INFO | Epoch 29/200 | LR: 0.095241
2026-02-05 05:10:45 KST | INFO |   Train Loss: 0.3509 | Test Loss: 0.0018 | Test Acc: 85.55%
2026-02-05 05:10:45 KST | INFO |   No improvement (4/30)
2026-02-05 05:10:45 KST | INFO | 
2026-02-05 05:10:45 KST | INFO | Epoch 30/200 | LR: 0.094901
2026-02-05 05:11:02 KST | INFO |   Train Loss: 0.3482 | Test Loss: 0.0017 | Test Acc: 85.03%
2026-02-05 05:11:02 KST | INFO |   No improvement (5/30)
2026-02-05 05:11:02 KST | INFO | 
2026-02-05 05:11:02 KST | INFO | Epoch 31/200 | LR: 0.094550
2026-02-05 05:11:18 KST | INFO |   Train Loss: 0.3465 | Test Loss: 0.0015 | Test Acc: 87.44%
2026-02-05 05:11:18 KST | INFO |   🏆 New best accuracy: 87.44%
2026-02-05 05:11:18 KST | INFO | 
2026-02-05 05:11:18 KST | INFO | Epoch 32/200 | LR: 0.094188
2026-02-05 05:11:36 KST | INFO |   Train Loss: 0.3387 | Test Loss: 0.0018 | Test Acc: 85.35%
2026-02-05 05:11:36 KST | INFO |   No improvement (1/30)
2026-02-05 05:11:36 KST | INFO | 
2026-02-05 05:11:36 KST | INFO | Epoch 33/200 | LR: 0.093815
2026-02-05 05:11:52 KST | INFO |   Train Loss: 0.3367 | Test Loss: 0.0019 | Test Acc: 85.44%
2026-02-05 05:11:52 KST | INFO |   No improvement (2/30)
2026-02-05 05:11:52 KST | INFO | 
2026-02-05 05:11:52 KST | INFO | Epoch 34/200 | LR: 0.093432
2026-02-05 05:12:09 KST | INFO |   Train Loss: 0.3340 | Test Loss: 0.0016 | Test Acc: 85.95%
2026-02-05 05:12:09 KST | INFO |   No improvement (3/30)
2026-02-05 05:12:09 KST | INFO | 
2026-02-05 05:12:09 KST | INFO | Epoch 35/200 | LR: 0.093037
2026-02-05 05:12:26 KST | INFO |   Train Loss: 0.3343 | Test Loss: 0.0016 | Test Acc: 86.76%
2026-02-05 05:12:26 KST | INFO |   No improvement (4/30)
2026-02-05 05:12:26 KST | INFO | 
2026-02-05 05:12:26 KST | INFO | Epoch 36/200 | LR: 0.092632
2026-02-05 05:12:43 KST | INFO |   Train Loss: 0.3233 | Test Loss: 0.0016 | Test Acc: 87.09%
2026-02-05 05:12:43 KST | INFO |   No improvement (5/30)
2026-02-05 05:12:43 KST | INFO | 
2026-02-05 05:12:43 KST | INFO | Epoch 37/200 | LR: 0.092216
2026-02-05 05:13:00 KST | INFO |   Train Loss: 0.3279 | Test Loss: 0.0018 | Test Acc: 85.21%
2026-02-05 05:13:00 KST | INFO |   No improvement (6/30)
2026-02-05 05:13:00 KST | INFO | 
2026-02-05 05:13:00 KST | INFO | Epoch 38/200 | LR: 0.091790
2026-02-05 05:13:17 KST | INFO |   Train Loss: 0.3215 | Test Loss: 0.0016 | Test Acc: 86.66%
2026-02-05 05:13:17 KST | INFO |   No improvement (7/30)
2026-02-05 05:13:17 KST | INFO | 
2026-02-05 05:13:17 KST | INFO | Epoch 39/200 | LR: 0.091354
2026-02-05 05:13:34 KST | INFO |   Train Loss: 0.3136 | Test Loss: 0.0017 | Test Acc: 85.80%
2026-02-05 05:13:34 KST | INFO |   No improvement (8/30)
2026-02-05 05:13:34 KST | INFO | 
2026-02-05 05:13:34 KST | INFO | Epoch 40/200 | LR: 0.090908
2026-02-05 05:13:50 KST | INFO |   Train Loss: 0.3176 | Test Loss: 0.0015 | Test Acc: 87.33%
2026-02-05 05:13:50 KST | INFO |   No improvement (9/30)
2026-02-05 05:13:50 KST | INFO | 
2026-02-05 05:13:50 KST | INFO | Epoch 41/200 | LR: 0.090451
2026-02-05 05:14:07 KST | INFO |   Train Loss: 0.3098 | Test Loss: 0.0018 | Test Acc: 84.85%
2026-02-05 05:14:07 KST | INFO |   No improvement (10/30)
2026-02-05 05:14:07 KST | INFO | 
2026-02-05 05:14:07 KST | INFO | Epoch 42/200 | LR: 0.089984
2026-02-05 05:14:24 KST | INFO |   Train Loss: 0.3080 | Test Loss: 0.0017 | Test Acc: 85.97%
2026-02-05 05:14:24 KST | INFO |   No improvement (11/30)
2026-02-05 05:14:24 KST | INFO | 
2026-02-05 05:14:24 KST | INFO | Epoch 43/200 | LR: 0.089508
2026-02-05 05:14:41 KST | INFO |   Train Loss: 0.3123 | Test Loss: 0.0016 | Test Acc: 87.11%
2026-02-05 05:14:41 KST | INFO |   No improvement (12/30)
2026-02-05 05:14:41 KST | INFO | 
2026-02-05 05:14:41 KST | INFO | Epoch 44/200 | LR: 0.089022
2026-02-05 05:14:58 KST | INFO |   Train Loss: 0.3027 | Test Loss: 0.0016 | Test Acc: 87.03%
2026-02-05 05:14:58 KST | INFO |   No improvement (13/30)
2026-02-05 05:14:58 KST | INFO | 
2026-02-05 05:14:58 KST | INFO | Epoch 45/200 | LR: 0.088526
2026-02-05 05:15:14 KST | INFO |   Train Loss: 0.3010 | Test Loss: 0.0015 | Test Acc: 88.28%
2026-02-05 05:15:14 KST | INFO |   🏆 New best accuracy: 88.28%
2026-02-05 05:15:14 KST | INFO | 
2026-02-05 05:15:14 KST | INFO | Epoch 46/200 | LR: 0.088020
2026-02-05 05:15:31 KST | INFO |   Train Loss: 0.3013 | Test Loss: 0.0016 | Test Acc: 86.89%
2026-02-05 05:15:31 KST | INFO |   No improvement (1/30)
2026-02-05 05:15:31 KST | INFO | 
2026-02-05 05:15:31 KST | INFO | Epoch 47/200 | LR: 0.087506
2026-02-05 05:15:48 KST | INFO |   Train Loss: 0.2955 | Test Loss: 0.0015 | Test Acc: 87.39%
2026-02-05 05:15:48 KST | INFO |   No improvement (2/30)
2026-02-05 05:15:48 KST | INFO | 
2026-02-05 05:15:48 KST | INFO | Epoch 48/200 | LR: 0.086982
2026-02-05 05:16:05 KST | INFO |   Train Loss: 0.2961 | Test Loss: 0.0016 | Test Acc: 87.03%
2026-02-05 05:16:05 KST | INFO |   No improvement (3/30)
2026-02-05 05:16:05 KST | INFO | 
2026-02-05 05:16:05 KST | INFO | Epoch 49/200 | LR: 0.086449
2026-02-05 05:16:22 KST | INFO |   Train Loss: 0.2890 | Test Loss: 0.0017 | Test Acc: 86.45%
2026-02-05 05:16:22 KST | INFO |   No improvement (4/30)
2026-02-05 05:16:22 KST | INFO | 
2026-02-05 05:16:22 KST | INFO | Epoch 50/200 | LR: 0.085906
2026-02-05 05:16:39 KST | INFO |   Train Loss: 0.2883 | Test Loss: 0.0015 | Test Acc: 87.79%
2026-02-05 05:16:39 KST | INFO |   No improvement (5/30)
2026-02-05 05:16:39 KST | INFO | 
2026-02-05 05:16:39 KST | INFO | Epoch 51/200 | LR: 0.085355
2026-02-05 05:16:56 KST | INFO |   Train Loss: 0.2860 | Test Loss: 0.0014 | Test Acc: 87.66%
2026-02-05 05:16:56 KST | INFO |   No improvement (6/30)
2026-02-05 05:16:56 KST | INFO | 
2026-02-05 05:16:56 KST | INFO | Epoch 52/200 | LR: 0.084796
2026-02-05 05:17:12 KST | INFO |   Train Loss: 0.2882 | Test Loss: 0.0015 | Test Acc: 87.31%
2026-02-05 05:17:12 KST | INFO |   No improvement (7/30)
2026-02-05 05:17:12 KST | INFO | 
2026-02-05 05:17:12 KST | INFO | Epoch 53/200 | LR: 0.084228
2026-02-05 05:17:29 KST | INFO |   Train Loss: 0.2823 | Test Loss: 0.0015 | Test Acc: 87.70%
2026-02-05 05:17:29 KST | INFO |   No improvement (8/30)
2026-02-05 05:17:29 KST | INFO | 
2026-02-05 05:17:29 KST | INFO | Epoch 54/200 | LR: 0.083651
2026-02-05 05:17:46 KST | INFO |   Train Loss: 0.2771 | Test Loss: 0.0014 | Test Acc: 88.15%
2026-02-05 05:17:46 KST | INFO |   No improvement (9/30)
2026-02-05 05:17:46 KST | INFO | 
2026-02-05 05:17:46 KST | INFO | Epoch 55/200 | LR: 0.083066
2026-02-05 05:18:03 KST | INFO |   Train Loss: 0.2751 | Test Loss: 0.0014 | Test Acc: 87.70%
2026-02-05 05:18:03 KST | INFO |   No improvement (10/30)
2026-02-05 05:18:03 KST | INFO | 
2026-02-05 05:18:03 KST | INFO | Epoch 56/200 | LR: 0.082473
2026-02-05 05:18:20 KST | INFO |   Train Loss: 0.2775 | Test Loss: 0.0013 | Test Acc: 89.14%
2026-02-05 05:18:20 KST | INFO |   🏆 New best accuracy: 89.14%
2026-02-05 05:18:20 KST | INFO | 
2026-02-05 05:18:20 KST | INFO | Epoch 57/200 | LR: 0.081871
2026-02-05 05:18:36 KST | INFO |   Train Loss: 0.2761 | Test Loss: 0.0014 | Test Acc: 88.05%
2026-02-05 05:18:36 KST | INFO |   No improvement (1/30)
2026-02-05 05:18:36 KST | INFO | 
2026-02-05 05:18:36 KST | INFO | Epoch 58/200 | LR: 0.081262
2026-02-05 05:18:53 KST | INFO |   Train Loss: 0.2704 | Test Loss: 0.0014 | Test Acc: 87.95%
2026-02-05 05:18:53 KST | INFO |   No improvement (2/30)
2026-02-05 05:18:53 KST | INFO | 
2026-02-05 05:18:53 KST | INFO | Epoch 59/200 | LR: 0.080646
2026-02-05 05:19:10 KST | INFO |   Train Loss: 0.2703 | Test Loss: 0.0015 | Test Acc: 87.85%
2026-02-05 05:19:10 KST | INFO |   No improvement (3/30)
2026-02-05 05:19:10 KST | INFO | 
2026-02-05 05:19:10 KST | INFO | Epoch 60/200 | LR: 0.080021
2026-02-05 05:19:27 KST | INFO |   Train Loss: 0.2638 | Test Loss: 0.0017 | Test Acc: 86.79%
2026-02-05 05:19:27 KST | INFO |   No improvement (4/30)
2026-02-05 05:19:27 KST | INFO | 
2026-02-05 05:19:27 KST | INFO | Epoch 61/200 | LR: 0.079389
2026-02-05 05:19:44 KST | INFO |   Train Loss: 0.2612 | Test Loss: 0.0014 | Test Acc: 88.34%
2026-02-05 05:19:44 KST | INFO |   No improvement (5/30)
2026-02-05 05:19:44 KST | INFO | 
2026-02-05 05:19:44 KST | INFO | Epoch 62/200 | LR: 0.078750
2026-02-05 05:20:00 KST | INFO |   Train Loss: 0.2601 | Test Loss: 0.0015 | Test Acc: 87.44%
2026-02-05 05:20:00 KST | INFO |   No improvement (6/30)
2026-02-05 05:20:00 KST | INFO | 
2026-02-05 05:20:00 KST | INFO | Epoch 63/200 | LR: 0.078104
2026-02-05 05:20:17 KST | INFO |   Train Loss: 0.2546 | Test Loss: 0.0015 | Test Acc: 87.46%
2026-02-05 05:20:17 KST | INFO |   No improvement (7/30)
2026-02-05 05:20:17 KST | INFO | 
2026-02-05 05:20:17 KST | INFO | Epoch 64/200 | LR: 0.077451
2026-02-05 05:20:34 KST | INFO |   Train Loss: 0.2567 | Test Loss: 0.0015 | Test Acc: 87.86%
2026-02-05 05:20:34 KST | INFO |   No improvement (8/30)
2026-02-05 05:20:34 KST | INFO | 
2026-02-05 05:20:34 KST | INFO | Epoch 65/200 | LR: 0.076792
2026-02-05 05:20:51 KST | INFO |   Train Loss: 0.2520 | Test Loss: 0.0017 | Test Acc: 87.28%
2026-02-05 05:20:51 KST | INFO |   No improvement (9/30)
2026-02-05 05:20:51 KST | INFO | 
2026-02-05 05:20:51 KST | INFO | Epoch 66/200 | LR: 0.076125
2026-02-05 05:21:08 KST | INFO |   Train Loss: 0.2503 | Test Loss: 0.0014 | Test Acc: 88.49%
2026-02-05 05:21:08 KST | INFO |   No improvement (10/30)
2026-02-05 05:21:08 KST | INFO | 
2026-02-05 05:21:08 KST | INFO | Epoch 67/200 | LR: 0.075452
2026-02-05 05:21:24 KST | INFO |   Train Loss: 0.2521 | Test Loss: 0.0015 | Test Acc: 88.09%
2026-02-05 05:21:24 KST | INFO |   No improvement (11/30)
2026-02-05 05:21:24 KST | INFO | 
2026-02-05 05:21:24 KST | INFO | Epoch 68/200 | LR: 0.074773
2026-02-05 05:21:41 KST | INFO |   Train Loss: 0.2483 | Test Loss: 0.0016 | Test Acc: 86.50%
2026-02-05 05:21:41 KST | INFO |   No improvement (12/30)
2026-02-05 05:21:41 KST | INFO | 
2026-02-05 05:21:41 KST | INFO | Epoch 69/200 | LR: 0.074088
2026-02-05 05:21:58 KST | INFO |   Train Loss: 0.2468 | Test Loss: 0.0017 | Test Acc: 86.34%
2026-02-05 05:21:58 KST | INFO |   No improvement (13/30)
2026-02-05 05:21:58 KST | INFO | 
2026-02-05 05:21:58 KST | INFO | Epoch 70/200 | LR: 0.073397
2026-02-05 05:22:15 KST | INFO |   Train Loss: 0.2426 | Test Loss: 0.0018 | Test Acc: 86.90%
2026-02-05 05:22:15 KST | INFO |   No improvement (14/30)
2026-02-05 05:22:15 KST | INFO | 
2026-02-05 05:22:15 KST | INFO | Epoch 71/200 | LR: 0.072700
2026-02-05 05:22:31 KST | INFO |   Train Loss: 0.2368 | Test Loss: 0.0013 | Test Acc: 89.35%
2026-02-05 05:22:31 KST | INFO |   🏆 New best accuracy: 89.35%
2026-02-05 05:22:31 KST | INFO | 
2026-02-05 05:22:31 KST | INFO | Epoch 72/200 | LR: 0.071997
2026-02-05 05:22:48 KST | INFO |   Train Loss: 0.2348 | Test Loss: 0.0016 | Test Acc: 87.38%
2026-02-05 05:22:48 KST | INFO |   No improvement (1/30)
2026-02-05 05:22:48 KST | INFO | 
2026-02-05 05:22:48 KST | INFO | Epoch 73/200 | LR: 0.071289
2026-02-05 05:23:05 KST | INFO |   Train Loss: 0.2361 | Test Loss: 0.0014 | Test Acc: 88.26%
2026-02-05 05:23:05 KST | INFO |   No improvement (2/30)
2026-02-05 05:23:05 KST | INFO | 
2026-02-05 05:23:05 KST | INFO | Epoch 74/200 | LR: 0.070576
2026-02-05 05:23:22 KST | INFO |   Train Loss: 0.2361 | Test Loss: 0.0012 | Test Acc: 89.79%
2026-02-05 05:23:22 KST | INFO |   🏆 New best accuracy: 89.79%
2026-02-05 05:23:22 KST | INFO | 
2026-02-05 05:23:22 KST | INFO | Epoch 75/200 | LR: 0.069858
2026-02-05 05:23:39 KST | INFO |   Train Loss: 0.2275 | Test Loss: 0.0014 | Test Acc: 88.70%
2026-02-05 05:23:39 KST | INFO |   No improvement (1/30)
2026-02-05 05:23:39 KST | INFO | 
2026-02-05 05:23:39 KST | INFO | Epoch 76/200 | LR: 0.069134
2026-02-05 05:23:55 KST | INFO |   Train Loss: 0.2270 | Test Loss: 0.0013 | Test Acc: 89.40%
2026-02-05 05:23:55 KST | INFO |   No improvement (2/30)
2026-02-05 05:23:55 KST | INFO | 
2026-02-05 05:23:55 KST | INFO | Epoch 77/200 | LR: 0.068407
2026-02-05 05:24:12 KST | INFO |   Train Loss: 0.2276 | Test Loss: 0.0013 | Test Acc: 89.19%
2026-02-05 05:24:12 KST | INFO |   No improvement (3/30)
2026-02-05 05:24:12 KST | INFO | 
2026-02-05 05:24:12 KST | INFO | Epoch 78/200 | LR: 0.067674
2026-02-05 05:24:29 KST | INFO |   Train Loss: 0.2275 | Test Loss: 0.0013 | Test Acc: 89.14%
2026-02-05 05:24:29 KST | INFO |   No improvement (4/30)
2026-02-05 05:24:29 KST | INFO | 
2026-02-05 05:24:29 KST | INFO | Epoch 79/200 | LR: 0.066937
2026-02-05 05:24:46 KST | INFO |   Train Loss: 0.2181 | Test Loss: 0.0014 | Test Acc: 88.36%
2026-02-05 05:24:46 KST | INFO |   No improvement (5/30)
2026-02-05 05:24:46 KST | INFO | 
2026-02-05 05:24:46 KST | INFO | Epoch 80/200 | LR: 0.066196
2026-02-05 05:25:03 KST | INFO |   Train Loss: 0.2182 | Test Loss: 0.0018 | Test Acc: 86.45%
2026-02-05 05:25:03 KST | INFO |   No improvement (6/30)
2026-02-05 05:25:03 KST | INFO | 
2026-02-05 05:25:03 KST | INFO | Epoch 81/200 | LR: 0.065451
2026-02-05 05:25:20 KST | INFO |   Train Loss: 0.2131 | Test Loss: 0.0013 | Test Acc: 88.69%
2026-02-05 05:25:20 KST | INFO |   No improvement (7/30)
2026-02-05 05:25:20 KST | INFO | 
2026-02-05 05:25:20 KST | INFO | Epoch 82/200 | LR: 0.064702
2026-02-05 05:25:36 KST | INFO |   Train Loss: 0.2144 | Test Loss: 0.0013 | Test Acc: 89.54%
2026-02-05 05:25:37 KST | INFO |   No improvement (8/30)
2026-02-05 05:25:37 KST | INFO | 
2026-02-05 05:25:37 KST | INFO | Epoch 83/200 | LR: 0.063950
2026-02-05 05:25:53 KST | INFO |   Train Loss: 0.2107 | Test Loss: 0.0013 | Test Acc: 89.83%
2026-02-05 05:25:53 KST | INFO |   🏆 New best accuracy: 89.83%
2026-02-05 05:25:53 KST | INFO | 
2026-02-05 05:25:53 KST | INFO | Epoch 84/200 | LR: 0.063194
2026-02-05 05:26:10 KST | INFO |   Train Loss: 0.2054 | Test Loss: 0.0015 | Test Acc: 88.42%
2026-02-05 05:26:10 KST | INFO |   No improvement (1/30)
2026-02-05 05:26:10 KST | INFO | 
2026-02-05 05:26:10 KST | INFO | Epoch 85/200 | LR: 0.062435
2026-02-05 05:26:27 KST | INFO |   Train Loss: 0.2065 | Test Loss: 0.0013 | Test Acc: 89.88%
2026-02-05 05:26:27 KST | INFO |   🏆 New best accuracy: 89.88%
2026-02-05 05:26:27 KST | INFO | 
2026-02-05 05:26:27 KST | INFO | Epoch 86/200 | LR: 0.061673
2026-02-05 05:26:44 KST | INFO |   Train Loss: 0.2047 | Test Loss: 0.0015 | Test Acc: 88.79%
2026-02-05 05:26:44 KST | INFO |   No improvement (1/30)
2026-02-05 05:26:44 KST | INFO | 
2026-02-05 05:26:44 KST | INFO | Epoch 87/200 | LR: 0.060908
2026-02-05 05:27:00 KST | INFO |   Train Loss: 0.2022 | Test Loss: 0.0013 | Test Acc: 88.91%
2026-02-05 05:27:00 KST | INFO |   No improvement (2/30)
2026-02-05 05:27:00 KST | INFO | 
2026-02-05 05:27:00 KST | INFO | Epoch 88/200 | LR: 0.060140
2026-02-05 05:27:17 KST | INFO |   Train Loss: 0.2017 | Test Loss: 0.0016 | Test Acc: 87.31%
2026-02-05 05:27:17 KST | INFO |   No improvement (3/30)
2026-02-05 05:27:17 KST | INFO | 
2026-02-05 05:27:17 KST | INFO | Epoch 89/200 | LR: 0.059369
2026-02-05 05:27:34 KST | INFO |   Train Loss: 0.1923 | Test Loss: 0.0013 | Test Acc: 89.51%
2026-02-05 05:27:34 KST | INFO |   No improvement (4/30)
2026-02-05 05:27:34 KST | INFO | 
2026-02-05 05:27:34 KST | INFO | Epoch 90/200 | LR: 0.058597
2026-02-05 05:27:51 KST | INFO |   Train Loss: 0.1945 | Test Loss: 0.0014 | Test Acc: 89.29%
2026-02-05 05:27:51 KST | INFO |   No improvement (5/30)
2026-02-05 05:27:51 KST | INFO | 
2026-02-05 05:27:51 KST | INFO | Epoch 91/200 | LR: 0.057822
2026-02-05 05:28:08 KST | INFO |   Train Loss: 0.1947 | Test Loss: 0.0017 | Test Acc: 86.69%
2026-02-05 05:28:08 KST | INFO |   No improvement (6/30)
2026-02-05 05:28:08 KST | INFO | 
2026-02-05 05:28:08 KST | INFO | Epoch 92/200 | LR: 0.057045
2026-02-05 05:28:24 KST | INFO |   Train Loss: 0.1936 | Test Loss: 0.0014 | Test Acc: 88.75%
2026-02-05 05:28:24 KST | INFO |   No improvement (7/30)
2026-02-05 05:28:24 KST | INFO | 
2026-02-05 05:28:24 KST | INFO | Epoch 93/200 | LR: 0.056267
2026-02-05 05:28:41 KST | INFO |   Train Loss: 0.1885 | Test Loss: 0.0013 | Test Acc: 90.30%
2026-02-05 05:28:41 KST | INFO |   🏆 New best accuracy: 90.30%
2026-02-05 05:28:41 KST | INFO | 
2026-02-05 05:28:41 KST | INFO | Epoch 94/200 | LR: 0.055487
2026-02-05 05:28:58 KST | INFO |   Train Loss: 0.1847 | Test Loss: 0.0014 | Test Acc: 89.36%
2026-02-05 05:28:58 KST | INFO |   No improvement (1/30)
2026-02-05 05:28:58 KST | INFO | 
2026-02-05 05:28:58 KST | INFO | Epoch 95/200 | LR: 0.054706
2026-02-05 05:29:15 KST | INFO |   Train Loss: 0.1806 | Test Loss: 0.0013 | Test Acc: 89.60%
2026-02-05 05:29:15 KST | INFO |   No improvement (2/30)
2026-02-05 05:29:15 KST | INFO | 
2026-02-05 05:29:15 KST | INFO | Epoch 96/200 | LR: 0.053923
2026-02-05 05:29:32 KST | INFO |   Train Loss: 0.1821 | Test Loss: 0.0015 | Test Acc: 88.12%
2026-02-05 05:29:32 KST | INFO |   No improvement (3/30)
2026-02-05 05:29:32 KST | INFO | 
2026-02-05 05:29:32 KST | INFO | Epoch 97/200 | LR: 0.053140
2026-02-05 05:29:48 KST | INFO |   Train Loss: 0.1798 | Test Loss: 0.0014 | Test Acc: 89.00%
2026-02-05 05:29:48 KST | INFO |   No improvement (4/30)
2026-02-05 05:29:48 KST | INFO | 
2026-02-05 05:29:48 KST | INFO | Epoch 98/200 | LR: 0.052356
2026-02-05 05:30:05 KST | INFO |   Train Loss: 0.1739 | Test Loss: 0.0013 | Test Acc: 89.97%
2026-02-05 05:30:05 KST | INFO |   No improvement (5/30)
2026-02-05 05:30:05 KST | INFO | 
2026-02-05 05:30:05 KST | INFO | Epoch 99/200 | LR: 0.051571
2026-02-05 05:30:22 KST | INFO |   Train Loss: 0.1709 | Test Loss: 0.0021 | Test Acc: 84.76%
2026-02-05 05:30:22 KST | INFO |   No improvement (6/30)
2026-02-05 05:30:22 KST | INFO | 
2026-02-05 05:30:22 KST | INFO | Epoch 100/200 | LR: 0.050786
2026-02-05 05:30:39 KST | INFO |   Train Loss: 0.1721 | Test Loss: 0.0013 | Test Acc: 89.70%
2026-02-05 05:30:39 KST | INFO |   No improvement (7/30)
2026-02-05 05:30:39 KST | INFO | 
2026-02-05 05:30:39 KST | INFO | Epoch 101/200 | LR: 0.050001
2026-02-05 05:30:57 KST | INFO |   Train Loss: 0.1675 | Test Loss: 0.0013 | Test Acc: 89.55%
2026-02-05 05:30:57 KST | INFO |   No improvement (8/30)
2026-02-05 05:30:57 KST | INFO | 
2026-02-05 05:30:57 KST | INFO | Epoch 102/200 | LR: 0.049215
2026-02-05 05:31:13 KST | INFO |   Train Loss: 0.1660 | Test Loss: 0.0013 | Test Acc: 90.06%
2026-02-05 05:31:13 KST | INFO |   No improvement (9/30)
2026-02-05 05:31:13 KST | INFO | 
2026-02-05 05:31:13 KST | INFO | Epoch 103/200 | LR: 0.048430
2026-02-05 05:31:30 KST | INFO |   Train Loss: 0.1623 | Test Loss: 0.0014 | Test Acc: 88.79%
2026-02-05 05:31:30 KST | INFO |   No improvement (10/30)
2026-02-05 05:31:30 KST | INFO | 
2026-02-05 05:31:30 KST | INFO | Epoch 104/200 | LR: 0.047645
2026-02-05 05:31:47 KST | INFO |   Train Loss: 0.1601 | Test Loss: 0.0012 | Test Acc: 90.29%
2026-02-05 05:31:47 KST | INFO |   No improvement (11/30)
2026-02-05 05:31:47 KST | INFO | 
2026-02-05 05:31:47 KST | INFO | Epoch 105/200 | LR: 0.046861
2026-02-05 05:32:04 KST | INFO |   Train Loss: 0.1532 | Test Loss: 0.0013 | Test Acc: 89.70%
2026-02-05 05:32:04 KST | INFO |   No improvement (12/30)
2026-02-05 05:32:04 KST | INFO | 
2026-02-05 05:32:04 KST | INFO | Epoch 106/200 | LR: 0.046078
2026-02-05 05:32:21 KST | INFO |   Train Loss: 0.1557 | Test Loss: 0.0013 | Test Acc: 89.53%
2026-02-05 05:32:21 KST | INFO |   No improvement (13/30)
2026-02-05 05:32:21 KST | INFO | 
2026-02-05 05:32:21 KST | INFO | Epoch 107/200 | LR: 0.045295
2026-02-05 05:32:38 KST | INFO |   Train Loss: 0.1548 | Test Loss: 0.0013 | Test Acc: 90.14%
2026-02-05 05:32:38 KST | INFO |   No improvement (14/30)
2026-02-05 05:32:38 KST | INFO | 
2026-02-05 05:32:38 KST | INFO | Epoch 108/200 | LR: 0.044514
2026-02-05 05:32:55 KST | INFO |   Train Loss: 0.1498 | Test Loss: 0.0015 | Test Acc: 88.81%
2026-02-05 05:32:55 KST | INFO |   No improvement (15/30)
2026-02-05 05:32:55 KST | INFO | 
2026-02-05 05:32:55 KST | INFO | Epoch 109/200 | LR: 0.043734
2026-02-05 05:33:11 KST | INFO |   Train Loss: 0.1485 | Test Loss: 0.0015 | Test Acc: 89.19%
2026-02-05 05:33:11 KST | INFO |   No improvement (16/30)
2026-02-05 05:33:11 KST | INFO | 
2026-02-05 05:33:11 KST | INFO | Epoch 110/200 | LR: 0.042956
2026-02-05 05:33:28 KST | INFO |   Train Loss: 0.1503 | Test Loss: 0.0014 | Test Acc: 88.85%
2026-02-05 05:33:28 KST | INFO |   No improvement (17/30)
2026-02-05 05:33:28 KST | INFO | 
2026-02-05 05:33:28 KST | INFO | Epoch 111/200 | LR: 0.042179
2026-02-05 05:33:45 KST | INFO |   Train Loss: 0.1407 | Test Loss: 0.0013 | Test Acc: 90.38%
2026-02-05 05:33:45 KST | INFO |   🏆 New best accuracy: 90.38%
2026-02-05 05:33:45 KST | INFO | 
2026-02-05 05:33:45 KST | INFO | Epoch 112/200 | LR: 0.041404
2026-02-05 05:34:02 KST | INFO |   Train Loss: 0.1413 | Test Loss: 0.0014 | Test Acc: 89.58%
2026-02-05 05:34:02 KST | INFO |   No improvement (1/30)
2026-02-05 05:34:02 KST | INFO | 
2026-02-05 05:34:02 KST | INFO | Epoch 113/200 | LR: 0.040632
2026-02-05 05:34:18 KST | INFO |   Train Loss: 0.1392 | Test Loss: 0.0012 | Test Acc: 90.72%
2026-02-05 05:34:18 KST | INFO |   🏆 New best accuracy: 90.72%
2026-02-05 05:34:18 KST | INFO | 
2026-02-05 05:34:18 KST | INFO | Epoch 114/200 | LR: 0.039861
2026-02-05 05:34:35 KST | INFO |   Train Loss: 0.1373 | Test Loss: 0.0013 | Test Acc: 90.20%
2026-02-05 05:34:35 KST | INFO |   No improvement (1/30)
2026-02-05 05:34:35 KST | INFO | 
2026-02-05 05:34:35 KST | INFO | Epoch 115/200 | LR: 0.039093
2026-02-05 05:34:52 KST | INFO |   Train Loss: 0.1335 | Test Loss: 0.0014 | Test Acc: 89.71%
2026-02-05 05:34:52 KST | INFO |   No improvement (2/30)
2026-02-05 05:34:52 KST | INFO | 
2026-02-05 05:34:52 KST | INFO | Epoch 116/200 | LR: 0.038328
2026-02-05 05:35:09 KST | INFO |   Train Loss: 0.1328 | Test Loss: 0.0013 | Test Acc: 90.51%
2026-02-05 05:35:09 KST | INFO |   No improvement (3/30)
2026-02-05 05:35:09 KST | INFO | 
2026-02-05 05:35:09 KST | INFO | Epoch 117/200 | LR: 0.037566
2026-02-05 05:35:26 KST | INFO |   Train Loss: 0.1245 | Test Loss: 0.0015 | Test Acc: 89.26%
2026-02-05 05:35:26 KST | INFO |   No improvement (4/30)
2026-02-05 05:35:26 KST | INFO | 
2026-02-05 05:35:26 KST | INFO | Epoch 118/200 | LR: 0.036807
2026-02-05 05:35:43 KST | INFO |   Train Loss: 0.1265 | Test Loss: 0.0013 | Test Acc: 90.21%
2026-02-05 05:35:43 KST | INFO |   No improvement (5/30)
2026-02-05 05:35:43 KST | INFO | 
2026-02-05 05:35:43 KST | INFO | Epoch 119/200 | LR: 0.036051
2026-02-05 05:36:00 KST | INFO |   Train Loss: 0.1247 | Test Loss: 0.0014 | Test Acc: 89.91%
2026-02-05 05:36:00 KST | INFO |   No improvement (6/30)
2026-02-05 05:36:00 KST | INFO | 
2026-02-05 05:36:00 KST | INFO | Epoch 120/200 | LR: 0.035299
2026-02-05 05:36:16 KST | INFO |   Train Loss: 0.1239 | Test Loss: 0.0013 | Test Acc: 90.29%
2026-02-05 05:36:16 KST | INFO |   No improvement (7/30)
2026-02-05 05:36:16 KST | INFO | 
2026-02-05 05:36:16 KST | INFO | Epoch 121/200 | LR: 0.034550
2026-02-05 05:36:33 KST | INFO |   Train Loss: 0.1186 | Test Loss: 0.0014 | Test Acc: 89.99%
2026-02-05 05:36:33 KST | INFO |   No improvement (8/30)
2026-02-05 05:36:33 KST | INFO | 
2026-02-05 05:36:33 KST | INFO | Epoch 122/200 | LR: 0.033805
2026-02-05 05:36:50 KST | INFO |   Train Loss: 0.1176 | Test Loss: 0.0013 | Test Acc: 90.33%
2026-02-05 05:36:50 KST | INFO |   No improvement (9/30)
2026-02-05 05:36:50 KST | INFO | 
2026-02-05 05:36:50 KST | INFO | Epoch 123/200 | LR: 0.033064
2026-02-05 05:37:07 KST | INFO |   Train Loss: 0.1178 | Test Loss: 0.0013 | Test Acc: 89.64%
2026-02-05 05:37:07 KST | INFO |   No improvement (10/30)
2026-02-05 05:37:07 KST | INFO | 
2026-02-05 05:37:07 KST | INFO | Epoch 124/200 | LR: 0.032327
2026-02-05 05:37:24 KST | INFO |   Train Loss: 0.1108 | Test Loss: 0.0013 | Test Acc: 90.90%
2026-02-05 05:37:24 KST | INFO |   🏆 New best accuracy: 90.90%
2026-02-05 05:37:24 KST | INFO | 
2026-02-05 05:37:24 KST | INFO | Epoch 125/200 | LR: 0.031594
2026-02-05 05:37:41 KST | INFO |   Train Loss: 0.1119 | Test Loss: 0.0013 | Test Acc: 90.54%
2026-02-05 05:37:41 KST | INFO |   No improvement (1/30)
2026-02-05 05:37:41 KST | INFO | 
2026-02-05 05:37:41 KST | INFO | Epoch 126/200 | LR: 0.030867
2026-02-05 05:37:58 KST | INFO |   Train Loss: 0.1043 | Test Loss: 0.0013 | Test Acc: 90.39%
2026-02-05 05:37:58 KST | INFO |   No improvement (2/30)
2026-02-05 05:37:58 KST | INFO | 
2026-02-05 05:37:58 KST | INFO | Epoch 127/200 | LR: 0.030143
2026-02-05 05:38:15 KST | INFO |   Train Loss: 0.1053 | Test Loss: 0.0012 | Test Acc: 90.71%
2026-02-05 05:38:15 KST | INFO |   No improvement (3/30)
2026-02-05 05:38:15 KST | INFO | 
2026-02-05 05:38:15 KST | INFO | Epoch 128/200 | LR: 0.029425
2026-02-05 05:38:32 KST | INFO |   Train Loss: 0.1018 | Test Loss: 0.0013 | Test Acc: 89.74%
2026-02-05 05:38:32 KST | INFO |   No improvement (4/30)
2026-02-05 05:38:32 KST | INFO | 
2026-02-05 05:38:32 KST | INFO | Epoch 129/200 | LR: 0.028712
2026-02-05 05:38:48 KST | INFO |   Train Loss: 0.1016 | Test Loss: 0.0014 | Test Acc: 90.28%
2026-02-05 05:38:48 KST | INFO |   No improvement (5/30)
2026-02-05 05:38:48 KST | INFO | 
2026-02-05 05:38:48 KST | INFO | Epoch 130/200 | LR: 0.028004
2026-02-05 05:39:05 KST | INFO |   Train Loss: 0.0987 | Test Loss: 0.0015 | Test Acc: 89.64%
2026-02-05 05:39:05 KST | INFO |   No improvement (6/30)
2026-02-05 05:39:05 KST | INFO | 
2026-02-05 05:39:05 KST | INFO | Epoch 131/200 | LR: 0.027301
2026-02-05 05:39:22 KST | INFO |   Train Loss: 0.0962 | Test Loss: 0.0016 | Test Acc: 89.41%
2026-02-05 05:39:22 KST | INFO |   No improvement (7/30)
2026-02-05 05:39:22 KST | INFO | 
2026-02-05 05:39:22 KST | INFO | Epoch 132/200 | LR: 0.026604
2026-02-05 05:39:39 KST | INFO |   Train Loss: 0.0968 | Test Loss: 0.0013 | Test Acc: 90.35%
2026-02-05 05:39:39 KST | INFO |   No improvement (8/30)
2026-02-05 05:39:39 KST | INFO | 
2026-02-05 05:39:39 KST | INFO | Epoch 133/200 | LR: 0.025913
2026-02-05 05:39:56 KST | INFO |   Train Loss: 0.0933 | Test Loss: 0.0014 | Test Acc: 89.78%
2026-02-05 05:39:56 KST | INFO |   No improvement (9/30)
2026-02-05 05:39:56 KST | INFO | 
2026-02-05 05:39:56 KST | INFO | Epoch 134/200 | LR: 0.025228
2026-02-05 05:40:13 KST | INFO |   Train Loss: 0.0892 | Test Loss: 0.0013 | Test Acc: 90.53%
2026-02-05 05:40:13 KST | INFO |   No improvement (10/30)
2026-02-05 05:40:13 KST | INFO | 
2026-02-05 05:40:13 KST | INFO | Epoch 135/200 | LR: 0.024549
2026-02-05 05:40:30 KST | INFO |   Train Loss: 0.0878 | Test Loss: 0.0013 | Test Acc: 90.60%
2026-02-05 05:40:30 KST | INFO |   No improvement (11/30)
2026-02-05 05:40:30 KST | INFO | 
2026-02-05 05:40:30 KST | INFO | Epoch 136/200 | LR: 0.023876
2026-02-05 05:40:47 KST | INFO |   Train Loss: 0.0865 | Test Loss: 0.0014 | Test Acc: 90.35%
2026-02-05 05:40:47 KST | INFO |   No improvement (12/30)
2026-02-05 05:40:47 KST | INFO | 
2026-02-05 05:40:47 KST | INFO | Epoch 137/200 | LR: 0.023209
2026-02-05 05:41:04 KST | INFO |   Train Loss: 0.0842 | Test Loss: 0.0013 | Test Acc: 90.67%
2026-02-05 05:41:04 KST | INFO |   No improvement (13/30)
2026-02-05 05:41:04 KST | INFO | 
2026-02-05 05:41:04 KST | INFO | Epoch 138/200 | LR: 0.022550
2026-02-05 05:41:21 KST | INFO |   Train Loss: 0.0806 | Test Loss: 0.0013 | Test Acc: 90.76%
2026-02-05 05:41:21 KST | INFO |   No improvement (14/30)
2026-02-05 05:41:21 KST | INFO | 
2026-02-05 05:41:21 KST | INFO | Epoch 139/200 | LR: 0.021897
2026-02-05 05:41:37 KST | INFO |   Train Loss: 0.0789 | Test Loss: 0.0014 | Test Acc: 90.05%
2026-02-05 05:41:37 KST | INFO |   No improvement (15/30)
2026-02-05 05:41:37 KST | INFO | 
2026-02-05 05:41:37 KST | INFO | Epoch 140/200 | LR: 0.021251
2026-02-05 05:41:54 KST | INFO |   Train Loss: 0.0765 | Test Loss: 0.0013 | Test Acc: 90.50%
2026-02-05 05:41:54 KST | INFO |   No improvement (16/30)
2026-02-05 05:41:54 KST | INFO | 
2026-02-05 05:41:54 KST | INFO | Epoch 141/200 | LR: 0.020612
2026-02-05 05:42:11 KST | INFO |   Train Loss: 0.0749 | Test Loss: 0.0013 | Test Acc: 90.35%
2026-02-05 05:42:11 KST | INFO |   No improvement (17/30)
2026-02-05 05:42:11 KST | INFO | 
2026-02-05 05:42:11 KST | INFO | Epoch 142/200 | LR: 0.019980
2026-02-05 05:42:28 KST | INFO |   Train Loss: 0.0722 | Test Loss: 0.0013 | Test Acc: 90.83%
2026-02-05 05:42:28 KST | INFO |   No improvement (18/30)
2026-02-05 05:42:28 KST | INFO | 
2026-02-05 05:42:28 KST | INFO | Epoch 143/200 | LR: 0.019355
2026-02-05 05:42:45 KST | INFO |   Train Loss: 0.0695 | Test Loss: 0.0013 | Test Acc: 90.56%
2026-02-05 05:42:45 KST | INFO |   No improvement (19/30)
2026-02-05 05:42:45 KST | INFO | 
2026-02-05 05:42:45 KST | INFO | Epoch 144/200 | LR: 0.018739
2026-02-05 05:43:02 KST | INFO |   Train Loss: 0.0685 | Test Loss: 0.0016 | Test Acc: 89.64%
2026-02-05 05:43:02 KST | INFO |   No improvement (20/30)
2026-02-05 05:43:02 KST | INFO | 
2026-02-05 05:43:02 KST | INFO | Epoch 145/200 | LR: 0.018130
2026-02-05 05:43:19 KST | INFO |   Train Loss: 0.0664 | Test Loss: 0.0014 | Test Acc: 90.31%
2026-02-05 05:43:19 KST | INFO |   No improvement (21/30)
2026-02-05 05:43:19 KST | INFO | 
2026-02-05 05:43:19 KST | INFO | Epoch 146/200 | LR: 0.017528
2026-02-05 05:43:36 KST | INFO |   Train Loss: 0.0640 | Test Loss: 0.0013 | Test Acc: 91.19%
2026-02-05 05:43:36 KST | INFO |   🏆 New best accuracy: 91.19%
2026-02-05 05:43:36 KST | INFO | 
2026-02-05 05:43:36 KST | INFO | Epoch 147/200 | LR: 0.016935
2026-02-05 05:43:53 KST | INFO |   Train Loss: 0.0619 | Test Loss: 0.0015 | Test Acc: 89.89%
2026-02-05 05:43:53 KST | INFO |   No improvement (1/30)
2026-02-05 05:43:53 KST | INFO | 
2026-02-05 05:43:53 KST | INFO | Epoch 148/200 | LR: 0.016350
2026-02-05 05:44:10 KST | INFO |   Train Loss: 0.0619 | Test Loss: 0.0013 | Test Acc: 90.84%
2026-02-05 05:44:10 KST | INFO |   No improvement (2/30)
2026-02-05 05:44:10 KST | INFO | 
2026-02-05 05:44:10 KST | INFO | Epoch 149/200 | LR: 0.015773
2026-02-05 05:44:26 KST | INFO |   Train Loss: 0.0586 | Test Loss: 0.0013 | Test Acc: 90.71%
2026-02-05 05:44:26 KST | INFO |   No improvement (3/30)
2026-02-05 05:44:26 KST | INFO | 
2026-02-05 05:44:26 KST | INFO | Epoch 150/200 | LR: 0.015205
2026-02-05 05:44:43 KST | INFO |   Train Loss: 0.0568 | Test Loss: 0.0013 | Test Acc: 90.81%
2026-02-05 05:44:43 KST | INFO |   No improvement (4/30)
2026-02-05 05:44:43 KST | INFO | 
2026-02-05 05:44:43 KST | INFO | Epoch 151/200 | LR: 0.014646
2026-02-05 05:45:00 KST | INFO |   Train Loss: 0.0561 | Test Loss: 0.0012 | Test Acc: 91.22%
2026-02-05 05:45:00 KST | INFO |   🏆 New best accuracy: 91.22%
2026-02-05 05:45:00 KST | INFO | 
2026-02-05 05:45:00 KST | INFO | Epoch 152/200 | LR: 0.014095
2026-02-05 05:45:17 KST | INFO |   Train Loss: 0.0534 | Test Loss: 0.0013 | Test Acc: 91.12%
2026-02-05 05:45:17 KST | INFO |   No improvement (1/30)
2026-02-05 05:45:17 KST | INFO | 
2026-02-05 05:45:17 KST | INFO | Epoch 153/200 | LR: 0.013552
2026-02-05 05:45:34 KST | INFO |   Train Loss: 0.0525 | Test Loss: 0.0013 | Test Acc: 91.16%
2026-02-05 05:45:34 KST | INFO |   No improvement (2/30)
2026-02-05 05:45:34 KST | INFO | 
2026-02-05 05:45:34 KST | INFO | Epoch 154/200 | LR: 0.013019
2026-02-05 05:45:51 KST | INFO |   Train Loss: 0.0506 | Test Loss: 0.0013 | Test Acc: 91.03%
2026-02-05 05:45:51 KST | INFO |   No improvement (3/30)
2026-02-05 05:45:51 KST | INFO | 
2026-02-05 05:45:51 KST | INFO | Epoch 155/200 | LR: 0.012495
2026-02-05 05:46:08 KST | INFO |   Train Loss: 0.0481 | Test Loss: 0.0014 | Test Acc: 90.89%
2026-02-05 05:46:08 KST | INFO |   No improvement (4/30)
2026-02-05 05:46:08 KST | INFO | 
2026-02-05 05:46:08 KST | INFO | Epoch 156/200 | LR: 0.011981
2026-02-05 05:46:25 KST | INFO |   Train Loss: 0.0453 | Test Loss: 0.0014 | Test Acc: 90.95%
2026-02-05 05:46:25 KST | INFO |   No improvement (5/30)
2026-02-05 05:46:25 KST | INFO | 
2026-02-05 05:46:25 KST | INFO | Epoch 157/200 | LR: 0.011475
2026-02-05 05:46:42 KST | INFO |   Train Loss: 0.0453 | Test Loss: 0.0014 | Test Acc: 90.42%
2026-02-05 05:46:42 KST | INFO |   No improvement (6/30)
2026-02-05 05:46:42 KST | INFO | 
2026-02-05 05:46:42 KST | INFO | Epoch 158/200 | LR: 0.010979
2026-02-05 05:46:59 KST | INFO |   Train Loss: 0.0434 | Test Loss: 0.0014 | Test Acc: 91.01%
2026-02-05 05:46:59 KST | INFO |   No improvement (7/30)
2026-02-05 05:46:59 KST | INFO | 
2026-02-05 05:46:59 KST | INFO | Epoch 159/200 | LR: 0.010493
2026-02-05 05:47:16 KST | INFO |   Train Loss: 0.0431 | Test Loss: 0.0014 | Test Acc: 90.85%
2026-02-05 05:47:16 KST | INFO |   No improvement (8/30)
2026-02-05 05:47:16 KST | INFO | 
2026-02-05 05:47:16 KST | INFO | Epoch 160/200 | LR: 0.010017
2026-02-05 05:47:32 KST | INFO |   Train Loss: 0.0397 | Test Loss: 0.0013 | Test Acc: 91.08%
2026-02-05 05:47:32 KST | INFO |   No improvement (9/30)
2026-02-05 05:47:32 KST | INFO | 
2026-02-05 05:47:32 KST | INFO | Epoch 161/200 | LR: 0.009550
2026-02-05 05:47:49 KST | INFO |   Train Loss: 0.0389 | Test Loss: 0.0013 | Test Acc: 91.53%
2026-02-05 05:47:49 KST | INFO |   🏆 New best accuracy: 91.53%
2026-02-05 05:47:49 KST | INFO | 
2026-02-05 05:47:49 KST | INFO | Epoch 162/200 | LR: 0.009093
2026-02-05 05:48:06 KST | INFO |   Train Loss: 0.0380 | Test Loss: 0.0013 | Test Acc: 91.00%
2026-02-05 05:48:06 KST | INFO |   No improvement (1/30)
2026-02-05 05:48:06 KST | INFO | 
2026-02-05 05:48:06 KST | INFO | Epoch 163/200 | LR: 0.008647
2026-02-05 05:48:23 KST | INFO |   Train Loss: 0.0372 | Test Loss: 0.0013 | Test Acc: 90.89%
2026-02-05 05:48:23 KST | INFO |   No improvement (2/30)
2026-02-05 05:48:23 KST | INFO | 
2026-02-05 05:48:23 KST | INFO | Epoch 164/200 | LR: 0.008211
2026-02-05 05:48:40 KST | INFO |   Train Loss: 0.0351 | Test Loss: 0.0014 | Test Acc: 91.03%
2026-02-05 05:48:40 KST | INFO |   No improvement (3/30)
2026-02-05 05:48:40 KST | INFO | 
2026-02-05 05:48:40 KST | INFO | Epoch 165/200 | LR: 0.007785
2026-02-05 05:48:57 KST | INFO |   Train Loss: 0.0347 | Test Loss: 0.0013 | Test Acc: 91.24%
2026-02-05 05:48:57 KST | INFO |   No improvement (4/30)
2026-02-05 05:48:57 KST | INFO | 
2026-02-05 05:48:57 KST | INFO | Epoch 166/200 | LR: 0.007369
2026-02-05 05:49:14 KST | INFO |   Train Loss: 0.0317 | Test Loss: 0.0014 | Test Acc: 90.59%
2026-02-05 05:49:14 KST | INFO |   No improvement (5/30)
2026-02-05 05:49:14 KST | INFO | 
2026-02-05 05:49:14 KST | INFO | Epoch 167/200 | LR: 0.006964
2026-02-05 05:49:31 KST | INFO |   Train Loss: 0.0302 | Test Loss: 0.0014 | Test Acc: 91.00%
2026-02-05 05:49:31 KST | INFO |   No improvement (6/30)
2026-02-05 05:49:31 KST | INFO | 
2026-02-05 05:49:31 KST | INFO | Epoch 168/200 | LR: 0.006569
2026-02-05 05:49:47 KST | INFO |   Train Loss: 0.0306 | Test Loss: 0.0014 | Test Acc: 90.79%
2026-02-05 05:49:47 KST | INFO |   No improvement (7/30)
2026-02-05 05:49:47 KST | INFO | 
2026-02-05 05:49:47 KST | INFO | Epoch 169/200 | LR: 0.006186
2026-02-05 05:50:04 KST | INFO |   Train Loss: 0.0279 | Test Loss: 0.0014 | Test Acc: 91.33%
2026-02-05 05:50:04 KST | INFO |   No improvement (8/30)
2026-02-05 05:50:04 KST | INFO | 
2026-02-05 05:50:04 KST | INFO | Epoch 170/200 | LR: 0.005813
2026-02-05 05:50:21 KST | INFO |   Train Loss: 0.0279 | Test Loss: 0.0015 | Test Acc: 90.09%
2026-02-05 05:50:21 KST | INFO |   No improvement (9/30)
2026-02-05 05:50:21 KST | INFO | 
2026-02-05 05:50:21 KST | INFO | Epoch 171/200 | LR: 0.005451
2026-02-05 05:50:38 KST | INFO |   Train Loss: 0.0269 | Test Loss: 0.0014 | Test Acc: 91.24%
2026-02-05 05:50:38 KST | INFO |   No improvement (10/30)
2026-02-05 05:50:38 KST | INFO | 
2026-02-05 05:50:38 KST | INFO | Epoch 172/200 | LR: 0.005100
2026-02-05 05:50:55 KST | INFO |   Train Loss: 0.0246 | Test Loss: 0.0014 | Test Acc: 91.47%
2026-02-05 05:50:55 KST | INFO |   No improvement (11/30)
2026-02-05 05:50:55 KST | INFO | 
2026-02-05 05:50:55 KST | INFO | Epoch 173/200 | LR: 0.004760
2026-02-05 05:51:12 KST | INFO |   Train Loss: 0.0245 | Test Loss: 0.0013 | Test Acc: 91.54%
2026-02-05 05:51:12 KST | INFO |   🏆 New best accuracy: 91.54%
2026-02-05 05:51:12 KST | INFO | 
2026-02-05 05:51:12 KST | INFO | Epoch 174/200 | LR: 0.004431
2026-02-05 05:51:29 KST | INFO |   Train Loss: 0.0229 | Test Loss: 0.0013 | Test Acc: 91.29%
2026-02-05 05:51:29 KST | INFO |   No improvement (1/30)
2026-02-05 05:51:29 KST | INFO | 
2026-02-05 05:51:29 KST | INFO | Epoch 175/200 | LR: 0.004113
2026-02-05 05:51:46 KST | INFO |   Train Loss: 0.0236 | Test Loss: 0.0013 | Test Acc: 91.38%
2026-02-05 05:51:46 KST | INFO |   No improvement (2/30)
2026-02-05 05:51:46 KST | INFO | 
2026-02-05 05:51:46 KST | INFO | Epoch 176/200 | LR: 0.003807
2026-02-05 05:52:03 KST | INFO |   Train Loss: 0.0223 | Test Loss: 0.0013 | Test Acc: 91.49%
2026-02-05 05:52:03 KST | INFO |   No improvement (3/30)
2026-02-05 05:52:03 KST | INFO | 
2026-02-05 05:52:03 KST | INFO | Epoch 177/200 | LR: 0.003512
2026-02-05 05:52:19 KST | INFO |   Train Loss: 0.0202 | Test Loss: 0.0013 | Test Acc: 91.34%
2026-02-05 05:52:19 KST | INFO |   No improvement (4/30)
2026-02-05 05:52:19 KST | INFO | 
2026-02-05 05:52:19 KST | INFO | Epoch 178/200 | LR: 0.003229
2026-02-05 05:52:36 KST | INFO |   Train Loss: 0.0193 | Test Loss: 0.0015 | Test Acc: 91.28%
2026-02-05 05:52:36 KST | INFO |   No improvement (5/30)
2026-02-05 05:52:36 KST | INFO | 
2026-02-05 05:52:36 KST | INFO | Epoch 179/200 | LR: 0.002957
2026-02-05 05:52:53 KST | INFO |   Train Loss: 0.0203 | Test Loss: 0.0013 | Test Acc: 91.55%
2026-02-05 05:52:53 KST | INFO |   🏆 New best accuracy: 91.55%
2026-02-05 05:52:53 KST | INFO | 
2026-02-05 05:52:53 KST | INFO | Epoch 180/200 | LR: 0.002697
2026-02-05 05:53:10 KST | INFO |   Train Loss: 0.0198 | Test Loss: 0.0013 | Test Acc: 91.20%
2026-02-05 05:53:10 KST | INFO |   No improvement (1/30)
2026-02-05 05:53:10 KST | INFO | 
2026-02-05 05:53:10 KST | INFO | Epoch 181/200 | LR: 0.002448
2026-02-05 05:53:27 KST | INFO |   Train Loss: 0.0182 | Test Loss: 0.0014 | Test Acc: 91.34%
2026-02-05 05:53:27 KST | INFO |   No improvement (2/30)
2026-02-05 05:53:27 KST | INFO | 
2026-02-05 05:53:27 KST | INFO | Epoch 182/200 | LR: 0.002211
2026-02-05 05:53:44 KST | INFO |   Train Loss: 0.0176 | Test Loss: 0.0014 | Test Acc: 91.34%
2026-02-05 05:53:44 KST | INFO |   No improvement (3/30)
2026-02-05 05:53:44 KST | INFO | 
2026-02-05 05:53:44 KST | INFO | Epoch 183/200 | LR: 0.001986
2026-02-05 05:54:01 KST | INFO |   Train Loss: 0.0169 | Test Loss: 0.0014 | Test Acc: 91.34%
2026-02-05 05:54:01 KST | INFO |   No improvement (4/30)
2026-02-05 05:54:01 KST | INFO | 
2026-02-05 05:54:01 KST | INFO | Epoch 184/200 | LR: 0.001773
2026-02-05 05:54:18 KST | INFO |   Train Loss: 0.0165 | Test Loss: 0.0014 | Test Acc: 91.33%
2026-02-05 05:54:18 KST | INFO |   No improvement (5/30)
2026-02-05 05:54:18 KST | INFO | 
2026-02-05 05:54:18 KST | INFO | Epoch 185/200 | LR: 0.001572
2026-02-05 05:54:35 KST | INFO |   Train Loss: 0.0154 | Test Loss: 0.0014 | Test Acc: 91.61%
2026-02-05 05:54:35 KST | INFO |   🏆 New best accuracy: 91.61%
2026-02-05 05:54:35 KST | INFO | 
2026-02-05 05:54:35 KST | INFO | Epoch 186/200 | LR: 0.001382
2026-02-05 05:54:52 KST | INFO |   Train Loss: 0.0156 | Test Loss: 0.0013 | Test Acc: 91.64%
2026-02-05 05:54:52 KST | INFO |   🏆 New best accuracy: 91.64%
2026-02-05 05:54:52 KST | INFO | 
2026-02-05 05:54:52 KST | INFO | Epoch 187/200 | LR: 0.001205
2026-02-05 05:55:09 KST | INFO |   Train Loss: 0.0153 | Test Loss: 0.0014 | Test Acc: 91.59%
2026-02-05 05:55:09 KST | INFO |   No improvement (1/30)
2026-02-05 05:55:09 KST | INFO | 
2026-02-05 05:55:09 KST | INFO | Epoch 188/200 | LR: 0.001040
2026-02-05 05:55:26 KST | INFO |   Train Loss: 0.0144 | Test Loss: 0.0014 | Test Acc: 91.62%
2026-02-05 05:55:26 KST | INFO |   No improvement (2/30)
2026-02-05 05:55:26 KST | INFO | 
2026-02-05 05:55:26 KST | INFO | Epoch 189/200 | LR: 0.000887
2026-02-05 05:55:42 KST | INFO |   Train Loss: 0.0152 | Test Loss: 0.0013 | Test Acc: 91.61%
2026-02-05 05:55:42 KST | INFO |   No improvement (3/30)
2026-02-05 05:55:42 KST | INFO | 
2026-02-05 05:55:42 KST | INFO | Epoch 190/200 | LR: 0.000746
2026-02-05 05:55:59 KST | INFO |   Train Loss: 0.0138 | Test Loss: 0.0014 | Test Acc: 91.47%
2026-02-05 05:55:59 KST | INFO |   No improvement (4/30)
2026-02-05 05:55:59 KST | INFO | 
2026-02-05 05:55:59 KST | INFO | Epoch 191/200 | LR: 0.000617
2026-02-05 05:56:16 KST | INFO |   Train Loss: 0.0144 | Test Loss: 0.0013 | Test Acc: 91.74%
2026-02-05 05:56:16 KST | INFO |   🏆 New best accuracy: 91.74%
2026-02-05 05:56:16 KST | INFO | 
2026-02-05 05:56:16 KST | INFO | Epoch 192/200 | LR: 0.000500
2026-02-05 05:56:33 KST | INFO |   Train Loss: 0.0132 | Test Loss: 0.0014 | Test Acc: 91.76%
2026-02-05 05:56:33 KST | INFO |   🏆 New best accuracy: 91.76%
2026-02-05 05:56:33 KST | INFO | 
2026-02-05 05:56:33 KST | INFO | Epoch 193/200 | LR: 0.000395
2026-02-05 05:56:50 KST | INFO |   Train Loss: 0.0142 | Test Loss: 0.0014 | Test Acc: 91.60%
2026-02-05 05:56:50 KST | INFO |   No improvement (1/30)
2026-02-05 05:56:50 KST | INFO | 
2026-02-05 05:56:50 KST | INFO | Epoch 194/200 | LR: 0.000303
2026-02-05 05:57:06 KST | INFO |   Train Loss: 0.0135 | Test Loss: 0.0014 | Test Acc: 91.64%
2026-02-05 05:57:06 KST | INFO |   No improvement (2/30)
2026-02-05 05:57:06 KST | INFO | 
2026-02-05 05:57:06 KST | INFO | Epoch 195/200 | LR: 0.000223
2026-02-05 05:57:23 KST | INFO |   Train Loss: 0.0129 | Test Loss: 0.0014 | Test Acc: 91.53%
2026-02-05 05:57:23 KST | INFO |   No improvement (3/30)
2026-02-05 05:57:23 KST | INFO | 
2026-02-05 05:57:23 KST | INFO | Epoch 196/200 | LR: 0.000155
2026-02-05 05:57:40 KST | INFO |   Train Loss: 0.0127 | Test Loss: 0.0014 | Test Acc: 91.59%
2026-02-05 05:57:40 KST | INFO |   No improvement (4/30)
2026-02-05 05:57:40 KST | INFO | 
2026-02-05 05:57:40 KST | INFO | Epoch 197/200 | LR: 0.000100
2026-02-05 05:57:57 KST | INFO |   Train Loss: 0.0131 | Test Loss: 0.0014 | Test Acc: 91.65%
2026-02-05 05:57:57 KST | INFO |   No improvement (5/30)
2026-02-05 05:57:57 KST | INFO | 
2026-02-05 05:57:57 KST | INFO | Epoch 198/200 | LR: 0.000057
2026-02-05 05:58:14 KST | INFO |   Train Loss: 0.0124 | Test Loss: 0.0014 | Test Acc: 91.61%
2026-02-05 05:58:14 KST | INFO |   No improvement (6/30)
2026-02-05 05:58:14 KST | INFO | 
2026-02-05 05:58:14 KST | INFO | Epoch 199/200 | LR: 0.000026
2026-02-05 05:58:31 KST | INFO |   Train Loss: 0.0118 | Test Loss: 0.0014 | Test Acc: 91.64%
2026-02-05 05:58:31 KST | INFO |   No improvement (7/30)
2026-02-05 05:58:31 KST | INFO | 
2026-02-05 05:58:31 KST | INFO | Epoch 200/200 | LR: 0.000007
2026-02-05 05:58:48 KST | INFO |   Train Loss: 0.0131 | Test Loss: 0.0014 | Test Acc: 91.62%
2026-02-05 05:58:48 KST | INFO |   No improvement (8/30)
2026-02-05 05:58:48 KST | INFO | 
2026-02-05 05:58:48 KST | INFO | ================================================================================
2026-02-05 05:58:48 KST | INFO | TRAINING COMPLETE
2026-02-05 05:58:48 KST | INFO | ================================================================================
2026-02-05 05:58:48 KST | INFO | Best accuracy:  91.76% (Epoch 192)
2026-02-05 05:58:48 KST | INFO | Final accuracy: 91.62%
2026-02-05 05:58:48 KST | INFO | ================================================================================
2026-02-05 05:58:48 KST | INFO | 
2026-02-05 05:58:48 KST | INFO | Notifying nodes of completion...
2026-02-05 05:58:49 KST | INFO | ✓ Nodes notified
2026-02-05 05:58:49 KST | INFO | 
2026-02-05 05:58:49 KST | INFO | Closing connections...
2026-02-05 05:58:49 KST | INFO | ✓ Cleanup complete
2026-02-05 05:58:49 KST | INFO | 
2026-02-05 05:58:49 KST | INFO | Full log: logs/TL++_base_20260205_050152.log
2026-02-05 05:58:49 KST | INFO | ================================================================================
