2026-02-05 02:09:29 KST | INFO | ================================================================================
2026-02-05 02:09:29 KST | INFO | TL++ Orchestrator
2026-02-05 02:09:29 KST | INFO | ================================================================================
2026-02-05 02:09:29 KST | INFO | Log file: logs/TL++_base_20260205_020929.log
2026-02-05 02:09:29 KST | INFO | 
2026-02-05 02:09:29 KST | INFO | --------------------------------------------------------------------------------
2026-02-05 02:09:29 KST | INFO | CONFIGURATION
2026-02-05 02:09:29 KST | INFO | --------------------------------------------------------------------------------
2026-02-05 02:09:29 KST | INFO | Secure mode:      False
2026-02-05 02:09:29 KST | INFO | Nodes:            8
2026-02-05 02:09:29 KST | INFO | Cut layer:        1
2026-02-05 02:09:29 KST | INFO | Batch size:       128
2026-02-05 02:09:29 KST | INFO | Learning rate:    0.1
2026-02-05 02:09:29 KST | INFO | 
2026-02-05 02:09:29 KST | INFO | Computation device: cuda
2026-02-05 02:09:29 KST | INFO | Secure mode: DISABLED
2026-02-05 02:09:29 KST | INFO | 
2026-02-05 02:09:29 KST | INFO | --------------------------------------------------------------------------------
2026-02-05 02:09:29 KST | INFO | NETWORK SETUP
2026-02-05 02:09:29 KST | INFO | --------------------------------------------------------------------------------
2026-02-05 02:09:29 KST | INFO | ✓ Orchestrator listening on 127.0.0.1:8080
2026-02-05 02:09:29 KST | INFO | Waiting for 8 node(s)...
2026-02-05 02:09:32 KST | INFO |   ✓ Node 1/8 connected
2026-02-05 02:09:33 KST | INFO |   ✓ Node 2/8 connected
2026-02-05 02:09:34 KST | INFO |   ✓ Node 3/8 connected
2026-02-05 02:09:35 KST | INFO |   ✓ Node 4/8 connected
2026-02-05 02:09:36 KST | INFO |   ✓ Node 5/8 connected
2026-02-05 02:09:37 KST | INFO |   ✓ Node 6/8 connected
2026-02-05 02:09:38 KST | INFO |   ✓ Node 7/8 connected
2026-02-05 02:09:39 KST | INFO |   ✓ Node 8/8 connected
2026-02-05 02:09:39 KST | INFO | ✓ All 8 node(s) connected
2026-02-05 02:09:39 KST | INFO | 
2026-02-05 02:09:39 KST | INFO | --------------------------------------------------------------------------------
2026-02-05 02:09:39 KST | INFO | MODEL INITIALIZATION
2026-02-05 02:09:39 KST | INFO | --------------------------------------------------------------------------------
2026-02-05 02:09:39 KST | INFO | Node-side parameters: 38,720
2026-02-05 02:09:39 KST | INFO | 
2026-02-05 02:09:39 KST | INFO | --------------------------------------------------------------------------------
2026-02-05 02:09:39 KST | INFO | BROADCASTING CONFIGURATION
2026-02-05 02:09:39 KST | INFO | --------------------------------------------------------------------------------
2026-02-05 02:09:39 KST | INFO | ✓ Configuration broadcast to all nodes
2026-02-05 02:09:41 KST | INFO | 
2026-02-05 02:09:41 KST | INFO | Total parameters:     3,247,176
2026-02-05 02:09:41 KST | INFO | Trainable parameters: 3,247,176
2026-02-05 02:09:41 KST | INFO | 
2026-02-05 02:09:41 KST | INFO | --------------------------------------------------------------------------------
2026-02-05 02:09:41 KST | INFO | DATA LOADING
2026-02-05 02:09:41 KST | INFO | --------------------------------------------------------------------------------
2026-02-05 02:10:08 KST | INFO | ✓ Dataset information collected:
2026-02-05 02:10:08 KST | INFO |     Node 1: 5,000 samples
2026-02-05 02:10:08 KST | INFO |     Node 2: 5,000 samples
2026-02-05 02:10:08 KST | INFO |     Node 3: 5,000 samples
2026-02-05 02:10:08 KST | INFO |     Node 4: 5,000 samples
2026-02-05 02:10:08 KST | INFO |     Node 5: 5,000 samples
2026-02-05 02:10:08 KST | INFO |     Node 6: 5,000 samples
2026-02-05 02:10:08 KST | INFO |     Node 7: 5,000 samples
2026-02-05 02:10:08 KST | INFO |     Node 8: 5,000 samples
2026-02-05 02:10:08 KST | INFO |   Total training samples: 40,000
2026-02-05 02:10:08 KST | INFO | 
2026-02-05 02:10:12 KST | INFO | ✓ Test dataset loaded: 8,000 samples
2026-02-05 02:10:12 KST | INFO | 
2026-02-05 02:10:12 KST | INFO | ✓ Batch scheduler: 313 batches/epoch
2026-02-05 02:10:12 KST | INFO | 
2026-02-05 02:10:12 KST | INFO | --------------------------------------------------------------------------------
2026-02-05 02:10:12 KST | INFO | OPTIMIZATION SETUP
2026-02-05 02:10:12 KST | INFO | --------------------------------------------------------------------------------
2026-02-05 02:10:12 KST | INFO | ✓ Optimizer: SGD (lr=0.1, momentum=0.9)
2026-02-05 02:10:12 KST | INFO | ✓ Scheduler: cosine
2026-02-05 02:10:12 KST | INFO | ✓ Gradient clipping: 1.0
2026-02-05 02:10:12 KST | INFO | 
2026-02-05 02:10:12 KST | INFO | ================================================================================
2026-02-05 02:10:12 KST | INFO | Setup complete - Ready for training
2026-02-05 02:10:12 KST | INFO | ================================================================================
2026-02-05 02:10:12 KST | INFO | 
2026-02-05 02:10:12 KST | INFO | --------------------------------------------------------------------------------
2026-02-05 02:10:12 KST | INFO | TRAINING
2026-02-05 02:10:12 KST | INFO | --------------------------------------------------------------------------------
2026-02-05 02:10:12 KST | INFO | 
2026-02-05 02:10:12 KST | INFO | Epoch 1/200 | LR: 0.100000
2026-02-05 02:10:30 KST | INFO |   Train Loss: 1.5823 | Test Loss: 0.0050 | Test Acc: 54.66%
2026-02-05 02:10:30 KST | INFO |   🏆 New best accuracy: 54.66%
2026-02-05 02:10:30 KST | INFO | 
2026-02-05 02:10:30 KST | INFO | Epoch 2/200 | LR: 0.099994
2026-02-05 02:10:47 KST | INFO |   Train Loss: 1.1563 | Test Loss: 0.0038 | Test Acc: 65.22%
2026-02-05 02:10:47 KST | INFO |   🏆 New best accuracy: 65.22%
2026-02-05 02:10:47 KST | INFO | 
2026-02-05 02:10:47 KST | INFO | Epoch 3/200 | LR: 0.099975
2026-02-05 02:11:04 KST | INFO |   Train Loss: 0.9491 | Test Loss: 0.0031 | Test Acc: 72.95%
2026-02-05 02:11:04 KST | INFO |   🏆 New best accuracy: 72.95%
2026-02-05 02:11:04 KST | INFO | 
2026-02-05 02:11:04 KST | INFO | Epoch 4/200 | LR: 0.099944
2026-02-05 02:11:21 KST | INFO |   Train Loss: 0.8230 | Test Loss: 0.0030 | Test Acc: 73.22%
2026-02-05 02:11:21 KST | INFO |   🏆 New best accuracy: 73.22%
2026-02-05 02:11:21 KST | INFO | 
2026-02-05 02:11:21 KST | INFO | Epoch 5/200 | LR: 0.099901
2026-02-05 02:11:38 KST | INFO |   Train Loss: 0.7375 | Test Loss: 0.0028 | Test Acc: 75.26%
2026-02-05 02:11:38 KST | INFO |   🏆 New best accuracy: 75.26%
2026-02-05 02:11:38 KST | INFO | 
2026-02-05 02:11:38 KST | INFO | Epoch 6/200 | LR: 0.099846
2026-02-05 02:11:55 KST | INFO |   Train Loss: 0.6781 | Test Loss: 0.0025 | Test Acc: 78.05%
2026-02-05 02:11:55 KST | INFO |   🏆 New best accuracy: 78.05%
2026-02-05 02:11:55 KST | INFO | 
2026-02-05 02:11:55 KST | INFO | Epoch 7/200 | LR: 0.099778
2026-02-05 02:12:12 KST | INFO |   Train Loss: 0.6342 | Test Loss: 0.0023 | Test Acc: 80.49%
2026-02-05 02:12:12 KST | INFO |   🏆 New best accuracy: 80.49%
2026-02-05 02:12:12 KST | INFO | 
2026-02-05 02:12:12 KST | INFO | Epoch 8/200 | LR: 0.099698
2026-02-05 02:12:29 KST | INFO |   Train Loss: 0.5980 | Test Loss: 0.0023 | Test Acc: 80.41%
2026-02-05 02:12:29 KST | INFO |   No improvement (1/30)
2026-02-05 02:12:29 KST | INFO | 
2026-02-05 02:12:29 KST | INFO | Epoch 9/200 | LR: 0.099606
2026-02-05 02:12:47 KST | INFO |   Train Loss: 0.5673 | Test Loss: 0.0029 | Test Acc: 76.84%
2026-02-05 02:12:47 KST | INFO |   No improvement (2/30)
2026-02-05 02:12:47 KST | INFO | 
2026-02-05 02:12:47 KST | INFO | Epoch 10/200 | LR: 0.099501
2026-02-05 02:13:03 KST | INFO |   Train Loss: 0.5465 | Test Loss: 0.0022 | Test Acc: 81.79%
2026-02-05 02:13:03 KST | INFO |   🏆 New best accuracy: 81.79%
2026-02-05 02:13:03 KST | INFO | 
2026-02-05 02:13:03 KST | INFO | Epoch 11/200 | LR: 0.099384
2026-02-05 02:13:20 KST | INFO |   Train Loss: 0.5196 | Test Loss: 0.0022 | Test Acc: 81.19%
2026-02-05 02:13:20 KST | INFO |   No improvement (1/30)
2026-02-05 02:13:20 KST | INFO | 
2026-02-05 02:13:20 KST | INFO | Epoch 12/200 | LR: 0.099255
2026-02-05 02:13:37 KST | INFO |   Train Loss: 0.4954 | Test Loss: 0.0019 | Test Acc: 82.80%
2026-02-05 02:13:37 KST | INFO |   🏆 New best accuracy: 82.80%
2026-02-05 02:13:37 KST | INFO | 
2026-02-05 02:13:37 KST | INFO | Epoch 13/200 | LR: 0.099114
2026-02-05 02:13:54 KST | INFO |   Train Loss: 0.4821 | Test Loss: 0.0018 | Test Acc: 84.11%
2026-02-05 02:13:54 KST | INFO |   🏆 New best accuracy: 84.11%
2026-02-05 02:13:54 KST | INFO | 
2026-02-05 02:13:54 KST | INFO | Epoch 14/200 | LR: 0.098961
2026-02-05 02:14:11 KST | INFO |   Train Loss: 0.4648 | Test Loss: 0.0021 | Test Acc: 82.15%
2026-02-05 02:14:11 KST | INFO |   No improvement (1/30)
2026-02-05 02:14:11 KST | INFO | 
2026-02-05 02:14:11 KST | INFO | Epoch 15/200 | LR: 0.098796
2026-02-05 02:14:28 KST | INFO |   Train Loss: 0.4585 | Test Loss: 0.0021 | Test Acc: 82.99%
2026-02-05 02:14:28 KST | INFO |   No improvement (2/30)
2026-02-05 02:14:28 KST | INFO | 
2026-02-05 02:14:28 KST | INFO | Epoch 16/200 | LR: 0.098619
2026-02-05 02:14:45 KST | INFO |   Train Loss: 0.4472 | Test Loss: 0.0020 | Test Acc: 83.74%
2026-02-05 02:14:45 KST | INFO |   No improvement (3/30)
2026-02-05 02:14:45 KST | INFO | 
2026-02-05 02:14:45 KST | INFO | Epoch 17/200 | LR: 0.098429
2026-02-05 02:15:02 KST | INFO |   Train Loss: 0.4349 | Test Loss: 0.0017 | Test Acc: 85.35%
2026-02-05 02:15:02 KST | INFO |   🏆 New best accuracy: 85.35%
2026-02-05 02:15:02 KST | INFO | 
2026-02-05 02:15:02 KST | INFO | Epoch 18/200 | LR: 0.098228
2026-02-05 02:15:19 KST | INFO |   Train Loss: 0.4283 | Test Loss: 0.0017 | Test Acc: 86.09%
2026-02-05 02:15:19 KST | INFO |   🏆 New best accuracy: 86.09%
2026-02-05 02:15:19 KST | INFO | 
2026-02-05 02:15:19 KST | INFO | Epoch 19/200 | LR: 0.098015
2026-02-05 02:15:36 KST | INFO |   Train Loss: 0.4169 | Test Loss: 0.0018 | Test Acc: 85.25%
2026-02-05 02:15:36 KST | INFO |   No improvement (1/30)
2026-02-05 02:15:36 KST | INFO | 
2026-02-05 02:15:36 KST | INFO | Epoch 20/200 | LR: 0.097790
2026-02-05 02:15:53 KST | INFO |   Train Loss: 0.4090 | Test Loss: 0.0017 | Test Acc: 85.80%
2026-02-05 02:15:53 KST | INFO |   No improvement (2/30)
2026-02-05 02:15:53 KST | INFO | 
2026-02-05 02:15:53 KST | INFO | Epoch 21/200 | LR: 0.097553
2026-02-05 02:16:10 KST | INFO |   Train Loss: 0.3950 | Test Loss: 0.0018 | Test Acc: 84.42%
2026-02-05 02:16:10 KST | INFO |   No improvement (3/30)
2026-02-05 02:16:10 KST | INFO | 
2026-02-05 02:16:10 KST | INFO | Epoch 22/200 | LR: 0.097304
2026-02-05 02:16:27 KST | INFO |   Train Loss: 0.3942 | Test Loss: 0.0017 | Test Acc: 86.03%
2026-02-05 02:16:27 KST | INFO |   No improvement (4/30)
2026-02-05 02:16:27 KST | INFO | 
2026-02-05 02:16:27 KST | INFO | Epoch 23/200 | LR: 0.097044
2026-02-05 02:16:44 KST | INFO |   Train Loss: 0.3868 | Test Loss: 0.0019 | Test Acc: 84.00%
2026-02-05 02:16:44 KST | INFO |   No improvement (5/30)
2026-02-05 02:16:44 KST | INFO | 
2026-02-05 02:16:44 KST | INFO | Epoch 24/200 | LR: 0.096772
2026-02-05 02:17:01 KST | INFO |   Train Loss: 0.3842 | Test Loss: 0.0019 | Test Acc: 84.58%
2026-02-05 02:17:01 KST | INFO |   No improvement (6/30)
2026-02-05 02:17:01 KST | INFO | 
2026-02-05 02:17:01 KST | INFO | Epoch 25/200 | LR: 0.096489
2026-02-05 02:17:18 KST | INFO |   Train Loss: 0.3752 | Test Loss: 0.0017 | Test Acc: 85.49%
2026-02-05 02:17:18 KST | INFO |   No improvement (7/30)
2026-02-05 02:17:18 KST | INFO | 
2026-02-05 02:17:18 KST | INFO | Epoch 26/200 | LR: 0.096194
2026-02-05 02:17:35 KST | INFO |   Train Loss: 0.3677 | Test Loss: 0.0019 | Test Acc: 84.20%
2026-02-05 02:17:35 KST | INFO |   No improvement (8/30)
2026-02-05 02:17:35 KST | INFO | 
2026-02-05 02:17:35 KST | INFO | Epoch 27/200 | LR: 0.095888
2026-02-05 02:17:52 KST | INFO |   Train Loss: 0.3690 | Test Loss: 0.0016 | Test Acc: 86.24%
2026-02-05 02:17:52 KST | INFO |   🏆 New best accuracy: 86.24%
2026-02-05 02:17:52 KST | INFO | 
2026-02-05 02:17:52 KST | INFO | Epoch 28/200 | LR: 0.095570
2026-02-05 02:18:09 KST | INFO |   Train Loss: 0.3646 | Test Loss: 0.0018 | Test Acc: 85.22%
2026-02-05 02:18:09 KST | INFO |   No improvement (1/30)
2026-02-05 02:18:09 KST | INFO | 
2026-02-05 02:18:09 KST | INFO | Epoch 29/200 | LR: 0.095241
2026-02-05 02:18:26 KST | INFO |   Train Loss: 0.3584 | Test Loss: 0.0020 | Test Acc: 83.96%
2026-02-05 02:18:26 KST | INFO |   No improvement (2/30)
2026-02-05 02:18:26 KST | INFO | 
2026-02-05 02:18:26 KST | INFO | Epoch 30/200 | LR: 0.094901
2026-02-05 02:18:43 KST | INFO |   Train Loss: 0.3535 | Test Loss: 0.0018 | Test Acc: 85.34%
2026-02-05 02:18:43 KST | INFO |   No improvement (3/30)
2026-02-05 02:18:43 KST | INFO | 
2026-02-05 02:18:43 KST | INFO | Epoch 31/200 | LR: 0.094550
2026-02-05 02:19:00 KST | INFO |   Train Loss: 0.3458 | Test Loss: 0.0016 | Test Acc: 86.14%
2026-02-05 02:19:00 KST | INFO |   No improvement (4/30)
2026-02-05 02:19:00 KST | INFO | 
2026-02-05 02:19:00 KST | INFO | Epoch 32/200 | LR: 0.094188
2026-02-05 02:19:17 KST | INFO |   Train Loss: 0.3444 | Test Loss: 0.0017 | Test Acc: 86.42%
2026-02-05 02:19:17 KST | INFO |   🏆 New best accuracy: 86.42%
2026-02-05 02:19:17 KST | INFO | 
2026-02-05 02:19:17 KST | INFO | Epoch 33/200 | LR: 0.093815
2026-02-05 02:19:34 KST | INFO |   Train Loss: 0.3406 | Test Loss: 0.0016 | Test Acc: 86.91%
2026-02-05 02:19:34 KST | INFO |   🏆 New best accuracy: 86.91%
2026-02-05 02:19:34 KST | INFO | 
2026-02-05 02:19:34 KST | INFO | Epoch 34/200 | LR: 0.093432
2026-02-05 02:19:51 KST | INFO |   Train Loss: 0.3366 | Test Loss: 0.0018 | Test Acc: 85.17%
2026-02-05 02:19:51 KST | INFO |   No improvement (1/30)
2026-02-05 02:19:51 KST | INFO | 
2026-02-05 02:19:51 KST | INFO | Epoch 35/200 | LR: 0.093037
2026-02-05 02:20:08 KST | INFO |   Train Loss: 0.3368 | Test Loss: 0.0015 | Test Acc: 87.59%
2026-02-05 02:20:08 KST | INFO |   🏆 New best accuracy: 87.59%
2026-02-05 02:20:08 KST | INFO | 
2026-02-05 02:20:08 KST | INFO | Epoch 36/200 | LR: 0.092632
2026-02-05 02:20:25 KST | INFO |   Train Loss: 0.3301 | Test Loss: 0.0016 | Test Acc: 86.99%
2026-02-05 02:20:25 KST | INFO |   No improvement (1/30)
2026-02-05 02:20:25 KST | INFO | 
2026-02-05 02:20:25 KST | INFO | Epoch 37/200 | LR: 0.092216
2026-02-05 02:20:42 KST | INFO |   Train Loss: 0.3240 | Test Loss: 0.0018 | Test Acc: 85.31%
2026-02-05 02:20:42 KST | INFO |   No improvement (2/30)
2026-02-05 02:20:42 KST | INFO | 
2026-02-05 02:20:42 KST | INFO | Epoch 38/200 | LR: 0.091790
2026-02-05 02:20:59 KST | INFO |   Train Loss: 0.3257 | Test Loss: 0.0016 | Test Acc: 86.70%
2026-02-05 02:20:59 KST | INFO |   No improvement (3/30)
2026-02-05 02:20:59 KST | INFO | 
2026-02-05 02:20:59 KST | INFO | Epoch 39/200 | LR: 0.091354
2026-02-05 02:21:16 KST | INFO |   Train Loss: 0.3186 | Test Loss: 0.0018 | Test Acc: 85.72%
2026-02-05 02:21:16 KST | INFO |   No improvement (4/30)
2026-02-05 02:21:16 KST | INFO | 
2026-02-05 02:21:16 KST | INFO | Epoch 40/200 | LR: 0.090908
2026-02-05 02:21:33 KST | INFO |   Train Loss: 0.3196 | Test Loss: 0.0015 | Test Acc: 87.67%
2026-02-05 02:21:33 KST | INFO |   🏆 New best accuracy: 87.67%
2026-02-05 02:21:33 KST | INFO | 
2026-02-05 02:21:33 KST | INFO | Epoch 41/200 | LR: 0.090451
2026-02-05 02:21:50 KST | INFO |   Train Loss: 0.3140 | Test Loss: 0.0019 | Test Acc: 85.49%
2026-02-05 02:21:50 KST | INFO |   No improvement (1/30)
2026-02-05 02:21:50 KST | INFO | 
2026-02-05 02:21:50 KST | INFO | Epoch 42/200 | LR: 0.089984
2026-02-05 02:22:07 KST | INFO |   Train Loss: 0.3071 | Test Loss: 0.0016 | Test Acc: 86.47%
2026-02-05 02:22:07 KST | INFO |   No improvement (2/30)
2026-02-05 02:22:07 KST | INFO | 
2026-02-05 02:22:07 KST | INFO | Epoch 43/200 | LR: 0.089508
2026-02-05 02:22:25 KST | INFO |   Train Loss: 0.3069 | Test Loss: 0.0017 | Test Acc: 86.74%
2026-02-05 02:22:25 KST | INFO |   No improvement (3/30)
2026-02-05 02:22:25 KST | INFO | 
2026-02-05 02:22:25 KST | INFO | Epoch 44/200 | LR: 0.089022
2026-02-05 02:22:41 KST | INFO |   Train Loss: 0.3069 | Test Loss: 0.0015 | Test Acc: 87.05%
2026-02-05 02:22:41 KST | INFO |   No improvement (4/30)
2026-02-05 02:22:41 KST | INFO | 
2026-02-05 02:22:41 KST | INFO | Epoch 45/200 | LR: 0.088526
2026-02-05 02:22:59 KST | INFO |   Train Loss: 0.3045 | Test Loss: 0.0018 | Test Acc: 84.89%
2026-02-05 02:22:59 KST | INFO |   No improvement (5/30)
2026-02-05 02:22:59 KST | INFO | 
2026-02-05 02:22:59 KST | INFO | Epoch 46/200 | LR: 0.088020
2026-02-05 02:23:16 KST | INFO |   Train Loss: 0.2980 | Test Loss: 0.0015 | Test Acc: 87.75%
2026-02-05 02:23:16 KST | INFO |   🏆 New best accuracy: 87.75%
2026-02-05 02:23:16 KST | INFO | 
2026-02-05 02:23:16 KST | INFO | Epoch 47/200 | LR: 0.087506
2026-02-05 02:23:33 KST | INFO |   Train Loss: 0.2986 | Test Loss: 0.0015 | Test Acc: 86.97%
2026-02-05 02:23:33 KST | INFO |   No improvement (1/30)
2026-02-05 02:23:33 KST | INFO | 
2026-02-05 02:23:33 KST | INFO | Epoch 48/200 | LR: 0.086982
2026-02-05 02:23:50 KST | INFO |   Train Loss: 0.2981 | Test Loss: 0.0017 | Test Acc: 86.34%
2026-02-05 02:23:50 KST | INFO |   No improvement (2/30)
2026-02-05 02:23:50 KST | INFO | 
2026-02-05 02:23:50 KST | INFO | Epoch 49/200 | LR: 0.086449
2026-02-05 02:24:08 KST | INFO |   Train Loss: 0.2952 | Test Loss: 0.0016 | Test Acc: 86.50%
2026-02-05 02:24:08 KST | INFO |   No improvement (3/30)
2026-02-05 02:24:08 KST | INFO | 
2026-02-05 02:24:08 KST | INFO | Epoch 50/200 | LR: 0.085906
2026-02-05 02:24:25 KST | INFO |   Train Loss: 0.2886 | Test Loss: 0.0014 | Test Acc: 88.25%
2026-02-05 02:24:25 KST | INFO |   🏆 New best accuracy: 88.25%
2026-02-05 02:24:25 KST | INFO | 
2026-02-05 02:24:25 KST | INFO | Epoch 51/200 | LR: 0.085355
2026-02-05 02:24:42 KST | INFO |   Train Loss: 0.2901 | Test Loss: 0.0015 | Test Acc: 87.80%
2026-02-05 02:24:42 KST | INFO |   No improvement (1/30)
2026-02-05 02:24:42 KST | INFO | 
2026-02-05 02:24:42 KST | INFO | Epoch 52/200 | LR: 0.084796
2026-02-05 02:24:59 KST | INFO |   Train Loss: 0.2884 | Test Loss: 0.0014 | Test Acc: 88.39%
2026-02-05 02:24:59 KST | INFO |   🏆 New best accuracy: 88.39%
2026-02-05 02:24:59 KST | INFO | 
2026-02-05 02:24:59 KST | INFO | Epoch 53/200 | LR: 0.084228
2026-02-05 02:25:16 KST | INFO |   Train Loss: 0.2798 | Test Loss: 0.0014 | Test Acc: 88.44%
2026-02-05 02:25:16 KST | INFO |   🏆 New best accuracy: 88.44%
2026-02-05 02:25:16 KST | INFO | 
2026-02-05 02:25:16 KST | INFO | Epoch 54/200 | LR: 0.083651
2026-02-05 02:25:33 KST | INFO |   Train Loss: 0.2845 | Test Loss: 0.0017 | Test Acc: 86.38%
2026-02-05 02:25:33 KST | INFO |   No improvement (1/30)
2026-02-05 02:25:33 KST | INFO | 
2026-02-05 02:25:33 KST | INFO | Epoch 55/200 | LR: 0.083066
2026-02-05 02:25:50 KST | INFO |   Train Loss: 0.2800 | Test Loss: 0.0015 | Test Acc: 88.05%
2026-02-05 02:25:50 KST | INFO |   No improvement (2/30)
2026-02-05 02:25:50 KST | INFO | 
2026-02-05 02:25:50 KST | INFO | Epoch 56/200 | LR: 0.082473
2026-02-05 02:26:07 KST | INFO |   Train Loss: 0.2725 | Test Loss: 0.0015 | Test Acc: 87.54%
2026-02-05 02:26:07 KST | INFO |   No improvement (3/30)
2026-02-05 02:26:07 KST | INFO | 
2026-02-05 02:26:07 KST | INFO | Epoch 57/200 | LR: 0.081871
2026-02-05 02:26:24 KST | INFO |   Train Loss: 0.2717 | Test Loss: 0.0013 | Test Acc: 88.90%
2026-02-05 02:26:24 KST | INFO |   🏆 New best accuracy: 88.90%
2026-02-05 02:26:24 KST | INFO | 
2026-02-05 02:26:24 KST | INFO | Epoch 58/200 | LR: 0.081262
2026-02-05 02:26:41 KST | INFO |   Train Loss: 0.2703 | Test Loss: 0.0014 | Test Acc: 88.45%
2026-02-05 02:26:41 KST | INFO |   No improvement (1/30)
2026-02-05 02:26:41 KST | INFO | 
2026-02-05 02:26:41 KST | INFO | Epoch 59/200 | LR: 0.080646
2026-02-05 02:26:58 KST | INFO |   Train Loss: 0.2672 | Test Loss: 0.0016 | Test Acc: 87.34%
2026-02-05 02:26:58 KST | INFO |   No improvement (2/30)
2026-02-05 02:26:58 KST | INFO | 
2026-02-05 02:26:58 KST | INFO | Epoch 60/200 | LR: 0.080021
2026-02-05 02:27:15 KST | INFO |   Train Loss: 0.2682 | Test Loss: 0.0015 | Test Acc: 87.62%
2026-02-05 02:27:15 KST | INFO |   No improvement (3/30)
2026-02-05 02:27:15 KST | INFO | 
2026-02-05 02:27:15 KST | INFO | Epoch 61/200 | LR: 0.079389
2026-02-05 02:27:32 KST | INFO |   Train Loss: 0.2615 | Test Loss: 0.0015 | Test Acc: 87.45%
2026-02-05 02:27:32 KST | INFO |   No improvement (4/30)
2026-02-05 02:27:32 KST | INFO | 
2026-02-05 02:27:32 KST | INFO | Epoch 62/200 | LR: 0.078750
2026-02-05 02:27:50 KST | INFO |   Train Loss: 0.2656 | Test Loss: 0.0014 | Test Acc: 88.51%
2026-02-05 02:27:50 KST | INFO |   No improvement (5/30)
2026-02-05 02:27:50 KST | INFO | 
2026-02-05 02:27:50 KST | INFO | Epoch 63/200 | LR: 0.078104
2026-02-05 02:28:07 KST | INFO |   Train Loss: 0.2567 | Test Loss: 0.0014 | Test Acc: 88.35%
2026-02-05 02:28:07 KST | INFO |   No improvement (6/30)
2026-02-05 02:28:07 KST | INFO | 
2026-02-05 02:28:07 KST | INFO | Epoch 64/200 | LR: 0.077451
2026-02-05 02:28:24 KST | INFO |   Train Loss: 0.2572 | Test Loss: 0.0014 | Test Acc: 88.11%
2026-02-05 02:28:24 KST | INFO |   No improvement (7/30)
2026-02-05 02:28:24 KST | INFO | 
2026-02-05 02:28:24 KST | INFO | Epoch 65/200 | LR: 0.076792
2026-02-05 02:28:41 KST | INFO |   Train Loss: 0.2545 | Test Loss: 0.0013 | Test Acc: 88.99%
2026-02-05 02:28:41 KST | INFO |   🏆 New best accuracy: 88.99%
2026-02-05 02:28:41 KST | INFO | 
2026-02-05 02:28:41 KST | INFO | Epoch 66/200 | LR: 0.076125
2026-02-05 02:28:58 KST | INFO |   Train Loss: 0.2508 | Test Loss: 0.0014 | Test Acc: 88.35%
2026-02-05 02:28:58 KST | INFO |   No improvement (1/30)
2026-02-05 02:28:58 KST | INFO | 
2026-02-05 02:28:58 KST | INFO | Epoch 67/200 | LR: 0.075452
2026-02-05 02:29:15 KST | INFO |   Train Loss: 0.2527 | Test Loss: 0.0017 | Test Acc: 86.97%
2026-02-05 02:29:15 KST | INFO |   No improvement (2/30)
2026-02-05 02:29:15 KST | INFO | 
2026-02-05 02:29:15 KST | INFO | Epoch 68/200 | LR: 0.074773
2026-02-05 02:29:32 KST | INFO |   Train Loss: 0.2502 | Test Loss: 0.0014 | Test Acc: 89.11%
2026-02-05 02:29:32 KST | INFO |   🏆 New best accuracy: 89.11%
2026-02-05 02:29:32 KST | INFO | 
2026-02-05 02:29:32 KST | INFO | Epoch 69/200 | LR: 0.074088
2026-02-05 02:29:50 KST | INFO |   Train Loss: 0.2488 | Test Loss: 0.0017 | Test Acc: 87.20%
2026-02-05 02:29:50 KST | INFO |   No improvement (1/30)
2026-02-05 02:29:50 KST | INFO | 
2026-02-05 02:29:50 KST | INFO | Epoch 70/200 | LR: 0.073397
2026-02-05 02:30:07 KST | INFO |   Train Loss: 0.2403 | Test Loss: 0.0016 | Test Acc: 87.31%
2026-02-05 02:30:07 KST | INFO |   No improvement (2/30)
2026-02-05 02:30:07 KST | INFO | 
2026-02-05 02:30:07 KST | INFO | Epoch 71/200 | LR: 0.072700
2026-02-05 02:30:24 KST | INFO |   Train Loss: 0.2377 | Test Loss: 0.0015 | Test Acc: 87.49%
2026-02-05 02:30:24 KST | INFO |   No improvement (3/30)
2026-02-05 02:30:24 KST | INFO | 
2026-02-05 02:30:24 KST | INFO | Epoch 72/200 | LR: 0.071997
2026-02-05 02:30:41 KST | INFO |   Train Loss: 0.2451 | Test Loss: 0.0015 | Test Acc: 87.64%
2026-02-05 02:30:41 KST | INFO |   No improvement (4/30)
2026-02-05 02:30:41 KST | INFO | 
2026-02-05 02:30:41 KST | INFO | Epoch 73/200 | LR: 0.071289
2026-02-05 02:30:58 KST | INFO |   Train Loss: 0.2341 | Test Loss: 0.0014 | Test Acc: 88.94%
2026-02-05 02:30:58 KST | INFO |   No improvement (5/30)
2026-02-05 02:30:58 KST | INFO | 
2026-02-05 02:30:58 KST | INFO | Epoch 74/200 | LR: 0.070576
2026-02-05 02:31:15 KST | INFO |   Train Loss: 0.2349 | Test Loss: 0.0014 | Test Acc: 88.53%
2026-02-05 02:31:15 KST | INFO |   No improvement (6/30)
2026-02-05 02:31:15 KST | INFO | 
2026-02-05 02:31:15 KST | INFO | Epoch 75/200 | LR: 0.069858
2026-02-05 02:31:32 KST | INFO |   Train Loss: 0.2299 | Test Loss: 0.0014 | Test Acc: 88.55%
2026-02-05 02:31:32 KST | INFO |   No improvement (7/30)
2026-02-05 02:31:32 KST | INFO | 
2026-02-05 02:31:32 KST | INFO | Epoch 76/200 | LR: 0.069134
2026-02-05 02:31:49 KST | INFO |   Train Loss: 0.2307 | Test Loss: 0.0014 | Test Acc: 88.06%
2026-02-05 02:31:49 KST | INFO |   No improvement (8/30)
2026-02-05 02:31:49 KST | INFO | 
2026-02-05 02:31:49 KST | INFO | Epoch 77/200 | LR: 0.068407
2026-02-05 02:32:06 KST | INFO |   Train Loss: 0.2275 | Test Loss: 0.0017 | Test Acc: 87.09%
2026-02-05 02:32:06 KST | INFO |   No improvement (9/30)
2026-02-05 02:32:06 KST | INFO | 
2026-02-05 02:32:06 KST | INFO | Epoch 78/200 | LR: 0.067674
2026-02-05 02:32:23 KST | INFO |   Train Loss: 0.2226 | Test Loss: 0.0016 | Test Acc: 86.78%
2026-02-05 02:32:23 KST | INFO |   No improvement (10/30)
2026-02-05 02:32:23 KST | INFO | 
2026-02-05 02:32:23 KST | INFO | Epoch 79/200 | LR: 0.066937
2026-02-05 02:32:40 KST | INFO |   Train Loss: 0.2169 | Test Loss: 0.0014 | Test Acc: 88.40%
2026-02-05 02:32:40 KST | INFO |   No improvement (11/30)
2026-02-05 02:32:40 KST | INFO | 
2026-02-05 02:32:40 KST | INFO | Epoch 80/200 | LR: 0.066196
2026-02-05 02:32:57 KST | INFO |   Train Loss: 0.2177 | Test Loss: 0.0013 | Test Acc: 89.51%
2026-02-05 02:32:57 KST | INFO |   🏆 New best accuracy: 89.51%
2026-02-05 02:32:57 KST | INFO | 
2026-02-05 02:32:57 KST | INFO | Epoch 81/200 | LR: 0.065451
2026-02-05 02:33:15 KST | INFO |   Train Loss: 0.2145 | Test Loss: 0.0015 | Test Acc: 88.76%
2026-02-05 02:33:15 KST | INFO |   No improvement (1/30)
2026-02-05 02:33:15 KST | INFO | 
2026-02-05 02:33:15 KST | INFO | Epoch 82/200 | LR: 0.064702
2026-02-05 02:33:31 KST | INFO |   Train Loss: 0.2200 | Test Loss: 0.0013 | Test Acc: 89.09%
2026-02-05 02:33:31 KST | INFO |   No improvement (2/30)
2026-02-05 02:33:31 KST | INFO | 
2026-02-05 02:33:31 KST | INFO | Epoch 83/200 | LR: 0.063950
2026-02-05 02:33:48 KST | INFO |   Train Loss: 0.2145 | Test Loss: 0.0013 | Test Acc: 89.33%
2026-02-05 02:33:48 KST | INFO |   No improvement (3/30)
2026-02-05 02:33:48 KST | INFO | 
2026-02-05 02:33:48 KST | INFO | Epoch 84/200 | LR: 0.063194
2026-02-05 02:34:06 KST | INFO |   Train Loss: 0.2104 | Test Loss: 0.0015 | Test Acc: 88.11%
2026-02-05 02:34:06 KST | INFO |   No improvement (4/30)
2026-02-05 02:34:06 KST | INFO | 
2026-02-05 02:34:06 KST | INFO | Epoch 85/200 | LR: 0.062435
2026-02-05 02:34:23 KST | INFO |   Train Loss: 0.2057 | Test Loss: 0.0013 | Test Acc: 88.90%
2026-02-05 02:34:23 KST | INFO |   No improvement (5/30)
2026-02-05 02:34:23 KST | INFO | 
2026-02-05 02:34:23 KST | INFO | Epoch 86/200 | LR: 0.061673
2026-02-05 02:34:40 KST | INFO |   Train Loss: 0.2062 | Test Loss: 0.0012 | Test Acc: 89.74%
2026-02-05 02:34:40 KST | INFO |   🏆 New best accuracy: 89.74%
2026-02-05 02:34:40 KST | INFO | 
2026-02-05 02:34:40 KST | INFO | Epoch 87/200 | LR: 0.060908
2026-02-05 02:34:57 KST | INFO |   Train Loss: 0.2048 | Test Loss: 0.0016 | Test Acc: 87.54%
2026-02-05 02:34:57 KST | INFO |   No improvement (1/30)
2026-02-05 02:34:57 KST | INFO | 
2026-02-05 02:34:57 KST | INFO | Epoch 88/200 | LR: 0.060140
2026-02-05 02:35:14 KST | INFO |   Train Loss: 0.2016 | Test Loss: 0.0015 | Test Acc: 88.31%
2026-02-05 02:35:14 KST | INFO |   No improvement (2/30)
2026-02-05 02:35:14 KST | INFO | 
2026-02-05 02:35:14 KST | INFO | Epoch 89/200 | LR: 0.059369
2026-02-05 02:35:31 KST | INFO |   Train Loss: 0.1972 | Test Loss: 0.0013 | Test Acc: 89.71%
2026-02-05 02:35:31 KST | INFO |   No improvement (3/30)
2026-02-05 02:35:31 KST | INFO | 
2026-02-05 02:35:31 KST | INFO | Epoch 90/200 | LR: 0.058597
2026-02-05 02:35:48 KST | INFO |   Train Loss: 0.1922 | Test Loss: 0.0013 | Test Acc: 89.59%
2026-02-05 02:35:48 KST | INFO |   No improvement (4/30)
2026-02-05 02:35:48 KST | INFO | 
2026-02-05 02:35:48 KST | INFO | Epoch 91/200 | LR: 0.057822
2026-02-05 02:36:05 KST | INFO |   Train Loss: 0.1930 | Test Loss: 0.0014 | Test Acc: 88.79%
2026-02-05 02:36:05 KST | INFO |   No improvement (5/30)
2026-02-05 02:36:05 KST | INFO | 
2026-02-05 02:36:05 KST | INFO | Epoch 92/200 | LR: 0.057045
2026-02-05 02:36:22 KST | INFO |   Train Loss: 0.1929 | Test Loss: 0.0013 | Test Acc: 89.83%
2026-02-05 02:36:22 KST | INFO |   🏆 New best accuracy: 89.83%
2026-02-05 02:36:22 KST | INFO | 
2026-02-05 02:36:22 KST | INFO | Epoch 93/200 | LR: 0.056267
2026-02-05 02:36:39 KST | INFO |   Train Loss: 0.1872 | Test Loss: 0.0015 | Test Acc: 87.97%
2026-02-05 02:36:39 KST | INFO |   No improvement (1/30)
2026-02-05 02:36:39 KST | INFO | 
2026-02-05 02:36:39 KST | INFO | Epoch 94/200 | LR: 0.055487
2026-02-05 02:36:56 KST | INFO |   Train Loss: 0.1871 | Test Loss: 0.0013 | Test Acc: 88.90%
2026-02-05 02:36:56 KST | INFO |   No improvement (2/30)
2026-02-05 02:36:56 KST | INFO | 
2026-02-05 02:36:56 KST | INFO | Epoch 95/200 | LR: 0.054706
2026-02-05 02:37:13 KST | INFO |   Train Loss: 0.1847 | Test Loss: 0.0013 | Test Acc: 89.34%
2026-02-05 02:37:13 KST | INFO |   No improvement (3/30)
2026-02-05 02:37:13 KST | INFO | 
2026-02-05 02:37:13 KST | INFO | Epoch 96/200 | LR: 0.053923
2026-02-05 02:37:30 KST | INFO |   Train Loss: 0.1815 | Test Loss: 0.0013 | Test Acc: 88.97%
2026-02-05 02:37:30 KST | INFO |   No improvement (4/30)
2026-02-05 02:37:30 KST | INFO | 
2026-02-05 02:37:30 KST | INFO | Epoch 97/200 | LR: 0.053140
2026-02-05 02:37:47 KST | INFO |   Train Loss: 0.1806 | Test Loss: 0.0015 | Test Acc: 88.30%
2026-02-05 02:37:47 KST | INFO |   No improvement (5/30)
2026-02-05 02:37:47 KST | INFO | 
2026-02-05 02:37:47 KST | INFO | Epoch 98/200 | LR: 0.052356
2026-02-05 02:38:04 KST | INFO |   Train Loss: 0.1730 | Test Loss: 0.0014 | Test Acc: 88.72%
2026-02-05 02:38:04 KST | INFO |   No improvement (6/30)
2026-02-05 02:38:04 KST | INFO | 
2026-02-05 02:38:04 KST | INFO | Epoch 99/200 | LR: 0.051571
2026-02-05 02:38:21 KST | INFO |   Train Loss: 0.1734 | Test Loss: 0.0014 | Test Acc: 89.10%
2026-02-05 02:38:21 KST | INFO |   No improvement (7/30)
2026-02-05 02:38:21 KST | INFO | 
2026-02-05 02:38:21 KST | INFO | Epoch 100/200 | LR: 0.050786
2026-02-05 02:38:38 KST | INFO |   Train Loss: 0.1729 | Test Loss: 0.0016 | Test Acc: 88.11%
2026-02-05 02:38:38 KST | INFO |   No improvement (8/30)
2026-02-05 02:38:38 KST | INFO | 
2026-02-05 02:38:38 KST | INFO | Epoch 101/200 | LR: 0.050001
2026-02-05 02:38:56 KST | INFO |   Train Loss: 0.1655 | Test Loss: 0.0014 | Test Acc: 89.17%
2026-02-05 02:38:56 KST | INFO |   No improvement (9/30)
2026-02-05 02:38:56 KST | INFO | 
2026-02-05 02:38:56 KST | INFO | Epoch 102/200 | LR: 0.049215
2026-02-05 02:39:13 KST | INFO |   Train Loss: 0.1633 | Test Loss: 0.0014 | Test Acc: 89.67%
2026-02-05 02:39:13 KST | INFO |   No improvement (10/30)
2026-02-05 02:39:13 KST | INFO | 
2026-02-05 02:39:13 KST | INFO | Epoch 103/200 | LR: 0.048430
2026-02-05 02:39:30 KST | INFO |   Train Loss: 0.1653 | Test Loss: 0.0013 | Test Acc: 89.55%
2026-02-05 02:39:30 KST | INFO |   No improvement (11/30)
2026-02-05 02:39:30 KST | INFO | 
2026-02-05 02:39:30 KST | INFO | Epoch 104/200 | LR: 0.047645
2026-02-05 02:39:47 KST | INFO |   Train Loss: 0.1611 | Test Loss: 0.0014 | Test Acc: 89.04%
2026-02-05 02:39:47 KST | INFO |   No improvement (12/30)
2026-02-05 02:39:47 KST | INFO | 
2026-02-05 02:39:47 KST | INFO | Epoch 105/200 | LR: 0.046861
2026-02-05 02:40:04 KST | INFO |   Train Loss: 0.1631 | Test Loss: 0.0014 | Test Acc: 89.25%
2026-02-05 02:40:04 KST | INFO |   No improvement (13/30)
2026-02-05 02:40:04 KST | INFO | 
2026-02-05 02:40:04 KST | INFO | Epoch 106/200 | LR: 0.046078
2026-02-05 02:40:21 KST | INFO |   Train Loss: 0.1561 | Test Loss: 0.0013 | Test Acc: 90.08%
2026-02-05 02:40:21 KST | INFO |   🏆 New best accuracy: 90.08%
2026-02-05 02:40:21 KST | INFO | 
2026-02-05 02:40:21 KST | INFO | Epoch 107/200 | LR: 0.045295
2026-02-05 02:40:38 KST | INFO |   Train Loss: 0.1530 | Test Loss: 0.0015 | Test Acc: 89.59%
2026-02-05 02:40:38 KST | INFO |   No improvement (1/30)
2026-02-05 02:40:38 KST | INFO | 
2026-02-05 02:40:38 KST | INFO | Epoch 108/200 | LR: 0.044514
2026-02-05 02:40:55 KST | INFO |   Train Loss: 0.1520 | Test Loss: 0.0012 | Test Acc: 90.34%
2026-02-05 02:40:55 KST | INFO |   🏆 New best accuracy: 90.34%
2026-02-05 02:40:55 KST | INFO | 
2026-02-05 02:40:55 KST | INFO | Epoch 109/200 | LR: 0.043734
2026-02-05 02:41:13 KST | INFO |   Train Loss: 0.1491 | Test Loss: 0.0012 | Test Acc: 90.04%
2026-02-05 02:41:13 KST | INFO |   No improvement (1/30)
2026-02-05 02:41:13 KST | INFO | 
2026-02-05 02:41:13 KST | INFO | Epoch 110/200 | LR: 0.042956
2026-02-05 02:41:30 KST | INFO |   Train Loss: 0.1478 | Test Loss: 0.0014 | Test Acc: 89.14%
2026-02-05 02:41:30 KST | INFO |   No improvement (2/30)
2026-02-05 02:41:30 KST | INFO | 
2026-02-05 02:41:30 KST | INFO | Epoch 111/200 | LR: 0.042179
2026-02-05 02:41:47 KST | INFO |   Train Loss: 0.1449 | Test Loss: 0.0013 | Test Acc: 89.84%
2026-02-05 02:41:47 KST | INFO |   No improvement (3/30)
2026-02-05 02:41:47 KST | INFO | 
2026-02-05 02:41:47 KST | INFO | Epoch 112/200 | LR: 0.041404
2026-02-05 02:42:04 KST | INFO |   Train Loss: 0.1386 | Test Loss: 0.0013 | Test Acc: 90.11%
2026-02-05 02:42:04 KST | INFO |   No improvement (4/30)
2026-02-05 02:42:04 KST | INFO | 
2026-02-05 02:42:04 KST | INFO | Epoch 113/200 | LR: 0.040632
2026-02-05 02:42:21 KST | INFO |   Train Loss: 0.1402 | Test Loss: 0.0013 | Test Acc: 89.91%
2026-02-05 02:42:21 KST | INFO |   No improvement (5/30)
2026-02-05 02:42:21 KST | INFO | 
2026-02-05 02:42:21 KST | INFO | Epoch 114/200 | LR: 0.039861
2026-02-05 02:42:38 KST | INFO |   Train Loss: 0.1360 | Test Loss: 0.0013 | Test Acc: 89.99%
2026-02-05 02:42:38 KST | INFO |   No improvement (6/30)
2026-02-05 02:42:38 KST | INFO | 
2026-02-05 02:42:38 KST | INFO | Epoch 115/200 | LR: 0.039093
2026-02-05 02:42:55 KST | INFO |   Train Loss: 0.1337 | Test Loss: 0.0013 | Test Acc: 89.78%
2026-02-05 02:42:55 KST | INFO |   No improvement (7/30)
2026-02-05 02:42:55 KST | INFO | 
2026-02-05 02:42:55 KST | INFO | Epoch 116/200 | LR: 0.038328
2026-02-05 02:43:13 KST | INFO |   Train Loss: 0.1304 | Test Loss: 0.0013 | Test Acc: 89.71%
2026-02-05 02:43:13 KST | INFO |   No improvement (8/30)
2026-02-05 02:43:13 KST | INFO | 
2026-02-05 02:43:13 KST | INFO | Epoch 117/200 | LR: 0.037566
2026-02-05 02:43:29 KST | INFO |   Train Loss: 0.1319 | Test Loss: 0.0016 | Test Acc: 88.40%
2026-02-05 02:43:29 KST | INFO |   No improvement (9/30)
2026-02-05 02:43:29 KST | INFO | 
2026-02-05 02:43:29 KST | INFO | Epoch 118/200 | LR: 0.036807
2026-02-05 02:43:46 KST | INFO |   Train Loss: 0.1281 | Test Loss: 0.0012 | Test Acc: 90.90%
2026-02-05 02:43:46 KST | INFO |   🏆 New best accuracy: 90.90%
2026-02-05 02:43:46 KST | INFO | 
2026-02-05 02:43:46 KST | INFO | Epoch 119/200 | LR: 0.036051
2026-02-05 02:44:04 KST | INFO |   Train Loss: 0.1232 | Test Loss: 0.0013 | Test Acc: 90.55%
2026-02-05 02:44:04 KST | INFO |   No improvement (1/30)
2026-02-05 02:44:04 KST | INFO | 
2026-02-05 02:44:04 KST | INFO | Epoch 120/200 | LR: 0.035299
2026-02-05 02:44:21 KST | INFO |   Train Loss: 0.1233 | Test Loss: 0.0012 | Test Acc: 90.06%
2026-02-05 02:44:21 KST | INFO |   No improvement (2/30)
2026-02-05 02:44:21 KST | INFO | 
2026-02-05 02:44:21 KST | INFO | Epoch 121/200 | LR: 0.034550
2026-02-05 02:44:39 KST | INFO |   Train Loss: 0.1212 | Test Loss: 0.0018 | Test Acc: 87.70%
2026-02-05 02:44:39 KST | INFO |   No improvement (3/30)
2026-02-05 02:44:39 KST | INFO | 
2026-02-05 02:44:39 KST | INFO | Epoch 122/200 | LR: 0.033805
2026-02-05 02:44:56 KST | INFO |   Train Loss: 0.1164 | Test Loss: 0.0013 | Test Acc: 90.24%
2026-02-05 02:44:56 KST | INFO |   No improvement (4/30)
2026-02-05 02:44:56 KST | INFO | 
2026-02-05 02:44:56 KST | INFO | Epoch 123/200 | LR: 0.033064
2026-02-05 02:45:13 KST | INFO |   Train Loss: 0.1159 | Test Loss: 0.0012 | Test Acc: 90.25%
2026-02-05 02:45:13 KST | INFO |   No improvement (5/30)
2026-02-05 02:45:13 KST | INFO | 
2026-02-05 02:45:13 KST | INFO | Epoch 124/200 | LR: 0.032327
2026-02-05 02:45:30 KST | INFO |   Train Loss: 0.1138 | Test Loss: 0.0013 | Test Acc: 89.89%
2026-02-05 02:45:30 KST | INFO |   No improvement (6/30)
2026-02-05 02:45:30 KST | INFO | 
2026-02-05 02:45:30 KST | INFO | Epoch 125/200 | LR: 0.031594
2026-02-05 02:45:47 KST | INFO |   Train Loss: 0.1111 | Test Loss: 0.0013 | Test Acc: 90.11%
2026-02-05 02:45:47 KST | INFO |   No improvement (7/30)
2026-02-05 02:45:47 KST | INFO | 
2026-02-05 02:45:47 KST | INFO | Epoch 126/200 | LR: 0.030867
2026-02-05 02:46:04 KST | INFO |   Train Loss: 0.1076 | Test Loss: 0.0013 | Test Acc: 90.45%
2026-02-05 02:46:04 KST | INFO |   No improvement (8/30)
2026-02-05 02:46:04 KST | INFO | 
2026-02-05 02:46:04 KST | INFO | Epoch 127/200 | LR: 0.030143
2026-02-05 02:46:21 KST | INFO |   Train Loss: 0.1067 | Test Loss: 0.0013 | Test Acc: 90.19%
2026-02-05 02:46:21 KST | INFO |   No improvement (9/30)
2026-02-05 02:46:21 KST | INFO | 
2026-02-05 02:46:21 KST | INFO | Epoch 128/200 | LR: 0.029425
2026-02-05 02:46:38 KST | INFO |   Train Loss: 0.1048 | Test Loss: 0.0013 | Test Acc: 90.40%
2026-02-05 02:46:38 KST | INFO |   No improvement (10/30)
2026-02-05 02:46:38 KST | INFO | 
2026-02-05 02:46:38 KST | INFO | Epoch 129/200 | LR: 0.028712
2026-02-05 02:46:55 KST | INFO |   Train Loss: 0.1013 | Test Loss: 0.0014 | Test Acc: 89.81%
2026-02-05 02:46:55 KST | INFO |   No improvement (11/30)
2026-02-05 02:46:55 KST | INFO | 
2026-02-05 02:46:55 KST | INFO | Epoch 130/200 | LR: 0.028004
2026-02-05 02:47:12 KST | INFO |   Train Loss: 0.1016 | Test Loss: 0.0012 | Test Acc: 90.60%
2026-02-05 02:47:12 KST | INFO |   No improvement (12/30)
2026-02-05 02:47:12 KST | INFO | 
2026-02-05 02:47:12 KST | INFO | Epoch 131/200 | LR: 0.027301
2026-02-05 02:47:30 KST | INFO |   Train Loss: 0.0984 | Test Loss: 0.0014 | Test Acc: 89.83%
2026-02-05 02:47:30 KST | INFO |   No improvement (13/30)
2026-02-05 02:47:30 KST | INFO | 
2026-02-05 02:47:30 KST | INFO | Epoch 132/200 | LR: 0.026604
2026-02-05 02:47:47 KST | INFO |   Train Loss: 0.0969 | Test Loss: 0.0014 | Test Acc: 89.70%
2026-02-05 02:47:47 KST | INFO |   No improvement (14/30)
2026-02-05 02:47:47 KST | INFO | 
2026-02-05 02:47:47 KST | INFO | Epoch 133/200 | LR: 0.025913
2026-02-05 02:48:04 KST | INFO |   Train Loss: 0.0937 | Test Loss: 0.0012 | Test Acc: 90.86%
2026-02-05 02:48:04 KST | INFO |   No improvement (15/30)
2026-02-05 02:48:04 KST | INFO | 
2026-02-05 02:48:04 KST | INFO | Epoch 134/200 | LR: 0.025228
2026-02-05 02:48:21 KST | INFO |   Train Loss: 0.0896 | Test Loss: 0.0012 | Test Acc: 90.76%
2026-02-05 02:48:21 KST | INFO |   No improvement (16/30)
2026-02-05 02:48:21 KST | INFO | 
2026-02-05 02:48:21 KST | INFO | Epoch 135/200 | LR: 0.024549
2026-02-05 02:48:38 KST | INFO |   Train Loss: 0.0887 | Test Loss: 0.0013 | Test Acc: 90.64%
2026-02-05 02:48:38 KST | INFO |   No improvement (17/30)
2026-02-05 02:48:38 KST | INFO | 
2026-02-05 02:48:38 KST | INFO | Epoch 136/200 | LR: 0.023876
2026-02-05 02:48:55 KST | INFO |   Train Loss: 0.0874 | Test Loss: 0.0014 | Test Acc: 90.34%
2026-02-05 02:48:55 KST | INFO |   No improvement (18/30)
2026-02-05 02:48:55 KST | INFO | 
2026-02-05 02:48:55 KST | INFO | Epoch 137/200 | LR: 0.023209
2026-02-05 02:49:13 KST | INFO |   Train Loss: 0.0818 | Test Loss: 0.0013 | Test Acc: 90.35%
2026-02-05 02:49:13 KST | INFO |   No improvement (19/30)
2026-02-05 02:49:13 KST | INFO | 
2026-02-05 02:49:13 KST | INFO | Epoch 138/200 | LR: 0.022550
2026-02-05 02:49:30 KST | INFO |   Train Loss: 0.0826 | Test Loss: 0.0013 | Test Acc: 90.67%
2026-02-05 02:49:30 KST | INFO |   No improvement (20/30)
2026-02-05 02:49:30 KST | INFO | 
2026-02-05 02:49:30 KST | INFO | Epoch 139/200 | LR: 0.021897
2026-02-05 02:49:47 KST | INFO |   Train Loss: 0.0798 | Test Loss: 0.0014 | Test Acc: 89.95%
2026-02-05 02:49:47 KST | INFO |   No improvement (21/30)
2026-02-05 02:49:47 KST | INFO | 
2026-02-05 02:49:47 KST | INFO | Epoch 140/200 | LR: 0.021251
2026-02-05 02:50:04 KST | INFO |   Train Loss: 0.0780 | Test Loss: 0.0012 | Test Acc: 91.20%
2026-02-05 02:50:04 KST | INFO |   🏆 New best accuracy: 91.20%
2026-02-05 02:50:04 KST | INFO | 
2026-02-05 02:50:04 KST | INFO | Epoch 141/200 | LR: 0.020612
2026-02-05 02:50:21 KST | INFO |   Train Loss: 0.0754 | Test Loss: 0.0016 | Test Acc: 89.24%
2026-02-05 02:50:21 KST | INFO |   No improvement (1/30)
2026-02-05 02:50:21 KST | INFO | 
2026-02-05 02:50:21 KST | INFO | Epoch 142/200 | LR: 0.019980
2026-02-05 02:50:38 KST | INFO |   Train Loss: 0.0716 | Test Loss: 0.0013 | Test Acc: 90.75%
2026-02-05 02:50:38 KST | INFO |   No improvement (2/30)
2026-02-05 02:50:38 KST | INFO | 
2026-02-05 02:50:38 KST | INFO | Epoch 143/200 | LR: 0.019355
2026-02-05 02:50:55 KST | INFO |   Train Loss: 0.0713 | Test Loss: 0.0013 | Test Acc: 90.74%
2026-02-05 02:50:55 KST | INFO |   No improvement (3/30)
2026-02-05 02:50:55 KST | INFO | 
2026-02-05 02:50:55 KST | INFO | Epoch 144/200 | LR: 0.018739
2026-02-05 02:51:13 KST | INFO |   Train Loss: 0.0710 | Test Loss: 0.0013 | Test Acc: 91.20%
2026-02-05 02:51:13 KST | INFO |   No improvement (4/30)
2026-02-05 02:51:13 KST | INFO | 
2026-02-05 02:51:13 KST | INFO | Epoch 145/200 | LR: 0.018130
2026-02-05 02:51:30 KST | INFO |   Train Loss: 0.0707 | Test Loss: 0.0012 | Test Acc: 91.08%
2026-02-05 02:51:30 KST | INFO |   No improvement (5/30)
2026-02-05 02:51:30 KST | INFO | 
2026-02-05 02:51:30 KST | INFO | Epoch 146/200 | LR: 0.017528
2026-02-05 02:51:47 KST | INFO |   Train Loss: 0.0641 | Test Loss: 0.0013 | Test Acc: 90.58%
2026-02-05 02:51:47 KST | INFO |   No improvement (6/30)
2026-02-05 02:51:47 KST | INFO | 
2026-02-05 02:51:47 KST | INFO | Epoch 147/200 | LR: 0.016935
2026-02-05 02:52:04 KST | INFO |   Train Loss: 0.0620 | Test Loss: 0.0012 | Test Acc: 90.91%
2026-02-05 02:52:04 KST | INFO |   No improvement (7/30)
2026-02-05 02:52:04 KST | INFO | 
2026-02-05 02:52:04 KST | INFO | Epoch 148/200 | LR: 0.016350
2026-02-05 02:52:22 KST | INFO |   Train Loss: 0.0597 | Test Loss: 0.0013 | Test Acc: 90.94%
2026-02-05 02:52:22 KST | INFO |   No improvement (8/30)
2026-02-05 02:52:22 KST | INFO | 
2026-02-05 02:52:22 KST | INFO | Epoch 149/200 | LR: 0.015773
2026-02-05 02:52:38 KST | INFO |   Train Loss: 0.0595 | Test Loss: 0.0013 | Test Acc: 90.94%
2026-02-05 02:52:38 KST | INFO |   No improvement (9/30)
2026-02-05 02:52:38 KST | INFO | 
2026-02-05 02:52:38 KST | INFO | Epoch 150/200 | LR: 0.015205
2026-02-05 02:52:55 KST | INFO |   Train Loss: 0.0583 | Test Loss: 0.0013 | Test Acc: 90.86%
2026-02-05 02:52:55 KST | INFO |   No improvement (10/30)
2026-02-05 02:52:55 KST | INFO | 
2026-02-05 02:52:55 KST | INFO | Epoch 151/200 | LR: 0.014646
2026-02-05 02:53:13 KST | INFO |   Train Loss: 0.0572 | Test Loss: 0.0014 | Test Acc: 90.66%
2026-02-05 02:53:13 KST | INFO |   No improvement (11/30)
2026-02-05 02:53:13 KST | INFO | 
2026-02-05 02:53:13 KST | INFO | Epoch 152/200 | LR: 0.014095
2026-02-05 02:53:30 KST | INFO |   Train Loss: 0.0542 | Test Loss: 0.0014 | Test Acc: 90.55%
2026-02-05 02:53:30 KST | INFO |   No improvement (12/30)
2026-02-05 02:53:30 KST | INFO | 
2026-02-05 02:53:30 KST | INFO | Epoch 153/200 | LR: 0.013552
2026-02-05 02:53:47 KST | INFO |   Train Loss: 0.0520 | Test Loss: 0.0012 | Test Acc: 91.12%
2026-02-05 02:53:47 KST | INFO |   No improvement (13/30)
2026-02-05 02:53:47 KST | INFO | 
2026-02-05 02:53:47 KST | INFO | Epoch 154/200 | LR: 0.013019
2026-02-05 02:54:04 KST | INFO |   Train Loss: 0.0501 | Test Loss: 0.0014 | Test Acc: 90.72%
2026-02-05 02:54:04 KST | INFO |   No improvement (14/30)
2026-02-05 02:54:04 KST | INFO | 
2026-02-05 02:54:04 KST | INFO | Epoch 155/200 | LR: 0.012495
2026-02-05 02:54:21 KST | INFO |   Train Loss: 0.0494 | Test Loss: 0.0014 | Test Acc: 90.41%
2026-02-05 02:54:21 KST | INFO |   No improvement (15/30)
2026-02-05 02:54:21 KST | INFO | 
2026-02-05 02:54:21 KST | INFO | Epoch 156/200 | LR: 0.011981
2026-02-05 02:54:38 KST | INFO |   Train Loss: 0.0481 | Test Loss: 0.0014 | Test Acc: 90.65%
2026-02-05 02:54:38 KST | INFO |   No improvement (16/30)
2026-02-05 02:54:38 KST | INFO | 
2026-02-05 02:54:38 KST | INFO | Epoch 157/200 | LR: 0.011475
2026-02-05 02:54:55 KST | INFO |   Train Loss: 0.0457 | Test Loss: 0.0013 | Test Acc: 91.08%
2026-02-05 02:54:55 KST | INFO |   No improvement (17/30)
2026-02-05 02:54:55 KST | INFO | 
2026-02-05 02:54:55 KST | INFO | Epoch 158/200 | LR: 0.010979
2026-02-05 02:55:12 KST | INFO |   Train Loss: 0.0468 | Test Loss: 0.0014 | Test Acc: 90.66%
2026-02-05 02:55:12 KST | INFO |   No improvement (18/30)
2026-02-05 02:55:12 KST | INFO | 
2026-02-05 02:55:12 KST | INFO | Epoch 159/200 | LR: 0.010493
2026-02-05 02:55:29 KST | INFO |   Train Loss: 0.0424 | Test Loss: 0.0013 | Test Acc: 91.21%
2026-02-05 02:55:29 KST | INFO |   🏆 New best accuracy: 91.21%
2026-02-05 02:55:29 KST | INFO | 
2026-02-05 02:55:29 KST | INFO | Epoch 160/200 | LR: 0.010017
2026-02-05 02:55:46 KST | INFO |   Train Loss: 0.0420 | Test Loss: 0.0013 | Test Acc: 91.55%
2026-02-05 02:55:46 KST | INFO |   🏆 New best accuracy: 91.55%
2026-02-05 02:55:46 KST | INFO | 
2026-02-05 02:55:46 KST | INFO | Epoch 161/200 | LR: 0.009550
2026-02-05 02:56:04 KST | INFO |   Train Loss: 0.0395 | Test Loss: 0.0013 | Test Acc: 91.17%
2026-02-05 02:56:04 KST | INFO |   No improvement (1/30)
2026-02-05 02:56:04 KST | INFO | 
2026-02-05 02:56:04 KST | INFO | Epoch 162/200 | LR: 0.009093
2026-02-05 02:56:21 KST | INFO |   Train Loss: 0.0388 | Test Loss: 0.0013 | Test Acc: 91.39%
2026-02-05 02:56:21 KST | INFO |   No improvement (2/30)
2026-02-05 02:56:21 KST | INFO | 
2026-02-05 02:56:21 KST | INFO | Epoch 163/200 | LR: 0.008647
2026-02-05 02:56:38 KST | INFO |   Train Loss: 0.0370 | Test Loss: 0.0013 | Test Acc: 91.19%
2026-02-05 02:56:38 KST | INFO |   No improvement (3/30)
2026-02-05 02:56:38 KST | INFO | 
2026-02-05 02:56:38 KST | INFO | Epoch 164/200 | LR: 0.008211
2026-02-05 02:56:55 KST | INFO |   Train Loss: 0.0359 | Test Loss: 0.0012 | Test Acc: 91.41%
2026-02-05 02:56:55 KST | INFO |   No improvement (4/30)
2026-02-05 02:56:55 KST | INFO | 
2026-02-05 02:56:55 KST | INFO | Epoch 165/200 | LR: 0.007785
2026-02-05 02:57:12 KST | INFO |   Train Loss: 0.0341 | Test Loss: 0.0013 | Test Acc: 91.42%
2026-02-05 02:57:12 KST | INFO |   No improvement (5/30)
2026-02-05 02:57:12 KST | INFO | 
2026-02-05 02:57:12 KST | INFO | Epoch 166/200 | LR: 0.007369
2026-02-05 02:57:29 KST | INFO |   Train Loss: 0.0319 | Test Loss: 0.0013 | Test Acc: 91.45%
2026-02-05 02:57:29 KST | INFO |   No improvement (6/30)
2026-02-05 02:57:29 KST | INFO | 
2026-02-05 02:57:29 KST | INFO | Epoch 167/200 | LR: 0.006964
2026-02-05 02:57:46 KST | INFO |   Train Loss: 0.0320 | Test Loss: 0.0013 | Test Acc: 91.35%
2026-02-05 02:57:46 KST | INFO |   No improvement (7/30)
2026-02-05 02:57:46 KST | INFO | 
2026-02-05 02:57:46 KST | INFO | Epoch 168/200 | LR: 0.006569
2026-02-05 02:58:03 KST | INFO |   Train Loss: 0.0300 | Test Loss: 0.0013 | Test Acc: 91.31%
2026-02-05 02:58:03 KST | INFO |   No improvement (8/30)
2026-02-05 02:58:03 KST | INFO | 
2026-02-05 02:58:03 KST | INFO | Epoch 169/200 | LR: 0.006186
2026-02-05 02:58:20 KST | INFO |   Train Loss: 0.0311 | Test Loss: 0.0013 | Test Acc: 91.38%
2026-02-05 02:58:20 KST | INFO |   No improvement (9/30)
2026-02-05 02:58:20 KST | INFO | 
2026-02-05 02:58:20 KST | INFO | Epoch 170/200 | LR: 0.005813
2026-02-05 02:58:37 KST | INFO |   Train Loss: 0.0283 | Test Loss: 0.0013 | Test Acc: 91.30%
2026-02-05 02:58:37 KST | INFO |   No improvement (10/30)
2026-02-05 02:58:37 KST | INFO | 
2026-02-05 02:58:37 KST | INFO | Epoch 171/200 | LR: 0.005451
2026-02-05 02:58:54 KST | INFO |   Train Loss: 0.0267 | Test Loss: 0.0013 | Test Acc: 91.64%
2026-02-05 02:58:54 KST | INFO |   🏆 New best accuracy: 91.64%
2026-02-05 02:58:54 KST | INFO | 
2026-02-05 02:58:54 KST | INFO | Epoch 172/200 | LR: 0.005100
2026-02-05 02:59:11 KST | INFO |   Train Loss: 0.0264 | Test Loss: 0.0013 | Test Acc: 91.69%
2026-02-05 02:59:11 KST | INFO |   🏆 New best accuracy: 91.69%
2026-02-05 02:59:11 KST | INFO | 
2026-02-05 02:59:11 KST | INFO | Epoch 173/200 | LR: 0.004760
2026-02-05 02:59:28 KST | INFO |   Train Loss: 0.0253 | Test Loss: 0.0014 | Test Acc: 91.36%
2026-02-05 02:59:28 KST | INFO |   No improvement (1/30)
2026-02-05 02:59:28 KST | INFO | 
2026-02-05 02:59:28 KST | INFO | Epoch 174/200 | LR: 0.004431
2026-02-05 02:59:45 KST | INFO |   Train Loss: 0.0246 | Test Loss: 0.0013 | Test Acc: 91.22%
2026-02-05 02:59:45 KST | INFO |   No improvement (2/30)
2026-02-05 02:59:45 KST | INFO | 
2026-02-05 02:59:45 KST | INFO | Epoch 175/200 | LR: 0.004113
2026-02-05 03:00:02 KST | INFO |   Train Loss: 0.0236 | Test Loss: 0.0013 | Test Acc: 91.40%
2026-02-05 03:00:02 KST | INFO |   No improvement (3/30)
2026-02-05 03:00:02 KST | INFO | 
2026-02-05 03:00:02 KST | INFO | Epoch 176/200 | LR: 0.003807
2026-02-05 03:00:19 KST | INFO |   Train Loss: 0.0220 | Test Loss: 0.0013 | Test Acc: 91.50%
2026-02-05 03:00:19 KST | INFO |   No improvement (4/30)
2026-02-05 03:00:19 KST | INFO | 
2026-02-05 03:00:19 KST | INFO | Epoch 177/200 | LR: 0.003512
2026-02-05 03:00:36 KST | INFO |   Train Loss: 0.0211 | Test Loss: 0.0014 | Test Acc: 91.14%
2026-02-05 03:00:36 KST | INFO |   No improvement (5/30)
2026-02-05 03:00:36 KST | INFO | 
2026-02-05 03:00:36 KST | INFO | Epoch 178/200 | LR: 0.003229
2026-02-05 03:00:53 KST | INFO |   Train Loss: 0.0204 | Test Loss: 0.0014 | Test Acc: 91.49%
2026-02-05 03:00:53 KST | INFO |   No improvement (6/30)
2026-02-05 03:00:53 KST | INFO | 
2026-02-05 03:00:53 KST | INFO | Epoch 179/200 | LR: 0.002957
2026-02-05 03:01:10 KST | INFO |   Train Loss: 0.0197 | Test Loss: 0.0013 | Test Acc: 91.61%
2026-02-05 03:01:10 KST | INFO |   No improvement (7/30)
2026-02-05 03:01:10 KST | INFO | 
2026-02-05 03:01:10 KST | INFO | Epoch 180/200 | LR: 0.002697
2026-02-05 03:01:27 KST | INFO |   Train Loss: 0.0192 | Test Loss: 0.0013 | Test Acc: 91.54%
2026-02-05 03:01:27 KST | INFO |   No improvement (8/30)
2026-02-05 03:01:27 KST | INFO | 
2026-02-05 03:01:27 KST | INFO | Epoch 181/200 | LR: 0.002448
2026-02-05 03:01:44 KST | INFO |   Train Loss: 0.0185 | Test Loss: 0.0014 | Test Acc: 91.50%
2026-02-05 03:01:44 KST | INFO |   No improvement (9/30)
2026-02-05 03:01:44 KST | INFO | 
2026-02-05 03:01:44 KST | INFO | Epoch 182/200 | LR: 0.002211
2026-02-05 03:02:01 KST | INFO |   Train Loss: 0.0178 | Test Loss: 0.0013 | Test Acc: 91.51%
2026-02-05 03:02:01 KST | INFO |   No improvement (10/30)
2026-02-05 03:02:01 KST | INFO | 
2026-02-05 03:02:01 KST | INFO | Epoch 183/200 | LR: 0.001986
2026-02-05 03:02:18 KST | INFO |   Train Loss: 0.0176 | Test Loss: 0.0013 | Test Acc: 91.80%
2026-02-05 03:02:18 KST | INFO |   🏆 New best accuracy: 91.80%
2026-02-05 03:02:18 KST | INFO | 
2026-02-05 03:02:18 KST | INFO | Epoch 184/200 | LR: 0.001773
2026-02-05 03:02:35 KST | INFO |   Train Loss: 0.0175 | Test Loss: 0.0013 | Test Acc: 91.78%
2026-02-05 03:02:35 KST | INFO |   No improvement (1/30)
2026-02-05 03:02:35 KST | INFO | 
2026-02-05 03:02:35 KST | INFO | Epoch 185/200 | LR: 0.001572
2026-02-05 03:02:52 KST | INFO |   Train Loss: 0.0160 | Test Loss: 0.0013 | Test Acc: 91.70%
2026-02-05 03:02:52 KST | INFO |   No improvement (2/30)
2026-02-05 03:02:52 KST | INFO | 
2026-02-05 03:02:52 KST | INFO | Epoch 186/200 | LR: 0.001382
2026-02-05 03:03:09 KST | INFO |   Train Loss: 0.0154 | Test Loss: 0.0013 | Test Acc: 91.88%
2026-02-05 03:03:09 KST | INFO |   🏆 New best accuracy: 91.88%
2026-02-05 03:03:09 KST | INFO | 
2026-02-05 03:03:09 KST | INFO | Epoch 187/200 | LR: 0.001205
2026-02-05 03:03:26 KST | INFO |   Train Loss: 0.0154 | Test Loss: 0.0013 | Test Acc: 91.66%
2026-02-05 03:03:26 KST | INFO |   No improvement (1/30)
2026-02-05 03:03:26 KST | INFO | 
2026-02-05 03:03:26 KST | INFO | Epoch 188/200 | LR: 0.001040
2026-02-05 03:03:43 KST | INFO |   Train Loss: 0.0148 | Test Loss: 0.0013 | Test Acc: 91.58%
2026-02-05 03:03:43 KST | INFO |   No improvement (2/30)
2026-02-05 03:03:43 KST | INFO | 
2026-02-05 03:03:43 KST | INFO | Epoch 189/200 | LR: 0.000887
2026-02-05 03:04:00 KST | INFO |   Train Loss: 0.0144 | Test Loss: 0.0013 | Test Acc: 91.42%
2026-02-05 03:04:00 KST | INFO |   No improvement (3/30)
2026-02-05 03:04:00 KST | INFO | 
2026-02-05 03:04:00 KST | INFO | Epoch 190/200 | LR: 0.000746
2026-02-05 03:04:17 KST | INFO |   Train Loss: 0.0143 | Test Loss: 0.0013 | Test Acc: 91.75%
2026-02-05 03:04:17 KST | INFO |   No improvement (4/30)
2026-02-05 03:04:17 KST | INFO | 
2026-02-05 03:04:17 KST | INFO | Epoch 191/200 | LR: 0.000617
2026-02-05 03:04:34 KST | INFO |   Train Loss: 0.0139 | Test Loss: 0.0013 | Test Acc: 91.70%
2026-02-05 03:04:34 KST | INFO |   No improvement (5/30)
2026-02-05 03:04:34 KST | INFO | 
2026-02-05 03:04:34 KST | INFO | Epoch 192/200 | LR: 0.000500
2026-02-05 03:04:51 KST | INFO |   Train Loss: 0.0139 | Test Loss: 0.0014 | Test Acc: 91.59%
2026-02-05 03:04:51 KST | INFO |   No improvement (6/30)
2026-02-05 03:04:51 KST | INFO | 
2026-02-05 03:04:51 KST | INFO | Epoch 193/200 | LR: 0.000395
2026-02-05 03:05:08 KST | INFO |   Train Loss: 0.0135 | Test Loss: 0.0013 | Test Acc: 91.60%
2026-02-05 03:05:08 KST | INFO |   No improvement (7/30)
2026-02-05 03:05:08 KST | INFO | 
2026-02-05 03:05:08 KST | INFO | Epoch 194/200 | LR: 0.000303
2026-02-05 03:05:26 KST | INFO |   Train Loss: 0.0134 | Test Loss: 0.0013 | Test Acc: 91.78%
2026-02-05 03:05:26 KST | INFO |   No improvement (8/30)
2026-02-05 03:05:26 KST | INFO | 
2026-02-05 03:05:26 KST | INFO | Epoch 195/200 | LR: 0.000223
2026-02-05 03:05:43 KST | INFO |   Train Loss: 0.0131 | Test Loss: 0.0013 | Test Acc: 91.71%
2026-02-05 03:05:43 KST | INFO |   No improvement (9/30)
2026-02-05 03:05:43 KST | INFO | 
2026-02-05 03:05:43 KST | INFO | Epoch 196/200 | LR: 0.000155
2026-02-05 03:06:00 KST | INFO |   Train Loss: 0.0135 | Test Loss: 0.0013 | Test Acc: 91.60%
2026-02-05 03:06:00 KST | INFO |   No improvement (10/30)
2026-02-05 03:06:00 KST | INFO | 
2026-02-05 03:06:00 KST | INFO | Epoch 197/200 | LR: 0.000100
2026-02-05 03:06:17 KST | INFO |   Train Loss: 0.0133 | Test Loss: 0.0013 | Test Acc: 91.75%
2026-02-05 03:06:17 KST | INFO |   No improvement (11/30)
2026-02-05 03:06:17 KST | INFO | 
2026-02-05 03:06:17 KST | INFO | Epoch 198/200 | LR: 0.000057
2026-02-05 03:06:34 KST | INFO |   Train Loss: 0.0131 | Test Loss: 0.0013 | Test Acc: 91.74%
2026-02-05 03:06:34 KST | INFO |   No improvement (12/30)
2026-02-05 03:06:34 KST | INFO | 
2026-02-05 03:06:34 KST | INFO | Epoch 199/200 | LR: 0.000026
2026-02-05 03:06:51 KST | INFO |   Train Loss: 0.0132 | Test Loss: 0.0013 | Test Acc: 91.78%
2026-02-05 03:06:51 KST | INFO |   No improvement (13/30)
2026-02-05 03:06:51 KST | INFO | 
2026-02-05 03:06:51 KST | INFO | Epoch 200/200 | LR: 0.000007
2026-02-05 03:07:08 KST | INFO |   Train Loss: 0.0126 | Test Loss: 0.0013 | Test Acc: 91.78%
2026-02-05 03:07:08 KST | INFO |   No improvement (14/30)
2026-02-05 03:07:08 KST | INFO | 
2026-02-05 03:07:08 KST | INFO | ================================================================================
2026-02-05 03:07:08 KST | INFO | TRAINING COMPLETE
2026-02-05 03:07:08 KST | INFO | ================================================================================
2026-02-05 03:07:08 KST | INFO | Best accuracy:  91.88% (Epoch 186)
2026-02-05 03:07:08 KST | INFO | Final accuracy: 91.78%
2026-02-05 03:07:08 KST | INFO | ================================================================================
2026-02-05 03:07:08 KST | INFO | 
2026-02-05 03:07:08 KST | INFO | Notifying nodes of completion...
2026-02-05 03:07:09 KST | INFO | ✓ Nodes notified
2026-02-05 03:07:09 KST | INFO | 
2026-02-05 03:07:09 KST | INFO | Closing connections...
2026-02-05 03:07:09 KST | INFO | ✓ Cleanup complete
2026-02-05 03:07:09 KST | INFO | 
2026-02-05 03:07:09 KST | INFO | Full log: logs/TL++_base_20260205_020929.log
2026-02-05 03:07:09 KST | INFO | ================================================================================
