2026-02-18 05:22:11 KST | INFO | ================================================================================
2026-02-18 05:22:11 KST | INFO | TL++ Orchestrator
2026-02-18 05:22:11 KST | INFO | ================================================================================
2026-02-18 05:22:11 KST | INFO | Log file: logs/TL++_secure_20260218_052211.log
2026-02-18 05:22:11 KST | INFO | 
2026-02-18 05:22:11 KST | INFO | --------------------------------------------------------------------------------
2026-02-18 05:22:11 KST | INFO | CONFIGURATION
2026-02-18 05:22:11 KST | INFO | --------------------------------------------------------------------------------
2026-02-18 05:22:11 KST | INFO | Secure mode:      True
2026-02-18 05:22:11 KST | INFO | Helper endpoint:  127.0.0.1:8082
2026-02-18 05:22:11 KST | INFO | Activation noise: 2.0%
2026-02-18 05:22:11 KST | INFO | Gradient noise:   10.0%
2026-02-18 05:22:11 KST | INFO | Nodes:            10
2026-02-18 05:22:11 KST | INFO | Cut layer:        1
2026-02-18 05:22:11 KST | INFO | Batch size:       128
2026-02-18 05:22:11 KST | INFO | Learning rate:    0.1
2026-02-18 05:22:11 KST | INFO | 
2026-02-18 05:22:11 KST | INFO | Computation device: cuda
2026-02-18 05:22:11 KST | INFO | Secure mode: ✓ ENABLED
2026-02-18 05:22:11 KST | INFO | 
2026-02-18 05:22:11 KST | INFO | --------------------------------------------------------------------------------
2026-02-18 05:22:11 KST | INFO | NETWORK SETUP
2026-02-18 05:22:11 KST | INFO | --------------------------------------------------------------------------------
2026-02-18 05:22:11 KST | INFO | ✓ Orchestrator listening on 127.0.0.1:8080
2026-02-18 05:22:11 KST | INFO | ✓ Helper node on 127.0.0.1:8082
2026-02-18 05:22:11 KST | INFO | 
2026-02-18 05:22:11 KST | INFO | Waiting for helper node...
2026-02-18 05:22:12 KST | INFO | ✓ Helper node connected
2026-02-18 05:22:12 KST | INFO | ✓ Noise config sent to helper (activation: 2.0%, gradient: 10.0%)
2026-02-18 05:22:12 KST | INFO | 
2026-02-18 05:22:12 KST | INFO | Waiting for 10 node(s)...
2026-02-18 05:22:17 KST | INFO |   ✓ Node 1/10 connected
2026-02-18 05:22:18 KST | INFO |   ✓ Node 2/10 connected
2026-02-18 05:22:19 KST | INFO |   ✓ Node 3/10 connected
2026-02-18 05:22:20 KST | INFO |   ✓ Node 4/10 connected
2026-02-18 05:22:21 KST | INFO |   ✓ Node 5/10 connected
2026-02-18 05:22:22 KST | INFO |   ✓ Node 6/10 connected
2026-02-18 05:22:23 KST | INFO |   ✓ Node 7/10 connected
2026-02-18 05:22:24 KST | INFO |   ✓ Node 8/10 connected
2026-02-18 05:22:25 KST | INFO |   ✓ Node 9/10 connected
2026-02-18 05:22:26 KST | INFO |   ✓ Node 10/10 connected
2026-02-18 05:22:26 KST | INFO | ✓ All 10 node(s) connected
2026-02-18 05:22:26 KST | INFO | 
2026-02-18 05:22:26 KST | INFO | --------------------------------------------------------------------------------
2026-02-18 05:22:26 KST | INFO | MODEL INITIALIZATION
2026-02-18 05:22:26 KST | INFO | --------------------------------------------------------------------------------
2026-02-18 05:22:26 KST | INFO | Node-side parameters: 38,720
2026-02-18 05:22:26 KST | INFO | 
2026-02-18 05:22:26 KST | INFO | --------------------------------------------------------------------------------
2026-02-18 05:22:26 KST | INFO | BROADCASTING CONFIGURATION
2026-02-18 05:22:26 KST | INFO | --------------------------------------------------------------------------------
2026-02-18 05:22:26 KST | INFO | ✓ Configuration broadcast to all nodes
2026-02-18 05:22:28 KST | INFO | 
2026-02-18 05:22:28 KST | INFO | Total parameters:     3,248,202
2026-02-18 05:22:28 KST | INFO | Trainable parameters: 3,248,202
2026-02-18 05:22:28 KST | INFO | 
2026-02-18 05:22:28 KST | INFO | --------------------------------------------------------------------------------
2026-02-18 05:22:28 KST | INFO | DATA LOADING
2026-02-18 05:22:28 KST | INFO | --------------------------------------------------------------------------------
2026-02-18 05:22:56 KST | INFO | ✓ Dataset information collected:
2026-02-18 05:22:56 KST | INFO |     Node 1: 5,000 samples
2026-02-18 05:22:56 KST | INFO |     Node 2: 5,000 samples
2026-02-18 05:22:56 KST | INFO |     Node 3: 5,000 samples
2026-02-18 05:22:56 KST | INFO |     Node 4: 5,000 samples
2026-02-18 05:22:56 KST | INFO |     Node 5: 5,000 samples
2026-02-18 05:22:56 KST | INFO |     Node 6: 5,000 samples
2026-02-18 05:22:56 KST | INFO |     Node 7: 5,000 samples
2026-02-18 05:22:56 KST | INFO |     Node 8: 5,000 samples
2026-02-18 05:22:56 KST | INFO |     Node 9: 5,000 samples
2026-02-18 05:22:56 KST | INFO |     Node 10: 5,000 samples
2026-02-18 05:22:56 KST | INFO |   Total training samples: 50,000
2026-02-18 05:22:56 KST | INFO | 
2026-02-18 05:22:56 KST | INFO | ✓ Test dataset loaded: 10,000 samples
2026-02-18 05:22:56 KST | INFO | 
2026-02-18 05:22:56 KST | INFO | ✓ Batch scheduler: 391 batches/epoch
2026-02-18 05:22:56 KST | INFO | 
2026-02-18 05:22:56 KST | INFO | --------------------------------------------------------------------------------
2026-02-18 05:22:56 KST | INFO | OPTIMIZATION SETUP
2026-02-18 05:22:56 KST | INFO | --------------------------------------------------------------------------------
2026-02-18 05:22:56 KST | INFO | ✓ Optimizer: SGD (lr=0.1, momentum=0.9)
2026-02-18 05:22:56 KST | INFO | ✓ Scheduler: cosine
2026-02-18 05:22:56 KST | INFO | ✓ Gradient clipping: 1.0
2026-02-18 05:22:56 KST | INFO | 
2026-02-18 05:22:56 KST | INFO | ================================================================================
2026-02-18 05:22:56 KST | INFO | Setup complete - Ready for training
2026-02-18 05:22:56 KST | INFO | ================================================================================
2026-02-18 05:22:56 KST | INFO | 
2026-02-18 05:22:56 KST | INFO | --------------------------------------------------------------------------------
2026-02-18 05:22:56 KST | INFO | TRAINING
2026-02-18 05:22:56 KST | INFO | --------------------------------------------------------------------------------
2026-02-18 05:22:56 KST | INFO | 
2026-02-18 05:22:56 KST | INFO | Epoch 1/200 | LR: 0.100000
2026-02-18 05:25:27 KST | INFO |   Train Loss: 1.6813 | Test Loss: 0.0063 | Test Acc: 43.54%
2026-02-18 05:25:27 KST | INFO |   🏆 New best accuracy: 43.54%
2026-02-18 05:25:27 KST | INFO | 
2026-02-18 05:25:27 KST | INFO | Epoch 2/200 | LR: 0.099994
2026-02-18 05:27:55 KST | INFO |   Train Loss: 1.1887 | Test Loss: 0.0050 | Test Acc: 56.78%
2026-02-18 05:27:55 KST | INFO |   🏆 New best accuracy: 56.78%
2026-02-18 05:27:55 KST | INFO | 
2026-02-18 05:27:55 KST | INFO | Epoch 3/200 | LR: 0.099975
2026-02-18 05:30:24 KST | INFO |   Train Loss: 0.9354 | Test Loss: 0.0040 | Test Acc: 64.40%
2026-02-18 05:30:24 KST | INFO |   🏆 New best accuracy: 64.40%
2026-02-18 05:30:24 KST | INFO | 
2026-02-18 05:30:24 KST | INFO | Epoch 4/200 | LR: 0.099944
2026-02-18 05:32:53 KST | INFO |   Train Loss: 0.7905 | Test Loss: 0.0037 | Test Acc: 70.07%
2026-02-18 05:32:53 KST | INFO |   🏆 New best accuracy: 70.07%
2026-02-18 05:32:53 KST | INFO | 
2026-02-18 05:32:53 KST | INFO | Epoch 5/200 | LR: 0.099901
2026-02-18 05:35:21 KST | INFO |   Train Loss: 0.7098 | Test Loss: 0.0032 | Test Acc: 72.51%
2026-02-18 05:35:21 KST | INFO |   🏆 New best accuracy: 72.51%
2026-02-18 05:35:21 KST | INFO | 
2026-02-18 05:35:21 KST | INFO | Epoch 6/200 | LR: 0.099846
2026-02-18 05:37:51 KST | INFO |   Train Loss: 0.6537 | Test Loss: 0.0032 | Test Acc: 74.26%
2026-02-18 05:37:51 KST | INFO |   🏆 New best accuracy: 74.26%
2026-02-18 05:37:51 KST | INFO | 
2026-02-18 05:37:51 KST | INFO | Epoch 7/200 | LR: 0.099778
2026-02-18 05:40:20 KST | INFO |   Train Loss: 0.6129 | Test Loss: 0.0032 | Test Acc: 72.82%
2026-02-18 05:40:20 KST | INFO |   No improvement (1/30)
2026-02-18 05:40:20 KST | INFO | 
2026-02-18 05:40:20 KST | INFO | Epoch 8/200 | LR: 0.099698
2026-02-18 05:42:48 KST | INFO |   Train Loss: 0.5734 | Test Loss: 0.0037 | Test Acc: 70.30%
2026-02-18 05:42:48 KST | INFO |   No improvement (2/30)
2026-02-18 05:42:48 KST | INFO | 
2026-02-18 05:42:48 KST | INFO | Epoch 9/200 | LR: 0.099606
2026-02-18 05:45:18 KST | INFO |   Train Loss: 0.5521 | Test Loss: 0.0028 | Test Acc: 77.41%
2026-02-18 05:45:18 KST | INFO |   🏆 New best accuracy: 77.41%
2026-02-18 05:45:18 KST | INFO | 
2026-02-18 05:45:18 KST | INFO | Epoch 10/200 | LR: 0.099501
2026-02-18 05:47:46 KST | INFO |   Train Loss: 0.5294 | Test Loss: 0.0032 | Test Acc: 73.39%
2026-02-18 05:47:46 KST | INFO |   No improvement (1/30)
2026-02-18 05:47:46 KST | INFO | 
2026-02-18 05:47:46 KST | INFO | Epoch 11/200 | LR: 0.099384
2026-02-18 05:50:13 KST | INFO |   Train Loss: 0.5081 | Test Loss: 0.0028 | Test Acc: 78.69%
2026-02-18 05:50:13 KST | INFO |   🏆 New best accuracy: 78.69%
2026-02-18 05:50:13 KST | INFO | 
2026-02-18 05:50:13 KST | INFO | Epoch 12/200 | LR: 0.099255
2026-02-18 05:52:42 KST | INFO |   Train Loss: 0.4935 | Test Loss: 0.0032 | Test Acc: 72.61%
2026-02-18 05:52:42 KST | INFO |   No improvement (1/30)
2026-02-18 05:52:42 KST | INFO | 
2026-02-18 05:52:42 KST | INFO | Epoch 13/200 | LR: 0.099114
2026-02-18 05:55:10 KST | INFO |   Train Loss: 0.4777 | Test Loss: 0.0032 | Test Acc: 73.30%
2026-02-18 05:55:10 KST | INFO |   No improvement (2/30)
2026-02-18 05:55:10 KST | INFO | 
2026-02-18 05:55:10 KST | INFO | Epoch 14/200 | LR: 0.098961
2026-02-18 05:57:38 KST | INFO |   Train Loss: 0.4652 | Test Loss: 0.0024 | Test Acc: 80.19%
2026-02-18 05:57:38 KST | INFO |   🏆 New best accuracy: 80.19%
2026-02-18 05:57:38 KST | INFO | 
2026-02-18 05:57:38 KST | INFO | Epoch 15/200 | LR: 0.098796
2026-02-18 06:00:07 KST | INFO |   Train Loss: 0.4502 | Test Loss: 0.0025 | Test Acc: 80.70%
2026-02-18 06:00:07 KST | INFO |   🏆 New best accuracy: 80.70%
2026-02-18 06:00:07 KST | INFO | 
2026-02-18 06:00:07 KST | INFO | Epoch 16/200 | LR: 0.098619
2026-02-18 06:02:35 KST | INFO |   Train Loss: 0.4466 | Test Loss: 0.0025 | Test Acc: 80.40%
2026-02-18 06:02:35 KST | INFO |   No improvement (1/30)
2026-02-18 06:02:35 KST | INFO | 
2026-02-18 06:02:35 KST | INFO | Epoch 17/200 | LR: 0.098429
2026-02-18 06:05:02 KST | INFO |   Train Loss: 0.4358 | Test Loss: 0.0024 | Test Acc: 79.72%
2026-02-18 06:05:02 KST | INFO |   No improvement (2/30)
2026-02-18 06:05:02 KST | INFO | 
2026-02-18 06:05:02 KST | INFO | Epoch 18/200 | LR: 0.098228
2026-02-18 06:07:30 KST | INFO |   Train Loss: 0.4268 | Test Loss: 0.0024 | Test Acc: 80.58%
2026-02-18 06:07:30 KST | INFO |   No improvement (3/30)
2026-02-18 06:07:30 KST | INFO | 
2026-02-18 06:07:30 KST | INFO | Epoch 19/200 | LR: 0.098015
2026-02-18 06:09:57 KST | INFO |   Train Loss: 0.4182 | Test Loss: 0.0024 | Test Acc: 79.35%
2026-02-18 06:09:57 KST | INFO |   No improvement (4/30)
2026-02-18 06:09:57 KST | INFO | 
2026-02-18 06:09:57 KST | INFO | Epoch 20/200 | LR: 0.097790
2026-02-18 06:12:25 KST | INFO |   Train Loss: 0.4136 | Test Loss: 0.0021 | Test Acc: 82.50%
2026-02-18 06:12:25 KST | INFO |   🏆 New best accuracy: 82.50%
2026-02-18 06:12:25 KST | INFO | 
2026-02-18 06:12:25 KST | INFO | Epoch 21/200 | LR: 0.097553
2026-02-18 06:14:53 KST | INFO |   Train Loss: 0.4061 | Test Loss: 0.0024 | Test Acc: 79.99%
2026-02-18 06:14:53 KST | INFO |   No improvement (1/30)
2026-02-18 06:14:53 KST | INFO | 
2026-02-18 06:14:53 KST | INFO | Epoch 22/200 | LR: 0.097304
2026-02-18 06:17:22 KST | INFO |   Train Loss: 0.4023 | Test Loss: 0.0025 | Test Acc: 79.51%
2026-02-18 06:17:22 KST | INFO |   No improvement (2/30)
2026-02-18 06:17:22 KST | INFO | 
2026-02-18 06:17:22 KST | INFO | Epoch 23/200 | LR: 0.097044
2026-02-18 06:19:50 KST | INFO |   Train Loss: 0.3939 | Test Loss: 0.0025 | Test Acc: 78.58%
2026-02-18 06:19:50 KST | INFO |   No improvement (3/30)
2026-02-18 06:19:50 KST | INFO | 
2026-02-18 06:19:50 KST | INFO | Epoch 24/200 | LR: 0.096772
2026-02-18 06:22:18 KST | INFO |   Train Loss: 0.3904 | Test Loss: 0.0023 | Test Acc: 80.52%
2026-02-18 06:22:18 KST | INFO |   No improvement (4/30)
2026-02-18 06:22:18 KST | INFO | 
2026-02-18 06:22:18 KST | INFO | Epoch 25/200 | LR: 0.096489
2026-02-18 06:24:46 KST | INFO |   Train Loss: 0.3847 | Test Loss: 0.0026 | Test Acc: 77.75%
2026-02-18 06:24:46 KST | INFO |   No improvement (5/30)
2026-02-18 06:24:46 KST | INFO | 
2026-02-18 06:24:46 KST | INFO | Epoch 26/200 | LR: 0.096194
2026-02-18 06:27:14 KST | INFO |   Train Loss: 0.3821 | Test Loss: 0.0022 | Test Acc: 82.13%
2026-02-18 06:27:14 KST | INFO |   No improvement (6/30)
2026-02-18 06:27:14 KST | INFO | 
2026-02-18 06:27:14 KST | INFO | Epoch 27/200 | LR: 0.095888
2026-02-18 06:29:42 KST | INFO |   Train Loss: 0.3751 | Test Loss: 0.0021 | Test Acc: 82.78%
2026-02-18 06:29:42 KST | INFO |   🏆 New best accuracy: 82.78%
2026-02-18 06:29:42 KST | INFO | 
2026-02-18 06:29:42 KST | INFO | Epoch 28/200 | LR: 0.095570
2026-02-18 06:32:11 KST | INFO |   Train Loss: 0.3754 | Test Loss: 0.0022 | Test Acc: 81.06%
2026-02-18 06:32:11 KST | INFO |   No improvement (1/30)
2026-02-18 06:32:11 KST | INFO | 
2026-02-18 06:32:11 KST | INFO | Epoch 29/200 | LR: 0.095241
2026-02-18 06:34:40 KST | INFO |   Train Loss: 0.3688 | Test Loss: 0.0022 | Test Acc: 82.39%
2026-02-18 06:34:40 KST | INFO |   No improvement (2/30)
2026-02-18 06:34:40 KST | INFO | 
2026-02-18 06:34:40 KST | INFO | Epoch 30/200 | LR: 0.094901
2026-02-18 06:37:07 KST | INFO |   Train Loss: 0.3669 | Test Loss: 0.0020 | Test Acc: 83.29%
2026-02-18 06:37:07 KST | INFO |   🏆 New best accuracy: 83.29%
2026-02-18 06:37:07 KST | INFO | 
2026-02-18 06:37:07 KST | INFO | Epoch 31/200 | LR: 0.094550
2026-02-18 06:39:36 KST | INFO |   Train Loss: 0.3629 | Test Loss: 0.0021 | Test Acc: 83.28%
2026-02-18 06:39:36 KST | INFO |   No improvement (1/30)
2026-02-18 06:39:36 KST | INFO | 
2026-02-18 06:39:36 KST | INFO | Epoch 32/200 | LR: 0.094188
2026-02-18 06:42:05 KST | INFO |   Train Loss: 0.3606 | Test Loss: 0.0021 | Test Acc: 82.92%
2026-02-18 06:42:05 KST | INFO |   No improvement (2/30)
2026-02-18 06:42:05 KST | INFO | 
2026-02-18 06:42:05 KST | INFO | Epoch 33/200 | LR: 0.093815
2026-02-18 06:44:33 KST | INFO |   Train Loss: 0.3503 | Test Loss: 0.0020 | Test Acc: 83.49%
2026-02-18 06:44:33 KST | INFO |   🏆 New best accuracy: 83.49%
2026-02-18 06:44:33 KST | INFO | 
2026-02-18 06:44:33 KST | INFO | Epoch 34/200 | LR: 0.093432
2026-02-18 06:47:01 KST | INFO |   Train Loss: 0.3518 | Test Loss: 0.0018 | Test Acc: 85.95%
2026-02-18 06:47:01 KST | INFO |   🏆 New best accuracy: 85.95%
2026-02-18 06:47:01 KST | INFO | 
2026-02-18 06:47:01 KST | INFO | Epoch 35/200 | LR: 0.093037
2026-02-18 06:49:28 KST | INFO |   Train Loss: 0.3445 | Test Loss: 0.0018 | Test Acc: 85.34%
2026-02-18 06:49:28 KST | INFO |   No improvement (1/30)
2026-02-18 06:49:28 KST | INFO | 
2026-02-18 06:49:28 KST | INFO | Epoch 36/200 | LR: 0.092632
2026-02-18 06:51:56 KST | INFO |   Train Loss: 0.3477 | Test Loss: 0.0018 | Test Acc: 84.76%
2026-02-18 06:51:56 KST | INFO |   No improvement (2/30)
2026-02-18 06:51:56 KST | INFO | 
2026-02-18 06:51:56 KST | INFO | Epoch 37/200 | LR: 0.092216
2026-02-18 06:54:24 KST | INFO |   Train Loss: 0.3458 | Test Loss: 0.0022 | Test Acc: 82.25%
2026-02-18 06:54:24 KST | INFO |   No improvement (3/30)
2026-02-18 06:54:24 KST | INFO | 
2026-02-18 06:54:24 KST | INFO | Epoch 38/200 | LR: 0.091790
2026-02-18 06:56:52 KST | INFO |   Train Loss: 0.3405 | Test Loss: 0.0022 | Test Acc: 81.57%
2026-02-18 06:56:52 KST | INFO |   No improvement (4/30)
2026-02-18 06:56:52 KST | INFO | 
2026-02-18 06:56:52 KST | INFO | Epoch 39/200 | LR: 0.091354
2026-02-18 06:59:20 KST | INFO |   Train Loss: 0.3407 | Test Loss: 0.0020 | Test Acc: 83.35%
2026-02-18 06:59:20 KST | INFO |   No improvement (5/30)
2026-02-18 06:59:20 KST | INFO | 
2026-02-18 06:59:20 KST | INFO | Epoch 40/200 | LR: 0.090908
2026-02-18 07:01:49 KST | INFO |   Train Loss: 0.3355 | Test Loss: 0.0019 | Test Acc: 84.37%
2026-02-18 07:01:49 KST | INFO |   No improvement (6/30)
2026-02-18 07:01:49 KST | INFO | 
2026-02-18 07:01:49 KST | INFO | Epoch 41/200 | LR: 0.090451
2026-02-18 07:04:17 KST | INFO |   Train Loss: 0.3312 | Test Loss: 0.0018 | Test Acc: 85.32%
2026-02-18 07:04:17 KST | INFO |   No improvement (7/30)
2026-02-18 07:04:17 KST | INFO | 
2026-02-18 07:04:17 KST | INFO | Epoch 42/200 | LR: 0.089984
2026-02-18 07:06:45 KST | INFO |   Train Loss: 0.3287 | Test Loss: 0.0020 | Test Acc: 83.75%
2026-02-18 07:06:45 KST | INFO |   No improvement (8/30)
2026-02-18 07:06:45 KST | INFO | 
2026-02-18 07:06:45 KST | INFO | Epoch 43/200 | LR: 0.089508
2026-02-18 07:09:13 KST | INFO |   Train Loss: 0.3283 | Test Loss: 0.0019 | Test Acc: 84.91%
2026-02-18 07:09:13 KST | INFO |   No improvement (9/30)
2026-02-18 07:09:13 KST | INFO | 
2026-02-18 07:09:13 KST | INFO | Epoch 44/200 | LR: 0.089022
2026-02-18 07:11:42 KST | INFO |   Train Loss: 0.3258 | Test Loss: 0.0019 | Test Acc: 84.70%
2026-02-18 07:11:42 KST | INFO |   No improvement (10/30)
2026-02-18 07:11:42 KST | INFO | 
2026-02-18 07:11:42 KST | INFO | Epoch 45/200 | LR: 0.088526
2026-02-18 07:14:09 KST | INFO |   Train Loss: 0.3245 | Test Loss: 0.0018 | Test Acc: 85.55%
2026-02-18 07:14:09 KST | INFO |   No improvement (11/30)
2026-02-18 07:14:09 KST | INFO | 
2026-02-18 07:14:09 KST | INFO | Epoch 46/200 | LR: 0.088020
2026-02-18 07:16:38 KST | INFO |   Train Loss: 0.3171 | Test Loss: 0.0023 | Test Acc: 80.36%
2026-02-18 07:16:38 KST | INFO |   No improvement (12/30)
2026-02-18 07:16:38 KST | INFO | 
2026-02-18 07:16:38 KST | INFO | Epoch 47/200 | LR: 0.087506
2026-02-18 07:19:05 KST | INFO |   Train Loss: 0.3200 | Test Loss: 0.0020 | Test Acc: 84.58%
2026-02-18 07:19:05 KST | INFO |   No improvement (13/30)
2026-02-18 07:19:05 KST | INFO | 
2026-02-18 07:19:05 KST | INFO | Epoch 48/200 | LR: 0.086982
2026-02-18 07:21:33 KST | INFO |   Train Loss: 0.3148 | Test Loss: 0.0018 | Test Acc: 85.37%
2026-02-18 07:21:33 KST | INFO |   No improvement (14/30)
2026-02-18 07:21:33 KST | INFO | 
2026-02-18 07:21:33 KST | INFO | Epoch 49/200 | LR: 0.086449
2026-02-18 07:24:00 KST | INFO |   Train Loss: 0.3131 | Test Loss: 0.0021 | Test Acc: 82.98%
2026-02-18 07:24:00 KST | INFO |   No improvement (15/30)
2026-02-18 07:24:00 KST | INFO | 
2026-02-18 07:24:00 KST | INFO | Epoch 50/200 | LR: 0.085906
2026-02-18 07:26:27 KST | INFO |   Train Loss: 0.3143 | Test Loss: 0.0019 | Test Acc: 84.73%
2026-02-18 07:26:27 KST | INFO |   No improvement (16/30)
2026-02-18 07:26:27 KST | INFO | 
2026-02-18 07:26:27 KST | INFO | Epoch 51/200 | LR: 0.085355
2026-02-18 07:28:55 KST | INFO |   Train Loss: 0.3071 | Test Loss: 0.0019 | Test Acc: 84.23%
2026-02-18 07:28:55 KST | INFO |   No improvement (17/30)
2026-02-18 07:28:55 KST | INFO | 
2026-02-18 07:28:55 KST | INFO | Epoch 52/200 | LR: 0.084796
2026-02-18 07:31:22 KST | INFO |   Train Loss: 0.3068 | Test Loss: 0.0019 | Test Acc: 85.25%
2026-02-18 07:31:22 KST | INFO |   No improvement (18/30)
2026-02-18 07:31:22 KST | INFO | 
2026-02-18 07:31:22 KST | INFO | Epoch 53/200 | LR: 0.084228
2026-02-18 07:33:51 KST | INFO |   Train Loss: 0.3024 | Test Loss: 0.0020 | Test Acc: 83.30%
2026-02-18 07:33:51 KST | INFO |   No improvement (19/30)
2026-02-18 07:33:51 KST | INFO | 
2026-02-18 07:33:51 KST | INFO | Epoch 54/200 | LR: 0.083651
2026-02-18 07:36:18 KST | INFO |   Train Loss: 0.3030 | Test Loss: 0.0020 | Test Acc: 82.63%
2026-02-18 07:36:18 KST | INFO |   No improvement (20/30)
2026-02-18 07:36:18 KST | INFO | 
2026-02-18 07:36:18 KST | INFO | Epoch 55/200 | LR: 0.083066
2026-02-18 07:38:46 KST | INFO |   Train Loss: 0.3007 | Test Loss: 0.0020 | Test Acc: 83.25%
2026-02-18 07:38:46 KST | INFO |   No improvement (21/30)
2026-02-18 07:38:46 KST | INFO | 
2026-02-18 07:38:46 KST | INFO | Epoch 56/200 | LR: 0.082473
2026-02-18 07:41:15 KST | INFO |   Train Loss: 0.2989 | Test Loss: 0.0019 | Test Acc: 84.68%
2026-02-18 07:41:15 KST | INFO |   No improvement (22/30)
2026-02-18 07:41:15 KST | INFO | 
2026-02-18 07:41:15 KST | INFO | Epoch 57/200 | LR: 0.081871
2026-02-18 07:43:44 KST | INFO |   Train Loss: 0.2937 | Test Loss: 0.0019 | Test Acc: 84.12%
2026-02-18 07:43:44 KST | INFO |   No improvement (23/30)
2026-02-18 07:43:44 KST | INFO | 
2026-02-18 07:43:44 KST | INFO | Epoch 58/200 | LR: 0.081262
2026-02-18 07:46:12 KST | INFO |   Train Loss: 0.2922 | Test Loss: 0.0018 | Test Acc: 85.22%
2026-02-18 07:46:12 KST | INFO |   No improvement (24/30)
2026-02-18 07:46:12 KST | INFO | 
2026-02-18 07:46:12 KST | INFO | Epoch 59/200 | LR: 0.080646
2026-02-18 07:48:40 KST | INFO |   Train Loss: 0.2899 | Test Loss: 0.0018 | Test Acc: 85.22%
2026-02-18 07:48:40 KST | INFO |   No improvement (25/30)
2026-02-18 07:48:40 KST | INFO | 
2026-02-18 07:48:40 KST | INFO | Epoch 60/200 | LR: 0.080021
2026-02-18 07:51:08 KST | INFO |   Train Loss: 0.2886 | Test Loss: 0.0019 | Test Acc: 84.61%
2026-02-18 07:51:08 KST | INFO |   No improvement (26/30)
2026-02-18 07:51:08 KST | INFO | 
2026-02-18 07:51:08 KST | INFO | Epoch 61/200 | LR: 0.079389
2026-02-18 07:53:37 KST | INFO |   Train Loss: 0.2883 | Test Loss: 0.0020 | Test Acc: 83.41%
2026-02-18 07:53:37 KST | INFO |   No improvement (27/30)
2026-02-18 07:53:37 KST | INFO | 
2026-02-18 07:53:37 KST | INFO | Epoch 62/200 | LR: 0.078750
2026-02-18 07:56:04 KST | INFO |   Train Loss: 0.2827 | Test Loss: 0.0016 | Test Acc: 86.93%
2026-02-18 07:56:04 KST | INFO |   🏆 New best accuracy: 86.93%
2026-02-18 07:56:04 KST | INFO | 
2026-02-18 07:56:04 KST | INFO | Epoch 63/200 | LR: 0.078104
2026-02-18 07:58:32 KST | INFO |   Train Loss: 0.2813 | Test Loss: 0.0019 | Test Acc: 84.22%
2026-02-18 07:58:32 KST | INFO |   No improvement (1/30)
2026-02-18 07:58:32 KST | INFO | 
2026-02-18 07:58:32 KST | INFO | Epoch 64/200 | LR: 0.077451
2026-02-18 08:01:01 KST | INFO |   Train Loss: 0.2806 | Test Loss: 0.0018 | Test Acc: 85.39%
2026-02-18 08:01:01 KST | INFO |   No improvement (2/30)
2026-02-18 08:01:01 KST | INFO | 
2026-02-18 08:01:01 KST | INFO | Epoch 65/200 | LR: 0.076792
2026-02-18 08:03:29 KST | INFO |   Train Loss: 0.2808 | Test Loss: 0.0021 | Test Acc: 81.97%
2026-02-18 08:03:29 KST | INFO |   No improvement (3/30)
2026-02-18 08:03:29 KST | INFO | 
2026-02-18 08:03:29 KST | INFO | Epoch 66/200 | LR: 0.076125
2026-02-18 08:05:56 KST | INFO |   Train Loss: 0.2749 | Test Loss: 0.0017 | Test Acc: 84.64%
2026-02-18 08:05:56 KST | INFO |   No improvement (4/30)
2026-02-18 08:05:56 KST | INFO | 
2026-02-18 08:05:56 KST | INFO | Epoch 67/200 | LR: 0.075452
2026-02-18 08:08:24 KST | INFO |   Train Loss: 0.2717 | Test Loss: 0.0020 | Test Acc: 84.79%
2026-02-18 08:08:24 KST | INFO |   No improvement (5/30)
2026-02-18 08:08:24 KST | INFO | 
2026-02-18 08:08:24 KST | INFO | Epoch 68/200 | LR: 0.074773
2026-02-18 08:10:52 KST | INFO |   Train Loss: 0.2698 | Test Loss: 0.0018 | Test Acc: 84.72%
2026-02-18 08:10:52 KST | INFO |   No improvement (6/30)
2026-02-18 08:10:52 KST | INFO | 
2026-02-18 08:10:52 KST | INFO | Epoch 69/200 | LR: 0.074088
2026-02-18 08:13:19 KST | INFO |   Train Loss: 0.2725 | Test Loss: 0.0017 | Test Acc: 86.02%
2026-02-18 08:13:19 KST | INFO |   No improvement (7/30)
2026-02-18 08:13:19 KST | INFO | 
2026-02-18 08:13:19 KST | INFO | Epoch 70/200 | LR: 0.073397
2026-02-18 08:15:47 KST | INFO |   Train Loss: 0.2656 | Test Loss: 0.0017 | Test Acc: 85.36%
2026-02-18 08:15:47 KST | INFO |   No improvement (8/30)
2026-02-18 08:15:47 KST | INFO | 
2026-02-18 08:15:47 KST | INFO | Epoch 71/200 | LR: 0.072700
2026-02-18 08:18:15 KST | INFO |   Train Loss: 0.2650 | Test Loss: 0.0015 | Test Acc: 87.26%
2026-02-18 08:18:15 KST | INFO |   🏆 New best accuracy: 87.26%
2026-02-18 08:18:15 KST | INFO | 
2026-02-18 08:18:15 KST | INFO | Epoch 72/200 | LR: 0.071997
2026-02-18 08:20:44 KST | INFO |   Train Loss: 0.2619 | Test Loss: 0.0020 | Test Acc: 83.42%
2026-02-18 08:20:44 KST | INFO |   No improvement (1/30)
2026-02-18 08:20:44 KST | INFO | 
2026-02-18 08:20:44 KST | INFO | Epoch 73/200 | LR: 0.071289
2026-02-18 08:23:12 KST | INFO |   Train Loss: 0.2632 | Test Loss: 0.0018 | Test Acc: 85.57%
2026-02-18 08:23:12 KST | INFO |   No improvement (2/30)
2026-02-18 08:23:12 KST | INFO | 
2026-02-18 08:23:12 KST | INFO | Epoch 74/200 | LR: 0.070576
2026-02-18 08:25:40 KST | INFO |   Train Loss: 0.2590 | Test Loss: 0.0018 | Test Acc: 84.43%
2026-02-18 08:25:40 KST | INFO |   No improvement (3/30)
2026-02-18 08:25:40 KST | INFO | 
2026-02-18 08:25:40 KST | INFO | Epoch 75/200 | LR: 0.069858
2026-02-18 08:28:09 KST | INFO |   Train Loss: 0.2526 | Test Loss: 0.0017 | Test Acc: 85.92%
2026-02-18 08:28:09 KST | INFO |   No improvement (4/30)
2026-02-18 08:28:09 KST | INFO | 
2026-02-18 08:28:09 KST | INFO | Epoch 76/200 | LR: 0.069134
2026-02-18 08:30:37 KST | INFO |   Train Loss: 0.2506 | Test Loss: 0.0016 | Test Acc: 86.96%
2026-02-18 08:30:37 KST | INFO |   No improvement (5/30)
2026-02-18 08:30:37 KST | INFO | 
2026-02-18 08:30:37 KST | INFO | Epoch 77/200 | LR: 0.068407
2026-02-18 08:33:05 KST | INFO |   Train Loss: 0.2462 | Test Loss: 0.0016 | Test Acc: 86.72%
2026-02-18 08:33:05 KST | INFO |   No improvement (6/30)
2026-02-18 08:33:05 KST | INFO | 
2026-02-18 08:33:05 KST | INFO | Epoch 78/200 | LR: 0.067674
2026-02-18 08:35:33 KST | INFO |   Train Loss: 0.2444 | Test Loss: 0.0021 | Test Acc: 82.90%
2026-02-18 08:35:33 KST | INFO |   No improvement (7/30)
2026-02-18 08:35:33 KST | INFO | 
2026-02-18 08:35:33 KST | INFO | Epoch 79/200 | LR: 0.066937
2026-02-18 08:38:02 KST | INFO |   Train Loss: 0.2439 | Test Loss: 0.0018 | Test Acc: 85.09%
2026-02-18 08:38:02 KST | INFO |   No improvement (8/30)
2026-02-18 08:38:02 KST | INFO | 
2026-02-18 08:38:02 KST | INFO | Epoch 80/200 | LR: 0.066196
2026-02-18 08:40:31 KST | INFO |   Train Loss: 0.2422 | Test Loss: 0.0018 | Test Acc: 84.89%
2026-02-18 08:40:31 KST | INFO |   No improvement (9/30)
2026-02-18 08:40:31 KST | INFO | 
2026-02-18 08:40:31 KST | INFO | Epoch 81/200 | LR: 0.065451
2026-02-18 08:42:59 KST | INFO |   Train Loss: 0.2392 | Test Loss: 0.0015 | Test Acc: 87.28%
2026-02-18 08:42:59 KST | INFO |   🏆 New best accuracy: 87.28%
2026-02-18 08:42:59 KST | INFO | 
2026-02-18 08:42:59 KST | INFO | Epoch 82/200 | LR: 0.064702
2026-02-18 08:45:28 KST | INFO |   Train Loss: 0.2398 | Test Loss: 0.0017 | Test Acc: 85.74%
2026-02-18 08:45:28 KST | INFO |   No improvement (1/30)
2026-02-18 08:45:28 KST | INFO | 
2026-02-18 08:45:28 KST | INFO | Epoch 83/200 | LR: 0.063950
2026-02-18 08:47:55 KST | INFO |   Train Loss: 0.2331 | Test Loss: 0.0017 | Test Acc: 85.67%
2026-02-18 08:47:55 KST | INFO |   No improvement (2/30)
2026-02-18 08:47:55 KST | INFO | 
2026-02-18 08:47:55 KST | INFO | Epoch 84/200 | LR: 0.063194
2026-02-18 08:50:23 KST | INFO |   Train Loss: 0.2315 | Test Loss: 0.0017 | Test Acc: 85.81%
2026-02-18 08:50:23 KST | INFO |   No improvement (3/30)
2026-02-18 08:50:23 KST | INFO | 
2026-02-18 08:50:23 KST | INFO | Epoch 85/200 | LR: 0.062435
2026-02-18 08:52:51 KST | INFO |   Train Loss: 0.2336 | Test Loss: 0.0016 | Test Acc: 86.79%
2026-02-18 08:52:51 KST | INFO |   No improvement (4/30)
2026-02-18 08:52:51 KST | INFO | 
2026-02-18 08:52:51 KST | INFO | Epoch 86/200 | LR: 0.061673
2026-02-18 08:55:19 KST | INFO |   Train Loss: 0.2262 | Test Loss: 0.0018 | Test Acc: 84.14%
2026-02-18 08:55:19 KST | INFO |   No improvement (5/30)
2026-02-18 08:55:19 KST | INFO | 
2026-02-18 08:55:19 KST | INFO | Epoch 87/200 | LR: 0.060908
2026-02-18 08:57:48 KST | INFO |   Train Loss: 0.2219 | Test Loss: 0.0014 | Test Acc: 87.47%
2026-02-18 08:57:48 KST | INFO |   🏆 New best accuracy: 87.47%
2026-02-18 08:57:48 KST | INFO | 
2026-02-18 08:57:48 KST | INFO | Epoch 88/200 | LR: 0.060140
2026-02-18 09:00:15 KST | INFO |   Train Loss: 0.2221 | Test Loss: 0.0017 | Test Acc: 85.33%
2026-02-18 09:00:15 KST | INFO |   No improvement (1/30)
2026-02-18 09:00:15 KST | INFO | 
2026-02-18 09:00:15 KST | INFO | Epoch 89/200 | LR: 0.059369
2026-02-18 09:02:44 KST | INFO |   Train Loss: 0.2211 | Test Loss: 0.0016 | Test Acc: 86.36%
2026-02-18 09:02:44 KST | INFO |   No improvement (2/30)
2026-02-18 09:02:44 KST | INFO | 
2026-02-18 09:02:44 KST | INFO | Epoch 90/200 | LR: 0.058597
2026-02-18 09:05:12 KST | INFO |   Train Loss: 0.2152 | Test Loss: 0.0015 | Test Acc: 86.97%
2026-02-18 09:05:12 KST | INFO |   No improvement (3/30)
2026-02-18 09:05:12 KST | INFO | 
2026-02-18 09:05:12 KST | INFO | Epoch 91/200 | LR: 0.057822
2026-02-18 09:07:41 KST | INFO |   Train Loss: 0.2177 | Test Loss: 0.0014 | Test Acc: 88.08%
2026-02-18 09:07:41 KST | INFO |   🏆 New best accuracy: 88.08%
2026-02-18 09:07:41 KST | INFO | 
2026-02-18 09:07:41 KST | INFO | Epoch 92/200 | LR: 0.057045
2026-02-18 09:10:09 KST | INFO |   Train Loss: 0.2115 | Test Loss: 0.0016 | Test Acc: 86.53%
2026-02-18 09:10:09 KST | INFO |   No improvement (1/30)
2026-02-18 09:10:09 KST | INFO | 
2026-02-18 09:10:09 KST | INFO | Epoch 93/200 | LR: 0.056267
2026-02-18 09:12:38 KST | INFO |   Train Loss: 0.2133 | Test Loss: 0.0018 | Test Acc: 85.78%
2026-02-18 09:12:38 KST | INFO |   No improvement (2/30)
2026-02-18 09:12:38 KST | INFO | 
2026-02-18 09:12:38 KST | INFO | Epoch 94/200 | LR: 0.055487
2026-02-18 09:15:07 KST | INFO |   Train Loss: 0.2061 | Test Loss: 0.0018 | Test Acc: 84.86%
2026-02-18 09:15:07 KST | INFO |   No improvement (3/30)
2026-02-18 09:15:07 KST | INFO | 
2026-02-18 09:15:07 KST | INFO | Epoch 95/200 | LR: 0.054706
2026-02-18 09:17:35 KST | INFO |   Train Loss: 0.2039 | Test Loss: 0.0015 | Test Acc: 87.10%
2026-02-18 09:17:35 KST | INFO |   No improvement (4/30)
2026-02-18 09:17:35 KST | INFO | 
2026-02-18 09:17:35 KST | INFO | Epoch 96/200 | LR: 0.053923
2026-02-18 09:20:03 KST | INFO |   Train Loss: 0.2045 | Test Loss: 0.0015 | Test Acc: 87.15%
2026-02-18 09:20:03 KST | INFO |   No improvement (5/30)
2026-02-18 09:20:03 KST | INFO | 
2026-02-18 09:20:03 KST | INFO | Epoch 97/200 | LR: 0.053140
2026-02-18 09:22:31 KST | INFO |   Train Loss: 0.2018 | Test Loss: 0.0016 | Test Acc: 86.39%
2026-02-18 09:22:31 KST | INFO |   No improvement (6/30)
2026-02-18 09:22:31 KST | INFO | 
2026-02-18 09:22:31 KST | INFO | Epoch 98/200 | LR: 0.052356
2026-02-18 09:24:59 KST | INFO |   Train Loss: 0.1954 | Test Loss: 0.0014 | Test Acc: 88.12%
2026-02-18 09:24:59 KST | INFO |   🏆 New best accuracy: 88.12%
2026-02-18 09:24:59 KST | INFO | 
2026-02-18 09:24:59 KST | INFO | Epoch 99/200 | LR: 0.051571
2026-02-18 09:27:27 KST | INFO |   Train Loss: 0.1947 | Test Loss: 0.0014 | Test Acc: 87.75%
2026-02-18 09:27:27 KST | INFO |   No improvement (1/30)
2026-02-18 09:27:27 KST | INFO | 
2026-02-18 09:27:27 KST | INFO | Epoch 100/200 | LR: 0.050786
2026-02-18 09:29:54 KST | INFO |   Train Loss: 0.1941 | Test Loss: 0.0017 | Test Acc: 85.51%
2026-02-18 09:29:54 KST | INFO |   No improvement (2/30)
2026-02-18 09:29:54 KST | INFO | 
2026-02-18 09:29:54 KST | INFO | Epoch 101/200 | LR: 0.050001
2026-02-18 09:32:22 KST | INFO |   Train Loss: 0.1887 | Test Loss: 0.0017 | Test Acc: 85.76%
2026-02-18 09:32:22 KST | INFO |   No improvement (3/30)
2026-02-18 09:32:22 KST | INFO | 
2026-02-18 09:32:22 KST | INFO | Epoch 102/200 | LR: 0.049215
2026-02-18 09:34:50 KST | INFO |   Train Loss: 0.1909 | Test Loss: 0.0017 | Test Acc: 85.63%
2026-02-18 09:34:50 KST | INFO |   No improvement (4/30)
2026-02-18 09:34:50 KST | INFO | 
2026-02-18 09:34:50 KST | INFO | Epoch 103/200 | LR: 0.048430
2026-02-18 09:37:19 KST | INFO |   Train Loss: 0.1821 | Test Loss: 0.0017 | Test Acc: 85.38%
2026-02-18 09:37:19 KST | INFO |   No improvement (5/30)
2026-02-18 09:37:19 KST | INFO | 
2026-02-18 09:37:19 KST | INFO | Epoch 104/200 | LR: 0.047645
2026-02-18 09:39:47 KST | INFO |   Train Loss: 0.1818 | Test Loss: 0.0017 | Test Acc: 86.13%
2026-02-18 09:39:47 KST | INFO |   No improvement (6/30)
2026-02-18 09:39:47 KST | INFO | 
2026-02-18 09:39:47 KST | INFO | Epoch 105/200 | LR: 0.046861
2026-02-18 09:42:15 KST | INFO |   Train Loss: 0.1796 | Test Loss: 0.0014 | Test Acc: 88.05%
2026-02-18 09:42:15 KST | INFO |   No improvement (7/30)
2026-02-18 09:42:15 KST | INFO | 
2026-02-18 09:42:15 KST | INFO | Epoch 106/200 | LR: 0.046078
2026-02-18 09:44:43 KST | INFO |   Train Loss: 0.1779 | Test Loss: 0.0019 | Test Acc: 84.63%
2026-02-18 09:44:43 KST | INFO |   No improvement (8/30)
2026-02-18 09:44:43 KST | INFO | 
2026-02-18 09:44:43 KST | INFO | Epoch 107/200 | LR: 0.045295
2026-02-18 09:47:11 KST | INFO |   Train Loss: 0.1734 | Test Loss: 0.0017 | Test Acc: 85.76%
2026-02-18 09:47:11 KST | INFO |   No improvement (9/30)
2026-02-18 09:47:11 KST | INFO | 
2026-02-18 09:47:11 KST | INFO | Epoch 108/200 | LR: 0.044514
2026-02-18 09:49:40 KST | INFO |   Train Loss: 0.1727 | Test Loss: 0.0014 | Test Acc: 88.06%
2026-02-18 09:49:40 KST | INFO |   No improvement (10/30)
2026-02-18 09:49:40 KST | INFO | 
2026-02-18 09:49:40 KST | INFO | Epoch 109/200 | LR: 0.043734
2026-02-18 09:52:10 KST | INFO |   Train Loss: 0.1687 | Test Loss: 0.0017 | Test Acc: 85.85%
2026-02-18 09:52:10 KST | INFO |   No improvement (11/30)
2026-02-18 09:52:10 KST | INFO | 
2026-02-18 09:52:10 KST | INFO | Epoch 110/200 | LR: 0.042956
2026-02-18 09:54:37 KST | INFO |   Train Loss: 0.1644 | Test Loss: 0.0016 | Test Acc: 87.03%
2026-02-18 09:54:37 KST | INFO |   No improvement (12/30)
2026-02-18 09:54:37 KST | INFO | 
2026-02-18 09:54:37 KST | INFO | Epoch 111/200 | LR: 0.042179
2026-02-18 09:57:05 KST | INFO |   Train Loss: 0.1638 | Test Loss: 0.0014 | Test Acc: 88.20%
2026-02-18 09:57:05 KST | INFO |   🏆 New best accuracy: 88.20%
2026-02-18 09:57:05 KST | INFO | 
2026-02-18 09:57:05 KST | INFO | Epoch 112/200 | LR: 0.041404
2026-02-18 09:59:34 KST | INFO |   Train Loss: 0.1598 | Test Loss: 0.0015 | Test Acc: 87.37%
2026-02-18 09:59:34 KST | INFO |   No improvement (1/30)
2026-02-18 09:59:34 KST | INFO | 
2026-02-18 09:59:34 KST | INFO | Epoch 113/200 | LR: 0.040632
2026-02-18 10:02:02 KST | INFO |   Train Loss: 0.1575 | Test Loss: 0.0013 | Test Acc: 88.78%
2026-02-18 10:02:02 KST | INFO |   🏆 New best accuracy: 88.78%
2026-02-18 10:02:02 KST | INFO | 
2026-02-18 10:02:02 KST | INFO | Epoch 114/200 | LR: 0.039861
2026-02-18 10:04:30 KST | INFO |   Train Loss: 0.1524 | Test Loss: 0.0016 | Test Acc: 86.96%
2026-02-18 10:04:30 KST | INFO |   No improvement (1/30)
2026-02-18 10:04:30 KST | INFO | 
2026-02-18 10:04:30 KST | INFO | Epoch 115/200 | LR: 0.039093
2026-02-18 10:06:58 KST | INFO |   Train Loss: 0.1561 | Test Loss: 0.0016 | Test Acc: 86.58%
2026-02-18 10:06:58 KST | INFO |   No improvement (2/30)
2026-02-18 10:06:58 KST | INFO | 
2026-02-18 10:06:58 KST | INFO | Epoch 116/200 | LR: 0.038328
2026-02-18 10:09:25 KST | INFO |   Train Loss: 0.1502 | Test Loss: 0.0014 | Test Acc: 88.29%
2026-02-18 10:09:25 KST | INFO |   No improvement (3/30)
2026-02-18 10:09:25 KST | INFO | 
2026-02-18 10:09:25 KST | INFO | Epoch 117/200 | LR: 0.037566
2026-02-18 10:11:53 KST | INFO |   Train Loss: 0.1487 | Test Loss: 0.0014 | Test Acc: 88.47%
2026-02-18 10:11:53 KST | INFO |   No improvement (4/30)
2026-02-18 10:11:53 KST | INFO | 
2026-02-18 10:11:53 KST | INFO | Epoch 118/200 | LR: 0.036807
2026-02-18 10:14:20 KST | INFO |   Train Loss: 0.1418 | Test Loss: 0.0015 | Test Acc: 87.80%
2026-02-18 10:14:20 KST | INFO |   No improvement (5/30)
2026-02-18 10:14:20 KST | INFO | 
2026-02-18 10:14:20 KST | INFO | Epoch 119/200 | LR: 0.036051
2026-02-18 10:16:47 KST | INFO |   Train Loss: 0.1433 | Test Loss: 0.0014 | Test Acc: 88.14%
2026-02-18 10:16:47 KST | INFO |   No improvement (6/30)
2026-02-18 10:16:47 KST | INFO | 
2026-02-18 10:16:47 KST | INFO | Epoch 120/200 | LR: 0.035299
2026-02-18 10:19:15 KST | INFO |   Train Loss: 0.1365 | Test Loss: 0.0018 | Test Acc: 85.29%
2026-02-18 10:19:15 KST | INFO |   No improvement (7/30)
2026-02-18 10:19:15 KST | INFO | 
2026-02-18 10:19:15 KST | INFO | Epoch 121/200 | LR: 0.034550
2026-02-18 10:21:43 KST | INFO |   Train Loss: 0.1333 | Test Loss: 0.0017 | Test Acc: 85.88%
2026-02-18 10:21:43 KST | INFO |   No improvement (8/30)
2026-02-18 10:21:43 KST | INFO | 
2026-02-18 10:21:43 KST | INFO | Epoch 122/200 | LR: 0.033805
2026-02-18 10:24:11 KST | INFO |   Train Loss: 0.1364 | Test Loss: 0.0016 | Test Acc: 86.93%
2026-02-18 10:24:11 KST | INFO |   No improvement (9/30)
2026-02-18 10:24:11 KST | INFO | 
2026-02-18 10:24:11 KST | INFO | Epoch 123/200 | LR: 0.033064
2026-02-18 10:26:39 KST | INFO |   Train Loss: 0.1308 | Test Loss: 0.0015 | Test Acc: 87.92%
2026-02-18 10:26:39 KST | INFO |   No improvement (10/30)
2026-02-18 10:26:39 KST | INFO | 
2026-02-18 10:26:39 KST | INFO | Epoch 124/200 | LR: 0.032327
2026-02-18 10:29:08 KST | INFO |   Train Loss: 0.1293 | Test Loss: 0.0014 | Test Acc: 88.59%
2026-02-18 10:29:08 KST | INFO |   No improvement (11/30)
2026-02-18 10:29:08 KST | INFO | 
2026-02-18 10:29:08 KST | INFO | Epoch 125/200 | LR: 0.031594
2026-02-18 10:31:35 KST | INFO |   Train Loss: 0.1257 | Test Loss: 0.0015 | Test Acc: 87.75%
2026-02-18 10:31:35 KST | INFO |   No improvement (12/30)
2026-02-18 10:31:35 KST | INFO | 
2026-02-18 10:31:35 KST | INFO | Epoch 126/200 | LR: 0.030867
2026-02-18 10:34:04 KST | INFO |   Train Loss: 0.1251 | Test Loss: 0.0015 | Test Acc: 88.28%
2026-02-18 10:34:04 KST | INFO |   No improvement (13/30)
2026-02-18 10:34:04 KST | INFO | 
2026-02-18 10:34:04 KST | INFO | Epoch 127/200 | LR: 0.030143
2026-02-18 10:36:32 KST | INFO |   Train Loss: 0.1232 | Test Loss: 0.0014 | Test Acc: 88.27%
2026-02-18 10:36:32 KST | INFO |   No improvement (14/30)
2026-02-18 10:36:32 KST | INFO | 
2026-02-18 10:36:32 KST | INFO | Epoch 128/200 | LR: 0.029425
2026-02-18 10:39:01 KST | INFO |   Train Loss: 0.1184 | Test Loss: 0.0014 | Test Acc: 88.15%
2026-02-18 10:39:01 KST | INFO |   No improvement (15/30)
2026-02-18 10:39:01 KST | INFO | 
2026-02-18 10:39:01 KST | INFO | Epoch 129/200 | LR: 0.028712
2026-02-18 10:41:31 KST | INFO |   Train Loss: 0.1144 | Test Loss: 0.0015 | Test Acc: 88.36%
2026-02-18 10:41:31 KST | INFO |   No improvement (16/30)
2026-02-18 10:41:31 KST | INFO | 
2026-02-18 10:41:31 KST | INFO | Epoch 130/200 | LR: 0.028004
2026-02-18 10:43:59 KST | INFO |   Train Loss: 0.1155 | Test Loss: 0.0013 | Test Acc: 89.79%
2026-02-18 10:43:59 KST | INFO |   🏆 New best accuracy: 89.79%
2026-02-18 10:43:59 KST | INFO | 
2026-02-18 10:43:59 KST | INFO | Epoch 131/200 | LR: 0.027301
2026-02-18 10:46:27 KST | INFO |   Train Loss: 0.1121 | Test Loss: 0.0013 | Test Acc: 88.96%
2026-02-18 10:46:27 KST | INFO |   No improvement (1/30)
2026-02-18 10:46:27 KST | INFO | 
2026-02-18 10:46:27 KST | INFO | Epoch 132/200 | LR: 0.026604
2026-02-18 10:48:55 KST | INFO |   Train Loss: 0.1106 | Test Loss: 0.0014 | Test Acc: 88.42%
2026-02-18 10:48:55 KST | INFO |   No improvement (2/30)
2026-02-18 10:48:55 KST | INFO | 
2026-02-18 10:48:55 KST | INFO | Epoch 133/200 | LR: 0.025913
2026-02-18 10:51:22 KST | INFO |   Train Loss: 0.1058 | Test Loss: 0.0019 | Test Acc: 84.87%
2026-02-18 10:51:22 KST | INFO |   No improvement (3/30)
2026-02-18 10:51:22 KST | INFO | 
2026-02-18 10:51:22 KST | INFO | Epoch 134/200 | LR: 0.025228
2026-02-18 10:53:50 KST | INFO |   Train Loss: 0.1037 | Test Loss: 0.0015 | Test Acc: 87.36%
2026-02-18 10:53:50 KST | INFO |   No improvement (4/30)
2026-02-18 10:53:50 KST | INFO | 
2026-02-18 10:53:50 KST | INFO | Epoch 135/200 | LR: 0.024549
2026-02-18 10:56:18 KST | INFO |   Train Loss: 0.1017 | Test Loss: 0.0013 | Test Acc: 89.34%
2026-02-18 10:56:18 KST | INFO |   No improvement (5/30)
2026-02-18 10:56:18 KST | INFO | 
2026-02-18 10:56:18 KST | INFO | Epoch 136/200 | LR: 0.023876
2026-02-18 10:58:47 KST | INFO |   Train Loss: 0.0993 | Test Loss: 0.0016 | Test Acc: 87.07%
2026-02-18 10:58:47 KST | INFO |   No improvement (6/30)
2026-02-18 10:58:47 KST | INFO | 
2026-02-18 10:58:47 KST | INFO | Epoch 137/200 | LR: 0.023209
2026-02-18 11:01:16 KST | INFO |   Train Loss: 0.0963 | Test Loss: 0.0013 | Test Acc: 89.13%
2026-02-18 11:01:16 KST | INFO |   No improvement (7/30)
2026-02-18 11:01:16 KST | INFO | 
2026-02-18 11:01:16 KST | INFO | Epoch 138/200 | LR: 0.022550
2026-02-18 11:03:46 KST | INFO |   Train Loss: 0.0930 | Test Loss: 0.0014 | Test Acc: 88.60%
2026-02-18 11:03:46 KST | INFO |   No improvement (8/30)
2026-02-18 11:03:46 KST | INFO | 
2026-02-18 11:03:46 KST | INFO | Epoch 139/200 | LR: 0.021897
2026-02-18 11:06:14 KST | INFO |   Train Loss: 0.0920 | Test Loss: 0.0015 | Test Acc: 87.95%
2026-02-18 11:06:14 KST | INFO |   No improvement (9/30)
2026-02-18 11:06:14 KST | INFO | 
2026-02-18 11:06:14 KST | INFO | Epoch 140/200 | LR: 0.021251
2026-02-18 11:08:42 KST | INFO |   Train Loss: 0.0917 | Test Loss: 0.0013 | Test Acc: 89.60%
2026-02-18 11:08:42 KST | INFO |   No improvement (10/30)
2026-02-18 11:08:42 KST | INFO | 
2026-02-18 11:08:42 KST | INFO | Epoch 141/200 | LR: 0.020612
2026-02-18 11:11:09 KST | INFO |   Train Loss: 0.0883 | Test Loss: 0.0013 | Test Acc: 89.36%
2026-02-18 11:11:09 KST | INFO |   No improvement (11/30)
2026-02-18 11:11:09 KST | INFO | 
2026-02-18 11:11:09 KST | INFO | Epoch 142/200 | LR: 0.019980
2026-02-18 11:13:38 KST | INFO |   Train Loss: 0.0842 | Test Loss: 0.0014 | Test Acc: 89.19%
2026-02-18 11:13:38 KST | INFO |   No improvement (12/30)
2026-02-18 11:13:38 KST | INFO | 
2026-02-18 11:13:38 KST | INFO | Epoch 143/200 | LR: 0.019355
2026-02-18 11:16:07 KST | INFO |   Train Loss: 0.0851 | Test Loss: 0.0013 | Test Acc: 89.24%
2026-02-18 11:16:07 KST | INFO |   No improvement (13/30)
2026-02-18 11:16:07 KST | INFO | 
2026-02-18 11:16:07 KST | INFO | Epoch 144/200 | LR: 0.018739
2026-02-18 11:18:34 KST | INFO |   Train Loss: 0.0828 | Test Loss: 0.0014 | Test Acc: 88.21%
2026-02-18 11:18:34 KST | INFO |   No improvement (14/30)
2026-02-18 11:18:34 KST | INFO | 
2026-02-18 11:18:34 KST | INFO | Epoch 145/200 | LR: 0.018130
2026-02-18 11:21:03 KST | INFO |   Train Loss: 0.0778 | Test Loss: 0.0015 | Test Acc: 88.03%
2026-02-18 11:21:03 KST | INFO |   No improvement (15/30)
2026-02-18 11:21:03 KST | INFO | 
2026-02-18 11:21:03 KST | INFO | Epoch 146/200 | LR: 0.017528
2026-02-18 11:23:32 KST | INFO |   Train Loss: 0.0777 | Test Loss: 0.0014 | Test Acc: 88.43%
2026-02-18 11:23:32 KST | INFO |   No improvement (16/30)
2026-02-18 11:23:32 KST | INFO | 
2026-02-18 11:23:32 KST | INFO | Epoch 147/200 | LR: 0.016935
2026-02-18 11:25:59 KST | INFO |   Train Loss: 0.0721 | Test Loss: 0.0013 | Test Acc: 89.50%
2026-02-18 11:25:59 KST | INFO |   No improvement (17/30)
2026-02-18 11:25:59 KST | INFO | 
2026-02-18 11:25:59 KST | INFO | Epoch 148/200 | LR: 0.016350
2026-02-18 11:28:26 KST | INFO |   Train Loss: 0.0707 | Test Loss: 0.0013 | Test Acc: 88.85%
2026-02-18 11:28:26 KST | INFO |   No improvement (18/30)
2026-02-18 11:28:26 KST | INFO | 
2026-02-18 11:28:26 KST | INFO | Epoch 149/200 | LR: 0.015773
2026-02-18 11:30:54 KST | INFO |   Train Loss: 0.0702 | Test Loss: 0.0013 | Test Acc: 89.28%
2026-02-18 11:30:54 KST | INFO |   No improvement (19/30)
2026-02-18 11:30:54 KST | INFO | 
2026-02-18 11:30:54 KST | INFO | Epoch 150/200 | LR: 0.015205
2026-02-18 11:33:23 KST | INFO |   Train Loss: 0.0687 | Test Loss: 0.0015 | Test Acc: 87.62%
2026-02-18 11:33:23 KST | INFO |   No improvement (20/30)
2026-02-18 11:33:23 KST | INFO | 
2026-02-18 11:33:23 KST | INFO | Epoch 151/200 | LR: 0.014646
2026-02-18 11:35:50 KST | INFO |   Train Loss: 0.0655 | Test Loss: 0.0013 | Test Acc: 89.53%
2026-02-18 11:35:50 KST | INFO |   No improvement (21/30)
2026-02-18 11:35:50 KST | INFO | 
2026-02-18 11:35:50 KST | INFO | Epoch 152/200 | LR: 0.014095
2026-02-18 11:38:19 KST | INFO |   Train Loss: 0.0629 | Test Loss: 0.0013 | Test Acc: 89.76%
2026-02-18 11:38:19 KST | INFO |   No improvement (22/30)
2026-02-18 11:38:19 KST | INFO | 
2026-02-18 11:38:19 KST | INFO | Epoch 153/200 | LR: 0.013552
2026-02-18 11:40:47 KST | INFO |   Train Loss: 0.0627 | Test Loss: 0.0013 | Test Acc: 89.87%
2026-02-18 11:40:47 KST | INFO |   🏆 New best accuracy: 89.87%
2026-02-18 11:40:47 KST | INFO | 
2026-02-18 11:40:47 KST | INFO | Epoch 154/200 | LR: 0.013019
2026-02-18 11:43:15 KST | INFO |   Train Loss: 0.0580 | Test Loss: 0.0014 | Test Acc: 89.11%
2026-02-18 11:43:15 KST | INFO |   No improvement (1/30)
2026-02-18 11:43:15 KST | INFO | 
2026-02-18 11:43:15 KST | INFO | Epoch 155/200 | LR: 0.012495
2026-02-18 11:45:43 KST | INFO |   Train Loss: 0.0566 | Test Loss: 0.0014 | Test Acc: 88.72%
2026-02-18 11:45:43 KST | INFO |   No improvement (2/30)
2026-02-18 11:45:43 KST | INFO | 
2026-02-18 11:45:43 KST | INFO | Epoch 156/200 | LR: 0.011981
2026-02-18 11:48:12 KST | INFO |   Train Loss: 0.0557 | Test Loss: 0.0014 | Test Acc: 89.36%
2026-02-18 11:48:12 KST | INFO |   No improvement (3/30)
2026-02-18 11:48:12 KST | INFO | 
2026-02-18 11:48:12 KST | INFO | Epoch 157/200 | LR: 0.011475
2026-02-18 11:50:40 KST | INFO |   Train Loss: 0.0538 | Test Loss: 0.0013 | Test Acc: 89.28%
2026-02-18 11:50:40 KST | INFO |   No improvement (4/30)
2026-02-18 11:50:40 KST | INFO | 
2026-02-18 11:50:40 KST | INFO | Epoch 158/200 | LR: 0.010979
2026-02-18 11:53:08 KST | INFO |   Train Loss: 0.0531 | Test Loss: 0.0015 | Test Acc: 87.77%
2026-02-18 11:53:08 KST | INFO |   No improvement (5/30)
2026-02-18 11:53:08 KST | INFO | 
2026-02-18 11:53:08 KST | INFO | Epoch 159/200 | LR: 0.010493
2026-02-18 11:55:38 KST | INFO |   Train Loss: 0.0519 | Test Loss: 0.0013 | Test Acc: 90.20%
2026-02-18 11:55:38 KST | INFO |   🏆 New best accuracy: 90.20%
2026-02-18 11:55:38 KST | INFO | 
2026-02-18 11:55:38 KST | INFO | Epoch 160/200 | LR: 0.010017
2026-02-18 11:58:06 KST | INFO |   Train Loss: 0.0496 | Test Loss: 0.0015 | Test Acc: 88.85%
2026-02-18 11:58:06 KST | INFO |   No improvement (1/30)
2026-02-18 11:58:06 KST | INFO | 
2026-02-18 11:58:06 KST | INFO | Epoch 161/200 | LR: 0.009550
2026-02-18 12:00:35 KST | INFO |   Train Loss: 0.0488 | Test Loss: 0.0014 | Test Acc: 89.01%
2026-02-18 12:00:35 KST | INFO |   No improvement (2/30)
2026-02-18 12:00:35 KST | INFO | 
2026-02-18 12:00:35 KST | INFO | Epoch 162/200 | LR: 0.009093
2026-02-18 12:03:03 KST | INFO |   Train Loss: 0.0456 | Test Loss: 0.0013 | Test Acc: 89.41%
2026-02-18 12:03:03 KST | INFO |   No improvement (3/30)
2026-02-18 12:03:03 KST | INFO | 
2026-02-18 12:03:03 KST | INFO | Epoch 163/200 | LR: 0.008647
2026-02-18 12:05:31 KST | INFO |   Train Loss: 0.0459 | Test Loss: 0.0013 | Test Acc: 90.22%
2026-02-18 12:05:31 KST | INFO |   🏆 New best accuracy: 90.22%
2026-02-18 12:05:31 KST | INFO | 
2026-02-18 12:05:31 KST | INFO | Epoch 164/200 | LR: 0.008211
2026-02-18 12:07:58 KST | INFO |   Train Loss: 0.0438 | Test Loss: 0.0013 | Test Acc: 90.00%
2026-02-18 12:07:58 KST | INFO |   No improvement (1/30)
2026-02-18 12:07:58 KST | INFO | 
2026-02-18 12:07:58 KST | INFO | Epoch 165/200 | LR: 0.007785
2026-02-18 12:10:26 KST | INFO |   Train Loss: 0.0413 | Test Loss: 0.0013 | Test Acc: 90.15%
2026-02-18 12:10:26 KST | INFO |   No improvement (2/30)
2026-02-18 12:10:26 KST | INFO | 
2026-02-18 12:10:26 KST | INFO | Epoch 166/200 | LR: 0.007369
2026-02-18 12:12:55 KST | INFO |   Train Loss: 0.0402 | Test Loss: 0.0013 | Test Acc: 89.92%
2026-02-18 12:12:55 KST | INFO |   No improvement (3/30)
2026-02-18 12:12:55 KST | INFO | 
2026-02-18 12:12:55 KST | INFO | Epoch 167/200 | LR: 0.006964
2026-02-18 12:15:22 KST | INFO |   Train Loss: 0.0385 | Test Loss: 0.0013 | Test Acc: 90.26%
2026-02-18 12:15:22 KST | INFO |   🏆 New best accuracy: 90.26%
2026-02-18 12:15:22 KST | INFO | 
2026-02-18 12:15:22 KST | INFO | Epoch 168/200 | LR: 0.006569
2026-02-18 12:17:50 KST | INFO |   Train Loss: 0.0364 | Test Loss: 0.0013 | Test Acc: 89.96%
2026-02-18 12:17:50 KST | INFO |   No improvement (1/30)
2026-02-18 12:17:50 KST | INFO | 
2026-02-18 12:17:50 KST | INFO | Epoch 169/200 | LR: 0.006186
2026-02-18 12:20:19 KST | INFO |   Train Loss: 0.0358 | Test Loss: 0.0014 | Test Acc: 89.84%
2026-02-18 12:20:19 KST | INFO |   No improvement (2/30)
2026-02-18 12:20:19 KST | INFO | 
2026-02-18 12:20:19 KST | INFO | Epoch 170/200 | LR: 0.005813
2026-02-18 12:22:47 KST | INFO |   Train Loss: 0.0353 | Test Loss: 0.0013 | Test Acc: 90.38%
2026-02-18 12:22:47 KST | INFO |   🏆 New best accuracy: 90.38%
2026-02-18 12:22:47 KST | INFO | 
2026-02-18 12:22:47 KST | INFO | Epoch 171/200 | LR: 0.005451
2026-02-18 12:25:14 KST | INFO |   Train Loss: 0.0326 | Test Loss: 0.0014 | Test Acc: 90.06%
2026-02-18 12:25:14 KST | INFO |   No improvement (1/30)
2026-02-18 12:25:14 KST | INFO | 
2026-02-18 12:25:14 KST | INFO | Epoch 172/200 | LR: 0.005100
2026-02-18 12:27:42 KST | INFO |   Train Loss: 0.0323 | Test Loss: 0.0013 | Test Acc: 90.55%
2026-02-18 12:27:42 KST | INFO |   🏆 New best accuracy: 90.55%
2026-02-18 12:27:42 KST | INFO | 
2026-02-18 12:27:42 KST | INFO | Epoch 173/200 | LR: 0.004760
2026-02-18 12:30:10 KST | INFO |   Train Loss: 0.0311 | Test Loss: 0.0015 | Test Acc: 89.77%
2026-02-18 12:30:10 KST | INFO |   No improvement (1/30)
2026-02-18 12:30:10 KST | INFO | 
2026-02-18 12:30:10 KST | INFO | Epoch 174/200 | LR: 0.004431
2026-02-18 12:32:38 KST | INFO |   Train Loss: 0.0299 | Test Loss: 0.0014 | Test Acc: 90.01%
2026-02-18 12:32:38 KST | INFO |   No improvement (2/30)
2026-02-18 12:32:38 KST | INFO | 
2026-02-18 12:32:38 KST | INFO | Epoch 175/200 | LR: 0.004113
2026-02-18 12:35:07 KST | INFO |   Train Loss: 0.0284 | Test Loss: 0.0013 | Test Acc: 90.08%
2026-02-18 12:35:07 KST | INFO |   No improvement (3/30)
2026-02-18 12:35:07 KST | INFO | 
2026-02-18 12:35:07 KST | INFO | Epoch 176/200 | LR: 0.003807
2026-02-18 12:37:35 KST | INFO |   Train Loss: 0.0287 | Test Loss: 0.0014 | Test Acc: 89.60%
2026-02-18 12:37:35 KST | INFO |   No improvement (4/30)
2026-02-18 12:37:35 KST | INFO | 
2026-02-18 12:37:35 KST | INFO | Epoch 177/200 | LR: 0.003512
2026-02-18 12:40:04 KST | INFO |   Train Loss: 0.0278 | Test Loss: 0.0014 | Test Acc: 89.84%
2026-02-18 12:40:04 KST | INFO |   No improvement (5/30)
2026-02-18 12:40:04 KST | INFO | 
2026-02-18 12:40:04 KST | INFO | Epoch 178/200 | LR: 0.003229
2026-02-18 12:42:33 KST | INFO |   Train Loss: 0.0263 | Test Loss: 0.0013 | Test Acc: 90.41%
2026-02-18 12:42:33 KST | INFO |   No improvement (6/30)
2026-02-18 12:42:33 KST | INFO | 
2026-02-18 12:42:33 KST | INFO | Epoch 179/200 | LR: 0.002957
2026-02-18 12:45:02 KST | INFO |   Train Loss: 0.0255 | Test Loss: 0.0013 | Test Acc: 90.61%
2026-02-18 12:45:02 KST | INFO |   🏆 New best accuracy: 90.61%
2026-02-18 12:45:02 KST | INFO | 
2026-02-18 12:45:02 KST | INFO | Epoch 180/200 | LR: 0.002697
2026-02-18 12:47:29 KST | INFO |   Train Loss: 0.0249 | Test Loss: 0.0013 | Test Acc: 90.70%
2026-02-18 12:47:29 KST | INFO |   🏆 New best accuracy: 90.70%
2026-02-18 12:47:29 KST | INFO | 
2026-02-18 12:47:29 KST | INFO | Epoch 181/200 | LR: 0.002448
2026-02-18 12:49:58 KST | INFO |   Train Loss: 0.0238 | Test Loss: 0.0013 | Test Acc: 90.34%
2026-02-18 12:49:58 KST | INFO |   No improvement (1/30)
2026-02-18 12:49:58 KST | INFO | 
2026-02-18 12:49:58 KST | INFO | Epoch 182/200 | LR: 0.002211
2026-02-18 12:52:27 KST | INFO |   Train Loss: 0.0239 | Test Loss: 0.0013 | Test Acc: 90.16%
2026-02-18 12:52:27 KST | INFO |   No improvement (2/30)
2026-02-18 12:52:27 KST | INFO | 
2026-02-18 12:52:27 KST | INFO | Epoch 183/200 | LR: 0.001986
2026-02-18 12:54:55 KST | INFO |   Train Loss: 0.0231 | Test Loss: 0.0013 | Test Acc: 90.22%
2026-02-18 12:54:55 KST | INFO |   No improvement (3/30)
2026-02-18 12:54:55 KST | INFO | 
2026-02-18 12:54:55 KST | INFO | Epoch 184/200 | LR: 0.001773
2026-02-18 12:57:23 KST | INFO |   Train Loss: 0.0223 | Test Loss: 0.0013 | Test Acc: 90.37%
2026-02-18 12:57:23 KST | INFO |   No improvement (4/30)
2026-02-18 12:57:23 KST | INFO | 
2026-02-18 12:57:23 KST | INFO | Epoch 185/200 | LR: 0.001572
2026-02-18 12:59:50 KST | INFO |   Train Loss: 0.0219 | Test Loss: 0.0014 | Test Acc: 90.03%
2026-02-18 12:59:50 KST | INFO |   No improvement (5/30)
2026-02-18 12:59:50 KST | INFO | 
2026-02-18 12:59:50 KST | INFO | Epoch 186/200 | LR: 0.001382
2026-02-18 13:02:19 KST | INFO |   Train Loss: 0.0213 | Test Loss: 0.0014 | Test Acc: 89.74%
2026-02-18 13:02:19 KST | INFO |   No improvement (6/30)
2026-02-18 13:02:19 KST | INFO | 
2026-02-18 13:02:19 KST | INFO | Epoch 187/200 | LR: 0.001205
2026-02-18 13:04:47 KST | INFO |   Train Loss: 0.0212 | Test Loss: 0.0013 | Test Acc: 90.23%
2026-02-18 13:04:47 KST | INFO |   No improvement (7/30)
2026-02-18 13:04:47 KST | INFO | 
2026-02-18 13:04:47 KST | INFO | Epoch 188/200 | LR: 0.001040
2026-02-18 13:07:14 KST | INFO |   Train Loss: 0.0208 | Test Loss: 0.0013 | Test Acc: 90.16%
2026-02-18 13:07:14 KST | INFO |   No improvement (8/30)
2026-02-18 13:07:14 KST | INFO | 
2026-02-18 13:07:14 KST | INFO | Epoch 189/200 | LR: 0.000887
2026-02-18 13:09:43 KST | INFO |   Train Loss: 0.0197 | Test Loss: 0.0014 | Test Acc: 90.18%
2026-02-18 13:09:43 KST | INFO |   No improvement (9/30)
2026-02-18 13:09:43 KST | INFO | 
2026-02-18 13:09:43 KST | INFO | Epoch 190/200 | LR: 0.000746
2026-02-18 13:12:12 KST | INFO |   Train Loss: 0.0193 | Test Loss: 0.0013 | Test Acc: 90.31%
2026-02-18 13:12:12 KST | INFO |   No improvement (10/30)
2026-02-18 13:12:12 KST | INFO | 
2026-02-18 13:12:12 KST | INFO | Epoch 191/200 | LR: 0.000617
2026-02-18 13:14:40 KST | INFO |   Train Loss: 0.0201 | Test Loss: 0.0013 | Test Acc: 90.43%
2026-02-18 13:14:40 KST | INFO |   No improvement (11/30)
2026-02-18 13:14:40 KST | INFO | 
2026-02-18 13:14:40 KST | INFO | Epoch 192/200 | LR: 0.000500
2026-02-18 13:17:09 KST | INFO |   Train Loss: 0.0184 | Test Loss: 0.0013 | Test Acc: 90.46%
2026-02-18 13:17:09 KST | INFO |   No improvement (12/30)
2026-02-18 13:17:09 KST | INFO | 
2026-02-18 13:17:09 KST | INFO | Epoch 193/200 | LR: 0.000395
2026-02-18 13:19:38 KST | INFO |   Train Loss: 0.0185 | Test Loss: 0.0013 | Test Acc: 90.32%
2026-02-18 13:19:38 KST | INFO |   No improvement (13/30)
2026-02-18 13:19:38 KST | INFO | 
2026-02-18 13:19:38 KST | INFO | Epoch 194/200 | LR: 0.000303
2026-02-18 13:22:06 KST | INFO |   Train Loss: 0.0185 | Test Loss: 0.0013 | Test Acc: 90.43%
2026-02-18 13:22:06 KST | INFO |   No improvement (14/30)
2026-02-18 13:22:06 KST | INFO | 
2026-02-18 13:22:06 KST | INFO | Epoch 195/200 | LR: 0.000223
2026-02-18 13:24:33 KST | INFO |   Train Loss: 0.0183 | Test Loss: 0.0013 | Test Acc: 90.69%
2026-02-18 13:24:33 KST | INFO |   No improvement (15/30)
2026-02-18 13:24:33 KST | INFO | 
2026-02-18 13:24:33 KST | INFO | Epoch 196/200 | LR: 0.000155
2026-02-18 13:27:01 KST | INFO |   Train Loss: 0.0185 | Test Loss: 0.0013 | Test Acc: 90.49%
2026-02-18 13:27:01 KST | INFO |   No improvement (16/30)
2026-02-18 13:27:01 KST | INFO | 
2026-02-18 13:27:01 KST | INFO | Epoch 197/200 | LR: 0.000100
2026-02-18 13:29:29 KST | INFO |   Train Loss: 0.0184 | Test Loss: 0.0013 | Test Acc: 90.46%
2026-02-18 13:29:29 KST | INFO |   No improvement (17/30)
2026-02-18 13:29:29 KST | INFO | 
2026-02-18 13:29:29 KST | INFO | Epoch 198/200 | LR: 0.000057
2026-02-18 13:31:57 KST | INFO |   Train Loss: 0.0182 | Test Loss: 0.0013 | Test Acc: 90.52%
2026-02-18 13:31:57 KST | INFO |   No improvement (18/30)
2026-02-18 13:31:57 KST | INFO | 
2026-02-18 13:31:57 KST | INFO | Epoch 199/200 | LR: 0.000026
2026-02-18 13:34:23 KST | INFO |   Train Loss: 0.0182 | Test Loss: 0.0013 | Test Acc: 90.49%
2026-02-18 13:34:23 KST | INFO |   No improvement (19/30)
2026-02-18 13:34:23 KST | INFO | 
2026-02-18 13:34:23 KST | INFO | Epoch 200/200 | LR: 0.000007
2026-02-18 13:36:51 KST | INFO |   Train Loss: 0.0181 | Test Loss: 0.0013 | Test Acc: 90.53%
2026-02-18 13:36:51 KST | INFO |   No improvement (20/30)
2026-02-18 13:36:51 KST | INFO | 
2026-02-18 13:36:51 KST | INFO | ================================================================================
2026-02-18 13:36:51 KST | INFO | TRAINING COMPLETE
2026-02-18 13:36:51 KST | INFO | ================================================================================
2026-02-18 13:36:51 KST | INFO | Best accuracy:  90.70% (Epoch 180)
2026-02-18 13:36:51 KST | INFO | Final accuracy: 90.53%
2026-02-18 13:36:51 KST | INFO | ================================================================================
2026-02-18 13:36:51 KST | INFO | 
2026-02-18 13:36:51 KST | INFO | Notifying nodes of completion...
2026-02-18 13:36:52 KST | INFO | ✓ Nodes notified
2026-02-18 13:36:52 KST | INFO | 
2026-02-18 13:36:52 KST | INFO | Closing connections...
2026-02-18 13:36:52 KST | INFO | ✓ Cleanup complete
2026-02-18 13:36:52 KST | INFO | 
2026-02-18 13:36:52 KST | INFO | Full log: logs/TL++_secure_20260218_052211.log
2026-02-18 13:36:52 KST | INFO | ================================================================================
