2026-02-18 21:34:04 KST | INFO | ================================================================================
2026-02-18 21:34:04 KST | INFO | TL++ Orchestrator
2026-02-18 21:34:04 KST | INFO | ================================================================================
2026-02-18 21:34:04 KST | INFO | Log file: logs/TL++_secure_20260218_213404.log
2026-02-18 21:34:04 KST | INFO | 
2026-02-18 21:34:04 KST | INFO | --------------------------------------------------------------------------------
2026-02-18 21:34:04 KST | INFO | CONFIGURATION
2026-02-18 21:34:04 KST | INFO | --------------------------------------------------------------------------------
2026-02-18 21:34:04 KST | INFO | Secure mode:      True
2026-02-18 21:34:04 KST | INFO | Helper endpoint:  127.0.0.1:8082
2026-02-18 21:34:04 KST | INFO | Activation noise: 2.0%
2026-02-18 21:34:04 KST | INFO | Gradient noise:   10.0%
2026-02-18 21:34:04 KST | INFO | Nodes:            10
2026-02-18 21:34:04 KST | INFO | Cut layer:        1
2026-02-18 21:34:04 KST | INFO | Batch size:       128
2026-02-18 21:34:04 KST | INFO | Learning rate:    0.1
2026-02-18 21:34:04 KST | INFO | 
2026-02-18 21:34:04 KST | INFO | Computation device: cuda
2026-02-18 21:34:04 KST | INFO | Secure mode: ✓ ENABLED
2026-02-18 21:34:04 KST | INFO | 
2026-02-18 21:34:04 KST | INFO | --------------------------------------------------------------------------------
2026-02-18 21:34:04 KST | INFO | NETWORK SETUP
2026-02-18 21:34:04 KST | INFO | --------------------------------------------------------------------------------
2026-02-18 21:34:04 KST | INFO | ✓ Orchestrator listening on 127.0.0.1:8080
2026-02-18 21:34:04 KST | INFO | ✓ Helper node on 127.0.0.1:8082
2026-02-18 21:34:04 KST | INFO | 
2026-02-18 21:34:04 KST | INFO | Waiting for helper node...
2026-02-18 21:34:06 KST | INFO | ✓ Helper node connected
2026-02-18 21:34:06 KST | INFO | ✓ Noise config sent to helper (activation: 2.0%, gradient: 10.0%)
2026-02-18 21:34:06 KST | INFO | 
2026-02-18 21:34:06 KST | INFO | Waiting for 10 node(s)...
2026-02-18 21:34:10 KST | INFO |   ✓ Node 1/10 connected
2026-02-18 21:34:11 KST | INFO |   ✓ Node 2/10 connected
2026-02-18 21:34:12 KST | INFO |   ✓ Node 3/10 connected
2026-02-18 21:34:13 KST | INFO |   ✓ Node 4/10 connected
2026-02-18 21:34:14 KST | INFO |   ✓ Node 5/10 connected
2026-02-18 21:34:15 KST | INFO |   ✓ Node 6/10 connected
2026-02-18 21:34:16 KST | INFO |   ✓ Node 7/10 connected
2026-02-18 21:34:17 KST | INFO |   ✓ Node 8/10 connected
2026-02-18 21:34:18 KST | INFO |   ✓ Node 9/10 connected
2026-02-18 21:34:19 KST | INFO |   ✓ Node 10/10 connected
2026-02-18 21:34:19 KST | INFO | ✓ All 10 node(s) connected
2026-02-18 21:34:19 KST | INFO | 
2026-02-18 21:34:19 KST | INFO | --------------------------------------------------------------------------------
2026-02-18 21:34:19 KST | INFO | MODEL INITIALIZATION
2026-02-18 21:34:19 KST | INFO | --------------------------------------------------------------------------------
2026-02-18 21:34:19 KST | INFO | Node-side parameters: 38,720
2026-02-18 21:34:19 KST | INFO | 
2026-02-18 21:34:19 KST | INFO | --------------------------------------------------------------------------------
2026-02-18 21:34:19 KST | INFO | BROADCASTING CONFIGURATION
2026-02-18 21:34:19 KST | INFO | --------------------------------------------------------------------------------
2026-02-18 21:34:19 KST | INFO | ✓ Configuration broadcast to all nodes
2026-02-18 21:34:21 KST | INFO | 
2026-02-18 21:34:21 KST | INFO | Total parameters:     3,248,202
2026-02-18 21:34:21 KST | INFO | Trainable parameters: 3,248,202
2026-02-18 21:34:21 KST | INFO | 
2026-02-18 21:34:21 KST | INFO | --------------------------------------------------------------------------------
2026-02-18 21:34:21 KST | INFO | DATA LOADING
2026-02-18 21:34:21 KST | INFO | --------------------------------------------------------------------------------
2026-02-18 21:34:47 KST | INFO | ✓ Dataset information collected:
2026-02-18 21:34:47 KST | INFO |     Node 1: 5,000 samples
2026-02-18 21:34:47 KST | INFO |     Node 2: 5,000 samples
2026-02-18 21:34:47 KST | INFO |     Node 3: 5,000 samples
2026-02-18 21:34:47 KST | INFO |     Node 4: 5,000 samples
2026-02-18 21:34:47 KST | INFO |     Node 5: 5,000 samples
2026-02-18 21:34:47 KST | INFO |     Node 6: 5,000 samples
2026-02-18 21:34:47 KST | INFO |     Node 7: 5,000 samples
2026-02-18 21:34:47 KST | INFO |     Node 8: 5,000 samples
2026-02-18 21:34:47 KST | INFO |     Node 9: 5,000 samples
2026-02-18 21:34:47 KST | INFO |     Node 10: 5,000 samples
2026-02-18 21:34:47 KST | INFO |   Total training samples: 50,000
2026-02-18 21:34:47 KST | INFO | 
2026-02-18 21:34:48 KST | INFO | ✓ Test dataset loaded: 10,000 samples
2026-02-18 21:34:48 KST | INFO | 
2026-02-18 21:34:48 KST | INFO | ✓ Batch scheduler: 391 batches/epoch
2026-02-18 21:34:48 KST | INFO | 
2026-02-18 21:34:48 KST | INFO | --------------------------------------------------------------------------------
2026-02-18 21:34:48 KST | INFO | OPTIMIZATION SETUP
2026-02-18 21:34:48 KST | INFO | --------------------------------------------------------------------------------
2026-02-18 21:34:48 KST | INFO | ✓ Optimizer: SGD (lr=0.1, momentum=0.9)
2026-02-18 21:34:48 KST | INFO | ✓ Scheduler: cosine
2026-02-18 21:34:48 KST | INFO | ✓ Gradient clipping: 1.0
2026-02-18 21:34:48 KST | INFO | 
2026-02-18 21:34:48 KST | INFO | ================================================================================
2026-02-18 21:34:48 KST | INFO | Setup complete - Ready for training
2026-02-18 21:34:48 KST | INFO | ================================================================================
2026-02-18 21:34:48 KST | INFO | 
2026-02-18 21:34:48 KST | INFO | --------------------------------------------------------------------------------
2026-02-18 21:34:48 KST | INFO | TRAINING
2026-02-18 21:34:48 KST | INFO | --------------------------------------------------------------------------------
2026-02-18 21:34:48 KST | INFO | 
2026-02-18 21:34:48 KST | INFO | Epoch 1/200 | LR: 0.100000
2026-02-18 21:37:17 KST | INFO |   Train Loss: 1.6976 | Test Loss: 0.0063 | Test Acc: 43.36%
2026-02-18 21:37:17 KST | INFO |   🏆 New best accuracy: 43.36%
2026-02-18 21:37:17 KST | INFO | 
2026-02-18 21:37:17 KST | INFO | Epoch 2/200 | LR: 0.099994
2026-02-18 21:39:46 KST | INFO |   Train Loss: 1.2032 | Test Loss: 0.0046 | Test Acc: 61.56%
2026-02-18 21:39:46 KST | INFO |   🏆 New best accuracy: 61.56%
2026-02-18 21:39:46 KST | INFO | 
2026-02-18 21:39:46 KST | INFO | Epoch 3/200 | LR: 0.099975
2026-02-18 21:42:15 KST | INFO |   Train Loss: 0.9608 | Test Loss: 0.0038 | Test Acc: 67.65%
2026-02-18 21:42:15 KST | INFO |   🏆 New best accuracy: 67.65%
2026-02-18 21:42:15 KST | INFO | 
2026-02-18 21:42:15 KST | INFO | Epoch 4/200 | LR: 0.099944
2026-02-18 21:44:44 KST | INFO |   Train Loss: 0.8131 | Test Loss: 0.0037 | Test Acc: 68.87%
2026-02-18 21:44:44 KST | INFO |   🏆 New best accuracy: 68.87%
2026-02-18 21:44:44 KST | INFO | 
2026-02-18 21:44:44 KST | INFO | Epoch 5/200 | LR: 0.099901
2026-02-18 21:47:12 KST | INFO |   Train Loss: 0.7238 | Test Loss: 0.0033 | Test Acc: 72.32%
2026-02-18 21:47:12 KST | INFO |   🏆 New best accuracy: 72.32%
2026-02-18 21:47:12 KST | INFO | 
2026-02-18 21:47:12 KST | INFO | Epoch 6/200 | LR: 0.099846
2026-02-18 21:49:41 KST | INFO |   Train Loss: 0.6596 | Test Loss: 0.0033 | Test Acc: 70.94%
2026-02-18 21:49:41 KST | INFO |   No improvement (1/30)
2026-02-18 21:49:41 KST | INFO | 
2026-02-18 21:49:41 KST | INFO | Epoch 7/200 | LR: 0.099778
2026-02-18 21:52:11 KST | INFO |   Train Loss: 0.6173 | Test Loss: 0.0031 | Test Acc: 73.35%
2026-02-18 21:52:11 KST | INFO |   🏆 New best accuracy: 73.35%
2026-02-18 21:52:11 KST | INFO | 
2026-02-18 21:52:11 KST | INFO | Epoch 8/200 | LR: 0.099698
2026-02-18 21:54:40 KST | INFO |   Train Loss: 0.5802 | Test Loss: 0.0030 | Test Acc: 74.63%
2026-02-18 21:54:40 KST | INFO |   🏆 New best accuracy: 74.63%
2026-02-18 21:54:40 KST | INFO | 
2026-02-18 21:54:40 KST | INFO | Epoch 9/200 | LR: 0.099606
2026-02-18 21:57:11 KST | INFO |   Train Loss: 0.5567 | Test Loss: 0.0032 | Test Acc: 73.69%
2026-02-18 21:57:11 KST | INFO |   No improvement (1/30)
2026-02-18 21:57:11 KST | INFO | 
2026-02-18 21:57:11 KST | INFO | Epoch 10/200 | LR: 0.099501
2026-02-18 21:59:42 KST | INFO |   Train Loss: 0.5284 | Test Loss: 0.0029 | Test Acc: 76.05%
2026-02-18 21:59:42 KST | INFO |   🏆 New best accuracy: 76.05%
2026-02-18 21:59:42 KST | INFO | 
2026-02-18 21:59:42 KST | INFO | Epoch 11/200 | LR: 0.099384
2026-02-18 22:02:11 KST | INFO |   Train Loss: 0.5098 | Test Loss: 0.0025 | Test Acc: 79.67%
2026-02-18 22:02:11 KST | INFO |   🏆 New best accuracy: 79.67%
2026-02-18 22:02:11 KST | INFO | 
2026-02-18 22:02:11 KST | INFO | Epoch 12/200 | LR: 0.099255
2026-02-18 22:04:41 KST | INFO |   Train Loss: 0.4958 | Test Loss: 0.0031 | Test Acc: 73.09%
2026-02-18 22:04:41 KST | INFO |   No improvement (1/30)
2026-02-18 22:04:41 KST | INFO | 
2026-02-18 22:04:41 KST | INFO | Epoch 13/200 | LR: 0.099114
2026-02-18 22:07:10 KST | INFO |   Train Loss: 0.4820 | Test Loss: 0.0029 | Test Acc: 74.27%
2026-02-18 22:07:10 KST | INFO |   No improvement (2/30)
2026-02-18 22:07:10 KST | INFO | 
2026-02-18 22:07:10 KST | INFO | Epoch 14/200 | LR: 0.098961
2026-02-18 22:09:41 KST | INFO |   Train Loss: 0.4664 | Test Loss: 0.0028 | Test Acc: 77.35%
2026-02-18 22:09:41 KST | INFO |   No improvement (3/30)
2026-02-18 22:09:41 KST | INFO | 
2026-02-18 22:09:41 KST | INFO | Epoch 15/200 | LR: 0.098796
2026-02-18 22:12:11 KST | INFO |   Train Loss: 0.4556 | Test Loss: 0.0028 | Test Acc: 77.29%
2026-02-18 22:12:11 KST | INFO |   No improvement (4/30)
2026-02-18 22:12:11 KST | INFO | 
2026-02-18 22:12:11 KST | INFO | Epoch 16/200 | LR: 0.098619
2026-02-18 22:14:41 KST | INFO |   Train Loss: 0.4496 | Test Loss: 0.0027 | Test Acc: 77.61%
2026-02-18 22:14:41 KST | INFO |   No improvement (5/30)
2026-02-18 22:14:41 KST | INFO | 
2026-02-18 22:14:41 KST | INFO | Epoch 17/200 | LR: 0.098429
2026-02-18 22:17:10 KST | INFO |   Train Loss: 0.4435 | Test Loss: 0.0024 | Test Acc: 80.91%
2026-02-18 22:17:10 KST | INFO |   🏆 New best accuracy: 80.91%
2026-02-18 22:17:10 KST | INFO | 
2026-02-18 22:17:10 KST | INFO | Epoch 18/200 | LR: 0.098228
2026-02-18 22:19:40 KST | INFO |   Train Loss: 0.4328 | Test Loss: 0.0025 | Test Acc: 78.62%
2026-02-18 22:19:40 KST | INFO |   No improvement (1/30)
2026-02-18 22:19:40 KST | INFO | 
2026-02-18 22:19:40 KST | INFO | Epoch 19/200 | LR: 0.098015
2026-02-18 22:22:09 KST | INFO |   Train Loss: 0.4287 | Test Loss: 0.0024 | Test Acc: 82.00%
2026-02-18 22:22:09 KST | INFO |   🏆 New best accuracy: 82.00%
2026-02-18 22:22:09 KST | INFO | 
2026-02-18 22:22:09 KST | INFO | Epoch 20/200 | LR: 0.097790
2026-02-18 22:24:38 KST | INFO |   Train Loss: 0.4181 | Test Loss: 0.0022 | Test Acc: 82.26%
2026-02-18 22:24:38 KST | INFO |   🏆 New best accuracy: 82.26%
2026-02-18 22:24:38 KST | INFO | 
2026-02-18 22:24:38 KST | INFO | Epoch 21/200 | LR: 0.097553
2026-02-18 22:27:08 KST | INFO |   Train Loss: 0.4111 | Test Loss: 0.0024 | Test Acc: 80.78%
2026-02-18 22:27:08 KST | INFO |   No improvement (1/30)
2026-02-18 22:27:08 KST | INFO | 
2026-02-18 22:27:08 KST | INFO | Epoch 22/200 | LR: 0.097304
2026-02-18 22:29:37 KST | INFO |   Train Loss: 0.4068 | Test Loss: 0.0023 | Test Acc: 81.45%
2026-02-18 22:29:37 KST | INFO |   No improvement (2/30)
2026-02-18 22:29:37 KST | INFO | 
2026-02-18 22:29:37 KST | INFO | Epoch 23/200 | LR: 0.097044
2026-02-18 22:32:07 KST | INFO |   Train Loss: 0.4056 | Test Loss: 0.0023 | Test Acc: 80.45%
2026-02-18 22:32:07 KST | INFO |   No improvement (3/30)
2026-02-18 22:32:07 KST | INFO | 
2026-02-18 22:32:07 KST | INFO | Epoch 24/200 | LR: 0.096772
2026-02-18 22:34:36 KST | INFO |   Train Loss: 0.3981 | Test Loss: 0.0023 | Test Acc: 80.87%
2026-02-18 22:34:36 KST | INFO |   No improvement (4/30)
2026-02-18 22:34:36 KST | INFO | 
2026-02-18 22:34:36 KST | INFO | Epoch 25/200 | LR: 0.096489
2026-02-18 22:37:06 KST | INFO |   Train Loss: 0.3980 | Test Loss: 0.0022 | Test Acc: 82.24%
2026-02-18 22:37:06 KST | INFO |   No improvement (5/30)
2026-02-18 22:37:06 KST | INFO | 
2026-02-18 22:37:06 KST | INFO | Epoch 26/200 | LR: 0.096194
2026-02-18 22:39:35 KST | INFO |   Train Loss: 0.3903 | Test Loss: 0.0023 | Test Acc: 82.15%
2026-02-18 22:39:35 KST | INFO |   No improvement (6/30)
2026-02-18 22:39:35 KST | INFO | 
2026-02-18 22:39:35 KST | INFO | Epoch 27/200 | LR: 0.095888
2026-02-18 22:42:05 KST | INFO |   Train Loss: 0.3854 | Test Loss: 0.0023 | Test Acc: 80.23%
2026-02-18 22:42:05 KST | INFO |   No improvement (7/30)
2026-02-18 22:42:05 KST | INFO | 
2026-02-18 22:42:05 KST | INFO | Epoch 28/200 | LR: 0.095570
2026-02-18 22:44:35 KST | INFO |   Train Loss: 0.3795 | Test Loss: 0.0023 | Test Acc: 81.08%
2026-02-18 22:44:35 KST | INFO |   No improvement (8/30)
2026-02-18 22:44:35 KST | INFO | 
2026-02-18 22:44:35 KST | INFO | Epoch 29/200 | LR: 0.095241
2026-02-18 22:47:05 KST | INFO |   Train Loss: 0.3748 | Test Loss: 0.0025 | Test Acc: 79.77%
2026-02-18 22:47:05 KST | INFO |   No improvement (9/30)
2026-02-18 22:47:05 KST | INFO | 
2026-02-18 22:47:05 KST | INFO | Epoch 30/200 | LR: 0.094901
2026-02-18 22:49:35 KST | INFO |   Train Loss: 0.3664 | Test Loss: 0.0022 | Test Acc: 82.51%
2026-02-18 22:49:35 KST | INFO |   🏆 New best accuracy: 82.51%
2026-02-18 22:49:35 KST | INFO | 
2026-02-18 22:49:35 KST | INFO | Epoch 31/200 | LR: 0.094550
2026-02-18 22:52:05 KST | INFO |   Train Loss: 0.3707 | Test Loss: 0.0023 | Test Acc: 81.87%
2026-02-18 22:52:05 KST | INFO |   No improvement (1/30)
2026-02-18 22:52:05 KST | INFO | 
2026-02-18 22:52:05 KST | INFO | Epoch 32/200 | LR: 0.094188
2026-02-18 22:54:34 KST | INFO |   Train Loss: 0.3585 | Test Loss: 0.0027 | Test Acc: 78.24%
2026-02-18 22:54:34 KST | INFO |   No improvement (2/30)
2026-02-18 22:54:34 KST | INFO | 
2026-02-18 22:54:34 KST | INFO | Epoch 33/200 | LR: 0.093815
2026-02-18 22:57:04 KST | INFO |   Train Loss: 0.3599 | Test Loss: 0.0020 | Test Acc: 83.82%
2026-02-18 22:57:04 KST | INFO |   🏆 New best accuracy: 83.82%
2026-02-18 22:57:04 KST | INFO | 
2026-02-18 22:57:04 KST | INFO | Epoch 34/200 | LR: 0.093432
2026-02-18 22:59:34 KST | INFO |   Train Loss: 0.3593 | Test Loss: 0.0031 | Test Acc: 74.11%
2026-02-18 22:59:34 KST | INFO |   No improvement (1/30)
2026-02-18 22:59:34 KST | INFO | 
2026-02-18 22:59:34 KST | INFO | Epoch 35/200 | LR: 0.093037
2026-02-18 23:02:04 KST | INFO |   Train Loss: 0.3538 | Test Loss: 0.0020 | Test Acc: 83.60%
2026-02-18 23:02:04 KST | INFO |   No improvement (2/30)
2026-02-18 23:02:04 KST | INFO | 
2026-02-18 23:02:04 KST | INFO | Epoch 36/200 | LR: 0.092632
2026-02-18 23:04:34 KST | INFO |   Train Loss: 0.3531 | Test Loss: 0.0021 | Test Acc: 82.92%
2026-02-18 23:04:34 KST | INFO |   No improvement (3/30)
2026-02-18 23:04:34 KST | INFO | 
2026-02-18 23:04:34 KST | INFO | Epoch 37/200 | LR: 0.092216
2026-02-18 23:07:04 KST | INFO |   Train Loss: 0.3487 | Test Loss: 0.0021 | Test Acc: 82.77%
2026-02-18 23:07:04 KST | INFO |   No improvement (4/30)
2026-02-18 23:07:04 KST | INFO | 
2026-02-18 23:07:04 KST | INFO | Epoch 38/200 | LR: 0.091790
2026-02-18 23:09:34 KST | INFO |   Train Loss: 0.3438 | Test Loss: 0.0019 | Test Acc: 84.00%
2026-02-18 23:09:34 KST | INFO |   🏆 New best accuracy: 84.00%
2026-02-18 23:09:34 KST | INFO | 
2026-02-18 23:09:34 KST | INFO | Epoch 39/200 | LR: 0.091354
2026-02-18 23:12:04 KST | INFO |   Train Loss: 0.3416 | Test Loss: 0.0022 | Test Acc: 82.12%
2026-02-18 23:12:04 KST | INFO |   No improvement (1/30)
2026-02-18 23:12:04 KST | INFO | 
2026-02-18 23:12:04 KST | INFO | Epoch 40/200 | LR: 0.090908
2026-02-18 23:14:34 KST | INFO |   Train Loss: 0.3396 | Test Loss: 0.0022 | Test Acc: 81.77%
2026-02-18 23:14:34 KST | INFO |   No improvement (2/30)
2026-02-18 23:14:34 KST | INFO | 
2026-02-18 23:14:34 KST | INFO | Epoch 41/200 | LR: 0.090451
2026-02-18 23:17:03 KST | INFO |   Train Loss: 0.3342 | Test Loss: 0.0021 | Test Acc: 82.63%
2026-02-18 23:17:03 KST | INFO |   No improvement (3/30)
2026-02-18 23:17:03 KST | INFO | 
2026-02-18 23:17:03 KST | INFO | Epoch 42/200 | LR: 0.089984
2026-02-18 23:19:32 KST | INFO |   Train Loss: 0.3323 | Test Loss: 0.0022 | Test Acc: 81.69%
2026-02-18 23:19:32 KST | INFO |   No improvement (4/30)
2026-02-18 23:19:32 KST | INFO | 
2026-02-18 23:19:32 KST | INFO | Epoch 43/200 | LR: 0.089508
2026-02-18 23:22:03 KST | INFO |   Train Loss: 0.3297 | Test Loss: 0.0020 | Test Acc: 84.27%
2026-02-18 23:22:03 KST | INFO |   🏆 New best accuracy: 84.27%
2026-02-18 23:22:03 KST | INFO | 
2026-02-18 23:22:03 KST | INFO | Epoch 44/200 | LR: 0.089022
2026-02-18 23:24:32 KST | INFO |   Train Loss: 0.3293 | Test Loss: 0.0020 | Test Acc: 83.58%
2026-02-18 23:24:32 KST | INFO |   No improvement (1/30)
2026-02-18 23:24:32 KST | INFO | 
2026-02-18 23:24:32 KST | INFO | Epoch 45/200 | LR: 0.088526
2026-02-18 23:27:03 KST | INFO |   Train Loss: 0.3240 | Test Loss: 0.0019 | Test Acc: 84.71%
2026-02-18 23:27:03 KST | INFO |   🏆 New best accuracy: 84.71%
2026-02-18 23:27:03 KST | INFO | 
2026-02-18 23:27:03 KST | INFO | Epoch 46/200 | LR: 0.088020
2026-02-18 23:29:33 KST | INFO |   Train Loss: 0.3257 | Test Loss: 0.0019 | Test Acc: 84.25%
2026-02-18 23:29:33 KST | INFO |   No improvement (1/30)
2026-02-18 23:29:33 KST | INFO | 
2026-02-18 23:29:33 KST | INFO | Epoch 47/200 | LR: 0.087506
2026-02-18 23:32:02 KST | INFO |   Train Loss: 0.3195 | Test Loss: 0.0017 | Test Acc: 85.89%
2026-02-18 23:32:02 KST | INFO |   🏆 New best accuracy: 85.89%
2026-02-18 23:32:02 KST | INFO | 
2026-02-18 23:32:02 KST | INFO | Epoch 48/200 | LR: 0.086982
2026-02-18 23:34:32 KST | INFO |   Train Loss: 0.3183 | Test Loss: 0.0020 | Test Acc: 83.61%
2026-02-18 23:34:32 KST | INFO |   No improvement (1/30)
2026-02-18 23:34:32 KST | INFO | 
2026-02-18 23:34:32 KST | INFO | Epoch 49/200 | LR: 0.086449
2026-02-18 23:37:03 KST | INFO |   Train Loss: 0.3155 | Test Loss: 0.0022 | Test Acc: 81.21%
2026-02-18 23:37:03 KST | INFO |   No improvement (2/30)
2026-02-18 23:37:03 KST | INFO | 
2026-02-18 23:37:03 KST | INFO | Epoch 50/200 | LR: 0.085906
2026-02-18 23:39:32 KST | INFO |   Train Loss: 0.3102 | Test Loss: 0.0019 | Test Acc: 84.07%
2026-02-18 23:39:32 KST | INFO |   No improvement (3/30)
2026-02-18 23:39:32 KST | INFO | 
2026-02-18 23:39:32 KST | INFO | Epoch 51/200 | LR: 0.085355
2026-02-18 23:42:02 KST | INFO |   Train Loss: 0.3148 | Test Loss: 0.0019 | Test Acc: 83.92%
2026-02-18 23:42:02 KST | INFO |   No improvement (4/30)
2026-02-18 23:42:02 KST | INFO | 
2026-02-18 23:42:02 KST | INFO | Epoch 52/200 | LR: 0.084796
2026-02-18 23:44:32 KST | INFO |   Train Loss: 0.3093 | Test Loss: 0.0019 | Test Acc: 83.36%
2026-02-18 23:44:32 KST | INFO |   No improvement (5/30)
2026-02-18 23:44:32 KST | INFO | 
2026-02-18 23:44:32 KST | INFO | Epoch 53/200 | LR: 0.084228
2026-02-18 23:47:03 KST | INFO |   Train Loss: 0.3031 | Test Loss: 0.0017 | Test Acc: 86.99%
2026-02-18 23:47:03 KST | INFO |   🏆 New best accuracy: 86.99%
2026-02-18 23:47:03 KST | INFO | 
2026-02-18 23:47:03 KST | INFO | Epoch 54/200 | LR: 0.083651
2026-02-18 23:49:34 KST | INFO |   Train Loss: 0.2979 | Test Loss: 0.0022 | Test Acc: 82.01%
2026-02-18 23:49:34 KST | INFO |   No improvement (1/30)
2026-02-18 23:49:34 KST | INFO | 
2026-02-18 23:49:34 KST | INFO | Epoch 55/200 | LR: 0.083066
2026-02-18 23:52:05 KST | INFO |   Train Loss: 0.2997 | Test Loss: 0.0021 | Test Acc: 81.70%
2026-02-18 23:52:05 KST | INFO |   No improvement (2/30)
2026-02-18 23:52:05 KST | INFO | 
2026-02-18 23:52:05 KST | INFO | Epoch 56/200 | LR: 0.082473
2026-02-18 23:54:37 KST | INFO |   Train Loss: 0.2977 | Test Loss: 0.0018 | Test Acc: 84.74%
2026-02-18 23:54:37 KST | INFO |   No improvement (3/30)
2026-02-18 23:54:37 KST | INFO | 
2026-02-18 23:54:37 KST | INFO | Epoch 57/200 | LR: 0.081871
2026-02-18 23:57:08 KST | INFO |   Train Loss: 0.2917 | Test Loss: 0.0018 | Test Acc: 84.61%
2026-02-18 23:57:08 KST | INFO |   No improvement (4/30)
2026-02-18 23:57:08 KST | INFO | 
2026-02-18 23:57:08 KST | INFO | Epoch 58/200 | LR: 0.081262
2026-02-18 23:59:37 KST | INFO |   Train Loss: 0.2879 | Test Loss: 0.0018 | Test Acc: 84.54%
2026-02-18 23:59:37 KST | INFO |   No improvement (5/30)
2026-02-18 23:59:37 KST | INFO | 
2026-02-18 23:59:37 KST | INFO | Epoch 59/200 | LR: 0.080646
2026-02-19 00:02:07 KST | INFO |   Train Loss: 0.2929 | Test Loss: 0.0019 | Test Acc: 84.25%
2026-02-19 00:02:07 KST | INFO |   No improvement (6/30)
2026-02-19 00:02:07 KST | INFO | 
2026-02-19 00:02:07 KST | INFO | Epoch 60/200 | LR: 0.080021
2026-02-19 00:04:37 KST | INFO |   Train Loss: 0.2903 | Test Loss: 0.0018 | Test Acc: 84.40%
2026-02-19 00:04:37 KST | INFO |   No improvement (7/30)
2026-02-19 00:04:37 KST | INFO | 
2026-02-19 00:04:37 KST | INFO | Epoch 61/200 | LR: 0.079389
2026-02-19 00:07:07 KST | INFO |   Train Loss: 0.2841 | Test Loss: 0.0021 | Test Acc: 82.89%
2026-02-19 00:07:07 KST | INFO |   No improvement (8/30)
2026-02-19 00:07:07 KST | INFO | 
2026-02-19 00:07:07 KST | INFO | Epoch 62/200 | LR: 0.078750
2026-02-19 00:09:37 KST | INFO |   Train Loss: 0.2826 | Test Loss: 0.0020 | Test Acc: 83.40%
2026-02-19 00:09:37 KST | INFO |   No improvement (9/30)
2026-02-19 00:09:37 KST | INFO | 
2026-02-19 00:09:37 KST | INFO | Epoch 63/200 | LR: 0.078104
2026-02-19 00:12:06 KST | INFO |   Train Loss: 0.2833 | Test Loss: 0.0020 | Test Acc: 83.22%
2026-02-19 00:12:06 KST | INFO |   No improvement (10/30)
2026-02-19 00:12:06 KST | INFO | 
2026-02-19 00:12:06 KST | INFO | Epoch 64/200 | LR: 0.077451
2026-02-19 00:14:38 KST | INFO |   Train Loss: 0.2802 | Test Loss: 0.0018 | Test Acc: 85.13%
2026-02-19 00:14:38 KST | INFO |   No improvement (11/30)
2026-02-19 00:14:38 KST | INFO | 
2026-02-19 00:14:38 KST | INFO | Epoch 65/200 | LR: 0.076792
2026-02-19 00:17:09 KST | INFO |   Train Loss: 0.2803 | Test Loss: 0.0019 | Test Acc: 84.87%
2026-02-19 00:17:09 KST | INFO |   No improvement (12/30)
2026-02-19 00:17:09 KST | INFO | 
2026-02-19 00:17:09 KST | INFO | Epoch 66/200 | LR: 0.076125
2026-02-19 00:19:39 KST | INFO |   Train Loss: 0.2766 | Test Loss: 0.0022 | Test Acc: 80.80%
2026-02-19 00:19:39 KST | INFO |   No improvement (13/30)
2026-02-19 00:19:39 KST | INFO | 
2026-02-19 00:19:39 KST | INFO | Epoch 67/200 | LR: 0.075452
2026-02-19 00:22:09 KST | INFO |   Train Loss: 0.2751 | Test Loss: 0.0024 | Test Acc: 80.31%
2026-02-19 00:22:09 KST | INFO |   No improvement (14/30)
2026-02-19 00:22:09 KST | INFO | 
2026-02-19 00:22:09 KST | INFO | Epoch 68/200 | LR: 0.074773
2026-02-19 00:24:38 KST | INFO |   Train Loss: 0.2699 | Test Loss: 0.0019 | Test Acc: 83.79%
2026-02-19 00:24:38 KST | INFO |   No improvement (15/30)
2026-02-19 00:24:38 KST | INFO | 
2026-02-19 00:24:38 KST | INFO | Epoch 69/200 | LR: 0.074088
2026-02-19 00:27:08 KST | INFO |   Train Loss: 0.2648 | Test Loss: 0.0017 | Test Acc: 85.46%
2026-02-19 00:27:08 KST | INFO |   No improvement (16/30)
2026-02-19 00:27:08 KST | INFO | 
2026-02-19 00:27:08 KST | INFO | Epoch 70/200 | LR: 0.073397
2026-02-19 00:29:38 KST | INFO |   Train Loss: 0.2669 | Test Loss: 0.0019 | Test Acc: 83.66%
2026-02-19 00:29:38 KST | INFO |   No improvement (17/30)
2026-02-19 00:29:38 KST | INFO | 
2026-02-19 00:29:38 KST | INFO | Epoch 71/200 | LR: 0.072700
2026-02-19 00:32:08 KST | INFO |   Train Loss: 0.2638 | Test Loss: 0.0019 | Test Acc: 84.70%
2026-02-19 00:32:08 KST | INFO |   No improvement (18/30)
2026-02-19 00:32:08 KST | INFO | 
2026-02-19 00:32:08 KST | INFO | Epoch 72/200 | LR: 0.071997
2026-02-19 00:34:37 KST | INFO |   Train Loss: 0.2571 | Test Loss: 0.0019 | Test Acc: 84.15%
2026-02-19 00:34:37 KST | INFO |   No improvement (19/30)
2026-02-19 00:34:37 KST | INFO | 
2026-02-19 00:34:37 KST | INFO | Epoch 73/200 | LR: 0.071289
2026-02-19 00:37:08 KST | INFO |   Train Loss: 0.2550 | Test Loss: 0.0019 | Test Acc: 84.56%
2026-02-19 00:37:08 KST | INFO |   No improvement (20/30)
2026-02-19 00:37:08 KST | INFO | 
2026-02-19 00:37:08 KST | INFO | Epoch 74/200 | LR: 0.070576
2026-02-19 00:39:39 KST | INFO |   Train Loss: 0.2583 | Test Loss: 0.0018 | Test Acc: 85.51%
2026-02-19 00:39:39 KST | INFO |   No improvement (21/30)
2026-02-19 00:39:39 KST | INFO | 
2026-02-19 00:39:39 KST | INFO | Epoch 75/200 | LR: 0.069858
2026-02-19 00:42:08 KST | INFO |   Train Loss: 0.2536 | Test Loss: 0.0016 | Test Acc: 86.19%
2026-02-19 00:42:08 KST | INFO |   No improvement (22/30)
2026-02-19 00:42:08 KST | INFO | 
2026-02-19 00:42:08 KST | INFO | Epoch 76/200 | LR: 0.069134
2026-02-19 00:44:38 KST | INFO |   Train Loss: 0.2526 | Test Loss: 0.0015 | Test Acc: 87.22%
2026-02-19 00:44:38 KST | INFO |   🏆 New best accuracy: 87.22%
2026-02-19 00:44:38 KST | INFO | 
2026-02-19 00:44:38 KST | INFO | Epoch 77/200 | LR: 0.068407
2026-02-19 00:47:09 KST | INFO |   Train Loss: 0.2491 | Test Loss: 0.0017 | Test Acc: 85.82%
2026-02-19 00:47:09 KST | INFO |   No improvement (1/30)
2026-02-19 00:47:09 KST | INFO | 
2026-02-19 00:47:09 KST | INFO | Epoch 78/200 | LR: 0.067674
2026-02-19 00:49:40 KST | INFO |   Train Loss: 0.2426 | Test Loss: 0.0017 | Test Acc: 85.18%
2026-02-19 00:49:40 KST | INFO |   No improvement (2/30)
2026-02-19 00:49:40 KST | INFO | 
2026-02-19 00:49:40 KST | INFO | Epoch 79/200 | LR: 0.066937
2026-02-19 00:52:11 KST | INFO |   Train Loss: 0.2416 | Test Loss: 0.0018 | Test Acc: 84.89%
2026-02-19 00:52:11 KST | INFO |   No improvement (3/30)
2026-02-19 00:52:11 KST | INFO | 
2026-02-19 00:52:11 KST | INFO | Epoch 80/200 | LR: 0.066196
2026-02-19 00:54:41 KST | INFO |   Train Loss: 0.2382 | Test Loss: 0.0017 | Test Acc: 85.11%
2026-02-19 00:54:41 KST | INFO |   No improvement (4/30)
2026-02-19 00:54:41 KST | INFO | 
2026-02-19 00:54:41 KST | INFO | Epoch 81/200 | LR: 0.065451
2026-02-19 00:57:11 KST | INFO |   Train Loss: 0.2356 | Test Loss: 0.0016 | Test Acc: 86.64%
2026-02-19 00:57:11 KST | INFO |   No improvement (5/30)
2026-02-19 00:57:11 KST | INFO | 
2026-02-19 00:57:11 KST | INFO | Epoch 82/200 | LR: 0.064702
2026-02-19 00:59:41 KST | INFO |   Train Loss: 0.2336 | Test Loss: 0.0016 | Test Acc: 86.20%
2026-02-19 00:59:41 KST | INFO |   No improvement (6/30)
2026-02-19 00:59:41 KST | INFO | 
2026-02-19 00:59:41 KST | INFO | Epoch 83/200 | LR: 0.063950
2026-02-19 01:02:11 KST | INFO |   Train Loss: 0.2369 | Test Loss: 0.0018 | Test Acc: 85.13%
2026-02-19 01:02:11 KST | INFO |   No improvement (7/30)
2026-02-19 01:02:11 KST | INFO | 
2026-02-19 01:02:11 KST | INFO | Epoch 84/200 | LR: 0.063194
2026-02-19 01:04:41 KST | INFO |   Train Loss: 0.2317 | Test Loss: 0.0018 | Test Acc: 84.78%
2026-02-19 01:04:41 KST | INFO |   No improvement (8/30)
2026-02-19 01:04:41 KST | INFO | 
2026-02-19 01:04:41 KST | INFO | Epoch 85/200 | LR: 0.062435
2026-02-19 01:07:11 KST | INFO |   Train Loss: 0.2300 | Test Loss: 0.0019 | Test Acc: 83.00%
2026-02-19 01:07:11 KST | INFO |   No improvement (9/30)
2026-02-19 01:07:11 KST | INFO | 
2026-02-19 01:07:11 KST | INFO | Epoch 86/200 | LR: 0.061673
2026-02-19 01:09:40 KST | INFO |   Train Loss: 0.2256 | Test Loss: 0.0016 | Test Acc: 86.63%
2026-02-19 01:09:40 KST | INFO |   No improvement (10/30)
2026-02-19 01:09:40 KST | INFO | 
2026-02-19 01:09:40 KST | INFO | Epoch 87/200 | LR: 0.060908
2026-02-19 01:12:09 KST | INFO |   Train Loss: 0.2215 | Test Loss: 0.0016 | Test Acc: 86.10%
2026-02-19 01:12:09 KST | INFO |   No improvement (11/30)
2026-02-19 01:12:09 KST | INFO | 
2026-02-19 01:12:09 KST | INFO | Epoch 88/200 | LR: 0.060140
2026-02-19 01:14:40 KST | INFO |   Train Loss: 0.2219 | Test Loss: 0.0015 | Test Acc: 86.72%
2026-02-19 01:14:40 KST | INFO |   No improvement (12/30)
2026-02-19 01:14:40 KST | INFO | 
2026-02-19 01:14:40 KST | INFO | Epoch 89/200 | LR: 0.059369
2026-02-19 01:17:10 KST | INFO |   Train Loss: 0.2209 | Test Loss: 0.0015 | Test Acc: 87.40%
2026-02-19 01:17:10 KST | INFO |   🏆 New best accuracy: 87.40%
2026-02-19 01:17:10 KST | INFO | 
2026-02-19 01:17:10 KST | INFO | Epoch 90/200 | LR: 0.058597
2026-02-19 01:19:39 KST | INFO |   Train Loss: 0.2161 | Test Loss: 0.0017 | Test Acc: 86.18%
2026-02-19 01:19:39 KST | INFO |   No improvement (1/30)
2026-02-19 01:19:39 KST | INFO | 
2026-02-19 01:19:39 KST | INFO | Epoch 91/200 | LR: 0.057822
2026-02-19 01:22:10 KST | INFO |   Train Loss: 0.2174 | Test Loss: 0.0015 | Test Acc: 87.20%
2026-02-19 01:22:10 KST | INFO |   No improvement (2/30)
2026-02-19 01:22:10 KST | INFO | 
2026-02-19 01:22:10 KST | INFO | Epoch 92/200 | LR: 0.057045
2026-02-19 01:24:40 KST | INFO |   Train Loss: 0.2133 | Test Loss: 0.0016 | Test Acc: 86.76%
2026-02-19 01:24:40 KST | INFO |   No improvement (3/30)
2026-02-19 01:24:40 KST | INFO | 
2026-02-19 01:24:40 KST | INFO | Epoch 93/200 | LR: 0.056267
2026-02-19 01:27:10 KST | INFO |   Train Loss: 0.2047 | Test Loss: 0.0017 | Test Acc: 85.68%
2026-02-19 01:27:10 KST | INFO |   No improvement (4/30)
2026-02-19 01:27:10 KST | INFO | 
2026-02-19 01:27:10 KST | INFO | Epoch 94/200 | LR: 0.055487
2026-02-19 01:29:40 KST | INFO |   Train Loss: 0.2049 | Test Loss: 0.0016 | Test Acc: 86.37%
2026-02-19 01:29:40 KST | INFO |   No improvement (5/30)
2026-02-19 01:29:40 KST | INFO | 
2026-02-19 01:29:40 KST | INFO | Epoch 95/200 | LR: 0.054706
2026-02-19 01:32:09 KST | INFO |   Train Loss: 0.2012 | Test Loss: 0.0019 | Test Acc: 83.55%
2026-02-19 01:32:09 KST | INFO |   No improvement (6/30)
2026-02-19 01:32:09 KST | INFO | 
2026-02-19 01:32:09 KST | INFO | Epoch 96/200 | LR: 0.053923
2026-02-19 01:34:39 KST | INFO |   Train Loss: 0.2021 | Test Loss: 0.0014 | Test Acc: 88.20%
2026-02-19 01:34:39 KST | INFO |   🏆 New best accuracy: 88.20%
2026-02-19 01:34:39 KST | INFO | 
2026-02-19 01:34:39 KST | INFO | Epoch 97/200 | LR: 0.053140
2026-02-19 01:37:09 KST | INFO |   Train Loss: 0.1978 | Test Loss: 0.0020 | Test Acc: 82.97%
2026-02-19 01:37:09 KST | INFO |   No improvement (1/30)
2026-02-19 01:37:09 KST | INFO | 
2026-02-19 01:37:09 KST | INFO | Epoch 98/200 | LR: 0.052356
2026-02-19 01:39:39 KST | INFO |   Train Loss: 0.1971 | Test Loss: 0.0016 | Test Acc: 86.60%
2026-02-19 01:39:39 KST | INFO |   No improvement (2/30)
2026-02-19 01:39:39 KST | INFO | 
2026-02-19 01:39:39 KST | INFO | Epoch 99/200 | LR: 0.051571
2026-02-19 01:42:08 KST | INFO |   Train Loss: 0.1874 | Test Loss: 0.0016 | Test Acc: 86.81%
2026-02-19 01:42:08 KST | INFO |   No improvement (3/30)
2026-02-19 01:42:08 KST | INFO | 
2026-02-19 01:42:08 KST | INFO | Epoch 100/200 | LR: 0.050786
2026-02-19 01:44:38 KST | INFO |   Train Loss: 0.1908 | Test Loss: 0.0015 | Test Acc: 86.99%
2026-02-19 01:44:38 KST | INFO |   No improvement (4/30)
2026-02-19 01:44:38 KST | INFO | 
2026-02-19 01:44:38 KST | INFO | Epoch 101/200 | LR: 0.050001
2026-02-19 01:47:08 KST | INFO |   Train Loss: 0.1872 | Test Loss: 0.0015 | Test Acc: 87.42%
2026-02-19 01:47:08 KST | INFO |   No improvement (5/30)
2026-02-19 01:47:08 KST | INFO | 
2026-02-19 01:47:08 KST | INFO | Epoch 102/200 | LR: 0.049215
2026-02-19 01:49:38 KST | INFO |   Train Loss: 0.1861 | Test Loss: 0.0021 | Test Acc: 81.57%
2026-02-19 01:49:38 KST | INFO |   No improvement (6/30)
2026-02-19 01:49:38 KST | INFO | 
2026-02-19 01:49:38 KST | INFO | Epoch 103/200 | LR: 0.048430
2026-02-19 01:52:08 KST | INFO |   Train Loss: 0.1859 | Test Loss: 0.0016 | Test Acc: 86.36%
2026-02-19 01:52:08 KST | INFO |   No improvement (7/30)
2026-02-19 01:52:08 KST | INFO | 
2026-02-19 01:52:08 KST | INFO | Epoch 104/200 | LR: 0.047645
2026-02-19 01:54:39 KST | INFO |   Train Loss: 0.1849 | Test Loss: 0.0020 | Test Acc: 83.12%
2026-02-19 01:54:39 KST | INFO |   No improvement (8/30)
2026-02-19 01:54:39 KST | INFO | 
2026-02-19 01:54:39 KST | INFO | Epoch 105/200 | LR: 0.046861
2026-02-19 01:57:08 KST | INFO |   Train Loss: 0.1777 | Test Loss: 0.0017 | Test Acc: 85.62%
2026-02-19 01:57:08 KST | INFO |   No improvement (9/30)
2026-02-19 01:57:08 KST | INFO | 
2026-02-19 01:57:08 KST | INFO | Epoch 106/200 | LR: 0.046078
2026-02-19 01:59:37 KST | INFO |   Train Loss: 0.1746 | Test Loss: 0.0014 | Test Acc: 88.08%
2026-02-19 01:59:37 KST | INFO |   No improvement (10/30)
2026-02-19 01:59:37 KST | INFO | 
2026-02-19 01:59:37 KST | INFO | Epoch 107/200 | LR: 0.045295
2026-02-19 02:02:08 KST | INFO |   Train Loss: 0.1733 | Test Loss: 0.0015 | Test Acc: 87.13%
2026-02-19 02:02:08 KST | INFO |   No improvement (11/30)
2026-02-19 02:02:08 KST | INFO | 
2026-02-19 02:02:08 KST | INFO | Epoch 108/200 | LR: 0.044514
2026-02-19 02:04:38 KST | INFO |   Train Loss: 0.1724 | Test Loss: 0.0015 | Test Acc: 87.66%
2026-02-19 02:04:38 KST | INFO |   No improvement (12/30)
2026-02-19 02:04:38 KST | INFO | 
2026-02-19 02:04:38 KST | INFO | Epoch 109/200 | LR: 0.043734
2026-02-19 02:07:08 KST | INFO |   Train Loss: 0.1674 | Test Loss: 0.0017 | Test Acc: 85.81%
2026-02-19 02:07:08 KST | INFO |   No improvement (13/30)
2026-02-19 02:07:08 KST | INFO | 
2026-02-19 02:07:08 KST | INFO | Epoch 110/200 | LR: 0.042956
2026-02-19 02:09:38 KST | INFO |   Train Loss: 0.1671 | Test Loss: 0.0015 | Test Acc: 86.77%
2026-02-19 02:09:38 KST | INFO |   No improvement (14/30)
2026-02-19 02:09:38 KST | INFO | 
2026-02-19 02:09:38 KST | INFO | Epoch 111/200 | LR: 0.042179
2026-02-19 02:12:08 KST | INFO |   Train Loss: 0.1658 | Test Loss: 0.0015 | Test Acc: 87.28%
2026-02-19 02:12:08 KST | INFO |   No improvement (15/30)
2026-02-19 02:12:08 KST | INFO | 
2026-02-19 02:12:08 KST | INFO | Epoch 112/200 | LR: 0.041404
2026-02-19 02:14:36 KST | INFO |   Train Loss: 0.1580 | Test Loss: 0.0016 | Test Acc: 86.82%
2026-02-19 02:14:36 KST | INFO |   No improvement (16/30)
2026-02-19 02:14:36 KST | INFO | 
2026-02-19 02:14:36 KST | INFO | Epoch 113/200 | LR: 0.040632
2026-02-19 02:17:07 KST | INFO |   Train Loss: 0.1572 | Test Loss: 0.0014 | Test Acc: 88.24%
2026-02-19 02:17:07 KST | INFO |   🏆 New best accuracy: 88.24%
2026-02-19 02:17:07 KST | INFO | 
2026-02-19 02:17:07 KST | INFO | Epoch 114/200 | LR: 0.039861
2026-02-19 02:19:37 KST | INFO |   Train Loss: 0.1548 | Test Loss: 0.0017 | Test Acc: 85.64%
2026-02-19 02:19:37 KST | INFO |   No improvement (1/30)
2026-02-19 02:19:37 KST | INFO | 
2026-02-19 02:19:37 KST | INFO | Epoch 115/200 | LR: 0.039093
2026-02-19 02:22:06 KST | INFO |   Train Loss: 0.1501 | Test Loss: 0.0015 | Test Acc: 88.21%
2026-02-19 02:22:06 KST | INFO |   No improvement (2/30)
2026-02-19 02:22:06 KST | INFO | 
2026-02-19 02:22:06 KST | INFO | Epoch 116/200 | LR: 0.038328
2026-02-19 02:24:35 KST | INFO |   Train Loss: 0.1477 | Test Loss: 0.0019 | Test Acc: 84.34%
2026-02-19 02:24:35 KST | INFO |   No improvement (3/30)
2026-02-19 02:24:35 KST | INFO | 
2026-02-19 02:24:35 KST | INFO | Epoch 117/200 | LR: 0.037566
2026-02-19 02:27:04 KST | INFO |   Train Loss: 0.1472 | Test Loss: 0.0014 | Test Acc: 88.26%
2026-02-19 02:27:04 KST | INFO |   🏆 New best accuracy: 88.26%
2026-02-19 02:27:04 KST | INFO | 
2026-02-19 02:27:04 KST | INFO | Epoch 118/200 | LR: 0.036807
2026-02-19 02:29:33 KST | INFO |   Train Loss: 0.1414 | Test Loss: 0.0013 | Test Acc: 89.20%
2026-02-19 02:29:33 KST | INFO |   🏆 New best accuracy: 89.20%
2026-02-19 02:29:33 KST | INFO | 
2026-02-19 02:29:33 KST | INFO | Epoch 119/200 | LR: 0.036051
2026-02-19 02:32:02 KST | INFO |   Train Loss: 0.1412 | Test Loss: 0.0015 | Test Acc: 86.95%
2026-02-19 02:32:02 KST | INFO |   No improvement (1/30)
2026-02-19 02:32:02 KST | INFO | 
2026-02-19 02:32:02 KST | INFO | Epoch 120/200 | LR: 0.035299
2026-02-19 02:34:33 KST | INFO |   Train Loss: 0.1386 | Test Loss: 0.0014 | Test Acc: 88.53%
2026-02-19 02:34:33 KST | INFO |   No improvement (2/30)
2026-02-19 02:34:33 KST | INFO | 
2026-02-19 02:34:33 KST | INFO | Epoch 121/200 | LR: 0.034550
2026-02-19 02:37:03 KST | INFO |   Train Loss: 0.1350 | Test Loss: 0.0019 | Test Acc: 84.94%
2026-02-19 02:37:03 KST | INFO |   No improvement (3/30)
2026-02-19 02:37:03 KST | INFO | 
2026-02-19 02:37:03 KST | INFO | Epoch 122/200 | LR: 0.033805
2026-02-19 02:39:32 KST | INFO |   Train Loss: 0.1331 | Test Loss: 0.0014 | Test Acc: 88.72%
2026-02-19 02:39:32 KST | INFO |   No improvement (4/30)
2026-02-19 02:39:32 KST | INFO | 
2026-02-19 02:39:32 KST | INFO | Epoch 123/200 | LR: 0.033064
2026-02-19 02:42:02 KST | INFO |   Train Loss: 0.1302 | Test Loss: 0.0015 | Test Acc: 87.95%
2026-02-19 02:42:02 KST | INFO |   No improvement (5/30)
2026-02-19 02:42:02 KST | INFO | 
2026-02-19 02:42:02 KST | INFO | Epoch 124/200 | LR: 0.032327
2026-02-19 02:44:32 KST | INFO |   Train Loss: 0.1281 | Test Loss: 0.0013 | Test Acc: 89.05%
2026-02-19 02:44:32 KST | INFO |   No improvement (6/30)
2026-02-19 02:44:32 KST | INFO | 
2026-02-19 02:44:32 KST | INFO | Epoch 125/200 | LR: 0.031594
2026-02-19 02:47:03 KST | INFO |   Train Loss: 0.1237 | Test Loss: 0.0014 | Test Acc: 88.81%
2026-02-19 02:47:03 KST | INFO |   No improvement (7/30)
2026-02-19 02:47:03 KST | INFO | 
2026-02-19 02:47:03 KST | INFO | Epoch 126/200 | LR: 0.030867
2026-02-19 02:49:32 KST | INFO |   Train Loss: 0.1225 | Test Loss: 0.0018 | Test Acc: 85.62%
2026-02-19 02:49:32 KST | INFO |   No improvement (8/30)
2026-02-19 02:49:32 KST | INFO | 
2026-02-19 02:49:32 KST | INFO | Epoch 127/200 | LR: 0.030143
2026-02-19 02:52:03 KST | INFO |   Train Loss: 0.1192 | Test Loss: 0.0015 | Test Acc: 86.99%
2026-02-19 02:52:03 KST | INFO |   No improvement (9/30)
2026-02-19 02:52:03 KST | INFO | 
2026-02-19 02:52:03 KST | INFO | Epoch 128/200 | LR: 0.029425
2026-02-19 02:54:33 KST | INFO |   Train Loss: 0.1167 | Test Loss: 0.0016 | Test Acc: 86.65%
2026-02-19 02:54:33 KST | INFO |   No improvement (10/30)
2026-02-19 02:54:33 KST | INFO | 
2026-02-19 02:54:33 KST | INFO | Epoch 129/200 | LR: 0.028712
2026-02-19 02:57:03 KST | INFO |   Train Loss: 0.1186 | Test Loss: 0.0015 | Test Acc: 87.85%
2026-02-19 02:57:03 KST | INFO |   No improvement (11/30)
2026-02-19 02:57:03 KST | INFO | 
2026-02-19 02:57:03 KST | INFO | Epoch 130/200 | LR: 0.028004
2026-02-19 02:59:33 KST | INFO |   Train Loss: 0.1138 | Test Loss: 0.0016 | Test Acc: 86.93%
2026-02-19 02:59:33 KST | INFO |   No improvement (12/30)
2026-02-19 02:59:33 KST | INFO | 
2026-02-19 02:59:33 KST | INFO | Epoch 131/200 | LR: 0.027301
2026-02-19 03:02:02 KST | INFO |   Train Loss: 0.1126 | Test Loss: 0.0016 | Test Acc: 87.37%
2026-02-19 03:02:02 KST | INFO |   No improvement (13/30)
2026-02-19 03:02:02 KST | INFO | 
2026-02-19 03:02:02 KST | INFO | Epoch 132/200 | LR: 0.026604
2026-02-19 03:04:31 KST | INFO |   Train Loss: 0.1103 | Test Loss: 0.0015 | Test Acc: 87.78%
2026-02-19 03:04:31 KST | INFO |   No improvement (14/30)
2026-02-19 03:04:31 KST | INFO | 
2026-02-19 03:04:31 KST | INFO | Epoch 133/200 | LR: 0.025913
2026-02-19 03:07:02 KST | INFO |   Train Loss: 0.1057 | Test Loss: 0.0016 | Test Acc: 87.22%
2026-02-19 03:07:02 KST | INFO |   No improvement (15/30)
2026-02-19 03:07:02 KST | INFO | 
2026-02-19 03:07:02 KST | INFO | Epoch 134/200 | LR: 0.025228
2026-02-19 03:09:31 KST | INFO |   Train Loss: 0.1010 | Test Loss: 0.0015 | Test Acc: 87.79%
2026-02-19 03:09:31 KST | INFO |   No improvement (16/30)
2026-02-19 03:09:31 KST | INFO | 
2026-02-19 03:09:31 KST | INFO | Epoch 135/200 | LR: 0.024549
2026-02-19 03:12:01 KST | INFO |   Train Loss: 0.0988 | Test Loss: 0.0014 | Test Acc: 88.53%
2026-02-19 03:12:01 KST | INFO |   No improvement (17/30)
2026-02-19 03:12:01 KST | INFO | 
2026-02-19 03:12:01 KST | INFO | Epoch 136/200 | LR: 0.023876
2026-02-19 03:14:30 KST | INFO |   Train Loss: 0.0993 | Test Loss: 0.0014 | Test Acc: 88.14%
2026-02-19 03:14:30 KST | INFO |   No improvement (18/30)
2026-02-19 03:14:30 KST | INFO | 
2026-02-19 03:14:30 KST | INFO | Epoch 137/200 | LR: 0.023209
2026-02-19 03:17:00 KST | INFO |   Train Loss: 0.0959 | Test Loss: 0.0015 | Test Acc: 87.40%
2026-02-19 03:17:00 KST | INFO |   No improvement (19/30)
2026-02-19 03:17:00 KST | INFO | 
2026-02-19 03:17:00 KST | INFO | Epoch 138/200 | LR: 0.022550
2026-02-19 03:19:31 KST | INFO |   Train Loss: 0.0928 | Test Loss: 0.0015 | Test Acc: 88.14%
2026-02-19 03:19:31 KST | INFO |   No improvement (20/30)
2026-02-19 03:19:31 KST | INFO | 
2026-02-19 03:19:31 KST | INFO | Epoch 139/200 | LR: 0.021897
2026-02-19 03:22:01 KST | INFO |   Train Loss: 0.0907 | Test Loss: 0.0014 | Test Acc: 88.36%
2026-02-19 03:22:01 KST | INFO |   No improvement (21/30)
2026-02-19 03:22:01 KST | INFO | 
2026-02-19 03:22:01 KST | INFO | Epoch 140/200 | LR: 0.021251
2026-02-19 03:24:31 KST | INFO |   Train Loss: 0.0883 | Test Loss: 0.0015 | Test Acc: 87.84%
2026-02-19 03:24:31 KST | INFO |   No improvement (22/30)
2026-02-19 03:24:31 KST | INFO | 
2026-02-19 03:24:31 KST | INFO | Epoch 141/200 | LR: 0.020612
2026-02-19 03:27:01 KST | INFO |   Train Loss: 0.0888 | Test Loss: 0.0017 | Test Acc: 86.65%
2026-02-19 03:27:01 KST | INFO |   No improvement (23/30)
2026-02-19 03:27:01 KST | INFO | 
2026-02-19 03:27:01 KST | INFO | Epoch 142/200 | LR: 0.019980
2026-02-19 03:29:31 KST | INFO |   Train Loss: 0.0834 | Test Loss: 0.0015 | Test Acc: 87.90%
2026-02-19 03:29:31 KST | INFO |   No improvement (24/30)
2026-02-19 03:29:31 KST | INFO | 
2026-02-19 03:29:31 KST | INFO | Epoch 143/200 | LR: 0.019355
2026-02-19 03:32:02 KST | INFO |   Train Loss: 0.0817 | Test Loss: 0.0015 | Test Acc: 88.10%
2026-02-19 03:32:02 KST | INFO |   No improvement (25/30)
2026-02-19 03:32:02 KST | INFO | 
2026-02-19 03:32:02 KST | INFO | Epoch 144/200 | LR: 0.018739
2026-02-19 03:34:32 KST | INFO |   Train Loss: 0.0786 | Test Loss: 0.0014 | Test Acc: 88.63%
2026-02-19 03:34:32 KST | INFO |   No improvement (26/30)
2026-02-19 03:34:32 KST | INFO | 
2026-02-19 03:34:32 KST | INFO | Epoch 145/200 | LR: 0.018130
2026-02-19 03:37:03 KST | INFO |   Train Loss: 0.0774 | Test Loss: 0.0015 | Test Acc: 87.73%
2026-02-19 03:37:03 KST | INFO |   No improvement (27/30)
2026-02-19 03:37:03 KST | INFO | 
2026-02-19 03:37:03 KST | INFO | Epoch 146/200 | LR: 0.017528
2026-02-19 03:39:33 KST | INFO |   Train Loss: 0.0769 | Test Loss: 0.0015 | Test Acc: 88.68%
2026-02-19 03:39:33 KST | INFO |   No improvement (28/30)
2026-02-19 03:39:33 KST | INFO | 
2026-02-19 03:39:33 KST | INFO | Epoch 147/200 | LR: 0.016935
2026-02-19 03:42:02 KST | INFO |   Train Loss: 0.0715 | Test Loss: 0.0014 | Test Acc: 88.95%
2026-02-19 03:42:02 KST | INFO |   No improvement (29/30)
2026-02-19 03:42:02 KST | INFO | 
2026-02-19 03:42:02 KST | INFO | Epoch 148/200 | LR: 0.016350
2026-02-19 03:44:31 KST | INFO |   Train Loss: 0.0691 | Test Loss: 0.0015 | Test Acc: 87.89%
2026-02-19 03:44:31 KST | INFO |   No improvement (30/30)
2026-02-19 03:44:31 KST | INFO | 
2026-02-19 03:44:31 KST | INFO | Early stopping after 30 epochs without improvement
2026-02-19 03:44:31 KST | INFO | 
2026-02-19 03:44:31 KST | INFO | ================================================================================
2026-02-19 03:44:31 KST | INFO | TRAINING COMPLETE
2026-02-19 03:44:31 KST | INFO | ================================================================================
2026-02-19 03:44:31 KST | INFO | Best accuracy:  89.20% (Epoch 118)
2026-02-19 03:44:31 KST | INFO | Final accuracy: 87.89%
2026-02-19 03:44:31 KST | INFO | ================================================================================
2026-02-19 03:44:31 KST | INFO | 
2026-02-19 03:44:31 KST | INFO | Notifying nodes of completion...
2026-02-19 03:44:32 KST | INFO | ✓ Nodes notified
2026-02-19 03:44:32 KST | INFO | 
2026-02-19 03:44:32 KST | INFO | Closing connections...
2026-02-19 03:44:32 KST | INFO | ✓ Cleanup complete
2026-02-19 03:44:32 KST | INFO | 
2026-02-19 03:44:32 KST | INFO | Full log: logs/TL++_secure_20260218_213404.log
2026-02-19 03:44:32 KST | INFO | ================================================================================
