2026-02-18 13:37:00 KST | INFO | ================================================================================
2026-02-18 13:37:00 KST | INFO | TL++ Orchestrator
2026-02-18 13:37:00 KST | INFO | ================================================================================
2026-02-18 13:37:00 KST | INFO | Log file: logs/TL++_secure_20260218_133700.log
2026-02-18 13:37:00 KST | INFO | 
2026-02-18 13:37:00 KST | INFO | --------------------------------------------------------------------------------
2026-02-18 13:37:00 KST | INFO | CONFIGURATION
2026-02-18 13:37:00 KST | INFO | --------------------------------------------------------------------------------
2026-02-18 13:37:00 KST | INFO | Secure mode:      True
2026-02-18 13:37:00 KST | INFO | Helper endpoint:  127.0.0.1:8082
2026-02-18 13:37:00 KST | INFO | Activation noise: 2.0%
2026-02-18 13:37:00 KST | INFO | Gradient noise:   10.0%
2026-02-18 13:37:00 KST | INFO | Nodes:            10
2026-02-18 13:37:00 KST | INFO | Cut layer:        1
2026-02-18 13:37:00 KST | INFO | Batch size:       128
2026-02-18 13:37:00 KST | INFO | Learning rate:    0.1
2026-02-18 13:37:00 KST | INFO | 
2026-02-18 13:37:00 KST | INFO | Computation device: cuda
2026-02-18 13:37:00 KST | INFO | Secure mode: ✓ ENABLED
2026-02-18 13:37:00 KST | INFO | 
2026-02-18 13:37:00 KST | INFO | --------------------------------------------------------------------------------
2026-02-18 13:37:00 KST | INFO | NETWORK SETUP
2026-02-18 13:37:00 KST | INFO | --------------------------------------------------------------------------------
2026-02-18 13:37:00 KST | INFO | ✓ Orchestrator listening on 127.0.0.1:8080
2026-02-18 13:37:00 KST | INFO | ✓ Helper node on 127.0.0.1:8082
2026-02-18 13:37:00 KST | INFO | 
2026-02-18 13:37:00 KST | INFO | Waiting for helper node...
2026-02-18 13:37:02 KST | INFO | ✓ Helper node connected
2026-02-18 13:37:02 KST | INFO | ✓ Noise config sent to helper (activation: 2.0%, gradient: 10.0%)
2026-02-18 13:37:02 KST | INFO | 
2026-02-18 13:37:02 KST | INFO | Waiting for 10 node(s)...
2026-02-18 13:37:06 KST | INFO |   ✓ Node 1/10 connected
2026-02-18 13:37:07 KST | INFO |   ✓ Node 2/10 connected
2026-02-18 13:37:09 KST | INFO |   ✓ Node 3/10 connected
2026-02-18 13:37:10 KST | INFO |   ✓ Node 4/10 connected
2026-02-18 13:37:11 KST | INFO |   ✓ Node 5/10 connected
2026-02-18 13:37:12 KST | INFO |   ✓ Node 6/10 connected
2026-02-18 13:37:12 KST | INFO |   ✓ Node 7/10 connected
2026-02-18 13:37:14 KST | INFO |   ✓ Node 8/10 connected
2026-02-18 13:37:14 KST | INFO |   ✓ Node 9/10 connected
2026-02-18 13:37:15 KST | INFO |   ✓ Node 10/10 connected
2026-02-18 13:37:15 KST | INFO | ✓ All 10 node(s) connected
2026-02-18 13:37:15 KST | INFO | 
2026-02-18 13:37:15 KST | INFO | --------------------------------------------------------------------------------
2026-02-18 13:37:15 KST | INFO | MODEL INITIALIZATION
2026-02-18 13:37:15 KST | INFO | --------------------------------------------------------------------------------
2026-02-18 13:37:15 KST | INFO | Node-side parameters: 38,720
2026-02-18 13:37:15 KST | INFO | 
2026-02-18 13:37:15 KST | INFO | --------------------------------------------------------------------------------
2026-02-18 13:37:15 KST | INFO | BROADCASTING CONFIGURATION
2026-02-18 13:37:15 KST | INFO | --------------------------------------------------------------------------------
2026-02-18 13:37:15 KST | INFO | ✓ Configuration broadcast to all nodes
2026-02-18 13:37:18 KST | INFO | 
2026-02-18 13:37:18 KST | INFO | Total parameters:     3,248,202
2026-02-18 13:37:18 KST | INFO | Trainable parameters: 3,248,202
2026-02-18 13:37:18 KST | INFO | 
2026-02-18 13:37:18 KST | INFO | --------------------------------------------------------------------------------
2026-02-18 13:37:18 KST | INFO | DATA LOADING
2026-02-18 13:37:18 KST | INFO | --------------------------------------------------------------------------------
2026-02-18 13:37:44 KST | INFO | ✓ Dataset information collected:
2026-02-18 13:37:44 KST | INFO |     Node 1: 5,000 samples
2026-02-18 13:37:44 KST | INFO |     Node 2: 5,000 samples
2026-02-18 13:37:44 KST | INFO |     Node 3: 5,000 samples
2026-02-18 13:37:44 KST | INFO |     Node 4: 5,000 samples
2026-02-18 13:37:44 KST | INFO |     Node 5: 5,000 samples
2026-02-18 13:37:44 KST | INFO |     Node 6: 5,000 samples
2026-02-18 13:37:44 KST | INFO |     Node 7: 5,000 samples
2026-02-18 13:37:44 KST | INFO |     Node 8: 5,000 samples
2026-02-18 13:37:44 KST | INFO |     Node 9: 5,000 samples
2026-02-18 13:37:44 KST | INFO |     Node 10: 5,000 samples
2026-02-18 13:37:44 KST | INFO |   Total training samples: 50,000
2026-02-18 13:37:44 KST | INFO | 
2026-02-18 13:37:45 KST | INFO | ✓ Test dataset loaded: 10,000 samples
2026-02-18 13:37:45 KST | INFO | 
2026-02-18 13:37:45 KST | INFO | ✓ Batch scheduler: 391 batches/epoch
2026-02-18 13:37:45 KST | INFO | 
2026-02-18 13:37:45 KST | INFO | --------------------------------------------------------------------------------
2026-02-18 13:37:45 KST | INFO | OPTIMIZATION SETUP
2026-02-18 13:37:45 KST | INFO | --------------------------------------------------------------------------------
2026-02-18 13:37:45 KST | INFO | ✓ Optimizer: SGD (lr=0.1, momentum=0.9)
2026-02-18 13:37:45 KST | INFO | ✓ Scheduler: cosine
2026-02-18 13:37:45 KST | INFO | ✓ Gradient clipping: 1.0
2026-02-18 13:37:45 KST | INFO | 
2026-02-18 13:37:45 KST | INFO | ================================================================================
2026-02-18 13:37:45 KST | INFO | Setup complete - Ready for training
2026-02-18 13:37:45 KST | INFO | ================================================================================
2026-02-18 13:37:45 KST | INFO | 
2026-02-18 13:37:45 KST | INFO | --------------------------------------------------------------------------------
2026-02-18 13:37:45 KST | INFO | TRAINING
2026-02-18 13:37:45 KST | INFO | --------------------------------------------------------------------------------
2026-02-18 13:37:45 KST | INFO | 
2026-02-18 13:37:45 KST | INFO | Epoch 1/200 | LR: 0.100000
2026-02-18 13:40:13 KST | INFO |   Train Loss: 1.6977 | Test Loss: 0.0059 | Test Acc: 45.46%
2026-02-18 13:40:13 KST | INFO |   🏆 New best accuracy: 45.46%
2026-02-18 13:40:13 KST | INFO | 
2026-02-18 13:40:13 KST | INFO | Epoch 2/200 | LR: 0.099994
2026-02-18 13:42:42 KST | INFO |   Train Loss: 1.2183 | Test Loss: 0.0046 | Test Acc: 59.64%
2026-02-18 13:42:42 KST | INFO |   🏆 New best accuracy: 59.64%
2026-02-18 13:42:42 KST | INFO | 
2026-02-18 13:42:42 KST | INFO | Epoch 3/200 | LR: 0.099975
2026-02-18 13:45:09 KST | INFO |   Train Loss: 0.9463 | Test Loss: 0.0047 | Test Acc: 61.87%
2026-02-18 13:45:09 KST | INFO |   🏆 New best accuracy: 61.87%
2026-02-18 13:45:09 KST | INFO | 
2026-02-18 13:45:09 KST | INFO | Epoch 4/200 | LR: 0.099944
2026-02-18 13:47:38 KST | INFO |   Train Loss: 0.7973 | Test Loss: 0.0044 | Test Acc: 62.92%
2026-02-18 13:47:38 KST | INFO |   🏆 New best accuracy: 62.92%
2026-02-18 13:47:38 KST | INFO | 
2026-02-18 13:47:38 KST | INFO | Epoch 5/200 | LR: 0.099901
2026-02-18 13:50:07 KST | INFO |   Train Loss: 0.7168 | Test Loss: 0.0032 | Test Acc: 73.97%
2026-02-18 13:50:07 KST | INFO |   🏆 New best accuracy: 73.97%
2026-02-18 13:50:07 KST | INFO | 
2026-02-18 13:50:07 KST | INFO | Epoch 6/200 | LR: 0.099846
2026-02-18 13:52:35 KST | INFO |   Train Loss: 0.6518 | Test Loss: 0.0033 | Test Acc: 73.40%
2026-02-18 13:52:35 KST | INFO |   No improvement (1/30)
2026-02-18 13:52:35 KST | INFO | 
2026-02-18 13:52:35 KST | INFO | Epoch 7/200 | LR: 0.099778
2026-02-18 13:55:03 KST | INFO |   Train Loss: 0.6072 | Test Loss: 0.0032 | Test Acc: 73.96%
2026-02-18 13:55:03 KST | INFO |   No improvement (2/30)
2026-02-18 13:55:03 KST | INFO | 
2026-02-18 13:55:03 KST | INFO | Epoch 8/200 | LR: 0.099698
2026-02-18 13:57:32 KST | INFO |   Train Loss: 0.5801 | Test Loss: 0.0030 | Test Acc: 74.86%
2026-02-18 13:57:32 KST | INFO |   🏆 New best accuracy: 74.86%
2026-02-18 13:57:32 KST | INFO | 
2026-02-18 13:57:32 KST | INFO | Epoch 9/200 | LR: 0.099606
2026-02-18 13:59:59 KST | INFO |   Train Loss: 0.5477 | Test Loss: 0.0030 | Test Acc: 75.71%
2026-02-18 13:59:59 KST | INFO |   🏆 New best accuracy: 75.71%
2026-02-18 13:59:59 KST | INFO | 
2026-02-18 13:59:59 KST | INFO | Epoch 10/200 | LR: 0.099501
2026-02-18 14:02:26 KST | INFO |   Train Loss: 0.5250 | Test Loss: 0.0029 | Test Acc: 75.86%
2026-02-18 14:02:26 KST | INFO |   🏆 New best accuracy: 75.86%
2026-02-18 14:02:26 KST | INFO | 
2026-02-18 14:02:26 KST | INFO | Epoch 11/200 | LR: 0.099384
2026-02-18 14:04:53 KST | INFO |   Train Loss: 0.5097 | Test Loss: 0.0024 | Test Acc: 79.79%
2026-02-18 14:04:53 KST | INFO |   🏆 New best accuracy: 79.79%
2026-02-18 14:04:53 KST | INFO | 
2026-02-18 14:04:53 KST | INFO | Epoch 12/200 | LR: 0.099255
2026-02-18 14:07:21 KST | INFO |   Train Loss: 0.4932 | Test Loss: 0.0033 | Test Acc: 73.08%
2026-02-18 14:07:21 KST | INFO |   No improvement (1/30)
2026-02-18 14:07:21 KST | INFO | 
2026-02-18 14:07:21 KST | INFO | Epoch 13/200 | LR: 0.099114
2026-02-18 14:09:48 KST | INFO |   Train Loss: 0.4825 | Test Loss: 0.0027 | Test Acc: 78.36%
2026-02-18 14:09:48 KST | INFO |   No improvement (2/30)
2026-02-18 14:09:48 KST | INFO | 
2026-02-18 14:09:48 KST | INFO | Epoch 14/200 | LR: 0.098961
2026-02-18 14:12:14 KST | INFO |   Train Loss: 0.4710 | Test Loss: 0.0025 | Test Acc: 79.54%
2026-02-18 14:12:14 KST | INFO |   No improvement (3/30)
2026-02-18 14:12:14 KST | INFO | 
2026-02-18 14:12:14 KST | INFO | Epoch 15/200 | LR: 0.098796
2026-02-18 14:14:42 KST | INFO |   Train Loss: 0.4627 | Test Loss: 0.0025 | Test Acc: 80.02%
2026-02-18 14:14:42 KST | INFO |   🏆 New best accuracy: 80.02%
2026-02-18 14:14:42 KST | INFO | 
2026-02-18 14:14:42 KST | INFO | Epoch 16/200 | LR: 0.098619
2026-02-18 14:17:10 KST | INFO |   Train Loss: 0.4461 | Test Loss: 0.0023 | Test Acc: 82.20%
2026-02-18 14:17:10 KST | INFO |   🏆 New best accuracy: 82.20%
2026-02-18 14:17:10 KST | INFO | 
2026-02-18 14:17:10 KST | INFO | Epoch 17/200 | LR: 0.098429
2026-02-18 14:19:39 KST | INFO |   Train Loss: 0.4403 | Test Loss: 0.0025 | Test Acc: 81.19%
2026-02-18 14:19:39 KST | INFO |   No improvement (1/30)
2026-02-18 14:19:39 KST | INFO | 
2026-02-18 14:19:39 KST | INFO | Epoch 18/200 | LR: 0.098228
2026-02-18 14:22:07 KST | INFO |   Train Loss: 0.4318 | Test Loss: 0.0023 | Test Acc: 80.88%
2026-02-18 14:22:07 KST | INFO |   No improvement (2/30)
2026-02-18 14:22:07 KST | INFO | 
2026-02-18 14:22:07 KST | INFO | Epoch 19/200 | LR: 0.098015
2026-02-18 14:24:35 KST | INFO |   Train Loss: 0.4240 | Test Loss: 0.0028 | Test Acc: 76.46%
2026-02-18 14:24:35 KST | INFO |   No improvement (3/30)
2026-02-18 14:24:35 KST | INFO | 
2026-02-18 14:24:35 KST | INFO | Epoch 20/200 | LR: 0.097790
2026-02-18 14:27:03 KST | INFO |   Train Loss: 0.4239 | Test Loss: 0.0022 | Test Acc: 81.73%
2026-02-18 14:27:03 KST | INFO |   No improvement (4/30)
2026-02-18 14:27:03 KST | INFO | 
2026-02-18 14:27:03 KST | INFO | Epoch 21/200 | LR: 0.097553
2026-02-18 14:29:30 KST | INFO |   Train Loss: 0.4125 | Test Loss: 0.0023 | Test Acc: 80.88%
2026-02-18 14:29:30 KST | INFO |   No improvement (5/30)
2026-02-18 14:29:30 KST | INFO | 
2026-02-18 14:29:30 KST | INFO | Epoch 22/200 | LR: 0.097304
2026-02-18 14:31:58 KST | INFO |   Train Loss: 0.4102 | Test Loss: 0.0025 | Test Acc: 79.61%
2026-02-18 14:31:58 KST | INFO |   No improvement (6/30)
2026-02-18 14:31:58 KST | INFO | 
2026-02-18 14:31:58 KST | INFO | Epoch 23/200 | LR: 0.097044
2026-02-18 14:34:27 KST | INFO |   Train Loss: 0.4053 | Test Loss: 0.0025 | Test Acc: 79.92%
2026-02-18 14:34:27 KST | INFO |   No improvement (7/30)
2026-02-18 14:34:27 KST | INFO | 
2026-02-18 14:34:27 KST | INFO | Epoch 24/200 | LR: 0.096772
2026-02-18 14:36:56 KST | INFO |   Train Loss: 0.3992 | Test Loss: 0.0026 | Test Acc: 77.72%
2026-02-18 14:36:56 KST | INFO |   No improvement (8/30)
2026-02-18 14:36:56 KST | INFO | 
2026-02-18 14:36:56 KST | INFO | Epoch 25/200 | LR: 0.096489
2026-02-18 14:39:23 KST | INFO |   Train Loss: 0.3926 | Test Loss: 0.0020 | Test Acc: 83.53%
2026-02-18 14:39:23 KST | INFO |   🏆 New best accuracy: 83.53%
2026-02-18 14:39:23 KST | INFO | 
2026-02-18 14:39:23 KST | INFO | Epoch 26/200 | LR: 0.096194
2026-02-18 14:41:50 KST | INFO |   Train Loss: 0.3876 | Test Loss: 0.0023 | Test Acc: 80.64%
2026-02-18 14:41:50 KST | INFO |   No improvement (1/30)
2026-02-18 14:41:50 KST | INFO | 
2026-02-18 14:41:50 KST | INFO | Epoch 27/200 | LR: 0.095888
2026-02-18 14:44:17 KST | INFO |   Train Loss: 0.3866 | Test Loss: 0.0022 | Test Acc: 81.87%
2026-02-18 14:44:17 KST | INFO |   No improvement (2/30)
2026-02-18 14:44:17 KST | INFO | 
2026-02-18 14:44:17 KST | INFO | Epoch 28/200 | LR: 0.095570
2026-02-18 14:46:45 KST | INFO |   Train Loss: 0.3829 | Test Loss: 0.0024 | Test Acc: 80.53%
2026-02-18 14:46:45 KST | INFO |   No improvement (3/30)
2026-02-18 14:46:45 KST | INFO | 
2026-02-18 14:46:45 KST | INFO | Epoch 29/200 | LR: 0.095241
2026-02-18 14:49:13 KST | INFO |   Train Loss: 0.3801 | Test Loss: 0.0025 | Test Acc: 78.44%
2026-02-18 14:49:13 KST | INFO |   No improvement (4/30)
2026-02-18 14:49:13 KST | INFO | 
2026-02-18 14:49:13 KST | INFO | Epoch 30/200 | LR: 0.094901
2026-02-18 14:51:41 KST | INFO |   Train Loss: 0.3768 | Test Loss: 0.0023 | Test Acc: 80.60%
2026-02-18 14:51:41 KST | INFO |   No improvement (5/30)
2026-02-18 14:51:41 KST | INFO | 
2026-02-18 14:51:41 KST | INFO | Epoch 31/200 | LR: 0.094550
2026-02-18 14:54:08 KST | INFO |   Train Loss: 0.3660 | Test Loss: 0.0020 | Test Acc: 84.88%
2026-02-18 14:54:08 KST | INFO |   🏆 New best accuracy: 84.88%
2026-02-18 14:54:08 KST | INFO | 
2026-02-18 14:54:08 KST | INFO | Epoch 32/200 | LR: 0.094188
2026-02-18 14:56:35 KST | INFO |   Train Loss: 0.3662 | Test Loss: 0.0021 | Test Acc: 82.05%
2026-02-18 14:56:35 KST | INFO |   No improvement (1/30)
2026-02-18 14:56:35 KST | INFO | 
2026-02-18 14:56:35 KST | INFO | Epoch 33/200 | LR: 0.093815
2026-02-18 14:59:03 KST | INFO |   Train Loss: 0.3584 | Test Loss: 0.0025 | Test Acc: 78.50%
2026-02-18 14:59:03 KST | INFO |   No improvement (2/30)
2026-02-18 14:59:03 KST | INFO | 
2026-02-18 14:59:03 KST | INFO | Epoch 34/200 | LR: 0.093432
2026-02-18 15:01:32 KST | INFO |   Train Loss: 0.3586 | Test Loss: 0.0023 | Test Acc: 81.22%
2026-02-18 15:01:32 KST | INFO |   No improvement (3/30)
2026-02-18 15:01:32 KST | INFO | 
2026-02-18 15:01:32 KST | INFO | Epoch 35/200 | LR: 0.093037
2026-02-18 15:04:00 KST | INFO |   Train Loss: 0.3583 | Test Loss: 0.0019 | Test Acc: 84.41%
2026-02-18 15:04:00 KST | INFO |   No improvement (4/30)
2026-02-18 15:04:00 KST | INFO | 
2026-02-18 15:04:00 KST | INFO | Epoch 36/200 | LR: 0.092632
2026-02-18 15:06:29 KST | INFO |   Train Loss: 0.3569 | Test Loss: 0.0022 | Test Acc: 82.71%
2026-02-18 15:06:29 KST | INFO |   No improvement (5/30)
2026-02-18 15:06:29 KST | INFO | 
2026-02-18 15:06:29 KST | INFO | Epoch 37/200 | LR: 0.092216
2026-02-18 15:08:57 KST | INFO |   Train Loss: 0.3541 | Test Loss: 0.0022 | Test Acc: 81.50%
2026-02-18 15:08:57 KST | INFO |   No improvement (6/30)
2026-02-18 15:08:57 KST | INFO | 
2026-02-18 15:08:57 KST | INFO | Epoch 38/200 | LR: 0.091790
2026-02-18 15:11:25 KST | INFO |   Train Loss: 0.3492 | Test Loss: 0.0021 | Test Acc: 81.73%
2026-02-18 15:11:25 KST | INFO |   No improvement (7/30)
2026-02-18 15:11:25 KST | INFO | 
2026-02-18 15:11:25 KST | INFO | Epoch 39/200 | LR: 0.091354
2026-02-18 15:13:52 KST | INFO |   Train Loss: 0.3447 | Test Loss: 0.0022 | Test Acc: 82.26%
2026-02-18 15:13:52 KST | INFO |   No improvement (8/30)
2026-02-18 15:13:52 KST | INFO | 
2026-02-18 15:13:52 KST | INFO | Epoch 40/200 | LR: 0.090908
2026-02-18 15:16:18 KST | INFO |   Train Loss: 0.3429 | Test Loss: 0.0023 | Test Acc: 80.69%
2026-02-18 15:16:18 KST | INFO |   No improvement (9/30)
2026-02-18 15:16:18 KST | INFO | 
2026-02-18 15:16:18 KST | INFO | Epoch 41/200 | LR: 0.090451
2026-02-18 15:18:46 KST | INFO |   Train Loss: 0.3417 | Test Loss: 0.0021 | Test Acc: 82.26%
2026-02-18 15:18:46 KST | INFO |   No improvement (10/30)
2026-02-18 15:18:46 KST | INFO | 
2026-02-18 15:18:46 KST | INFO | Epoch 42/200 | LR: 0.089984
2026-02-18 15:21:15 KST | INFO |   Train Loss: 0.3373 | Test Loss: 0.0023 | Test Acc: 80.20%
2026-02-18 15:21:15 KST | INFO |   No improvement (11/30)
2026-02-18 15:21:15 KST | INFO | 
2026-02-18 15:21:15 KST | INFO | Epoch 43/200 | LR: 0.089508
2026-02-18 15:23:45 KST | INFO |   Train Loss: 0.3377 | Test Loss: 0.0022 | Test Acc: 81.50%
2026-02-18 15:23:45 KST | INFO |   No improvement (12/30)
2026-02-18 15:23:45 KST | INFO | 
2026-02-18 15:23:45 KST | INFO | Epoch 44/200 | LR: 0.089022
2026-02-18 15:26:14 KST | INFO |   Train Loss: 0.3315 | Test Loss: 0.0020 | Test Acc: 83.42%
2026-02-18 15:26:14 KST | INFO |   No improvement (13/30)
2026-02-18 15:26:14 KST | INFO | 
2026-02-18 15:26:14 KST | INFO | Epoch 45/200 | LR: 0.088526
2026-02-18 15:28:43 KST | INFO |   Train Loss: 0.3299 | Test Loss: 0.0021 | Test Acc: 82.33%
2026-02-18 15:28:43 KST | INFO |   No improvement (14/30)
2026-02-18 15:28:43 KST | INFO | 
2026-02-18 15:28:43 KST | INFO | Epoch 46/200 | LR: 0.088020
2026-02-18 15:31:10 KST | INFO |   Train Loss: 0.3285 | Test Loss: 0.0019 | Test Acc: 84.02%
2026-02-18 15:31:10 KST | INFO |   No improvement (15/30)
2026-02-18 15:31:10 KST | INFO | 
2026-02-18 15:31:10 KST | INFO | Epoch 47/200 | LR: 0.087506
2026-02-18 15:33:38 KST | INFO |   Train Loss: 0.3272 | Test Loss: 0.0020 | Test Acc: 83.46%
2026-02-18 15:33:38 KST | INFO |   No improvement (16/30)
2026-02-18 15:33:38 KST | INFO | 
2026-02-18 15:33:38 KST | INFO | Epoch 48/200 | LR: 0.086982
2026-02-18 15:36:06 KST | INFO |   Train Loss: 0.3217 | Test Loss: 0.0019 | Test Acc: 84.43%
2026-02-18 15:36:06 KST | INFO |   No improvement (17/30)
2026-02-18 15:36:06 KST | INFO | 
2026-02-18 15:36:06 KST | INFO | Epoch 49/200 | LR: 0.086449
2026-02-18 15:38:34 KST | INFO |   Train Loss: 0.3191 | Test Loss: 0.0018 | Test Acc: 85.01%
2026-02-18 15:38:34 KST | INFO |   🏆 New best accuracy: 85.01%
2026-02-18 15:38:34 KST | INFO | 
2026-02-18 15:38:34 KST | INFO | Epoch 50/200 | LR: 0.085906
2026-02-18 15:41:02 KST | INFO |   Train Loss: 0.3198 | Test Loss: 0.0022 | Test Acc: 82.37%
2026-02-18 15:41:02 KST | INFO |   No improvement (1/30)
2026-02-18 15:41:02 KST | INFO | 
2026-02-18 15:41:02 KST | INFO | Epoch 51/200 | LR: 0.085355
2026-02-18 15:43:31 KST | INFO |   Train Loss: 0.3118 | Test Loss: 0.0019 | Test Acc: 85.33%
2026-02-18 15:43:31 KST | INFO |   🏆 New best accuracy: 85.33%
2026-02-18 15:43:31 KST | INFO | 
2026-02-18 15:43:31 KST | INFO | Epoch 52/200 | LR: 0.084796
2026-02-18 15:45:58 KST | INFO |   Train Loss: 0.3160 | Test Loss: 0.0020 | Test Acc: 83.27%
2026-02-18 15:45:58 KST | INFO |   No improvement (1/30)
2026-02-18 15:45:58 KST | INFO | 
2026-02-18 15:45:58 KST | INFO | Epoch 53/200 | LR: 0.084228
2026-02-18 15:48:26 KST | INFO |   Train Loss: 0.3074 | Test Loss: 0.0021 | Test Acc: 82.77%
2026-02-18 15:48:26 KST | INFO |   No improvement (2/30)
2026-02-18 15:48:26 KST | INFO | 
2026-02-18 15:48:26 KST | INFO | Epoch 54/200 | LR: 0.083651
2026-02-18 15:50:53 KST | INFO |   Train Loss: 0.3086 | Test Loss: 0.0020 | Test Acc: 82.76%
2026-02-18 15:50:53 KST | INFO |   No improvement (3/30)
2026-02-18 15:50:53 KST | INFO | 
2026-02-18 15:50:53 KST | INFO | Epoch 55/200 | LR: 0.083066
2026-02-18 15:53:20 KST | INFO |   Train Loss: 0.3027 | Test Loss: 0.0024 | Test Acc: 79.29%
2026-02-18 15:53:20 KST | INFO |   No improvement (4/30)
2026-02-18 15:53:20 KST | INFO | 
2026-02-18 15:53:20 KST | INFO | Epoch 56/200 | LR: 0.082473
2026-02-18 15:55:49 KST | INFO |   Train Loss: 0.3034 | Test Loss: 0.0022 | Test Acc: 81.05%
2026-02-18 15:55:49 KST | INFO |   No improvement (5/30)
2026-02-18 15:55:49 KST | INFO | 
2026-02-18 15:55:49 KST | INFO | Epoch 57/200 | LR: 0.081871
2026-02-18 15:58:16 KST | INFO |   Train Loss: 0.3016 | Test Loss: 0.0018 | Test Acc: 85.23%
2026-02-18 15:58:16 KST | INFO |   No improvement (6/30)
2026-02-18 15:58:16 KST | INFO | 
2026-02-18 15:58:16 KST | INFO | Epoch 58/200 | LR: 0.081262
2026-02-18 16:00:45 KST | INFO |   Train Loss: 0.2967 | Test Loss: 0.0019 | Test Acc: 83.67%
2026-02-18 16:00:45 KST | INFO |   No improvement (7/30)
2026-02-18 16:00:45 KST | INFO | 
2026-02-18 16:00:45 KST | INFO | Epoch 59/200 | LR: 0.080646
2026-02-18 16:03:13 KST | INFO |   Train Loss: 0.2946 | Test Loss: 0.0019 | Test Acc: 83.81%
2026-02-18 16:03:13 KST | INFO |   No improvement (8/30)
2026-02-18 16:03:13 KST | INFO | 
2026-02-18 16:03:13 KST | INFO | Epoch 60/200 | LR: 0.080021
2026-02-18 16:05:42 KST | INFO |   Train Loss: 0.2926 | Test Loss: 0.0018 | Test Acc: 85.08%
2026-02-18 16:05:42 KST | INFO |   No improvement (9/30)
2026-02-18 16:05:42 KST | INFO | 
2026-02-18 16:05:42 KST | INFO | Epoch 61/200 | LR: 0.079389
2026-02-18 16:08:11 KST | INFO |   Train Loss: 0.2890 | Test Loss: 0.0019 | Test Acc: 84.42%
2026-02-18 16:08:11 KST | INFO |   No improvement (10/30)
2026-02-18 16:08:11 KST | INFO | 
2026-02-18 16:08:11 KST | INFO | Epoch 62/200 | LR: 0.078750
2026-02-18 16:10:39 KST | INFO |   Train Loss: 0.2870 | Test Loss: 0.0017 | Test Acc: 85.84%
2026-02-18 16:10:39 KST | INFO |   🏆 New best accuracy: 85.84%
2026-02-18 16:10:39 KST | INFO | 
2026-02-18 16:10:39 KST | INFO | Epoch 63/200 | LR: 0.078104
2026-02-18 16:13:06 KST | INFO |   Train Loss: 0.2829 | Test Loss: 0.0018 | Test Acc: 85.01%
2026-02-18 16:13:06 KST | INFO |   No improvement (1/30)
2026-02-18 16:13:06 KST | INFO | 
2026-02-18 16:13:06 KST | INFO | Epoch 64/200 | LR: 0.077451
2026-02-18 16:15:34 KST | INFO |   Train Loss: 0.2806 | Test Loss: 0.0018 | Test Acc: 85.03%
2026-02-18 16:15:34 KST | INFO |   No improvement (2/30)
2026-02-18 16:15:34 KST | INFO | 
2026-02-18 16:15:34 KST | INFO | Epoch 65/200 | LR: 0.076792
2026-02-18 16:18:01 KST | INFO |   Train Loss: 0.2831 | Test Loss: 0.0020 | Test Acc: 83.66%
2026-02-18 16:18:01 KST | INFO |   No improvement (3/30)
2026-02-18 16:18:01 KST | INFO | 
2026-02-18 16:18:01 KST | INFO | Epoch 66/200 | LR: 0.076125
2026-02-18 16:20:28 KST | INFO |   Train Loss: 0.2829 | Test Loss: 0.0017 | Test Acc: 85.52%
2026-02-18 16:20:28 KST | INFO |   No improvement (4/30)
2026-02-18 16:20:28 KST | INFO | 
2026-02-18 16:20:28 KST | INFO | Epoch 67/200 | LR: 0.075452
2026-02-18 16:22:55 KST | INFO |   Train Loss: 0.2752 | Test Loss: 0.0024 | Test Acc: 80.04%
2026-02-18 16:22:55 KST | INFO |   No improvement (5/30)
2026-02-18 16:22:55 KST | INFO | 
2026-02-18 16:22:55 KST | INFO | Epoch 68/200 | LR: 0.074773
2026-02-18 16:25:23 KST | INFO |   Train Loss: 0.2707 | Test Loss: 0.0016 | Test Acc: 86.42%
2026-02-18 16:25:23 KST | INFO |   🏆 New best accuracy: 86.42%
2026-02-18 16:25:23 KST | INFO | 
2026-02-18 16:25:23 KST | INFO | Epoch 69/200 | LR: 0.074088
2026-02-18 16:27:51 KST | INFO |   Train Loss: 0.2721 | Test Loss: 0.0020 | Test Acc: 83.05%
2026-02-18 16:27:51 KST | INFO |   No improvement (1/30)
2026-02-18 16:27:51 KST | INFO | 
2026-02-18 16:27:51 KST | INFO | Epoch 70/200 | LR: 0.073397
2026-02-18 16:30:21 KST | INFO |   Train Loss: 0.2694 | Test Loss: 0.0019 | Test Acc: 84.01%
2026-02-18 16:30:21 KST | INFO |   No improvement (2/30)
2026-02-18 16:30:21 KST | INFO | 
2026-02-18 16:30:21 KST | INFO | Epoch 71/200 | LR: 0.072700
2026-02-18 16:32:49 KST | INFO |   Train Loss: 0.2687 | Test Loss: 0.0018 | Test Acc: 84.86%
2026-02-18 16:32:49 KST | INFO |   No improvement (3/30)
2026-02-18 16:32:49 KST | INFO | 
2026-02-18 16:32:49 KST | INFO | Epoch 72/200 | LR: 0.071997
2026-02-18 16:35:16 KST | INFO |   Train Loss: 0.2625 | Test Loss: 0.0020 | Test Acc: 82.52%
2026-02-18 16:35:16 KST | INFO |   No improvement (4/30)
2026-02-18 16:35:16 KST | INFO | 
2026-02-18 16:35:16 KST | INFO | Epoch 73/200 | LR: 0.071289
2026-02-18 16:37:44 KST | INFO |   Train Loss: 0.2630 | Test Loss: 0.0022 | Test Acc: 81.87%
2026-02-18 16:37:44 KST | INFO |   No improvement (5/30)
2026-02-18 16:37:44 KST | INFO | 
2026-02-18 16:37:44 KST | INFO | Epoch 74/200 | LR: 0.070576
2026-02-18 16:40:12 KST | INFO |   Train Loss: 0.2584 | Test Loss: 0.0018 | Test Acc: 85.15%
2026-02-18 16:40:12 KST | INFO |   No improvement (6/30)
2026-02-18 16:40:12 KST | INFO | 
2026-02-18 16:40:12 KST | INFO | Epoch 75/200 | LR: 0.069858
2026-02-18 16:42:41 KST | INFO |   Train Loss: 0.2597 | Test Loss: 0.0018 | Test Acc: 84.63%
2026-02-18 16:42:41 KST | INFO |   No improvement (7/30)
2026-02-18 16:42:41 KST | INFO | 
2026-02-18 16:42:41 KST | INFO | Epoch 76/200 | LR: 0.069134
2026-02-18 16:45:10 KST | INFO |   Train Loss: 0.2542 | Test Loss: 0.0021 | Test Acc: 82.66%
2026-02-18 16:45:10 KST | INFO |   No improvement (8/30)
2026-02-18 16:45:10 KST | INFO | 
2026-02-18 16:45:10 KST | INFO | Epoch 77/200 | LR: 0.068407
2026-02-18 16:47:39 KST | INFO |   Train Loss: 0.2450 | Test Loss: 0.0018 | Test Acc: 84.99%
2026-02-18 16:47:39 KST | INFO |   No improvement (9/30)
2026-02-18 16:47:39 KST | INFO | 
2026-02-18 16:47:39 KST | INFO | Epoch 78/200 | LR: 0.067674
2026-02-18 16:50:08 KST | INFO |   Train Loss: 0.2518 | Test Loss: 0.0016 | Test Acc: 86.74%
2026-02-18 16:50:08 KST | INFO |   🏆 New best accuracy: 86.74%
2026-02-18 16:50:08 KST | INFO | 
2026-02-18 16:50:08 KST | INFO | Epoch 79/200 | LR: 0.066937
2026-02-18 16:52:36 KST | INFO |   Train Loss: 0.2467 | Test Loss: 0.0015 | Test Acc: 87.19%
2026-02-18 16:52:36 KST | INFO |   🏆 New best accuracy: 87.19%
2026-02-18 16:52:36 KST | INFO | 
2026-02-18 16:52:36 KST | INFO | Epoch 80/200 | LR: 0.066196
2026-02-18 16:55:04 KST | INFO |   Train Loss: 0.2439 | Test Loss: 0.0016 | Test Acc: 86.05%
2026-02-18 16:55:04 KST | INFO |   No improvement (1/30)
2026-02-18 16:55:04 KST | INFO | 
2026-02-18 16:55:04 KST | INFO | Epoch 81/200 | LR: 0.065451
2026-02-18 16:57:33 KST | INFO |   Train Loss: 0.2400 | Test Loss: 0.0014 | Test Acc: 88.08%
2026-02-18 16:57:33 KST | INFO |   🏆 New best accuracy: 88.08%
2026-02-18 16:57:33 KST | INFO | 
2026-02-18 16:57:33 KST | INFO | Epoch 82/200 | LR: 0.064702
2026-02-18 17:00:02 KST | INFO |   Train Loss: 0.2424 | Test Loss: 0.0018 | Test Acc: 84.86%
2026-02-18 17:00:02 KST | INFO |   No improvement (1/30)
2026-02-18 17:00:02 KST | INFO | 
2026-02-18 17:00:02 KST | INFO | Epoch 83/200 | LR: 0.063950
2026-02-18 17:02:31 KST | INFO |   Train Loss: 0.2365 | Test Loss: 0.0015 | Test Acc: 86.89%
2026-02-18 17:02:31 KST | INFO |   No improvement (2/30)
2026-02-18 17:02:31 KST | INFO | 
2026-02-18 17:02:31 KST | INFO | Epoch 84/200 | LR: 0.063194
2026-02-18 17:04:58 KST | INFO |   Train Loss: 0.2386 | Test Loss: 0.0016 | Test Acc: 85.89%
2026-02-18 17:04:58 KST | INFO |   No improvement (3/30)
2026-02-18 17:04:58 KST | INFO | 
2026-02-18 17:04:58 KST | INFO | Epoch 85/200 | LR: 0.062435
2026-02-18 17:07:26 KST | INFO |   Train Loss: 0.2290 | Test Loss: 0.0016 | Test Acc: 87.04%
2026-02-18 17:07:26 KST | INFO |   No improvement (4/30)
2026-02-18 17:07:26 KST | INFO | 
2026-02-18 17:07:26 KST | INFO | Epoch 86/200 | LR: 0.061673
2026-02-18 17:09:55 KST | INFO |   Train Loss: 0.2273 | Test Loss: 0.0016 | Test Acc: 86.17%
2026-02-18 17:09:55 KST | INFO |   No improvement (5/30)
2026-02-18 17:09:55 KST | INFO | 
2026-02-18 17:09:55 KST | INFO | Epoch 87/200 | LR: 0.060908
2026-02-18 17:12:23 KST | INFO |   Train Loss: 0.2300 | Test Loss: 0.0015 | Test Acc: 86.90%
2026-02-18 17:12:23 KST | INFO |   No improvement (6/30)
2026-02-18 17:12:23 KST | INFO | 
2026-02-18 17:12:23 KST | INFO | Epoch 88/200 | LR: 0.060140
2026-02-18 17:14:51 KST | INFO |   Train Loss: 0.2205 | Test Loss: 0.0017 | Test Acc: 85.57%
2026-02-18 17:14:51 KST | INFO |   No improvement (7/30)
2026-02-18 17:14:51 KST | INFO | 
2026-02-18 17:14:51 KST | INFO | Epoch 89/200 | LR: 0.059369
2026-02-18 17:17:18 KST | INFO |   Train Loss: 0.2213 | Test Loss: 0.0019 | Test Acc: 83.88%
2026-02-18 17:17:18 KST | INFO |   No improvement (8/30)
2026-02-18 17:17:18 KST | INFO | 
2026-02-18 17:17:18 KST | INFO | Epoch 90/200 | LR: 0.058597
2026-02-18 17:19:46 KST | INFO |   Train Loss: 0.2200 | Test Loss: 0.0015 | Test Acc: 86.43%
2026-02-18 17:19:46 KST | INFO |   No improvement (9/30)
2026-02-18 17:19:46 KST | INFO | 
2026-02-18 17:19:46 KST | INFO | Epoch 91/200 | LR: 0.057822
2026-02-18 17:22:15 KST | INFO |   Train Loss: 0.2173 | Test Loss: 0.0016 | Test Acc: 86.87%
2026-02-18 17:22:15 KST | INFO |   No improvement (10/30)
2026-02-18 17:22:15 KST | INFO | 
2026-02-18 17:22:15 KST | INFO | Epoch 92/200 | LR: 0.057045
2026-02-18 17:24:43 KST | INFO |   Train Loss: 0.2134 | Test Loss: 0.0016 | Test Acc: 85.88%
2026-02-18 17:24:43 KST | INFO |   No improvement (11/30)
2026-02-18 17:24:43 KST | INFO | 
2026-02-18 17:24:43 KST | INFO | Epoch 93/200 | LR: 0.056267
2026-02-18 17:27:10 KST | INFO |   Train Loss: 0.2085 | Test Loss: 0.0020 | Test Acc: 83.22%
2026-02-18 17:27:10 KST | INFO |   No improvement (12/30)
2026-02-18 17:27:10 KST | INFO | 
2026-02-18 17:27:10 KST | INFO | Epoch 94/200 | LR: 0.055487
2026-02-18 17:29:38 KST | INFO |   Train Loss: 0.2092 | Test Loss: 0.0017 | Test Acc: 85.42%
2026-02-18 17:29:38 KST | INFO |   No improvement (13/30)
2026-02-18 17:29:38 KST | INFO | 
2026-02-18 17:29:38 KST | INFO | Epoch 95/200 | LR: 0.054706
2026-02-18 17:32:06 KST | INFO |   Train Loss: 0.2038 | Test Loss: 0.0015 | Test Acc: 87.81%
2026-02-18 17:32:06 KST | INFO |   No improvement (14/30)
2026-02-18 17:32:06 KST | INFO | 
2026-02-18 17:32:06 KST | INFO | Epoch 96/200 | LR: 0.053923
2026-02-18 17:34:35 KST | INFO |   Train Loss: 0.2029 | Test Loss: 0.0019 | Test Acc: 83.74%
2026-02-18 17:34:35 KST | INFO |   No improvement (15/30)
2026-02-18 17:34:35 KST | INFO | 
2026-02-18 17:34:35 KST | INFO | Epoch 97/200 | LR: 0.053140
2026-02-18 17:37:04 KST | INFO |   Train Loss: 0.1982 | Test Loss: 0.0016 | Test Acc: 85.71%
2026-02-18 17:37:04 KST | INFO |   No improvement (16/30)
2026-02-18 17:37:04 KST | INFO | 
2026-02-18 17:37:04 KST | INFO | Epoch 98/200 | LR: 0.052356
2026-02-18 17:39:32 KST | INFO |   Train Loss: 0.1998 | Test Loss: 0.0015 | Test Acc: 87.07%
2026-02-18 17:39:32 KST | INFO |   No improvement (17/30)
2026-02-18 17:39:32 KST | INFO | 
2026-02-18 17:39:32 KST | INFO | Epoch 99/200 | LR: 0.051571
2026-02-18 17:42:00 KST | INFO |   Train Loss: 0.1942 | Test Loss: 0.0017 | Test Acc: 86.13%
2026-02-18 17:42:00 KST | INFO |   No improvement (18/30)
2026-02-18 17:42:00 KST | INFO | 
2026-02-18 17:42:00 KST | INFO | Epoch 100/200 | LR: 0.050786
2026-02-18 17:44:29 KST | INFO |   Train Loss: 0.1925 | Test Loss: 0.0016 | Test Acc: 86.17%
2026-02-18 17:44:29 KST | INFO |   No improvement (19/30)
2026-02-18 17:44:29 KST | INFO | 
2026-02-18 17:44:29 KST | INFO | Epoch 101/200 | LR: 0.050001
2026-02-18 17:46:58 KST | INFO |   Train Loss: 0.1916 | Test Loss: 0.0017 | Test Acc: 85.79%
2026-02-18 17:46:58 KST | INFO |   No improvement (20/30)
2026-02-18 17:46:58 KST | INFO | 
2026-02-18 17:46:58 KST | INFO | Epoch 102/200 | LR: 0.049215
2026-02-18 17:49:26 KST | INFO |   Train Loss: 0.1874 | Test Loss: 0.0016 | Test Acc: 86.41%
2026-02-18 17:49:26 KST | INFO |   No improvement (21/30)
2026-02-18 17:49:26 KST | INFO | 
2026-02-18 17:49:26 KST | INFO | Epoch 103/200 | LR: 0.048430
2026-02-18 17:51:53 KST | INFO |   Train Loss: 0.1876 | Test Loss: 0.0014 | Test Acc: 87.86%
2026-02-18 17:51:53 KST | INFO |   No improvement (22/30)
2026-02-18 17:51:53 KST | INFO | 
2026-02-18 17:51:53 KST | INFO | Epoch 104/200 | LR: 0.047645
2026-02-18 17:54:22 KST | INFO |   Train Loss: 0.1813 | Test Loss: 0.0015 | Test Acc: 87.31%
2026-02-18 17:54:22 KST | INFO |   No improvement (23/30)
2026-02-18 17:54:22 KST | INFO | 
2026-02-18 17:54:22 KST | INFO | Epoch 105/200 | LR: 0.046861
2026-02-18 17:56:50 KST | INFO |   Train Loss: 0.1799 | Test Loss: 0.0015 | Test Acc: 87.32%
2026-02-18 17:56:50 KST | INFO |   No improvement (24/30)
2026-02-18 17:56:50 KST | INFO | 
2026-02-18 17:56:50 KST | INFO | Epoch 106/200 | LR: 0.046078
2026-02-18 17:59:17 KST | INFO |   Train Loss: 0.1760 | Test Loss: 0.0015 | Test Acc: 86.34%
2026-02-18 17:59:17 KST | INFO |   No improvement (25/30)
2026-02-18 17:59:17 KST | INFO | 
2026-02-18 17:59:17 KST | INFO | Epoch 107/200 | LR: 0.045295
2026-02-18 18:01:46 KST | INFO |   Train Loss: 0.1761 | Test Loss: 0.0016 | Test Acc: 86.29%
2026-02-18 18:01:46 KST | INFO |   No improvement (26/30)
2026-02-18 18:01:46 KST | INFO | 
2026-02-18 18:01:46 KST | INFO | Epoch 108/200 | LR: 0.044514
2026-02-18 18:04:13 KST | INFO |   Train Loss: 0.1745 | Test Loss: 0.0014 | Test Acc: 88.78%
2026-02-18 18:04:13 KST | INFO |   🏆 New best accuracy: 88.78%
2026-02-18 18:04:13 KST | INFO | 
2026-02-18 18:04:13 KST | INFO | Epoch 109/200 | LR: 0.043734
2026-02-18 18:06:42 KST | INFO |   Train Loss: 0.1671 | Test Loss: 0.0017 | Test Acc: 86.10%
2026-02-18 18:06:42 KST | INFO |   No improvement (1/30)
2026-02-18 18:06:42 KST | INFO | 
2026-02-18 18:06:42 KST | INFO | Epoch 110/200 | LR: 0.042956
2026-02-18 18:09:10 KST | INFO |   Train Loss: 0.1663 | Test Loss: 0.0017 | Test Acc: 85.74%
2026-02-18 18:09:10 KST | INFO |   No improvement (2/30)
2026-02-18 18:09:10 KST | INFO | 
2026-02-18 18:09:10 KST | INFO | Epoch 111/200 | LR: 0.042179
2026-02-18 18:11:38 KST | INFO |   Train Loss: 0.1639 | Test Loss: 0.0019 | Test Acc: 84.25%
2026-02-18 18:11:38 KST | INFO |   No improvement (3/30)
2026-02-18 18:11:38 KST | INFO | 
2026-02-18 18:11:38 KST | INFO | Epoch 112/200 | LR: 0.041404
2026-02-18 18:14:07 KST | INFO |   Train Loss: 0.1565 | Test Loss: 0.0016 | Test Acc: 86.95%
2026-02-18 18:14:07 KST | INFO |   No improvement (4/30)
2026-02-18 18:14:07 KST | INFO | 
2026-02-18 18:14:07 KST | INFO | Epoch 113/200 | LR: 0.040632
2026-02-18 18:16:35 KST | INFO |   Train Loss: 0.1569 | Test Loss: 0.0015 | Test Acc: 87.70%
2026-02-18 18:16:35 KST | INFO |   No improvement (5/30)
2026-02-18 18:16:35 KST | INFO | 
2026-02-18 18:16:35 KST | INFO | Epoch 114/200 | LR: 0.039861
2026-02-18 18:19:04 KST | INFO |   Train Loss: 0.1578 | Test Loss: 0.0015 | Test Acc: 86.94%
2026-02-18 18:19:04 KST | INFO |   No improvement (6/30)
2026-02-18 18:19:04 KST | INFO | 
2026-02-18 18:19:04 KST | INFO | Epoch 115/200 | LR: 0.039093
2026-02-18 18:21:32 KST | INFO |   Train Loss: 0.1548 | Test Loss: 0.0015 | Test Acc: 87.40%
2026-02-18 18:21:32 KST | INFO |   No improvement (7/30)
2026-02-18 18:21:32 KST | INFO | 
2026-02-18 18:21:32 KST | INFO | Epoch 116/200 | LR: 0.038328
2026-02-18 18:24:00 KST | INFO |   Train Loss: 0.1502 | Test Loss: 0.0019 | Test Acc: 84.37%
2026-02-18 18:24:00 KST | INFO |   No improvement (8/30)
2026-02-18 18:24:00 KST | INFO | 
2026-02-18 18:24:00 KST | INFO | Epoch 117/200 | LR: 0.037566
2026-02-18 18:26:29 KST | INFO |   Train Loss: 0.1472 | Test Loss: 0.0015 | Test Acc: 87.52%
2026-02-18 18:26:29 KST | INFO |   No improvement (9/30)
2026-02-18 18:26:29 KST | INFO | 
2026-02-18 18:26:29 KST | INFO | Epoch 118/200 | LR: 0.036807
2026-02-18 18:28:56 KST | INFO |   Train Loss: 0.1449 | Test Loss: 0.0015 | Test Acc: 87.22%
2026-02-18 18:28:56 KST | INFO |   No improvement (10/30)
2026-02-18 18:28:56 KST | INFO | 
2026-02-18 18:28:56 KST | INFO | Epoch 119/200 | LR: 0.036051
2026-02-18 18:31:25 KST | INFO |   Train Loss: 0.1455 | Test Loss: 0.0016 | Test Acc: 86.95%
2026-02-18 18:31:25 KST | INFO |   No improvement (11/30)
2026-02-18 18:31:25 KST | INFO | 
2026-02-18 18:31:25 KST | INFO | Epoch 120/200 | LR: 0.035299
2026-02-18 18:33:53 KST | INFO |   Train Loss: 0.1411 | Test Loss: 0.0016 | Test Acc: 86.25%
2026-02-18 18:33:53 KST | INFO |   No improvement (12/30)
2026-02-18 18:33:53 KST | INFO | 
2026-02-18 18:33:53 KST | INFO | Epoch 121/200 | LR: 0.034550
2026-02-18 18:36:21 KST | INFO |   Train Loss: 0.1403 | Test Loss: 0.0017 | Test Acc: 86.13%
2026-02-18 18:36:21 KST | INFO |   No improvement (13/30)
2026-02-18 18:36:21 KST | INFO | 
2026-02-18 18:36:21 KST | INFO | Epoch 122/200 | LR: 0.033805
2026-02-18 18:38:49 KST | INFO |   Train Loss: 0.1365 | Test Loss: 0.0013 | Test Acc: 88.80%
2026-02-18 18:38:49 KST | INFO |   🏆 New best accuracy: 88.80%
2026-02-18 18:38:49 KST | INFO | 
2026-02-18 18:38:49 KST | INFO | Epoch 123/200 | LR: 0.033064
2026-02-18 18:41:17 KST | INFO |   Train Loss: 0.1345 | Test Loss: 0.0016 | Test Acc: 86.57%
2026-02-18 18:41:17 KST | INFO |   No improvement (1/30)
2026-02-18 18:41:17 KST | INFO | 
2026-02-18 18:41:17 KST | INFO | Epoch 124/200 | LR: 0.032327
2026-02-18 18:43:46 KST | INFO |   Train Loss: 0.1306 | Test Loss: 0.0015 | Test Acc: 87.33%
2026-02-18 18:43:46 KST | INFO |   No improvement (2/30)
2026-02-18 18:43:46 KST | INFO | 
2026-02-18 18:43:46 KST | INFO | Epoch 125/200 | LR: 0.031594
2026-02-18 18:46:13 KST | INFO |   Train Loss: 0.1256 | Test Loss: 0.0015 | Test Acc: 87.30%
2026-02-18 18:46:13 KST | INFO |   No improvement (3/30)
2026-02-18 18:46:13 KST | INFO | 
2026-02-18 18:46:13 KST | INFO | Epoch 126/200 | LR: 0.030867
2026-02-18 18:48:41 KST | INFO |   Train Loss: 0.1210 | Test Loss: 0.0016 | Test Acc: 86.88%
2026-02-18 18:48:41 KST | INFO |   No improvement (4/30)
2026-02-18 18:48:41 KST | INFO | 
2026-02-18 18:48:41 KST | INFO | Epoch 127/200 | LR: 0.030143
2026-02-18 18:51:09 KST | INFO |   Train Loss: 0.1212 | Test Loss: 0.0014 | Test Acc: 88.65%
2026-02-18 18:51:09 KST | INFO |   No improvement (5/30)
2026-02-18 18:51:09 KST | INFO | 
2026-02-18 18:51:09 KST | INFO | Epoch 128/200 | LR: 0.029425
2026-02-18 18:53:37 KST | INFO |   Train Loss: 0.1207 | Test Loss: 0.0014 | Test Acc: 88.43%
2026-02-18 18:53:37 KST | INFO |   No improvement (6/30)
2026-02-18 18:53:37 KST | INFO | 
2026-02-18 18:53:37 KST | INFO | Epoch 129/200 | LR: 0.028712
2026-02-18 18:56:05 KST | INFO |   Train Loss: 0.1186 | Test Loss: 0.0015 | Test Acc: 87.45%
2026-02-18 18:56:05 KST | INFO |   No improvement (7/30)
2026-02-18 18:56:05 KST | INFO | 
2026-02-18 18:56:05 KST | INFO | Epoch 130/200 | LR: 0.028004
2026-02-18 18:58:34 KST | INFO |   Train Loss: 0.1133 | Test Loss: 0.0012 | Test Acc: 89.62%
2026-02-18 18:58:34 KST | INFO |   🏆 New best accuracy: 89.62%
2026-02-18 18:58:34 KST | INFO | 
2026-02-18 18:58:34 KST | INFO | Epoch 131/200 | LR: 0.027301
2026-02-18 19:01:02 KST | INFO |   Train Loss: 0.1150 | Test Loss: 0.0013 | Test Acc: 89.39%
2026-02-18 19:01:02 KST | INFO |   No improvement (1/30)
2026-02-18 19:01:02 KST | INFO | 
2026-02-18 19:01:02 KST | INFO | Epoch 132/200 | LR: 0.026604
2026-02-18 19:03:29 KST | INFO |   Train Loss: 0.1105 | Test Loss: 0.0015 | Test Acc: 87.59%
2026-02-18 19:03:29 KST | INFO |   No improvement (2/30)
2026-02-18 19:03:29 KST | INFO | 
2026-02-18 19:03:29 KST | INFO | Epoch 133/200 | LR: 0.025913
2026-02-18 19:05:57 KST | INFO |   Train Loss: 0.1066 | Test Loss: 0.0015 | Test Acc: 87.12%
2026-02-18 19:05:57 KST | INFO |   No improvement (3/30)
2026-02-18 19:05:57 KST | INFO | 
2026-02-18 19:05:57 KST | INFO | Epoch 134/200 | LR: 0.025228
2026-02-18 19:08:24 KST | INFO |   Train Loss: 0.1047 | Test Loss: 0.0015 | Test Acc: 86.95%
2026-02-18 19:08:24 KST | INFO |   No improvement (4/30)
2026-02-18 19:08:24 KST | INFO | 
2026-02-18 19:08:24 KST | INFO | Epoch 135/200 | LR: 0.024549
2026-02-18 19:10:53 KST | INFO |   Train Loss: 0.0997 | Test Loss: 0.0016 | Test Acc: 87.22%
2026-02-18 19:10:53 KST | INFO |   No improvement (5/30)
2026-02-18 19:10:53 KST | INFO | 
2026-02-18 19:10:53 KST | INFO | Epoch 136/200 | LR: 0.023876
2026-02-18 19:13:20 KST | INFO |   Train Loss: 0.1004 | Test Loss: 0.0014 | Test Acc: 88.43%
2026-02-18 19:13:20 KST | INFO |   No improvement (6/30)
2026-02-18 19:13:20 KST | INFO | 
2026-02-18 19:13:20 KST | INFO | Epoch 137/200 | LR: 0.023209
2026-02-18 19:15:48 KST | INFO |   Train Loss: 0.0984 | Test Loss: 0.0014 | Test Acc: 88.36%
2026-02-18 19:15:48 KST | INFO |   No improvement (7/30)
2026-02-18 19:15:48 KST | INFO | 
2026-02-18 19:15:48 KST | INFO | Epoch 138/200 | LR: 0.022550
2026-02-18 19:18:16 KST | INFO |   Train Loss: 0.0939 | Test Loss: 0.0015 | Test Acc: 87.74%
2026-02-18 19:18:16 KST | INFO |   No improvement (8/30)
2026-02-18 19:18:16 KST | INFO | 
2026-02-18 19:18:16 KST | INFO | Epoch 139/200 | LR: 0.021897
2026-02-18 19:20:44 KST | INFO |   Train Loss: 0.0918 | Test Loss: 0.0015 | Test Acc: 87.75%
2026-02-18 19:20:44 KST | INFO |   No improvement (9/30)
2026-02-18 19:20:44 KST | INFO | 
2026-02-18 19:20:44 KST | INFO | Epoch 140/200 | LR: 0.021251
2026-02-18 19:23:12 KST | INFO |   Train Loss: 0.0882 | Test Loss: 0.0014 | Test Acc: 88.63%
2026-02-18 19:23:12 KST | INFO |   No improvement (10/30)
2026-02-18 19:23:12 KST | INFO | 
2026-02-18 19:23:12 KST | INFO | Epoch 141/200 | LR: 0.020612
2026-02-18 19:25:40 KST | INFO |   Train Loss: 0.0875 | Test Loss: 0.0014 | Test Acc: 88.82%
2026-02-18 19:25:40 KST | INFO |   No improvement (11/30)
2026-02-18 19:25:40 KST | INFO | 
2026-02-18 19:25:40 KST | INFO | Epoch 142/200 | LR: 0.019980
2026-02-18 19:28:07 KST | INFO |   Train Loss: 0.0846 | Test Loss: 0.0013 | Test Acc: 89.14%
2026-02-18 19:28:07 KST | INFO |   No improvement (12/30)
2026-02-18 19:28:07 KST | INFO | 
2026-02-18 19:28:07 KST | INFO | Epoch 143/200 | LR: 0.019355
2026-02-18 19:30:34 KST | INFO |   Train Loss: 0.0842 | Test Loss: 0.0015 | Test Acc: 88.20%
2026-02-18 19:30:34 KST | INFO |   No improvement (13/30)
2026-02-18 19:30:34 KST | INFO | 
2026-02-18 19:30:34 KST | INFO | Epoch 144/200 | LR: 0.018739
2026-02-18 19:33:02 KST | INFO |   Train Loss: 0.0826 | Test Loss: 0.0015 | Test Acc: 88.00%
2026-02-18 19:33:02 KST | INFO |   No improvement (14/30)
2026-02-18 19:33:02 KST | INFO | 
2026-02-18 19:33:02 KST | INFO | Epoch 145/200 | LR: 0.018130
2026-02-18 19:35:29 KST | INFO |   Train Loss: 0.0789 | Test Loss: 0.0013 | Test Acc: 89.72%
2026-02-18 19:35:29 KST | INFO |   🏆 New best accuracy: 89.72%
2026-02-18 19:35:29 KST | INFO | 
2026-02-18 19:35:29 KST | INFO | Epoch 146/200 | LR: 0.017528
2026-02-18 19:37:57 KST | INFO |   Train Loss: 0.0783 | Test Loss: 0.0014 | Test Acc: 88.60%
2026-02-18 19:37:57 KST | INFO |   No improvement (1/30)
2026-02-18 19:37:57 KST | INFO | 
2026-02-18 19:37:57 KST | INFO | Epoch 147/200 | LR: 0.016935
2026-02-18 19:40:26 KST | INFO |   Train Loss: 0.0758 | Test Loss: 0.0015 | Test Acc: 87.91%
2026-02-18 19:40:26 KST | INFO |   No improvement (2/30)
2026-02-18 19:40:26 KST | INFO | 
2026-02-18 19:40:26 KST | INFO | Epoch 148/200 | LR: 0.016350
2026-02-18 19:42:54 KST | INFO |   Train Loss: 0.0722 | Test Loss: 0.0014 | Test Acc: 88.62%
2026-02-18 19:42:54 KST | INFO |   No improvement (3/30)
2026-02-18 19:42:54 KST | INFO | 
2026-02-18 19:42:54 KST | INFO | Epoch 149/200 | LR: 0.015773
2026-02-18 19:45:21 KST | INFO |   Train Loss: 0.0696 | Test Loss: 0.0013 | Test Acc: 89.68%
2026-02-18 19:45:21 KST | INFO |   No improvement (4/30)
2026-02-18 19:45:21 KST | INFO | 
2026-02-18 19:45:21 KST | INFO | Epoch 150/200 | LR: 0.015205
2026-02-18 19:47:49 KST | INFO |   Train Loss: 0.0667 | Test Loss: 0.0014 | Test Acc: 88.52%
2026-02-18 19:47:49 KST | INFO |   No improvement (5/30)
2026-02-18 19:47:49 KST | INFO | 
2026-02-18 19:47:49 KST | INFO | Epoch 151/200 | LR: 0.014646
2026-02-18 19:50:17 KST | INFO |   Train Loss: 0.0659 | Test Loss: 0.0013 | Test Acc: 89.51%
2026-02-18 19:50:17 KST | INFO |   No improvement (6/30)
2026-02-18 19:50:17 KST | INFO | 
2026-02-18 19:50:17 KST | INFO | Epoch 152/200 | LR: 0.014095
2026-02-18 19:52:45 KST | INFO |   Train Loss: 0.0630 | Test Loss: 0.0013 | Test Acc: 89.42%
2026-02-18 19:52:45 KST | INFO |   No improvement (7/30)
2026-02-18 19:52:45 KST | INFO | 
2026-02-18 19:52:45 KST | INFO | Epoch 153/200 | LR: 0.013552
2026-02-18 19:55:14 KST | INFO |   Train Loss: 0.0641 | Test Loss: 0.0013 | Test Acc: 89.49%
2026-02-18 19:55:14 KST | INFO |   No improvement (8/30)
2026-02-18 19:55:14 KST | INFO | 
2026-02-18 19:55:14 KST | INFO | Epoch 154/200 | LR: 0.013019
2026-02-18 19:57:42 KST | INFO |   Train Loss: 0.0604 | Test Loss: 0.0013 | Test Acc: 90.05%
2026-02-18 19:57:42 KST | INFO |   🏆 New best accuracy: 90.05%
2026-02-18 19:57:42 KST | INFO | 
2026-02-18 19:57:42 KST | INFO | Epoch 155/200 | LR: 0.012495
2026-02-18 20:00:11 KST | INFO |   Train Loss: 0.0558 | Test Loss: 0.0014 | Test Acc: 88.99%
2026-02-18 20:00:11 KST | INFO |   No improvement (1/30)
2026-02-18 20:00:11 KST | INFO | 
2026-02-18 20:00:11 KST | INFO | Epoch 156/200 | LR: 0.011981
2026-02-18 20:02:39 KST | INFO |   Train Loss: 0.0563 | Test Loss: 0.0013 | Test Acc: 89.70%
2026-02-18 20:02:39 KST | INFO |   No improvement (2/30)
2026-02-18 20:02:39 KST | INFO | 
2026-02-18 20:02:39 KST | INFO | Epoch 157/200 | LR: 0.011475
2026-02-18 20:05:08 KST | INFO |   Train Loss: 0.0559 | Test Loss: 0.0014 | Test Acc: 88.89%
2026-02-18 20:05:08 KST | INFO |   No improvement (3/30)
2026-02-18 20:05:08 KST | INFO | 
2026-02-18 20:05:08 KST | INFO | Epoch 158/200 | LR: 0.010979
2026-02-18 20:07:37 KST | INFO |   Train Loss: 0.0530 | Test Loss: 0.0013 | Test Acc: 89.68%
2026-02-18 20:07:37 KST | INFO |   No improvement (4/30)
2026-02-18 20:07:37 KST | INFO | 
2026-02-18 20:07:37 KST | INFO | Epoch 159/200 | LR: 0.010493
2026-02-18 20:10:06 KST | INFO |   Train Loss: 0.0529 | Test Loss: 0.0014 | Test Acc: 89.50%
2026-02-18 20:10:06 KST | INFO |   No improvement (5/30)
2026-02-18 20:10:06 KST | INFO | 
2026-02-18 20:10:06 KST | INFO | Epoch 160/200 | LR: 0.010017
2026-02-18 20:12:34 KST | INFO |   Train Loss: 0.0493 | Test Loss: 0.0014 | Test Acc: 89.01%
2026-02-18 20:12:34 KST | INFO |   No improvement (6/30)
2026-02-18 20:12:34 KST | INFO | 
2026-02-18 20:12:34 KST | INFO | Epoch 161/200 | LR: 0.009550
2026-02-18 20:15:02 KST | INFO |   Train Loss: 0.0486 | Test Loss: 0.0014 | Test Acc: 89.52%
2026-02-18 20:15:02 KST | INFO |   No improvement (7/30)
2026-02-18 20:15:02 KST | INFO | 
2026-02-18 20:15:02 KST | INFO | Epoch 162/200 | LR: 0.009093
2026-02-18 20:17:29 KST | INFO |   Train Loss: 0.0469 | Test Loss: 0.0013 | Test Acc: 89.91%
2026-02-18 20:17:29 KST | INFO |   No improvement (8/30)
2026-02-18 20:17:29 KST | INFO | 
2026-02-18 20:17:29 KST | INFO | Epoch 163/200 | LR: 0.008647
2026-02-18 20:19:56 KST | INFO |   Train Loss: 0.0457 | Test Loss: 0.0012 | Test Acc: 90.90%
2026-02-18 20:19:56 KST | INFO |   🏆 New best accuracy: 90.90%
2026-02-18 20:19:56 KST | INFO | 
2026-02-18 20:19:56 KST | INFO | Epoch 164/200 | LR: 0.008211
2026-02-18 20:22:24 KST | INFO |   Train Loss: 0.0418 | Test Loss: 0.0014 | Test Acc: 89.05%
2026-02-18 20:22:24 KST | INFO |   No improvement (1/30)
2026-02-18 20:22:24 KST | INFO | 
2026-02-18 20:22:24 KST | INFO | Epoch 165/200 | LR: 0.007785
2026-02-18 20:24:51 KST | INFO |   Train Loss: 0.0415 | Test Loss: 0.0013 | Test Acc: 89.30%
2026-02-18 20:24:51 KST | INFO |   No improvement (2/30)
2026-02-18 20:24:51 KST | INFO | 
2026-02-18 20:24:51 KST | INFO | Epoch 166/200 | LR: 0.007369
2026-02-18 20:27:19 KST | INFO |   Train Loss: 0.0395 | Test Loss: 0.0012 | Test Acc: 90.60%
2026-02-18 20:27:19 KST | INFO |   No improvement (3/30)
2026-02-18 20:27:19 KST | INFO | 
2026-02-18 20:27:19 KST | INFO | Epoch 167/200 | LR: 0.006964
2026-02-18 20:29:46 KST | INFO |   Train Loss: 0.0379 | Test Loss: 0.0012 | Test Acc: 90.28%
2026-02-18 20:29:46 KST | INFO |   No improvement (4/30)
2026-02-18 20:29:46 KST | INFO | 
2026-02-18 20:29:46 KST | INFO | Epoch 168/200 | LR: 0.006569
2026-02-18 20:32:15 KST | INFO |   Train Loss: 0.0382 | Test Loss: 0.0013 | Test Acc: 89.67%
2026-02-18 20:32:15 KST | INFO |   No improvement (5/30)
2026-02-18 20:32:15 KST | INFO | 
2026-02-18 20:32:15 KST | INFO | Epoch 169/200 | LR: 0.006186
2026-02-18 20:34:42 KST | INFO |   Train Loss: 0.0350 | Test Loss: 0.0014 | Test Acc: 89.67%
2026-02-18 20:34:42 KST | INFO |   No improvement (6/30)
2026-02-18 20:34:42 KST | INFO | 
2026-02-18 20:34:42 KST | INFO | Epoch 170/200 | LR: 0.005813
2026-02-18 20:37:10 KST | INFO |   Train Loss: 0.0345 | Test Loss: 0.0014 | Test Acc: 89.20%
2026-02-18 20:37:10 KST | INFO |   No improvement (7/30)
2026-02-18 20:37:10 KST | INFO | 
2026-02-18 20:37:10 KST | INFO | Epoch 171/200 | LR: 0.005451
2026-02-18 20:39:38 KST | INFO |   Train Loss: 0.0335 | Test Loss: 0.0013 | Test Acc: 90.51%
2026-02-18 20:39:38 KST | INFO |   No improvement (8/30)
2026-02-18 20:39:38 KST | INFO | 
2026-02-18 20:39:38 KST | INFO | Epoch 172/200 | LR: 0.005100
2026-02-18 20:42:05 KST | INFO |   Train Loss: 0.0324 | Test Loss: 0.0013 | Test Acc: 89.76%
2026-02-18 20:42:05 KST | INFO |   No improvement (9/30)
2026-02-18 20:42:05 KST | INFO | 
2026-02-18 20:42:05 KST | INFO | Epoch 173/200 | LR: 0.004760
2026-02-18 20:44:34 KST | INFO |   Train Loss: 0.0314 | Test Loss: 0.0014 | Test Acc: 89.63%
2026-02-18 20:44:34 KST | INFO |   No improvement (10/30)
2026-02-18 20:44:34 KST | INFO | 
2026-02-18 20:44:34 KST | INFO | Epoch 174/200 | LR: 0.004431
2026-02-18 20:47:01 KST | INFO |   Train Loss: 0.0313 | Test Loss: 0.0014 | Test Acc: 89.38%
2026-02-18 20:47:01 KST | INFO |   No improvement (11/30)
2026-02-18 20:47:01 KST | INFO | 
2026-02-18 20:47:01 KST | INFO | Epoch 175/200 | LR: 0.004113
2026-02-18 20:49:28 KST | INFO |   Train Loss: 0.0283 | Test Loss: 0.0013 | Test Acc: 90.24%
2026-02-18 20:49:28 KST | INFO |   No improvement (12/30)
2026-02-18 20:49:28 KST | INFO | 
2026-02-18 20:49:28 KST | INFO | Epoch 176/200 | LR: 0.003807
2026-02-18 20:51:55 KST | INFO |   Train Loss: 0.0280 | Test Loss: 0.0014 | Test Acc: 89.99%
2026-02-18 20:51:55 KST | INFO |   No improvement (13/30)
2026-02-18 20:51:55 KST | INFO | 
2026-02-18 20:51:55 KST | INFO | Epoch 177/200 | LR: 0.003512
2026-02-18 20:54:23 KST | INFO |   Train Loss: 0.0264 | Test Loss: 0.0013 | Test Acc: 90.45%
2026-02-18 20:54:23 KST | INFO |   No improvement (14/30)
2026-02-18 20:54:23 KST | INFO | 
2026-02-18 20:54:23 KST | INFO | Epoch 178/200 | LR: 0.003229
2026-02-18 20:56:51 KST | INFO |   Train Loss: 0.0253 | Test Loss: 0.0013 | Test Acc: 90.44%
2026-02-18 20:56:51 KST | INFO |   No improvement (15/30)
2026-02-18 20:56:51 KST | INFO | 
2026-02-18 20:56:51 KST | INFO | Epoch 179/200 | LR: 0.002957
2026-02-18 20:59:19 KST | INFO |   Train Loss: 0.0255 | Test Loss: 0.0014 | Test Acc: 89.49%
2026-02-18 20:59:19 KST | INFO |   No improvement (16/30)
2026-02-18 20:59:19 KST | INFO | 
2026-02-18 20:59:19 KST | INFO | Epoch 180/200 | LR: 0.002697
2026-02-18 21:01:47 KST | INFO |   Train Loss: 0.0242 | Test Loss: 0.0013 | Test Acc: 90.20%
2026-02-18 21:01:47 KST | INFO |   No improvement (17/30)
2026-02-18 21:01:47 KST | INFO | 
2026-02-18 21:01:47 KST | INFO | Epoch 181/200 | LR: 0.002448
2026-02-18 21:04:14 KST | INFO |   Train Loss: 0.0239 | Test Loss: 0.0013 | Test Acc: 89.99%
2026-02-18 21:04:14 KST | INFO |   No improvement (18/30)
2026-02-18 21:04:14 KST | INFO | 
2026-02-18 21:04:14 KST | INFO | Epoch 182/200 | LR: 0.002211
2026-02-18 21:06:43 KST | INFO |   Train Loss: 0.0240 | Test Loss: 0.0013 | Test Acc: 89.90%
2026-02-18 21:06:43 KST | INFO |   No improvement (19/30)
2026-02-18 21:06:43 KST | INFO | 
2026-02-18 21:06:43 KST | INFO | Epoch 183/200 | LR: 0.001986
2026-02-18 21:09:11 KST | INFO |   Train Loss: 0.0223 | Test Loss: 0.0013 | Test Acc: 90.20%
2026-02-18 21:09:11 KST | INFO |   No improvement (20/30)
2026-02-18 21:09:11 KST | INFO | 
2026-02-18 21:09:11 KST | INFO | Epoch 184/200 | LR: 0.001773
2026-02-18 21:11:39 KST | INFO |   Train Loss: 0.0226 | Test Loss: 0.0013 | Test Acc: 90.24%
2026-02-18 21:11:39 KST | INFO |   No improvement (21/30)
2026-02-18 21:11:39 KST | INFO | 
2026-02-18 21:11:39 KST | INFO | Epoch 185/200 | LR: 0.001572
2026-02-18 21:14:08 KST | INFO |   Train Loss: 0.0213 | Test Loss: 0.0013 | Test Acc: 89.91%
2026-02-18 21:14:08 KST | INFO |   No improvement (22/30)
2026-02-18 21:14:08 KST | INFO | 
2026-02-18 21:14:08 KST | INFO | Epoch 186/200 | LR: 0.001382
2026-02-18 21:16:35 KST | INFO |   Train Loss: 0.0208 | Test Loss: 0.0013 | Test Acc: 90.23%
2026-02-18 21:16:35 KST | INFO |   No improvement (23/30)
2026-02-18 21:16:35 KST | INFO | 
2026-02-18 21:16:35 KST | INFO | Epoch 187/200 | LR: 0.001205
2026-02-18 21:19:03 KST | INFO |   Train Loss: 0.0216 | Test Loss: 0.0013 | Test Acc: 90.11%
2026-02-18 21:19:03 KST | INFO |   No improvement (24/30)
2026-02-18 21:19:03 KST | INFO | 
2026-02-18 21:19:03 KST | INFO | Epoch 188/200 | LR: 0.001040
2026-02-18 21:21:32 KST | INFO |   Train Loss: 0.0205 | Test Loss: 0.0013 | Test Acc: 89.87%
2026-02-18 21:21:32 KST | INFO |   No improvement (25/30)
2026-02-18 21:21:32 KST | INFO | 
2026-02-18 21:21:32 KST | INFO | Epoch 189/200 | LR: 0.000887
2026-02-18 21:24:00 KST | INFO |   Train Loss: 0.0203 | Test Loss: 0.0013 | Test Acc: 90.04%
2026-02-18 21:24:00 KST | INFO |   No improvement (26/30)
2026-02-18 21:24:00 KST | INFO | 
2026-02-18 21:24:00 KST | INFO | Epoch 190/200 | LR: 0.000746
2026-02-18 21:26:28 KST | INFO |   Train Loss: 0.0193 | Test Loss: 0.0014 | Test Acc: 89.80%
2026-02-18 21:26:28 KST | INFO |   No improvement (27/30)
2026-02-18 21:26:28 KST | INFO | 
2026-02-18 21:26:28 KST | INFO | Epoch 191/200 | LR: 0.000617
2026-02-18 21:28:57 KST | INFO |   Train Loss: 0.0190 | Test Loss: 0.0013 | Test Acc: 90.19%
2026-02-18 21:28:57 KST | INFO |   No improvement (28/30)
2026-02-18 21:28:57 KST | INFO | 
2026-02-18 21:28:57 KST | INFO | Epoch 192/200 | LR: 0.000500
2026-02-18 21:31:27 KST | INFO |   Train Loss: 0.0192 | Test Loss: 0.0013 | Test Acc: 90.36%
2026-02-18 21:31:27 KST | INFO |   No improvement (29/30)
2026-02-18 21:31:27 KST | INFO | 
2026-02-18 21:31:27 KST | INFO | Epoch 193/200 | LR: 0.000395
2026-02-18 21:33:55 KST | INFO |   Train Loss: 0.0193 | Test Loss: 0.0013 | Test Acc: 90.29%
2026-02-18 21:33:55 KST | INFO |   No improvement (30/30)
2026-02-18 21:33:55 KST | INFO | 
2026-02-18 21:33:55 KST | INFO | Early stopping after 30 epochs without improvement
2026-02-18 21:33:55 KST | INFO | 
2026-02-18 21:33:55 KST | INFO | ================================================================================
2026-02-18 21:33:55 KST | INFO | TRAINING COMPLETE
2026-02-18 21:33:55 KST | INFO | ================================================================================
2026-02-18 21:33:55 KST | INFO | Best accuracy:  90.90% (Epoch 163)
2026-02-18 21:33:55 KST | INFO | Final accuracy: 90.29%
2026-02-18 21:33:55 KST | INFO | ================================================================================
2026-02-18 21:33:55 KST | INFO | 
2026-02-18 21:33:55 KST | INFO | Notifying nodes of completion...
2026-02-18 21:33:56 KST | INFO | ✓ Nodes notified
2026-02-18 21:33:56 KST | INFO | 
2026-02-18 21:33:56 KST | INFO | Closing connections...
2026-02-18 21:33:56 KST | INFO | ✓ Cleanup complete
2026-02-18 21:33:56 KST | INFO | 
2026-02-18 21:33:56 KST | INFO | Full log: logs/TL++_secure_20260218_133700.log
2026-02-18 21:33:56 KST | INFO | ================================================================================
