2026-02-07 18:30:36 KST | INFO | ================================================================================
2026-02-07 18:30:36 KST | INFO | TL++ Orchestrator
2026-02-07 18:30:36 KST | INFO | ================================================================================
2026-02-07 18:30:36 KST | INFO | Log file: logs/TL++_base_20260207_183036.log
2026-02-07 18:30:36 KST | INFO | 
2026-02-07 18:30:36 KST | INFO | --------------------------------------------------------------------------------
2026-02-07 18:30:36 KST | INFO | CONFIGURATION
2026-02-07 18:30:36 KST | INFO | --------------------------------------------------------------------------------
2026-02-07 18:30:36 KST | INFO | Secure mode:      False
2026-02-07 18:30:36 KST | INFO | Nodes:            4
2026-02-07 18:30:36 KST | INFO | Cut layer:        3
2026-02-07 18:30:36 KST | INFO | Batch size:       128
2026-02-07 18:30:36 KST | INFO | Learning rate:    0.1
2026-02-07 18:30:36 KST | INFO | 
2026-02-07 18:30:37 KST | INFO | Computation device: cuda
2026-02-07 18:30:37 KST | INFO | Secure mode: DISABLED
2026-02-07 18:30:37 KST | INFO | 
2026-02-07 18:30:37 KST | INFO | --------------------------------------------------------------------------------
2026-02-07 18:30:37 KST | INFO | NETWORK SETUP
2026-02-07 18:30:37 KST | INFO | --------------------------------------------------------------------------------
2026-02-07 18:30:37 KST | INFO | ✓ Orchestrator listening on 127.0.0.1:8080
2026-02-07 18:30:37 KST | INFO | Waiting for 4 node(s)...
2026-02-07 18:30:40 KST | INFO |   ✓ Node 1/4 connected
2026-02-07 18:30:41 KST | INFO |   ✓ Node 2/4 connected
2026-02-07 18:30:42 KST | INFO |   ✓ Node 3/4 connected
2026-02-07 18:30:43 KST | INFO |   ✓ Node 4/4 connected
2026-02-07 18:30:43 KST | INFO | ✓ All 4 node(s) connected
2026-02-07 18:30:43 KST | INFO | 
2026-02-07 18:30:43 KST | INFO | --------------------------------------------------------------------------------
2026-02-07 18:30:43 KST | INFO | MODEL INITIALIZATION
2026-02-07 18:30:43 KST | INFO | --------------------------------------------------------------------------------
2026-02-07 18:30:43 KST | INFO | Node-side parameters: 3,243,072
2026-02-07 18:30:43 KST | INFO | 
2026-02-07 18:30:43 KST | INFO | --------------------------------------------------------------------------------
2026-02-07 18:30:43 KST | INFO | BROADCASTING CONFIGURATION
2026-02-07 18:30:43 KST | INFO | --------------------------------------------------------------------------------
2026-02-07 18:30:43 KST | INFO | ✓ Configuration broadcast to all nodes
2026-02-07 18:30:44 KST | INFO | 
2026-02-07 18:30:44 KST | INFO | Total parameters:     3,245,124
2026-02-07 18:30:44 KST | INFO | Trainable parameters: 3,245,124
2026-02-07 18:30:44 KST | INFO | 
2026-02-07 18:30:44 KST | INFO | --------------------------------------------------------------------------------
2026-02-07 18:30:44 KST | INFO | DATA LOADING
2026-02-07 18:30:44 KST | INFO | --------------------------------------------------------------------------------
2026-02-07 18:31:10 KST | INFO | ✓ Dataset information collected:
2026-02-07 18:31:10 KST | INFO |     Node 1: 5,000 samples
2026-02-07 18:31:10 KST | INFO |     Node 2: 5,000 samples
2026-02-07 18:31:10 KST | INFO |     Node 3: 5,000 samples
2026-02-07 18:31:10 KST | INFO |     Node 4: 5,000 samples
2026-02-07 18:31:10 KST | INFO |   Total training samples: 20,000
2026-02-07 18:31:10 KST | INFO | 
2026-02-07 18:31:13 KST | INFO | ✓ Test dataset loaded: 4,000 samples
2026-02-07 18:31:13 KST | INFO | 
2026-02-07 18:31:13 KST | INFO | ✓ Batch scheduler: 157 batches/epoch
2026-02-07 18:31:13 KST | INFO | 
2026-02-07 18:31:13 KST | INFO | --------------------------------------------------------------------------------
2026-02-07 18:31:13 KST | INFO | OPTIMIZATION SETUP
2026-02-07 18:31:13 KST | INFO | --------------------------------------------------------------------------------
2026-02-07 18:31:13 KST | INFO | ✓ Optimizer: SGD (lr=0.1, momentum=0.9)
2026-02-07 18:31:13 KST | INFO | ✓ Scheduler: cosine
2026-02-07 18:31:13 KST | INFO | ✓ Gradient clipping: 1.0
2026-02-07 18:31:13 KST | INFO | 
2026-02-07 18:31:13 KST | INFO | ================================================================================
2026-02-07 18:31:13 KST | INFO | Setup complete - Ready for training
2026-02-07 18:31:13 KST | INFO | ================================================================================
2026-02-07 18:31:13 KST | INFO | 
2026-02-07 18:31:13 KST | INFO | --------------------------------------------------------------------------------
2026-02-07 18:31:13 KST | INFO | TRAINING
2026-02-07 18:31:13 KST | INFO | --------------------------------------------------------------------------------
2026-02-07 18:31:13 KST | INFO | 
2026-02-07 18:31:13 KST | INFO | Epoch 1/200 | LR: 0.100000
2026-02-07 18:31:47 KST | INFO |   Train Loss: 1.0014 | Test Loss: 0.0038 | Test Acc: 65.55%
2026-02-07 18:31:47 KST | INFO |   🏆 New best accuracy: 65.55%
2026-02-07 18:31:47 KST | INFO | 
2026-02-07 18:31:47 KST | INFO | Epoch 2/200 | LR: 0.099994
2026-02-07 18:32:20 KST | INFO |   Train Loss: 0.7024 | Test Loss: 0.0022 | Test Acc: 77.55%
2026-02-07 18:32:20 KST | INFO |   🏆 New best accuracy: 77.55%
2026-02-07 18:32:20 KST | INFO | 
2026-02-07 18:32:20 KST | INFO | Epoch 3/200 | LR: 0.099975
2026-02-07 18:32:53 KST | INFO |   Train Loss: 0.6053 | Test Loss: 0.0020 | Test Acc: 79.62%
2026-02-07 18:32:53 KST | INFO |   🏆 New best accuracy: 79.62%
2026-02-07 18:32:53 KST | INFO | 
2026-02-07 18:32:53 KST | INFO | Epoch 4/200 | LR: 0.099944
2026-02-07 18:33:26 KST | INFO |   Train Loss: 0.5351 | Test Loss: 0.0018 | Test Acc: 81.80%
2026-02-07 18:33:26 KST | INFO |   🏆 New best accuracy: 81.80%
2026-02-07 18:33:26 KST | INFO | 
2026-02-07 18:33:26 KST | INFO | Epoch 5/200 | LR: 0.099901
2026-02-07 18:34:00 KST | INFO |   Train Loss: 0.4688 | Test Loss: 0.0018 | Test Acc: 82.40%
2026-02-07 18:34:00 KST | INFO |   🏆 New best accuracy: 82.40%
2026-02-07 18:34:00 KST | INFO | 
2026-02-07 18:34:00 KST | INFO | Epoch 6/200 | LR: 0.099846
2026-02-07 18:34:34 KST | INFO |   Train Loss: 0.4231 | Test Loss: 0.0018 | Test Acc: 83.15%
2026-02-07 18:34:34 KST | INFO |   🏆 New best accuracy: 83.15%
2026-02-07 18:34:34 KST | INFO | 
2026-02-07 18:34:34 KST | INFO | Epoch 7/200 | LR: 0.099778
2026-02-07 18:35:07 KST | INFO |   Train Loss: 0.3872 | Test Loss: 0.0019 | Test Acc: 81.90%
2026-02-07 18:35:07 KST | INFO |   No improvement (1/30)
2026-02-07 18:35:07 KST | INFO | 
2026-02-07 18:35:07 KST | INFO | Epoch 8/200 | LR: 0.099698
2026-02-07 18:35:41 KST | INFO |   Train Loss: 0.3527 | Test Loss: 0.0014 | Test Acc: 86.12%
2026-02-07 18:35:41 KST | INFO |   🏆 New best accuracy: 86.12%
2026-02-07 18:35:41 KST | INFO | 
2026-02-07 18:35:41 KST | INFO | Epoch 9/200 | LR: 0.099606
2026-02-07 18:36:16 KST | INFO |   Train Loss: 0.3372 | Test Loss: 0.0019 | Test Acc: 82.67%
2026-02-07 18:36:16 KST | INFO |   No improvement (1/30)
2026-02-07 18:36:16 KST | INFO | 
2026-02-07 18:36:16 KST | INFO | Epoch 10/200 | LR: 0.099501
2026-02-07 18:36:52 KST | INFO |   Train Loss: 0.3166 | Test Loss: 0.0019 | Test Acc: 81.28%
2026-02-07 18:36:52 KST | INFO |   No improvement (2/30)
2026-02-07 18:36:52 KST | INFO | 
2026-02-07 18:36:52 KST | INFO | Epoch 11/200 | LR: 0.099384
2026-02-07 18:37:28 KST | INFO |   Train Loss: 0.3103 | Test Loss: 0.0020 | Test Acc: 82.85%
2026-02-07 18:37:28 KST | INFO |   No improvement (3/30)
2026-02-07 18:37:28 KST | INFO | 
2026-02-07 18:37:28 KST | INFO | Epoch 12/200 | LR: 0.099255
2026-02-07 18:38:02 KST | INFO |   Train Loss: 0.2970 | Test Loss: 0.0016 | Test Acc: 85.03%
2026-02-07 18:38:02 KST | INFO |   No improvement (4/30)
2026-02-07 18:38:02 KST | INFO | 
2026-02-07 18:38:02 KST | INFO | Epoch 13/200 | LR: 0.099114
2026-02-07 18:38:35 KST | INFO |   Train Loss: 0.2794 | Test Loss: 0.0011 | Test Acc: 89.45%
2026-02-07 18:38:35 KST | INFO |   🏆 New best accuracy: 89.45%
2026-02-07 18:38:35 KST | INFO | 
2026-02-07 18:38:35 KST | INFO | Epoch 14/200 | LR: 0.098961
2026-02-07 18:39:10 KST | INFO |   Train Loss: 0.2707 | Test Loss: 0.0012 | Test Acc: 89.00%
2026-02-07 18:39:10 KST | INFO |   No improvement (1/30)
2026-02-07 18:39:10 KST | INFO | 
2026-02-07 18:39:10 KST | INFO | Epoch 15/200 | LR: 0.098796
2026-02-07 18:39:44 KST | INFO |   Train Loss: 0.2628 | Test Loss: 0.0011 | Test Acc: 89.80%
2026-02-07 18:39:44 KST | INFO |   🏆 New best accuracy: 89.80%
2026-02-07 18:39:44 KST | INFO | 
2026-02-07 18:39:44 KST | INFO | Epoch 16/200 | LR: 0.098619
2026-02-07 18:40:17 KST | INFO |   Train Loss: 0.2502 | Test Loss: 0.0013 | Test Acc: 88.05%
2026-02-07 18:40:17 KST | INFO |   No improvement (1/30)
2026-02-07 18:40:17 KST | INFO | 
2026-02-07 18:40:17 KST | INFO | Epoch 17/200 | LR: 0.098429
2026-02-07 18:40:51 KST | INFO |   Train Loss: 0.2400 | Test Loss: 0.0014 | Test Acc: 86.72%
2026-02-07 18:40:51 KST | INFO |   No improvement (2/30)
2026-02-07 18:40:51 KST | INFO | 
2026-02-07 18:40:51 KST | INFO | Epoch 18/200 | LR: 0.098228
2026-02-07 18:41:25 KST | INFO |   Train Loss: 0.2423 | Test Loss: 0.0013 | Test Acc: 87.25%
2026-02-07 18:41:25 KST | INFO |   No improvement (3/30)
2026-02-07 18:41:25 KST | INFO | 
2026-02-07 18:41:25 KST | INFO | Epoch 19/200 | LR: 0.098015
2026-02-07 18:41:59 KST | INFO |   Train Loss: 0.2406 | Test Loss: 0.0016 | Test Acc: 84.40%
2026-02-07 18:41:59 KST | INFO |   No improvement (4/30)
2026-02-07 18:41:59 KST | INFO | 
2026-02-07 18:41:59 KST | INFO | Epoch 20/200 | LR: 0.097790
2026-02-07 18:42:33 KST | INFO |   Train Loss: 0.2254 | Test Loss: 0.0011 | Test Acc: 89.83%
2026-02-07 18:42:33 KST | INFO |   🏆 New best accuracy: 89.83%
2026-02-07 18:42:33 KST | INFO | 
2026-02-07 18:42:33 KST | INFO | Epoch 21/200 | LR: 0.097553
2026-02-07 18:43:07 KST | INFO |   Train Loss: 0.2203 | Test Loss: 0.0010 | Test Acc: 90.22%
2026-02-07 18:43:07 KST | INFO |   🏆 New best accuracy: 90.22%
2026-02-07 18:43:07 KST | INFO | 
2026-02-07 18:43:07 KST | INFO | Epoch 22/200 | LR: 0.097304
2026-02-07 18:43:41 KST | INFO |   Train Loss: 0.2093 | Test Loss: 0.0015 | Test Acc: 86.20%
2026-02-07 18:43:41 KST | INFO |   No improvement (1/30)
2026-02-07 18:43:41 KST | INFO | 
2026-02-07 18:43:41 KST | INFO | Epoch 23/200 | LR: 0.097044
2026-02-07 18:44:14 KST | INFO |   Train Loss: 0.2128 | Test Loss: 0.0014 | Test Acc: 88.05%
2026-02-07 18:44:14 KST | INFO |   No improvement (2/30)
2026-02-07 18:44:14 KST | INFO | 
2026-02-07 18:44:14 KST | INFO | Epoch 24/200 | LR: 0.096772
2026-02-07 18:44:48 KST | INFO |   Train Loss: 0.2072 | Test Loss: 0.0010 | Test Acc: 91.05%
2026-02-07 18:44:48 KST | INFO |   🏆 New best accuracy: 91.05%
2026-02-07 18:44:48 KST | INFO | 
2026-02-07 18:44:48 KST | INFO | Epoch 25/200 | LR: 0.096489
2026-02-07 18:45:23 KST | INFO |   Train Loss: 0.1960 | Test Loss: 0.0017 | Test Acc: 86.35%
2026-02-07 18:45:23 KST | INFO |   No improvement (1/30)
2026-02-07 18:45:23 KST | INFO | 
2026-02-07 18:45:23 KST | INFO | Epoch 26/200 | LR: 0.096194
2026-02-07 18:45:56 KST | INFO |   Train Loss: 0.1940 | Test Loss: 0.0012 | Test Acc: 89.40%
2026-02-07 18:45:56 KST | INFO |   No improvement (2/30)
2026-02-07 18:45:56 KST | INFO | 
2026-02-07 18:45:56 KST | INFO | Epoch 27/200 | LR: 0.095888
2026-02-07 18:46:30 KST | INFO |   Train Loss: 0.1930 | Test Loss: 0.0013 | Test Acc: 87.38%
2026-02-07 18:46:30 KST | INFO |   No improvement (3/30)
2026-02-07 18:46:30 KST | INFO | 
2026-02-07 18:46:30 KST | INFO | Epoch 28/200 | LR: 0.095570
2026-02-07 18:47:03 KST | INFO |   Train Loss: 0.1879 | Test Loss: 0.0012 | Test Acc: 89.97%
2026-02-07 18:47:03 KST | INFO |   No improvement (4/30)
2026-02-07 18:47:03 KST | INFO | 
2026-02-07 18:47:03 KST | INFO | Epoch 29/200 | LR: 0.095241
2026-02-07 18:47:37 KST | INFO |   Train Loss: 0.1869 | Test Loss: 0.0013 | Test Acc: 88.80%
2026-02-07 18:47:37 KST | INFO |   No improvement (5/30)
2026-02-07 18:47:37 KST | INFO | 
2026-02-07 18:47:37 KST | INFO | Epoch 30/200 | LR: 0.094901
2026-02-07 18:48:10 KST | INFO |   Train Loss: 0.1815 | Test Loss: 0.0013 | Test Acc: 88.60%
2026-02-07 18:48:10 KST | INFO |   No improvement (6/30)
2026-02-07 18:48:10 KST | INFO | 
2026-02-07 18:48:10 KST | INFO | Epoch 31/200 | LR: 0.094550
2026-02-07 18:48:43 KST | INFO |   Train Loss: 0.1828 | Test Loss: 0.0008 | Test Acc: 92.10%
2026-02-07 18:48:43 KST | INFO |   🏆 New best accuracy: 92.10%
2026-02-07 18:48:43 KST | INFO | 
2026-02-07 18:48:43 KST | INFO | Epoch 32/200 | LR: 0.094188
2026-02-07 18:49:16 KST | INFO |   Train Loss: 0.1763 | Test Loss: 0.0011 | Test Acc: 89.15%
2026-02-07 18:49:16 KST | INFO |   No improvement (1/30)
2026-02-07 18:49:16 KST | INFO | 
2026-02-07 18:49:16 KST | INFO | Epoch 33/200 | LR: 0.093815
2026-02-07 18:49:49 KST | INFO |   Train Loss: 0.1740 | Test Loss: 0.0016 | Test Acc: 86.28%
2026-02-07 18:49:49 KST | INFO |   No improvement (2/30)
2026-02-07 18:49:49 KST | INFO | 
2026-02-07 18:49:49 KST | INFO | Epoch 34/200 | LR: 0.093432
2026-02-07 18:50:22 KST | INFO |   Train Loss: 0.1705 | Test Loss: 0.0012 | Test Acc: 89.47%
2026-02-07 18:50:22 KST | INFO |   No improvement (3/30)
2026-02-07 18:50:22 KST | INFO | 
2026-02-07 18:50:22 KST | INFO | Epoch 35/200 | LR: 0.093037
2026-02-07 18:50:56 KST | INFO |   Train Loss: 0.1645 | Test Loss: 0.0010 | Test Acc: 91.58%
2026-02-07 18:50:56 KST | INFO |   No improvement (4/30)
2026-02-07 18:50:56 KST | INFO | 
2026-02-07 18:50:56 KST | INFO | Epoch 36/200 | LR: 0.092632
2026-02-07 18:51:28 KST | INFO |   Train Loss: 0.1662 | Test Loss: 0.0011 | Test Acc: 90.85%
2026-02-07 18:51:28 KST | INFO |   No improvement (5/30)
2026-02-07 18:51:28 KST | INFO | 
2026-02-07 18:51:28 KST | INFO | Epoch 37/200 | LR: 0.092216
2026-02-07 18:52:01 KST | INFO |   Train Loss: 0.1645 | Test Loss: 0.0012 | Test Acc: 89.45%
2026-02-07 18:52:01 KST | INFO |   No improvement (6/30)
2026-02-07 18:52:01 KST | INFO | 
2026-02-07 18:52:01 KST | INFO | Epoch 38/200 | LR: 0.091790
2026-02-07 18:52:34 KST | INFO |   Train Loss: 0.1670 | Test Loss: 0.0012 | Test Acc: 88.90%
2026-02-07 18:52:34 KST | INFO |   No improvement (7/30)
2026-02-07 18:52:34 KST | INFO | 
2026-02-07 18:52:34 KST | INFO | Epoch 39/200 | LR: 0.091354
2026-02-07 18:53:07 KST | INFO |   Train Loss: 0.1630 | Test Loss: 0.0010 | Test Acc: 91.30%
2026-02-07 18:53:07 KST | INFO |   No improvement (8/30)
2026-02-07 18:53:07 KST | INFO | 
2026-02-07 18:53:07 KST | INFO | Epoch 40/200 | LR: 0.090908
2026-02-07 18:53:39 KST | INFO |   Train Loss: 0.1522 | Test Loss: 0.0011 | Test Acc: 89.95%
2026-02-07 18:53:39 KST | INFO |   No improvement (9/30)
2026-02-07 18:53:39 KST | INFO | 
2026-02-07 18:53:39 KST | INFO | Epoch 41/200 | LR: 0.090451
2026-02-07 18:54:12 KST | INFO |   Train Loss: 0.1527 | Test Loss: 0.0015 | Test Acc: 86.80%
2026-02-07 18:54:12 KST | INFO |   No improvement (10/30)
2026-02-07 18:54:12 KST | INFO | 
2026-02-07 18:54:12 KST | INFO | Epoch 42/200 | LR: 0.089984
2026-02-07 18:54:45 KST | INFO |   Train Loss: 0.1584 | Test Loss: 0.0008 | Test Acc: 91.80%
2026-02-07 18:54:45 KST | INFO |   No improvement (11/30)
2026-02-07 18:54:45 KST | INFO | 
2026-02-07 18:54:45 KST | INFO | Epoch 43/200 | LR: 0.089508
2026-02-07 18:55:18 KST | INFO |   Train Loss: 0.1499 | Test Loss: 0.0009 | Test Acc: 92.33%
2026-02-07 18:55:18 KST | INFO |   🏆 New best accuracy: 92.33%
2026-02-07 18:55:18 KST | INFO | 
2026-02-07 18:55:18 KST | INFO | Epoch 44/200 | LR: 0.089022
2026-02-07 18:55:51 KST | INFO |   Train Loss: 0.1458 | Test Loss: 0.0009 | Test Acc: 92.50%
2026-02-07 18:55:51 KST | INFO |   🏆 New best accuracy: 92.50%
2026-02-07 18:55:51 KST | INFO | 
2026-02-07 18:55:51 KST | INFO | Epoch 45/200 | LR: 0.088526
2026-02-07 18:56:24 KST | INFO |   Train Loss: 0.1473 | Test Loss: 0.0008 | Test Acc: 92.58%
2026-02-07 18:56:24 KST | INFO |   🏆 New best accuracy: 92.58%
2026-02-07 18:56:24 KST | INFO | 
2026-02-07 18:56:24 KST | INFO | Epoch 46/200 | LR: 0.088020
2026-02-07 18:56:56 KST | INFO |   Train Loss: 0.1411 | Test Loss: 0.0011 | Test Acc: 91.17%
2026-02-07 18:56:56 KST | INFO |   No improvement (1/30)
2026-02-07 18:56:56 KST | INFO | 
2026-02-07 18:56:56 KST | INFO | Epoch 47/200 | LR: 0.087506
2026-02-07 18:57:28 KST | INFO |   Train Loss: 0.1355 | Test Loss: 0.0010 | Test Acc: 91.33%
2026-02-07 18:57:28 KST | INFO |   No improvement (2/30)
2026-02-07 18:57:28 KST | INFO | 
2026-02-07 18:57:28 KST | INFO | Epoch 48/200 | LR: 0.086982
2026-02-07 18:58:00 KST | INFO |   Train Loss: 0.1480 | Test Loss: 0.0017 | Test Acc: 86.38%
2026-02-07 18:58:00 KST | INFO |   No improvement (3/30)
2026-02-07 18:58:00 KST | INFO | 
2026-02-07 18:58:00 KST | INFO | Epoch 49/200 | LR: 0.086449
2026-02-07 18:58:33 KST | INFO |   Train Loss: 0.1384 | Test Loss: 0.0012 | Test Acc: 90.17%
2026-02-07 18:58:33 KST | INFO |   No improvement (4/30)
2026-02-07 18:58:33 KST | INFO | 
2026-02-07 18:58:33 KST | INFO | Epoch 50/200 | LR: 0.085906
2026-02-07 18:59:05 KST | INFO |   Train Loss: 0.1379 | Test Loss: 0.0011 | Test Acc: 90.17%
2026-02-07 18:59:05 KST | INFO |   No improvement (5/30)
2026-02-07 18:59:05 KST | INFO | 
2026-02-07 18:59:05 KST | INFO | Epoch 51/200 | LR: 0.085355
2026-02-07 18:59:38 KST | INFO |   Train Loss: 0.1323 | Test Loss: 0.0016 | Test Acc: 87.47%
2026-02-07 18:59:38 KST | INFO |   No improvement (6/30)
2026-02-07 18:59:38 KST | INFO | 
2026-02-07 18:59:38 KST | INFO | Epoch 52/200 | LR: 0.084796
2026-02-07 19:00:11 KST | INFO |   Train Loss: 0.1344 | Test Loss: 0.0009 | Test Acc: 92.33%
2026-02-07 19:00:11 KST | INFO |   No improvement (7/30)
2026-02-07 19:00:11 KST | INFO | 
2026-02-07 19:00:11 KST | INFO | Epoch 53/200 | LR: 0.084228
2026-02-07 19:00:43 KST | INFO |   Train Loss: 0.1349 | Test Loss: 0.0008 | Test Acc: 92.65%
2026-02-07 19:00:43 KST | INFO |   🏆 New best accuracy: 92.65%
2026-02-07 19:00:43 KST | INFO | 
2026-02-07 19:00:43 KST | INFO | Epoch 54/200 | LR: 0.083651
2026-02-07 19:01:16 KST | INFO |   Train Loss: 0.1262 | Test Loss: 0.0008 | Test Acc: 92.78%
2026-02-07 19:01:16 KST | INFO |   🏆 New best accuracy: 92.78%
2026-02-07 19:01:16 KST | INFO | 
2026-02-07 19:01:16 KST | INFO | Epoch 55/200 | LR: 0.083066
2026-02-07 19:01:49 KST | INFO |   Train Loss: 0.1263 | Test Loss: 0.0009 | Test Acc: 92.25%
2026-02-07 19:01:49 KST | INFO |   No improvement (1/30)
2026-02-07 19:01:49 KST | INFO | 
2026-02-07 19:01:49 KST | INFO | Epoch 56/200 | LR: 0.082473
2026-02-07 19:02:21 KST | INFO |   Train Loss: 0.1248 | Test Loss: 0.0010 | Test Acc: 91.67%
2026-02-07 19:02:21 KST | INFO |   No improvement (2/30)
2026-02-07 19:02:21 KST | INFO | 
2026-02-07 19:02:21 KST | INFO | Epoch 57/200 | LR: 0.081871
2026-02-07 19:02:54 KST | INFO |   Train Loss: 0.1271 | Test Loss: 0.0014 | Test Acc: 89.22%
2026-02-07 19:02:54 KST | INFO |   No improvement (3/30)
2026-02-07 19:02:54 KST | INFO | 
2026-02-07 19:02:54 KST | INFO | Epoch 58/200 | LR: 0.081262
2026-02-07 19:03:26 KST | INFO |   Train Loss: 0.1261 | Test Loss: 0.0009 | Test Acc: 91.97%
2026-02-07 19:03:26 KST | INFO |   No improvement (4/30)
2026-02-07 19:03:26 KST | INFO | 
2026-02-07 19:03:26 KST | INFO | Epoch 59/200 | LR: 0.080646
2026-02-07 19:03:59 KST | INFO |   Train Loss: 0.1250 | Test Loss: 0.0009 | Test Acc: 91.78%
2026-02-07 19:03:59 KST | INFO |   No improvement (5/30)
2026-02-07 19:03:59 KST | INFO | 
2026-02-07 19:03:59 KST | INFO | Epoch 60/200 | LR: 0.080021
2026-02-07 19:04:31 KST | INFO |   Train Loss: 0.1197 | Test Loss: 0.0010 | Test Acc: 91.50%
2026-02-07 19:04:31 KST | INFO |   No improvement (6/30)
2026-02-07 19:04:31 KST | INFO | 
2026-02-07 19:04:31 KST | INFO | Epoch 61/200 | LR: 0.079389
2026-02-07 19:05:03 KST | INFO |   Train Loss: 0.1183 | Test Loss: 0.0009 | Test Acc: 92.12%
2026-02-07 19:05:03 KST | INFO |   No improvement (7/30)
2026-02-07 19:05:03 KST | INFO | 
2026-02-07 19:05:03 KST | INFO | Epoch 62/200 | LR: 0.078750
2026-02-07 19:05:33 KST | INFO |   Train Loss: 0.1214 | Test Loss: 0.0009 | Test Acc: 92.17%
2026-02-07 19:05:33 KST | INFO |   No improvement (8/30)
2026-02-07 19:05:33 KST | INFO | 
2026-02-07 19:05:33 KST | INFO | Epoch 63/200 | LR: 0.078104
2026-02-07 19:06:03 KST | INFO |   Train Loss: 0.1167 | Test Loss: 0.0010 | Test Acc: 90.92%
2026-02-07 19:06:03 KST | INFO |   No improvement (9/30)
2026-02-07 19:06:03 KST | INFO | 
2026-02-07 19:06:03 KST | INFO | Epoch 64/200 | LR: 0.077451
2026-02-07 19:06:33 KST | INFO |   Train Loss: 0.1082 | Test Loss: 0.0011 | Test Acc: 91.47%
2026-02-07 19:06:33 KST | INFO |   No improvement (10/30)
2026-02-07 19:06:33 KST | INFO | 
2026-02-07 19:06:33 KST | INFO | Epoch 65/200 | LR: 0.076792
2026-02-07 19:07:05 KST | INFO |   Train Loss: 0.1060 | Test Loss: 0.0009 | Test Acc: 92.22%
2026-02-07 19:07:05 KST | INFO |   No improvement (11/30)
2026-02-07 19:07:05 KST | INFO | 
2026-02-07 19:07:05 KST | INFO | Epoch 66/200 | LR: 0.076125
2026-02-07 19:07:37 KST | INFO |   Train Loss: 0.1148 | Test Loss: 0.0009 | Test Acc: 92.12%
2026-02-07 19:07:37 KST | INFO |   No improvement (12/30)
2026-02-07 19:07:37 KST | INFO | 
2026-02-07 19:07:37 KST | INFO | Epoch 67/200 | LR: 0.075452
2026-02-07 19:08:09 KST | INFO |   Train Loss: 0.1102 | Test Loss: 0.0008 | Test Acc: 92.53%
2026-02-07 19:08:09 KST | INFO |   No improvement (13/30)
2026-02-07 19:08:09 KST | INFO | 
2026-02-07 19:08:09 KST | INFO | Epoch 68/200 | LR: 0.074773
2026-02-07 19:08:42 KST | INFO |   Train Loss: 0.1136 | Test Loss: 0.0010 | Test Acc: 91.80%
2026-02-07 19:08:42 KST | INFO |   No improvement (14/30)
2026-02-07 19:08:42 KST | INFO | 
2026-02-07 19:08:42 KST | INFO | Epoch 69/200 | LR: 0.074088
2026-02-07 19:09:14 KST | INFO |   Train Loss: 0.1095 | Test Loss: 0.0009 | Test Acc: 92.17%
2026-02-07 19:09:14 KST | INFO |   No improvement (15/30)
2026-02-07 19:09:14 KST | INFO | 
2026-02-07 19:09:14 KST | INFO | Epoch 70/200 | LR: 0.073397
2026-02-07 19:09:46 KST | INFO |   Train Loss: 0.1044 | Test Loss: 0.0011 | Test Acc: 90.47%
2026-02-07 19:09:46 KST | INFO |   No improvement (16/30)
2026-02-07 19:09:46 KST | INFO | 
2026-02-07 19:09:46 KST | INFO | Epoch 71/200 | LR: 0.072700
2026-02-07 19:10:19 KST | INFO |   Train Loss: 0.1086 | Test Loss: 0.0010 | Test Acc: 91.70%
2026-02-07 19:10:19 KST | INFO |   No improvement (17/30)
2026-02-07 19:10:19 KST | INFO | 
2026-02-07 19:10:19 KST | INFO | Epoch 72/200 | LR: 0.071997
2026-02-07 19:10:51 KST | INFO |   Train Loss: 0.1029 | Test Loss: 0.0010 | Test Acc: 92.22%
2026-02-07 19:10:51 KST | INFO |   No improvement (18/30)
2026-02-07 19:10:51 KST | INFO | 
2026-02-07 19:10:51 KST | INFO | Epoch 73/200 | LR: 0.071289
2026-02-07 19:11:24 KST | INFO |   Train Loss: 0.1000 | Test Loss: 0.0009 | Test Acc: 92.35%
2026-02-07 19:11:24 KST | INFO |   No improvement (19/30)
2026-02-07 19:11:24 KST | INFO | 
2026-02-07 19:11:24 KST | INFO | Epoch 74/200 | LR: 0.070576
2026-02-07 19:11:56 KST | INFO |   Train Loss: 0.1005 | Test Loss: 0.0008 | Test Acc: 93.05%
2026-02-07 19:11:56 KST | INFO |   🏆 New best accuracy: 93.05%
2026-02-07 19:11:56 KST | INFO | 
2026-02-07 19:11:56 KST | INFO | Epoch 75/200 | LR: 0.069858
2026-02-07 19:12:29 KST | INFO |   Train Loss: 0.0980 | Test Loss: 0.0009 | Test Acc: 92.72%
2026-02-07 19:12:29 KST | INFO |   No improvement (1/30)
2026-02-07 19:12:29 KST | INFO | 
2026-02-07 19:12:29 KST | INFO | Epoch 76/200 | LR: 0.069134
2026-02-07 19:13:01 KST | INFO |   Train Loss: 0.0961 | Test Loss: 0.0009 | Test Acc: 92.40%
2026-02-07 19:13:01 KST | INFO |   No improvement (2/30)
2026-02-07 19:13:01 KST | INFO | 
2026-02-07 19:13:01 KST | INFO | Epoch 77/200 | LR: 0.068407
2026-02-07 19:13:34 KST | INFO |   Train Loss: 0.1010 | Test Loss: 0.0009 | Test Acc: 92.20%
2026-02-07 19:13:34 KST | INFO |   No improvement (3/30)
2026-02-07 19:13:34 KST | INFO | 
2026-02-07 19:13:34 KST | INFO | Epoch 78/200 | LR: 0.067674
2026-02-07 19:14:06 KST | INFO |   Train Loss: 0.0919 | Test Loss: 0.0009 | Test Acc: 93.20%
2026-02-07 19:14:06 KST | INFO |   🏆 New best accuracy: 93.20%
2026-02-07 19:14:06 KST | INFO | 
2026-02-07 19:14:06 KST | INFO | Epoch 79/200 | LR: 0.066937
2026-02-07 19:14:38 KST | INFO |   Train Loss: 0.0901 | Test Loss: 0.0010 | Test Acc: 92.45%
2026-02-07 19:14:38 KST | INFO |   No improvement (1/30)
2026-02-07 19:14:38 KST | INFO | 
2026-02-07 19:14:38 KST | INFO | Epoch 80/200 | LR: 0.066196
2026-02-07 19:15:10 KST | INFO |   Train Loss: 0.0911 | Test Loss: 0.0008 | Test Acc: 93.55%
2026-02-07 19:15:10 KST | INFO |   🏆 New best accuracy: 93.55%
2026-02-07 19:15:10 KST | INFO | 
2026-02-07 19:15:10 KST | INFO | Epoch 81/200 | LR: 0.065451
2026-02-07 19:15:42 KST | INFO |   Train Loss: 0.0911 | Test Loss: 0.0009 | Test Acc: 92.72%
2026-02-07 19:15:42 KST | INFO |   No improvement (1/30)
2026-02-07 19:15:42 KST | INFO | 
2026-02-07 19:15:42 KST | INFO | Epoch 82/200 | LR: 0.064702
2026-02-07 19:16:14 KST | INFO |   Train Loss: 0.0912 | Test Loss: 0.0011 | Test Acc: 91.80%
2026-02-07 19:16:14 KST | INFO |   No improvement (2/30)
2026-02-07 19:16:14 KST | INFO | 
2026-02-07 19:16:14 KST | INFO | Epoch 83/200 | LR: 0.063950
2026-02-07 19:16:46 KST | INFO |   Train Loss: 0.0886 | Test Loss: 0.0019 | Test Acc: 86.92%
2026-02-07 19:16:46 KST | INFO |   No improvement (3/30)
2026-02-07 19:16:46 KST | INFO | 
2026-02-07 19:16:46 KST | INFO | Epoch 84/200 | LR: 0.063194
2026-02-07 19:17:18 KST | INFO |   Train Loss: 0.0875 | Test Loss: 0.0009 | Test Acc: 92.65%
2026-02-07 19:17:18 KST | INFO |   No improvement (4/30)
2026-02-07 19:17:18 KST | INFO | 
2026-02-07 19:17:18 KST | INFO | Epoch 85/200 | LR: 0.062435
2026-02-07 19:17:49 KST | INFO |   Train Loss: 0.0857 | Test Loss: 0.0009 | Test Acc: 93.17%
2026-02-07 19:17:49 KST | INFO |   No improvement (5/30)
2026-02-07 19:17:49 KST | INFO | 
2026-02-07 19:17:49 KST | INFO | Epoch 86/200 | LR: 0.061673
2026-02-07 19:18:21 KST | INFO |   Train Loss: 0.0848 | Test Loss: 0.0010 | Test Acc: 92.30%
2026-02-07 19:18:21 KST | INFO |   No improvement (6/30)
2026-02-07 19:18:21 KST | INFO | 
2026-02-07 19:18:21 KST | INFO | Epoch 87/200 | LR: 0.060908
2026-02-07 19:18:53 KST | INFO |   Train Loss: 0.0806 | Test Loss: 0.0010 | Test Acc: 92.25%
2026-02-07 19:18:53 KST | INFO |   No improvement (7/30)
2026-02-07 19:18:53 KST | INFO | 
2026-02-07 19:18:53 KST | INFO | Epoch 88/200 | LR: 0.060140
2026-02-07 19:19:25 KST | INFO |   Train Loss: 0.0850 | Test Loss: 0.0009 | Test Acc: 92.75%
2026-02-07 19:19:25 KST | INFO |   No improvement (8/30)
2026-02-07 19:19:25 KST | INFO | 
2026-02-07 19:19:25 KST | INFO | Epoch 89/200 | LR: 0.059369
2026-02-07 19:19:56 KST | INFO |   Train Loss: 0.0796 | Test Loss: 0.0009 | Test Acc: 92.92%
2026-02-07 19:19:56 KST | INFO |   No improvement (9/30)
2026-02-07 19:19:56 KST | INFO | 
2026-02-07 19:19:56 KST | INFO | Epoch 90/200 | LR: 0.058597
2026-02-07 19:20:28 KST | INFO |   Train Loss: 0.0819 | Test Loss: 0.0008 | Test Acc: 93.65%
2026-02-07 19:20:28 KST | INFO |   🏆 New best accuracy: 93.65%
2026-02-07 19:20:28 KST | INFO | 
2026-02-07 19:20:28 KST | INFO | Epoch 91/200 | LR: 0.057822
2026-02-07 19:20:59 KST | INFO |   Train Loss: 0.0804 | Test Loss: 0.0010 | Test Acc: 92.60%
2026-02-07 19:20:59 KST | INFO |   No improvement (1/30)
2026-02-07 19:20:59 KST | INFO | 
2026-02-07 19:20:59 KST | INFO | Epoch 92/200 | LR: 0.057045
2026-02-07 19:21:31 KST | INFO |   Train Loss: 0.0813 | Test Loss: 0.0010 | Test Acc: 92.33%
2026-02-07 19:21:31 KST | INFO |   No improvement (2/30)
2026-02-07 19:21:31 KST | INFO | 
2026-02-07 19:21:31 KST | INFO | Epoch 93/200 | LR: 0.056267
2026-02-07 19:22:03 KST | INFO |   Train Loss: 0.0700 | Test Loss: 0.0009 | Test Acc: 93.30%
2026-02-07 19:22:03 KST | INFO |   No improvement (3/30)
2026-02-07 19:22:03 KST | INFO | 
2026-02-07 19:22:03 KST | INFO | Epoch 94/200 | LR: 0.055487
2026-02-07 19:22:34 KST | INFO |   Train Loss: 0.0754 | Test Loss: 0.0010 | Test Acc: 92.60%
2026-02-07 19:22:34 KST | INFO |   No improvement (4/30)
2026-02-07 19:22:34 KST | INFO | 
2026-02-07 19:22:34 KST | INFO | Epoch 95/200 | LR: 0.054706
2026-02-07 19:23:06 KST | INFO |   Train Loss: 0.0737 | Test Loss: 0.0011 | Test Acc: 91.97%
2026-02-07 19:23:06 KST | INFO |   No improvement (5/30)
2026-02-07 19:23:06 KST | INFO | 
2026-02-07 19:23:06 KST | INFO | Epoch 96/200 | LR: 0.053923
2026-02-07 19:23:37 KST | INFO |   Train Loss: 0.0708 | Test Loss: 0.0012 | Test Acc: 90.40%
2026-02-07 19:23:37 KST | INFO |   No improvement (6/30)
2026-02-07 19:23:37 KST | INFO | 
2026-02-07 19:23:37 KST | INFO | Epoch 97/200 | LR: 0.053140
2026-02-07 19:24:09 KST | INFO |   Train Loss: 0.0771 | Test Loss: 0.0012 | Test Acc: 91.10%
2026-02-07 19:24:09 KST | INFO |   No improvement (7/30)
2026-02-07 19:24:09 KST | INFO | 
2026-02-07 19:24:09 KST | INFO | Epoch 98/200 | LR: 0.052356
2026-02-07 19:24:40 KST | INFO |   Train Loss: 0.0684 | Test Loss: 0.0010 | Test Acc: 91.85%
2026-02-07 19:24:40 KST | INFO |   No improvement (8/30)
2026-02-07 19:24:40 KST | INFO | 
2026-02-07 19:24:40 KST | INFO | Epoch 99/200 | LR: 0.051571
2026-02-07 19:25:11 KST | INFO |   Train Loss: 0.0687 | Test Loss: 0.0008 | Test Acc: 93.22%
2026-02-07 19:25:11 KST | INFO |   No improvement (9/30)
2026-02-07 19:25:11 KST | INFO | 
2026-02-07 19:25:11 KST | INFO | Epoch 100/200 | LR: 0.050786
2026-02-07 19:25:43 KST | INFO |   Train Loss: 0.0622 | Test Loss: 0.0011 | Test Acc: 91.97%
2026-02-07 19:25:43 KST | INFO |   No improvement (10/30)
2026-02-07 19:25:43 KST | INFO | 
2026-02-07 19:25:43 KST | INFO | Epoch 101/200 | LR: 0.050001
2026-02-07 19:26:15 KST | INFO |   Train Loss: 0.0649 | Test Loss: 0.0011 | Test Acc: 92.03%
2026-02-07 19:26:15 KST | INFO |   No improvement (11/30)
2026-02-07 19:26:15 KST | INFO | 
2026-02-07 19:26:15 KST | INFO | Epoch 102/200 | LR: 0.049215
2026-02-07 19:26:49 KST | INFO |   Train Loss: 0.0629 | Test Loss: 0.0009 | Test Acc: 93.00%
2026-02-07 19:26:49 KST | INFO |   No improvement (12/30)
2026-02-07 19:26:49 KST | INFO | 
2026-02-07 19:26:49 KST | INFO | Epoch 103/200 | LR: 0.048430
2026-02-07 19:27:21 KST | INFO |   Train Loss: 0.0669 | Test Loss: 0.0009 | Test Acc: 93.12%
2026-02-07 19:27:21 KST | INFO |   No improvement (13/30)
2026-02-07 19:27:21 KST | INFO | 
2026-02-07 19:27:21 KST | INFO | Epoch 104/200 | LR: 0.047645
2026-02-07 19:27:54 KST | INFO |   Train Loss: 0.0644 | Test Loss: 0.0010 | Test Acc: 92.90%
2026-02-07 19:27:54 KST | INFO |   No improvement (14/30)
2026-02-07 19:27:54 KST | INFO | 
2026-02-07 19:27:54 KST | INFO | Epoch 105/200 | LR: 0.046861
2026-02-07 19:28:26 KST | INFO |   Train Loss: 0.0571 | Test Loss: 0.0013 | Test Acc: 90.83%
2026-02-07 19:28:26 KST | INFO |   No improvement (15/30)
2026-02-07 19:28:26 KST | INFO | 
2026-02-07 19:28:26 KST | INFO | Epoch 106/200 | LR: 0.046078
2026-02-07 19:28:59 KST | INFO |   Train Loss: 0.0630 | Test Loss: 0.0008 | Test Acc: 93.10%
2026-02-07 19:28:59 KST | INFO |   No improvement (16/30)
2026-02-07 19:28:59 KST | INFO | 
2026-02-07 19:28:59 KST | INFO | Epoch 107/200 | LR: 0.045295
2026-02-07 19:29:31 KST | INFO |   Train Loss: 0.0599 | Test Loss: 0.0008 | Test Acc: 93.97%
2026-02-07 19:29:31 KST | INFO |   🏆 New best accuracy: 93.97%
2026-02-07 19:29:31 KST | INFO | 
2026-02-07 19:29:31 KST | INFO | Epoch 108/200 | LR: 0.044514
2026-02-07 19:30:04 KST | INFO |   Train Loss: 0.0541 | Test Loss: 0.0009 | Test Acc: 93.65%
2026-02-07 19:30:04 KST | INFO |   No improvement (1/30)
2026-02-07 19:30:04 KST | INFO | 
2026-02-07 19:30:04 KST | INFO | Epoch 109/200 | LR: 0.043734
2026-02-07 19:30:36 KST | INFO |   Train Loss: 0.0534 | Test Loss: 0.0012 | Test Acc: 91.70%
2026-02-07 19:30:36 KST | INFO |   No improvement (2/30)
2026-02-07 19:30:36 KST | INFO | 
2026-02-07 19:30:36 KST | INFO | Epoch 110/200 | LR: 0.042956
2026-02-07 19:31:09 KST | INFO |   Train Loss: 0.0563 | Test Loss: 0.0010 | Test Acc: 93.03%
2026-02-07 19:31:09 KST | INFO |   No improvement (3/30)
2026-02-07 19:31:09 KST | INFO | 
2026-02-07 19:31:09 KST | INFO | Epoch 111/200 | LR: 0.042179
2026-02-07 19:31:42 KST | INFO |   Train Loss: 0.0562 | Test Loss: 0.0009 | Test Acc: 93.55%
2026-02-07 19:31:42 KST | INFO |   No improvement (4/30)
2026-02-07 19:31:42 KST | INFO | 
2026-02-07 19:31:42 KST | INFO | Epoch 112/200 | LR: 0.041404
2026-02-07 19:32:14 KST | INFO |   Train Loss: 0.0530 | Test Loss: 0.0011 | Test Acc: 91.83%
2026-02-07 19:32:14 KST | INFO |   No improvement (5/30)
2026-02-07 19:32:14 KST | INFO | 
2026-02-07 19:32:14 KST | INFO | Epoch 113/200 | LR: 0.040632
2026-02-07 19:32:47 KST | INFO |   Train Loss: 0.0517 | Test Loss: 0.0010 | Test Acc: 92.50%
2026-02-07 19:32:47 KST | INFO |   No improvement (6/30)
2026-02-07 19:32:47 KST | INFO | 
2026-02-07 19:32:47 KST | INFO | Epoch 114/200 | LR: 0.039861
2026-02-07 19:33:20 KST | INFO |   Train Loss: 0.0523 | Test Loss: 0.0010 | Test Acc: 93.33%
2026-02-07 19:33:20 KST | INFO |   No improvement (7/30)
2026-02-07 19:33:20 KST | INFO | 
2026-02-07 19:33:20 KST | INFO | Epoch 115/200 | LR: 0.039093
2026-02-07 19:33:52 KST | INFO |   Train Loss: 0.0506 | Test Loss: 0.0009 | Test Acc: 93.40%
2026-02-07 19:33:52 KST | INFO |   No improvement (8/30)
2026-02-07 19:33:52 KST | INFO | 
2026-02-07 19:33:52 KST | INFO | Epoch 116/200 | LR: 0.038328
2026-02-07 19:34:25 KST | INFO |   Train Loss: 0.0541 | Test Loss: 0.0008 | Test Acc: 94.00%
2026-02-07 19:34:25 KST | INFO |   🏆 New best accuracy: 94.00%
2026-02-07 19:34:25 KST | INFO | 
2026-02-07 19:34:25 KST | INFO | Epoch 117/200 | LR: 0.037566
2026-02-07 19:34:58 KST | INFO |   Train Loss: 0.0461 | Test Loss: 0.0009 | Test Acc: 93.67%
2026-02-07 19:34:58 KST | INFO |   No improvement (1/30)
2026-02-07 19:34:58 KST | INFO | 
2026-02-07 19:34:58 KST | INFO | Epoch 118/200 | LR: 0.036807
2026-02-07 19:35:30 KST | INFO |   Train Loss: 0.0493 | Test Loss: 0.0008 | Test Acc: 93.70%
2026-02-07 19:35:30 KST | INFO |   No improvement (2/30)
2026-02-07 19:35:30 KST | INFO | 
2026-02-07 19:35:30 KST | INFO | Epoch 119/200 | LR: 0.036051
2026-02-07 19:36:03 KST | INFO |   Train Loss: 0.0470 | Test Loss: 0.0010 | Test Acc: 92.95%
2026-02-07 19:36:03 KST | INFO |   No improvement (3/30)
2026-02-07 19:36:03 KST | INFO | 
2026-02-07 19:36:03 KST | INFO | Epoch 120/200 | LR: 0.035299
2026-02-07 19:36:36 KST | INFO |   Train Loss: 0.0480 | Test Loss: 0.0008 | Test Acc: 93.83%
2026-02-07 19:36:36 KST | INFO |   No improvement (4/30)
2026-02-07 19:36:36 KST | INFO | 
2026-02-07 19:36:36 KST | INFO | Epoch 121/200 | LR: 0.034550
2026-02-07 19:37:09 KST | INFO |   Train Loss: 0.0469 | Test Loss: 0.0011 | Test Acc: 92.47%
2026-02-07 19:37:09 KST | INFO |   No improvement (5/30)
2026-02-07 19:37:09 KST | INFO | 
2026-02-07 19:37:09 KST | INFO | Epoch 122/200 | LR: 0.033805
2026-02-07 19:37:41 KST | INFO |   Train Loss: 0.0424 | Test Loss: 0.0010 | Test Acc: 93.00%
2026-02-07 19:37:41 KST | INFO |   No improvement (6/30)
2026-02-07 19:37:41 KST | INFO | 
2026-02-07 19:37:41 KST | INFO | Epoch 123/200 | LR: 0.033064
2026-02-07 19:38:14 KST | INFO |   Train Loss: 0.0438 | Test Loss: 0.0009 | Test Acc: 93.28%
2026-02-07 19:38:14 KST | INFO |   No improvement (7/30)
2026-02-07 19:38:14 KST | INFO | 
2026-02-07 19:38:14 KST | INFO | Epoch 124/200 | LR: 0.032327
2026-02-07 19:38:47 KST | INFO |   Train Loss: 0.0393 | Test Loss: 0.0010 | Test Acc: 93.38%
2026-02-07 19:38:47 KST | INFO |   No improvement (8/30)
2026-02-07 19:38:47 KST | INFO | 
2026-02-07 19:38:47 KST | INFO | Epoch 125/200 | LR: 0.031594
2026-02-07 19:39:19 KST | INFO |   Train Loss: 0.0424 | Test Loss: 0.0008 | Test Acc: 93.78%
2026-02-07 19:39:19 KST | INFO |   No improvement (9/30)
2026-02-07 19:39:19 KST | INFO | 
2026-02-07 19:39:19 KST | INFO | Epoch 126/200 | LR: 0.030867
2026-02-07 19:39:52 KST | INFO |   Train Loss: 0.0376 | Test Loss: 0.0009 | Test Acc: 93.33%
2026-02-07 19:39:52 KST | INFO |   No improvement (10/30)
2026-02-07 19:39:52 KST | INFO | 
2026-02-07 19:39:52 KST | INFO | Epoch 127/200 | LR: 0.030143
2026-02-07 19:40:24 KST | INFO |   Train Loss: 0.0341 | Test Loss: 0.0009 | Test Acc: 93.92%
2026-02-07 19:40:24 KST | INFO |   No improvement (11/30)
2026-02-07 19:40:24 KST | INFO | 
2026-02-07 19:40:24 KST | INFO | Epoch 128/200 | LR: 0.029425
2026-02-07 19:40:57 KST | INFO |   Train Loss: 0.0326 | Test Loss: 0.0008 | Test Acc: 94.10%
2026-02-07 19:40:57 KST | INFO |   🏆 New best accuracy: 94.10%
2026-02-07 19:40:57 KST | INFO | 
2026-02-07 19:40:57 KST | INFO | Epoch 129/200 | LR: 0.028712
2026-02-07 19:41:30 KST | INFO |   Train Loss: 0.0343 | Test Loss: 0.0007 | Test Acc: 94.47%
2026-02-07 19:41:30 KST | INFO |   🏆 New best accuracy: 94.47%
2026-02-07 19:41:30 KST | INFO | 
2026-02-07 19:41:30 KST | INFO | Epoch 130/200 | LR: 0.028004
2026-02-07 19:42:02 KST | INFO |   Train Loss: 0.0349 | Test Loss: 0.0009 | Test Acc: 93.95%
2026-02-07 19:42:02 KST | INFO |   No improvement (1/30)
2026-02-07 19:42:02 KST | INFO | 
2026-02-07 19:42:02 KST | INFO | Epoch 131/200 | LR: 0.027301
2026-02-07 19:42:35 KST | INFO |   Train Loss: 0.0332 | Test Loss: 0.0008 | Test Acc: 93.95%
2026-02-07 19:42:35 KST | INFO |   No improvement (2/30)
2026-02-07 19:42:35 KST | INFO | 
2026-02-07 19:42:35 KST | INFO | Epoch 132/200 | LR: 0.026604
2026-02-07 19:43:07 KST | INFO |   Train Loss: 0.0330 | Test Loss: 0.0008 | Test Acc: 94.30%
2026-02-07 19:43:07 KST | INFO |   No improvement (3/30)
2026-02-07 19:43:07 KST | INFO | 
2026-02-07 19:43:07 KST | INFO | Epoch 133/200 | LR: 0.025913
2026-02-07 19:43:40 KST | INFO |   Train Loss: 0.0300 | Test Loss: 0.0009 | Test Acc: 93.90%
2026-02-07 19:43:40 KST | INFO |   No improvement (4/30)
2026-02-07 19:43:40 KST | INFO | 
2026-02-07 19:43:40 KST | INFO | Epoch 134/200 | LR: 0.025228
2026-02-07 19:44:12 KST | INFO |   Train Loss: 0.0332 | Test Loss: 0.0008 | Test Acc: 94.20%
2026-02-07 19:44:12 KST | INFO |   No improvement (5/30)
2026-02-07 19:44:12 KST | INFO | 
2026-02-07 19:44:12 KST | INFO | Epoch 135/200 | LR: 0.024549
2026-02-07 19:44:45 KST | INFO |   Train Loss: 0.0290 | Test Loss: 0.0008 | Test Acc: 94.20%
2026-02-07 19:44:45 KST | INFO |   No improvement (6/30)
2026-02-07 19:44:45 KST | INFO | 
2026-02-07 19:44:45 KST | INFO | Epoch 136/200 | LR: 0.023876
2026-02-07 19:45:18 KST | INFO |   Train Loss: 0.0329 | Test Loss: 0.0009 | Test Acc: 94.25%
2026-02-07 19:45:18 KST | INFO |   No improvement (7/30)
2026-02-07 19:45:18 KST | INFO | 
2026-02-07 19:45:18 KST | INFO | Epoch 137/200 | LR: 0.023209
2026-02-07 19:45:51 KST | INFO |   Train Loss: 0.0315 | Test Loss: 0.0009 | Test Acc: 94.28%
2026-02-07 19:45:51 KST | INFO |   No improvement (8/30)
2026-02-07 19:45:51 KST | INFO | 
2026-02-07 19:45:51 KST | INFO | Epoch 138/200 | LR: 0.022550
2026-02-07 19:46:23 KST | INFO |   Train Loss: 0.0304 | Test Loss: 0.0010 | Test Acc: 93.72%
2026-02-07 19:46:23 KST | INFO |   No improvement (9/30)
2026-02-07 19:46:23 KST | INFO | 
2026-02-07 19:46:23 KST | INFO | Epoch 139/200 | LR: 0.021897
2026-02-07 19:46:56 KST | INFO |   Train Loss: 0.0265 | Test Loss: 0.0009 | Test Acc: 93.62%
2026-02-07 19:46:56 KST | INFO |   No improvement (10/30)
2026-02-07 19:46:56 KST | INFO | 
2026-02-07 19:46:56 KST | INFO | Epoch 140/200 | LR: 0.021251
2026-02-07 19:47:29 KST | INFO |   Train Loss: 0.0288 | Test Loss: 0.0008 | Test Acc: 94.15%
2026-02-07 19:47:29 KST | INFO |   No improvement (11/30)
2026-02-07 19:47:29 KST | INFO | 
2026-02-07 19:47:29 KST | INFO | Epoch 141/200 | LR: 0.020612
2026-02-07 19:48:01 KST | INFO |   Train Loss: 0.0257 | Test Loss: 0.0009 | Test Acc: 93.83%
2026-02-07 19:48:01 KST | INFO |   No improvement (12/30)
2026-02-07 19:48:01 KST | INFO | 
2026-02-07 19:48:01 KST | INFO | Epoch 142/200 | LR: 0.019980
2026-02-07 19:48:34 KST | INFO |   Train Loss: 0.0247 | Test Loss: 0.0011 | Test Acc: 93.47%
2026-02-07 19:48:34 KST | INFO |   No improvement (13/30)
2026-02-07 19:48:34 KST | INFO | 
2026-02-07 19:48:34 KST | INFO | Epoch 143/200 | LR: 0.019355
2026-02-07 19:49:07 KST | INFO |   Train Loss: 0.0244 | Test Loss: 0.0010 | Test Acc: 93.22%
2026-02-07 19:49:07 KST | INFO |   No improvement (14/30)
2026-02-07 19:49:07 KST | INFO | 
2026-02-07 19:49:07 KST | INFO | Epoch 144/200 | LR: 0.018739
2026-02-07 19:49:40 KST | INFO |   Train Loss: 0.0231 | Test Loss: 0.0010 | Test Acc: 93.33%
2026-02-07 19:49:40 KST | INFO |   No improvement (15/30)
2026-02-07 19:49:40 KST | INFO | 
2026-02-07 19:49:40 KST | INFO | Epoch 145/200 | LR: 0.018130
2026-02-07 19:50:13 KST | INFO |   Train Loss: 0.0231 | Test Loss: 0.0009 | Test Acc: 93.90%
2026-02-07 19:50:13 KST | INFO |   No improvement (16/30)
2026-02-07 19:50:13 KST | INFO | 
2026-02-07 19:50:13 KST | INFO | Epoch 146/200 | LR: 0.017528
2026-02-07 19:50:44 KST | INFO |   Train Loss: 0.0216 | Test Loss: 0.0009 | Test Acc: 93.85%
2026-02-07 19:50:44 KST | INFO |   No improvement (17/30)
2026-02-07 19:50:44 KST | INFO | 
2026-02-07 19:50:44 KST | INFO | Epoch 147/200 | LR: 0.016935
2026-02-07 19:51:17 KST | INFO |   Train Loss: 0.0214 | Test Loss: 0.0009 | Test Acc: 93.55%
2026-02-07 19:51:17 KST | INFO |   No improvement (18/30)
2026-02-07 19:51:17 KST | INFO | 
2026-02-07 19:51:17 KST | INFO | Epoch 148/200 | LR: 0.016350
2026-02-07 19:51:50 KST | INFO |   Train Loss: 0.0202 | Test Loss: 0.0008 | Test Acc: 93.83%
2026-02-07 19:51:50 KST | INFO |   No improvement (19/30)
2026-02-07 19:51:50 KST | INFO | 
2026-02-07 19:51:50 KST | INFO | Epoch 149/200 | LR: 0.015773
2026-02-07 19:52:23 KST | INFO |   Train Loss: 0.0212 | Test Loss: 0.0010 | Test Acc: 93.15%
2026-02-07 19:52:23 KST | INFO |   No improvement (20/30)
2026-02-07 19:52:23 KST | INFO | 
2026-02-07 19:52:23 KST | INFO | Epoch 150/200 | LR: 0.015205
2026-02-07 19:52:57 KST | INFO |   Train Loss: 0.0216 | Test Loss: 0.0008 | Test Acc: 94.45%
2026-02-07 19:52:57 KST | INFO |   No improvement (21/30)
2026-02-07 19:52:57 KST | INFO | 
2026-02-07 19:52:57 KST | INFO | Epoch 151/200 | LR: 0.014646
2026-02-07 19:53:29 KST | INFO |   Train Loss: 0.0198 | Test Loss: 0.0009 | Test Acc: 93.47%
2026-02-07 19:53:29 KST | INFO |   No improvement (22/30)
2026-02-07 19:53:29 KST | INFO | 
2026-02-07 19:53:29 KST | INFO | Epoch 152/200 | LR: 0.014095
2026-02-07 19:54:02 KST | INFO |   Train Loss: 0.0204 | Test Loss: 0.0009 | Test Acc: 93.80%
2026-02-07 19:54:02 KST | INFO |   No improvement (23/30)
2026-02-07 19:54:02 KST | INFO | 
2026-02-07 19:54:02 KST | INFO | Epoch 153/200 | LR: 0.013552
2026-02-07 19:54:35 KST | INFO |   Train Loss: 0.0176 | Test Loss: 0.0008 | Test Acc: 94.15%
2026-02-07 19:54:35 KST | INFO |   No improvement (24/30)
2026-02-07 19:54:35 KST | INFO | 
2026-02-07 19:54:35 KST | INFO | Epoch 154/200 | LR: 0.013019
2026-02-07 19:55:08 KST | INFO |   Train Loss: 0.0183 | Test Loss: 0.0009 | Test Acc: 93.80%
2026-02-07 19:55:08 KST | INFO |   No improvement (25/30)
2026-02-07 19:55:08 KST | INFO | 
2026-02-07 19:55:08 KST | INFO | Epoch 155/200 | LR: 0.012495
2026-02-07 19:55:41 KST | INFO |   Train Loss: 0.0168 | Test Loss: 0.0009 | Test Acc: 93.67%
2026-02-07 19:55:41 KST | INFO |   No improvement (26/30)
2026-02-07 19:55:41 KST | INFO | 
2026-02-07 19:55:41 KST | INFO | Epoch 156/200 | LR: 0.011981
2026-02-07 19:56:14 KST | INFO |   Train Loss: 0.0183 | Test Loss: 0.0010 | Test Acc: 93.50%
2026-02-07 19:56:14 KST | INFO |   No improvement (27/30)
2026-02-07 19:56:14 KST | INFO | 
2026-02-07 19:56:14 KST | INFO | Epoch 157/200 | LR: 0.011475
2026-02-07 19:56:47 KST | INFO |   Train Loss: 0.0178 | Test Loss: 0.0009 | Test Acc: 93.85%
2026-02-07 19:56:47 KST | INFO |   No improvement (28/30)
2026-02-07 19:56:47 KST | INFO | 
2026-02-07 19:56:47 KST | INFO | Epoch 158/200 | LR: 0.010979
2026-02-07 19:57:21 KST | INFO |   Train Loss: 0.0156 | Test Loss: 0.0009 | Test Acc: 93.90%
2026-02-07 19:57:21 KST | INFO |   No improvement (29/30)
2026-02-07 19:57:21 KST | INFO | 
2026-02-07 19:57:21 KST | INFO | Epoch 159/200 | LR: 0.010493
2026-02-07 19:57:54 KST | INFO |   Train Loss: 0.0162 | Test Loss: 0.0008 | Test Acc: 94.25%
2026-02-07 19:57:54 KST | INFO |   No improvement (30/30)
2026-02-07 19:57:54 KST | INFO | 
2026-02-07 19:57:54 KST | INFO | Early stopping after 30 epochs without improvement
2026-02-07 19:57:54 KST | INFO | 
2026-02-07 19:57:54 KST | INFO | ================================================================================
2026-02-07 19:57:54 KST | INFO | TRAINING COMPLETE
2026-02-07 19:57:54 KST | INFO | ================================================================================
2026-02-07 19:57:54 KST | INFO | Best accuracy:  94.47% (Epoch 129)
2026-02-07 19:57:54 KST | INFO | Final accuracy: 94.25%
2026-02-07 19:57:54 KST | INFO | ================================================================================
2026-02-07 19:57:54 KST | INFO | 
2026-02-07 19:57:54 KST | INFO | Notifying nodes of completion...
2026-02-07 19:57:55 KST | INFO | ✓ Nodes notified
2026-02-07 19:57:55 KST | INFO | 
2026-02-07 19:57:55 KST | INFO | Closing connections...
2026-02-07 19:57:55 KST | INFO | ✓ Cleanup complete
2026-02-07 19:57:55 KST | INFO | 
2026-02-07 19:57:55 KST | INFO | Full log: logs/TL++_base_20260207_183036.log
2026-02-07 19:57:55 KST | INFO | ================================================================================
