2026-02-24 12:04:05 KST | INFO | ================================================================================
2026-02-24 12:04:05 KST | INFO | TL++ Orchestrator
2026-02-24 12:04:05 KST | INFO | ================================================================================
2026-02-24 12:04:05 KST | INFO | Log file: logs/TL++_secure_20260224_120405.log
2026-02-24 12:04:05 KST | INFO | 
2026-02-24 12:04:05 KST | INFO | --------------------------------------------------------------------------------
2026-02-24 12:04:05 KST | INFO | CONFIGURATION
2026-02-24 12:04:05 KST | INFO | --------------------------------------------------------------------------------
2026-02-24 12:04:05 KST | INFO | Secure mode:      True
2026-02-24 12:04:05 KST | INFO | Helper endpoint:  127.0.0.1:8082
2026-02-24 12:04:05 KST | INFO | Activation noise: 2.0%
2026-02-24 12:04:05 KST | INFO | Gradient noise:   10.0%
2026-02-24 12:04:05 KST | INFO | Nodes:            8
2026-02-24 12:04:05 KST | INFO | Cut layer:        2
2026-02-24 12:04:05 KST | INFO | Batch size:       128
2026-02-24 12:04:05 KST | INFO | Learning rate:    0.1
2026-02-24 12:04:05 KST | INFO | 
2026-02-24 12:04:06 KST | INFO | Computation device: cuda
2026-02-24 12:04:06 KST | INFO | Secure mode: ✓ ENABLED
2026-02-24 12:04:06 KST | INFO | 
2026-02-24 12:04:06 KST | INFO | --------------------------------------------------------------------------------
2026-02-24 12:04:06 KST | INFO | NETWORK SETUP
2026-02-24 12:04:06 KST | INFO | --------------------------------------------------------------------------------
2026-02-24 12:04:06 KST | INFO | ✓ Orchestrator listening on 127.0.0.1:8080
2026-02-24 12:04:06 KST | INFO | ✓ Helper node on 127.0.0.1:8082
2026-02-24 12:04:06 KST | INFO | 
2026-02-24 12:04:06 KST | INFO | Waiting for helper node...
2026-02-24 12:04:07 KST | INFO | ✓ Helper node connected
2026-02-24 12:04:07 KST | INFO | ✓ Noise config sent to helper (activation: 2.0%, gradient: 10.0%)
2026-02-24 12:04:07 KST | INFO | 
2026-02-24 12:04:07 KST | INFO | Waiting for 8 node(s)...
2026-02-24 12:04:11 KST | INFO |   ✓ Node 1/8 connected
2026-02-24 12:04:12 KST | INFO |   ✓ Node 2/8 connected
2026-02-24 12:04:14 KST | INFO |   ✓ Node 3/8 connected
2026-02-24 12:04:15 KST | INFO |   ✓ Node 4/8 connected
2026-02-24 12:04:15 KST | INFO |   ✓ Node 5/8 connected
2026-02-24 12:04:16 KST | INFO |   ✓ Node 6/8 connected
2026-02-24 12:04:18 KST | INFO |   ✓ Node 7/8 connected
2026-02-24 12:04:18 KST | INFO |   ✓ Node 8/8 connected
2026-02-24 12:04:18 KST | INFO | ✓ All 8 node(s) connected
2026-02-24 12:04:18 KST | INFO | 
2026-02-24 12:04:18 KST | INFO | --------------------------------------------------------------------------------
2026-02-24 12:04:18 KST | INFO | MODEL INITIALIZATION
2026-02-24 12:04:18 KST | INFO | --------------------------------------------------------------------------------
2026-02-24 12:04:18 KST | INFO | Node-side parameters: 260,160
2026-02-24 12:04:18 KST | INFO | 
2026-02-24 12:04:18 KST | INFO | --------------------------------------------------------------------------------
2026-02-24 12:04:18 KST | INFO | BROADCASTING CONFIGURATION
2026-02-24 12:04:18 KST | INFO | --------------------------------------------------------------------------------
2026-02-24 12:04:18 KST | INFO | ✓ Configuration broadcast to all nodes
2026-02-24 12:04:21 KST | INFO | 
2026-02-24 12:04:21 KST | INFO | Total parameters:     3,247,176
2026-02-24 12:04:21 KST | INFO | Trainable parameters: 3,247,176
2026-02-24 12:04:21 KST | INFO | 
2026-02-24 12:04:21 KST | INFO | --------------------------------------------------------------------------------
2026-02-24 12:04:21 KST | INFO | DATA LOADING
2026-02-24 12:04:21 KST | INFO | --------------------------------------------------------------------------------
2026-02-24 12:04:49 KST | INFO | ✓ Dataset information collected:
2026-02-24 12:04:49 KST | INFO |     Node 1: 5,000 samples
2026-02-24 12:04:49 KST | INFO |     Node 2: 5,000 samples
2026-02-24 12:04:49 KST | INFO |     Node 3: 5,000 samples
2026-02-24 12:04:49 KST | INFO |     Node 4: 5,000 samples
2026-02-24 12:04:49 KST | INFO |     Node 5: 5,000 samples
2026-02-24 12:04:49 KST | INFO |     Node 6: 5,000 samples
2026-02-24 12:04:49 KST | INFO |     Node 7: 5,000 samples
2026-02-24 12:04:49 KST | INFO |     Node 8: 5,000 samples
2026-02-24 12:04:49 KST | INFO |   Total training samples: 40,000
2026-02-24 12:04:49 KST | INFO | 
2026-02-24 12:04:52 KST | INFO | ✓ Test dataset loaded: 8,000 samples
2026-02-24 12:04:52 KST | INFO | 
2026-02-24 12:04:52 KST | INFO | ✓ Batch scheduler: 313 batches/epoch
2026-02-24 12:04:52 KST | INFO | 
2026-02-24 12:04:52 KST | INFO | --------------------------------------------------------------------------------
2026-02-24 12:04:52 KST | INFO | OPTIMIZATION SETUP
2026-02-24 12:04:52 KST | INFO | --------------------------------------------------------------------------------
2026-02-24 12:04:52 KST | INFO | ✓ Optimizer: SGD (lr=0.1, momentum=0.9)
2026-02-24 12:04:52 KST | INFO | ✓ Scheduler: cosine
2026-02-24 12:04:52 KST | INFO | ✓ Gradient clipping: 1.0
2026-02-24 12:04:52 KST | INFO | 
2026-02-24 12:04:52 KST | INFO | ================================================================================
2026-02-24 12:04:52 KST | INFO | Setup complete - Ready for training
2026-02-24 12:04:52 KST | INFO | ================================================================================
2026-02-24 12:04:52 KST | INFO | 
2026-02-24 12:04:52 KST | INFO | --------------------------------------------------------------------------------
2026-02-24 12:04:52 KST | INFO | TRAINING
2026-02-24 12:04:52 KST | INFO | --------------------------------------------------------------------------------
2026-02-24 12:04:52 KST | INFO | 
2026-02-24 12:04:52 KST | INFO | Epoch 1/200 | LR: 0.100000
2026-02-24 12:07:38 KST | INFO |   Train Loss: 1.5929 | Test Loss: 0.0058 | Test Acc: 46.86%
2026-02-24 12:07:38 KST | INFO |   🏆 New best accuracy: 46.86%
2026-02-24 12:07:38 KST | INFO | 
2026-02-24 12:07:38 KST | INFO | Epoch 2/200 | LR: 0.099994
2026-02-24 12:10:30 KST | INFO |   Train Loss: 1.1912 | Test Loss: 0.0044 | Test Acc: 61.20%
2026-02-24 12:10:30 KST | INFO |   🏆 New best accuracy: 61.20%
2026-02-24 12:10:30 KST | INFO | 
2026-02-24 12:10:30 KST | INFO | Epoch 3/200 | LR: 0.099975
2026-02-24 12:13:22 KST | INFO |   Train Loss: 0.9818 | Test Loss: 0.0041 | Test Acc: 64.28%
2026-02-24 12:13:22 KST | INFO |   🏆 New best accuracy: 64.28%
2026-02-24 12:13:22 KST | INFO | 
2026-02-24 12:13:22 KST | INFO | Epoch 4/200 | LR: 0.099944
2026-02-24 12:16:09 KST | INFO |   Train Loss: 0.8372 | Test Loss: 0.0035 | Test Acc: 68.45%
2026-02-24 12:16:09 KST | INFO |   🏆 New best accuracy: 68.45%
2026-02-24 12:16:09 KST | INFO | 
2026-02-24 12:16:09 KST | INFO | Epoch 5/200 | LR: 0.099901
2026-02-24 12:18:49 KST | INFO |   Train Loss: 0.7428 | Test Loss: 0.0036 | Test Acc: 69.01%
2026-02-24 12:18:49 KST | INFO |   🏆 New best accuracy: 69.01%
2026-02-24 12:18:49 KST | INFO | 
2026-02-24 12:18:49 KST | INFO | Epoch 6/200 | LR: 0.099846
2026-02-24 12:21:42 KST | INFO |   Train Loss: 0.6763 | Test Loss: 0.0028 | Test Acc: 75.74%
2026-02-24 12:21:42 KST | INFO |   🏆 New best accuracy: 75.74%
2026-02-24 12:21:42 KST | INFO | 
2026-02-24 12:21:42 KST | INFO | Epoch 7/200 | LR: 0.099778
2026-02-24 12:24:39 KST | INFO |   Train Loss: 0.6319 | Test Loss: 0.0036 | Test Acc: 70.96%
2026-02-24 12:24:39 KST | INFO |   No improvement (1/30)
2026-02-24 12:24:39 KST | INFO | 
2026-02-24 12:24:39 KST | INFO | Epoch 8/200 | LR: 0.099698
2026-02-24 12:27:15 KST | INFO |   Train Loss: 0.5949 | Test Loss: 0.0029 | Test Acc: 75.81%
2026-02-24 12:27:15 KST | INFO |   🏆 New best accuracy: 75.81%
2026-02-24 12:27:15 KST | INFO | 
2026-02-24 12:27:15 KST | INFO | Epoch 9/200 | LR: 0.099606
2026-02-24 12:30:07 KST | INFO |   Train Loss: 0.5615 | Test Loss: 0.0024 | Test Acc: 78.67%
2026-02-24 12:30:07 KST | INFO |   🏆 New best accuracy: 78.67%
2026-02-24 12:30:07 KST | INFO | 
2026-02-24 12:30:07 KST | INFO | Epoch 10/200 | LR: 0.099501
2026-02-24 12:32:56 KST | INFO |   Train Loss: 0.5373 | Test Loss: 0.0028 | Test Acc: 75.24%
2026-02-24 12:32:56 KST | INFO |   No improvement (1/30)
2026-02-24 12:32:56 KST | INFO | 
2026-02-24 12:32:56 KST | INFO | Epoch 11/200 | LR: 0.099384
2026-02-24 12:35:39 KST | INFO |   Train Loss: 0.5153 | Test Loss: 0.0023 | Test Acc: 81.56%
2026-02-24 12:35:39 KST | INFO |   🏆 New best accuracy: 81.56%
2026-02-24 12:35:39 KST | INFO | 
2026-02-24 12:35:39 KST | INFO | Epoch 12/200 | LR: 0.099255
2026-02-24 12:38:28 KST | INFO |   Train Loss: 0.4925 | Test Loss: 0.0024 | Test Acc: 79.85%
2026-02-24 12:38:28 KST | INFO |   No improvement (1/30)
2026-02-24 12:38:28 KST | INFO | 
2026-02-24 12:38:28 KST | INFO | Epoch 13/200 | LR: 0.099114
2026-02-24 12:41:17 KST | INFO |   Train Loss: 0.4801 | Test Loss: 0.0023 | Test Acc: 81.28%
2026-02-24 12:41:17 KST | INFO |   No improvement (2/30)
2026-02-24 12:41:17 KST | INFO | 
2026-02-24 12:41:17 KST | INFO | Epoch 14/200 | LR: 0.098961
2026-02-24 12:44:00 KST | INFO |   Train Loss: 0.4638 | Test Loss: 0.0023 | Test Acc: 80.89%
2026-02-24 12:44:00 KST | INFO |   No improvement (3/30)
2026-02-24 12:44:00 KST | INFO | 
2026-02-24 12:44:00 KST | INFO | Epoch 15/200 | LR: 0.098796
2026-02-24 12:46:49 KST | INFO |   Train Loss: 0.4533 | Test Loss: 0.0025 | Test Acc: 77.94%
2026-02-24 12:46:49 KST | INFO |   No improvement (4/30)
2026-02-24 12:46:49 KST | INFO | 
2026-02-24 12:46:49 KST | INFO | Epoch 16/200 | LR: 0.098619
2026-02-24 12:49:38 KST | INFO |   Train Loss: 0.4422 | Test Loss: 0.0022 | Test Acc: 81.04%
2026-02-24 12:49:38 KST | INFO |   No improvement (5/30)
2026-02-24 12:49:38 KST | INFO | 
2026-02-24 12:49:38 KST | INFO | Epoch 17/200 | LR: 0.098429
2026-02-24 12:52:17 KST | INFO |   Train Loss: 0.4322 | Test Loss: 0.0021 | Test Acc: 83.01%
2026-02-24 12:52:17 KST | INFO |   🏆 New best accuracy: 83.01%
2026-02-24 12:52:17 KST | INFO | 
2026-02-24 12:52:17 KST | INFO | Epoch 18/200 | LR: 0.098228
2026-02-24 12:55:04 KST | INFO |   Train Loss: 0.4277 | Test Loss: 0.0022 | Test Acc: 80.64%
2026-02-24 12:55:04 KST | INFO |   No improvement (1/30)
2026-02-24 12:55:04 KST | INFO | 
2026-02-24 12:55:04 KST | INFO | Epoch 19/200 | LR: 0.098015
2026-02-24 12:57:54 KST | INFO |   Train Loss: 0.4181 | Test Loss: 0.0021 | Test Acc: 82.34%
2026-02-24 12:57:54 KST | INFO |   No improvement (2/30)
2026-02-24 12:57:54 KST | INFO | 
2026-02-24 12:57:54 KST | INFO | Epoch 20/200 | LR: 0.097790
2026-02-24 13:00:48 KST | INFO |   Train Loss: 0.4014 | Test Loss: 0.0020 | Test Acc: 82.66%
2026-02-24 13:00:48 KST | INFO |   No improvement (3/30)
2026-02-24 13:00:48 KST | INFO | 
2026-02-24 13:00:48 KST | INFO | Epoch 21/200 | LR: 0.097553
2026-02-24 13:03:24 KST | INFO |   Train Loss: 0.3978 | Test Loss: 0.0019 | Test Acc: 84.17%
2026-02-24 13:03:24 KST | INFO |   🏆 New best accuracy: 84.17%
2026-02-24 13:03:24 KST | INFO | 
2026-02-24 13:03:24 KST | INFO | Epoch 22/200 | LR: 0.097304
2026-02-24 13:06:14 KST | INFO |   Train Loss: 0.3907 | Test Loss: 0.0019 | Test Acc: 85.67%
2026-02-24 13:06:14 KST | INFO |   🏆 New best accuracy: 85.67%
2026-02-24 13:06:14 KST | INFO | 
2026-02-24 13:06:14 KST | INFO | Epoch 23/200 | LR: 0.097044
2026-02-24 13:09:03 KST | INFO |   Train Loss: 0.3890 | Test Loss: 0.0021 | Test Acc: 81.72%
2026-02-24 13:09:03 KST | INFO |   No improvement (1/30)
2026-02-24 13:09:03 KST | INFO | 
2026-02-24 13:09:03 KST | INFO | Epoch 24/200 | LR: 0.096772
2026-02-24 13:11:39 KST | INFO |   Train Loss: 0.3829 | Test Loss: 0.0026 | Test Acc: 78.81%
2026-02-24 13:11:39 KST | INFO |   No improvement (2/30)
2026-02-24 13:11:39 KST | INFO | 
2026-02-24 13:11:39 KST | INFO | Epoch 25/200 | LR: 0.096489
2026-02-24 13:14:36 KST | INFO |   Train Loss: 0.3752 | Test Loss: 0.0025 | Test Acc: 77.44%
2026-02-24 13:14:36 KST | INFO |   No improvement (3/30)
2026-02-24 13:14:36 KST | INFO | 
2026-02-24 13:14:36 KST | INFO | Epoch 26/200 | LR: 0.096194
2026-02-24 13:17:25 KST | INFO |   Train Loss: 0.3722 | Test Loss: 0.0019 | Test Acc: 84.49%
2026-02-24 13:17:25 KST | INFO |   No improvement (4/30)
2026-02-24 13:17:25 KST | INFO | 
2026-02-24 13:17:25 KST | INFO | Epoch 27/200 | LR: 0.095888
2026-02-24 13:20:14 KST | INFO |   Train Loss: 0.3632 | Test Loss: 0.0019 | Test Acc: 83.84%
2026-02-24 13:20:14 KST | INFO |   No improvement (5/30)
2026-02-24 13:20:14 KST | INFO | 
2026-02-24 13:20:14 KST | INFO | Epoch 28/200 | LR: 0.095570
2026-02-24 13:22:51 KST | INFO |   Train Loss: 0.3609 | Test Loss: 0.0018 | Test Acc: 84.95%
2026-02-24 13:22:51 KST | INFO |   No improvement (6/30)
2026-02-24 13:22:51 KST | INFO | 
2026-02-24 13:22:51 KST | INFO | Epoch 29/200 | LR: 0.095241
2026-02-24 13:25:41 KST | INFO |   Train Loss: 0.3590 | Test Loss: 0.0021 | Test Acc: 81.61%
2026-02-24 13:25:41 KST | INFO |   No improvement (7/30)
2026-02-24 13:25:41 KST | INFO | 
2026-02-24 13:25:41 KST | INFO | Epoch 30/200 | LR: 0.094901
2026-02-24 13:28:31 KST | INFO |   Train Loss: 0.3568 | Test Loss: 0.0017 | Test Acc: 85.88%
2026-02-24 13:28:31 KST | INFO |   🏆 New best accuracy: 85.88%
2026-02-24 13:28:31 KST | INFO | 
2026-02-24 13:28:31 KST | INFO | Epoch 31/200 | LR: 0.094550
2026-02-24 13:31:09 KST | INFO |   Train Loss: 0.3473 | Test Loss: 0.0016 | Test Acc: 86.20%
2026-02-24 13:31:09 KST | INFO |   🏆 New best accuracy: 86.20%
2026-02-24 13:31:09 KST | INFO | 
2026-02-24 13:31:09 KST | INFO | Epoch 32/200 | LR: 0.094188
2026-02-24 13:33:54 KST | INFO |   Train Loss: 0.3463 | Test Loss: 0.0018 | Test Acc: 85.54%
2026-02-24 13:33:54 KST | INFO |   No improvement (1/30)
2026-02-24 13:33:54 KST | INFO | 
2026-02-24 13:33:54 KST | INFO | Epoch 33/200 | LR: 0.093815
2026-02-24 13:36:42 KST | INFO |   Train Loss: 0.3380 | Test Loss: 0.0018 | Test Acc: 84.46%
2026-02-24 13:36:42 KST | INFO |   No improvement (2/30)
2026-02-24 13:36:42 KST | INFO | 
2026-02-24 13:36:42 KST | INFO | Epoch 34/200 | LR: 0.093432
2026-02-24 13:39:24 KST | INFO |   Train Loss: 0.3355 | Test Loss: 0.0017 | Test Acc: 86.22%
2026-02-24 13:39:24 KST | INFO |   🏆 New best accuracy: 86.22%
2026-02-24 13:39:24 KST | INFO | 
2026-02-24 13:39:24 KST | INFO | Epoch 35/200 | LR: 0.093037
2026-02-24 13:42:14 KST | INFO |   Train Loss: 0.3368 | Test Loss: 0.0018 | Test Acc: 84.89%
2026-02-24 13:42:14 KST | INFO |   No improvement (1/30)
2026-02-24 13:42:14 KST | INFO | 
2026-02-24 13:42:14 KST | INFO | Epoch 36/200 | LR: 0.092632
2026-02-24 13:44:57 KST | INFO |   Train Loss: 0.3292 | Test Loss: 0.0018 | Test Acc: 84.55%
2026-02-24 13:44:57 KST | INFO |   No improvement (2/30)
2026-02-24 13:44:57 KST | INFO | 
2026-02-24 13:44:57 KST | INFO | Epoch 37/200 | LR: 0.092216
2026-02-24 13:47:40 KST | INFO |   Train Loss: 0.3264 | Test Loss: 0.0017 | Test Acc: 85.61%
2026-02-24 13:47:40 KST | INFO |   No improvement (3/30)
2026-02-24 13:47:40 KST | INFO | 
2026-02-24 13:47:40 KST | INFO | Epoch 38/200 | LR: 0.091790
2026-02-24 13:50:30 KST | INFO |   Train Loss: 0.3284 | Test Loss: 0.0019 | Test Acc: 84.28%
2026-02-24 13:50:30 KST | INFO |   No improvement (4/30)
2026-02-24 13:50:30 KST | INFO | 
2026-02-24 13:50:30 KST | INFO | Epoch 39/200 | LR: 0.091354
2026-02-24 13:53:13 KST | INFO |   Train Loss: 0.3206 | Test Loss: 0.0020 | Test Acc: 83.38%
2026-02-24 13:53:13 KST | INFO |   No improvement (5/30)
2026-02-24 13:53:13 KST | INFO | 
2026-02-24 13:53:13 KST | INFO | Epoch 40/200 | LR: 0.090908
2026-02-24 13:55:56 KST | INFO |   Train Loss: 0.3258 | Test Loss: 0.0018 | Test Acc: 85.50%
2026-02-24 13:55:56 KST | INFO |   No improvement (6/30)
2026-02-24 13:55:56 KST | INFO | 
2026-02-24 13:55:56 KST | INFO | Epoch 41/200 | LR: 0.090451
2026-02-24 13:58:45 KST | INFO |   Train Loss: 0.3173 | Test Loss: 0.0020 | Test Acc: 82.72%
2026-02-24 13:58:45 KST | INFO |   No improvement (7/30)
2026-02-24 13:58:45 KST | INFO | 
2026-02-24 13:58:45 KST | INFO | Epoch 42/200 | LR: 0.089984
2026-02-24 14:01:27 KST | INFO |   Train Loss: 0.3138 | Test Loss: 0.0016 | Test Acc: 86.26%
2026-02-24 14:01:27 KST | INFO |   🏆 New best accuracy: 86.26%
2026-02-24 14:01:27 KST | INFO | 
2026-02-24 14:01:27 KST | INFO | Epoch 43/200 | LR: 0.089508
2026-02-24 14:04:16 KST | INFO |   Train Loss: 0.3159 | Test Loss: 0.0020 | Test Acc: 83.59%
2026-02-24 14:04:16 KST | INFO |   No improvement (1/30)
2026-02-24 14:04:16 KST | INFO | 
2026-02-24 14:04:16 KST | INFO | Epoch 44/200 | LR: 0.089022
2026-02-24 14:07:04 KST | INFO |   Train Loss: 0.3130 | Test Loss: 0.0018 | Test Acc: 84.66%
2026-02-24 14:07:04 KST | INFO |   No improvement (2/30)
2026-02-24 14:07:04 KST | INFO | 
2026-02-24 14:07:04 KST | INFO | Epoch 45/200 | LR: 0.088526
2026-02-24 14:10:00 KST | INFO |   Train Loss: 0.3070 | Test Loss: 0.0021 | Test Acc: 82.44%
2026-02-24 14:10:00 KST | INFO |   No improvement (3/30)
2026-02-24 14:10:00 KST | INFO | 
2026-02-24 14:10:00 KST | INFO | Epoch 46/200 | LR: 0.088020
2026-02-24 14:12:49 KST | INFO |   Train Loss: 0.3063 | Test Loss: 0.0019 | Test Acc: 83.99%
2026-02-24 14:12:49 KST | INFO |   No improvement (4/30)
2026-02-24 14:12:49 KST | INFO | 
2026-02-24 14:12:49 KST | INFO | Epoch 47/200 | LR: 0.087506
2026-02-24 14:15:37 KST | INFO |   Train Loss: 0.3015 | Test Loss: 0.0016 | Test Acc: 86.88%
2026-02-24 14:15:37 KST | INFO |   🏆 New best accuracy: 86.88%
2026-02-24 14:15:37 KST | INFO | 
2026-02-24 14:15:37 KST | INFO | Epoch 48/200 | LR: 0.086982
2026-02-24 14:18:32 KST | INFO |   Train Loss: 0.2994 | Test Loss: 0.0018 | Test Acc: 84.81%
2026-02-24 14:18:32 KST | INFO |   No improvement (1/30)
2026-02-24 14:18:32 KST | INFO | 
2026-02-24 14:18:32 KST | INFO | Epoch 49/200 | LR: 0.086449
2026-02-24 14:21:28 KST | INFO |   Train Loss: 0.2969 | Test Loss: 0.0019 | Test Acc: 83.95%
2026-02-24 14:21:28 KST | INFO |   No improvement (2/30)
2026-02-24 14:21:28 KST | INFO | 
2026-02-24 14:21:28 KST | INFO | Epoch 50/200 | LR: 0.085906
2026-02-24 14:24:16 KST | INFO |   Train Loss: 0.2881 | Test Loss: 0.0017 | Test Acc: 86.09%
2026-02-24 14:24:16 KST | INFO |   No improvement (3/30)
2026-02-24 14:24:16 KST | INFO | 
2026-02-24 14:24:16 KST | INFO | Epoch 51/200 | LR: 0.085355
2026-02-24 14:27:00 KST | INFO |   Train Loss: 0.2875 | Test Loss: 0.0016 | Test Acc: 86.26%
2026-02-24 14:27:00 KST | INFO |   No improvement (4/30)
2026-02-24 14:27:00 KST | INFO | 
2026-02-24 14:27:00 KST | INFO | Epoch 52/200 | LR: 0.084796
2026-02-24 14:29:50 KST | INFO |   Train Loss: 0.2797 | Test Loss: 0.0016 | Test Acc: 86.29%
2026-02-24 14:29:50 KST | INFO |   No improvement (5/30)
2026-02-24 14:29:50 KST | INFO | 
2026-02-24 14:29:50 KST | INFO | Epoch 53/200 | LR: 0.084228
2026-02-24 14:32:39 KST | INFO |   Train Loss: 0.2853 | Test Loss: 0.0017 | Test Acc: 84.89%
2026-02-24 14:32:39 KST | INFO |   No improvement (6/30)
2026-02-24 14:32:39 KST | INFO | 
2026-02-24 14:32:39 KST | INFO | Epoch 54/200 | LR: 0.083651
2026-02-24 14:35:28 KST | INFO |   Train Loss: 0.2837 | Test Loss: 0.0018 | Test Acc: 85.35%
2026-02-24 14:35:28 KST | INFO |   No improvement (7/30)
2026-02-24 14:35:28 KST | INFO | 
2026-02-24 14:35:28 KST | INFO | Epoch 55/200 | LR: 0.083066
2026-02-24 14:38:09 KST | INFO |   Train Loss: 0.2754 | Test Loss: 0.0016 | Test Acc: 86.78%
2026-02-24 14:38:09 KST | INFO |   No improvement (8/30)
2026-02-24 14:38:09 KST | INFO | 
2026-02-24 14:38:09 KST | INFO | Epoch 56/200 | LR: 0.082473
2026-02-24 14:40:53 KST | INFO |   Train Loss: 0.2791 | Test Loss: 0.0016 | Test Acc: 86.36%
2026-02-24 14:40:53 KST | INFO |   No improvement (9/30)
2026-02-24 14:40:53 KST | INFO | 
2026-02-24 14:40:53 KST | INFO | Epoch 57/200 | LR: 0.081871
2026-02-24 14:43:43 KST | INFO |   Train Loss: 0.2731 | Test Loss: 0.0021 | Test Acc: 82.28%
2026-02-24 14:43:43 KST | INFO |   No improvement (10/30)
2026-02-24 14:43:43 KST | INFO | 
2026-02-24 14:43:43 KST | INFO | Epoch 58/200 | LR: 0.081262
2026-02-24 14:46:26 KST | INFO |   Train Loss: 0.2771 | Test Loss: 0.0018 | Test Acc: 85.61%
2026-02-24 14:46:26 KST | INFO |   No improvement (11/30)
2026-02-24 14:46:26 KST | INFO | 
2026-02-24 14:46:26 KST | INFO | Epoch 59/200 | LR: 0.080646
2026-02-24 14:49:10 KST | INFO |   Train Loss: 0.2682 | Test Loss: 0.0017 | Test Acc: 86.28%
2026-02-24 14:49:10 KST | INFO |   No improvement (12/30)
2026-02-24 14:49:10 KST | INFO | 
2026-02-24 14:49:10 KST | INFO | Epoch 60/200 | LR: 0.080021
2026-02-24 14:52:00 KST | INFO |   Train Loss: 0.2631 | Test Loss: 0.0018 | Test Acc: 84.95%
2026-02-24 14:52:00 KST | INFO |   No improvement (13/30)
2026-02-24 14:52:00 KST | INFO | 
2026-02-24 14:52:00 KST | INFO | Epoch 61/200 | LR: 0.079389
2026-02-24 14:54:46 KST | INFO |   Train Loss: 0.2652 | Test Loss: 0.0019 | Test Acc: 83.16%
2026-02-24 14:54:46 KST | INFO |   No improvement (14/30)
2026-02-24 14:54:46 KST | INFO | 
2026-02-24 14:54:46 KST | INFO | Epoch 62/200 | LR: 0.078750
2026-02-24 14:57:23 KST | INFO |   Train Loss: 0.2612 | Test Loss: 0.0017 | Test Acc: 84.95%
2026-02-24 14:57:23 KST | INFO |   No improvement (15/30)
2026-02-24 14:57:23 KST | INFO | 
2026-02-24 14:57:23 KST | INFO | Epoch 63/200 | LR: 0.078104
2026-02-24 15:00:14 KST | INFO |   Train Loss: 0.2614 | Test Loss: 0.0017 | Test Acc: 85.81%
2026-02-24 15:00:14 KST | INFO |   No improvement (16/30)
2026-02-24 15:00:14 KST | INFO | 
2026-02-24 15:00:14 KST | INFO | Epoch 64/200 | LR: 0.077451
2026-02-24 15:03:06 KST | INFO |   Train Loss: 0.2619 | Test Loss: 0.0016 | Test Acc: 86.12%
2026-02-24 15:03:06 KST | INFO |   No improvement (17/30)
2026-02-24 15:03:06 KST | INFO | 
2026-02-24 15:03:06 KST | INFO | Epoch 65/200 | LR: 0.076792
2026-02-24 15:05:42 KST | INFO |   Train Loss: 0.2539 | Test Loss: 0.0017 | Test Acc: 85.74%
2026-02-24 15:05:42 KST | INFO |   No improvement (18/30)
2026-02-24 15:05:42 KST | INFO | 
2026-02-24 15:05:42 KST | INFO | Epoch 66/200 | LR: 0.076125
2026-02-24 15:08:32 KST | INFO |   Train Loss: 0.2529 | Test Loss: 0.0016 | Test Acc: 87.00%
2026-02-24 15:08:32 KST | INFO |   🏆 New best accuracy: 87.00%
2026-02-24 15:08:32 KST | INFO | 
2026-02-24 15:08:32 KST | INFO | Epoch 67/200 | LR: 0.075452
2026-02-24 15:11:22 KST | INFO |   Train Loss: 0.2458 | Test Loss: 0.0018 | Test Acc: 85.28%
2026-02-24 15:11:22 KST | INFO |   No improvement (1/30)
2026-02-24 15:11:22 KST | INFO | 
2026-02-24 15:11:22 KST | INFO | Epoch 68/200 | LR: 0.074773
2026-02-24 15:14:12 KST | INFO |   Train Loss: 0.2452 | Test Loss: 0.0017 | Test Acc: 85.88%
2026-02-24 15:14:12 KST | INFO |   No improvement (2/30)
2026-02-24 15:14:12 KST | INFO | 
2026-02-24 15:14:12 KST | INFO | Epoch 69/200 | LR: 0.074088
2026-02-24 15:17:02 KST | INFO |   Train Loss: 0.2473 | Test Loss: 0.0016 | Test Acc: 86.94%
2026-02-24 15:17:02 KST | INFO |   No improvement (3/30)
2026-02-24 15:17:02 KST | INFO | 
2026-02-24 15:17:02 KST | INFO | Epoch 70/200 | LR: 0.073397
2026-02-24 15:19:37 KST | INFO |   Train Loss: 0.2444 | Test Loss: 0.0015 | Test Acc: 86.95%
2026-02-24 15:19:37 KST | INFO |   No improvement (4/30)
2026-02-24 15:19:37 KST | INFO | 
2026-02-24 15:19:37 KST | INFO | Epoch 71/200 | LR: 0.072700
2026-02-24 15:22:27 KST | INFO |   Train Loss: 0.2408 | Test Loss: 0.0017 | Test Acc: 85.62%
2026-02-24 15:22:27 KST | INFO |   No improvement (5/30)
2026-02-24 15:22:27 KST | INFO | 
2026-02-24 15:22:27 KST | INFO | Epoch 72/200 | LR: 0.071997
2026-02-24 15:25:17 KST | INFO |   Train Loss: 0.2356 | Test Loss: 0.0015 | Test Acc: 86.83%
2026-02-24 15:25:17 KST | INFO |   No improvement (6/30)
2026-02-24 15:25:17 KST | INFO | 
2026-02-24 15:25:17 KST | INFO | Epoch 73/200 | LR: 0.071289
2026-02-24 15:28:03 KST | INFO |   Train Loss: 0.2360 | Test Loss: 0.0015 | Test Acc: 87.70%
2026-02-24 15:28:03 KST | INFO |   🏆 New best accuracy: 87.70%
2026-02-24 15:28:03 KST | INFO | 
2026-02-24 15:28:03 KST | INFO | Epoch 74/200 | LR: 0.070576
2026-02-24 15:30:50 KST | INFO |   Train Loss: 0.2373 | Test Loss: 0.0016 | Test Acc: 85.97%
2026-02-24 15:30:50 KST | INFO |   No improvement (1/30)
2026-02-24 15:30:50 KST | INFO | 
2026-02-24 15:30:50 KST | INFO | Epoch 75/200 | LR: 0.069858
2026-02-24 15:33:32 KST | INFO |   Train Loss: 0.2339 | Test Loss: 0.0016 | Test Acc: 86.44%
2026-02-24 15:33:32 KST | INFO |   No improvement (2/30)
2026-02-24 15:33:32 KST | INFO | 
2026-02-24 15:33:32 KST | INFO | Epoch 76/200 | LR: 0.069134
2026-02-24 15:36:16 KST | INFO |   Train Loss: 0.2257 | Test Loss: 0.0017 | Test Acc: 86.08%
2026-02-24 15:36:16 KST | INFO |   No improvement (3/30)
2026-02-24 15:36:16 KST | INFO | 
2026-02-24 15:36:16 KST | INFO | Epoch 77/200 | LR: 0.068407
2026-02-24 15:39:03 KST | INFO |   Train Loss: 0.2315 | Test Loss: 0.0017 | Test Acc: 85.44%
2026-02-24 15:39:03 KST | INFO |   No improvement (4/30)
2026-02-24 15:39:03 KST | INFO | 
2026-02-24 15:39:03 KST | INFO | Epoch 78/200 | LR: 0.067674
2026-02-24 15:41:52 KST | INFO |   Train Loss: 0.2256 | Test Loss: 0.0015 | Test Acc: 87.34%
2026-02-24 15:41:52 KST | INFO |   No improvement (5/30)
2026-02-24 15:41:52 KST | INFO | 
2026-02-24 15:41:52 KST | INFO | Epoch 79/200 | LR: 0.066937
2026-02-24 15:44:41 KST | INFO |   Train Loss: 0.2186 | Test Loss: 0.0014 | Test Acc: 87.91%
2026-02-24 15:44:41 KST | INFO |   🏆 New best accuracy: 87.91%
2026-02-24 15:44:41 KST | INFO | 
2026-02-24 15:44:41 KST | INFO | Epoch 80/200 | LR: 0.066196
2026-02-24 15:47:18 KST | INFO |   Train Loss: 0.2200 | Test Loss: 0.0014 | Test Acc: 88.06%
2026-02-24 15:47:18 KST | INFO |   🏆 New best accuracy: 88.06%
2026-02-24 15:47:18 KST | INFO | 
2026-02-24 15:47:18 KST | INFO | Epoch 81/200 | LR: 0.065451
2026-02-24 15:50:19 KST | INFO |   Train Loss: 0.2204 | Test Loss: 0.0017 | Test Acc: 85.99%
2026-02-24 15:50:19 KST | INFO |   No improvement (1/30)
2026-02-24 15:50:19 KST | INFO | 
2026-02-24 15:50:19 KST | INFO | Epoch 82/200 | LR: 0.064702
2026-02-24 15:53:08 KST | INFO |   Train Loss: 0.2133 | Test Loss: 0.0015 | Test Acc: 87.84%
2026-02-24 15:53:08 KST | INFO |   No improvement (2/30)
2026-02-24 15:53:08 KST | INFO | 
2026-02-24 15:53:08 KST | INFO | Epoch 83/200 | LR: 0.063950
2026-02-24 15:55:57 KST | INFO |   Train Loss: 0.2124 | Test Loss: 0.0014 | Test Acc: 88.08%
2026-02-24 15:55:57 KST | INFO |   🏆 New best accuracy: 88.08%
2026-02-24 15:55:57 KST | INFO | 
2026-02-24 15:55:57 KST | INFO | Epoch 84/200 | LR: 0.063194
2026-02-24 15:58:39 KST | INFO |   Train Loss: 0.2161 | Test Loss: 0.0012 | Test Acc: 89.71%
2026-02-24 15:58:39 KST | INFO |   🏆 New best accuracy: 89.71%
2026-02-24 15:58:39 KST | INFO | 
2026-02-24 15:58:39 KST | INFO | Epoch 85/200 | LR: 0.062435
2026-02-24 16:01:22 KST | INFO |   Train Loss: 0.2029 | Test Loss: 0.0015 | Test Acc: 87.44%
2026-02-24 16:01:22 KST | INFO |   No improvement (1/30)
2026-02-24 16:01:22 KST | INFO | 
2026-02-24 16:01:22 KST | INFO | Epoch 86/200 | LR: 0.061673
2026-02-24 16:04:22 KST | INFO |   Train Loss: 0.2056 | Test Loss: 0.0016 | Test Acc: 86.28%
2026-02-24 16:04:22 KST | INFO |   No improvement (2/30)
2026-02-24 16:04:22 KST | INFO | 
2026-02-24 16:04:22 KST | INFO | Epoch 87/200 | LR: 0.060908
2026-02-24 16:07:16 KST | INFO |   Train Loss: 0.2061 | Test Loss: 0.0015 | Test Acc: 87.94%
2026-02-24 16:07:16 KST | INFO |   No improvement (3/30)
2026-02-24 16:07:16 KST | INFO | 
2026-02-24 16:07:16 KST | INFO | Epoch 88/200 | LR: 0.060140
2026-02-24 16:09:52 KST | INFO |   Train Loss: 0.1998 | Test Loss: 0.0014 | Test Acc: 87.71%
2026-02-24 16:09:52 KST | INFO |   No improvement (4/30)
2026-02-24 16:09:52 KST | INFO | 
2026-02-24 16:09:52 KST | INFO | Epoch 89/200 | LR: 0.059369
2026-02-24 16:12:47 KST | INFO |   Train Loss: 0.1982 | Test Loss: 0.0015 | Test Acc: 87.35%
2026-02-24 16:12:47 KST | INFO |   No improvement (5/30)
2026-02-24 16:12:47 KST | INFO | 
2026-02-24 16:12:47 KST | INFO | Epoch 90/200 | LR: 0.058597
2026-02-24 16:15:37 KST | INFO |   Train Loss: 0.1983 | Test Loss: 0.0016 | Test Acc: 86.80%
2026-02-24 16:15:37 KST | INFO |   No improvement (6/30)
2026-02-24 16:15:37 KST | INFO | 
2026-02-24 16:15:37 KST | INFO | Epoch 91/200 | LR: 0.057822
2026-02-24 16:18:23 KST | INFO |   Train Loss: 0.1943 | Test Loss: 0.0016 | Test Acc: 87.34%
2026-02-24 16:18:23 KST | INFO |   No improvement (7/30)
2026-02-24 16:18:23 KST | INFO | 
2026-02-24 16:18:23 KST | INFO | Epoch 92/200 | LR: 0.057045
2026-02-24 16:21:02 KST | INFO |   Train Loss: 0.1923 | Test Loss: 0.0015 | Test Acc: 87.72%
2026-02-24 16:21:02 KST | INFO |   No improvement (8/30)
2026-02-24 16:21:02 KST | INFO | 
2026-02-24 16:21:02 KST | INFO | Epoch 93/200 | LR: 0.056267
2026-02-24 16:23:58 KST | INFO |   Train Loss: 0.1850 | Test Loss: 0.0016 | Test Acc: 86.31%
2026-02-24 16:23:58 KST | INFO |   No improvement (9/30)
2026-02-24 16:23:58 KST | INFO | 
2026-02-24 16:23:58 KST | INFO | Epoch 94/200 | LR: 0.055487
2026-02-24 16:26:48 KST | INFO |   Train Loss: 0.1851 | Test Loss: 0.0014 | Test Acc: 88.66%
2026-02-24 16:26:48 KST | INFO |   No improvement (10/30)
2026-02-24 16:26:48 KST | INFO | 
2026-02-24 16:26:48 KST | INFO | Epoch 95/200 | LR: 0.054706
2026-02-24 16:29:37 KST | INFO |   Train Loss: 0.1809 | Test Loss: 0.0014 | Test Acc: 88.11%
2026-02-24 16:29:37 KST | INFO |   No improvement (11/30)
2026-02-24 16:29:37 KST | INFO | 
2026-02-24 16:29:37 KST | INFO | Epoch 96/200 | LR: 0.053923
2026-02-24 16:32:19 KST | INFO |   Train Loss: 0.1782 | Test Loss: 0.0015 | Test Acc: 87.67%
2026-02-24 16:32:19 KST | INFO |   No improvement (12/30)
2026-02-24 16:32:19 KST | INFO | 
2026-02-24 16:32:19 KST | INFO | Epoch 97/200 | LR: 0.053140
2026-02-24 16:35:03 KST | INFO |   Train Loss: 0.1716 | Test Loss: 0.0016 | Test Acc: 86.67%
2026-02-24 16:35:03 KST | INFO |   No improvement (13/30)
2026-02-24 16:35:03 KST | INFO | 
2026-02-24 16:35:03 KST | INFO | Epoch 98/200 | LR: 0.052356
2026-02-24 16:37:53 KST | INFO |   Train Loss: 0.1748 | Test Loss: 0.0016 | Test Acc: 86.62%
2026-02-24 16:37:53 KST | INFO |   No improvement (14/30)
2026-02-24 16:37:53 KST | INFO | 
2026-02-24 16:37:53 KST | INFO | Epoch 99/200 | LR: 0.051571
2026-02-24 16:40:42 KST | INFO |   Train Loss: 0.1704 | Test Loss: 0.0014 | Test Acc: 88.71%
2026-02-24 16:40:42 KST | INFO |   No improvement (15/30)
2026-02-24 16:40:42 KST | INFO | 
2026-02-24 16:40:42 KST | INFO | Epoch 100/200 | LR: 0.050786
2026-02-24 16:43:26 KST | INFO |   Train Loss: 0.1716 | Test Loss: 0.0013 | Test Acc: 88.83%
2026-02-24 16:43:26 KST | INFO |   No improvement (16/30)
2026-02-24 16:43:26 KST | INFO | 
2026-02-24 16:43:26 KST | INFO | Epoch 101/200 | LR: 0.050001
2026-02-24 16:46:08 KST | INFO |   Train Loss: 0.1678 | Test Loss: 0.0014 | Test Acc: 88.38%
2026-02-24 16:46:08 KST | INFO |   No improvement (17/30)
2026-02-24 16:46:08 KST | INFO | 
2026-02-24 16:46:08 KST | INFO | Epoch 102/200 | LR: 0.049215
2026-02-24 16:48:58 KST | INFO |   Train Loss: 0.1668 | Test Loss: 0.0015 | Test Acc: 87.65%
2026-02-24 16:48:58 KST | INFO |   No improvement (18/30)
2026-02-24 16:48:58 KST | INFO | 
2026-02-24 16:48:58 KST | INFO | Epoch 103/200 | LR: 0.048430
2026-02-24 16:51:48 KST | INFO |   Train Loss: 0.1632 | Test Loss: 0.0015 | Test Acc: 88.17%
2026-02-24 16:51:48 KST | INFO |   No improvement (19/30)
2026-02-24 16:51:48 KST | INFO | 
2026-02-24 16:51:48 KST | INFO | Epoch 104/200 | LR: 0.047645
2026-02-24 16:54:37 KST | INFO |   Train Loss: 0.1621 | Test Loss: 0.0014 | Test Acc: 88.08%
2026-02-24 16:54:37 KST | INFO |   No improvement (20/30)
2026-02-24 16:54:37 KST | INFO | 
2026-02-24 16:54:37 KST | INFO | Epoch 105/200 | LR: 0.046861
2026-02-24 16:57:20 KST | INFO |   Train Loss: 0.1588 | Test Loss: 0.0015 | Test Acc: 88.15%
2026-02-24 16:57:20 KST | INFO |   No improvement (21/30)
2026-02-24 16:57:20 KST | INFO | 
2026-02-24 16:57:20 KST | INFO | Epoch 106/200 | LR: 0.046078
2026-02-24 17:00:03 KST | INFO |   Train Loss: 0.1549 | Test Loss: 0.0014 | Test Acc: 88.15%
2026-02-24 17:00:03 KST | INFO |   No improvement (22/30)
2026-02-24 17:00:03 KST | INFO | 
2026-02-24 17:00:03 KST | INFO | Epoch 107/200 | LR: 0.045295
2026-02-24 17:02:52 KST | INFO |   Train Loss: 0.1497 | Test Loss: 0.0014 | Test Acc: 88.04%
2026-02-24 17:02:52 KST | INFO |   No improvement (23/30)
2026-02-24 17:02:52 KST | INFO | 
2026-02-24 17:02:52 KST | INFO | Epoch 108/200 | LR: 0.044514
2026-02-24 17:05:34 KST | INFO |   Train Loss: 0.1496 | Test Loss: 0.0013 | Test Acc: 89.06%
2026-02-24 17:05:34 KST | INFO |   No improvement (24/30)
2026-02-24 17:05:34 KST | INFO | 
2026-02-24 17:05:34 KST | INFO | Epoch 109/200 | LR: 0.043734
2026-02-24 17:08:23 KST | INFO |   Train Loss: 0.1457 | Test Loss: 0.0016 | Test Acc: 87.21%
2026-02-24 17:08:23 KST | INFO |   No improvement (25/30)
2026-02-24 17:08:23 KST | INFO | 
2026-02-24 17:08:23 KST | INFO | Epoch 110/200 | LR: 0.042956
2026-02-24 17:11:07 KST | INFO |   Train Loss: 0.1451 | Test Loss: 0.0012 | Test Acc: 89.90%
2026-02-24 17:11:07 KST | INFO |   🏆 New best accuracy: 89.90%
2026-02-24 17:11:07 KST | INFO | 
2026-02-24 17:11:07 KST | INFO | Epoch 111/200 | LR: 0.042179
2026-02-24 17:13:56 KST | INFO |   Train Loss: 0.1410 | Test Loss: 0.0013 | Test Acc: 90.04%
2026-02-24 17:13:56 KST | INFO |   🏆 New best accuracy: 90.04%
2026-02-24 17:13:56 KST | INFO | 
2026-02-24 17:13:56 KST | INFO | Epoch 112/200 | LR: 0.041404
2026-02-24 17:16:38 KST | INFO |   Train Loss: 0.1404 | Test Loss: 0.0014 | Test Acc: 89.20%
2026-02-24 17:16:38 KST | INFO |   No improvement (1/30)
2026-02-24 17:16:38 KST | INFO | 
2026-02-24 17:16:38 KST | INFO | Epoch 113/200 | LR: 0.040632
2026-02-24 17:19:28 KST | INFO |   Train Loss: 0.1369 | Test Loss: 0.0014 | Test Acc: 87.89%
2026-02-24 17:19:28 KST | INFO |   No improvement (2/30)
2026-02-24 17:19:28 KST | INFO | 
2026-02-24 17:19:28 KST | INFO | Epoch 114/200 | LR: 0.039861
2026-02-24 17:22:17 KST | INFO |   Train Loss: 0.1335 | Test Loss: 0.0014 | Test Acc: 89.00%
2026-02-24 17:22:17 KST | INFO |   No improvement (3/30)
2026-02-24 17:22:17 KST | INFO | 
2026-02-24 17:22:17 KST | INFO | Epoch 115/200 | LR: 0.039093
2026-02-24 17:25:00 KST | INFO |   Train Loss: 0.1266 | Test Loss: 0.0014 | Test Acc: 88.50%
2026-02-24 17:25:00 KST | INFO |   No improvement (4/30)
2026-02-24 17:25:00 KST | INFO | 
2026-02-24 17:25:00 KST | INFO | Epoch 116/200 | LR: 0.038328
2026-02-24 17:27:41 KST | INFO |   Train Loss: 0.1292 | Test Loss: 0.0013 | Test Acc: 89.29%
2026-02-24 17:27:41 KST | INFO |   No improvement (5/30)
2026-02-24 17:27:41 KST | INFO | 
2026-02-24 17:27:41 KST | INFO | Epoch 117/200 | LR: 0.037566
2026-02-24 17:30:29 KST | INFO |   Train Loss: 0.1271 | Test Loss: 0.0014 | Test Acc: 88.39%
2026-02-24 17:30:29 KST | INFO |   No improvement (6/30)
2026-02-24 17:30:29 KST | INFO | 
2026-02-24 17:30:29 KST | INFO | Epoch 118/200 | LR: 0.036807
2026-02-24 17:33:15 KST | INFO |   Train Loss: 0.1228 | Test Loss: 0.0013 | Test Acc: 89.61%
2026-02-24 17:33:15 KST | INFO |   No improvement (7/30)
2026-02-24 17:33:15 KST | INFO | 
2026-02-24 17:33:15 KST | INFO | Epoch 119/200 | LR: 0.036051
2026-02-24 17:35:53 KST | INFO |   Train Loss: 0.1209 | Test Loss: 0.0014 | Test Acc: 88.91%
2026-02-24 17:35:53 KST | INFO |   No improvement (8/30)
2026-02-24 17:35:53 KST | INFO | 
2026-02-24 17:35:53 KST | INFO | Epoch 120/200 | LR: 0.035299
2026-02-24 17:38:35 KST | INFO |   Train Loss: 0.1196 | Test Loss: 0.0014 | Test Acc: 88.53%
2026-02-24 17:38:35 KST | INFO |   No improvement (9/30)
2026-02-24 17:38:35 KST | INFO | 
2026-02-24 17:38:35 KST | INFO | Epoch 121/200 | LR: 0.034550
2026-02-24 17:41:21 KST | INFO |   Train Loss: 0.1156 | Test Loss: 0.0014 | Test Acc: 88.47%
2026-02-24 17:41:21 KST | INFO |   No improvement (10/30)
2026-02-24 17:41:21 KST | INFO | 
2026-02-24 17:41:21 KST | INFO | Epoch 122/200 | LR: 0.033805
2026-02-24 17:44:00 KST | INFO |   Train Loss: 0.1145 | Test Loss: 0.0014 | Test Acc: 88.20%
2026-02-24 17:44:00 KST | INFO |   No improvement (11/30)
2026-02-24 17:44:00 KST | INFO | 
2026-02-24 17:44:00 KST | INFO | Epoch 123/200 | LR: 0.033064
2026-02-24 17:46:40 KST | INFO |   Train Loss: 0.1127 | Test Loss: 0.0014 | Test Acc: 88.65%
2026-02-24 17:46:40 KST | INFO |   No improvement (12/30)
2026-02-24 17:46:40 KST | INFO | 
2026-02-24 17:46:40 KST | INFO | Epoch 124/200 | LR: 0.032327
2026-02-24 17:49:32 KST | INFO |   Train Loss: 0.1082 | Test Loss: 0.0014 | Test Acc: 88.39%
2026-02-24 17:49:32 KST | INFO |   No improvement (13/30)
2026-02-24 17:49:32 KST | INFO | 
2026-02-24 17:49:32 KST | INFO | Epoch 125/200 | LR: 0.031594
2026-02-24 17:52:18 KST | INFO |   Train Loss: 0.1044 | Test Loss: 0.0014 | Test Acc: 88.55%
2026-02-24 17:52:18 KST | INFO |   No improvement (14/30)
2026-02-24 17:52:18 KST | INFO | 
2026-02-24 17:52:18 KST | INFO | Epoch 126/200 | LR: 0.030867
2026-02-24 17:54:58 KST | INFO |   Train Loss: 0.1006 | Test Loss: 0.0015 | Test Acc: 88.06%
2026-02-24 17:54:58 KST | INFO |   No improvement (15/30)
2026-02-24 17:54:58 KST | INFO | 
2026-02-24 17:54:58 KST | INFO | Epoch 127/200 | LR: 0.030143
2026-02-24 17:57:38 KST | INFO |   Train Loss: 0.0993 | Test Loss: 0.0013 | Test Acc: 89.14%
2026-02-24 17:57:38 KST | INFO |   No improvement (16/30)
2026-02-24 17:57:38 KST | INFO | 
2026-02-24 17:57:38 KST | INFO | Epoch 128/200 | LR: 0.029425
2026-02-24 18:00:25 KST | INFO |   Train Loss: 0.1013 | Test Loss: 0.0012 | Test Acc: 90.76%
2026-02-24 18:00:25 KST | INFO |   🏆 New best accuracy: 90.76%
2026-02-24 18:00:25 KST | INFO | 
2026-02-24 18:00:25 KST | INFO | Epoch 129/200 | LR: 0.028712
2026-02-24 18:03:07 KST | INFO |   Train Loss: 0.0941 | Test Loss: 0.0014 | Test Acc: 88.85%
2026-02-24 18:03:07 KST | INFO |   No improvement (1/30)
2026-02-24 18:03:07 KST | INFO | 
2026-02-24 18:03:07 KST | INFO | Epoch 130/200 | LR: 0.028004
2026-02-24 18:05:56 KST | INFO |   Train Loss: 0.0966 | Test Loss: 0.0013 | Test Acc: 88.92%
2026-02-24 18:05:56 KST | INFO |   No improvement (2/30)
2026-02-24 18:05:56 KST | INFO | 
2026-02-24 18:05:56 KST | INFO | Epoch 131/200 | LR: 0.027301
2026-02-24 18:08:37 KST | INFO |   Train Loss: 0.0902 | Test Loss: 0.0013 | Test Acc: 89.97%
2026-02-24 18:08:37 KST | INFO |   No improvement (3/30)
2026-02-24 18:08:37 KST | INFO | 
2026-02-24 18:08:37 KST | INFO | Epoch 132/200 | LR: 0.026604
2026-02-24 18:11:24 KST | INFO |   Train Loss: 0.0888 | Test Loss: 0.0012 | Test Acc: 90.04%
2026-02-24 18:11:24 KST | INFO |   No improvement (4/30)
2026-02-24 18:11:24 KST | INFO | 
2026-02-24 18:11:24 KST | INFO | Epoch 133/200 | LR: 0.025913
2026-02-24 18:13:56 KST | INFO |   Train Loss: 0.0867 | Test Loss: 0.0013 | Test Acc: 89.88%
2026-02-24 18:13:56 KST | INFO |   No improvement (5/30)
2026-02-24 18:13:56 KST | INFO | 
2026-02-24 18:13:56 KST | INFO | Epoch 134/200 | LR: 0.025228
2026-02-24 18:16:45 KST | INFO |   Train Loss: 0.0865 | Test Loss: 0.0013 | Test Acc: 89.34%
2026-02-24 18:16:45 KST | INFO |   No improvement (6/30)
2026-02-24 18:16:45 KST | INFO | 
2026-02-24 18:16:45 KST | INFO | Epoch 135/200 | LR: 0.024549
2026-02-24 18:19:35 KST | INFO |   Train Loss: 0.0780 | Test Loss: 0.0014 | Test Acc: 89.09%
2026-02-24 18:19:35 KST | INFO |   No improvement (7/30)
2026-02-24 18:19:35 KST | INFO | 
2026-02-24 18:19:35 KST | INFO | Epoch 136/200 | LR: 0.023876
2026-02-24 18:22:19 KST | INFO |   Train Loss: 0.0815 | Test Loss: 0.0013 | Test Acc: 89.70%
2026-02-24 18:22:19 KST | INFO |   No improvement (8/30)
2026-02-24 18:22:19 KST | INFO | 
2026-02-24 18:22:19 KST | INFO | Epoch 137/200 | LR: 0.023209
2026-02-24 18:25:08 KST | INFO |   Train Loss: 0.0755 | Test Loss: 0.0015 | Test Acc: 88.59%
2026-02-24 18:25:08 KST | INFO |   No improvement (9/30)
2026-02-24 18:25:08 KST | INFO | 
2026-02-24 18:25:08 KST | INFO | Epoch 138/200 | LR: 0.022550
2026-02-24 18:27:51 KST | INFO |   Train Loss: 0.0775 | Test Loss: 0.0014 | Test Acc: 89.40%
2026-02-24 18:27:51 KST | INFO |   No improvement (10/30)
2026-02-24 18:27:51 KST | INFO | 
2026-02-24 18:27:51 KST | INFO | Epoch 139/200 | LR: 0.021897
2026-02-24 18:30:42 KST | INFO |   Train Loss: 0.0726 | Test Loss: 0.0012 | Test Acc: 90.38%
2026-02-24 18:30:42 KST | INFO |   No improvement (11/30)
2026-02-24 18:30:42 KST | INFO | 
2026-02-24 18:30:42 KST | INFO | Epoch 140/200 | LR: 0.021251
2026-02-24 18:33:32 KST | INFO |   Train Loss: 0.0730 | Test Loss: 0.0015 | Test Acc: 89.15%
2026-02-24 18:33:32 KST | INFO |   No improvement (12/30)
2026-02-24 18:33:32 KST | INFO | 
2026-02-24 18:33:32 KST | INFO | Epoch 141/200 | LR: 0.020612
2026-02-24 18:36:15 KST | INFO |   Train Loss: 0.0699 | Test Loss: 0.0013 | Test Acc: 90.15%
2026-02-24 18:36:15 KST | INFO |   No improvement (13/30)
2026-02-24 18:36:15 KST | INFO | 
2026-02-24 18:36:15 KST | INFO | Epoch 142/200 | LR: 0.019980
2026-02-24 18:38:58 KST | INFO |   Train Loss: 0.0686 | Test Loss: 0.0014 | Test Acc: 89.50%
2026-02-24 18:38:58 KST | INFO |   No improvement (14/30)
2026-02-24 18:38:58 KST | INFO | 
2026-02-24 18:38:58 KST | INFO | Epoch 143/200 | LR: 0.019355
2026-02-24 18:41:47 KST | INFO |   Train Loss: 0.0651 | Test Loss: 0.0013 | Test Acc: 90.06%
2026-02-24 18:41:47 KST | INFO |   No improvement (15/30)
2026-02-24 18:41:47 KST | INFO | 
2026-02-24 18:41:47 KST | INFO | Epoch 144/200 | LR: 0.018739
2026-02-24 18:44:36 KST | INFO |   Train Loss: 0.0632 | Test Loss: 0.0012 | Test Acc: 90.56%
2026-02-24 18:44:36 KST | INFO |   No improvement (16/30)
2026-02-24 18:44:36 KST | INFO | 
2026-02-24 18:44:36 KST | INFO | Epoch 145/200 | LR: 0.018130
2026-02-24 18:47:19 KST | INFO |   Train Loss: 0.0624 | Test Loss: 0.0012 | Test Acc: 90.54%
2026-02-24 18:47:19 KST | INFO |   No improvement (17/30)
2026-02-24 18:47:19 KST | INFO | 
2026-02-24 18:47:19 KST | INFO | Epoch 146/200 | LR: 0.017528
2026-02-24 18:50:03 KST | INFO |   Train Loss: 0.0595 | Test Loss: 0.0013 | Test Acc: 90.22%
2026-02-24 18:50:03 KST | INFO |   No improvement (18/30)
2026-02-24 18:50:03 KST | INFO | 
2026-02-24 18:50:03 KST | INFO | Epoch 147/200 | LR: 0.016935
2026-02-24 18:52:53 KST | INFO |   Train Loss: 0.0578 | Test Loss: 0.0014 | Test Acc: 89.80%
2026-02-24 18:52:53 KST | INFO |   No improvement (19/30)
2026-02-24 18:52:53 KST | INFO | 
2026-02-24 18:52:53 KST | INFO | Epoch 148/200 | LR: 0.016350
2026-02-24 18:55:43 KST | INFO |   Train Loss: 0.0564 | Test Loss: 0.0014 | Test Acc: 90.03%
2026-02-24 18:55:43 KST | INFO |   No improvement (20/30)
2026-02-24 18:55:43 KST | INFO | 
2026-02-24 18:55:43 KST | INFO | Epoch 149/200 | LR: 0.015773
2026-02-24 18:58:33 KST | INFO |   Train Loss: 0.0537 | Test Loss: 0.0014 | Test Acc: 89.61%
2026-02-24 18:58:33 KST | INFO |   No improvement (21/30)
2026-02-24 18:58:33 KST | INFO | 
2026-02-24 18:58:33 KST | INFO | Epoch 150/200 | LR: 0.015205
2026-02-24 19:01:13 KST | INFO |   Train Loss: 0.0539 | Test Loss: 0.0014 | Test Acc: 89.61%
2026-02-24 19:01:13 KST | INFO |   No improvement (22/30)
2026-02-24 19:01:13 KST | INFO | 
2026-02-24 19:01:13 KST | INFO | Epoch 151/200 | LR: 0.014646
2026-02-24 19:03:56 KST | INFO |   Train Loss: 0.0501 | Test Loss: 0.0013 | Test Acc: 90.05%
2026-02-24 19:03:56 KST | INFO |   No improvement (23/30)
2026-02-24 19:03:56 KST | INFO | 
2026-02-24 19:03:56 KST | INFO | Epoch 152/200 | LR: 0.014095
2026-02-24 19:06:45 KST | INFO |   Train Loss: 0.0476 | Test Loss: 0.0012 | Test Acc: 90.41%
2026-02-24 19:06:45 KST | INFO |   No improvement (24/30)
2026-02-24 19:06:45 KST | INFO | 
2026-02-24 19:06:45 KST | INFO | Epoch 153/200 | LR: 0.013552
2026-02-24 19:09:33 KST | INFO |   Train Loss: 0.0491 | Test Loss: 0.0014 | Test Acc: 89.75%
2026-02-24 19:09:33 KST | INFO |   No improvement (25/30)
2026-02-24 19:09:33 KST | INFO | 
2026-02-24 19:09:33 KST | INFO | Epoch 154/200 | LR: 0.013019
2026-02-24 19:12:12 KST | INFO |   Train Loss: 0.0449 | Test Loss: 0.0013 | Test Acc: 90.05%
2026-02-24 19:12:12 KST | INFO |   No improvement (26/30)
2026-02-24 19:12:12 KST | INFO | 
2026-02-24 19:12:12 KST | INFO | Epoch 155/200 | LR: 0.012495
2026-02-24 19:15:03 KST | INFO |   Train Loss: 0.0439 | Test Loss: 0.0012 | Test Acc: 90.66%
2026-02-24 19:15:03 KST | INFO |   No improvement (27/30)
2026-02-24 19:15:03 KST | INFO | 
2026-02-24 19:15:03 KST | INFO | Epoch 156/200 | LR: 0.011981
2026-02-24 19:17:52 KST | INFO |   Train Loss: 0.0404 | Test Loss: 0.0014 | Test Acc: 89.55%
2026-02-24 19:17:52 KST | INFO |   No improvement (28/30)
2026-02-24 19:17:52 KST | INFO | 
2026-02-24 19:17:52 KST | INFO | Epoch 157/200 | LR: 0.011475
2026-02-24 19:20:41 KST | INFO |   Train Loss: 0.0404 | Test Loss: 0.0013 | Test Acc: 90.59%
2026-02-24 19:20:41 KST | INFO |   No improvement (29/30)
2026-02-24 19:20:41 KST | INFO | 
2026-02-24 19:20:41 KST | INFO | Epoch 158/200 | LR: 0.010979
2026-02-24 19:23:24 KST | INFO |   Train Loss: 0.0413 | Test Loss: 0.0014 | Test Acc: 89.55%
2026-02-24 19:23:24 KST | INFO |   No improvement (30/30)
2026-02-24 19:23:24 KST | INFO | 
2026-02-24 19:23:24 KST | INFO | Early stopping after 30 epochs without improvement
2026-02-24 19:23:24 KST | INFO | 
2026-02-24 19:23:24 KST | INFO | ================================================================================
2026-02-24 19:23:24 KST | INFO | TRAINING COMPLETE
2026-02-24 19:23:24 KST | INFO | ================================================================================
2026-02-24 19:23:24 KST | INFO | Best accuracy:  90.76% (Epoch 128)
2026-02-24 19:23:24 KST | INFO | Final accuracy: 89.55%
2026-02-24 19:23:24 KST | INFO | ================================================================================
2026-02-24 19:23:24 KST | INFO | 
2026-02-24 19:23:24 KST | INFO | Notifying nodes of completion...
2026-02-24 19:23:25 KST | INFO | ✓ Nodes notified
2026-02-24 19:23:25 KST | INFO | 
2026-02-24 19:23:25 KST | INFO | Closing connections...
2026-02-24 19:23:25 KST | INFO | ✓ Cleanup complete
2026-02-24 19:23:25 KST | INFO | 
2026-02-24 19:23:25 KST | INFO | Full log: logs/TL++_secure_20260224_120405.log
2026-02-24 19:23:25 KST | INFO | ================================================================================
