2026-02-23 13:53:40 KST | INFO | ================================================================================
2026-02-23 13:53:40 KST | INFO | TL++ Orchestrator
2026-02-23 13:53:40 KST | INFO | ================================================================================
2026-02-23 13:53:40 KST | INFO | Log file: logs/TL++_secure_20260223_135340.log
2026-02-23 13:53:40 KST | INFO | 
2026-02-23 13:53:40 KST | INFO | --------------------------------------------------------------------------------
2026-02-23 13:53:40 KST | INFO | CONFIGURATION
2026-02-23 13:53:40 KST | INFO | --------------------------------------------------------------------------------
2026-02-23 13:53:40 KST | INFO | Secure mode:      True
2026-02-23 13:53:40 KST | INFO | Helper endpoint:  127.0.0.1:8082
2026-02-23 13:53:40 KST | INFO | Activation noise: 2.0%
2026-02-23 13:53:40 KST | INFO | Gradient noise:   10.0%
2026-02-23 13:53:40 KST | INFO | Nodes:            8
2026-02-23 13:53:40 KST | INFO | Cut layer:        2
2026-02-23 13:53:40 KST | INFO | Batch size:       128
2026-02-23 13:53:40 KST | INFO | Learning rate:    0.1
2026-02-23 13:53:40 KST | INFO | 
2026-02-23 13:53:40 KST | INFO | Computation device: cuda
2026-02-23 13:53:40 KST | INFO | Secure mode: ✓ ENABLED
2026-02-23 13:53:40 KST | INFO | 
2026-02-23 13:53:40 KST | INFO | --------------------------------------------------------------------------------
2026-02-23 13:53:40 KST | INFO | NETWORK SETUP
2026-02-23 13:53:40 KST | INFO | --------------------------------------------------------------------------------
2026-02-23 13:53:40 KST | INFO | ✓ Orchestrator listening on 127.0.0.1:8080
2026-02-23 13:53:40 KST | INFO | ✓ Helper node on 127.0.0.1:8082
2026-02-23 13:53:40 KST | INFO | 
2026-02-23 13:53:40 KST | INFO | Waiting for helper node...
2026-02-23 13:53:41 KST | INFO | ✓ Helper node connected
2026-02-23 13:53:41 KST | INFO | ✓ Noise config sent to helper (activation: 2.0%, gradient: 10.0%)
2026-02-23 13:53:41 KST | INFO | 
2026-02-23 13:53:41 KST | INFO | Waiting for 8 node(s)...
2026-02-23 13:53:46 KST | INFO |   ✓ Node 1/8 connected
2026-02-23 13:53:47 KST | INFO |   ✓ Node 2/8 connected
2026-02-23 13:53:48 KST | INFO |   ✓ Node 3/8 connected
2026-02-23 13:53:49 KST | INFO |   ✓ Node 4/8 connected
2026-02-23 13:53:50 KST | INFO |   ✓ Node 5/8 connected
2026-02-23 13:53:51 KST | INFO |   ✓ Node 6/8 connected
2026-02-23 13:53:52 KST | INFO |   ✓ Node 7/8 connected
2026-02-23 13:53:53 KST | INFO |   ✓ Node 8/8 connected
2026-02-23 13:53:53 KST | INFO | ✓ All 8 node(s) connected
2026-02-23 13:53:53 KST | INFO | 
2026-02-23 13:53:53 KST | INFO | --------------------------------------------------------------------------------
2026-02-23 13:53:53 KST | INFO | MODEL INITIALIZATION
2026-02-23 13:53:53 KST | INFO | --------------------------------------------------------------------------------
2026-02-23 13:53:53 KST | INFO | Node-side parameters: 260,160
2026-02-23 13:53:53 KST | INFO | 
2026-02-23 13:53:53 KST | INFO | --------------------------------------------------------------------------------
2026-02-23 13:53:53 KST | INFO | BROADCASTING CONFIGURATION
2026-02-23 13:53:53 KST | INFO | --------------------------------------------------------------------------------
2026-02-23 13:53:53 KST | INFO | ✓ Configuration broadcast to all nodes
2026-02-23 13:53:55 KST | INFO | 
2026-02-23 13:53:55 KST | INFO | Total parameters:     3,247,176
2026-02-23 13:53:55 KST | INFO | Trainable parameters: 3,247,176
2026-02-23 13:53:55 KST | INFO | 
2026-02-23 13:53:55 KST | INFO | --------------------------------------------------------------------------------
2026-02-23 13:53:55 KST | INFO | DATA LOADING
2026-02-23 13:53:55 KST | INFO | --------------------------------------------------------------------------------
2026-02-23 13:54:25 KST | INFO | ✓ Dataset information collected:
2026-02-23 13:54:25 KST | INFO |     Node 1: 5,000 samples
2026-02-23 13:54:25 KST | INFO |     Node 2: 5,000 samples
2026-02-23 13:54:25 KST | INFO |     Node 3: 5,000 samples
2026-02-23 13:54:25 KST | INFO |     Node 4: 5,000 samples
2026-02-23 13:54:25 KST | INFO |     Node 5: 5,000 samples
2026-02-23 13:54:25 KST | INFO |     Node 6: 5,000 samples
2026-02-23 13:54:25 KST | INFO |     Node 7: 5,000 samples
2026-02-23 13:54:25 KST | INFO |     Node 8: 5,000 samples
2026-02-23 13:54:25 KST | INFO |   Total training samples: 40,000
2026-02-23 13:54:25 KST | INFO | 
2026-02-23 13:54:28 KST | INFO | ✓ Test dataset loaded: 8,000 samples
2026-02-23 13:54:28 KST | INFO | 
2026-02-23 13:54:28 KST | INFO | ✓ Batch scheduler: 313 batches/epoch
2026-02-23 13:54:28 KST | INFO | 
2026-02-23 13:54:28 KST | INFO | --------------------------------------------------------------------------------
2026-02-23 13:54:28 KST | INFO | OPTIMIZATION SETUP
2026-02-23 13:54:28 KST | INFO | --------------------------------------------------------------------------------
2026-02-23 13:54:28 KST | INFO | ✓ Optimizer: SGD (lr=0.1, momentum=0.9)
2026-02-23 13:54:28 KST | INFO | ✓ Scheduler: cosine
2026-02-23 13:54:28 KST | INFO | ✓ Gradient clipping: 1.0
2026-02-23 13:54:28 KST | INFO | 
2026-02-23 13:54:28 KST | INFO | ================================================================================
2026-02-23 13:54:28 KST | INFO | Setup complete - Ready for training
2026-02-23 13:54:28 KST | INFO | ================================================================================
2026-02-23 13:54:28 KST | INFO | 
2026-02-23 13:54:28 KST | INFO | --------------------------------------------------------------------------------
2026-02-23 13:54:28 KST | INFO | TRAINING
2026-02-23 13:54:28 KST | INFO | --------------------------------------------------------------------------------
2026-02-23 13:54:28 KST | INFO | 
2026-02-23 13:54:28 KST | INFO | Epoch 1/200 | LR: 0.100000
2026-02-23 13:57:19 KST | INFO |   Train Loss: 1.6027 | Test Loss: 0.0055 | Test Acc: 49.99%
2026-02-23 13:57:19 KST | INFO |   🏆 New best accuracy: 49.99%
2026-02-23 13:57:19 KST | INFO | 
2026-02-23 13:57:19 KST | INFO | Epoch 2/200 | LR: 0.099994
2026-02-23 14:00:11 KST | INFO |   Train Loss: 1.2043 | Test Loss: 0.0044 | Test Acc: 60.36%
2026-02-23 14:00:11 KST | INFO |   🏆 New best accuracy: 60.36%
2026-02-23 14:00:11 KST | INFO | 
2026-02-23 14:00:11 KST | INFO | Epoch 3/200 | LR: 0.099975
2026-02-23 14:03:04 KST | INFO |   Train Loss: 0.9833 | Test Loss: 0.0041 | Test Acc: 65.08%
2026-02-23 14:03:04 KST | INFO |   🏆 New best accuracy: 65.08%
2026-02-23 14:03:04 KST | INFO | 
2026-02-23 14:03:04 KST | INFO | Epoch 4/200 | LR: 0.099944
2026-02-23 14:06:00 KST | INFO |   Train Loss: 0.8428 | Test Loss: 0.0038 | Test Acc: 67.44%
2026-02-23 14:06:00 KST | INFO |   🏆 New best accuracy: 67.44%
2026-02-23 14:06:00 KST | INFO | 
2026-02-23 14:06:00 KST | INFO | Epoch 5/200 | LR: 0.099901
2026-02-23 14:08:49 KST | INFO |   Train Loss: 0.7521 | Test Loss: 0.0035 | Test Acc: 69.97%
2026-02-23 14:08:49 KST | INFO |   🏆 New best accuracy: 69.97%
2026-02-23 14:08:49 KST | INFO | 
2026-02-23 14:08:49 KST | INFO | Epoch 6/200 | LR: 0.099846
2026-02-23 14:11:25 KST | INFO |   Train Loss: 0.6866 | Test Loss: 0.0031 | Test Acc: 73.53%
2026-02-23 14:11:25 KST | INFO |   🏆 New best accuracy: 73.53%
2026-02-23 14:11:25 KST | INFO | 
2026-02-23 14:11:25 KST | INFO | Epoch 7/200 | LR: 0.099778
2026-02-23 14:14:15 KST | INFO |   Train Loss: 0.6367 | Test Loss: 0.0037 | Test Acc: 67.75%
2026-02-23 14:14:15 KST | INFO |   No improvement (1/30)
2026-02-23 14:14:15 KST | INFO | 
2026-02-23 14:14:15 KST | INFO | Epoch 8/200 | LR: 0.099698
2026-02-23 14:17:05 KST | INFO |   Train Loss: 0.5999 | Test Loss: 0.0026 | Test Acc: 79.19%
2026-02-23 14:17:05 KST | INFO |   🏆 New best accuracy: 79.19%
2026-02-23 14:17:05 KST | INFO | 
2026-02-23 14:17:05 KST | INFO | Epoch 9/200 | LR: 0.099606
2026-02-23 14:19:50 KST | INFO |   Train Loss: 0.5696 | Test Loss: 0.0028 | Test Acc: 76.54%
2026-02-23 14:19:50 KST | INFO |   No improvement (1/30)
2026-02-23 14:19:50 KST | INFO | 
2026-02-23 14:19:50 KST | INFO | Epoch 10/200 | LR: 0.099501
2026-02-23 14:22:33 KST | INFO |   Train Loss: 0.5408 | Test Loss: 0.0025 | Test Acc: 79.65%
2026-02-23 14:22:33 KST | INFO |   🏆 New best accuracy: 79.65%
2026-02-23 14:22:33 KST | INFO | 
2026-02-23 14:22:33 KST | INFO | Epoch 11/200 | LR: 0.099384
2026-02-23 14:25:23 KST | INFO |   Train Loss: 0.5224 | Test Loss: 0.0026 | Test Acc: 79.44%
2026-02-23 14:25:23 KST | INFO |   No improvement (1/30)
2026-02-23 14:25:23 KST | INFO | 
2026-02-23 14:25:23 KST | INFO | Epoch 12/200 | LR: 0.099255
2026-02-23 14:28:13 KST | INFO |   Train Loss: 0.5031 | Test Loss: 0.0023 | Test Acc: 80.44%
2026-02-23 14:28:13 KST | INFO |   🏆 New best accuracy: 80.44%
2026-02-23 14:28:13 KST | INFO | 
2026-02-23 14:28:13 KST | INFO | Epoch 13/200 | LR: 0.099114
2026-02-23 14:30:52 KST | INFO |   Train Loss: 0.4806 | Test Loss: 0.0021 | Test Acc: 81.90%
2026-02-23 14:30:52 KST | INFO |   🏆 New best accuracy: 81.90%
2026-02-23 14:30:52 KST | INFO | 
2026-02-23 14:30:52 KST | INFO | Epoch 14/200 | LR: 0.098961
2026-02-23 14:33:47 KST | INFO |   Train Loss: 0.4783 | Test Loss: 0.0022 | Test Acc: 82.75%
2026-02-23 14:33:47 KST | INFO |   🏆 New best accuracy: 82.75%
2026-02-23 14:33:47 KST | INFO | 
2026-02-23 14:33:47 KST | INFO | Epoch 15/200 | LR: 0.098796
2026-02-23 14:36:40 KST | INFO |   Train Loss: 0.4560 | Test Loss: 0.0024 | Test Acc: 79.34%
2026-02-23 14:36:40 KST | INFO |   No improvement (1/30)
2026-02-23 14:36:40 KST | INFO | 
2026-02-23 14:36:40 KST | INFO | Epoch 16/200 | LR: 0.098619
2026-02-23 14:39:23 KST | INFO |   Train Loss: 0.4505 | Test Loss: 0.0022 | Test Acc: 81.76%
2026-02-23 14:39:23 KST | INFO |   No improvement (2/30)
2026-02-23 14:39:23 KST | INFO | 
2026-02-23 14:39:23 KST | INFO | Epoch 17/200 | LR: 0.098429
2026-02-23 14:42:11 KST | INFO |   Train Loss: 0.4372 | Test Loss: 0.0022 | Test Acc: 81.24%
2026-02-23 14:42:11 KST | INFO |   No improvement (3/30)
2026-02-23 14:42:11 KST | INFO | 
2026-02-23 14:42:11 KST | INFO | Epoch 18/200 | LR: 0.098228
2026-02-23 14:44:54 KST | INFO |   Train Loss: 0.4260 | Test Loss: 0.0021 | Test Acc: 82.70%
2026-02-23 14:44:54 KST | INFO |   No improvement (4/30)
2026-02-23 14:44:54 KST | INFO | 
2026-02-23 14:44:54 KST | INFO | Epoch 19/200 | LR: 0.098015
2026-02-23 14:47:44 KST | INFO |   Train Loss: 0.4172 | Test Loss: 0.0025 | Test Acc: 78.62%
2026-02-23 14:47:44 KST | INFO |   No improvement (5/30)
2026-02-23 14:47:44 KST | INFO | 
2026-02-23 14:47:44 KST | INFO | Epoch 20/200 | LR: 0.097790
2026-02-23 14:50:32 KST | INFO |   Train Loss: 0.4107 | Test Loss: 0.0022 | Test Acc: 82.19%
2026-02-23 14:50:32 KST | INFO |   No improvement (6/30)
2026-02-23 14:50:32 KST | INFO | 
2026-02-23 14:50:32 KST | INFO | Epoch 21/200 | LR: 0.097553
2026-02-23 14:53:14 KST | INFO |   Train Loss: 0.3968 | Test Loss: 0.0020 | Test Acc: 84.19%
2026-02-23 14:53:14 KST | INFO |   🏆 New best accuracy: 84.19%
2026-02-23 14:53:14 KST | INFO | 
2026-02-23 14:53:14 KST | INFO | Epoch 22/200 | LR: 0.097304
2026-02-23 14:55:57 KST | INFO |   Train Loss: 0.3939 | Test Loss: 0.0019 | Test Acc: 83.78%
2026-02-23 14:55:57 KST | INFO |   No improvement (1/30)
2026-02-23 14:55:57 KST | INFO | 
2026-02-23 14:55:57 KST | INFO | Epoch 23/200 | LR: 0.097044
2026-02-23 14:58:48 KST | INFO |   Train Loss: 0.3898 | Test Loss: 0.0022 | Test Acc: 80.84%
2026-02-23 14:58:48 KST | INFO |   No improvement (2/30)
2026-02-23 14:58:48 KST | INFO | 
2026-02-23 14:58:48 KST | INFO | Epoch 24/200 | LR: 0.096772
2026-02-23 15:01:38 KST | INFO |   Train Loss: 0.3809 | Test Loss: 0.0022 | Test Acc: 82.88%
2026-02-23 15:01:38 KST | INFO |   No improvement (3/30)
2026-02-23 15:01:38 KST | INFO | 
2026-02-23 15:01:38 KST | INFO | Epoch 25/200 | LR: 0.096489
2026-02-23 15:04:21 KST | INFO |   Train Loss: 0.3737 | Test Loss: 0.0019 | Test Acc: 84.88%
2026-02-23 15:04:21 KST | INFO |   🏆 New best accuracy: 84.88%
2026-02-23 15:04:21 KST | INFO | 
2026-02-23 15:04:21 KST | INFO | Epoch 26/200 | LR: 0.096194
2026-02-23 15:07:11 KST | INFO |   Train Loss: 0.3687 | Test Loss: 0.0022 | Test Acc: 81.58%
2026-02-23 15:07:11 KST | INFO |   No improvement (1/30)
2026-02-23 15:07:11 KST | INFO | 
2026-02-23 15:07:11 KST | INFO | Epoch 27/200 | LR: 0.095888
2026-02-23 15:09:54 KST | INFO |   Train Loss: 0.3704 | Test Loss: 0.0021 | Test Acc: 82.04%
2026-02-23 15:09:54 KST | INFO |   No improvement (2/30)
2026-02-23 15:09:54 KST | INFO | 
2026-02-23 15:09:54 KST | INFO | Epoch 28/200 | LR: 0.095570
2026-02-23 15:12:43 KST | INFO |   Train Loss: 0.3611 | Test Loss: 0.0021 | Test Acc: 82.69%
2026-02-23 15:12:43 KST | INFO |   No improvement (3/30)
2026-02-23 15:12:43 KST | INFO | 
2026-02-23 15:12:43 KST | INFO | Epoch 29/200 | LR: 0.095241
2026-02-23 15:15:38 KST | INFO |   Train Loss: 0.3548 | Test Loss: 0.0020 | Test Acc: 82.62%
2026-02-23 15:15:38 KST | INFO |   No improvement (4/30)
2026-02-23 15:15:38 KST | INFO | 
2026-02-23 15:15:38 KST | INFO | Epoch 30/200 | LR: 0.094901
2026-02-23 15:18:14 KST | INFO |   Train Loss: 0.3548 | Test Loss: 0.0018 | Test Acc: 84.54%
2026-02-23 15:18:14 KST | INFO |   No improvement (5/30)
2026-02-23 15:18:14 KST | INFO | 
2026-02-23 15:18:14 KST | INFO | Epoch 31/200 | LR: 0.094550
2026-02-23 15:21:04 KST | INFO |   Train Loss: 0.3534 | Test Loss: 0.0019 | Test Acc: 84.61%
2026-02-23 15:21:04 KST | INFO |   No improvement (6/30)
2026-02-23 15:21:04 KST | INFO | 
2026-02-23 15:21:04 KST | INFO | Epoch 32/200 | LR: 0.094188
2026-02-23 15:23:53 KST | INFO |   Train Loss: 0.3461 | Test Loss: 0.0020 | Test Acc: 83.29%
2026-02-23 15:23:53 KST | INFO |   No improvement (7/30)
2026-02-23 15:23:53 KST | INFO | 
2026-02-23 15:23:53 KST | INFO | Epoch 33/200 | LR: 0.093815
2026-02-23 15:26:42 KST | INFO |   Train Loss: 0.3426 | Test Loss: 0.0019 | Test Acc: 84.96%
2026-02-23 15:26:42 KST | INFO |   🏆 New best accuracy: 84.96%
2026-02-23 15:26:42 KST | INFO | 
2026-02-23 15:26:42 KST | INFO | Epoch 34/200 | LR: 0.093432
2026-02-23 15:29:26 KST | INFO |   Train Loss: 0.3385 | Test Loss: 0.0017 | Test Acc: 86.44%
2026-02-23 15:29:26 KST | INFO |   🏆 New best accuracy: 86.44%
2026-02-23 15:29:26 KST | INFO | 
2026-02-23 15:29:26 KST | INFO | Epoch 35/200 | LR: 0.093037
2026-02-23 15:32:09 KST | INFO |   Train Loss: 0.3347 | Test Loss: 0.0021 | Test Acc: 82.50%
2026-02-23 15:32:09 KST | INFO |   No improvement (1/30)
2026-02-23 15:32:09 KST | INFO | 
2026-02-23 15:32:09 KST | INFO | Epoch 36/200 | LR: 0.092632
2026-02-23 15:34:59 KST | INFO |   Train Loss: 0.3312 | Test Loss: 0.0018 | Test Acc: 85.10%
2026-02-23 15:34:59 KST | INFO |   No improvement (2/30)
2026-02-23 15:34:59 KST | INFO | 
2026-02-23 15:34:59 KST | INFO | Epoch 37/200 | LR: 0.092216
2026-02-23 15:38:01 KST | INFO |   Train Loss: 0.3280 | Test Loss: 0.0019 | Test Acc: 83.45%
2026-02-23 15:38:01 KST | INFO |   No improvement (3/30)
2026-02-23 15:38:01 KST | INFO | 
2026-02-23 15:38:01 KST | INFO | Epoch 38/200 | LR: 0.091790
2026-02-23 15:40:40 KST | INFO |   Train Loss: 0.3274 | Test Loss: 0.0018 | Test Acc: 85.16%
2026-02-23 15:40:40 KST | INFO |   No improvement (4/30)
2026-02-23 15:40:40 KST | INFO | 
2026-02-23 15:40:40 KST | INFO | Epoch 39/200 | LR: 0.091354
2026-02-23 15:43:31 KST | INFO |   Train Loss: 0.3172 | Test Loss: 0.0019 | Test Acc: 85.28%
2026-02-23 15:43:31 KST | INFO |   No improvement (5/30)
2026-02-23 15:43:31 KST | INFO | 
2026-02-23 15:43:31 KST | INFO | Epoch 40/200 | LR: 0.090908
2026-02-23 15:46:29 KST | INFO |   Train Loss: 0.3189 | Test Loss: 0.0019 | Test Acc: 84.11%
2026-02-23 15:46:29 KST | INFO |   No improvement (6/30)
2026-02-23 15:46:29 KST | INFO | 
2026-02-23 15:46:29 KST | INFO | Epoch 41/200 | LR: 0.090451
2026-02-23 15:49:33 KST | INFO |   Train Loss: 0.3160 | Test Loss: 0.0017 | Test Acc: 86.17%
2026-02-23 15:49:33 KST | INFO |   No improvement (7/30)
2026-02-23 15:49:33 KST | INFO | 
2026-02-23 15:49:33 KST | INFO | Epoch 42/200 | LR: 0.089984
2026-02-23 15:52:11 KST | INFO |   Train Loss: 0.3140 | Test Loss: 0.0016 | Test Acc: 86.38%
2026-02-23 15:52:11 KST | INFO |   No improvement (8/30)
2026-02-23 15:52:11 KST | INFO | 
2026-02-23 15:52:11 KST | INFO | Epoch 43/200 | LR: 0.089508
2026-02-23 15:55:03 KST | INFO |   Train Loss: 0.3105 | Test Loss: 0.0021 | Test Acc: 83.19%
2026-02-23 15:55:03 KST | INFO |   No improvement (9/30)
2026-02-23 15:55:03 KST | INFO | 
2026-02-23 15:55:03 KST | INFO | Epoch 44/200 | LR: 0.089022
2026-02-23 15:57:53 KST | INFO |   Train Loss: 0.3073 | Test Loss: 0.0017 | Test Acc: 85.89%
2026-02-23 15:57:53 KST | INFO |   No improvement (10/30)
2026-02-23 15:57:53 KST | INFO | 
2026-02-23 15:57:53 KST | INFO | Epoch 45/200 | LR: 0.088526
2026-02-23 16:00:47 KST | INFO |   Train Loss: 0.3057 | Test Loss: 0.0016 | Test Acc: 86.79%
2026-02-23 16:00:47 KST | INFO |   🏆 New best accuracy: 86.79%
2026-02-23 16:00:47 KST | INFO | 
2026-02-23 16:00:47 KST | INFO | Epoch 46/200 | LR: 0.088020
2026-02-23 16:03:28 KST | INFO |   Train Loss: 0.2989 | Test Loss: 0.0017 | Test Acc: 86.69%
2026-02-23 16:03:28 KST | INFO |   No improvement (1/30)
2026-02-23 16:03:28 KST | INFO | 
2026-02-23 16:03:28 KST | INFO | Epoch 47/200 | LR: 0.087506
2026-02-23 16:06:20 KST | INFO |   Train Loss: 0.2997 | Test Loss: 0.0018 | Test Acc: 85.12%
2026-02-23 16:06:20 KST | INFO |   No improvement (2/30)
2026-02-23 16:06:20 KST | INFO | 
2026-02-23 16:06:20 KST | INFO | Epoch 48/200 | LR: 0.086982
2026-02-23 16:09:10 KST | INFO |   Train Loss: 0.2974 | Test Loss: 0.0016 | Test Acc: 86.66%
2026-02-23 16:09:10 KST | INFO |   No improvement (3/30)
2026-02-23 16:09:10 KST | INFO | 
2026-02-23 16:09:10 KST | INFO | Epoch 49/200 | LR: 0.086449
2026-02-23 16:12:02 KST | INFO |   Train Loss: 0.2924 | Test Loss: 0.0018 | Test Acc: 84.59%
2026-02-23 16:12:02 KST | INFO |   No improvement (4/30)
2026-02-23 16:12:02 KST | INFO | 
2026-02-23 16:12:02 KST | INFO | Epoch 50/200 | LR: 0.085906
2026-02-23 16:14:45 KST | INFO |   Train Loss: 0.2896 | Test Loss: 0.0018 | Test Acc: 85.08%
2026-02-23 16:14:45 KST | INFO |   No improvement (5/30)
2026-02-23 16:14:45 KST | INFO | 
2026-02-23 16:14:45 KST | INFO | Epoch 51/200 | LR: 0.085355
2026-02-23 16:17:35 KST | INFO |   Train Loss: 0.2862 | Test Loss: 0.0016 | Test Acc: 86.20%
2026-02-23 16:17:35 KST | INFO |   No improvement (6/30)
2026-02-23 16:17:35 KST | INFO | 
2026-02-23 16:17:35 KST | INFO | Epoch 52/200 | LR: 0.084796
2026-02-23 16:20:36 KST | INFO |   Train Loss: 0.2873 | Test Loss: 0.0016 | Test Acc: 86.66%
2026-02-23 16:20:36 KST | INFO |   No improvement (7/30)
2026-02-23 16:20:36 KST | INFO | 
2026-02-23 16:20:36 KST | INFO | Epoch 53/200 | LR: 0.084228
2026-02-23 16:23:19 KST | INFO |   Train Loss: 0.2784 | Test Loss: 0.0016 | Test Acc: 86.95%
2026-02-23 16:23:19 KST | INFO |   🏆 New best accuracy: 86.95%
2026-02-23 16:23:19 KST | INFO | 
2026-02-23 16:23:19 KST | INFO | Epoch 54/200 | LR: 0.083651
2026-02-23 16:26:03 KST | INFO |   Train Loss: 0.2825 | Test Loss: 0.0019 | Test Acc: 84.06%
2026-02-23 16:26:03 KST | INFO |   No improvement (1/30)
2026-02-23 16:26:03 KST | INFO | 
2026-02-23 16:26:03 KST | INFO | Epoch 55/200 | LR: 0.083066
2026-02-23 16:29:06 KST | INFO |   Train Loss: 0.2775 | Test Loss: 0.0017 | Test Acc: 85.29%
2026-02-23 16:29:06 KST | INFO |   No improvement (2/30)
2026-02-23 16:29:06 KST | INFO | 
2026-02-23 16:29:06 KST | INFO | Epoch 56/200 | LR: 0.082473
2026-02-23 16:32:01 KST | INFO |   Train Loss: 0.2695 | Test Loss: 0.0016 | Test Acc: 86.22%
2026-02-23 16:32:01 KST | INFO |   No improvement (3/30)
2026-02-23 16:32:01 KST | INFO | 
2026-02-23 16:32:01 KST | INFO | Epoch 57/200 | LR: 0.081871
2026-02-23 16:34:45 KST | INFO |   Train Loss: 0.2723 | Test Loss: 0.0018 | Test Acc: 84.80%
2026-02-23 16:34:45 KST | INFO |   No improvement (4/30)
2026-02-23 16:34:45 KST | INFO | 
2026-02-23 16:34:45 KST | INFO | Epoch 58/200 | LR: 0.081262
2026-02-23 16:37:30 KST | INFO |   Train Loss: 0.2673 | Test Loss: 0.0019 | Test Acc: 83.54%
2026-02-23 16:37:30 KST | INFO |   No improvement (5/30)
2026-02-23 16:37:30 KST | INFO | 
2026-02-23 16:37:30 KST | INFO | Epoch 59/200 | LR: 0.080646
2026-02-23 16:40:28 KST | INFO |   Train Loss: 0.2696 | Test Loss: 0.0016 | Test Acc: 86.66%
2026-02-23 16:40:28 KST | INFO |   No improvement (6/30)
2026-02-23 16:40:28 KST | INFO | 
2026-02-23 16:40:28 KST | INFO | Epoch 60/200 | LR: 0.080021
2026-02-23 16:43:14 KST | INFO |   Train Loss: 0.2656 | Test Loss: 0.0018 | Test Acc: 85.04%
2026-02-23 16:43:14 KST | INFO |   No improvement (7/30)
2026-02-23 16:43:14 KST | INFO | 
2026-02-23 16:43:14 KST | INFO | Epoch 61/200 | LR: 0.079389
2026-02-23 16:46:06 KST | INFO |   Train Loss: 0.2627 | Test Loss: 0.0016 | Test Acc: 86.66%
2026-02-23 16:46:06 KST | INFO |   No improvement (8/30)
2026-02-23 16:46:06 KST | INFO | 
2026-02-23 16:46:06 KST | INFO | Epoch 62/200 | LR: 0.078750
2026-02-23 16:48:59 KST | INFO |   Train Loss: 0.2617 | Test Loss: 0.0017 | Test Acc: 85.55%
2026-02-23 16:48:59 KST | INFO |   No improvement (9/30)
2026-02-23 16:48:59 KST | INFO | 
2026-02-23 16:48:59 KST | INFO | Epoch 63/200 | LR: 0.078104
2026-02-23 16:51:51 KST | INFO |   Train Loss: 0.2565 | Test Loss: 0.0018 | Test Acc: 85.11%
2026-02-23 16:51:51 KST | INFO |   No improvement (10/30)
2026-02-23 16:51:51 KST | INFO | 
2026-02-23 16:51:51 KST | INFO | Epoch 64/200 | LR: 0.077451
2026-02-23 16:54:34 KST | INFO |   Train Loss: 0.2560 | Test Loss: 0.0023 | Test Acc: 82.36%
2026-02-23 16:54:34 KST | INFO |   No improvement (11/30)
2026-02-23 16:54:34 KST | INFO | 
2026-02-23 16:54:34 KST | INFO | Epoch 65/200 | LR: 0.076792
2026-02-23 16:57:37 KST | INFO |   Train Loss: 0.2491 | Test Loss: 0.0016 | Test Acc: 86.25%
2026-02-23 16:57:37 KST | INFO |   No improvement (12/30)
2026-02-23 16:57:37 KST | INFO | 
2026-02-23 16:57:37 KST | INFO | Epoch 66/200 | LR: 0.076125
2026-02-23 17:00:23 KST | INFO |   Train Loss: 0.2495 | Test Loss: 0.0015 | Test Acc: 87.28%
2026-02-23 17:00:23 KST | INFO |   🏆 New best accuracy: 87.28%
2026-02-23 17:00:23 KST | INFO | 
2026-02-23 17:00:23 KST | INFO | Epoch 67/200 | LR: 0.075452
2026-02-23 17:03:14 KST | INFO |   Train Loss: 0.2456 | Test Loss: 0.0015 | Test Acc: 87.85%
2026-02-23 17:03:14 KST | INFO |   🏆 New best accuracy: 87.85%
2026-02-23 17:03:14 KST | INFO | 
2026-02-23 17:03:14 KST | INFO | Epoch 68/200 | LR: 0.074773
2026-02-23 17:05:58 KST | INFO |   Train Loss: 0.2467 | Test Loss: 0.0014 | Test Acc: 88.20%
2026-02-23 17:05:58 KST | INFO |   🏆 New best accuracy: 88.20%
2026-02-23 17:05:58 KST | INFO | 
2026-02-23 17:05:58 KST | INFO | Epoch 69/200 | LR: 0.074088
2026-02-23 17:08:54 KST | INFO |   Train Loss: 0.2382 | Test Loss: 0.0017 | Test Acc: 85.53%
2026-02-23 17:08:54 KST | INFO |   No improvement (1/30)
2026-02-23 17:08:54 KST | INFO | 
2026-02-23 17:08:54 KST | INFO | Epoch 70/200 | LR: 0.073397
2026-02-23 17:11:47 KST | INFO |   Train Loss: 0.2385 | Test Loss: 0.0015 | Test Acc: 87.78%
2026-02-23 17:11:47 KST | INFO |   No improvement (2/30)
2026-02-23 17:11:47 KST | INFO | 
2026-02-23 17:11:47 KST | INFO | Epoch 71/200 | LR: 0.072700
2026-02-23 17:14:30 KST | INFO |   Train Loss: 0.2419 | Test Loss: 0.0018 | Test Acc: 84.94%
2026-02-23 17:14:30 KST | INFO |   No improvement (3/30)
2026-02-23 17:14:30 KST | INFO | 
2026-02-23 17:14:30 KST | INFO | Epoch 72/200 | LR: 0.071997
2026-02-23 17:17:22 KST | INFO |   Train Loss: 0.2380 | Test Loss: 0.0017 | Test Acc: 85.50%
2026-02-23 17:17:22 KST | INFO |   No improvement (4/30)
2026-02-23 17:17:22 KST | INFO | 
2026-02-23 17:17:22 KST | INFO | Epoch 73/200 | LR: 0.071289
2026-02-23 17:20:14 KST | INFO |   Train Loss: 0.2336 | Test Loss: 0.0015 | Test Acc: 87.19%
2026-02-23 17:20:14 KST | INFO |   No improvement (5/30)
2026-02-23 17:20:14 KST | INFO | 
2026-02-23 17:20:14 KST | INFO | Epoch 74/200 | LR: 0.070576
2026-02-23 17:23:04 KST | INFO |   Train Loss: 0.2318 | Test Loss: 0.0015 | Test Acc: 87.58%
2026-02-23 17:23:04 KST | INFO |   No improvement (6/30)
2026-02-23 17:23:04 KST | INFO | 
2026-02-23 17:23:04 KST | INFO | Epoch 75/200 | LR: 0.069858
2026-02-23 17:25:42 KST | INFO |   Train Loss: 0.2285 | Test Loss: 0.0015 | Test Acc: 87.16%
2026-02-23 17:25:42 KST | INFO |   No improvement (7/30)
2026-02-23 17:25:42 KST | INFO | 
2026-02-23 17:25:42 KST | INFO | Epoch 76/200 | LR: 0.069134
2026-02-23 17:28:41 KST | INFO |   Train Loss: 0.2281 | Test Loss: 0.0019 | Test Acc: 84.95%
2026-02-23 17:28:41 KST | INFO |   No improvement (8/30)
2026-02-23 17:28:41 KST | INFO | 
2026-02-23 17:28:41 KST | INFO | Epoch 77/200 | LR: 0.068407
2026-02-23 17:31:39 KST | INFO |   Train Loss: 0.2241 | Test Loss: 0.0016 | Test Acc: 86.09%
2026-02-23 17:31:39 KST | INFO |   No improvement (9/30)
2026-02-23 17:31:39 KST | INFO | 
2026-02-23 17:31:39 KST | INFO | Epoch 78/200 | LR: 0.067674
2026-02-23 17:34:33 KST | INFO |   Train Loss: 0.2143 | Test Loss: 0.0015 | Test Acc: 87.70%
2026-02-23 17:34:33 KST | INFO |   No improvement (10/30)
2026-02-23 17:34:33 KST | INFO | 
2026-02-23 17:34:33 KST | INFO | Epoch 79/200 | LR: 0.066937
2026-02-23 17:37:12 KST | INFO |   Train Loss: 0.2175 | Test Loss: 0.0015 | Test Acc: 87.67%
2026-02-23 17:37:12 KST | INFO |   No improvement (11/30)
2026-02-23 17:37:12 KST | INFO | 
2026-02-23 17:37:12 KST | INFO | Epoch 80/200 | LR: 0.066196
2026-02-23 17:40:23 KST | INFO |   Train Loss: 0.2139 | Test Loss: 0.0015 | Test Acc: 87.86%
2026-02-23 17:40:23 KST | INFO |   No improvement (12/30)
2026-02-23 17:40:23 KST | INFO | 
2026-02-23 17:40:23 KST | INFO | Epoch 81/200 | LR: 0.065451
2026-02-23 17:43:12 KST | INFO |   Train Loss: 0.2135 | Test Loss: 0.0014 | Test Acc: 88.49%
2026-02-23 17:43:12 KST | INFO |   🏆 New best accuracy: 88.49%
2026-02-23 17:43:12 KST | INFO | 
2026-02-23 17:43:12 KST | INFO | Epoch 82/200 | LR: 0.064702
2026-02-23 17:45:55 KST | INFO |   Train Loss: 0.2113 | Test Loss: 0.0014 | Test Acc: 88.19%
2026-02-23 17:45:55 KST | INFO |   No improvement (1/30)
2026-02-23 17:45:55 KST | INFO | 
2026-02-23 17:45:55 KST | INFO | Epoch 83/200 | LR: 0.063950
2026-02-23 17:48:38 KST | INFO |   Train Loss: 0.2067 | Test Loss: 0.0016 | Test Acc: 86.79%
2026-02-23 17:48:38 KST | INFO |   No improvement (2/30)
2026-02-23 17:48:38 KST | INFO | 
2026-02-23 17:48:38 KST | INFO | Epoch 84/200 | LR: 0.063194
2026-02-23 17:51:27 KST | INFO |   Train Loss: 0.2053 | Test Loss: 0.0016 | Test Acc: 86.89%
2026-02-23 17:51:27 KST | INFO |   No improvement (3/30)
2026-02-23 17:51:27 KST | INFO | 
2026-02-23 17:51:27 KST | INFO | Epoch 85/200 | LR: 0.062435
2026-02-23 17:54:10 KST | INFO |   Train Loss: 0.2018 | Test Loss: 0.0014 | Test Acc: 88.06%
2026-02-23 17:54:10 KST | INFO |   No improvement (4/30)
2026-02-23 17:54:10 KST | INFO | 
2026-02-23 17:54:10 KST | INFO | Epoch 86/200 | LR: 0.061673
2026-02-23 17:56:52 KST | INFO |   Train Loss: 0.1991 | Test Loss: 0.0015 | Test Acc: 87.44%
2026-02-23 17:56:52 KST | INFO |   No improvement (5/30)
2026-02-23 17:56:52 KST | INFO | 
2026-02-23 17:56:52 KST | INFO | Epoch 87/200 | LR: 0.060908
2026-02-23 17:59:41 KST | INFO |   Train Loss: 0.2000 | Test Loss: 0.0018 | Test Acc: 85.75%
2026-02-23 17:59:41 KST | INFO |   No improvement (6/30)
2026-02-23 17:59:41 KST | INFO | 
2026-02-23 17:59:41 KST | INFO | Epoch 88/200 | LR: 0.060140
2026-02-23 18:02:31 KST | INFO |   Train Loss: 0.1972 | Test Loss: 0.0014 | Test Acc: 88.00%
2026-02-23 18:02:31 KST | INFO |   No improvement (7/30)
2026-02-23 18:02:31 KST | INFO | 
2026-02-23 18:02:31 KST | INFO | Epoch 89/200 | LR: 0.059369
2026-02-23 18:05:06 KST | INFO |   Train Loss: 0.1971 | Test Loss: 0.0014 | Test Acc: 88.51%
2026-02-23 18:05:06 KST | INFO |   🏆 New best accuracy: 88.51%
2026-02-23 18:05:06 KST | INFO | 
2026-02-23 18:05:06 KST | INFO | Epoch 90/200 | LR: 0.058597
2026-02-23 18:07:58 KST | INFO |   Train Loss: 0.1895 | Test Loss: 0.0017 | Test Acc: 85.38%
2026-02-23 18:07:58 KST | INFO |   No improvement (1/30)
2026-02-23 18:07:58 KST | INFO | 
2026-02-23 18:07:58 KST | INFO | Epoch 91/200 | LR: 0.057822
2026-02-23 18:10:47 KST | INFO |   Train Loss: 0.1925 | Test Loss: 0.0015 | Test Acc: 87.24%
2026-02-23 18:10:47 KST | INFO |   No improvement (2/30)
2026-02-23 18:10:47 KST | INFO | 
2026-02-23 18:10:47 KST | INFO | Epoch 92/200 | LR: 0.057045
2026-02-23 18:13:22 KST | INFO |   Train Loss: 0.1818 | Test Loss: 0.0013 | Test Acc: 89.21%
2026-02-23 18:13:22 KST | INFO |   🏆 New best accuracy: 89.21%
2026-02-23 18:13:22 KST | INFO | 
2026-02-23 18:13:22 KST | INFO | Epoch 93/200 | LR: 0.056267
2026-02-23 18:16:11 KST | INFO |   Train Loss: 0.1825 | Test Loss: 0.0015 | Test Acc: 87.67%
2026-02-23 18:16:11 KST | INFO |   No improvement (1/30)
2026-02-23 18:16:11 KST | INFO | 
2026-02-23 18:16:11 KST | INFO | Epoch 94/200 | LR: 0.055487
2026-02-23 18:19:00 KST | INFO |   Train Loss: 0.1830 | Test Loss: 0.0013 | Test Acc: 88.67%
2026-02-23 18:19:00 KST | INFO |   No improvement (2/30)
2026-02-23 18:19:00 KST | INFO | 
2026-02-23 18:19:00 KST | INFO | Epoch 95/200 | LR: 0.054706
2026-02-23 18:21:42 KST | INFO |   Train Loss: 0.1786 | Test Loss: 0.0016 | Test Acc: 86.95%
2026-02-23 18:21:42 KST | INFO |   No improvement (3/30)
2026-02-23 18:21:42 KST | INFO | 
2026-02-23 18:21:42 KST | INFO | Epoch 96/200 | LR: 0.053923
2026-02-23 18:24:23 KST | INFO |   Train Loss: 0.1778 | Test Loss: 0.0015 | Test Acc: 87.79%
2026-02-23 18:24:23 KST | INFO |   No improvement (4/30)
2026-02-23 18:24:23 KST | INFO | 
2026-02-23 18:24:23 KST | INFO | Epoch 97/200 | LR: 0.053140
2026-02-23 18:27:11 KST | INFO |   Train Loss: 0.1746 | Test Loss: 0.0014 | Test Acc: 88.60%
2026-02-23 18:27:11 KST | INFO |   No improvement (5/30)
2026-02-23 18:27:11 KST | INFO | 
2026-02-23 18:27:11 KST | INFO | Epoch 98/200 | LR: 0.052356
2026-02-23 18:30:00 KST | INFO |   Train Loss: 0.1742 | Test Loss: 0.0015 | Test Acc: 87.31%
2026-02-23 18:30:00 KST | INFO |   No improvement (6/30)
2026-02-23 18:30:00 KST | INFO | 
2026-02-23 18:30:00 KST | INFO | Epoch 99/200 | LR: 0.051571
2026-02-23 18:32:42 KST | INFO |   Train Loss: 0.1680 | Test Loss: 0.0015 | Test Acc: 87.85%
2026-02-23 18:32:42 KST | INFO |   No improvement (7/30)
2026-02-23 18:32:42 KST | INFO | 
2026-02-23 18:32:42 KST | INFO | Epoch 100/200 | LR: 0.050786
2026-02-23 18:35:24 KST | INFO |   Train Loss: 0.1653 | Test Loss: 0.0017 | Test Acc: 85.85%
2026-02-23 18:35:24 KST | INFO |   No improvement (8/30)
2026-02-23 18:35:24 KST | INFO | 
2026-02-23 18:35:24 KST | INFO | Epoch 101/200 | LR: 0.050001
2026-02-23 18:38:14 KST | INFO |   Train Loss: 0.1619 | Test Loss: 0.0017 | Test Acc: 85.83%
2026-02-23 18:38:14 KST | INFO |   No improvement (9/30)
2026-02-23 18:38:14 KST | INFO | 
2026-02-23 18:38:14 KST | INFO | Epoch 102/200 | LR: 0.049215
2026-02-23 18:41:03 KST | INFO |   Train Loss: 0.1583 | Test Loss: 0.0017 | Test Acc: 86.19%
2026-02-23 18:41:03 KST | INFO |   No improvement (10/30)
2026-02-23 18:41:03 KST | INFO | 
2026-02-23 18:41:03 KST | INFO | Epoch 103/200 | LR: 0.048430
2026-02-23 18:43:38 KST | INFO |   Train Loss: 0.1582 | Test Loss: 0.0015 | Test Acc: 87.46%
2026-02-23 18:43:38 KST | INFO |   No improvement (11/30)
2026-02-23 18:43:38 KST | INFO | 
2026-02-23 18:43:38 KST | INFO | Epoch 104/200 | LR: 0.047645
2026-02-23 18:46:28 KST | INFO |   Train Loss: 0.1515 | Test Loss: 0.0014 | Test Acc: 88.41%
2026-02-23 18:46:28 KST | INFO |   No improvement (12/30)
2026-02-23 18:46:28 KST | INFO | 
2026-02-23 18:46:28 KST | INFO | Epoch 105/200 | LR: 0.046861
2026-02-23 18:49:16 KST | INFO |   Train Loss: 0.1500 | Test Loss: 0.0015 | Test Acc: 87.49%
2026-02-23 18:49:16 KST | INFO |   No improvement (13/30)
2026-02-23 18:49:16 KST | INFO | 
2026-02-23 18:49:16 KST | INFO | Epoch 106/200 | LR: 0.046078
2026-02-23 18:52:05 KST | INFO |   Train Loss: 0.1522 | Test Loss: 0.0014 | Test Acc: 88.60%
2026-02-23 18:52:05 KST | INFO |   No improvement (14/30)
2026-02-23 18:52:05 KST | INFO | 
2026-02-23 18:52:05 KST | INFO | Epoch 107/200 | LR: 0.045295
2026-02-23 18:54:41 KST | INFO |   Train Loss: 0.1512 | Test Loss: 0.0012 | Test Acc: 89.66%
2026-02-23 18:54:41 KST | INFO |   🏆 New best accuracy: 89.66%
2026-02-23 18:54:41 KST | INFO | 
2026-02-23 18:54:41 KST | INFO | Epoch 108/200 | LR: 0.044514
2026-02-23 18:57:29 KST | INFO |   Train Loss: 0.1417 | Test Loss: 0.0015 | Test Acc: 87.38%
2026-02-23 18:57:29 KST | INFO |   No improvement (1/30)
2026-02-23 18:57:29 KST | INFO | 
2026-02-23 18:57:29 KST | INFO | Epoch 109/200 | LR: 0.043734
2026-02-23 19:00:17 KST | INFO |   Train Loss: 0.1444 | Test Loss: 0.0015 | Test Acc: 87.55%
2026-02-23 19:00:17 KST | INFO |   No improvement (2/30)
2026-02-23 19:00:17 KST | INFO | 
2026-02-23 19:00:17 KST | INFO | Epoch 110/200 | LR: 0.042956
2026-02-23 19:03:04 KST | INFO |   Train Loss: 0.1407 | Test Loss: 0.0014 | Test Acc: 88.12%
2026-02-23 19:03:04 KST | INFO |   No improvement (3/30)
2026-02-23 19:03:04 KST | INFO | 
2026-02-23 19:03:04 KST | INFO | Epoch 111/200 | LR: 0.042179
2026-02-23 19:05:49 KST | INFO |   Train Loss: 0.1379 | Test Loss: 0.0013 | Test Acc: 89.16%
2026-02-23 19:05:49 KST | INFO |   No improvement (4/30)
2026-02-23 19:05:49 KST | INFO | 
2026-02-23 19:05:49 KST | INFO | Epoch 112/200 | LR: 0.041404
2026-02-23 19:08:32 KST | INFO |   Train Loss: 0.1347 | Test Loss: 0.0013 | Test Acc: 89.38%
2026-02-23 19:08:32 KST | INFO |   No improvement (5/30)
2026-02-23 19:08:32 KST | INFO | 
2026-02-23 19:08:32 KST | INFO | Epoch 113/200 | LR: 0.040632
2026-02-23 19:11:20 KST | INFO |   Train Loss: 0.1333 | Test Loss: 0.0015 | Test Acc: 87.67%
2026-02-23 19:11:20 KST | INFO |   No improvement (6/30)
2026-02-23 19:11:20 KST | INFO | 
2026-02-23 19:11:20 KST | INFO | Epoch 114/200 | LR: 0.039861
2026-02-23 19:14:04 KST | INFO |   Train Loss: 0.1269 | Test Loss: 0.0016 | Test Acc: 86.81%
2026-02-23 19:14:04 KST | INFO |   No improvement (7/30)
2026-02-23 19:14:04 KST | INFO | 
2026-02-23 19:14:04 KST | INFO | Epoch 115/200 | LR: 0.039093
2026-02-23 19:16:53 KST | INFO |   Train Loss: 0.1249 | Test Loss: 0.0015 | Test Acc: 87.58%
2026-02-23 19:16:53 KST | INFO |   No improvement (8/30)
2026-02-23 19:16:53 KST | INFO | 
2026-02-23 19:16:53 KST | INFO | Epoch 116/200 | LR: 0.038328
2026-02-23 19:19:42 KST | INFO |   Train Loss: 0.1230 | Test Loss: 0.0012 | Test Acc: 90.21%
2026-02-23 19:19:42 KST | INFO |   🏆 New best accuracy: 90.21%
2026-02-23 19:19:42 KST | INFO | 
2026-02-23 19:19:42 KST | INFO | Epoch 117/200 | LR: 0.037566
2026-02-23 19:22:18 KST | INFO |   Train Loss: 0.1232 | Test Loss: 0.0014 | Test Acc: 88.56%
2026-02-23 19:22:18 KST | INFO |   No improvement (1/30)
2026-02-23 19:22:18 KST | INFO | 
2026-02-23 19:22:18 KST | INFO | Epoch 118/200 | LR: 0.036807
2026-02-23 19:25:14 KST | INFO |   Train Loss: 0.1196 | Test Loss: 0.0013 | Test Acc: 88.85%
2026-02-23 19:25:14 KST | INFO |   No improvement (2/30)
2026-02-23 19:25:14 KST | INFO | 
2026-02-23 19:25:14 KST | INFO | Epoch 119/200 | LR: 0.036051
2026-02-23 19:28:03 KST | INFO |   Train Loss: 0.1175 | Test Loss: 0.0013 | Test Acc: 89.67%
2026-02-23 19:28:03 KST | INFO |   No improvement (3/30)
2026-02-23 19:28:03 KST | INFO | 
2026-02-23 19:28:03 KST | INFO | Epoch 120/200 | LR: 0.035299
2026-02-23 19:30:50 KST | INFO |   Train Loss: 0.1156 | Test Loss: 0.0013 | Test Acc: 89.25%
2026-02-23 19:30:50 KST | INFO |   No improvement (4/30)
2026-02-23 19:30:50 KST | INFO | 
2026-02-23 19:30:50 KST | INFO | Epoch 121/200 | LR: 0.034550
2026-02-23 19:33:26 KST | INFO |   Train Loss: 0.1119 | Test Loss: 0.0014 | Test Acc: 88.94%
2026-02-23 19:33:26 KST | INFO |   No improvement (5/30)
2026-02-23 19:33:26 KST | INFO | 
2026-02-23 19:33:26 KST | INFO | Epoch 122/200 | LR: 0.033805
2026-02-23 19:36:16 KST | INFO |   Train Loss: 0.1123 | Test Loss: 0.0013 | Test Acc: 89.26%
2026-02-23 19:36:16 KST | INFO |   No improvement (6/30)
2026-02-23 19:36:16 KST | INFO | 
2026-02-23 19:36:16 KST | INFO | Epoch 123/200 | LR: 0.033064
2026-02-23 19:39:04 KST | INFO |   Train Loss: 0.1077 | Test Loss: 0.0014 | Test Acc: 88.97%
2026-02-23 19:39:04 KST | INFO |   No improvement (7/30)
2026-02-23 19:39:04 KST | INFO | 
2026-02-23 19:39:04 KST | INFO | Epoch 124/200 | LR: 0.032327
2026-02-23 19:41:43 KST | INFO |   Train Loss: 0.1076 | Test Loss: 0.0013 | Test Acc: 89.54%
2026-02-23 19:41:43 KST | INFO |   No improvement (8/30)
2026-02-23 19:41:43 KST | INFO | 
2026-02-23 19:41:43 KST | INFO | Epoch 125/200 | LR: 0.031594
2026-02-23 19:44:28 KST | INFO |   Train Loss: 0.1026 | Test Loss: 0.0012 | Test Acc: 90.54%
2026-02-23 19:44:28 KST | INFO |   🏆 New best accuracy: 90.54%
2026-02-23 19:44:28 KST | INFO | 
2026-02-23 19:44:28 KST | INFO | Epoch 126/200 | LR: 0.030867
2026-02-23 19:47:26 KST | INFO |   Train Loss: 0.0976 | Test Loss: 0.0013 | Test Acc: 89.64%
2026-02-23 19:47:26 KST | INFO |   No improvement (1/30)
2026-02-23 19:47:26 KST | INFO | 
2026-02-23 19:47:26 KST | INFO | Epoch 127/200 | LR: 0.030143
2026-02-23 19:50:07 KST | INFO |   Train Loss: 0.0967 | Test Loss: 0.0013 | Test Acc: 89.61%
2026-02-23 19:50:07 KST | INFO |   No improvement (2/30)
2026-02-23 19:50:07 KST | INFO | 
2026-02-23 19:50:07 KST | INFO | Epoch 128/200 | LR: 0.029425
2026-02-23 19:52:57 KST | INFO |   Train Loss: 0.0945 | Test Loss: 0.0014 | Test Acc: 88.99%
2026-02-23 19:52:57 KST | INFO |   No improvement (3/30)
2026-02-23 19:52:57 KST | INFO | 
2026-02-23 19:52:57 KST | INFO | Epoch 129/200 | LR: 0.028712
2026-02-23 19:55:52 KST | INFO |   Train Loss: 0.0937 | Test Loss: 0.0013 | Test Acc: 89.75%
2026-02-23 19:55:52 KST | INFO |   No improvement (4/30)
2026-02-23 19:55:52 KST | INFO | 
2026-02-23 19:55:52 KST | INFO | Epoch 130/200 | LR: 0.028004
2026-02-23 19:58:34 KST | INFO |   Train Loss: 0.0888 | Test Loss: 0.0014 | Test Acc: 89.17%
2026-02-23 19:58:34 KST | INFO |   No improvement (5/30)
2026-02-23 19:58:34 KST | INFO | 
2026-02-23 19:58:34 KST | INFO | Epoch 131/200 | LR: 0.027301
2026-02-23 20:01:16 KST | INFO |   Train Loss: 0.0900 | Test Loss: 0.0014 | Test Acc: 89.29%
2026-02-23 20:01:16 KST | INFO |   No improvement (6/30)
2026-02-23 20:01:16 KST | INFO | 
2026-02-23 20:01:16 KST | INFO | Epoch 132/200 | LR: 0.026604
2026-02-23 20:04:09 KST | INFO |   Train Loss: 0.0842 | Test Loss: 0.0012 | Test Acc: 90.26%
2026-02-23 20:04:09 KST | INFO |   No improvement (7/30)
2026-02-23 20:04:09 KST | INFO | 
2026-02-23 20:04:09 KST | INFO | Epoch 133/200 | LR: 0.025913
2026-02-23 20:06:59 KST | INFO |   Train Loss: 0.0821 | Test Loss: 0.0014 | Test Acc: 88.42%
2026-02-23 20:06:59 KST | INFO |   No improvement (8/30)
2026-02-23 20:06:59 KST | INFO | 
2026-02-23 20:06:59 KST | INFO | Epoch 134/200 | LR: 0.025228
2026-02-23 20:09:42 KST | INFO |   Train Loss: 0.0792 | Test Loss: 0.0014 | Test Acc: 89.14%
2026-02-23 20:09:42 KST | INFO |   No improvement (9/30)
2026-02-23 20:09:42 KST | INFO | 
2026-02-23 20:09:42 KST | INFO | Epoch 135/200 | LR: 0.024549
2026-02-23 20:12:25 KST | INFO |   Train Loss: 0.0789 | Test Loss: 0.0013 | Test Acc: 89.10%
2026-02-23 20:12:25 KST | INFO |   No improvement (10/30)
2026-02-23 20:12:25 KST | INFO | 
2026-02-23 20:12:25 KST | INFO | Epoch 136/200 | LR: 0.023876
2026-02-23 20:15:14 KST | INFO |   Train Loss: 0.0779 | Test Loss: 0.0013 | Test Acc: 89.90%
2026-02-23 20:15:14 KST | INFO |   No improvement (11/30)
2026-02-23 20:15:14 KST | INFO | 
2026-02-23 20:15:14 KST | INFO | Epoch 137/200 | LR: 0.023209
2026-02-23 20:18:02 KST | INFO |   Train Loss: 0.0770 | Test Loss: 0.0013 | Test Acc: 89.26%
2026-02-23 20:18:02 KST | INFO |   No improvement (12/30)
2026-02-23 20:18:02 KST | INFO | 
2026-02-23 20:18:02 KST | INFO | Epoch 138/200 | LR: 0.022550
2026-02-23 20:20:44 KST | INFO |   Train Loss: 0.0733 | Test Loss: 0.0013 | Test Acc: 89.96%
2026-02-23 20:20:44 KST | INFO |   No improvement (13/30)
2026-02-23 20:20:44 KST | INFO | 
2026-02-23 20:20:44 KST | INFO | Epoch 139/200 | LR: 0.021897
2026-02-23 20:23:27 KST | INFO |   Train Loss: 0.0724 | Test Loss: 0.0012 | Test Acc: 90.11%
2026-02-23 20:23:27 KST | INFO |   No improvement (14/30)
2026-02-23 20:23:27 KST | INFO | 
2026-02-23 20:23:27 KST | INFO | Epoch 140/200 | LR: 0.021251
2026-02-23 20:26:16 KST | INFO |   Train Loss: 0.0698 | Test Loss: 0.0015 | Test Acc: 88.25%
2026-02-23 20:26:16 KST | INFO |   No improvement (15/30)
2026-02-23 20:26:16 KST | INFO | 
2026-02-23 20:26:16 KST | INFO | Epoch 141/200 | LR: 0.020612
2026-02-23 20:29:04 KST | INFO |   Train Loss: 0.0686 | Test Loss: 0.0013 | Test Acc: 90.22%
2026-02-23 20:29:04 KST | INFO |   No improvement (16/30)
2026-02-23 20:29:04 KST | INFO | 
2026-02-23 20:29:04 KST | INFO | Epoch 142/200 | LR: 0.019980
2026-02-23 20:31:53 KST | INFO |   Train Loss: 0.0651 | Test Loss: 0.0013 | Test Acc: 90.11%
2026-02-23 20:31:53 KST | INFO |   No improvement (17/30)
2026-02-23 20:31:53 KST | INFO | 
2026-02-23 20:31:53 KST | INFO | Epoch 143/200 | LR: 0.019355
2026-02-23 20:34:28 KST | INFO |   Train Loss: 0.0639 | Test Loss: 0.0013 | Test Acc: 90.34%
2026-02-23 20:34:28 KST | INFO |   No improvement (18/30)
2026-02-23 20:34:28 KST | INFO | 
2026-02-23 20:34:28 KST | INFO | Epoch 144/200 | LR: 0.018739
2026-02-23 20:37:19 KST | INFO |   Train Loss: 0.0626 | Test Loss: 0.0014 | Test Acc: 89.53%
2026-02-23 20:37:19 KST | INFO |   No improvement (19/30)
2026-02-23 20:37:19 KST | INFO | 
2026-02-23 20:37:19 KST | INFO | Epoch 145/200 | LR: 0.018130
2026-02-23 20:40:09 KST | INFO |   Train Loss: 0.0567 | Test Loss: 0.0013 | Test Acc: 90.31%
2026-02-23 20:40:09 KST | INFO |   No improvement (20/30)
2026-02-23 20:40:09 KST | INFO | 
2026-02-23 20:40:09 KST | INFO | Epoch 146/200 | LR: 0.017528
2026-02-23 20:42:45 KST | INFO |   Train Loss: 0.0578 | Test Loss: 0.0013 | Test Acc: 89.99%
2026-02-23 20:42:45 KST | INFO |   No improvement (21/30)
2026-02-23 20:42:45 KST | INFO | 
2026-02-23 20:42:45 KST | INFO | Epoch 147/200 | LR: 0.016935
2026-02-23 20:45:34 KST | INFO |   Train Loss: 0.0542 | Test Loss: 0.0012 | Test Acc: 90.49%
2026-02-23 20:45:34 KST | INFO |   No improvement (22/30)
2026-02-23 20:45:34 KST | INFO | 
2026-02-23 20:45:34 KST | INFO | Epoch 148/200 | LR: 0.016350
2026-02-23 20:48:24 KST | INFO |   Train Loss: 0.0533 | Test Loss: 0.0013 | Test Acc: 90.01%
2026-02-23 20:48:24 KST | INFO |   No improvement (23/30)
2026-02-23 20:48:24 KST | INFO | 
2026-02-23 20:48:24 KST | INFO | Epoch 149/200 | LR: 0.015773
2026-02-23 20:51:06 KST | INFO |   Train Loss: 0.0515 | Test Loss: 0.0013 | Test Acc: 89.95%
2026-02-23 20:51:06 KST | INFO |   No improvement (24/30)
2026-02-23 20:51:06 KST | INFO | 
2026-02-23 20:51:06 KST | INFO | Epoch 150/200 | LR: 0.015205
2026-02-23 20:53:56 KST | INFO |   Train Loss: 0.0522 | Test Loss: 0.0013 | Test Acc: 89.99%
2026-02-23 20:53:56 KST | INFO |   No improvement (25/30)
2026-02-23 20:53:56 KST | INFO | 
2026-02-23 20:53:56 KST | INFO | Epoch 151/200 | LR: 0.014646
2026-02-23 20:56:43 KST | INFO |   Train Loss: 0.0486 | Test Loss: 0.0012 | Test Acc: 90.45%
2026-02-23 20:56:43 KST | INFO |   No improvement (26/30)
2026-02-23 20:56:43 KST | INFO | 
2026-02-23 20:56:43 KST | INFO | Epoch 152/200 | LR: 0.014095
2026-02-23 20:59:26 KST | INFO |   Train Loss: 0.0474 | Test Loss: 0.0014 | Test Acc: 89.49%
2026-02-23 20:59:26 KST | INFO |   No improvement (27/30)
2026-02-23 20:59:26 KST | INFO | 
2026-02-23 20:59:26 KST | INFO | Epoch 153/200 | LR: 0.013552
2026-02-23 21:02:09 KST | INFO |   Train Loss: 0.0454 | Test Loss: 0.0013 | Test Acc: 90.26%
2026-02-23 21:02:09 KST | INFO |   No improvement (28/30)
2026-02-23 21:02:09 KST | INFO | 
2026-02-23 21:02:09 KST | INFO | Epoch 154/200 | LR: 0.013019
2026-02-23 21:04:58 KST | INFO |   Train Loss: 0.0417 | Test Loss: 0.0014 | Test Acc: 90.04%
2026-02-23 21:04:58 KST | INFO |   No improvement (29/30)
2026-02-23 21:04:58 KST | INFO | 
2026-02-23 21:04:58 KST | INFO | Epoch 155/200 | LR: 0.012495
2026-02-23 21:07:48 KST | INFO |   Train Loss: 0.0436 | Test Loss: 0.0014 | Test Acc: 89.83%
2026-02-23 21:07:48 KST | INFO |   No improvement (30/30)
2026-02-23 21:07:48 KST | INFO | 
2026-02-23 21:07:48 KST | INFO | Early stopping after 30 epochs without improvement
2026-02-23 21:07:48 KST | INFO | 
2026-02-23 21:07:48 KST | INFO | ================================================================================
2026-02-23 21:07:48 KST | INFO | TRAINING COMPLETE
2026-02-23 21:07:48 KST | INFO | ================================================================================
2026-02-23 21:07:48 KST | INFO | Best accuracy:  90.54% (Epoch 125)
2026-02-23 21:07:48 KST | INFO | Final accuracy: 89.83%
2026-02-23 21:07:48 KST | INFO | ================================================================================
2026-02-23 21:07:48 KST | INFO | 
2026-02-23 21:07:48 KST | INFO | Notifying nodes of completion...
2026-02-23 21:07:49 KST | INFO | ✓ Nodes notified
2026-02-23 21:07:49 KST | INFO | 
2026-02-23 21:07:49 KST | INFO | Closing connections...
2026-02-23 21:07:49 KST | INFO | ✓ Cleanup complete
2026-02-23 21:07:49 KST | INFO | 
2026-02-23 21:07:49 KST | INFO | Full log: logs/TL++_secure_20260223_135340.log
2026-02-23 21:07:49 KST | INFO | ================================================================================
