2026-02-24 19:23:34 KST | INFO | ================================================================================
2026-02-24 19:23:34 KST | INFO | TL++ Orchestrator
2026-02-24 19:23:34 KST | INFO | ================================================================================
2026-02-24 19:23:34 KST | INFO | Log file: logs/TL++_secure_20260224_192334.log
2026-02-24 19:23:34 KST | INFO | 
2026-02-24 19:23:34 KST | INFO | --------------------------------------------------------------------------------
2026-02-24 19:23:34 KST | INFO | CONFIGURATION
2026-02-24 19:23:34 KST | INFO | --------------------------------------------------------------------------------
2026-02-24 19:23:34 KST | INFO | Secure mode:      True
2026-02-24 19:23:34 KST | INFO | Helper endpoint:  127.0.0.1:8082
2026-02-24 19:23:34 KST | INFO | Activation noise: 2.0%
2026-02-24 19:23:34 KST | INFO | Gradient noise:   10.0%
2026-02-24 19:23:34 KST | INFO | Nodes:            8
2026-02-24 19:23:34 KST | INFO | Cut layer:        2
2026-02-24 19:23:34 KST | INFO | Batch size:       128
2026-02-24 19:23:34 KST | INFO | Learning rate:    0.1
2026-02-24 19:23:34 KST | INFO | 
2026-02-24 19:23:34 KST | INFO | Computation device: cuda
2026-02-24 19:23:34 KST | INFO | Secure mode: ✓ ENABLED
2026-02-24 19:23:34 KST | INFO | 
2026-02-24 19:23:34 KST | INFO | --------------------------------------------------------------------------------
2026-02-24 19:23:34 KST | INFO | NETWORK SETUP
2026-02-24 19:23:34 KST | INFO | --------------------------------------------------------------------------------
2026-02-24 19:23:34 KST | INFO | ✓ Orchestrator listening on 127.0.0.1:8080
2026-02-24 19:23:34 KST | INFO | ✓ Helper node on 127.0.0.1:8082
2026-02-24 19:23:34 KST | INFO | 
2026-02-24 19:23:34 KST | INFO | Waiting for helper node...
2026-02-24 19:23:35 KST | INFO | ✓ Helper node connected
2026-02-24 19:23:35 KST | INFO | ✓ Noise config sent to helper (activation: 2.0%, gradient: 10.0%)
2026-02-24 19:23:35 KST | INFO | 
2026-02-24 19:23:35 KST | INFO | Waiting for 8 node(s)...
2026-02-24 19:23:40 KST | INFO |   ✓ Node 1/8 connected
2026-02-24 19:23:41 KST | INFO |   ✓ Node 2/8 connected
2026-02-24 19:23:41 KST | INFO |   ✓ Node 3/8 connected
2026-02-24 19:23:42 KST | INFO |   ✓ Node 4/8 connected
2026-02-24 19:23:43 KST | INFO |   ✓ Node 5/8 connected
2026-02-24 19:23:44 KST | INFO |   ✓ Node 6/8 connected
2026-02-24 19:23:45 KST | INFO |   ✓ Node 7/8 connected
2026-02-24 19:23:46 KST | INFO |   ✓ Node 8/8 connected
2026-02-24 19:23:46 KST | INFO | ✓ All 8 node(s) connected
2026-02-24 19:23:46 KST | INFO | 
2026-02-24 19:23:46 KST | INFO | --------------------------------------------------------------------------------
2026-02-24 19:23:46 KST | INFO | MODEL INITIALIZATION
2026-02-24 19:23:46 KST | INFO | --------------------------------------------------------------------------------
2026-02-24 19:23:46 KST | INFO | Node-side parameters: 260,160
2026-02-24 19:23:46 KST | INFO | 
2026-02-24 19:23:46 KST | INFO | --------------------------------------------------------------------------------
2026-02-24 19:23:46 KST | INFO | BROADCASTING CONFIGURATION
2026-02-24 19:23:46 KST | INFO | --------------------------------------------------------------------------------
2026-02-24 19:23:46 KST | INFO | ✓ Configuration broadcast to all nodes
2026-02-24 19:23:48 KST | INFO | 
2026-02-24 19:23:48 KST | INFO | Total parameters:     3,247,176
2026-02-24 19:23:48 KST | INFO | Trainable parameters: 3,247,176
2026-02-24 19:23:48 KST | INFO | 
2026-02-24 19:23:48 KST | INFO | --------------------------------------------------------------------------------
2026-02-24 19:23:48 KST | INFO | DATA LOADING
2026-02-24 19:23:48 KST | INFO | --------------------------------------------------------------------------------
2026-02-24 19:24:16 KST | INFO | ✓ Dataset information collected:
2026-02-24 19:24:16 KST | INFO |     Node 1: 5,000 samples
2026-02-24 19:24:16 KST | INFO |     Node 2: 5,000 samples
2026-02-24 19:24:16 KST | INFO |     Node 3: 5,000 samples
2026-02-24 19:24:16 KST | INFO |     Node 4: 5,000 samples
2026-02-24 19:24:16 KST | INFO |     Node 5: 5,000 samples
2026-02-24 19:24:16 KST | INFO |     Node 6: 5,000 samples
2026-02-24 19:24:16 KST | INFO |     Node 7: 5,000 samples
2026-02-24 19:24:16 KST | INFO |     Node 8: 5,000 samples
2026-02-24 19:24:16 KST | INFO |   Total training samples: 40,000
2026-02-24 19:24:16 KST | INFO | 
2026-02-24 19:24:20 KST | INFO | ✓ Test dataset loaded: 8,000 samples
2026-02-24 19:24:20 KST | INFO | 
2026-02-24 19:24:20 KST | INFO | ✓ Batch scheduler: 313 batches/epoch
2026-02-24 19:24:20 KST | INFO | 
2026-02-24 19:24:20 KST | INFO | --------------------------------------------------------------------------------
2026-02-24 19:24:20 KST | INFO | OPTIMIZATION SETUP
2026-02-24 19:24:20 KST | INFO | --------------------------------------------------------------------------------
2026-02-24 19:24:20 KST | INFO | ✓ Optimizer: SGD (lr=0.1, momentum=0.9)
2026-02-24 19:24:20 KST | INFO | ✓ Scheduler: cosine
2026-02-24 19:24:20 KST | INFO | ✓ Gradient clipping: 1.0
2026-02-24 19:24:20 KST | INFO | 
2026-02-24 19:24:20 KST | INFO | ================================================================================
2026-02-24 19:24:20 KST | INFO | Setup complete - Ready for training
2026-02-24 19:24:20 KST | INFO | ================================================================================
2026-02-24 19:24:20 KST | INFO | 
2026-02-24 19:24:20 KST | INFO | --------------------------------------------------------------------------------
2026-02-24 19:24:20 KST | INFO | TRAINING
2026-02-24 19:24:20 KST | INFO | --------------------------------------------------------------------------------
2026-02-24 19:24:20 KST | INFO | 
2026-02-24 19:24:20 KST | INFO | Epoch 1/200 | LR: 0.100000
2026-02-24 19:27:12 KST | INFO |   Train Loss: 1.5842 | Test Loss: 0.0055 | Test Acc: 47.98%
2026-02-24 19:27:12 KST | INFO |   🏆 New best accuracy: 47.98%
2026-02-24 19:27:12 KST | INFO | 
2026-02-24 19:27:12 KST | INFO | Epoch 2/200 | LR: 0.099994
2026-02-24 19:29:49 KST | INFO |   Train Loss: 1.1943 | Test Loss: 0.0045 | Test Acc: 60.10%
2026-02-24 19:29:49 KST | INFO |   🏆 New best accuracy: 60.10%
2026-02-24 19:29:49 KST | INFO | 
2026-02-24 19:29:49 KST | INFO | Epoch 3/200 | LR: 0.099975
2026-02-24 19:32:40 KST | INFO |   Train Loss: 0.9817 | Test Loss: 0.0042 | Test Acc: 62.99%
2026-02-24 19:32:40 KST | INFO |   🏆 New best accuracy: 62.99%
2026-02-24 19:32:40 KST | INFO | 
2026-02-24 19:32:40 KST | INFO | Epoch 4/200 | LR: 0.099944
2026-02-24 19:35:29 KST | INFO |   Train Loss: 0.8484 | Test Loss: 0.0039 | Test Acc: 67.78%
2026-02-24 19:35:29 KST | INFO |   🏆 New best accuracy: 67.78%
2026-02-24 19:35:29 KST | INFO | 
2026-02-24 19:35:29 KST | INFO | Epoch 5/200 | LR: 0.099901
2026-02-24 19:38:13 KST | INFO |   Train Loss: 0.7580 | Test Loss: 0.0030 | Test Acc: 74.49%
2026-02-24 19:38:13 KST | INFO |   🏆 New best accuracy: 74.49%
2026-02-24 19:38:13 KST | INFO | 
2026-02-24 19:38:13 KST | INFO | Epoch 6/200 | LR: 0.099846
2026-02-24 19:40:56 KST | INFO |   Train Loss: 0.6889 | Test Loss: 0.0032 | Test Acc: 72.64%
2026-02-24 19:40:56 KST | INFO |   No improvement (1/30)
2026-02-24 19:40:56 KST | INFO | 
2026-02-24 19:40:56 KST | INFO | Epoch 7/200 | LR: 0.099778
2026-02-24 19:43:44 KST | INFO |   Train Loss: 0.6405 | Test Loss: 0.0029 | Test Acc: 74.41%
2026-02-24 19:43:44 KST | INFO |   No improvement (2/30)
2026-02-24 19:43:44 KST | INFO | 
2026-02-24 19:43:44 KST | INFO | Epoch 8/200 | LR: 0.099698
2026-02-24 19:46:33 KST | INFO |   Train Loss: 0.6028 | Test Loss: 0.0026 | Test Acc: 78.90%
2026-02-24 19:46:33 KST | INFO |   🏆 New best accuracy: 78.90%
2026-02-24 19:46:33 KST | INFO | 
2026-02-24 19:46:33 KST | INFO | Epoch 9/200 | LR: 0.099606
2026-02-24 19:49:15 KST | INFO |   Train Loss: 0.5688 | Test Loss: 0.0024 | Test Acc: 80.71%
2026-02-24 19:49:15 KST | INFO |   🏆 New best accuracy: 80.71%
2026-02-24 19:49:15 KST | INFO | 
2026-02-24 19:49:15 KST | INFO | Epoch 10/200 | LR: 0.099501
2026-02-24 19:52:04 KST | INFO |   Train Loss: 0.5409 | Test Loss: 0.0023 | Test Acc: 80.51%
2026-02-24 19:52:04 KST | INFO |   No improvement (1/30)
2026-02-24 19:52:04 KST | INFO | 
2026-02-24 19:52:04 KST | INFO | Epoch 11/200 | LR: 0.099384
2026-02-24 19:54:47 KST | INFO |   Train Loss: 0.5234 | Test Loss: 0.0029 | Test Acc: 75.59%
2026-02-24 19:54:47 KST | INFO |   No improvement (2/30)
2026-02-24 19:54:47 KST | INFO | 
2026-02-24 19:54:47 KST | INFO | Epoch 12/200 | LR: 0.099255
2026-02-24 19:57:29 KST | INFO |   Train Loss: 0.5033 | Test Loss: 0.0028 | Test Acc: 75.95%
2026-02-24 19:57:29 KST | INFO |   No improvement (3/30)
2026-02-24 19:57:29 KST | INFO | 
2026-02-24 19:57:29 KST | INFO | Epoch 13/200 | LR: 0.099114
2026-02-24 20:00:18 KST | INFO |   Train Loss: 0.4879 | Test Loss: 0.0024 | Test Acc: 80.26%
2026-02-24 20:00:18 KST | INFO |   No improvement (4/30)
2026-02-24 20:00:18 KST | INFO | 
2026-02-24 20:00:18 KST | INFO | Epoch 14/200 | LR: 0.098961
2026-02-24 20:03:09 KST | INFO |   Train Loss: 0.4675 | Test Loss: 0.0022 | Test Acc: 81.78%
2026-02-24 20:03:09 KST | INFO |   🏆 New best accuracy: 81.78%
2026-02-24 20:03:09 KST | INFO | 
2026-02-24 20:03:09 KST | INFO | Epoch 15/200 | LR: 0.098796
2026-02-24 20:05:53 KST | INFO |   Train Loss: 0.4569 | Test Loss: 0.0022 | Test Acc: 81.51%
2026-02-24 20:05:53 KST | INFO |   No improvement (1/30)
2026-02-24 20:05:53 KST | INFO | 
2026-02-24 20:05:53 KST | INFO | Epoch 16/200 | LR: 0.098619
2026-02-24 20:08:32 KST | INFO |   Train Loss: 0.4449 | Test Loss: 0.0024 | Test Acc: 80.06%
2026-02-24 20:08:32 KST | INFO |   No improvement (2/30)
2026-02-24 20:08:32 KST | INFO | 
2026-02-24 20:08:32 KST | INFO | Epoch 17/200 | LR: 0.098429
2026-02-24 20:11:21 KST | INFO |   Train Loss: 0.4324 | Test Loss: 0.0021 | Test Acc: 81.72%
2026-02-24 20:11:21 KST | INFO |   No improvement (3/30)
2026-02-24 20:11:21 KST | INFO | 
2026-02-24 20:11:21 KST | INFO | Epoch 18/200 | LR: 0.098228
2026-02-24 20:14:06 KST | INFO |   Train Loss: 0.4248 | Test Loss: 0.0020 | Test Acc: 83.15%
2026-02-24 20:14:06 KST | INFO |   🏆 New best accuracy: 83.15%
2026-02-24 20:14:06 KST | INFO | 
2026-02-24 20:14:06 KST | INFO | Epoch 19/200 | LR: 0.098015
2026-02-24 20:16:48 KST | INFO |   Train Loss: 0.4150 | Test Loss: 0.0021 | Test Acc: 81.84%
2026-02-24 20:16:48 KST | INFO |   No improvement (1/30)
2026-02-24 20:16:48 KST | INFO | 
2026-02-24 20:16:48 KST | INFO | Epoch 20/200 | LR: 0.097790
2026-02-24 20:19:37 KST | INFO |   Train Loss: 0.4113 | Test Loss: 0.0019 | Test Acc: 84.54%
2026-02-24 20:19:37 KST | INFO |   🏆 New best accuracy: 84.54%
2026-02-24 20:19:37 KST | INFO | 
2026-02-24 20:19:37 KST | INFO | Epoch 21/200 | LR: 0.097553
2026-02-24 20:22:26 KST | INFO |   Train Loss: 0.4016 | Test Loss: 0.0023 | Test Acc: 80.51%
2026-02-24 20:22:26 KST | INFO |   No improvement (1/30)
2026-02-24 20:22:26 KST | INFO | 
2026-02-24 20:22:26 KST | INFO | Epoch 22/200 | LR: 0.097304
2026-02-24 20:25:08 KST | INFO |   Train Loss: 0.3963 | Test Loss: 0.0024 | Test Acc: 79.71%
2026-02-24 20:25:08 KST | INFO |   No improvement (2/30)
2026-02-24 20:25:08 KST | INFO | 
2026-02-24 20:25:08 KST | INFO | Epoch 23/200 | LR: 0.097044
2026-02-24 20:27:56 KST | INFO |   Train Loss: 0.3928 | Test Loss: 0.0020 | Test Acc: 83.09%
2026-02-24 20:27:56 KST | INFO |   No improvement (3/30)
2026-02-24 20:27:56 KST | INFO | 
2026-02-24 20:27:56 KST | INFO | Epoch 24/200 | LR: 0.096772
2026-02-24 20:30:38 KST | INFO |   Train Loss: 0.3853 | Test Loss: 0.0020 | Test Acc: 83.34%
2026-02-24 20:30:38 KST | INFO |   No improvement (4/30)
2026-02-24 20:30:38 KST | INFO | 
2026-02-24 20:30:38 KST | INFO | Epoch 25/200 | LR: 0.096489
2026-02-24 20:33:27 KST | INFO |   Train Loss: 0.3723 | Test Loss: 0.0020 | Test Acc: 83.49%
2026-02-24 20:33:27 KST | INFO |   No improvement (5/30)
2026-02-24 20:33:27 KST | INFO | 
2026-02-24 20:33:27 KST | INFO | Epoch 26/200 | LR: 0.096194
2026-02-24 20:36:16 KST | INFO |   Train Loss: 0.3717 | Test Loss: 0.0019 | Test Acc: 83.81%
2026-02-24 20:36:16 KST | INFO |   No improvement (6/30)
2026-02-24 20:36:16 KST | INFO | 
2026-02-24 20:36:16 KST | INFO | Epoch 27/200 | LR: 0.095888
2026-02-24 20:38:55 KST | INFO |   Train Loss: 0.3632 | Test Loss: 0.0019 | Test Acc: 83.88%
2026-02-24 20:38:55 KST | INFO |   No improvement (7/30)
2026-02-24 20:38:55 KST | INFO | 
2026-02-24 20:38:55 KST | INFO | Epoch 28/200 | LR: 0.095570
2026-02-24 20:41:39 KST | INFO |   Train Loss: 0.3662 | Test Loss: 0.0020 | Test Acc: 83.04%
2026-02-24 20:41:39 KST | INFO |   No improvement (8/30)
2026-02-24 20:41:39 KST | INFO | 
2026-02-24 20:41:39 KST | INFO | Epoch 29/200 | LR: 0.095241
2026-02-24 20:44:28 KST | INFO |   Train Loss: 0.3559 | Test Loss: 0.0019 | Test Acc: 83.26%
2026-02-24 20:44:28 KST | INFO |   No improvement (9/30)
2026-02-24 20:44:28 KST | INFO | 
2026-02-24 20:44:28 KST | INFO | Epoch 30/200 | LR: 0.094901
2026-02-24 20:47:18 KST | INFO |   Train Loss: 0.3554 | Test Loss: 0.0021 | Test Acc: 82.30%
2026-02-24 20:47:18 KST | INFO |   No improvement (10/30)
2026-02-24 20:47:18 KST | INFO | 
2026-02-24 20:47:18 KST | INFO | Epoch 31/200 | LR: 0.094550
2026-02-24 20:50:00 KST | INFO |   Train Loss: 0.3487 | Test Loss: 0.0023 | Test Acc: 81.17%
2026-02-24 20:50:00 KST | INFO |   No improvement (11/30)
2026-02-24 20:50:00 KST | INFO | 
2026-02-24 20:50:00 KST | INFO | Epoch 32/200 | LR: 0.094188
2026-02-24 20:52:42 KST | INFO |   Train Loss: 0.3437 | Test Loss: 0.0021 | Test Acc: 83.08%
2026-02-24 20:52:42 KST | INFO |   No improvement (12/30)
2026-02-24 20:52:42 KST | INFO | 
2026-02-24 20:52:42 KST | INFO | Epoch 33/200 | LR: 0.093815
2026-02-24 20:55:30 KST | INFO |   Train Loss: 0.3406 | Test Loss: 0.0018 | Test Acc: 84.79%
2026-02-24 20:55:30 KST | INFO |   🏆 New best accuracy: 84.79%
2026-02-24 20:55:30 KST | INFO | 
2026-02-24 20:55:30 KST | INFO | Epoch 34/200 | LR: 0.093432
2026-02-24 20:58:12 KST | INFO |   Train Loss: 0.3372 | Test Loss: 0.0018 | Test Acc: 84.61%
2026-02-24 20:58:12 KST | INFO |   No improvement (1/30)
2026-02-24 20:58:12 KST | INFO | 
2026-02-24 20:58:12 KST | INFO | Epoch 35/200 | LR: 0.093037
2026-02-24 21:01:02 KST | INFO |   Train Loss: 0.3377 | Test Loss: 0.0020 | Test Acc: 82.97%
2026-02-24 21:01:02 KST | INFO |   No improvement (2/30)
2026-02-24 21:01:02 KST | INFO | 
2026-02-24 21:01:02 KST | INFO | Epoch 36/200 | LR: 0.092632
2026-02-24 21:03:51 KST | INFO |   Train Loss: 0.3313 | Test Loss: 0.0018 | Test Acc: 84.89%
2026-02-24 21:03:51 KST | INFO |   🏆 New best accuracy: 84.89%
2026-02-24 21:03:51 KST | INFO | 
2026-02-24 21:03:51 KST | INFO | Epoch 37/200 | LR: 0.092216
2026-02-24 21:06:33 KST | INFO |   Train Loss: 0.3269 | Test Loss: 0.0020 | Test Acc: 82.34%
2026-02-24 21:06:33 KST | INFO |   No improvement (1/30)
2026-02-24 21:06:33 KST | INFO | 
2026-02-24 21:06:33 KST | INFO | Epoch 38/200 | LR: 0.091790
2026-02-24 21:09:22 KST | INFO |   Train Loss: 0.3246 | Test Loss: 0.0020 | Test Acc: 82.88%
2026-02-24 21:09:22 KST | INFO |   No improvement (2/30)
2026-02-24 21:09:22 KST | INFO | 
2026-02-24 21:09:22 KST | INFO | Epoch 39/200 | LR: 0.091354
2026-02-24 21:12:04 KST | INFO |   Train Loss: 0.3202 | Test Loss: 0.0021 | Test Acc: 82.58%
2026-02-24 21:12:04 KST | INFO |   No improvement (3/30)
2026-02-24 21:12:04 KST | INFO | 
2026-02-24 21:12:04 KST | INFO | Epoch 40/200 | LR: 0.090908
2026-02-24 21:14:54 KST | INFO |   Train Loss: 0.3235 | Test Loss: 0.0016 | Test Acc: 86.49%
2026-02-24 21:14:54 KST | INFO |   🏆 New best accuracy: 86.49%
2026-02-24 21:14:54 KST | INFO | 
2026-02-24 21:14:54 KST | INFO | Epoch 41/200 | LR: 0.090451
2026-02-24 21:17:50 KST | INFO |   Train Loss: 0.3179 | Test Loss: 0.0019 | Test Acc: 83.99%
2026-02-24 21:17:50 KST | INFO |   No improvement (1/30)
2026-02-24 21:17:50 KST | INFO | 
2026-02-24 21:17:50 KST | INFO | Epoch 42/200 | LR: 0.089984
2026-02-24 21:20:26 KST | INFO |   Train Loss: 0.3171 | Test Loss: 0.0022 | Test Acc: 80.75%
2026-02-24 21:20:26 KST | INFO |   No improvement (2/30)
2026-02-24 21:20:26 KST | INFO | 
2026-02-24 21:20:26 KST | INFO | Epoch 43/200 | LR: 0.089508
2026-02-24 21:23:16 KST | INFO |   Train Loss: 0.3080 | Test Loss: 0.0015 | Test Acc: 87.44%
2026-02-24 21:23:16 KST | INFO |   🏆 New best accuracy: 87.44%
2026-02-24 21:23:16 KST | INFO | 
2026-02-24 21:23:16 KST | INFO | Epoch 44/200 | LR: 0.089022
2026-02-24 21:26:11 KST | INFO |   Train Loss: 0.3057 | Test Loss: 0.0018 | Test Acc: 85.24%
2026-02-24 21:26:11 KST | INFO |   No improvement (1/30)
2026-02-24 21:26:11 KST | INFO | 
2026-02-24 21:26:11 KST | INFO | Epoch 45/200 | LR: 0.088526
2026-02-24 21:28:47 KST | INFO |   Train Loss: 0.3057 | Test Loss: 0.0016 | Test Acc: 86.67%
2026-02-24 21:28:47 KST | INFO |   No improvement (2/30)
2026-02-24 21:28:47 KST | INFO | 
2026-02-24 21:28:47 KST | INFO | Epoch 46/200 | LR: 0.088020
2026-02-24 21:31:37 KST | INFO |   Train Loss: 0.3009 | Test Loss: 0.0021 | Test Acc: 82.39%
2026-02-24 21:31:37 KST | INFO |   No improvement (3/30)
2026-02-24 21:31:37 KST | INFO | 
2026-02-24 21:31:37 KST | INFO | Epoch 47/200 | LR: 0.087506
2026-02-24 21:34:26 KST | INFO |   Train Loss: 0.2963 | Test Loss: 0.0017 | Test Acc: 86.17%
2026-02-24 21:34:26 KST | INFO |   No improvement (4/30)
2026-02-24 21:34:26 KST | INFO | 
2026-02-24 21:34:26 KST | INFO | Epoch 48/200 | LR: 0.086982
2026-02-24 21:37:15 KST | INFO |   Train Loss: 0.2973 | Test Loss: 0.0019 | Test Acc: 83.91%
2026-02-24 21:37:15 KST | INFO |   No improvement (5/30)
2026-02-24 21:37:15 KST | INFO | 
2026-02-24 21:37:15 KST | INFO | Epoch 49/200 | LR: 0.086449
2026-02-24 21:39:57 KST | INFO |   Train Loss: 0.2925 | Test Loss: 0.0016 | Test Acc: 86.90%
2026-02-24 21:39:57 KST | INFO |   No improvement (6/30)
2026-02-24 21:39:57 KST | INFO | 
2026-02-24 21:39:57 KST | INFO | Epoch 50/200 | LR: 0.085906
2026-02-24 21:42:39 KST | INFO |   Train Loss: 0.2849 | Test Loss: 0.0016 | Test Acc: 86.15%
2026-02-24 21:42:39 KST | INFO |   No improvement (7/30)
2026-02-24 21:42:39 KST | INFO | 
2026-02-24 21:42:39 KST | INFO | Epoch 51/200 | LR: 0.085355
2026-02-24 21:45:32 KST | INFO |   Train Loss: 0.2903 | Test Loss: 0.0020 | Test Acc: 82.46%
2026-02-24 21:45:32 KST | INFO |   No improvement (8/30)
2026-02-24 21:45:32 KST | INFO | 
2026-02-24 21:45:32 KST | INFO | Epoch 52/200 | LR: 0.084796
2026-02-24 21:48:22 KST | INFO |   Train Loss: 0.2820 | Test Loss: 0.0019 | Test Acc: 83.62%
2026-02-24 21:48:22 KST | INFO |   No improvement (9/30)
2026-02-24 21:48:22 KST | INFO | 
2026-02-24 21:48:22 KST | INFO | Epoch 53/200 | LR: 0.084228
2026-02-24 21:51:11 KST | INFO |   Train Loss: 0.2827 | Test Loss: 0.0021 | Test Acc: 82.34%
2026-02-24 21:51:11 KST | INFO |   No improvement (10/30)
2026-02-24 21:51:11 KST | INFO | 
2026-02-24 21:51:11 KST | INFO | Epoch 54/200 | LR: 0.083651
2026-02-24 21:53:47 KST | INFO |   Train Loss: 0.2840 | Test Loss: 0.0018 | Test Acc: 85.03%
2026-02-24 21:53:47 KST | INFO |   No improvement (11/30)
2026-02-24 21:53:47 KST | INFO | 
2026-02-24 21:53:47 KST | INFO | Epoch 55/200 | LR: 0.083066
2026-02-24 21:56:36 KST | INFO |   Train Loss: 0.2808 | Test Loss: 0.0017 | Test Acc: 86.30%
2026-02-24 21:56:36 KST | INFO |   No improvement (12/30)
2026-02-24 21:56:36 KST | INFO | 
2026-02-24 21:56:36 KST | INFO | Epoch 56/200 | LR: 0.082473
2026-02-24 21:59:25 KST | INFO |   Train Loss: 0.2776 | Test Loss: 0.0015 | Test Acc: 87.16%
2026-02-24 21:59:25 KST | INFO |   No improvement (13/30)
2026-02-24 21:59:25 KST | INFO | 
2026-02-24 21:59:25 KST | INFO | Epoch 57/200 | LR: 0.081871
2026-02-24 22:02:06 KST | INFO |   Train Loss: 0.2720 | Test Loss: 0.0016 | Test Acc: 86.21%
2026-02-24 22:02:06 KST | INFO |   No improvement (14/30)
2026-02-24 22:02:06 KST | INFO | 
2026-02-24 22:02:06 KST | INFO | Epoch 58/200 | LR: 0.081262
2026-02-24 22:04:55 KST | INFO |   Train Loss: 0.2722 | Test Loss: 0.0017 | Test Acc: 85.44%
2026-02-24 22:04:55 KST | INFO |   No improvement (15/30)
2026-02-24 22:04:55 KST | INFO | 
2026-02-24 22:04:55 KST | INFO | Epoch 59/200 | LR: 0.080646
2026-02-24 22:07:37 KST | INFO |   Train Loss: 0.2723 | Test Loss: 0.0020 | Test Acc: 83.58%
2026-02-24 22:07:37 KST | INFO |   No improvement (16/30)
2026-02-24 22:07:37 KST | INFO | 
2026-02-24 22:07:37 KST | INFO | Epoch 60/200 | LR: 0.080021
2026-02-24 22:10:26 KST | INFO |   Train Loss: 0.2667 | Test Loss: 0.0016 | Test Acc: 86.49%
2026-02-24 22:10:26 KST | INFO |   No improvement (17/30)
2026-02-24 22:10:26 KST | INFO | 
2026-02-24 22:10:26 KST | INFO | Epoch 61/200 | LR: 0.079389
2026-02-24 22:13:09 KST | INFO |   Train Loss: 0.2676 | Test Loss: 0.0015 | Test Acc: 87.41%
2026-02-24 22:13:09 KST | INFO |   No improvement (18/30)
2026-02-24 22:13:09 KST | INFO | 
2026-02-24 22:13:09 KST | INFO | Epoch 62/200 | LR: 0.078750
2026-02-24 22:15:58 KST | INFO |   Train Loss: 0.2621 | Test Loss: 0.0016 | Test Acc: 86.56%
2026-02-24 22:15:58 KST | INFO |   No improvement (19/30)
2026-02-24 22:15:58 KST | INFO | 
2026-02-24 22:15:58 KST | INFO | Epoch 63/200 | LR: 0.078104
2026-02-24 22:18:41 KST | INFO |   Train Loss: 0.2594 | Test Loss: 0.0015 | Test Acc: 86.47%
2026-02-24 22:18:41 KST | INFO |   No improvement (20/30)
2026-02-24 22:18:41 KST | INFO | 
2026-02-24 22:18:41 KST | INFO | Epoch 64/200 | LR: 0.077451
2026-02-24 22:21:24 KST | INFO |   Train Loss: 0.2555 | Test Loss: 0.0015 | Test Acc: 87.46%
2026-02-24 22:21:24 KST | INFO |   🏆 New best accuracy: 87.46%
2026-02-24 22:21:24 KST | INFO | 
2026-02-24 22:21:24 KST | INFO | Epoch 65/200 | LR: 0.076792
2026-02-24 22:24:12 KST | INFO |   Train Loss: 0.2548 | Test Loss: 0.0017 | Test Acc: 85.70%
2026-02-24 22:24:12 KST | INFO |   No improvement (1/30)
2026-02-24 22:24:12 KST | INFO | 
2026-02-24 22:24:12 KST | INFO | Epoch 66/200 | LR: 0.076125
2026-02-24 22:27:01 KST | INFO |   Train Loss: 0.2515 | Test Loss: 0.0016 | Test Acc: 86.25%
2026-02-24 22:27:01 KST | INFO |   No improvement (2/30)
2026-02-24 22:27:01 KST | INFO | 
2026-02-24 22:27:01 KST | INFO | Epoch 67/200 | LR: 0.075452
2026-02-24 22:29:44 KST | INFO |   Train Loss: 0.2493 | Test Loss: 0.0018 | Test Acc: 85.29%
2026-02-24 22:29:44 KST | INFO |   No improvement (3/30)
2026-02-24 22:29:44 KST | INFO | 
2026-02-24 22:29:44 KST | INFO | Epoch 68/200 | LR: 0.074773
2026-02-24 22:32:26 KST | INFO |   Train Loss: 0.2466 | Test Loss: 0.0014 | Test Acc: 88.33%
2026-02-24 22:32:26 KST | INFO |   🏆 New best accuracy: 88.33%
2026-02-24 22:32:26 KST | INFO | 
2026-02-24 22:32:26 KST | INFO | Epoch 69/200 | LR: 0.074088
2026-02-24 22:35:15 KST | INFO |   Train Loss: 0.2448 | Test Loss: 0.0017 | Test Acc: 85.89%
2026-02-24 22:35:15 KST | INFO |   No improvement (1/30)
2026-02-24 22:35:15 KST | INFO | 
2026-02-24 22:35:15 KST | INFO | Epoch 70/200 | LR: 0.073397
2026-02-24 22:37:58 KST | INFO |   Train Loss: 0.2439 | Test Loss: 0.0015 | Test Acc: 86.51%
2026-02-24 22:37:58 KST | INFO |   No improvement (2/30)
2026-02-24 22:37:58 KST | INFO | 
2026-02-24 22:37:58 KST | INFO | Epoch 71/200 | LR: 0.072700
2026-02-24 22:40:46 KST | INFO |   Train Loss: 0.2418 | Test Loss: 0.0018 | Test Acc: 85.04%
2026-02-24 22:40:46 KST | INFO |   No improvement (3/30)
2026-02-24 22:40:46 KST | INFO | 
2026-02-24 22:40:46 KST | INFO | Epoch 72/200 | LR: 0.071997
2026-02-24 22:43:32 KST | INFO |   Train Loss: 0.2377 | Test Loss: 0.0014 | Test Acc: 88.00%
2026-02-24 22:43:32 KST | INFO |   No improvement (4/30)
2026-02-24 22:43:32 KST | INFO | 
2026-02-24 22:43:32 KST | INFO | Epoch 73/200 | LR: 0.071289
2026-02-24 22:46:17 KST | INFO |   Train Loss: 0.2357 | Test Loss: 0.0018 | Test Acc: 84.56%
2026-02-24 22:46:17 KST | INFO |   No improvement (5/30)
2026-02-24 22:46:17 KST | INFO | 
2026-02-24 22:46:17 KST | INFO | Epoch 74/200 | LR: 0.070576
2026-02-24 22:49:00 KST | INFO |   Train Loss: 0.2334 | Test Loss: 0.0015 | Test Acc: 87.94%
2026-02-24 22:49:00 KST | INFO |   No improvement (6/30)
2026-02-24 22:49:00 KST | INFO | 
2026-02-24 22:49:00 KST | INFO | Epoch 75/200 | LR: 0.069858
2026-02-24 22:51:49 KST | INFO |   Train Loss: 0.2253 | Test Loss: 0.0015 | Test Acc: 87.10%
2026-02-24 22:51:49 KST | INFO |   No improvement (7/30)
2026-02-24 22:51:49 KST | INFO | 
2026-02-24 22:51:49 KST | INFO | Epoch 76/200 | LR: 0.069134
2026-02-24 22:54:36 KST | INFO |   Train Loss: 0.2287 | Test Loss: 0.0016 | Test Acc: 86.70%
2026-02-24 22:54:36 KST | INFO |   No improvement (8/30)
2026-02-24 22:54:36 KST | INFO | 
2026-02-24 22:54:36 KST | INFO | Epoch 77/200 | LR: 0.068407
2026-02-24 22:57:21 KST | INFO |   Train Loss: 0.2233 | Test Loss: 0.0016 | Test Acc: 86.46%
2026-02-24 22:57:21 KST | INFO |   No improvement (9/30)
2026-02-24 22:57:21 KST | INFO | 
2026-02-24 22:57:21 KST | INFO | Epoch 78/200 | LR: 0.067674
2026-02-24 23:00:04 KST | INFO |   Train Loss: 0.2256 | Test Loss: 0.0015 | Test Acc: 87.70%
2026-02-24 23:00:04 KST | INFO |   No improvement (10/30)
2026-02-24 23:00:04 KST | INFO | 
2026-02-24 23:00:04 KST | INFO | Epoch 79/200 | LR: 0.066937
2026-02-24 23:02:53 KST | INFO |   Train Loss: 0.2202 | Test Loss: 0.0018 | Test Acc: 85.14%
2026-02-24 23:02:53 KST | INFO |   No improvement (11/30)
2026-02-24 23:02:53 KST | INFO | 
2026-02-24 23:02:53 KST | INFO | Epoch 80/200 | LR: 0.066196
2026-02-24 23:05:36 KST | INFO |   Train Loss: 0.2153 | Test Loss: 0.0015 | Test Acc: 87.78%
2026-02-24 23:05:36 KST | INFO |   No improvement (12/30)
2026-02-24 23:05:36 KST | INFO | 
2026-02-24 23:05:36 KST | INFO | Epoch 81/200 | LR: 0.065451
2026-02-24 23:08:25 KST | INFO |   Train Loss: 0.2155 | Test Loss: 0.0015 | Test Acc: 87.16%
2026-02-24 23:08:25 KST | INFO |   No improvement (13/30)
2026-02-24 23:08:25 KST | INFO | 
2026-02-24 23:08:25 KST | INFO | Epoch 82/200 | LR: 0.064702
2026-02-24 23:11:08 KST | INFO |   Train Loss: 0.2100 | Test Loss: 0.0016 | Test Acc: 86.51%
2026-02-24 23:11:08 KST | INFO |   No improvement (14/30)
2026-02-24 23:11:08 KST | INFO | 
2026-02-24 23:11:08 KST | INFO | Epoch 83/200 | LR: 0.063950
2026-02-24 23:13:57 KST | INFO |   Train Loss: 0.2098 | Test Loss: 0.0014 | Test Acc: 88.24%
2026-02-24 23:13:57 KST | INFO |   No improvement (15/30)
2026-02-24 23:13:57 KST | INFO | 
2026-02-24 23:13:57 KST | INFO | Epoch 84/200 | LR: 0.063194
2026-02-24 23:16:40 KST | INFO |   Train Loss: 0.2070 | Test Loss: 0.0013 | Test Acc: 88.53%
2026-02-24 23:16:40 KST | INFO |   🏆 New best accuracy: 88.53%
2026-02-24 23:16:40 KST | INFO | 
2026-02-24 23:16:40 KST | INFO | Epoch 85/200 | LR: 0.062435
2026-02-24 23:19:28 KST | INFO |   Train Loss: 0.2045 | Test Loss: 0.0014 | Test Acc: 88.39%
2026-02-24 23:19:28 KST | INFO |   No improvement (1/30)
2026-02-24 23:19:28 KST | INFO | 
2026-02-24 23:19:28 KST | INFO | Epoch 86/200 | LR: 0.061673
2026-02-24 23:22:11 KST | INFO |   Train Loss: 0.2034 | Test Loss: 0.0014 | Test Acc: 88.58%
2026-02-24 23:22:11 KST | INFO |   🏆 New best accuracy: 88.58%
2026-02-24 23:22:11 KST | INFO | 
2026-02-24 23:22:11 KST | INFO | Epoch 87/200 | LR: 0.060908
2026-02-24 23:25:01 KST | INFO |   Train Loss: 0.1985 | Test Loss: 0.0018 | Test Acc: 85.28%
2026-02-24 23:25:01 KST | INFO |   No improvement (1/30)
2026-02-24 23:25:01 KST | INFO | 
2026-02-24 23:25:01 KST | INFO | Epoch 88/200 | LR: 0.060140
2026-02-24 23:27:43 KST | INFO |   Train Loss: 0.1971 | Test Loss: 0.0015 | Test Acc: 87.71%
2026-02-24 23:27:43 KST | INFO |   No improvement (2/30)
2026-02-24 23:27:43 KST | INFO | 
2026-02-24 23:27:43 KST | INFO | Epoch 89/200 | LR: 0.059369
2026-02-24 23:30:26 KST | INFO |   Train Loss: 0.1933 | Test Loss: 0.0015 | Test Acc: 87.17%
2026-02-24 23:30:26 KST | INFO |   No improvement (3/30)
2026-02-24 23:30:26 KST | INFO | 
2026-02-24 23:30:26 KST | INFO | Epoch 90/200 | LR: 0.058597
2026-02-24 23:33:14 KST | INFO |   Train Loss: 0.1967 | Test Loss: 0.0016 | Test Acc: 86.49%
2026-02-24 23:33:14 KST | INFO |   No improvement (4/30)
2026-02-24 23:33:14 KST | INFO | 
2026-02-24 23:33:14 KST | INFO | Epoch 91/200 | LR: 0.057822
2026-02-24 23:35:57 KST | INFO |   Train Loss: 0.1917 | Test Loss: 0.0013 | Test Acc: 89.05%
2026-02-24 23:35:57 KST | INFO |   🏆 New best accuracy: 89.05%
2026-02-24 23:35:57 KST | INFO | 
2026-02-24 23:35:57 KST | INFO | Epoch 92/200 | LR: 0.057045
2026-02-24 23:38:46 KST | INFO |   Train Loss: 0.1870 | Test Loss: 0.0015 | Test Acc: 87.26%
2026-02-24 23:38:46 KST | INFO |   No improvement (1/30)
2026-02-24 23:38:46 KST | INFO | 
2026-02-24 23:38:46 KST | INFO | Epoch 93/200 | LR: 0.056267
2026-02-24 23:41:34 KST | INFO |   Train Loss: 0.1895 | Test Loss: 0.0015 | Test Acc: 87.61%
2026-02-24 23:41:34 KST | INFO |   No improvement (2/30)
2026-02-24 23:41:34 KST | INFO | 
2026-02-24 23:41:34 KST | INFO | Epoch 94/200 | LR: 0.055487
2026-02-24 23:44:16 KST | INFO |   Train Loss: 0.1820 | Test Loss: 0.0016 | Test Acc: 87.25%
2026-02-24 23:44:16 KST | INFO |   No improvement (3/30)
2026-02-24 23:44:16 KST | INFO | 
2026-02-24 23:44:16 KST | INFO | Epoch 95/200 | LR: 0.054706
2026-02-24 23:46:59 KST | INFO |   Train Loss: 0.1797 | Test Loss: 0.0014 | Test Acc: 88.10%
2026-02-24 23:46:59 KST | INFO |   No improvement (4/30)
2026-02-24 23:46:59 KST | INFO | 
2026-02-24 23:46:59 KST | INFO | Epoch 96/200 | LR: 0.053923
2026-02-24 23:49:49 KST | INFO |   Train Loss: 0.1803 | Test Loss: 0.0015 | Test Acc: 87.49%
2026-02-24 23:49:49 KST | INFO |   No improvement (5/30)
2026-02-24 23:49:49 KST | INFO | 
2026-02-24 23:49:49 KST | INFO | Epoch 97/200 | LR: 0.053140
2026-02-24 23:52:38 KST | INFO |   Train Loss: 0.1739 | Test Loss: 0.0014 | Test Acc: 88.17%
2026-02-24 23:52:38 KST | INFO |   No improvement (6/30)
2026-02-24 23:52:38 KST | INFO | 
2026-02-24 23:52:38 KST | INFO | Epoch 98/200 | LR: 0.052356
2026-02-24 23:55:14 KST | INFO |   Train Loss: 0.1742 | Test Loss: 0.0014 | Test Acc: 88.64%
2026-02-24 23:55:14 KST | INFO |   No improvement (7/30)
2026-02-24 23:55:14 KST | INFO | 
2026-02-24 23:55:14 KST | INFO | Epoch 99/200 | LR: 0.051571
2026-02-24 23:58:04 KST | INFO |   Train Loss: 0.1704 | Test Loss: 0.0015 | Test Acc: 87.49%
2026-02-24 23:58:04 KST | INFO |   No improvement (8/30)
2026-02-24 23:58:04 KST | INFO | 
2026-02-24 23:58:04 KST | INFO | Epoch 100/200 | LR: 0.050786
2026-02-25 00:00:53 KST | INFO |   Train Loss: 0.1646 | Test Loss: 0.0014 | Test Acc: 88.08%
2026-02-25 00:00:53 KST | INFO |   No improvement (9/30)
2026-02-25 00:00:53 KST | INFO | 
2026-02-25 00:00:53 KST | INFO | Epoch 101/200 | LR: 0.050001
2026-02-25 00:03:36 KST | INFO |   Train Loss: 0.1687 | Test Loss: 0.0015 | Test Acc: 87.26%
2026-02-25 00:03:36 KST | INFO |   No improvement (10/30)
2026-02-25 00:03:36 KST | INFO | 
2026-02-25 00:03:36 KST | INFO | Epoch 102/200 | LR: 0.049215
2026-02-25 00:06:19 KST | INFO |   Train Loss: 0.1615 | Test Loss: 0.0014 | Test Acc: 87.89%
2026-02-25 00:06:19 KST | INFO |   No improvement (11/30)
2026-02-25 00:06:19 KST | INFO | 
2026-02-25 00:06:19 KST | INFO | Epoch 103/200 | LR: 0.048430
2026-02-25 00:09:07 KST | INFO |   Train Loss: 0.1566 | Test Loss: 0.0014 | Test Acc: 87.88%
2026-02-25 00:09:07 KST | INFO |   No improvement (12/30)
2026-02-25 00:09:07 KST | INFO | 
2026-02-25 00:09:07 KST | INFO | Epoch 104/200 | LR: 0.047645
2026-02-25 00:11:49 KST | INFO |   Train Loss: 0.1562 | Test Loss: 0.0013 | Test Acc: 89.30%
2026-02-25 00:11:49 KST | INFO |   🏆 New best accuracy: 89.30%
2026-02-25 00:11:49 KST | INFO | 
2026-02-25 00:11:49 KST | INFO | Epoch 105/200 | LR: 0.046861
2026-02-25 00:14:38 KST | INFO |   Train Loss: 0.1545 | Test Loss: 0.0016 | Test Acc: 87.00%
2026-02-25 00:14:38 KST | INFO |   No improvement (1/30)
2026-02-25 00:14:38 KST | INFO | 
2026-02-25 00:14:38 KST | INFO | Epoch 106/200 | LR: 0.046078
2026-02-25 00:17:22 KST | INFO |   Train Loss: 0.1512 | Test Loss: 0.0013 | Test Acc: 89.44%
2026-02-25 00:17:22 KST | INFO |   🏆 New best accuracy: 89.44%
2026-02-25 00:17:22 KST | INFO | 
2026-02-25 00:17:22 KST | INFO | Epoch 107/200 | LR: 0.045295
2026-02-25 00:20:12 KST | INFO |   Train Loss: 0.1506 | Test Loss: 0.0016 | Test Acc: 87.19%
2026-02-25 00:20:12 KST | INFO |   No improvement (1/30)
2026-02-25 00:20:12 KST | INFO | 
2026-02-25 00:20:12 KST | INFO | Epoch 108/200 | LR: 0.044514
2026-02-25 00:23:02 KST | INFO |   Train Loss: 0.1430 | Test Loss: 0.0014 | Test Acc: 88.54%
2026-02-25 00:23:02 KST | INFO |   No improvement (2/30)
2026-02-25 00:23:02 KST | INFO | 
2026-02-25 00:23:02 KST | INFO | Epoch 109/200 | LR: 0.043734
2026-02-25 00:25:44 KST | INFO |   Train Loss: 0.1434 | Test Loss: 0.0013 | Test Acc: 89.03%
2026-02-25 00:25:44 KST | INFO |   No improvement (3/30)
2026-02-25 00:25:44 KST | INFO | 
2026-02-25 00:25:44 KST | INFO | Epoch 110/200 | LR: 0.042956
2026-02-25 00:28:27 KST | INFO |   Train Loss: 0.1459 | Test Loss: 0.0015 | Test Acc: 88.22%
2026-02-25 00:28:27 KST | INFO |   No improvement (4/30)
2026-02-25 00:28:27 KST | INFO | 
2026-02-25 00:28:27 KST | INFO | Epoch 111/200 | LR: 0.042179
2026-02-25 00:31:17 KST | INFO |   Train Loss: 0.1375 | Test Loss: 0.0016 | Test Acc: 86.80%
2026-02-25 00:31:17 KST | INFO |   No improvement (5/30)
2026-02-25 00:31:17 KST | INFO | 
2026-02-25 00:31:17 KST | INFO | Epoch 112/200 | LR: 0.041404
2026-02-25 00:34:03 KST | INFO |   Train Loss: 0.1343 | Test Loss: 0.0013 | Test Acc: 89.75%
2026-02-25 00:34:03 KST | INFO |   🏆 New best accuracy: 89.75%
2026-02-25 00:34:03 KST | INFO | 
2026-02-25 00:34:03 KST | INFO | Epoch 113/200 | LR: 0.040632
2026-02-25 00:36:53 KST | INFO |   Train Loss: 0.1310 | Test Loss: 0.0013 | Test Acc: 89.19%
2026-02-25 00:36:53 KST | INFO |   No improvement (1/30)
2026-02-25 00:36:53 KST | INFO | 
2026-02-25 00:36:53 KST | INFO | Epoch 114/200 | LR: 0.039861
2026-02-25 00:39:36 KST | INFO |   Train Loss: 0.1311 | Test Loss: 0.0015 | Test Acc: 88.22%
2026-02-25 00:39:36 KST | INFO |   No improvement (2/30)
2026-02-25 00:39:36 KST | INFO | 
2026-02-25 00:39:36 KST | INFO | Epoch 115/200 | LR: 0.039093
2026-02-25 00:42:18 KST | INFO |   Train Loss: 0.1322 | Test Loss: 0.0013 | Test Acc: 89.79%
2026-02-25 00:42:18 KST | INFO |   🏆 New best accuracy: 89.79%
2026-02-25 00:42:18 KST | INFO | 
2026-02-25 00:42:18 KST | INFO | Epoch 116/200 | LR: 0.038328
2026-02-25 00:45:07 KST | INFO |   Train Loss: 0.1226 | Test Loss: 0.0016 | Test Acc: 87.46%
2026-02-25 00:45:07 KST | INFO |   No improvement (1/30)
2026-02-25 00:45:07 KST | INFO | 
2026-02-25 00:45:07 KST | INFO | Epoch 117/200 | LR: 0.037566
2026-02-25 00:47:56 KST | INFO |   Train Loss: 0.1245 | Test Loss: 0.0013 | Test Acc: 89.12%
2026-02-25 00:47:56 KST | INFO |   No improvement (2/30)
2026-02-25 00:47:56 KST | INFO | 
2026-02-25 00:47:56 KST | INFO | Epoch 118/200 | LR: 0.036807
2026-02-25 00:50:38 KST | INFO |   Train Loss: 0.1224 | Test Loss: 0.0017 | Test Acc: 87.16%
2026-02-25 00:50:38 KST | INFO |   No improvement (3/30)
2026-02-25 00:50:38 KST | INFO | 
2026-02-25 00:50:38 KST | INFO | Epoch 119/200 | LR: 0.036051
2026-02-25 00:53:21 KST | INFO |   Train Loss: 0.1203 | Test Loss: 0.0015 | Test Acc: 87.75%
2026-02-25 00:53:21 KST | INFO |   No improvement (4/30)
2026-02-25 00:53:21 KST | INFO | 
2026-02-25 00:53:21 KST | INFO | Epoch 120/200 | LR: 0.035299
2026-02-25 00:56:11 KST | INFO |   Train Loss: 0.1194 | Test Loss: 0.0014 | Test Acc: 88.78%
2026-02-25 00:56:11 KST | INFO |   No improvement (5/30)
2026-02-25 00:56:11 KST | INFO | 
2026-02-25 00:56:11 KST | INFO | Epoch 121/200 | LR: 0.034550
2026-02-25 00:59:01 KST | INFO |   Train Loss: 0.1143 | Test Loss: 0.0015 | Test Acc: 87.80%
2026-02-25 00:59:01 KST | INFO |   No improvement (6/30)
2026-02-25 00:59:01 KST | INFO | 
2026-02-25 00:59:01 KST | INFO | Epoch 122/200 | LR: 0.033805
2026-02-25 01:01:37 KST | INFO |   Train Loss: 0.1121 | Test Loss: 0.0014 | Test Acc: 88.80%
2026-02-25 01:01:37 KST | INFO |   No improvement (7/30)
2026-02-25 01:01:37 KST | INFO | 
2026-02-25 01:01:37 KST | INFO | Epoch 123/200 | LR: 0.033064
2026-02-25 01:04:26 KST | INFO |   Train Loss: 0.1084 | Test Loss: 0.0016 | Test Acc: 87.65%
2026-02-25 01:04:26 KST | INFO |   No improvement (8/30)
2026-02-25 01:04:26 KST | INFO | 
2026-02-25 01:04:26 KST | INFO | Epoch 124/200 | LR: 0.032327
2026-02-25 01:07:15 KST | INFO |   Train Loss: 0.1081 | Test Loss: 0.0014 | Test Acc: 88.83%
2026-02-25 01:07:15 KST | INFO |   No improvement (9/30)
2026-02-25 01:07:15 KST | INFO | 
2026-02-25 01:07:15 KST | INFO | Epoch 125/200 | LR: 0.031594
2026-02-25 01:10:04 KST | INFO |   Train Loss: 0.1030 | Test Loss: 0.0016 | Test Acc: 87.51%
2026-02-25 01:10:04 KST | INFO |   No improvement (10/30)
2026-02-25 01:10:04 KST | INFO | 
2026-02-25 01:10:04 KST | INFO | Epoch 126/200 | LR: 0.030867
2026-02-25 01:12:40 KST | INFO |   Train Loss: 0.1019 | Test Loss: 0.0014 | Test Acc: 89.33%
2026-02-25 01:12:40 KST | INFO |   No improvement (11/30)
2026-02-25 01:12:40 KST | INFO | 
2026-02-25 01:12:40 KST | INFO | Epoch 127/200 | LR: 0.030143
2026-02-25 01:15:31 KST | INFO |   Train Loss: 0.0988 | Test Loss: 0.0014 | Test Acc: 89.25%
2026-02-25 01:15:31 KST | INFO |   No improvement (12/30)
2026-02-25 01:15:31 KST | INFO | 
2026-02-25 01:15:31 KST | INFO | Epoch 128/200 | LR: 0.029425
2026-02-25 01:18:20 KST | INFO |   Train Loss: 0.0970 | Test Loss: 0.0013 | Test Acc: 89.17%
2026-02-25 01:18:20 KST | INFO |   No improvement (13/30)
2026-02-25 01:18:20 KST | INFO | 
2026-02-25 01:18:20 KST | INFO | Epoch 129/200 | LR: 0.028712
2026-02-25 01:21:03 KST | INFO |   Train Loss: 0.0916 | Test Loss: 0.0015 | Test Acc: 88.92%
2026-02-25 01:21:03 KST | INFO |   No improvement (14/30)
2026-02-25 01:21:03 KST | INFO | 
2026-02-25 01:21:03 KST | INFO | Epoch 130/200 | LR: 0.028004
2026-02-25 01:23:45 KST | INFO |   Train Loss: 0.0943 | Test Loss: 0.0015 | Test Acc: 88.25%
2026-02-25 01:23:45 KST | INFO |   No improvement (15/30)
2026-02-25 01:23:45 KST | INFO | 
2026-02-25 01:23:45 KST | INFO | Epoch 131/200 | LR: 0.027301
2026-02-25 01:26:34 KST | INFO |   Train Loss: 0.0904 | Test Loss: 0.0015 | Test Acc: 88.61%
2026-02-25 01:26:34 KST | INFO |   No improvement (16/30)
2026-02-25 01:26:34 KST | INFO | 
2026-02-25 01:26:34 KST | INFO | Epoch 132/200 | LR: 0.026604
2026-02-25 01:29:23 KST | INFO |   Train Loss: 0.0881 | Test Loss: 0.0014 | Test Acc: 89.61%
2026-02-25 01:29:23 KST | INFO |   No improvement (17/30)
2026-02-25 01:29:23 KST | INFO | 
2026-02-25 01:29:23 KST | INFO | Epoch 133/200 | LR: 0.025913
2026-02-25 01:32:05 KST | INFO |   Train Loss: 0.0840 | Test Loss: 0.0015 | Test Acc: 89.36%
2026-02-25 01:32:05 KST | INFO |   No improvement (18/30)
2026-02-25 01:32:05 KST | INFO | 
2026-02-25 01:32:05 KST | INFO | Epoch 134/200 | LR: 0.025228
2026-02-25 01:34:44 KST | INFO |   Train Loss: 0.0853 | Test Loss: 0.0014 | Test Acc: 89.12%
2026-02-25 01:34:44 KST | INFO |   No improvement (19/30)
2026-02-25 01:34:44 KST | INFO | 
2026-02-25 01:34:44 KST | INFO | Epoch 135/200 | LR: 0.024549
2026-02-25 01:37:34 KST | INFO |   Train Loss: 0.0804 | Test Loss: 0.0015 | Test Acc: 88.94%
2026-02-25 01:37:34 KST | INFO |   No improvement (20/30)
2026-02-25 01:37:34 KST | INFO | 
2026-02-25 01:37:34 KST | INFO | Epoch 136/200 | LR: 0.023876
2026-02-25 01:40:25 KST | INFO |   Train Loss: 0.0776 | Test Loss: 0.0015 | Test Acc: 88.85%
2026-02-25 01:40:25 KST | INFO |   No improvement (21/30)
2026-02-25 01:40:25 KST | INFO | 
2026-02-25 01:40:25 KST | INFO | Epoch 137/200 | LR: 0.023209
2026-02-25 01:43:15 KST | INFO |   Train Loss: 0.0759 | Test Loss: 0.0013 | Test Acc: 90.09%
2026-02-25 01:43:15 KST | INFO |   🏆 New best accuracy: 90.09%
2026-02-25 01:43:15 KST | INFO | 
2026-02-25 01:43:15 KST | INFO | Epoch 138/200 | LR: 0.022550
2026-02-25 01:45:57 KST | INFO |   Train Loss: 0.0721 | Test Loss: 0.0013 | Test Acc: 89.94%
2026-02-25 01:45:57 KST | INFO |   No improvement (1/30)
2026-02-25 01:45:57 KST | INFO | 
2026-02-25 01:45:57 KST | INFO | Epoch 139/200 | LR: 0.021897
2026-02-25 01:48:47 KST | INFO |   Train Loss: 0.0731 | Test Loss: 0.0015 | Test Acc: 88.53%
2026-02-25 01:48:47 KST | INFO |   No improvement (2/30)
2026-02-25 01:48:47 KST | INFO | 
2026-02-25 01:48:47 KST | INFO | Epoch 140/200 | LR: 0.021251
2026-02-25 01:51:30 KST | INFO |   Train Loss: 0.0718 | Test Loss: 0.0014 | Test Acc: 89.11%
2026-02-25 01:51:30 KST | INFO |   No improvement (3/30)
2026-02-25 01:51:30 KST | INFO | 
2026-02-25 01:51:30 KST | INFO | Epoch 141/200 | LR: 0.020612
2026-02-25 01:54:19 KST | INFO |   Train Loss: 0.0703 | Test Loss: 0.0014 | Test Acc: 89.49%
2026-02-25 01:54:19 KST | INFO |   No improvement (4/30)
2026-02-25 01:54:19 KST | INFO | 
2026-02-25 01:54:19 KST | INFO | Epoch 142/200 | LR: 0.019980
2026-02-25 01:57:02 KST | INFO |   Train Loss: 0.0653 | Test Loss: 0.0014 | Test Acc: 89.29%
2026-02-25 01:57:02 KST | INFO |   No improvement (5/30)
2026-02-25 01:57:02 KST | INFO | 
2026-02-25 01:57:02 KST | INFO | Epoch 143/200 | LR: 0.019355
2026-02-25 01:59:51 KST | INFO |   Train Loss: 0.0649 | Test Loss: 0.0015 | Test Acc: 89.20%
2026-02-25 01:59:51 KST | INFO |   No improvement (6/30)
2026-02-25 01:59:51 KST | INFO | 
2026-02-25 01:59:51 KST | INFO | Epoch 144/200 | LR: 0.018739
2026-02-25 02:02:34 KST | INFO |   Train Loss: 0.0619 | Test Loss: 0.0013 | Test Acc: 90.22%
2026-02-25 02:02:34 KST | INFO |   🏆 New best accuracy: 90.22%
2026-02-25 02:02:34 KST | INFO | 
2026-02-25 02:02:34 KST | INFO | Epoch 145/200 | LR: 0.018130
2026-02-25 02:05:16 KST | INFO |   Train Loss: 0.0599 | Test Loss: 0.0014 | Test Acc: 89.24%
2026-02-25 02:05:16 KST | INFO |   No improvement (1/30)
2026-02-25 02:05:16 KST | INFO | 
2026-02-25 02:05:16 KST | INFO | Epoch 146/200 | LR: 0.017528
2026-02-25 02:08:09 KST | INFO |   Train Loss: 0.0576 | Test Loss: 0.0015 | Test Acc: 89.16%
2026-02-25 02:08:09 KST | INFO |   No improvement (2/30)
2026-02-25 02:08:09 KST | INFO | 
2026-02-25 02:08:09 KST | INFO | Epoch 147/200 | LR: 0.016935
2026-02-25 02:11:05 KST | INFO |   Train Loss: 0.0569 | Test Loss: 0.0017 | Test Acc: 88.25%
2026-02-25 02:11:05 KST | INFO |   No improvement (3/30)
2026-02-25 02:11:05 KST | INFO | 
2026-02-25 02:11:05 KST | INFO | Epoch 148/200 | LR: 0.016350
2026-02-25 02:13:46 KST | INFO |   Train Loss: 0.0546 | Test Loss: 0.0014 | Test Acc: 89.56%
2026-02-25 02:13:46 KST | INFO |   No improvement (4/30)
2026-02-25 02:13:46 KST | INFO | 
2026-02-25 02:13:46 KST | INFO | Epoch 149/200 | LR: 0.015773
2026-02-25 02:16:30 KST | INFO |   Train Loss: 0.0498 | Test Loss: 0.0013 | Test Acc: 90.83%
2026-02-25 02:16:30 KST | INFO |   🏆 New best accuracy: 90.83%
2026-02-25 02:16:30 KST | INFO | 
2026-02-25 02:16:30 KST | INFO | Epoch 150/200 | LR: 0.015205
2026-02-25 02:19:26 KST | INFO |   Train Loss: 0.0511 | Test Loss: 0.0014 | Test Acc: 90.29%
2026-02-25 02:19:26 KST | INFO |   No improvement (1/30)
2026-02-25 02:19:26 KST | INFO | 
2026-02-25 02:19:26 KST | INFO | Epoch 151/200 | LR: 0.014646
2026-02-25 02:22:15 KST | INFO |   Train Loss: 0.0497 | Test Loss: 0.0014 | Test Acc: 89.71%
2026-02-25 02:22:15 KST | INFO |   No improvement (2/30)
2026-02-25 02:22:15 KST | INFO | 
2026-02-25 02:22:15 KST | INFO | Epoch 152/200 | LR: 0.014095
2026-02-25 02:24:51 KST | INFO |   Train Loss: 0.0482 | Test Loss: 0.0015 | Test Acc: 89.17%
2026-02-25 02:24:51 KST | INFO |   No improvement (3/30)
2026-02-25 02:24:51 KST | INFO | 
2026-02-25 02:24:51 KST | INFO | Epoch 153/200 | LR: 0.013552
2026-02-25 02:27:46 KST | INFO |   Train Loss: 0.0473 | Test Loss: 0.0014 | Test Acc: 89.31%
2026-02-25 02:27:46 KST | INFO |   No improvement (4/30)
2026-02-25 02:27:46 KST | INFO | 
2026-02-25 02:27:46 KST | INFO | Epoch 154/200 | LR: 0.013019
2026-02-25 02:30:35 KST | INFO |   Train Loss: 0.0440 | Test Loss: 0.0013 | Test Acc: 90.04%
2026-02-25 02:30:35 KST | INFO |   No improvement (5/30)
2026-02-25 02:30:35 KST | INFO | 
2026-02-25 02:30:35 KST | INFO | Epoch 155/200 | LR: 0.012495
2026-02-25 02:33:25 KST | INFO |   Train Loss: 0.0441 | Test Loss: 0.0015 | Test Acc: 89.25%
2026-02-25 02:33:25 KST | INFO |   No improvement (6/30)
2026-02-25 02:33:25 KST | INFO | 
2026-02-25 02:33:25 KST | INFO | Epoch 156/200 | LR: 0.011981
2026-02-25 02:36:07 KST | INFO |   Train Loss: 0.0404 | Test Loss: 0.0014 | Test Acc: 90.33%
2026-02-25 02:36:07 KST | INFO |   No improvement (7/30)
2026-02-25 02:36:07 KST | INFO | 
2026-02-25 02:36:07 KST | INFO | Epoch 157/200 | LR: 0.011475
2026-02-25 02:38:57 KST | INFO |   Train Loss: 0.0389 | Test Loss: 0.0014 | Test Acc: 89.69%
2026-02-25 02:38:57 KST | INFO |   No improvement (8/30)
2026-02-25 02:38:57 KST | INFO | 
2026-02-25 02:38:57 KST | INFO | Epoch 158/200 | LR: 0.010979
2026-02-25 02:41:39 KST | INFO |   Train Loss: 0.0379 | Test Loss: 0.0014 | Test Acc: 90.26%
2026-02-25 02:41:39 KST | INFO |   No improvement (9/30)
2026-02-25 02:41:39 KST | INFO | 
2026-02-25 02:41:39 KST | INFO | Epoch 159/200 | LR: 0.010493
2026-02-25 02:44:28 KST | INFO |   Train Loss: 0.0373 | Test Loss: 0.0014 | Test Acc: 90.20%
2026-02-25 02:44:28 KST | INFO |   No improvement (10/30)
2026-02-25 02:44:28 KST | INFO | 
2026-02-25 02:44:28 KST | INFO | Epoch 160/200 | LR: 0.010017
2026-02-25 02:47:11 KST | INFO |   Train Loss: 0.0364 | Test Loss: 0.0014 | Test Acc: 89.92%
2026-02-25 02:47:11 KST | INFO |   No improvement (11/30)
2026-02-25 02:47:11 KST | INFO | 
2026-02-25 02:47:11 KST | INFO | Epoch 161/200 | LR: 0.009550
2026-02-25 02:50:06 KST | INFO |   Train Loss: 0.0343 | Test Loss: 0.0013 | Test Acc: 90.10%
2026-02-25 02:50:06 KST | INFO |   No improvement (12/30)
2026-02-25 02:50:06 KST | INFO | 
2026-02-25 02:50:06 KST | INFO | Epoch 162/200 | LR: 0.009093
2026-02-25 02:52:56 KST | INFO |   Train Loss: 0.0333 | Test Loss: 0.0015 | Test Acc: 89.33%
2026-02-25 02:52:56 KST | INFO |   No improvement (13/30)
2026-02-25 02:52:56 KST | INFO | 
2026-02-25 02:52:56 KST | INFO | Epoch 163/200 | LR: 0.008647
2026-02-25 02:55:45 KST | INFO |   Train Loss: 0.0331 | Test Loss: 0.0015 | Test Acc: 89.66%
2026-02-25 02:55:45 KST | INFO |   No improvement (14/30)
2026-02-25 02:55:45 KST | INFO | 
2026-02-25 02:55:45 KST | INFO | Epoch 164/200 | LR: 0.008211
2026-02-25 02:58:28 KST | INFO |   Train Loss: 0.0294 | Test Loss: 0.0013 | Test Acc: 90.65%
2026-02-25 02:58:28 KST | INFO |   No improvement (15/30)
2026-02-25 02:58:28 KST | INFO | 
2026-02-25 02:58:28 KST | INFO | Epoch 165/200 | LR: 0.007785
2026-02-25 03:01:11 KST | INFO |   Train Loss: 0.0292 | Test Loss: 0.0014 | Test Acc: 89.99%
2026-02-25 03:01:11 KST | INFO |   No improvement (16/30)
2026-02-25 03:01:11 KST | INFO | 
2026-02-25 03:01:11 KST | INFO | Epoch 166/200 | LR: 0.007369
2026-02-25 03:04:01 KST | INFO |   Train Loss: 0.0292 | Test Loss: 0.0013 | Test Acc: 90.36%
2026-02-25 03:04:01 KST | INFO |   No improvement (17/30)
2026-02-25 03:04:01 KST | INFO | 
2026-02-25 03:04:01 KST | INFO | Epoch 167/200 | LR: 0.006964
2026-02-25 03:06:51 KST | INFO |   Train Loss: 0.0275 | Test Loss: 0.0014 | Test Acc: 90.22%
2026-02-25 03:06:51 KST | INFO |   No improvement (18/30)
2026-02-25 03:06:51 KST | INFO | 
2026-02-25 03:06:51 KST | INFO | Epoch 168/200 | LR: 0.006569
2026-02-25 03:09:29 KST | INFO |   Train Loss: 0.0255 | Test Loss: 0.0014 | Test Acc: 90.00%
2026-02-25 03:09:29 KST | INFO |   No improvement (19/30)
2026-02-25 03:09:29 KST | INFO | 
2026-02-25 03:09:29 KST | INFO | Epoch 169/200 | LR: 0.006186
2026-02-25 03:12:17 KST | INFO |   Train Loss: 0.0256 | Test Loss: 0.0014 | Test Acc: 89.97%
2026-02-25 03:12:17 KST | INFO |   No improvement (20/30)
2026-02-25 03:12:17 KST | INFO | 
2026-02-25 03:12:17 KST | INFO | Epoch 170/200 | LR: 0.005813
2026-02-25 03:15:07 KST | INFO |   Train Loss: 0.0250 | Test Loss: 0.0015 | Test Acc: 89.80%
2026-02-25 03:15:07 KST | INFO |   No improvement (21/30)
2026-02-25 03:15:07 KST | INFO | 
2026-02-25 03:15:07 KST | INFO | Epoch 171/200 | LR: 0.005451
2026-02-25 03:17:57 KST | INFO |   Train Loss: 0.0255 | Test Loss: 0.0014 | Test Acc: 90.10%
2026-02-25 03:17:57 KST | INFO |   No improvement (22/30)
2026-02-25 03:17:57 KST | INFO | 
2026-02-25 03:17:57 KST | INFO | Epoch 172/200 | LR: 0.005100
2026-02-25 03:20:40 KST | INFO |   Train Loss: 0.0245 | Test Loss: 0.0014 | Test Acc: 90.00%
2026-02-25 03:20:40 KST | INFO |   No improvement (23/30)
2026-02-25 03:20:40 KST | INFO | 
2026-02-25 03:20:40 KST | INFO | Epoch 173/200 | LR: 0.004760
2026-02-25 03:23:22 KST | INFO |   Train Loss: 0.0229 | Test Loss: 0.0014 | Test Acc: 90.20%
2026-02-25 03:23:22 KST | INFO |   No improvement (24/30)
2026-02-25 03:23:22 KST | INFO | 
2026-02-25 03:23:22 KST | INFO | Epoch 174/200 | LR: 0.004431
2026-02-25 03:26:12 KST | INFO |   Train Loss: 0.0219 | Test Loss: 0.0014 | Test Acc: 89.71%
2026-02-25 03:26:12 KST | INFO |   No improvement (25/30)
2026-02-25 03:26:12 KST | INFO | 
2026-02-25 03:26:12 KST | INFO | Epoch 175/200 | LR: 0.004113
2026-02-25 03:29:01 KST | INFO |   Train Loss: 0.0217 | Test Loss: 0.0014 | Test Acc: 90.22%
2026-02-25 03:29:01 KST | INFO |   No improvement (26/30)
2026-02-25 03:29:01 KST | INFO | 
2026-02-25 03:29:01 KST | INFO | Epoch 176/200 | LR: 0.003807
2026-02-25 03:31:37 KST | INFO |   Train Loss: 0.0221 | Test Loss: 0.0014 | Test Acc: 89.81%
2026-02-25 03:31:37 KST | INFO |   No improvement (27/30)
2026-02-25 03:31:37 KST | INFO | 
2026-02-25 03:31:37 KST | INFO | Epoch 177/200 | LR: 0.003512
2026-02-25 03:34:27 KST | INFO |   Train Loss: 0.0205 | Test Loss: 0.0014 | Test Acc: 90.44%
2026-02-25 03:34:27 KST | INFO |   No improvement (28/30)
2026-02-25 03:34:27 KST | INFO | 
2026-02-25 03:34:27 KST | INFO | Epoch 178/200 | LR: 0.003229
2026-02-25 03:37:19 KST | INFO |   Train Loss: 0.0204 | Test Loss: 0.0014 | Test Acc: 90.16%
2026-02-25 03:37:19 KST | INFO |   No improvement (29/30)
2026-02-25 03:37:19 KST | INFO | 
2026-02-25 03:37:19 KST | INFO | Epoch 179/200 | LR: 0.002957
2026-02-25 03:40:08 KST | INFO |   Train Loss: 0.0191 | Test Loss: 0.0014 | Test Acc: 90.36%
2026-02-25 03:40:08 KST | INFO |   No improvement (30/30)
2026-02-25 03:40:08 KST | INFO | 
2026-02-25 03:40:08 KST | INFO | Early stopping after 30 epochs without improvement
2026-02-25 03:40:08 KST | INFO | 
2026-02-25 03:40:08 KST | INFO | ================================================================================
2026-02-25 03:40:08 KST | INFO | TRAINING COMPLETE
2026-02-25 03:40:08 KST | INFO | ================================================================================
2026-02-25 03:40:08 KST | INFO | Best accuracy:  90.83% (Epoch 149)
2026-02-25 03:40:08 KST | INFO | Final accuracy: 90.36%
2026-02-25 03:40:08 KST | INFO | ================================================================================
2026-02-25 03:40:08 KST | INFO | 
2026-02-25 03:40:08 KST | INFO | Notifying nodes of completion...
2026-02-25 03:40:09 KST | INFO | ✓ Nodes notified
2026-02-25 03:40:09 KST | INFO | 
2026-02-25 03:40:09 KST | INFO | Closing connections...
2026-02-25 03:40:09 KST | INFO | ✓ Cleanup complete
2026-02-25 03:40:09 KST | INFO | 
2026-02-25 03:40:09 KST | INFO | Full log: logs/TL++_secure_20260224_192334.log
2026-02-25 03:40:09 KST | INFO | ================================================================================
