2026-02-04 14:42:51 KST | INFO | ================================================================================
2026-02-04 14:42:51 KST | INFO | TL++ Orchestrator
2026-02-04 14:42:51 KST | INFO | ================================================================================
2026-02-04 14:42:51 KST | INFO | Log file: logs/TL++_base_20260204_144251.log
2026-02-04 14:42:51 KST | INFO | 
2026-02-04 14:42:51 KST | INFO | --------------------------------------------------------------------------------
2026-02-04 14:42:51 KST | INFO | CONFIGURATION
2026-02-04 14:42:51 KST | INFO | --------------------------------------------------------------------------------
2026-02-04 14:42:51 KST | INFO | Secure mode:      False
2026-02-04 14:42:51 KST | INFO | Nodes:            4
2026-02-04 14:42:51 KST | INFO | Cut layer:        1
2026-02-04 14:42:51 KST | INFO | Batch size:       128
2026-02-04 14:42:51 KST | INFO | Learning rate:    0.1
2026-02-04 14:42:51 KST | INFO | 
2026-02-04 14:42:51 KST | INFO | Computation device: cuda
2026-02-04 14:42:51 KST | INFO | Secure mode: DISABLED
2026-02-04 14:42:51 KST | INFO | 
2026-02-04 14:42:51 KST | INFO | --------------------------------------------------------------------------------
2026-02-04 14:42:51 KST | INFO | NETWORK SETUP
2026-02-04 14:42:51 KST | INFO | --------------------------------------------------------------------------------
2026-02-04 14:42:51 KST | INFO | ✓ Orchestrator listening on 127.0.0.1:8080
2026-02-04 14:42:51 KST | INFO | Waiting for 4 node(s)...
2026-02-04 14:42:54 KST | INFO |   ✓ Node 1/4 connected
2026-02-04 14:42:55 KST | INFO |   ✓ Node 2/4 connected
2026-02-04 14:42:56 KST | INFO |   ✓ Node 3/4 connected
2026-02-04 14:42:57 KST | INFO |   ✓ Node 4/4 connected
2026-02-04 14:42:57 KST | INFO | ✓ All 4 node(s) connected
2026-02-04 14:42:57 KST | INFO | 
2026-02-04 14:42:57 KST | INFO | --------------------------------------------------------------------------------
2026-02-04 14:42:57 KST | INFO | MODEL INITIALIZATION
2026-02-04 14:42:57 KST | INFO | --------------------------------------------------------------------------------
2026-02-04 14:42:57 KST | INFO | Node-side parameters: 38,720
2026-02-04 14:42:57 KST | INFO | 
2026-02-04 14:42:57 KST | INFO | --------------------------------------------------------------------------------
2026-02-04 14:42:57 KST | INFO | BROADCASTING CONFIGURATION
2026-02-04 14:42:57 KST | INFO | --------------------------------------------------------------------------------
2026-02-04 14:42:57 KST | INFO | ✓ Configuration broadcast to all nodes
2026-02-04 14:42:58 KST | INFO | 
2026-02-04 14:42:58 KST | INFO | Total parameters:     3,245,124
2026-02-04 14:42:58 KST | INFO | Trainable parameters: 3,245,124
2026-02-04 14:42:58 KST | INFO | 
2026-02-04 14:42:58 KST | INFO | --------------------------------------------------------------------------------
2026-02-04 14:42:58 KST | INFO | DATA LOADING
2026-02-04 14:42:58 KST | INFO | --------------------------------------------------------------------------------
2026-02-04 14:43:24 KST | INFO | ✓ Dataset information collected:
2026-02-04 14:43:24 KST | INFO |     Node 1: 5,000 samples
2026-02-04 14:43:24 KST | INFO |     Node 2: 5,000 samples
2026-02-04 14:43:24 KST | INFO |     Node 3: 5,000 samples
2026-02-04 14:43:24 KST | INFO |     Node 4: 5,000 samples
2026-02-04 14:43:24 KST | INFO |   Total training samples: 20,000
2026-02-04 14:43:24 KST | INFO | 
2026-02-04 14:43:27 KST | INFO | ✓ Test dataset loaded: 4,000 samples
2026-02-04 14:43:27 KST | INFO | 
2026-02-04 14:43:27 KST | INFO | ✓ Batch scheduler: 157 batches/epoch
2026-02-04 14:43:27 KST | INFO | 
2026-02-04 14:43:27 KST | INFO | --------------------------------------------------------------------------------
2026-02-04 14:43:27 KST | INFO | OPTIMIZATION SETUP
2026-02-04 14:43:27 KST | INFO | --------------------------------------------------------------------------------
2026-02-04 14:43:27 KST | INFO | ✓ Optimizer: SGD (lr=0.1, momentum=0.9)
2026-02-04 14:43:27 KST | INFO | ✓ Scheduler: cosine
2026-02-04 14:43:27 KST | INFO | ✓ Gradient clipping: 1.0
2026-02-04 14:43:27 KST | INFO | 
2026-02-04 14:43:27 KST | INFO | ================================================================================
2026-02-04 14:43:27 KST | INFO | Setup complete - Ready for training
2026-02-04 14:43:27 KST | INFO | ================================================================================
2026-02-04 14:43:27 KST | INFO | 
2026-02-04 14:43:27 KST | INFO | --------------------------------------------------------------------------------
2026-02-04 14:43:27 KST | INFO | TRAINING
2026-02-04 14:43:27 KST | INFO | --------------------------------------------------------------------------------
2026-02-04 14:43:27 KST | INFO | 
2026-02-04 14:43:27 KST | INFO | Epoch 1/200 | LR: 0.100000
2026-02-04 14:43:37 KST | INFO |   Train Loss: 0.9917 | Test Loss: 0.0028 | Test Acc: 70.72%
2026-02-04 14:43:37 KST | INFO |   🏆 New best accuracy: 70.72%
2026-02-04 14:43:37 KST | INFO | 
2026-02-04 14:43:37 KST | INFO | Epoch 2/200 | LR: 0.099994
2026-02-04 14:43:46 KST | INFO |   Train Loss: 0.7131 | Test Loss: 0.0024 | Test Acc: 74.40%
2026-02-04 14:43:46 KST | INFO |   🏆 New best accuracy: 74.40%
2026-02-04 14:43:46 KST | INFO | 
2026-02-04 14:43:46 KST | INFO | Epoch 3/200 | LR: 0.099975
2026-02-04 14:43:54 KST | INFO |   Train Loss: 0.5941 | Test Loss: 0.0021 | Test Acc: 79.47%
2026-02-04 14:43:54 KST | INFO |   🏆 New best accuracy: 79.47%
2026-02-04 14:43:54 KST | INFO | 
2026-02-04 14:43:54 KST | INFO | Epoch 4/200 | LR: 0.099944
2026-02-04 14:44:03 KST | INFO |   Train Loss: 0.5090 | Test Loss: 0.0019 | Test Acc: 81.15%
2026-02-04 14:44:03 KST | INFO |   🏆 New best accuracy: 81.15%
2026-02-04 14:44:03 KST | INFO | 
2026-02-04 14:44:03 KST | INFO | Epoch 5/200 | LR: 0.099901
2026-02-04 14:44:12 KST | INFO |   Train Loss: 0.4498 | Test Loss: 0.0018 | Test Acc: 83.62%
2026-02-04 14:44:12 KST | INFO |   🏆 New best accuracy: 83.62%
2026-02-04 14:44:12 KST | INFO | 
2026-02-04 14:44:12 KST | INFO | Epoch 6/200 | LR: 0.099846
2026-02-04 14:44:21 KST | INFO |   Train Loss: 0.4094 | Test Loss: 0.0019 | Test Acc: 82.67%
2026-02-04 14:44:21 KST | INFO |   No improvement (1/30)
2026-02-04 14:44:21 KST | INFO | 
2026-02-04 14:44:21 KST | INFO | Epoch 7/200 | LR: 0.099778
2026-02-04 14:44:30 KST | INFO |   Train Loss: 0.3787 | Test Loss: 0.0014 | Test Acc: 86.45%
2026-02-04 14:44:30 KST | INFO |   🏆 New best accuracy: 86.45%
2026-02-04 14:44:30 KST | INFO | 
2026-02-04 14:44:30 KST | INFO | Epoch 8/200 | LR: 0.099698
2026-02-04 14:44:39 KST | INFO |   Train Loss: 0.3528 | Test Loss: 0.0015 | Test Acc: 85.75%
2026-02-04 14:44:39 KST | INFO |   No improvement (1/30)
2026-02-04 14:44:39 KST | INFO | 
2026-02-04 14:44:39 KST | INFO | Epoch 9/200 | LR: 0.099606
2026-02-04 14:44:47 KST | INFO |   Train Loss: 0.3323 | Test Loss: 0.0017 | Test Acc: 83.53%
2026-02-04 14:44:47 KST | INFO |   No improvement (2/30)
2026-02-04 14:44:47 KST | INFO | 
2026-02-04 14:44:47 KST | INFO | Epoch 10/200 | LR: 0.099501
2026-02-04 14:44:56 KST | INFO |   Train Loss: 0.3181 | Test Loss: 0.0013 | Test Acc: 87.28%
2026-02-04 14:44:56 KST | INFO |   🏆 New best accuracy: 87.28%
2026-02-04 14:44:56 KST | INFO | 
2026-02-04 14:44:56 KST | INFO | Epoch 11/200 | LR: 0.099384
2026-02-04 14:45:05 KST | INFO |   Train Loss: 0.2970 | Test Loss: 0.0012 | Test Acc: 87.92%
2026-02-04 14:45:05 KST | INFO |   🏆 New best accuracy: 87.92%
2026-02-04 14:45:05 KST | INFO | 
2026-02-04 14:45:05 KST | INFO | Epoch 12/200 | LR: 0.099255
2026-02-04 14:45:14 KST | INFO |   Train Loss: 0.2855 | Test Loss: 0.0012 | Test Acc: 89.08%
2026-02-04 14:45:14 KST | INFO |   🏆 New best accuracy: 89.08%
2026-02-04 14:45:14 KST | INFO | 
2026-02-04 14:45:14 KST | INFO | Epoch 13/200 | LR: 0.099114
2026-02-04 14:45:23 KST | INFO |   Train Loss: 0.2735 | Test Loss: 0.0013 | Test Acc: 88.40%
2026-02-04 14:45:23 KST | INFO |   No improvement (1/30)
2026-02-04 14:45:23 KST | INFO | 
2026-02-04 14:45:23 KST | INFO | Epoch 14/200 | LR: 0.098961
2026-02-04 14:45:32 KST | INFO |   Train Loss: 0.2658 | Test Loss: 0.0012 | Test Acc: 88.78%
2026-02-04 14:45:32 KST | INFO |   No improvement (2/30)
2026-02-04 14:45:32 KST | INFO | 
2026-02-04 14:45:32 KST | INFO | Epoch 15/200 | LR: 0.098796
2026-02-04 14:45:41 KST | INFO |   Train Loss: 0.2544 | Test Loss: 0.0012 | Test Acc: 88.92%
2026-02-04 14:45:41 KST | INFO |   No improvement (3/30)
2026-02-04 14:45:41 KST | INFO | 
2026-02-04 14:45:41 KST | INFO | Epoch 16/200 | LR: 0.098619
2026-02-04 14:45:50 KST | INFO |   Train Loss: 0.2488 | Test Loss: 0.0011 | Test Acc: 90.25%
2026-02-04 14:45:50 KST | INFO |   🏆 New best accuracy: 90.25%
2026-02-04 14:45:50 KST | INFO | 
2026-02-04 14:45:50 KST | INFO | Epoch 17/200 | LR: 0.098429
2026-02-04 14:45:59 KST | INFO |   Train Loss: 0.2369 | Test Loss: 0.0011 | Test Acc: 89.78%
2026-02-04 14:45:59 KST | INFO |   No improvement (1/30)
2026-02-04 14:45:59 KST | INFO | 
2026-02-04 14:45:59 KST | INFO | Epoch 18/200 | LR: 0.098228
2026-02-04 14:46:07 KST | INFO |   Train Loss: 0.2298 | Test Loss: 0.0012 | Test Acc: 89.78%
2026-02-04 14:46:07 KST | INFO |   No improvement (2/30)
2026-02-04 14:46:07 KST | INFO | 
2026-02-04 14:46:07 KST | INFO | Epoch 19/200 | LR: 0.098015
2026-02-04 14:46:16 KST | INFO |   Train Loss: 0.2259 | Test Loss: 0.0011 | Test Acc: 89.72%
2026-02-04 14:46:16 KST | INFO |   No improvement (3/30)
2026-02-04 14:46:16 KST | INFO | 
2026-02-04 14:46:16 KST | INFO | Epoch 20/200 | LR: 0.097790
2026-02-04 14:46:25 KST | INFO |   Train Loss: 0.2212 | Test Loss: 0.0011 | Test Acc: 90.17%
2026-02-04 14:46:25 KST | INFO |   No improvement (4/30)
2026-02-04 14:46:25 KST | INFO | 
2026-02-04 14:46:25 KST | INFO | Epoch 21/200 | LR: 0.097553
2026-02-04 14:46:34 KST | INFO |   Train Loss: 0.2112 | Test Loss: 0.0010 | Test Acc: 90.85%
2026-02-04 14:46:34 KST | INFO |   🏆 New best accuracy: 90.85%
2026-02-04 14:46:34 KST | INFO | 
2026-02-04 14:46:34 KST | INFO | Epoch 22/200 | LR: 0.097304
2026-02-04 14:46:42 KST | INFO |   Train Loss: 0.2146 | Test Loss: 0.0012 | Test Acc: 89.83%
2026-02-04 14:46:42 KST | INFO |   No improvement (1/30)
2026-02-04 14:46:42 KST | INFO | 
2026-02-04 14:46:42 KST | INFO | Epoch 23/200 | LR: 0.097044
2026-02-04 14:46:51 KST | INFO |   Train Loss: 0.2071 | Test Loss: 0.0010 | Test Acc: 90.85%
2026-02-04 14:46:51 KST | INFO |   No improvement (2/30)
2026-02-04 14:46:51 KST | INFO | 
2026-02-04 14:46:51 KST | INFO | Epoch 24/200 | LR: 0.096772
2026-02-04 14:47:00 KST | INFO |   Train Loss: 0.1981 | Test Loss: 0.0013 | Test Acc: 89.60%
2026-02-04 14:47:00 KST | INFO |   No improvement (3/30)
2026-02-04 14:47:00 KST | INFO | 
2026-02-04 14:47:00 KST | INFO | Epoch 25/200 | LR: 0.096489
2026-02-04 14:47:09 KST | INFO |   Train Loss: 0.1979 | Test Loss: 0.0012 | Test Acc: 89.50%
2026-02-04 14:47:09 KST | INFO |   No improvement (4/30)
2026-02-04 14:47:09 KST | INFO | 
2026-02-04 14:47:09 KST | INFO | Epoch 26/200 | LR: 0.096194
2026-02-04 14:47:18 KST | INFO |   Train Loss: 0.1883 | Test Loss: 0.0011 | Test Acc: 90.12%
2026-02-04 14:47:18 KST | INFO |   No improvement (5/30)
2026-02-04 14:47:18 KST | INFO | 
2026-02-04 14:47:18 KST | INFO | Epoch 27/200 | LR: 0.095888
2026-02-04 14:47:26 KST | INFO |   Train Loss: 0.1934 | Test Loss: 0.0011 | Test Acc: 90.22%
2026-02-04 14:47:26 KST | INFO |   No improvement (6/30)
2026-02-04 14:47:26 KST | INFO | 
2026-02-04 14:47:26 KST | INFO | Epoch 28/200 | LR: 0.095570
2026-02-04 14:47:35 KST | INFO |   Train Loss: 0.1868 | Test Loss: 0.0011 | Test Acc: 90.47%
2026-02-04 14:47:35 KST | INFO |   No improvement (7/30)
2026-02-04 14:47:35 KST | INFO | 
2026-02-04 14:47:35 KST | INFO | Epoch 29/200 | LR: 0.095241
2026-02-04 14:47:44 KST | INFO |   Train Loss: 0.1768 | Test Loss: 0.0012 | Test Acc: 90.10%
2026-02-04 14:47:44 KST | INFO |   No improvement (8/30)
2026-02-04 14:47:44 KST | INFO | 
2026-02-04 14:47:44 KST | INFO | Epoch 30/200 | LR: 0.094901
2026-02-04 14:47:53 KST | INFO |   Train Loss: 0.1758 | Test Loss: 0.0009 | Test Acc: 91.78%
2026-02-04 14:47:53 KST | INFO |   🏆 New best accuracy: 91.78%
2026-02-04 14:47:53 KST | INFO | 
2026-02-04 14:47:53 KST | INFO | Epoch 31/200 | LR: 0.094550
2026-02-04 14:48:02 KST | INFO |   Train Loss: 0.1769 | Test Loss: 0.0011 | Test Acc: 90.65%
2026-02-04 14:48:02 KST | INFO |   No improvement (1/30)
2026-02-04 14:48:02 KST | INFO | 
2026-02-04 14:48:02 KST | INFO | Epoch 32/200 | LR: 0.094188
2026-02-04 14:48:11 KST | INFO |   Train Loss: 0.1685 | Test Loss: 0.0011 | Test Acc: 89.53%
2026-02-04 14:48:11 KST | INFO |   No improvement (2/30)
2026-02-04 14:48:11 KST | INFO | 
2026-02-04 14:48:11 KST | INFO | Epoch 33/200 | LR: 0.093815
2026-02-04 14:48:20 KST | INFO |   Train Loss: 0.1702 | Test Loss: 0.0009 | Test Acc: 92.33%
2026-02-04 14:48:20 KST | INFO |   🏆 New best accuracy: 92.33%
2026-02-04 14:48:20 KST | INFO | 
2026-02-04 14:48:20 KST | INFO | Epoch 34/200 | LR: 0.093432
2026-02-04 14:48:28 KST | INFO |   Train Loss: 0.1704 | Test Loss: 0.0015 | Test Acc: 87.92%
2026-02-04 14:48:28 KST | INFO |   No improvement (1/30)
2026-02-04 14:48:28 KST | INFO | 
2026-02-04 14:48:28 KST | INFO | Epoch 35/200 | LR: 0.093037
2026-02-04 14:48:37 KST | INFO |   Train Loss: 0.1615 | Test Loss: 0.0010 | Test Acc: 91.65%
2026-02-04 14:48:37 KST | INFO |   No improvement (2/30)
2026-02-04 14:48:37 KST | INFO | 
2026-02-04 14:48:37 KST | INFO | Epoch 36/200 | LR: 0.092632
2026-02-04 14:48:46 KST | INFO |   Train Loss: 0.1670 | Test Loss: 0.0011 | Test Acc: 90.28%
2026-02-04 14:48:46 KST | INFO |   No improvement (3/30)
2026-02-04 14:48:46 KST | INFO | 
2026-02-04 14:48:46 KST | INFO | Epoch 37/200 | LR: 0.092216
2026-02-04 14:48:55 KST | INFO |   Train Loss: 0.1583 | Test Loss: 0.0011 | Test Acc: 91.20%
2026-02-04 14:48:55 KST | INFO |   No improvement (4/30)
2026-02-04 14:48:55 KST | INFO | 
2026-02-04 14:48:55 KST | INFO | Epoch 38/200 | LR: 0.091790
2026-02-04 14:49:04 KST | INFO |   Train Loss: 0.1497 | Test Loss: 0.0010 | Test Acc: 91.65%
2026-02-04 14:49:04 KST | INFO |   No improvement (5/30)
2026-02-04 14:49:04 KST | INFO | 
2026-02-04 14:49:04 KST | INFO | Epoch 39/200 | LR: 0.091354
2026-02-04 14:49:12 KST | INFO |   Train Loss: 0.1510 | Test Loss: 0.0017 | Test Acc: 88.25%
2026-02-04 14:49:12 KST | INFO |   No improvement (6/30)
2026-02-04 14:49:12 KST | INFO | 
2026-02-04 14:49:12 KST | INFO | Epoch 40/200 | LR: 0.090908
2026-02-04 14:49:21 KST | INFO |   Train Loss: 0.1552 | Test Loss: 0.0010 | Test Acc: 91.58%
2026-02-04 14:49:21 KST | INFO |   No improvement (7/30)
2026-02-04 14:49:21 KST | INFO | 
2026-02-04 14:49:21 KST | INFO | Epoch 41/200 | LR: 0.090451
2026-02-04 14:49:30 KST | INFO |   Train Loss: 0.1549 | Test Loss: 0.0009 | Test Acc: 92.40%
2026-02-04 14:49:30 KST | INFO |   🏆 New best accuracy: 92.40%
2026-02-04 14:49:30 KST | INFO | 
2026-02-04 14:49:30 KST | INFO | Epoch 42/200 | LR: 0.089984
2026-02-04 14:49:38 KST | INFO |   Train Loss: 0.1514 | Test Loss: 0.0008 | Test Acc: 93.00%
2026-02-04 14:49:38 KST | INFO |   🏆 New best accuracy: 93.00%
2026-02-04 14:49:38 KST | INFO | 
2026-02-04 14:49:38 KST | INFO | Epoch 43/200 | LR: 0.089508
2026-02-04 14:49:47 KST | INFO |   Train Loss: 0.1434 | Test Loss: 0.0010 | Test Acc: 91.70%
2026-02-04 14:49:47 KST | INFO |   No improvement (1/30)
2026-02-04 14:49:47 KST | INFO | 
2026-02-04 14:49:47 KST | INFO | Epoch 44/200 | LR: 0.089022
2026-02-04 14:49:56 KST | INFO |   Train Loss: 0.1429 | Test Loss: 0.0008 | Test Acc: 91.97%
2026-02-04 14:49:56 KST | INFO |   No improvement (2/30)
2026-02-04 14:49:56 KST | INFO | 
2026-02-04 14:49:56 KST | INFO | Epoch 45/200 | LR: 0.088526
2026-02-04 14:50:05 KST | INFO |   Train Loss: 0.1438 | Test Loss: 0.0011 | Test Acc: 90.90%
2026-02-04 14:50:05 KST | INFO |   No improvement (3/30)
2026-02-04 14:50:05 KST | INFO | 
2026-02-04 14:50:05 KST | INFO | Epoch 46/200 | LR: 0.088020
2026-02-04 14:50:14 KST | INFO |   Train Loss: 0.1415 | Test Loss: 0.0009 | Test Acc: 92.40%
2026-02-04 14:50:14 KST | INFO |   No improvement (4/30)
2026-02-04 14:50:14 KST | INFO | 
2026-02-04 14:50:14 KST | INFO | Epoch 47/200 | LR: 0.087506
2026-02-04 14:50:23 KST | INFO |   Train Loss: 0.1352 | Test Loss: 0.0009 | Test Acc: 92.60%
2026-02-04 14:50:23 KST | INFO |   No improvement (5/30)
2026-02-04 14:50:23 KST | INFO | 
2026-02-04 14:50:23 KST | INFO | Epoch 48/200 | LR: 0.086982
2026-02-04 14:50:32 KST | INFO |   Train Loss: 0.1354 | Test Loss: 0.0010 | Test Acc: 91.50%
2026-02-04 14:50:32 KST | INFO |   No improvement (6/30)
2026-02-04 14:50:32 KST | INFO | 
2026-02-04 14:50:32 KST | INFO | Epoch 49/200 | LR: 0.086449
2026-02-04 14:50:41 KST | INFO |   Train Loss: 0.1332 | Test Loss: 0.0011 | Test Acc: 90.90%
2026-02-04 14:50:41 KST | INFO |   No improvement (7/30)
2026-02-04 14:50:41 KST | INFO | 
2026-02-04 14:50:41 KST | INFO | Epoch 50/200 | LR: 0.085906
2026-02-04 14:50:49 KST | INFO |   Train Loss: 0.1369 | Test Loss: 0.0012 | Test Acc: 90.17%
2026-02-04 14:50:49 KST | INFO |   No improvement (8/30)
2026-02-04 14:50:49 KST | INFO | 
2026-02-04 14:50:49 KST | INFO | Epoch 51/200 | LR: 0.085355
2026-02-04 14:50:58 KST | INFO |   Train Loss: 0.1324 | Test Loss: 0.0011 | Test Acc: 90.53%
2026-02-04 14:50:58 KST | INFO |   No improvement (9/30)
2026-02-04 14:50:58 KST | INFO | 
2026-02-04 14:50:58 KST | INFO | Epoch 52/200 | LR: 0.084796
2026-02-04 14:51:07 KST | INFO |   Train Loss: 0.1307 | Test Loss: 0.0009 | Test Acc: 92.47%
2026-02-04 14:51:07 KST | INFO |   No improvement (10/30)
2026-02-04 14:51:07 KST | INFO | 
2026-02-04 14:51:07 KST | INFO | Epoch 53/200 | LR: 0.084228
2026-02-04 14:51:16 KST | INFO |   Train Loss: 0.1309 | Test Loss: 0.0010 | Test Acc: 91.15%
2026-02-04 14:51:16 KST | INFO |   No improvement (11/30)
2026-02-04 14:51:16 KST | INFO | 
2026-02-04 14:51:16 KST | INFO | Epoch 54/200 | LR: 0.083651
2026-02-04 14:51:25 KST | INFO |   Train Loss: 0.1230 | Test Loss: 0.0008 | Test Acc: 93.17%
2026-02-04 14:51:25 KST | INFO |   🏆 New best accuracy: 93.17%
2026-02-04 14:51:25 KST | INFO | 
2026-02-04 14:51:25 KST | INFO | Epoch 55/200 | LR: 0.083066
2026-02-04 14:51:34 KST | INFO |   Train Loss: 0.1266 | Test Loss: 0.0011 | Test Acc: 90.70%
2026-02-04 14:51:34 KST | INFO |   No improvement (1/30)
2026-02-04 14:51:34 KST | INFO | 
2026-02-04 14:51:34 KST | INFO | Epoch 56/200 | LR: 0.082473
2026-02-04 14:51:43 KST | INFO |   Train Loss: 0.1224 | Test Loss: 0.0011 | Test Acc: 91.42%
2026-02-04 14:51:43 KST | INFO |   No improvement (2/30)
2026-02-04 14:51:43 KST | INFO | 
2026-02-04 14:51:43 KST | INFO | Epoch 57/200 | LR: 0.081871
2026-02-04 14:51:52 KST | INFO |   Train Loss: 0.1193 | Test Loss: 0.0009 | Test Acc: 93.25%
2026-02-04 14:51:52 KST | INFO |   🏆 New best accuracy: 93.25%
2026-02-04 14:51:52 KST | INFO | 
2026-02-04 14:51:52 KST | INFO | Epoch 58/200 | LR: 0.081262
2026-02-04 14:52:01 KST | INFO |   Train Loss: 0.1170 | Test Loss: 0.0009 | Test Acc: 92.67%
2026-02-04 14:52:01 KST | INFO |   No improvement (1/30)
2026-02-04 14:52:01 KST | INFO | 
2026-02-04 14:52:01 KST | INFO | Epoch 59/200 | LR: 0.080646
2026-02-04 14:52:09 KST | INFO |   Train Loss: 0.1195 | Test Loss: 0.0010 | Test Acc: 92.17%
2026-02-04 14:52:09 KST | INFO |   No improvement (2/30)
2026-02-04 14:52:09 KST | INFO | 
2026-02-04 14:52:09 KST | INFO | Epoch 60/200 | LR: 0.080021
2026-02-04 14:52:18 KST | INFO |   Train Loss: 0.1150 | Test Loss: 0.0009 | Test Acc: 92.80%
2026-02-04 14:52:18 KST | INFO |   No improvement (3/30)
2026-02-04 14:52:18 KST | INFO | 
2026-02-04 14:52:18 KST | INFO | Epoch 61/200 | LR: 0.079389
2026-02-04 14:52:27 KST | INFO |   Train Loss: 0.1140 | Test Loss: 0.0010 | Test Acc: 91.72%
2026-02-04 14:52:27 KST | INFO |   No improvement (4/30)
2026-02-04 14:52:27 KST | INFO | 
2026-02-04 14:52:27 KST | INFO | Epoch 62/200 | LR: 0.078750
2026-02-04 14:52:36 KST | INFO |   Train Loss: 0.1089 | Test Loss: 0.0009 | Test Acc: 92.92%
2026-02-04 14:52:36 KST | INFO |   No improvement (5/30)
2026-02-04 14:52:36 KST | INFO | 
2026-02-04 14:52:36 KST | INFO | Epoch 63/200 | LR: 0.078104
2026-02-04 14:52:45 KST | INFO |   Train Loss: 0.1134 | Test Loss: 0.0008 | Test Acc: 92.88%
2026-02-04 14:52:45 KST | INFO |   No improvement (6/30)
2026-02-04 14:52:45 KST | INFO | 
2026-02-04 14:52:45 KST | INFO | Epoch 64/200 | LR: 0.077451
2026-02-04 14:52:53 KST | INFO |   Train Loss: 0.1104 | Test Loss: 0.0011 | Test Acc: 91.88%
2026-02-04 14:52:53 KST | INFO |   No improvement (7/30)
2026-02-04 14:52:53 KST | INFO | 
2026-02-04 14:52:53 KST | INFO | Epoch 65/200 | LR: 0.076792
2026-02-04 14:53:02 KST | INFO |   Train Loss: 0.1115 | Test Loss: 0.0011 | Test Acc: 91.58%
2026-02-04 14:53:02 KST | INFO |   No improvement (8/30)
2026-02-04 14:53:02 KST | INFO | 
2026-02-04 14:53:02 KST | INFO | Epoch 66/200 | LR: 0.076125
2026-02-04 14:53:11 KST | INFO |   Train Loss: 0.1076 | Test Loss: 0.0011 | Test Acc: 91.40%
2026-02-04 14:53:11 KST | INFO |   No improvement (9/30)
2026-02-04 14:53:11 KST | INFO | 
2026-02-04 14:53:11 KST | INFO | Epoch 67/200 | LR: 0.075452
2026-02-04 14:53:20 KST | INFO |   Train Loss: 0.1028 | Test Loss: 0.0010 | Test Acc: 92.58%
2026-02-04 14:53:20 KST | INFO |   No improvement (10/30)
2026-02-04 14:53:20 KST | INFO | 
2026-02-04 14:53:20 KST | INFO | Epoch 68/200 | LR: 0.074773
2026-02-04 14:53:29 KST | INFO |   Train Loss: 0.1019 | Test Loss: 0.0010 | Test Acc: 92.60%
2026-02-04 14:53:29 KST | INFO |   No improvement (11/30)
2026-02-04 14:53:29 KST | INFO | 
2026-02-04 14:53:29 KST | INFO | Epoch 69/200 | LR: 0.074088
2026-02-04 14:53:38 KST | INFO |   Train Loss: 0.1007 | Test Loss: 0.0010 | Test Acc: 91.92%
2026-02-04 14:53:38 KST | INFO |   No improvement (12/30)
2026-02-04 14:53:38 KST | INFO | 
2026-02-04 14:53:38 KST | INFO | Epoch 70/200 | LR: 0.073397
2026-02-04 14:53:47 KST | INFO |   Train Loss: 0.1034 | Test Loss: 0.0010 | Test Acc: 91.90%
2026-02-04 14:53:47 KST | INFO |   No improvement (13/30)
2026-02-04 14:53:47 KST | INFO | 
2026-02-04 14:53:47 KST | INFO | Epoch 71/200 | LR: 0.072700
2026-02-04 14:53:56 KST | INFO |   Train Loss: 0.1007 | Test Loss: 0.0012 | Test Acc: 91.08%
2026-02-04 14:53:56 KST | INFO |   No improvement (14/30)
2026-02-04 14:53:56 KST | INFO | 
2026-02-04 14:53:56 KST | INFO | Epoch 72/200 | LR: 0.071997
2026-02-04 14:54:04 KST | INFO |   Train Loss: 0.0998 | Test Loss: 0.0010 | Test Acc: 92.12%
2026-02-04 14:54:04 KST | INFO |   No improvement (15/30)
2026-02-04 14:54:04 KST | INFO | 
2026-02-04 14:54:04 KST | INFO | Epoch 73/200 | LR: 0.071289
2026-02-04 14:54:13 KST | INFO |   Train Loss: 0.0973 | Test Loss: 0.0011 | Test Acc: 92.67%
2026-02-04 14:54:13 KST | INFO |   No improvement (16/30)
2026-02-04 14:54:13 KST | INFO | 
2026-02-04 14:54:13 KST | INFO | Epoch 74/200 | LR: 0.070576
2026-02-04 14:54:22 KST | INFO |   Train Loss: 0.0986 | Test Loss: 0.0011 | Test Acc: 91.80%
2026-02-04 14:54:22 KST | INFO |   No improvement (17/30)
2026-02-04 14:54:22 KST | INFO | 
2026-02-04 14:54:22 KST | INFO | Epoch 75/200 | LR: 0.069858
2026-02-04 14:54:31 KST | INFO |   Train Loss: 0.0917 | Test Loss: 0.0009 | Test Acc: 92.95%
2026-02-04 14:54:31 KST | INFO |   No improvement (18/30)
2026-02-04 14:54:31 KST | INFO | 
2026-02-04 14:54:31 KST | INFO | Epoch 76/200 | LR: 0.069134
2026-02-04 14:54:40 KST | INFO |   Train Loss: 0.0900 | Test Loss: 0.0009 | Test Acc: 93.10%
2026-02-04 14:54:40 KST | INFO |   No improvement (19/30)
2026-02-04 14:54:40 KST | INFO | 
2026-02-04 14:54:40 KST | INFO | Epoch 77/200 | LR: 0.068407
2026-02-04 14:54:49 KST | INFO |   Train Loss: 0.0917 | Test Loss: 0.0009 | Test Acc: 92.28%
2026-02-04 14:54:49 KST | INFO |   No improvement (20/30)
2026-02-04 14:54:49 KST | INFO | 
2026-02-04 14:54:49 KST | INFO | Epoch 78/200 | LR: 0.067674
2026-02-04 14:54:58 KST | INFO |   Train Loss: 0.0925 | Test Loss: 0.0010 | Test Acc: 92.10%
2026-02-04 14:54:58 KST | INFO |   No improvement (21/30)
2026-02-04 14:54:58 KST | INFO | 
2026-02-04 14:54:58 KST | INFO | Epoch 79/200 | LR: 0.066937
2026-02-04 14:55:07 KST | INFO |   Train Loss: 0.0841 | Test Loss: 0.0010 | Test Acc: 92.20%
2026-02-04 14:55:07 KST | INFO |   No improvement (22/30)
2026-02-04 14:55:07 KST | INFO | 
2026-02-04 14:55:07 KST | INFO | Epoch 80/200 | LR: 0.066196
2026-02-04 14:55:16 KST | INFO |   Train Loss: 0.0886 | Test Loss: 0.0012 | Test Acc: 91.80%
2026-02-04 14:55:16 KST | INFO |   No improvement (23/30)
2026-02-04 14:55:16 KST | INFO | 
2026-02-04 14:55:16 KST | INFO | Epoch 81/200 | LR: 0.065451
2026-02-04 14:55:24 KST | INFO |   Train Loss: 0.0874 | Test Loss: 0.0010 | Test Acc: 92.70%
2026-02-04 14:55:24 KST | INFO |   No improvement (24/30)
2026-02-04 14:55:24 KST | INFO | 
2026-02-04 14:55:24 KST | INFO | Epoch 82/200 | LR: 0.064702
2026-02-04 14:55:33 KST | INFO |   Train Loss: 0.0875 | Test Loss: 0.0008 | Test Acc: 93.67%
2026-02-04 14:55:33 KST | INFO |   🏆 New best accuracy: 93.67%
2026-02-04 14:55:33 KST | INFO | 
2026-02-04 14:55:33 KST | INFO | Epoch 83/200 | LR: 0.063950
2026-02-04 14:55:42 KST | INFO |   Train Loss: 0.0846 | Test Loss: 0.0010 | Test Acc: 92.80%
2026-02-04 14:55:42 KST | INFO |   No improvement (1/30)
2026-02-04 14:55:42 KST | INFO | 
2026-02-04 14:55:42 KST | INFO | Epoch 84/200 | LR: 0.063194
2026-02-04 14:55:51 KST | INFO |   Train Loss: 0.0812 | Test Loss: 0.0011 | Test Acc: 92.05%
2026-02-04 14:55:51 KST | INFO |   No improvement (2/30)
2026-02-04 14:55:51 KST | INFO | 
2026-02-04 14:55:51 KST | INFO | Epoch 85/200 | LR: 0.062435
2026-02-04 14:56:00 KST | INFO |   Train Loss: 0.0821 | Test Loss: 0.0012 | Test Acc: 91.80%
2026-02-04 14:56:00 KST | INFO |   No improvement (3/30)
2026-02-04 14:56:00 KST | INFO | 
2026-02-04 14:56:00 KST | INFO | Epoch 86/200 | LR: 0.061673
2026-02-04 14:56:08 KST | INFO |   Train Loss: 0.0780 | Test Loss: 0.0009 | Test Acc: 93.08%
2026-02-04 14:56:08 KST | INFO |   No improvement (4/30)
2026-02-04 14:56:08 KST | INFO | 
2026-02-04 14:56:08 KST | INFO | Epoch 87/200 | LR: 0.060908
2026-02-04 14:56:17 KST | INFO |   Train Loss: 0.0746 | Test Loss: 0.0011 | Test Acc: 92.70%
2026-02-04 14:56:17 KST | INFO |   No improvement (5/30)
2026-02-04 14:56:17 KST | INFO | 
2026-02-04 14:56:17 KST | INFO | Epoch 88/200 | LR: 0.060140
2026-02-04 14:56:26 KST | INFO |   Train Loss: 0.0781 | Test Loss: 0.0010 | Test Acc: 92.60%
2026-02-04 14:56:26 KST | INFO |   No improvement (6/30)
2026-02-04 14:56:26 KST | INFO | 
2026-02-04 14:56:26 KST | INFO | Epoch 89/200 | LR: 0.059369
2026-02-04 14:56:34 KST | INFO |   Train Loss: 0.0748 | Test Loss: 0.0009 | Test Acc: 93.03%
2026-02-04 14:56:34 KST | INFO |   No improvement (7/30)
2026-02-04 14:56:34 KST | INFO | 
2026-02-04 14:56:34 KST | INFO | Epoch 90/200 | LR: 0.058597
2026-02-04 14:56:43 KST | INFO |   Train Loss: 0.0714 | Test Loss: 0.0009 | Test Acc: 93.53%
2026-02-04 14:56:43 KST | INFO |   No improvement (8/30)
2026-02-04 14:56:43 KST | INFO | 
2026-02-04 14:56:43 KST | INFO | Epoch 91/200 | LR: 0.057822
2026-02-04 14:56:52 KST | INFO |   Train Loss: 0.0723 | Test Loss: 0.0009 | Test Acc: 93.75%
2026-02-04 14:56:52 KST | INFO |   🏆 New best accuracy: 93.75%
2026-02-04 14:56:52 KST | INFO | 
2026-02-04 14:56:52 KST | INFO | Epoch 92/200 | LR: 0.057045
2026-02-04 14:57:01 KST | INFO |   Train Loss: 0.0722 | Test Loss: 0.0012 | Test Acc: 92.12%
2026-02-04 14:57:01 KST | INFO |   No improvement (1/30)
2026-02-04 14:57:01 KST | INFO | 
2026-02-04 14:57:01 KST | INFO | Epoch 93/200 | LR: 0.056267
2026-02-04 14:57:09 KST | INFO |   Train Loss: 0.0703 | Test Loss: 0.0010 | Test Acc: 93.10%
2026-02-04 14:57:09 KST | INFO |   No improvement (2/30)
2026-02-04 14:57:09 KST | INFO | 
2026-02-04 14:57:09 KST | INFO | Epoch 94/200 | LR: 0.055487
2026-02-04 14:57:18 KST | INFO |   Train Loss: 0.0662 | Test Loss: 0.0013 | Test Acc: 91.08%
2026-02-04 14:57:18 KST | INFO |   No improvement (3/30)
2026-02-04 14:57:18 KST | INFO | 
2026-02-04 14:57:18 KST | INFO | Epoch 95/200 | LR: 0.054706
2026-02-04 14:57:27 KST | INFO |   Train Loss: 0.0688 | Test Loss: 0.0009 | Test Acc: 93.28%
2026-02-04 14:57:27 KST | INFO |   No improvement (4/30)
2026-02-04 14:57:27 KST | INFO | 
2026-02-04 14:57:27 KST | INFO | Epoch 96/200 | LR: 0.053923
2026-02-04 14:57:36 KST | INFO |   Train Loss: 0.0647 | Test Loss: 0.0009 | Test Acc: 93.00%
2026-02-04 14:57:36 KST | INFO |   No improvement (5/30)
2026-02-04 14:57:36 KST | INFO | 
2026-02-04 14:57:36 KST | INFO | Epoch 97/200 | LR: 0.053140
2026-02-04 14:57:44 KST | INFO |   Train Loss: 0.0660 | Test Loss: 0.0011 | Test Acc: 92.22%
2026-02-04 14:57:44 KST | INFO |   No improvement (6/30)
2026-02-04 14:57:44 KST | INFO | 
2026-02-04 14:57:44 KST | INFO | Epoch 98/200 | LR: 0.052356
2026-02-04 14:57:53 KST | INFO |   Train Loss: 0.0630 | Test Loss: 0.0013 | Test Acc: 91.50%
2026-02-04 14:57:53 KST | INFO |   No improvement (7/30)
2026-02-04 14:57:53 KST | INFO | 
2026-02-04 14:57:53 KST | INFO | Epoch 99/200 | LR: 0.051571
2026-02-04 14:58:02 KST | INFO |   Train Loss: 0.0601 | Test Loss: 0.0011 | Test Acc: 92.80%
2026-02-04 14:58:02 KST | INFO |   No improvement (8/30)
2026-02-04 14:58:02 KST | INFO | 
2026-02-04 14:58:02 KST | INFO | Epoch 100/200 | LR: 0.050786
2026-02-04 14:58:11 KST | INFO |   Train Loss: 0.0595 | Test Loss: 0.0012 | Test Acc: 92.33%
2026-02-04 14:58:11 KST | INFO |   No improvement (9/30)
2026-02-04 14:58:11 KST | INFO | 
2026-02-04 14:58:11 KST | INFO | Epoch 101/200 | LR: 0.050001
2026-02-04 14:58:19 KST | INFO |   Train Loss: 0.0610 | Test Loss: 0.0009 | Test Acc: 93.97%
2026-02-04 14:58:19 KST | INFO |   🏆 New best accuracy: 93.97%
2026-02-04 14:58:19 KST | INFO | 
2026-02-04 14:58:19 KST | INFO | Epoch 102/200 | LR: 0.049215
2026-02-04 14:58:28 KST | INFO |   Train Loss: 0.0599 | Test Loss: 0.0010 | Test Acc: 93.05%
2026-02-04 14:58:28 KST | INFO |   No improvement (1/30)
2026-02-04 14:58:28 KST | INFO | 
2026-02-04 14:58:28 KST | INFO | Epoch 103/200 | LR: 0.048430
2026-02-04 14:58:37 KST | INFO |   Train Loss: 0.0555 | Test Loss: 0.0010 | Test Acc: 93.50%
2026-02-04 14:58:37 KST | INFO |   No improvement (2/30)
2026-02-04 14:58:37 KST | INFO | 
2026-02-04 14:58:37 KST | INFO | Epoch 104/200 | LR: 0.047645
2026-02-04 14:58:45 KST | INFO |   Train Loss: 0.0559 | Test Loss: 0.0009 | Test Acc: 93.40%
2026-02-04 14:58:45 KST | INFO |   No improvement (3/30)
2026-02-04 14:58:45 KST | INFO | 
2026-02-04 14:58:45 KST | INFO | Epoch 105/200 | LR: 0.046861
2026-02-04 14:58:54 KST | INFO |   Train Loss: 0.0541 | Test Loss: 0.0011 | Test Acc: 92.83%
2026-02-04 14:58:54 KST | INFO |   No improvement (4/30)
2026-02-04 14:58:54 KST | INFO | 
2026-02-04 14:58:54 KST | INFO | Epoch 106/200 | LR: 0.046078
2026-02-04 14:59:03 KST | INFO |   Train Loss: 0.0501 | Test Loss: 0.0008 | Test Acc: 94.25%
2026-02-04 14:59:03 KST | INFO |   🏆 New best accuracy: 94.25%
2026-02-04 14:59:03 KST | INFO | 
2026-02-04 14:59:03 KST | INFO | Epoch 107/200 | LR: 0.045295
2026-02-04 14:59:11 KST | INFO |   Train Loss: 0.0522 | Test Loss: 0.0009 | Test Acc: 94.12%
2026-02-04 14:59:11 KST | INFO |   No improvement (1/30)
2026-02-04 14:59:11 KST | INFO | 
2026-02-04 14:59:11 KST | INFO | Epoch 108/200 | LR: 0.044514
2026-02-04 14:59:20 KST | INFO |   Train Loss: 0.0525 | Test Loss: 0.0009 | Test Acc: 93.47%
2026-02-04 14:59:20 KST | INFO |   No improvement (2/30)
2026-02-04 14:59:20 KST | INFO | 
2026-02-04 14:59:20 KST | INFO | Epoch 109/200 | LR: 0.043734
2026-02-04 14:59:29 KST | INFO |   Train Loss: 0.0500 | Test Loss: 0.0010 | Test Acc: 93.60%
2026-02-04 14:59:29 KST | INFO |   No improvement (3/30)
2026-02-04 14:59:29 KST | INFO | 
2026-02-04 14:59:29 KST | INFO | Epoch 110/200 | LR: 0.042956
2026-02-04 14:59:37 KST | INFO |   Train Loss: 0.0510 | Test Loss: 0.0009 | Test Acc: 93.55%
2026-02-04 14:59:37 KST | INFO |   No improvement (4/30)
2026-02-04 14:59:37 KST | INFO | 
2026-02-04 14:59:37 KST | INFO | Epoch 111/200 | LR: 0.042179
2026-02-04 14:59:46 KST | INFO |   Train Loss: 0.0452 | Test Loss: 0.0009 | Test Acc: 93.78%
2026-02-04 14:59:46 KST | INFO |   No improvement (5/30)
2026-02-04 14:59:46 KST | INFO | 
2026-02-04 14:59:46 KST | INFO | Epoch 112/200 | LR: 0.041404
2026-02-04 14:59:55 KST | INFO |   Train Loss: 0.0459 | Test Loss: 0.0008 | Test Acc: 93.35%
2026-02-04 14:59:55 KST | INFO |   No improvement (6/30)
2026-02-04 14:59:55 KST | INFO | 
2026-02-04 14:59:55 KST | INFO | Epoch 113/200 | LR: 0.040632
2026-02-04 15:00:04 KST | INFO |   Train Loss: 0.0450 | Test Loss: 0.0009 | Test Acc: 94.08%
2026-02-04 15:00:04 KST | INFO |   No improvement (7/30)
2026-02-04 15:00:04 KST | INFO | 
2026-02-04 15:00:04 KST | INFO | Epoch 114/200 | LR: 0.039861
2026-02-04 15:00:12 KST | INFO |   Train Loss: 0.0447 | Test Loss: 0.0009 | Test Acc: 93.72%
2026-02-04 15:00:12 KST | INFO |   No improvement (8/30)
2026-02-04 15:00:12 KST | INFO | 
2026-02-04 15:00:12 KST | INFO | Epoch 115/200 | LR: 0.039093
2026-02-04 15:00:21 KST | INFO |   Train Loss: 0.0428 | Test Loss: 0.0010 | Test Acc: 93.75%
2026-02-04 15:00:21 KST | INFO |   No improvement (9/30)
2026-02-04 15:00:21 KST | INFO | 
2026-02-04 15:00:21 KST | INFO | Epoch 116/200 | LR: 0.038328
2026-02-04 15:00:30 KST | INFO |   Train Loss: 0.0392 | Test Loss: 0.0009 | Test Acc: 94.17%
2026-02-04 15:00:30 KST | INFO |   No improvement (10/30)
2026-02-04 15:00:30 KST | INFO | 
2026-02-04 15:00:30 KST | INFO | Epoch 117/200 | LR: 0.037566
2026-02-04 15:00:38 KST | INFO |   Train Loss: 0.0375 | Test Loss: 0.0009 | Test Acc: 93.72%
2026-02-04 15:00:38 KST | INFO |   No improvement (11/30)
2026-02-04 15:00:38 KST | INFO | 
2026-02-04 15:00:38 KST | INFO | Epoch 118/200 | LR: 0.036807
2026-02-04 15:00:47 KST | INFO |   Train Loss: 0.0372 | Test Loss: 0.0011 | Test Acc: 92.95%
2026-02-04 15:00:47 KST | INFO |   No improvement (12/30)
2026-02-04 15:00:47 KST | INFO | 
2026-02-04 15:00:47 KST | INFO | Epoch 119/200 | LR: 0.036051
2026-02-04 15:00:56 KST | INFO |   Train Loss: 0.0382 | Test Loss: 0.0009 | Test Acc: 94.47%
2026-02-04 15:00:56 KST | INFO |   🏆 New best accuracy: 94.47%
2026-02-04 15:00:56 KST | INFO | 
2026-02-04 15:00:56 KST | INFO | Epoch 120/200 | LR: 0.035299
2026-02-04 15:01:04 KST | INFO |   Train Loss: 0.0365 | Test Loss: 0.0009 | Test Acc: 93.92%
2026-02-04 15:01:04 KST | INFO |   No improvement (1/30)
2026-02-04 15:01:04 KST | INFO | 
2026-02-04 15:01:04 KST | INFO | Epoch 121/200 | LR: 0.034550
2026-02-04 15:01:13 KST | INFO |   Train Loss: 0.0358 | Test Loss: 0.0010 | Test Acc: 94.03%
2026-02-04 15:01:13 KST | INFO |   No improvement (2/30)
2026-02-04 15:01:13 KST | INFO | 
2026-02-04 15:01:13 KST | INFO | Epoch 122/200 | LR: 0.033805
2026-02-04 15:01:22 KST | INFO |   Train Loss: 0.0375 | Test Loss: 0.0011 | Test Acc: 93.25%
2026-02-04 15:01:22 KST | INFO |   No improvement (3/30)
2026-02-04 15:01:22 KST | INFO | 
2026-02-04 15:01:22 KST | INFO | Epoch 123/200 | LR: 0.033064
2026-02-04 15:01:30 KST | INFO |   Train Loss: 0.0358 | Test Loss: 0.0009 | Test Acc: 94.10%
2026-02-04 15:01:30 KST | INFO |   No improvement (4/30)
2026-02-04 15:01:30 KST | INFO | 
2026-02-04 15:01:30 KST | INFO | Epoch 124/200 | LR: 0.032327
2026-02-04 15:01:39 KST | INFO |   Train Loss: 0.0324 | Test Loss: 0.0011 | Test Acc: 92.97%
2026-02-04 15:01:39 KST | INFO |   No improvement (5/30)
2026-02-04 15:01:39 KST | INFO | 
2026-02-04 15:01:39 KST | INFO | Epoch 125/200 | LR: 0.031594
2026-02-04 15:01:48 KST | INFO |   Train Loss: 0.0303 | Test Loss: 0.0008 | Test Acc: 94.58%
2026-02-04 15:01:48 KST | INFO |   🏆 New best accuracy: 94.58%
2026-02-04 15:01:48 KST | INFO | 
2026-02-04 15:01:48 KST | INFO | Epoch 126/200 | LR: 0.030867
2026-02-04 15:01:56 KST | INFO |   Train Loss: 0.0279 | Test Loss: 0.0009 | Test Acc: 94.05%
2026-02-04 15:01:56 KST | INFO |   No improvement (1/30)
2026-02-04 15:01:56 KST | INFO | 
2026-02-04 15:01:56 KST | INFO | Epoch 127/200 | LR: 0.030143
2026-02-04 15:02:05 KST | INFO |   Train Loss: 0.0286 | Test Loss: 0.0010 | Test Acc: 93.70%
2026-02-04 15:02:05 KST | INFO |   No improvement (2/30)
2026-02-04 15:02:05 KST | INFO | 
2026-02-04 15:02:05 KST | INFO | Epoch 128/200 | LR: 0.029425
2026-02-04 15:02:14 KST | INFO |   Train Loss: 0.0273 | Test Loss: 0.0009 | Test Acc: 94.58%
2026-02-04 15:02:14 KST | INFO |   No improvement (3/30)
2026-02-04 15:02:14 KST | INFO | 
2026-02-04 15:02:14 KST | INFO | Epoch 129/200 | LR: 0.028712
2026-02-04 15:02:22 KST | INFO |   Train Loss: 0.0272 | Test Loss: 0.0009 | Test Acc: 94.42%
2026-02-04 15:02:22 KST | INFO |   No improvement (4/30)
2026-02-04 15:02:22 KST | INFO | 
2026-02-04 15:02:22 KST | INFO | Epoch 130/200 | LR: 0.028004
2026-02-04 15:02:31 KST | INFO |   Train Loss: 0.0248 | Test Loss: 0.0010 | Test Acc: 94.00%
2026-02-04 15:02:31 KST | INFO |   No improvement (5/30)
2026-02-04 15:02:31 KST | INFO | 
2026-02-04 15:02:31 KST | INFO | Epoch 131/200 | LR: 0.027301
2026-02-04 15:02:40 KST | INFO |   Train Loss: 0.0235 | Test Loss: 0.0010 | Test Acc: 94.67%
2026-02-04 15:02:40 KST | INFO |   🏆 New best accuracy: 94.67%
2026-02-04 15:02:40 KST | INFO | 
2026-02-04 15:02:40 KST | INFO | Epoch 132/200 | LR: 0.026604
2026-02-04 15:02:48 KST | INFO |   Train Loss: 0.0248 | Test Loss: 0.0009 | Test Acc: 94.90%
2026-02-04 15:02:48 KST | INFO |   🏆 New best accuracy: 94.90%
2026-02-04 15:02:48 KST | INFO | 
2026-02-04 15:02:48 KST | INFO | Epoch 133/200 | LR: 0.025913
2026-02-04 15:02:57 KST | INFO |   Train Loss: 0.0233 | Test Loss: 0.0010 | Test Acc: 94.17%
2026-02-04 15:02:57 KST | INFO |   No improvement (1/30)
2026-02-04 15:02:57 KST | INFO | 
2026-02-04 15:02:57 KST | INFO | Epoch 134/200 | LR: 0.025228
2026-02-04 15:03:06 KST | INFO |   Train Loss: 0.0198 | Test Loss: 0.0009 | Test Acc: 94.25%
2026-02-04 15:03:06 KST | INFO |   No improvement (2/30)
2026-02-04 15:03:06 KST | INFO | 
2026-02-04 15:03:06 KST | INFO | Epoch 135/200 | LR: 0.024549
2026-02-04 15:03:15 KST | INFO |   Train Loss: 0.0192 | Test Loss: 0.0010 | Test Acc: 94.33%
2026-02-04 15:03:15 KST | INFO |   No improvement (3/30)
2026-02-04 15:03:15 KST | INFO | 
2026-02-04 15:03:15 KST | INFO | Epoch 136/200 | LR: 0.023876
2026-02-04 15:03:24 KST | INFO |   Train Loss: 0.0204 | Test Loss: 0.0009 | Test Acc: 94.08%
2026-02-04 15:03:24 KST | INFO |   No improvement (4/30)
2026-02-04 15:03:24 KST | INFO | 
2026-02-04 15:03:24 KST | INFO | Epoch 137/200 | LR: 0.023209
2026-02-04 15:03:32 KST | INFO |   Train Loss: 0.0189 | Test Loss: 0.0009 | Test Acc: 94.62%
2026-02-04 15:03:32 KST | INFO |   No improvement (5/30)
2026-02-04 15:03:32 KST | INFO | 
2026-02-04 15:03:32 KST | INFO | Epoch 138/200 | LR: 0.022550
2026-02-04 15:03:41 KST | INFO |   Train Loss: 0.0180 | Test Loss: 0.0009 | Test Acc: 94.80%
2026-02-04 15:03:41 KST | INFO |   No improvement (6/30)
2026-02-04 15:03:41 KST | INFO | 
2026-02-04 15:03:41 KST | INFO | Epoch 139/200 | LR: 0.021897
2026-02-04 15:03:50 KST | INFO |   Train Loss: 0.0156 | Test Loss: 0.0011 | Test Acc: 94.10%
2026-02-04 15:03:50 KST | INFO |   No improvement (7/30)
2026-02-04 15:03:50 KST | INFO | 
2026-02-04 15:03:50 KST | INFO | Epoch 140/200 | LR: 0.021251
2026-02-04 15:03:59 KST | INFO |   Train Loss: 0.0150 | Test Loss: 0.0010 | Test Acc: 94.22%
2026-02-04 15:03:59 KST | INFO |   No improvement (8/30)
2026-02-04 15:03:59 KST | INFO | 
2026-02-04 15:03:59 KST | INFO | Epoch 141/200 | LR: 0.020612
2026-02-04 15:04:08 KST | INFO |   Train Loss: 0.0159 | Test Loss: 0.0011 | Test Acc: 93.65%
2026-02-04 15:04:08 KST | INFO |   No improvement (9/30)
2026-02-04 15:04:08 KST | INFO | 
2026-02-04 15:04:08 KST | INFO | Epoch 142/200 | LR: 0.019980
2026-02-04 15:04:17 KST | INFO |   Train Loss: 0.0151 | Test Loss: 0.0010 | Test Acc: 94.35%
2026-02-04 15:04:17 KST | INFO |   No improvement (10/30)
2026-02-04 15:04:17 KST | INFO | 
2026-02-04 15:04:17 KST | INFO | Epoch 143/200 | LR: 0.019355
2026-02-04 15:04:25 KST | INFO |   Train Loss: 0.0147 | Test Loss: 0.0010 | Test Acc: 94.45%
2026-02-04 15:04:25 KST | INFO |   No improvement (11/30)
2026-02-04 15:04:25 KST | INFO | 
2026-02-04 15:04:25 KST | INFO | Epoch 144/200 | LR: 0.018739
2026-02-04 15:04:34 KST | INFO |   Train Loss: 0.0125 | Test Loss: 0.0009 | Test Acc: 94.62%
2026-02-04 15:04:34 KST | INFO |   No improvement (12/30)
2026-02-04 15:04:34 KST | INFO | 
2026-02-04 15:04:34 KST | INFO | Epoch 145/200 | LR: 0.018130
2026-02-04 15:04:43 KST | INFO |   Train Loss: 0.0109 | Test Loss: 0.0009 | Test Acc: 94.67%
2026-02-04 15:04:43 KST | INFO |   No improvement (13/30)
2026-02-04 15:04:43 KST | INFO | 
2026-02-04 15:04:43 KST | INFO | Epoch 146/200 | LR: 0.017528
2026-02-04 15:04:52 KST | INFO |   Train Loss: 0.0122 | Test Loss: 0.0008 | Test Acc: 94.88%
2026-02-04 15:04:52 KST | INFO |   No improvement (14/30)
2026-02-04 15:04:52 KST | INFO | 
2026-02-04 15:04:52 KST | INFO | Epoch 147/200 | LR: 0.016935
2026-02-04 15:05:01 KST | INFO |   Train Loss: 0.0134 | Test Loss: 0.0009 | Test Acc: 94.80%
2026-02-04 15:05:01 KST | INFO |   No improvement (15/30)
2026-02-04 15:05:01 KST | INFO | 
2026-02-04 15:05:01 KST | INFO | Epoch 148/200 | LR: 0.016350
2026-02-04 15:05:09 KST | INFO |   Train Loss: 0.0097 | Test Loss: 0.0010 | Test Acc: 94.22%
2026-02-04 15:05:09 KST | INFO |   No improvement (16/30)
2026-02-04 15:05:09 KST | INFO | 
2026-02-04 15:05:09 KST | INFO | Epoch 149/200 | LR: 0.015773
2026-02-04 15:05:18 KST | INFO |   Train Loss: 0.0099 | Test Loss: 0.0009 | Test Acc: 94.55%
2026-02-04 15:05:18 KST | INFO |   No improvement (17/30)
2026-02-04 15:05:18 KST | INFO | 
2026-02-04 15:05:18 KST | INFO | Epoch 150/200 | LR: 0.015205
2026-02-04 15:05:27 KST | INFO |   Train Loss: 0.0113 | Test Loss: 0.0009 | Test Acc: 94.95%
2026-02-04 15:05:27 KST | INFO |   🏆 New best accuracy: 94.95%
2026-02-04 15:05:27 KST | INFO | 
2026-02-04 15:05:27 KST | INFO | Epoch 151/200 | LR: 0.014646
2026-02-04 15:05:35 KST | INFO |   Train Loss: 0.0101 | Test Loss: 0.0009 | Test Acc: 94.70%
2026-02-04 15:05:35 KST | INFO |   No improvement (1/30)
2026-02-04 15:05:35 KST | INFO | 
2026-02-04 15:05:35 KST | INFO | Epoch 152/200 | LR: 0.014095
2026-02-04 15:05:44 KST | INFO |   Train Loss: 0.0105 | Test Loss: 0.0010 | Test Acc: 94.35%
2026-02-04 15:05:44 KST | INFO |   No improvement (2/30)
2026-02-04 15:05:44 KST | INFO | 
2026-02-04 15:05:44 KST | INFO | Epoch 153/200 | LR: 0.013552
2026-02-04 15:05:53 KST | INFO |   Train Loss: 0.0102 | Test Loss: 0.0009 | Test Acc: 94.47%
2026-02-04 15:05:53 KST | INFO |   No improvement (3/30)
2026-02-04 15:05:53 KST | INFO | 
2026-02-04 15:05:53 KST | INFO | Epoch 154/200 | LR: 0.013019
2026-02-04 15:06:02 KST | INFO |   Train Loss: 0.0083 | Test Loss: 0.0009 | Test Acc: 94.80%
2026-02-04 15:06:02 KST | INFO |   No improvement (4/30)
2026-02-04 15:06:02 KST | INFO | 
2026-02-04 15:06:02 KST | INFO | Epoch 155/200 | LR: 0.012495
2026-02-04 15:06:10 KST | INFO |   Train Loss: 0.0083 | Test Loss: 0.0010 | Test Acc: 94.55%
2026-02-04 15:06:10 KST | INFO |   No improvement (5/30)
2026-02-04 15:06:10 KST | INFO | 
2026-02-04 15:06:10 KST | INFO | Epoch 156/200 | LR: 0.011981
2026-02-04 15:06:19 KST | INFO |   Train Loss: 0.0081 | Test Loss: 0.0009 | Test Acc: 94.88%
2026-02-04 15:06:19 KST | INFO |   No improvement (6/30)
2026-02-04 15:06:19 KST | INFO | 
2026-02-04 15:06:19 KST | INFO | Epoch 157/200 | LR: 0.011475
2026-02-04 15:06:28 KST | INFO |   Train Loss: 0.0093 | Test Loss: 0.0008 | Test Acc: 94.97%
2026-02-04 15:06:28 KST | INFO |   🏆 New best accuracy: 94.97%
2026-02-04 15:06:28 KST | INFO | 
2026-02-04 15:06:28 KST | INFO | Epoch 158/200 | LR: 0.010979
2026-02-04 15:06:36 KST | INFO |   Train Loss: 0.0067 | Test Loss: 0.0008 | Test Acc: 94.83%
2026-02-04 15:06:36 KST | INFO |   No improvement (1/30)
2026-02-04 15:06:36 KST | INFO | 
2026-02-04 15:06:36 KST | INFO | Epoch 159/200 | LR: 0.010493
2026-02-04 15:06:45 KST | INFO |   Train Loss: 0.0075 | Test Loss: 0.0009 | Test Acc: 94.83%
2026-02-04 15:06:45 KST | INFO |   No improvement (2/30)
2026-02-04 15:06:45 KST | INFO | 
2026-02-04 15:06:45 KST | INFO | Epoch 160/200 | LR: 0.010017
2026-02-04 15:06:54 KST | INFO |   Train Loss: 0.0081 | Test Loss: 0.0008 | Test Acc: 95.12%
2026-02-04 15:06:54 KST | INFO |   🏆 New best accuracy: 95.12%
2026-02-04 15:06:54 KST | INFO | 
2026-02-04 15:06:54 KST | INFO | Epoch 161/200 | LR: 0.009550
2026-02-04 15:07:02 KST | INFO |   Train Loss: 0.0063 | Test Loss: 0.0009 | Test Acc: 94.70%
2026-02-04 15:07:02 KST | INFO |   No improvement (1/30)
2026-02-04 15:07:02 KST | INFO | 
2026-02-04 15:07:02 KST | INFO | Epoch 162/200 | LR: 0.009093
2026-02-04 15:07:11 KST | INFO |   Train Loss: 0.0061 | Test Loss: 0.0009 | Test Acc: 94.40%
2026-02-04 15:07:11 KST | INFO |   No improvement (2/30)
2026-02-04 15:07:11 KST | INFO | 
2026-02-04 15:07:11 KST | INFO | Epoch 163/200 | LR: 0.008647
2026-02-04 15:07:20 KST | INFO |   Train Loss: 0.0068 | Test Loss: 0.0008 | Test Acc: 94.88%
2026-02-04 15:07:20 KST | INFO |   No improvement (3/30)
2026-02-04 15:07:20 KST | INFO | 
2026-02-04 15:07:20 KST | INFO | Epoch 164/200 | LR: 0.008211
2026-02-04 15:07:29 KST | INFO |   Train Loss: 0.0051 | Test Loss: 0.0009 | Test Acc: 94.78%
2026-02-04 15:07:29 KST | INFO |   No improvement (4/30)
2026-02-04 15:07:29 KST | INFO | 
2026-02-04 15:07:29 KST | INFO | Epoch 165/200 | LR: 0.007785
2026-02-04 15:07:37 KST | INFO |   Train Loss: 0.0063 | Test Loss: 0.0009 | Test Acc: 94.58%
2026-02-04 15:07:37 KST | INFO |   No improvement (5/30)
2026-02-04 15:07:37 KST | INFO | 
2026-02-04 15:07:37 KST | INFO | Epoch 166/200 | LR: 0.007369
2026-02-04 15:07:46 KST | INFO |   Train Loss: 0.0057 | Test Loss: 0.0009 | Test Acc: 94.88%
2026-02-04 15:07:46 KST | INFO |   No improvement (6/30)
2026-02-04 15:07:46 KST | INFO | 
2026-02-04 15:07:46 KST | INFO | Epoch 167/200 | LR: 0.006964
2026-02-04 15:07:55 KST | INFO |   Train Loss: 0.0054 | Test Loss: 0.0010 | Test Acc: 94.42%
2026-02-04 15:07:55 KST | INFO |   No improvement (7/30)
2026-02-04 15:07:55 KST | INFO | 
2026-02-04 15:07:55 KST | INFO | Epoch 168/200 | LR: 0.006569
2026-02-04 15:08:04 KST | INFO |   Train Loss: 0.0053 | Test Loss: 0.0009 | Test Acc: 94.83%
2026-02-04 15:08:04 KST | INFO |   No improvement (8/30)
2026-02-04 15:08:04 KST | INFO | 
2026-02-04 15:08:04 KST | INFO | Epoch 169/200 | LR: 0.006186
2026-02-04 15:08:12 KST | INFO |   Train Loss: 0.0053 | Test Loss: 0.0009 | Test Acc: 94.83%
2026-02-04 15:08:12 KST | INFO |   No improvement (9/30)
2026-02-04 15:08:12 KST | INFO | 
2026-02-04 15:08:12 KST | INFO | Epoch 170/200 | LR: 0.005813
2026-02-04 15:08:21 KST | INFO |   Train Loss: 0.0049 | Test Loss: 0.0009 | Test Acc: 94.88%
2026-02-04 15:08:21 KST | INFO |   No improvement (10/30)
2026-02-04 15:08:21 KST | INFO | 
2026-02-04 15:08:21 KST | INFO | Epoch 171/200 | LR: 0.005451
2026-02-04 15:08:30 KST | INFO |   Train Loss: 0.0046 | Test Loss: 0.0009 | Test Acc: 95.00%
2026-02-04 15:08:30 KST | INFO |   No improvement (11/30)
2026-02-04 15:08:30 KST | INFO | 
2026-02-04 15:08:30 KST | INFO | Epoch 172/200 | LR: 0.005100
2026-02-04 15:08:38 KST | INFO |   Train Loss: 0.0045 | Test Loss: 0.0009 | Test Acc: 95.00%
2026-02-04 15:08:38 KST | INFO |   No improvement (12/30)
2026-02-04 15:08:38 KST | INFO | 
2026-02-04 15:08:38 KST | INFO | Epoch 173/200 | LR: 0.004760
2026-02-04 15:08:47 KST | INFO |   Train Loss: 0.0045 | Test Loss: 0.0009 | Test Acc: 95.12%
2026-02-04 15:08:47 KST | INFO |   No improvement (13/30)
2026-02-04 15:08:47 KST | INFO | 
2026-02-04 15:08:47 KST | INFO | Epoch 174/200 | LR: 0.004431
2026-02-04 15:08:56 KST | INFO |   Train Loss: 0.0050 | Test Loss: 0.0009 | Test Acc: 95.15%
2026-02-04 15:08:56 KST | INFO |   🏆 New best accuracy: 95.15%
2026-02-04 15:08:56 KST | INFO | 
2026-02-04 15:08:56 KST | INFO | Epoch 175/200 | LR: 0.004113
2026-02-04 15:09:04 KST | INFO |   Train Loss: 0.0040 | Test Loss: 0.0009 | Test Acc: 94.85%
2026-02-04 15:09:04 KST | INFO |   No improvement (1/30)
2026-02-04 15:09:04 KST | INFO | 
2026-02-04 15:09:04 KST | INFO | Epoch 176/200 | LR: 0.003807
2026-02-04 15:09:14 KST | INFO |   Train Loss: 0.0043 | Test Loss: 0.0009 | Test Acc: 94.60%
2026-02-04 15:09:14 KST | INFO |   No improvement (2/30)
2026-02-04 15:09:14 KST | INFO | 
2026-02-04 15:09:14 KST | INFO | Epoch 177/200 | LR: 0.003512
2026-02-04 15:09:22 KST | INFO |   Train Loss: 0.0042 | Test Loss: 0.0009 | Test Acc: 94.85%
2026-02-04 15:09:22 KST | INFO |   No improvement (3/30)
2026-02-04 15:09:22 KST | INFO | 
2026-02-04 15:09:22 KST | INFO | Epoch 178/200 | LR: 0.003229
2026-02-04 15:09:31 KST | INFO |   Train Loss: 0.0042 | Test Loss: 0.0008 | Test Acc: 94.88%
2026-02-04 15:09:31 KST | INFO |   No improvement (4/30)
2026-02-04 15:09:31 KST | INFO | 
2026-02-04 15:09:31 KST | INFO | Epoch 179/200 | LR: 0.002957
2026-02-04 15:09:40 KST | INFO |   Train Loss: 0.0036 | Test Loss: 0.0009 | Test Acc: 95.00%
2026-02-04 15:09:40 KST | INFO |   No improvement (5/30)
2026-02-04 15:09:40 KST | INFO | 
2026-02-04 15:09:40 KST | INFO | Epoch 180/200 | LR: 0.002697
2026-02-04 15:09:48 KST | INFO |   Train Loss: 0.0035 | Test Loss: 0.0009 | Test Acc: 94.67%
2026-02-04 15:09:48 KST | INFO |   No improvement (6/30)
2026-02-04 15:09:48 KST | INFO | 
2026-02-04 15:09:48 KST | INFO | Epoch 181/200 | LR: 0.002448
2026-02-04 15:09:57 KST | INFO |   Train Loss: 0.0035 | Test Loss: 0.0009 | Test Acc: 94.83%
2026-02-04 15:09:57 KST | INFO |   No improvement (7/30)
2026-02-04 15:09:57 KST | INFO | 
2026-02-04 15:09:57 KST | INFO | Epoch 182/200 | LR: 0.002211
2026-02-04 15:10:06 KST | INFO |   Train Loss: 0.0039 | Test Loss: 0.0009 | Test Acc: 94.83%
2026-02-04 15:10:06 KST | INFO |   No improvement (8/30)
2026-02-04 15:10:06 KST | INFO | 
2026-02-04 15:10:06 KST | INFO | Epoch 183/200 | LR: 0.001986
2026-02-04 15:10:14 KST | INFO |   Train Loss: 0.0039 | Test Loss: 0.0009 | Test Acc: 94.83%
2026-02-04 15:10:14 KST | INFO |   No improvement (9/30)
2026-02-04 15:10:14 KST | INFO | 
2026-02-04 15:10:14 KST | INFO | Epoch 184/200 | LR: 0.001773
2026-02-04 15:10:23 KST | INFO |   Train Loss: 0.0035 | Test Loss: 0.0009 | Test Acc: 94.72%
2026-02-04 15:10:23 KST | INFO |   No improvement (10/30)
2026-02-04 15:10:23 KST | INFO | 
2026-02-04 15:10:23 KST | INFO | Epoch 185/200 | LR: 0.001572
2026-02-04 15:10:32 KST | INFO |   Train Loss: 0.0036 | Test Loss: 0.0009 | Test Acc: 94.83%
2026-02-04 15:10:32 KST | INFO |   No improvement (11/30)
2026-02-04 15:10:32 KST | INFO | 
2026-02-04 15:10:32 KST | INFO | Epoch 186/200 | LR: 0.001382
2026-02-04 15:10:40 KST | INFO |   Train Loss: 0.0035 | Test Loss: 0.0009 | Test Acc: 94.85%
2026-02-04 15:10:40 KST | INFO |   No improvement (12/30)
2026-02-04 15:10:40 KST | INFO | 
2026-02-04 15:10:40 KST | INFO | Epoch 187/200 | LR: 0.001205
2026-02-04 15:10:49 KST | INFO |   Train Loss: 0.0033 | Test Loss: 0.0009 | Test Acc: 94.85%
2026-02-04 15:10:49 KST | INFO |   No improvement (13/30)
2026-02-04 15:10:49 KST | INFO | 
2026-02-04 15:10:49 KST | INFO | Epoch 188/200 | LR: 0.001040
2026-02-04 15:10:58 KST | INFO |   Train Loss: 0.0038 | Test Loss: 0.0009 | Test Acc: 94.88%
2026-02-04 15:10:58 KST | INFO |   No improvement (14/30)
2026-02-04 15:10:58 KST | INFO | 
2026-02-04 15:10:58 KST | INFO | Epoch 189/200 | LR: 0.000887
2026-02-04 15:11:06 KST | INFO |   Train Loss: 0.0033 | Test Loss: 0.0009 | Test Acc: 94.72%
2026-02-04 15:11:06 KST | INFO |   No improvement (15/30)
2026-02-04 15:11:06 KST | INFO | 
2026-02-04 15:11:06 KST | INFO | Epoch 190/200 | LR: 0.000746
2026-02-04 15:11:15 KST | INFO |   Train Loss: 0.0032 | Test Loss: 0.0009 | Test Acc: 94.88%
2026-02-04 15:11:15 KST | INFO |   No improvement (16/30)
2026-02-04 15:11:15 KST | INFO | 
2026-02-04 15:11:15 KST | INFO | Epoch 191/200 | LR: 0.000617
2026-02-04 15:11:24 KST | INFO |   Train Loss: 0.0037 | Test Loss: 0.0009 | Test Acc: 94.78%
2026-02-04 15:11:24 KST | INFO |   No improvement (17/30)
2026-02-04 15:11:24 KST | INFO | 
2026-02-04 15:11:24 KST | INFO | Epoch 192/200 | LR: 0.000500
2026-02-04 15:11:32 KST | INFO |   Train Loss: 0.0030 | Test Loss: 0.0009 | Test Acc: 94.80%
2026-02-04 15:11:32 KST | INFO |   No improvement (18/30)
2026-02-04 15:11:32 KST | INFO | 
2026-02-04 15:11:32 KST | INFO | Epoch 193/200 | LR: 0.000395
2026-02-04 15:11:41 KST | INFO |   Train Loss: 0.0034 | Test Loss: 0.0009 | Test Acc: 94.75%
2026-02-04 15:11:41 KST | INFO |   No improvement (19/30)
2026-02-04 15:11:41 KST | INFO | 
2026-02-04 15:11:41 KST | INFO | Epoch 194/200 | LR: 0.000303
2026-02-04 15:11:50 KST | INFO |   Train Loss: 0.0036 | Test Loss: 0.0009 | Test Acc: 94.72%
2026-02-04 15:11:50 KST | INFO |   No improvement (20/30)
2026-02-04 15:11:50 KST | INFO | 
2026-02-04 15:11:50 KST | INFO | Epoch 195/200 | LR: 0.000223
2026-02-04 15:11:59 KST | INFO |   Train Loss: 0.0032 | Test Loss: 0.0009 | Test Acc: 94.75%
2026-02-04 15:11:59 KST | INFO |   No improvement (21/30)
2026-02-04 15:11:59 KST | INFO | 
2026-02-04 15:11:59 KST | INFO | Epoch 196/200 | LR: 0.000155
2026-02-04 15:12:07 KST | INFO |   Train Loss: 0.0032 | Test Loss: 0.0009 | Test Acc: 94.78%
2026-02-04 15:12:07 KST | INFO |   No improvement (22/30)
2026-02-04 15:12:07 KST | INFO | 
2026-02-04 15:12:07 KST | INFO | Epoch 197/200 | LR: 0.000100
2026-02-04 15:12:16 KST | INFO |   Train Loss: 0.0031 | Test Loss: 0.0009 | Test Acc: 94.80%
2026-02-04 15:12:16 KST | INFO |   No improvement (23/30)
2026-02-04 15:12:16 KST | INFO | 
2026-02-04 15:12:16 KST | INFO | Epoch 198/200 | LR: 0.000057
2026-02-04 15:12:25 KST | INFO |   Train Loss: 0.0029 | Test Loss: 0.0009 | Test Acc: 94.72%
2026-02-04 15:12:25 KST | INFO |   No improvement (24/30)
2026-02-04 15:12:25 KST | INFO | 
2026-02-04 15:12:25 KST | INFO | Epoch 199/200 | LR: 0.000026
2026-02-04 15:12:34 KST | INFO |   Train Loss: 0.0031 | Test Loss: 0.0009 | Test Acc: 94.78%
2026-02-04 15:12:34 KST | INFO |   No improvement (25/30)
2026-02-04 15:12:34 KST | INFO | 
2026-02-04 15:12:34 KST | INFO | Epoch 200/200 | LR: 0.000007
2026-02-04 15:12:43 KST | INFO |   Train Loss: 0.0031 | Test Loss: 0.0009 | Test Acc: 94.80%
2026-02-04 15:12:43 KST | INFO |   No improvement (26/30)
2026-02-04 15:12:43 KST | INFO | 
2026-02-04 15:12:43 KST | INFO | ================================================================================
2026-02-04 15:12:43 KST | INFO | TRAINING COMPLETE
2026-02-04 15:12:43 KST | INFO | ================================================================================
2026-02-04 15:12:43 KST | INFO | Best accuracy:  95.15% (Epoch 174)
2026-02-04 15:12:43 KST | INFO | Final accuracy: 94.80%
2026-02-04 15:12:43 KST | INFO | ================================================================================
2026-02-04 15:12:43 KST | INFO | 
2026-02-04 15:12:43 KST | INFO | Notifying nodes of completion...
2026-02-04 15:12:44 KST | INFO | ✓ Nodes notified
2026-02-04 15:12:44 KST | INFO | 
2026-02-04 15:12:44 KST | INFO | Closing connections...
2026-02-04 15:12:44 KST | INFO | ✓ Cleanup complete
2026-02-04 15:12:44 KST | INFO | 
2026-02-04 15:12:44 KST | INFO | Full log: logs/TL++_base_20260204_144251.log
2026-02-04 15:12:44 KST | INFO | ================================================================================
