2026-02-26 02:36:29 KST | INFO | ================================================================================
2026-02-26 02:36:29 KST | INFO | TL++ Orchestrator
2026-02-26 02:36:29 KST | INFO | ================================================================================
2026-02-26 02:36:29 KST | INFO | Log file: logs/TL++_secure_20260226_023629.log
2026-02-26 02:36:29 KST | INFO | 
2026-02-26 02:36:29 KST | INFO | --------------------------------------------------------------------------------
2026-02-26 02:36:29 KST | INFO | CONFIGURATION
2026-02-26 02:36:29 KST | INFO | --------------------------------------------------------------------------------
2026-02-26 02:36:29 KST | INFO | Secure mode:      True
2026-02-26 02:36:29 KST | INFO | Helper endpoint:  127.0.0.1:8082
2026-02-26 02:36:29 KST | INFO | Activation noise: 2.0%
2026-02-26 02:36:29 KST | INFO | Gradient noise:   10.0%
2026-02-26 02:36:29 KST | INFO | Nodes:            9
2026-02-26 02:36:29 KST | INFO | Cut layer:        2
2026-02-26 02:36:29 KST | INFO | Batch size:       128
2026-02-26 02:36:29 KST | INFO | Learning rate:    0.1
2026-02-26 02:36:29 KST | INFO | 
2026-02-26 02:36:29 KST | INFO | Computation device: cuda
2026-02-26 02:36:29 KST | INFO | Secure mode: ✓ ENABLED
2026-02-26 02:36:29 KST | INFO | 
2026-02-26 02:36:29 KST | INFO | --------------------------------------------------------------------------------
2026-02-26 02:36:29 KST | INFO | NETWORK SETUP
2026-02-26 02:36:29 KST | INFO | --------------------------------------------------------------------------------
2026-02-26 02:36:29 KST | INFO | ✓ Orchestrator listening on 127.0.0.1:8080
2026-02-26 02:36:29 KST | INFO | ✓ Helper node on 127.0.0.1:8082
2026-02-26 02:36:29 KST | INFO | 
2026-02-26 02:36:29 KST | INFO | Waiting for helper node...
2026-02-26 02:36:31 KST | INFO | ✓ Helper node connected
2026-02-26 02:36:31 KST | INFO | ✓ Noise config sent to helper (activation: 2.0%, gradient: 10.0%)
2026-02-26 02:36:31 KST | INFO | 
2026-02-26 02:36:31 KST | INFO | Waiting for 9 node(s)...
2026-02-26 02:36:35 KST | INFO |   ✓ Node 1/9 connected
2026-02-26 02:36:36 KST | INFO |   ✓ Node 2/9 connected
2026-02-26 02:36:37 KST | INFO |   ✓ Node 3/9 connected
2026-02-26 02:36:38 KST | INFO |   ✓ Node 4/9 connected
2026-02-26 02:36:39 KST | INFO |   ✓ Node 5/9 connected
2026-02-26 02:36:41 KST | INFO |   ✓ Node 6/9 connected
2026-02-26 02:36:42 KST | INFO |   ✓ Node 7/9 connected
2026-02-26 02:36:43 KST | INFO |   ✓ Node 8/9 connected
2026-02-26 02:36:44 KST | INFO |   ✓ Node 9/9 connected
2026-02-26 02:36:44 KST | INFO | ✓ All 9 node(s) connected
2026-02-26 02:36:44 KST | INFO | 
2026-02-26 02:36:44 KST | INFO | --------------------------------------------------------------------------------
2026-02-26 02:36:44 KST | INFO | MODEL INITIALIZATION
2026-02-26 02:36:44 KST | INFO | --------------------------------------------------------------------------------
2026-02-26 02:36:44 KST | INFO | Node-side parameters: 260,160
2026-02-26 02:36:44 KST | INFO | 
2026-02-26 02:36:44 KST | INFO | --------------------------------------------------------------------------------
2026-02-26 02:36:44 KST | INFO | BROADCASTING CONFIGURATION
2026-02-26 02:36:44 KST | INFO | --------------------------------------------------------------------------------
2026-02-26 02:36:44 KST | INFO | ✓ Configuration broadcast to all nodes
2026-02-26 02:36:46 KST | INFO | 
2026-02-26 02:36:46 KST | INFO | Total parameters:     3,247,689
2026-02-26 02:36:46 KST | INFO | Trainable parameters: 3,247,689
2026-02-26 02:36:46 KST | INFO | 
2026-02-26 02:36:46 KST | INFO | --------------------------------------------------------------------------------
2026-02-26 02:36:46 KST | INFO | DATA LOADING
2026-02-26 02:36:46 KST | INFO | --------------------------------------------------------------------------------
2026-02-26 02:37:15 KST | INFO | ✓ Dataset information collected:
2026-02-26 02:37:15 KST | INFO |     Node 1: 5,000 samples
2026-02-26 02:37:15 KST | INFO |     Node 2: 5,000 samples
2026-02-26 02:37:15 KST | INFO |     Node 3: 5,000 samples
2026-02-26 02:37:15 KST | INFO |     Node 4: 5,000 samples
2026-02-26 02:37:15 KST | INFO |     Node 5: 5,000 samples
2026-02-26 02:37:15 KST | INFO |     Node 6: 5,000 samples
2026-02-26 02:37:15 KST | INFO |     Node 7: 5,000 samples
2026-02-26 02:37:15 KST | INFO |     Node 8: 5,000 samples
2026-02-26 02:37:15 KST | INFO |     Node 9: 5,000 samples
2026-02-26 02:37:15 KST | INFO |   Total training samples: 45,000
2026-02-26 02:37:15 KST | INFO | 
2026-02-26 02:37:19 KST | INFO | ✓ Test dataset loaded: 9,000 samples
2026-02-26 02:37:19 KST | INFO | 
2026-02-26 02:37:19 KST | INFO | ✓ Batch scheduler: 352 batches/epoch
2026-02-26 02:37:19 KST | INFO | 
2026-02-26 02:37:19 KST | INFO | --------------------------------------------------------------------------------
2026-02-26 02:37:19 KST | INFO | OPTIMIZATION SETUP
2026-02-26 02:37:19 KST | INFO | --------------------------------------------------------------------------------
2026-02-26 02:37:19 KST | INFO | ✓ Optimizer: SGD (lr=0.1, momentum=0.9)
2026-02-26 02:37:19 KST | INFO | ✓ Scheduler: cosine
2026-02-26 02:37:19 KST | INFO | ✓ Gradient clipping: 1.0
2026-02-26 02:37:19 KST | INFO | 
2026-02-26 02:37:19 KST | INFO | ================================================================================
2026-02-26 02:37:19 KST | INFO | Setup complete - Ready for training
2026-02-26 02:37:19 KST | INFO | ================================================================================
2026-02-26 02:37:19 KST | INFO | 
2026-02-26 02:37:19 KST | INFO | --------------------------------------------------------------------------------
2026-02-26 02:37:19 KST | INFO | TRAINING
2026-02-26 02:37:19 KST | INFO | --------------------------------------------------------------------------------
2026-02-26 02:37:19 KST | INFO | 
2026-02-26 02:37:19 KST | INFO | Epoch 1/200 | LR: 0.100000
2026-02-26 02:40:48 KST | INFO |   Train Loss: 1.6376 | Test Loss: 0.0060 | Test Acc: 45.74%
2026-02-26 02:40:48 KST | INFO |   🏆 New best accuracy: 45.74%
2026-02-26 02:40:48 KST | INFO | 
2026-02-26 02:40:48 KST | INFO | Epoch 2/200 | LR: 0.099994
2026-02-26 02:44:15 KST | INFO |   Train Loss: 1.2176 | Test Loss: 0.0051 | Test Acc: 55.46%
2026-02-26 02:44:15 KST | INFO |   🏆 New best accuracy: 55.46%
2026-02-26 02:44:15 KST | INFO | 
2026-02-26 02:44:15 KST | INFO | Epoch 3/200 | LR: 0.099975
2026-02-26 02:47:35 KST | INFO |   Train Loss: 0.9846 | Test Loss: 0.0044 | Test Acc: 63.43%
2026-02-26 02:47:35 KST | INFO |   🏆 New best accuracy: 63.43%
2026-02-26 02:47:35 KST | INFO | 
2026-02-26 02:47:35 KST | INFO | Epoch 4/200 | LR: 0.099944
2026-02-26 02:51:01 KST | INFO |   Train Loss: 0.8352 | Test Loss: 0.0037 | Test Acc: 69.26%
2026-02-26 02:51:01 KST | INFO |   🏆 New best accuracy: 69.26%
2026-02-26 02:51:01 KST | INFO | 
2026-02-26 02:51:01 KST | INFO | Epoch 5/200 | LR: 0.099901
2026-02-26 02:54:27 KST | INFO |   Train Loss: 0.7420 | Test Loss: 0.0041 | Test Acc: 65.33%
2026-02-26 02:54:27 KST | INFO |   No improvement (1/30)
2026-02-26 02:54:27 KST | INFO | 
2026-02-26 02:54:27 KST | INFO | Epoch 6/200 | LR: 0.099846
2026-02-26 02:57:53 KST | INFO |   Train Loss: 0.6794 | Test Loss: 0.0033 | Test Acc: 72.71%
2026-02-26 02:57:53 KST | INFO |   🏆 New best accuracy: 72.71%
2026-02-26 02:57:53 KST | INFO | 
2026-02-26 02:57:53 KST | INFO | Epoch 7/200 | LR: 0.099778
2026-02-26 03:01:19 KST | INFO |   Train Loss: 0.6317 | Test Loss: 0.0028 | Test Acc: 77.68%
2026-02-26 03:01:19 KST | INFO |   🏆 New best accuracy: 77.68%
2026-02-26 03:01:19 KST | INFO | 
2026-02-26 03:01:19 KST | INFO | Epoch 8/200 | LR: 0.099698
2026-02-26 03:04:44 KST | INFO |   Train Loss: 0.5971 | Test Loss: 0.0025 | Test Acc: 79.98%
2026-02-26 03:04:44 KST | INFO |   🏆 New best accuracy: 79.98%
2026-02-26 03:04:44 KST | INFO | 
2026-02-26 03:04:44 KST | INFO | Epoch 9/200 | LR: 0.099606
2026-02-26 03:08:09 KST | INFO |   Train Loss: 0.5662 | Test Loss: 0.0025 | Test Acc: 79.83%
2026-02-26 03:08:09 KST | INFO |   No improvement (1/30)
2026-02-26 03:08:09 KST | INFO | 
2026-02-26 03:08:09 KST | INFO | Epoch 10/200 | LR: 0.099501
2026-02-26 03:11:34 KST | INFO |   Train Loss: 0.5437 | Test Loss: 0.0025 | Test Acc: 80.04%
2026-02-26 03:11:34 KST | INFO |   🏆 New best accuracy: 80.04%
2026-02-26 03:11:34 KST | INFO | 
2026-02-26 03:11:34 KST | INFO | Epoch 11/200 | LR: 0.099384
2026-02-26 03:14:54 KST | INFO |   Train Loss: 0.5284 | Test Loss: 0.0026 | Test Acc: 77.76%
2026-02-26 03:14:54 KST | INFO |   No improvement (1/30)
2026-02-26 03:14:54 KST | INFO | 
2026-02-26 03:14:54 KST | INFO | Epoch 12/200 | LR: 0.099255
2026-02-26 03:18:19 KST | INFO |   Train Loss: 0.5039 | Test Loss: 0.0027 | Test Acc: 78.21%
2026-02-26 03:18:19 KST | INFO |   No improvement (2/30)
2026-02-26 03:18:19 KST | INFO | 
2026-02-26 03:18:19 KST | INFO | Epoch 13/200 | LR: 0.099114
2026-02-26 03:21:44 KST | INFO |   Train Loss: 0.4883 | Test Loss: 0.0023 | Test Acc: 80.59%
2026-02-26 03:21:44 KST | INFO |   🏆 New best accuracy: 80.59%
2026-02-26 03:21:44 KST | INFO | 
2026-02-26 03:21:44 KST | INFO | Epoch 14/200 | LR: 0.098961
2026-02-26 03:25:09 KST | INFO |   Train Loss: 0.4724 | Test Loss: 0.0023 | Test Acc: 80.60%
2026-02-26 03:25:09 KST | INFO |   🏆 New best accuracy: 80.60%
2026-02-26 03:25:09 KST | INFO | 
2026-02-26 03:25:09 KST | INFO | Epoch 15/200 | LR: 0.098796
2026-02-26 03:28:35 KST | INFO |   Train Loss: 0.4630 | Test Loss: 0.0023 | Test Acc: 81.77%
2026-02-26 03:28:35 KST | INFO |   🏆 New best accuracy: 81.77%
2026-02-26 03:28:35 KST | INFO | 
2026-02-26 03:28:35 KST | INFO | Epoch 16/200 | LR: 0.098619
2026-02-26 03:32:00 KST | INFO |   Train Loss: 0.4556 | Test Loss: 0.0023 | Test Acc: 80.33%
2026-02-26 03:32:00 KST | INFO |   No improvement (1/30)
2026-02-26 03:32:00 KST | INFO | 
2026-02-26 03:32:00 KST | INFO | Epoch 17/200 | LR: 0.098429
2026-02-26 03:35:18 KST | INFO |   Train Loss: 0.4433 | Test Loss: 0.0023 | Test Acc: 81.53%
2026-02-26 03:35:18 KST | INFO |   No improvement (2/30)
2026-02-26 03:35:18 KST | INFO | 
2026-02-26 03:35:18 KST | INFO | Epoch 18/200 | LR: 0.098228
2026-02-26 03:38:44 KST | INFO |   Train Loss: 0.4377 | Test Loss: 0.0021 | Test Acc: 83.07%
2026-02-26 03:38:44 KST | INFO |   🏆 New best accuracy: 83.07%
2026-02-26 03:38:44 KST | INFO | 
2026-02-26 03:38:44 KST | INFO | Epoch 19/200 | LR: 0.098015
2026-02-26 03:42:10 KST | INFO |   Train Loss: 0.4269 | Test Loss: 0.0021 | Test Acc: 82.78%
2026-02-26 03:42:10 KST | INFO |   No improvement (1/30)
2026-02-26 03:42:10 KST | INFO | 
2026-02-26 03:42:10 KST | INFO | Epoch 20/200 | LR: 0.097790
2026-02-26 03:45:37 KST | INFO |   Train Loss: 0.4209 | Test Loss: 0.0023 | Test Acc: 81.17%
2026-02-26 03:45:37 KST | INFO |   No improvement (2/30)
2026-02-26 03:45:37 KST | INFO | 
2026-02-26 03:45:37 KST | INFO | Epoch 21/200 | LR: 0.097553
2026-02-26 03:49:03 KST | INFO |   Train Loss: 0.4153 | Test Loss: 0.0021 | Test Acc: 83.68%
2026-02-26 03:49:03 KST | INFO |   🏆 New best accuracy: 83.68%
2026-02-26 03:49:03 KST | INFO | 
2026-02-26 03:49:03 KST | INFO | Epoch 22/200 | LR: 0.097304
2026-02-26 03:52:28 KST | INFO |   Train Loss: 0.4024 | Test Loss: 0.0024 | Test Acc: 79.27%
2026-02-26 03:52:28 KST | INFO |   No improvement (1/30)
2026-02-26 03:52:28 KST | INFO | 
2026-02-26 03:52:28 KST | INFO | Epoch 23/200 | LR: 0.097044
2026-02-26 03:55:54 KST | INFO |   Train Loss: 0.3974 | Test Loss: 0.0022 | Test Acc: 81.83%
2026-02-26 03:55:54 KST | INFO |   No improvement (2/30)
2026-02-26 03:55:54 KST | INFO | 
2026-02-26 03:55:54 KST | INFO | Epoch 24/200 | LR: 0.096772
2026-02-26 03:59:13 KST | INFO |   Train Loss: 0.3945 | Test Loss: 0.0022 | Test Acc: 81.16%
2026-02-26 03:59:13 KST | INFO |   No improvement (3/30)
2026-02-26 03:59:13 KST | INFO | 
2026-02-26 03:59:13 KST | INFO | Epoch 25/200 | LR: 0.096489
2026-02-26 04:02:38 KST | INFO |   Train Loss: 0.3920 | Test Loss: 0.0025 | Test Acc: 79.31%
2026-02-26 04:02:38 KST | INFO |   No improvement (4/30)
2026-02-26 04:02:38 KST | INFO | 
2026-02-26 04:02:38 KST | INFO | Epoch 26/200 | LR: 0.096194
2026-02-26 04:06:04 KST | INFO |   Train Loss: 0.3865 | Test Loss: 0.0022 | Test Acc: 81.89%
2026-02-26 04:06:04 KST | INFO |   No improvement (5/30)
2026-02-26 04:06:04 KST | INFO | 
2026-02-26 04:06:04 KST | INFO | Epoch 27/200 | LR: 0.095888
2026-02-26 04:09:24 KST | INFO |   Train Loss: 0.3768 | Test Loss: 0.0024 | Test Acc: 80.70%
2026-02-26 04:09:24 KST | INFO |   No improvement (6/30)
2026-02-26 04:09:24 KST | INFO | 
2026-02-26 04:09:24 KST | INFO | Epoch 28/200 | LR: 0.095570
2026-02-26 04:12:50 KST | INFO |   Train Loss: 0.3762 | Test Loss: 0.0019 | Test Acc: 84.37%
2026-02-26 04:12:50 KST | INFO |   🏆 New best accuracy: 84.37%
2026-02-26 04:12:50 KST | INFO | 
2026-02-26 04:12:50 KST | INFO | Epoch 29/200 | LR: 0.095241
2026-02-26 04:16:16 KST | INFO |   Train Loss: 0.3680 | Test Loss: 0.0020 | Test Acc: 83.69%
2026-02-26 04:16:16 KST | INFO |   No improvement (1/30)
2026-02-26 04:16:16 KST | INFO | 
2026-02-26 04:16:16 KST | INFO | Epoch 30/200 | LR: 0.094901
2026-02-26 04:19:41 KST | INFO |   Train Loss: 0.3663 | Test Loss: 0.0019 | Test Acc: 83.68%
2026-02-26 04:19:41 KST | INFO |   No improvement (2/30)
2026-02-26 04:19:41 KST | INFO | 
2026-02-26 04:19:41 KST | INFO | Epoch 31/200 | LR: 0.094550
2026-02-26 04:23:07 KST | INFO |   Train Loss: 0.3591 | Test Loss: 0.0020 | Test Acc: 83.53%
2026-02-26 04:23:07 KST | INFO |   No improvement (3/30)
2026-02-26 04:23:07 KST | INFO | 
2026-02-26 04:23:07 KST | INFO | Epoch 32/200 | LR: 0.094188
2026-02-26 04:26:28 KST | INFO |   Train Loss: 0.3560 | Test Loss: 0.0020 | Test Acc: 83.34%
2026-02-26 04:26:28 KST | INFO |   No improvement (4/30)
2026-02-26 04:26:28 KST | INFO | 
2026-02-26 04:26:28 KST | INFO | Epoch 33/200 | LR: 0.093815
2026-02-26 04:29:54 KST | INFO |   Train Loss: 0.3566 | Test Loss: 0.0019 | Test Acc: 84.50%
2026-02-26 04:29:54 KST | INFO |   🏆 New best accuracy: 84.50%
2026-02-26 04:29:54 KST | INFO | 
2026-02-26 04:29:54 KST | INFO | Epoch 34/200 | LR: 0.093432
2026-02-26 04:33:20 KST | INFO |   Train Loss: 0.3526 | Test Loss: 0.0018 | Test Acc: 85.51%
2026-02-26 04:33:20 KST | INFO |   🏆 New best accuracy: 85.51%
2026-02-26 04:33:20 KST | INFO | 
2026-02-26 04:33:20 KST | INFO | Epoch 35/200 | LR: 0.093037
2026-02-26 04:36:46 KST | INFO |   Train Loss: 0.3444 | Test Loss: 0.0019 | Test Acc: 83.37%
2026-02-26 04:36:46 KST | INFO |   No improvement (1/30)
2026-02-26 04:36:46 KST | INFO | 
2026-02-26 04:36:46 KST | INFO | Epoch 36/200 | LR: 0.092632
2026-02-26 04:40:05 KST | INFO |   Train Loss: 0.3477 | Test Loss: 0.0020 | Test Acc: 82.77%
2026-02-26 04:40:05 KST | INFO |   No improvement (2/30)
2026-02-26 04:40:05 KST | INFO | 
2026-02-26 04:40:05 KST | INFO | Epoch 37/200 | LR: 0.092216
2026-02-26 04:43:32 KST | INFO |   Train Loss: 0.3345 | Test Loss: 0.0019 | Test Acc: 84.28%
2026-02-26 04:43:32 KST | INFO |   No improvement (3/30)
2026-02-26 04:43:32 KST | INFO | 
2026-02-26 04:43:32 KST | INFO | Epoch 38/200 | LR: 0.091790
2026-02-26 04:46:51 KST | INFO |   Train Loss: 0.3399 | Test Loss: 0.0020 | Test Acc: 83.51%
2026-02-26 04:46:51 KST | INFO |   No improvement (4/30)
2026-02-26 04:46:51 KST | INFO | 
2026-02-26 04:46:51 KST | INFO | Epoch 39/200 | LR: 0.091354
2026-02-26 04:50:20 KST | INFO |   Train Loss: 0.3326 | Test Loss: 0.0016 | Test Acc: 86.51%
2026-02-26 04:50:20 KST | INFO |   🏆 New best accuracy: 86.51%
2026-02-26 04:50:20 KST | INFO | 
2026-02-26 04:50:20 KST | INFO | Epoch 40/200 | LR: 0.090908
2026-02-26 04:53:46 KST | INFO |   Train Loss: 0.3268 | Test Loss: 0.0020 | Test Acc: 83.64%
2026-02-26 04:53:46 KST | INFO |   No improvement (1/30)
2026-02-26 04:53:46 KST | INFO | 
2026-02-26 04:53:46 KST | INFO | Epoch 41/200 | LR: 0.090451
2026-02-26 04:57:12 KST | INFO |   Train Loss: 0.3321 | Test Loss: 0.0019 | Test Acc: 84.39%
2026-02-26 04:57:12 KST | INFO |   No improvement (2/30)
2026-02-26 04:57:12 KST | INFO | 
2026-02-26 04:57:12 KST | INFO | Epoch 42/200 | LR: 0.089984
2026-02-26 05:00:38 KST | INFO |   Train Loss: 0.3268 | Test Loss: 0.0020 | Test Acc: 83.12%
2026-02-26 05:00:38 KST | INFO |   No improvement (3/30)
2026-02-26 05:00:38 KST | INFO | 
2026-02-26 05:00:38 KST | INFO | Epoch 43/200 | LR: 0.089508
2026-02-26 05:03:56 KST | INFO |   Train Loss: 0.3245 | Test Loss: 0.0020 | Test Acc: 83.62%
2026-02-26 05:03:56 KST | INFO |   No improvement (4/30)
2026-02-26 05:03:56 KST | INFO | 
2026-02-26 05:03:56 KST | INFO | Epoch 44/200 | LR: 0.089022
2026-02-26 05:07:23 KST | INFO |   Train Loss: 0.3207 | Test Loss: 0.0017 | Test Acc: 85.28%
2026-02-26 05:07:23 KST | INFO |   No improvement (5/30)
2026-02-26 05:07:23 KST | INFO | 
2026-02-26 05:07:23 KST | INFO | Epoch 45/200 | LR: 0.088526
2026-02-26 05:10:48 KST | INFO |   Train Loss: 0.3202 | Test Loss: 0.0018 | Test Acc: 85.19%
2026-02-26 05:10:48 KST | INFO |   No improvement (6/30)
2026-02-26 05:10:48 KST | INFO | 
2026-02-26 05:10:48 KST | INFO | Epoch 46/200 | LR: 0.088020
2026-02-26 05:14:08 KST | INFO |   Train Loss: 0.3181 | Test Loss: 0.0018 | Test Acc: 84.51%
2026-02-26 05:14:08 KST | INFO |   No improvement (7/30)
2026-02-26 05:14:08 KST | INFO | 
2026-02-26 05:14:08 KST | INFO | Epoch 47/200 | LR: 0.087506
2026-02-26 05:17:33 KST | INFO |   Train Loss: 0.3181 | Test Loss: 0.0023 | Test Acc: 80.61%
2026-02-26 05:17:33 KST | INFO |   No improvement (8/30)
2026-02-26 05:17:33 KST | INFO | 
2026-02-26 05:17:33 KST | INFO | Epoch 48/200 | LR: 0.086982
2026-02-26 05:20:58 KST | INFO |   Train Loss: 0.3086 | Test Loss: 0.0020 | Test Acc: 82.81%
2026-02-26 05:20:58 KST | INFO |   No improvement (9/30)
2026-02-26 05:20:58 KST | INFO | 
2026-02-26 05:20:58 KST | INFO | Epoch 49/200 | LR: 0.086449
2026-02-26 05:24:23 KST | INFO |   Train Loss: 0.3044 | Test Loss: 0.0019 | Test Acc: 84.04%
2026-02-26 05:24:23 KST | INFO |   No improvement (10/30)
2026-02-26 05:24:23 KST | INFO | 
2026-02-26 05:24:23 KST | INFO | Epoch 50/200 | LR: 0.085906
2026-02-26 05:27:49 KST | INFO |   Train Loss: 0.3095 | Test Loss: 0.0019 | Test Acc: 84.73%
2026-02-26 05:27:49 KST | INFO |   No improvement (11/30)
2026-02-26 05:27:49 KST | INFO | 
2026-02-26 05:27:49 KST | INFO | Epoch 51/200 | LR: 0.085355
2026-02-26 05:31:15 KST | INFO |   Train Loss: 0.3013 | Test Loss: 0.0017 | Test Acc: 85.87%
2026-02-26 05:31:15 KST | INFO |   No improvement (12/30)
2026-02-26 05:31:15 KST | INFO | 
2026-02-26 05:31:15 KST | INFO | Epoch 52/200 | LR: 0.084796
2026-02-26 05:34:41 KST | INFO |   Train Loss: 0.3020 | Test Loss: 0.0015 | Test Acc: 87.39%
2026-02-26 05:34:41 KST | INFO |   🏆 New best accuracy: 87.39%
2026-02-26 05:34:41 KST | INFO | 
2026-02-26 05:34:41 KST | INFO | Epoch 53/200 | LR: 0.084228
2026-02-26 05:38:08 KST | INFO |   Train Loss: 0.2955 | Test Loss: 0.0018 | Test Acc: 84.70%
2026-02-26 05:38:08 KST | INFO |   No improvement (1/30)
2026-02-26 05:38:08 KST | INFO | 
2026-02-26 05:38:08 KST | INFO | Epoch 54/200 | LR: 0.083651
2026-02-26 05:41:35 KST | INFO |   Train Loss: 0.2950 | Test Loss: 0.0018 | Test Acc: 84.83%
2026-02-26 05:41:35 KST | INFO |   No improvement (2/30)
2026-02-26 05:41:35 KST | INFO | 
2026-02-26 05:41:35 KST | INFO | Epoch 55/200 | LR: 0.083066
2026-02-26 05:45:01 KST | INFO |   Train Loss: 0.2875 | Test Loss: 0.0018 | Test Acc: 84.96%
2026-02-26 05:45:01 KST | INFO |   No improvement (3/30)
2026-02-26 05:45:01 KST | INFO | 
2026-02-26 05:45:01 KST | INFO | Epoch 56/200 | LR: 0.082473
2026-02-26 05:48:15 KST | INFO |   Train Loss: 0.2909 | Test Loss: 0.0017 | Test Acc: 85.73%
2026-02-26 05:48:15 KST | INFO |   No improvement (4/30)
2026-02-26 05:48:15 KST | INFO | 
2026-02-26 05:48:15 KST | INFO | Epoch 57/200 | LR: 0.081871
2026-02-26 05:51:39 KST | INFO |   Train Loss: 0.2862 | Test Loss: 0.0018 | Test Acc: 84.29%
2026-02-26 05:51:39 KST | INFO |   No improvement (5/30)
2026-02-26 05:51:39 KST | INFO | 
2026-02-26 05:51:39 KST | INFO | Epoch 58/200 | LR: 0.081262
2026-02-26 05:55:11 KST | INFO |   Train Loss: 0.2852 | Test Loss: 0.0017 | Test Acc: 86.13%
2026-02-26 05:55:11 KST | INFO |   No improvement (6/30)
2026-02-26 05:55:11 KST | INFO | 
2026-02-26 05:55:11 KST | INFO | Epoch 59/200 | LR: 0.080646
2026-02-26 05:58:36 KST | INFO |   Train Loss: 0.2815 | Test Loss: 0.0018 | Test Acc: 84.74%
2026-02-26 05:58:36 KST | INFO |   No improvement (7/30)
2026-02-26 05:58:36 KST | INFO | 
2026-02-26 05:58:36 KST | INFO | Epoch 60/200 | LR: 0.080021
2026-02-26 06:02:02 KST | INFO |   Train Loss: 0.2782 | Test Loss: 0.0020 | Test Acc: 84.21%
2026-02-26 06:02:02 KST | INFO |   No improvement (8/30)
2026-02-26 06:02:02 KST | INFO | 
2026-02-26 06:02:02 KST | INFO | Epoch 61/200 | LR: 0.079389
2026-02-26 06:05:28 KST | INFO |   Train Loss: 0.2776 | Test Loss: 0.0018 | Test Acc: 85.53%
2026-02-26 06:05:28 KST | INFO |   No improvement (9/30)
2026-02-26 06:05:28 KST | INFO | 
2026-02-26 06:05:28 KST | INFO | Epoch 62/200 | LR: 0.078750
2026-02-26 06:08:54 KST | INFO |   Train Loss: 0.2781 | Test Loss: 0.0015 | Test Acc: 87.83%
2026-02-26 06:08:54 KST | INFO |   🏆 New best accuracy: 87.83%
2026-02-26 06:08:54 KST | INFO | 
2026-02-26 06:08:54 KST | INFO | Epoch 63/200 | LR: 0.078104
2026-02-26 06:12:21 KST | INFO |   Train Loss: 0.2714 | Test Loss: 0.0016 | Test Acc: 86.57%
2026-02-26 06:12:21 KST | INFO |   No improvement (1/30)
2026-02-26 06:12:21 KST | INFO | 
2026-02-26 06:12:21 KST | INFO | Epoch 64/200 | LR: 0.077451
2026-02-26 06:15:47 KST | INFO |   Train Loss: 0.2715 | Test Loss: 0.0019 | Test Acc: 84.21%
2026-02-26 06:15:47 KST | INFO |   No improvement (2/30)
2026-02-26 06:15:47 KST | INFO | 
2026-02-26 06:15:47 KST | INFO | Epoch 65/200 | LR: 0.076792
2026-02-26 06:19:12 KST | INFO |   Train Loss: 0.2634 | Test Loss: 0.0019 | Test Acc: 84.13%
2026-02-26 06:19:12 KST | INFO |   No improvement (3/30)
2026-02-26 06:19:12 KST | INFO | 
2026-02-26 06:19:12 KST | INFO | Epoch 66/200 | LR: 0.076125
2026-02-26 06:22:46 KST | INFO |   Train Loss: 0.2687 | Test Loss: 0.0016 | Test Acc: 86.96%
2026-02-26 06:22:46 KST | INFO |   No improvement (4/30)
2026-02-26 06:22:46 KST | INFO | 
2026-02-26 06:22:46 KST | INFO | Epoch 67/200 | LR: 0.075452
2026-02-26 06:26:19 KST | INFO |   Train Loss: 0.2648 | Test Loss: 0.0017 | Test Acc: 85.59%
2026-02-26 06:26:19 KST | INFO |   No improvement (5/30)
2026-02-26 06:26:19 KST | INFO | 
2026-02-26 06:26:19 KST | INFO | Epoch 68/200 | LR: 0.074773
2026-02-26 06:29:50 KST | INFO |   Train Loss: 0.2591 | Test Loss: 0.0017 | Test Acc: 85.16%
2026-02-26 06:29:50 KST | INFO |   No improvement (6/30)
2026-02-26 06:29:50 KST | INFO | 
2026-02-26 06:29:50 KST | INFO | Epoch 69/200 | LR: 0.074088
2026-02-26 06:33:02 KST | INFO |   Train Loss: 0.2578 | Test Loss: 0.0015 | Test Acc: 87.00%
2026-02-26 06:33:02 KST | INFO |   No improvement (7/30)
2026-02-26 06:33:02 KST | INFO | 
2026-02-26 06:33:02 KST | INFO | Epoch 70/200 | LR: 0.073397
2026-02-26 06:36:32 KST | INFO |   Train Loss: 0.2536 | Test Loss: 0.0018 | Test Acc: 84.73%
2026-02-26 06:36:32 KST | INFO |   No improvement (8/30)
2026-02-26 06:36:32 KST | INFO | 
2026-02-26 06:36:32 KST | INFO | Epoch 71/200 | LR: 0.072700
2026-02-26 06:39:58 KST | INFO |   Train Loss: 0.2547 | Test Loss: 0.0017 | Test Acc: 85.97%
2026-02-26 06:39:58 KST | INFO |   No improvement (9/30)
2026-02-26 06:39:58 KST | INFO | 
2026-02-26 06:39:58 KST | INFO | Epoch 72/200 | LR: 0.071997
2026-02-26 06:43:23 KST | INFO |   Train Loss: 0.2510 | Test Loss: 0.0017 | Test Acc: 86.03%
2026-02-26 06:43:23 KST | INFO |   No improvement (10/30)
2026-02-26 06:43:23 KST | INFO | 
2026-02-26 06:43:23 KST | INFO | Epoch 73/200 | LR: 0.071289
2026-02-26 06:46:49 KST | INFO |   Train Loss: 0.2449 | Test Loss: 0.0014 | Test Acc: 87.69%
2026-02-26 06:46:49 KST | INFO |   No improvement (11/30)
2026-02-26 06:46:49 KST | INFO | 
2026-02-26 06:46:49 KST | INFO | Epoch 74/200 | LR: 0.070576
2026-02-26 06:50:15 KST | INFO |   Train Loss: 0.2473 | Test Loss: 0.0020 | Test Acc: 83.86%
2026-02-26 06:50:15 KST | INFO |   No improvement (12/30)
2026-02-26 06:50:15 KST | INFO | 
2026-02-26 06:50:15 KST | INFO | Epoch 75/200 | LR: 0.069858
2026-02-26 06:53:40 KST | INFO |   Train Loss: 0.2473 | Test Loss: 0.0017 | Test Acc: 85.27%
2026-02-26 06:53:40 KST | INFO |   No improvement (13/30)
2026-02-26 06:53:40 KST | INFO | 
2026-02-26 06:53:40 KST | INFO | Epoch 76/200 | LR: 0.069134
2026-02-26 06:57:06 KST | INFO |   Train Loss: 0.2436 | Test Loss: 0.0015 | Test Acc: 87.24%
2026-02-26 06:57:06 KST | INFO |   No improvement (14/30)
2026-02-26 06:57:06 KST | INFO | 
2026-02-26 06:57:06 KST | INFO | Epoch 77/200 | LR: 0.068407
2026-02-26 07:00:24 KST | INFO |   Train Loss: 0.2395 | Test Loss: 0.0017 | Test Acc: 85.70%
2026-02-26 07:00:24 KST | INFO |   No improvement (15/30)
2026-02-26 07:00:24 KST | INFO | 
2026-02-26 07:00:24 KST | INFO | Epoch 78/200 | LR: 0.067674
2026-02-26 07:03:49 KST | INFO |   Train Loss: 0.2366 | Test Loss: 0.0017 | Test Acc: 85.38%
2026-02-26 07:03:49 KST | INFO |   No improvement (16/30)
2026-02-26 07:03:49 KST | INFO | 
2026-02-26 07:03:49 KST | INFO | Epoch 79/200 | LR: 0.066937
2026-02-26 07:07:15 KST | INFO |   Train Loss: 0.2337 | Test Loss: 0.0016 | Test Acc: 86.97%
2026-02-26 07:07:15 KST | INFO |   No improvement (17/30)
2026-02-26 07:07:15 KST | INFO | 
2026-02-26 07:07:15 KST | INFO | Epoch 80/200 | LR: 0.066196
2026-02-26 07:10:41 KST | INFO |   Train Loss: 0.2278 | Test Loss: 0.0016 | Test Acc: 86.59%
2026-02-26 07:10:41 KST | INFO |   No improvement (18/30)
2026-02-26 07:10:41 KST | INFO | 
2026-02-26 07:10:41 KST | INFO | Epoch 81/200 | LR: 0.065451
2026-02-26 07:14:07 KST | INFO |   Train Loss: 0.2291 | Test Loss: 0.0015 | Test Acc: 87.22%
2026-02-26 07:14:07 KST | INFO |   No improvement (19/30)
2026-02-26 07:14:07 KST | INFO | 
2026-02-26 07:14:07 KST | INFO | Epoch 82/200 | LR: 0.064702
2026-02-26 07:17:34 KST | INFO |   Train Loss: 0.2331 | Test Loss: 0.0016 | Test Acc: 86.80%
2026-02-26 07:17:34 KST | INFO |   No improvement (20/30)
2026-02-26 07:17:34 KST | INFO | 
2026-02-26 07:17:34 KST | INFO | Epoch 83/200 | LR: 0.063950
2026-02-26 07:20:59 KST | INFO |   Train Loss: 0.2268 | Test Loss: 0.0017 | Test Acc: 85.69%
2026-02-26 07:20:59 KST | INFO |   No improvement (21/30)
2026-02-26 07:20:59 KST | INFO | 
2026-02-26 07:20:59 KST | INFO | Epoch 84/200 | LR: 0.063194
2026-02-26 07:24:25 KST | INFO |   Train Loss: 0.2213 | Test Loss: 0.0014 | Test Acc: 88.99%
2026-02-26 07:24:25 KST | INFO |   🏆 New best accuracy: 88.99%
2026-02-26 07:24:25 KST | INFO | 
2026-02-26 07:24:25 KST | INFO | Epoch 85/200 | LR: 0.062435
2026-02-26 07:27:44 KST | INFO |   Train Loss: 0.2177 | Test Loss: 0.0018 | Test Acc: 84.97%
2026-02-26 07:27:44 KST | INFO |   No improvement (1/30)
2026-02-26 07:27:44 KST | INFO | 
2026-02-26 07:27:44 KST | INFO | Epoch 86/200 | LR: 0.061673
2026-02-26 07:31:07 KST | INFO |   Train Loss: 0.2161 | Test Loss: 0.0015 | Test Acc: 87.41%
2026-02-26 07:31:07 KST | INFO |   No improvement (2/30)
2026-02-26 07:31:07 KST | INFO | 
2026-02-26 07:31:07 KST | INFO | Epoch 87/200 | LR: 0.060908
2026-02-26 07:34:27 KST | INFO |   Train Loss: 0.2183 | Test Loss: 0.0014 | Test Acc: 88.40%
2026-02-26 07:34:27 KST | INFO |   No improvement (3/30)
2026-02-26 07:34:27 KST | INFO | 
2026-02-26 07:34:27 KST | INFO | Epoch 88/200 | LR: 0.060140
2026-02-26 07:37:54 KST | INFO |   Train Loss: 0.2126 | Test Loss: 0.0014 | Test Acc: 88.51%
2026-02-26 07:37:54 KST | INFO |   No improvement (4/30)
2026-02-26 07:37:54 KST | INFO | 
2026-02-26 07:37:54 KST | INFO | Epoch 89/200 | LR: 0.059369
2026-02-26 07:41:20 KST | INFO |   Train Loss: 0.2133 | Test Loss: 0.0016 | Test Acc: 86.93%
2026-02-26 07:41:20 KST | INFO |   No improvement (5/30)
2026-02-26 07:41:20 KST | INFO | 
2026-02-26 07:41:20 KST | INFO | Epoch 90/200 | LR: 0.058597
2026-02-26 07:44:46 KST | INFO |   Train Loss: 0.2081 | Test Loss: 0.0015 | Test Acc: 87.56%
2026-02-26 07:44:46 KST | INFO |   No improvement (6/30)
2026-02-26 07:44:46 KST | INFO | 
2026-02-26 07:44:46 KST | INFO | Epoch 91/200 | LR: 0.057822
2026-02-26 07:48:12 KST | INFO |   Train Loss: 0.2066 | Test Loss: 0.0015 | Test Acc: 87.66%
2026-02-26 07:48:12 KST | INFO |   No improvement (7/30)
2026-02-26 07:48:12 KST | INFO | 
2026-02-26 07:48:12 KST | INFO | Epoch 92/200 | LR: 0.057045
2026-02-26 07:51:35 KST | INFO |   Train Loss: 0.2015 | Test Loss: 0.0017 | Test Acc: 86.00%
2026-02-26 07:51:35 KST | INFO |   No improvement (8/30)
2026-02-26 07:51:35 KST | INFO | 
2026-02-26 07:51:35 KST | INFO | Epoch 93/200 | LR: 0.056267
2026-02-26 07:54:56 KST | INFO |   Train Loss: 0.2025 | Test Loss: 0.0016 | Test Acc: 86.68%
2026-02-26 07:54:56 KST | INFO |   No improvement (9/30)
2026-02-26 07:54:56 KST | INFO | 
2026-02-26 07:54:56 KST | INFO | Epoch 94/200 | LR: 0.055487
2026-02-26 07:58:21 KST | INFO |   Train Loss: 0.1969 | Test Loss: 0.0014 | Test Acc: 88.14%
2026-02-26 07:58:21 KST | INFO |   No improvement (10/30)
2026-02-26 07:58:21 KST | INFO | 
2026-02-26 07:58:21 KST | INFO | Epoch 95/200 | LR: 0.054706
2026-02-26 08:01:44 KST | INFO |   Train Loss: 0.1921 | Test Loss: 0.0017 | Test Acc: 85.91%
2026-02-26 08:01:44 KST | INFO |   No improvement (11/30)
2026-02-26 08:01:44 KST | INFO | 
2026-02-26 08:01:44 KST | INFO | Epoch 96/200 | LR: 0.053923
2026-02-26 08:05:06 KST | INFO |   Train Loss: 0.1947 | Test Loss: 0.0015 | Test Acc: 87.83%
2026-02-26 08:05:06 KST | INFO |   No improvement (12/30)
2026-02-26 08:05:06 KST | INFO | 
2026-02-26 08:05:06 KST | INFO | Epoch 97/200 | LR: 0.053140
2026-02-26 08:08:32 KST | INFO |   Train Loss: 0.1905 | Test Loss: 0.0017 | Test Acc: 86.11%
2026-02-26 08:08:32 KST | INFO |   No improvement (13/30)
2026-02-26 08:08:32 KST | INFO | 
2026-02-26 08:08:32 KST | INFO | Epoch 98/200 | LR: 0.052356
2026-02-26 08:11:58 KST | INFO |   Train Loss: 0.1886 | Test Loss: 0.0017 | Test Acc: 85.86%
2026-02-26 08:11:58 KST | INFO |   No improvement (14/30)
2026-02-26 08:11:58 KST | INFO | 
2026-02-26 08:11:58 KST | INFO | Epoch 99/200 | LR: 0.051571
2026-02-26 08:15:17 KST | INFO |   Train Loss: 0.1857 | Test Loss: 0.0014 | Test Acc: 88.02%
2026-02-26 08:15:17 KST | INFO |   No improvement (15/30)
2026-02-26 08:15:17 KST | INFO | 
2026-02-26 08:15:17 KST | INFO | Epoch 100/200 | LR: 0.050786
2026-02-26 08:18:41 KST | INFO |   Train Loss: 0.1873 | Test Loss: 0.0014 | Test Acc: 88.44%
2026-02-26 08:18:41 KST | INFO |   No improvement (16/30)
2026-02-26 08:18:41 KST | INFO | 
2026-02-26 08:18:41 KST | INFO | Epoch 101/200 | LR: 0.050001
2026-02-26 08:22:07 KST | INFO |   Train Loss: 0.1782 | Test Loss: 0.0014 | Test Acc: 88.22%
2026-02-26 08:22:07 KST | INFO |   No improvement (17/30)
2026-02-26 08:22:07 KST | INFO | 
2026-02-26 08:22:07 KST | INFO | Epoch 102/200 | LR: 0.049215
2026-02-26 08:25:34 KST | INFO |   Train Loss: 0.1771 | Test Loss: 0.0016 | Test Acc: 87.06%
2026-02-26 08:25:34 KST | INFO |   No improvement (18/30)
2026-02-26 08:25:34 KST | INFO | 
2026-02-26 08:25:34 KST | INFO | Epoch 103/200 | LR: 0.048430
2026-02-26 08:29:00 KST | INFO |   Train Loss: 0.1776 | Test Loss: 0.0014 | Test Acc: 88.37%
2026-02-26 08:29:00 KST | INFO |   No improvement (19/30)
2026-02-26 08:29:00 KST | INFO | 
2026-02-26 08:29:00 KST | INFO | Epoch 104/200 | LR: 0.047645
2026-02-26 08:32:26 KST | INFO |   Train Loss: 0.1716 | Test Loss: 0.0014 | Test Acc: 88.22%
2026-02-26 08:32:26 KST | INFO |   No improvement (20/30)
2026-02-26 08:32:26 KST | INFO | 
2026-02-26 08:32:26 KST | INFO | Epoch 105/200 | LR: 0.046861
2026-02-26 08:35:52 KST | INFO |   Train Loss: 0.1709 | Test Loss: 0.0020 | Test Acc: 83.71%
2026-02-26 08:35:52 KST | INFO |   No improvement (21/30)
2026-02-26 08:35:52 KST | INFO | 
2026-02-26 08:35:52 KST | INFO | Epoch 106/200 | LR: 0.046078
2026-02-26 08:39:18 KST | INFO |   Train Loss: 0.1694 | Test Loss: 0.0013 | Test Acc: 89.02%
2026-02-26 08:39:18 KST | INFO |   🏆 New best accuracy: 89.02%
2026-02-26 08:39:18 KST | INFO | 
2026-02-26 08:39:18 KST | INFO | Epoch 107/200 | LR: 0.045295
2026-02-26 08:42:50 KST | INFO |   Train Loss: 0.1649 | Test Loss: 0.0014 | Test Acc: 88.63%
2026-02-26 08:42:50 KST | INFO |   No improvement (1/30)
2026-02-26 08:42:50 KST | INFO | 
2026-02-26 08:42:50 KST | INFO | Epoch 108/200 | LR: 0.044514
2026-02-26 08:46:08 KST | INFO |   Train Loss: 0.1636 | Test Loss: 0.0013 | Test Acc: 89.11%
2026-02-26 08:46:08 KST | INFO |   🏆 New best accuracy: 89.11%
2026-02-26 08:46:08 KST | INFO | 
2026-02-26 08:46:08 KST | INFO | Epoch 109/200 | LR: 0.043734
2026-02-26 08:49:34 KST | INFO |   Train Loss: 0.1599 | Test Loss: 0.0014 | Test Acc: 88.01%
2026-02-26 08:49:34 KST | INFO |   No improvement (1/30)
2026-02-26 08:49:34 KST | INFO | 
2026-02-26 08:49:34 KST | INFO | Epoch 110/200 | LR: 0.042956
2026-02-26 08:52:54 KST | INFO |   Train Loss: 0.1561 | Test Loss: 0.0013 | Test Acc: 88.86%
2026-02-26 08:52:54 KST | INFO |   No improvement (2/30)
2026-02-26 08:52:54 KST | INFO | 
2026-02-26 08:52:54 KST | INFO | Epoch 111/200 | LR: 0.042179
2026-02-26 08:56:20 KST | INFO |   Train Loss: 0.1534 | Test Loss: 0.0013 | Test Acc: 89.03%
2026-02-26 08:56:20 KST | INFO |   No improvement (3/30)
2026-02-26 08:56:20 KST | INFO | 
2026-02-26 08:56:20 KST | INFO | Epoch 112/200 | LR: 0.041404
2026-02-26 08:59:45 KST | INFO |   Train Loss: 0.1506 | Test Loss: 0.0013 | Test Acc: 89.34%
2026-02-26 08:59:45 KST | INFO |   🏆 New best accuracy: 89.34%
2026-02-26 08:59:45 KST | INFO | 
2026-02-26 08:59:45 KST | INFO | Epoch 113/200 | LR: 0.040632
2026-02-26 09:03:11 KST | INFO |   Train Loss: 0.1504 | Test Loss: 0.0015 | Test Acc: 88.08%
2026-02-26 09:03:11 KST | INFO |   No improvement (1/30)
2026-02-26 09:03:11 KST | INFO | 
2026-02-26 09:03:11 KST | INFO | Epoch 114/200 | LR: 0.039861
2026-02-26 09:06:37 KST | INFO |   Train Loss: 0.1439 | Test Loss: 0.0014 | Test Acc: 88.23%
2026-02-26 09:06:37 KST | INFO |   No improvement (2/30)
2026-02-26 09:06:37 KST | INFO | 
2026-02-26 09:06:37 KST | INFO | Epoch 115/200 | LR: 0.039093
2026-02-26 09:10:03 KST | INFO |   Train Loss: 0.1460 | Test Loss: 0.0017 | Test Acc: 86.92%
2026-02-26 09:10:03 KST | INFO |   No improvement (3/30)
2026-02-26 09:10:03 KST | INFO | 
2026-02-26 09:10:03 KST | INFO | Epoch 116/200 | LR: 0.038328
2026-02-26 09:13:29 KST | INFO |   Train Loss: 0.1431 | Test Loss: 0.0015 | Test Acc: 87.51%
2026-02-26 09:13:29 KST | INFO |   No improvement (4/30)
2026-02-26 09:13:29 KST | INFO | 
2026-02-26 09:13:29 KST | INFO | Epoch 117/200 | LR: 0.037566
2026-02-26 09:16:55 KST | INFO |   Train Loss: 0.1391 | Test Loss: 0.0013 | Test Acc: 89.64%
2026-02-26 09:16:55 KST | INFO |   🏆 New best accuracy: 89.64%
2026-02-26 09:16:55 KST | INFO | 
2026-02-26 09:16:55 KST | INFO | Epoch 118/200 | LR: 0.036807
2026-02-26 09:20:13 KST | INFO |   Train Loss: 0.1377 | Test Loss: 0.0013 | Test Acc: 88.98%
2026-02-26 09:20:13 KST | INFO |   No improvement (1/30)
2026-02-26 09:20:13 KST | INFO | 
2026-02-26 09:20:13 KST | INFO | Epoch 119/200 | LR: 0.036051
2026-02-26 09:23:39 KST | INFO |   Train Loss: 0.1337 | Test Loss: 0.0016 | Test Acc: 87.53%
2026-02-26 09:23:39 KST | INFO |   No improvement (2/30)
2026-02-26 09:23:39 KST | INFO | 
2026-02-26 09:23:39 KST | INFO | Epoch 120/200 | LR: 0.035299
2026-02-26 09:27:04 KST | INFO |   Train Loss: 0.1289 | Test Loss: 0.0017 | Test Acc: 86.14%
2026-02-26 09:27:04 KST | INFO |   No improvement (3/30)
2026-02-26 09:27:04 KST | INFO | 
2026-02-26 09:27:04 KST | INFO | Epoch 121/200 | LR: 0.034550
2026-02-26 09:30:30 KST | INFO |   Train Loss: 0.1300 | Test Loss: 0.0014 | Test Acc: 89.10%
2026-02-26 09:30:30 KST | INFO |   No improvement (4/30)
2026-02-26 09:30:30 KST | INFO | 
2026-02-26 09:30:30 KST | INFO | Epoch 122/200 | LR: 0.033805
2026-02-26 09:33:50 KST | INFO |   Train Loss: 0.1251 | Test Loss: 0.0014 | Test Acc: 88.78%
2026-02-26 09:33:50 KST | INFO |   No improvement (5/30)
2026-02-26 09:33:50 KST | INFO | 
2026-02-26 09:33:50 KST | INFO | Epoch 123/200 | LR: 0.033064
2026-02-26 09:37:16 KST | INFO |   Train Loss: 0.1227 | Test Loss: 0.0015 | Test Acc: 87.59%
2026-02-26 09:37:16 KST | INFO |   No improvement (6/30)
2026-02-26 09:37:16 KST | INFO | 
2026-02-26 09:37:16 KST | INFO | Epoch 124/200 | LR: 0.032327
2026-02-26 09:40:46 KST | INFO |   Train Loss: 0.1202 | Test Loss: 0.0014 | Test Acc: 89.19%
2026-02-26 09:40:46 KST | INFO |   No improvement (7/30)
2026-02-26 09:40:46 KST | INFO | 
2026-02-26 09:40:46 KST | INFO | Epoch 125/200 | LR: 0.031594
2026-02-26 09:44:12 KST | INFO |   Train Loss: 0.1221 | Test Loss: 0.0012 | Test Acc: 89.98%
2026-02-26 09:44:12 KST | INFO |   🏆 New best accuracy: 89.98%
2026-02-26 09:44:12 KST | INFO | 
2026-02-26 09:44:12 KST | INFO | Epoch 126/200 | LR: 0.030867
2026-02-26 09:47:42 KST | INFO |   Train Loss: 0.1145 | Test Loss: 0.0014 | Test Acc: 89.13%
2026-02-26 09:47:42 KST | INFO |   No improvement (1/30)
2026-02-26 09:47:42 KST | INFO | 
2026-02-26 09:47:42 KST | INFO | Epoch 127/200 | LR: 0.030143
2026-02-26 09:51:14 KST | INFO |   Train Loss: 0.1138 | Test Loss: 0.0014 | Test Acc: 89.01%
2026-02-26 09:51:14 KST | INFO |   No improvement (2/30)
2026-02-26 09:51:14 KST | INFO | 
2026-02-26 09:51:14 KST | INFO | Epoch 128/200 | LR: 0.029425
2026-02-26 09:54:45 KST | INFO |   Train Loss: 0.1109 | Test Loss: 0.0014 | Test Acc: 88.61%
2026-02-26 09:54:45 KST | INFO |   No improvement (3/30)
2026-02-26 09:54:45 KST | INFO | 
2026-02-26 09:54:45 KST | INFO | Epoch 129/200 | LR: 0.028712
2026-02-26 09:58:17 KST | INFO |   Train Loss: 0.1087 | Test Loss: 0.0016 | Test Acc: 87.00%
2026-02-26 09:58:17 KST | INFO |   No improvement (4/30)
2026-02-26 09:58:17 KST | INFO | 
2026-02-26 09:58:17 KST | INFO | Epoch 130/200 | LR: 0.028004
2026-02-26 10:01:39 KST | INFO |   Train Loss: 0.1052 | Test Loss: 0.0014 | Test Acc: 89.10%
2026-02-26 10:01:39 KST | INFO |   No improvement (5/30)
2026-02-26 10:01:39 KST | INFO | 
2026-02-26 10:01:39 KST | INFO | Epoch 131/200 | LR: 0.027301
2026-02-26 10:05:05 KST | INFO |   Train Loss: 0.1042 | Test Loss: 0.0015 | Test Acc: 88.39%
2026-02-26 10:05:05 KST | INFO |   No improvement (6/30)
2026-02-26 10:05:05 KST | INFO | 
2026-02-26 10:05:05 KST | INFO | Epoch 132/200 | LR: 0.026604
2026-02-26 10:08:31 KST | INFO |   Train Loss: 0.1025 | Test Loss: 0.0015 | Test Acc: 88.31%
2026-02-26 10:08:31 KST | INFO |   No improvement (7/30)
2026-02-26 10:08:31 KST | INFO | 
2026-02-26 10:08:31 KST | INFO | Epoch 133/200 | LR: 0.025913
2026-02-26 10:11:50 KST | INFO |   Train Loss: 0.1022 | Test Loss: 0.0013 | Test Acc: 89.71%
2026-02-26 10:11:50 KST | INFO |   No improvement (8/30)
2026-02-26 10:11:50 KST | INFO | 
2026-02-26 10:11:50 KST | INFO | Epoch 134/200 | LR: 0.025228
2026-02-26 10:15:14 KST | INFO |   Train Loss: 0.0953 | Test Loss: 0.0014 | Test Acc: 89.00%
2026-02-26 10:15:14 KST | INFO |   No improvement (9/30)
2026-02-26 10:15:14 KST | INFO | 
2026-02-26 10:15:14 KST | INFO | Epoch 135/200 | LR: 0.024549
2026-02-26 10:18:39 KST | INFO |   Train Loss: 0.0924 | Test Loss: 0.0013 | Test Acc: 90.03%
2026-02-26 10:18:39 KST | INFO |   🏆 New best accuracy: 90.03%
2026-02-26 10:18:39 KST | INFO | 
2026-02-26 10:18:39 KST | INFO | Epoch 136/200 | LR: 0.023876
2026-02-26 10:22:00 KST | INFO |   Train Loss: 0.0901 | Test Loss: 0.0014 | Test Acc: 88.96%
2026-02-26 10:22:00 KST | INFO |   No improvement (1/30)
2026-02-26 10:22:00 KST | INFO | 
2026-02-26 10:22:00 KST | INFO | Epoch 137/200 | LR: 0.023209
2026-02-26 10:25:26 KST | INFO |   Train Loss: 0.0890 | Test Loss: 0.0013 | Test Acc: 89.80%
2026-02-26 10:25:26 KST | INFO |   No improvement (2/30)
2026-02-26 10:25:26 KST | INFO | 
2026-02-26 10:25:26 KST | INFO | Epoch 138/200 | LR: 0.022550
2026-02-26 10:28:52 KST | INFO |   Train Loss: 0.0892 | Test Loss: 0.0014 | Test Acc: 88.77%
2026-02-26 10:28:52 KST | INFO |   No improvement (3/30)
2026-02-26 10:28:52 KST | INFO | 
2026-02-26 10:28:52 KST | INFO | Epoch 139/200 | LR: 0.021897
2026-02-26 10:32:18 KST | INFO |   Train Loss: 0.0843 | Test Loss: 0.0015 | Test Acc: 88.93%
2026-02-26 10:32:18 KST | INFO |   No improvement (4/30)
2026-02-26 10:32:18 KST | INFO | 
2026-02-26 10:32:18 KST | INFO | Epoch 140/200 | LR: 0.021251
2026-02-26 10:35:44 KST | INFO |   Train Loss: 0.0830 | Test Loss: 0.0014 | Test Acc: 89.01%
2026-02-26 10:35:44 KST | INFO |   No improvement (5/30)
2026-02-26 10:35:44 KST | INFO | 
2026-02-26 10:35:44 KST | INFO | Epoch 141/200 | LR: 0.020612
2026-02-26 10:39:12 KST | INFO |   Train Loss: 0.0776 | Test Loss: 0.0015 | Test Acc: 88.80%
2026-02-26 10:39:12 KST | INFO |   No improvement (6/30)
2026-02-26 10:39:12 KST | INFO | 
2026-02-26 10:39:12 KST | INFO | Epoch 142/200 | LR: 0.019980
2026-02-26 10:42:31 KST | INFO |   Train Loss: 0.0775 | Test Loss: 0.0014 | Test Acc: 89.57%
2026-02-26 10:42:31 KST | INFO |   No improvement (7/30)
2026-02-26 10:42:31 KST | INFO | 
2026-02-26 10:42:31 KST | INFO | Epoch 143/200 | LR: 0.019355
2026-02-26 10:45:57 KST | INFO |   Train Loss: 0.0755 | Test Loss: 0.0015 | Test Acc: 88.88%
2026-02-26 10:45:57 KST | INFO |   No improvement (8/30)
2026-02-26 10:45:57 KST | INFO | 
2026-02-26 10:45:57 KST | INFO | Epoch 144/200 | LR: 0.018739
2026-02-26 10:49:23 KST | INFO |   Train Loss: 0.0725 | Test Loss: 0.0013 | Test Acc: 90.02%
2026-02-26 10:49:24 KST | INFO |   No improvement (9/30)
2026-02-26 10:49:24 KST | INFO | 
2026-02-26 10:49:24 KST | INFO | Epoch 145/200 | LR: 0.018130
2026-02-26 10:52:50 KST | INFO |   Train Loss: 0.0705 | Test Loss: 0.0014 | Test Acc: 89.27%
2026-02-26 10:52:50 KST | INFO |   No improvement (10/30)
2026-02-26 10:52:50 KST | INFO | 
2026-02-26 10:52:50 KST | INFO | Epoch 146/200 | LR: 0.017528
2026-02-26 10:56:16 KST | INFO |   Train Loss: 0.0682 | Test Loss: 0.0013 | Test Acc: 90.30%
2026-02-26 10:56:16 KST | INFO |   🏆 New best accuracy: 90.30%
2026-02-26 10:56:16 KST | INFO | 
2026-02-26 10:56:16 KST | INFO | Epoch 147/200 | LR: 0.016935
2026-02-26 10:59:43 KST | INFO |   Train Loss: 0.0683 | Test Loss: 0.0013 | Test Acc: 90.21%
2026-02-26 10:59:43 KST | INFO |   No improvement (1/30)
2026-02-26 10:59:43 KST | INFO | 
2026-02-26 10:59:43 KST | INFO | Epoch 148/200 | LR: 0.016350
2026-02-26 11:03:02 KST | INFO |   Train Loss: 0.0657 | Test Loss: 0.0015 | Test Acc: 88.82%
2026-02-26 11:03:02 KST | INFO |   No improvement (2/30)
2026-02-26 11:03:02 KST | INFO | 
2026-02-26 11:03:02 KST | INFO | Epoch 149/200 | LR: 0.015773
2026-02-26 11:06:21 KST | INFO |   Train Loss: 0.0633 | Test Loss: 0.0013 | Test Acc: 90.18%
2026-02-26 11:06:21 KST | INFO |   No improvement (3/30)
2026-02-26 11:06:21 KST | INFO | 
2026-02-26 11:06:21 KST | INFO | Epoch 150/200 | LR: 0.015205
2026-02-26 11:09:48 KST | INFO |   Train Loss: 0.0636 | Test Loss: 0.0014 | Test Acc: 89.17%
2026-02-26 11:09:48 KST | INFO |   No improvement (4/30)
2026-02-26 11:09:48 KST | INFO | 
2026-02-26 11:09:48 KST | INFO | Epoch 151/200 | LR: 0.014646
2026-02-26 11:13:19 KST | INFO |   Train Loss: 0.0598 | Test Loss: 0.0013 | Test Acc: 89.79%
2026-02-26 11:13:19 KST | INFO |   No improvement (5/30)
2026-02-26 11:13:19 KST | INFO | 
2026-02-26 11:13:19 KST | INFO | Epoch 152/200 | LR: 0.014095
2026-02-26 11:16:47 KST | INFO |   Train Loss: 0.0573 | Test Loss: 0.0013 | Test Acc: 89.58%
2026-02-26 11:16:47 KST | INFO |   No improvement (6/30)
2026-02-26 11:16:47 KST | INFO | 
2026-02-26 11:16:47 KST | INFO | Epoch 153/200 | LR: 0.013552
2026-02-26 11:20:13 KST | INFO |   Train Loss: 0.0578 | Test Loss: 0.0013 | Test Acc: 90.17%
2026-02-26 11:20:13 KST | INFO |   No improvement (7/30)
2026-02-26 11:20:13 KST | INFO | 
2026-02-26 11:20:13 KST | INFO | Epoch 154/200 | LR: 0.013019
2026-02-26 11:23:39 KST | INFO |   Train Loss: 0.0526 | Test Loss: 0.0015 | Test Acc: 89.31%
2026-02-26 11:23:39 KST | INFO |   No improvement (8/30)
2026-02-26 11:23:39 KST | INFO | 
2026-02-26 11:23:39 KST | INFO | Epoch 155/200 | LR: 0.012495
2026-02-26 11:27:05 KST | INFO |   Train Loss: 0.0506 | Test Loss: 0.0014 | Test Acc: 89.26%
2026-02-26 11:27:05 KST | INFO |   No improvement (9/30)
2026-02-26 11:27:05 KST | INFO | 
2026-02-26 11:27:05 KST | INFO | Epoch 156/200 | LR: 0.011981
2026-02-26 11:30:38 KST | INFO |   Train Loss: 0.0500 | Test Loss: 0.0013 | Test Acc: 90.12%
2026-02-26 11:30:38 KST | INFO |   No improvement (10/30)
2026-02-26 11:30:38 KST | INFO | 
2026-02-26 11:30:38 KST | INFO | Epoch 157/200 | LR: 0.011475
2026-02-26 11:34:09 KST | INFO |   Train Loss: 0.0510 | Test Loss: 0.0014 | Test Acc: 89.11%
2026-02-26 11:34:09 KST | INFO |   No improvement (11/30)
2026-02-26 11:34:09 KST | INFO | 
2026-02-26 11:34:09 KST | INFO | Epoch 158/200 | LR: 0.010979
2026-02-26 11:37:44 KST | INFO |   Train Loss: 0.0484 | Test Loss: 0.0014 | Test Acc: 89.26%
2026-02-26 11:37:44 KST | INFO |   No improvement (12/30)
2026-02-26 11:37:44 KST | INFO | 
2026-02-26 11:37:44 KST | INFO | Epoch 159/200 | LR: 0.010493
2026-02-26 11:41:00 KST | INFO |   Train Loss: 0.0467 | Test Loss: 0.0013 | Test Acc: 90.26%
2026-02-26 11:41:00 KST | INFO |   No improvement (13/30)
2026-02-26 11:41:00 KST | INFO | 
2026-02-26 11:41:00 KST | INFO | Epoch 160/200 | LR: 0.010017
2026-02-26 11:44:36 KST | INFO |   Train Loss: 0.0461 | Test Loss: 0.0014 | Test Acc: 89.53%
2026-02-26 11:44:36 KST | INFO |   No improvement (14/30)
2026-02-26 11:44:36 KST | INFO | 
2026-02-26 11:44:36 KST | INFO | Epoch 161/200 | LR: 0.009550
2026-02-26 11:48:03 KST | INFO |   Train Loss: 0.0431 | Test Loss: 0.0014 | Test Acc: 90.00%
2026-02-26 11:48:03 KST | INFO |   No improvement (15/30)
2026-02-26 11:48:03 KST | INFO | 
2026-02-26 11:48:03 KST | INFO | Epoch 162/200 | LR: 0.009093
2026-02-26 11:51:28 KST | INFO |   Train Loss: 0.0419 | Test Loss: 0.0012 | Test Acc: 90.90%
2026-02-26 11:51:28 KST | INFO |   🏆 New best accuracy: 90.90%
2026-02-26 11:51:28 KST | INFO | 
2026-02-26 11:51:28 KST | INFO | Epoch 163/200 | LR: 0.008647
2026-02-26 11:54:55 KST | INFO |   Train Loss: 0.0401 | Test Loss: 0.0013 | Test Acc: 89.80%
2026-02-26 11:54:55 KST | INFO |   No improvement (1/30)
2026-02-26 11:54:55 KST | INFO | 
2026-02-26 11:54:55 KST | INFO | Epoch 164/200 | LR: 0.008211
2026-02-26 11:58:28 KST | INFO |   Train Loss: 0.0395 | Test Loss: 0.0013 | Test Acc: 90.26%
2026-02-26 11:58:28 KST | INFO |   No improvement (2/30)
2026-02-26 11:58:28 KST | INFO | 
2026-02-26 11:58:28 KST | INFO | Epoch 165/200 | LR: 0.007785
2026-02-26 12:01:57 KST | INFO |   Train Loss: 0.0365 | Test Loss: 0.0013 | Test Acc: 90.26%
2026-02-26 12:01:57 KST | INFO |   No improvement (3/30)
2026-02-26 12:01:57 KST | INFO | 
2026-02-26 12:01:57 KST | INFO | Epoch 166/200 | LR: 0.007369
2026-02-26 12:05:22 KST | INFO |   Train Loss: 0.0358 | Test Loss: 0.0015 | Test Acc: 89.28%
2026-02-26 12:05:22 KST | INFO |   No improvement (4/30)
2026-02-26 12:05:22 KST | INFO | 
2026-02-26 12:05:22 KST | INFO | Epoch 167/200 | LR: 0.006964
2026-02-26 12:08:41 KST | INFO |   Train Loss: 0.0346 | Test Loss: 0.0013 | Test Acc: 90.51%
2026-02-26 12:08:41 KST | INFO |   No improvement (5/30)
2026-02-26 12:08:41 KST | INFO | 
2026-02-26 12:08:41 KST | INFO | Epoch 168/200 | LR: 0.006569
2026-02-26 12:12:08 KST | INFO |   Train Loss: 0.0331 | Test Loss: 0.0013 | Test Acc: 90.46%
2026-02-26 12:12:08 KST | INFO |   No improvement (6/30)
2026-02-26 12:12:08 KST | INFO | 
2026-02-26 12:12:08 KST | INFO | Epoch 169/200 | LR: 0.006186
2026-02-26 12:15:33 KST | INFO |   Train Loss: 0.0340 | Test Loss: 0.0014 | Test Acc: 90.18%
2026-02-26 12:15:33 KST | INFO |   No improvement (7/30)
2026-02-26 12:15:33 KST | INFO | 
2026-02-26 12:15:33 KST | INFO | Epoch 170/200 | LR: 0.005813
2026-02-26 12:18:57 KST | INFO |   Train Loss: 0.0322 | Test Loss: 0.0013 | Test Acc: 90.64%
2026-02-26 12:18:57 KST | INFO |   No improvement (8/30)
2026-02-26 12:18:57 KST | INFO | 
2026-02-26 12:18:57 KST | INFO | Epoch 171/200 | LR: 0.005451
2026-02-26 12:22:20 KST | INFO |   Train Loss: 0.0301 | Test Loss: 0.0014 | Test Acc: 89.74%
2026-02-26 12:22:20 KST | INFO |   No improvement (9/30)
2026-02-26 12:22:20 KST | INFO | 
2026-02-26 12:22:20 KST | INFO | Epoch 172/200 | LR: 0.005100
2026-02-26 12:25:48 KST | INFO |   Train Loss: 0.0305 | Test Loss: 0.0013 | Test Acc: 90.93%
2026-02-26 12:25:48 KST | INFO |   🏆 New best accuracy: 90.93%
2026-02-26 12:25:48 KST | INFO | 
2026-02-26 12:25:48 KST | INFO | Epoch 173/200 | LR: 0.004760
2026-02-26 12:29:06 KST | INFO |   Train Loss: 0.0288 | Test Loss: 0.0013 | Test Acc: 90.30%
2026-02-26 12:29:06 KST | INFO |   No improvement (1/30)
2026-02-26 12:29:06 KST | INFO | 
2026-02-26 12:29:06 KST | INFO | Epoch 174/200 | LR: 0.004431
2026-02-26 12:32:26 KST | INFO |   Train Loss: 0.0285 | Test Loss: 0.0014 | Test Acc: 90.22%
2026-02-26 12:32:26 KST | INFO |   No improvement (2/30)
2026-02-26 12:32:26 KST | INFO | 
2026-02-26 12:32:26 KST | INFO | Epoch 175/200 | LR: 0.004113
2026-02-26 12:35:51 KST | INFO |   Train Loss: 0.0273 | Test Loss: 0.0013 | Test Acc: 90.68%
2026-02-26 12:35:51 KST | INFO |   No improvement (3/30)
2026-02-26 12:35:51 KST | INFO | 
2026-02-26 12:35:51 KST | INFO | Epoch 176/200 | LR: 0.003807
2026-02-26 12:39:17 KST | INFO |   Train Loss: 0.0270 | Test Loss: 0.0013 | Test Acc: 90.49%
2026-02-26 12:39:17 KST | INFO |   No improvement (4/30)
2026-02-26 12:39:17 KST | INFO | 
2026-02-26 12:39:17 KST | INFO | Epoch 177/200 | LR: 0.003512
2026-02-26 12:42:43 KST | INFO |   Train Loss: 0.0268 | Test Loss: 0.0013 | Test Acc: 90.46%
2026-02-26 12:42:43 KST | INFO |   No improvement (5/30)
2026-02-26 12:42:43 KST | INFO | 
2026-02-26 12:42:43 KST | INFO | Epoch 178/200 | LR: 0.003229
2026-02-26 12:46:08 KST | INFO |   Train Loss: 0.0258 | Test Loss: 0.0012 | Test Acc: 91.40%
2026-02-26 12:46:08 KST | INFO |   🏆 New best accuracy: 91.40%
2026-02-26 12:46:08 KST | INFO | 
2026-02-26 12:46:08 KST | INFO | Epoch 179/200 | LR: 0.002957
2026-02-26 12:49:31 KST | INFO |   Train Loss: 0.0247 | Test Loss: 0.0013 | Test Acc: 90.54%
2026-02-26 12:49:31 KST | INFO |   No improvement (1/30)
2026-02-26 12:49:31 KST | INFO | 
2026-02-26 12:49:31 KST | INFO | Epoch 180/200 | LR: 0.002697
2026-02-26 12:52:52 KST | INFO |   Train Loss: 0.0238 | Test Loss: 0.0013 | Test Acc: 90.41%
2026-02-26 12:52:52 KST | INFO |   No improvement (2/30)
2026-02-26 12:52:52 KST | INFO | 
2026-02-26 12:52:52 KST | INFO | Epoch 181/200 | LR: 0.002448
2026-02-26 12:56:16 KST | INFO |   Train Loss: 0.0239 | Test Loss: 0.0013 | Test Acc: 90.34%
2026-02-26 12:56:16 KST | INFO |   No improvement (3/30)
2026-02-26 12:56:16 KST | INFO | 
2026-02-26 12:56:16 KST | INFO | Epoch 182/200 | LR: 0.002211
2026-02-26 12:59:36 KST | INFO |   Train Loss: 0.0229 | Test Loss: 0.0013 | Test Acc: 90.97%
2026-02-26 12:59:36 KST | INFO |   No improvement (4/30)
2026-02-26 12:59:36 KST | INFO | 
2026-02-26 12:59:36 KST | INFO | Epoch 183/200 | LR: 0.001986
2026-02-26 13:03:08 KST | INFO |   Train Loss: 0.0228 | Test Loss: 0.0014 | Test Acc: 90.16%
2026-02-26 13:03:08 KST | INFO |   No improvement (5/30)
2026-02-26 13:03:08 KST | INFO | 
2026-02-26 13:03:08 KST | INFO | Epoch 184/200 | LR: 0.001773
2026-02-26 13:06:33 KST | INFO |   Train Loss: 0.0216 | Test Loss: 0.0013 | Test Acc: 90.40%
2026-02-26 13:06:33 KST | INFO |   No improvement (6/30)
2026-02-26 13:06:33 KST | INFO | 
2026-02-26 13:06:33 KST | INFO | Epoch 185/200 | LR: 0.001572
2026-02-26 13:10:01 KST | INFO |   Train Loss: 0.0216 | Test Loss: 0.0013 | Test Acc: 90.80%
2026-02-26 13:10:01 KST | INFO |   No improvement (7/30)
2026-02-26 13:10:01 KST | INFO | 
2026-02-26 13:10:01 KST | INFO | Epoch 186/200 | LR: 0.001382
2026-02-26 13:13:29 KST | INFO |   Train Loss: 0.0211 | Test Loss: 0.0013 | Test Acc: 90.60%
2026-02-26 13:13:29 KST | INFO |   No improvement (8/30)
2026-02-26 13:13:29 KST | INFO | 
2026-02-26 13:13:29 KST | INFO | Epoch 187/200 | LR: 0.001205
2026-02-26 13:16:55 KST | INFO |   Train Loss: 0.0204 | Test Loss: 0.0013 | Test Acc: 90.67%
2026-02-26 13:16:55 KST | INFO |   No improvement (9/30)
2026-02-26 13:16:55 KST | INFO | 
2026-02-26 13:16:55 KST | INFO | Epoch 188/200 | LR: 0.001040
2026-02-26 13:20:21 KST | INFO |   Train Loss: 0.0198 | Test Loss: 0.0013 | Test Acc: 90.46%
2026-02-26 13:20:21 KST | INFO |   No improvement (10/30)
2026-02-26 13:20:21 KST | INFO | 
2026-02-26 13:20:21 KST | INFO | Epoch 189/200 | LR: 0.000887
2026-02-26 13:23:48 KST | INFO |   Train Loss: 0.0204 | Test Loss: 0.0013 | Test Acc: 90.88%
2026-02-26 13:23:48 KST | INFO |   No improvement (11/30)
2026-02-26 13:23:48 KST | INFO | 
2026-02-26 13:23:48 KST | INFO | Epoch 190/200 | LR: 0.000746
2026-02-26 13:27:14 KST | INFO |   Train Loss: 0.0200 | Test Loss: 0.0013 | Test Acc: 90.87%
2026-02-26 13:27:14 KST | INFO |   No improvement (12/30)
2026-02-26 13:27:14 KST | INFO | 
2026-02-26 13:27:14 KST | INFO | Epoch 191/200 | LR: 0.000617
2026-02-26 13:30:33 KST | INFO |   Train Loss: 0.0198 | Test Loss: 0.0013 | Test Acc: 90.91%
2026-02-26 13:30:33 KST | INFO |   No improvement (13/30)
2026-02-26 13:30:33 KST | INFO | 
2026-02-26 13:30:33 KST | INFO | Epoch 192/200 | LR: 0.000500
2026-02-26 13:33:59 KST | INFO |   Train Loss: 0.0194 | Test Loss: 0.0013 | Test Acc: 90.89%
2026-02-26 13:33:59 KST | INFO |   No improvement (14/30)
2026-02-26 13:33:59 KST | INFO | 
2026-02-26 13:33:59 KST | INFO | Epoch 193/200 | LR: 0.000395
2026-02-26 13:37:25 KST | INFO |   Train Loss: 0.0190 | Test Loss: 0.0013 | Test Acc: 90.67%
2026-02-26 13:37:25 KST | INFO |   No improvement (15/30)
2026-02-26 13:37:25 KST | INFO | 
2026-02-26 13:37:25 KST | INFO | Epoch 194/200 | LR: 0.000303
2026-02-26 13:40:51 KST | INFO |   Train Loss: 0.0189 | Test Loss: 0.0013 | Test Acc: 90.82%
2026-02-26 13:40:51 KST | INFO |   No improvement (16/30)
2026-02-26 13:40:51 KST | INFO | 
2026-02-26 13:40:51 KST | INFO | Epoch 195/200 | LR: 0.000223
2026-02-26 13:44:10 KST | INFO |   Train Loss: 0.0188 | Test Loss: 0.0013 | Test Acc: 90.72%
2026-02-26 13:44:10 KST | INFO |   No improvement (17/30)
2026-02-26 13:44:10 KST | INFO | 
2026-02-26 13:44:10 KST | INFO | Epoch 196/200 | LR: 0.000155
2026-02-26 13:47:37 KST | INFO |   Train Loss: 0.0184 | Test Loss: 0.0013 | Test Acc: 90.74%
2026-02-26 13:47:37 KST | INFO |   No improvement (18/30)
2026-02-26 13:47:37 KST | INFO | 
2026-02-26 13:47:37 KST | INFO | Epoch 197/200 | LR: 0.000100
2026-02-26 13:51:02 KST | INFO |   Train Loss: 0.0175 | Test Loss: 0.0013 | Test Acc: 90.66%
2026-02-26 13:51:02 KST | INFO |   No improvement (19/30)
2026-02-26 13:51:02 KST | INFO | 
2026-02-26 13:51:02 KST | INFO | Epoch 198/200 | LR: 0.000057
2026-02-26 13:54:29 KST | INFO |   Train Loss: 0.0183 | Test Loss: 0.0013 | Test Acc: 90.76%
2026-02-26 13:54:29 KST | INFO |   No improvement (20/30)
2026-02-26 13:54:29 KST | INFO | 
2026-02-26 13:54:29 KST | INFO | Epoch 199/200 | LR: 0.000026
2026-02-26 13:57:55 KST | INFO |   Train Loss: 0.0178 | Test Loss: 0.0013 | Test Acc: 90.80%
2026-02-26 13:57:55 KST | INFO |   No improvement (21/30)
2026-02-26 13:57:55 KST | INFO | 
2026-02-26 13:57:55 KST | INFO | Epoch 200/200 | LR: 0.000007
2026-02-26 14:01:15 KST | INFO |   Train Loss: 0.0186 | Test Loss: 0.0013 | Test Acc: 90.77%
2026-02-26 14:01:15 KST | INFO |   No improvement (22/30)
2026-02-26 14:01:15 KST | INFO | 
2026-02-26 14:01:15 KST | INFO | ================================================================================
2026-02-26 14:01:15 KST | INFO | TRAINING COMPLETE
2026-02-26 14:01:15 KST | INFO | ================================================================================
2026-02-26 14:01:15 KST | INFO | Best accuracy:  91.40% (Epoch 178)
2026-02-26 14:01:15 KST | INFO | Final accuracy: 90.77%
2026-02-26 14:01:15 KST | INFO | ================================================================================
2026-02-26 14:01:15 KST | INFO | 
2026-02-26 14:01:15 KST | INFO | Notifying nodes of completion...
2026-02-26 14:01:16 KST | INFO | ✓ Nodes notified
2026-02-26 14:01:16 KST | INFO | 
2026-02-26 14:01:16 KST | INFO | Closing connections...
2026-02-26 14:01:16 KST | INFO | ✓ Cleanup complete
2026-02-26 14:01:16 KST | INFO | 
2026-02-26 14:01:16 KST | INFO | Full log: logs/TL++_secure_20260226_023629.log
2026-02-26 14:01:16 KST | INFO | ================================================================================
