2026-02-25 03:40:18 KST | INFO | ================================================================================
2026-02-25 03:40:18 KST | INFO | TL++ Orchestrator
2026-02-25 03:40:18 KST | INFO | ================================================================================
2026-02-25 03:40:18 KST | INFO | Log file: logs/TL++_secure_20260225_034018.log
2026-02-25 03:40:18 KST | INFO | 
2026-02-25 03:40:18 KST | INFO | --------------------------------------------------------------------------------
2026-02-25 03:40:18 KST | INFO | CONFIGURATION
2026-02-25 03:40:18 KST | INFO | --------------------------------------------------------------------------------
2026-02-25 03:40:18 KST | INFO | Secure mode:      True
2026-02-25 03:40:18 KST | INFO | Helper endpoint:  127.0.0.1:8082
2026-02-25 03:40:18 KST | INFO | Activation noise: 2.0%
2026-02-25 03:40:18 KST | INFO | Gradient noise:   10.0%
2026-02-25 03:40:18 KST | INFO | Nodes:            9
2026-02-25 03:40:18 KST | INFO | Cut layer:        2
2026-02-25 03:40:18 KST | INFO | Batch size:       128
2026-02-25 03:40:18 KST | INFO | Learning rate:    0.1
2026-02-25 03:40:18 KST | INFO | 
2026-02-25 03:40:18 KST | INFO | Computation device: cuda
2026-02-25 03:40:18 KST | INFO | Secure mode: ✓ ENABLED
2026-02-25 03:40:18 KST | INFO | 
2026-02-25 03:40:18 KST | INFO | --------------------------------------------------------------------------------
2026-02-25 03:40:18 KST | INFO | NETWORK SETUP
2026-02-25 03:40:18 KST | INFO | --------------------------------------------------------------------------------
2026-02-25 03:40:18 KST | INFO | ✓ Orchestrator listening on 127.0.0.1:8080
2026-02-25 03:40:18 KST | INFO | ✓ Helper node on 127.0.0.1:8082
2026-02-25 03:40:18 KST | INFO | 
2026-02-25 03:40:18 KST | INFO | Waiting for helper node...
2026-02-25 03:40:19 KST | INFO | ✓ Helper node connected
2026-02-25 03:40:19 KST | INFO | ✓ Noise config sent to helper (activation: 2.0%, gradient: 10.0%)
2026-02-25 03:40:19 KST | INFO | 
2026-02-25 03:40:19 KST | INFO | Waiting for 9 node(s)...
2026-02-25 03:40:25 KST | INFO |   ✓ Node 1/9 connected
2026-02-25 03:40:25 KST | INFO |   ✓ Node 2/9 connected
2026-02-25 03:40:26 KST | INFO |   ✓ Node 3/9 connected
2026-02-25 03:40:27 KST | INFO |   ✓ Node 4/9 connected
2026-02-25 03:40:27 KST | INFO |   ✓ Node 5/9 connected
2026-02-25 03:40:28 KST | INFO |   ✓ Node 6/9 connected
2026-02-25 03:40:29 KST | INFO |   ✓ Node 7/9 connected
2026-02-25 03:40:30 KST | INFO |   ✓ Node 8/9 connected
2026-02-25 03:40:31 KST | INFO |   ✓ Node 9/9 connected
2026-02-25 03:40:31 KST | INFO | ✓ All 9 node(s) connected
2026-02-25 03:40:31 KST | INFO | 
2026-02-25 03:40:31 KST | INFO | --------------------------------------------------------------------------------
2026-02-25 03:40:31 KST | INFO | MODEL INITIALIZATION
2026-02-25 03:40:31 KST | INFO | --------------------------------------------------------------------------------
2026-02-25 03:40:31 KST | INFO | Node-side parameters: 260,160
2026-02-25 03:40:31 KST | INFO | 
2026-02-25 03:40:31 KST | INFO | --------------------------------------------------------------------------------
2026-02-25 03:40:31 KST | INFO | BROADCASTING CONFIGURATION
2026-02-25 03:40:31 KST | INFO | --------------------------------------------------------------------------------
2026-02-25 03:40:32 KST | INFO | ✓ Configuration broadcast to all nodes
2026-02-25 03:40:34 KST | INFO | 
2026-02-25 03:40:34 KST | INFO | Total parameters:     3,247,689
2026-02-25 03:40:34 KST | INFO | Trainable parameters: 3,247,689
2026-02-25 03:40:34 KST | INFO | 
2026-02-25 03:40:34 KST | INFO | --------------------------------------------------------------------------------
2026-02-25 03:40:34 KST | INFO | DATA LOADING
2026-02-25 03:40:34 KST | INFO | --------------------------------------------------------------------------------
2026-02-25 03:41:01 KST | INFO | ✓ Dataset information collected:
2026-02-25 03:41:01 KST | INFO |     Node 1: 5,000 samples
2026-02-25 03:41:01 KST | INFO |     Node 2: 5,000 samples
2026-02-25 03:41:01 KST | INFO |     Node 3: 5,000 samples
2026-02-25 03:41:01 KST | INFO |     Node 4: 5,000 samples
2026-02-25 03:41:01 KST | INFO |     Node 5: 5,000 samples
2026-02-25 03:41:01 KST | INFO |     Node 6: 5,000 samples
2026-02-25 03:41:01 KST | INFO |     Node 7: 5,000 samples
2026-02-25 03:41:01 KST | INFO |     Node 8: 5,000 samples
2026-02-25 03:41:01 KST | INFO |     Node 9: 5,000 samples
2026-02-25 03:41:01 KST | INFO |   Total training samples: 45,000
2026-02-25 03:41:01 KST | INFO | 
2026-02-25 03:41:04 KST | INFO | ✓ Test dataset loaded: 9,000 samples
2026-02-25 03:41:04 KST | INFO | 
2026-02-25 03:41:04 KST | INFO | ✓ Batch scheduler: 352 batches/epoch
2026-02-25 03:41:04 KST | INFO | 
2026-02-25 03:41:04 KST | INFO | --------------------------------------------------------------------------------
2026-02-25 03:41:04 KST | INFO | OPTIMIZATION SETUP
2026-02-25 03:41:04 KST | INFO | --------------------------------------------------------------------------------
2026-02-25 03:41:04 KST | INFO | ✓ Optimizer: SGD (lr=0.1, momentum=0.9)
2026-02-25 03:41:04 KST | INFO | ✓ Scheduler: cosine
2026-02-25 03:41:04 KST | INFO | ✓ Gradient clipping: 1.0
2026-02-25 03:41:04 KST | INFO | 
2026-02-25 03:41:04 KST | INFO | ================================================================================
2026-02-25 03:41:04 KST | INFO | Setup complete - Ready for training
2026-02-25 03:41:04 KST | INFO | ================================================================================
2026-02-25 03:41:04 KST | INFO | 
2026-02-25 03:41:04 KST | INFO | --------------------------------------------------------------------------------
2026-02-25 03:41:04 KST | INFO | TRAINING
2026-02-25 03:41:04 KST | INFO | --------------------------------------------------------------------------------
2026-02-25 03:41:04 KST | INFO | 
2026-02-25 03:41:04 KST | INFO | Epoch 1/200 | LR: 0.100000
2026-02-25 03:44:39 KST | INFO |   Train Loss: 1.6140 | Test Loss: 0.0066 | Test Acc: 43.22%
2026-02-25 03:44:39 KST | INFO |   🏆 New best accuracy: 43.22%
2026-02-25 03:44:39 KST | INFO | 
2026-02-25 03:44:39 KST | INFO | Epoch 2/200 | LR: 0.099994
2026-02-25 03:48:06 KST | INFO |   Train Loss: 1.1857 | Test Loss: 0.0042 | Test Acc: 64.26%
2026-02-25 03:48:06 KST | INFO |   🏆 New best accuracy: 64.26%
2026-02-25 03:48:06 KST | INFO | 
2026-02-25 03:48:06 KST | INFO | Epoch 3/200 | LR: 0.099975
2026-02-25 03:51:32 KST | INFO |   Train Loss: 0.9578 | Test Loss: 0.0042 | Test Acc: 63.46%
2026-02-25 03:51:32 KST | INFO |   No improvement (1/30)
2026-02-25 03:51:32 KST | INFO | 
2026-02-25 03:51:32 KST | INFO | Epoch 4/200 | LR: 0.099944
2026-02-25 03:54:59 KST | INFO |   Train Loss: 0.8190 | Test Loss: 0.0034 | Test Acc: 72.44%
2026-02-25 03:54:59 KST | INFO |   🏆 New best accuracy: 72.44%
2026-02-25 03:54:59 KST | INFO | 
2026-02-25 03:54:59 KST | INFO | Epoch 5/200 | LR: 0.099901
2026-02-25 03:58:24 KST | INFO |   Train Loss: 0.7288 | Test Loss: 0.0033 | Test Acc: 71.94%
2026-02-25 03:58:24 KST | INFO |   No improvement (1/30)
2026-02-25 03:58:24 KST | INFO | 
2026-02-25 03:58:24 KST | INFO | Epoch 6/200 | LR: 0.099846
2026-02-25 04:01:50 KST | INFO |   Train Loss: 0.6715 | Test Loss: 0.0028 | Test Acc: 75.38%
2026-02-25 04:01:50 KST | INFO |   🏆 New best accuracy: 75.38%
2026-02-25 04:01:50 KST | INFO | 
2026-02-25 04:01:50 KST | INFO | Epoch 7/200 | LR: 0.099778
2026-02-25 04:05:10 KST | INFO |   Train Loss: 0.6172 | Test Loss: 0.0028 | Test Acc: 76.76%
2026-02-25 04:05:10 KST | INFO |   🏆 New best accuracy: 76.76%
2026-02-25 04:05:10 KST | INFO | 
2026-02-25 04:05:10 KST | INFO | Epoch 8/200 | LR: 0.099698
2026-02-25 04:08:32 KST | INFO |   Train Loss: 0.5840 | Test Loss: 0.0027 | Test Acc: 77.62%
2026-02-25 04:08:32 KST | INFO |   🏆 New best accuracy: 77.62%
2026-02-25 04:08:32 KST | INFO | 
2026-02-25 04:08:32 KST | INFO | Epoch 9/200 | LR: 0.099606
2026-02-25 04:11:56 KST | INFO |   Train Loss: 0.5627 | Test Loss: 0.0027 | Test Acc: 76.60%
2026-02-25 04:11:56 KST | INFO |   No improvement (1/30)
2026-02-25 04:11:56 KST | INFO | 
2026-02-25 04:11:56 KST | INFO | Epoch 10/200 | LR: 0.099501
2026-02-25 04:15:21 KST | INFO |   Train Loss: 0.5348 | Test Loss: 0.0026 | Test Acc: 78.22%
2026-02-25 04:15:21 KST | INFO |   🏆 New best accuracy: 78.22%
2026-02-25 04:15:21 KST | INFO | 
2026-02-25 04:15:21 KST | INFO | Epoch 11/200 | LR: 0.099384
2026-02-25 04:18:45 KST | INFO |   Train Loss: 0.5082 | Test Loss: 0.0025 | Test Acc: 79.33%
2026-02-25 04:18:45 KST | INFO |   🏆 New best accuracy: 79.33%
2026-02-25 04:18:45 KST | INFO | 
2026-02-25 04:18:45 KST | INFO | Epoch 12/200 | LR: 0.099255
2026-02-25 04:22:09 KST | INFO |   Train Loss: 0.4909 | Test Loss: 0.0023 | Test Acc: 81.06%
2026-02-25 04:22:09 KST | INFO |   🏆 New best accuracy: 81.06%
2026-02-25 04:22:09 KST | INFO | 
2026-02-25 04:22:09 KST | INFO | Epoch 13/200 | LR: 0.099114
2026-02-25 04:25:39 KST | INFO |   Train Loss: 0.4813 | Test Loss: 0.0024 | Test Acc: 79.70%
2026-02-25 04:25:39 KST | INFO |   No improvement (1/30)
2026-02-25 04:25:39 KST | INFO | 
2026-02-25 04:25:39 KST | INFO | Epoch 14/200 | LR: 0.098961
2026-02-25 04:28:59 KST | INFO |   Train Loss: 0.4630 | Test Loss: 0.0022 | Test Acc: 81.83%
2026-02-25 04:28:59 KST | INFO |   🏆 New best accuracy: 81.83%
2026-02-25 04:28:59 KST | INFO | 
2026-02-25 04:28:59 KST | INFO | Epoch 15/200 | LR: 0.098796
2026-02-25 04:32:15 KST | INFO |   Train Loss: 0.4552 | Test Loss: 0.0021 | Test Acc: 82.17%
2026-02-25 04:32:15 KST | INFO |   🏆 New best accuracy: 82.17%
2026-02-25 04:32:15 KST | INFO | 
2026-02-25 04:32:15 KST | INFO | Epoch 16/200 | LR: 0.098619
2026-02-25 04:35:44 KST | INFO |   Train Loss: 0.4410 | Test Loss: 0.0023 | Test Acc: 80.93%
2026-02-25 04:35:44 KST | INFO |   No improvement (1/30)
2026-02-25 04:35:44 KST | INFO | 
2026-02-25 04:35:44 KST | INFO | Epoch 17/200 | LR: 0.098429
2026-02-25 04:39:18 KST | INFO |   Train Loss: 0.4320 | Test Loss: 0.0024 | Test Acc: 79.61%
2026-02-25 04:39:18 KST | INFO |   No improvement (2/30)
2026-02-25 04:39:18 KST | INFO | 
2026-02-25 04:39:18 KST | INFO | Epoch 18/200 | LR: 0.098228
2026-02-25 04:42:49 KST | INFO |   Train Loss: 0.4226 | Test Loss: 0.0021 | Test Acc: 82.36%
2026-02-25 04:42:49 KST | INFO |   🏆 New best accuracy: 82.36%
2026-02-25 04:42:49 KST | INFO | 
2026-02-25 04:42:49 KST | INFO | Epoch 19/200 | LR: 0.098015
2026-02-25 04:46:22 KST | INFO |   Train Loss: 0.4154 | Test Loss: 0.0022 | Test Acc: 82.19%
2026-02-25 04:46:22 KST | INFO |   No improvement (1/30)
2026-02-25 04:46:22 KST | INFO | 
2026-02-25 04:46:22 KST | INFO | Epoch 20/200 | LR: 0.097790
2026-02-25 04:49:50 KST | INFO |   Train Loss: 0.4108 | Test Loss: 0.0024 | Test Acc: 80.58%
2026-02-25 04:49:50 KST | INFO |   No improvement (2/30)
2026-02-25 04:49:50 KST | INFO | 
2026-02-25 04:49:50 KST | INFO | Epoch 21/200 | LR: 0.097553
2026-02-25 04:53:08 KST | INFO |   Train Loss: 0.3975 | Test Loss: 0.0021 | Test Acc: 82.04%
2026-02-25 04:53:08 KST | INFO |   No improvement (3/30)
2026-02-25 04:53:08 KST | INFO | 
2026-02-25 04:53:08 KST | INFO | Epoch 22/200 | LR: 0.097304
2026-02-25 04:56:27 KST | INFO |   Train Loss: 0.3986 | Test Loss: 0.0021 | Test Acc: 82.61%
2026-02-25 04:56:27 KST | INFO |   🏆 New best accuracy: 82.61%
2026-02-25 04:56:27 KST | INFO | 
2026-02-25 04:56:27 KST | INFO | Epoch 23/200 | LR: 0.097044
2026-02-25 04:59:53 KST | INFO |   Train Loss: 0.3890 | Test Loss: 0.0020 | Test Acc: 83.46%
2026-02-25 04:59:53 KST | INFO |   🏆 New best accuracy: 83.46%
2026-02-25 04:59:53 KST | INFO | 
2026-02-25 04:59:53 KST | INFO | Epoch 24/200 | LR: 0.096772
2026-02-25 05:03:21 KST | INFO |   Train Loss: 0.3841 | Test Loss: 0.0020 | Test Acc: 84.72%
2026-02-25 05:03:21 KST | INFO |   🏆 New best accuracy: 84.72%
2026-02-25 05:03:21 KST | INFO | 
2026-02-25 05:03:21 KST | INFO | Epoch 25/200 | LR: 0.096489
2026-02-25 05:06:47 KST | INFO |   Train Loss: 0.3777 | Test Loss: 0.0022 | Test Acc: 81.11%
2026-02-25 05:06:47 KST | INFO |   No improvement (1/30)
2026-02-25 05:06:47 KST | INFO | 
2026-02-25 05:06:47 KST | INFO | Epoch 26/200 | LR: 0.096194
2026-02-25 05:10:21 KST | INFO |   Train Loss: 0.3746 | Test Loss: 0.0021 | Test Acc: 82.71%
2026-02-25 05:10:21 KST | INFO |   No improvement (2/30)
2026-02-25 05:10:21 KST | INFO | 
2026-02-25 05:10:21 KST | INFO | Epoch 27/200 | LR: 0.095888
2026-02-25 05:13:52 KST | INFO |   Train Loss: 0.3690 | Test Loss: 0.0020 | Test Acc: 83.67%
2026-02-25 05:13:52 KST | INFO |   No improvement (3/30)
2026-02-25 05:13:52 KST | INFO | 
2026-02-25 05:13:52 KST | INFO | Epoch 28/200 | LR: 0.095570
2026-02-25 05:17:17 KST | INFO |   Train Loss: 0.3704 | Test Loss: 0.0019 | Test Acc: 84.40%
2026-02-25 05:17:17 KST | INFO |   No improvement (4/30)
2026-02-25 05:17:17 KST | INFO | 
2026-02-25 05:17:17 KST | INFO | Epoch 29/200 | LR: 0.095241
2026-02-25 05:20:42 KST | INFO |   Train Loss: 0.3593 | Test Loss: 0.0020 | Test Acc: 83.03%
2026-02-25 05:20:42 KST | INFO |   No improvement (5/30)
2026-02-25 05:20:42 KST | INFO | 
2026-02-25 05:20:42 KST | INFO | Epoch 30/200 | LR: 0.094901
2026-02-25 05:24:13 KST | INFO |   Train Loss: 0.3615 | Test Loss: 0.0021 | Test Acc: 81.61%
2026-02-25 05:24:13 KST | INFO |   No improvement (6/30)
2026-02-25 05:24:13 KST | INFO | 
2026-02-25 05:24:13 KST | INFO | Epoch 31/200 | LR: 0.094550
2026-02-25 05:27:39 KST | INFO |   Train Loss: 0.3566 | Test Loss: 0.0019 | Test Acc: 83.54%
2026-02-25 05:27:39 KST | INFO |   No improvement (7/30)
2026-02-25 05:27:39 KST | INFO | 
2026-02-25 05:27:39 KST | INFO | Epoch 32/200 | LR: 0.094188
2026-02-25 05:31:04 KST | INFO |   Train Loss: 0.3568 | Test Loss: 0.0021 | Test Acc: 82.22%
2026-02-25 05:31:04 KST | INFO |   No improvement (8/30)
2026-02-25 05:31:04 KST | INFO | 
2026-02-25 05:31:04 KST | INFO | Epoch 33/200 | LR: 0.093815
2026-02-25 05:34:23 KST | INFO |   Train Loss: 0.3529 | Test Loss: 0.0020 | Test Acc: 83.49%
2026-02-25 05:34:23 KST | INFO |   No improvement (9/30)
2026-02-25 05:34:23 KST | INFO | 
2026-02-25 05:34:23 KST | INFO | Epoch 34/200 | LR: 0.093432
2026-02-25 05:37:41 KST | INFO |   Train Loss: 0.3475 | Test Loss: 0.0019 | Test Acc: 83.42%
2026-02-25 05:37:41 KST | INFO |   No improvement (10/30)
2026-02-25 05:37:41 KST | INFO | 
2026-02-25 05:37:41 KST | INFO | Epoch 35/200 | LR: 0.093037
2026-02-25 05:41:11 KST | INFO |   Train Loss: 0.3412 | Test Loss: 0.0020 | Test Acc: 83.87%
2026-02-25 05:41:11 KST | INFO |   No improvement (11/30)
2026-02-25 05:41:11 KST | INFO | 
2026-02-25 05:41:11 KST | INFO | Epoch 36/200 | LR: 0.092632
2026-02-25 05:44:36 KST | INFO |   Train Loss: 0.3389 | Test Loss: 0.0024 | Test Acc: 79.11%
2026-02-25 05:44:36 KST | INFO |   No improvement (12/30)
2026-02-25 05:44:36 KST | INFO | 
2026-02-25 05:44:36 KST | INFO | Epoch 37/200 | LR: 0.092216
2026-02-25 05:48:02 KST | INFO |   Train Loss: 0.3340 | Test Loss: 0.0019 | Test Acc: 84.46%
2026-02-25 05:48:02 KST | INFO |   No improvement (13/30)
2026-02-25 05:48:02 KST | INFO | 
2026-02-25 05:48:02 KST | INFO | Epoch 38/200 | LR: 0.091790
2026-02-25 05:51:34 KST | INFO |   Train Loss: 0.3316 | Test Loss: 0.0019 | Test Acc: 84.32%
2026-02-25 05:51:34 KST | INFO |   No improvement (14/30)
2026-02-25 05:51:34 KST | INFO | 
2026-02-25 05:51:34 KST | INFO | Epoch 39/200 | LR: 0.091354
2026-02-25 05:54:59 KST | INFO |   Train Loss: 0.3298 | Test Loss: 0.0019 | Test Acc: 84.57%
2026-02-25 05:54:59 KST | INFO |   No improvement (15/30)
2026-02-25 05:54:59 KST | INFO | 
2026-02-25 05:54:59 KST | INFO | Epoch 40/200 | LR: 0.090908
2026-02-25 05:58:25 KST | INFO |   Train Loss: 0.3223 | Test Loss: 0.0017 | Test Acc: 85.09%
2026-02-25 05:58:25 KST | INFO |   🏆 New best accuracy: 85.09%
2026-02-25 05:58:25 KST | INFO | 
2026-02-25 05:58:25 KST | INFO | Epoch 41/200 | LR: 0.090451
2026-02-25 06:01:50 KST | INFO |   Train Loss: 0.3227 | Test Loss: 0.0020 | Test Acc: 82.68%
2026-02-25 06:01:50 KST | INFO |   No improvement (1/30)
2026-02-25 06:01:50 KST | INFO | 
2026-02-25 06:01:50 KST | INFO | Epoch 42/200 | LR: 0.089984
2026-02-25 06:05:04 KST | INFO |   Train Loss: 0.3228 | Test Loss: 0.0024 | Test Acc: 80.09%
2026-02-25 06:05:04 KST | INFO |   No improvement (2/30)
2026-02-25 06:05:04 KST | INFO | 
2026-02-25 06:05:04 KST | INFO | Epoch 43/200 | LR: 0.089508
2026-02-25 06:08:29 KST | INFO |   Train Loss: 0.3199 | Test Loss: 0.0024 | Test Acc: 80.46%
2026-02-25 06:08:29 KST | INFO |   No improvement (3/30)
2026-02-25 06:08:29 KST | INFO | 
2026-02-25 06:08:29 KST | INFO | Epoch 44/200 | LR: 0.089022
2026-02-25 06:11:54 KST | INFO |   Train Loss: 0.3151 | Test Loss: 0.0019 | Test Acc: 84.12%
2026-02-25 06:11:54 KST | INFO |   No improvement (4/30)
2026-02-25 06:11:54 KST | INFO | 
2026-02-25 06:11:54 KST | INFO | Epoch 45/200 | LR: 0.088526
2026-02-25 06:15:18 KST | INFO |   Train Loss: 0.3129 | Test Loss: 0.0020 | Test Acc: 83.61%
2026-02-25 06:15:18 KST | INFO |   No improvement (5/30)
2026-02-25 06:15:18 KST | INFO | 
2026-02-25 06:15:18 KST | INFO | Epoch 46/200 | LR: 0.088020
2026-02-25 06:18:45 KST | INFO |   Train Loss: 0.3110 | Test Loss: 0.0017 | Test Acc: 86.19%
2026-02-25 06:18:45 KST | INFO |   🏆 New best accuracy: 86.19%
2026-02-25 06:18:45 KST | INFO | 
2026-02-25 06:18:45 KST | INFO | Epoch 47/200 | LR: 0.087506
2026-02-25 06:22:05 KST | INFO |   Train Loss: 0.3150 | Test Loss: 0.0017 | Test Acc: 86.13%
2026-02-25 06:22:05 KST | INFO |   No improvement (1/30)
2026-02-25 06:22:05 KST | INFO | 
2026-02-25 06:22:05 KST | INFO | Epoch 48/200 | LR: 0.086982
2026-02-25 06:25:27 KST | INFO |   Train Loss: 0.3024 | Test Loss: 0.0018 | Test Acc: 84.86%
2026-02-25 06:25:27 KST | INFO |   No improvement (2/30)
2026-02-25 06:25:27 KST | INFO | 
2026-02-25 06:25:27 KST | INFO | Epoch 49/200 | LR: 0.086449
2026-02-25 06:28:52 KST | INFO |   Train Loss: 0.3084 | Test Loss: 0.0021 | Test Acc: 81.87%
2026-02-25 06:28:52 KST | INFO |   No improvement (3/30)
2026-02-25 06:28:52 KST | INFO | 
2026-02-25 06:28:52 KST | INFO | Epoch 50/200 | LR: 0.085906
2026-02-25 06:32:18 KST | INFO |   Train Loss: 0.3018 | Test Loss: 0.0019 | Test Acc: 84.19%
2026-02-25 06:32:18 KST | INFO |   No improvement (4/30)
2026-02-25 06:32:18 KST | INFO | 
2026-02-25 06:32:18 KST | INFO | Epoch 51/200 | LR: 0.085355
2026-02-25 06:35:40 KST | INFO |   Train Loss: 0.2966 | Test Loss: 0.0018 | Test Acc: 85.49%
2026-02-25 06:35:40 KST | INFO |   No improvement (5/30)
2026-02-25 06:35:40 KST | INFO | 
2026-02-25 06:35:40 KST | INFO | Epoch 52/200 | LR: 0.084796
2026-02-25 06:39:00 KST | INFO |   Train Loss: 0.2981 | Test Loss: 0.0018 | Test Acc: 84.56%
2026-02-25 06:39:00 KST | INFO |   No improvement (6/30)
2026-02-25 06:39:00 KST | INFO | 
2026-02-25 06:39:00 KST | INFO | Epoch 53/200 | LR: 0.084228
2026-02-25 06:42:32 KST | INFO |   Train Loss: 0.2896 | Test Loss: 0.0017 | Test Acc: 85.67%
2026-02-25 06:42:32 KST | INFO |   No improvement (7/30)
2026-02-25 06:42:32 KST | INFO | 
2026-02-25 06:42:32 KST | INFO | Epoch 54/200 | LR: 0.083651
2026-02-25 06:45:51 KST | INFO |   Train Loss: 0.2931 | Test Loss: 0.0019 | Test Acc: 83.52%
2026-02-25 06:45:51 KST | INFO |   No improvement (8/30)
2026-02-25 06:45:51 KST | INFO | 
2026-02-25 06:45:51 KST | INFO | Epoch 55/200 | LR: 0.083066
2026-02-25 06:49:16 KST | INFO |   Train Loss: 0.2916 | Test Loss: 0.0018 | Test Acc: 85.23%
2026-02-25 06:49:16 KST | INFO |   No improvement (9/30)
2026-02-25 06:49:16 KST | INFO | 
2026-02-25 06:49:16 KST | INFO | Epoch 56/200 | LR: 0.082473
2026-02-25 06:52:38 KST | INFO |   Train Loss: 0.2892 | Test Loss: 0.0016 | Test Acc: 86.14%
2026-02-25 06:52:38 KST | INFO |   No improvement (10/30)
2026-02-25 06:52:38 KST | INFO | 
2026-02-25 06:52:38 KST | INFO | Epoch 57/200 | LR: 0.081871
2026-02-25 06:56:03 KST | INFO |   Train Loss: 0.2844 | Test Loss: 0.0017 | Test Acc: 85.96%
2026-02-25 06:56:03 KST | INFO |   No improvement (11/30)
2026-02-25 06:56:03 KST | INFO | 
2026-02-25 06:56:03 KST | INFO | Epoch 58/200 | LR: 0.081262
2026-02-25 06:59:22 KST | INFO |   Train Loss: 0.2819 | Test Loss: 0.0015 | Test Acc: 87.56%
2026-02-25 06:59:22 KST | INFO |   🏆 New best accuracy: 87.56%
2026-02-25 06:59:22 KST | INFO | 
2026-02-25 06:59:22 KST | INFO | Epoch 59/200 | LR: 0.080646
2026-02-25 07:02:52 KST | INFO |   Train Loss: 0.2779 | Test Loss: 0.0017 | Test Acc: 86.08%
2026-02-25 07:02:52 KST | INFO |   No improvement (1/30)
2026-02-25 07:02:52 KST | INFO | 
2026-02-25 07:02:52 KST | INFO | Epoch 60/200 | LR: 0.080021
2026-02-25 07:06:17 KST | INFO |   Train Loss: 0.2765 | Test Loss: 0.0020 | Test Acc: 83.41%
2026-02-25 07:06:17 KST | INFO |   No improvement (2/30)
2026-02-25 07:06:17 KST | INFO | 
2026-02-25 07:06:17 KST | INFO | Epoch 61/200 | LR: 0.079389
2026-02-25 07:09:42 KST | INFO |   Train Loss: 0.2794 | Test Loss: 0.0020 | Test Acc: 82.84%
2026-02-25 07:09:42 KST | INFO |   No improvement (3/30)
2026-02-25 07:09:42 KST | INFO | 
2026-02-25 07:09:42 KST | INFO | Epoch 62/200 | LR: 0.078750
2026-02-25 07:13:08 KST | INFO |   Train Loss: 0.2731 | Test Loss: 0.0019 | Test Acc: 84.64%
2026-02-25 07:13:08 KST | INFO |   No improvement (4/30)
2026-02-25 07:13:08 KST | INFO | 
2026-02-25 07:13:08 KST | INFO | Epoch 63/200 | LR: 0.078104
2026-02-25 07:16:33 KST | INFO |   Train Loss: 0.2689 | Test Loss: 0.0016 | Test Acc: 86.94%
2026-02-25 07:16:33 KST | INFO |   No improvement (5/30)
2026-02-25 07:16:33 KST | INFO | 
2026-02-25 07:16:33 KST | INFO | Epoch 64/200 | LR: 0.077451
2026-02-25 07:19:59 KST | INFO |   Train Loss: 0.2689 | Test Loss: 0.0015 | Test Acc: 86.79%
2026-02-25 07:19:59 KST | INFO |   No improvement (6/30)
2026-02-25 07:19:59 KST | INFO | 
2026-02-25 07:19:59 KST | INFO | Epoch 65/200 | LR: 0.076792
2026-02-25 07:23:24 KST | INFO |   Train Loss: 0.2659 | Test Loss: 0.0015 | Test Acc: 87.59%
2026-02-25 07:23:24 KST | INFO |   🏆 New best accuracy: 87.59%
2026-02-25 07:23:24 KST | INFO | 
2026-02-25 07:23:24 KST | INFO | Epoch 66/200 | LR: 0.076125
2026-02-25 07:26:51 KST | INFO |   Train Loss: 0.2630 | Test Loss: 0.0017 | Test Acc: 85.76%
2026-02-25 07:26:51 KST | INFO |   No improvement (1/30)
2026-02-25 07:26:51 KST | INFO | 
2026-02-25 07:26:51 KST | INFO | Epoch 67/200 | LR: 0.075452
2026-02-25 07:30:15 KST | INFO |   Train Loss: 0.2595 | Test Loss: 0.0016 | Test Acc: 86.68%
2026-02-25 07:30:15 KST | INFO |   No improvement (2/30)
2026-02-25 07:30:15 KST | INFO | 
2026-02-25 07:30:15 KST | INFO | Epoch 68/200 | LR: 0.074773
2026-02-25 07:33:34 KST | INFO |   Train Loss: 0.2613 | Test Loss: 0.0018 | Test Acc: 85.31%
2026-02-25 07:33:34 KST | INFO |   No improvement (3/30)
2026-02-25 07:33:34 KST | INFO | 
2026-02-25 07:33:34 KST | INFO | Epoch 69/200 | LR: 0.074088
2026-02-25 07:36:58 KST | INFO |   Train Loss: 0.2562 | Test Loss: 0.0015 | Test Acc: 87.72%
2026-02-25 07:36:58 KST | INFO |   🏆 New best accuracy: 87.72%
2026-02-25 07:36:58 KST | INFO | 
2026-02-25 07:36:58 KST | INFO | Epoch 70/200 | LR: 0.073397
2026-02-25 07:40:24 KST | INFO |   Train Loss: 0.2584 | Test Loss: 0.0018 | Test Acc: 84.19%
2026-02-25 07:40:24 KST | INFO |   No improvement (1/30)
2026-02-25 07:40:24 KST | INFO | 
2026-02-25 07:40:24 KST | INFO | Epoch 71/200 | LR: 0.072700
2026-02-25 07:43:42 KST | INFO |   Train Loss: 0.2488 | Test Loss: 0.0016 | Test Acc: 86.50%
2026-02-25 07:43:42 KST | INFO |   No improvement (2/30)
2026-02-25 07:43:42 KST | INFO | 
2026-02-25 07:43:42 KST | INFO | Epoch 72/200 | LR: 0.071997
2026-02-25 07:47:07 KST | INFO |   Train Loss: 0.2491 | Test Loss: 0.0017 | Test Acc: 86.13%
2026-02-25 07:47:07 KST | INFO |   No improvement (3/30)
2026-02-25 07:47:07 KST | INFO | 
2026-02-25 07:47:07 KST | INFO | Epoch 73/200 | LR: 0.071289
2026-02-25 07:50:31 KST | INFO |   Train Loss: 0.2461 | Test Loss: 0.0018 | Test Acc: 85.16%
2026-02-25 07:50:31 KST | INFO |   No improvement (4/30)
2026-02-25 07:50:31 KST | INFO | 
2026-02-25 07:50:31 KST | INFO | Epoch 74/200 | LR: 0.070576
2026-02-25 07:53:56 KST | INFO |   Train Loss: 0.2440 | Test Loss: 0.0018 | Test Acc: 84.63%
2026-02-25 07:53:56 KST | INFO |   No improvement (5/30)
2026-02-25 07:53:56 KST | INFO | 
2026-02-25 07:53:56 KST | INFO | Epoch 75/200 | LR: 0.069858
2026-02-25 07:57:21 KST | INFO |   Train Loss: 0.2449 | Test Loss: 0.0018 | Test Acc: 84.86%
2026-02-25 07:57:21 KST | INFO |   No improvement (6/30)
2026-02-25 07:57:21 KST | INFO | 
2026-02-25 07:57:21 KST | INFO | Epoch 76/200 | LR: 0.069134
2026-02-25 08:00:47 KST | INFO |   Train Loss: 0.2400 | Test Loss: 0.0014 | Test Acc: 87.66%
2026-02-25 08:00:47 KST | INFO |   No improvement (7/30)
2026-02-25 08:00:47 KST | INFO | 
2026-02-25 08:00:47 KST | INFO | Epoch 77/200 | LR: 0.068407
2026-02-25 08:04:05 KST | INFO |   Train Loss: 0.2379 | Test Loss: 0.0014 | Test Acc: 88.49%
2026-02-25 08:04:05 KST | INFO |   🏆 New best accuracy: 88.49%
2026-02-25 08:04:05 KST | INFO | 
2026-02-25 08:04:05 KST | INFO | Epoch 78/200 | LR: 0.067674
2026-02-25 08:07:30 KST | INFO |   Train Loss: 0.2344 | Test Loss: 0.0016 | Test Acc: 87.08%
2026-02-25 08:07:30 KST | INFO |   No improvement (1/30)
2026-02-25 08:07:30 KST | INFO | 
2026-02-25 08:07:30 KST | INFO | Epoch 79/200 | LR: 0.066937
2026-02-25 08:10:57 KST | INFO |   Train Loss: 0.2371 | Test Loss: 0.0015 | Test Acc: 87.06%
2026-02-25 08:10:57 KST | INFO |   No improvement (2/30)
2026-02-25 08:10:57 KST | INFO | 
2026-02-25 08:10:57 KST | INFO | Epoch 80/200 | LR: 0.066196
2026-02-25 08:14:15 KST | INFO |   Train Loss: 0.2304 | Test Loss: 0.0017 | Test Acc: 86.12%
2026-02-25 08:14:15 KST | INFO |   No improvement (3/30)
2026-02-25 08:14:15 KST | INFO | 
2026-02-25 08:14:15 KST | INFO | Epoch 81/200 | LR: 0.065451
2026-02-25 08:17:40 KST | INFO |   Train Loss: 0.2316 | Test Loss: 0.0014 | Test Acc: 87.82%
2026-02-25 08:17:40 KST | INFO |   No improvement (4/30)
2026-02-25 08:17:40 KST | INFO | 
2026-02-25 08:17:40 KST | INFO | Epoch 82/200 | LR: 0.064702
2026-02-25 08:21:06 KST | INFO |   Train Loss: 0.2294 | Test Loss: 0.0015 | Test Acc: 87.57%
2026-02-25 08:21:06 KST | INFO |   No improvement (5/30)
2026-02-25 08:21:06 KST | INFO | 
2026-02-25 08:21:06 KST | INFO | Epoch 83/200 | LR: 0.063950
2026-02-25 08:24:31 KST | INFO |   Train Loss: 0.2210 | Test Loss: 0.0016 | Test Acc: 86.67%
2026-02-25 08:24:31 KST | INFO |   No improvement (6/30)
2026-02-25 08:24:31 KST | INFO | 
2026-02-25 08:24:31 KST | INFO | Epoch 84/200 | LR: 0.063194
2026-02-25 08:27:57 KST | INFO |   Train Loss: 0.2202 | Test Loss: 0.0016 | Test Acc: 87.04%
2026-02-25 08:27:57 KST | INFO |   No improvement (7/30)
2026-02-25 08:27:57 KST | INFO | 
2026-02-25 08:27:57 KST | INFO | Epoch 85/200 | LR: 0.062435
2026-02-25 08:31:21 KST | INFO |   Train Loss: 0.2171 | Test Loss: 0.0015 | Test Acc: 87.20%
2026-02-25 08:31:21 KST | INFO |   No improvement (8/30)
2026-02-25 08:31:21 KST | INFO | 
2026-02-25 08:31:21 KST | INFO | Epoch 86/200 | LR: 0.061673
2026-02-25 08:34:41 KST | INFO |   Train Loss: 0.2145 | Test Loss: 0.0017 | Test Acc: 85.52%
2026-02-25 08:34:41 KST | INFO |   No improvement (9/30)
2026-02-25 08:34:41 KST | INFO | 
2026-02-25 08:34:41 KST | INFO | Epoch 87/200 | LR: 0.060908
2026-02-25 08:38:07 KST | INFO |   Train Loss: 0.2141 | Test Loss: 0.0017 | Test Acc: 86.84%
2026-02-25 08:38:07 KST | INFO |   No improvement (10/30)
2026-02-25 08:38:07 KST | INFO | 
2026-02-25 08:38:07 KST | INFO | Epoch 88/200 | LR: 0.060140
2026-02-25 08:41:36 KST | INFO |   Train Loss: 0.2128 | Test Loss: 0.0016 | Test Acc: 87.03%
2026-02-25 08:41:36 KST | INFO |   No improvement (11/30)
2026-02-25 08:41:36 KST | INFO | 
2026-02-25 08:41:36 KST | INFO | Epoch 89/200 | LR: 0.059369
2026-02-25 08:45:09 KST | INFO |   Train Loss: 0.2076 | Test Loss: 0.0019 | Test Acc: 83.96%
2026-02-25 08:45:09 KST | INFO |   No improvement (12/30)
2026-02-25 08:45:09 KST | INFO | 
2026-02-25 08:45:09 KST | INFO | Epoch 90/200 | LR: 0.058597
2026-02-25 08:48:34 KST | INFO |   Train Loss: 0.2054 | Test Loss: 0.0016 | Test Acc: 86.86%
2026-02-25 08:48:34 KST | INFO |   No improvement (13/30)
2026-02-25 08:48:34 KST | INFO | 
2026-02-25 08:48:34 KST | INFO | Epoch 91/200 | LR: 0.057822
2026-02-25 08:51:59 KST | INFO |   Train Loss: 0.2043 | Test Loss: 0.0014 | Test Acc: 88.10%
2026-02-25 08:51:59 KST | INFO |   No improvement (14/30)
2026-02-25 08:51:59 KST | INFO | 
2026-02-25 08:51:59 KST | INFO | Epoch 92/200 | LR: 0.057045
2026-02-25 08:55:26 KST | INFO |   Train Loss: 0.1993 | Test Loss: 0.0015 | Test Acc: 87.07%
2026-02-25 08:55:26 KST | INFO |   No improvement (15/30)
2026-02-25 08:55:26 KST | INFO | 
2026-02-25 08:55:26 KST | INFO | Epoch 93/200 | LR: 0.056267
2026-02-25 08:58:42 KST | INFO |   Train Loss: 0.1973 | Test Loss: 0.0017 | Test Acc: 86.04%
2026-02-25 08:58:42 KST | INFO |   No improvement (16/30)
2026-02-25 08:58:42 KST | INFO | 
2026-02-25 08:58:42 KST | INFO | Epoch 94/200 | LR: 0.055487
2026-02-25 09:02:02 KST | INFO |   Train Loss: 0.1963 | Test Loss: 0.0016 | Test Acc: 86.50%
2026-02-25 09:02:02 KST | INFO |   No improvement (17/30)
2026-02-25 09:02:02 KST | INFO | 
2026-02-25 09:02:02 KST | INFO | Epoch 95/200 | LR: 0.054706
2026-02-25 09:05:31 KST | INFO |   Train Loss: 0.1922 | Test Loss: 0.0014 | Test Acc: 88.12%
2026-02-25 09:05:31 KST | INFO |   No improvement (18/30)
2026-02-25 09:05:31 KST | INFO | 
2026-02-25 09:05:31 KST | INFO | Epoch 96/200 | LR: 0.053923
2026-02-25 09:08:57 KST | INFO |   Train Loss: 0.1879 | Test Loss: 0.0016 | Test Acc: 86.37%
2026-02-25 09:08:57 KST | INFO |   No improvement (19/30)
2026-02-25 09:08:57 KST | INFO | 
2026-02-25 09:08:57 KST | INFO | Epoch 97/200 | LR: 0.053140
2026-02-25 09:12:24 KST | INFO |   Train Loss: 0.1877 | Test Loss: 0.0013 | Test Acc: 89.23%
2026-02-25 09:12:24 KST | INFO |   🏆 New best accuracy: 89.23%
2026-02-25 09:12:24 KST | INFO | 
2026-02-25 09:12:24 KST | INFO | Epoch 98/200 | LR: 0.052356
2026-02-25 09:15:50 KST | INFO |   Train Loss: 0.1857 | Test Loss: 0.0015 | Test Acc: 87.51%
2026-02-25 09:15:50 KST | INFO |   No improvement (1/30)
2026-02-25 09:15:50 KST | INFO | 
2026-02-25 09:15:50 KST | INFO | Epoch 99/200 | LR: 0.051571
2026-02-25 09:19:14 KST | INFO |   Train Loss: 0.1841 | Test Loss: 0.0016 | Test Acc: 86.59%
2026-02-25 09:19:14 KST | INFO |   No improvement (2/30)
2026-02-25 09:19:14 KST | INFO | 
2026-02-25 09:19:14 KST | INFO | Epoch 100/200 | LR: 0.050786
2026-02-25 09:22:39 KST | INFO |   Train Loss: 0.1809 | Test Loss: 0.0016 | Test Acc: 87.06%
2026-02-25 09:22:39 KST | INFO |   No improvement (3/30)
2026-02-25 09:22:39 KST | INFO | 
2026-02-25 09:22:39 KST | INFO | Epoch 101/200 | LR: 0.050001
2026-02-25 09:26:05 KST | INFO |   Train Loss: 0.1763 | Test Loss: 0.0015 | Test Acc: 87.78%
2026-02-25 09:26:05 KST | INFO |   No improvement (4/30)
2026-02-25 09:26:05 KST | INFO | 
2026-02-25 09:26:05 KST | INFO | Epoch 102/200 | LR: 0.049215
2026-02-25 09:29:31 KST | INFO |   Train Loss: 0.1753 | Test Loss: 0.0014 | Test Acc: 88.68%
2026-02-25 09:29:31 KST | INFO |   No improvement (5/30)
2026-02-25 09:29:31 KST | INFO | 
2026-02-25 09:29:31 KST | INFO | Epoch 103/200 | LR: 0.048430
2026-02-25 09:32:58 KST | INFO |   Train Loss: 0.1749 | Test Loss: 0.0016 | Test Acc: 86.98%
2026-02-25 09:32:58 KST | INFO |   No improvement (6/30)
2026-02-25 09:32:58 KST | INFO | 
2026-02-25 09:32:58 KST | INFO | Epoch 104/200 | LR: 0.047645
2026-02-25 09:36:24 KST | INFO |   Train Loss: 0.1688 | Test Loss: 0.0015 | Test Acc: 86.87%
2026-02-25 09:36:24 KST | INFO |   No improvement (7/30)
2026-02-25 09:36:24 KST | INFO | 
2026-02-25 09:36:24 KST | INFO | Epoch 105/200 | LR: 0.046861
2026-02-25 09:39:53 KST | INFO |   Train Loss: 0.1698 | Test Loss: 0.0017 | Test Acc: 85.83%
2026-02-25 09:39:53 KST | INFO |   No improvement (8/30)
2026-02-25 09:39:53 KST | INFO | 
2026-02-25 09:39:53 KST | INFO | Epoch 106/200 | LR: 0.046078
2026-02-25 09:43:18 KST | INFO |   Train Loss: 0.1649 | Test Loss: 0.0017 | Test Acc: 86.21%
2026-02-25 09:43:18 KST | INFO |   No improvement (9/30)
2026-02-25 09:43:18 KST | INFO | 
2026-02-25 09:43:18 KST | INFO | Epoch 107/200 | LR: 0.045295
2026-02-25 09:46:43 KST | INFO |   Train Loss: 0.1642 | Test Loss: 0.0014 | Test Acc: 88.33%
2026-02-25 09:46:43 KST | INFO |   No improvement (10/30)
2026-02-25 09:46:43 KST | INFO | 
2026-02-25 09:46:43 KST | INFO | Epoch 108/200 | LR: 0.044514
2026-02-25 09:50:17 KST | INFO |   Train Loss: 0.1618 | Test Loss: 0.0014 | Test Acc: 88.28%
2026-02-25 09:50:17 KST | INFO |   No improvement (11/30)
2026-02-25 09:50:17 KST | INFO | 
2026-02-25 09:50:17 KST | INFO | Epoch 109/200 | LR: 0.043734
2026-02-25 09:53:35 KST | INFO |   Train Loss: 0.1585 | Test Loss: 0.0016 | Test Acc: 87.10%
2026-02-25 09:53:35 KST | INFO |   No improvement (12/30)
2026-02-25 09:53:35 KST | INFO | 
2026-02-25 09:53:35 KST | INFO | Epoch 110/200 | LR: 0.042956
2026-02-25 09:57:00 KST | INFO |   Train Loss: 0.1575 | Test Loss: 0.0017 | Test Acc: 86.12%
2026-02-25 09:57:00 KST | INFO |   No improvement (13/30)
2026-02-25 09:57:00 KST | INFO | 
2026-02-25 09:57:00 KST | INFO | Epoch 111/200 | LR: 0.042179
2026-02-25 10:00:25 KST | INFO |   Train Loss: 0.1516 | Test Loss: 0.0017 | Test Acc: 86.33%
2026-02-25 10:00:25 KST | INFO |   No improvement (14/30)
2026-02-25 10:00:25 KST | INFO | 
2026-02-25 10:00:25 KST | INFO | Epoch 112/200 | LR: 0.041404
2026-02-25 10:03:50 KST | INFO |   Train Loss: 0.1516 | Test Loss: 0.0013 | Test Acc: 89.21%
2026-02-25 10:03:50 KST | INFO |   No improvement (15/30)
2026-02-25 10:03:50 KST | INFO | 
2026-02-25 10:03:50 KST | INFO | Epoch 113/200 | LR: 0.040632
2026-02-25 10:07:16 KST | INFO |   Train Loss: 0.1484 | Test Loss: 0.0016 | Test Acc: 86.61%
2026-02-25 10:07:16 KST | INFO |   No improvement (16/30)
2026-02-25 10:07:16 KST | INFO | 
2026-02-25 10:07:16 KST | INFO | Epoch 114/200 | LR: 0.039861
2026-02-25 10:10:34 KST | INFO |   Train Loss: 0.1463 | Test Loss: 0.0019 | Test Acc: 84.92%
2026-02-25 10:10:34 KST | INFO |   No improvement (17/30)
2026-02-25 10:10:34 KST | INFO | 
2026-02-25 10:10:34 KST | INFO | Epoch 115/200 | LR: 0.039093
2026-02-25 10:14:00 KST | INFO |   Train Loss: 0.1446 | Test Loss: 0.0013 | Test Acc: 89.60%
2026-02-25 10:14:00 KST | INFO |   🏆 New best accuracy: 89.60%
2026-02-25 10:14:00 KST | INFO | 
2026-02-25 10:14:00 KST | INFO | Epoch 116/200 | LR: 0.038328
2026-02-25 10:17:33 KST | INFO |   Train Loss: 0.1389 | Test Loss: 0.0013 | Test Acc: 89.38%
2026-02-25 10:17:33 KST | INFO |   No improvement (1/30)
2026-02-25 10:17:33 KST | INFO | 
2026-02-25 10:17:33 KST | INFO | Epoch 117/200 | LR: 0.037566
2026-02-25 10:21:05 KST | INFO |   Train Loss: 0.1360 | Test Loss: 0.0015 | Test Acc: 88.12%
2026-02-25 10:21:05 KST | INFO |   No improvement (2/30)
2026-02-25 10:21:05 KST | INFO | 
2026-02-25 10:21:05 KST | INFO | Epoch 118/200 | LR: 0.036807
2026-02-25 10:24:32 KST | INFO |   Train Loss: 0.1350 | Test Loss: 0.0013 | Test Acc: 88.82%
2026-02-25 10:24:32 KST | INFO |   No improvement (3/30)
2026-02-25 10:24:32 KST | INFO | 
2026-02-25 10:24:32 KST | INFO | Epoch 119/200 | LR: 0.036051
2026-02-25 10:27:59 KST | INFO |   Train Loss: 0.1323 | Test Loss: 0.0015 | Test Acc: 88.11%
2026-02-25 10:27:59 KST | INFO |   No improvement (4/30)
2026-02-25 10:27:59 KST | INFO | 
2026-02-25 10:27:59 KST | INFO | Epoch 120/200 | LR: 0.035299
2026-02-25 10:31:35 KST | INFO |   Train Loss: 0.1271 | Test Loss: 0.0014 | Test Acc: 88.81%
2026-02-25 10:31:35 KST | INFO |   No improvement (5/30)
2026-02-25 10:31:35 KST | INFO | 
2026-02-25 10:31:35 KST | INFO | Epoch 121/200 | LR: 0.034550
2026-02-25 10:35:06 KST | INFO |   Train Loss: 0.1271 | Test Loss: 0.0015 | Test Acc: 88.27%
2026-02-25 10:35:06 KST | INFO |   No improvement (6/30)
2026-02-25 10:35:06 KST | INFO | 
2026-02-25 10:35:06 KST | INFO | Epoch 122/200 | LR: 0.033805
2026-02-25 10:38:18 KST | INFO |   Train Loss: 0.1246 | Test Loss: 0.0014 | Test Acc: 89.36%
2026-02-25 10:38:18 KST | INFO |   No improvement (7/30)
2026-02-25 10:38:18 KST | INFO | 
2026-02-25 10:38:18 KST | INFO | Epoch 123/200 | LR: 0.033064
2026-02-25 10:41:47 KST | INFO |   Train Loss: 0.1203 | Test Loss: 0.0019 | Test Acc: 85.49%
2026-02-25 10:41:47 KST | INFO |   No improvement (8/30)
2026-02-25 10:41:47 KST | INFO | 
2026-02-25 10:41:47 KST | INFO | Epoch 124/200 | LR: 0.032327
2026-02-25 10:45:17 KST | INFO |   Train Loss: 0.1193 | Test Loss: 0.0016 | Test Acc: 87.56%
2026-02-25 10:45:17 KST | INFO |   No improvement (9/30)
2026-02-25 10:45:17 KST | INFO | 
2026-02-25 10:45:17 KST | INFO | Epoch 125/200 | LR: 0.031594
2026-02-25 10:48:47 KST | INFO |   Train Loss: 0.1167 | Test Loss: 0.0014 | Test Acc: 88.59%
2026-02-25 10:48:47 KST | INFO |   No improvement (10/30)
2026-02-25 10:48:47 KST | INFO | 
2026-02-25 10:48:47 KST | INFO | Epoch 126/200 | LR: 0.030867
2026-02-25 10:52:16 KST | INFO |   Train Loss: 0.1158 | Test Loss: 0.0014 | Test Acc: 88.39%
2026-02-25 10:52:16 KST | INFO |   No improvement (11/30)
2026-02-25 10:52:16 KST | INFO | 
2026-02-25 10:52:16 KST | INFO | Epoch 127/200 | LR: 0.030143
2026-02-25 10:55:42 KST | INFO |   Train Loss: 0.1136 | Test Loss: 0.0016 | Test Acc: 87.33%
2026-02-25 10:55:42 KST | INFO |   No improvement (12/30)
2026-02-25 10:55:42 KST | INFO | 
2026-02-25 10:55:42 KST | INFO | Epoch 128/200 | LR: 0.029425
2026-02-25 10:59:08 KST | INFO |   Train Loss: 0.1098 | Test Loss: 0.0015 | Test Acc: 87.82%
2026-02-25 10:59:08 KST | INFO |   No improvement (13/30)
2026-02-25 10:59:08 KST | INFO | 
2026-02-25 10:59:08 KST | INFO | Epoch 129/200 | LR: 0.028712
2026-02-25 11:02:33 KST | INFO |   Train Loss: 0.1061 | Test Loss: 0.0013 | Test Acc: 89.30%
2026-02-25 11:02:33 KST | INFO |   No improvement (14/30)
2026-02-25 11:02:33 KST | INFO | 
2026-02-25 11:02:33 KST | INFO | Epoch 130/200 | LR: 0.028004
2026-02-25 11:06:00 KST | INFO |   Train Loss: 0.1036 | Test Loss: 0.0014 | Test Acc: 88.79%
2026-02-25 11:06:00 KST | INFO |   No improvement (15/30)
2026-02-25 11:06:00 KST | INFO | 
2026-02-25 11:06:00 KST | INFO | Epoch 131/200 | LR: 0.027301
2026-02-25 11:09:26 KST | INFO |   Train Loss: 0.1010 | Test Loss: 0.0014 | Test Acc: 88.71%
2026-02-25 11:09:26 KST | INFO |   No improvement (16/30)
2026-02-25 11:09:26 KST | INFO | 
2026-02-25 11:09:26 KST | INFO | Epoch 132/200 | LR: 0.026604
2026-02-25 11:12:40 KST | INFO |   Train Loss: 0.1011 | Test Loss: 0.0013 | Test Acc: 89.67%
2026-02-25 11:12:40 KST | INFO |   🏆 New best accuracy: 89.67%
2026-02-25 11:12:40 KST | INFO | 
2026-02-25 11:12:40 KST | INFO | Epoch 133/200 | LR: 0.025913
2026-02-25 11:16:09 KST | INFO |   Train Loss: 0.0984 | Test Loss: 0.0013 | Test Acc: 89.14%
2026-02-25 11:16:09 KST | INFO |   No improvement (1/30)
2026-02-25 11:16:09 KST | INFO | 
2026-02-25 11:16:09 KST | INFO | Epoch 134/200 | LR: 0.025228
2026-02-25 11:19:42 KST | INFO |   Train Loss: 0.0989 | Test Loss: 0.0014 | Test Acc: 89.20%
2026-02-25 11:19:42 KST | INFO |   No improvement (2/30)
2026-02-25 11:19:42 KST | INFO | 
2026-02-25 11:19:42 KST | INFO | Epoch 135/200 | LR: 0.024549
2026-02-25 11:23:08 KST | INFO |   Train Loss: 0.0928 | Test Loss: 0.0015 | Test Acc: 88.87%
2026-02-25 11:23:08 KST | INFO |   No improvement (3/30)
2026-02-25 11:23:08 KST | INFO | 
2026-02-25 11:23:08 KST | INFO | Epoch 136/200 | LR: 0.023876
2026-02-25 11:26:33 KST | INFO |   Train Loss: 0.0901 | Test Loss: 0.0014 | Test Acc: 89.26%
2026-02-25 11:26:33 KST | INFO |   No improvement (4/30)
2026-02-25 11:26:33 KST | INFO | 
2026-02-25 11:26:33 KST | INFO | Epoch 137/200 | LR: 0.023209
2026-02-25 11:29:59 KST | INFO |   Train Loss: 0.0893 | Test Loss: 0.0015 | Test Acc: 87.70%
2026-02-25 11:29:59 KST | INFO |   No improvement (5/30)
2026-02-25 11:29:59 KST | INFO | 
2026-02-25 11:29:59 KST | INFO | Epoch 138/200 | LR: 0.022550
2026-02-25 11:33:29 KST | INFO |   Train Loss: 0.0852 | Test Loss: 0.0015 | Test Acc: 88.11%
2026-02-25 11:33:29 KST | INFO |   No improvement (6/30)
2026-02-25 11:33:29 KST | INFO | 
2026-02-25 11:33:29 KST | INFO | Epoch 139/200 | LR: 0.021897
2026-02-25 11:36:56 KST | INFO |   Train Loss: 0.0847 | Test Loss: 0.0014 | Test Acc: 88.87%
2026-02-25 11:36:56 KST | INFO |   No improvement (7/30)
2026-02-25 11:36:56 KST | INFO | 
2026-02-25 11:36:56 KST | INFO | Epoch 140/200 | LR: 0.021251
2026-02-25 11:40:23 KST | INFO |   Train Loss: 0.0822 | Test Loss: 0.0015 | Test Acc: 88.32%
2026-02-25 11:40:23 KST | INFO |   No improvement (8/30)
2026-02-25 11:40:23 KST | INFO | 
2026-02-25 11:40:23 KST | INFO | Epoch 141/200 | LR: 0.020612
2026-02-25 11:43:51 KST | INFO |   Train Loss: 0.0816 | Test Loss: 0.0013 | Test Acc: 89.32%
2026-02-25 11:43:51 KST | INFO |   No improvement (9/30)
2026-02-25 11:43:51 KST | INFO | 
2026-02-25 11:43:51 KST | INFO | Epoch 142/200 | LR: 0.019980
2026-02-25 11:47:13 KST | INFO |   Train Loss: 0.0746 | Test Loss: 0.0014 | Test Acc: 89.48%
2026-02-25 11:47:13 KST | INFO |   No improvement (10/30)
2026-02-25 11:47:13 KST | INFO | 
2026-02-25 11:47:13 KST | INFO | Epoch 143/200 | LR: 0.019355
2026-02-25 11:50:42 KST | INFO |   Train Loss: 0.0735 | Test Loss: 0.0015 | Test Acc: 88.68%
2026-02-25 11:50:42 KST | INFO |   No improvement (11/30)
2026-02-25 11:50:42 KST | INFO | 
2026-02-25 11:50:42 KST | INFO | Epoch 144/200 | LR: 0.018739
2026-02-25 11:54:06 KST | INFO |   Train Loss: 0.0748 | Test Loss: 0.0013 | Test Acc: 89.51%
2026-02-25 11:54:06 KST | INFO |   No improvement (12/30)
2026-02-25 11:54:06 KST | INFO | 
2026-02-25 11:54:06 KST | INFO | Epoch 145/200 | LR: 0.018130
2026-02-25 11:57:36 KST | INFO |   Train Loss: 0.0706 | Test Loss: 0.0015 | Test Acc: 88.12%
2026-02-25 11:57:36 KST | INFO |   No improvement (13/30)
2026-02-25 11:57:36 KST | INFO | 
2026-02-25 11:57:36 KST | INFO | Epoch 146/200 | LR: 0.017528
2026-02-25 12:01:15 KST | INFO |   Train Loss: 0.0705 | Test Loss: 0.0014 | Test Acc: 89.13%
2026-02-25 12:01:15 KST | INFO |   No improvement (14/30)
2026-02-25 12:01:15 KST | INFO | 
2026-02-25 12:01:15 KST | INFO | Epoch 147/200 | LR: 0.016935
2026-02-25 12:04:44 KST | INFO |   Train Loss: 0.0667 | Test Loss: 0.0014 | Test Acc: 89.57%
2026-02-25 12:04:44 KST | INFO |   No improvement (15/30)
2026-02-25 12:04:44 KST | INFO | 
2026-02-25 12:04:44 KST | INFO | Epoch 148/200 | LR: 0.016350
2026-02-25 12:08:03 KST | INFO |   Train Loss: 0.0639 | Test Loss: 0.0014 | Test Acc: 88.93%
2026-02-25 12:08:03 KST | INFO |   No improvement (16/30)
2026-02-25 12:08:03 KST | INFO | 
2026-02-25 12:08:03 KST | INFO | Epoch 149/200 | LR: 0.015773
2026-02-25 12:11:27 KST | INFO |   Train Loss: 0.0616 | Test Loss: 0.0015 | Test Acc: 88.52%
2026-02-25 12:11:27 KST | INFO |   No improvement (17/30)
2026-02-25 12:11:27 KST | INFO | 
2026-02-25 12:11:27 KST | INFO | Epoch 150/200 | LR: 0.015205
2026-02-25 12:14:53 KST | INFO |   Train Loss: 0.0609 | Test Loss: 0.0014 | Test Acc: 89.62%
2026-02-25 12:14:53 KST | INFO |   No improvement (18/30)
2026-02-25 12:14:53 KST | INFO | 
2026-02-25 12:14:53 KST | INFO | Epoch 151/200 | LR: 0.014646
2026-02-25 12:18:18 KST | INFO |   Train Loss: 0.0589 | Test Loss: 0.0018 | Test Acc: 87.01%
2026-02-25 12:18:18 KST | INFO |   No improvement (19/30)
2026-02-25 12:18:18 KST | INFO | 
2026-02-25 12:18:18 KST | INFO | Epoch 152/200 | LR: 0.014095
2026-02-25 12:21:48 KST | INFO |   Train Loss: 0.0578 | Test Loss: 0.0014 | Test Acc: 89.41%
2026-02-25 12:21:48 KST | INFO |   No improvement (20/30)
2026-02-25 12:21:48 KST | INFO | 
2026-02-25 12:21:48 KST | INFO | Epoch 153/200 | LR: 0.013552
2026-02-25 12:25:11 KST | INFO |   Train Loss: 0.0541 | Test Loss: 0.0015 | Test Acc: 88.97%
2026-02-25 12:25:11 KST | INFO |   No improvement (21/30)
2026-02-25 12:25:11 KST | INFO | 
2026-02-25 12:25:11 KST | INFO | Epoch 154/200 | LR: 0.013019
2026-02-25 12:28:46 KST | INFO |   Train Loss: 0.0541 | Test Loss: 0.0014 | Test Acc: 89.11%
2026-02-25 12:28:46 KST | INFO |   No improvement (22/30)
2026-02-25 12:28:46 KST | INFO | 
2026-02-25 12:28:46 KST | INFO | Epoch 155/200 | LR: 0.012495
2026-02-25 12:32:24 KST | INFO |   Train Loss: 0.0519 | Test Loss: 0.0015 | Test Acc: 88.90%
2026-02-25 12:32:24 KST | INFO |   No improvement (23/30)
2026-02-25 12:32:24 KST | INFO | 
2026-02-25 12:32:24 KST | INFO | Epoch 156/200 | LR: 0.011981
2026-02-25 12:35:58 KST | INFO |   Train Loss: 0.0508 | Test Loss: 0.0015 | Test Acc: 89.40%
2026-02-25 12:35:58 KST | INFO |   No improvement (24/30)
2026-02-25 12:35:58 KST | INFO | 
2026-02-25 12:35:58 KST | INFO | Epoch 157/200 | LR: 0.011475
2026-02-25 12:39:30 KST | INFO |   Train Loss: 0.0492 | Test Loss: 0.0014 | Test Acc: 90.07%
2026-02-25 12:39:30 KST | INFO |   🏆 New best accuracy: 90.07%
2026-02-25 12:39:30 KST | INFO | 
2026-02-25 12:39:30 KST | INFO | Epoch 158/200 | LR: 0.010979
2026-02-25 12:43:00 KST | INFO |   Train Loss: 0.0453 | Test Loss: 0.0014 | Test Acc: 89.76%
2026-02-25 12:43:00 KST | INFO |   No improvement (1/30)
2026-02-25 12:43:00 KST | INFO | 
2026-02-25 12:43:00 KST | INFO | Epoch 159/200 | LR: 0.010493
2026-02-25 12:46:29 KST | INFO |   Train Loss: 0.0458 | Test Loss: 0.0015 | Test Acc: 89.71%
2026-02-25 12:46:29 KST | INFO |   No improvement (2/30)
2026-02-25 12:46:29 KST | INFO | 
2026-02-25 12:46:29 KST | INFO | Epoch 160/200 | LR: 0.010017
2026-02-25 12:49:48 KST | INFO |   Train Loss: 0.0456 | Test Loss: 0.0013 | Test Acc: 90.56%
2026-02-25 12:49:48 KST | INFO |   🏆 New best accuracy: 90.56%
2026-02-25 12:49:48 KST | INFO | 
2026-02-25 12:49:48 KST | INFO | Epoch 161/200 | LR: 0.009550
2026-02-25 12:53:18 KST | INFO |   Train Loss: 0.0414 | Test Loss: 0.0013 | Test Acc: 90.14%
2026-02-25 12:53:18 KST | INFO |   No improvement (1/30)
2026-02-25 12:53:18 KST | INFO | 
2026-02-25 12:53:18 KST | INFO | Epoch 162/200 | LR: 0.009093
2026-02-25 12:56:42 KST | INFO |   Train Loss: 0.0411 | Test Loss: 0.0016 | Test Acc: 88.96%
2026-02-25 12:56:42 KST | INFO |   No improvement (2/30)
2026-02-25 12:56:42 KST | INFO | 
2026-02-25 12:56:42 KST | INFO | Epoch 163/200 | LR: 0.008647
2026-02-25 13:00:08 KST | INFO |   Train Loss: 0.0399 | Test Loss: 0.0014 | Test Acc: 90.00%
2026-02-25 13:00:08 KST | INFO |   No improvement (3/30)
2026-02-25 13:00:08 KST | INFO | 
2026-02-25 13:00:08 KST | INFO | Epoch 164/200 | LR: 0.008211
2026-02-25 13:03:33 KST | INFO |   Train Loss: 0.0393 | Test Loss: 0.0015 | Test Acc: 89.26%
2026-02-25 13:03:33 KST | INFO |   No improvement (4/30)
2026-02-25 13:03:33 KST | INFO | 
2026-02-25 13:03:33 KST | INFO | Epoch 165/200 | LR: 0.007785
2026-02-25 13:06:57 KST | INFO |   Train Loss: 0.0379 | Test Loss: 0.0014 | Test Acc: 89.96%
2026-02-25 13:06:57 KST | INFO |   No improvement (5/30)
2026-02-25 13:06:57 KST | INFO | 
2026-02-25 13:06:57 KST | INFO | Epoch 166/200 | LR: 0.007369
2026-02-25 13:10:27 KST | INFO |   Train Loss: 0.0356 | Test Loss: 0.0014 | Test Acc: 89.76%
2026-02-25 13:10:27 KST | INFO |   No improvement (6/30)
2026-02-25 13:10:27 KST | INFO | 
2026-02-25 13:10:27 KST | INFO | Epoch 167/200 | LR: 0.006964
2026-02-25 13:13:58 KST | INFO |   Train Loss: 0.0344 | Test Loss: 0.0014 | Test Acc: 90.04%
2026-02-25 13:13:58 KST | INFO |   No improvement (7/30)
2026-02-25 13:13:58 KST | INFO | 
2026-02-25 13:13:58 KST | INFO | Epoch 168/200 | LR: 0.006569
2026-02-25 13:17:23 KST | INFO |   Train Loss: 0.0330 | Test Loss: 0.0014 | Test Acc: 90.02%
2026-02-25 13:17:23 KST | INFO |   No improvement (8/30)
2026-02-25 13:17:23 KST | INFO | 
2026-02-25 13:17:23 KST | INFO | Epoch 169/200 | LR: 0.006186
2026-02-25 13:20:47 KST | INFO |   Train Loss: 0.0335 | Test Loss: 0.0014 | Test Acc: 89.92%
2026-02-25 13:20:47 KST | INFO |   No improvement (9/30)
2026-02-25 13:20:47 KST | INFO | 
2026-02-25 13:20:47 KST | INFO | Epoch 170/200 | LR: 0.005813
2026-02-25 13:24:13 KST | INFO |   Train Loss: 0.0314 | Test Loss: 0.0014 | Test Acc: 89.79%
2026-02-25 13:24:13 KST | INFO |   No improvement (10/30)
2026-02-25 13:24:13 KST | INFO | 
2026-02-25 13:24:13 KST | INFO | Epoch 171/200 | LR: 0.005451
2026-02-25 13:27:35 KST | INFO |   Train Loss: 0.0310 | Test Loss: 0.0014 | Test Acc: 89.68%
2026-02-25 13:27:35 KST | INFO |   No improvement (11/30)
2026-02-25 13:27:35 KST | INFO | 
2026-02-25 13:27:35 KST | INFO | Epoch 172/200 | LR: 0.005100
2026-02-25 13:31:00 KST | INFO |   Train Loss: 0.0306 | Test Loss: 0.0014 | Test Acc: 89.61%
2026-02-25 13:31:00 KST | INFO |   No improvement (12/30)
2026-02-25 13:31:00 KST | INFO | 
2026-02-25 13:31:00 KST | INFO | Epoch 173/200 | LR: 0.004760
2026-02-25 13:34:25 KST | INFO |   Train Loss: 0.0289 | Test Loss: 0.0014 | Test Acc: 90.20%
2026-02-25 13:34:25 KST | INFO |   No improvement (13/30)
2026-02-25 13:34:25 KST | INFO | 
2026-02-25 13:34:25 KST | INFO | Epoch 174/200 | LR: 0.004431
2026-02-25 13:37:50 KST | INFO |   Train Loss: 0.0281 | Test Loss: 0.0014 | Test Acc: 89.69%
2026-02-25 13:37:50 KST | INFO |   No improvement (14/30)
2026-02-25 13:37:50 KST | INFO | 
2026-02-25 13:37:50 KST | INFO | Epoch 175/200 | LR: 0.004113
2026-02-25 13:41:16 KST | INFO |   Train Loss: 0.0267 | Test Loss: 0.0013 | Test Acc: 89.98%
2026-02-25 13:41:16 KST | INFO |   No improvement (15/30)
2026-02-25 13:41:16 KST | INFO | 
2026-02-25 13:41:16 KST | INFO | Epoch 176/200 | LR: 0.003807
2026-02-25 13:44:41 KST | INFO |   Train Loss: 0.0265 | Test Loss: 0.0013 | Test Acc: 90.28%
2026-02-25 13:44:41 KST | INFO |   No improvement (16/30)
2026-02-25 13:44:41 KST | INFO | 
2026-02-25 13:44:41 KST | INFO | Epoch 177/200 | LR: 0.003512
2026-02-25 13:48:07 KST | INFO |   Train Loss: 0.0260 | Test Loss: 0.0014 | Test Acc: 89.64%
2026-02-25 13:48:07 KST | INFO |   No improvement (17/30)
2026-02-25 13:48:07 KST | INFO | 
2026-02-25 13:48:07 KST | INFO | Epoch 178/200 | LR: 0.003229
2026-02-25 13:51:32 KST | INFO |   Train Loss: 0.0251 | Test Loss: 0.0014 | Test Acc: 89.99%
2026-02-25 13:51:32 KST | INFO |   No improvement (18/30)
2026-02-25 13:51:32 KST | INFO | 
2026-02-25 13:51:32 KST | INFO | Epoch 179/200 | LR: 0.002957
2026-02-25 13:55:02 KST | INFO |   Train Loss: 0.0243 | Test Loss: 0.0014 | Test Acc: 90.11%
2026-02-25 13:55:02 KST | INFO |   No improvement (19/30)
2026-02-25 13:55:02 KST | INFO | 
2026-02-25 13:55:02 KST | INFO | Epoch 180/200 | LR: 0.002697
2026-02-25 13:58:28 KST | INFO |   Train Loss: 0.0241 | Test Loss: 0.0013 | Test Acc: 90.40%
2026-02-25 13:58:28 KST | INFO |   No improvement (20/30)
2026-02-25 13:58:28 KST | INFO | 
2026-02-25 13:58:28 KST | INFO | Epoch 181/200 | LR: 0.002448
2026-02-25 14:01:47 KST | INFO |   Train Loss: 0.0226 | Test Loss: 0.0013 | Test Acc: 90.83%
2026-02-25 14:01:47 KST | INFO |   🏆 New best accuracy: 90.83%
2026-02-25 14:01:47 KST | INFO | 
2026-02-25 14:01:47 KST | INFO | Epoch 182/200 | LR: 0.002211
2026-02-25 14:05:13 KST | INFO |   Train Loss: 0.0227 | Test Loss: 0.0013 | Test Acc: 90.74%
2026-02-25 14:05:13 KST | INFO |   No improvement (1/30)
2026-02-25 14:05:13 KST | INFO | 
2026-02-25 14:05:13 KST | INFO | Epoch 183/200 | LR: 0.001986
2026-02-25 14:08:37 KST | INFO |   Train Loss: 0.0222 | Test Loss: 0.0013 | Test Acc: 90.42%
2026-02-25 14:08:37 KST | INFO |   No improvement (2/30)
2026-02-25 14:08:37 KST | INFO | 
2026-02-25 14:08:37 KST | INFO | Epoch 184/200 | LR: 0.001773
2026-02-25 14:12:03 KST | INFO |   Train Loss: 0.0214 | Test Loss: 0.0014 | Test Acc: 90.30%
2026-02-25 14:12:03 KST | INFO |   No improvement (3/30)
2026-02-25 14:12:03 KST | INFO | 
2026-02-25 14:12:03 KST | INFO | Epoch 185/200 | LR: 0.001572
2026-02-25 14:15:30 KST | INFO |   Train Loss: 0.0203 | Test Loss: 0.0013 | Test Acc: 90.62%
2026-02-25 14:15:30 KST | INFO |   No improvement (4/30)
2026-02-25 14:15:30 KST | INFO | 
2026-02-25 14:15:30 KST | INFO | Epoch 186/200 | LR: 0.001382
2026-02-25 14:18:58 KST | INFO |   Train Loss: 0.0207 | Test Loss: 0.0014 | Test Acc: 90.18%
2026-02-25 14:18:58 KST | INFO |   No improvement (5/30)
2026-02-25 14:18:58 KST | INFO | 
2026-02-25 14:18:58 KST | INFO | Epoch 187/200 | LR: 0.001205
2026-02-25 14:22:20 KST | INFO |   Train Loss: 0.0197 | Test Loss: 0.0014 | Test Acc: 90.27%
2026-02-25 14:22:20 KST | INFO |   No improvement (6/30)
2026-02-25 14:22:20 KST | INFO | 
2026-02-25 14:22:20 KST | INFO | Epoch 188/200 | LR: 0.001040
2026-02-25 14:25:50 KST | INFO |   Train Loss: 0.0198 | Test Loss: 0.0013 | Test Acc: 90.69%
2026-02-25 14:25:50 KST | INFO |   No improvement (7/30)
2026-02-25 14:25:50 KST | INFO | 
2026-02-25 14:25:50 KST | INFO | Epoch 189/200 | LR: 0.000887
2026-02-25 14:29:21 KST | INFO |   Train Loss: 0.0199 | Test Loss: 0.0013 | Test Acc: 90.64%
2026-02-25 14:29:21 KST | INFO |   No improvement (8/30)
2026-02-25 14:29:21 KST | INFO | 
2026-02-25 14:29:21 KST | INFO | Epoch 190/200 | LR: 0.000746
2026-02-25 14:32:53 KST | INFO |   Train Loss: 0.0198 | Test Loss: 0.0013 | Test Acc: 90.67%
2026-02-25 14:32:53 KST | INFO |   No improvement (9/30)
2026-02-25 14:32:53 KST | INFO | 
2026-02-25 14:32:53 KST | INFO | Epoch 191/200 | LR: 0.000617
2026-02-25 14:36:19 KST | INFO |   Train Loss: 0.0192 | Test Loss: 0.0013 | Test Acc: 90.66%
2026-02-25 14:36:19 KST | INFO |   No improvement (10/30)
2026-02-25 14:36:19 KST | INFO | 
2026-02-25 14:36:19 KST | INFO | Epoch 192/200 | LR: 0.000500
2026-02-25 14:39:45 KST | INFO |   Train Loss: 0.0196 | Test Loss: 0.0013 | Test Acc: 90.62%
2026-02-25 14:39:45 KST | INFO |   No improvement (11/30)
2026-02-25 14:39:45 KST | INFO | 
2026-02-25 14:39:45 KST | INFO | Epoch 193/200 | LR: 0.000395
2026-02-25 14:43:08 KST | INFO |   Train Loss: 0.0186 | Test Loss: 0.0013 | Test Acc: 90.73%
2026-02-25 14:43:08 KST | INFO |   No improvement (12/30)
2026-02-25 14:43:08 KST | INFO | 
2026-02-25 14:43:08 KST | INFO | Epoch 194/200 | LR: 0.000303
2026-02-25 14:46:27 KST | INFO |   Train Loss: 0.0184 | Test Loss: 0.0014 | Test Acc: 90.49%
2026-02-25 14:46:27 KST | INFO |   No improvement (13/30)
2026-02-25 14:46:27 KST | INFO | 
2026-02-25 14:46:27 KST | INFO | Epoch 195/200 | LR: 0.000223
2026-02-25 14:49:56 KST | INFO |   Train Loss: 0.0185 | Test Loss: 0.0013 | Test Acc: 90.61%
2026-02-25 14:49:56 KST | INFO |   No improvement (14/30)
2026-02-25 14:49:56 KST | INFO | 
2026-02-25 14:49:56 KST | INFO | Epoch 196/200 | LR: 0.000155
2026-02-25 14:53:24 KST | INFO |   Train Loss: 0.0182 | Test Loss: 0.0013 | Test Acc: 90.61%
2026-02-25 14:53:24 KST | INFO |   No improvement (15/30)
2026-02-25 14:53:24 KST | INFO | 
2026-02-25 14:53:24 KST | INFO | Epoch 197/200 | LR: 0.000100
2026-02-25 14:56:50 KST | INFO |   Train Loss: 0.0182 | Test Loss: 0.0013 | Test Acc: 90.60%
2026-02-25 14:56:50 KST | INFO |   No improvement (16/30)
2026-02-25 14:56:50 KST | INFO | 
2026-02-25 14:56:50 KST | INFO | Epoch 198/200 | LR: 0.000057
2026-02-25 15:00:29 KST | INFO |   Train Loss: 0.0181 | Test Loss: 0.0013 | Test Acc: 90.54%
2026-02-25 15:00:29 KST | INFO |   No improvement (17/30)
2026-02-25 15:00:29 KST | INFO | 
2026-02-25 15:00:29 KST | INFO | Epoch 199/200 | LR: 0.000026
2026-02-25 15:03:54 KST | INFO |   Train Loss: 0.0175 | Test Loss: 0.0013 | Test Acc: 90.57%
2026-02-25 15:03:54 KST | INFO |   No improvement (18/30)
2026-02-25 15:03:54 KST | INFO | 
2026-02-25 15:03:54 KST | INFO | Epoch 200/200 | LR: 0.000007
2026-02-25 15:07:24 KST | INFO |   Train Loss: 0.0177 | Test Loss: 0.0013 | Test Acc: 90.56%
2026-02-25 15:07:24 KST | INFO |   No improvement (19/30)
2026-02-25 15:07:24 KST | INFO | 
2026-02-25 15:07:24 KST | INFO | ================================================================================
2026-02-25 15:07:24 KST | INFO | TRAINING COMPLETE
2026-02-25 15:07:24 KST | INFO | ================================================================================
2026-02-25 15:07:24 KST | INFO | Best accuracy:  90.83% (Epoch 181)
2026-02-25 15:07:24 KST | INFO | Final accuracy: 90.56%
2026-02-25 15:07:24 KST | INFO | ================================================================================
2026-02-25 15:07:24 KST | INFO | 
2026-02-25 15:07:24 KST | INFO | Notifying nodes of completion...
2026-02-25 15:07:25 KST | INFO | ✓ Nodes notified
2026-02-25 15:07:25 KST | INFO | 
2026-02-25 15:07:25 KST | INFO | Closing connections...
2026-02-25 15:07:25 KST | INFO | ✓ Cleanup complete
2026-02-25 15:07:25 KST | INFO | 
2026-02-25 15:07:25 KST | INFO | Full log: logs/TL++_secure_20260225_034018.log
2026-02-25 15:07:25 KST | INFO | ================================================================================
