2026-04-22 14:30:36 KST | INFO | ================================================================================
2026-04-22 14:30:36 KST | INFO | TL++ Centralized Baseline
2026-04-22 14:30:36 KST | INFO | ================================================================================
2026-04-22 14:30:36 KST | INFO | Log file: logs/centralized_20260422_143036.log
2026-04-22 14:30:36 KST | INFO | 
2026-04-22 14:30:36 KST | INFO | Device: cuda
2026-04-22 14:30:36 KST | INFO | 
2026-04-22 14:30:36 KST | INFO | --------------------------------------------------------------------------------
2026-04-22 14:30:36 KST | INFO | CONFIGURATION
2026-04-22 14:30:36 KST | INFO | --------------------------------------------------------------------------------
2026-04-22 14:30:36 KST | INFO | Classes:          8
2026-04-22 14:30:36 KST | INFO | Batch size:       128
2026-04-22 14:30:36 KST | INFO | Learning rate:    0.1
2026-04-22 14:30:36 KST | INFO | Scheduler:        cosine
2026-04-22 14:30:36 KST | INFO | 
2026-04-22 14:30:36 KST | INFO | --------------------------------------------------------------------------------
2026-04-22 14:30:36 KST | INFO | DATA LOADING
2026-04-22 14:30:36 KST | INFO | --------------------------------------------------------------------------------
2026-04-22 14:30:37 KST | INFO | Filtering to 8 classes (0-7)
2026-04-22 14:31:06 KST | INFO | Training samples:   40,000
2026-04-22 14:31:06 KST | INFO | Test samples:       8,000
2026-04-22 14:31:06 KST | INFO | Training batches:   313
2026-04-22 14:31:06 KST | INFO | Test batches:       32
2026-04-22 14:31:06 KST | INFO | 
2026-04-22 14:31:06 KST | INFO | --------------------------------------------------------------------------------
2026-04-22 14:31:06 KST | INFO | MODEL INITIALIZATION
2026-04-22 14:31:06 KST | INFO | --------------------------------------------------------------------------------
2026-04-22 14:31:07 KST | INFO | Total parameters:     3,247,176
2026-04-22 14:31:07 KST | INFO | Trainable parameters: 3,247,176
2026-04-22 14:31:07 KST | INFO | 
2026-04-22 14:31:07 KST | INFO | --------------------------------------------------------------------------------
2026-04-22 14:31:07 KST | INFO | OPTIMIZER & SCHEDULER
2026-04-22 14:31:07 KST | INFO | --------------------------------------------------------------------------------
2026-04-22 14:31:07 KST | INFO | Optimizer:        SGD (lr=0.1, momentum=0.9)
2026-04-22 14:31:07 KST | INFO | Scheduler:        cosine
2026-04-22 14:31:07 KST | INFO | Gradient clip:    1.0
2026-04-22 14:31:07 KST | INFO | 
2026-04-22 14:31:07 KST | INFO | --------------------------------------------------------------------------------
2026-04-22 14:31:07 KST | INFO | TRAINING
2026-04-22 14:31:07 KST | INFO | --------------------------------------------------------------------------------
2026-04-22 14:31:07 KST | INFO | 
2026-04-22 14:31:07 KST | INFO | Epoch 1/200 | LR: 0.100000
2026-04-22 14:31:21 KST | INFO |   Train Loss: 1.5942 | Test Loss: 1.2247 | Test Acc: 55.04%
2026-04-22 14:31:21 KST | INFO |   🏆 New best accuracy: 55.04%
2026-04-22 14:31:21 KST | INFO | 
2026-04-22 14:31:21 KST | INFO | Epoch 2/200 | LR: 0.099994
2026-04-22 14:31:34 KST | INFO |   Train Loss: 1.1780 | Test Loss: 0.9576 | Test Acc: 64.97%
2026-04-22 14:31:34 KST | INFO |   🏆 New best accuracy: 64.97%
2026-04-22 14:31:34 KST | INFO | 
2026-04-22 14:31:34 KST | INFO | Epoch 3/200 | LR: 0.099975
2026-04-22 14:31:47 KST | INFO |   Train Loss: 0.9612 | Test Loss: 0.8303 | Test Acc: 70.12%
2026-04-22 14:31:47 KST | INFO |   🏆 New best accuracy: 70.12%
2026-04-22 14:31:47 KST | INFO | 
2026-04-22 14:31:47 KST | INFO | Epoch 4/200 | LR: 0.099944
2026-04-22 14:32:00 KST | INFO |   Train Loss: 0.8219 | Test Loss: 0.7479 | Test Acc: 73.72%
2026-04-22 14:32:00 KST | INFO |   🏆 New best accuracy: 73.72%
2026-04-22 14:32:00 KST | INFO | 
2026-04-22 14:32:00 KST | INFO | Epoch 5/200 | LR: 0.099901
2026-04-22 14:32:13 KST | INFO |   Train Loss: 0.7323 | Test Loss: 0.6589 | Test Acc: 77.20%
2026-04-22 14:32:13 KST | INFO |   🏆 New best accuracy: 77.20%
2026-04-22 14:32:13 KST | INFO | 
2026-04-22 14:32:13 KST | INFO | Epoch 6/200 | LR: 0.099846
2026-04-22 14:32:26 KST | INFO |   Train Loss: 0.6770 | Test Loss: 0.7125 | Test Acc: 76.55%
2026-04-22 14:32:26 KST | INFO |   No improvement (1/30)
2026-04-22 14:32:26 KST | INFO | 
2026-04-22 14:32:26 KST | INFO | Epoch 7/200 | LR: 0.099778
2026-04-22 14:32:40 KST | INFO |   Train Loss: 0.6307 | Test Loss: 0.6111 | Test Acc: 78.79%
2026-04-22 14:32:40 KST | INFO |   🏆 New best accuracy: 78.79%
2026-04-22 14:32:40 KST | INFO | 
2026-04-22 14:32:40 KST | INFO | Epoch 8/200 | LR: 0.099698
2026-04-22 14:32:53 KST | INFO |   Train Loss: 0.5897 | Test Loss: 0.6380 | Test Acc: 78.49%
2026-04-22 14:32:53 KST | INFO |   No improvement (1/30)
2026-04-22 14:32:53 KST | INFO | 
2026-04-22 14:32:53 KST | INFO | Epoch 9/200 | LR: 0.099606
2026-04-22 14:33:06 KST | INFO |   Train Loss: 0.5580 | Test Loss: 0.5854 | Test Acc: 80.15%
2026-04-22 14:33:06 KST | INFO |   🏆 New best accuracy: 80.15%
2026-04-22 14:33:06 KST | INFO | 
2026-04-22 14:33:06 KST | INFO | Epoch 10/200 | LR: 0.099501
2026-04-22 14:33:19 KST | INFO |   Train Loss: 0.5280 | Test Loss: 0.5125 | Test Acc: 82.53%
2026-04-22 14:33:19 KST | INFO |   🏆 New best accuracy: 82.53%
2026-04-22 14:33:19 KST | INFO | 
2026-04-22 14:33:19 KST | INFO | Epoch 11/200 | LR: 0.099384
2026-04-22 14:33:32 KST | INFO |   Train Loss: 0.5144 | Test Loss: 0.5147 | Test Acc: 81.69%
2026-04-22 14:33:32 KST | INFO |   No improvement (1/30)
2026-04-22 14:33:32 KST | INFO | 
2026-04-22 14:33:32 KST | INFO | Epoch 12/200 | LR: 0.099255
2026-04-22 14:33:45 KST | INFO |   Train Loss: 0.4965 | Test Loss: 0.4923 | Test Acc: 83.01%
2026-04-22 14:33:45 KST | INFO |   🏆 New best accuracy: 83.01%
2026-04-22 14:33:45 KST | INFO | 
2026-04-22 14:33:45 KST | INFO | Epoch 13/200 | LR: 0.099114
2026-04-22 14:33:59 KST | INFO |   Train Loss: 0.4742 | Test Loss: 0.5030 | Test Acc: 83.19%
2026-04-22 14:33:59 KST | INFO |   🏆 New best accuracy: 83.19%
2026-04-22 14:33:59 KST | INFO | 
2026-04-22 14:33:59 KST | INFO | Epoch 14/200 | LR: 0.098961
2026-04-22 14:34:13 KST | INFO |   Train Loss: 0.4687 | Test Loss: 0.5285 | Test Acc: 82.28%
2026-04-22 14:34:13 KST | INFO |   No improvement (1/30)
2026-04-22 14:34:13 KST | INFO | 
2026-04-22 14:34:13 KST | INFO | Epoch 15/200 | LR: 0.098796
2026-04-22 14:34:26 KST | INFO |   Train Loss: 0.4578 | Test Loss: 0.5163 | Test Acc: 82.67%
2026-04-22 14:34:26 KST | INFO |   No improvement (2/30)
2026-04-22 14:34:26 KST | INFO | 
2026-04-22 14:34:26 KST | INFO | Epoch 16/200 | LR: 0.098619
2026-04-22 14:34:39 KST | INFO |   Train Loss: 0.4486 | Test Loss: 0.4944 | Test Acc: 83.84%
2026-04-22 14:34:39 KST | INFO |   🏆 New best accuracy: 83.84%
2026-04-22 14:34:39 KST | INFO | 
2026-04-22 14:34:39 KST | INFO | Epoch 17/200 | LR: 0.098429
2026-04-22 14:34:53 KST | INFO |   Train Loss: 0.4329 | Test Loss: 0.4235 | Test Acc: 85.84%
2026-04-22 14:34:53 KST | INFO |   🏆 New best accuracy: 85.84%
2026-04-22 14:34:53 KST | INFO | 
2026-04-22 14:34:53 KST | INFO | Epoch 18/200 | LR: 0.098228
2026-04-22 14:35:06 KST | INFO |   Train Loss: 0.4195 | Test Loss: 0.4319 | Test Acc: 85.39%
2026-04-22 14:35:06 KST | INFO |   No improvement (1/30)
2026-04-22 14:35:06 KST | INFO | 
2026-04-22 14:35:06 KST | INFO | Epoch 19/200 | LR: 0.098015
2026-04-22 14:35:19 KST | INFO |   Train Loss: 0.4201 | Test Loss: 0.4809 | Test Acc: 84.17%
2026-04-22 14:35:19 KST | INFO |   No improvement (2/30)
2026-04-22 14:35:19 KST | INFO | 
2026-04-22 14:35:19 KST | INFO | Epoch 20/200 | LR: 0.097790
2026-04-22 14:35:32 KST | INFO |   Train Loss: 0.4061 | Test Loss: 0.4870 | Test Acc: 84.20%
2026-04-22 14:35:32 KST | INFO |   No improvement (3/30)
2026-04-22 14:35:32 KST | INFO | 
2026-04-22 14:35:32 KST | INFO | Epoch 21/200 | LR: 0.097553
2026-04-22 14:35:46 KST | INFO |   Train Loss: 0.4000 | Test Loss: 0.4597 | Test Acc: 84.49%
2026-04-22 14:35:46 KST | INFO |   No improvement (4/30)
2026-04-22 14:35:46 KST | INFO | 
2026-04-22 14:35:46 KST | INFO | Epoch 22/200 | LR: 0.097304
2026-04-22 14:35:59 KST | INFO |   Train Loss: 0.3974 | Test Loss: 0.4573 | Test Acc: 84.71%
2026-04-22 14:35:59 KST | INFO |   No improvement (5/30)
2026-04-22 14:35:59 KST | INFO | 
2026-04-22 14:35:59 KST | INFO | Epoch 23/200 | LR: 0.097044
2026-04-22 14:36:12 KST | INFO |   Train Loss: 0.3851 | Test Loss: 0.4344 | Test Acc: 85.35%
2026-04-22 14:36:12 KST | INFO |   No improvement (6/30)
2026-04-22 14:36:12 KST | INFO | 
2026-04-22 14:36:12 KST | INFO | Epoch 24/200 | LR: 0.096772
2026-04-22 14:36:26 KST | INFO |   Train Loss: 0.3795 | Test Loss: 0.4618 | Test Acc: 85.09%
2026-04-22 14:36:26 KST | INFO |   No improvement (7/30)
2026-04-22 14:36:26 KST | INFO | 
2026-04-22 14:36:26 KST | INFO | Epoch 25/200 | LR: 0.096489
2026-04-22 14:36:39 KST | INFO |   Train Loss: 0.3771 | Test Loss: 0.4566 | Test Acc: 84.85%
2026-04-22 14:36:39 KST | INFO |   No improvement (8/30)
2026-04-22 14:36:39 KST | INFO | 
2026-04-22 14:36:39 KST | INFO | Epoch 26/200 | LR: 0.096194
2026-04-22 14:36:52 KST | INFO |   Train Loss: 0.3764 | Test Loss: 0.4231 | Test Acc: 85.95%
2026-04-22 14:36:52 KST | INFO |   🏆 New best accuracy: 85.95%
2026-04-22 14:36:52 KST | INFO | 
2026-04-22 14:36:52 KST | INFO | Epoch 27/200 | LR: 0.095888
2026-04-22 14:37:05 KST | INFO |   Train Loss: 0.3677 | Test Loss: 0.4560 | Test Acc: 84.89%
2026-04-22 14:37:05 KST | INFO |   No improvement (1/30)
2026-04-22 14:37:05 KST | INFO | 
2026-04-22 14:37:05 KST | INFO | Epoch 28/200 | LR: 0.095570
2026-04-22 14:37:19 KST | INFO |   Train Loss: 0.3632 | Test Loss: 0.4631 | Test Acc: 85.34%
2026-04-22 14:37:19 KST | INFO |   No improvement (2/30)
2026-04-22 14:37:19 KST | INFO | 
2026-04-22 14:37:19 KST | INFO | Epoch 29/200 | LR: 0.095241
2026-04-22 14:37:32 KST | INFO |   Train Loss: 0.3605 | Test Loss: 0.4198 | Test Acc: 86.44%
2026-04-22 14:37:32 KST | INFO |   🏆 New best accuracy: 86.44%
2026-04-22 14:37:32 KST | INFO | 
2026-04-22 14:37:32 KST | INFO | Epoch 30/200 | LR: 0.094901
2026-04-22 14:37:45 KST | INFO |   Train Loss: 0.3535 | Test Loss: 0.4448 | Test Acc: 85.38%
2026-04-22 14:37:45 KST | INFO |   No improvement (1/30)
2026-04-22 14:37:45 KST | INFO | 
2026-04-22 14:37:45 KST | INFO | Epoch 31/200 | LR: 0.094550
2026-04-22 14:37:58 KST | INFO |   Train Loss: 0.3515 | Test Loss: 0.4283 | Test Acc: 85.54%
2026-04-22 14:37:58 KST | INFO |   No improvement (2/30)
2026-04-22 14:37:58 KST | INFO | 
2026-04-22 14:37:58 KST | INFO | Epoch 32/200 | LR: 0.094188
2026-04-22 14:38:11 KST | INFO |   Train Loss: 0.3487 | Test Loss: 0.4471 | Test Acc: 86.11%
2026-04-22 14:38:11 KST | INFO |   No improvement (3/30)
2026-04-22 14:38:11 KST | INFO | 
2026-04-22 14:38:11 KST | INFO | Epoch 33/200 | LR: 0.093815
2026-04-22 14:38:25 KST | INFO |   Train Loss: 0.3404 | Test Loss: 0.4050 | Test Acc: 86.35%
2026-04-22 14:38:25 KST | INFO |   No improvement (4/30)
2026-04-22 14:38:25 KST | INFO | 
2026-04-22 14:38:25 KST | INFO | Epoch 34/200 | LR: 0.093432
2026-04-22 14:38:38 KST | INFO |   Train Loss: 0.3433 | Test Loss: 0.4205 | Test Acc: 86.17%
2026-04-22 14:38:38 KST | INFO |   No improvement (5/30)
2026-04-22 14:38:38 KST | INFO | 
2026-04-22 14:38:38 KST | INFO | Epoch 35/200 | LR: 0.093037
2026-04-22 14:38:51 KST | INFO |   Train Loss: 0.3383 | Test Loss: 0.4057 | Test Acc: 86.66%
2026-04-22 14:38:51 KST | INFO |   🏆 New best accuracy: 86.66%
2026-04-22 14:38:51 KST | INFO | 
2026-04-22 14:38:51 KST | INFO | Epoch 36/200 | LR: 0.092632
2026-04-22 14:39:05 KST | INFO |   Train Loss: 0.3298 | Test Loss: 0.4367 | Test Acc: 85.12%
2026-04-22 14:39:05 KST | INFO |   No improvement (1/30)
2026-04-22 14:39:05 KST | INFO | 
2026-04-22 14:39:05 KST | INFO | Epoch 37/200 | LR: 0.092216
2026-04-22 14:39:18 KST | INFO |   Train Loss: 0.3288 | Test Loss: 0.3892 | Test Acc: 87.15%
2026-04-22 14:39:18 KST | INFO |   🏆 New best accuracy: 87.15%
2026-04-22 14:39:18 KST | INFO | 
2026-04-22 14:39:18 KST | INFO | Epoch 38/200 | LR: 0.091790
2026-04-22 14:39:32 KST | INFO |   Train Loss: 0.3281 | Test Loss: 0.4522 | Test Acc: 84.85%
2026-04-22 14:39:32 KST | INFO |   No improvement (1/30)
2026-04-22 14:39:32 KST | INFO | 
2026-04-22 14:39:32 KST | INFO | Epoch 39/200 | LR: 0.091354
2026-04-22 14:39:45 KST | INFO |   Train Loss: 0.3255 | Test Loss: 0.3683 | Test Acc: 87.41%
2026-04-22 14:39:45 KST | INFO |   🏆 New best accuracy: 87.41%
2026-04-22 14:39:45 KST | INFO | 
2026-04-22 14:39:45 KST | INFO | Epoch 40/200 | LR: 0.090908
2026-04-22 14:39:58 KST | INFO |   Train Loss: 0.3246 | Test Loss: 0.3745 | Test Acc: 87.51%
2026-04-22 14:39:58 KST | INFO |   🏆 New best accuracy: 87.51%
2026-04-22 14:39:58 KST | INFO | 
2026-04-22 14:39:58 KST | INFO | Epoch 41/200 | LR: 0.090451
2026-04-22 14:40:11 KST | INFO |   Train Loss: 0.3179 | Test Loss: 0.4736 | Test Acc: 84.99%
2026-04-22 14:40:11 KST | INFO |   No improvement (1/30)
2026-04-22 14:40:11 KST | INFO | 
2026-04-22 14:40:11 KST | INFO | Epoch 42/200 | LR: 0.089984
2026-04-22 14:40:24 KST | INFO |   Train Loss: 0.3140 | Test Loss: 0.4592 | Test Acc: 85.30%
2026-04-22 14:40:24 KST | INFO |   No improvement (2/30)
2026-04-22 14:40:24 KST | INFO | 
2026-04-22 14:40:24 KST | INFO | Epoch 43/200 | LR: 0.089508
2026-04-22 14:40:38 KST | INFO |   Train Loss: 0.3154 | Test Loss: 0.5132 | Test Acc: 84.29%
2026-04-22 14:40:38 KST | INFO |   No improvement (3/30)
2026-04-22 14:40:38 KST | INFO | 
2026-04-22 14:40:38 KST | INFO | Epoch 44/200 | LR: 0.089022
2026-04-22 14:40:51 KST | INFO |   Train Loss: 0.3108 | Test Loss: 0.4062 | Test Acc: 86.35%
2026-04-22 14:40:51 KST | INFO |   No improvement (4/30)
2026-04-22 14:40:51 KST | INFO | 
2026-04-22 14:40:51 KST | INFO | Epoch 45/200 | LR: 0.088526
2026-04-22 14:41:04 KST | INFO |   Train Loss: 0.3085 | Test Loss: 0.4342 | Test Acc: 86.22%
2026-04-22 14:41:04 KST | INFO |   No improvement (5/30)
2026-04-22 14:41:04 KST | INFO | 
2026-04-22 14:41:04 KST | INFO | Epoch 46/200 | LR: 0.088020
2026-04-22 14:41:18 KST | INFO |   Train Loss: 0.3067 | Test Loss: 0.3797 | Test Acc: 87.67%
2026-04-22 14:41:18 KST | INFO |   🏆 New best accuracy: 87.67%
2026-04-22 14:41:18 KST | INFO | 
2026-04-22 14:41:18 KST | INFO | Epoch 47/200 | LR: 0.087506
2026-04-22 14:41:31 KST | INFO |   Train Loss: 0.3035 | Test Loss: 0.3635 | Test Acc: 88.00%
2026-04-22 14:41:31 KST | INFO |   🏆 New best accuracy: 88.00%
2026-04-22 14:41:31 KST | INFO | 
2026-04-22 14:41:31 KST | INFO | Epoch 48/200 | LR: 0.086982
2026-04-22 14:41:44 KST | INFO |   Train Loss: 0.2977 | Test Loss: 0.4280 | Test Acc: 86.53%
2026-04-22 14:41:44 KST | INFO |   No improvement (1/30)
2026-04-22 14:41:44 KST | INFO | 
2026-04-22 14:41:44 KST | INFO | Epoch 49/200 | LR: 0.086449
2026-04-22 14:41:58 KST | INFO |   Train Loss: 0.2949 | Test Loss: 0.3825 | Test Acc: 86.90%
2026-04-22 14:41:58 KST | INFO |   No improvement (2/30)
2026-04-22 14:41:58 KST | INFO | 
2026-04-22 14:41:58 KST | INFO | Epoch 50/200 | LR: 0.085906
2026-04-22 14:42:11 KST | INFO |   Train Loss: 0.2921 | Test Loss: 0.3719 | Test Acc: 87.35%
2026-04-22 14:42:11 KST | INFO |   No improvement (3/30)
2026-04-22 14:42:11 KST | INFO | 
2026-04-22 14:42:11 KST | INFO | Epoch 51/200 | LR: 0.085355
2026-04-22 14:42:24 KST | INFO |   Train Loss: 0.2886 | Test Loss: 0.4332 | Test Acc: 85.67%
2026-04-22 14:42:24 KST | INFO |   No improvement (4/30)
2026-04-22 14:42:24 KST | INFO | 
2026-04-22 14:42:24 KST | INFO | Epoch 52/200 | LR: 0.084796
2026-04-22 14:42:38 KST | INFO |   Train Loss: 0.2917 | Test Loss: 0.3807 | Test Acc: 87.36%
2026-04-22 14:42:38 KST | INFO |   No improvement (5/30)
2026-04-22 14:42:38 KST | INFO | 
2026-04-22 14:42:38 KST | INFO | Epoch 53/200 | LR: 0.084228
2026-04-22 14:42:50 KST | INFO |   Train Loss: 0.2874 | Test Loss: 0.4075 | Test Acc: 86.64%
2026-04-22 14:42:50 KST | INFO |   No improvement (6/30)
2026-04-22 14:42:50 KST | INFO | 
2026-04-22 14:42:50 KST | INFO | Epoch 54/200 | LR: 0.083651
2026-04-22 14:43:03 KST | INFO |   Train Loss: 0.2822 | Test Loss: 0.3693 | Test Acc: 88.42%
2026-04-22 14:43:03 KST | INFO |   🏆 New best accuracy: 88.42%
2026-04-22 14:43:03 KST | INFO | 
2026-04-22 14:43:03 KST | INFO | Epoch 55/200 | LR: 0.083066
2026-04-22 14:43:16 KST | INFO |   Train Loss: 0.2783 | Test Loss: 0.3780 | Test Acc: 87.88%
2026-04-22 14:43:16 KST | INFO |   No improvement (1/30)
2026-04-22 14:43:16 KST | INFO | 
2026-04-22 14:43:16 KST | INFO | Epoch 56/200 | LR: 0.082473
2026-04-22 14:43:30 KST | INFO |   Train Loss: 0.2812 | Test Loss: 0.4510 | Test Acc: 86.20%
2026-04-22 14:43:30 KST | INFO |   No improvement (2/30)
2026-04-22 14:43:30 KST | INFO | 
2026-04-22 14:43:30 KST | INFO | Epoch 57/200 | LR: 0.081871
2026-04-22 14:43:44 KST | INFO |   Train Loss: 0.2723 | Test Loss: 0.3577 | Test Acc: 88.17%
2026-04-22 14:43:44 KST | INFO |   No improvement (3/30)
2026-04-22 14:43:44 KST | INFO | 
2026-04-22 14:43:44 KST | INFO | Epoch 58/200 | LR: 0.081262
2026-04-22 14:43:57 KST | INFO |   Train Loss: 0.2730 | Test Loss: 0.3784 | Test Acc: 87.55%
2026-04-22 14:43:57 KST | INFO |   No improvement (4/30)
2026-04-22 14:43:57 KST | INFO | 
2026-04-22 14:43:57 KST | INFO | Epoch 59/200 | LR: 0.080646
2026-04-22 14:44:10 KST | INFO |   Train Loss: 0.2713 | Test Loss: 0.3708 | Test Acc: 87.44%
2026-04-22 14:44:10 KST | INFO |   No improvement (5/30)
2026-04-22 14:44:10 KST | INFO | 
2026-04-22 14:44:10 KST | INFO | Epoch 60/200 | LR: 0.080021
2026-04-22 14:44:24 KST | INFO |   Train Loss: 0.2692 | Test Loss: 0.3648 | Test Acc: 87.65%
2026-04-22 14:44:24 KST | INFO |   No improvement (6/30)
2026-04-22 14:44:24 KST | INFO | 
2026-04-22 14:44:24 KST | INFO | Epoch 61/200 | LR: 0.079389
2026-04-22 14:44:37 KST | INFO |   Train Loss: 0.2685 | Test Loss: 0.3730 | Test Acc: 87.41%
2026-04-22 14:44:37 KST | INFO |   No improvement (7/30)
2026-04-22 14:44:37 KST | INFO | 
2026-04-22 14:44:37 KST | INFO | Epoch 62/200 | LR: 0.078750
2026-04-22 14:44:50 KST | INFO |   Train Loss: 0.2675 | Test Loss: 0.3642 | Test Acc: 88.42%
2026-04-22 14:44:50 KST | INFO |   No improvement (8/30)
2026-04-22 14:44:50 KST | INFO | 
2026-04-22 14:44:50 KST | INFO | Epoch 63/200 | LR: 0.078104
2026-04-22 14:45:03 KST | INFO |   Train Loss: 0.2594 | Test Loss: 0.3746 | Test Acc: 87.80%
2026-04-22 14:45:03 KST | INFO |   No improvement (9/30)
2026-04-22 14:45:03 KST | INFO | 
2026-04-22 14:45:03 KST | INFO | Epoch 64/200 | LR: 0.077451
2026-04-22 14:45:16 KST | INFO |   Train Loss: 0.2576 | Test Loss: 0.3366 | Test Acc: 88.45%
2026-04-22 14:45:16 KST | INFO |   🏆 New best accuracy: 88.45%
2026-04-22 14:45:16 KST | INFO | 
2026-04-22 14:45:16 KST | INFO | Epoch 65/200 | LR: 0.076792
2026-04-22 14:45:30 KST | INFO |   Train Loss: 0.2593 | Test Loss: 0.3941 | Test Acc: 87.88%
2026-04-22 14:45:30 KST | INFO |   No improvement (1/30)
2026-04-22 14:45:30 KST | INFO | 
2026-04-22 14:45:30 KST | INFO | Epoch 66/200 | LR: 0.076125
2026-04-22 14:45:44 KST | INFO |   Train Loss: 0.2564 | Test Loss: 0.3960 | Test Acc: 86.94%
2026-04-22 14:45:44 KST | INFO |   No improvement (2/30)
2026-04-22 14:45:44 KST | INFO | 
2026-04-22 14:45:44 KST | INFO | Epoch 67/200 | LR: 0.075452
2026-04-22 14:45:57 KST | INFO |   Train Loss: 0.2533 | Test Loss: 0.4125 | Test Acc: 87.08%
2026-04-22 14:45:57 KST | INFO |   No improvement (3/30)
2026-04-22 14:45:57 KST | INFO | 
2026-04-22 14:45:57 KST | INFO | Epoch 68/200 | LR: 0.074773
2026-04-22 14:46:10 KST | INFO |   Train Loss: 0.2547 | Test Loss: 0.3330 | Test Acc: 89.14%
2026-04-22 14:46:10 KST | INFO |   🏆 New best accuracy: 89.14%
2026-04-22 14:46:10 KST | INFO | 
2026-04-22 14:46:10 KST | INFO | Epoch 69/200 | LR: 0.074088
2026-04-22 14:46:23 KST | INFO |   Train Loss: 0.2497 | Test Loss: 0.3534 | Test Acc: 88.38%
2026-04-22 14:46:23 KST | INFO |   No improvement (1/30)
2026-04-22 14:46:23 KST | INFO | 
2026-04-22 14:46:23 KST | INFO | Epoch 70/200 | LR: 0.073397
2026-04-22 14:46:36 KST | INFO |   Train Loss: 0.2464 | Test Loss: 0.3219 | Test Acc: 89.05%
2026-04-22 14:46:36 KST | INFO |   No improvement (2/30)
2026-04-22 14:46:36 KST | INFO | 
2026-04-22 14:46:36 KST | INFO | Epoch 71/200 | LR: 0.072700
2026-04-22 14:46:49 KST | INFO |   Train Loss: 0.2353 | Test Loss: 0.3509 | Test Acc: 88.38%
2026-04-22 14:46:49 KST | INFO |   No improvement (3/30)
2026-04-22 14:46:49 KST | INFO | 
2026-04-22 14:46:49 KST | INFO | Epoch 72/200 | LR: 0.071997
2026-04-22 14:47:03 KST | INFO |   Train Loss: 0.2442 | Test Loss: 0.3800 | Test Acc: 87.44%
2026-04-22 14:47:03 KST | INFO |   No improvement (4/30)
2026-04-22 14:47:03 KST | INFO | 
2026-04-22 14:47:03 KST | INFO | Epoch 73/200 | LR: 0.071289
2026-04-22 14:47:17 KST | INFO |   Train Loss: 0.2360 | Test Loss: 0.3294 | Test Acc: 89.11%
2026-04-22 14:47:17 KST | INFO |   No improvement (5/30)
2026-04-22 14:47:17 KST | INFO | 
2026-04-22 14:47:17 KST | INFO | Epoch 74/200 | LR: 0.070576
2026-04-22 14:47:30 KST | INFO |   Train Loss: 0.2345 | Test Loss: 0.3563 | Test Acc: 88.60%
2026-04-22 14:47:30 KST | INFO |   No improvement (6/30)
2026-04-22 14:47:30 KST | INFO | 
2026-04-22 14:47:30 KST | INFO | Epoch 75/200 | LR: 0.069858
2026-04-22 14:47:43 KST | INFO |   Train Loss: 0.2338 | Test Loss: 0.4063 | Test Acc: 86.64%
2026-04-22 14:47:43 KST | INFO |   No improvement (7/30)
2026-04-22 14:47:43 KST | INFO | 
2026-04-22 14:47:43 KST | INFO | Epoch 76/200 | LR: 0.069134
2026-04-22 14:47:56 KST | INFO |   Train Loss: 0.2276 | Test Loss: 0.4057 | Test Acc: 87.67%
2026-04-22 14:47:56 KST | INFO |   No improvement (8/30)
2026-04-22 14:47:56 KST | INFO | 
2026-04-22 14:47:56 KST | INFO | Epoch 77/200 | LR: 0.068407
2026-04-22 14:48:09 KST | INFO |   Train Loss: 0.2297 | Test Loss: 0.3495 | Test Acc: 88.78%
2026-04-22 14:48:09 KST | INFO |   No improvement (9/30)
2026-04-22 14:48:09 KST | INFO | 
2026-04-22 14:48:09 KST | INFO | Epoch 78/200 | LR: 0.067674
2026-04-22 14:48:23 KST | INFO |   Train Loss: 0.2272 | Test Loss: 0.3421 | Test Acc: 89.06%
2026-04-22 14:48:23 KST | INFO |   No improvement (10/30)
2026-04-22 14:48:23 KST | INFO | 
2026-04-22 14:48:23 KST | INFO | Epoch 79/200 | LR: 0.066937
2026-04-22 14:48:36 KST | INFO |   Train Loss: 0.2187 | Test Loss: 0.3430 | Test Acc: 89.25%
2026-04-22 14:48:36 KST | INFO |   🏆 New best accuracy: 89.25%
2026-04-22 14:48:36 KST | INFO | 
2026-04-22 14:48:36 KST | INFO | Epoch 80/200 | LR: 0.066196
2026-04-22 14:48:49 KST | INFO |   Train Loss: 0.2196 | Test Loss: 0.3741 | Test Acc: 88.26%
2026-04-22 14:48:49 KST | INFO |   No improvement (1/30)
2026-04-22 14:48:49 KST | INFO | 
2026-04-22 14:48:49 KST | INFO | Epoch 81/200 | LR: 0.065451
2026-04-22 14:49:03 KST | INFO |   Train Loss: 0.2170 | Test Loss: 0.4784 | Test Acc: 86.11%
2026-04-22 14:49:03 KST | INFO |   No improvement (2/30)
2026-04-22 14:49:03 KST | INFO | 
2026-04-22 14:49:03 KST | INFO | Epoch 82/200 | LR: 0.064702
2026-04-22 14:49:17 KST | INFO |   Train Loss: 0.2183 | Test Loss: 0.4272 | Test Acc: 86.33%
2026-04-22 14:49:17 KST | INFO |   No improvement (3/30)
2026-04-22 14:49:17 KST | INFO | 
2026-04-22 14:49:17 KST | INFO | Epoch 83/200 | LR: 0.063950
2026-04-22 14:49:31 KST | INFO |   Train Loss: 0.2142 | Test Loss: 0.3652 | Test Acc: 88.65%
2026-04-22 14:49:31 KST | INFO |   No improvement (4/30)
2026-04-22 14:49:31 KST | INFO | 
2026-04-22 14:49:31 KST | INFO | Epoch 84/200 | LR: 0.063194
2026-04-22 14:49:44 KST | INFO |   Train Loss: 0.2108 | Test Loss: 0.3664 | Test Acc: 88.53%
2026-04-22 14:49:44 KST | INFO |   No improvement (5/30)
2026-04-22 14:49:44 KST | INFO | 
2026-04-22 14:49:44 KST | INFO | Epoch 85/200 | LR: 0.062435
2026-04-22 14:49:57 KST | INFO |   Train Loss: 0.2092 | Test Loss: 0.3370 | Test Acc: 89.16%
2026-04-22 14:49:57 KST | INFO |   No improvement (6/30)
2026-04-22 14:49:57 KST | INFO | 
2026-04-22 14:49:57 KST | INFO | Epoch 86/200 | LR: 0.061673
2026-04-22 14:50:10 KST | INFO |   Train Loss: 0.2017 | Test Loss: 0.3742 | Test Acc: 88.81%
2026-04-22 14:50:10 KST | INFO |   No improvement (7/30)
2026-04-22 14:50:10 KST | INFO | 
2026-04-22 14:50:10 KST | INFO | Epoch 87/200 | LR: 0.060908
2026-04-22 14:50:23 KST | INFO |   Train Loss: 0.2030 | Test Loss: 0.3403 | Test Acc: 89.11%
2026-04-22 14:50:23 KST | INFO |   No improvement (8/30)
2026-04-22 14:50:23 KST | INFO | 
2026-04-22 14:50:23 KST | INFO | Epoch 88/200 | LR: 0.060140
2026-04-22 14:50:37 KST | INFO |   Train Loss: 0.2018 | Test Loss: 0.3702 | Test Acc: 88.78%
2026-04-22 14:50:37 KST | INFO |   No improvement (9/30)
2026-04-22 14:50:37 KST | INFO | 
2026-04-22 14:50:37 KST | INFO | Epoch 89/200 | LR: 0.059369
2026-04-22 14:50:50 KST | INFO |   Train Loss: 0.1997 | Test Loss: 0.3431 | Test Acc: 88.83%
2026-04-22 14:50:50 KST | INFO |   No improvement (10/30)
2026-04-22 14:50:50 KST | INFO | 
2026-04-22 14:50:50 KST | INFO | Epoch 90/200 | LR: 0.058597
2026-04-22 14:51:03 KST | INFO |   Train Loss: 0.1948 | Test Loss: 0.3490 | Test Acc: 89.09%
2026-04-22 14:51:03 KST | INFO |   No improvement (11/30)
2026-04-22 14:51:03 KST | INFO | 
2026-04-22 14:51:03 KST | INFO | Epoch 91/200 | LR: 0.057822
2026-04-22 14:51:16 KST | INFO |   Train Loss: 0.1927 | Test Loss: 0.3629 | Test Acc: 88.47%
2026-04-22 14:51:16 KST | INFO |   No improvement (12/30)
2026-04-22 14:51:16 KST | INFO | 
2026-04-22 14:51:16 KST | INFO | Epoch 92/200 | LR: 0.057045
2026-04-22 14:51:30 KST | INFO |   Train Loss: 0.1926 | Test Loss: 0.3128 | Test Acc: 89.49%
2026-04-22 14:51:30 KST | INFO |   🏆 New best accuracy: 89.49%
2026-04-22 14:51:30 KST | INFO | 
2026-04-22 14:51:30 KST | INFO | Epoch 93/200 | LR: 0.056267
2026-04-22 14:51:43 KST | INFO |   Train Loss: 0.1885 | Test Loss: 0.3466 | Test Acc: 88.80%
2026-04-22 14:51:43 KST | INFO |   No improvement (1/30)
2026-04-22 14:51:43 KST | INFO | 
2026-04-22 14:51:43 KST | INFO | Epoch 94/200 | LR: 0.055487
2026-04-22 14:51:56 KST | INFO |   Train Loss: 0.1826 | Test Loss: 0.3245 | Test Acc: 89.86%
2026-04-22 14:51:56 KST | INFO |   🏆 New best accuracy: 89.86%
2026-04-22 14:51:56 KST | INFO | 
2026-04-22 14:51:56 KST | INFO | Epoch 95/200 | LR: 0.054706
2026-04-22 14:52:10 KST | INFO |   Train Loss: 0.1814 | Test Loss: 0.3940 | Test Acc: 87.94%
2026-04-22 14:52:10 KST | INFO |   No improvement (1/30)
2026-04-22 14:52:10 KST | INFO | 
2026-04-22 14:52:10 KST | INFO | Epoch 96/200 | LR: 0.053923
2026-04-22 14:52:23 KST | INFO |   Train Loss: 0.1769 | Test Loss: 0.3770 | Test Acc: 88.83%
2026-04-22 14:52:23 KST | INFO |   No improvement (2/30)
2026-04-22 14:52:23 KST | INFO | 
2026-04-22 14:52:23 KST | INFO | Epoch 97/200 | LR: 0.053140
2026-04-22 14:52:36 KST | INFO |   Train Loss: 0.1785 | Test Loss: 0.3355 | Test Acc: 89.54%
2026-04-22 14:52:36 KST | INFO |   No improvement (3/30)
2026-04-22 14:52:36 KST | INFO | 
2026-04-22 14:52:36 KST | INFO | Epoch 98/200 | LR: 0.052356
2026-04-22 14:52:49 KST | INFO |   Train Loss: 0.1747 | Test Loss: 0.3504 | Test Acc: 89.25%
2026-04-22 14:52:49 KST | INFO |   No improvement (4/30)
2026-04-22 14:52:49 KST | INFO | 
2026-04-22 14:52:49 KST | INFO | Epoch 99/200 | LR: 0.051571
2026-04-22 14:53:02 KST | INFO |   Train Loss: 0.1736 | Test Loss: 0.3163 | Test Acc: 89.95%
2026-04-22 14:53:02 KST | INFO |   🏆 New best accuracy: 89.95%
2026-04-22 14:53:02 KST | INFO | 
2026-04-22 14:53:02 KST | INFO | Epoch 100/200 | LR: 0.050786
2026-04-22 14:53:15 KST | INFO |   Train Loss: 0.1699 | Test Loss: 0.3920 | Test Acc: 88.31%
2026-04-22 14:53:15 KST | INFO |   No improvement (1/30)
2026-04-22 14:53:15 KST | INFO | 
2026-04-22 14:53:15 KST | INFO | Epoch 101/200 | LR: 0.050001
2026-04-22 14:53:28 KST | INFO |   Train Loss: 0.1638 | Test Loss: 0.3294 | Test Acc: 89.72%
2026-04-22 14:53:28 KST | INFO |   No improvement (2/30)
2026-04-22 14:53:28 KST | INFO | 
2026-04-22 14:53:28 KST | INFO | Epoch 102/200 | LR: 0.049215
2026-04-22 14:53:41 KST | INFO |   Train Loss: 0.1632 | Test Loss: 0.3279 | Test Acc: 89.59%
2026-04-22 14:53:41 KST | INFO |   No improvement (3/30)
2026-04-22 14:53:41 KST | INFO | 
2026-04-22 14:53:41 KST | INFO | Epoch 103/200 | LR: 0.048430
2026-04-22 14:53:54 KST | INFO |   Train Loss: 0.1579 | Test Loss: 0.3465 | Test Acc: 89.45%
2026-04-22 14:53:54 KST | INFO |   No improvement (4/30)
2026-04-22 14:53:54 KST | INFO | 
2026-04-22 14:53:54 KST | INFO | Epoch 104/200 | LR: 0.047645
2026-04-22 14:54:07 KST | INFO |   Train Loss: 0.1574 | Test Loss: 0.3783 | Test Acc: 88.55%
2026-04-22 14:54:07 KST | INFO |   No improvement (5/30)
2026-04-22 14:54:07 KST | INFO | 
2026-04-22 14:54:07 KST | INFO | Epoch 105/200 | LR: 0.046861
2026-04-22 14:54:21 KST | INFO |   Train Loss: 0.1548 | Test Loss: 0.3471 | Test Acc: 89.89%
2026-04-22 14:54:21 KST | INFO |   No improvement (6/30)
2026-04-22 14:54:21 KST | INFO | 
2026-04-22 14:54:21 KST | INFO | Epoch 106/200 | LR: 0.046078
2026-04-22 14:54:34 KST | INFO |   Train Loss: 0.1507 | Test Loss: 0.3694 | Test Acc: 89.10%
2026-04-22 14:54:34 KST | INFO |   No improvement (7/30)
2026-04-22 14:54:34 KST | INFO | 
2026-04-22 14:54:34 KST | INFO | Epoch 107/200 | LR: 0.045295
2026-04-22 14:54:47 KST | INFO |   Train Loss: 0.1535 | Test Loss: 0.3055 | Test Acc: 89.81%
2026-04-22 14:54:47 KST | INFO |   No improvement (8/30)
2026-04-22 14:54:47 KST | INFO | 
2026-04-22 14:54:47 KST | INFO | Epoch 108/200 | LR: 0.044514
2026-04-22 14:55:00 KST | INFO |   Train Loss: 0.1452 | Test Loss: 0.3517 | Test Acc: 89.56%
2026-04-22 14:55:00 KST | INFO |   No improvement (9/30)
2026-04-22 14:55:00 KST | INFO | 
2026-04-22 14:55:00 KST | INFO | Epoch 109/200 | LR: 0.043734
2026-04-22 14:55:13 KST | INFO |   Train Loss: 0.1423 | Test Loss: 0.3756 | Test Acc: 88.90%
2026-04-22 14:55:13 KST | INFO |   No improvement (10/30)
2026-04-22 14:55:13 KST | INFO | 
2026-04-22 14:55:13 KST | INFO | Epoch 110/200 | LR: 0.042956
2026-04-22 14:55:27 KST | INFO |   Train Loss: 0.1427 | Test Loss: 0.3052 | Test Acc: 90.56%
2026-04-22 14:55:27 KST | INFO |   🏆 New best accuracy: 90.56%
2026-04-22 14:55:27 KST | INFO | 
2026-04-22 14:55:27 KST | INFO | Epoch 111/200 | LR: 0.042179
2026-04-22 14:55:40 KST | INFO |   Train Loss: 0.1414 | Test Loss: 0.3670 | Test Acc: 89.49%
2026-04-22 14:55:40 KST | INFO |   No improvement (1/30)
2026-04-22 14:55:40 KST | INFO | 
2026-04-22 14:55:40 KST | INFO | Epoch 112/200 | LR: 0.041404
2026-04-22 14:55:54 KST | INFO |   Train Loss: 0.1372 | Test Loss: 0.3158 | Test Acc: 90.29%
2026-04-22 14:55:54 KST | INFO |   No improvement (2/30)
2026-04-22 14:55:54 KST | INFO | 
2026-04-22 14:55:54 KST | INFO | Epoch 113/200 | LR: 0.040632
2026-04-22 14:56:07 KST | INFO |   Train Loss: 0.1326 | Test Loss: 0.3190 | Test Acc: 90.42%
2026-04-22 14:56:07 KST | INFO |   No improvement (3/30)
2026-04-22 14:56:07 KST | INFO | 
2026-04-22 14:56:07 KST | INFO | Epoch 114/200 | LR: 0.039861
2026-04-22 14:56:20 KST | INFO |   Train Loss: 0.1277 | Test Loss: 0.3500 | Test Acc: 89.92%
2026-04-22 14:56:20 KST | INFO |   No improvement (4/30)
2026-04-22 14:56:20 KST | INFO | 
2026-04-22 14:56:20 KST | INFO | Epoch 115/200 | LR: 0.039093
2026-04-22 14:56:34 KST | INFO |   Train Loss: 0.1297 | Test Loss: 0.3866 | Test Acc: 89.26%
2026-04-22 14:56:34 KST | INFO |   No improvement (5/30)
2026-04-22 14:56:34 KST | INFO | 
2026-04-22 14:56:34 KST | INFO | Epoch 116/200 | LR: 0.038328
2026-04-22 14:56:47 KST | INFO |   Train Loss: 0.1282 | Test Loss: 0.3510 | Test Acc: 89.56%
2026-04-22 14:56:47 KST | INFO |   No improvement (6/30)
2026-04-22 14:56:47 KST | INFO | 
2026-04-22 14:56:47 KST | INFO | Epoch 117/200 | LR: 0.037566
2026-04-22 14:57:00 KST | INFO |   Train Loss: 0.1239 | Test Loss: 0.3189 | Test Acc: 90.51%
2026-04-22 14:57:00 KST | INFO |   No improvement (7/30)
2026-04-22 14:57:00 KST | INFO | 
2026-04-22 14:57:00 KST | INFO | Epoch 118/200 | LR: 0.036807
2026-04-22 14:57:14 KST | INFO |   Train Loss: 0.1211 | Test Loss: 0.3330 | Test Acc: 90.09%
2026-04-22 14:57:14 KST | INFO |   No improvement (8/30)
2026-04-22 14:57:14 KST | INFO | 
2026-04-22 14:57:14 KST | INFO | Epoch 119/200 | LR: 0.036051
2026-04-22 14:57:27 KST | INFO |   Train Loss: 0.1233 | Test Loss: 0.3612 | Test Acc: 89.71%
2026-04-22 14:57:27 KST | INFO |   No improvement (9/30)
2026-04-22 14:57:27 KST | INFO | 
2026-04-22 14:57:27 KST | INFO | Epoch 120/200 | LR: 0.035299
2026-04-22 14:57:40 KST | INFO |   Train Loss: 0.1155 | Test Loss: 0.3134 | Test Acc: 90.88%
2026-04-22 14:57:40 KST | INFO |   🏆 New best accuracy: 90.88%
2026-04-22 14:57:40 KST | INFO | 
2026-04-22 14:57:40 KST | INFO | Epoch 121/200 | LR: 0.034550
2026-04-22 14:57:53 KST | INFO |   Train Loss: 0.1160 | Test Loss: 0.3329 | Test Acc: 89.71%
2026-04-22 14:57:53 KST | INFO |   No improvement (1/30)
2026-04-22 14:57:53 KST | INFO | 
2026-04-22 14:57:53 KST | INFO | Epoch 122/200 | LR: 0.033805
2026-04-22 14:58:06 KST | INFO |   Train Loss: 0.1122 | Test Loss: 0.3350 | Test Acc: 90.35%
2026-04-22 14:58:06 KST | INFO |   No improvement (2/30)
2026-04-22 14:58:06 KST | INFO | 
2026-04-22 14:58:06 KST | INFO | Epoch 123/200 | LR: 0.033064
2026-04-22 14:58:19 KST | INFO |   Train Loss: 0.1120 | Test Loss: 0.3327 | Test Acc: 89.96%
2026-04-22 14:58:19 KST | INFO |   No improvement (3/30)
2026-04-22 14:58:19 KST | INFO | 
2026-04-22 14:58:19 KST | INFO | Epoch 124/200 | LR: 0.032327
2026-04-22 14:58:32 KST | INFO |   Train Loss: 0.1059 | Test Loss: 0.3334 | Test Acc: 90.21%
2026-04-22 14:58:32 KST | INFO |   No improvement (4/30)
2026-04-22 14:58:32 KST | INFO | 
2026-04-22 14:58:32 KST | INFO | Epoch 125/200 | LR: 0.031594
2026-04-22 14:58:46 KST | INFO |   Train Loss: 0.1059 | Test Loss: 0.2970 | Test Acc: 91.15%
2026-04-22 14:58:46 KST | INFO |   🏆 New best accuracy: 91.15%
2026-04-22 14:58:46 KST | INFO | 
2026-04-22 14:58:46 KST | INFO | Epoch 126/200 | LR: 0.030867
2026-04-22 14:58:59 KST | INFO |   Train Loss: 0.1018 | Test Loss: 0.3255 | Test Acc: 90.90%
2026-04-22 14:58:59 KST | INFO |   No improvement (1/30)
2026-04-22 14:58:59 KST | INFO | 
2026-04-22 14:58:59 KST | INFO | Epoch 127/200 | LR: 0.030143
2026-04-22 14:59:13 KST | INFO |   Train Loss: 0.0999 | Test Loss: 0.3501 | Test Acc: 90.04%
2026-04-22 14:59:13 KST | INFO |   No improvement (2/30)
2026-04-22 14:59:13 KST | INFO | 
2026-04-22 14:59:13 KST | INFO | Epoch 128/200 | LR: 0.029425
2026-04-22 14:59:26 KST | INFO |   Train Loss: 0.0990 | Test Loss: 0.2990 | Test Acc: 90.76%
2026-04-22 14:59:26 KST | INFO |   No improvement (3/30)
2026-04-22 14:59:26 KST | INFO | 
2026-04-22 14:59:26 KST | INFO | Epoch 129/200 | LR: 0.028712
2026-04-22 14:59:39 KST | INFO |   Train Loss: 0.0918 | Test Loss: 0.4200 | Test Acc: 89.61%
2026-04-22 14:59:39 KST | INFO |   No improvement (4/30)
2026-04-22 14:59:39 KST | INFO | 
2026-04-22 14:59:39 KST | INFO | Epoch 130/200 | LR: 0.028004
2026-04-22 14:59:52 KST | INFO |   Train Loss: 0.0930 | Test Loss: 0.3536 | Test Acc: 90.33%
2026-04-22 14:59:52 KST | INFO |   No improvement (5/30)
2026-04-22 14:59:52 KST | INFO | 
2026-04-22 14:59:52 KST | INFO | Epoch 131/200 | LR: 0.027301
2026-04-22 15:00:05 KST | INFO |   Train Loss: 0.0916 | Test Loss: 0.3420 | Test Acc: 90.54%
2026-04-22 15:00:05 KST | INFO |   No improvement (6/30)
2026-04-22 15:00:05 KST | INFO | 
2026-04-22 15:00:05 KST | INFO | Epoch 132/200 | LR: 0.026604
2026-04-22 15:00:19 KST | INFO |   Train Loss: 0.0879 | Test Loss: 0.4372 | Test Acc: 89.38%
2026-04-22 15:00:19 KST | INFO |   No improvement (7/30)
2026-04-22 15:00:19 KST | INFO | 
2026-04-22 15:00:19 KST | INFO | Epoch 133/200 | LR: 0.025913
2026-04-22 15:00:32 KST | INFO |   Train Loss: 0.0871 | Test Loss: 0.3552 | Test Acc: 90.34%
2026-04-22 15:00:32 KST | INFO |   No improvement (8/30)
2026-04-22 15:00:32 KST | INFO | 
2026-04-22 15:00:32 KST | INFO | Epoch 134/200 | LR: 0.025228
2026-04-22 15:00:45 KST | INFO |   Train Loss: 0.0832 | Test Loss: 0.3529 | Test Acc: 90.75%
2026-04-22 15:00:45 KST | INFO |   No improvement (9/30)
2026-04-22 15:00:45 KST | INFO | 
2026-04-22 15:00:45 KST | INFO | Epoch 135/200 | LR: 0.024549
2026-04-22 15:00:59 KST | INFO |   Train Loss: 0.0792 | Test Loss: 0.3649 | Test Acc: 90.22%
2026-04-22 15:00:59 KST | INFO |   No improvement (10/30)
2026-04-22 15:00:59 KST | INFO | 
2026-04-22 15:00:59 KST | INFO | Epoch 136/200 | LR: 0.023876
2026-04-22 15:01:12 KST | INFO |   Train Loss: 0.0792 | Test Loss: 0.3139 | Test Acc: 90.99%
2026-04-22 15:01:12 KST | INFO |   No improvement (11/30)
2026-04-22 15:01:12 KST | INFO | 
2026-04-22 15:01:12 KST | INFO | Epoch 137/200 | LR: 0.023209
2026-04-22 15:01:26 KST | INFO |   Train Loss: 0.0740 | Test Loss: 0.3407 | Test Acc: 90.76%
2026-04-22 15:01:26 KST | INFO |   No improvement (12/30)
2026-04-22 15:01:26 KST | INFO | 
2026-04-22 15:01:26 KST | INFO | Epoch 138/200 | LR: 0.022550
2026-04-22 15:01:39 KST | INFO |   Train Loss: 0.0760 | Test Loss: 0.3228 | Test Acc: 91.11%
2026-04-22 15:01:39 KST | INFO |   No improvement (13/30)
2026-04-22 15:01:39 KST | INFO | 
2026-04-22 15:01:39 KST | INFO | Epoch 139/200 | LR: 0.021897
2026-04-22 15:01:52 KST | INFO |   Train Loss: 0.0733 | Test Loss: 0.3199 | Test Acc: 90.61%
2026-04-22 15:01:52 KST | INFO |   No improvement (14/30)
2026-04-22 15:01:52 KST | INFO | 
2026-04-22 15:01:52 KST | INFO | Epoch 140/200 | LR: 0.021251
2026-04-22 15:02:05 KST | INFO |   Train Loss: 0.0706 | Test Loss: 0.3414 | Test Acc: 91.01%
2026-04-22 15:02:05 KST | INFO |   No improvement (15/30)
2026-04-22 15:02:05 KST | INFO | 
2026-04-22 15:02:05 KST | INFO | Epoch 141/200 | LR: 0.020612
2026-04-22 15:02:18 KST | INFO |   Train Loss: 0.0653 | Test Loss: 0.3133 | Test Acc: 91.40%
2026-04-22 15:02:18 KST | INFO |   🏆 New best accuracy: 91.40%
2026-04-22 15:02:18 KST | INFO | 
2026-04-22 15:02:18 KST | INFO | Epoch 142/200 | LR: 0.019980
2026-04-22 15:02:31 KST | INFO |   Train Loss: 0.0665 | Test Loss: 0.3241 | Test Acc: 91.15%
2026-04-22 15:02:31 KST | INFO |   No improvement (1/30)
2026-04-22 15:02:31 KST | INFO | 
2026-04-22 15:02:31 KST | INFO | Epoch 143/200 | LR: 0.019355
2026-04-22 15:02:45 KST | INFO |   Train Loss: 0.0624 | Test Loss: 0.3597 | Test Acc: 90.28%
2026-04-22 15:02:45 KST | INFO |   No improvement (2/30)
2026-04-22 15:02:45 KST | INFO | 
2026-04-22 15:02:45 KST | INFO | Epoch 144/200 | LR: 0.018739
2026-04-22 15:02:58 KST | INFO |   Train Loss: 0.0582 | Test Loss: 0.3369 | Test Acc: 91.01%
2026-04-22 15:02:58 KST | INFO |   No improvement (3/30)
2026-04-22 15:02:58 KST | INFO | 
2026-04-22 15:02:58 KST | INFO | Epoch 145/200 | LR: 0.018130
2026-04-22 15:03:11 KST | INFO |   Train Loss: 0.0599 | Test Loss: 0.3124 | Test Acc: 91.24%
2026-04-22 15:03:11 KST | INFO |   No improvement (4/30)
2026-04-22 15:03:11 KST | INFO | 
2026-04-22 15:03:11 KST | INFO | Epoch 146/200 | LR: 0.017528
2026-04-22 15:03:24 KST | INFO |   Train Loss: 0.0575 | Test Loss: 0.3579 | Test Acc: 91.17%
2026-04-22 15:03:24 KST | INFO |   No improvement (5/30)
2026-04-22 15:03:24 KST | INFO | 
2026-04-22 15:03:24 KST | INFO | Epoch 147/200 | LR: 0.016935
2026-04-22 15:03:37 KST | INFO |   Train Loss: 0.0544 | Test Loss: 0.3255 | Test Acc: 91.56%
2026-04-22 15:03:37 KST | INFO |   🏆 New best accuracy: 91.56%
2026-04-22 15:03:37 KST | INFO | 
2026-04-22 15:03:37 KST | INFO | Epoch 148/200 | LR: 0.016350
2026-04-22 15:03:50 KST | INFO |   Train Loss: 0.0513 | Test Loss: 0.3247 | Test Acc: 91.46%
2026-04-22 15:03:50 KST | INFO |   No improvement (1/30)
2026-04-22 15:03:50 KST | INFO | 
2026-04-22 15:03:50 KST | INFO | Epoch 149/200 | LR: 0.015773
2026-04-22 15:04:04 KST | INFO |   Train Loss: 0.0511 | Test Loss: 0.3391 | Test Acc: 91.47%
2026-04-22 15:04:04 KST | INFO |   No improvement (2/30)
2026-04-22 15:04:04 KST | INFO | 
2026-04-22 15:04:04 KST | INFO | Epoch 150/200 | LR: 0.015205
2026-04-22 15:04:17 KST | INFO |   Train Loss: 0.0509 | Test Loss: 0.3247 | Test Acc: 91.19%
2026-04-22 15:04:17 KST | INFO |   No improvement (3/30)
2026-04-22 15:04:17 KST | INFO | 
2026-04-22 15:04:17 KST | INFO | Epoch 151/200 | LR: 0.014646
2026-04-22 15:04:30 KST | INFO |   Train Loss: 0.0491 | Test Loss: 0.3308 | Test Acc: 90.92%
2026-04-22 15:04:30 KST | INFO |   No improvement (4/30)
2026-04-22 15:04:30 KST | INFO | 
2026-04-22 15:04:30 KST | INFO | Epoch 152/200 | LR: 0.014095
2026-04-22 15:04:43 KST | INFO |   Train Loss: 0.0457 | Test Loss: 0.3586 | Test Acc: 91.22%
2026-04-22 15:04:43 KST | INFO |   No improvement (5/30)
2026-04-22 15:04:43 KST | INFO | 
2026-04-22 15:04:43 KST | INFO | Epoch 153/200 | LR: 0.013552
2026-04-22 15:04:56 KST | INFO |   Train Loss: 0.0447 | Test Loss: 0.3374 | Test Acc: 91.36%
2026-04-22 15:04:56 KST | INFO |   No improvement (6/30)
2026-04-22 15:04:56 KST | INFO | 
2026-04-22 15:04:56 KST | INFO | Epoch 154/200 | LR: 0.013019
2026-04-22 15:05:10 KST | INFO |   Train Loss: 0.0403 | Test Loss: 0.3923 | Test Acc: 91.00%
2026-04-22 15:05:10 KST | INFO |   No improvement (7/30)
2026-04-22 15:05:10 KST | INFO | 
2026-04-22 15:05:10 KST | INFO | Epoch 155/200 | LR: 0.012495
2026-04-22 15:05:23 KST | INFO |   Train Loss: 0.0411 | Test Loss: 0.3375 | Test Acc: 91.38%
2026-04-22 15:05:23 KST | INFO |   No improvement (8/30)
2026-04-22 15:05:23 KST | INFO | 
2026-04-22 15:05:23 KST | INFO | Epoch 156/200 | LR: 0.011981
2026-04-22 15:05:36 KST | INFO |   Train Loss: 0.0363 | Test Loss: 0.3295 | Test Acc: 91.55%
2026-04-22 15:05:36 KST | INFO |   No improvement (9/30)
2026-04-22 15:05:36 KST | INFO | 
2026-04-22 15:05:36 KST | INFO | Epoch 157/200 | LR: 0.011475
2026-04-22 15:05:50 KST | INFO |   Train Loss: 0.0376 | Test Loss: 0.3463 | Test Acc: 91.31%
2026-04-22 15:05:50 KST | INFO |   No improvement (10/30)
2026-04-22 15:05:50 KST | INFO | 
2026-04-22 15:05:50 KST | INFO | Epoch 158/200 | LR: 0.010979
2026-04-22 15:06:03 KST | INFO |   Train Loss: 0.0353 | Test Loss: 0.3558 | Test Acc: 91.58%
2026-04-22 15:06:03 KST | INFO |   🏆 New best accuracy: 91.58%
2026-04-22 15:06:03 KST | INFO | 
2026-04-22 15:06:03 KST | INFO | Epoch 159/200 | LR: 0.010493
2026-04-22 15:06:16 KST | INFO |   Train Loss: 0.0340 | Test Loss: 0.3505 | Test Acc: 91.31%
2026-04-22 15:06:16 KST | INFO |   No improvement (1/30)
2026-04-22 15:06:16 KST | INFO | 
2026-04-22 15:06:16 KST | INFO | Epoch 160/200 | LR: 0.010017
2026-04-22 15:06:29 KST | INFO |   Train Loss: 0.0332 | Test Loss: 0.3580 | Test Acc: 91.67%
2026-04-22 15:06:29 KST | INFO |   🏆 New best accuracy: 91.67%
2026-04-22 15:06:29 KST | INFO | 
2026-04-22 15:06:29 KST | INFO | Epoch 161/200 | LR: 0.009550
2026-04-22 15:06:43 KST | INFO |   Train Loss: 0.0299 | Test Loss: 0.3585 | Test Acc: 91.53%
2026-04-22 15:06:43 KST | INFO |   No improvement (1/30)
2026-04-22 15:06:43 KST | INFO | 
2026-04-22 15:06:43 KST | INFO | Epoch 162/200 | LR: 0.009093
2026-04-22 15:06:56 KST | INFO |   Train Loss: 0.0299 | Test Loss: 0.3398 | Test Acc: 92.03%
2026-04-22 15:06:56 KST | INFO |   🏆 New best accuracy: 92.03%
2026-04-22 15:06:56 KST | INFO | 
2026-04-22 15:06:56 KST | INFO | Epoch 163/200 | LR: 0.008647
2026-04-22 15:07:09 KST | INFO |   Train Loss: 0.0282 | Test Loss: 0.3416 | Test Acc: 91.54%
2026-04-22 15:07:09 KST | INFO |   No improvement (1/30)
2026-04-22 15:07:09 KST | INFO | 
2026-04-22 15:07:09 KST | INFO | Epoch 164/200 | LR: 0.008211
2026-04-22 15:07:22 KST | INFO |   Train Loss: 0.0262 | Test Loss: 0.3532 | Test Acc: 91.59%
2026-04-22 15:07:22 KST | INFO |   No improvement (2/30)
2026-04-22 15:07:22 KST | INFO | 
2026-04-22 15:07:22 KST | INFO | Epoch 165/200 | LR: 0.007785
2026-04-22 15:07:36 KST | INFO |   Train Loss: 0.0249 | Test Loss: 0.3436 | Test Acc: 91.53%
2026-04-22 15:07:36 KST | INFO |   No improvement (3/30)
2026-04-22 15:07:36 KST | INFO | 
2026-04-22 15:07:36 KST | INFO | Epoch 166/200 | LR: 0.007369
2026-04-22 15:07:49 KST | INFO |   Train Loss: 0.0242 | Test Loss: 0.3621 | Test Acc: 91.53%
2026-04-22 15:07:49 KST | INFO |   No improvement (4/30)
2026-04-22 15:07:49 KST | INFO | 
2026-04-22 15:07:49 KST | INFO | Epoch 167/200 | LR: 0.006964
2026-04-22 15:08:02 KST | INFO |   Train Loss: 0.0231 | Test Loss: 0.3484 | Test Acc: 91.78%
2026-04-22 15:08:02 KST | INFO |   No improvement (5/30)
2026-04-22 15:08:02 KST | INFO | 
2026-04-22 15:08:02 KST | INFO | Epoch 168/200 | LR: 0.006569
2026-04-22 15:08:15 KST | INFO |   Train Loss: 0.0220 | Test Loss: 0.3551 | Test Acc: 91.71%
2026-04-22 15:08:15 KST | INFO |   No improvement (6/30)
2026-04-22 15:08:15 KST | INFO | 
2026-04-22 15:08:15 KST | INFO | Epoch 169/200 | LR: 0.006186
2026-04-22 15:08:29 KST | INFO |   Train Loss: 0.0220 | Test Loss: 0.3404 | Test Acc: 91.86%
2026-04-22 15:08:29 KST | INFO |   No improvement (7/30)
2026-04-22 15:08:29 KST | INFO | 
2026-04-22 15:08:29 KST | INFO | Epoch 170/200 | LR: 0.005813
2026-04-22 15:08:42 KST | INFO |   Train Loss: 0.0201 | Test Loss: 0.3340 | Test Acc: 91.84%
2026-04-22 15:08:42 KST | INFO |   No improvement (8/30)
2026-04-22 15:08:42 KST | INFO | 
2026-04-22 15:08:42 KST | INFO | Epoch 171/200 | LR: 0.005451
2026-04-22 15:08:56 KST | INFO |   Train Loss: 0.0176 | Test Loss: 0.3397 | Test Acc: 91.80%
2026-04-22 15:08:56 KST | INFO |   No improvement (9/30)
2026-04-22 15:08:56 KST | INFO | 
2026-04-22 15:08:56 KST | INFO | Epoch 172/200 | LR: 0.005100
2026-04-22 15:09:09 KST | INFO |   Train Loss: 0.0177 | Test Loss: 0.3592 | Test Acc: 91.89%
2026-04-22 15:09:09 KST | INFO |   No improvement (10/30)
2026-04-22 15:09:09 KST | INFO | 
2026-04-22 15:09:09 KST | INFO | Epoch 173/200 | LR: 0.004760
2026-04-22 15:09:22 KST | INFO |   Train Loss: 0.0179 | Test Loss: 0.3415 | Test Acc: 91.89%
2026-04-22 15:09:22 KST | INFO |   No improvement (11/30)
2026-04-22 15:09:22 KST | INFO | 
2026-04-22 15:09:22 KST | INFO | Epoch 174/200 | LR: 0.004431
2026-04-22 15:09:35 KST | INFO |   Train Loss: 0.0162 | Test Loss: 0.3542 | Test Acc: 91.74%
2026-04-22 15:09:35 KST | INFO |   No improvement (12/30)
2026-04-22 15:09:35 KST | INFO | 
2026-04-22 15:09:35 KST | INFO | Epoch 175/200 | LR: 0.004113
2026-04-22 15:09:49 KST | INFO |   Train Loss: 0.0154 | Test Loss: 0.3684 | Test Acc: 91.51%
2026-04-22 15:09:49 KST | INFO |   No improvement (13/30)
2026-04-22 15:09:49 KST | INFO | 
2026-04-22 15:09:49 KST | INFO | Epoch 176/200 | LR: 0.003807
2026-04-22 15:10:02 KST | INFO |   Train Loss: 0.0141 | Test Loss: 0.3546 | Test Acc: 91.81%
2026-04-22 15:10:02 KST | INFO |   No improvement (14/30)
2026-04-22 15:10:02 KST | INFO | 
2026-04-22 15:10:02 KST | INFO | Epoch 177/200 | LR: 0.003512
2026-04-22 15:10:15 KST | INFO |   Train Loss: 0.0142 | Test Loss: 0.3815 | Test Acc: 91.67%
2026-04-22 15:10:15 KST | INFO |   No improvement (15/30)
2026-04-22 15:10:15 KST | INFO | 
2026-04-22 15:10:15 KST | INFO | Epoch 178/200 | LR: 0.003229
2026-04-22 15:10:28 KST | INFO |   Train Loss: 0.0120 | Test Loss: 0.3715 | Test Acc: 91.85%
2026-04-22 15:10:28 KST | INFO |   No improvement (16/30)
2026-04-22 15:10:28 KST | INFO | 
2026-04-22 15:10:28 KST | INFO | Epoch 179/200 | LR: 0.002957
2026-04-22 15:10:41 KST | INFO |   Train Loss: 0.0127 | Test Loss: 0.3536 | Test Acc: 91.91%
2026-04-22 15:10:41 KST | INFO |   No improvement (17/30)
2026-04-22 15:10:41 KST | INFO | 
2026-04-22 15:10:41 KST | INFO | Epoch 180/200 | LR: 0.002697
2026-04-22 15:10:54 KST | INFO |   Train Loss: 0.0107 | Test Loss: 0.3611 | Test Acc: 92.05%
2026-04-22 15:10:54 KST | INFO |   🏆 New best accuracy: 92.05%
2026-04-22 15:10:54 KST | INFO | 
2026-04-22 15:10:54 KST | INFO | Epoch 181/200 | LR: 0.002448
2026-04-22 15:11:07 KST | INFO |   Train Loss: 0.0111 | Test Loss: 0.3609 | Test Acc: 91.84%
2026-04-22 15:11:07 KST | INFO |   No improvement (1/30)
2026-04-22 15:11:07 KST | INFO | 
2026-04-22 15:11:07 KST | INFO | Epoch 182/200 | LR: 0.002211
2026-04-22 15:11:21 KST | INFO |   Train Loss: 0.0106 | Test Loss: 0.3633 | Test Acc: 92.09%
2026-04-22 15:11:21 KST | INFO |   🏆 New best accuracy: 92.09%
2026-04-22 15:11:21 KST | INFO | 
2026-04-22 15:11:21 KST | INFO | Epoch 183/200 | LR: 0.001986
2026-04-22 15:11:34 KST | INFO |   Train Loss: 0.0100 | Test Loss: 0.3688 | Test Acc: 91.89%
2026-04-22 15:11:34 KST | INFO |   No improvement (1/30)
2026-04-22 15:11:34 KST | INFO | 
2026-04-22 15:11:34 KST | INFO | Epoch 184/200 | LR: 0.001773
2026-04-22 15:11:47 KST | INFO |   Train Loss: 0.0103 | Test Loss: 0.3565 | Test Acc: 92.05%
2026-04-22 15:11:47 KST | INFO |   No improvement (2/30)
2026-04-22 15:11:47 KST | INFO | 
2026-04-22 15:11:47 KST | INFO | Epoch 185/200 | LR: 0.001572
2026-04-22 15:12:00 KST | INFO |   Train Loss: 0.0094 | Test Loss: 0.3539 | Test Acc: 92.14%
2026-04-22 15:12:00 KST | INFO |   🏆 New best accuracy: 92.14%
2026-04-22 15:12:00 KST | INFO | 
2026-04-22 15:12:00 KST | INFO | Epoch 186/200 | LR: 0.001382
2026-04-22 15:12:13 KST | INFO |   Train Loss: 0.0083 | Test Loss: 0.3658 | Test Acc: 91.97%
2026-04-22 15:12:13 KST | INFO |   No improvement (1/30)
2026-04-22 15:12:13 KST | INFO | 
2026-04-22 15:12:13 KST | INFO | Epoch 187/200 | LR: 0.001205
2026-04-22 15:12:27 KST | INFO |   Train Loss: 0.0082 | Test Loss: 0.3580 | Test Acc: 92.38%
2026-04-22 15:12:27 KST | INFO |   🏆 New best accuracy: 92.38%
2026-04-22 15:12:27 KST | INFO | 
2026-04-22 15:12:27 KST | INFO | Epoch 188/200 | LR: 0.001040
2026-04-22 15:12:40 KST | INFO |   Train Loss: 0.0085 | Test Loss: 0.3537 | Test Acc: 92.31%
2026-04-22 15:12:40 KST | INFO |   No improvement (1/30)
2026-04-22 15:12:40 KST | INFO | 
2026-04-22 15:12:40 KST | INFO | Epoch 189/200 | LR: 0.000887
2026-04-22 15:12:53 KST | INFO |   Train Loss: 0.0073 | Test Loss: 0.3589 | Test Acc: 92.24%
2026-04-22 15:12:53 KST | INFO |   No improvement (2/30)
2026-04-22 15:12:53 KST | INFO | 
2026-04-22 15:12:53 KST | INFO | Epoch 190/200 | LR: 0.000746
2026-04-22 15:13:06 KST | INFO |   Train Loss: 0.0076 | Test Loss: 0.3587 | Test Acc: 92.34%
2026-04-22 15:13:06 KST | INFO |   No improvement (3/30)
2026-04-22 15:13:06 KST | INFO | 
2026-04-22 15:13:06 KST | INFO | Epoch 191/200 | LR: 0.000617
2026-04-22 15:13:19 KST | INFO |   Train Loss: 0.0074 | Test Loss: 0.3613 | Test Acc: 92.30%
2026-04-22 15:13:19 KST | INFO |   No improvement (4/30)
2026-04-22 15:13:19 KST | INFO | 
2026-04-22 15:13:19 KST | INFO | Epoch 192/200 | LR: 0.000500
2026-04-22 15:13:32 KST | INFO |   Train Loss: 0.0075 | Test Loss: 0.3631 | Test Acc: 92.24%
2026-04-22 15:13:32 KST | INFO |   No improvement (5/30)
2026-04-22 15:13:32 KST | INFO | 
2026-04-22 15:13:32 KST | INFO | Epoch 193/200 | LR: 0.000395
2026-04-22 15:13:45 KST | INFO |   Train Loss: 0.0070 | Test Loss: 0.3705 | Test Acc: 92.20%
2026-04-22 15:13:45 KST | INFO |   No improvement (6/30)
2026-04-22 15:13:45 KST | INFO | 
2026-04-22 15:13:45 KST | INFO | Epoch 194/200 | LR: 0.000303
2026-04-22 15:13:58 KST | INFO |   Train Loss: 0.0071 | Test Loss: 0.3644 | Test Acc: 92.30%
2026-04-22 15:13:58 KST | INFO |   No improvement (7/30)
2026-04-22 15:13:58 KST | INFO | 
2026-04-22 15:13:58 KST | INFO | Epoch 195/200 | LR: 0.000223
2026-04-22 15:14:11 KST | INFO |   Train Loss: 0.0071 | Test Loss: 0.3606 | Test Acc: 92.30%
2026-04-22 15:14:11 KST | INFO |   No improvement (8/30)
2026-04-22 15:14:11 KST | INFO | 
2026-04-22 15:14:11 KST | INFO | Epoch 196/200 | LR: 0.000155
2026-04-22 15:14:25 KST | INFO |   Train Loss: 0.0074 | Test Loss: 0.3598 | Test Acc: 92.26%
2026-04-22 15:14:25 KST | INFO |   No improvement (9/30)
2026-04-22 15:14:25 KST | INFO | 
2026-04-22 15:14:25 KST | INFO | Epoch 197/200 | LR: 0.000100
2026-04-22 15:14:38 KST | INFO |   Train Loss: 0.0072 | Test Loss: 0.3613 | Test Acc: 92.31%
2026-04-22 15:14:38 KST | INFO |   No improvement (10/30)
2026-04-22 15:14:38 KST | INFO | 
2026-04-22 15:14:38 KST | INFO | Epoch 198/200 | LR: 0.000057
2026-04-22 15:14:51 KST | INFO |   Train Loss: 0.0071 | Test Loss: 0.3621 | Test Acc: 92.29%
2026-04-22 15:14:51 KST | INFO |   No improvement (11/30)
2026-04-22 15:14:51 KST | INFO | 
2026-04-22 15:14:51 KST | INFO | Epoch 199/200 | LR: 0.000026
2026-04-22 15:15:04 KST | INFO |   Train Loss: 0.0067 | Test Loss: 0.3621 | Test Acc: 92.31%
2026-04-22 15:15:04 KST | INFO |   No improvement (12/30)
2026-04-22 15:15:04 KST | INFO | 
2026-04-22 15:15:04 KST | INFO | Epoch 200/200 | LR: 0.000007
2026-04-22 15:15:17 KST | INFO |   Train Loss: 0.0065 | Test Loss: 0.3623 | Test Acc: 92.33%
2026-04-22 15:15:17 KST | INFO |   No improvement (13/30)
2026-04-22 15:15:17 KST | INFO | 
2026-04-22 15:15:17 KST | INFO | ================================================================================
2026-04-22 15:15:17 KST | INFO | TRAINING COMPLETE
2026-04-22 15:15:17 KST | INFO | ================================================================================
2026-04-22 15:15:17 KST | INFO | Best accuracy:  92.38% (Epoch 187)
2026-04-22 15:15:17 KST | INFO | Final accuracy: 92.33%
2026-04-22 15:15:17 KST | INFO | ================================================================================
2026-04-22 15:15:17 KST | INFO | 
2026-04-22 15:15:17 KST | INFO | Full log: logs/centralized_20260422_143036.log
2026-04-22 15:15:17 KST | INFO | ================================================================================
