2026-04-22 15:39:58 KST | INFO | ================================================================================
2026-04-22 15:39:58 KST | INFO | TL++ Centralized Baseline
2026-04-22 15:39:58 KST | INFO | ================================================================================
2026-04-22 15:39:58 KST | INFO | Log file: logs/centralized_20260422_153958.log
2026-04-22 15:39:58 KST | INFO | 
2026-04-22 15:39:58 KST | INFO | Device: cuda
2026-04-22 15:39:58 KST | INFO | 
2026-04-22 15:39:58 KST | INFO | --------------------------------------------------------------------------------
2026-04-22 15:39:58 KST | INFO | CONFIGURATION
2026-04-22 15:39:58 KST | INFO | --------------------------------------------------------------------------------
2026-04-22 15:39:58 KST | INFO | Classes:          8
2026-04-22 15:39:58 KST | INFO | Batch size:       128
2026-04-22 15:39:58 KST | INFO | Learning rate:    0.1
2026-04-22 15:39:58 KST | INFO | Scheduler:        cosine
2026-04-22 15:39:58 KST | INFO | 
2026-04-22 15:39:58 KST | INFO | --------------------------------------------------------------------------------
2026-04-22 15:39:58 KST | INFO | DATA LOADING
2026-04-22 15:39:58 KST | INFO | --------------------------------------------------------------------------------
2026-04-22 15:39:59 KST | INFO | Filtering to 8 classes (0-7)
2026-04-22 15:40:29 KST | INFO | Training samples:   40,000
2026-04-22 15:40:29 KST | INFO | Test samples:       8,000
2026-04-22 15:40:29 KST | INFO | Training batches:   313
2026-04-22 15:40:29 KST | INFO | Test batches:       32
2026-04-22 15:40:29 KST | INFO | 
2026-04-22 15:40:29 KST | INFO | --------------------------------------------------------------------------------
2026-04-22 15:40:29 KST | INFO | MODEL INITIALIZATION
2026-04-22 15:40:29 KST | INFO | --------------------------------------------------------------------------------
2026-04-22 15:40:29 KST | INFO | Total parameters:     3,247,176
2026-04-22 15:40:29 KST | INFO | Trainable parameters: 3,247,176
2026-04-22 15:40:29 KST | INFO | 
2026-04-22 15:40:29 KST | INFO | --------------------------------------------------------------------------------
2026-04-22 15:40:29 KST | INFO | OPTIMIZER & SCHEDULER
2026-04-22 15:40:29 KST | INFO | --------------------------------------------------------------------------------
2026-04-22 15:40:29 KST | INFO | Optimizer:        SGD (lr=0.1, momentum=0.9)
2026-04-22 15:40:29 KST | INFO | Scheduler:        cosine
2026-04-22 15:40:29 KST | INFO | Gradient clip:    1.0
2026-04-22 15:40:29 KST | INFO | 
2026-04-22 15:40:29 KST | INFO | --------------------------------------------------------------------------------
2026-04-22 15:40:29 KST | INFO | TRAINING
2026-04-22 15:40:29 KST | INFO | --------------------------------------------------------------------------------
2026-04-22 15:40:29 KST | INFO | 
2026-04-22 15:40:29 KST | INFO | Epoch 1/200 | LR: 0.100000
2026-04-22 15:40:43 KST | INFO |   Train Loss: 1.5912 | Test Loss: 1.3573 | Test Acc: 51.27%
2026-04-22 15:40:43 KST | INFO |   🏆 New best accuracy: 51.27%
2026-04-22 15:40:43 KST | INFO | 
2026-04-22 15:40:43 KST | INFO | Epoch 2/200 | LR: 0.099994
2026-04-22 15:40:58 KST | INFO |   Train Loss: 1.1717 | Test Loss: 0.9901 | Test Acc: 64.86%
2026-04-22 15:40:58 KST | INFO |   🏆 New best accuracy: 64.86%
2026-04-22 15:40:58 KST | INFO | 
2026-04-22 15:40:58 KST | INFO | Epoch 3/200 | LR: 0.099975
2026-04-22 15:41:11 KST | INFO |   Train Loss: 0.9545 | Test Loss: 0.8051 | Test Acc: 71.86%
2026-04-22 15:41:11 KST | INFO |   🏆 New best accuracy: 71.86%
2026-04-22 15:41:11 KST | INFO | 
2026-04-22 15:41:11 KST | INFO | Epoch 4/200 | LR: 0.099944
2026-04-22 15:41:25 KST | INFO |   Train Loss: 0.8259 | Test Loss: 0.7576 | Test Acc: 73.26%
2026-04-22 15:41:25 KST | INFO |   🏆 New best accuracy: 73.26%
2026-04-22 15:41:25 KST | INFO | 
2026-04-22 15:41:25 KST | INFO | Epoch 5/200 | LR: 0.099901
2026-04-22 15:41:39 KST | INFO |   Train Loss: 0.7315 | Test Loss: 0.6525 | Test Acc: 77.20%
2026-04-22 15:41:39 KST | INFO |   🏆 New best accuracy: 77.20%
2026-04-22 15:41:39 KST | INFO | 
2026-04-22 15:41:39 KST | INFO | Epoch 6/200 | LR: 0.099846
2026-04-22 15:41:53 KST | INFO |   Train Loss: 0.6716 | Test Loss: 0.6551 | Test Acc: 77.58%
2026-04-22 15:41:53 KST | INFO |   🏆 New best accuracy: 77.58%
2026-04-22 15:41:53 KST | INFO | 
2026-04-22 15:41:53 KST | INFO | Epoch 7/200 | LR: 0.099778
2026-04-22 15:42:07 KST | INFO |   Train Loss: 0.6217 | Test Loss: 0.5996 | Test Acc: 79.58%
2026-04-22 15:42:07 KST | INFO |   🏆 New best accuracy: 79.58%
2026-04-22 15:42:07 KST | INFO | 
2026-04-22 15:42:07 KST | INFO | Epoch 8/200 | LR: 0.099698
2026-04-22 15:42:21 KST | INFO |   Train Loss: 0.5810 | Test Loss: 0.5355 | Test Acc: 81.75%
2026-04-22 15:42:21 KST | INFO |   🏆 New best accuracy: 81.75%
2026-04-22 15:42:21 KST | INFO | 
2026-04-22 15:42:21 KST | INFO | Epoch 9/200 | LR: 0.099606
2026-04-22 15:42:35 KST | INFO |   Train Loss: 0.5532 | Test Loss: 0.5430 | Test Acc: 81.45%
2026-04-22 15:42:35 KST | INFO |   No improvement (1/30)
2026-04-22 15:42:35 KST | INFO | 
2026-04-22 15:42:35 KST | INFO | Epoch 10/200 | LR: 0.099501
2026-04-22 15:42:49 KST | INFO |   Train Loss: 0.5263 | Test Loss: 0.5601 | Test Acc: 80.79%
2026-04-22 15:42:49 KST | INFO |   No improvement (2/30)
2026-04-22 15:42:49 KST | INFO | 
2026-04-22 15:42:49 KST | INFO | Epoch 11/200 | LR: 0.099384
2026-04-22 15:43:03 KST | INFO |   Train Loss: 0.4996 | Test Loss: 0.4812 | Test Acc: 83.84%
2026-04-22 15:43:03 KST | INFO |   🏆 New best accuracy: 83.84%
2026-04-22 15:43:03 KST | INFO | 
2026-04-22 15:43:03 KST | INFO | Epoch 12/200 | LR: 0.099255
2026-04-22 15:43:17 KST | INFO |   Train Loss: 0.4862 | Test Loss: 0.5429 | Test Acc: 81.92%
2026-04-22 15:43:17 KST | INFO |   No improvement (1/30)
2026-04-22 15:43:17 KST | INFO | 
2026-04-22 15:43:17 KST | INFO | Epoch 13/200 | LR: 0.099114
2026-04-22 15:43:31 KST | INFO |   Train Loss: 0.4669 | Test Loss: 0.4871 | Test Acc: 83.08%
2026-04-22 15:43:31 KST | INFO |   No improvement (2/30)
2026-04-22 15:43:31 KST | INFO | 
2026-04-22 15:43:31 KST | INFO | Epoch 14/200 | LR: 0.098961
2026-04-22 15:43:45 KST | INFO |   Train Loss: 0.4536 | Test Loss: 0.5190 | Test Acc: 82.79%
2026-04-22 15:43:45 KST | INFO |   No improvement (3/30)
2026-04-22 15:43:45 KST | INFO | 
2026-04-22 15:43:45 KST | INFO | Epoch 15/200 | LR: 0.098796
2026-04-22 15:43:59 KST | INFO |   Train Loss: 0.4430 | Test Loss: 0.4416 | Test Acc: 85.16%
2026-04-22 15:43:59 KST | INFO |   🏆 New best accuracy: 85.16%
2026-04-22 15:43:59 KST | INFO | 
2026-04-22 15:43:59 KST | INFO | Epoch 16/200 | LR: 0.098619
2026-04-22 15:44:12 KST | INFO |   Train Loss: 0.4316 | Test Loss: 0.4868 | Test Acc: 83.42%
2026-04-22 15:44:12 KST | INFO |   No improvement (1/30)
2026-04-22 15:44:12 KST | INFO | 
2026-04-22 15:44:12 KST | INFO | Epoch 17/200 | LR: 0.098429
2026-04-22 15:44:27 KST | INFO |   Train Loss: 0.4291 | Test Loss: 0.5134 | Test Acc: 83.72%
2026-04-22 15:44:27 KST | INFO |   No improvement (2/30)
2026-04-22 15:44:27 KST | INFO | 
2026-04-22 15:44:27 KST | INFO | Epoch 18/200 | LR: 0.098228
2026-04-22 15:44:40 KST | INFO |   Train Loss: 0.4125 | Test Loss: 0.4484 | Test Acc: 85.06%
2026-04-22 15:44:40 KST | INFO |   No improvement (3/30)
2026-04-22 15:44:40 KST | INFO | 
2026-04-22 15:44:40 KST | INFO | Epoch 19/200 | LR: 0.098015
2026-04-22 15:44:54 KST | INFO |   Train Loss: 0.4053 | Test Loss: 0.4980 | Test Acc: 83.08%
2026-04-22 15:44:54 KST | INFO |   No improvement (4/30)
2026-04-22 15:44:54 KST | INFO | 
2026-04-22 15:44:54 KST | INFO | Epoch 20/200 | LR: 0.097790
2026-04-22 15:45:08 KST | INFO |   Train Loss: 0.4006 | Test Loss: 0.4346 | Test Acc: 85.50%
2026-04-22 15:45:08 KST | INFO |   🏆 New best accuracy: 85.50%
2026-04-22 15:45:08 KST | INFO | 
2026-04-22 15:45:08 KST | INFO | Epoch 21/200 | LR: 0.097553
2026-04-22 15:45:22 KST | INFO |   Train Loss: 0.3908 | Test Loss: 0.4285 | Test Acc: 85.56%
2026-04-22 15:45:22 KST | INFO |   🏆 New best accuracy: 85.56%
2026-04-22 15:45:22 KST | INFO | 
2026-04-22 15:45:22 KST | INFO | Epoch 22/200 | LR: 0.097304
2026-04-22 15:45:36 KST | INFO |   Train Loss: 0.3842 | Test Loss: 0.4666 | Test Acc: 84.38%
2026-04-22 15:45:36 KST | INFO |   No improvement (1/30)
2026-04-22 15:45:36 KST | INFO | 
2026-04-22 15:45:36 KST | INFO | Epoch 23/200 | LR: 0.097044
2026-04-22 15:45:50 KST | INFO |   Train Loss: 0.3808 | Test Loss: 0.4804 | Test Acc: 83.95%
2026-04-22 15:45:50 KST | INFO |   No improvement (2/30)
2026-04-22 15:45:50 KST | INFO | 
2026-04-22 15:45:50 KST | INFO | Epoch 24/200 | LR: 0.096772
2026-04-22 15:46:04 KST | INFO |   Train Loss: 0.3734 | Test Loss: 0.4272 | Test Acc: 85.17%
2026-04-22 15:46:04 KST | INFO |   No improvement (3/30)
2026-04-22 15:46:04 KST | INFO | 
2026-04-22 15:46:04 KST | INFO | Epoch 25/200 | LR: 0.096489
2026-04-22 15:46:18 KST | INFO |   Train Loss: 0.3760 | Test Loss: 0.3864 | Test Acc: 86.28%
2026-04-22 15:46:18 KST | INFO |   🏆 New best accuracy: 86.28%
2026-04-22 15:46:18 KST | INFO | 
2026-04-22 15:46:18 KST | INFO | Epoch 26/200 | LR: 0.096194
2026-04-22 15:46:31 KST | INFO |   Train Loss: 0.3604 | Test Loss: 0.4020 | Test Acc: 86.44%
2026-04-22 15:46:31 KST | INFO |   🏆 New best accuracy: 86.44%
2026-04-22 15:46:31 KST | INFO | 
2026-04-22 15:46:31 KST | INFO | Epoch 27/200 | LR: 0.095888
2026-04-22 15:46:45 KST | INFO |   Train Loss: 0.3503 | Test Loss: 0.4090 | Test Acc: 85.88%
2026-04-22 15:46:45 KST | INFO |   No improvement (1/30)
2026-04-22 15:46:45 KST | INFO | 
2026-04-22 15:46:45 KST | INFO | Epoch 28/200 | LR: 0.095570
2026-04-22 15:47:00 KST | INFO |   Train Loss: 0.3563 | Test Loss: 0.4068 | Test Acc: 86.35%
2026-04-22 15:47:00 KST | INFO |   No improvement (2/30)
2026-04-22 15:47:00 KST | INFO | 
2026-04-22 15:47:00 KST | INFO | Epoch 29/200 | LR: 0.095241
2026-04-22 15:47:14 KST | INFO |   Train Loss: 0.3503 | Test Loss: 0.4367 | Test Acc: 86.26%
2026-04-22 15:47:14 KST | INFO |   No improvement (3/30)
2026-04-22 15:47:14 KST | INFO | 
2026-04-22 15:47:14 KST | INFO | Epoch 30/200 | LR: 0.094901
2026-04-22 15:47:28 KST | INFO |   Train Loss: 0.3469 | Test Loss: 0.4057 | Test Acc: 86.59%
2026-04-22 15:47:28 KST | INFO |   🏆 New best accuracy: 86.59%
2026-04-22 15:47:28 KST | INFO | 
2026-04-22 15:47:28 KST | INFO | Epoch 31/200 | LR: 0.094550
2026-04-22 15:47:42 KST | INFO |   Train Loss: 0.3451 | Test Loss: 0.4909 | Test Acc: 84.62%
2026-04-22 15:47:42 KST | INFO |   No improvement (1/30)
2026-04-22 15:47:42 KST | INFO | 
2026-04-22 15:47:42 KST | INFO | Epoch 32/200 | LR: 0.094188
2026-04-22 15:47:56 KST | INFO |   Train Loss: 0.3431 | Test Loss: 0.3975 | Test Acc: 86.42%
2026-04-22 15:47:56 KST | INFO |   No improvement (2/30)
2026-04-22 15:47:56 KST | INFO | 
2026-04-22 15:47:56 KST | INFO | Epoch 33/200 | LR: 0.093815
2026-04-22 15:48:10 KST | INFO |   Train Loss: 0.3396 | Test Loss: 0.4077 | Test Acc: 86.03%
2026-04-22 15:48:10 KST | INFO |   No improvement (3/30)
2026-04-22 15:48:10 KST | INFO | 
2026-04-22 15:48:10 KST | INFO | Epoch 34/200 | LR: 0.093432
2026-04-22 15:48:24 KST | INFO |   Train Loss: 0.3307 | Test Loss: 0.4225 | Test Acc: 86.54%
2026-04-22 15:48:24 KST | INFO |   No improvement (4/30)
2026-04-22 15:48:24 KST | INFO | 
2026-04-22 15:48:24 KST | INFO | Epoch 35/200 | LR: 0.093037
2026-04-22 15:48:38 KST | INFO |   Train Loss: 0.3294 | Test Loss: 0.4336 | Test Acc: 86.08%
2026-04-22 15:48:38 KST | INFO |   No improvement (5/30)
2026-04-22 15:48:38 KST | INFO | 
2026-04-22 15:48:38 KST | INFO | Epoch 36/200 | LR: 0.092632
2026-04-22 15:48:52 KST | INFO |   Train Loss: 0.3294 | Test Loss: 0.3694 | Test Acc: 87.58%
2026-04-22 15:48:52 KST | INFO |   🏆 New best accuracy: 87.58%
2026-04-22 15:48:52 KST | INFO | 
2026-04-22 15:48:52 KST | INFO | Epoch 37/200 | LR: 0.092216
2026-04-22 15:49:06 KST | INFO |   Train Loss: 0.3193 | Test Loss: 0.4058 | Test Acc: 86.59%
2026-04-22 15:49:06 KST | INFO |   No improvement (1/30)
2026-04-22 15:49:06 KST | INFO | 
2026-04-22 15:49:06 KST | INFO | Epoch 38/200 | LR: 0.091790
2026-04-22 15:49:20 KST | INFO |   Train Loss: 0.3154 | Test Loss: 0.4028 | Test Acc: 86.54%
2026-04-22 15:49:20 KST | INFO |   No improvement (2/30)
2026-04-22 15:49:20 KST | INFO | 
2026-04-22 15:49:20 KST | INFO | Epoch 39/200 | LR: 0.091354
2026-04-22 15:49:34 KST | INFO |   Train Loss: 0.3164 | Test Loss: 0.3651 | Test Acc: 87.41%
2026-04-22 15:49:34 KST | INFO |   No improvement (3/30)
2026-04-22 15:49:34 KST | INFO | 
2026-04-22 15:49:34 KST | INFO | Epoch 40/200 | LR: 0.090908
2026-04-22 15:49:48 KST | INFO |   Train Loss: 0.3157 | Test Loss: 0.3616 | Test Acc: 87.74%
2026-04-22 15:49:48 KST | INFO |   🏆 New best accuracy: 87.74%
2026-04-22 15:49:48 KST | INFO | 
2026-04-22 15:49:48 KST | INFO | Epoch 41/200 | LR: 0.090451
2026-04-22 15:50:01 KST | INFO |   Train Loss: 0.3119 | Test Loss: 0.4153 | Test Acc: 86.69%
2026-04-22 15:50:01 KST | INFO |   No improvement (1/30)
2026-04-22 15:50:01 KST | INFO | 
2026-04-22 15:50:01 KST | INFO | Epoch 42/200 | LR: 0.089984
2026-04-22 15:50:16 KST | INFO |   Train Loss: 0.3129 | Test Loss: 0.3794 | Test Acc: 87.44%
2026-04-22 15:50:16 KST | INFO |   No improvement (2/30)
2026-04-22 15:50:16 KST | INFO | 
2026-04-22 15:50:16 KST | INFO | Epoch 43/200 | LR: 0.089508
2026-04-22 15:50:30 KST | INFO |   Train Loss: 0.3079 | Test Loss: 0.4050 | Test Acc: 86.72%
2026-04-22 15:50:30 KST | INFO |   No improvement (3/30)
2026-04-22 15:50:30 KST | INFO | 
2026-04-22 15:50:30 KST | INFO | Epoch 44/200 | LR: 0.089022
2026-04-22 15:50:44 KST | INFO |   Train Loss: 0.3068 | Test Loss: 0.4408 | Test Acc: 85.49%
2026-04-22 15:50:44 KST | INFO |   No improvement (4/30)
2026-04-22 15:50:44 KST | INFO | 
2026-04-22 15:50:44 KST | INFO | Epoch 45/200 | LR: 0.088526
2026-04-22 15:50:58 KST | INFO |   Train Loss: 0.3053 | Test Loss: 0.3638 | Test Acc: 87.97%
2026-04-22 15:50:58 KST | INFO |   🏆 New best accuracy: 87.97%
2026-04-22 15:50:58 KST | INFO | 
2026-04-22 15:50:58 KST | INFO | Epoch 46/200 | LR: 0.088020
2026-04-22 15:51:11 KST | INFO |   Train Loss: 0.2965 | Test Loss: 0.3780 | Test Acc: 87.45%
2026-04-22 15:51:11 KST | INFO |   No improvement (1/30)
2026-04-22 15:51:11 KST | INFO | 
2026-04-22 15:51:11 KST | INFO | Epoch 47/200 | LR: 0.087506
2026-04-22 15:51:26 KST | INFO |   Train Loss: 0.2990 | Test Loss: 0.3969 | Test Acc: 86.76%
2026-04-22 15:51:26 KST | INFO |   No improvement (2/30)
2026-04-22 15:51:26 KST | INFO | 
2026-04-22 15:51:26 KST | INFO | Epoch 48/200 | LR: 0.086982
2026-04-22 15:51:40 KST | INFO |   Train Loss: 0.2914 | Test Loss: 0.4127 | Test Acc: 86.40%
2026-04-22 15:51:40 KST | INFO |   No improvement (3/30)
2026-04-22 15:51:40 KST | INFO | 
2026-04-22 15:51:40 KST | INFO | Epoch 49/200 | LR: 0.086449
2026-04-22 15:51:54 KST | INFO |   Train Loss: 0.2946 | Test Loss: 0.3619 | Test Acc: 88.10%
2026-04-22 15:51:54 KST | INFO |   🏆 New best accuracy: 88.10%
2026-04-22 15:51:54 KST | INFO | 
2026-04-22 15:51:54 KST | INFO | Epoch 50/200 | LR: 0.085906
2026-04-22 15:52:07 KST | INFO |   Train Loss: 0.2913 | Test Loss: 0.3945 | Test Acc: 87.39%
2026-04-22 15:52:07 KST | INFO |   No improvement (1/30)
2026-04-22 15:52:07 KST | INFO | 
2026-04-22 15:52:07 KST | INFO | Epoch 51/200 | LR: 0.085355
2026-04-22 15:52:22 KST | INFO |   Train Loss: 0.2908 | Test Loss: 0.3510 | Test Acc: 88.08%
2026-04-22 15:52:22 KST | INFO |   No improvement (2/30)
2026-04-22 15:52:22 KST | INFO | 
2026-04-22 15:52:22 KST | INFO | Epoch 52/200 | LR: 0.084796
2026-04-22 15:52:36 KST | INFO |   Train Loss: 0.2867 | Test Loss: 0.3630 | Test Acc: 87.91%
2026-04-22 15:52:36 KST | INFO |   No improvement (3/30)
2026-04-22 15:52:36 KST | INFO | 
2026-04-22 15:52:36 KST | INFO | Epoch 53/200 | LR: 0.084228
2026-04-22 15:52:50 KST | INFO |   Train Loss: 0.2819 | Test Loss: 0.4063 | Test Acc: 86.86%
2026-04-22 15:52:50 KST | INFO |   No improvement (4/30)
2026-04-22 15:52:50 KST | INFO | 
2026-04-22 15:52:50 KST | INFO | Epoch 54/200 | LR: 0.083651
2026-04-22 15:53:04 KST | INFO |   Train Loss: 0.2824 | Test Loss: 0.4138 | Test Acc: 86.36%
2026-04-22 15:53:04 KST | INFO |   No improvement (5/30)
2026-04-22 15:53:04 KST | INFO | 
2026-04-22 15:53:04 KST | INFO | Epoch 55/200 | LR: 0.083066
2026-04-22 15:53:17 KST | INFO |   Train Loss: 0.2796 | Test Loss: 0.4250 | Test Acc: 86.53%
2026-04-22 15:53:17 KST | INFO |   No improvement (6/30)
2026-04-22 15:53:17 KST | INFO | 
2026-04-22 15:53:17 KST | INFO | Epoch 56/200 | LR: 0.082473
2026-04-22 15:53:31 KST | INFO |   Train Loss: 0.2757 | Test Loss: 0.4031 | Test Acc: 87.39%
2026-04-22 15:53:31 KST | INFO |   No improvement (7/30)
2026-04-22 15:53:31 KST | INFO | 
2026-04-22 15:53:31 KST | INFO | Epoch 57/200 | LR: 0.081871
2026-04-22 15:53:46 KST | INFO |   Train Loss: 0.2752 | Test Loss: 0.4046 | Test Acc: 86.69%
2026-04-22 15:53:46 KST | INFO |   No improvement (8/30)
2026-04-22 15:53:46 KST | INFO | 
2026-04-22 15:53:46 KST | INFO | Epoch 58/200 | LR: 0.081262
2026-04-22 15:54:00 KST | INFO |   Train Loss: 0.2678 | Test Loss: 0.3967 | Test Acc: 87.39%
2026-04-22 15:54:00 KST | INFO |   No improvement (9/30)
2026-04-22 15:54:00 KST | INFO | 
2026-04-22 15:54:00 KST | INFO | Epoch 59/200 | LR: 0.080646
2026-04-22 15:54:14 KST | INFO |   Train Loss: 0.2666 | Test Loss: 0.3814 | Test Acc: 88.03%
2026-04-22 15:54:14 KST | INFO |   No improvement (10/30)
2026-04-22 15:54:14 KST | INFO | 
2026-04-22 15:54:14 KST | INFO | Epoch 60/200 | LR: 0.080021
2026-04-22 15:54:27 KST | INFO |   Train Loss: 0.2672 | Test Loss: 0.3338 | Test Acc: 88.65%
2026-04-22 15:54:27 KST | INFO |   🏆 New best accuracy: 88.65%
2026-04-22 15:54:27 KST | INFO | 
2026-04-22 15:54:27 KST | INFO | Epoch 61/200 | LR: 0.079389
2026-04-22 15:54:41 KST | INFO |   Train Loss: 0.2619 | Test Loss: 0.3749 | Test Acc: 87.95%
2026-04-22 15:54:41 KST | INFO |   No improvement (1/30)
2026-04-22 15:54:41 KST | INFO | 
2026-04-22 15:54:41 KST | INFO | Epoch 62/200 | LR: 0.078750
2026-04-22 15:54:55 KST | INFO |   Train Loss: 0.2608 | Test Loss: 0.3158 | Test Acc: 89.46%
2026-04-22 15:54:55 KST | INFO |   🏆 New best accuracy: 89.46%
2026-04-22 15:54:55 KST | INFO | 
2026-04-22 15:54:55 KST | INFO | Epoch 63/200 | LR: 0.078104
2026-04-22 15:55:09 KST | INFO |   Train Loss: 0.2583 | Test Loss: 0.3595 | Test Acc: 88.34%
2026-04-22 15:55:09 KST | INFO |   No improvement (1/30)
2026-04-22 15:55:09 KST | INFO | 
2026-04-22 15:55:09 KST | INFO | Epoch 64/200 | LR: 0.077451
2026-04-22 15:55:23 KST | INFO |   Train Loss: 0.2581 | Test Loss: 0.3590 | Test Acc: 87.78%
2026-04-22 15:55:23 KST | INFO |   No improvement (2/30)
2026-04-22 15:55:23 KST | INFO | 
2026-04-22 15:55:23 KST | INFO | Epoch 65/200 | LR: 0.076792
2026-04-22 15:55:37 KST | INFO |   Train Loss: 0.2509 | Test Loss: 0.3645 | Test Acc: 87.94%
2026-04-22 15:55:37 KST | INFO |   No improvement (3/30)
2026-04-22 15:55:37 KST | INFO | 
2026-04-22 15:55:37 KST | INFO | Epoch 66/200 | LR: 0.076125
2026-04-22 15:55:51 KST | INFO |   Train Loss: 0.2533 | Test Loss: 0.3470 | Test Acc: 88.15%
2026-04-22 15:55:51 KST | INFO |   No improvement (4/30)
2026-04-22 15:55:51 KST | INFO | 
2026-04-22 15:55:51 KST | INFO | Epoch 67/200 | LR: 0.075452
2026-04-22 15:56:05 KST | INFO |   Train Loss: 0.2493 | Test Loss: 0.3391 | Test Acc: 88.40%
2026-04-22 15:56:05 KST | INFO |   No improvement (5/30)
2026-04-22 15:56:05 KST | INFO | 
2026-04-22 15:56:05 KST | INFO | Epoch 68/200 | LR: 0.074773
2026-04-22 15:56:19 KST | INFO |   Train Loss: 0.2485 | Test Loss: 0.3479 | Test Acc: 88.72%
2026-04-22 15:56:19 KST | INFO |   No improvement (6/30)
2026-04-22 15:56:19 KST | INFO | 
2026-04-22 15:56:19 KST | INFO | Epoch 69/200 | LR: 0.074088
2026-04-22 15:56:32 KST | INFO |   Train Loss: 0.2468 | Test Loss: 0.3696 | Test Acc: 87.99%
2026-04-22 15:56:32 KST | INFO |   No improvement (7/30)
2026-04-22 15:56:32 KST | INFO | 
2026-04-22 15:56:32 KST | INFO | Epoch 70/200 | LR: 0.073397
2026-04-22 15:56:46 KST | INFO |   Train Loss: 0.2411 | Test Loss: 0.3476 | Test Acc: 88.67%
2026-04-22 15:56:46 KST | INFO |   No improvement (8/30)
2026-04-22 15:56:46 KST | INFO | 
2026-04-22 15:56:46 KST | INFO | Epoch 71/200 | LR: 0.072700
2026-04-22 15:57:00 KST | INFO |   Train Loss: 0.2373 | Test Loss: 0.3821 | Test Acc: 87.40%
2026-04-22 15:57:00 KST | INFO |   No improvement (9/30)
2026-04-22 15:57:00 KST | INFO | 
2026-04-22 15:57:00 KST | INFO | Epoch 72/200 | LR: 0.071997
2026-04-22 15:57:14 KST | INFO |   Train Loss: 0.2390 | Test Loss: 0.3810 | Test Acc: 87.71%
2026-04-22 15:57:14 KST | INFO |   No improvement (10/30)
2026-04-22 15:57:14 KST | INFO | 
2026-04-22 15:57:14 KST | INFO | Epoch 73/200 | LR: 0.071289
2026-04-22 15:57:28 KST | INFO |   Train Loss: 0.2341 | Test Loss: 0.3238 | Test Acc: 88.86%
2026-04-22 15:57:28 KST | INFO |   No improvement (11/30)
2026-04-22 15:57:28 KST | INFO | 
2026-04-22 15:57:28 KST | INFO | Epoch 74/200 | LR: 0.070576
2026-04-22 15:57:42 KST | INFO |   Train Loss: 0.2346 | Test Loss: 0.3942 | Test Acc: 87.49%
2026-04-22 15:57:42 KST | INFO |   No improvement (12/30)
2026-04-22 15:57:42 KST | INFO | 
2026-04-22 15:57:42 KST | INFO | Epoch 75/200 | LR: 0.069858
2026-04-22 15:57:56 KST | INFO |   Train Loss: 0.2265 | Test Loss: 0.4357 | Test Acc: 86.16%
2026-04-22 15:57:56 KST | INFO |   No improvement (13/30)
2026-04-22 15:57:56 KST | INFO | 
2026-04-22 15:57:56 KST | INFO | Epoch 76/200 | LR: 0.069134
2026-04-22 15:58:09 KST | INFO |   Train Loss: 0.2276 | Test Loss: 0.3488 | Test Acc: 88.50%
2026-04-22 15:58:09 KST | INFO |   No improvement (14/30)
2026-04-22 15:58:09 KST | INFO | 
2026-04-22 15:58:09 KST | INFO | Epoch 77/200 | LR: 0.068407
2026-04-22 15:58:23 KST | INFO |   Train Loss: 0.2232 | Test Loss: 0.3587 | Test Acc: 88.20%
2026-04-22 15:58:23 KST | INFO |   No improvement (15/30)
2026-04-22 15:58:23 KST | INFO | 
2026-04-22 15:58:23 KST | INFO | Epoch 78/200 | LR: 0.067674
2026-04-22 15:58:37 KST | INFO |   Train Loss: 0.2223 | Test Loss: 0.3372 | Test Acc: 88.75%
2026-04-22 15:58:37 KST | INFO |   No improvement (16/30)
2026-04-22 15:58:37 KST | INFO | 
2026-04-22 15:58:37 KST | INFO | Epoch 79/200 | LR: 0.066937
2026-04-22 15:58:51 KST | INFO |   Train Loss: 0.2201 | Test Loss: 0.3428 | Test Acc: 89.44%
2026-04-22 15:58:51 KST | INFO |   No improvement (17/30)
2026-04-22 15:58:51 KST | INFO | 
2026-04-22 15:58:51 KST | INFO | Epoch 80/200 | LR: 0.066196
2026-04-22 15:59:05 KST | INFO |   Train Loss: 0.2141 | Test Loss: 0.3268 | Test Acc: 89.03%
2026-04-22 15:59:05 KST | INFO |   No improvement (18/30)
2026-04-22 15:59:05 KST | INFO | 
2026-04-22 15:59:05 KST | INFO | Epoch 81/200 | LR: 0.065451
2026-04-22 15:59:20 KST | INFO |   Train Loss: 0.2189 | Test Loss: 0.3432 | Test Acc: 88.90%
2026-04-22 15:59:20 KST | INFO |   No improvement (19/30)
2026-04-22 15:59:20 KST | INFO | 
2026-04-22 15:59:20 KST | INFO | Epoch 82/200 | LR: 0.064702
2026-04-22 15:59:33 KST | INFO |   Train Loss: 0.2133 | Test Loss: 0.3170 | Test Acc: 89.58%
2026-04-22 15:59:33 KST | INFO |   🏆 New best accuracy: 89.58%
2026-04-22 15:59:33 KST | INFO | 
2026-04-22 15:59:33 KST | INFO | Epoch 83/200 | LR: 0.063950
2026-04-22 15:59:47 KST | INFO |   Train Loss: 0.2077 | Test Loss: 0.3646 | Test Acc: 88.54%
2026-04-22 15:59:47 KST | INFO |   No improvement (1/30)
2026-04-22 15:59:47 KST | INFO | 
2026-04-22 15:59:47 KST | INFO | Epoch 84/200 | LR: 0.063194
2026-04-22 16:00:00 KST | INFO |   Train Loss: 0.2089 | Test Loss: 0.3446 | Test Acc: 89.50%
2026-04-22 16:00:00 KST | INFO |   No improvement (2/30)
2026-04-22 16:00:00 KST | INFO | 
2026-04-22 16:00:00 KST | INFO | Epoch 85/200 | LR: 0.062435
2026-04-22 16:00:15 KST | INFO |   Train Loss: 0.2070 | Test Loss: 0.3194 | Test Acc: 89.09%
2026-04-22 16:00:15 KST | INFO |   No improvement (3/30)
2026-04-22 16:00:15 KST | INFO | 
2026-04-22 16:00:15 KST | INFO | Epoch 86/200 | LR: 0.061673
2026-04-22 16:00:29 KST | INFO |   Train Loss: 0.2031 | Test Loss: 0.3998 | Test Acc: 88.11%
2026-04-22 16:00:29 KST | INFO |   No improvement (4/30)
2026-04-22 16:00:29 KST | INFO | 
2026-04-22 16:00:29 KST | INFO | Epoch 87/200 | LR: 0.060908
2026-04-22 16:00:42 KST | INFO |   Train Loss: 0.2021 | Test Loss: 0.3554 | Test Acc: 88.92%
2026-04-22 16:00:42 KST | INFO |   No improvement (5/30)
2026-04-22 16:00:42 KST | INFO | 
2026-04-22 16:00:42 KST | INFO | Epoch 88/200 | LR: 0.060140
2026-04-22 16:00:56 KST | INFO |   Train Loss: 0.2007 | Test Loss: 0.3379 | Test Acc: 89.08%
2026-04-22 16:00:56 KST | INFO |   No improvement (6/30)
2026-04-22 16:00:56 KST | INFO | 
2026-04-22 16:00:56 KST | INFO | Epoch 89/200 | LR: 0.059369
2026-04-22 16:01:10 KST | INFO |   Train Loss: 0.1970 | Test Loss: 0.3602 | Test Acc: 88.17%
2026-04-22 16:01:10 KST | INFO |   No improvement (7/30)
2026-04-22 16:01:10 KST | INFO | 
2026-04-22 16:01:10 KST | INFO | Epoch 90/200 | LR: 0.058597
2026-04-22 16:01:24 KST | INFO |   Train Loss: 0.1922 | Test Loss: 0.3684 | Test Acc: 88.31%
2026-04-22 16:01:24 KST | INFO |   No improvement (8/30)
2026-04-22 16:01:24 KST | INFO | 
2026-04-22 16:01:24 KST | INFO | Epoch 91/200 | LR: 0.057822
2026-04-22 16:01:38 KST | INFO |   Train Loss: 0.1874 | Test Loss: 0.3352 | Test Acc: 88.60%
2026-04-22 16:01:38 KST | INFO |   No improvement (9/30)
2026-04-22 16:01:38 KST | INFO | 
2026-04-22 16:01:38 KST | INFO | Epoch 92/200 | LR: 0.057045
2026-04-22 16:01:52 KST | INFO |   Train Loss: 0.1839 | Test Loss: 0.3369 | Test Acc: 89.09%
2026-04-22 16:01:52 KST | INFO |   No improvement (10/30)
2026-04-22 16:01:52 KST | INFO | 
2026-04-22 16:01:52 KST | INFO | Epoch 93/200 | LR: 0.056267
2026-04-22 16:02:06 KST | INFO |   Train Loss: 0.1812 | Test Loss: 0.3397 | Test Acc: 89.41%
2026-04-22 16:02:06 KST | INFO |   No improvement (11/30)
2026-04-22 16:02:06 KST | INFO | 
2026-04-22 16:02:06 KST | INFO | Epoch 94/200 | LR: 0.055487
2026-04-22 16:02:20 KST | INFO |   Train Loss: 0.1815 | Test Loss: 0.3274 | Test Acc: 89.30%
2026-04-22 16:02:20 KST | INFO |   No improvement (12/30)
2026-04-22 16:02:20 KST | INFO | 
2026-04-22 16:02:20 KST | INFO | Epoch 95/200 | LR: 0.054706
2026-04-22 16:02:34 KST | INFO |   Train Loss: 0.1829 | Test Loss: 0.3413 | Test Acc: 89.17%
2026-04-22 16:02:34 KST | INFO |   No improvement (13/30)
2026-04-22 16:02:34 KST | INFO | 
2026-04-22 16:02:34 KST | INFO | Epoch 96/200 | LR: 0.053923
2026-04-22 16:02:49 KST | INFO |   Train Loss: 0.1740 | Test Loss: 0.3067 | Test Acc: 89.69%
2026-04-22 16:02:49 KST | INFO |   🏆 New best accuracy: 89.69%
2026-04-22 16:02:49 KST | INFO | 
2026-04-22 16:02:49 KST | INFO | Epoch 97/200 | LR: 0.053140
2026-04-22 16:03:02 KST | INFO |   Train Loss: 0.1740 | Test Loss: 0.3388 | Test Acc: 89.38%
2026-04-22 16:03:02 KST | INFO |   No improvement (1/30)
2026-04-22 16:03:02 KST | INFO | 
2026-04-22 16:03:02 KST | INFO | Epoch 98/200 | LR: 0.052356
2026-04-22 16:03:16 KST | INFO |   Train Loss: 0.1700 | Test Loss: 0.3808 | Test Acc: 88.11%
2026-04-22 16:03:16 KST | INFO |   No improvement (2/30)
2026-04-22 16:03:16 KST | INFO | 
2026-04-22 16:03:16 KST | INFO | Epoch 99/200 | LR: 0.051571
2026-04-22 16:03:31 KST | INFO |   Train Loss: 0.1711 | Test Loss: 0.3700 | Test Acc: 88.28%
2026-04-22 16:03:31 KST | INFO |   No improvement (3/30)
2026-04-22 16:03:31 KST | INFO | 
2026-04-22 16:03:31 KST | INFO | Epoch 100/200 | LR: 0.050786
2026-04-22 16:03:44 KST | INFO |   Train Loss: 0.1697 | Test Loss: 0.2888 | Test Acc: 90.45%
2026-04-22 16:03:44 KST | INFO |   🏆 New best accuracy: 90.45%
2026-04-22 16:03:44 KST | INFO | 
2026-04-22 16:03:44 KST | INFO | Epoch 101/200 | LR: 0.050001
2026-04-22 16:03:58 KST | INFO |   Train Loss: 0.1665 | Test Loss: 0.3342 | Test Acc: 89.90%
2026-04-22 16:03:58 KST | INFO |   No improvement (1/30)
2026-04-22 16:03:58 KST | INFO | 
2026-04-22 16:03:58 KST | INFO | Epoch 102/200 | LR: 0.049215
2026-04-22 16:04:12 KST | INFO |   Train Loss: 0.1601 | Test Loss: 0.3622 | Test Acc: 88.76%
2026-04-22 16:04:12 KST | INFO |   No improvement (2/30)
2026-04-22 16:04:12 KST | INFO | 
2026-04-22 16:04:12 KST | INFO | Epoch 103/200 | LR: 0.048430
2026-04-22 16:04:26 KST | INFO |   Train Loss: 0.1598 | Test Loss: 0.3222 | Test Acc: 89.22%
2026-04-22 16:04:26 KST | INFO |   No improvement (3/30)
2026-04-22 16:04:26 KST | INFO | 
2026-04-22 16:04:26 KST | INFO | Epoch 104/200 | LR: 0.047645
2026-04-22 16:04:40 KST | INFO |   Train Loss: 0.1534 | Test Loss: 0.3195 | Test Acc: 90.12%
2026-04-22 16:04:40 KST | INFO |   No improvement (4/30)
2026-04-22 16:04:40 KST | INFO | 
2026-04-22 16:04:40 KST | INFO | Epoch 105/200 | LR: 0.046861
2026-04-22 16:04:54 KST | INFO |   Train Loss: 0.1588 | Test Loss: 0.3181 | Test Acc: 90.06%
2026-04-22 16:04:54 KST | INFO |   No improvement (5/30)
2026-04-22 16:04:54 KST | INFO | 
2026-04-22 16:04:54 KST | INFO | Epoch 106/200 | LR: 0.046078
2026-04-22 16:05:08 KST | INFO |   Train Loss: 0.1521 | Test Loss: 0.3262 | Test Acc: 90.14%
2026-04-22 16:05:08 KST | INFO |   No improvement (6/30)
2026-04-22 16:05:08 KST | INFO | 
2026-04-22 16:05:08 KST | INFO | Epoch 107/200 | LR: 0.045295
2026-04-22 16:05:22 KST | INFO |   Train Loss: 0.1447 | Test Loss: 0.3100 | Test Acc: 90.04%
2026-04-22 16:05:22 KST | INFO |   No improvement (7/30)
2026-04-22 16:05:22 KST | INFO | 
2026-04-22 16:05:22 KST | INFO | Epoch 108/200 | LR: 0.044514
2026-04-22 16:05:36 KST | INFO |   Train Loss: 0.1474 | Test Loss: 0.2969 | Test Acc: 90.53%
2026-04-22 16:05:36 KST | INFO |   🏆 New best accuracy: 90.53%
2026-04-22 16:05:36 KST | INFO | 
2026-04-22 16:05:36 KST | INFO | Epoch 109/200 | LR: 0.043734
2026-04-22 16:05:49 KST | INFO |   Train Loss: 0.1400 | Test Loss: 0.3289 | Test Acc: 89.74%
2026-04-22 16:05:49 KST | INFO |   No improvement (1/30)
2026-04-22 16:05:49 KST | INFO | 
2026-04-22 16:05:49 KST | INFO | Epoch 110/200 | LR: 0.042956
2026-04-22 16:06:03 KST | INFO |   Train Loss: 0.1386 | Test Loss: 0.3132 | Test Acc: 90.30%
2026-04-22 16:06:03 KST | INFO |   No improvement (2/30)
2026-04-22 16:06:03 KST | INFO | 
2026-04-22 16:06:03 KST | INFO | Epoch 111/200 | LR: 0.042179
2026-04-22 16:06:17 KST | INFO |   Train Loss: 0.1402 | Test Loss: 0.3171 | Test Acc: 89.92%
2026-04-22 16:06:17 KST | INFO |   No improvement (3/30)
2026-04-22 16:06:17 KST | INFO | 
2026-04-22 16:06:17 KST | INFO | Epoch 112/200 | LR: 0.041404
2026-04-22 16:06:31 KST | INFO |   Train Loss: 0.1362 | Test Loss: 0.3674 | Test Acc: 89.54%
2026-04-22 16:06:31 KST | INFO |   No improvement (4/30)
2026-04-22 16:06:31 KST | INFO | 
2026-04-22 16:06:31 KST | INFO | Epoch 113/200 | LR: 0.040632
2026-04-22 16:06:45 KST | INFO |   Train Loss: 0.1343 | Test Loss: 0.3088 | Test Acc: 90.33%
2026-04-22 16:06:45 KST | INFO |   No improvement (5/30)
2026-04-22 16:06:45 KST | INFO | 
2026-04-22 16:06:45 KST | INFO | Epoch 114/200 | LR: 0.039861
2026-04-22 16:06:59 KST | INFO |   Train Loss: 0.1297 | Test Loss: 0.3425 | Test Acc: 89.89%
2026-04-22 16:06:59 KST | INFO |   No improvement (6/30)
2026-04-22 16:06:59 KST | INFO | 
2026-04-22 16:06:59 KST | INFO | Epoch 115/200 | LR: 0.039093
2026-04-22 16:07:13 KST | INFO |   Train Loss: 0.1302 | Test Loss: 0.3048 | Test Acc: 90.78%
2026-04-22 16:07:13 KST | INFO |   🏆 New best accuracy: 90.78%
2026-04-22 16:07:13 KST | INFO | 
2026-04-22 16:07:13 KST | INFO | Epoch 116/200 | LR: 0.038328
2026-04-22 16:07:27 KST | INFO |   Train Loss: 0.1258 | Test Loss: 0.3165 | Test Acc: 90.16%
2026-04-22 16:07:27 KST | INFO |   No improvement (1/30)
2026-04-22 16:07:27 KST | INFO | 
2026-04-22 16:07:27 KST | INFO | Epoch 117/200 | LR: 0.037566
2026-04-22 16:07:41 KST | INFO |   Train Loss: 0.1217 | Test Loss: 0.3058 | Test Acc: 90.46%
2026-04-22 16:07:41 KST | INFO |   No improvement (2/30)
2026-04-22 16:07:41 KST | INFO | 
2026-04-22 16:07:41 KST | INFO | Epoch 118/200 | LR: 0.036807
2026-04-22 16:07:55 KST | INFO |   Train Loss: 0.1216 | Test Loss: 0.3214 | Test Acc: 90.67%
2026-04-22 16:07:55 KST | INFO |   No improvement (3/30)
2026-04-22 16:07:55 KST | INFO | 
2026-04-22 16:07:55 KST | INFO | Epoch 119/200 | LR: 0.036051
2026-04-22 16:08:10 KST | INFO |   Train Loss: 0.1198 | Test Loss: 0.3509 | Test Acc: 90.15%
2026-04-22 16:08:10 KST | INFO |   No improvement (4/30)
2026-04-22 16:08:10 KST | INFO | 
2026-04-22 16:08:10 KST | INFO | Epoch 120/200 | LR: 0.035299
2026-04-22 16:08:24 KST | INFO |   Train Loss: 0.1142 | Test Loss: 0.3979 | Test Acc: 89.45%
2026-04-22 16:08:24 KST | INFO |   No improvement (5/30)
2026-04-22 16:08:24 KST | INFO | 
2026-04-22 16:08:24 KST | INFO | Epoch 121/200 | LR: 0.034550
2026-04-22 16:08:38 KST | INFO |   Train Loss: 0.1128 | Test Loss: 0.2855 | Test Acc: 90.79%
2026-04-22 16:08:38 KST | INFO |   🏆 New best accuracy: 90.79%
2026-04-22 16:08:38 KST | INFO | 
2026-04-22 16:08:38 KST | INFO | Epoch 122/200 | LR: 0.033805
2026-04-22 16:08:52 KST | INFO |   Train Loss: 0.1130 | Test Loss: 0.3299 | Test Acc: 90.19%
2026-04-22 16:08:52 KST | INFO |   No improvement (1/30)
2026-04-22 16:08:52 KST | INFO | 
2026-04-22 16:08:52 KST | INFO | Epoch 123/200 | LR: 0.033064
2026-04-22 16:09:06 KST | INFO |   Train Loss: 0.1094 | Test Loss: 0.3371 | Test Acc: 90.34%
2026-04-22 16:09:06 KST | INFO |   No improvement (2/30)
2026-04-22 16:09:06 KST | INFO | 
2026-04-22 16:09:06 KST | INFO | Epoch 124/200 | LR: 0.032327
2026-04-22 16:09:20 KST | INFO |   Train Loss: 0.1053 | Test Loss: 0.2995 | Test Acc: 91.12%
2026-04-22 16:09:20 KST | INFO |   🏆 New best accuracy: 91.12%
2026-04-22 16:09:20 KST | INFO | 
2026-04-22 16:09:20 KST | INFO | Epoch 125/200 | LR: 0.031594
2026-04-22 16:09:33 KST | INFO |   Train Loss: 0.1056 | Test Loss: 0.2963 | Test Acc: 91.01%
2026-04-22 16:09:33 KST | INFO |   No improvement (1/30)
2026-04-22 16:09:33 KST | INFO | 
2026-04-22 16:09:33 KST | INFO | Epoch 126/200 | LR: 0.030867
2026-04-22 16:09:47 KST | INFO |   Train Loss: 0.1009 | Test Loss: 0.3390 | Test Acc: 90.42%
2026-04-22 16:09:47 KST | INFO |   No improvement (2/30)
2026-04-22 16:09:47 KST | INFO | 
2026-04-22 16:09:47 KST | INFO | Epoch 127/200 | LR: 0.030143
2026-04-22 16:10:01 KST | INFO |   Train Loss: 0.0973 | Test Loss: 0.3698 | Test Acc: 89.54%
2026-04-22 16:10:01 KST | INFO |   No improvement (3/30)
2026-04-22 16:10:01 KST | INFO | 
2026-04-22 16:10:01 KST | INFO | Epoch 128/200 | LR: 0.029425
2026-04-22 16:10:15 KST | INFO |   Train Loss: 0.0982 | Test Loss: 0.3204 | Test Acc: 90.78%
2026-04-22 16:10:15 KST | INFO |   No improvement (4/30)
2026-04-22 16:10:15 KST | INFO | 
2026-04-22 16:10:15 KST | INFO | Epoch 129/200 | LR: 0.028712
2026-04-22 16:10:29 KST | INFO |   Train Loss: 0.0924 | Test Loss: 0.3588 | Test Acc: 90.33%
2026-04-22 16:10:29 KST | INFO |   No improvement (5/30)
2026-04-22 16:10:29 KST | INFO | 
2026-04-22 16:10:29 KST | INFO | Epoch 130/200 | LR: 0.028004
2026-04-22 16:10:42 KST | INFO |   Train Loss: 0.0911 | Test Loss: 0.3287 | Test Acc: 90.54%
2026-04-22 16:10:42 KST | INFO |   No improvement (6/30)
2026-04-22 16:10:42 KST | INFO | 
2026-04-22 16:10:42 KST | INFO | Epoch 131/200 | LR: 0.027301
2026-04-22 16:10:57 KST | INFO |   Train Loss: 0.0913 | Test Loss: 0.3385 | Test Acc: 90.12%
2026-04-22 16:10:57 KST | INFO |   No improvement (7/30)
2026-04-22 16:10:57 KST | INFO | 
2026-04-22 16:10:57 KST | INFO | Epoch 132/200 | LR: 0.026604
2026-04-22 16:11:10 KST | INFO |   Train Loss: 0.0846 | Test Loss: 0.3356 | Test Acc: 90.11%
2026-04-22 16:11:10 KST | INFO |   No improvement (8/30)
2026-04-22 16:11:10 KST | INFO | 
2026-04-22 16:11:10 KST | INFO | Epoch 133/200 | LR: 0.025913
2026-04-22 16:11:24 KST | INFO |   Train Loss: 0.0856 | Test Loss: 0.3141 | Test Acc: 91.03%
2026-04-22 16:11:24 KST | INFO |   No improvement (9/30)
2026-04-22 16:11:24 KST | INFO | 
2026-04-22 16:11:24 KST | INFO | Epoch 134/200 | LR: 0.025228
2026-04-22 16:11:38 KST | INFO |   Train Loss: 0.0807 | Test Loss: 0.3411 | Test Acc: 90.54%
2026-04-22 16:11:38 KST | INFO |   No improvement (10/30)
2026-04-22 16:11:38 KST | INFO | 
2026-04-22 16:11:38 KST | INFO | Epoch 135/200 | LR: 0.024549
2026-04-22 16:11:52 KST | INFO |   Train Loss: 0.0792 | Test Loss: 0.3072 | Test Acc: 91.06%
2026-04-22 16:11:52 KST | INFO |   No improvement (11/30)
2026-04-22 16:11:52 KST | INFO | 
2026-04-22 16:11:52 KST | INFO | Epoch 136/200 | LR: 0.023876
2026-04-22 16:12:06 KST | INFO |   Train Loss: 0.0784 | Test Loss: 0.2950 | Test Acc: 91.58%
2026-04-22 16:12:06 KST | INFO |   🏆 New best accuracy: 91.58%
2026-04-22 16:12:06 KST | INFO | 
2026-04-22 16:12:06 KST | INFO | Epoch 137/200 | LR: 0.023209
2026-04-22 16:12:20 KST | INFO |   Train Loss: 0.0738 | Test Loss: 0.3636 | Test Acc: 89.92%
2026-04-22 16:12:20 KST | INFO |   No improvement (1/30)
2026-04-22 16:12:20 KST | INFO | 
2026-04-22 16:12:20 KST | INFO | Epoch 138/200 | LR: 0.022550
2026-04-22 16:12:33 KST | INFO |   Train Loss: 0.0719 | Test Loss: 0.3387 | Test Acc: 90.80%
2026-04-22 16:12:33 KST | INFO |   No improvement (2/30)
2026-04-22 16:12:33 KST | INFO | 
2026-04-22 16:12:33 KST | INFO | Epoch 139/200 | LR: 0.021897
2026-04-22 16:12:48 KST | INFO |   Train Loss: 0.0702 | Test Loss: 0.3033 | Test Acc: 91.06%
2026-04-22 16:12:48 KST | INFO |   No improvement (3/30)
2026-04-22 16:12:48 KST | INFO | 
2026-04-22 16:12:48 KST | INFO | Epoch 140/200 | LR: 0.021251
2026-04-22 16:13:01 KST | INFO |   Train Loss: 0.0665 | Test Loss: 0.3442 | Test Acc: 90.49%
2026-04-22 16:13:01 KST | INFO |   No improvement (4/30)
2026-04-22 16:13:01 KST | INFO | 
2026-04-22 16:13:01 KST | INFO | Epoch 141/200 | LR: 0.020612
2026-04-22 16:13:15 KST | INFO |   Train Loss: 0.0664 | Test Loss: 0.3669 | Test Acc: 90.36%
2026-04-22 16:13:15 KST | INFO |   No improvement (5/30)
2026-04-22 16:13:15 KST | INFO | 
2026-04-22 16:13:15 KST | INFO | Epoch 142/200 | LR: 0.019980
2026-04-22 16:13:29 KST | INFO |   Train Loss: 0.0648 | Test Loss: 0.3442 | Test Acc: 91.14%
2026-04-22 16:13:29 KST | INFO |   No improvement (6/30)
2026-04-22 16:13:29 KST | INFO | 
2026-04-22 16:13:29 KST | INFO | Epoch 143/200 | LR: 0.019355
2026-04-22 16:13:44 KST | INFO |   Train Loss: 0.0638 | Test Loss: 0.3283 | Test Acc: 91.05%
2026-04-22 16:13:44 KST | INFO |   No improvement (7/30)
2026-04-22 16:13:44 KST | INFO | 
2026-04-22 16:13:44 KST | INFO | Epoch 144/200 | LR: 0.018739
2026-04-22 16:13:57 KST | INFO |   Train Loss: 0.0603 | Test Loss: 0.2971 | Test Acc: 91.39%
2026-04-22 16:13:57 KST | INFO |   No improvement (8/30)
2026-04-22 16:13:57 KST | INFO | 
2026-04-22 16:13:57 KST | INFO | Epoch 145/200 | LR: 0.018130
2026-04-22 16:14:11 KST | INFO |   Train Loss: 0.0558 | Test Loss: 0.3122 | Test Acc: 91.36%
2026-04-22 16:14:11 KST | INFO |   No improvement (9/30)
2026-04-22 16:14:11 KST | INFO | 
2026-04-22 16:14:11 KST | INFO | Epoch 146/200 | LR: 0.017528
2026-04-22 16:14:25 KST | INFO |   Train Loss: 0.0562 | Test Loss: 0.3730 | Test Acc: 90.41%
2026-04-22 16:14:25 KST | INFO |   No improvement (10/30)
2026-04-22 16:14:25 KST | INFO | 
2026-04-22 16:14:25 KST | INFO | Epoch 147/200 | LR: 0.016935
2026-04-22 16:14:40 KST | INFO |   Train Loss: 0.0541 | Test Loss: 0.3522 | Test Acc: 90.49%
2026-04-22 16:14:40 KST | INFO |   No improvement (11/30)
2026-04-22 16:14:40 KST | INFO | 
2026-04-22 16:14:40 KST | INFO | Epoch 148/200 | LR: 0.016350
2026-04-22 16:14:54 KST | INFO |   Train Loss: 0.0533 | Test Loss: 0.3228 | Test Acc: 91.40%
2026-04-22 16:14:54 KST | INFO |   No improvement (12/30)
2026-04-22 16:14:54 KST | INFO | 
2026-04-22 16:14:54 KST | INFO | Epoch 149/200 | LR: 0.015773
2026-04-22 16:15:08 KST | INFO |   Train Loss: 0.0520 | Test Loss: 0.3376 | Test Acc: 91.25%
2026-04-22 16:15:08 KST | INFO |   No improvement (13/30)
2026-04-22 16:15:08 KST | INFO | 
2026-04-22 16:15:08 KST | INFO | Epoch 150/200 | LR: 0.015205
2026-04-22 16:15:22 KST | INFO |   Train Loss: 0.0501 | Test Loss: 0.3572 | Test Acc: 90.70%
2026-04-22 16:15:22 KST | INFO |   No improvement (14/30)
2026-04-22 16:15:22 KST | INFO | 
2026-04-22 16:15:22 KST | INFO | Epoch 151/200 | LR: 0.014646
2026-04-22 16:15:36 KST | INFO |   Train Loss: 0.0482 | Test Loss: 0.3338 | Test Acc: 91.38%
2026-04-22 16:15:36 KST | INFO |   No improvement (15/30)
2026-04-22 16:15:36 KST | INFO | 
2026-04-22 16:15:36 KST | INFO | Epoch 152/200 | LR: 0.014095
2026-04-22 16:15:50 KST | INFO |   Train Loss: 0.0445 | Test Loss: 0.3163 | Test Acc: 91.55%
2026-04-22 16:15:50 KST | INFO |   No improvement (16/30)
2026-04-22 16:15:50 KST | INFO | 
2026-04-22 16:15:50 KST | INFO | Epoch 153/200 | LR: 0.013552
2026-04-22 16:16:04 KST | INFO |   Train Loss: 0.0424 | Test Loss: 0.3166 | Test Acc: 91.39%
2026-04-22 16:16:04 KST | INFO |   No improvement (17/30)
2026-04-22 16:16:04 KST | INFO | 
2026-04-22 16:16:04 KST | INFO | Epoch 154/200 | LR: 0.013019
2026-04-22 16:16:17 KST | INFO |   Train Loss: 0.0431 | Test Loss: 0.3406 | Test Acc: 91.44%
2026-04-22 16:16:17 KST | INFO |   No improvement (18/30)
2026-04-22 16:16:17 KST | INFO | 
2026-04-22 16:16:17 KST | INFO | Epoch 155/200 | LR: 0.012495
2026-04-22 16:16:31 KST | INFO |   Train Loss: 0.0395 | Test Loss: 0.3202 | Test Acc: 91.78%
2026-04-22 16:16:31 KST | INFO |   🏆 New best accuracy: 91.78%
2026-04-22 16:16:31 KST | INFO | 
2026-04-22 16:16:31 KST | INFO | Epoch 156/200 | LR: 0.011981
2026-04-22 16:16:45 KST | INFO |   Train Loss: 0.0381 | Test Loss: 0.3088 | Test Acc: 91.47%
2026-04-22 16:16:45 KST | INFO |   No improvement (1/30)
2026-04-22 16:16:45 KST | INFO | 
2026-04-22 16:16:45 KST | INFO | Epoch 157/200 | LR: 0.011475
2026-04-22 16:16:59 KST | INFO |   Train Loss: 0.0366 | Test Loss: 0.3520 | Test Acc: 91.30%
2026-04-22 16:16:59 KST | INFO |   No improvement (2/30)
2026-04-22 16:16:59 KST | INFO | 
2026-04-22 16:16:59 KST | INFO | Epoch 158/200 | LR: 0.010979
2026-04-22 16:17:13 KST | INFO |   Train Loss: 0.0348 | Test Loss: 0.3234 | Test Acc: 91.31%
2026-04-22 16:17:13 KST | INFO |   No improvement (3/30)
2026-04-22 16:17:13 KST | INFO | 
2026-04-22 16:17:13 KST | INFO | Epoch 159/200 | LR: 0.010493
2026-04-22 16:17:27 KST | INFO |   Train Loss: 0.0343 | Test Loss: 0.3628 | Test Acc: 91.24%
2026-04-22 16:17:27 KST | INFO |   No improvement (4/30)
2026-04-22 16:17:27 KST | INFO | 
2026-04-22 16:17:27 KST | INFO | Epoch 160/200 | LR: 0.010017
2026-04-22 16:17:41 KST | INFO |   Train Loss: 0.0318 | Test Loss: 0.3460 | Test Acc: 91.21%
2026-04-22 16:17:41 KST | INFO |   No improvement (5/30)
2026-04-22 16:17:41 KST | INFO | 
2026-04-22 16:17:41 KST | INFO | Epoch 161/200 | LR: 0.009550
2026-04-22 16:17:54 KST | INFO |   Train Loss: 0.0306 | Test Loss: 0.3302 | Test Acc: 91.83%
2026-04-22 16:17:54 KST | INFO |   🏆 New best accuracy: 91.83%
2026-04-22 16:17:54 KST | INFO | 
2026-04-22 16:17:54 KST | INFO | Epoch 162/200 | LR: 0.009093
2026-04-22 16:18:08 KST | INFO |   Train Loss: 0.0294 | Test Loss: 0.3639 | Test Acc: 91.20%
2026-04-22 16:18:08 KST | INFO |   No improvement (1/30)
2026-04-22 16:18:08 KST | INFO | 
2026-04-22 16:18:08 KST | INFO | Epoch 163/200 | LR: 0.008647
2026-04-22 16:18:22 KST | INFO |   Train Loss: 0.0274 | Test Loss: 0.3388 | Test Acc: 91.38%
2026-04-22 16:18:22 KST | INFO |   No improvement (2/30)
2026-04-22 16:18:22 KST | INFO | 
2026-04-22 16:18:22 KST | INFO | Epoch 164/200 | LR: 0.008211
2026-04-22 16:18:36 KST | INFO |   Train Loss: 0.0254 | Test Loss: 0.3473 | Test Acc: 91.53%
2026-04-22 16:18:36 KST | INFO |   No improvement (3/30)
2026-04-22 16:18:36 KST | INFO | 
2026-04-22 16:18:36 KST | INFO | Epoch 165/200 | LR: 0.007785
2026-04-22 16:18:50 KST | INFO |   Train Loss: 0.0260 | Test Loss: 0.3266 | Test Acc: 91.83%
2026-04-22 16:18:50 KST | INFO |   No improvement (4/30)
2026-04-22 16:18:50 KST | INFO | 
2026-04-22 16:18:50 KST | INFO | Epoch 166/200 | LR: 0.007369
2026-04-22 16:19:04 KST | INFO |   Train Loss: 0.0238 | Test Loss: 0.3432 | Test Acc: 91.60%
2026-04-22 16:19:04 KST | INFO |   No improvement (5/30)
2026-04-22 16:19:04 KST | INFO | 
2026-04-22 16:19:04 KST | INFO | Epoch 167/200 | LR: 0.006964
2026-04-22 16:19:18 KST | INFO |   Train Loss: 0.0227 | Test Loss: 0.3493 | Test Acc: 91.61%
2026-04-22 16:19:18 KST | INFO |   No improvement (6/30)
2026-04-22 16:19:18 KST | INFO | 
2026-04-22 16:19:18 KST | INFO | Epoch 168/200 | LR: 0.006569
2026-04-22 16:19:32 KST | INFO |   Train Loss: 0.0215 | Test Loss: 0.3463 | Test Acc: 91.59%
2026-04-22 16:19:32 KST | INFO |   No improvement (7/30)
2026-04-22 16:19:32 KST | INFO | 
2026-04-22 16:19:32 KST | INFO | Epoch 169/200 | LR: 0.006186
2026-04-22 16:19:46 KST | INFO |   Train Loss: 0.0203 | Test Loss: 0.3289 | Test Acc: 92.03%
2026-04-22 16:19:46 KST | INFO |   🏆 New best accuracy: 92.03%
2026-04-22 16:19:46 KST | INFO | 
2026-04-22 16:19:46 KST | INFO | Epoch 170/200 | LR: 0.005813
2026-04-22 16:20:00 KST | INFO |   Train Loss: 0.0183 | Test Loss: 0.3504 | Test Acc: 91.88%
2026-04-22 16:20:00 KST | INFO |   No improvement (1/30)
2026-04-22 16:20:00 KST | INFO | 
2026-04-22 16:20:00 KST | INFO | Epoch 171/200 | LR: 0.005451
2026-04-22 16:20:14 KST | INFO |   Train Loss: 0.0182 | Test Loss: 0.3522 | Test Acc: 91.74%
2026-04-22 16:20:14 KST | INFO |   No improvement (2/30)
2026-04-22 16:20:14 KST | INFO | 
2026-04-22 16:20:14 KST | INFO | Epoch 172/200 | LR: 0.005100
2026-04-22 16:20:28 KST | INFO |   Train Loss: 0.0165 | Test Loss: 0.3224 | Test Acc: 92.29%
2026-04-22 16:20:28 KST | INFO |   🏆 New best accuracy: 92.29%
2026-04-22 16:20:28 KST | INFO | 
2026-04-22 16:20:28 KST | INFO | Epoch 173/200 | LR: 0.004760
2026-04-22 16:20:42 KST | INFO |   Train Loss: 0.0163 | Test Loss: 0.3401 | Test Acc: 92.00%
2026-04-22 16:20:42 KST | INFO |   No improvement (1/30)
2026-04-22 16:20:42 KST | INFO | 
2026-04-22 16:20:42 KST | INFO | Epoch 174/200 | LR: 0.004431
2026-04-22 16:20:55 KST | INFO |   Train Loss: 0.0155 | Test Loss: 0.3582 | Test Acc: 91.85%
2026-04-22 16:20:55 KST | INFO |   No improvement (2/30)
2026-04-22 16:20:55 KST | INFO | 
2026-04-22 16:20:55 KST | INFO | Epoch 175/200 | LR: 0.004113
2026-04-22 16:21:10 KST | INFO |   Train Loss: 0.0141 | Test Loss: 0.3352 | Test Acc: 92.09%
2026-04-22 16:21:10 KST | INFO |   No improvement (3/30)
2026-04-22 16:21:10 KST | INFO | 
2026-04-22 16:21:10 KST | INFO | Epoch 176/200 | LR: 0.003807
2026-04-22 16:21:23 KST | INFO |   Train Loss: 0.0137 | Test Loss: 0.3448 | Test Acc: 91.69%
2026-04-22 16:21:23 KST | INFO |   No improvement (4/30)
2026-04-22 16:21:23 KST | INFO | 
2026-04-22 16:21:23 KST | INFO | Epoch 177/200 | LR: 0.003512
2026-04-22 16:21:37 KST | INFO |   Train Loss: 0.0129 | Test Loss: 0.3640 | Test Acc: 91.90%
2026-04-22 16:21:37 KST | INFO |   No improvement (5/30)
2026-04-22 16:21:37 KST | INFO | 
2026-04-22 16:21:37 KST | INFO | Epoch 178/200 | LR: 0.003229
2026-04-22 16:21:51 KST | INFO |   Train Loss: 0.0123 | Test Loss: 0.3512 | Test Acc: 91.96%
2026-04-22 16:21:51 KST | INFO |   No improvement (6/30)
2026-04-22 16:21:51 KST | INFO | 
2026-04-22 16:21:51 KST | INFO | Epoch 179/200 | LR: 0.002957
2026-04-22 16:22:05 KST | INFO |   Train Loss: 0.0120 | Test Loss: 0.3273 | Test Acc: 92.04%
2026-04-22 16:22:05 KST | INFO |   No improvement (7/30)
2026-04-22 16:22:05 KST | INFO | 
2026-04-22 16:22:05 KST | INFO | Epoch 180/200 | LR: 0.002697
2026-04-22 16:22:18 KST | INFO |   Train Loss: 0.0114 | Test Loss: 0.3471 | Test Acc: 91.88%
2026-04-22 16:22:18 KST | INFO |   No improvement (8/30)
2026-04-22 16:22:18 KST | INFO | 
2026-04-22 16:22:18 KST | INFO | Epoch 181/200 | LR: 0.002448
2026-04-22 16:22:33 KST | INFO |   Train Loss: 0.0102 | Test Loss: 0.3554 | Test Acc: 92.09%
2026-04-22 16:22:33 KST | INFO |   No improvement (9/30)
2026-04-22 16:22:33 KST | INFO | 
2026-04-22 16:22:33 KST | INFO | Epoch 182/200 | LR: 0.002211
2026-04-22 16:22:46 KST | INFO |   Train Loss: 0.0108 | Test Loss: 0.3449 | Test Acc: 92.08%
2026-04-22 16:22:46 KST | INFO |   No improvement (10/30)
2026-04-22 16:22:46 KST | INFO | 
2026-04-22 16:22:46 KST | INFO | Epoch 183/200 | LR: 0.001986
2026-04-22 16:23:00 KST | INFO |   Train Loss: 0.0097 | Test Loss: 0.3428 | Test Acc: 92.30%
2026-04-22 16:23:00 KST | INFO |   🏆 New best accuracy: 92.30%
2026-04-22 16:23:00 KST | INFO | 
2026-04-22 16:23:00 KST | INFO | Epoch 184/200 | LR: 0.001773
2026-04-22 16:23:14 KST | INFO |   Train Loss: 0.0089 | Test Loss: 0.3451 | Test Acc: 92.19%
2026-04-22 16:23:14 KST | INFO |   No improvement (1/30)
2026-04-22 16:23:14 KST | INFO | 
2026-04-22 16:23:14 KST | INFO | Epoch 185/200 | LR: 0.001572
2026-04-22 16:23:28 KST | INFO |   Train Loss: 0.0093 | Test Loss: 0.3429 | Test Acc: 92.04%
2026-04-22 16:23:28 KST | INFO |   No improvement (2/30)
2026-04-22 16:23:28 KST | INFO | 
2026-04-22 16:23:28 KST | INFO | Epoch 186/200 | LR: 0.001382
2026-04-22 16:23:42 KST | INFO |   Train Loss: 0.0086 | Test Loss: 0.3399 | Test Acc: 92.31%
2026-04-22 16:23:42 KST | INFO |   🏆 New best accuracy: 92.31%
2026-04-22 16:23:42 KST | INFO | 
2026-04-22 16:23:42 KST | INFO | Epoch 187/200 | LR: 0.001205
2026-04-22 16:23:56 KST | INFO |   Train Loss: 0.0085 | Test Loss: 0.3492 | Test Acc: 92.24%
2026-04-22 16:23:56 KST | INFO |   No improvement (1/30)
2026-04-22 16:23:56 KST | INFO | 
2026-04-22 16:23:56 KST | INFO | Epoch 188/200 | LR: 0.001040
2026-04-22 16:24:10 KST | INFO |   Train Loss: 0.0079 | Test Loss: 0.3469 | Test Acc: 92.22%
2026-04-22 16:24:10 KST | INFO |   No improvement (2/30)
2026-04-22 16:24:10 KST | INFO | 
2026-04-22 16:24:10 KST | INFO | Epoch 189/200 | LR: 0.000887
2026-04-22 16:24:24 KST | INFO |   Train Loss: 0.0082 | Test Loss: 0.3388 | Test Acc: 92.31%
2026-04-22 16:24:24 KST | INFO |   No improvement (3/30)
2026-04-22 16:24:24 KST | INFO | 
2026-04-22 16:24:24 KST | INFO | Epoch 190/200 | LR: 0.000746
2026-04-22 16:24:38 KST | INFO |   Train Loss: 0.0075 | Test Loss: 0.3425 | Test Acc: 92.17%
2026-04-22 16:24:38 KST | INFO |   No improvement (4/30)
2026-04-22 16:24:38 KST | INFO | 
2026-04-22 16:24:38 KST | INFO | Epoch 191/200 | LR: 0.000617
2026-04-22 16:24:52 KST | INFO |   Train Loss: 0.0075 | Test Loss: 0.3388 | Test Acc: 92.15%
2026-04-22 16:24:52 KST | INFO |   No improvement (5/30)
2026-04-22 16:24:52 KST | INFO | 
2026-04-22 16:24:52 KST | INFO | Epoch 192/200 | LR: 0.000500
2026-04-22 16:25:06 KST | INFO |   Train Loss: 0.0069 | Test Loss: 0.3438 | Test Acc: 92.16%
2026-04-22 16:25:06 KST | INFO |   No improvement (6/30)
2026-04-22 16:25:06 KST | INFO | 
2026-04-22 16:25:06 KST | INFO | Epoch 193/200 | LR: 0.000395
2026-04-22 16:25:20 KST | INFO |   Train Loss: 0.0071 | Test Loss: 0.3402 | Test Acc: 92.24%
2026-04-22 16:25:20 KST | INFO |   No improvement (7/30)
2026-04-22 16:25:20 KST | INFO | 
2026-04-22 16:25:20 KST | INFO | Epoch 194/200 | LR: 0.000303
2026-04-22 16:25:33 KST | INFO |   Train Loss: 0.0068 | Test Loss: 0.3408 | Test Acc: 92.28%
2026-04-22 16:25:33 KST | INFO |   No improvement (8/30)
2026-04-22 16:25:33 KST | INFO | 
2026-04-22 16:25:33 KST | INFO | Epoch 195/200 | LR: 0.000223
2026-04-22 16:25:47 KST | INFO |   Train Loss: 0.0071 | Test Loss: 0.3433 | Test Acc: 92.16%
2026-04-22 16:25:47 KST | INFO |   No improvement (9/30)
2026-04-22 16:25:47 KST | INFO | 
2026-04-22 16:25:47 KST | INFO | Epoch 196/200 | LR: 0.000155
2026-04-22 16:26:01 KST | INFO |   Train Loss: 0.0071 | Test Loss: 0.3434 | Test Acc: 92.28%
2026-04-22 16:26:01 KST | INFO |   No improvement (10/30)
2026-04-22 16:26:01 KST | INFO | 
2026-04-22 16:26:01 KST | INFO | Epoch 197/200 | LR: 0.000100
2026-04-22 16:26:15 KST | INFO |   Train Loss: 0.0068 | Test Loss: 0.3435 | Test Acc: 92.26%
2026-04-22 16:26:15 KST | INFO |   No improvement (11/30)
2026-04-22 16:26:15 KST | INFO | 
2026-04-22 16:26:15 KST | INFO | Epoch 198/200 | LR: 0.000057
2026-04-22 16:26:29 KST | INFO |   Train Loss: 0.0065 | Test Loss: 0.3441 | Test Acc: 92.30%
2026-04-22 16:26:29 KST | INFO |   No improvement (12/30)
2026-04-22 16:26:29 KST | INFO | 
2026-04-22 16:26:29 KST | INFO | Epoch 199/200 | LR: 0.000026
2026-04-22 16:26:43 KST | INFO |   Train Loss: 0.0064 | Test Loss: 0.3444 | Test Acc: 92.24%
2026-04-22 16:26:43 KST | INFO |   No improvement (13/30)
2026-04-22 16:26:43 KST | INFO | 
2026-04-22 16:26:43 KST | INFO | Epoch 200/200 | LR: 0.000007
2026-04-22 16:26:57 KST | INFO |   Train Loss: 0.0064 | Test Loss: 0.3442 | Test Acc: 92.22%
2026-04-22 16:26:57 KST | INFO |   No improvement (14/30)
2026-04-22 16:26:57 KST | INFO | 
2026-04-22 16:26:57 KST | INFO | ================================================================================
2026-04-22 16:26:57 KST | INFO | TRAINING COMPLETE
2026-04-22 16:26:57 KST | INFO | ================================================================================
2026-04-22 16:26:57 KST | INFO | Best accuracy:  92.31% (Epoch 186)
2026-04-22 16:26:57 KST | INFO | Final accuracy: 92.22%
2026-04-22 16:26:57 KST | INFO | ================================================================================
2026-04-22 16:26:57 KST | INFO | 
2026-04-22 16:26:57 KST | INFO | Full log: logs/centralized_20260422_153958.log
2026-04-22 16:26:57 KST | INFO | ================================================================================
