2026-02-07 14:51:18 KST | INFO | ================================================================================
2026-02-07 14:51:18 KST | INFO | TL++ Orchestrator
2026-02-07 14:51:18 KST | INFO | ================================================================================
2026-02-07 14:51:18 KST | INFO | Log file: logs/TL++_base_20260207_145118.log
2026-02-07 14:51:18 KST | INFO | 
2026-02-07 14:51:18 KST | INFO | --------------------------------------------------------------------------------
2026-02-07 14:51:18 KST | INFO | CONFIGURATION
2026-02-07 14:51:18 KST | INFO | --------------------------------------------------------------------------------
2026-02-07 14:51:18 KST | INFO | Secure mode:      False
2026-02-07 14:51:18 KST | INFO | Nodes:            3
2026-02-07 14:51:18 KST | INFO | Cut layer:        3
2026-02-07 14:51:18 KST | INFO | Batch size:       128
2026-02-07 14:51:18 KST | INFO | Learning rate:    0.1
2026-02-07 14:51:18 KST | INFO | 
2026-02-07 14:51:18 KST | INFO | Computation device: cuda
2026-02-07 14:51:18 KST | INFO | Secure mode: DISABLED
2026-02-07 14:51:18 KST | INFO | 
2026-02-07 14:51:18 KST | INFO | --------------------------------------------------------------------------------
2026-02-07 14:51:18 KST | INFO | NETWORK SETUP
2026-02-07 14:51:18 KST | INFO | --------------------------------------------------------------------------------
2026-02-07 14:51:18 KST | INFO | ✓ Orchestrator listening on 127.0.0.1:8080
2026-02-07 14:51:18 KST | INFO | Waiting for 3 node(s)...
2026-02-07 14:51:21 KST | INFO |   ✓ Node 1/3 connected
2026-02-07 14:51:22 KST | INFO |   ✓ Node 2/3 connected
2026-02-07 14:51:23 KST | INFO |   ✓ Node 3/3 connected
2026-02-07 14:51:23 KST | INFO | ✓ All 3 node(s) connected
2026-02-07 14:51:23 KST | INFO | 
2026-02-07 14:51:23 KST | INFO | --------------------------------------------------------------------------------
2026-02-07 14:51:23 KST | INFO | MODEL INITIALIZATION
2026-02-07 14:51:23 KST | INFO | --------------------------------------------------------------------------------
2026-02-07 14:51:23 KST | INFO | Node-side parameters: 3,243,072
2026-02-07 14:51:23 KST | INFO | 
2026-02-07 14:51:23 KST | INFO | --------------------------------------------------------------------------------
2026-02-07 14:51:23 KST | INFO | BROADCASTING CONFIGURATION
2026-02-07 14:51:23 KST | INFO | --------------------------------------------------------------------------------
2026-02-07 14:51:24 KST | INFO | ✓ Configuration broadcast to all nodes
2026-02-07 14:51:24 KST | INFO | 
2026-02-07 14:51:24 KST | INFO | Total parameters:     3,244,611
2026-02-07 14:51:24 KST | INFO | Trainable parameters: 3,244,611
2026-02-07 14:51:24 KST | INFO | 
2026-02-07 14:51:24 KST | INFO | --------------------------------------------------------------------------------
2026-02-07 14:51:24 KST | INFO | DATA LOADING
2026-02-07 14:51:24 KST | INFO | --------------------------------------------------------------------------------
2026-02-07 14:51:49 KST | INFO | ✓ Dataset information collected:
2026-02-07 14:51:49 KST | INFO |     Node 1: 5,000 samples
2026-02-07 14:51:49 KST | INFO |     Node 2: 5,000 samples
2026-02-07 14:51:49 KST | INFO |     Node 3: 5,000 samples
2026-02-07 14:51:49 KST | INFO |   Total training samples: 15,000
2026-02-07 14:51:49 KST | INFO | 
2026-02-07 14:51:52 KST | INFO | ✓ Test dataset loaded: 3,000 samples
2026-02-07 14:51:52 KST | INFO | 
2026-02-07 14:51:52 KST | INFO | ✓ Batch scheduler: 118 batches/epoch
2026-02-07 14:51:52 KST | INFO | 
2026-02-07 14:51:52 KST | INFO | --------------------------------------------------------------------------------
2026-02-07 14:51:52 KST | INFO | OPTIMIZATION SETUP
2026-02-07 14:51:52 KST | INFO | --------------------------------------------------------------------------------
2026-02-07 14:51:52 KST | INFO | ✓ Optimizer: SGD (lr=0.1, momentum=0.9)
2026-02-07 14:51:52 KST | INFO | ✓ Scheduler: cosine
2026-02-07 14:51:52 KST | INFO | ✓ Gradient clipping: 1.0
2026-02-07 14:51:52 KST | INFO | 
2026-02-07 14:51:52 KST | INFO | ================================================================================
2026-02-07 14:51:52 KST | INFO | Setup complete - Ready for training
2026-02-07 14:51:52 KST | INFO | ================================================================================
2026-02-07 14:51:52 KST | INFO | 
2026-02-07 14:51:52 KST | INFO | --------------------------------------------------------------------------------
2026-02-07 14:51:52 KST | INFO | TRAINING
2026-02-07 14:51:52 KST | INFO | --------------------------------------------------------------------------------
2026-02-07 14:51:52 KST | INFO | 
2026-02-07 14:51:52 KST | INFO | Epoch 1/200 | LR: 0.100000
2026-02-07 14:52:17 KST | INFO |   Train Loss: 0.7846 | Test Loss: 0.0028 | Test Acc: 70.03%
2026-02-07 14:52:17 KST | INFO |   🏆 New best accuracy: 70.03%
2026-02-07 14:52:17 KST | INFO | 
2026-02-07 14:52:17 KST | INFO | Epoch 2/200 | LR: 0.099994
2026-02-07 14:52:42 KST | INFO |   Train Loss: 0.5111 | Test Loss: 0.0018 | Test Acc: 81.50%
2026-02-07 14:52:42 KST | INFO |   🏆 New best accuracy: 81.50%
2026-02-07 14:52:42 KST | INFO | 
2026-02-07 14:52:42 KST | INFO | Epoch 3/200 | LR: 0.099975
2026-02-07 14:53:06 KST | INFO |   Train Loss: 0.4079 | Test Loss: 0.0017 | Test Acc: 82.43%
2026-02-07 14:53:06 KST | INFO |   🏆 New best accuracy: 82.43%
2026-02-07 14:53:06 KST | INFO | 
2026-02-07 14:53:06 KST | INFO | Epoch 4/200 | LR: 0.099944
2026-02-07 14:53:31 KST | INFO |   Train Loss: 0.3449 | Test Loss: 0.0012 | Test Acc: 88.33%
2026-02-07 14:53:31 KST | INFO |   🏆 New best accuracy: 88.33%
2026-02-07 14:53:31 KST | INFO | 
2026-02-07 14:53:31 KST | INFO | Epoch 5/200 | LR: 0.099901
2026-02-07 14:53:53 KST | INFO |   Train Loss: 0.2879 | Test Loss: 0.0010 | Test Acc: 90.63%
2026-02-07 14:53:53 KST | INFO |   🏆 New best accuracy: 90.63%
2026-02-07 14:53:53 KST | INFO | 
2026-02-07 14:53:53 KST | INFO | Epoch 6/200 | LR: 0.099846
2026-02-07 14:54:15 KST | INFO |   Train Loss: 0.2635 | Test Loss: 0.0009 | Test Acc: 91.77%
2026-02-07 14:54:15 KST | INFO |   🏆 New best accuracy: 91.77%
2026-02-07 14:54:15 KST | INFO | 
2026-02-07 14:54:15 KST | INFO | Epoch 7/200 | LR: 0.099778
2026-02-07 14:54:37 KST | INFO |   Train Loss: 0.2338 | Test Loss: 0.0008 | Test Acc: 92.13%
2026-02-07 14:54:37 KST | INFO |   🏆 New best accuracy: 92.13%
2026-02-07 14:54:37 KST | INFO | 
2026-02-07 14:54:37 KST | INFO | Epoch 8/200 | LR: 0.099698
2026-02-07 14:54:58 KST | INFO |   Train Loss: 0.2229 | Test Loss: 0.0008 | Test Acc: 92.57%
2026-02-07 14:54:58 KST | INFO |   🏆 New best accuracy: 92.57%
2026-02-07 14:54:58 KST | INFO | 
2026-02-07 14:54:58 KST | INFO | Epoch 9/200 | LR: 0.099606
2026-02-07 14:55:20 KST | INFO |   Train Loss: 0.2010 | Test Loss: 0.0009 | Test Acc: 91.57%
2026-02-07 14:55:20 KST | INFO |   No improvement (1/30)
2026-02-07 14:55:20 KST | INFO | 
2026-02-07 14:55:20 KST | INFO | Epoch 10/200 | LR: 0.099501
2026-02-07 14:55:41 KST | INFO |   Train Loss: 0.1937 | Test Loss: 0.0015 | Test Acc: 85.03%
2026-02-07 14:55:41 KST | INFO |   No improvement (2/30)
2026-02-07 14:55:41 KST | INFO | 
2026-02-07 14:55:41 KST | INFO | Epoch 11/200 | LR: 0.099384
2026-02-07 14:56:03 KST | INFO |   Train Loss: 0.1826 | Test Loss: 0.0008 | Test Acc: 92.63%
2026-02-07 14:56:03 KST | INFO |   🏆 New best accuracy: 92.63%
2026-02-07 14:56:03 KST | INFO | 
2026-02-07 14:56:03 KST | INFO | Epoch 12/200 | LR: 0.099255
2026-02-07 14:56:25 KST | INFO |   Train Loss: 0.1721 | Test Loss: 0.0007 | Test Acc: 93.83%
2026-02-07 14:56:25 KST | INFO |   🏆 New best accuracy: 93.83%
2026-02-07 14:56:25 KST | INFO | 
2026-02-07 14:56:25 KST | INFO | Epoch 13/200 | LR: 0.099114
2026-02-07 14:56:46 KST | INFO |   Train Loss: 0.1681 | Test Loss: 0.0006 | Test Acc: 94.27%
2026-02-07 14:56:46 KST | INFO |   🏆 New best accuracy: 94.27%
2026-02-07 14:56:46 KST | INFO | 
2026-02-07 14:56:46 KST | INFO | Epoch 14/200 | LR: 0.098961
2026-02-07 14:57:08 KST | INFO |   Train Loss: 0.1611 | Test Loss: 0.0008 | Test Acc: 92.80%
2026-02-07 14:57:08 KST | INFO |   No improvement (1/30)
2026-02-07 14:57:08 KST | INFO | 
2026-02-07 14:57:08 KST | INFO | Epoch 15/200 | LR: 0.098796
2026-02-07 14:57:30 KST | INFO |   Train Loss: 0.1544 | Test Loss: 0.0009 | Test Acc: 91.73%
2026-02-07 14:57:30 KST | INFO |   No improvement (2/30)
2026-02-07 14:57:30 KST | INFO | 
2026-02-07 14:57:30 KST | INFO | Epoch 16/200 | LR: 0.098619
2026-02-07 14:57:52 KST | INFO |   Train Loss: 0.1490 | Test Loss: 0.0007 | Test Acc: 93.43%
2026-02-07 14:57:52 KST | INFO |   No improvement (3/30)
2026-02-07 14:57:52 KST | INFO | 
2026-02-07 14:57:52 KST | INFO | Epoch 17/200 | LR: 0.098429
2026-02-07 14:58:13 KST | INFO |   Train Loss: 0.1433 | Test Loss: 0.0006 | Test Acc: 94.47%
2026-02-07 14:58:13 KST | INFO |   🏆 New best accuracy: 94.47%
2026-02-07 14:58:13 KST | INFO | 
2026-02-07 14:58:13 KST | INFO | Epoch 18/200 | LR: 0.098228
2026-02-07 14:58:35 KST | INFO |   Train Loss: 0.1401 | Test Loss: 0.0006 | Test Acc: 95.13%
2026-02-07 14:58:35 KST | INFO |   🏆 New best accuracy: 95.13%
2026-02-07 14:58:35 KST | INFO | 
2026-02-07 14:58:35 KST | INFO | Epoch 19/200 | LR: 0.098015
2026-02-07 14:58:57 KST | INFO |   Train Loss: 0.1361 | Test Loss: 0.0010 | Test Acc: 91.33%
2026-02-07 14:58:57 KST | INFO |   No improvement (1/30)
2026-02-07 14:58:57 KST | INFO | 
2026-02-07 14:58:57 KST | INFO | Epoch 20/200 | LR: 0.097790
2026-02-07 14:59:19 KST | INFO |   Train Loss: 0.1291 | Test Loss: 0.0008 | Test Acc: 92.80%
2026-02-07 14:59:19 KST | INFO |   No improvement (2/30)
2026-02-07 14:59:19 KST | INFO | 
2026-02-07 14:59:19 KST | INFO | Epoch 21/200 | LR: 0.097553
2026-02-07 14:59:39 KST | INFO |   Train Loss: 0.1310 | Test Loss: 0.0007 | Test Acc: 93.57%
2026-02-07 14:59:39 KST | INFO |   No improvement (3/30)
2026-02-07 14:59:39 KST | INFO | 
2026-02-07 14:59:39 KST | INFO | Epoch 22/200 | LR: 0.097304
2026-02-07 15:00:01 KST | INFO |   Train Loss: 0.1244 | Test Loss: 0.0007 | Test Acc: 92.70%
2026-02-07 15:00:01 KST | INFO |   No improvement (4/30)
2026-02-07 15:00:01 KST | INFO | 
2026-02-07 15:00:01 KST | INFO | Epoch 23/200 | LR: 0.097044
2026-02-07 15:00:22 KST | INFO |   Train Loss: 0.1193 | Test Loss: 0.0008 | Test Acc: 92.90%
2026-02-07 15:00:22 KST | INFO |   No improvement (5/30)
2026-02-07 15:00:22 KST | INFO | 
2026-02-07 15:00:22 KST | INFO | Epoch 24/200 | LR: 0.096772
2026-02-07 15:00:44 KST | INFO |   Train Loss: 0.1191 | Test Loss: 0.0007 | Test Acc: 94.10%
2026-02-07 15:00:44 KST | INFO |   No improvement (6/30)
2026-02-07 15:00:44 KST | INFO | 
2026-02-07 15:00:44 KST | INFO | Epoch 25/200 | LR: 0.096489
2026-02-07 15:01:05 KST | INFO |   Train Loss: 0.1159 | Test Loss: 0.0005 | Test Acc: 94.93%
2026-02-07 15:01:05 KST | INFO |   No improvement (7/30)
2026-02-07 15:01:05 KST | INFO | 
2026-02-07 15:01:05 KST | INFO | Epoch 26/200 | LR: 0.096194
2026-02-07 15:01:26 KST | INFO |   Train Loss: 0.1181 | Test Loss: 0.0005 | Test Acc: 95.63%
2026-02-07 15:01:26 KST | INFO |   🏆 New best accuracy: 95.63%
2026-02-07 15:01:26 KST | INFO | 
2026-02-07 15:01:26 KST | INFO | Epoch 27/200 | LR: 0.095888
2026-02-07 15:01:48 KST | INFO |   Train Loss: 0.1199 | Test Loss: 0.0007 | Test Acc: 93.67%
2026-02-07 15:01:48 KST | INFO |   No improvement (1/30)
2026-02-07 15:01:48 KST | INFO | 
2026-02-07 15:01:48 KST | INFO | Epoch 28/200 | LR: 0.095570
2026-02-07 15:02:09 KST | INFO |   Train Loss: 0.1118 | Test Loss: 0.0012 | Test Acc: 90.03%
2026-02-07 15:02:09 KST | INFO |   No improvement (2/30)
2026-02-07 15:02:09 KST | INFO | 
2026-02-07 15:02:09 KST | INFO | Epoch 29/200 | LR: 0.095241
2026-02-07 15:02:31 KST | INFO |   Train Loss: 0.1074 | Test Loss: 0.0014 | Test Acc: 89.20%
2026-02-07 15:02:31 KST | INFO |   No improvement (3/30)
2026-02-07 15:02:31 KST | INFO | 
2026-02-07 15:02:31 KST | INFO | Epoch 30/200 | LR: 0.094901
2026-02-07 15:02:51 KST | INFO |   Train Loss: 0.1039 | Test Loss: 0.0006 | Test Acc: 94.73%
2026-02-07 15:02:51 KST | INFO |   No improvement (4/30)
2026-02-07 15:02:51 KST | INFO | 
2026-02-07 15:02:51 KST | INFO | Epoch 31/200 | LR: 0.094550
2026-02-07 15:03:12 KST | INFO |   Train Loss: 0.1035 | Test Loss: 0.0005 | Test Acc: 95.50%
2026-02-07 15:03:12 KST | INFO |   No improvement (5/30)
2026-02-07 15:03:12 KST | INFO | 
2026-02-07 15:03:12 KST | INFO | Epoch 32/200 | LR: 0.094188
2026-02-07 15:03:32 KST | INFO |   Train Loss: 0.0972 | Test Loss: 0.0007 | Test Acc: 93.33%
2026-02-07 15:03:32 KST | INFO |   No improvement (6/30)
2026-02-07 15:03:32 KST | INFO | 
2026-02-07 15:03:32 KST | INFO | Epoch 33/200 | LR: 0.093815
2026-02-07 15:03:53 KST | INFO |   Train Loss: 0.1029 | Test Loss: 0.0005 | Test Acc: 95.27%
2026-02-07 15:03:53 KST | INFO |   No improvement (7/30)
2026-02-07 15:03:53 KST | INFO | 
2026-02-07 15:03:53 KST | INFO | Epoch 34/200 | LR: 0.093432
2026-02-07 15:04:14 KST | INFO |   Train Loss: 0.0942 | Test Loss: 0.0006 | Test Acc: 94.30%
2026-02-07 15:04:14 KST | INFO |   No improvement (8/30)
2026-02-07 15:04:14 KST | INFO | 
2026-02-07 15:04:14 KST | INFO | Epoch 35/200 | LR: 0.093037
2026-02-07 15:04:34 KST | INFO |   Train Loss: 0.0912 | Test Loss: 0.0007 | Test Acc: 93.43%
2026-02-07 15:04:34 KST | INFO |   No improvement (9/30)
2026-02-07 15:04:34 KST | INFO | 
2026-02-07 15:04:34 KST | INFO | Epoch 36/200 | LR: 0.092632
2026-02-07 15:04:55 KST | INFO |   Train Loss: 0.0987 | Test Loss: 0.0006 | Test Acc: 94.20%
2026-02-07 15:04:55 KST | INFO |   No improvement (10/30)
2026-02-07 15:04:55 KST | INFO | 
2026-02-07 15:04:55 KST | INFO | Epoch 37/200 | LR: 0.092216
2026-02-07 15:05:16 KST | INFO |   Train Loss: 0.0945 | Test Loss: 0.0005 | Test Acc: 95.67%
2026-02-07 15:05:16 KST | INFO |   🏆 New best accuracy: 95.67%
2026-02-07 15:05:16 KST | INFO | 
2026-02-07 15:05:16 KST | INFO | Epoch 38/200 | LR: 0.091790
2026-02-07 15:05:36 KST | INFO |   Train Loss: 0.0874 | Test Loss: 0.0006 | Test Acc: 94.03%
2026-02-07 15:05:36 KST | INFO |   No improvement (1/30)
2026-02-07 15:05:36 KST | INFO | 
2026-02-07 15:05:36 KST | INFO | Epoch 39/200 | LR: 0.091354
2026-02-07 15:05:57 KST | INFO |   Train Loss: 0.0840 | Test Loss: 0.0008 | Test Acc: 93.73%
2026-02-07 15:05:57 KST | INFO |   No improvement (2/30)
2026-02-07 15:05:57 KST | INFO | 
2026-02-07 15:05:57 KST | INFO | Epoch 40/200 | LR: 0.090908
2026-02-07 15:06:17 KST | INFO |   Train Loss: 0.0923 | Test Loss: 0.0006 | Test Acc: 95.03%
2026-02-07 15:06:17 KST | INFO |   No improvement (3/30)
2026-02-07 15:06:17 KST | INFO | 
2026-02-07 15:06:17 KST | INFO | Epoch 41/200 | LR: 0.090451
2026-02-07 15:06:38 KST | INFO |   Train Loss: 0.0886 | Test Loss: 0.0005 | Test Acc: 95.47%
2026-02-07 15:06:38 KST | INFO |   No improvement (4/30)
2026-02-07 15:06:38 KST | INFO | 
2026-02-07 15:06:38 KST | INFO | Epoch 42/200 | LR: 0.089984
2026-02-07 15:06:59 KST | INFO |   Train Loss: 0.0869 | Test Loss: 0.0007 | Test Acc: 93.97%
2026-02-07 15:06:59 KST | INFO |   No improvement (5/30)
2026-02-07 15:06:59 KST | INFO | 
2026-02-07 15:06:59 KST | INFO | Epoch 43/200 | LR: 0.089508
2026-02-07 15:07:19 KST | INFO |   Train Loss: 0.0869 | Test Loss: 0.0005 | Test Acc: 95.30%
2026-02-07 15:07:19 KST | INFO |   No improvement (6/30)
2026-02-07 15:07:19 KST | INFO | 
2026-02-07 15:07:19 KST | INFO | Epoch 44/200 | LR: 0.089022
2026-02-07 15:07:39 KST | INFO |   Train Loss: 0.0831 | Test Loss: 0.0006 | Test Acc: 94.93%
2026-02-07 15:07:39 KST | INFO |   No improvement (7/30)
2026-02-07 15:07:39 KST | INFO | 
2026-02-07 15:07:39 KST | INFO | Epoch 45/200 | LR: 0.088526
2026-02-07 15:07:58 KST | INFO |   Train Loss: 0.0803 | Test Loss: 0.0006 | Test Acc: 94.77%
2026-02-07 15:07:58 KST | INFO |   No improvement (8/30)
2026-02-07 15:07:58 KST | INFO | 
2026-02-07 15:07:58 KST | INFO | Epoch 46/200 | LR: 0.088020
2026-02-07 15:08:17 KST | INFO |   Train Loss: 0.0772 | Test Loss: 0.0008 | Test Acc: 93.00%
2026-02-07 15:08:17 KST | INFO |   No improvement (9/30)
2026-02-07 15:08:17 KST | INFO | 
2026-02-07 15:08:17 KST | INFO | Epoch 47/200 | LR: 0.087506
2026-02-07 15:08:36 KST | INFO |   Train Loss: 0.0862 | Test Loss: 0.0007 | Test Acc: 94.10%
2026-02-07 15:08:36 KST | INFO |   No improvement (10/30)
2026-02-07 15:08:36 KST | INFO | 
2026-02-07 15:08:36 KST | INFO | Epoch 48/200 | LR: 0.086982
2026-02-07 15:08:56 KST | INFO |   Train Loss: 0.0792 | Test Loss: 0.0008 | Test Acc: 93.37%
2026-02-07 15:08:56 KST | INFO |   No improvement (11/30)
2026-02-07 15:08:56 KST | INFO | 
2026-02-07 15:08:56 KST | INFO | Epoch 49/200 | LR: 0.086449
2026-02-07 15:09:15 KST | INFO |   Train Loss: 0.0787 | Test Loss: 0.0007 | Test Acc: 93.93%
2026-02-07 15:09:15 KST | INFO |   No improvement (12/30)
2026-02-07 15:09:15 KST | INFO | 
2026-02-07 15:09:15 KST | INFO | Epoch 50/200 | LR: 0.085906
2026-02-07 15:09:35 KST | INFO |   Train Loss: 0.0754 | Test Loss: 0.0006 | Test Acc: 94.73%
2026-02-07 15:09:35 KST | INFO |   No improvement (13/30)
2026-02-07 15:09:35 KST | INFO | 
2026-02-07 15:09:35 KST | INFO | Epoch 51/200 | LR: 0.085355
2026-02-07 15:09:54 KST | INFO |   Train Loss: 0.0752 | Test Loss: 0.0006 | Test Acc: 95.23%
2026-02-07 15:09:54 KST | INFO |   No improvement (14/30)
2026-02-07 15:09:54 KST | INFO | 
2026-02-07 15:09:54 KST | INFO | Epoch 52/200 | LR: 0.084796
2026-02-07 15:10:13 KST | INFO |   Train Loss: 0.0731 | Test Loss: 0.0007 | Test Acc: 93.77%
2026-02-07 15:10:13 KST | INFO |   No improvement (15/30)
2026-02-07 15:10:13 KST | INFO | 
2026-02-07 15:10:13 KST | INFO | Epoch 53/200 | LR: 0.084228
2026-02-07 15:10:33 KST | INFO |   Train Loss: 0.0759 | Test Loss: 0.0006 | Test Acc: 94.93%
2026-02-07 15:10:33 KST | INFO |   No improvement (16/30)
2026-02-07 15:10:33 KST | INFO | 
2026-02-07 15:10:33 KST | INFO | Epoch 54/200 | LR: 0.083651
2026-02-07 15:10:52 KST | INFO |   Train Loss: 0.0746 | Test Loss: 0.0007 | Test Acc: 94.00%
2026-02-07 15:10:52 KST | INFO |   No improvement (17/30)
2026-02-07 15:10:52 KST | INFO | 
2026-02-07 15:10:52 KST | INFO | Epoch 55/200 | LR: 0.083066
2026-02-07 15:11:11 KST | INFO |   Train Loss: 0.0739 | Test Loss: 0.0006 | Test Acc: 94.93%
2026-02-07 15:11:11 KST | INFO |   No improvement (18/30)
2026-02-07 15:11:11 KST | INFO | 
2026-02-07 15:11:11 KST | INFO | Epoch 56/200 | LR: 0.082473
2026-02-07 15:11:30 KST | INFO |   Train Loss: 0.0736 | Test Loss: 0.0010 | Test Acc: 93.27%
2026-02-07 15:11:30 KST | INFO |   No improvement (19/30)
2026-02-07 15:11:30 KST | INFO | 
2026-02-07 15:11:30 KST | INFO | Epoch 57/200 | LR: 0.081871
2026-02-07 15:11:49 KST | INFO |   Train Loss: 0.0664 | Test Loss: 0.0009 | Test Acc: 93.03%
2026-02-07 15:11:49 KST | INFO |   No improvement (20/30)
2026-02-07 15:11:49 KST | INFO | 
2026-02-07 15:11:49 KST | INFO | Epoch 58/200 | LR: 0.081262
2026-02-07 15:12:08 KST | INFO |   Train Loss: 0.0664 | Test Loss: 0.0009 | Test Acc: 93.20%
2026-02-07 15:12:08 KST | INFO |   No improvement (21/30)
2026-02-07 15:12:08 KST | INFO | 
2026-02-07 15:12:08 KST | INFO | Epoch 59/200 | LR: 0.080646
2026-02-07 15:12:28 KST | INFO |   Train Loss: 0.0740 | Test Loss: 0.0012 | Test Acc: 90.60%
2026-02-07 15:12:28 KST | INFO |   No improvement (22/30)
2026-02-07 15:12:28 KST | INFO | 
2026-02-07 15:12:28 KST | INFO | Epoch 60/200 | LR: 0.080021
2026-02-07 15:12:47 KST | INFO |   Train Loss: 0.0596 | Test Loss: 0.0005 | Test Acc: 96.23%
2026-02-07 15:12:47 KST | INFO |   🏆 New best accuracy: 96.23%
2026-02-07 15:12:47 KST | INFO | 
2026-02-07 15:12:47 KST | INFO | Epoch 61/200 | LR: 0.079389
2026-02-07 15:13:06 KST | INFO |   Train Loss: 0.0628 | Test Loss: 0.0005 | Test Acc: 95.30%
2026-02-07 15:13:06 KST | INFO |   No improvement (1/30)
2026-02-07 15:13:06 KST | INFO | 
2026-02-07 15:13:06 KST | INFO | Epoch 62/200 | LR: 0.078750
2026-02-07 15:13:26 KST | INFO |   Train Loss: 0.0646 | Test Loss: 0.0006 | Test Acc: 95.30%
2026-02-07 15:13:26 KST | INFO |   No improvement (2/30)
2026-02-07 15:13:26 KST | INFO | 
2026-02-07 15:13:26 KST | INFO | Epoch 63/200 | LR: 0.078104
2026-02-07 15:13:45 KST | INFO |   Train Loss: 0.0654 | Test Loss: 0.0006 | Test Acc: 94.70%
2026-02-07 15:13:45 KST | INFO |   No improvement (3/30)
2026-02-07 15:13:45 KST | INFO | 
2026-02-07 15:13:45 KST | INFO | Epoch 64/200 | LR: 0.077451
2026-02-07 15:14:04 KST | INFO |   Train Loss: 0.0649 | Test Loss: 0.0005 | Test Acc: 96.10%
2026-02-07 15:14:04 KST | INFO |   No improvement (4/30)
2026-02-07 15:14:04 KST | INFO | 
2026-02-07 15:14:04 KST | INFO | Epoch 65/200 | LR: 0.076792
2026-02-07 15:14:24 KST | INFO |   Train Loss: 0.0594 | Test Loss: 0.0007 | Test Acc: 94.67%
2026-02-07 15:14:24 KST | INFO |   No improvement (5/30)
2026-02-07 15:14:24 KST | INFO | 
2026-02-07 15:14:24 KST | INFO | Epoch 66/200 | LR: 0.076125
2026-02-07 15:14:44 KST | INFO |   Train Loss: 0.0600 | Test Loss: 0.0007 | Test Acc: 94.03%
2026-02-07 15:14:44 KST | INFO |   No improvement (6/30)
2026-02-07 15:14:44 KST | INFO | 
2026-02-07 15:14:44 KST | INFO | Epoch 67/200 | LR: 0.075452
2026-02-07 15:15:03 KST | INFO |   Train Loss: 0.0569 | Test Loss: 0.0005 | Test Acc: 95.20%
2026-02-07 15:15:03 KST | INFO |   No improvement (7/30)
2026-02-07 15:15:03 KST | INFO | 
2026-02-07 15:15:03 KST | INFO | Epoch 68/200 | LR: 0.074773
2026-02-07 15:15:22 KST | INFO |   Train Loss: 0.0597 | Test Loss: 0.0005 | Test Acc: 96.00%
2026-02-07 15:15:22 KST | INFO |   No improvement (8/30)
2026-02-07 15:15:22 KST | INFO | 
2026-02-07 15:15:22 KST | INFO | Epoch 69/200 | LR: 0.074088
2026-02-07 15:15:42 KST | INFO |   Train Loss: 0.0546 | Test Loss: 0.0005 | Test Acc: 95.57%
2026-02-07 15:15:42 KST | INFO |   No improvement (9/30)
2026-02-07 15:15:42 KST | INFO | 
2026-02-07 15:15:42 KST | INFO | Epoch 70/200 | LR: 0.073397
2026-02-07 15:16:01 KST | INFO |   Train Loss: 0.0571 | Test Loss: 0.0005 | Test Acc: 96.30%
2026-02-07 15:16:01 KST | INFO |   🏆 New best accuracy: 96.30%
2026-02-07 15:16:01 KST | INFO | 
2026-02-07 15:16:01 KST | INFO | Epoch 71/200 | LR: 0.072700
2026-02-07 15:16:21 KST | INFO |   Train Loss: 0.0531 | Test Loss: 0.0005 | Test Acc: 95.77%
2026-02-07 15:16:21 KST | INFO |   No improvement (1/30)
2026-02-07 15:16:21 KST | INFO | 
2026-02-07 15:16:21 KST | INFO | Epoch 72/200 | LR: 0.071997
2026-02-07 15:16:41 KST | INFO |   Train Loss: 0.0534 | Test Loss: 0.0004 | Test Acc: 96.53%
2026-02-07 15:16:41 KST | INFO |   🏆 New best accuracy: 96.53%
2026-02-07 15:16:41 KST | INFO | 
2026-02-07 15:16:41 KST | INFO | Epoch 73/200 | LR: 0.071289
2026-02-07 15:17:00 KST | INFO |   Train Loss: 0.0565 | Test Loss: 0.0007 | Test Acc: 94.57%
2026-02-07 15:17:00 KST | INFO |   No improvement (1/30)
2026-02-07 15:17:00 KST | INFO | 
2026-02-07 15:17:00 KST | INFO | Epoch 74/200 | LR: 0.070576
2026-02-07 15:17:20 KST | INFO |   Train Loss: 0.0547 | Test Loss: 0.0005 | Test Acc: 96.00%
2026-02-07 15:17:20 KST | INFO |   No improvement (2/30)
2026-02-07 15:17:20 KST | INFO | 
2026-02-07 15:17:20 KST | INFO | Epoch 75/200 | LR: 0.069858
2026-02-07 15:17:39 KST | INFO |   Train Loss: 0.0566 | Test Loss: 0.0006 | Test Acc: 95.20%
2026-02-07 15:17:39 KST | INFO |   No improvement (3/30)
2026-02-07 15:17:39 KST | INFO | 
2026-02-07 15:17:39 KST | INFO | Epoch 76/200 | LR: 0.069134
2026-02-07 15:17:59 KST | INFO |   Train Loss: 0.0565 | Test Loss: 0.0005 | Test Acc: 96.03%
2026-02-07 15:17:59 KST | INFO |   No improvement (4/30)
2026-02-07 15:17:59 KST | INFO | 
2026-02-07 15:17:59 KST | INFO | Epoch 77/200 | LR: 0.068407
2026-02-07 15:18:18 KST | INFO |   Train Loss: 0.0534 | Test Loss: 0.0006 | Test Acc: 95.27%
2026-02-07 15:18:18 KST | INFO |   No improvement (5/30)
2026-02-07 15:18:18 KST | INFO | 
2026-02-07 15:18:18 KST | INFO | Epoch 78/200 | LR: 0.067674
2026-02-07 15:18:37 KST | INFO |   Train Loss: 0.0518 | Test Loss: 0.0006 | Test Acc: 95.10%
2026-02-07 15:18:37 KST | INFO |   No improvement (6/30)
2026-02-07 15:18:37 KST | INFO | 
2026-02-07 15:18:37 KST | INFO | Epoch 79/200 | LR: 0.066937
2026-02-07 15:18:56 KST | INFO |   Train Loss: 0.0468 | Test Loss: 0.0004 | Test Acc: 96.53%
2026-02-07 15:18:56 KST | INFO |   No improvement (7/30)
2026-02-07 15:18:56 KST | INFO | 
2026-02-07 15:18:56 KST | INFO | Epoch 80/200 | LR: 0.066196
2026-02-07 15:19:16 KST | INFO |   Train Loss: 0.0519 | Test Loss: 0.0007 | Test Acc: 95.13%
2026-02-07 15:19:16 KST | INFO |   No improvement (8/30)
2026-02-07 15:19:16 KST | INFO | 
2026-02-07 15:19:16 KST | INFO | Epoch 81/200 | LR: 0.065451
2026-02-07 15:19:35 KST | INFO |   Train Loss: 0.0471 | Test Loss: 0.0005 | Test Acc: 95.60%
2026-02-07 15:19:35 KST | INFO |   No improvement (9/30)
2026-02-07 15:19:35 KST | INFO | 
2026-02-07 15:19:35 KST | INFO | Epoch 82/200 | LR: 0.064702
2026-02-07 15:19:54 KST | INFO |   Train Loss: 0.0485 | Test Loss: 0.0005 | Test Acc: 95.70%
2026-02-07 15:19:54 KST | INFO |   No improvement (10/30)
2026-02-07 15:19:54 KST | INFO | 
2026-02-07 15:19:54 KST | INFO | Epoch 83/200 | LR: 0.063950
2026-02-07 15:20:14 KST | INFO |   Train Loss: 0.0437 | Test Loss: 0.0005 | Test Acc: 96.23%
2026-02-07 15:20:14 KST | INFO |   No improvement (11/30)
2026-02-07 15:20:14 KST | INFO | 
2026-02-07 15:20:14 KST | INFO | Epoch 84/200 | LR: 0.063194
2026-02-07 15:20:33 KST | INFO |   Train Loss: 0.0474 | Test Loss: 0.0005 | Test Acc: 95.87%
2026-02-07 15:20:33 KST | INFO |   No improvement (12/30)
2026-02-07 15:20:33 KST | INFO | 
2026-02-07 15:20:33 KST | INFO | Epoch 85/200 | LR: 0.062435
2026-02-07 15:20:52 KST | INFO |   Train Loss: 0.0488 | Test Loss: 0.0009 | Test Acc: 93.13%
2026-02-07 15:20:52 KST | INFO |   No improvement (13/30)
2026-02-07 15:20:52 KST | INFO | 
2026-02-07 15:20:52 KST | INFO | Epoch 86/200 | LR: 0.061673
2026-02-07 15:21:11 KST | INFO |   Train Loss: 0.0396 | Test Loss: 0.0005 | Test Acc: 95.87%
2026-02-07 15:21:11 KST | INFO |   No improvement (14/30)
2026-02-07 15:21:11 KST | INFO | 
2026-02-07 15:21:11 KST | INFO | Epoch 87/200 | LR: 0.060908
2026-02-07 15:21:30 KST | INFO |   Train Loss: 0.0408 | Test Loss: 0.0006 | Test Acc: 95.53%
2026-02-07 15:21:30 KST | INFO |   No improvement (15/30)
2026-02-07 15:21:30 KST | INFO | 
2026-02-07 15:21:30 KST | INFO | Epoch 88/200 | LR: 0.060140
2026-02-07 15:21:49 KST | INFO |   Train Loss: 0.0378 | Test Loss: 0.0007 | Test Acc: 95.23%
2026-02-07 15:21:49 KST | INFO |   No improvement (16/30)
2026-02-07 15:21:49 KST | INFO | 
2026-02-07 15:21:49 KST | INFO | Epoch 89/200 | LR: 0.059369
2026-02-07 15:22:09 KST | INFO |   Train Loss: 0.0418 | Test Loss: 0.0005 | Test Acc: 95.17%
2026-02-07 15:22:09 KST | INFO |   No improvement (17/30)
2026-02-07 15:22:09 KST | INFO | 
2026-02-07 15:22:09 KST | INFO | Epoch 90/200 | LR: 0.058597
2026-02-07 15:22:29 KST | INFO |   Train Loss: 0.0403 | Test Loss: 0.0006 | Test Acc: 95.33%
2026-02-07 15:22:29 KST | INFO |   No improvement (18/30)
2026-02-07 15:22:29 KST | INFO | 
2026-02-07 15:22:29 KST | INFO | Epoch 91/200 | LR: 0.057822
2026-02-07 15:22:48 KST | INFO |   Train Loss: 0.0472 | Test Loss: 0.0005 | Test Acc: 96.30%
2026-02-07 15:22:48 KST | INFO |   No improvement (19/30)
2026-02-07 15:22:48 KST | INFO | 
2026-02-07 15:22:48 KST | INFO | Epoch 92/200 | LR: 0.057045
2026-02-07 15:23:08 KST | INFO |   Train Loss: 0.0434 | Test Loss: 0.0006 | Test Acc: 95.77%
2026-02-07 15:23:08 KST | INFO |   No improvement (20/30)
2026-02-07 15:23:08 KST | INFO | 
2026-02-07 15:23:08 KST | INFO | Epoch 93/200 | LR: 0.056267
2026-02-07 15:23:27 KST | INFO |   Train Loss: 0.0403 | Test Loss: 0.0004 | Test Acc: 96.33%
2026-02-07 15:23:27 KST | INFO |   No improvement (21/30)
2026-02-07 15:23:27 KST | INFO | 
2026-02-07 15:23:27 KST | INFO | Epoch 94/200 | LR: 0.055487
2026-02-07 15:23:47 KST | INFO |   Train Loss: 0.0388 | Test Loss: 0.0005 | Test Acc: 95.90%
2026-02-07 15:23:47 KST | INFO |   No improvement (22/30)
2026-02-07 15:23:47 KST | INFO | 
2026-02-07 15:23:47 KST | INFO | Epoch 95/200 | LR: 0.054706
2026-02-07 15:24:06 KST | INFO |   Train Loss: 0.0380 | Test Loss: 0.0005 | Test Acc: 96.43%
2026-02-07 15:24:06 KST | INFO |   No improvement (23/30)
2026-02-07 15:24:06 KST | INFO | 
2026-02-07 15:24:06 KST | INFO | Epoch 96/200 | LR: 0.053923
2026-02-07 15:24:26 KST | INFO |   Train Loss: 0.0301 | Test Loss: 0.0007 | Test Acc: 95.17%
2026-02-07 15:24:26 KST | INFO |   No improvement (24/30)
2026-02-07 15:24:26 KST | INFO | 
2026-02-07 15:24:26 KST | INFO | Epoch 97/200 | LR: 0.053140
2026-02-07 15:24:46 KST | INFO |   Train Loss: 0.0398 | Test Loss: 0.0005 | Test Acc: 96.00%
2026-02-07 15:24:46 KST | INFO |   No improvement (25/30)
2026-02-07 15:24:46 KST | INFO | 
2026-02-07 15:24:46 KST | INFO | Epoch 98/200 | LR: 0.052356
2026-02-07 15:25:05 KST | INFO |   Train Loss: 0.0341 | Test Loss: 0.0006 | Test Acc: 95.43%
2026-02-07 15:25:05 KST | INFO |   No improvement (26/30)
2026-02-07 15:25:05 KST | INFO | 
2026-02-07 15:25:05 KST | INFO | Epoch 99/200 | LR: 0.051571
2026-02-07 15:25:24 KST | INFO |   Train Loss: 0.0335 | Test Loss: 0.0005 | Test Acc: 96.67%
2026-02-07 15:25:24 KST | INFO |   🏆 New best accuracy: 96.67%
2026-02-07 15:25:24 KST | INFO | 
2026-02-07 15:25:24 KST | INFO | Epoch 100/200 | LR: 0.050786
2026-02-07 15:25:44 KST | INFO |   Train Loss: 0.0337 | Test Loss: 0.0006 | Test Acc: 95.47%
2026-02-07 15:25:44 KST | INFO |   No improvement (1/30)
2026-02-07 15:25:44 KST | INFO | 
2026-02-07 15:25:44 KST | INFO | Epoch 101/200 | LR: 0.050001
2026-02-07 15:26:04 KST | INFO |   Train Loss: 0.0309 | Test Loss: 0.0007 | Test Acc: 94.60%
2026-02-07 15:26:04 KST | INFO |   No improvement (2/30)
2026-02-07 15:26:04 KST | INFO | 
2026-02-07 15:26:04 KST | INFO | Epoch 102/200 | LR: 0.049215
2026-02-07 15:26:23 KST | INFO |   Train Loss: 0.0315 | Test Loss: 0.0005 | Test Acc: 95.70%
2026-02-07 15:26:23 KST | INFO |   No improvement (3/30)
2026-02-07 15:26:23 KST | INFO | 
2026-02-07 15:26:23 KST | INFO | Epoch 103/200 | LR: 0.048430
2026-02-07 15:26:43 KST | INFO |   Train Loss: 0.0369 | Test Loss: 0.0005 | Test Acc: 96.63%
2026-02-07 15:26:43 KST | INFO |   No improvement (4/30)
2026-02-07 15:26:43 KST | INFO | 
2026-02-07 15:26:43 KST | INFO | Epoch 104/200 | LR: 0.047645
2026-02-07 15:27:02 KST | INFO |   Train Loss: 0.0316 | Test Loss: 0.0005 | Test Acc: 96.30%
2026-02-07 15:27:02 KST | INFO |   No improvement (5/30)
2026-02-07 15:27:02 KST | INFO | 
2026-02-07 15:27:02 KST | INFO | Epoch 105/200 | LR: 0.046861
2026-02-07 15:27:21 KST | INFO |   Train Loss: 0.0318 | Test Loss: 0.0005 | Test Acc: 96.43%
2026-02-07 15:27:21 KST | INFO |   No improvement (6/30)
2026-02-07 15:27:21 KST | INFO | 
2026-02-07 15:27:21 KST | INFO | Epoch 106/200 | LR: 0.046078
2026-02-07 15:27:40 KST | INFO |   Train Loss: 0.0306 | Test Loss: 0.0006 | Test Acc: 95.90%
2026-02-07 15:27:40 KST | INFO |   No improvement (7/30)
2026-02-07 15:27:40 KST | INFO | 
2026-02-07 15:27:40 KST | INFO | Epoch 107/200 | LR: 0.045295
2026-02-07 15:28:00 KST | INFO |   Train Loss: 0.0317 | Test Loss: 0.0005 | Test Acc: 96.63%
2026-02-07 15:28:00 KST | INFO |   No improvement (8/30)
2026-02-07 15:28:00 KST | INFO | 
2026-02-07 15:28:00 KST | INFO | Epoch 108/200 | LR: 0.044514
2026-02-07 15:28:19 KST | INFO |   Train Loss: 0.0266 | Test Loss: 0.0008 | Test Acc: 94.47%
2026-02-07 15:28:19 KST | INFO |   No improvement (9/30)
2026-02-07 15:28:19 KST | INFO | 
2026-02-07 15:28:19 KST | INFO | Epoch 109/200 | LR: 0.043734
2026-02-07 15:28:38 KST | INFO |   Train Loss: 0.0291 | Test Loss: 0.0005 | Test Acc: 96.37%
2026-02-07 15:28:38 KST | INFO |   No improvement (10/30)
2026-02-07 15:28:38 KST | INFO | 
2026-02-07 15:28:38 KST | INFO | Epoch 110/200 | LR: 0.042956
2026-02-07 15:28:58 KST | INFO |   Train Loss: 0.0309 | Test Loss: 0.0005 | Test Acc: 96.37%
2026-02-07 15:28:58 KST | INFO |   No improvement (11/30)
2026-02-07 15:28:58 KST | INFO | 
2026-02-07 15:28:58 KST | INFO | Epoch 111/200 | LR: 0.042179
2026-02-07 15:29:17 KST | INFO |   Train Loss: 0.0297 | Test Loss: 0.0007 | Test Acc: 94.90%
2026-02-07 15:29:17 KST | INFO |   No improvement (12/30)
2026-02-07 15:29:17 KST | INFO | 
2026-02-07 15:29:17 KST | INFO | Epoch 112/200 | LR: 0.041404
2026-02-07 15:29:36 KST | INFO |   Train Loss: 0.0241 | Test Loss: 0.0006 | Test Acc: 95.60%
2026-02-07 15:29:36 KST | INFO |   No improvement (13/30)
2026-02-07 15:29:36 KST | INFO | 
2026-02-07 15:29:36 KST | INFO | Epoch 113/200 | LR: 0.040632
2026-02-07 15:29:56 KST | INFO |   Train Loss: 0.0270 | Test Loss: 0.0005 | Test Acc: 95.90%
2026-02-07 15:29:56 KST | INFO |   No improvement (14/30)
2026-02-07 15:29:56 KST | INFO | 
2026-02-07 15:29:56 KST | INFO | Epoch 114/200 | LR: 0.039861
2026-02-07 15:30:15 KST | INFO |   Train Loss: 0.0242 | Test Loss: 0.0005 | Test Acc: 96.27%
2026-02-07 15:30:15 KST | INFO |   No improvement (15/30)
2026-02-07 15:30:15 KST | INFO | 
2026-02-07 15:30:15 KST | INFO | Epoch 115/200 | LR: 0.039093
2026-02-07 15:30:35 KST | INFO |   Train Loss: 0.0238 | Test Loss: 0.0004 | Test Acc: 96.57%
2026-02-07 15:30:35 KST | INFO |   No improvement (16/30)
2026-02-07 15:30:35 KST | INFO | 
2026-02-07 15:30:35 KST | INFO | Epoch 116/200 | LR: 0.038328
2026-02-07 15:30:54 KST | INFO |   Train Loss: 0.0234 | Test Loss: 0.0005 | Test Acc: 95.93%
2026-02-07 15:30:54 KST | INFO |   No improvement (17/30)
2026-02-07 15:30:54 KST | INFO | 
2026-02-07 15:30:54 KST | INFO | Epoch 117/200 | LR: 0.037566
2026-02-07 15:31:13 KST | INFO |   Train Loss: 0.0264 | Test Loss: 0.0005 | Test Acc: 96.57%
2026-02-07 15:31:13 KST | INFO |   No improvement (18/30)
2026-02-07 15:31:13 KST | INFO | 
2026-02-07 15:31:13 KST | INFO | Epoch 118/200 | LR: 0.036807
2026-02-07 15:31:33 KST | INFO |   Train Loss: 0.0211 | Test Loss: 0.0005 | Test Acc: 96.53%
2026-02-07 15:31:33 KST | INFO |   No improvement (19/30)
2026-02-07 15:31:33 KST | INFO | 
2026-02-07 15:31:33 KST | INFO | Epoch 119/200 | LR: 0.036051
2026-02-07 15:31:53 KST | INFO |   Train Loss: 0.0196 | Test Loss: 0.0007 | Test Acc: 95.40%
2026-02-07 15:31:53 KST | INFO |   No improvement (20/30)
2026-02-07 15:31:53 KST | INFO | 
2026-02-07 15:31:53 KST | INFO | Epoch 120/200 | LR: 0.035299
2026-02-07 15:32:12 KST | INFO |   Train Loss: 0.0215 | Test Loss: 0.0004 | Test Acc: 96.70%
2026-02-07 15:32:12 KST | INFO |   🏆 New best accuracy: 96.70%
2026-02-07 15:32:12 KST | INFO | 
2026-02-07 15:32:12 KST | INFO | Epoch 121/200 | LR: 0.034550
2026-02-07 15:32:32 KST | INFO |   Train Loss: 0.0205 | Test Loss: 0.0004 | Test Acc: 96.37%
2026-02-07 15:32:32 KST | INFO |   No improvement (1/30)
2026-02-07 15:32:32 KST | INFO | 
2026-02-07 15:32:32 KST | INFO | Epoch 122/200 | LR: 0.033805
2026-02-07 15:32:51 KST | INFO |   Train Loss: 0.0175 | Test Loss: 0.0005 | Test Acc: 96.50%
2026-02-07 15:32:51 KST | INFO |   No improvement (2/30)
2026-02-07 15:32:51 KST | INFO | 
2026-02-07 15:32:51 KST | INFO | Epoch 123/200 | LR: 0.033064
2026-02-07 15:33:10 KST | INFO |   Train Loss: 0.0194 | Test Loss: 0.0006 | Test Acc: 95.83%
2026-02-07 15:33:10 KST | INFO |   No improvement (3/30)
2026-02-07 15:33:10 KST | INFO | 
2026-02-07 15:33:10 KST | INFO | Epoch 124/200 | LR: 0.032327
2026-02-07 15:33:29 KST | INFO |   Train Loss: 0.0193 | Test Loss: 0.0005 | Test Acc: 96.67%
2026-02-07 15:33:29 KST | INFO |   No improvement (4/30)
2026-02-07 15:33:29 KST | INFO | 
2026-02-07 15:33:29 KST | INFO | Epoch 125/200 | LR: 0.031594
2026-02-07 15:33:48 KST | INFO |   Train Loss: 0.0146 | Test Loss: 0.0006 | Test Acc: 96.43%
2026-02-07 15:33:48 KST | INFO |   No improvement (5/30)
2026-02-07 15:33:48 KST | INFO | 
2026-02-07 15:33:48 KST | INFO | Epoch 126/200 | LR: 0.030867
2026-02-07 15:34:07 KST | INFO |   Train Loss: 0.0178 | Test Loss: 0.0004 | Test Acc: 97.20%
2026-02-07 15:34:07 KST | INFO |   🏆 New best accuracy: 97.20%
2026-02-07 15:34:07 KST | INFO | 
2026-02-07 15:34:07 KST | INFO | Epoch 127/200 | LR: 0.030143
2026-02-07 15:34:26 KST | INFO |   Train Loss: 0.0196 | Test Loss: 0.0006 | Test Acc: 96.13%
2026-02-07 15:34:26 KST | INFO |   No improvement (1/30)
2026-02-07 15:34:26 KST | INFO | 
2026-02-07 15:34:26 KST | INFO | Epoch 128/200 | LR: 0.029425
2026-02-07 15:34:46 KST | INFO |   Train Loss: 0.0157 | Test Loss: 0.0005 | Test Acc: 95.93%
2026-02-07 15:34:46 KST | INFO |   No improvement (2/30)
2026-02-07 15:34:46 KST | INFO | 
2026-02-07 15:34:46 KST | INFO | Epoch 129/200 | LR: 0.028712
2026-02-07 15:35:05 KST | INFO |   Train Loss: 0.0164 | Test Loss: 0.0005 | Test Acc: 96.10%
2026-02-07 15:35:05 KST | INFO |   No improvement (3/30)
2026-02-07 15:35:05 KST | INFO | 
2026-02-07 15:35:05 KST | INFO | Epoch 130/200 | LR: 0.028004
2026-02-07 15:35:24 KST | INFO |   Train Loss: 0.0182 | Test Loss: 0.0005 | Test Acc: 96.30%
2026-02-07 15:35:24 KST | INFO |   No improvement (4/30)
2026-02-07 15:35:24 KST | INFO | 
2026-02-07 15:35:24 KST | INFO | Epoch 131/200 | LR: 0.027301
2026-02-07 15:35:43 KST | INFO |   Train Loss: 0.0128 | Test Loss: 0.0006 | Test Acc: 95.53%
2026-02-07 15:35:43 KST | INFO |   No improvement (5/30)
2026-02-07 15:35:43 KST | INFO | 
2026-02-07 15:35:43 KST | INFO | Epoch 132/200 | LR: 0.026604
2026-02-07 15:36:02 KST | INFO |   Train Loss: 0.0161 | Test Loss: 0.0005 | Test Acc: 96.43%
2026-02-07 15:36:02 KST | INFO |   No improvement (6/30)
2026-02-07 15:36:02 KST | INFO | 
2026-02-07 15:36:02 KST | INFO | Epoch 133/200 | LR: 0.025913
2026-02-07 15:36:21 KST | INFO |   Train Loss: 0.0150 | Test Loss: 0.0005 | Test Acc: 96.57%
2026-02-07 15:36:21 KST | INFO |   No improvement (7/30)
2026-02-07 15:36:21 KST | INFO | 
2026-02-07 15:36:21 KST | INFO | Epoch 134/200 | LR: 0.025228
2026-02-07 15:36:40 KST | INFO |   Train Loss: 0.0150 | Test Loss: 0.0005 | Test Acc: 96.03%
2026-02-07 15:36:40 KST | INFO |   No improvement (8/30)
2026-02-07 15:36:40 KST | INFO | 
2026-02-07 15:36:40 KST | INFO | Epoch 135/200 | LR: 0.024549
2026-02-07 15:36:59 KST | INFO |   Train Loss: 0.0161 | Test Loss: 0.0005 | Test Acc: 96.53%
2026-02-07 15:36:59 KST | INFO |   No improvement (9/30)
2026-02-07 15:36:59 KST | INFO | 
2026-02-07 15:36:59 KST | INFO | Epoch 136/200 | LR: 0.023876
2026-02-07 15:37:18 KST | INFO |   Train Loss: 0.0123 | Test Loss: 0.0005 | Test Acc: 96.87%
2026-02-07 15:37:18 KST | INFO |   No improvement (10/30)
2026-02-07 15:37:18 KST | INFO | 
2026-02-07 15:37:18 KST | INFO | Epoch 137/200 | LR: 0.023209
2026-02-07 15:37:37 KST | INFO |   Train Loss: 0.0115 | Test Loss: 0.0005 | Test Acc: 96.57%
2026-02-07 15:37:37 KST | INFO |   No improvement (11/30)
2026-02-07 15:37:37 KST | INFO | 
2026-02-07 15:37:37 KST | INFO | Epoch 138/200 | LR: 0.022550
2026-02-07 15:37:56 KST | INFO |   Train Loss: 0.0141 | Test Loss: 0.0006 | Test Acc: 95.83%
2026-02-07 15:37:56 KST | INFO |   No improvement (12/30)
2026-02-07 15:37:56 KST | INFO | 
2026-02-07 15:37:56 KST | INFO | Epoch 139/200 | LR: 0.021897
2026-02-07 15:38:15 KST | INFO |   Train Loss: 0.0131 | Test Loss: 0.0004 | Test Acc: 96.97%
2026-02-07 15:38:15 KST | INFO |   No improvement (13/30)
2026-02-07 15:38:15 KST | INFO | 
2026-02-07 15:38:15 KST | INFO | Epoch 140/200 | LR: 0.021251
2026-02-07 15:38:34 KST | INFO |   Train Loss: 0.0130 | Test Loss: 0.0005 | Test Acc: 96.70%
2026-02-07 15:38:34 KST | INFO |   No improvement (14/30)
2026-02-07 15:38:34 KST | INFO | 
2026-02-07 15:38:34 KST | INFO | Epoch 141/200 | LR: 0.020612
2026-02-07 15:38:53 KST | INFO |   Train Loss: 0.0120 | Test Loss: 0.0004 | Test Acc: 96.87%
2026-02-07 15:38:53 KST | INFO |   No improvement (15/30)
2026-02-07 15:38:53 KST | INFO | 
2026-02-07 15:38:53 KST | INFO | Epoch 142/200 | LR: 0.019980
2026-02-07 15:39:12 KST | INFO |   Train Loss: 0.0094 | Test Loss: 0.0005 | Test Acc: 96.93%
2026-02-07 15:39:12 KST | INFO |   No improvement (16/30)
2026-02-07 15:39:12 KST | INFO | 
2026-02-07 15:39:12 KST | INFO | Epoch 143/200 | LR: 0.019355
2026-02-07 15:39:31 KST | INFO |   Train Loss: 0.0113 | Test Loss: 0.0004 | Test Acc: 96.83%
2026-02-07 15:39:31 KST | INFO |   No improvement (17/30)
2026-02-07 15:39:31 KST | INFO | 
2026-02-07 15:39:31 KST | INFO | Epoch 144/200 | LR: 0.018739
2026-02-07 15:39:51 KST | INFO |   Train Loss: 0.0097 | Test Loss: 0.0006 | Test Acc: 96.00%
2026-02-07 15:39:51 KST | INFO |   No improvement (18/30)
2026-02-07 15:39:51 KST | INFO | 
2026-02-07 15:39:51 KST | INFO | Epoch 145/200 | LR: 0.018130
2026-02-07 15:40:10 KST | INFO |   Train Loss: 0.0090 | Test Loss: 0.0004 | Test Acc: 96.60%
2026-02-07 15:40:10 KST | INFO |   No improvement (19/30)
2026-02-07 15:40:10 KST | INFO | 
2026-02-07 15:40:10 KST | INFO | Epoch 146/200 | LR: 0.017528
2026-02-07 15:40:29 KST | INFO |   Train Loss: 0.0093 | Test Loss: 0.0005 | Test Acc: 96.70%
2026-02-07 15:40:29 KST | INFO |   No improvement (20/30)
2026-02-07 15:40:29 KST | INFO | 
2026-02-07 15:40:29 KST | INFO | Epoch 147/200 | LR: 0.016935
2026-02-07 15:40:48 KST | INFO |   Train Loss: 0.0101 | Test Loss: 0.0005 | Test Acc: 96.67%
2026-02-07 15:40:48 KST | INFO |   No improvement (21/30)
2026-02-07 15:40:48 KST | INFO | 
2026-02-07 15:40:48 KST | INFO | Epoch 148/200 | LR: 0.016350
2026-02-07 15:41:07 KST | INFO |   Train Loss: 0.0101 | Test Loss: 0.0005 | Test Acc: 96.43%
2026-02-07 15:41:07 KST | INFO |   No improvement (22/30)
2026-02-07 15:41:07 KST | INFO | 
2026-02-07 15:41:07 KST | INFO | Epoch 149/200 | LR: 0.015773
2026-02-07 15:41:27 KST | INFO |   Train Loss: 0.0093 | Test Loss: 0.0005 | Test Acc: 96.73%
2026-02-07 15:41:27 KST | INFO |   No improvement (23/30)
2026-02-07 15:41:27 KST | INFO | 
2026-02-07 15:41:27 KST | INFO | Epoch 150/200 | LR: 0.015205
2026-02-07 15:41:46 KST | INFO |   Train Loss: 0.0094 | Test Loss: 0.0004 | Test Acc: 96.87%
2026-02-07 15:41:46 KST | INFO |   No improvement (24/30)
2026-02-07 15:41:46 KST | INFO | 
2026-02-07 15:41:46 KST | INFO | Epoch 151/200 | LR: 0.014646
2026-02-07 15:42:05 KST | INFO |   Train Loss: 0.0090 | Test Loss: 0.0005 | Test Acc: 96.97%
2026-02-07 15:42:05 KST | INFO |   No improvement (25/30)
2026-02-07 15:42:05 KST | INFO | 
2026-02-07 15:42:05 KST | INFO | Epoch 152/200 | LR: 0.014095
2026-02-07 15:42:24 KST | INFO |   Train Loss: 0.0082 | Test Loss: 0.0005 | Test Acc: 96.30%
2026-02-07 15:42:24 KST | INFO |   No improvement (26/30)
2026-02-07 15:42:24 KST | INFO | 
2026-02-07 15:42:24 KST | INFO | Epoch 153/200 | LR: 0.013552
2026-02-07 15:42:44 KST | INFO |   Train Loss: 0.0090 | Test Loss: 0.0005 | Test Acc: 96.60%
2026-02-07 15:42:44 KST | INFO |   No improvement (27/30)
2026-02-07 15:42:44 KST | INFO | 
2026-02-07 15:42:44 KST | INFO | Epoch 154/200 | LR: 0.013019
2026-02-07 15:43:03 KST | INFO |   Train Loss: 0.0076 | Test Loss: 0.0005 | Test Acc: 96.33%
2026-02-07 15:43:03 KST | INFO |   No improvement (28/30)
2026-02-07 15:43:03 KST | INFO | 
2026-02-07 15:43:03 KST | INFO | Epoch 155/200 | LR: 0.012495
2026-02-07 15:43:22 KST | INFO |   Train Loss: 0.0073 | Test Loss: 0.0005 | Test Acc: 96.63%
2026-02-07 15:43:22 KST | INFO |   No improvement (29/30)
2026-02-07 15:43:22 KST | INFO | 
2026-02-07 15:43:22 KST | INFO | Epoch 156/200 | LR: 0.011981
2026-02-07 15:43:41 KST | INFO |   Train Loss: 0.0082 | Test Loss: 0.0004 | Test Acc: 96.77%
2026-02-07 15:43:41 KST | INFO |   No improvement (30/30)
2026-02-07 15:43:41 KST | INFO | 
2026-02-07 15:43:41 KST | INFO | Early stopping after 30 epochs without improvement
2026-02-07 15:43:41 KST | INFO | 
2026-02-07 15:43:41 KST | INFO | ================================================================================
2026-02-07 15:43:41 KST | INFO | TRAINING COMPLETE
2026-02-07 15:43:41 KST | INFO | ================================================================================
2026-02-07 15:43:41 KST | INFO | Best accuracy:  97.20% (Epoch 126)
2026-02-07 15:43:41 KST | INFO | Final accuracy: 96.77%
2026-02-07 15:43:41 KST | INFO | ================================================================================
2026-02-07 15:43:41 KST | INFO | 
2026-02-07 15:43:41 KST | INFO | Notifying nodes of completion...
2026-02-07 15:43:42 KST | INFO | ✓ Nodes notified
2026-02-07 15:43:42 KST | INFO | 
2026-02-07 15:43:42 KST | INFO | Closing connections...
2026-02-07 15:43:42 KST | INFO | ✓ Cleanup complete
2026-02-07 15:43:42 KST | INFO | 
2026-02-07 15:43:42 KST | INFO | Full log: logs/TL++_base_20260207_145118.log
2026-02-07 15:43:42 KST | INFO | ================================================================================
