2026-02-04 10:28:41 KST | INFO | ================================================================================
2026-02-04 10:28:41 KST | INFO | TL++ Orchestrator
2026-02-04 10:28:41 KST | INFO | ================================================================================
2026-02-04 10:28:41 KST | INFO | Log file: logs/TL++_base_20260204_102841.log
2026-02-04 10:28:41 KST | INFO | 
2026-02-04 10:28:41 KST | INFO | --------------------------------------------------------------------------------
2026-02-04 10:28:41 KST | INFO | CONFIGURATION
2026-02-04 10:28:41 KST | INFO | --------------------------------------------------------------------------------
2026-02-04 10:28:41 KST | INFO | Secure mode:      False
2026-02-04 10:28:41 KST | INFO | Nodes:            2
2026-02-04 10:28:41 KST | INFO | Cut layer:        1
2026-02-04 10:28:41 KST | INFO | Batch size:       128
2026-02-04 10:28:41 KST | INFO | Learning rate:    0.1
2026-02-04 10:28:41 KST | INFO | 
2026-02-04 10:28:41 KST | INFO | Computation device: cuda
2026-02-04 10:28:41 KST | INFO | Secure mode: DISABLED
2026-02-04 10:28:41 KST | INFO | 
2026-02-04 10:28:41 KST | INFO | --------------------------------------------------------------------------------
2026-02-04 10:28:41 KST | INFO | NETWORK SETUP
2026-02-04 10:28:41 KST | INFO | --------------------------------------------------------------------------------
2026-02-04 10:28:41 KST | INFO | ✓ Orchestrator listening on 127.0.0.1:8080
2026-02-04 10:28:41 KST | INFO | Waiting for 2 node(s)...
2026-02-04 10:28:45 KST | INFO |   ✓ Node 1/2 connected
2026-02-04 10:28:46 KST | INFO |   ✓ Node 2/2 connected
2026-02-04 10:28:46 KST | INFO | ✓ All 2 node(s) connected
2026-02-04 10:28:46 KST | INFO | 
2026-02-04 10:28:46 KST | INFO | --------------------------------------------------------------------------------
2026-02-04 10:28:46 KST | INFO | MODEL INITIALIZATION
2026-02-04 10:28:46 KST | INFO | --------------------------------------------------------------------------------
2026-02-04 10:28:46 KST | INFO | Node-side parameters: 38,720
2026-02-04 10:28:46 KST | INFO | 
2026-02-04 10:28:46 KST | INFO | --------------------------------------------------------------------------------
2026-02-04 10:28:46 KST | INFO | BROADCASTING CONFIGURATION
2026-02-04 10:28:46 KST | INFO | --------------------------------------------------------------------------------
2026-02-04 10:28:46 KST | INFO | ✓ Configuration broadcast to all nodes
2026-02-04 10:28:46 KST | INFO | 
2026-02-04 10:28:46 KST | INFO | Total parameters:     3,244,098
2026-02-04 10:28:46 KST | INFO | Trainable parameters: 3,244,098
2026-02-04 10:28:46 KST | INFO | 
2026-02-04 10:28:46 KST | INFO | --------------------------------------------------------------------------------
2026-02-04 10:28:46 KST | INFO | DATA LOADING
2026-02-04 10:28:46 KST | INFO | --------------------------------------------------------------------------------
2026-02-04 10:29:09 KST | INFO | ✓ Dataset information collected:
2026-02-04 10:29:09 KST | INFO |     Node 1: 5,000 samples
2026-02-04 10:29:09 KST | INFO |     Node 2: 5,000 samples
2026-02-04 10:29:09 KST | INFO |   Total training samples: 10,000
2026-02-04 10:29:09 KST | INFO | 
2026-02-04 10:29:12 KST | INFO | ✓ Test dataset loaded: 2,000 samples
2026-02-04 10:29:12 KST | INFO | 
2026-02-04 10:29:12 KST | INFO | ✓ Batch scheduler: 79 batches/epoch
2026-02-04 10:29:12 KST | INFO | 
2026-02-04 10:29:12 KST | INFO | --------------------------------------------------------------------------------
2026-02-04 10:29:12 KST | INFO | OPTIMIZATION SETUP
2026-02-04 10:29:12 KST | INFO | --------------------------------------------------------------------------------
2026-02-04 10:29:12 KST | INFO | ✓ Optimizer: SGD (lr=0.1, momentum=0.9)
2026-02-04 10:29:12 KST | INFO | ✓ Scheduler: cosine
2026-02-04 10:29:12 KST | INFO | ✓ Gradient clipping: 1.0
2026-02-04 10:29:12 KST | INFO | 
2026-02-04 10:29:12 KST | INFO | ================================================================================
2026-02-04 10:29:12 KST | INFO | Setup complete - Ready for training
2026-02-04 10:29:12 KST | INFO | ================================================================================
2026-02-04 10:29:12 KST | INFO | 
2026-02-04 10:29:12 KST | INFO | --------------------------------------------------------------------------------
2026-02-04 10:29:12 KST | INFO | TRAINING
2026-02-04 10:29:12 KST | INFO | --------------------------------------------------------------------------------
2026-02-04 10:29:12 KST | INFO | 
2026-02-04 10:29:12 KST | INFO | Epoch 1/200 | LR: 0.100000
2026-02-04 10:29:19 KST | INFO |   Train Loss: 0.5014 | Test Loss: 0.0012 | Test Acc: 87.55%
2026-02-04 10:29:19 KST | INFO |   🏆 New best accuracy: 87.55%
2026-02-04 10:29:19 KST | INFO | 
2026-02-04 10:29:19 KST | INFO | Epoch 2/200 | LR: 0.099994
2026-02-04 10:29:25 KST | INFO |   Train Loss: 0.3074 | Test Loss: 0.0009 | Test Acc: 90.70%
2026-02-04 10:29:25 KST | INFO |   🏆 New best accuracy: 90.70%
2026-02-04 10:29:25 KST | INFO | 
2026-02-04 10:29:25 KST | INFO | Epoch 3/200 | LR: 0.099975
2026-02-04 10:29:31 KST | INFO |   Train Loss: 0.2019 | Test Loss: 0.0005 | Test Acc: 95.35%
2026-02-04 10:29:31 KST | INFO |   🏆 New best accuracy: 95.35%
2026-02-04 10:29:31 KST | INFO | 
2026-02-04 10:29:31 KST | INFO | Epoch 4/200 | LR: 0.099944
2026-02-04 10:29:37 KST | INFO |   Train Loss: 0.1455 | Test Loss: 0.0006 | Test Acc: 95.05%
2026-02-04 10:29:37 KST | INFO |   No improvement (1/30)
2026-02-04 10:29:37 KST | INFO | 
2026-02-04 10:29:37 KST | INFO | Epoch 5/200 | LR: 0.099901
2026-02-04 10:29:42 KST | INFO |   Train Loss: 0.1224 | Test Loss: 0.0004 | Test Acc: 96.55%
2026-02-04 10:29:42 KST | INFO |   🏆 New best accuracy: 96.55%
2026-02-04 10:29:42 KST | INFO | 
2026-02-04 10:29:42 KST | INFO | Epoch 6/200 | LR: 0.099846
2026-02-04 10:29:48 KST | INFO |   Train Loss: 0.0979 | Test Loss: 0.0003 | Test Acc: 97.25%
2026-02-04 10:29:48 KST | INFO |   🏆 New best accuracy: 97.25%
2026-02-04 10:29:48 KST | INFO | 
2026-02-04 10:29:48 KST | INFO | Epoch 7/200 | LR: 0.099778
2026-02-04 10:29:54 KST | INFO |   Train Loss: 0.0973 | Test Loss: 0.0004 | Test Acc: 96.00%
2026-02-04 10:29:54 KST | INFO |   No improvement (1/30)
2026-02-04 10:29:54 KST | INFO | 
2026-02-04 10:29:54 KST | INFO | Epoch 8/200 | LR: 0.099698
2026-02-04 10:30:00 KST | INFO |   Train Loss: 0.0825 | Test Loss: 0.0003 | Test Acc: 97.35%
2026-02-04 10:30:00 KST | INFO |   🏆 New best accuracy: 97.35%
2026-02-04 10:30:00 KST | INFO | 
2026-02-04 10:30:00 KST | INFO | Epoch 9/200 | LR: 0.099606
2026-02-04 10:30:05 KST | INFO |   Train Loss: 0.0796 | Test Loss: 0.0003 | Test Acc: 97.20%
2026-02-04 10:30:05 KST | INFO |   No improvement (1/30)
2026-02-04 10:30:05 KST | INFO | 
2026-02-04 10:30:05 KST | INFO | Epoch 10/200 | LR: 0.099501
2026-02-04 10:30:11 KST | INFO |   Train Loss: 0.0701 | Test Loss: 0.0003 | Test Acc: 97.25%
2026-02-04 10:30:11 KST | INFO |   No improvement (2/30)
2026-02-04 10:30:11 KST | INFO | 
2026-02-04 10:30:11 KST | INFO | Epoch 11/200 | LR: 0.099384
2026-02-04 10:30:17 KST | INFO |   Train Loss: 0.0640 | Test Loss: 0.0004 | Test Acc: 96.15%
2026-02-04 10:30:17 KST | INFO |   No improvement (3/30)
2026-02-04 10:30:17 KST | INFO | 
2026-02-04 10:30:17 KST | INFO | Epoch 12/200 | LR: 0.099255
2026-02-04 10:30:23 KST | INFO |   Train Loss: 0.0701 | Test Loss: 0.0003 | Test Acc: 97.10%
2026-02-04 10:30:23 KST | INFO |   No improvement (4/30)
2026-02-04 10:30:23 KST | INFO | 
2026-02-04 10:30:23 KST | INFO | Epoch 13/200 | LR: 0.099114
2026-02-04 10:30:28 KST | INFO |   Train Loss: 0.0652 | Test Loss: 0.0002 | Test Acc: 98.20%
2026-02-04 10:30:28 KST | INFO |   🏆 New best accuracy: 98.20%
2026-02-04 10:30:28 KST | INFO | 
2026-02-04 10:30:28 KST | INFO | Epoch 14/200 | LR: 0.098961
2026-02-04 10:30:34 KST | INFO |   Train Loss: 0.0577 | Test Loss: 0.0005 | Test Acc: 96.80%
2026-02-04 10:30:34 KST | INFO |   No improvement (1/30)
2026-02-04 10:30:34 KST | INFO | 
2026-02-04 10:30:34 KST | INFO | Epoch 15/200 | LR: 0.098796
2026-02-04 10:30:40 KST | INFO |   Train Loss: 0.0561 | Test Loss: 0.0003 | Test Acc: 97.50%
2026-02-04 10:30:40 KST | INFO |   No improvement (2/30)
2026-02-04 10:30:40 KST | INFO | 
2026-02-04 10:30:40 KST | INFO | Epoch 16/200 | LR: 0.098619
2026-02-04 10:30:46 KST | INFO |   Train Loss: 0.0535 | Test Loss: 0.0003 | Test Acc: 97.40%
2026-02-04 10:30:46 KST | INFO |   No improvement (3/30)
2026-02-04 10:30:46 KST | INFO | 
2026-02-04 10:30:46 KST | INFO | Epoch 17/200 | LR: 0.098429
2026-02-04 10:30:51 KST | INFO |   Train Loss: 0.0472 | Test Loss: 0.0002 | Test Acc: 98.50%
2026-02-04 10:30:51 KST | INFO |   🏆 New best accuracy: 98.50%
2026-02-04 10:30:51 KST | INFO | 
2026-02-04 10:30:51 KST | INFO | Epoch 18/200 | LR: 0.098228
2026-02-04 10:30:57 KST | INFO |   Train Loss: 0.0486 | Test Loss: 0.0002 | Test Acc: 98.10%
2026-02-04 10:30:57 KST | INFO |   No improvement (1/30)
2026-02-04 10:30:57 KST | INFO | 
2026-02-04 10:30:57 KST | INFO | Epoch 19/200 | LR: 0.098015
2026-02-04 10:31:03 KST | INFO |   Train Loss: 0.0451 | Test Loss: 0.0003 | Test Acc: 97.75%
2026-02-04 10:31:03 KST | INFO |   No improvement (2/30)
2026-02-04 10:31:03 KST | INFO | 
2026-02-04 10:31:03 KST | INFO | Epoch 20/200 | LR: 0.097790
2026-02-04 10:31:09 KST | INFO |   Train Loss: 0.0475 | Test Loss: 0.0003 | Test Acc: 97.85%
2026-02-04 10:31:09 KST | INFO |   No improvement (3/30)
2026-02-04 10:31:09 KST | INFO | 
2026-02-04 10:31:09 KST | INFO | Epoch 21/200 | LR: 0.097553
2026-02-04 10:31:14 KST | INFO |   Train Loss: 0.0458 | Test Loss: 0.0003 | Test Acc: 98.05%
2026-02-04 10:31:14 KST | INFO |   No improvement (4/30)
2026-02-04 10:31:14 KST | INFO | 
2026-02-04 10:31:14 KST | INFO | Epoch 22/200 | LR: 0.097304
2026-02-04 10:31:20 KST | INFO |   Train Loss: 0.0415 | Test Loss: 0.0002 | Test Acc: 98.25%
2026-02-04 10:31:20 KST | INFO |   No improvement (5/30)
2026-02-04 10:31:20 KST | INFO | 
2026-02-04 10:31:20 KST | INFO | Epoch 23/200 | LR: 0.097044
2026-02-04 10:31:26 KST | INFO |   Train Loss: 0.0434 | Test Loss: 0.0002 | Test Acc: 98.25%
2026-02-04 10:31:26 KST | INFO |   No improvement (6/30)
2026-02-04 10:31:26 KST | INFO | 
2026-02-04 10:31:26 KST | INFO | Epoch 24/200 | LR: 0.096772
2026-02-04 10:31:32 KST | INFO |   Train Loss: 0.0406 | Test Loss: 0.0003 | Test Acc: 97.80%
2026-02-04 10:31:32 KST | INFO |   No improvement (7/30)
2026-02-04 10:31:32 KST | INFO | 
2026-02-04 10:31:32 KST | INFO | Epoch 25/200 | LR: 0.096489
2026-02-04 10:31:38 KST | INFO |   Train Loss: 0.0417 | Test Loss: 0.0002 | Test Acc: 97.90%
2026-02-04 10:31:38 KST | INFO |   No improvement (8/30)
2026-02-04 10:31:38 KST | INFO | 
2026-02-04 10:31:38 KST | INFO | Epoch 26/200 | LR: 0.096194
2026-02-04 10:31:43 KST | INFO |   Train Loss: 0.0406 | Test Loss: 0.0002 | Test Acc: 98.30%
2026-02-04 10:31:43 KST | INFO |   No improvement (9/30)
2026-02-04 10:31:43 KST | INFO | 
2026-02-04 10:31:43 KST | INFO | Epoch 27/200 | LR: 0.095888
2026-02-04 10:31:49 KST | INFO |   Train Loss: 0.0390 | Test Loss: 0.0002 | Test Acc: 98.25%
2026-02-04 10:31:49 KST | INFO |   No improvement (10/30)
2026-02-04 10:31:49 KST | INFO | 
2026-02-04 10:31:49 KST | INFO | Epoch 28/200 | LR: 0.095570
2026-02-04 10:31:55 KST | INFO |   Train Loss: 0.0377 | Test Loss: 0.0002 | Test Acc: 98.00%
2026-02-04 10:31:55 KST | INFO |   No improvement (11/30)
2026-02-04 10:31:55 KST | INFO | 
2026-02-04 10:31:55 KST | INFO | Epoch 29/200 | LR: 0.095241
2026-02-04 10:32:01 KST | INFO |   Train Loss: 0.0359 | Test Loss: 0.0002 | Test Acc: 98.80%
2026-02-04 10:32:01 KST | INFO |   🏆 New best accuracy: 98.80%
2026-02-04 10:32:01 KST | INFO | 
2026-02-04 10:32:01 KST | INFO | Epoch 30/200 | LR: 0.094901
2026-02-04 10:32:06 KST | INFO |   Train Loss: 0.0341 | Test Loss: 0.0002 | Test Acc: 98.05%
2026-02-04 10:32:06 KST | INFO |   No improvement (1/30)
2026-02-04 10:32:06 KST | INFO | 
2026-02-04 10:32:06 KST | INFO | Epoch 31/200 | LR: 0.094550
2026-02-04 10:32:12 KST | INFO |   Train Loss: 0.0344 | Test Loss: 0.0002 | Test Acc: 98.45%
2026-02-04 10:32:12 KST | INFO |   No improvement (2/30)
2026-02-04 10:32:12 KST | INFO | 
2026-02-04 10:32:12 KST | INFO | Epoch 32/200 | LR: 0.094188
2026-02-04 10:32:18 KST | INFO |   Train Loss: 0.0358 | Test Loss: 0.0002 | Test Acc: 98.10%
2026-02-04 10:32:18 KST | INFO |   No improvement (3/30)
2026-02-04 10:32:18 KST | INFO | 
2026-02-04 10:32:18 KST | INFO | Epoch 33/200 | LR: 0.093815
2026-02-04 10:32:24 KST | INFO |   Train Loss: 0.0390 | Test Loss: 0.0005 | Test Acc: 96.20%
2026-02-04 10:32:24 KST | INFO |   No improvement (4/30)
2026-02-04 10:32:24 KST | INFO | 
2026-02-04 10:32:24 KST | INFO | Epoch 34/200 | LR: 0.093432
2026-02-04 10:32:29 KST | INFO |   Train Loss: 0.0352 | Test Loss: 0.0003 | Test Acc: 97.65%
2026-02-04 10:32:29 KST | INFO |   No improvement (5/30)
2026-02-04 10:32:29 KST | INFO | 
2026-02-04 10:32:29 KST | INFO | Epoch 35/200 | LR: 0.093037
2026-02-04 10:32:35 KST | INFO |   Train Loss: 0.0359 | Test Loss: 0.0003 | Test Acc: 98.20%
2026-02-04 10:32:35 KST | INFO |   No improvement (6/30)
2026-02-04 10:32:35 KST | INFO | 
2026-02-04 10:32:35 KST | INFO | Epoch 36/200 | LR: 0.092632
2026-02-04 10:32:41 KST | INFO |   Train Loss: 0.0338 | Test Loss: 0.0002 | Test Acc: 98.40%
2026-02-04 10:32:41 KST | INFO |   No improvement (7/30)
2026-02-04 10:32:41 KST | INFO | 
2026-02-04 10:32:41 KST | INFO | Epoch 37/200 | LR: 0.092216
2026-02-04 10:32:47 KST | INFO |   Train Loss: 0.0292 | Test Loss: 0.0002 | Test Acc: 98.35%
2026-02-04 10:32:47 KST | INFO |   No improvement (8/30)
2026-02-04 10:32:47 KST | INFO | 
2026-02-04 10:32:47 KST | INFO | Epoch 38/200 | LR: 0.091790
2026-02-04 10:32:52 KST | INFO |   Train Loss: 0.0344 | Test Loss: 0.0002 | Test Acc: 98.95%
2026-02-04 10:32:52 KST | INFO |   🏆 New best accuracy: 98.95%
2026-02-04 10:32:52 KST | INFO | 
2026-02-04 10:32:52 KST | INFO | Epoch 39/200 | LR: 0.091354
2026-02-04 10:32:58 KST | INFO |   Train Loss: 0.0291 | Test Loss: 0.0003 | Test Acc: 98.15%
2026-02-04 10:32:58 KST | INFO |   No improvement (1/30)
2026-02-04 10:32:58 KST | INFO | 
2026-02-04 10:32:58 KST | INFO | Epoch 40/200 | LR: 0.090908
2026-02-04 10:33:04 KST | INFO |   Train Loss: 0.0284 | Test Loss: 0.0003 | Test Acc: 98.20%
2026-02-04 10:33:04 KST | INFO |   No improvement (2/30)
2026-02-04 10:33:04 KST | INFO | 
2026-02-04 10:33:04 KST | INFO | Epoch 41/200 | LR: 0.090451
2026-02-04 10:33:10 KST | INFO |   Train Loss: 0.0324 | Test Loss: 0.0003 | Test Acc: 98.15%
2026-02-04 10:33:10 KST | INFO |   No improvement (3/30)
2026-02-04 10:33:10 KST | INFO | 
2026-02-04 10:33:10 KST | INFO | Epoch 42/200 | LR: 0.089984
2026-02-04 10:33:15 KST | INFO |   Train Loss: 0.0274 | Test Loss: 0.0002 | Test Acc: 98.50%
2026-02-04 10:33:15 KST | INFO |   No improvement (4/30)
2026-02-04 10:33:15 KST | INFO | 
2026-02-04 10:33:15 KST | INFO | Epoch 43/200 | LR: 0.089508
2026-02-04 10:33:21 KST | INFO |   Train Loss: 0.0269 | Test Loss: 0.0002 | Test Acc: 98.55%
2026-02-04 10:33:21 KST | INFO |   No improvement (5/30)
2026-02-04 10:33:21 KST | INFO | 
2026-02-04 10:33:21 KST | INFO | Epoch 44/200 | LR: 0.089022
2026-02-04 10:33:27 KST | INFO |   Train Loss: 0.0372 | Test Loss: 0.0002 | Test Acc: 98.00%
2026-02-04 10:33:27 KST | INFO |   No improvement (6/30)
2026-02-04 10:33:27 KST | INFO | 
2026-02-04 10:33:27 KST | INFO | Epoch 45/200 | LR: 0.088526
2026-02-04 10:33:32 KST | INFO |   Train Loss: 0.0324 | Test Loss: 0.0003 | Test Acc: 97.85%
2026-02-04 10:33:32 KST | INFO |   No improvement (7/30)
2026-02-04 10:33:32 KST | INFO | 
2026-02-04 10:33:32 KST | INFO | Epoch 46/200 | LR: 0.088020
2026-02-04 10:33:38 KST | INFO |   Train Loss: 0.0238 | Test Loss: 0.0002 | Test Acc: 98.60%
2026-02-04 10:33:38 KST | INFO |   No improvement (8/30)
2026-02-04 10:33:38 KST | INFO | 
2026-02-04 10:33:38 KST | INFO | Epoch 47/200 | LR: 0.087506
2026-02-04 10:33:44 KST | INFO |   Train Loss: 0.0230 | Test Loss: 0.0003 | Test Acc: 97.25%
2026-02-04 10:33:44 KST | INFO |   No improvement (9/30)
2026-02-04 10:33:44 KST | INFO | 
2026-02-04 10:33:44 KST | INFO | Epoch 48/200 | LR: 0.086982
2026-02-04 10:33:49 KST | INFO |   Train Loss: 0.0283 | Test Loss: 0.0002 | Test Acc: 98.25%
2026-02-04 10:33:49 KST | INFO |   No improvement (10/30)
2026-02-04 10:33:49 KST | INFO | 
2026-02-04 10:33:49 KST | INFO | Epoch 49/200 | LR: 0.086449
2026-02-04 10:33:55 KST | INFO |   Train Loss: 0.0228 | Test Loss: 0.0002 | Test Acc: 98.10%
2026-02-04 10:33:55 KST | INFO |   No improvement (11/30)
2026-02-04 10:33:55 KST | INFO | 
2026-02-04 10:33:55 KST | INFO | Epoch 50/200 | LR: 0.085906
2026-02-04 10:34:01 KST | INFO |   Train Loss: 0.0239 | Test Loss: 0.0002 | Test Acc: 98.50%
2026-02-04 10:34:01 KST | INFO |   No improvement (12/30)
2026-02-04 10:34:01 KST | INFO | 
2026-02-04 10:34:01 KST | INFO | Epoch 51/200 | LR: 0.085355
2026-02-04 10:34:07 KST | INFO |   Train Loss: 0.0227 | Test Loss: 0.0002 | Test Acc: 98.75%
2026-02-04 10:34:07 KST | INFO |   No improvement (13/30)
2026-02-04 10:34:07 KST | INFO | 
2026-02-04 10:34:07 KST | INFO | Epoch 52/200 | LR: 0.084796
2026-02-04 10:34:12 KST | INFO |   Train Loss: 0.0228 | Test Loss: 0.0003 | Test Acc: 98.00%
2026-02-04 10:34:12 KST | INFO |   No improvement (14/30)
2026-02-04 10:34:12 KST | INFO | 
2026-02-04 10:34:12 KST | INFO | Epoch 53/200 | LR: 0.084228
2026-02-04 10:34:18 KST | INFO |   Train Loss: 0.0219 | Test Loss: 0.0002 | Test Acc: 98.30%
2026-02-04 10:34:18 KST | INFO |   No improvement (15/30)
2026-02-04 10:34:18 KST | INFO | 
2026-02-04 10:34:18 KST | INFO | Epoch 54/200 | LR: 0.083651
2026-02-04 10:34:24 KST | INFO |   Train Loss: 0.0258 | Test Loss: 0.0002 | Test Acc: 98.10%
2026-02-04 10:34:24 KST | INFO |   No improvement (16/30)
2026-02-04 10:34:24 KST | INFO | 
2026-02-04 10:34:24 KST | INFO | Epoch 55/200 | LR: 0.083066
2026-02-04 10:34:29 KST | INFO |   Train Loss: 0.0207 | Test Loss: 0.0002 | Test Acc: 98.25%
2026-02-04 10:34:29 KST | INFO |   No improvement (17/30)
2026-02-04 10:34:29 KST | INFO | 
2026-02-04 10:34:29 KST | INFO | Epoch 56/200 | LR: 0.082473
2026-02-04 10:34:35 KST | INFO |   Train Loss: 0.0225 | Test Loss: 0.0002 | Test Acc: 98.55%
2026-02-04 10:34:35 KST | INFO |   No improvement (18/30)
2026-02-04 10:34:35 KST | INFO | 
2026-02-04 10:34:35 KST | INFO | Epoch 57/200 | LR: 0.081871
2026-02-04 10:34:41 KST | INFO |   Train Loss: 0.0206 | Test Loss: 0.0003 | Test Acc: 98.10%
2026-02-04 10:34:41 KST | INFO |   No improvement (19/30)
2026-02-04 10:34:41 KST | INFO | 
2026-02-04 10:34:41 KST | INFO | Epoch 58/200 | LR: 0.081262
2026-02-04 10:34:47 KST | INFO |   Train Loss: 0.0221 | Test Loss: 0.0002 | Test Acc: 98.35%
2026-02-04 10:34:47 KST | INFO |   No improvement (20/30)
2026-02-04 10:34:47 KST | INFO | 
2026-02-04 10:34:47 KST | INFO | Epoch 59/200 | LR: 0.080646
2026-02-04 10:34:53 KST | INFO |   Train Loss: 0.0236 | Test Loss: 0.0002 | Test Acc: 98.35%
2026-02-04 10:34:53 KST | INFO |   No improvement (21/30)
2026-02-04 10:34:53 KST | INFO | 
2026-02-04 10:34:53 KST | INFO | Epoch 60/200 | LR: 0.080021
2026-02-04 10:34:58 KST | INFO |   Train Loss: 0.0308 | Test Loss: 0.0002 | Test Acc: 98.75%
2026-02-04 10:34:58 KST | INFO |   No improvement (22/30)
2026-02-04 10:34:58 KST | INFO | 
2026-02-04 10:34:58 KST | INFO | Epoch 61/200 | LR: 0.079389
2026-02-04 10:35:04 KST | INFO |   Train Loss: 0.0201 | Test Loss: 0.0002 | Test Acc: 98.50%
2026-02-04 10:35:04 KST | INFO |   No improvement (23/30)
2026-02-04 10:35:04 KST | INFO | 
2026-02-04 10:35:04 KST | INFO | Epoch 62/200 | LR: 0.078750
2026-02-04 10:35:10 KST | INFO |   Train Loss: 0.0193 | Test Loss: 0.0003 | Test Acc: 98.25%
2026-02-04 10:35:10 KST | INFO |   No improvement (24/30)
2026-02-04 10:35:10 KST | INFO | 
2026-02-04 10:35:10 KST | INFO | Epoch 63/200 | LR: 0.078104
2026-02-04 10:35:15 KST | INFO |   Train Loss: 0.0213 | Test Loss: 0.0002 | Test Acc: 98.85%
2026-02-04 10:35:15 KST | INFO |   No improvement (25/30)
2026-02-04 10:35:15 KST | INFO | 
2026-02-04 10:35:15 KST | INFO | Epoch 64/200 | LR: 0.077451
2026-02-04 10:35:21 KST | INFO |   Train Loss: 0.0147 | Test Loss: 0.0003 | Test Acc: 97.90%
2026-02-04 10:35:21 KST | INFO |   No improvement (26/30)
2026-02-04 10:35:21 KST | INFO | 
2026-02-04 10:35:21 KST | INFO | Epoch 65/200 | LR: 0.076792
2026-02-04 10:35:27 KST | INFO |   Train Loss: 0.0188 | Test Loss: 0.0002 | Test Acc: 98.65%
2026-02-04 10:35:27 KST | INFO |   No improvement (27/30)
2026-02-04 10:35:27 KST | INFO | 
2026-02-04 10:35:27 KST | INFO | Epoch 66/200 | LR: 0.076125
2026-02-04 10:35:33 KST | INFO |   Train Loss: 0.0180 | Test Loss: 0.0002 | Test Acc: 98.45%
2026-02-04 10:35:33 KST | INFO |   No improvement (28/30)
2026-02-04 10:35:33 KST | INFO | 
2026-02-04 10:35:33 KST | INFO | Epoch 67/200 | LR: 0.075452
2026-02-04 10:35:39 KST | INFO |   Train Loss: 0.0220 | Test Loss: 0.0002 | Test Acc: 99.00%
2026-02-04 10:35:39 KST | INFO |   🏆 New best accuracy: 99.00%
2026-02-04 10:35:39 KST | INFO | 
2026-02-04 10:35:39 KST | INFO | Epoch 68/200 | LR: 0.074773
2026-02-04 10:35:44 KST | INFO |   Train Loss: 0.0194 | Test Loss: 0.0002 | Test Acc: 97.85%
2026-02-04 10:35:44 KST | INFO |   No improvement (1/30)
2026-02-04 10:35:44 KST | INFO | 
2026-02-04 10:35:44 KST | INFO | Epoch 69/200 | LR: 0.074088
2026-02-04 10:35:50 KST | INFO |   Train Loss: 0.0207 | Test Loss: 0.0002 | Test Acc: 98.70%
2026-02-04 10:35:50 KST | INFO |   No improvement (2/30)
2026-02-04 10:35:50 KST | INFO | 
2026-02-04 10:35:50 KST | INFO | Epoch 70/200 | LR: 0.073397
2026-02-04 10:35:56 KST | INFO |   Train Loss: 0.0218 | Test Loss: 0.0006 | Test Acc: 96.30%
2026-02-04 10:35:56 KST | INFO |   No improvement (3/30)
2026-02-04 10:35:56 KST | INFO | 
2026-02-04 10:35:56 KST | INFO | Epoch 71/200 | LR: 0.072700
2026-02-04 10:36:02 KST | INFO |   Train Loss: 0.0182 | Test Loss: 0.0002 | Test Acc: 98.50%
2026-02-04 10:36:02 KST | INFO |   No improvement (4/30)
2026-02-04 10:36:02 KST | INFO | 
2026-02-04 10:36:02 KST | INFO | Epoch 72/200 | LR: 0.071997
2026-02-04 10:36:07 KST | INFO |   Train Loss: 0.0169 | Test Loss: 0.0002 | Test Acc: 98.40%
2026-02-04 10:36:07 KST | INFO |   No improvement (5/30)
2026-02-04 10:36:07 KST | INFO | 
2026-02-04 10:36:07 KST | INFO | Epoch 73/200 | LR: 0.071289
2026-02-04 10:36:13 KST | INFO |   Train Loss: 0.0147 | Test Loss: 0.0002 | Test Acc: 98.80%
2026-02-04 10:36:13 KST | INFO |   No improvement (6/30)
2026-02-04 10:36:13 KST | INFO | 
2026-02-04 10:36:13 KST | INFO | Epoch 74/200 | LR: 0.070576
2026-02-04 10:36:19 KST | INFO |   Train Loss: 0.0196 | Test Loss: 0.0002 | Test Acc: 98.25%
2026-02-04 10:36:19 KST | INFO |   No improvement (7/30)
2026-02-04 10:36:19 KST | INFO | 
2026-02-04 10:36:19 KST | INFO | Epoch 75/200 | LR: 0.069858
2026-02-04 10:36:25 KST | INFO |   Train Loss: 0.0203 | Test Loss: 0.0004 | Test Acc: 96.95%
2026-02-04 10:36:25 KST | INFO |   No improvement (8/30)
2026-02-04 10:36:25 KST | INFO | 
2026-02-04 10:36:25 KST | INFO | Epoch 76/200 | LR: 0.069134
2026-02-04 10:36:30 KST | INFO |   Train Loss: 0.0162 | Test Loss: 0.0002 | Test Acc: 98.55%
2026-02-04 10:36:30 KST | INFO |   No improvement (9/30)
2026-02-04 10:36:30 KST | INFO | 
2026-02-04 10:36:30 KST | INFO | Epoch 77/200 | LR: 0.068407
2026-02-04 10:36:36 KST | INFO |   Train Loss: 0.0155 | Test Loss: 0.0002 | Test Acc: 98.35%
2026-02-04 10:36:36 KST | INFO |   No improvement (10/30)
2026-02-04 10:36:36 KST | INFO | 
2026-02-04 10:36:36 KST | INFO | Epoch 78/200 | LR: 0.067674
2026-02-04 10:36:42 KST | INFO |   Train Loss: 0.0204 | Test Loss: 0.0002 | Test Acc: 98.70%
2026-02-04 10:36:42 KST | INFO |   No improvement (11/30)
2026-02-04 10:36:42 KST | INFO | 
2026-02-04 10:36:42 KST | INFO | Epoch 79/200 | LR: 0.066937
2026-02-04 10:36:48 KST | INFO |   Train Loss: 0.0201 | Test Loss: 0.0001 | Test Acc: 98.75%
2026-02-04 10:36:48 KST | INFO |   No improvement (12/30)
2026-02-04 10:36:48 KST | INFO | 
2026-02-04 10:36:48 KST | INFO | Epoch 80/200 | LR: 0.066196
2026-02-04 10:36:54 KST | INFO |   Train Loss: 0.0181 | Test Loss: 0.0002 | Test Acc: 98.65%
2026-02-04 10:36:54 KST | INFO |   No improvement (13/30)
2026-02-04 10:36:54 KST | INFO | 
2026-02-04 10:36:54 KST | INFO | Epoch 81/200 | LR: 0.065451
2026-02-04 10:36:59 KST | INFO |   Train Loss: 0.0122 | Test Loss: 0.0002 | Test Acc: 98.60%
2026-02-04 10:36:59 KST | INFO |   No improvement (14/30)
2026-02-04 10:36:59 KST | INFO | 
2026-02-04 10:36:59 KST | INFO | Epoch 82/200 | LR: 0.064702
2026-02-04 10:37:05 KST | INFO |   Train Loss: 0.0135 | Test Loss: 0.0002 | Test Acc: 98.60%
2026-02-04 10:37:05 KST | INFO |   No improvement (15/30)
2026-02-04 10:37:05 KST | INFO | 
2026-02-04 10:37:05 KST | INFO | Epoch 83/200 | LR: 0.063950
2026-02-04 10:37:11 KST | INFO |   Train Loss: 0.0157 | Test Loss: 0.0002 | Test Acc: 98.75%
2026-02-04 10:37:11 KST | INFO |   No improvement (16/30)
2026-02-04 10:37:11 KST | INFO | 
2026-02-04 10:37:11 KST | INFO | Epoch 84/200 | LR: 0.063194
2026-02-04 10:37:17 KST | INFO |   Train Loss: 0.0122 | Test Loss: 0.0002 | Test Acc: 98.90%
2026-02-04 10:37:17 KST | INFO |   No improvement (17/30)
2026-02-04 10:37:17 KST | INFO | 
2026-02-04 10:37:17 KST | INFO | Epoch 85/200 | LR: 0.062435
2026-02-04 10:37:23 KST | INFO |   Train Loss: 0.0171 | Test Loss: 0.0003 | Test Acc: 98.15%
2026-02-04 10:37:23 KST | INFO |   No improvement (18/30)
2026-02-04 10:37:23 KST | INFO | 
2026-02-04 10:37:23 KST | INFO | Epoch 86/200 | LR: 0.061673
2026-02-04 10:37:28 KST | INFO |   Train Loss: 0.0151 | Test Loss: 0.0002 | Test Acc: 98.70%
2026-02-04 10:37:28 KST | INFO |   No improvement (19/30)
2026-02-04 10:37:28 KST | INFO | 
2026-02-04 10:37:28 KST | INFO | Epoch 87/200 | LR: 0.060908
2026-02-04 10:37:34 KST | INFO |   Train Loss: 0.0129 | Test Loss: 0.0002 | Test Acc: 98.55%
2026-02-04 10:37:34 KST | INFO |   No improvement (20/30)
2026-02-04 10:37:34 KST | INFO | 
2026-02-04 10:37:34 KST | INFO | Epoch 88/200 | LR: 0.060140
2026-02-04 10:37:40 KST | INFO |   Train Loss: 0.0143 | Test Loss: 0.0002 | Test Acc: 98.55%
2026-02-04 10:37:40 KST | INFO |   No improvement (21/30)
2026-02-04 10:37:40 KST | INFO | 
2026-02-04 10:37:40 KST | INFO | Epoch 89/200 | LR: 0.059369
2026-02-04 10:37:46 KST | INFO |   Train Loss: 0.0118 | Test Loss: 0.0002 | Test Acc: 98.75%
2026-02-04 10:37:46 KST | INFO |   No improvement (22/30)
2026-02-04 10:37:46 KST | INFO | 
2026-02-04 10:37:46 KST | INFO | Epoch 90/200 | LR: 0.058597
2026-02-04 10:37:51 KST | INFO |   Train Loss: 0.0130 | Test Loss: 0.0002 | Test Acc: 98.85%
2026-02-04 10:37:51 KST | INFO |   No improvement (23/30)
2026-02-04 10:37:51 KST | INFO | 
2026-02-04 10:37:51 KST | INFO | Epoch 91/200 | LR: 0.057822
2026-02-04 10:37:57 KST | INFO |   Train Loss: 0.0127 | Test Loss: 0.0002 | Test Acc: 98.45%
2026-02-04 10:37:57 KST | INFO |   No improvement (24/30)
2026-02-04 10:37:57 KST | INFO | 
2026-02-04 10:37:57 KST | INFO | Epoch 92/200 | LR: 0.057045
2026-02-04 10:38:03 KST | INFO |   Train Loss: 0.0102 | Test Loss: 0.0003 | Test Acc: 98.35%
2026-02-04 10:38:03 KST | INFO |   No improvement (25/30)
2026-02-04 10:38:03 KST | INFO | 
2026-02-04 10:38:03 KST | INFO | Epoch 93/200 | LR: 0.056267
2026-02-04 10:38:09 KST | INFO |   Train Loss: 0.0159 | Test Loss: 0.0002 | Test Acc: 98.65%
2026-02-04 10:38:09 KST | INFO |   No improvement (26/30)
2026-02-04 10:38:09 KST | INFO | 
2026-02-04 10:38:09 KST | INFO | Epoch 94/200 | LR: 0.055487
2026-02-04 10:38:15 KST | INFO |   Train Loss: 0.0150 | Test Loss: 0.0002 | Test Acc: 98.95%
2026-02-04 10:38:15 KST | INFO |   No improvement (27/30)
2026-02-04 10:38:15 KST | INFO | 
2026-02-04 10:38:15 KST | INFO | Epoch 95/200 | LR: 0.054706
2026-02-04 10:38:20 KST | INFO |   Train Loss: 0.0099 | Test Loss: 0.0002 | Test Acc: 98.65%
2026-02-04 10:38:20 KST | INFO |   No improvement (28/30)
2026-02-04 10:38:20 KST | INFO | 
2026-02-04 10:38:20 KST | INFO | Epoch 96/200 | LR: 0.053923
2026-02-04 10:38:26 KST | INFO |   Train Loss: 0.0097 | Test Loss: 0.0002 | Test Acc: 98.50%
2026-02-04 10:38:26 KST | INFO |   No improvement (29/30)
2026-02-04 10:38:26 KST | INFO | 
2026-02-04 10:38:26 KST | INFO | Epoch 97/200 | LR: 0.053140
2026-02-04 10:38:32 KST | INFO |   Train Loss: 0.0122 | Test Loss: 0.0002 | Test Acc: 98.75%
2026-02-04 10:38:32 KST | INFO |   No improvement (30/30)
2026-02-04 10:38:32 KST | INFO | 
2026-02-04 10:38:32 KST | INFO | Early stopping after 30 epochs without improvement
2026-02-04 10:38:32 KST | INFO | 
2026-02-04 10:38:32 KST | INFO | ================================================================================
2026-02-04 10:38:32 KST | INFO | TRAINING COMPLETE
2026-02-04 10:38:32 KST | INFO | ================================================================================
2026-02-04 10:38:32 KST | INFO | Best accuracy:  99.00% (Epoch 67)
2026-02-04 10:38:32 KST | INFO | Final accuracy: 98.75%
2026-02-04 10:38:32 KST | INFO | ================================================================================
2026-02-04 10:38:32 KST | INFO | 
2026-02-04 10:38:32 KST | INFO | Notifying nodes of completion...
2026-02-04 10:38:33 KST | INFO | ✓ Nodes notified
2026-02-04 10:38:33 KST | INFO | 
2026-02-04 10:38:33 KST | INFO | Closing connections...
2026-02-04 10:38:33 KST | INFO | ✓ Cleanup complete
2026-02-04 10:38:33 KST | INFO | 
2026-02-04 10:38:33 KST | INFO | Full log: logs/TL++_base_20260204_102841.log
2026-02-04 10:38:33 KST | INFO | ================================================================================
