2026-02-13 17:15:20 KST | INFO | ================================================================================
2026-02-13 17:15:20 KST | INFO | TL++ Orchestrator
2026-02-13 17:15:20 KST | INFO | ================================================================================
2026-02-13 17:15:20 KST | INFO | Log file: logs/TL++_secure_20260213_171520.log
2026-02-13 17:15:20 KST | INFO | 
2026-02-13 17:15:20 KST | INFO | --------------------------------------------------------------------------------
2026-02-13 17:15:20 KST | INFO | CONFIGURATION
2026-02-13 17:15:20 KST | INFO | --------------------------------------------------------------------------------
2026-02-13 17:15:20 KST | INFO | Secure mode:      True
2026-02-13 17:15:20 KST | INFO | Helper endpoint:  127.0.0.1:8082
2026-02-13 17:15:20 KST | INFO | Activation noise: 2.0%
2026-02-13 17:15:20 KST | INFO | Gradient noise:   10.0%
2026-02-13 17:15:20 KST | INFO | Nodes:            3
2026-02-13 17:15:20 KST | INFO | Cut layer:        1
2026-02-13 17:15:20 KST | INFO | Batch size:       128
2026-02-13 17:15:20 KST | INFO | Learning rate:    0.1
2026-02-13 17:15:20 KST | INFO | 
2026-02-13 17:15:20 KST | INFO | Computation device: cuda
2026-02-13 17:15:20 KST | INFO | Secure mode: ✓ ENABLED
2026-02-13 17:15:20 KST | INFO | 
2026-02-13 17:15:20 KST | INFO | --------------------------------------------------------------------------------
2026-02-13 17:15:20 KST | INFO | NETWORK SETUP
2026-02-13 17:15:20 KST | INFO | --------------------------------------------------------------------------------
2026-02-13 17:15:20 KST | INFO | ✓ Orchestrator listening on 127.0.0.1:8080
2026-02-13 17:15:20 KST | INFO | ✓ Helper node on 127.0.0.1:8082
2026-02-13 17:15:20 KST | INFO | 
2026-02-13 17:15:20 KST | INFO | Waiting for helper node...
2026-02-13 17:15:22 KST | INFO | ✓ Helper node connected
2026-02-13 17:15:22 KST | INFO | ✓ Noise config sent to helper (activation: 2.0%, gradient: 10.0%)
2026-02-13 17:15:22 KST | INFO | 
2026-02-13 17:15:22 KST | INFO | Waiting for 3 node(s)...
2026-02-13 17:15:27 KST | INFO |   ✓ Node 1/3 connected
2026-02-13 17:15:28 KST | INFO |   ✓ Node 2/3 connected
2026-02-13 17:15:29 KST | INFO |   ✓ Node 3/3 connected
2026-02-13 17:15:29 KST | INFO | ✓ All 3 node(s) connected
2026-02-13 17:15:29 KST | INFO | 
2026-02-13 17:15:29 KST | INFO | --------------------------------------------------------------------------------
2026-02-13 17:15:29 KST | INFO | MODEL INITIALIZATION
2026-02-13 17:15:29 KST | INFO | --------------------------------------------------------------------------------
2026-02-13 17:15:29 KST | INFO | Node-side parameters: 38,720
2026-02-13 17:15:29 KST | INFO | 
2026-02-13 17:15:29 KST | INFO | --------------------------------------------------------------------------------
2026-02-13 17:15:29 KST | INFO | BROADCASTING CONFIGURATION
2026-02-13 17:15:29 KST | INFO | --------------------------------------------------------------------------------
2026-02-13 17:15:29 KST | INFO | ✓ Configuration broadcast to all nodes
2026-02-13 17:15:30 KST | INFO | 
2026-02-13 17:15:30 KST | INFO | Total parameters:     3,244,611
2026-02-13 17:15:30 KST | INFO | Trainable parameters: 3,244,611
2026-02-13 17:15:30 KST | INFO | 
2026-02-13 17:15:30 KST | INFO | --------------------------------------------------------------------------------
2026-02-13 17:15:30 KST | INFO | DATA LOADING
2026-02-13 17:15:30 KST | INFO | --------------------------------------------------------------------------------
2026-02-13 17:15:56 KST | INFO | ✓ Dataset information collected:
2026-02-13 17:15:56 KST | INFO |     Node 1: 5,000 samples
2026-02-13 17:15:56 KST | INFO |     Node 2: 5,000 samples
2026-02-13 17:15:56 KST | INFO |     Node 3: 5,000 samples
2026-02-13 17:15:56 KST | INFO |   Total training samples: 15,000
2026-02-13 17:15:56 KST | INFO | 
2026-02-13 17:15:59 KST | INFO | ✓ Test dataset loaded: 3,000 samples
2026-02-13 17:15:59 KST | INFO | 
2026-02-13 17:15:59 KST | INFO | ✓ Batch scheduler: 118 batches/epoch
2026-02-13 17:15:59 KST | INFO | 
2026-02-13 17:15:59 KST | INFO | --------------------------------------------------------------------------------
2026-02-13 17:15:59 KST | INFO | OPTIMIZATION SETUP
2026-02-13 17:15:59 KST | INFO | --------------------------------------------------------------------------------
2026-02-13 17:15:59 KST | INFO | ✓ Optimizer: SGD (lr=0.1, momentum=0.9)
2026-02-13 17:15:59 KST | INFO | ✓ Scheduler: cosine
2026-02-13 17:15:59 KST | INFO | ✓ Gradient clipping: 1.0
2026-02-13 17:15:59 KST | INFO | 
2026-02-13 17:15:59 KST | INFO | ================================================================================
2026-02-13 17:15:59 KST | INFO | Setup complete - Ready for training
2026-02-13 17:15:59 KST | INFO | ================================================================================
2026-02-13 17:15:59 KST | INFO | 
2026-02-13 17:15:59 KST | INFO | --------------------------------------------------------------------------------
2026-02-13 17:15:59 KST | INFO | TRAINING
2026-02-13 17:15:59 KST | INFO | --------------------------------------------------------------------------------
2026-02-13 17:15:59 KST | INFO | 
2026-02-13 17:15:59 KST | INFO | Epoch 1/200 | LR: 0.100000
2026-02-13 17:16:28 KST | INFO |   Train Loss: 0.7689 | Test Loss: 0.0023 | Test Acc: 76.60%
2026-02-13 17:16:28 KST | INFO |   🏆 New best accuracy: 76.60%
2026-02-13 17:16:28 KST | INFO | 
2026-02-13 17:16:28 KST | INFO | Epoch 2/200 | LR: 0.099994
2026-02-13 17:17:00 KST | INFO |   Train Loss: 0.5036 | Test Loss: 0.0023 | Test Acc: 77.03%
2026-02-13 17:17:00 KST | INFO |   🏆 New best accuracy: 77.03%
2026-02-13 17:17:00 KST | INFO | 
2026-02-13 17:17:00 KST | INFO | Epoch 3/200 | LR: 0.099975
2026-02-13 17:17:28 KST | INFO |   Train Loss: 0.4072 | Test Loss: 0.0024 | Test Acc: 74.97%
2026-02-13 17:17:28 KST | INFO |   No improvement (1/30)
2026-02-13 17:17:28 KST | INFO | 
2026-02-13 17:17:28 KST | INFO | Epoch 4/200 | LR: 0.099944
2026-02-13 17:17:55 KST | INFO |   Train Loss: 0.3402 | Test Loss: 0.0023 | Test Acc: 73.73%
2026-02-13 17:17:55 KST | INFO |   No improvement (2/30)
2026-02-13 17:17:55 KST | INFO | 
2026-02-13 17:17:55 KST | INFO | Epoch 5/200 | LR: 0.099901
2026-02-13 17:18:22 KST | INFO |   Train Loss: 0.2886 | Test Loss: 0.0019 | Test Acc: 81.20%
2026-02-13 17:18:22 KST | INFO |   🏆 New best accuracy: 81.20%
2026-02-13 17:18:22 KST | INFO | 
2026-02-13 17:18:22 KST | INFO | Epoch 6/200 | LR: 0.099846
2026-02-13 17:18:49 KST | INFO |   Train Loss: 0.2489 | Test Loss: 0.0014 | Test Acc: 87.17%
2026-02-13 17:18:49 KST | INFO |   🏆 New best accuracy: 87.17%
2026-02-13 17:18:49 KST | INFO | 
2026-02-13 17:18:49 KST | INFO | Epoch 7/200 | LR: 0.099778
2026-02-13 17:19:17 KST | INFO |   Train Loss: 0.2336 | Test Loss: 0.0015 | Test Acc: 86.40%
2026-02-13 17:19:17 KST | INFO |   No improvement (1/30)
2026-02-13 17:19:17 KST | INFO | 
2026-02-13 17:19:17 KST | INFO | Epoch 8/200 | LR: 0.099698
2026-02-13 17:19:44 KST | INFO |   Train Loss: 0.2142 | Test Loss: 0.0013 | Test Acc: 87.63%
2026-02-13 17:19:44 KST | INFO |   🏆 New best accuracy: 87.63%
2026-02-13 17:19:44 KST | INFO | 
2026-02-13 17:19:44 KST | INFO | Epoch 9/200 | LR: 0.099606
2026-02-13 17:20:15 KST | INFO |   Train Loss: 0.1988 | Test Loss: 0.0011 | Test Acc: 90.80%
2026-02-13 17:20:15 KST | INFO |   🏆 New best accuracy: 90.80%
2026-02-13 17:20:15 KST | INFO | 
2026-02-13 17:20:15 KST | INFO | Epoch 10/200 | LR: 0.099501
2026-02-13 17:20:42 KST | INFO |   Train Loss: 0.1857 | Test Loss: 0.0016 | Test Acc: 85.13%
2026-02-13 17:20:42 KST | INFO |   No improvement (1/30)
2026-02-13 17:20:42 KST | INFO | 
2026-02-13 17:20:42 KST | INFO | Epoch 11/200 | LR: 0.099384
2026-02-13 17:21:10 KST | INFO |   Train Loss: 0.1786 | Test Loss: 0.0013 | Test Acc: 88.57%
2026-02-13 17:21:10 KST | INFO |   No improvement (2/30)
2026-02-13 17:21:10 KST | INFO | 
2026-02-13 17:21:10 KST | INFO | Epoch 12/200 | LR: 0.099255
2026-02-13 17:21:37 KST | INFO |   Train Loss: 0.1678 | Test Loss: 0.0009 | Test Acc: 91.77%
2026-02-13 17:21:37 KST | INFO |   🏆 New best accuracy: 91.77%
2026-02-13 17:21:37 KST | INFO | 
2026-02-13 17:21:37 KST | INFO | Epoch 13/200 | LR: 0.099114
2026-02-13 17:22:08 KST | INFO |   Train Loss: 0.1613 | Test Loss: 0.0009 | Test Acc: 92.73%
2026-02-13 17:22:08 KST | INFO |   🏆 New best accuracy: 92.73%
2026-02-13 17:22:08 KST | INFO | 
2026-02-13 17:22:08 KST | INFO | Epoch 14/200 | LR: 0.098961
2026-02-13 17:22:35 KST | INFO |   Train Loss: 0.1528 | Test Loss: 0.0009 | Test Acc: 92.73%
2026-02-13 17:22:35 KST | INFO |   No improvement (1/30)
2026-02-13 17:22:35 KST | INFO | 
2026-02-13 17:22:35 KST | INFO | Epoch 15/200 | LR: 0.098796
2026-02-13 17:23:03 KST | INFO |   Train Loss: 0.1501 | Test Loss: 0.0009 | Test Acc: 91.53%
2026-02-13 17:23:03 KST | INFO |   No improvement (2/30)
2026-02-13 17:23:03 KST | INFO | 
2026-02-13 17:23:03 KST | INFO | Epoch 16/200 | LR: 0.098619
2026-02-13 17:23:30 KST | INFO |   Train Loss: 0.1440 | Test Loss: 0.0013 | Test Acc: 87.30%
2026-02-13 17:23:30 KST | INFO |   No improvement (3/30)
2026-02-13 17:23:30 KST | INFO | 
2026-02-13 17:23:30 KST | INFO | Epoch 17/200 | LR: 0.098429
2026-02-13 17:23:57 KST | INFO |   Train Loss: 0.1359 | Test Loss: 0.0015 | Test Acc: 84.33%
2026-02-13 17:23:57 KST | INFO |   No improvement (4/30)
2026-02-13 17:23:57 KST | INFO | 
2026-02-13 17:23:57 KST | INFO | Epoch 18/200 | LR: 0.098228
2026-02-13 17:24:29 KST | INFO |   Train Loss: 0.1383 | Test Loss: 0.0008 | Test Acc: 92.70%
2026-02-13 17:24:29 KST | INFO |   No improvement (5/30)
2026-02-13 17:24:29 KST | INFO | 
2026-02-13 17:24:29 KST | INFO | Epoch 19/200 | LR: 0.098015
2026-02-13 17:24:57 KST | INFO |   Train Loss: 0.1336 | Test Loss: 0.0013 | Test Acc: 88.47%
2026-02-13 17:24:57 KST | INFO |   No improvement (6/30)
2026-02-13 17:24:57 KST | INFO | 
2026-02-13 17:24:57 KST | INFO | Epoch 20/200 | LR: 0.097790
2026-02-13 17:25:24 KST | INFO |   Train Loss: 0.1336 | Test Loss: 0.0011 | Test Acc: 89.90%
2026-02-13 17:25:24 KST | INFO |   No improvement (7/30)
2026-02-13 17:25:24 KST | INFO | 
2026-02-13 17:25:24 KST | INFO | Epoch 21/200 | LR: 0.097553
2026-02-13 17:25:52 KST | INFO |   Train Loss: 0.1268 | Test Loss: 0.0009 | Test Acc: 92.57%
2026-02-13 17:25:52 KST | INFO |   No improvement (8/30)
2026-02-13 17:25:52 KST | INFO | 
2026-02-13 17:25:52 KST | INFO | Epoch 22/200 | LR: 0.097304
2026-02-13 17:26:19 KST | INFO |   Train Loss: 0.1174 | Test Loss: 0.0009 | Test Acc: 91.97%
2026-02-13 17:26:19 KST | INFO |   No improvement (9/30)
2026-02-13 17:26:19 KST | INFO | 
2026-02-13 17:26:19 KST | INFO | Epoch 23/200 | LR: 0.097044
2026-02-13 17:26:46 KST | INFO |   Train Loss: 0.1239 | Test Loss: 0.0011 | Test Acc: 89.33%
2026-02-13 17:26:46 KST | INFO |   No improvement (10/30)
2026-02-13 17:26:46 KST | INFO | 
2026-02-13 17:26:46 KST | INFO | Epoch 24/200 | LR: 0.096772
2026-02-13 17:27:14 KST | INFO |   Train Loss: 0.1176 | Test Loss: 0.0007 | Test Acc: 93.63%
2026-02-13 17:27:14 KST | INFO |   🏆 New best accuracy: 93.63%
2026-02-13 17:27:14 KST | INFO | 
2026-02-13 17:27:14 KST | INFO | Epoch 25/200 | LR: 0.096489
2026-02-13 17:27:45 KST | INFO |   Train Loss: 0.1156 | Test Loss: 0.0012 | Test Acc: 90.20%
2026-02-13 17:27:45 KST | INFO |   No improvement (1/30)
2026-02-13 17:27:45 KST | INFO | 
2026-02-13 17:27:45 KST | INFO | Epoch 26/200 | LR: 0.096194
2026-02-13 17:28:13 KST | INFO |   Train Loss: 0.1088 | Test Loss: 0.0010 | Test Acc: 90.73%
2026-02-13 17:28:13 KST | INFO |   No improvement (2/30)
2026-02-13 17:28:13 KST | INFO | 
2026-02-13 17:28:13 KST | INFO | Epoch 27/200 | LR: 0.095888
2026-02-13 17:28:41 KST | INFO |   Train Loss: 0.1092 | Test Loss: 0.0008 | Test Acc: 92.80%
2026-02-13 17:28:41 KST | INFO |   No improvement (3/30)
2026-02-13 17:28:41 KST | INFO | 
2026-02-13 17:28:41 KST | INFO | Epoch 28/200 | LR: 0.095570
2026-02-13 17:29:09 KST | INFO |   Train Loss: 0.1046 | Test Loss: 0.0009 | Test Acc: 91.90%
2026-02-13 17:29:09 KST | INFO |   No improvement (4/30)
2026-02-13 17:29:09 KST | INFO | 
2026-02-13 17:29:09 KST | INFO | Epoch 29/200 | LR: 0.095241
2026-02-13 17:29:37 KST | INFO |   Train Loss: 0.1064 | Test Loss: 0.0006 | Test Acc: 94.93%
2026-02-13 17:29:37 KST | INFO |   🏆 New best accuracy: 94.93%
2026-02-13 17:29:37 KST | INFO | 
2026-02-13 17:29:37 KST | INFO | Epoch 30/200 | LR: 0.094901
2026-02-13 17:30:05 KST | INFO |   Train Loss: 0.1020 | Test Loss: 0.0006 | Test Acc: 94.20%
2026-02-13 17:30:05 KST | INFO |   No improvement (1/30)
2026-02-13 17:30:05 KST | INFO | 
2026-02-13 17:30:05 KST | INFO | Epoch 31/200 | LR: 0.094550
2026-02-13 17:30:34 KST | INFO |   Train Loss: 0.1010 | Test Loss: 0.0011 | Test Acc: 90.10%
2026-02-13 17:30:34 KST | INFO |   No improvement (2/30)
2026-02-13 17:30:34 KST | INFO | 
2026-02-13 17:30:34 KST | INFO | Epoch 32/200 | LR: 0.094188
2026-02-13 17:31:05 KST | INFO |   Train Loss: 0.0963 | Test Loss: 0.0012 | Test Acc: 88.53%
2026-02-13 17:31:05 KST | INFO |   No improvement (3/30)
2026-02-13 17:31:05 KST | INFO | 
2026-02-13 17:31:05 KST | INFO | Epoch 33/200 | LR: 0.093815
2026-02-13 17:31:33 KST | INFO |   Train Loss: 0.0988 | Test Loss: 0.0007 | Test Acc: 93.57%
2026-02-13 17:31:33 KST | INFO |   No improvement (4/30)
2026-02-13 17:31:33 KST | INFO | 
2026-02-13 17:31:33 KST | INFO | Epoch 34/200 | LR: 0.093432
2026-02-13 17:32:00 KST | INFO |   Train Loss: 0.0932 | Test Loss: 0.0008 | Test Acc: 92.77%
2026-02-13 17:32:00 KST | INFO |   No improvement (5/30)
2026-02-13 17:32:00 KST | INFO | 
2026-02-13 17:32:00 KST | INFO | Epoch 35/200 | LR: 0.093037
2026-02-13 17:32:27 KST | INFO |   Train Loss: 0.0931 | Test Loss: 0.0006 | Test Acc: 94.93%
2026-02-13 17:32:27 KST | INFO |   No improvement (6/30)
2026-02-13 17:32:27 KST | INFO | 
2026-02-13 17:32:27 KST | INFO | Epoch 36/200 | LR: 0.092632
2026-02-13 17:32:55 KST | INFO |   Train Loss: 0.0894 | Test Loss: 0.0008 | Test Acc: 92.80%
2026-02-13 17:32:55 KST | INFO |   No improvement (7/30)
2026-02-13 17:32:55 KST | INFO | 
2026-02-13 17:32:55 KST | INFO | Epoch 37/200 | LR: 0.092216
2026-02-13 17:33:23 KST | INFO |   Train Loss: 0.0865 | Test Loss: 0.0009 | Test Acc: 91.03%
2026-02-13 17:33:23 KST | INFO |   No improvement (8/30)
2026-02-13 17:33:23 KST | INFO | 
2026-02-13 17:33:23 KST | INFO | Epoch 38/200 | LR: 0.091790
2026-02-13 17:33:51 KST | INFO |   Train Loss: 0.0866 | Test Loss: 0.0026 | Test Acc: 80.47%
2026-02-13 17:33:51 KST | INFO |   No improvement (9/30)
2026-02-13 17:33:51 KST | INFO | 
2026-02-13 17:33:51 KST | INFO | Epoch 39/200 | LR: 0.091354
2026-02-13 17:34:23 KST | INFO |   Train Loss: 0.0813 | Test Loss: 0.0006 | Test Acc: 94.53%
2026-02-13 17:34:23 KST | INFO |   No improvement (10/30)
2026-02-13 17:34:23 KST | INFO | 
2026-02-13 17:34:23 KST | INFO | Epoch 40/200 | LR: 0.090908
2026-02-13 17:34:50 KST | INFO |   Train Loss: 0.0881 | Test Loss: 0.0010 | Test Acc: 90.10%
2026-02-13 17:34:50 KST | INFO |   No improvement (11/30)
2026-02-13 17:34:50 KST | INFO | 
2026-02-13 17:34:50 KST | INFO | Epoch 41/200 | LR: 0.090451
2026-02-13 17:35:18 KST | INFO |   Train Loss: 0.0857 | Test Loss: 0.0008 | Test Acc: 92.47%
2026-02-13 17:35:18 KST | INFO |   No improvement (12/30)
2026-02-13 17:35:18 KST | INFO | 
2026-02-13 17:35:18 KST | INFO | Epoch 42/200 | LR: 0.089984
2026-02-13 17:35:47 KST | INFO |   Train Loss: 0.0831 | Test Loss: 0.0007 | Test Acc: 93.30%
2026-02-13 17:35:47 KST | INFO |   No improvement (13/30)
2026-02-13 17:35:47 KST | INFO | 
2026-02-13 17:35:47 KST | INFO | Epoch 43/200 | LR: 0.089508
2026-02-13 17:36:14 KST | INFO |   Train Loss: 0.0788 | Test Loss: 0.0007 | Test Acc: 94.13%
2026-02-13 17:36:14 KST | INFO |   No improvement (14/30)
2026-02-13 17:36:14 KST | INFO | 
2026-02-13 17:36:14 KST | INFO | Epoch 44/200 | LR: 0.089022
2026-02-13 17:36:42 KST | INFO |   Train Loss: 0.0814 | Test Loss: 0.0008 | Test Acc: 91.97%
2026-02-13 17:36:42 KST | INFO |   No improvement (15/30)
2026-02-13 17:36:42 KST | INFO | 
2026-02-13 17:36:42 KST | INFO | Epoch 45/200 | LR: 0.088526
2026-02-13 17:37:10 KST | INFO |   Train Loss: 0.0819 | Test Loss: 0.0019 | Test Acc: 83.27%
2026-02-13 17:37:10 KST | INFO |   No improvement (16/30)
2026-02-13 17:37:10 KST | INFO | 
2026-02-13 17:37:10 KST | INFO | Epoch 46/200 | LR: 0.088020
2026-02-13 17:37:42 KST | INFO |   Train Loss: 0.0744 | Test Loss: 0.0009 | Test Acc: 91.73%
2026-02-13 17:37:42 KST | INFO |   No improvement (17/30)
2026-02-13 17:37:42 KST | INFO | 
2026-02-13 17:37:42 KST | INFO | Epoch 47/200 | LR: 0.087506
2026-02-13 17:38:09 KST | INFO |   Train Loss: 0.0763 | Test Loss: 0.0007 | Test Acc: 93.23%
2026-02-13 17:38:09 KST | INFO |   No improvement (18/30)
2026-02-13 17:38:09 KST | INFO | 
2026-02-13 17:38:09 KST | INFO | Epoch 48/200 | LR: 0.086982
2026-02-13 17:38:36 KST | INFO |   Train Loss: 0.0712 | Test Loss: 0.0006 | Test Acc: 93.97%
2026-02-13 17:38:36 KST | INFO |   No improvement (19/30)
2026-02-13 17:38:36 KST | INFO | 
2026-02-13 17:38:36 KST | INFO | Epoch 49/200 | LR: 0.086449
2026-02-13 17:39:04 KST | INFO |   Train Loss: 0.0682 | Test Loss: 0.0008 | Test Acc: 92.73%
2026-02-13 17:39:04 KST | INFO |   No improvement (20/30)
2026-02-13 17:39:04 KST | INFO | 
2026-02-13 17:39:04 KST | INFO | Epoch 50/200 | LR: 0.085906
2026-02-13 17:39:32 KST | INFO |   Train Loss: 0.0727 | Test Loss: 0.0008 | Test Acc: 92.97%
2026-02-13 17:39:32 KST | INFO |   No improvement (21/30)
2026-02-13 17:39:32 KST | INFO | 
2026-02-13 17:39:32 KST | INFO | Epoch 51/200 | LR: 0.085355
2026-02-13 17:40:00 KST | INFO |   Train Loss: 0.0702 | Test Loss: 0.0006 | Test Acc: 94.30%
2026-02-13 17:40:00 KST | INFO |   No improvement (22/30)
2026-02-13 17:40:00 KST | INFO | 
2026-02-13 17:40:00 KST | INFO | Epoch 52/200 | LR: 0.084796
2026-02-13 17:40:28 KST | INFO |   Train Loss: 0.0726 | Test Loss: 0.0012 | Test Acc: 89.37%
2026-02-13 17:40:28 KST | INFO |   No improvement (23/30)
2026-02-13 17:40:28 KST | INFO | 
2026-02-13 17:40:28 KST | INFO | Epoch 53/200 | LR: 0.084228
2026-02-13 17:41:00 KST | INFO |   Train Loss: 0.0710 | Test Loss: 0.0010 | Test Acc: 90.93%
2026-02-13 17:41:00 KST | INFO |   No improvement (24/30)
2026-02-13 17:41:00 KST | INFO | 
2026-02-13 17:41:00 KST | INFO | Epoch 54/200 | LR: 0.083651
2026-02-13 17:41:27 KST | INFO |   Train Loss: 0.0628 | Test Loss: 0.0007 | Test Acc: 93.93%
2026-02-13 17:41:27 KST | INFO |   No improvement (25/30)
2026-02-13 17:41:27 KST | INFO | 
2026-02-13 17:41:27 KST | INFO | Epoch 55/200 | LR: 0.083066
2026-02-13 17:41:55 KST | INFO |   Train Loss: 0.0687 | Test Loss: 0.0007 | Test Acc: 93.20%
2026-02-13 17:41:55 KST | INFO |   No improvement (26/30)
2026-02-13 17:41:55 KST | INFO | 
2026-02-13 17:41:55 KST | INFO | Epoch 56/200 | LR: 0.082473
2026-02-13 17:42:22 KST | INFO |   Train Loss: 0.0665 | Test Loss: 0.0006 | Test Acc: 94.27%
2026-02-13 17:42:22 KST | INFO |   No improvement (27/30)
2026-02-13 17:42:22 KST | INFO | 
2026-02-13 17:42:22 KST | INFO | Epoch 57/200 | LR: 0.081871
2026-02-13 17:42:49 KST | INFO |   Train Loss: 0.0636 | Test Loss: 0.0010 | Test Acc: 91.13%
2026-02-13 17:42:49 KST | INFO |   No improvement (28/30)
2026-02-13 17:42:49 KST | INFO | 
2026-02-13 17:42:49 KST | INFO | Epoch 58/200 | LR: 0.081262
2026-02-13 17:43:17 KST | INFO |   Train Loss: 0.0636 | Test Loss: 0.0008 | Test Acc: 92.97%
2026-02-13 17:43:17 KST | INFO |   No improvement (29/30)
2026-02-13 17:43:17 KST | INFO | 
2026-02-13 17:43:17 KST | INFO | Epoch 59/200 | LR: 0.080646
2026-02-13 17:43:44 KST | INFO |   Train Loss: 0.0606 | Test Loss: 0.0007 | Test Acc: 93.97%
2026-02-13 17:43:44 KST | INFO |   No improvement (30/30)
2026-02-13 17:43:44 KST | INFO | 
2026-02-13 17:43:44 KST | INFO | Early stopping after 30 epochs without improvement
2026-02-13 17:43:44 KST | INFO | 
2026-02-13 17:43:44 KST | INFO | ================================================================================
2026-02-13 17:43:44 KST | INFO | TRAINING COMPLETE
2026-02-13 17:43:44 KST | INFO | ================================================================================
2026-02-13 17:43:44 KST | INFO | Best accuracy:  94.93% (Epoch 29)
2026-02-13 17:43:44 KST | INFO | Final accuracy: 93.97%
2026-02-13 17:43:44 KST | INFO | ================================================================================
2026-02-13 17:43:44 KST | INFO | 
2026-02-13 17:43:44 KST | INFO | Notifying nodes of completion...
2026-02-13 17:43:45 KST | INFO | ✓ Nodes notified
2026-02-13 17:43:45 KST | INFO | 
2026-02-13 17:43:45 KST | INFO | Closing connections...
2026-02-13 17:43:45 KST | INFO | ✓ Cleanup complete
2026-02-13 17:43:45 KST | INFO | 
2026-02-13 17:43:45 KST | INFO | Full log: logs/TL++_secure_20260213_171520.log
2026-02-13 17:43:45 KST | INFO | ================================================================================
