2026-02-06 01:59:32 KST | INFO | ================================================================================
2026-02-06 01:59:32 KST | INFO | TL++ Orchestrator
2026-02-06 01:59:32 KST | INFO | ================================================================================
2026-02-06 01:59:32 KST | INFO | Log file: logs/TL++_base_20260206_015932.log
2026-02-06 01:59:32 KST | INFO | 
2026-02-06 01:59:32 KST | INFO | --------------------------------------------------------------------------------
2026-02-06 01:59:32 KST | INFO | CONFIGURATION
2026-02-06 01:59:32 KST | INFO | --------------------------------------------------------------------------------
2026-02-06 01:59:32 KST | INFO | Secure mode:      False
2026-02-06 01:59:32 KST | INFO | Nodes:            6
2026-02-06 01:59:32 KST | INFO | Cut layer:        2
2026-02-06 01:59:32 KST | INFO | Batch size:       128
2026-02-06 01:59:32 KST | INFO | Learning rate:    0.1
2026-02-06 01:59:32 KST | INFO | 
2026-02-06 01:59:32 KST | INFO | Computation device: cuda
2026-02-06 01:59:32 KST | INFO | Secure mode: DISABLED
2026-02-06 01:59:32 KST | INFO | 
2026-02-06 01:59:32 KST | INFO | --------------------------------------------------------------------------------
2026-02-06 01:59:32 KST | INFO | NETWORK SETUP
2026-02-06 01:59:32 KST | INFO | --------------------------------------------------------------------------------
2026-02-06 01:59:32 KST | INFO | ✓ Orchestrator listening on 127.0.0.1:8080
2026-02-06 01:59:32 KST | INFO | Waiting for 6 node(s)...
2026-02-06 01:59:35 KST | INFO |   ✓ Node 1/6 connected
2026-02-06 01:59:36 KST | INFO |   ✓ Node 2/6 connected
2026-02-06 01:59:37 KST | INFO |   ✓ Node 3/6 connected
2026-02-06 01:59:38 KST | INFO |   ✓ Node 4/6 connected
2026-02-06 01:59:39 KST | INFO |   ✓ Node 5/6 connected
2026-02-06 01:59:40 KST | INFO |   ✓ Node 6/6 connected
2026-02-06 01:59:40 KST | INFO | ✓ All 6 node(s) connected
2026-02-06 01:59:40 KST | INFO | 
2026-02-06 01:59:40 KST | INFO | --------------------------------------------------------------------------------
2026-02-06 01:59:40 KST | INFO | MODEL INITIALIZATION
2026-02-06 01:59:40 KST | INFO | --------------------------------------------------------------------------------
2026-02-06 01:59:40 KST | INFO | Node-side parameters: 260,160
2026-02-06 01:59:40 KST | INFO | 
2026-02-06 01:59:40 KST | INFO | --------------------------------------------------------------------------------
2026-02-06 01:59:40 KST | INFO | BROADCASTING CONFIGURATION
2026-02-06 01:59:40 KST | INFO | --------------------------------------------------------------------------------
2026-02-06 01:59:40 KST | INFO | ✓ Configuration broadcast to all nodes
2026-02-06 01:59:42 KST | INFO | 
2026-02-06 01:59:42 KST | INFO | Total parameters:     3,246,150
2026-02-06 01:59:42 KST | INFO | Trainable parameters: 3,246,150
2026-02-06 01:59:42 KST | INFO | 
2026-02-06 01:59:42 KST | INFO | --------------------------------------------------------------------------------
2026-02-06 01:59:42 KST | INFO | DATA LOADING
2026-02-06 01:59:42 KST | INFO | --------------------------------------------------------------------------------
2026-02-06 02:00:07 KST | INFO | ✓ Dataset information collected:
2026-02-06 02:00:07 KST | INFO |     Node 1: 5,000 samples
2026-02-06 02:00:07 KST | INFO |     Node 2: 5,000 samples
2026-02-06 02:00:07 KST | INFO |     Node 3: 5,000 samples
2026-02-06 02:00:07 KST | INFO |     Node 4: 5,000 samples
2026-02-06 02:00:07 KST | INFO |     Node 5: 5,000 samples
2026-02-06 02:00:07 KST | INFO |     Node 6: 5,000 samples
2026-02-06 02:00:07 KST | INFO |   Total training samples: 30,000
2026-02-06 02:00:07 KST | INFO | 
2026-02-06 02:00:10 KST | INFO | ✓ Test dataset loaded: 6,000 samples
2026-02-06 02:00:10 KST | INFO | 
2026-02-06 02:00:10 KST | INFO | ✓ Batch scheduler: 235 batches/epoch
2026-02-06 02:00:10 KST | INFO | 
2026-02-06 02:00:10 KST | INFO | --------------------------------------------------------------------------------
2026-02-06 02:00:10 KST | INFO | OPTIMIZATION SETUP
2026-02-06 02:00:10 KST | INFO | --------------------------------------------------------------------------------
2026-02-06 02:00:10 KST | INFO | ✓ Optimizer: SGD (lr=0.1, momentum=0.9)
2026-02-06 02:00:10 KST | INFO | ✓ Scheduler: cosine
2026-02-06 02:00:10 KST | INFO | ✓ Gradient clipping: 1.0
2026-02-06 02:00:10 KST | INFO | 
2026-02-06 02:00:10 KST | INFO | ================================================================================
2026-02-06 02:00:10 KST | INFO | Setup complete - Ready for training
2026-02-06 02:00:10 KST | INFO | ================================================================================
2026-02-06 02:00:10 KST | INFO | 
2026-02-06 02:00:10 KST | INFO | --------------------------------------------------------------------------------
2026-02-06 02:00:10 KST | INFO | TRAINING
2026-02-06 02:00:10 KST | INFO | --------------------------------------------------------------------------------
2026-02-06 02:00:10 KST | INFO | 
2026-02-06 02:00:10 KST | INFO | Epoch 1/200 | LR: 0.100000
2026-02-06 02:00:25 KST | INFO |   Train Loss: 1.3584 | Test Loss: 0.0052 | Test Acc: 48.53%
2026-02-06 02:00:25 KST | INFO |   🏆 New best accuracy: 48.53%
2026-02-06 02:00:25 KST | INFO | 
2026-02-06 02:00:25 KST | INFO | Epoch 2/200 | LR: 0.099994
2026-02-06 02:00:39 KST | INFO |   Train Loss: 1.0761 | Test Loss: 0.0036 | Test Acc: 64.42%
2026-02-06 02:00:39 KST | INFO |   🏆 New best accuracy: 64.42%
2026-02-06 02:00:39 KST | INFO | 
2026-02-06 02:00:39 KST | INFO | Epoch 3/200 | LR: 0.099975
2026-02-06 02:00:53 KST | INFO |   Train Loss: 0.9051 | Test Loss: 0.0032 | Test Acc: 69.98%
2026-02-06 02:00:53 KST | INFO |   🏆 New best accuracy: 69.98%
2026-02-06 02:00:53 KST | INFO | 
2026-02-06 02:00:53 KST | INFO | Epoch 4/200 | LR: 0.099944
2026-02-06 02:01:07 KST | INFO |   Train Loss: 0.7863 | Test Loss: 0.0029 | Test Acc: 72.50%
2026-02-06 02:01:07 KST | INFO |   🏆 New best accuracy: 72.50%
2026-02-06 02:01:07 KST | INFO | 
2026-02-06 02:01:07 KST | INFO | Epoch 5/200 | LR: 0.099901
2026-02-06 02:01:21 KST | INFO |   Train Loss: 0.6982 | Test Loss: 0.0027 | Test Acc: 75.58%
2026-02-06 02:01:21 KST | INFO |   🏆 New best accuracy: 75.58%
2026-02-06 02:01:21 KST | INFO | 
2026-02-06 02:01:21 KST | INFO | Epoch 6/200 | LR: 0.099846
2026-02-06 02:01:35 KST | INFO |   Train Loss: 0.6444 | Test Loss: 0.0025 | Test Acc: 76.52%
2026-02-06 02:01:35 KST | INFO |   🏆 New best accuracy: 76.52%
2026-02-06 02:01:35 KST | INFO | 
2026-02-06 02:01:35 KST | INFO | Epoch 7/200 | LR: 0.099778
2026-02-06 02:01:49 KST | INFO |   Train Loss: 0.6032 | Test Loss: 0.0026 | Test Acc: 76.52%
2026-02-06 02:01:49 KST | INFO |   No improvement (1/30)
2026-02-06 02:01:49 KST | INFO | 
2026-02-06 02:01:49 KST | INFO | Epoch 8/200 | LR: 0.099698
2026-02-06 02:02:04 KST | INFO |   Train Loss: 0.5633 | Test Loss: 0.0022 | Test Acc: 79.65%
2026-02-06 02:02:04 KST | INFO |   🏆 New best accuracy: 79.65%
2026-02-06 02:02:04 KST | INFO | 
2026-02-06 02:02:04 KST | INFO | Epoch 9/200 | LR: 0.099606
2026-02-06 02:02:18 KST | INFO |   Train Loss: 0.5325 | Test Loss: 0.0028 | Test Acc: 74.52%
2026-02-06 02:02:18 KST | INFO |   No improvement (1/30)
2026-02-06 02:02:18 KST | INFO | 
2026-02-06 02:02:18 KST | INFO | Epoch 10/200 | LR: 0.099501
2026-02-06 02:02:32 KST | INFO |   Train Loss: 0.5040 | Test Loss: 0.0022 | Test Acc: 80.93%
2026-02-06 02:02:32 KST | INFO |   🏆 New best accuracy: 80.93%
2026-02-06 02:02:32 KST | INFO | 
2026-02-06 02:02:32 KST | INFO | Epoch 11/200 | LR: 0.099384
2026-02-06 02:02:46 KST | INFO |   Train Loss: 0.4903 | Test Loss: 0.0019 | Test Acc: 81.90%
2026-02-06 02:02:46 KST | INFO |   🏆 New best accuracy: 81.90%
2026-02-06 02:02:46 KST | INFO | 
2026-02-06 02:02:46 KST | INFO | Epoch 12/200 | LR: 0.099255
2026-02-06 02:03:00 KST | INFO |   Train Loss: 0.4739 | Test Loss: 0.0021 | Test Acc: 81.25%
2026-02-06 02:03:00 KST | INFO |   No improvement (1/30)
2026-02-06 02:03:00 KST | INFO | 
2026-02-06 02:03:00 KST | INFO | Epoch 13/200 | LR: 0.099114
2026-02-06 02:03:14 KST | INFO |   Train Loss: 0.4488 | Test Loss: 0.0018 | Test Acc: 83.77%
2026-02-06 02:03:14 KST | INFO |   🏆 New best accuracy: 83.77%
2026-02-06 02:03:14 KST | INFO | 
2026-02-06 02:03:14 KST | INFO | Epoch 14/200 | LR: 0.098961
2026-02-06 02:03:28 KST | INFO |   Train Loss: 0.4418 | Test Loss: 0.0017 | Test Acc: 84.48%
2026-02-06 02:03:28 KST | INFO |   🏆 New best accuracy: 84.48%
2026-02-06 02:03:28 KST | INFO | 
2026-02-06 02:03:28 KST | INFO | Epoch 15/200 | LR: 0.098796
2026-02-06 02:03:42 KST | INFO |   Train Loss: 0.4260 | Test Loss: 0.0018 | Test Acc: 82.78%
2026-02-06 02:03:42 KST | INFO |   No improvement (1/30)
2026-02-06 02:03:42 KST | INFO | 
2026-02-06 02:03:42 KST | INFO | Epoch 16/200 | LR: 0.098619
2026-02-06 02:03:56 KST | INFO |   Train Loss: 0.4119 | Test Loss: 0.0017 | Test Acc: 85.03%
2026-02-06 02:03:56 KST | INFO |   🏆 New best accuracy: 85.03%
2026-02-06 02:03:56 KST | INFO | 
2026-02-06 02:03:56 KST | INFO | Epoch 17/200 | LR: 0.098429
2026-02-06 02:04:10 KST | INFO |   Train Loss: 0.4052 | Test Loss: 0.0016 | Test Acc: 85.32%
2026-02-06 02:04:10 KST | INFO |   🏆 New best accuracy: 85.32%
2026-02-06 02:04:10 KST | INFO | 
2026-02-06 02:04:10 KST | INFO | Epoch 18/200 | LR: 0.098228
2026-02-06 02:04:24 KST | INFO |   Train Loss: 0.3882 | Test Loss: 0.0017 | Test Acc: 85.12%
2026-02-06 02:04:24 KST | INFO |   No improvement (1/30)
2026-02-06 02:04:24 KST | INFO | 
2026-02-06 02:04:24 KST | INFO | Epoch 19/200 | LR: 0.098015
2026-02-06 02:04:38 KST | INFO |   Train Loss: 0.3821 | Test Loss: 0.0018 | Test Acc: 84.32%
2026-02-06 02:04:38 KST | INFO |   No improvement (2/30)
2026-02-06 02:04:38 KST | INFO | 
2026-02-06 02:04:38 KST | INFO | Epoch 20/200 | LR: 0.097790
2026-02-06 02:04:53 KST | INFO |   Train Loss: 0.3743 | Test Loss: 0.0016 | Test Acc: 85.07%
2026-02-06 02:04:53 KST | INFO |   No improvement (3/30)
2026-02-06 02:04:53 KST | INFO | 
2026-02-06 02:04:53 KST | INFO | Epoch 21/200 | LR: 0.097553
2026-02-06 02:05:07 KST | INFO |   Train Loss: 0.3680 | Test Loss: 0.0020 | Test Acc: 82.58%
2026-02-06 02:05:07 KST | INFO |   No improvement (4/30)
2026-02-06 02:05:07 KST | INFO | 
2026-02-06 02:05:07 KST | INFO | Epoch 22/200 | LR: 0.097304
2026-02-06 02:05:21 KST | INFO |   Train Loss: 0.3544 | Test Loss: 0.0016 | Test Acc: 85.87%
2026-02-06 02:05:21 KST | INFO |   🏆 New best accuracy: 85.87%
2026-02-06 02:05:21 KST | INFO | 
2026-02-06 02:05:21 KST | INFO | Epoch 23/200 | LR: 0.097044
2026-02-06 02:05:35 KST | INFO |   Train Loss: 0.3522 | Test Loss: 0.0015 | Test Acc: 86.47%
2026-02-06 02:05:35 KST | INFO |   🏆 New best accuracy: 86.47%
2026-02-06 02:05:35 KST | INFO | 
2026-02-06 02:05:35 KST | INFO | Epoch 24/200 | LR: 0.096772
2026-02-06 02:05:49 KST | INFO |   Train Loss: 0.3411 | Test Loss: 0.0017 | Test Acc: 84.53%
2026-02-06 02:05:49 KST | INFO |   No improvement (1/30)
2026-02-06 02:05:49 KST | INFO | 
2026-02-06 02:05:49 KST | INFO | Epoch 25/200 | LR: 0.096489
2026-02-06 02:06:03 KST | INFO |   Train Loss: 0.3376 | Test Loss: 0.0017 | Test Acc: 85.02%
2026-02-06 02:06:03 KST | INFO |   No improvement (2/30)
2026-02-06 02:06:03 KST | INFO | 
2026-02-06 02:06:03 KST | INFO | Epoch 26/200 | LR: 0.096194
2026-02-06 02:06:17 KST | INFO |   Train Loss: 0.3337 | Test Loss: 0.0018 | Test Acc: 85.05%
2026-02-06 02:06:17 KST | INFO |   No improvement (3/30)
2026-02-06 02:06:17 KST | INFO | 
2026-02-06 02:06:17 KST | INFO | Epoch 27/200 | LR: 0.095888
2026-02-06 02:06:31 KST | INFO |   Train Loss: 0.3268 | Test Loss: 0.0015 | Test Acc: 86.08%
2026-02-06 02:06:31 KST | INFO |   No improvement (4/30)
2026-02-06 02:06:31 KST | INFO | 
2026-02-06 02:06:31 KST | INFO | Epoch 28/200 | LR: 0.095570
2026-02-06 02:06:45 KST | INFO |   Train Loss: 0.3202 | Test Loss: 0.0016 | Test Acc: 86.05%
2026-02-06 02:06:45 KST | INFO |   No improvement (5/30)
2026-02-06 02:06:45 KST | INFO | 
2026-02-06 02:06:45 KST | INFO | Epoch 29/200 | LR: 0.095241
2026-02-06 02:06:59 KST | INFO |   Train Loss: 0.3185 | Test Loss: 0.0016 | Test Acc: 85.43%
2026-02-06 02:06:59 KST | INFO |   No improvement (6/30)
2026-02-06 02:06:59 KST | INFO | 
2026-02-06 02:06:59 KST | INFO | Epoch 30/200 | LR: 0.094901
2026-02-06 02:07:13 KST | INFO |   Train Loss: 0.3181 | Test Loss: 0.0016 | Test Acc: 86.15%
2026-02-06 02:07:13 KST | INFO |   No improvement (7/30)
2026-02-06 02:07:13 KST | INFO | 
2026-02-06 02:07:13 KST | INFO | Epoch 31/200 | LR: 0.094550
2026-02-06 02:07:27 KST | INFO |   Train Loss: 0.3079 | Test Loss: 0.0014 | Test Acc: 87.45%
2026-02-06 02:07:27 KST | INFO |   🏆 New best accuracy: 87.45%
2026-02-06 02:07:27 KST | INFO | 
2026-02-06 02:07:27 KST | INFO | Epoch 32/200 | LR: 0.094188
2026-02-06 02:07:41 KST | INFO |   Train Loss: 0.3087 | Test Loss: 0.0015 | Test Acc: 87.10%
2026-02-06 02:07:41 KST | INFO |   No improvement (1/30)
2026-02-06 02:07:41 KST | INFO | 
2026-02-06 02:07:41 KST | INFO | Epoch 33/200 | LR: 0.093815
2026-02-06 02:07:55 KST | INFO |   Train Loss: 0.3018 | Test Loss: 0.0014 | Test Acc: 88.08%
2026-02-06 02:07:55 KST | INFO |   🏆 New best accuracy: 88.08%
2026-02-06 02:07:55 KST | INFO | 
2026-02-06 02:07:55 KST | INFO | Epoch 34/200 | LR: 0.093432
2026-02-06 02:08:10 KST | INFO |   Train Loss: 0.2992 | Test Loss: 0.0015 | Test Acc: 86.75%
2026-02-06 02:08:10 KST | INFO |   No improvement (1/30)
2026-02-06 02:08:10 KST | INFO | 
2026-02-06 02:08:10 KST | INFO | Epoch 35/200 | LR: 0.093037
2026-02-06 02:08:23 KST | INFO |   Train Loss: 0.2971 | Test Loss: 0.0014 | Test Acc: 87.35%
2026-02-06 02:08:23 KST | INFO |   No improvement (2/30)
2026-02-06 02:08:23 KST | INFO | 
2026-02-06 02:08:23 KST | INFO | Epoch 36/200 | LR: 0.092632
2026-02-06 02:08:37 KST | INFO |   Train Loss: 0.2949 | Test Loss: 0.0014 | Test Acc: 87.75%
2026-02-06 02:08:37 KST | INFO |   No improvement (3/30)
2026-02-06 02:08:37 KST | INFO | 
2026-02-06 02:08:37 KST | INFO | Epoch 37/200 | LR: 0.092216
2026-02-06 02:08:52 KST | INFO |   Train Loss: 0.2879 | Test Loss: 0.0016 | Test Acc: 86.12%
2026-02-06 02:08:52 KST | INFO |   No improvement (4/30)
2026-02-06 02:08:52 KST | INFO | 
2026-02-06 02:08:52 KST | INFO | Epoch 38/200 | LR: 0.091790
2026-02-06 02:09:06 KST | INFO |   Train Loss: 0.2831 | Test Loss: 0.0016 | Test Acc: 86.42%
2026-02-06 02:09:06 KST | INFO |   No improvement (5/30)
2026-02-06 02:09:06 KST | INFO | 
2026-02-06 02:09:06 KST | INFO | Epoch 39/200 | LR: 0.091354
2026-02-06 02:09:19 KST | INFO |   Train Loss: 0.2844 | Test Loss: 0.0014 | Test Acc: 87.40%
2026-02-06 02:09:19 KST | INFO |   No improvement (6/30)
2026-02-06 02:09:19 KST | INFO | 
2026-02-06 02:09:19 KST | INFO | Epoch 40/200 | LR: 0.090908
2026-02-06 02:09:33 KST | INFO |   Train Loss: 0.2810 | Test Loss: 0.0014 | Test Acc: 87.85%
2026-02-06 02:09:33 KST | INFO |   No improvement (7/30)
2026-02-06 02:09:33 KST | INFO | 
2026-02-06 02:09:33 KST | INFO | Epoch 41/200 | LR: 0.090451
2026-02-06 02:09:47 KST | INFO |   Train Loss: 0.2762 | Test Loss: 0.0016 | Test Acc: 86.58%
2026-02-06 02:09:47 KST | INFO |   No improvement (8/30)
2026-02-06 02:09:47 KST | INFO | 
2026-02-06 02:09:47 KST | INFO | Epoch 42/200 | LR: 0.089984
2026-02-06 02:10:01 KST | INFO |   Train Loss: 0.2757 | Test Loss: 0.0013 | Test Acc: 88.67%
2026-02-06 02:10:01 KST | INFO |   🏆 New best accuracy: 88.67%
2026-02-06 02:10:01 KST | INFO | 
2026-02-06 02:10:01 KST | INFO | Epoch 43/200 | LR: 0.089508
2026-02-06 02:10:16 KST | INFO |   Train Loss: 0.2662 | Test Loss: 0.0015 | Test Acc: 86.93%
2026-02-06 02:10:16 KST | INFO |   No improvement (1/30)
2026-02-06 02:10:16 KST | INFO | 
2026-02-06 02:10:16 KST | INFO | Epoch 44/200 | LR: 0.089022
2026-02-06 02:10:30 KST | INFO |   Train Loss: 0.2688 | Test Loss: 0.0016 | Test Acc: 86.82%
2026-02-06 02:10:30 KST | INFO |   No improvement (2/30)
2026-02-06 02:10:30 KST | INFO | 
2026-02-06 02:10:30 KST | INFO | Epoch 45/200 | LR: 0.088526
2026-02-06 02:10:44 KST | INFO |   Train Loss: 0.2651 | Test Loss: 0.0014 | Test Acc: 88.43%
2026-02-06 02:10:44 KST | INFO |   No improvement (3/30)
2026-02-06 02:10:44 KST | INFO | 
2026-02-06 02:10:44 KST | INFO | Epoch 46/200 | LR: 0.088020
2026-02-06 02:10:58 KST | INFO |   Train Loss: 0.2601 | Test Loss: 0.0014 | Test Acc: 87.83%
2026-02-06 02:10:58 KST | INFO |   No improvement (4/30)
2026-02-06 02:10:58 KST | INFO | 
2026-02-06 02:10:58 KST | INFO | Epoch 47/200 | LR: 0.087506
2026-02-06 02:11:12 KST | INFO |   Train Loss: 0.2583 | Test Loss: 0.0015 | Test Acc: 87.62%
2026-02-06 02:11:12 KST | INFO |   No improvement (5/30)
2026-02-06 02:11:12 KST | INFO | 
2026-02-06 02:11:12 KST | INFO | Epoch 48/200 | LR: 0.086982
2026-02-06 02:11:26 KST | INFO |   Train Loss: 0.2606 | Test Loss: 0.0015 | Test Acc: 87.32%
2026-02-06 02:11:26 KST | INFO |   No improvement (6/30)
2026-02-06 02:11:26 KST | INFO | 
2026-02-06 02:11:26 KST | INFO | Epoch 49/200 | LR: 0.086449
2026-02-06 02:11:40 KST | INFO |   Train Loss: 0.2549 | Test Loss: 0.0015 | Test Acc: 86.78%
2026-02-06 02:11:40 KST | INFO |   No improvement (7/30)
2026-02-06 02:11:40 KST | INFO | 
2026-02-06 02:11:40 KST | INFO | Epoch 50/200 | LR: 0.085906
2026-02-06 02:11:54 KST | INFO |   Train Loss: 0.2536 | Test Loss: 0.0013 | Test Acc: 89.05%
2026-02-06 02:11:54 KST | INFO |   🏆 New best accuracy: 89.05%
2026-02-06 02:11:54 KST | INFO | 
2026-02-06 02:11:54 KST | INFO | Epoch 51/200 | LR: 0.085355
2026-02-06 02:12:08 KST | INFO |   Train Loss: 0.2519 | Test Loss: 0.0015 | Test Acc: 87.33%
2026-02-06 02:12:08 KST | INFO |   No improvement (1/30)
2026-02-06 02:12:08 KST | INFO | 
2026-02-06 02:12:08 KST | INFO | Epoch 52/200 | LR: 0.084796
2026-02-06 02:12:22 KST | INFO |   Train Loss: 0.2471 | Test Loss: 0.0014 | Test Acc: 88.42%
2026-02-06 02:12:22 KST | INFO |   No improvement (2/30)
2026-02-06 02:12:22 KST | INFO | 
2026-02-06 02:12:22 KST | INFO | Epoch 53/200 | LR: 0.084228
2026-02-06 02:12:36 KST | INFO |   Train Loss: 0.2407 | Test Loss: 0.0013 | Test Acc: 88.98%
2026-02-06 02:12:36 KST | INFO |   No improvement (3/30)
2026-02-06 02:12:36 KST | INFO | 
2026-02-06 02:12:36 KST | INFO | Epoch 54/200 | LR: 0.083651
2026-02-06 02:12:50 KST | INFO |   Train Loss: 0.2400 | Test Loss: 0.0014 | Test Acc: 87.28%
2026-02-06 02:12:50 KST | INFO |   No improvement (4/30)
2026-02-06 02:12:50 KST | INFO | 
2026-02-06 02:12:50 KST | INFO | Epoch 55/200 | LR: 0.083066
2026-02-06 02:13:04 KST | INFO |   Train Loss: 0.2416 | Test Loss: 0.0015 | Test Acc: 87.62%
2026-02-06 02:13:04 KST | INFO |   No improvement (5/30)
2026-02-06 02:13:04 KST | INFO | 
2026-02-06 02:13:04 KST | INFO | Epoch 56/200 | LR: 0.082473
2026-02-06 02:13:18 KST | INFO |   Train Loss: 0.2361 | Test Loss: 0.0014 | Test Acc: 87.97%
2026-02-06 02:13:18 KST | INFO |   No improvement (6/30)
2026-02-06 02:13:18 KST | INFO | 
2026-02-06 02:13:18 KST | INFO | Epoch 57/200 | LR: 0.081871
2026-02-06 02:13:32 KST | INFO |   Train Loss: 0.2358 | Test Loss: 0.0013 | Test Acc: 88.40%
2026-02-06 02:13:32 KST | INFO |   No improvement (7/30)
2026-02-06 02:13:32 KST | INFO | 
2026-02-06 02:13:32 KST | INFO | Epoch 58/200 | LR: 0.081262
2026-02-06 02:13:46 KST | INFO |   Train Loss: 0.2270 | Test Loss: 0.0013 | Test Acc: 88.28%
2026-02-06 02:13:46 KST | INFO |   No improvement (8/30)
2026-02-06 02:13:46 KST | INFO | 
2026-02-06 02:13:46 KST | INFO | Epoch 59/200 | LR: 0.080646
2026-02-06 02:14:00 KST | INFO |   Train Loss: 0.2327 | Test Loss: 0.0015 | Test Acc: 87.62%
2026-02-06 02:14:00 KST | INFO |   No improvement (9/30)
2026-02-06 02:14:00 KST | INFO | 
2026-02-06 02:14:00 KST | INFO | Epoch 60/200 | LR: 0.080021
2026-02-06 02:14:14 KST | INFO |   Train Loss: 0.2270 | Test Loss: 0.0013 | Test Acc: 88.63%
2026-02-06 02:14:14 KST | INFO |   No improvement (10/30)
2026-02-06 02:14:14 KST | INFO | 
2026-02-06 02:14:14 KST | INFO | Epoch 61/200 | LR: 0.079389
2026-02-06 02:14:28 KST | INFO |   Train Loss: 0.2248 | Test Loss: 0.0015 | Test Acc: 87.72%
2026-02-06 02:14:28 KST | INFO |   No improvement (11/30)
2026-02-06 02:14:28 KST | INFO | 
2026-02-06 02:14:28 KST | INFO | Epoch 62/200 | LR: 0.078750
2026-02-06 02:14:42 KST | INFO |   Train Loss: 0.2270 | Test Loss: 0.0013 | Test Acc: 88.38%
2026-02-06 02:14:42 KST | INFO |   No improvement (12/30)
2026-02-06 02:14:42 KST | INFO | 
2026-02-06 02:14:42 KST | INFO | Epoch 63/200 | LR: 0.078104
2026-02-06 02:14:56 KST | INFO |   Train Loss: 0.2276 | Test Loss: 0.0014 | Test Acc: 88.37%
2026-02-06 02:14:56 KST | INFO |   No improvement (13/30)
2026-02-06 02:14:56 KST | INFO | 
2026-02-06 02:14:56 KST | INFO | Epoch 64/200 | LR: 0.077451
2026-02-06 02:15:10 KST | INFO |   Train Loss: 0.2160 | Test Loss: 0.0014 | Test Acc: 87.87%
2026-02-06 02:15:10 KST | INFO |   No improvement (14/30)
2026-02-06 02:15:10 KST | INFO | 
2026-02-06 02:15:10 KST | INFO | Epoch 65/200 | LR: 0.076792
2026-02-06 02:15:24 KST | INFO |   Train Loss: 0.2128 | Test Loss: 0.0012 | Test Acc: 89.42%
2026-02-06 02:15:24 KST | INFO |   🏆 New best accuracy: 89.42%
2026-02-06 02:15:24 KST | INFO | 
2026-02-06 02:15:24 KST | INFO | Epoch 66/200 | LR: 0.076125
2026-02-06 02:15:38 KST | INFO |   Train Loss: 0.2095 | Test Loss: 0.0016 | Test Acc: 86.95%
2026-02-06 02:15:38 KST | INFO |   No improvement (1/30)
2026-02-06 02:15:38 KST | INFO | 
2026-02-06 02:15:38 KST | INFO | Epoch 67/200 | LR: 0.075452
2026-02-06 02:15:52 KST | INFO |   Train Loss: 0.2101 | Test Loss: 0.0013 | Test Acc: 89.45%
2026-02-06 02:15:52 KST | INFO |   🏆 New best accuracy: 89.45%
2026-02-06 02:15:52 KST | INFO | 
2026-02-06 02:15:52 KST | INFO | Epoch 68/200 | LR: 0.074773
2026-02-06 02:16:06 KST | INFO |   Train Loss: 0.2078 | Test Loss: 0.0014 | Test Acc: 87.95%
2026-02-06 02:16:06 KST | INFO |   No improvement (1/30)
2026-02-06 02:16:06 KST | INFO | 
2026-02-06 02:16:06 KST | INFO | Epoch 69/200 | LR: 0.074088
2026-02-06 02:16:20 KST | INFO |   Train Loss: 0.2106 | Test Loss: 0.0013 | Test Acc: 89.08%
2026-02-06 02:16:20 KST | INFO |   No improvement (2/30)
2026-02-06 02:16:20 KST | INFO | 
2026-02-06 02:16:20 KST | INFO | Epoch 70/200 | LR: 0.073397
2026-02-06 02:16:34 KST | INFO |   Train Loss: 0.2044 | Test Loss: 0.0016 | Test Acc: 87.25%
2026-02-06 02:16:34 KST | INFO |   No improvement (3/30)
2026-02-06 02:16:34 KST | INFO | 
2026-02-06 02:16:34 KST | INFO | Epoch 71/200 | LR: 0.072700
2026-02-06 02:16:48 KST | INFO |   Train Loss: 0.2022 | Test Loss: 0.0013 | Test Acc: 89.65%
2026-02-06 02:16:48 KST | INFO |   🏆 New best accuracy: 89.65%
2026-02-06 02:16:48 KST | INFO | 
2026-02-06 02:16:48 KST | INFO | Epoch 72/200 | LR: 0.071997
2026-02-06 02:17:03 KST | INFO |   Train Loss: 0.1967 | Test Loss: 0.0014 | Test Acc: 88.37%
2026-02-06 02:17:03 KST | INFO |   No improvement (1/30)
2026-02-06 02:17:03 KST | INFO | 
2026-02-06 02:17:03 KST | INFO | Epoch 73/200 | LR: 0.071289
2026-02-06 02:17:17 KST | INFO |   Train Loss: 0.2024 | Test Loss: 0.0012 | Test Acc: 89.10%
2026-02-06 02:17:17 KST | INFO |   No improvement (2/30)
2026-02-06 02:17:17 KST | INFO | 
2026-02-06 02:17:17 KST | INFO | Epoch 74/200 | LR: 0.070576
2026-02-06 02:17:31 KST | INFO |   Train Loss: 0.1978 | Test Loss: 0.0016 | Test Acc: 86.20%
2026-02-06 02:17:31 KST | INFO |   No improvement (3/30)
2026-02-06 02:17:31 KST | INFO | 
2026-02-06 02:17:31 KST | INFO | Epoch 75/200 | LR: 0.069858
2026-02-06 02:17:45 KST | INFO |   Train Loss: 0.1955 | Test Loss: 0.0013 | Test Acc: 89.23%
2026-02-06 02:17:45 KST | INFO |   No improvement (4/30)
2026-02-06 02:17:45 KST | INFO | 
2026-02-06 02:17:45 KST | INFO | Epoch 76/200 | LR: 0.069134
2026-02-06 02:18:00 KST | INFO |   Train Loss: 0.1886 | Test Loss: 0.0014 | Test Acc: 88.95%
2026-02-06 02:18:00 KST | INFO |   No improvement (5/30)
2026-02-06 02:18:00 KST | INFO | 
2026-02-06 02:18:00 KST | INFO | Epoch 77/200 | LR: 0.068407
2026-02-06 02:18:14 KST | INFO |   Train Loss: 0.1880 | Test Loss: 0.0012 | Test Acc: 89.98%
2026-02-06 02:18:14 KST | INFO |   🏆 New best accuracy: 89.98%
2026-02-06 02:18:14 KST | INFO | 
2026-02-06 02:18:14 KST | INFO | Epoch 78/200 | LR: 0.067674
2026-02-06 02:18:28 KST | INFO |   Train Loss: 0.1885 | Test Loss: 0.0014 | Test Acc: 88.67%
2026-02-06 02:18:28 KST | INFO |   No improvement (1/30)
2026-02-06 02:18:28 KST | INFO | 
2026-02-06 02:18:28 KST | INFO | Epoch 79/200 | LR: 0.066937
2026-02-06 02:18:42 KST | INFO |   Train Loss: 0.1854 | Test Loss: 0.0012 | Test Acc: 89.97%
2026-02-06 02:18:42 KST | INFO |   No improvement (2/30)
2026-02-06 02:18:42 KST | INFO | 
2026-02-06 02:18:42 KST | INFO | Epoch 80/200 | LR: 0.066196
2026-02-06 02:18:56 KST | INFO |   Train Loss: 0.1789 | Test Loss: 0.0012 | Test Acc: 89.17%
2026-02-06 02:18:56 KST | INFO |   No improvement (3/30)
2026-02-06 02:18:56 KST | INFO | 
2026-02-06 02:18:56 KST | INFO | Epoch 81/200 | LR: 0.065451
2026-02-06 02:19:10 KST | INFO |   Train Loss: 0.1781 | Test Loss: 0.0014 | Test Acc: 88.97%
2026-02-06 02:19:10 KST | INFO |   No improvement (4/30)
2026-02-06 02:19:10 KST | INFO | 
2026-02-06 02:19:10 KST | INFO | Epoch 82/200 | LR: 0.064702
2026-02-06 02:19:24 KST | INFO |   Train Loss: 0.1776 | Test Loss: 0.0013 | Test Acc: 89.48%
2026-02-06 02:19:24 KST | INFO |   No improvement (5/30)
2026-02-06 02:19:24 KST | INFO | 
2026-02-06 02:19:24 KST | INFO | Epoch 83/200 | LR: 0.063950
2026-02-06 02:19:38 KST | INFO |   Train Loss: 0.1815 | Test Loss: 0.0013 | Test Acc: 89.52%
2026-02-06 02:19:38 KST | INFO |   No improvement (6/30)
2026-02-06 02:19:38 KST | INFO | 
2026-02-06 02:19:38 KST | INFO | Epoch 84/200 | LR: 0.063194
2026-02-06 02:19:52 KST | INFO |   Train Loss: 0.1746 | Test Loss: 0.0014 | Test Acc: 89.30%
2026-02-06 02:19:52 KST | INFO |   No improvement (7/30)
2026-02-06 02:19:52 KST | INFO | 
2026-02-06 02:19:52 KST | INFO | Epoch 85/200 | LR: 0.062435
2026-02-06 02:20:06 KST | INFO |   Train Loss: 0.1718 | Test Loss: 0.0013 | Test Acc: 89.80%
2026-02-06 02:20:06 KST | INFO |   No improvement (8/30)
2026-02-06 02:20:06 KST | INFO | 
2026-02-06 02:20:06 KST | INFO | Epoch 86/200 | LR: 0.061673
2026-02-06 02:20:21 KST | INFO |   Train Loss: 0.1697 | Test Loss: 0.0014 | Test Acc: 88.55%
2026-02-06 02:20:21 KST | INFO |   No improvement (9/30)
2026-02-06 02:20:21 KST | INFO | 
2026-02-06 02:20:21 KST | INFO | Epoch 87/200 | LR: 0.060908
2026-02-06 02:20:35 KST | INFO |   Train Loss: 0.1617 | Test Loss: 0.0013 | Test Acc: 90.07%
2026-02-06 02:20:35 KST | INFO |   🏆 New best accuracy: 90.07%
2026-02-06 02:20:35 KST | INFO | 
2026-02-06 02:20:35 KST | INFO | Epoch 88/200 | LR: 0.060140
2026-02-06 02:20:49 KST | INFO |   Train Loss: 0.1595 | Test Loss: 0.0012 | Test Acc: 89.75%
2026-02-06 02:20:49 KST | INFO |   No improvement (1/30)
2026-02-06 02:20:49 KST | INFO | 
2026-02-06 02:20:49 KST | INFO | Epoch 89/200 | LR: 0.059369
2026-02-06 02:21:03 KST | INFO |   Train Loss: 0.1597 | Test Loss: 0.0014 | Test Acc: 88.83%
2026-02-06 02:21:03 KST | INFO |   No improvement (2/30)
2026-02-06 02:21:03 KST | INFO | 
2026-02-06 02:21:03 KST | INFO | Epoch 90/200 | LR: 0.058597
2026-02-06 02:21:17 KST | INFO |   Train Loss: 0.1634 | Test Loss: 0.0014 | Test Acc: 89.50%
2026-02-06 02:21:17 KST | INFO |   No improvement (3/30)
2026-02-06 02:21:17 KST | INFO | 
2026-02-06 02:21:17 KST | INFO | Epoch 91/200 | LR: 0.057822
2026-02-06 02:21:31 KST | INFO |   Train Loss: 0.1577 | Test Loss: 0.0013 | Test Acc: 89.33%
2026-02-06 02:21:31 KST | INFO |   No improvement (4/30)
2026-02-06 02:21:31 KST | INFO | 
2026-02-06 02:21:31 KST | INFO | Epoch 92/200 | LR: 0.057045
2026-02-06 02:21:45 KST | INFO |   Train Loss: 0.1533 | Test Loss: 0.0025 | Test Acc: 83.85%
2026-02-06 02:21:45 KST | INFO |   No improvement (5/30)
2026-02-06 02:21:45 KST | INFO | 
2026-02-06 02:21:45 KST | INFO | Epoch 93/200 | LR: 0.056267
2026-02-06 02:21:59 KST | INFO |   Train Loss: 0.1501 | Test Loss: 0.0012 | Test Acc: 89.82%
2026-02-06 02:21:59 KST | INFO |   No improvement (6/30)
2026-02-06 02:21:59 KST | INFO | 
2026-02-06 02:21:59 KST | INFO | Epoch 94/200 | LR: 0.055487
2026-02-06 02:22:13 KST | INFO |   Train Loss: 0.1486 | Test Loss: 0.0013 | Test Acc: 89.87%
2026-02-06 02:22:14 KST | INFO |   No improvement (7/30)
2026-02-06 02:22:14 KST | INFO | 
2026-02-06 02:22:14 KST | INFO | Epoch 95/200 | LR: 0.054706
2026-02-06 02:22:28 KST | INFO |   Train Loss: 0.1480 | Test Loss: 0.0013 | Test Acc: 89.00%
2026-02-06 02:22:28 KST | INFO |   No improvement (8/30)
2026-02-06 02:22:28 KST | INFO | 
2026-02-06 02:22:28 KST | INFO | Epoch 96/200 | LR: 0.053923
2026-02-06 02:22:42 KST | INFO |   Train Loss: 0.1435 | Test Loss: 0.0013 | Test Acc: 89.68%
2026-02-06 02:22:42 KST | INFO |   No improvement (9/30)
2026-02-06 02:22:42 KST | INFO | 
2026-02-06 02:22:42 KST | INFO | Epoch 97/200 | LR: 0.053140
2026-02-06 02:22:56 KST | INFO |   Train Loss: 0.1442 | Test Loss: 0.0014 | Test Acc: 89.45%
2026-02-06 02:22:56 KST | INFO |   No improvement (10/30)
2026-02-06 02:22:56 KST | INFO | 
2026-02-06 02:22:56 KST | INFO | Epoch 98/200 | LR: 0.052356
2026-02-06 02:23:10 KST | INFO |   Train Loss: 0.1433 | Test Loss: 0.0014 | Test Acc: 89.12%
2026-02-06 02:23:10 KST | INFO |   No improvement (11/30)
2026-02-06 02:23:10 KST | INFO | 
2026-02-06 02:23:10 KST | INFO | Epoch 99/200 | LR: 0.051571
2026-02-06 02:23:24 KST | INFO |   Train Loss: 0.1378 | Test Loss: 0.0014 | Test Acc: 89.70%
2026-02-06 02:23:24 KST | INFO |   No improvement (12/30)
2026-02-06 02:23:24 KST | INFO | 
2026-02-06 02:23:24 KST | INFO | Epoch 100/200 | LR: 0.050786
2026-02-06 02:23:38 KST | INFO |   Train Loss: 0.1403 | Test Loss: 0.0015 | Test Acc: 88.83%
2026-02-06 02:23:38 KST | INFO |   No improvement (13/30)
2026-02-06 02:23:38 KST | INFO | 
2026-02-06 02:23:38 KST | INFO | Epoch 101/200 | LR: 0.050001
2026-02-06 02:23:52 KST | INFO |   Train Loss: 0.1367 | Test Loss: 0.0013 | Test Acc: 90.13%
2026-02-06 02:23:52 KST | INFO |   🏆 New best accuracy: 90.13%
2026-02-06 02:23:52 KST | INFO | 
2026-02-06 02:23:52 KST | INFO | Epoch 102/200 | LR: 0.049215
2026-02-06 02:24:06 KST | INFO |   Train Loss: 0.1357 | Test Loss: 0.0015 | Test Acc: 88.88%
2026-02-06 02:24:06 KST | INFO |   No improvement (1/30)
2026-02-06 02:24:06 KST | INFO | 
2026-02-06 02:24:06 KST | INFO | Epoch 103/200 | LR: 0.048430
2026-02-06 02:24:20 KST | INFO |   Train Loss: 0.1325 | Test Loss: 0.0016 | Test Acc: 88.60%
2026-02-06 02:24:20 KST | INFO |   No improvement (2/30)
2026-02-06 02:24:20 KST | INFO | 
2026-02-06 02:24:20 KST | INFO | Epoch 104/200 | LR: 0.047645
2026-02-06 02:24:34 KST | INFO |   Train Loss: 0.1270 | Test Loss: 0.0015 | Test Acc: 89.37%
2026-02-06 02:24:34 KST | INFO |   No improvement (3/30)
2026-02-06 02:24:34 KST | INFO | 
2026-02-06 02:24:34 KST | INFO | Epoch 105/200 | LR: 0.046861
2026-02-06 02:24:48 KST | INFO |   Train Loss: 0.1236 | Test Loss: 0.0014 | Test Acc: 89.42%
2026-02-06 02:24:48 KST | INFO |   No improvement (4/30)
2026-02-06 02:24:48 KST | INFO | 
2026-02-06 02:24:48 KST | INFO | Epoch 106/200 | LR: 0.046078
2026-02-06 02:25:02 KST | INFO |   Train Loss: 0.1282 | Test Loss: 0.0012 | Test Acc: 90.07%
2026-02-06 02:25:02 KST | INFO |   No improvement (5/30)
2026-02-06 02:25:02 KST | INFO | 
2026-02-06 02:25:02 KST | INFO | Epoch 107/200 | LR: 0.045295
2026-02-06 02:25:16 KST | INFO |   Train Loss: 0.1217 | Test Loss: 0.0012 | Test Acc: 91.07%
2026-02-06 02:25:16 KST | INFO |   🏆 New best accuracy: 91.07%
2026-02-06 02:25:16 KST | INFO | 
2026-02-06 02:25:16 KST | INFO | Epoch 108/200 | LR: 0.044514
2026-02-06 02:25:31 KST | INFO |   Train Loss: 0.1197 | Test Loss: 0.0015 | Test Acc: 89.25%
2026-02-06 02:25:31 KST | INFO |   No improvement (1/30)
2026-02-06 02:25:31 KST | INFO | 
2026-02-06 02:25:31 KST | INFO | Epoch 109/200 | LR: 0.043734
2026-02-06 02:25:45 KST | INFO |   Train Loss: 0.1176 | Test Loss: 0.0016 | Test Acc: 88.42%
2026-02-06 02:25:45 KST | INFO |   No improvement (2/30)
2026-02-06 02:25:45 KST | INFO | 
2026-02-06 02:25:45 KST | INFO | Epoch 110/200 | LR: 0.042956
2026-02-06 02:25:59 KST | INFO |   Train Loss: 0.1110 | Test Loss: 0.0014 | Test Acc: 89.95%
2026-02-06 02:25:59 KST | INFO |   No improvement (3/30)
2026-02-06 02:25:59 KST | INFO | 
2026-02-06 02:25:59 KST | INFO | Epoch 111/200 | LR: 0.042179
2026-02-06 02:26:13 KST | INFO |   Train Loss: 0.1144 | Test Loss: 0.0014 | Test Acc: 89.52%
2026-02-06 02:26:13 KST | INFO |   No improvement (4/30)
2026-02-06 02:26:13 KST | INFO | 
2026-02-06 02:26:13 KST | INFO | Epoch 112/200 | LR: 0.041404
2026-02-06 02:26:27 KST | INFO |   Train Loss: 0.1085 | Test Loss: 0.0016 | Test Acc: 88.92%
2026-02-06 02:26:27 KST | INFO |   No improvement (5/30)
2026-02-06 02:26:27 KST | INFO | 
2026-02-06 02:26:27 KST | INFO | Epoch 113/200 | LR: 0.040632
2026-02-06 02:26:41 KST | INFO |   Train Loss: 0.1116 | Test Loss: 0.0012 | Test Acc: 90.80%
2026-02-06 02:26:41 KST | INFO |   No improvement (6/30)
2026-02-06 02:26:41 KST | INFO | 
2026-02-06 02:26:41 KST | INFO | Epoch 114/200 | LR: 0.039861
2026-02-06 02:26:56 KST | INFO |   Train Loss: 0.1053 | Test Loss: 0.0013 | Test Acc: 90.05%
2026-02-06 02:26:56 KST | INFO |   No improvement (7/30)
2026-02-06 02:26:56 KST | INFO | 
2026-02-06 02:26:56 KST | INFO | Epoch 115/200 | LR: 0.039093
2026-02-06 02:27:09 KST | INFO |   Train Loss: 0.1029 | Test Loss: 0.0014 | Test Acc: 89.90%
2026-02-06 02:27:09 KST | INFO |   No improvement (8/30)
2026-02-06 02:27:09 KST | INFO | 
2026-02-06 02:27:09 KST | INFO | Epoch 116/200 | LR: 0.038328
2026-02-06 02:27:24 KST | INFO |   Train Loss: 0.1048 | Test Loss: 0.0013 | Test Acc: 90.67%
2026-02-06 02:27:24 KST | INFO |   No improvement (9/30)
2026-02-06 02:27:24 KST | INFO | 
2026-02-06 02:27:24 KST | INFO | Epoch 117/200 | LR: 0.037566
2026-02-06 02:27:38 KST | INFO |   Train Loss: 0.1030 | Test Loss: 0.0013 | Test Acc: 90.23%
2026-02-06 02:27:38 KST | INFO |   No improvement (10/30)
2026-02-06 02:27:38 KST | INFO | 
2026-02-06 02:27:38 KST | INFO | Epoch 118/200 | LR: 0.036807
2026-02-06 02:27:52 KST | INFO |   Train Loss: 0.0987 | Test Loss: 0.0013 | Test Acc: 89.60%
2026-02-06 02:27:52 KST | INFO |   No improvement (11/30)
2026-02-06 02:27:52 KST | INFO | 
2026-02-06 02:27:52 KST | INFO | Epoch 119/200 | LR: 0.036051
2026-02-06 02:28:06 KST | INFO |   Train Loss: 0.0960 | Test Loss: 0.0013 | Test Acc: 90.23%
2026-02-06 02:28:06 KST | INFO |   No improvement (12/30)
2026-02-06 02:28:06 KST | INFO | 
2026-02-06 02:28:06 KST | INFO | Epoch 120/200 | LR: 0.035299
2026-02-06 02:28:20 KST | INFO |   Train Loss: 0.0934 | Test Loss: 0.0013 | Test Acc: 90.38%
2026-02-06 02:28:20 KST | INFO |   No improvement (13/30)
2026-02-06 02:28:20 KST | INFO | 
2026-02-06 02:28:20 KST | INFO | Epoch 121/200 | LR: 0.034550
2026-02-06 02:28:34 KST | INFO |   Train Loss: 0.0945 | Test Loss: 0.0014 | Test Acc: 90.17%
2026-02-06 02:28:34 KST | INFO |   No improvement (14/30)
2026-02-06 02:28:34 KST | INFO | 
2026-02-06 02:28:34 KST | INFO | Epoch 122/200 | LR: 0.033805
2026-02-06 02:28:48 KST | INFO |   Train Loss: 0.0876 | Test Loss: 0.0016 | Test Acc: 88.97%
2026-02-06 02:28:48 KST | INFO |   No improvement (15/30)
2026-02-06 02:28:48 KST | INFO | 
2026-02-06 02:28:48 KST | INFO | Epoch 123/200 | LR: 0.033064
2026-02-06 02:29:02 KST | INFO |   Train Loss: 0.0906 | Test Loss: 0.0014 | Test Acc: 89.85%
2026-02-06 02:29:02 KST | INFO |   No improvement (16/30)
2026-02-06 02:29:02 KST | INFO | 
2026-02-06 02:29:02 KST | INFO | Epoch 124/200 | LR: 0.032327
2026-02-06 02:29:16 KST | INFO |   Train Loss: 0.0862 | Test Loss: 0.0015 | Test Acc: 89.63%
2026-02-06 02:29:16 KST | INFO |   No improvement (17/30)
2026-02-06 02:29:16 KST | INFO | 
2026-02-06 02:29:16 KST | INFO | Epoch 125/200 | LR: 0.031594
2026-02-06 02:29:30 KST | INFO |   Train Loss: 0.0829 | Test Loss: 0.0013 | Test Acc: 91.22%
2026-02-06 02:29:30 KST | INFO |   🏆 New best accuracy: 91.22%
2026-02-06 02:29:30 KST | INFO | 
2026-02-06 02:29:30 KST | INFO | Epoch 126/200 | LR: 0.030867
2026-02-06 02:29:44 KST | INFO |   Train Loss: 0.0841 | Test Loss: 0.0015 | Test Acc: 89.43%
2026-02-06 02:29:44 KST | INFO |   No improvement (1/30)
2026-02-06 02:29:44 KST | INFO | 
2026-02-06 02:29:44 KST | INFO | Epoch 127/200 | LR: 0.030143
2026-02-06 02:29:58 KST | INFO |   Train Loss: 0.0807 | Test Loss: 0.0012 | Test Acc: 91.27%
2026-02-06 02:29:58 KST | INFO |   🏆 New best accuracy: 91.27%
2026-02-06 02:29:58 KST | INFO | 
2026-02-06 02:29:58 KST | INFO | Epoch 128/200 | LR: 0.029425
2026-02-06 02:30:12 KST | INFO |   Train Loss: 0.0744 | Test Loss: 0.0016 | Test Acc: 89.47%
2026-02-06 02:30:12 KST | INFO |   No improvement (1/30)
2026-02-06 02:30:12 KST | INFO | 
2026-02-06 02:30:12 KST | INFO | Epoch 129/200 | LR: 0.028712
2026-02-06 02:30:26 KST | INFO |   Train Loss: 0.0764 | Test Loss: 0.0014 | Test Acc: 90.68%
2026-02-06 02:30:26 KST | INFO |   No improvement (2/30)
2026-02-06 02:30:26 KST | INFO | 
2026-02-06 02:30:26 KST | INFO | Epoch 130/200 | LR: 0.028004
2026-02-06 02:30:40 KST | INFO |   Train Loss: 0.0735 | Test Loss: 0.0013 | Test Acc: 90.47%
2026-02-06 02:30:40 KST | INFO |   No improvement (3/30)
2026-02-06 02:30:40 KST | INFO | 
2026-02-06 02:30:40 KST | INFO | Epoch 131/200 | LR: 0.027301
2026-02-06 02:30:54 KST | INFO |   Train Loss: 0.0713 | Test Loss: 0.0014 | Test Acc: 90.35%
2026-02-06 02:30:54 KST | INFO |   No improvement (4/30)
2026-02-06 02:30:54 KST | INFO | 
2026-02-06 02:30:54 KST | INFO | Epoch 132/200 | LR: 0.026604
2026-02-06 02:31:09 KST | INFO |   Train Loss: 0.0714 | Test Loss: 0.0012 | Test Acc: 91.02%
2026-02-06 02:31:09 KST | INFO |   No improvement (5/30)
2026-02-06 02:31:09 KST | INFO | 
2026-02-06 02:31:09 KST | INFO | Epoch 133/200 | LR: 0.025913
2026-02-06 02:31:23 KST | INFO |   Train Loss: 0.0701 | Test Loss: 0.0013 | Test Acc: 90.85%
2026-02-06 02:31:23 KST | INFO |   No improvement (6/30)
2026-02-06 02:31:23 KST | INFO | 
2026-02-06 02:31:23 KST | INFO | Epoch 134/200 | LR: 0.025228
2026-02-06 02:31:37 KST | INFO |   Train Loss: 0.0683 | Test Loss: 0.0013 | Test Acc: 90.67%
2026-02-06 02:31:37 KST | INFO |   No improvement (7/30)
2026-02-06 02:31:37 KST | INFO | 
2026-02-06 02:31:37 KST | INFO | Epoch 135/200 | LR: 0.024549
2026-02-06 02:31:51 KST | INFO |   Train Loss: 0.0632 | Test Loss: 0.0013 | Test Acc: 91.10%
2026-02-06 02:31:51 KST | INFO |   No improvement (8/30)
2026-02-06 02:31:51 KST | INFO | 
2026-02-06 02:31:51 KST | INFO | Epoch 136/200 | LR: 0.023876
2026-02-06 02:32:05 KST | INFO |   Train Loss: 0.0626 | Test Loss: 0.0014 | Test Acc: 90.28%
2026-02-06 02:32:05 KST | INFO |   No improvement (9/30)
2026-02-06 02:32:05 KST | INFO | 
2026-02-06 02:32:05 KST | INFO | Epoch 137/200 | LR: 0.023209
2026-02-06 02:32:19 KST | INFO |   Train Loss: 0.0596 | Test Loss: 0.0013 | Test Acc: 90.77%
2026-02-06 02:32:19 KST | INFO |   No improvement (10/30)
2026-02-06 02:32:19 KST | INFO | 
2026-02-06 02:32:19 KST | INFO | Epoch 138/200 | LR: 0.022550
2026-02-06 02:32:33 KST | INFO |   Train Loss: 0.0572 | Test Loss: 0.0014 | Test Acc: 90.50%
2026-02-06 02:32:33 KST | INFO |   No improvement (11/30)
2026-02-06 02:32:33 KST | INFO | 
2026-02-06 02:32:33 KST | INFO | Epoch 139/200 | LR: 0.021897
2026-02-06 02:32:47 KST | INFO |   Train Loss: 0.0541 | Test Loss: 0.0014 | Test Acc: 90.07%
2026-02-06 02:32:47 KST | INFO |   No improvement (12/30)
2026-02-06 02:32:47 KST | INFO | 
2026-02-06 02:32:47 KST | INFO | Epoch 140/200 | LR: 0.021251
2026-02-06 02:33:01 KST | INFO |   Train Loss: 0.0570 | Test Loss: 0.0013 | Test Acc: 90.48%
2026-02-06 02:33:01 KST | INFO |   No improvement (13/30)
2026-02-06 02:33:01 KST | INFO | 
2026-02-06 02:33:01 KST | INFO | Epoch 141/200 | LR: 0.020612
2026-02-06 02:33:16 KST | INFO |   Train Loss: 0.0537 | Test Loss: 0.0014 | Test Acc: 90.40%
2026-02-06 02:33:16 KST | INFO |   No improvement (14/30)
2026-02-06 02:33:16 KST | INFO | 
2026-02-06 02:33:16 KST | INFO | Epoch 142/200 | LR: 0.019980
2026-02-06 02:33:30 KST | INFO |   Train Loss: 0.0497 | Test Loss: 0.0015 | Test Acc: 90.30%
2026-02-06 02:33:30 KST | INFO |   No improvement (15/30)
2026-02-06 02:33:30 KST | INFO | 
2026-02-06 02:33:30 KST | INFO | Epoch 143/200 | LR: 0.019355
2026-02-06 02:33:44 KST | INFO |   Train Loss: 0.0498 | Test Loss: 0.0013 | Test Acc: 91.07%
2026-02-06 02:33:44 KST | INFO |   No improvement (16/30)
2026-02-06 02:33:44 KST | INFO | 
2026-02-06 02:33:44 KST | INFO | Epoch 144/200 | LR: 0.018739
2026-02-06 02:33:58 KST | INFO |   Train Loss: 0.0482 | Test Loss: 0.0014 | Test Acc: 90.33%
2026-02-06 02:33:58 KST | INFO |   No improvement (17/30)
2026-02-06 02:33:58 KST | INFO | 
2026-02-06 02:33:58 KST | INFO | Epoch 145/200 | LR: 0.018130
2026-02-06 02:34:12 KST | INFO |   Train Loss: 0.0459 | Test Loss: 0.0016 | Test Acc: 89.73%
2026-02-06 02:34:12 KST | INFO |   No improvement (18/30)
2026-02-06 02:34:12 KST | INFO | 
2026-02-06 02:34:12 KST | INFO | Epoch 146/200 | LR: 0.017528
2026-02-06 02:34:26 KST | INFO |   Train Loss: 0.0440 | Test Loss: 0.0013 | Test Acc: 91.38%
2026-02-06 02:34:26 KST | INFO |   🏆 New best accuracy: 91.38%
2026-02-06 02:34:26 KST | INFO | 
2026-02-06 02:34:26 KST | INFO | Epoch 147/200 | LR: 0.016935
2026-02-06 02:34:40 KST | INFO |   Train Loss: 0.0442 | Test Loss: 0.0014 | Test Acc: 90.33%
2026-02-06 02:34:40 KST | INFO |   No improvement (1/30)
2026-02-06 02:34:40 KST | INFO | 
2026-02-06 02:34:40 KST | INFO | Epoch 148/200 | LR: 0.016350
2026-02-06 02:34:54 KST | INFO |   Train Loss: 0.0430 | Test Loss: 0.0013 | Test Acc: 91.07%
2026-02-06 02:34:54 KST | INFO |   No improvement (2/30)
2026-02-06 02:34:54 KST | INFO | 
2026-02-06 02:34:54 KST | INFO | Epoch 149/200 | LR: 0.015773
2026-02-06 02:35:08 KST | INFO |   Train Loss: 0.0403 | Test Loss: 0.0013 | Test Acc: 90.87%
2026-02-06 02:35:08 KST | INFO |   No improvement (3/30)
2026-02-06 02:35:08 KST | INFO | 
2026-02-06 02:35:08 KST | INFO | Epoch 150/200 | LR: 0.015205
2026-02-06 02:35:22 KST | INFO |   Train Loss: 0.0386 | Test Loss: 0.0014 | Test Acc: 90.88%
2026-02-06 02:35:22 KST | INFO |   No improvement (4/30)
2026-02-06 02:35:22 KST | INFO | 
2026-02-06 02:35:22 KST | INFO | Epoch 151/200 | LR: 0.014646
2026-02-06 02:35:36 KST | INFO |   Train Loss: 0.0386 | Test Loss: 0.0014 | Test Acc: 90.98%
2026-02-06 02:35:36 KST | INFO |   No improvement (5/30)
2026-02-06 02:35:36 KST | INFO | 
2026-02-06 02:35:36 KST | INFO | Epoch 152/200 | LR: 0.014095
2026-02-06 02:35:50 KST | INFO |   Train Loss: 0.0371 | Test Loss: 0.0014 | Test Acc: 90.63%
2026-02-06 02:35:50 KST | INFO |   No improvement (6/30)
2026-02-06 02:35:50 KST | INFO | 
2026-02-06 02:35:50 KST | INFO | Epoch 153/200 | LR: 0.013552
2026-02-06 02:36:05 KST | INFO |   Train Loss: 0.0399 | Test Loss: 0.0013 | Test Acc: 91.03%
2026-02-06 02:36:05 KST | INFO |   No improvement (7/30)
2026-02-06 02:36:05 KST | INFO | 
2026-02-06 02:36:05 KST | INFO | Epoch 154/200 | LR: 0.013019
2026-02-06 02:36:19 KST | INFO |   Train Loss: 0.0350 | Test Loss: 0.0013 | Test Acc: 91.23%
2026-02-06 02:36:19 KST | INFO |   No improvement (8/30)
2026-02-06 02:36:19 KST | INFO | 
2026-02-06 02:36:19 KST | INFO | Epoch 155/200 | LR: 0.012495
2026-02-06 02:36:33 KST | INFO |   Train Loss: 0.0331 | Test Loss: 0.0013 | Test Acc: 90.78%
2026-02-06 02:36:33 KST | INFO |   No improvement (9/30)
2026-02-06 02:36:33 KST | INFO | 
2026-02-06 02:36:33 KST | INFO | Epoch 156/200 | LR: 0.011981
2026-02-06 02:36:47 KST | INFO |   Train Loss: 0.0332 | Test Loss: 0.0013 | Test Acc: 91.08%
2026-02-06 02:36:47 KST | INFO |   No improvement (10/30)
2026-02-06 02:36:47 KST | INFO | 
2026-02-06 02:36:47 KST | INFO | Epoch 157/200 | LR: 0.011475
2026-02-06 02:37:01 KST | INFO |   Train Loss: 0.0303 | Test Loss: 0.0014 | Test Acc: 91.02%
2026-02-06 02:37:01 KST | INFO |   No improvement (11/30)
2026-02-06 02:37:01 KST | INFO | 
2026-02-06 02:37:01 KST | INFO | Epoch 158/200 | LR: 0.010979
2026-02-06 02:37:15 KST | INFO |   Train Loss: 0.0318 | Test Loss: 0.0014 | Test Acc: 91.28%
2026-02-06 02:37:15 KST | INFO |   No improvement (12/30)
2026-02-06 02:37:15 KST | INFO | 
2026-02-06 02:37:15 KST | INFO | Epoch 159/200 | LR: 0.010493
2026-02-06 02:37:30 KST | INFO |   Train Loss: 0.0268 | Test Loss: 0.0014 | Test Acc: 91.15%
2026-02-06 02:37:30 KST | INFO |   No improvement (13/30)
2026-02-06 02:37:30 KST | INFO | 
2026-02-06 02:37:30 KST | INFO | Epoch 160/200 | LR: 0.010017
2026-02-06 02:37:44 KST | INFO |   Train Loss: 0.0268 | Test Loss: 0.0013 | Test Acc: 91.17%
2026-02-06 02:37:44 KST | INFO |   No improvement (14/30)
2026-02-06 02:37:44 KST | INFO | 
2026-02-06 02:37:44 KST | INFO | Epoch 161/200 | LR: 0.009550
2026-02-06 02:37:58 KST | INFO |   Train Loss: 0.0269 | Test Loss: 0.0015 | Test Acc: 91.17%
2026-02-06 02:37:58 KST | INFO |   No improvement (15/30)
2026-02-06 02:37:58 KST | INFO | 
2026-02-06 02:37:58 KST | INFO | Epoch 162/200 | LR: 0.009093
2026-02-06 02:38:12 KST | INFO |   Train Loss: 0.0266 | Test Loss: 0.0014 | Test Acc: 90.95%
2026-02-06 02:38:12 KST | INFO |   No improvement (16/30)
2026-02-06 02:38:12 KST | INFO | 
2026-02-06 02:38:12 KST | INFO | Epoch 163/200 | LR: 0.008647
2026-02-06 02:38:26 KST | INFO |   Train Loss: 0.0254 | Test Loss: 0.0016 | Test Acc: 90.33%
2026-02-06 02:38:26 KST | INFO |   No improvement (17/30)
2026-02-06 02:38:26 KST | INFO | 
2026-02-06 02:38:26 KST | INFO | Epoch 164/200 | LR: 0.008211
2026-02-06 02:38:40 KST | INFO |   Train Loss: 0.0250 | Test Loss: 0.0014 | Test Acc: 91.37%
2026-02-06 02:38:40 KST | INFO |   No improvement (18/30)
2026-02-06 02:38:40 KST | INFO | 
2026-02-06 02:38:40 KST | INFO | Epoch 165/200 | LR: 0.007785
2026-02-06 02:38:55 KST | INFO |   Train Loss: 0.0225 | Test Loss: 0.0014 | Test Acc: 91.43%
2026-02-06 02:38:55 KST | INFO |   🏆 New best accuracy: 91.43%
2026-02-06 02:38:55 KST | INFO | 
2026-02-06 02:38:55 KST | INFO | Epoch 166/200 | LR: 0.007369
2026-02-06 02:39:09 KST | INFO |   Train Loss: 0.0230 | Test Loss: 0.0014 | Test Acc: 91.43%
2026-02-06 02:39:09 KST | INFO |   No improvement (1/30)
2026-02-06 02:39:09 KST | INFO | 
2026-02-06 02:39:09 KST | INFO | Epoch 167/200 | LR: 0.006964
2026-02-06 02:39:23 KST | INFO |   Train Loss: 0.0221 | Test Loss: 0.0015 | Test Acc: 91.13%
2026-02-06 02:39:23 KST | INFO |   No improvement (2/30)
2026-02-06 02:39:23 KST | INFO | 
2026-02-06 02:39:23 KST | INFO | Epoch 168/200 | LR: 0.006569
2026-02-06 02:39:37 KST | INFO |   Train Loss: 0.0212 | Test Loss: 0.0013 | Test Acc: 91.32%
2026-02-06 02:39:37 KST | INFO |   No improvement (3/30)
2026-02-06 02:39:37 KST | INFO | 
2026-02-06 02:39:37 KST | INFO | Epoch 169/200 | LR: 0.006186
2026-02-06 02:39:51 KST | INFO |   Train Loss: 0.0192 | Test Loss: 0.0014 | Test Acc: 91.33%
2026-02-06 02:39:51 KST | INFO |   No improvement (4/30)
2026-02-06 02:39:51 KST | INFO | 
2026-02-06 02:39:51 KST | INFO | Epoch 170/200 | LR: 0.005813
2026-02-06 02:40:05 KST | INFO |   Train Loss: 0.0178 | Test Loss: 0.0013 | Test Acc: 91.55%
2026-02-06 02:40:05 KST | INFO |   🏆 New best accuracy: 91.55%
2026-02-06 02:40:05 KST | INFO | 
2026-02-06 02:40:05 KST | INFO | Epoch 171/200 | LR: 0.005451
2026-02-06 02:40:19 KST | INFO |   Train Loss: 0.0184 | Test Loss: 0.0014 | Test Acc: 91.25%
2026-02-06 02:40:19 KST | INFO |   No improvement (1/30)
2026-02-06 02:40:19 KST | INFO | 
2026-02-06 02:40:19 KST | INFO | Epoch 172/200 | LR: 0.005100
2026-02-06 02:40:33 KST | INFO |   Train Loss: 0.0178 | Test Loss: 0.0015 | Test Acc: 90.68%
2026-02-06 02:40:33 KST | INFO |   No improvement (2/30)
2026-02-06 02:40:33 KST | INFO | 
2026-02-06 02:40:33 KST | INFO | Epoch 173/200 | LR: 0.004760
2026-02-06 02:40:47 KST | INFO |   Train Loss: 0.0172 | Test Loss: 0.0014 | Test Acc: 91.03%
2026-02-06 02:40:47 KST | INFO |   No improvement (3/30)
2026-02-06 02:40:47 KST | INFO | 
2026-02-06 02:40:47 KST | INFO | Epoch 174/200 | LR: 0.004431
2026-02-06 02:41:02 KST | INFO |   Train Loss: 0.0165 | Test Loss: 0.0014 | Test Acc: 91.53%
2026-02-06 02:41:02 KST | INFO |   No improvement (4/30)
2026-02-06 02:41:02 KST | INFO | 
2026-02-06 02:41:02 KST | INFO | Epoch 175/200 | LR: 0.004113
2026-02-06 02:41:16 KST | INFO |   Train Loss: 0.0161 | Test Loss: 0.0014 | Test Acc: 91.20%
2026-02-06 02:41:16 KST | INFO |   No improvement (5/30)
2026-02-06 02:41:16 KST | INFO | 
2026-02-06 02:41:16 KST | INFO | Epoch 176/200 | LR: 0.003807
2026-02-06 02:41:30 KST | INFO |   Train Loss: 0.0156 | Test Loss: 0.0014 | Test Acc: 91.43%
2026-02-06 02:41:30 KST | INFO |   No improvement (6/30)
2026-02-06 02:41:30 KST | INFO | 
2026-02-06 02:41:30 KST | INFO | Epoch 177/200 | LR: 0.003512
2026-02-06 02:41:44 KST | INFO |   Train Loss: 0.0156 | Test Loss: 0.0014 | Test Acc: 91.33%
2026-02-06 02:41:44 KST | INFO |   No improvement (7/30)
2026-02-06 02:41:44 KST | INFO | 
2026-02-06 02:41:44 KST | INFO | Epoch 178/200 | LR: 0.003229
2026-02-06 02:41:58 KST | INFO |   Train Loss: 0.0148 | Test Loss: 0.0014 | Test Acc: 91.10%
2026-02-06 02:41:58 KST | INFO |   No improvement (8/30)
2026-02-06 02:41:58 KST | INFO | 
2026-02-06 02:41:58 KST | INFO | Epoch 179/200 | LR: 0.002957
2026-02-06 02:42:12 KST | INFO |   Train Loss: 0.0150 | Test Loss: 0.0014 | Test Acc: 91.40%
2026-02-06 02:42:12 KST | INFO |   No improvement (9/30)
2026-02-06 02:42:12 KST | INFO | 
2026-02-06 02:42:12 KST | INFO | Epoch 180/200 | LR: 0.002697
2026-02-06 02:42:26 KST | INFO |   Train Loss: 0.0144 | Test Loss: 0.0014 | Test Acc: 91.30%
2026-02-06 02:42:26 KST | INFO |   No improvement (10/30)
2026-02-06 02:42:26 KST | INFO | 
2026-02-06 02:42:26 KST | INFO | Epoch 181/200 | LR: 0.002448
2026-02-06 02:42:40 KST | INFO |   Train Loss: 0.0130 | Test Loss: 0.0014 | Test Acc: 91.22%
2026-02-06 02:42:40 KST | INFO |   No improvement (11/30)
2026-02-06 02:42:40 KST | INFO | 
2026-02-06 02:42:40 KST | INFO | Epoch 182/200 | LR: 0.002211
2026-02-06 02:42:54 KST | INFO |   Train Loss: 0.0133 | Test Loss: 0.0014 | Test Acc: 91.30%
2026-02-06 02:42:54 KST | INFO |   No improvement (12/30)
2026-02-06 02:42:54 KST | INFO | 
2026-02-06 02:42:54 KST | INFO | Epoch 183/200 | LR: 0.001986
2026-02-06 02:43:08 KST | INFO |   Train Loss: 0.0137 | Test Loss: 0.0014 | Test Acc: 91.45%
2026-02-06 02:43:08 KST | INFO |   No improvement (13/30)
2026-02-06 02:43:08 KST | INFO | 
2026-02-06 02:43:08 KST | INFO | Epoch 184/200 | LR: 0.001773
2026-02-06 02:43:23 KST | INFO |   Train Loss: 0.0126 | Test Loss: 0.0014 | Test Acc: 91.32%
2026-02-06 02:43:23 KST | INFO |   No improvement (14/30)
2026-02-06 02:43:23 KST | INFO | 
2026-02-06 02:43:23 KST | INFO | Epoch 185/200 | LR: 0.001572
2026-02-06 02:43:37 KST | INFO |   Train Loss: 0.0128 | Test Loss: 0.0014 | Test Acc: 91.40%
2026-02-06 02:43:37 KST | INFO |   No improvement (15/30)
2026-02-06 02:43:37 KST | INFO | 
2026-02-06 02:43:37 KST | INFO | Epoch 186/200 | LR: 0.001382
2026-02-06 02:43:51 KST | INFO |   Train Loss: 0.0120 | Test Loss: 0.0014 | Test Acc: 91.42%
2026-02-06 02:43:51 KST | INFO |   No improvement (16/30)
2026-02-06 02:43:51 KST | INFO | 
2026-02-06 02:43:51 KST | INFO | Epoch 187/200 | LR: 0.001205
2026-02-06 02:44:05 KST | INFO |   Train Loss: 0.0122 | Test Loss: 0.0014 | Test Acc: 91.32%
2026-02-06 02:44:05 KST | INFO |   No improvement (17/30)
2026-02-06 02:44:05 KST | INFO | 
2026-02-06 02:44:05 KST | INFO | Epoch 188/200 | LR: 0.001040
2026-02-06 02:44:19 KST | INFO |   Train Loss: 0.0113 | Test Loss: 0.0014 | Test Acc: 91.28%
2026-02-06 02:44:19 KST | INFO |   No improvement (18/30)
2026-02-06 02:44:19 KST | INFO | 
2026-02-06 02:44:19 KST | INFO | Epoch 189/200 | LR: 0.000887
2026-02-06 02:44:33 KST | INFO |   Train Loss: 0.0122 | Test Loss: 0.0014 | Test Acc: 91.38%
2026-02-06 02:44:33 KST | INFO |   No improvement (19/30)
2026-02-06 02:44:33 KST | INFO | 
2026-02-06 02:44:33 KST | INFO | Epoch 190/200 | LR: 0.000746
2026-02-06 02:44:47 KST | INFO |   Train Loss: 0.0117 | Test Loss: 0.0014 | Test Acc: 91.43%
2026-02-06 02:44:47 KST | INFO |   No improvement (20/30)
2026-02-06 02:44:47 KST | INFO | 
2026-02-06 02:44:47 KST | INFO | Epoch 191/200 | LR: 0.000617
2026-02-06 02:45:01 KST | INFO |   Train Loss: 0.0115 | Test Loss: 0.0014 | Test Acc: 91.42%
2026-02-06 02:45:01 KST | INFO |   No improvement (21/30)
2026-02-06 02:45:01 KST | INFO | 
2026-02-06 02:45:01 KST | INFO | Epoch 192/200 | LR: 0.000500
2026-02-06 02:45:15 KST | INFO |   Train Loss: 0.0119 | Test Loss: 0.0014 | Test Acc: 91.38%
2026-02-06 02:45:15 KST | INFO |   No improvement (22/30)
2026-02-06 02:45:15 KST | INFO | 
2026-02-06 02:45:15 KST | INFO | Epoch 193/200 | LR: 0.000395
2026-02-06 02:45:29 KST | INFO |   Train Loss: 0.0113 | Test Loss: 0.0014 | Test Acc: 91.40%
2026-02-06 02:45:29 KST | INFO |   No improvement (23/30)
2026-02-06 02:45:29 KST | INFO | 
2026-02-06 02:45:29 KST | INFO | Epoch 194/200 | LR: 0.000303
2026-02-06 02:45:43 KST | INFO |   Train Loss: 0.0112 | Test Loss: 0.0014 | Test Acc: 91.40%
2026-02-06 02:45:43 KST | INFO |   No improvement (24/30)
2026-02-06 02:45:43 KST | INFO | 
2026-02-06 02:45:43 KST | INFO | Epoch 195/200 | LR: 0.000223
2026-02-06 02:45:57 KST | INFO |   Train Loss: 0.0107 | Test Loss: 0.0014 | Test Acc: 91.40%
2026-02-06 02:45:57 KST | INFO |   No improvement (25/30)
2026-02-06 02:45:57 KST | INFO | 
2026-02-06 02:45:57 KST | INFO | Epoch 196/200 | LR: 0.000155
2026-02-06 02:46:12 KST | INFO |   Train Loss: 0.0109 | Test Loss: 0.0014 | Test Acc: 91.40%
2026-02-06 02:46:12 KST | INFO |   No improvement (26/30)
2026-02-06 02:46:12 KST | INFO | 
2026-02-06 02:46:12 KST | INFO | Epoch 197/200 | LR: 0.000100
2026-02-06 02:46:26 KST | INFO |   Train Loss: 0.0113 | Test Loss: 0.0014 | Test Acc: 91.37%
2026-02-06 02:46:26 KST | INFO |   No improvement (27/30)
2026-02-06 02:46:26 KST | INFO | 
2026-02-06 02:46:26 KST | INFO | Epoch 198/200 | LR: 0.000057
2026-02-06 02:46:40 KST | INFO |   Train Loss: 0.0111 | Test Loss: 0.0014 | Test Acc: 91.33%
2026-02-06 02:46:40 KST | INFO |   No improvement (28/30)
2026-02-06 02:46:40 KST | INFO | 
2026-02-06 02:46:40 KST | INFO | Epoch 199/200 | LR: 0.000026
2026-02-06 02:46:54 KST | INFO |   Train Loss: 0.0108 | Test Loss: 0.0014 | Test Acc: 91.35%
2026-02-06 02:46:54 KST | INFO |   No improvement (29/30)
2026-02-06 02:46:54 KST | INFO | 
2026-02-06 02:46:54 KST | INFO | Epoch 200/200 | LR: 0.000007
2026-02-06 02:47:08 KST | INFO |   Train Loss: 0.0113 | Test Loss: 0.0014 | Test Acc: 91.38%
2026-02-06 02:47:08 KST | INFO |   No improvement (30/30)
2026-02-06 02:47:08 KST | INFO | 
2026-02-06 02:47:08 KST | INFO | Early stopping after 30 epochs without improvement
2026-02-06 02:47:08 KST | INFO | 
2026-02-06 02:47:08 KST | INFO | ================================================================================
2026-02-06 02:47:08 KST | INFO | TRAINING COMPLETE
2026-02-06 02:47:08 KST | INFO | ================================================================================
2026-02-06 02:47:08 KST | INFO | Best accuracy:  91.55% (Epoch 170)
2026-02-06 02:47:08 KST | INFO | Final accuracy: 91.38%
2026-02-06 02:47:08 KST | INFO | ================================================================================
2026-02-06 02:47:08 KST | INFO | 
2026-02-06 02:47:08 KST | INFO | Notifying nodes of completion...
2026-02-06 02:47:09 KST | INFO | ✓ Nodes notified
2026-02-06 02:47:09 KST | INFO | 
2026-02-06 02:47:09 KST | INFO | Closing connections...
2026-02-06 02:47:09 KST | INFO | ✓ Cleanup complete
2026-02-06 02:47:09 KST | INFO | 
2026-02-06 02:47:09 KST | INFO | Full log: logs/TL++_base_20260206_015932.log
2026-02-06 02:47:09 KST | INFO | ================================================================================
