2026-02-06 03:34:34 KST | INFO | ================================================================================
2026-02-06 03:34:34 KST | INFO | TL++ Orchestrator
2026-02-06 03:34:34 KST | INFO | ================================================================================
2026-02-06 03:34:34 KST | INFO | Log file: logs/TL++_base_20260206_033434.log
2026-02-06 03:34:34 KST | INFO | 
2026-02-06 03:34:34 KST | INFO | --------------------------------------------------------------------------------
2026-02-06 03:34:34 KST | INFO | CONFIGURATION
2026-02-06 03:34:34 KST | INFO | --------------------------------------------------------------------------------
2026-02-06 03:34:34 KST | INFO | Secure mode:      False
2026-02-06 03:34:34 KST | INFO | Nodes:            6
2026-02-06 03:34:34 KST | INFO | Cut layer:        2
2026-02-06 03:34:34 KST | INFO | Batch size:       128
2026-02-06 03:34:34 KST | INFO | Learning rate:    0.1
2026-02-06 03:34:34 KST | INFO | 
2026-02-06 03:34:34 KST | INFO | Computation device: cuda
2026-02-06 03:34:34 KST | INFO | Secure mode: DISABLED
2026-02-06 03:34:34 KST | INFO | 
2026-02-06 03:34:34 KST | INFO | --------------------------------------------------------------------------------
2026-02-06 03:34:34 KST | INFO | NETWORK SETUP
2026-02-06 03:34:34 KST | INFO | --------------------------------------------------------------------------------
2026-02-06 03:34:34 KST | INFO | ✓ Orchestrator listening on 127.0.0.1:8080
2026-02-06 03:34:34 KST | INFO | Waiting for 6 node(s)...
2026-02-06 03:34:37 KST | INFO |   ✓ Node 1/6 connected
2026-02-06 03:34:38 KST | INFO |   ✓ Node 2/6 connected
2026-02-06 03:34:39 KST | INFO |   ✓ Node 3/6 connected
2026-02-06 03:34:40 KST | INFO |   ✓ Node 4/6 connected
2026-02-06 03:34:41 KST | INFO |   ✓ Node 5/6 connected
2026-02-06 03:34:42 KST | INFO |   ✓ Node 6/6 connected
2026-02-06 03:34:42 KST | INFO | ✓ All 6 node(s) connected
2026-02-06 03:34:42 KST | INFO | 
2026-02-06 03:34:42 KST | INFO | --------------------------------------------------------------------------------
2026-02-06 03:34:42 KST | INFO | MODEL INITIALIZATION
2026-02-06 03:34:42 KST | INFO | --------------------------------------------------------------------------------
2026-02-06 03:34:42 KST | INFO | Node-side parameters: 260,160
2026-02-06 03:34:42 KST | INFO | 
2026-02-06 03:34:42 KST | INFO | --------------------------------------------------------------------------------
2026-02-06 03:34:42 KST | INFO | BROADCASTING CONFIGURATION
2026-02-06 03:34:42 KST | INFO | --------------------------------------------------------------------------------
2026-02-06 03:34:42 KST | INFO | ✓ Configuration broadcast to all nodes
2026-02-06 03:34:44 KST | INFO | 
2026-02-06 03:34:44 KST | INFO | Total parameters:     3,246,150
2026-02-06 03:34:44 KST | INFO | Trainable parameters: 3,246,150
2026-02-06 03:34:44 KST | INFO | 
2026-02-06 03:34:44 KST | INFO | --------------------------------------------------------------------------------
2026-02-06 03:34:44 KST | INFO | DATA LOADING
2026-02-06 03:34:44 KST | INFO | --------------------------------------------------------------------------------
2026-02-06 03:35:08 KST | INFO | ✓ Dataset information collected:
2026-02-06 03:35:08 KST | INFO |     Node 1: 5,000 samples
2026-02-06 03:35:08 KST | INFO |     Node 2: 5,000 samples
2026-02-06 03:35:08 KST | INFO |     Node 3: 5,000 samples
2026-02-06 03:35:08 KST | INFO |     Node 4: 5,000 samples
2026-02-06 03:35:08 KST | INFO |     Node 5: 5,000 samples
2026-02-06 03:35:08 KST | INFO |     Node 6: 5,000 samples
2026-02-06 03:35:08 KST | INFO |   Total training samples: 30,000
2026-02-06 03:35:08 KST | INFO | 
2026-02-06 03:35:11 KST | INFO | ✓ Test dataset loaded: 6,000 samples
2026-02-06 03:35:11 KST | INFO | 
2026-02-06 03:35:11 KST | INFO | ✓ Batch scheduler: 235 batches/epoch
2026-02-06 03:35:11 KST | INFO | 
2026-02-06 03:35:11 KST | INFO | --------------------------------------------------------------------------------
2026-02-06 03:35:11 KST | INFO | OPTIMIZATION SETUP
2026-02-06 03:35:11 KST | INFO | --------------------------------------------------------------------------------
2026-02-06 03:35:11 KST | INFO | ✓ Optimizer: SGD (lr=0.1, momentum=0.9)
2026-02-06 03:35:11 KST | INFO | ✓ Scheduler: cosine
2026-02-06 03:35:11 KST | INFO | ✓ Gradient clipping: 1.0
2026-02-06 03:35:11 KST | INFO | 
2026-02-06 03:35:11 KST | INFO | ================================================================================
2026-02-06 03:35:11 KST | INFO | Setup complete - Ready for training
2026-02-06 03:35:11 KST | INFO | ================================================================================
2026-02-06 03:35:11 KST | INFO | 
2026-02-06 03:35:11 KST | INFO | --------------------------------------------------------------------------------
2026-02-06 03:35:11 KST | INFO | TRAINING
2026-02-06 03:35:11 KST | INFO | --------------------------------------------------------------------------------
2026-02-06 03:35:11 KST | INFO | 
2026-02-06 03:35:11 KST | INFO | Epoch 1/200 | LR: 0.100000
2026-02-06 03:35:26 KST | INFO |   Train Loss: 1.3872 | Test Loss: 0.0045 | Test Acc: 53.18%
2026-02-06 03:35:26 KST | INFO |   🏆 New best accuracy: 53.18%
2026-02-06 03:35:26 KST | INFO | 
2026-02-06 03:35:26 KST | INFO | Epoch 2/200 | LR: 0.099994
2026-02-06 03:35:40 KST | INFO |   Train Loss: 1.0860 | Test Loss: 0.0040 | Test Acc: 60.17%
2026-02-06 03:35:40 KST | INFO |   🏆 New best accuracy: 60.17%
2026-02-06 03:35:40 KST | INFO | 
2026-02-06 03:35:40 KST | INFO | Epoch 3/200 | LR: 0.099975
2026-02-06 03:35:54 KST | INFO |   Train Loss: 0.9147 | Test Loss: 0.0035 | Test Acc: 66.02%
2026-02-06 03:35:54 KST | INFO |   🏆 New best accuracy: 66.02%
2026-02-06 03:35:54 KST | INFO | 
2026-02-06 03:35:54 KST | INFO | Epoch 4/200 | LR: 0.099944
2026-02-06 03:36:08 KST | INFO |   Train Loss: 0.7903 | Test Loss: 0.0029 | Test Acc: 73.18%
2026-02-06 03:36:08 KST | INFO |   🏆 New best accuracy: 73.18%
2026-02-06 03:36:08 KST | INFO | 
2026-02-06 03:36:08 KST | INFO | Epoch 5/200 | LR: 0.099901
2026-02-06 03:36:21 KST | INFO |   Train Loss: 0.7133 | Test Loss: 0.0027 | Test Acc: 75.03%
2026-02-06 03:36:21 KST | INFO |   🏆 New best accuracy: 75.03%
2026-02-06 03:36:21 KST | INFO | 
2026-02-06 03:36:21 KST | INFO | Epoch 6/200 | LR: 0.099846
2026-02-06 03:36:35 KST | INFO |   Train Loss: 0.6462 | Test Loss: 0.0023 | Test Acc: 78.70%
2026-02-06 03:36:35 KST | INFO |   🏆 New best accuracy: 78.70%
2026-02-06 03:36:35 KST | INFO | 
2026-02-06 03:36:35 KST | INFO | Epoch 7/200 | LR: 0.099778
2026-02-06 03:36:49 KST | INFO |   Train Loss: 0.5994 | Test Loss: 0.0022 | Test Acc: 79.87%
2026-02-06 03:36:49 KST | INFO |   🏆 New best accuracy: 79.87%
2026-02-06 03:36:49 KST | INFO | 
2026-02-06 03:36:49 KST | INFO | Epoch 8/200 | LR: 0.099698
2026-02-06 03:37:03 KST | INFO |   Train Loss: 0.5628 | Test Loss: 0.0022 | Test Acc: 79.95%
2026-02-06 03:37:03 KST | INFO |   🏆 New best accuracy: 79.95%
2026-02-06 03:37:03 KST | INFO | 
2026-02-06 03:37:03 KST | INFO | Epoch 9/200 | LR: 0.099606
2026-02-06 03:37:17 KST | INFO |   Train Loss: 0.5279 | Test Loss: 0.0021 | Test Acc: 80.82%
2026-02-06 03:37:17 KST | INFO |   🏆 New best accuracy: 80.82%
2026-02-06 03:37:17 KST | INFO | 
2026-02-06 03:37:17 KST | INFO | Epoch 10/200 | LR: 0.099501
2026-02-06 03:37:31 KST | INFO |   Train Loss: 0.5030 | Test Loss: 0.0020 | Test Acc: 81.92%
2026-02-06 03:37:31 KST | INFO |   🏆 New best accuracy: 81.92%
2026-02-06 03:37:31 KST | INFO | 
2026-02-06 03:37:31 KST | INFO | Epoch 11/200 | LR: 0.099384
2026-02-06 03:37:44 KST | INFO |   Train Loss: 0.4792 | Test Loss: 0.0022 | Test Acc: 79.95%
2026-02-06 03:37:44 KST | INFO |   No improvement (1/30)
2026-02-06 03:37:44 KST | INFO | 
2026-02-06 03:37:44 KST | INFO | Epoch 12/200 | LR: 0.099255
2026-02-06 03:37:58 KST | INFO |   Train Loss: 0.4570 | Test Loss: 0.0019 | Test Acc: 83.47%
2026-02-06 03:37:58 KST | INFO |   🏆 New best accuracy: 83.47%
2026-02-06 03:37:58 KST | INFO | 
2026-02-06 03:37:58 KST | INFO | Epoch 13/200 | LR: 0.099114
2026-02-06 03:38:12 KST | INFO |   Train Loss: 0.4459 | Test Loss: 0.0021 | Test Acc: 82.13%
2026-02-06 03:38:12 KST | INFO |   No improvement (1/30)
2026-02-06 03:38:12 KST | INFO | 
2026-02-06 03:38:12 KST | INFO | Epoch 14/200 | LR: 0.098961
2026-02-06 03:38:26 KST | INFO |   Train Loss: 0.4291 | Test Loss: 0.0021 | Test Acc: 81.77%
2026-02-06 03:38:26 KST | INFO |   No improvement (2/30)
2026-02-06 03:38:26 KST | INFO | 
2026-02-06 03:38:26 KST | INFO | Epoch 15/200 | LR: 0.098796
2026-02-06 03:38:40 KST | INFO |   Train Loss: 0.4137 | Test Loss: 0.0021 | Test Acc: 82.28%
2026-02-06 03:38:40 KST | INFO |   No improvement (3/30)
2026-02-06 03:38:40 KST | INFO | 
2026-02-06 03:38:40 KST | INFO | Epoch 16/200 | LR: 0.098619
2026-02-06 03:38:54 KST | INFO |   Train Loss: 0.3999 | Test Loss: 0.0018 | Test Acc: 83.05%
2026-02-06 03:38:54 KST | INFO |   No improvement (4/30)
2026-02-06 03:38:54 KST | INFO | 
2026-02-06 03:38:54 KST | INFO | Epoch 17/200 | LR: 0.098429
2026-02-06 03:39:07 KST | INFO |   Train Loss: 0.3939 | Test Loss: 0.0016 | Test Acc: 85.53%
2026-02-06 03:39:07 KST | INFO |   🏆 New best accuracy: 85.53%
2026-02-06 03:39:07 KST | INFO | 
2026-02-06 03:39:07 KST | INFO | Epoch 18/200 | LR: 0.098228
2026-02-06 03:39:21 KST | INFO |   Train Loss: 0.3815 | Test Loss: 0.0018 | Test Acc: 84.25%
2026-02-06 03:39:21 KST | INFO |   No improvement (1/30)
2026-02-06 03:39:21 KST | INFO | 
2026-02-06 03:39:21 KST | INFO | Epoch 19/200 | LR: 0.098015
2026-02-06 03:39:35 KST | INFO |   Train Loss: 0.3760 | Test Loss: 0.0016 | Test Acc: 85.82%
2026-02-06 03:39:35 KST | INFO |   🏆 New best accuracy: 85.82%
2026-02-06 03:39:35 KST | INFO | 
2026-02-06 03:39:35 KST | INFO | Epoch 20/200 | LR: 0.097790
2026-02-06 03:39:49 KST | INFO |   Train Loss: 0.3743 | Test Loss: 0.0016 | Test Acc: 86.13%
2026-02-06 03:39:49 KST | INFO |   🏆 New best accuracy: 86.13%
2026-02-06 03:39:49 KST | INFO | 
2026-02-06 03:39:49 KST | INFO | Epoch 21/200 | LR: 0.097553
2026-02-06 03:40:03 KST | INFO |   Train Loss: 0.3592 | Test Loss: 0.0015 | Test Acc: 86.63%
2026-02-06 03:40:03 KST | INFO |   🏆 New best accuracy: 86.63%
2026-02-06 03:40:03 KST | INFO | 
2026-02-06 03:40:03 KST | INFO | Epoch 22/200 | LR: 0.097304
2026-02-06 03:40:17 KST | INFO |   Train Loss: 0.3589 | Test Loss: 0.0015 | Test Acc: 85.95%
2026-02-06 03:40:17 KST | INFO |   No improvement (1/30)
2026-02-06 03:40:17 KST | INFO | 
2026-02-06 03:40:17 KST | INFO | Epoch 23/200 | LR: 0.097044
2026-02-06 03:40:30 KST | INFO |   Train Loss: 0.3442 | Test Loss: 0.0017 | Test Acc: 85.05%
2026-02-06 03:40:30 KST | INFO |   No improvement (2/30)
2026-02-06 03:40:30 KST | INFO | 
2026-02-06 03:40:30 KST | INFO | Epoch 24/200 | LR: 0.096772
2026-02-06 03:40:44 KST | INFO |   Train Loss: 0.3341 | Test Loss: 0.0018 | Test Acc: 84.22%
2026-02-06 03:40:44 KST | INFO |   No improvement (3/30)
2026-02-06 03:40:44 KST | INFO | 
2026-02-06 03:40:44 KST | INFO | Epoch 25/200 | LR: 0.096489
2026-02-06 03:40:58 KST | INFO |   Train Loss: 0.3357 | Test Loss: 0.0015 | Test Acc: 86.92%
2026-02-06 03:40:58 KST | INFO |   🏆 New best accuracy: 86.92%
2026-02-06 03:40:58 KST | INFO | 
2026-02-06 03:40:58 KST | INFO | Epoch 26/200 | LR: 0.096194
2026-02-06 03:41:12 KST | INFO |   Train Loss: 0.3313 | Test Loss: 0.0018 | Test Acc: 84.32%
2026-02-06 03:41:12 KST | INFO |   No improvement (1/30)
2026-02-06 03:41:12 KST | INFO | 
2026-02-06 03:41:12 KST | INFO | Epoch 27/200 | LR: 0.095888
2026-02-06 03:41:26 KST | INFO |   Train Loss: 0.3240 | Test Loss: 0.0017 | Test Acc: 84.78%
2026-02-06 03:41:26 KST | INFO |   No improvement (2/30)
2026-02-06 03:41:26 KST | INFO | 
2026-02-06 03:41:26 KST | INFO | Epoch 28/200 | LR: 0.095570
2026-02-06 03:41:40 KST | INFO |   Train Loss: 0.3247 | Test Loss: 0.0017 | Test Acc: 85.97%
2026-02-06 03:41:40 KST | INFO |   No improvement (3/30)
2026-02-06 03:41:40 KST | INFO | 
2026-02-06 03:41:40 KST | INFO | Epoch 29/200 | LR: 0.095241
2026-02-06 03:41:53 KST | INFO |   Train Loss: 0.3123 | Test Loss: 0.0016 | Test Acc: 85.13%
2026-02-06 03:41:53 KST | INFO |   No improvement (4/30)
2026-02-06 03:41:53 KST | INFO | 
2026-02-06 03:41:53 KST | INFO | Epoch 30/200 | LR: 0.094901
2026-02-06 03:42:07 KST | INFO |   Train Loss: 0.3159 | Test Loss: 0.0017 | Test Acc: 85.95%
2026-02-06 03:42:07 KST | INFO |   No improvement (5/30)
2026-02-06 03:42:07 KST | INFO | 
2026-02-06 03:42:07 KST | INFO | Epoch 31/200 | LR: 0.094550
2026-02-06 03:42:21 KST | INFO |   Train Loss: 0.3048 | Test Loss: 0.0015 | Test Acc: 87.23%
2026-02-06 03:42:21 KST | INFO |   🏆 New best accuracy: 87.23%
2026-02-06 03:42:21 KST | INFO | 
2026-02-06 03:42:21 KST | INFO | Epoch 32/200 | LR: 0.094188
2026-02-06 03:42:35 KST | INFO |   Train Loss: 0.3015 | Test Loss: 0.0021 | Test Acc: 82.95%
2026-02-06 03:42:35 KST | INFO |   No improvement (1/30)
2026-02-06 03:42:35 KST | INFO | 
2026-02-06 03:42:35 KST | INFO | Epoch 33/200 | LR: 0.093815
2026-02-06 03:42:49 KST | INFO |   Train Loss: 0.3051 | Test Loss: 0.0016 | Test Acc: 85.23%
2026-02-06 03:42:49 KST | INFO |   No improvement (2/30)
2026-02-06 03:42:49 KST | INFO | 
2026-02-06 03:42:49 KST | INFO | Epoch 34/200 | LR: 0.093432
2026-02-06 03:43:03 KST | INFO |   Train Loss: 0.2939 | Test Loss: 0.0019 | Test Acc: 84.73%
2026-02-06 03:43:03 KST | INFO |   No improvement (3/30)
2026-02-06 03:43:03 KST | INFO | 
2026-02-06 03:43:03 KST | INFO | Epoch 35/200 | LR: 0.093037
2026-02-06 03:43:17 KST | INFO |   Train Loss: 0.2937 | Test Loss: 0.0016 | Test Acc: 86.25%
2026-02-06 03:43:17 KST | INFO |   No improvement (4/30)
2026-02-06 03:43:17 KST | INFO | 
2026-02-06 03:43:17 KST | INFO | Epoch 36/200 | LR: 0.092632
2026-02-06 03:43:31 KST | INFO |   Train Loss: 0.2936 | Test Loss: 0.0014 | Test Acc: 88.53%
2026-02-06 03:43:31 KST | INFO |   🏆 New best accuracy: 88.53%
2026-02-06 03:43:31 KST | INFO | 
2026-02-06 03:43:31 KST | INFO | Epoch 37/200 | LR: 0.092216
2026-02-06 03:43:45 KST | INFO |   Train Loss: 0.2830 | Test Loss: 0.0015 | Test Acc: 87.45%
2026-02-06 03:43:45 KST | INFO |   No improvement (1/30)
2026-02-06 03:43:45 KST | INFO | 
2026-02-06 03:43:45 KST | INFO | Epoch 38/200 | LR: 0.091790
2026-02-06 03:43:58 KST | INFO |   Train Loss: 0.2798 | Test Loss: 0.0014 | Test Acc: 88.17%
2026-02-06 03:43:58 KST | INFO |   No improvement (2/30)
2026-02-06 03:43:58 KST | INFO | 
2026-02-06 03:43:58 KST | INFO | Epoch 39/200 | LR: 0.091354
2026-02-06 03:44:12 KST | INFO |   Train Loss: 0.2790 | Test Loss: 0.0016 | Test Acc: 85.78%
2026-02-06 03:44:12 KST | INFO |   No improvement (3/30)
2026-02-06 03:44:12 KST | INFO | 
2026-02-06 03:44:12 KST | INFO | Epoch 40/200 | LR: 0.090908
2026-02-06 03:44:26 KST | INFO |   Train Loss: 0.2761 | Test Loss: 0.0014 | Test Acc: 87.23%
2026-02-06 03:44:26 KST | INFO |   No improvement (4/30)
2026-02-06 03:44:26 KST | INFO | 
2026-02-06 03:44:26 KST | INFO | Epoch 41/200 | LR: 0.090451
2026-02-06 03:44:40 KST | INFO |   Train Loss: 0.2732 | Test Loss: 0.0015 | Test Acc: 86.93%
2026-02-06 03:44:40 KST | INFO |   No improvement (5/30)
2026-02-06 03:44:40 KST | INFO | 
2026-02-06 03:44:40 KST | INFO | Epoch 42/200 | LR: 0.089984
2026-02-06 03:44:53 KST | INFO |   Train Loss: 0.2729 | Test Loss: 0.0018 | Test Acc: 85.72%
2026-02-06 03:44:53 KST | INFO |   No improvement (6/30)
2026-02-06 03:44:53 KST | INFO | 
2026-02-06 03:44:53 KST | INFO | Epoch 43/200 | LR: 0.089508
2026-02-06 03:45:07 KST | INFO |   Train Loss: 0.2680 | Test Loss: 0.0014 | Test Acc: 87.85%
2026-02-06 03:45:07 KST | INFO |   No improvement (7/30)
2026-02-06 03:45:07 KST | INFO | 
2026-02-06 03:45:07 KST | INFO | Epoch 44/200 | LR: 0.089022
2026-02-06 03:45:21 KST | INFO |   Train Loss: 0.2649 | Test Loss: 0.0015 | Test Acc: 86.87%
2026-02-06 03:45:21 KST | INFO |   No improvement (8/30)
2026-02-06 03:45:21 KST | INFO | 
2026-02-06 03:45:21 KST | INFO | Epoch 45/200 | LR: 0.088526
2026-02-06 03:45:35 KST | INFO |   Train Loss: 0.2630 | Test Loss: 0.0015 | Test Acc: 86.62%
2026-02-06 03:45:35 KST | INFO |   No improvement (9/30)
2026-02-06 03:45:35 KST | INFO | 
2026-02-06 03:45:35 KST | INFO | Epoch 46/200 | LR: 0.088020
2026-02-06 03:45:49 KST | INFO |   Train Loss: 0.2655 | Test Loss: 0.0014 | Test Acc: 87.77%
2026-02-06 03:45:49 KST | INFO |   No improvement (10/30)
2026-02-06 03:45:49 KST | INFO | 
2026-02-06 03:45:49 KST | INFO | Epoch 47/200 | LR: 0.087506
2026-02-06 03:46:03 KST | INFO |   Train Loss: 0.2559 | Test Loss: 0.0014 | Test Acc: 88.40%
2026-02-06 03:46:03 KST | INFO |   No improvement (11/30)
2026-02-06 03:46:03 KST | INFO | 
2026-02-06 03:46:03 KST | INFO | Epoch 48/200 | LR: 0.086982
2026-02-06 03:46:17 KST | INFO |   Train Loss: 0.2559 | Test Loss: 0.0015 | Test Acc: 87.32%
2026-02-06 03:46:17 KST | INFO |   No improvement (12/30)
2026-02-06 03:46:17 KST | INFO | 
2026-02-06 03:46:17 KST | INFO | Epoch 49/200 | LR: 0.086449
2026-02-06 03:46:31 KST | INFO |   Train Loss: 0.2499 | Test Loss: 0.0017 | Test Acc: 85.68%
2026-02-06 03:46:31 KST | INFO |   No improvement (13/30)
2026-02-06 03:46:31 KST | INFO | 
2026-02-06 03:46:31 KST | INFO | Epoch 50/200 | LR: 0.085906
2026-02-06 03:46:44 KST | INFO |   Train Loss: 0.2488 | Test Loss: 0.0015 | Test Acc: 87.08%
2026-02-06 03:46:44 KST | INFO |   No improvement (14/30)
2026-02-06 03:46:44 KST | INFO | 
2026-02-06 03:46:44 KST | INFO | Epoch 51/200 | LR: 0.085355
2026-02-06 03:46:58 KST | INFO |   Train Loss: 0.2447 | Test Loss: 0.0013 | Test Acc: 88.72%
2026-02-06 03:46:58 KST | INFO |   🏆 New best accuracy: 88.72%
2026-02-06 03:46:58 KST | INFO | 
2026-02-06 03:46:58 KST | INFO | Epoch 52/200 | LR: 0.084796
2026-02-06 03:47:12 KST | INFO |   Train Loss: 0.2460 | Test Loss: 0.0015 | Test Acc: 86.85%
2026-02-06 03:47:12 KST | INFO |   No improvement (1/30)
2026-02-06 03:47:12 KST | INFO | 
2026-02-06 03:47:12 KST | INFO | Epoch 53/200 | LR: 0.084228
2026-02-06 03:47:26 KST | INFO |   Train Loss: 0.2437 | Test Loss: 0.0013 | Test Acc: 88.70%
2026-02-06 03:47:26 KST | INFO |   No improvement (2/30)
2026-02-06 03:47:26 KST | INFO | 
2026-02-06 03:47:26 KST | INFO | Epoch 54/200 | LR: 0.083651
2026-02-06 03:47:40 KST | INFO |   Train Loss: 0.2382 | Test Loss: 0.0017 | Test Acc: 86.28%
2026-02-06 03:47:40 KST | INFO |   No improvement (3/30)
2026-02-06 03:47:40 KST | INFO | 
2026-02-06 03:47:40 KST | INFO | Epoch 55/200 | LR: 0.083066
2026-02-06 03:47:54 KST | INFO |   Train Loss: 0.2384 | Test Loss: 0.0014 | Test Acc: 87.87%
2026-02-06 03:47:54 KST | INFO |   No improvement (4/30)
2026-02-06 03:47:54 KST | INFO | 
2026-02-06 03:47:54 KST | INFO | Epoch 56/200 | LR: 0.082473
2026-02-06 03:48:08 KST | INFO |   Train Loss: 0.2366 | Test Loss: 0.0016 | Test Acc: 87.25%
2026-02-06 03:48:08 KST | INFO |   No improvement (5/30)
2026-02-06 03:48:08 KST | INFO | 
2026-02-06 03:48:08 KST | INFO | Epoch 57/200 | LR: 0.081871
2026-02-06 03:48:21 KST | INFO |   Train Loss: 0.2315 | Test Loss: 0.0015 | Test Acc: 87.52%
2026-02-06 03:48:21 KST | INFO |   No improvement (6/30)
2026-02-06 03:48:21 KST | INFO | 
2026-02-06 03:48:21 KST | INFO | Epoch 58/200 | LR: 0.081262
2026-02-06 03:48:35 KST | INFO |   Train Loss: 0.2316 | Test Loss: 0.0014 | Test Acc: 88.55%
2026-02-06 03:48:35 KST | INFO |   No improvement (7/30)
2026-02-06 03:48:35 KST | INFO | 
2026-02-06 03:48:35 KST | INFO | Epoch 59/200 | LR: 0.080646
2026-02-06 03:48:49 KST | INFO |   Train Loss: 0.2303 | Test Loss: 0.0014 | Test Acc: 88.62%
2026-02-06 03:48:49 KST | INFO |   No improvement (8/30)
2026-02-06 03:48:49 KST | INFO | 
2026-02-06 03:48:49 KST | INFO | Epoch 60/200 | LR: 0.080021
2026-02-06 03:49:03 KST | INFO |   Train Loss: 0.2282 | Test Loss: 0.0016 | Test Acc: 86.80%
2026-02-06 03:49:03 KST | INFO |   No improvement (9/30)
2026-02-06 03:49:03 KST | INFO | 
2026-02-06 03:49:03 KST | INFO | Epoch 61/200 | LR: 0.079389
2026-02-06 03:49:16 KST | INFO |   Train Loss: 0.2222 | Test Loss: 0.0014 | Test Acc: 88.70%
2026-02-06 03:49:16 KST | INFO |   No improvement (10/30)
2026-02-06 03:49:16 KST | INFO | 
2026-02-06 03:49:16 KST | INFO | Epoch 62/200 | LR: 0.078750
2026-02-06 03:49:30 KST | INFO |   Train Loss: 0.2168 | Test Loss: 0.0015 | Test Acc: 86.93%
2026-02-06 03:49:30 KST | INFO |   No improvement (11/30)
2026-02-06 03:49:30 KST | INFO | 
2026-02-06 03:49:30 KST | INFO | Epoch 63/200 | LR: 0.078104
2026-02-06 03:49:44 KST | INFO |   Train Loss: 0.2194 | Test Loss: 0.0015 | Test Acc: 87.27%
2026-02-06 03:49:44 KST | INFO |   No improvement (12/30)
2026-02-06 03:49:44 KST | INFO | 
2026-02-06 03:49:44 KST | INFO | Epoch 64/200 | LR: 0.077451
2026-02-06 03:49:58 KST | INFO |   Train Loss: 0.2206 | Test Loss: 0.0012 | Test Acc: 89.57%
2026-02-06 03:49:58 KST | INFO |   🏆 New best accuracy: 89.57%
2026-02-06 03:49:58 KST | INFO | 
2026-02-06 03:49:58 KST | INFO | Epoch 65/200 | LR: 0.076792
2026-02-06 03:50:12 KST | INFO |   Train Loss: 0.2132 | Test Loss: 0.0016 | Test Acc: 86.70%
2026-02-06 03:50:12 KST | INFO |   No improvement (1/30)
2026-02-06 03:50:12 KST | INFO | 
2026-02-06 03:50:12 KST | INFO | Epoch 66/200 | LR: 0.076125
2026-02-06 03:50:26 KST | INFO |   Train Loss: 0.2163 | Test Loss: 0.0015 | Test Acc: 87.53%
2026-02-06 03:50:26 KST | INFO |   No improvement (2/30)
2026-02-06 03:50:26 KST | INFO | 
2026-02-06 03:50:26 KST | INFO | Epoch 67/200 | LR: 0.075452
2026-02-06 03:50:40 KST | INFO |   Train Loss: 0.2129 | Test Loss: 0.0014 | Test Acc: 89.02%
2026-02-06 03:50:40 KST | INFO |   No improvement (3/30)
2026-02-06 03:50:40 KST | INFO | 
2026-02-06 03:50:40 KST | INFO | Epoch 68/200 | LR: 0.074773
2026-02-06 03:50:53 KST | INFO |   Train Loss: 0.2071 | Test Loss: 0.0014 | Test Acc: 88.47%
2026-02-06 03:50:53 KST | INFO |   No improvement (4/30)
2026-02-06 03:50:53 KST | INFO | 
2026-02-06 03:50:53 KST | INFO | Epoch 69/200 | LR: 0.074088
2026-02-06 03:51:07 KST | INFO |   Train Loss: 0.2090 | Test Loss: 0.0013 | Test Acc: 88.87%
2026-02-06 03:51:07 KST | INFO |   No improvement (5/30)
2026-02-06 03:51:07 KST | INFO | 
2026-02-06 03:51:07 KST | INFO | Epoch 70/200 | LR: 0.073397
2026-02-06 03:51:21 KST | INFO |   Train Loss: 0.2107 | Test Loss: 0.0016 | Test Acc: 87.12%
2026-02-06 03:51:21 KST | INFO |   No improvement (6/30)
2026-02-06 03:51:21 KST | INFO | 
2026-02-06 03:51:21 KST | INFO | Epoch 71/200 | LR: 0.072700
2026-02-06 03:51:35 KST | INFO |   Train Loss: 0.2023 | Test Loss: 0.0014 | Test Acc: 88.87%
2026-02-06 03:51:35 KST | INFO |   No improvement (7/30)
2026-02-06 03:51:35 KST | INFO | 
2026-02-06 03:51:35 KST | INFO | Epoch 72/200 | LR: 0.071997
2026-02-06 03:51:49 KST | INFO |   Train Loss: 0.2005 | Test Loss: 0.0012 | Test Acc: 89.25%
2026-02-06 03:51:49 KST | INFO |   No improvement (8/30)
2026-02-06 03:51:49 KST | INFO | 
2026-02-06 03:51:49 KST | INFO | Epoch 73/200 | LR: 0.071289
2026-02-06 03:52:03 KST | INFO |   Train Loss: 0.1993 | Test Loss: 0.0014 | Test Acc: 88.63%
2026-02-06 03:52:03 KST | INFO |   No improvement (9/30)
2026-02-06 03:52:03 KST | INFO | 
2026-02-06 03:52:03 KST | INFO | Epoch 74/200 | LR: 0.070576
2026-02-06 03:52:17 KST | INFO |   Train Loss: 0.1953 | Test Loss: 0.0013 | Test Acc: 89.20%
2026-02-06 03:52:17 KST | INFO |   No improvement (10/30)
2026-02-06 03:52:17 KST | INFO | 
2026-02-06 03:52:17 KST | INFO | Epoch 75/200 | LR: 0.069858
2026-02-06 03:52:31 KST | INFO |   Train Loss: 0.1936 | Test Loss: 0.0014 | Test Acc: 88.98%
2026-02-06 03:52:31 KST | INFO |   No improvement (11/30)
2026-02-06 03:52:31 KST | INFO | 
2026-02-06 03:52:31 KST | INFO | Epoch 76/200 | LR: 0.069134
2026-02-06 03:52:45 KST | INFO |   Train Loss: 0.1909 | Test Loss: 0.0015 | Test Acc: 87.65%
2026-02-06 03:52:45 KST | INFO |   No improvement (12/30)
2026-02-06 03:52:45 KST | INFO | 
2026-02-06 03:52:45 KST | INFO | Epoch 77/200 | LR: 0.068407
2026-02-06 03:52:59 KST | INFO |   Train Loss: 0.1867 | Test Loss: 0.0014 | Test Acc: 88.93%
2026-02-06 03:52:59 KST | INFO |   No improvement (13/30)
2026-02-06 03:52:59 KST | INFO | 
2026-02-06 03:52:59 KST | INFO | Epoch 78/200 | LR: 0.067674
2026-02-06 03:53:13 KST | INFO |   Train Loss: 0.1891 | Test Loss: 0.0015 | Test Acc: 88.17%
2026-02-06 03:53:13 KST | INFO |   No improvement (14/30)
2026-02-06 03:53:13 KST | INFO | 
2026-02-06 03:53:13 KST | INFO | Epoch 79/200 | LR: 0.066937
2026-02-06 03:53:27 KST | INFO |   Train Loss: 0.1844 | Test Loss: 0.0013 | Test Acc: 89.47%
2026-02-06 03:53:27 KST | INFO |   No improvement (15/30)
2026-02-06 03:53:27 KST | INFO | 
2026-02-06 03:53:27 KST | INFO | Epoch 80/200 | LR: 0.066196
2026-02-06 03:53:40 KST | INFO |   Train Loss: 0.1837 | Test Loss: 0.0015 | Test Acc: 88.10%
2026-02-06 03:53:40 KST | INFO |   No improvement (16/30)
2026-02-06 03:53:40 KST | INFO | 
2026-02-06 03:53:40 KST | INFO | Epoch 81/200 | LR: 0.065451
2026-02-06 03:53:54 KST | INFO |   Train Loss: 0.1807 | Test Loss: 0.0017 | Test Acc: 86.10%
2026-02-06 03:53:54 KST | INFO |   No improvement (17/30)
2026-02-06 03:53:54 KST | INFO | 
2026-02-06 03:53:54 KST | INFO | Epoch 82/200 | LR: 0.064702
2026-02-06 03:54:08 KST | INFO |   Train Loss: 0.1786 | Test Loss: 0.0016 | Test Acc: 87.35%
2026-02-06 03:54:08 KST | INFO |   No improvement (18/30)
2026-02-06 03:54:08 KST | INFO | 
2026-02-06 03:54:08 KST | INFO | Epoch 83/200 | LR: 0.063950
2026-02-06 03:54:22 KST | INFO |   Train Loss: 0.1718 | Test Loss: 0.0014 | Test Acc: 89.05%
2026-02-06 03:54:22 KST | INFO |   No improvement (19/30)
2026-02-06 03:54:22 KST | INFO | 
2026-02-06 03:54:22 KST | INFO | Epoch 84/200 | LR: 0.063194
2026-02-06 03:54:36 KST | INFO |   Train Loss: 0.1736 | Test Loss: 0.0013 | Test Acc: 89.13%
2026-02-06 03:54:36 KST | INFO |   No improvement (20/30)
2026-02-06 03:54:36 KST | INFO | 
2026-02-06 03:54:36 KST | INFO | Epoch 85/200 | LR: 0.062435
2026-02-06 03:54:49 KST | INFO |   Train Loss: 0.1680 | Test Loss: 0.0013 | Test Acc: 89.25%
2026-02-06 03:54:49 KST | INFO |   No improvement (21/30)
2026-02-06 03:54:49 KST | INFO | 
2026-02-06 03:54:49 KST | INFO | Epoch 86/200 | LR: 0.061673
2026-02-06 03:55:03 KST | INFO |   Train Loss: 0.1711 | Test Loss: 0.0013 | Test Acc: 89.10%
2026-02-06 03:55:03 KST | INFO |   No improvement (22/30)
2026-02-06 03:55:03 KST | INFO | 
2026-02-06 03:55:03 KST | INFO | Epoch 87/200 | LR: 0.060908
2026-02-06 03:55:17 KST | INFO |   Train Loss: 0.1671 | Test Loss: 0.0013 | Test Acc: 89.02%
2026-02-06 03:55:17 KST | INFO |   No improvement (23/30)
2026-02-06 03:55:17 KST | INFO | 
2026-02-06 03:55:17 KST | INFO | Epoch 88/200 | LR: 0.060140
2026-02-06 03:55:31 KST | INFO |   Train Loss: 0.1636 | Test Loss: 0.0017 | Test Acc: 87.58%
2026-02-06 03:55:31 KST | INFO |   No improvement (24/30)
2026-02-06 03:55:31 KST | INFO | 
2026-02-06 03:55:31 KST | INFO | Epoch 89/200 | LR: 0.059369
2026-02-06 03:55:45 KST | INFO |   Train Loss: 0.1649 | Test Loss: 0.0014 | Test Acc: 88.92%
2026-02-06 03:55:45 KST | INFO |   No improvement (25/30)
2026-02-06 03:55:45 KST | INFO | 
2026-02-06 03:55:45 KST | INFO | Epoch 90/200 | LR: 0.058597
2026-02-06 03:55:58 KST | INFO |   Train Loss: 0.1651 | Test Loss: 0.0015 | Test Acc: 87.63%
2026-02-06 03:55:58 KST | INFO |   No improvement (26/30)
2026-02-06 03:55:58 KST | INFO | 
2026-02-06 03:55:58 KST | INFO | Epoch 91/200 | LR: 0.057822
2026-02-06 03:56:12 KST | INFO |   Train Loss: 0.1640 | Test Loss: 0.0014 | Test Acc: 88.60%
2026-02-06 03:56:12 KST | INFO |   No improvement (27/30)
2026-02-06 03:56:12 KST | INFO | 
2026-02-06 03:56:12 KST | INFO | Epoch 92/200 | LR: 0.057045
2026-02-06 03:56:26 KST | INFO |   Train Loss: 0.1559 | Test Loss: 0.0014 | Test Acc: 89.02%
2026-02-06 03:56:26 KST | INFO |   No improvement (28/30)
2026-02-06 03:56:26 KST | INFO | 
2026-02-06 03:56:26 KST | INFO | Epoch 93/200 | LR: 0.056267
2026-02-06 03:56:40 KST | INFO |   Train Loss: 0.1548 | Test Loss: 0.0015 | Test Acc: 88.70%
2026-02-06 03:56:40 KST | INFO |   No improvement (29/30)
2026-02-06 03:56:40 KST | INFO | 
2026-02-06 03:56:40 KST | INFO | Epoch 94/200 | LR: 0.055487
2026-02-06 03:56:54 KST | INFO |   Train Loss: 0.1496 | Test Loss: 0.0013 | Test Acc: 89.62%
2026-02-06 03:56:54 KST | INFO |   🏆 New best accuracy: 89.62%
2026-02-06 03:56:54 KST | INFO | 
2026-02-06 03:56:54 KST | INFO | Epoch 95/200 | LR: 0.054706
2026-02-06 03:57:08 KST | INFO |   Train Loss: 0.1467 | Test Loss: 0.0013 | Test Acc: 90.28%
2026-02-06 03:57:08 KST | INFO |   🏆 New best accuracy: 90.28%
2026-02-06 03:57:08 KST | INFO | 
2026-02-06 03:57:08 KST | INFO | Epoch 96/200 | LR: 0.053923
2026-02-06 03:57:22 KST | INFO |   Train Loss: 0.1490 | Test Loss: 0.0012 | Test Acc: 90.18%
2026-02-06 03:57:22 KST | INFO |   No improvement (1/30)
2026-02-06 03:57:22 KST | INFO | 
2026-02-06 03:57:22 KST | INFO | Epoch 97/200 | LR: 0.053140
2026-02-06 03:57:35 KST | INFO |   Train Loss: 0.1419 | Test Loss: 0.0015 | Test Acc: 88.32%
2026-02-06 03:57:35 KST | INFO |   No improvement (2/30)
2026-02-06 03:57:35 KST | INFO | 
2026-02-06 03:57:35 KST | INFO | Epoch 98/200 | LR: 0.052356
2026-02-06 03:57:49 KST | INFO |   Train Loss: 0.1413 | Test Loss: 0.0015 | Test Acc: 88.55%
2026-02-06 03:57:49 KST | INFO |   No improvement (3/30)
2026-02-06 03:57:49 KST | INFO | 
2026-02-06 03:57:49 KST | INFO | Epoch 99/200 | LR: 0.051571
2026-02-06 03:58:03 KST | INFO |   Train Loss: 0.1404 | Test Loss: 0.0012 | Test Acc: 90.05%
2026-02-06 03:58:03 KST | INFO |   No improvement (4/30)
2026-02-06 03:58:03 KST | INFO | 
2026-02-06 03:58:03 KST | INFO | Epoch 100/200 | LR: 0.050786
2026-02-06 03:58:16 KST | INFO |   Train Loss: 0.1351 | Test Loss: 0.0013 | Test Acc: 90.17%
2026-02-06 03:58:16 KST | INFO |   No improvement (5/30)
2026-02-06 03:58:16 KST | INFO | 
2026-02-06 03:58:16 KST | INFO | Epoch 101/200 | LR: 0.050001
2026-02-06 03:58:30 KST | INFO |   Train Loss: 0.1369 | Test Loss: 0.0012 | Test Acc: 90.18%
2026-02-06 03:58:30 KST | INFO |   No improvement (6/30)
2026-02-06 03:58:30 KST | INFO | 
2026-02-06 03:58:30 KST | INFO | Epoch 102/200 | LR: 0.049215
2026-02-06 03:58:44 KST | INFO |   Train Loss: 0.1302 | Test Loss: 0.0016 | Test Acc: 88.42%
2026-02-06 03:58:44 KST | INFO |   No improvement (7/30)
2026-02-06 03:58:44 KST | INFO | 
2026-02-06 03:58:44 KST | INFO | Epoch 103/200 | LR: 0.048430
2026-02-06 03:58:58 KST | INFO |   Train Loss: 0.1326 | Test Loss: 0.0012 | Test Acc: 90.58%
2026-02-06 03:58:58 KST | INFO |   🏆 New best accuracy: 90.58%
2026-02-06 03:58:58 KST | INFO | 
2026-02-06 03:58:58 KST | INFO | Epoch 104/200 | LR: 0.047645
2026-02-06 03:59:12 KST | INFO |   Train Loss: 0.1279 | Test Loss: 0.0014 | Test Acc: 88.82%
2026-02-06 03:59:12 KST | INFO |   No improvement (1/30)
2026-02-06 03:59:12 KST | INFO | 
2026-02-06 03:59:12 KST | INFO | Epoch 105/200 | LR: 0.046861
2026-02-06 03:59:26 KST | INFO |   Train Loss: 0.1260 | Test Loss: 0.0013 | Test Acc: 89.47%
2026-02-06 03:59:26 KST | INFO |   No improvement (2/30)
2026-02-06 03:59:26 KST | INFO | 
2026-02-06 03:59:26 KST | INFO | Epoch 106/200 | LR: 0.046078
2026-02-06 03:59:40 KST | INFO |   Train Loss: 0.1268 | Test Loss: 0.0012 | Test Acc: 90.02%
2026-02-06 03:59:40 KST | INFO |   No improvement (3/30)
2026-02-06 03:59:40 KST | INFO | 
2026-02-06 03:59:40 KST | INFO | Epoch 107/200 | LR: 0.045295
2026-02-06 03:59:53 KST | INFO |   Train Loss: 0.1212 | Test Loss: 0.0012 | Test Acc: 90.65%
2026-02-06 03:59:53 KST | INFO |   🏆 New best accuracy: 90.65%
2026-02-06 03:59:53 KST | INFO | 
2026-02-06 03:59:53 KST | INFO | Epoch 108/200 | LR: 0.044514
2026-02-06 04:00:07 KST | INFO |   Train Loss: 0.1153 | Test Loss: 0.0013 | Test Acc: 89.88%
2026-02-06 04:00:07 KST | INFO |   No improvement (1/30)
2026-02-06 04:00:07 KST | INFO | 
2026-02-06 04:00:07 KST | INFO | Epoch 109/200 | LR: 0.043734
2026-02-06 04:00:21 KST | INFO |   Train Loss: 0.1137 | Test Loss: 0.0012 | Test Acc: 90.63%
2026-02-06 04:00:21 KST | INFO |   No improvement (2/30)
2026-02-06 04:00:21 KST | INFO | 
2026-02-06 04:00:21 KST | INFO | Epoch 110/200 | LR: 0.042956
2026-02-06 04:00:35 KST | INFO |   Train Loss: 0.1184 | Test Loss: 0.0013 | Test Acc: 90.15%
2026-02-06 04:00:35 KST | INFO |   No improvement (3/30)
2026-02-06 04:00:35 KST | INFO | 
2026-02-06 04:00:35 KST | INFO | Epoch 111/200 | LR: 0.042179
2026-02-06 04:00:48 KST | INFO |   Train Loss: 0.1128 | Test Loss: 0.0014 | Test Acc: 89.50%
2026-02-06 04:00:48 KST | INFO |   No improvement (4/30)
2026-02-06 04:00:48 KST | INFO | 
2026-02-06 04:00:48 KST | INFO | Epoch 112/200 | LR: 0.041404
2026-02-06 04:01:02 KST | INFO |   Train Loss: 0.1124 | Test Loss: 0.0012 | Test Acc: 90.93%
2026-02-06 04:01:02 KST | INFO |   🏆 New best accuracy: 90.93%
2026-02-06 04:01:02 KST | INFO | 
2026-02-06 04:01:02 KST | INFO | Epoch 113/200 | LR: 0.040632
2026-02-06 04:01:16 KST | INFO |   Train Loss: 0.1046 | Test Loss: 0.0013 | Test Acc: 89.53%
2026-02-06 04:01:16 KST | INFO |   No improvement (1/30)
2026-02-06 04:01:16 KST | INFO | 
2026-02-06 04:01:16 KST | INFO | Epoch 114/200 | LR: 0.039861
2026-02-06 04:01:30 KST | INFO |   Train Loss: 0.1065 | Test Loss: 0.0015 | Test Acc: 88.55%
2026-02-06 04:01:30 KST | INFO |   No improvement (2/30)
2026-02-06 04:01:30 KST | INFO | 
2026-02-06 04:01:30 KST | INFO | Epoch 115/200 | LR: 0.039093
2026-02-06 04:01:44 KST | INFO |   Train Loss: 0.1036 | Test Loss: 0.0015 | Test Acc: 88.78%
2026-02-06 04:01:44 KST | INFO |   No improvement (3/30)
2026-02-06 04:01:44 KST | INFO | 
2026-02-06 04:01:44 KST | INFO | Epoch 116/200 | LR: 0.038328
2026-02-06 04:01:57 KST | INFO |   Train Loss: 0.1011 | Test Loss: 0.0014 | Test Acc: 89.67%
2026-02-06 04:01:57 KST | INFO |   No improvement (4/30)
2026-02-06 04:01:57 KST | INFO | 
2026-02-06 04:01:57 KST | INFO | Epoch 117/200 | LR: 0.037566
2026-02-06 04:02:12 KST | INFO |   Train Loss: 0.0958 | Test Loss: 0.0014 | Test Acc: 90.53%
2026-02-06 04:02:12 KST | INFO |   No improvement (5/30)
2026-02-06 04:02:12 KST | INFO | 
2026-02-06 04:02:12 KST | INFO | Epoch 118/200 | LR: 0.036807
2026-02-06 04:02:25 KST | INFO |   Train Loss: 0.1016 | Test Loss: 0.0014 | Test Acc: 89.83%
2026-02-06 04:02:25 KST | INFO |   No improvement (6/30)
2026-02-06 04:02:25 KST | INFO | 
2026-02-06 04:02:25 KST | INFO | Epoch 119/200 | LR: 0.036051
2026-02-06 04:02:39 KST | INFO |   Train Loss: 0.0952 | Test Loss: 0.0013 | Test Acc: 90.20%
2026-02-06 04:02:39 KST | INFO |   No improvement (7/30)
2026-02-06 04:02:39 KST | INFO | 
2026-02-06 04:02:39 KST | INFO | Epoch 120/200 | LR: 0.035299
2026-02-06 04:02:53 KST | INFO |   Train Loss: 0.0947 | Test Loss: 0.0016 | Test Acc: 88.78%
2026-02-06 04:02:53 KST | INFO |   No improvement (8/30)
2026-02-06 04:02:53 KST | INFO | 
2026-02-06 04:02:53 KST | INFO | Epoch 121/200 | LR: 0.034550
2026-02-06 04:03:07 KST | INFO |   Train Loss: 0.0937 | Test Loss: 0.0012 | Test Acc: 91.00%
2026-02-06 04:03:07 KST | INFO |   🏆 New best accuracy: 91.00%
2026-02-06 04:03:07 KST | INFO | 
2026-02-06 04:03:07 KST | INFO | Epoch 122/200 | LR: 0.033805
2026-02-06 04:03:21 KST | INFO |   Train Loss: 0.0902 | Test Loss: 0.0014 | Test Acc: 89.93%
2026-02-06 04:03:21 KST | INFO |   No improvement (1/30)
2026-02-06 04:03:21 KST | INFO | 
2026-02-06 04:03:21 KST | INFO | Epoch 123/200 | LR: 0.033064
2026-02-06 04:03:35 KST | INFO |   Train Loss: 0.0859 | Test Loss: 0.0014 | Test Acc: 89.45%
2026-02-06 04:03:35 KST | INFO |   No improvement (2/30)
2026-02-06 04:03:35 KST | INFO | 
2026-02-06 04:03:35 KST | INFO | Epoch 124/200 | LR: 0.032327
2026-02-06 04:03:48 KST | INFO |   Train Loss: 0.0852 | Test Loss: 0.0015 | Test Acc: 89.37%
2026-02-06 04:03:48 KST | INFO |   No improvement (3/30)
2026-02-06 04:03:48 KST | INFO | 
2026-02-06 04:03:48 KST | INFO | Epoch 125/200 | LR: 0.031594
2026-02-06 04:04:02 KST | INFO |   Train Loss: 0.0811 | Test Loss: 0.0014 | Test Acc: 90.07%
2026-02-06 04:04:02 KST | INFO |   No improvement (4/30)
2026-02-06 04:04:02 KST | INFO | 
2026-02-06 04:04:02 KST | INFO | Epoch 126/200 | LR: 0.030867
2026-02-06 04:04:16 KST | INFO |   Train Loss: 0.0819 | Test Loss: 0.0016 | Test Acc: 89.13%
2026-02-06 04:04:16 KST | INFO |   No improvement (5/30)
2026-02-06 04:04:16 KST | INFO | 
2026-02-06 04:04:16 KST | INFO | Epoch 127/200 | LR: 0.030143
2026-02-06 04:04:30 KST | INFO |   Train Loss: 0.0808 | Test Loss: 0.0013 | Test Acc: 90.13%
2026-02-06 04:04:30 KST | INFO |   No improvement (6/30)
2026-02-06 04:04:30 KST | INFO | 
2026-02-06 04:04:30 KST | INFO | Epoch 128/200 | LR: 0.029425
2026-02-06 04:04:44 KST | INFO |   Train Loss: 0.0764 | Test Loss: 0.0013 | Test Acc: 90.38%
2026-02-06 04:04:44 KST | INFO |   No improvement (7/30)
2026-02-06 04:04:44 KST | INFO | 
2026-02-06 04:04:44 KST | INFO | Epoch 129/200 | LR: 0.028712
2026-02-06 04:04:58 KST | INFO |   Train Loss: 0.0707 | Test Loss: 0.0014 | Test Acc: 90.37%
2026-02-06 04:04:58 KST | INFO |   No improvement (8/30)
2026-02-06 04:04:58 KST | INFO | 
2026-02-06 04:04:58 KST | INFO | Epoch 130/200 | LR: 0.028004
2026-02-06 04:05:12 KST | INFO |   Train Loss: 0.0725 | Test Loss: 0.0016 | Test Acc: 89.37%
2026-02-06 04:05:12 KST | INFO |   No improvement (9/30)
2026-02-06 04:05:12 KST | INFO | 
2026-02-06 04:05:12 KST | INFO | Epoch 131/200 | LR: 0.027301
2026-02-06 04:05:26 KST | INFO |   Train Loss: 0.0729 | Test Loss: 0.0015 | Test Acc: 89.85%
2026-02-06 04:05:26 KST | INFO |   No improvement (10/30)
2026-02-06 04:05:26 KST | INFO | 
2026-02-06 04:05:26 KST | INFO | Epoch 132/200 | LR: 0.026604
2026-02-06 04:05:40 KST | INFO |   Train Loss: 0.0686 | Test Loss: 0.0015 | Test Acc: 89.63%
2026-02-06 04:05:40 KST | INFO |   No improvement (11/30)
2026-02-06 04:05:40 KST | INFO | 
2026-02-06 04:05:40 KST | INFO | Epoch 133/200 | LR: 0.025913
2026-02-06 04:05:54 KST | INFO |   Train Loss: 0.0684 | Test Loss: 0.0015 | Test Acc: 89.17%
2026-02-06 04:05:54 KST | INFO |   No improvement (12/30)
2026-02-06 04:05:54 KST | INFO | 
2026-02-06 04:05:54 KST | INFO | Epoch 134/200 | LR: 0.025228
2026-02-06 04:06:08 KST | INFO |   Train Loss: 0.0679 | Test Loss: 0.0014 | Test Acc: 90.23%
2026-02-06 04:06:08 KST | INFO |   No improvement (13/30)
2026-02-06 04:06:08 KST | INFO | 
2026-02-06 04:06:08 KST | INFO | Epoch 135/200 | LR: 0.024549
2026-02-06 04:06:22 KST | INFO |   Train Loss: 0.0626 | Test Loss: 0.0015 | Test Acc: 90.10%
2026-02-06 04:06:22 KST | INFO |   No improvement (14/30)
2026-02-06 04:06:22 KST | INFO | 
2026-02-06 04:06:22 KST | INFO | Epoch 136/200 | LR: 0.023876
2026-02-06 04:06:36 KST | INFO |   Train Loss: 0.0623 | Test Loss: 0.0015 | Test Acc: 90.07%
2026-02-06 04:06:36 KST | INFO |   No improvement (15/30)
2026-02-06 04:06:36 KST | INFO | 
2026-02-06 04:06:36 KST | INFO | Epoch 137/200 | LR: 0.023209
2026-02-06 04:06:49 KST | INFO |   Train Loss: 0.0628 | Test Loss: 0.0014 | Test Acc: 90.25%
2026-02-06 04:06:49 KST | INFO |   No improvement (16/30)
2026-02-06 04:06:49 KST | INFO | 
2026-02-06 04:06:49 KST | INFO | Epoch 138/200 | LR: 0.022550
2026-02-06 04:07:03 KST | INFO |   Train Loss: 0.0574 | Test Loss: 0.0013 | Test Acc: 90.72%
2026-02-06 04:07:03 KST | INFO |   No improvement (17/30)
2026-02-06 04:07:03 KST | INFO | 
2026-02-06 04:07:03 KST | INFO | Epoch 139/200 | LR: 0.021897
2026-02-06 04:07:17 KST | INFO |   Train Loss: 0.0585 | Test Loss: 0.0014 | Test Acc: 90.43%
2026-02-06 04:07:17 KST | INFO |   No improvement (18/30)
2026-02-06 04:07:17 KST | INFO | 
2026-02-06 04:07:17 KST | INFO | Epoch 140/200 | LR: 0.021251
2026-02-06 04:07:31 KST | INFO |   Train Loss: 0.0548 | Test Loss: 0.0013 | Test Acc: 90.60%
2026-02-06 04:07:31 KST | INFO |   No improvement (19/30)
2026-02-06 04:07:31 KST | INFO | 
2026-02-06 04:07:31 KST | INFO | Epoch 141/200 | LR: 0.020612
2026-02-06 04:07:45 KST | INFO |   Train Loss: 0.0546 | Test Loss: 0.0014 | Test Acc: 90.73%
2026-02-06 04:07:45 KST | INFO |   No improvement (20/30)
2026-02-06 04:07:45 KST | INFO | 
2026-02-06 04:07:45 KST | INFO | Epoch 142/200 | LR: 0.019980
2026-02-06 04:07:59 KST | INFO |   Train Loss: 0.0527 | Test Loss: 0.0014 | Test Acc: 90.25%
2026-02-06 04:07:59 KST | INFO |   No improvement (21/30)
2026-02-06 04:07:59 KST | INFO | 
2026-02-06 04:07:59 KST | INFO | Epoch 143/200 | LR: 0.019355
2026-02-06 04:08:13 KST | INFO |   Train Loss: 0.0506 | Test Loss: 0.0014 | Test Acc: 90.00%
2026-02-06 04:08:13 KST | INFO |   No improvement (22/30)
2026-02-06 04:08:13 KST | INFO | 
2026-02-06 04:08:13 KST | INFO | Epoch 144/200 | LR: 0.018739
2026-02-06 04:08:26 KST | INFO |   Train Loss: 0.0496 | Test Loss: 0.0015 | Test Acc: 90.03%
2026-02-06 04:08:26 KST | INFO |   No improvement (23/30)
2026-02-06 04:08:26 KST | INFO | 
2026-02-06 04:08:26 KST | INFO | Epoch 145/200 | LR: 0.018130
2026-02-06 04:08:40 KST | INFO |   Train Loss: 0.0509 | Test Loss: 0.0014 | Test Acc: 90.73%
2026-02-06 04:08:40 KST | INFO |   No improvement (24/30)
2026-02-06 04:08:40 KST | INFO | 
2026-02-06 04:08:40 KST | INFO | Epoch 146/200 | LR: 0.017528
2026-02-06 04:08:54 KST | INFO |   Train Loss: 0.0442 | Test Loss: 0.0014 | Test Acc: 90.32%
2026-02-06 04:08:54 KST | INFO |   No improvement (25/30)
2026-02-06 04:08:54 KST | INFO | 
2026-02-06 04:08:54 KST | INFO | Epoch 147/200 | LR: 0.016935
2026-02-06 04:09:08 KST | INFO |   Train Loss: 0.0467 | Test Loss: 0.0015 | Test Acc: 90.43%
2026-02-06 04:09:08 KST | INFO |   No improvement (26/30)
2026-02-06 04:09:08 KST | INFO | 
2026-02-06 04:09:08 KST | INFO | Epoch 148/200 | LR: 0.016350
2026-02-06 04:09:22 KST | INFO |   Train Loss: 0.0415 | Test Loss: 0.0014 | Test Acc: 90.98%
2026-02-06 04:09:22 KST | INFO |   No improvement (27/30)
2026-02-06 04:09:22 KST | INFO | 
2026-02-06 04:09:22 KST | INFO | Epoch 149/200 | LR: 0.015773
2026-02-06 04:09:36 KST | INFO |   Train Loss: 0.0402 | Test Loss: 0.0013 | Test Acc: 90.77%
2026-02-06 04:09:36 KST | INFO |   No improvement (28/30)
2026-02-06 04:09:36 KST | INFO | 
2026-02-06 04:09:36 KST | INFO | Epoch 150/200 | LR: 0.015205
2026-02-06 04:09:50 KST | INFO |   Train Loss: 0.0398 | Test Loss: 0.0014 | Test Acc: 90.93%
2026-02-06 04:09:50 KST | INFO |   No improvement (29/30)
2026-02-06 04:09:50 KST | INFO | 
2026-02-06 04:09:50 KST | INFO | Epoch 151/200 | LR: 0.014646
2026-02-06 04:10:04 KST | INFO |   Train Loss: 0.0408 | Test Loss: 0.0013 | Test Acc: 90.87%
2026-02-06 04:10:04 KST | INFO |   No improvement (30/30)
2026-02-06 04:10:04 KST | INFO | 
2026-02-06 04:10:04 KST | INFO | Early stopping after 30 epochs without improvement
2026-02-06 04:10:04 KST | INFO | 
2026-02-06 04:10:04 KST | INFO | ================================================================================
2026-02-06 04:10:04 KST | INFO | TRAINING COMPLETE
2026-02-06 04:10:04 KST | INFO | ================================================================================
2026-02-06 04:10:04 KST | INFO | Best accuracy:  91.00% (Epoch 121)
2026-02-06 04:10:04 KST | INFO | Final accuracy: 90.87%
2026-02-06 04:10:04 KST | INFO | ================================================================================
2026-02-06 04:10:04 KST | INFO | 
2026-02-06 04:10:04 KST | INFO | Notifying nodes of completion...
2026-02-06 04:10:05 KST | INFO | ✓ Nodes notified
2026-02-06 04:10:05 KST | INFO | 
2026-02-06 04:10:05 KST | INFO | Closing connections...
2026-02-06 04:10:05 KST | INFO | ✓ Cleanup complete
2026-02-06 04:10:05 KST | INFO | 
2026-02-06 04:10:05 KST | INFO | Full log: logs/TL++_base_20260206_033434.log
2026-02-06 04:10:05 KST | INFO | ================================================================================
