2026-02-06 00:26:44 KST | INFO | ================================================================================
2026-02-06 00:26:44 KST | INFO | TL++ Orchestrator
2026-02-06 00:26:44 KST | INFO | ================================================================================
2026-02-06 00:26:44 KST | INFO | Log file: logs/TL++_base_20260206_002644.log
2026-02-06 00:26:44 KST | INFO | 
2026-02-06 00:26:44 KST | INFO | --------------------------------------------------------------------------------
2026-02-06 00:26:44 KST | INFO | CONFIGURATION
2026-02-06 00:26:44 KST | INFO | --------------------------------------------------------------------------------
2026-02-06 00:26:44 KST | INFO | Secure mode:      False
2026-02-06 00:26:44 KST | INFO | Nodes:            6
2026-02-06 00:26:44 KST | INFO | Cut layer:        2
2026-02-06 00:26:44 KST | INFO | Batch size:       128
2026-02-06 00:26:44 KST | INFO | Learning rate:    0.1
2026-02-06 00:26:44 KST | INFO | 
2026-02-06 00:26:44 KST | INFO | Computation device: cuda
2026-02-06 00:26:44 KST | INFO | Secure mode: DISABLED
2026-02-06 00:26:44 KST | INFO | 
2026-02-06 00:26:44 KST | INFO | --------------------------------------------------------------------------------
2026-02-06 00:26:44 KST | INFO | NETWORK SETUP
2026-02-06 00:26:44 KST | INFO | --------------------------------------------------------------------------------
2026-02-06 00:26:44 KST | INFO | ✓ Orchestrator listening on 127.0.0.1:8080
2026-02-06 00:26:44 KST | INFO | Waiting for 6 node(s)...
2026-02-06 00:26:47 KST | INFO |   ✓ Node 1/6 connected
2026-02-06 00:26:48 KST | INFO |   ✓ Node 2/6 connected
2026-02-06 00:26:49 KST | INFO |   ✓ Node 3/6 connected
2026-02-06 00:26:50 KST | INFO |   ✓ Node 4/6 connected
2026-02-06 00:26:51 KST | INFO |   ✓ Node 5/6 connected
2026-02-06 00:26:52 KST | INFO |   ✓ Node 6/6 connected
2026-02-06 00:26:52 KST | INFO | ✓ All 6 node(s) connected
2026-02-06 00:26:52 KST | INFO | 
2026-02-06 00:26:52 KST | INFO | --------------------------------------------------------------------------------
2026-02-06 00:26:52 KST | INFO | MODEL INITIALIZATION
2026-02-06 00:26:52 KST | INFO | --------------------------------------------------------------------------------
2026-02-06 00:26:52 KST | INFO | Node-side parameters: 260,160
2026-02-06 00:26:52 KST | INFO | 
2026-02-06 00:26:52 KST | INFO | --------------------------------------------------------------------------------
2026-02-06 00:26:52 KST | INFO | BROADCASTING CONFIGURATION
2026-02-06 00:26:52 KST | INFO | --------------------------------------------------------------------------------
2026-02-06 00:26:52 KST | INFO | ✓ Configuration broadcast to all nodes
2026-02-06 00:26:53 KST | INFO | 
2026-02-06 00:26:53 KST | INFO | Total parameters:     3,246,150
2026-02-06 00:26:53 KST | INFO | Trainable parameters: 3,246,150
2026-02-06 00:26:53 KST | INFO | 
2026-02-06 00:26:53 KST | INFO | --------------------------------------------------------------------------------
2026-02-06 00:26:53 KST | INFO | DATA LOADING
2026-02-06 00:26:53 KST | INFO | --------------------------------------------------------------------------------
2026-02-06 00:27:18 KST | INFO | ✓ Dataset information collected:
2026-02-06 00:27:18 KST | INFO |     Node 1: 5,000 samples
2026-02-06 00:27:18 KST | INFO |     Node 2: 5,000 samples
2026-02-06 00:27:18 KST | INFO |     Node 3: 5,000 samples
2026-02-06 00:27:18 KST | INFO |     Node 4: 5,000 samples
2026-02-06 00:27:18 KST | INFO |     Node 5: 5,000 samples
2026-02-06 00:27:18 KST | INFO |     Node 6: 5,000 samples
2026-02-06 00:27:18 KST | INFO |   Total training samples: 30,000
2026-02-06 00:27:18 KST | INFO | 
2026-02-06 00:27:22 KST | INFO | ✓ Test dataset loaded: 6,000 samples
2026-02-06 00:27:22 KST | INFO | 
2026-02-06 00:27:22 KST | INFO | ✓ Batch scheduler: 235 batches/epoch
2026-02-06 00:27:22 KST | INFO | 
2026-02-06 00:27:22 KST | INFO | --------------------------------------------------------------------------------
2026-02-06 00:27:22 KST | INFO | OPTIMIZATION SETUP
2026-02-06 00:27:22 KST | INFO | --------------------------------------------------------------------------------
2026-02-06 00:27:22 KST | INFO | ✓ Optimizer: SGD (lr=0.1, momentum=0.9)
2026-02-06 00:27:22 KST | INFO | ✓ Scheduler: cosine
2026-02-06 00:27:22 KST | INFO | ✓ Gradient clipping: 1.0
2026-02-06 00:27:22 KST | INFO | 
2026-02-06 00:27:22 KST | INFO | ================================================================================
2026-02-06 00:27:22 KST | INFO | Setup complete - Ready for training
2026-02-06 00:27:22 KST | INFO | ================================================================================
2026-02-06 00:27:22 KST | INFO | 
2026-02-06 00:27:22 KST | INFO | --------------------------------------------------------------------------------
2026-02-06 00:27:22 KST | INFO | TRAINING
2026-02-06 00:27:22 KST | INFO | --------------------------------------------------------------------------------
2026-02-06 00:27:22 KST | INFO | 
2026-02-06 00:27:22 KST | INFO | Epoch 1/200 | LR: 0.100000
2026-02-06 00:27:37 KST | INFO |   Train Loss: 1.3696 | Test Loss: 0.0048 | Test Acc: 51.88%
2026-02-06 00:27:37 KST | INFO |   🏆 New best accuracy: 51.88%
2026-02-06 00:27:37 KST | INFO | 
2026-02-06 00:27:37 KST | INFO | Epoch 2/200 | LR: 0.099994
2026-02-06 00:27:51 KST | INFO |   Train Loss: 1.0905 | Test Loss: 0.0036 | Test Acc: 64.90%
2026-02-06 00:27:51 KST | INFO |   🏆 New best accuracy: 64.90%
2026-02-06 00:27:51 KST | INFO | 
2026-02-06 00:27:51 KST | INFO | Epoch 3/200 | LR: 0.099975
2026-02-06 00:28:05 KST | INFO |   Train Loss: 0.9355 | Test Loss: 0.0032 | Test Acc: 67.72%
2026-02-06 00:28:05 KST | INFO |   🏆 New best accuracy: 67.72%
2026-02-06 00:28:05 KST | INFO | 
2026-02-06 00:28:05 KST | INFO | Epoch 4/200 | LR: 0.099944
2026-02-06 00:28:18 KST | INFO |   Train Loss: 0.8055 | Test Loss: 0.0030 | Test Acc: 71.52%
2026-02-06 00:28:18 KST | INFO |   🏆 New best accuracy: 71.52%
2026-02-06 00:28:18 KST | INFO | 
2026-02-06 00:28:18 KST | INFO | Epoch 5/200 | LR: 0.099901
2026-02-06 00:28:32 KST | INFO |   Train Loss: 0.7032 | Test Loss: 0.0025 | Test Acc: 77.10%
2026-02-06 00:28:32 KST | INFO |   🏆 New best accuracy: 77.10%
2026-02-06 00:28:32 KST | INFO | 
2026-02-06 00:28:32 KST | INFO | Epoch 6/200 | LR: 0.099846
2026-02-06 00:28:46 KST | INFO |   Train Loss: 0.6381 | Test Loss: 0.0027 | Test Acc: 75.20%
2026-02-06 00:28:46 KST | INFO |   No improvement (1/30)
2026-02-06 00:28:46 KST | INFO | 
2026-02-06 00:28:46 KST | INFO | Epoch 7/200 | LR: 0.099778
2026-02-06 00:29:00 KST | INFO |   Train Loss: 0.5846 | Test Loss: 0.0025 | Test Acc: 76.97%
2026-02-06 00:29:00 KST | INFO |   No improvement (2/30)
2026-02-06 00:29:00 KST | INFO | 
2026-02-06 00:29:00 KST | INFO | Epoch 8/200 | LR: 0.099698
2026-02-06 00:29:14 KST | INFO |   Train Loss: 0.5416 | Test Loss: 0.0022 | Test Acc: 79.67%
2026-02-06 00:29:14 KST | INFO |   🏆 New best accuracy: 79.67%
2026-02-06 00:29:14 KST | INFO | 
2026-02-06 00:29:14 KST | INFO | Epoch 9/200 | LR: 0.099606
2026-02-06 00:29:27 KST | INFO |   Train Loss: 0.5197 | Test Loss: 0.0019 | Test Acc: 82.48%
2026-02-06 00:29:27 KST | INFO |   🏆 New best accuracy: 82.48%
2026-02-06 00:29:27 KST | INFO | 
2026-02-06 00:29:27 KST | INFO | Epoch 10/200 | LR: 0.099501
2026-02-06 00:29:42 KST | INFO |   Train Loss: 0.4842 | Test Loss: 0.0020 | Test Acc: 82.62%
2026-02-06 00:29:42 KST | INFO |   🏆 New best accuracy: 82.62%
2026-02-06 00:29:42 KST | INFO | 
2026-02-06 00:29:42 KST | INFO | Epoch 11/200 | LR: 0.099384
2026-02-06 00:29:55 KST | INFO |   Train Loss: 0.4707 | Test Loss: 0.0020 | Test Acc: 82.55%
2026-02-06 00:29:55 KST | INFO |   No improvement (1/30)
2026-02-06 00:29:55 KST | INFO | 
2026-02-06 00:29:55 KST | INFO | Epoch 12/200 | LR: 0.099255
2026-02-06 00:30:09 KST | INFO |   Train Loss: 0.4530 | Test Loss: 0.0019 | Test Acc: 82.75%
2026-02-06 00:30:09 KST | INFO |   🏆 New best accuracy: 82.75%
2026-02-06 00:30:09 KST | INFO | 
2026-02-06 00:30:09 KST | INFO | Epoch 13/200 | LR: 0.099114
2026-02-06 00:30:23 KST | INFO |   Train Loss: 0.4381 | Test Loss: 0.0019 | Test Acc: 83.17%
2026-02-06 00:30:23 KST | INFO |   🏆 New best accuracy: 83.17%
2026-02-06 00:30:23 KST | INFO | 
2026-02-06 00:30:23 KST | INFO | Epoch 14/200 | LR: 0.098961
2026-02-06 00:30:37 KST | INFO |   Train Loss: 0.4235 | Test Loss: 0.0017 | Test Acc: 84.57%
2026-02-06 00:30:37 KST | INFO |   🏆 New best accuracy: 84.57%
2026-02-06 00:30:37 KST | INFO | 
2026-02-06 00:30:37 KST | INFO | Epoch 15/200 | LR: 0.098796
2026-02-06 00:30:50 KST | INFO |   Train Loss: 0.4046 | Test Loss: 0.0018 | Test Acc: 83.52%
2026-02-06 00:30:50 KST | INFO |   No improvement (1/30)
2026-02-06 00:30:50 KST | INFO | 
2026-02-06 00:30:50 KST | INFO | Epoch 16/200 | LR: 0.098619
2026-02-06 00:31:04 KST | INFO |   Train Loss: 0.3965 | Test Loss: 0.0018 | Test Acc: 83.97%
2026-02-06 00:31:04 KST | INFO |   No improvement (2/30)
2026-02-06 00:31:04 KST | INFO | 
2026-02-06 00:31:04 KST | INFO | Epoch 17/200 | LR: 0.098429
2026-02-06 00:31:18 KST | INFO |   Train Loss: 0.3911 | Test Loss: 0.0018 | Test Acc: 83.77%
2026-02-06 00:31:18 KST | INFO |   No improvement (3/30)
2026-02-06 00:31:18 KST | INFO | 
2026-02-06 00:31:18 KST | INFO | Epoch 18/200 | LR: 0.098228
2026-02-06 00:31:31 KST | INFO |   Train Loss: 0.3803 | Test Loss: 0.0017 | Test Acc: 84.27%
2026-02-06 00:31:31 KST | INFO |   No improvement (4/30)
2026-02-06 00:31:31 KST | INFO | 
2026-02-06 00:31:31 KST | INFO | Epoch 19/200 | LR: 0.098015
2026-02-06 00:31:45 KST | INFO |   Train Loss: 0.3698 | Test Loss: 0.0015 | Test Acc: 87.00%
2026-02-06 00:31:45 KST | INFO |   🏆 New best accuracy: 87.00%
2026-02-06 00:31:45 KST | INFO | 
2026-02-06 00:31:45 KST | INFO | Epoch 20/200 | LR: 0.097790
2026-02-06 00:31:59 KST | INFO |   Train Loss: 0.3623 | Test Loss: 0.0016 | Test Acc: 85.42%
2026-02-06 00:31:59 KST | INFO |   No improvement (1/30)
2026-02-06 00:31:59 KST | INFO | 
2026-02-06 00:31:59 KST | INFO | Epoch 21/200 | LR: 0.097553
2026-02-06 00:32:13 KST | INFO |   Train Loss: 0.3537 | Test Loss: 0.0017 | Test Acc: 85.67%
2026-02-06 00:32:13 KST | INFO |   No improvement (2/30)
2026-02-06 00:32:13 KST | INFO | 
2026-02-06 00:32:13 KST | INFO | Epoch 22/200 | LR: 0.097304
2026-02-06 00:32:27 KST | INFO |   Train Loss: 0.3428 | Test Loss: 0.0016 | Test Acc: 86.80%
2026-02-06 00:32:27 KST | INFO |   No improvement (3/30)
2026-02-06 00:32:27 KST | INFO | 
2026-02-06 00:32:27 KST | INFO | Epoch 23/200 | LR: 0.097044
2026-02-06 00:32:41 KST | INFO |   Train Loss: 0.3431 | Test Loss: 0.0016 | Test Acc: 85.68%
2026-02-06 00:32:41 KST | INFO |   No improvement (4/30)
2026-02-06 00:32:41 KST | INFO | 
2026-02-06 00:32:41 KST | INFO | Epoch 24/200 | LR: 0.096772
2026-02-06 00:32:55 KST | INFO |   Train Loss: 0.3322 | Test Loss: 0.0017 | Test Acc: 85.65%
2026-02-06 00:32:55 KST | INFO |   No improvement (5/30)
2026-02-06 00:32:55 KST | INFO | 
2026-02-06 00:32:55 KST | INFO | Epoch 25/200 | LR: 0.096489
2026-02-06 00:33:08 KST | INFO |   Train Loss: 0.3299 | Test Loss: 0.0014 | Test Acc: 86.77%
2026-02-06 00:33:08 KST | INFO |   No improvement (6/30)
2026-02-06 00:33:08 KST | INFO | 
2026-02-06 00:33:08 KST | INFO | Epoch 26/200 | LR: 0.096194
2026-02-06 00:33:22 KST | INFO |   Train Loss: 0.3279 | Test Loss: 0.0016 | Test Acc: 86.13%
2026-02-06 00:33:22 KST | INFO |   No improvement (7/30)
2026-02-06 00:33:22 KST | INFO | 
2026-02-06 00:33:22 KST | INFO | Epoch 27/200 | LR: 0.095888
2026-02-06 00:33:36 KST | INFO |   Train Loss: 0.3208 | Test Loss: 0.0016 | Test Acc: 86.08%
2026-02-06 00:33:36 KST | INFO |   No improvement (8/30)
2026-02-06 00:33:36 KST | INFO | 
2026-02-06 00:33:36 KST | INFO | Epoch 28/200 | LR: 0.095570
2026-02-06 00:33:50 KST | INFO |   Train Loss: 0.3132 | Test Loss: 0.0015 | Test Acc: 86.02%
2026-02-06 00:33:50 KST | INFO |   No improvement (9/30)
2026-02-06 00:33:50 KST | INFO | 
2026-02-06 00:33:50 KST | INFO | Epoch 29/200 | LR: 0.095241
2026-02-06 00:34:04 KST | INFO |   Train Loss: 0.3120 | Test Loss: 0.0014 | Test Acc: 87.00%
2026-02-06 00:34:04 KST | INFO |   No improvement (10/30)
2026-02-06 00:34:04 KST | INFO | 
2026-02-06 00:34:04 KST | INFO | Epoch 30/200 | LR: 0.094901
2026-02-06 00:34:17 KST | INFO |   Train Loss: 0.3099 | Test Loss: 0.0014 | Test Acc: 88.13%
2026-02-06 00:34:17 KST | INFO |   🏆 New best accuracy: 88.13%
2026-02-06 00:34:17 KST | INFO | 
2026-02-06 00:34:17 KST | INFO | Epoch 31/200 | LR: 0.094550
2026-02-06 00:34:31 KST | INFO |   Train Loss: 0.3011 | Test Loss: 0.0016 | Test Acc: 86.30%
2026-02-06 00:34:31 KST | INFO |   No improvement (1/30)
2026-02-06 00:34:31 KST | INFO | 
2026-02-06 00:34:31 KST | INFO | Epoch 32/200 | LR: 0.094188
2026-02-06 00:34:45 KST | INFO |   Train Loss: 0.3006 | Test Loss: 0.0017 | Test Acc: 85.67%
2026-02-06 00:34:45 KST | INFO |   No improvement (2/30)
2026-02-06 00:34:45 KST | INFO | 
2026-02-06 00:34:45 KST | INFO | Epoch 33/200 | LR: 0.093815
2026-02-06 00:34:59 KST | INFO |   Train Loss: 0.2949 | Test Loss: 0.0015 | Test Acc: 87.52%
2026-02-06 00:34:59 KST | INFO |   No improvement (3/30)
2026-02-06 00:34:59 KST | INFO | 
2026-02-06 00:34:59 KST | INFO | Epoch 34/200 | LR: 0.093432
2026-02-06 00:35:12 KST | INFO |   Train Loss: 0.2895 | Test Loss: 0.0014 | Test Acc: 87.15%
2026-02-06 00:35:12 KST | INFO |   No improvement (4/30)
2026-02-06 00:35:12 KST | INFO | 
2026-02-06 00:35:12 KST | INFO | Epoch 35/200 | LR: 0.093037
2026-02-06 00:35:26 KST | INFO |   Train Loss: 0.2931 | Test Loss: 0.0016 | Test Acc: 85.45%
2026-02-06 00:35:26 KST | INFO |   No improvement (5/30)
2026-02-06 00:35:26 KST | INFO | 
2026-02-06 00:35:26 KST | INFO | Epoch 36/200 | LR: 0.092632
2026-02-06 00:35:40 KST | INFO |   Train Loss: 0.2865 | Test Loss: 0.0014 | Test Acc: 88.27%
2026-02-06 00:35:40 KST | INFO |   🏆 New best accuracy: 88.27%
2026-02-06 00:35:40 KST | INFO | 
2026-02-06 00:35:40 KST | INFO | Epoch 37/200 | LR: 0.092216
2026-02-06 00:35:54 KST | INFO |   Train Loss: 0.2785 | Test Loss: 0.0013 | Test Acc: 88.77%
2026-02-06 00:35:54 KST | INFO |   🏆 New best accuracy: 88.77%
2026-02-06 00:35:54 KST | INFO | 
2026-02-06 00:35:54 KST | INFO | Epoch 38/200 | LR: 0.091790
2026-02-06 00:36:07 KST | INFO |   Train Loss: 0.2777 | Test Loss: 0.0014 | Test Acc: 87.95%
2026-02-06 00:36:07 KST | INFO |   No improvement (1/30)
2026-02-06 00:36:07 KST | INFO | 
2026-02-06 00:36:07 KST | INFO | Epoch 39/200 | LR: 0.091354
2026-02-06 00:36:21 KST | INFO |   Train Loss: 0.2774 | Test Loss: 0.0014 | Test Acc: 88.30%
2026-02-06 00:36:21 KST | INFO |   No improvement (2/30)
2026-02-06 00:36:21 KST | INFO | 
2026-02-06 00:36:21 KST | INFO | Epoch 40/200 | LR: 0.090908
2026-02-06 00:36:35 KST | INFO |   Train Loss: 0.2739 | Test Loss: 0.0016 | Test Acc: 86.50%
2026-02-06 00:36:35 KST | INFO |   No improvement (3/30)
2026-02-06 00:36:35 KST | INFO | 
2026-02-06 00:36:35 KST | INFO | Epoch 41/200 | LR: 0.090451
2026-02-06 00:36:49 KST | INFO |   Train Loss: 0.2721 | Test Loss: 0.0014 | Test Acc: 87.97%
2026-02-06 00:36:49 KST | INFO |   No improvement (4/30)
2026-02-06 00:36:49 KST | INFO | 
2026-02-06 00:36:49 KST | INFO | Epoch 42/200 | LR: 0.089984
2026-02-06 00:37:02 KST | INFO |   Train Loss: 0.2715 | Test Loss: 0.0013 | Test Acc: 88.25%
2026-02-06 00:37:02 KST | INFO |   No improvement (5/30)
2026-02-06 00:37:02 KST | INFO | 
2026-02-06 00:37:02 KST | INFO | Epoch 43/200 | LR: 0.089508
2026-02-06 00:37:16 KST | INFO |   Train Loss: 0.2652 | Test Loss: 0.0014 | Test Acc: 87.17%
2026-02-06 00:37:16 KST | INFO |   No improvement (6/30)
2026-02-06 00:37:16 KST | INFO | 
2026-02-06 00:37:16 KST | INFO | Epoch 44/200 | LR: 0.089022
2026-02-06 00:37:30 KST | INFO |   Train Loss: 0.2626 | Test Loss: 0.0015 | Test Acc: 87.53%
2026-02-06 00:37:30 KST | INFO |   No improvement (7/30)
2026-02-06 00:37:30 KST | INFO | 
2026-02-06 00:37:30 KST | INFO | Epoch 45/200 | LR: 0.088526
2026-02-06 00:37:44 KST | INFO |   Train Loss: 0.2608 | Test Loss: 0.0014 | Test Acc: 87.75%
2026-02-06 00:37:44 KST | INFO |   No improvement (8/30)
2026-02-06 00:37:44 KST | INFO | 
2026-02-06 00:37:44 KST | INFO | Epoch 46/200 | LR: 0.088020
2026-02-06 00:37:57 KST | INFO |   Train Loss: 0.2555 | Test Loss: 0.0015 | Test Acc: 87.38%
2026-02-06 00:37:57 KST | INFO |   No improvement (9/30)
2026-02-06 00:37:57 KST | INFO | 
2026-02-06 00:37:57 KST | INFO | Epoch 47/200 | LR: 0.087506
2026-02-06 00:38:11 KST | INFO |   Train Loss: 0.2543 | Test Loss: 0.0014 | Test Acc: 88.10%
2026-02-06 00:38:11 KST | INFO |   No improvement (10/30)
2026-02-06 00:38:11 KST | INFO | 
2026-02-06 00:38:11 KST | INFO | Epoch 48/200 | LR: 0.086982
2026-02-06 00:38:25 KST | INFO |   Train Loss: 0.2569 | Test Loss: 0.0015 | Test Acc: 87.08%
2026-02-06 00:38:25 KST | INFO |   No improvement (11/30)
2026-02-06 00:38:25 KST | INFO | 
2026-02-06 00:38:25 KST | INFO | Epoch 49/200 | LR: 0.086449
2026-02-06 00:38:39 KST | INFO |   Train Loss: 0.2497 | Test Loss: 0.0014 | Test Acc: 87.67%
2026-02-06 00:38:39 KST | INFO |   No improvement (12/30)
2026-02-06 00:38:39 KST | INFO | 
2026-02-06 00:38:39 KST | INFO | Epoch 50/200 | LR: 0.085906
2026-02-06 00:38:52 KST | INFO |   Train Loss: 0.2478 | Test Loss: 0.0014 | Test Acc: 88.12%
2026-02-06 00:38:52 KST | INFO |   No improvement (13/30)
2026-02-06 00:38:52 KST | INFO | 
2026-02-06 00:38:52 KST | INFO | Epoch 51/200 | LR: 0.085355
2026-02-06 00:39:06 KST | INFO |   Train Loss: 0.2458 | Test Loss: 0.0013 | Test Acc: 88.47%
2026-02-06 00:39:06 KST | INFO |   No improvement (14/30)
2026-02-06 00:39:06 KST | INFO | 
2026-02-06 00:39:06 KST | INFO | Epoch 52/200 | LR: 0.084796
2026-02-06 00:39:20 KST | INFO |   Train Loss: 0.2437 | Test Loss: 0.0013 | Test Acc: 88.42%
2026-02-06 00:39:20 KST | INFO |   No improvement (15/30)
2026-02-06 00:39:20 KST | INFO | 
2026-02-06 00:39:20 KST | INFO | Epoch 53/200 | LR: 0.084228
2026-02-06 00:39:34 KST | INFO |   Train Loss: 0.2439 | Test Loss: 0.0014 | Test Acc: 87.85%
2026-02-06 00:39:34 KST | INFO |   No improvement (16/30)
2026-02-06 00:39:34 KST | INFO | 
2026-02-06 00:39:34 KST | INFO | Epoch 54/200 | LR: 0.083651
2026-02-06 00:39:48 KST | INFO |   Train Loss: 0.2373 | Test Loss: 0.0016 | Test Acc: 86.92%
2026-02-06 00:39:48 KST | INFO |   No improvement (17/30)
2026-02-06 00:39:48 KST | INFO | 
2026-02-06 00:39:48 KST | INFO | Epoch 55/200 | LR: 0.083066
2026-02-06 00:40:01 KST | INFO |   Train Loss: 0.2350 | Test Loss: 0.0014 | Test Acc: 88.77%
2026-02-06 00:40:01 KST | INFO |   No improvement (18/30)
2026-02-06 00:40:01 KST | INFO | 
2026-02-06 00:40:01 KST | INFO | Epoch 56/200 | LR: 0.082473
2026-02-06 00:40:15 KST | INFO |   Train Loss: 0.2314 | Test Loss: 0.0014 | Test Acc: 88.13%
2026-02-06 00:40:15 KST | INFO |   No improvement (19/30)
2026-02-06 00:40:15 KST | INFO | 
2026-02-06 00:40:15 KST | INFO | Epoch 57/200 | LR: 0.081871
2026-02-06 00:40:29 KST | INFO |   Train Loss: 0.2291 | Test Loss: 0.0016 | Test Acc: 86.87%
2026-02-06 00:40:29 KST | INFO |   No improvement (20/30)
2026-02-06 00:40:29 KST | INFO | 
2026-02-06 00:40:29 KST | INFO | Epoch 58/200 | LR: 0.081262
2026-02-06 00:40:42 KST | INFO |   Train Loss: 0.2236 | Test Loss: 0.0014 | Test Acc: 88.65%
2026-02-06 00:40:42 KST | INFO |   No improvement (21/30)
2026-02-06 00:40:42 KST | INFO | 
2026-02-06 00:40:42 KST | INFO | Epoch 59/200 | LR: 0.080646
2026-02-06 00:40:56 KST | INFO |   Train Loss: 0.2262 | Test Loss: 0.0013 | Test Acc: 89.13%
2026-02-06 00:40:56 KST | INFO |   🏆 New best accuracy: 89.13%
2026-02-06 00:40:56 KST | INFO | 
2026-02-06 00:40:56 KST | INFO | Epoch 60/200 | LR: 0.080021
2026-02-06 00:41:10 KST | INFO |   Train Loss: 0.2236 | Test Loss: 0.0014 | Test Acc: 88.03%
2026-02-06 00:41:10 KST | INFO |   No improvement (1/30)
2026-02-06 00:41:10 KST | INFO | 
2026-02-06 00:41:10 KST | INFO | Epoch 61/200 | LR: 0.079389
2026-02-06 00:41:24 KST | INFO |   Train Loss: 0.2209 | Test Loss: 0.0014 | Test Acc: 87.93%
2026-02-06 00:41:24 KST | INFO |   No improvement (2/30)
2026-02-06 00:41:24 KST | INFO | 
2026-02-06 00:41:24 KST | INFO | Epoch 62/200 | LR: 0.078750
2026-02-06 00:41:37 KST | INFO |   Train Loss: 0.2206 | Test Loss: 0.0012 | Test Acc: 90.03%
2026-02-06 00:41:37 KST | INFO |   🏆 New best accuracy: 90.03%
2026-02-06 00:41:37 KST | INFO | 
2026-02-06 00:41:37 KST | INFO | Epoch 63/200 | LR: 0.078104
2026-02-06 00:41:51 KST | INFO |   Train Loss: 0.2160 | Test Loss: 0.0014 | Test Acc: 88.25%
2026-02-06 00:41:51 KST | INFO |   No improvement (1/30)
2026-02-06 00:41:51 KST | INFO | 
2026-02-06 00:41:51 KST | INFO | Epoch 64/200 | LR: 0.077451
2026-02-06 00:42:04 KST | INFO |   Train Loss: 0.2172 | Test Loss: 0.0018 | Test Acc: 85.48%
2026-02-06 00:42:04 KST | INFO |   No improvement (2/30)
2026-02-06 00:42:04 KST | INFO | 
2026-02-06 00:42:04 KST | INFO | Epoch 65/200 | LR: 0.076792
2026-02-06 00:42:18 KST | INFO |   Train Loss: 0.2111 | Test Loss: 0.0013 | Test Acc: 89.28%
2026-02-06 00:42:18 KST | INFO |   No improvement (3/30)
2026-02-06 00:42:18 KST | INFO | 
2026-02-06 00:42:18 KST | INFO | Epoch 66/200 | LR: 0.076125
2026-02-06 00:42:32 KST | INFO |   Train Loss: 0.2099 | Test Loss: 0.0015 | Test Acc: 87.55%
2026-02-06 00:42:32 KST | INFO |   No improvement (4/30)
2026-02-06 00:42:32 KST | INFO | 
2026-02-06 00:42:32 KST | INFO | Epoch 67/200 | LR: 0.075452
2026-02-06 00:42:46 KST | INFO |   Train Loss: 0.2083 | Test Loss: 0.0013 | Test Acc: 88.60%
2026-02-06 00:42:46 KST | INFO |   No improvement (5/30)
2026-02-06 00:42:46 KST | INFO | 
2026-02-06 00:42:46 KST | INFO | Epoch 68/200 | LR: 0.074773
2026-02-06 00:42:59 KST | INFO |   Train Loss: 0.2034 | Test Loss: 0.0014 | Test Acc: 88.45%
2026-02-06 00:42:59 KST | INFO |   No improvement (6/30)
2026-02-06 00:42:59 KST | INFO | 
2026-02-06 00:42:59 KST | INFO | Epoch 69/200 | LR: 0.074088
2026-02-06 00:43:13 KST | INFO |   Train Loss: 0.1993 | Test Loss: 0.0018 | Test Acc: 85.00%
2026-02-06 00:43:13 KST | INFO |   No improvement (7/30)
2026-02-06 00:43:13 KST | INFO | 
2026-02-06 00:43:13 KST | INFO | Epoch 70/200 | LR: 0.073397
2026-02-06 00:43:27 KST | INFO |   Train Loss: 0.2000 | Test Loss: 0.0015 | Test Acc: 87.92%
2026-02-06 00:43:27 KST | INFO |   No improvement (8/30)
2026-02-06 00:43:27 KST | INFO | 
2026-02-06 00:43:27 KST | INFO | Epoch 71/200 | LR: 0.072700
2026-02-06 00:43:40 KST | INFO |   Train Loss: 0.1986 | Test Loss: 0.0014 | Test Acc: 89.13%
2026-02-06 00:43:40 KST | INFO |   No improvement (9/30)
2026-02-06 00:43:40 KST | INFO | 
2026-02-06 00:43:40 KST | INFO | Epoch 72/200 | LR: 0.071997
2026-02-06 00:43:54 KST | INFO |   Train Loss: 0.2000 | Test Loss: 0.0013 | Test Acc: 88.67%
2026-02-06 00:43:54 KST | INFO |   No improvement (10/30)
2026-02-06 00:43:54 KST | INFO | 
2026-02-06 00:43:54 KST | INFO | Epoch 73/200 | LR: 0.071289
2026-02-06 00:44:08 KST | INFO |   Train Loss: 0.1945 | Test Loss: 0.0014 | Test Acc: 88.73%
2026-02-06 00:44:08 KST | INFO |   No improvement (11/30)
2026-02-06 00:44:08 KST | INFO | 
2026-02-06 00:44:08 KST | INFO | Epoch 74/200 | LR: 0.070576
2026-02-06 00:44:21 KST | INFO |   Train Loss: 0.1963 | Test Loss: 0.0016 | Test Acc: 87.40%
2026-02-06 00:44:21 KST | INFO |   No improvement (12/30)
2026-02-06 00:44:21 KST | INFO | 
2026-02-06 00:44:21 KST | INFO | Epoch 75/200 | LR: 0.069858
2026-02-06 00:44:36 KST | INFO |   Train Loss: 0.1920 | Test Loss: 0.0013 | Test Acc: 89.38%
2026-02-06 00:44:36 KST | INFO |   No improvement (13/30)
2026-02-06 00:44:36 KST | INFO | 
2026-02-06 00:44:36 KST | INFO | Epoch 76/200 | LR: 0.069134
2026-02-06 00:44:50 KST | INFO |   Train Loss: 0.1884 | Test Loss: 0.0012 | Test Acc: 89.80%
2026-02-06 00:44:50 KST | INFO |   No improvement (14/30)
2026-02-06 00:44:50 KST | INFO | 
2026-02-06 00:44:50 KST | INFO | Epoch 77/200 | LR: 0.068407
2026-02-06 00:45:03 KST | INFO |   Train Loss: 0.1837 | Test Loss: 0.0016 | Test Acc: 87.58%
2026-02-06 00:45:03 KST | INFO |   No improvement (15/30)
2026-02-06 00:45:03 KST | INFO | 
2026-02-06 00:45:03 KST | INFO | Epoch 78/200 | LR: 0.067674
2026-02-06 00:45:17 KST | INFO |   Train Loss: 0.1832 | Test Loss: 0.0016 | Test Acc: 87.57%
2026-02-06 00:45:17 KST | INFO |   No improvement (16/30)
2026-02-06 00:45:17 KST | INFO | 
2026-02-06 00:45:17 KST | INFO | Epoch 79/200 | LR: 0.066937
2026-02-06 00:45:31 KST | INFO |   Train Loss: 0.1797 | Test Loss: 0.0012 | Test Acc: 89.83%
2026-02-06 00:45:31 KST | INFO |   No improvement (17/30)
2026-02-06 00:45:31 KST | INFO | 
2026-02-06 00:45:31 KST | INFO | Epoch 80/200 | LR: 0.066196
2026-02-06 00:45:45 KST | INFO |   Train Loss: 0.1808 | Test Loss: 0.0013 | Test Acc: 89.75%
2026-02-06 00:45:45 KST | INFO |   No improvement (18/30)
2026-02-06 00:45:45 KST | INFO | 
2026-02-06 00:45:45 KST | INFO | Epoch 81/200 | LR: 0.065451
2026-02-06 00:45:58 KST | INFO |   Train Loss: 0.1756 | Test Loss: 0.0013 | Test Acc: 89.35%
2026-02-06 00:45:58 KST | INFO |   No improvement (19/30)
2026-02-06 00:45:58 KST | INFO | 
2026-02-06 00:45:58 KST | INFO | Epoch 82/200 | LR: 0.064702
2026-02-06 00:46:12 KST | INFO |   Train Loss: 0.1732 | Test Loss: 0.0013 | Test Acc: 89.38%
2026-02-06 00:46:12 KST | INFO |   No improvement (20/30)
2026-02-06 00:46:12 KST | INFO | 
2026-02-06 00:46:12 KST | INFO | Epoch 83/200 | LR: 0.063950
2026-02-06 00:46:26 KST | INFO |   Train Loss: 0.1729 | Test Loss: 0.0014 | Test Acc: 89.02%
2026-02-06 00:46:26 KST | INFO |   No improvement (21/30)
2026-02-06 00:46:26 KST | INFO | 
2026-02-06 00:46:26 KST | INFO | Epoch 84/200 | LR: 0.063194
2026-02-06 00:46:40 KST | INFO |   Train Loss: 0.1735 | Test Loss: 0.0015 | Test Acc: 88.62%
2026-02-06 00:46:40 KST | INFO |   No improvement (22/30)
2026-02-06 00:46:40 KST | INFO | 
2026-02-06 00:46:40 KST | INFO | Epoch 85/200 | LR: 0.062435
2026-02-06 00:46:53 KST | INFO |   Train Loss: 0.1688 | Test Loss: 0.0013 | Test Acc: 89.73%
2026-02-06 00:46:53 KST | INFO |   No improvement (23/30)
2026-02-06 00:46:53 KST | INFO | 
2026-02-06 00:46:53 KST | INFO | Epoch 86/200 | LR: 0.061673
2026-02-06 00:47:07 KST | INFO |   Train Loss: 0.1678 | Test Loss: 0.0013 | Test Acc: 90.05%
2026-02-06 00:47:07 KST | INFO |   🏆 New best accuracy: 90.05%
2026-02-06 00:47:07 KST | INFO | 
2026-02-06 00:47:07 KST | INFO | Epoch 87/200 | LR: 0.060908
2026-02-06 00:47:21 KST | INFO |   Train Loss: 0.1638 | Test Loss: 0.0013 | Test Acc: 89.60%
2026-02-06 00:47:21 KST | INFO |   No improvement (1/30)
2026-02-06 00:47:21 KST | INFO | 
2026-02-06 00:47:21 KST | INFO | Epoch 88/200 | LR: 0.060140
2026-02-06 00:47:34 KST | INFO |   Train Loss: 0.1658 | Test Loss: 0.0018 | Test Acc: 86.08%
2026-02-06 00:47:34 KST | INFO |   No improvement (2/30)
2026-02-06 00:47:34 KST | INFO | 
2026-02-06 00:47:34 KST | INFO | Epoch 89/200 | LR: 0.059369
2026-02-06 00:47:48 KST | INFO |   Train Loss: 0.1615 | Test Loss: 0.0012 | Test Acc: 90.23%
2026-02-06 00:47:48 KST | INFO |   🏆 New best accuracy: 90.23%
2026-02-06 00:47:48 KST | INFO | 
2026-02-06 00:47:48 KST | INFO | Epoch 90/200 | LR: 0.058597
2026-02-06 00:48:02 KST | INFO |   Train Loss: 0.1535 | Test Loss: 0.0014 | Test Acc: 89.42%
2026-02-06 00:48:02 KST | INFO |   No improvement (1/30)
2026-02-06 00:48:02 KST | INFO | 
2026-02-06 00:48:02 KST | INFO | Epoch 91/200 | LR: 0.057822
2026-02-06 00:48:16 KST | INFO |   Train Loss: 0.1582 | Test Loss: 0.0013 | Test Acc: 89.75%
2026-02-06 00:48:16 KST | INFO |   No improvement (2/30)
2026-02-06 00:48:16 KST | INFO | 
2026-02-06 00:48:16 KST | INFO | Epoch 92/200 | LR: 0.057045
2026-02-06 00:48:30 KST | INFO |   Train Loss: 0.1557 | Test Loss: 0.0013 | Test Acc: 89.78%
2026-02-06 00:48:30 KST | INFO |   No improvement (3/30)
2026-02-06 00:48:30 KST | INFO | 
2026-02-06 00:48:30 KST | INFO | Epoch 93/200 | LR: 0.056267
2026-02-06 00:48:44 KST | INFO |   Train Loss: 0.1513 | Test Loss: 0.0013 | Test Acc: 89.35%
2026-02-06 00:48:44 KST | INFO |   No improvement (4/30)
2026-02-06 00:48:44 KST | INFO | 
2026-02-06 00:48:44 KST | INFO | Epoch 94/200 | LR: 0.055487
2026-02-06 00:48:58 KST | INFO |   Train Loss: 0.1487 | Test Loss: 0.0013 | Test Acc: 89.70%
2026-02-06 00:48:58 KST | INFO |   No improvement (5/30)
2026-02-06 00:48:58 KST | INFO | 
2026-02-06 00:48:58 KST | INFO | Epoch 95/200 | LR: 0.054706
2026-02-06 00:49:11 KST | INFO |   Train Loss: 0.1494 | Test Loss: 0.0014 | Test Acc: 89.05%
2026-02-06 00:49:11 KST | INFO |   No improvement (6/30)
2026-02-06 00:49:11 KST | INFO | 
2026-02-06 00:49:11 KST | INFO | Epoch 96/200 | LR: 0.053923
2026-02-06 00:49:25 KST | INFO |   Train Loss: 0.1430 | Test Loss: 0.0015 | Test Acc: 88.12%
2026-02-06 00:49:25 KST | INFO |   No improvement (7/30)
2026-02-06 00:49:25 KST | INFO | 
2026-02-06 00:49:25 KST | INFO | Epoch 97/200 | LR: 0.053140
2026-02-06 00:49:38 KST | INFO |   Train Loss: 0.1458 | Test Loss: 0.0016 | Test Acc: 87.38%
2026-02-06 00:49:38 KST | INFO |   No improvement (8/30)
2026-02-06 00:49:38 KST | INFO | 
2026-02-06 00:49:38 KST | INFO | Epoch 98/200 | LR: 0.052356
2026-02-06 00:49:52 KST | INFO |   Train Loss: 0.1400 | Test Loss: 0.0013 | Test Acc: 90.27%
2026-02-06 00:49:52 KST | INFO |   🏆 New best accuracy: 90.27%
2026-02-06 00:49:52 KST | INFO | 
2026-02-06 00:49:52 KST | INFO | Epoch 99/200 | LR: 0.051571
2026-02-06 00:50:06 KST | INFO |   Train Loss: 0.1357 | Test Loss: 0.0014 | Test Acc: 89.55%
2026-02-06 00:50:06 KST | INFO |   No improvement (1/30)
2026-02-06 00:50:06 KST | INFO | 
2026-02-06 00:50:06 KST | INFO | Epoch 100/200 | LR: 0.050786
2026-02-06 00:50:20 KST | INFO |   Train Loss: 0.1361 | Test Loss: 0.0013 | Test Acc: 89.83%
2026-02-06 00:50:20 KST | INFO |   No improvement (2/30)
2026-02-06 00:50:20 KST | INFO | 
2026-02-06 00:50:20 KST | INFO | Epoch 101/200 | LR: 0.050001
2026-02-06 00:50:33 KST | INFO |   Train Loss: 0.1330 | Test Loss: 0.0015 | Test Acc: 88.43%
2026-02-06 00:50:33 KST | INFO |   No improvement (3/30)
2026-02-06 00:50:33 KST | INFO | 
2026-02-06 00:50:33 KST | INFO | Epoch 102/200 | LR: 0.049215
2026-02-06 00:50:47 KST | INFO |   Train Loss: 0.1306 | Test Loss: 0.0013 | Test Acc: 89.67%
2026-02-06 00:50:47 KST | INFO |   No improvement (4/30)
2026-02-06 00:50:47 KST | INFO | 
2026-02-06 00:50:47 KST | INFO | Epoch 103/200 | LR: 0.048430
2026-02-06 00:51:00 KST | INFO |   Train Loss: 0.1306 | Test Loss: 0.0012 | Test Acc: 90.62%
2026-02-06 00:51:00 KST | INFO |   🏆 New best accuracy: 90.62%
2026-02-06 00:51:00 KST | INFO | 
2026-02-06 00:51:00 KST | INFO | Epoch 104/200 | LR: 0.047645
2026-02-06 00:51:14 KST | INFO |   Train Loss: 0.1260 | Test Loss: 0.0012 | Test Acc: 90.33%
2026-02-06 00:51:14 KST | INFO |   No improvement (1/30)
2026-02-06 00:51:14 KST | INFO | 
2026-02-06 00:51:14 KST | INFO | Epoch 105/200 | LR: 0.046861
2026-02-06 00:51:28 KST | INFO |   Train Loss: 0.1236 | Test Loss: 0.0013 | Test Acc: 90.40%
2026-02-06 00:51:28 KST | INFO |   No improvement (2/30)
2026-02-06 00:51:28 KST | INFO | 
2026-02-06 00:51:28 KST | INFO | Epoch 106/200 | LR: 0.046078
2026-02-06 00:51:42 KST | INFO |   Train Loss: 0.1209 | Test Loss: 0.0013 | Test Acc: 90.03%
2026-02-06 00:51:42 KST | INFO |   No improvement (3/30)
2026-02-06 00:51:42 KST | INFO | 
2026-02-06 00:51:42 KST | INFO | Epoch 107/200 | LR: 0.045295
2026-02-06 00:51:55 KST | INFO |   Train Loss: 0.1206 | Test Loss: 0.0014 | Test Acc: 89.73%
2026-02-06 00:51:55 KST | INFO |   No improvement (4/30)
2026-02-06 00:51:55 KST | INFO | 
2026-02-06 00:51:55 KST | INFO | Epoch 108/200 | LR: 0.044514
2026-02-06 00:52:09 KST | INFO |   Train Loss: 0.1195 | Test Loss: 0.0013 | Test Acc: 90.53%
2026-02-06 00:52:09 KST | INFO |   No improvement (5/30)
2026-02-06 00:52:09 KST | INFO | 
2026-02-06 00:52:09 KST | INFO | Epoch 109/200 | LR: 0.043734
2026-02-06 00:52:23 KST | INFO |   Train Loss: 0.1142 | Test Loss: 0.0015 | Test Acc: 88.73%
2026-02-06 00:52:23 KST | INFO |   No improvement (6/30)
2026-02-06 00:52:23 KST | INFO | 
2026-02-06 00:52:23 KST | INFO | Epoch 110/200 | LR: 0.042956
2026-02-06 00:52:36 KST | INFO |   Train Loss: 0.1164 | Test Loss: 0.0013 | Test Acc: 90.55%
2026-02-06 00:52:36 KST | INFO |   No improvement (7/30)
2026-02-06 00:52:36 KST | INFO | 
2026-02-06 00:52:36 KST | INFO | Epoch 111/200 | LR: 0.042179
2026-02-06 00:52:50 KST | INFO |   Train Loss: 0.1119 | Test Loss: 0.0013 | Test Acc: 90.17%
2026-02-06 00:52:50 KST | INFO |   No improvement (8/30)
2026-02-06 00:52:50 KST | INFO | 
2026-02-06 00:52:50 KST | INFO | Epoch 112/200 | LR: 0.041404
2026-02-06 00:53:04 KST | INFO |   Train Loss: 0.1091 | Test Loss: 0.0012 | Test Acc: 91.02%
2026-02-06 00:53:04 KST | INFO |   🏆 New best accuracy: 91.02%
2026-02-06 00:53:04 KST | INFO | 
2026-02-06 00:53:04 KST | INFO | Epoch 113/200 | LR: 0.040632
2026-02-06 00:53:18 KST | INFO |   Train Loss: 0.1092 | Test Loss: 0.0013 | Test Acc: 90.92%
2026-02-06 00:53:18 KST | INFO |   No improvement (1/30)
2026-02-06 00:53:18 KST | INFO | 
2026-02-06 00:53:18 KST | INFO | Epoch 114/200 | LR: 0.039861
2026-02-06 00:53:31 KST | INFO |   Train Loss: 0.1039 | Test Loss: 0.0012 | Test Acc: 90.68%
2026-02-06 00:53:31 KST | INFO |   No improvement (2/30)
2026-02-06 00:53:31 KST | INFO | 
2026-02-06 00:53:31 KST | INFO | Epoch 115/200 | LR: 0.039093
2026-02-06 00:53:45 KST | INFO |   Train Loss: 0.1001 | Test Loss: 0.0014 | Test Acc: 90.17%
2026-02-06 00:53:45 KST | INFO |   No improvement (3/30)
2026-02-06 00:53:45 KST | INFO | 
2026-02-06 00:53:45 KST | INFO | Epoch 116/200 | LR: 0.038328
2026-02-06 00:53:59 KST | INFO |   Train Loss: 0.0993 | Test Loss: 0.0013 | Test Acc: 90.12%
2026-02-06 00:53:59 KST | INFO |   No improvement (4/30)
2026-02-06 00:53:59 KST | INFO | 
2026-02-06 00:53:59 KST | INFO | Epoch 117/200 | LR: 0.037566
2026-02-06 00:54:13 KST | INFO |   Train Loss: 0.0988 | Test Loss: 0.0014 | Test Acc: 90.12%
2026-02-06 00:54:13 KST | INFO |   No improvement (5/30)
2026-02-06 00:54:13 KST | INFO | 
2026-02-06 00:54:13 KST | INFO | Epoch 118/200 | LR: 0.036807
2026-02-06 00:54:26 KST | INFO |   Train Loss: 0.0968 | Test Loss: 0.0014 | Test Acc: 89.25%
2026-02-06 00:54:26 KST | INFO |   No improvement (6/30)
2026-02-06 00:54:26 KST | INFO | 
2026-02-06 00:54:26 KST | INFO | Epoch 119/200 | LR: 0.036051
2026-02-06 00:54:40 KST | INFO |   Train Loss: 0.0941 | Test Loss: 0.0013 | Test Acc: 90.72%
2026-02-06 00:54:40 KST | INFO |   No improvement (7/30)
2026-02-06 00:54:40 KST | INFO | 
2026-02-06 00:54:40 KST | INFO | Epoch 120/200 | LR: 0.035299
2026-02-06 00:54:54 KST | INFO |   Train Loss: 0.0931 | Test Loss: 0.0014 | Test Acc: 90.28%
2026-02-06 00:54:54 KST | INFO |   No improvement (8/30)
2026-02-06 00:54:54 KST | INFO | 
2026-02-06 00:54:54 KST | INFO | Epoch 121/200 | LR: 0.034550
2026-02-06 00:55:08 KST | INFO |   Train Loss: 0.0884 | Test Loss: 0.0013 | Test Acc: 90.68%
2026-02-06 00:55:08 KST | INFO |   No improvement (9/30)
2026-02-06 00:55:08 KST | INFO | 
2026-02-06 00:55:08 KST | INFO | Epoch 122/200 | LR: 0.033805
2026-02-06 00:55:21 KST | INFO |   Train Loss: 0.0867 | Test Loss: 0.0013 | Test Acc: 90.15%
2026-02-06 00:55:21 KST | INFO |   No improvement (10/30)
2026-02-06 00:55:21 KST | INFO | 
2026-02-06 00:55:21 KST | INFO | Epoch 123/200 | LR: 0.033064
2026-02-06 00:55:35 KST | INFO |   Train Loss: 0.0896 | Test Loss: 0.0013 | Test Acc: 90.83%
2026-02-06 00:55:35 KST | INFO |   No improvement (11/30)
2026-02-06 00:55:35 KST | INFO | 
2026-02-06 00:55:35 KST | INFO | Epoch 124/200 | LR: 0.032327
2026-02-06 00:55:49 KST | INFO |   Train Loss: 0.0829 | Test Loss: 0.0014 | Test Acc: 90.00%
2026-02-06 00:55:49 KST | INFO |   No improvement (12/30)
2026-02-06 00:55:49 KST | INFO | 
2026-02-06 00:55:49 KST | INFO | Epoch 125/200 | LR: 0.031594
2026-02-06 00:56:03 KST | INFO |   Train Loss: 0.0843 | Test Loss: 0.0016 | Test Acc: 89.17%
2026-02-06 00:56:03 KST | INFO |   No improvement (13/30)
2026-02-06 00:56:03 KST | INFO | 
2026-02-06 00:56:03 KST | INFO | Epoch 126/200 | LR: 0.030867
2026-02-06 00:56:16 KST | INFO |   Train Loss: 0.0791 | Test Loss: 0.0014 | Test Acc: 90.27%
2026-02-06 00:56:16 KST | INFO |   No improvement (14/30)
2026-02-06 00:56:16 KST | INFO | 
2026-02-06 00:56:16 KST | INFO | Epoch 127/200 | LR: 0.030143
2026-02-06 00:56:30 KST | INFO |   Train Loss: 0.0799 | Test Loss: 0.0013 | Test Acc: 90.62%
2026-02-06 00:56:30 KST | INFO |   No improvement (15/30)
2026-02-06 00:56:30 KST | INFO | 
2026-02-06 00:56:30 KST | INFO | Epoch 128/200 | LR: 0.029425
2026-02-06 00:56:44 KST | INFO |   Train Loss: 0.0738 | Test Loss: 0.0013 | Test Acc: 90.90%
2026-02-06 00:56:44 KST | INFO |   No improvement (16/30)
2026-02-06 00:56:44 KST | INFO | 
2026-02-06 00:56:44 KST | INFO | Epoch 129/200 | LR: 0.028712
2026-02-06 00:56:58 KST | INFO |   Train Loss: 0.0758 | Test Loss: 0.0014 | Test Acc: 90.45%
2026-02-06 00:56:58 KST | INFO |   No improvement (17/30)
2026-02-06 00:56:58 KST | INFO | 
2026-02-06 00:56:58 KST | INFO | Epoch 130/200 | LR: 0.028004
2026-02-06 00:57:12 KST | INFO |   Train Loss: 0.0712 | Test Loss: 0.0014 | Test Acc: 89.72%
2026-02-06 00:57:12 KST | INFO |   No improvement (18/30)
2026-02-06 00:57:12 KST | INFO | 
2026-02-06 00:57:12 KST | INFO | Epoch 131/200 | LR: 0.027301
2026-02-06 00:57:26 KST | INFO |   Train Loss: 0.0718 | Test Loss: 0.0015 | Test Acc: 89.58%
2026-02-06 00:57:26 KST | INFO |   No improvement (19/30)
2026-02-06 00:57:26 KST | INFO | 
2026-02-06 00:57:26 KST | INFO | Epoch 132/200 | LR: 0.026604
2026-02-06 00:57:40 KST | INFO |   Train Loss: 0.0660 | Test Loss: 0.0017 | Test Acc: 89.35%
2026-02-06 00:57:40 KST | INFO |   No improvement (20/30)
2026-02-06 00:57:40 KST | INFO | 
2026-02-06 00:57:40 KST | INFO | Epoch 133/200 | LR: 0.025913
2026-02-06 00:57:53 KST | INFO |   Train Loss: 0.0667 | Test Loss: 0.0013 | Test Acc: 90.72%
2026-02-06 00:57:53 KST | INFO |   No improvement (21/30)
2026-02-06 00:57:53 KST | INFO | 
2026-02-06 00:57:53 KST | INFO | Epoch 134/200 | LR: 0.025228
2026-02-06 00:58:07 KST | INFO |   Train Loss: 0.0640 | Test Loss: 0.0015 | Test Acc: 90.28%
2026-02-06 00:58:07 KST | INFO |   No improvement (22/30)
2026-02-06 00:58:07 KST | INFO | 
2026-02-06 00:58:07 KST | INFO | Epoch 135/200 | LR: 0.024549
2026-02-06 00:58:21 KST | INFO |   Train Loss: 0.0618 | Test Loss: 0.0015 | Test Acc: 90.30%
2026-02-06 00:58:21 KST | INFO |   No improvement (23/30)
2026-02-06 00:58:21 KST | INFO | 
2026-02-06 00:58:21 KST | INFO | Epoch 136/200 | LR: 0.023876
2026-02-06 00:58:35 KST | INFO |   Train Loss: 0.0620 | Test Loss: 0.0013 | Test Acc: 90.72%
2026-02-06 00:58:35 KST | INFO |   No improvement (24/30)
2026-02-06 00:58:35 KST | INFO | 
2026-02-06 00:58:35 KST | INFO | Epoch 137/200 | LR: 0.023209
2026-02-06 00:58:49 KST | INFO |   Train Loss: 0.0589 | Test Loss: 0.0013 | Test Acc: 91.20%
2026-02-06 00:58:49 KST | INFO |   🏆 New best accuracy: 91.20%
2026-02-06 00:58:49 KST | INFO | 
2026-02-06 00:58:49 KST | INFO | Epoch 138/200 | LR: 0.022550
2026-02-06 00:59:02 KST | INFO |   Train Loss: 0.0579 | Test Loss: 0.0014 | Test Acc: 90.13%
2026-02-06 00:59:02 KST | INFO |   No improvement (1/30)
2026-02-06 00:59:02 KST | INFO | 
2026-02-06 00:59:02 KST | INFO | Epoch 139/200 | LR: 0.021897
2026-02-06 00:59:16 KST | INFO |   Train Loss: 0.0575 | Test Loss: 0.0012 | Test Acc: 91.12%
2026-02-06 00:59:16 KST | INFO |   No improvement (2/30)
2026-02-06 00:59:16 KST | INFO | 
2026-02-06 00:59:16 KST | INFO | Epoch 140/200 | LR: 0.021251
2026-02-06 00:59:30 KST | INFO |   Train Loss: 0.0530 | Test Loss: 0.0013 | Test Acc: 91.40%
2026-02-06 00:59:30 KST | INFO |   🏆 New best accuracy: 91.40%
2026-02-06 00:59:30 KST | INFO | 
2026-02-06 00:59:30 KST | INFO | Epoch 141/200 | LR: 0.020612
2026-02-06 00:59:44 KST | INFO |   Train Loss: 0.0514 | Test Loss: 0.0012 | Test Acc: 91.28%
2026-02-06 00:59:44 KST | INFO |   No improvement (1/30)
2026-02-06 00:59:44 KST | INFO | 
2026-02-06 00:59:44 KST | INFO | Epoch 142/200 | LR: 0.019980
2026-02-06 00:59:58 KST | INFO |   Train Loss: 0.0507 | Test Loss: 0.0013 | Test Acc: 90.88%
2026-02-06 00:59:58 KST | INFO |   No improvement (2/30)
2026-02-06 00:59:58 KST | INFO | 
2026-02-06 00:59:58 KST | INFO | Epoch 143/200 | LR: 0.019355
2026-02-06 01:00:11 KST | INFO |   Train Loss: 0.0512 | Test Loss: 0.0014 | Test Acc: 90.47%
2026-02-06 01:00:11 KST | INFO |   No improvement (3/30)
2026-02-06 01:00:11 KST | INFO | 
2026-02-06 01:00:11 KST | INFO | Epoch 144/200 | LR: 0.018739
2026-02-06 01:00:25 KST | INFO |   Train Loss: 0.0516 | Test Loss: 0.0013 | Test Acc: 91.18%
2026-02-06 01:00:25 KST | INFO |   No improvement (4/30)
2026-02-06 01:00:25 KST | INFO | 
2026-02-06 01:00:25 KST | INFO | Epoch 145/200 | LR: 0.018130
2026-02-06 01:00:39 KST | INFO |   Train Loss: 0.0456 | Test Loss: 0.0014 | Test Acc: 90.88%
2026-02-06 01:00:39 KST | INFO |   No improvement (5/30)
2026-02-06 01:00:39 KST | INFO | 
2026-02-06 01:00:39 KST | INFO | Epoch 146/200 | LR: 0.017528
2026-02-06 01:00:53 KST | INFO |   Train Loss: 0.0448 | Test Loss: 0.0013 | Test Acc: 90.80%
2026-02-06 01:00:53 KST | INFO |   No improvement (6/30)
2026-02-06 01:00:53 KST | INFO | 
2026-02-06 01:00:53 KST | INFO | Epoch 147/200 | LR: 0.016935
2026-02-06 01:01:07 KST | INFO |   Train Loss: 0.0435 | Test Loss: 0.0013 | Test Acc: 90.87%
2026-02-06 01:01:07 KST | INFO |   No improvement (7/30)
2026-02-06 01:01:07 KST | INFO | 
2026-02-06 01:01:07 KST | INFO | Epoch 148/200 | LR: 0.016350
2026-02-06 01:01:21 KST | INFO |   Train Loss: 0.0420 | Test Loss: 0.0014 | Test Acc: 91.28%
2026-02-06 01:01:21 KST | INFO |   No improvement (8/30)
2026-02-06 01:01:21 KST | INFO | 
2026-02-06 01:01:21 KST | INFO | Epoch 149/200 | LR: 0.015773
2026-02-06 01:01:34 KST | INFO |   Train Loss: 0.0401 | Test Loss: 0.0014 | Test Acc: 90.72%
2026-02-06 01:01:34 KST | INFO |   No improvement (9/30)
2026-02-06 01:01:34 KST | INFO | 
2026-02-06 01:01:34 KST | INFO | Epoch 150/200 | LR: 0.015205
2026-02-06 01:01:48 KST | INFO |   Train Loss: 0.0391 | Test Loss: 0.0015 | Test Acc: 90.30%
2026-02-06 01:01:48 KST | INFO |   No improvement (10/30)
2026-02-06 01:01:48 KST | INFO | 
2026-02-06 01:01:48 KST | INFO | Epoch 151/200 | LR: 0.014646
2026-02-06 01:02:02 KST | INFO |   Train Loss: 0.0382 | Test Loss: 0.0014 | Test Acc: 90.73%
2026-02-06 01:02:02 KST | INFO |   No improvement (11/30)
2026-02-06 01:02:02 KST | INFO | 
2026-02-06 01:02:02 KST | INFO | Epoch 152/200 | LR: 0.014095
2026-02-06 01:02:15 KST | INFO |   Train Loss: 0.0338 | Test Loss: 0.0013 | Test Acc: 91.43%
2026-02-06 01:02:15 KST | INFO |   🏆 New best accuracy: 91.43%
2026-02-06 01:02:15 KST | INFO | 
2026-02-06 01:02:15 KST | INFO | Epoch 153/200 | LR: 0.013552
2026-02-06 01:02:30 KST | INFO |   Train Loss: 0.0365 | Test Loss: 0.0013 | Test Acc: 91.38%
2026-02-06 01:02:30 KST | INFO |   No improvement (1/30)
2026-02-06 01:02:30 KST | INFO | 
2026-02-06 01:02:30 KST | INFO | Epoch 154/200 | LR: 0.013019
2026-02-06 01:02:43 KST | INFO |   Train Loss: 0.0340 | Test Loss: 0.0014 | Test Acc: 90.77%
2026-02-06 01:02:43 KST | INFO |   No improvement (2/30)
2026-02-06 01:02:43 KST | INFO | 
2026-02-06 01:02:43 KST | INFO | Epoch 155/200 | LR: 0.012495
2026-02-06 01:02:57 KST | INFO |   Train Loss: 0.0307 | Test Loss: 0.0013 | Test Acc: 91.43%
2026-02-06 01:02:57 KST | INFO |   No improvement (3/30)
2026-02-06 01:02:57 KST | INFO | 
2026-02-06 01:02:57 KST | INFO | Epoch 156/200 | LR: 0.011981
2026-02-06 01:03:11 KST | INFO |   Train Loss: 0.0311 | Test Loss: 0.0014 | Test Acc: 90.88%
2026-02-06 01:03:11 KST | INFO |   No improvement (4/30)
2026-02-06 01:03:11 KST | INFO | 
2026-02-06 01:03:11 KST | INFO | Epoch 157/200 | LR: 0.011475
2026-02-06 01:03:25 KST | INFO |   Train Loss: 0.0313 | Test Loss: 0.0013 | Test Acc: 91.20%
2026-02-06 01:03:25 KST | INFO |   No improvement (5/30)
2026-02-06 01:03:25 KST | INFO | 
2026-02-06 01:03:25 KST | INFO | Epoch 158/200 | LR: 0.010979
2026-02-06 01:03:39 KST | INFO |   Train Loss: 0.0297 | Test Loss: 0.0014 | Test Acc: 91.18%
2026-02-06 01:03:39 KST | INFO |   No improvement (6/30)
2026-02-06 01:03:39 KST | INFO | 
2026-02-06 01:03:39 KST | INFO | Epoch 159/200 | LR: 0.010493
2026-02-06 01:03:53 KST | INFO |   Train Loss: 0.0310 | Test Loss: 0.0014 | Test Acc: 91.40%
2026-02-06 01:03:53 KST | INFO |   No improvement (7/30)
2026-02-06 01:03:53 KST | INFO | 
2026-02-06 01:03:53 KST | INFO | Epoch 160/200 | LR: 0.010017
2026-02-06 01:04:07 KST | INFO |   Train Loss: 0.0263 | Test Loss: 0.0015 | Test Acc: 90.87%
2026-02-06 01:04:07 KST | INFO |   No improvement (8/30)
2026-02-06 01:04:07 KST | INFO | 
2026-02-06 01:04:07 KST | INFO | Epoch 161/200 | LR: 0.009550
2026-02-06 01:04:20 KST | INFO |   Train Loss: 0.0271 | Test Loss: 0.0014 | Test Acc: 91.20%
2026-02-06 01:04:20 KST | INFO |   No improvement (9/30)
2026-02-06 01:04:20 KST | INFO | 
2026-02-06 01:04:20 KST | INFO | Epoch 162/200 | LR: 0.009093
2026-02-06 01:04:34 KST | INFO |   Train Loss: 0.0255 | Test Loss: 0.0014 | Test Acc: 91.03%
2026-02-06 01:04:34 KST | INFO |   No improvement (10/30)
2026-02-06 01:04:34 KST | INFO | 
2026-02-06 01:04:34 KST | INFO | Epoch 163/200 | LR: 0.008647
2026-02-06 01:04:48 KST | INFO |   Train Loss: 0.0255 | Test Loss: 0.0014 | Test Acc: 91.38%
2026-02-06 01:04:48 KST | INFO |   No improvement (11/30)
2026-02-06 01:04:48 KST | INFO | 
2026-02-06 01:04:48 KST | INFO | Epoch 164/200 | LR: 0.008211
2026-02-06 01:05:02 KST | INFO |   Train Loss: 0.0238 | Test Loss: 0.0014 | Test Acc: 91.40%
2026-02-06 01:05:02 KST | INFO |   No improvement (12/30)
2026-02-06 01:05:02 KST | INFO | 
2026-02-06 01:05:02 KST | INFO | Epoch 165/200 | LR: 0.007785
2026-02-06 01:05:16 KST | INFO |   Train Loss: 0.0232 | Test Loss: 0.0014 | Test Acc: 91.17%
2026-02-06 01:05:16 KST | INFO |   No improvement (13/30)
2026-02-06 01:05:16 KST | INFO | 
2026-02-06 01:05:16 KST | INFO | Epoch 166/200 | LR: 0.007369
2026-02-06 01:05:30 KST | INFO |   Train Loss: 0.0225 | Test Loss: 0.0014 | Test Acc: 91.17%
2026-02-06 01:05:30 KST | INFO |   No improvement (14/30)
2026-02-06 01:05:30 KST | INFO | 
2026-02-06 01:05:30 KST | INFO | Epoch 167/200 | LR: 0.006964
2026-02-06 01:05:44 KST | INFO |   Train Loss: 0.0214 | Test Loss: 0.0014 | Test Acc: 91.58%
2026-02-06 01:05:44 KST | INFO |   🏆 New best accuracy: 91.58%
2026-02-06 01:05:44 KST | INFO | 
2026-02-06 01:05:44 KST | INFO | Epoch 168/200 | LR: 0.006569
2026-02-06 01:05:58 KST | INFO |   Train Loss: 0.0213 | Test Loss: 0.0013 | Test Acc: 91.75%
2026-02-06 01:05:58 KST | INFO |   🏆 New best accuracy: 91.75%
2026-02-06 01:05:58 KST | INFO | 
2026-02-06 01:05:58 KST | INFO | Epoch 169/200 | LR: 0.006186
2026-02-06 01:06:11 KST | INFO |   Train Loss: 0.0197 | Test Loss: 0.0013 | Test Acc: 91.47%
2026-02-06 01:06:11 KST | INFO |   No improvement (1/30)
2026-02-06 01:06:11 KST | INFO | 
2026-02-06 01:06:11 KST | INFO | Epoch 170/200 | LR: 0.005813
2026-02-06 01:06:25 KST | INFO |   Train Loss: 0.0177 | Test Loss: 0.0014 | Test Acc: 91.17%
2026-02-06 01:06:25 KST | INFO |   No improvement (2/30)
2026-02-06 01:06:25 KST | INFO | 
2026-02-06 01:06:25 KST | INFO | Epoch 171/200 | LR: 0.005451
2026-02-06 01:06:39 KST | INFO |   Train Loss: 0.0185 | Test Loss: 0.0014 | Test Acc: 91.28%
2026-02-06 01:06:39 KST | INFO |   No improvement (3/30)
2026-02-06 01:06:39 KST | INFO | 
2026-02-06 01:06:39 KST | INFO | Epoch 172/200 | LR: 0.005100
2026-02-06 01:06:53 KST | INFO |   Train Loss: 0.0164 | Test Loss: 0.0014 | Test Acc: 91.43%
2026-02-06 01:06:53 KST | INFO |   No improvement (4/30)
2026-02-06 01:06:53 KST | INFO | 
2026-02-06 01:06:53 KST | INFO | Epoch 173/200 | LR: 0.004760
2026-02-06 01:07:07 KST | INFO |   Train Loss: 0.0174 | Test Loss: 0.0014 | Test Acc: 91.45%
2026-02-06 01:07:07 KST | INFO |   No improvement (5/30)
2026-02-06 01:07:07 KST | INFO | 
2026-02-06 01:07:07 KST | INFO | Epoch 174/200 | LR: 0.004431
2026-02-06 01:07:21 KST | INFO |   Train Loss: 0.0163 | Test Loss: 0.0014 | Test Acc: 91.47%
2026-02-06 01:07:21 KST | INFO |   No improvement (6/30)
2026-02-06 01:07:21 KST | INFO | 
2026-02-06 01:07:21 KST | INFO | Epoch 175/200 | LR: 0.004113
2026-02-06 01:07:34 KST | INFO |   Train Loss: 0.0163 | Test Loss: 0.0014 | Test Acc: 91.58%
2026-02-06 01:07:34 KST | INFO |   No improvement (7/30)
2026-02-06 01:07:34 KST | INFO | 
2026-02-06 01:07:34 KST | INFO | Epoch 176/200 | LR: 0.003807
2026-02-06 01:07:48 KST | INFO |   Train Loss: 0.0158 | Test Loss: 0.0014 | Test Acc: 91.18%
2026-02-06 01:07:48 KST | INFO |   No improvement (8/30)
2026-02-06 01:07:48 KST | INFO | 
2026-02-06 01:07:48 KST | INFO | Epoch 177/200 | LR: 0.003512
2026-02-06 01:08:02 KST | INFO |   Train Loss: 0.0145 | Test Loss: 0.0013 | Test Acc: 91.75%
2026-02-06 01:08:02 KST | INFO |   No improvement (9/30)
2026-02-06 01:08:02 KST | INFO | 
2026-02-06 01:08:02 KST | INFO | Epoch 178/200 | LR: 0.003229
2026-02-06 01:08:16 KST | INFO |   Train Loss: 0.0144 | Test Loss: 0.0014 | Test Acc: 91.67%
2026-02-06 01:08:16 KST | INFO |   No improvement (10/30)
2026-02-06 01:08:16 KST | INFO | 
2026-02-06 01:08:16 KST | INFO | Epoch 179/200 | LR: 0.002957
2026-02-06 01:08:30 KST | INFO |   Train Loss: 0.0138 | Test Loss: 0.0014 | Test Acc: 91.28%
2026-02-06 01:08:30 KST | INFO |   No improvement (11/30)
2026-02-06 01:08:30 KST | INFO | 
2026-02-06 01:08:30 KST | INFO | Epoch 180/200 | LR: 0.002697
2026-02-06 01:08:44 KST | INFO |   Train Loss: 0.0133 | Test Loss: 0.0014 | Test Acc: 91.53%
2026-02-06 01:08:44 KST | INFO |   No improvement (12/30)
2026-02-06 01:08:44 KST | INFO | 
2026-02-06 01:08:44 KST | INFO | Epoch 181/200 | LR: 0.002448
2026-02-06 01:08:57 KST | INFO |   Train Loss: 0.0137 | Test Loss: 0.0014 | Test Acc: 91.47%
2026-02-06 01:08:57 KST | INFO |   No improvement (13/30)
2026-02-06 01:08:57 KST | INFO | 
2026-02-06 01:08:57 KST | INFO | Epoch 182/200 | LR: 0.002211
2026-02-06 01:09:11 KST | INFO |   Train Loss: 0.0129 | Test Loss: 0.0013 | Test Acc: 91.62%
2026-02-06 01:09:11 KST | INFO |   No improvement (14/30)
2026-02-06 01:09:11 KST | INFO | 
2026-02-06 01:09:11 KST | INFO | Epoch 183/200 | LR: 0.001986
2026-02-06 01:09:25 KST | INFO |   Train Loss: 0.0129 | Test Loss: 0.0015 | Test Acc: 91.23%
2026-02-06 01:09:25 KST | INFO |   No improvement (15/30)
2026-02-06 01:09:25 KST | INFO | 
2026-02-06 01:09:25 KST | INFO | Epoch 184/200 | LR: 0.001773
2026-02-06 01:09:39 KST | INFO |   Train Loss: 0.0129 | Test Loss: 0.0014 | Test Acc: 91.45%
2026-02-06 01:09:39 KST | INFO |   No improvement (16/30)
2026-02-06 01:09:39 KST | INFO | 
2026-02-06 01:09:39 KST | INFO | Epoch 185/200 | LR: 0.001572
2026-02-06 01:09:52 KST | INFO |   Train Loss: 0.0123 | Test Loss: 0.0014 | Test Acc: 91.52%
2026-02-06 01:09:52 KST | INFO |   No improvement (17/30)
2026-02-06 01:09:52 KST | INFO | 
2026-02-06 01:09:52 KST | INFO | Epoch 186/200 | LR: 0.001382
2026-02-06 01:10:06 KST | INFO |   Train Loss: 0.0114 | Test Loss: 0.0014 | Test Acc: 91.42%
2026-02-06 01:10:06 KST | INFO |   No improvement (18/30)
2026-02-06 01:10:06 KST | INFO | 
2026-02-06 01:10:06 KST | INFO | Epoch 187/200 | LR: 0.001205
2026-02-06 01:10:20 KST | INFO |   Train Loss: 0.0122 | Test Loss: 0.0014 | Test Acc: 91.72%
2026-02-06 01:10:20 KST | INFO |   No improvement (19/30)
2026-02-06 01:10:20 KST | INFO | 
2026-02-06 01:10:20 KST | INFO | Epoch 188/200 | LR: 0.001040
2026-02-06 01:10:34 KST | INFO |   Train Loss: 0.0117 | Test Loss: 0.0014 | Test Acc: 91.53%
2026-02-06 01:10:34 KST | INFO |   No improvement (20/30)
2026-02-06 01:10:34 KST | INFO | 
2026-02-06 01:10:34 KST | INFO | Epoch 189/200 | LR: 0.000887
2026-02-06 01:10:48 KST | INFO |   Train Loss: 0.0112 | Test Loss: 0.0014 | Test Acc: 91.47%
2026-02-06 01:10:48 KST | INFO |   No improvement (21/30)
2026-02-06 01:10:48 KST | INFO | 
2026-02-06 01:10:48 KST | INFO | Epoch 190/200 | LR: 0.000746
2026-02-06 01:11:02 KST | INFO |   Train Loss: 0.0114 | Test Loss: 0.0014 | Test Acc: 91.72%
2026-02-06 01:11:02 KST | INFO |   No improvement (22/30)
2026-02-06 01:11:02 KST | INFO | 
2026-02-06 01:11:02 KST | INFO | Epoch 191/200 | LR: 0.000617
2026-02-06 01:11:15 KST | INFO |   Train Loss: 0.0111 | Test Loss: 0.0014 | Test Acc: 91.72%
2026-02-06 01:11:15 KST | INFO |   No improvement (23/30)
2026-02-06 01:11:15 KST | INFO | 
2026-02-06 01:11:15 KST | INFO | Epoch 192/200 | LR: 0.000500
2026-02-06 01:11:29 KST | INFO |   Train Loss: 0.0111 | Test Loss: 0.0014 | Test Acc: 91.68%
2026-02-06 01:11:29 KST | INFO |   No improvement (24/30)
2026-02-06 01:11:29 KST | INFO | 
2026-02-06 01:11:29 KST | INFO | Epoch 193/200 | LR: 0.000395
2026-02-06 01:11:43 KST | INFO |   Train Loss: 0.0102 | Test Loss: 0.0014 | Test Acc: 91.65%
2026-02-06 01:11:43 KST | INFO |   No improvement (25/30)
2026-02-06 01:11:43 KST | INFO | 
2026-02-06 01:11:43 KST | INFO | Epoch 194/200 | LR: 0.000303
2026-02-06 01:11:56 KST | INFO |   Train Loss: 0.0113 | Test Loss: 0.0014 | Test Acc: 91.72%
2026-02-06 01:11:56 KST | INFO |   No improvement (26/30)
2026-02-06 01:11:56 KST | INFO | 
2026-02-06 01:11:56 KST | INFO | Epoch 195/200 | LR: 0.000223
2026-02-06 01:12:10 KST | INFO |   Train Loss: 0.0109 | Test Loss: 0.0014 | Test Acc: 91.72%
2026-02-06 01:12:10 KST | INFO |   No improvement (27/30)
2026-02-06 01:12:10 KST | INFO | 
2026-02-06 01:12:10 KST | INFO | Epoch 196/200 | LR: 0.000155
2026-02-06 01:12:24 KST | INFO |   Train Loss: 0.0100 | Test Loss: 0.0014 | Test Acc: 91.70%
2026-02-06 01:12:24 KST | INFO |   No improvement (28/30)
2026-02-06 01:12:24 KST | INFO | 
2026-02-06 01:12:24 KST | INFO | Epoch 197/200 | LR: 0.000100
2026-02-06 01:12:38 KST | INFO |   Train Loss: 0.0106 | Test Loss: 0.0014 | Test Acc: 91.67%
2026-02-06 01:12:38 KST | INFO |   No improvement (29/30)
2026-02-06 01:12:38 KST | INFO | 
2026-02-06 01:12:38 KST | INFO | Epoch 198/200 | LR: 0.000057
2026-02-06 01:12:51 KST | INFO |   Train Loss: 0.0105 | Test Loss: 0.0014 | Test Acc: 91.62%
2026-02-06 01:12:51 KST | INFO |   No improvement (30/30)
2026-02-06 01:12:51 KST | INFO | 
2026-02-06 01:12:51 KST | INFO | Early stopping after 30 epochs without improvement
2026-02-06 01:12:51 KST | INFO | 
2026-02-06 01:12:51 KST | INFO | ================================================================================
2026-02-06 01:12:51 KST | INFO | TRAINING COMPLETE
2026-02-06 01:12:51 KST | INFO | ================================================================================
2026-02-06 01:12:51 KST | INFO | Best accuracy:  91.75% (Epoch 168)
2026-02-06 01:12:51 KST | INFO | Final accuracy: 91.62%
2026-02-06 01:12:51 KST | INFO | ================================================================================
2026-02-06 01:12:51 KST | INFO | 
2026-02-06 01:12:51 KST | INFO | Notifying nodes of completion...
2026-02-06 01:12:53 KST | INFO | ✓ Nodes notified
2026-02-06 01:12:53 KST | INFO | 
2026-02-06 01:12:53 KST | INFO | Closing connections...
2026-02-06 01:12:53 KST | INFO | ✓ Cleanup complete
2026-02-06 01:12:53 KST | INFO | 
2026-02-06 01:12:53 KST | INFO | Full log: logs/TL++_base_20260206_002644.log
2026-02-06 01:12:53 KST | INFO | ================================================================================
