2026-02-20 21:29:57 KST | INFO | ================================================================================
2026-02-20 21:29:57 KST | INFO | TL++ Orchestrator
2026-02-20 21:29:57 KST | INFO | ================================================================================
2026-02-20 21:29:57 KST | INFO | Log file: logs/TL++_secure_20260220_212957.log
2026-02-20 21:29:57 KST | INFO | 
2026-02-20 21:29:57 KST | INFO | --------------------------------------------------------------------------------
2026-02-20 21:29:57 KST | INFO | CONFIGURATION
2026-02-20 21:29:57 KST | INFO | --------------------------------------------------------------------------------
2026-02-20 21:29:57 KST | INFO | Secure mode:      True
2026-02-20 21:29:57 KST | INFO | Helper endpoint:  127.0.0.1:8082
2026-02-20 21:29:57 KST | INFO | Activation noise: 2.0%
2026-02-20 21:29:57 KST | INFO | Gradient noise:   10.0%
2026-02-20 21:29:57 KST | INFO | Nodes:            5
2026-02-20 21:29:57 KST | INFO | Cut layer:        2
2026-02-20 21:29:57 KST | INFO | Batch size:       128
2026-02-20 21:29:57 KST | INFO | Learning rate:    0.1
2026-02-20 21:29:57 KST | INFO | 
2026-02-20 21:29:57 KST | INFO | Computation device: cuda
2026-02-20 21:29:57 KST | INFO | Secure mode: ✓ ENABLED
2026-02-20 21:29:57 KST | INFO | 
2026-02-20 21:29:57 KST | INFO | --------------------------------------------------------------------------------
2026-02-20 21:29:57 KST | INFO | NETWORK SETUP
2026-02-20 21:29:57 KST | INFO | --------------------------------------------------------------------------------
2026-02-20 21:29:57 KST | INFO | ✓ Orchestrator listening on 127.0.0.1:8080
2026-02-20 21:29:57 KST | INFO | ✓ Helper node on 127.0.0.1:8082
2026-02-20 21:29:57 KST | INFO | 
2026-02-20 21:29:57 KST | INFO | Waiting for helper node...
2026-02-20 21:29:58 KST | INFO | ✓ Helper node connected
2026-02-20 21:29:58 KST | INFO | ✓ Noise config sent to helper (activation: 2.0%, gradient: 10.0%)
2026-02-20 21:29:58 KST | INFO | 
2026-02-20 21:29:58 KST | INFO | Waiting for 5 node(s)...
2026-02-20 21:30:03 KST | INFO |   ✓ Node 1/5 connected
2026-02-20 21:30:04 KST | INFO |   ✓ Node 2/5 connected
2026-02-20 21:30:05 KST | INFO |   ✓ Node 3/5 connected
2026-02-20 21:30:06 KST | INFO |   ✓ Node 4/5 connected
2026-02-20 21:30:07 KST | INFO |   ✓ Node 5/5 connected
2026-02-20 21:30:07 KST | INFO | ✓ All 5 node(s) connected
2026-02-20 21:30:07 KST | INFO | 
2026-02-20 21:30:07 KST | INFO | --------------------------------------------------------------------------------
2026-02-20 21:30:07 KST | INFO | MODEL INITIALIZATION
2026-02-20 21:30:07 KST | INFO | --------------------------------------------------------------------------------
2026-02-20 21:30:07 KST | INFO | Node-side parameters: 260,160
2026-02-20 21:30:07 KST | INFO | 
2026-02-20 21:30:07 KST | INFO | --------------------------------------------------------------------------------
2026-02-20 21:30:07 KST | INFO | BROADCASTING CONFIGURATION
2026-02-20 21:30:07 KST | INFO | --------------------------------------------------------------------------------
2026-02-20 21:30:07 KST | INFO | ✓ Configuration broadcast to all nodes
2026-02-20 21:30:09 KST | INFO | 
2026-02-20 21:30:09 KST | INFO | Total parameters:     3,245,637
2026-02-20 21:30:09 KST | INFO | Trainable parameters: 3,245,637
2026-02-20 21:30:09 KST | INFO | 
2026-02-20 21:30:09 KST | INFO | --------------------------------------------------------------------------------
2026-02-20 21:30:09 KST | INFO | DATA LOADING
2026-02-20 21:30:09 KST | INFO | --------------------------------------------------------------------------------
2026-02-20 21:30:37 KST | INFO | ✓ Dataset information collected:
2026-02-20 21:30:37 KST | INFO |     Node 1: 5,000 samples
2026-02-20 21:30:37 KST | INFO |     Node 2: 5,000 samples
2026-02-20 21:30:37 KST | INFO |     Node 3: 5,000 samples
2026-02-20 21:30:37 KST | INFO |     Node 4: 5,000 samples
2026-02-20 21:30:37 KST | INFO |     Node 5: 5,000 samples
2026-02-20 21:30:37 KST | INFO |   Total training samples: 25,000
2026-02-20 21:30:37 KST | INFO | 
2026-02-20 21:30:41 KST | INFO | ✓ Test dataset loaded: 5,000 samples
2026-02-20 21:30:41 KST | INFO | 
2026-02-20 21:30:41 KST | INFO | ✓ Batch scheduler: 196 batches/epoch
2026-02-20 21:30:41 KST | INFO | 
2026-02-20 21:30:41 KST | INFO | --------------------------------------------------------------------------------
2026-02-20 21:30:41 KST | INFO | OPTIMIZATION SETUP
2026-02-20 21:30:41 KST | INFO | --------------------------------------------------------------------------------
2026-02-20 21:30:41 KST | INFO | ✓ Optimizer: SGD (lr=0.1, momentum=0.9)
2026-02-20 21:30:41 KST | INFO | ✓ Scheduler: cosine
2026-02-20 21:30:41 KST | INFO | ✓ Gradient clipping: 1.0
2026-02-20 21:30:41 KST | INFO | 
2026-02-20 21:30:41 KST | INFO | ================================================================================
2026-02-20 21:30:41 KST | INFO | Setup complete - Ready for training
2026-02-20 21:30:41 KST | INFO | ================================================================================
2026-02-20 21:30:41 KST | INFO | 
2026-02-20 21:30:41 KST | INFO | --------------------------------------------------------------------------------
2026-02-20 21:30:41 KST | INFO | TRAINING
2026-02-20 21:30:41 KST | INFO | --------------------------------------------------------------------------------
2026-02-20 21:30:41 KST | INFO | 
2026-02-20 21:30:41 KST | INFO | Epoch 1/200 | LR: 0.100000
2026-02-20 21:31:54 KST | INFO |   Train Loss: 1.1929 | Test Loss: 0.0051 | Test Acc: 51.68%
2026-02-20 21:31:54 KST | INFO |   🏆 New best accuracy: 51.68%
2026-02-20 21:31:54 KST | INFO | 
2026-02-20 21:31:54 KST | INFO | Epoch 2/200 | LR: 0.099994
2026-02-20 21:33:03 KST | INFO |   Train Loss: 0.9215 | Test Loss: 0.0037 | Test Acc: 64.28%
2026-02-20 21:33:03 KST | INFO |   🏆 New best accuracy: 64.28%
2026-02-20 21:33:03 KST | INFO | 
2026-02-20 21:33:03 KST | INFO | Epoch 3/200 | LR: 0.099975
2026-02-20 21:34:25 KST | INFO |   Train Loss: 0.7816 | Test Loss: 0.0033 | Test Acc: 68.26%
2026-02-20 21:34:25 KST | INFO |   🏆 New best accuracy: 68.26%
2026-02-20 21:34:25 KST | INFO | 
2026-02-20 21:34:25 KST | INFO | Epoch 4/200 | LR: 0.099944
2026-02-20 21:35:33 KST | INFO |   Train Loss: 0.6638 | Test Loss: 0.0039 | Test Acc: 63.92%
2026-02-20 21:35:33 KST | INFO |   No improvement (1/30)
2026-02-20 21:35:33 KST | INFO | 
2026-02-20 21:35:33 KST | INFO | Epoch 5/200 | LR: 0.099901
2026-02-20 21:36:41 KST | INFO |   Train Loss: 0.5704 | Test Loss: 0.0024 | Test Acc: 79.94%
2026-02-20 21:36:41 KST | INFO |   🏆 New best accuracy: 79.94%
2026-02-20 21:36:41 KST | INFO | 
2026-02-20 21:36:41 KST | INFO | Epoch 6/200 | LR: 0.099846
2026-02-20 21:37:57 KST | INFO |   Train Loss: 0.5094 | Test Loss: 0.0023 | Test Acc: 79.98%
2026-02-20 21:37:57 KST | INFO |   🏆 New best accuracy: 79.98%
2026-02-20 21:37:57 KST | INFO | 
2026-02-20 21:37:57 KST | INFO | Epoch 7/200 | LR: 0.099778
2026-02-20 21:39:10 KST | INFO |   Train Loss: 0.4646 | Test Loss: 0.0020 | Test Acc: 83.18%
2026-02-20 21:39:10 KST | INFO |   🏆 New best accuracy: 83.18%
2026-02-20 21:39:10 KST | INFO | 
2026-02-20 21:39:10 KST | INFO | Epoch 8/200 | LR: 0.099698
2026-02-20 21:40:18 KST | INFO |   Train Loss: 0.4248 | Test Loss: 0.0025 | Test Acc: 79.12%
2026-02-20 21:40:18 KST | INFO |   No improvement (1/30)
2026-02-20 21:40:18 KST | INFO | 
2026-02-20 21:40:18 KST | INFO | Epoch 9/200 | LR: 0.099606
2026-02-20 21:41:40 KST | INFO |   Train Loss: 0.3949 | Test Loss: 0.0031 | Test Acc: 72.88%
2026-02-20 21:41:40 KST | INFO |   No improvement (2/30)
2026-02-20 21:41:40 KST | INFO | 
2026-02-20 21:41:40 KST | INFO | Epoch 10/200 | LR: 0.099501
2026-02-20 21:42:48 KST | INFO |   Train Loss: 0.3681 | Test Loss: 0.0020 | Test Acc: 82.64%
2026-02-20 21:42:48 KST | INFO |   No improvement (3/30)
2026-02-20 21:42:48 KST | INFO | 
2026-02-20 21:42:48 KST | INFO | Epoch 11/200 | LR: 0.099384
2026-02-20 21:43:56 KST | INFO |   Train Loss: 0.3531 | Test Loss: 0.0018 | Test Acc: 84.34%
2026-02-20 21:43:56 KST | INFO |   🏆 New best accuracy: 84.34%
2026-02-20 21:43:56 KST | INFO | 
2026-02-20 21:43:56 KST | INFO | Epoch 12/200 | LR: 0.099255
2026-02-20 21:45:09 KST | INFO |   Train Loss: 0.3396 | Test Loss: 0.0015 | Test Acc: 87.02%
2026-02-20 21:45:09 KST | INFO |   🏆 New best accuracy: 87.02%
2026-02-20 21:45:09 KST | INFO | 
2026-02-20 21:45:09 KST | INFO | Epoch 13/200 | LR: 0.099114
2026-02-20 21:46:24 KST | INFO |   Train Loss: 0.3197 | Test Loss: 0.0018 | Test Acc: 85.38%
2026-02-20 21:46:24 KST | INFO |   No improvement (1/30)
2026-02-20 21:46:24 KST | INFO | 
2026-02-20 21:46:24 KST | INFO | Epoch 14/200 | LR: 0.098961
2026-02-20 21:47:32 KST | INFO |   Train Loss: 0.3091 | Test Loss: 0.0017 | Test Acc: 85.36%
2026-02-20 21:47:32 KST | INFO |   No improvement (2/30)
2026-02-20 21:47:32 KST | INFO | 
2026-02-20 21:47:32 KST | INFO | Epoch 15/200 | LR: 0.098796
2026-02-20 21:48:47 KST | INFO |   Train Loss: 0.3004 | Test Loss: 0.0017 | Test Acc: 85.34%
2026-02-20 21:48:47 KST | INFO |   No improvement (3/30)
2026-02-20 21:48:47 KST | INFO | 
2026-02-20 21:48:47 KST | INFO | Epoch 16/200 | LR: 0.098619
2026-02-20 21:50:02 KST | INFO |   Train Loss: 0.2876 | Test Loss: 0.0017 | Test Acc: 84.78%
2026-02-20 21:50:02 KST | INFO |   No improvement (4/30)
2026-02-20 21:50:02 KST | INFO | 
2026-02-20 21:50:02 KST | INFO | Epoch 17/200 | LR: 0.098429
2026-02-20 21:51:10 KST | INFO |   Train Loss: 0.2801 | Test Loss: 0.0019 | Test Acc: 84.14%
2026-02-20 21:51:10 KST | INFO |   No improvement (5/30)
2026-02-20 21:51:10 KST | INFO | 
2026-02-20 21:51:10 KST | INFO | Epoch 18/200 | LR: 0.098228
2026-02-20 21:52:23 KST | INFO |   Train Loss: 0.2701 | Test Loss: 0.0017 | Test Acc: 85.14%
2026-02-20 21:52:23 KST | INFO |   No improvement (6/30)
2026-02-20 21:52:23 KST | INFO | 
2026-02-20 21:52:23 KST | INFO | Epoch 19/200 | LR: 0.098015
2026-02-20 21:53:37 KST | INFO |   Train Loss: 0.2594 | Test Loss: 0.0016 | Test Acc: 87.00%
2026-02-20 21:53:37 KST | INFO |   No improvement (7/30)
2026-02-20 21:53:37 KST | INFO | 
2026-02-20 21:53:37 KST | INFO | Epoch 20/200 | LR: 0.097790
2026-02-20 21:54:52 KST | INFO |   Train Loss: 0.2511 | Test Loss: 0.0013 | Test Acc: 88.90%
2026-02-20 21:54:52 KST | INFO |   🏆 New best accuracy: 88.90%
2026-02-20 21:54:52 KST | INFO | 
2026-02-20 21:54:52 KST | INFO | Epoch 21/200 | LR: 0.097553
2026-02-20 21:56:00 KST | INFO |   Train Loss: 0.2499 | Test Loss: 0.0014 | Test Acc: 87.18%
2026-02-20 21:56:00 KST | INFO |   No improvement (1/30)
2026-02-20 21:56:00 KST | INFO | 
2026-02-20 21:56:00 KST | INFO | Epoch 22/200 | LR: 0.097304
2026-02-20 21:57:15 KST | INFO |   Train Loss: 0.2476 | Test Loss: 0.0020 | Test Acc: 83.60%
2026-02-20 21:57:15 KST | INFO |   No improvement (2/30)
2026-02-20 21:57:15 KST | INFO | 
2026-02-20 21:57:15 KST | INFO | Epoch 23/200 | LR: 0.097044
2026-02-20 21:58:24 KST | INFO |   Train Loss: 0.2420 | Test Loss: 0.0014 | Test Acc: 87.56%
2026-02-20 21:58:24 KST | INFO |   No improvement (3/30)
2026-02-20 21:58:24 KST | INFO | 
2026-02-20 21:58:24 KST | INFO | Epoch 24/200 | LR: 0.096772
2026-02-20 21:59:37 KST | INFO |   Train Loss: 0.2289 | Test Loss: 0.0014 | Test Acc: 88.48%
2026-02-20 21:59:37 KST | INFO |   No improvement (4/30)
2026-02-20 21:59:37 KST | INFO | 
2026-02-20 21:59:37 KST | INFO | Epoch 25/200 | LR: 0.096489
2026-02-20 22:00:52 KST | INFO |   Train Loss: 0.2350 | Test Loss: 0.0013 | Test Acc: 88.44%
2026-02-20 22:00:52 KST | INFO |   No improvement (5/30)
2026-02-20 22:00:52 KST | INFO | 
2026-02-20 22:00:52 KST | INFO | Epoch 26/200 | LR: 0.096194
2026-02-20 22:02:00 KST | INFO |   Train Loss: 0.2234 | Test Loss: 0.0014 | Test Acc: 87.88%
2026-02-20 22:02:00 KST | INFO |   No improvement (6/30)
2026-02-20 22:02:00 KST | INFO | 
2026-02-20 22:02:00 KST | INFO | Epoch 27/200 | LR: 0.095888
2026-02-20 22:03:14 KST | INFO |   Train Loss: 0.2222 | Test Loss: 0.0016 | Test Acc: 85.38%
2026-02-20 22:03:14 KST | INFO |   No improvement (7/30)
2026-02-20 22:03:14 KST | INFO | 
2026-02-20 22:03:14 KST | INFO | Epoch 28/200 | LR: 0.095570
2026-02-20 22:04:22 KST | INFO |   Train Loss: 0.2174 | Test Loss: 0.0011 | Test Acc: 90.08%
2026-02-20 22:04:22 KST | INFO |   🏆 New best accuracy: 90.08%
2026-02-20 22:04:22 KST | INFO | 
2026-02-20 22:04:22 KST | INFO | Epoch 29/200 | LR: 0.095241
2026-02-20 22:05:36 KST | INFO |   Train Loss: 0.2145 | Test Loss: 0.0013 | Test Acc: 88.98%
2026-02-20 22:05:36 KST | INFO |   No improvement (1/30)
2026-02-20 22:05:36 KST | INFO | 
2026-02-20 22:05:36 KST | INFO | Epoch 30/200 | LR: 0.094901
2026-02-20 22:06:51 KST | INFO |   Train Loss: 0.2113 | Test Loss: 0.0015 | Test Acc: 86.96%
2026-02-20 22:06:51 KST | INFO |   No improvement (2/30)
2026-02-20 22:06:51 KST | INFO | 
2026-02-20 22:06:51 KST | INFO | Epoch 31/200 | LR: 0.094550
2026-02-20 22:08:04 KST | INFO |   Train Loss: 0.2035 | Test Loss: 0.0014 | Test Acc: 87.76%
2026-02-20 22:08:04 KST | INFO |   No improvement (3/30)
2026-02-20 22:08:04 KST | INFO | 
2026-02-20 22:08:04 KST | INFO | Epoch 32/200 | LR: 0.094188
2026-02-20 22:09:20 KST | INFO |   Train Loss: 0.2085 | Test Loss: 0.0014 | Test Acc: 87.74%
2026-02-20 22:09:20 KST | INFO |   No improvement (4/30)
2026-02-20 22:09:20 KST | INFO | 
2026-02-20 22:09:20 KST | INFO | Epoch 33/200 | LR: 0.093815
2026-02-20 22:10:28 KST | INFO |   Train Loss: 0.1965 | Test Loss: 0.0013 | Test Acc: 88.24%
2026-02-20 22:10:28 KST | INFO |   No improvement (5/30)
2026-02-20 22:10:28 KST | INFO | 
2026-02-20 22:10:28 KST | INFO | Epoch 34/200 | LR: 0.093432
2026-02-20 22:11:41 KST | INFO |   Train Loss: 0.1997 | Test Loss: 0.0013 | Test Acc: 89.20%
2026-02-20 22:11:41 KST | INFO |   No improvement (6/30)
2026-02-20 22:11:41 KST | INFO | 
2026-02-20 22:11:41 KST | INFO | Epoch 35/200 | LR: 0.093037
2026-02-20 22:12:49 KST | INFO |   Train Loss: 0.1949 | Test Loss: 0.0014 | Test Acc: 87.84%
2026-02-20 22:12:49 KST | INFO |   No improvement (7/30)
2026-02-20 22:12:49 KST | INFO | 
2026-02-20 22:12:49 KST | INFO | Epoch 36/200 | LR: 0.092632
2026-02-20 22:14:04 KST | INFO |   Train Loss: 0.1959 | Test Loss: 0.0012 | Test Acc: 89.24%
2026-02-20 22:14:04 KST | INFO |   No improvement (8/30)
2026-02-20 22:14:04 KST | INFO | 
2026-02-20 22:14:04 KST | INFO | Epoch 37/200 | LR: 0.092216
2026-02-20 22:15:17 KST | INFO |   Train Loss: 0.1855 | Test Loss: 0.0014 | Test Acc: 88.26%
2026-02-20 22:15:17 KST | INFO |   No improvement (9/30)
2026-02-20 22:15:17 KST | INFO | 
2026-02-20 22:15:17 KST | INFO | Epoch 38/200 | LR: 0.091790
2026-02-20 22:16:31 KST | INFO |   Train Loss: 0.1893 | Test Loss: 0.0014 | Test Acc: 88.54%
2026-02-20 22:16:31 KST | INFO |   No improvement (10/30)
2026-02-20 22:16:31 KST | INFO | 
2026-02-20 22:16:31 KST | INFO | Epoch 39/200 | LR: 0.091354
2026-02-20 22:17:40 KST | INFO |   Train Loss: 0.1790 | Test Loss: 0.0014 | Test Acc: 88.44%
2026-02-20 22:17:40 KST | INFO |   No improvement (11/30)
2026-02-20 22:17:40 KST | INFO | 
2026-02-20 22:17:40 KST | INFO | Epoch 40/200 | LR: 0.090908
2026-02-20 22:18:47 KST | INFO |   Train Loss: 0.1816 | Test Loss: 0.0015 | Test Acc: 86.56%
2026-02-20 22:18:47 KST | INFO |   No improvement (12/30)
2026-02-20 22:18:47 KST | INFO | 
2026-02-20 22:18:47 KST | INFO | Epoch 41/200 | LR: 0.090451
2026-02-20 22:20:04 KST | INFO |   Train Loss: 0.1794 | Test Loss: 0.0015 | Test Acc: 87.76%
2026-02-20 22:20:04 KST | INFO |   No improvement (13/30)
2026-02-20 22:20:04 KST | INFO | 
2026-02-20 22:20:04 KST | INFO | Epoch 42/200 | LR: 0.089984
2026-02-20 22:21:16 KST | INFO |   Train Loss: 0.1798 | Test Loss: 0.0013 | Test Acc: 88.18%
2026-02-20 22:21:16 KST | INFO |   No improvement (14/30)
2026-02-20 22:21:16 KST | INFO | 
2026-02-20 22:21:16 KST | INFO | Epoch 43/200 | LR: 0.089508
2026-02-20 22:22:23 KST | INFO |   Train Loss: 0.1756 | Test Loss: 0.0014 | Test Acc: 88.64%
2026-02-20 22:22:23 KST | INFO |   No improvement (15/30)
2026-02-20 22:22:23 KST | INFO | 
2026-02-20 22:22:23 KST | INFO | Epoch 44/200 | LR: 0.089022
2026-02-20 22:23:44 KST | INFO |   Train Loss: 0.1745 | Test Loss: 0.0012 | Test Acc: 89.78%
2026-02-20 22:23:44 KST | INFO |   No improvement (16/30)
2026-02-20 22:23:44 KST | INFO | 
2026-02-20 22:23:44 KST | INFO | Epoch 45/200 | LR: 0.088526
2026-02-20 22:24:52 KST | INFO |   Train Loss: 0.1694 | Test Loss: 0.0013 | Test Acc: 88.86%
2026-02-20 22:24:52 KST | INFO |   No improvement (17/30)
2026-02-20 22:24:52 KST | INFO | 
2026-02-20 22:24:52 KST | INFO | Epoch 46/200 | LR: 0.088020
2026-02-20 22:26:03 KST | INFO |   Train Loss: 0.1658 | Test Loss: 0.0014 | Test Acc: 87.68%
2026-02-20 22:26:03 KST | INFO |   No improvement (18/30)
2026-02-20 22:26:03 KST | INFO | 
2026-02-20 22:26:03 KST | INFO | Epoch 47/200 | LR: 0.087506
2026-02-20 22:27:20 KST | INFO |   Train Loss: 0.1687 | Test Loss: 0.0012 | Test Acc: 90.16%
2026-02-20 22:27:20 KST | INFO |   🏆 New best accuracy: 90.16%
2026-02-20 22:27:20 KST | INFO | 
2026-02-20 22:27:20 KST | INFO | Epoch 48/200 | LR: 0.086982
2026-02-20 22:28:28 KST | INFO |   Train Loss: 0.1658 | Test Loss: 0.0011 | Test Acc: 90.70%
2026-02-20 22:28:28 KST | INFO |   🏆 New best accuracy: 90.70%
2026-02-20 22:28:28 KST | INFO | 
2026-02-20 22:28:28 KST | INFO | Epoch 49/200 | LR: 0.086449
2026-02-20 22:29:35 KST | INFO |   Train Loss: 0.1622 | Test Loss: 0.0012 | Test Acc: 89.30%
2026-02-20 22:29:35 KST | INFO |   No improvement (1/30)
2026-02-20 22:29:35 KST | INFO | 
2026-02-20 22:29:35 KST | INFO | Epoch 50/200 | LR: 0.085906
2026-02-20 22:30:55 KST | INFO |   Train Loss: 0.1597 | Test Loss: 0.0013 | Test Acc: 89.76%
2026-02-20 22:30:55 KST | INFO |   No improvement (2/30)
2026-02-20 22:30:55 KST | INFO | 
2026-02-20 22:30:55 KST | INFO | Epoch 51/200 | LR: 0.085355
2026-02-20 22:32:04 KST | INFO |   Train Loss: 0.1621 | Test Loss: 0.0011 | Test Acc: 91.16%
2026-02-20 22:32:04 KST | INFO |   🏆 New best accuracy: 91.16%
2026-02-20 22:32:04 KST | INFO | 
2026-02-20 22:32:04 KST | INFO | Epoch 52/200 | LR: 0.084796
2026-02-20 22:33:12 KST | INFO |   Train Loss: 0.1553 | Test Loss: 0.0013 | Test Acc: 89.44%
2026-02-20 22:33:12 KST | INFO |   No improvement (1/30)
2026-02-20 22:33:12 KST | INFO | 
2026-02-20 22:33:12 KST | INFO | Epoch 53/200 | LR: 0.084228
2026-02-20 22:34:37 KST | INFO |   Train Loss: 0.1552 | Test Loss: 0.0013 | Test Acc: 88.74%
2026-02-20 22:34:37 KST | INFO |   No improvement (2/30)
2026-02-20 22:34:37 KST | INFO | 
2026-02-20 22:34:37 KST | INFO | Epoch 54/200 | LR: 0.083651
2026-02-20 22:35:45 KST | INFO |   Train Loss: 0.1523 | Test Loss: 0.0011 | Test Acc: 90.12%
2026-02-20 22:35:45 KST | INFO |   No improvement (3/30)
2026-02-20 22:35:45 KST | INFO | 
2026-02-20 22:35:45 KST | INFO | Epoch 55/200 | LR: 0.083066
2026-02-20 22:36:53 KST | INFO |   Train Loss: 0.1463 | Test Loss: 0.0013 | Test Acc: 89.08%
2026-02-20 22:36:53 KST | INFO |   No improvement (4/30)
2026-02-20 22:36:53 KST | INFO | 
2026-02-20 22:36:53 KST | INFO | Epoch 56/200 | LR: 0.082473
2026-02-20 22:38:02 KST | INFO |   Train Loss: 0.1516 | Test Loss: 0.0014 | Test Acc: 88.58%
2026-02-20 22:38:02 KST | INFO |   No improvement (5/30)
2026-02-20 22:38:02 KST | INFO | 
2026-02-20 22:38:02 KST | INFO | Epoch 57/200 | LR: 0.081871
2026-02-20 22:39:22 KST | INFO |   Train Loss: 0.1461 | Test Loss: 0.0017 | Test Acc: 86.16%
2026-02-20 22:39:22 KST | INFO |   No improvement (6/30)
2026-02-20 22:39:22 KST | INFO | 
2026-02-20 22:39:22 KST | INFO | Epoch 58/200 | LR: 0.081262
2026-02-20 22:40:30 KST | INFO |   Train Loss: 0.1479 | Test Loss: 0.0011 | Test Acc: 90.90%
2026-02-20 22:40:30 KST | INFO |   No improvement (7/30)
2026-02-20 22:40:30 KST | INFO | 
2026-02-20 22:40:30 KST | INFO | Epoch 59/200 | LR: 0.080646
2026-02-20 22:41:45 KST | INFO |   Train Loss: 0.1427 | Test Loss: 0.0011 | Test Acc: 90.22%
2026-02-20 22:41:45 KST | INFO |   No improvement (8/30)
2026-02-20 22:41:45 KST | INFO | 
2026-02-20 22:41:45 KST | INFO | Epoch 60/200 | LR: 0.080021
2026-02-20 22:43:00 KST | INFO |   Train Loss: 0.1443 | Test Loss: 0.0011 | Test Acc: 90.18%
2026-02-20 22:43:00 KST | INFO |   No improvement (9/30)
2026-02-20 22:43:00 KST | INFO | 
2026-02-20 22:43:00 KST | INFO | Epoch 61/200 | LR: 0.079389
2026-02-20 22:44:08 KST | INFO |   Train Loss: 0.1387 | Test Loss: 0.0016 | Test Acc: 86.44%
2026-02-20 22:44:08 KST | INFO |   No improvement (10/30)
2026-02-20 22:44:08 KST | INFO | 
2026-02-20 22:44:08 KST | INFO | Epoch 62/200 | LR: 0.078750
2026-02-20 22:45:24 KST | INFO |   Train Loss: 0.1406 | Test Loss: 0.0011 | Test Acc: 90.40%
2026-02-20 22:45:24 KST | INFO |   No improvement (11/30)
2026-02-20 22:45:24 KST | INFO | 
2026-02-20 22:45:24 KST | INFO | Epoch 63/200 | LR: 0.078104
2026-02-20 22:46:39 KST | INFO |   Train Loss: 0.1382 | Test Loss: 0.0016 | Test Acc: 87.56%
2026-02-20 22:46:39 KST | INFO |   No improvement (12/30)
2026-02-20 22:46:39 KST | INFO | 
2026-02-20 22:46:39 KST | INFO | Epoch 64/200 | LR: 0.077451
2026-02-20 22:47:47 KST | INFO |   Train Loss: 0.1370 | Test Loss: 0.0011 | Test Acc: 90.20%
2026-02-20 22:47:47 KST | INFO |   No improvement (13/30)
2026-02-20 22:47:47 KST | INFO | 
2026-02-20 22:47:47 KST | INFO | Epoch 65/200 | LR: 0.076792
2026-02-20 22:49:00 KST | INFO |   Train Loss: 0.1357 | Test Loss: 0.0011 | Test Acc: 90.54%
2026-02-20 22:49:00 KST | INFO |   No improvement (14/30)
2026-02-20 22:49:00 KST | INFO | 
2026-02-20 22:49:00 KST | INFO | Epoch 66/200 | LR: 0.076125
2026-02-20 22:50:16 KST | INFO |   Train Loss: 0.1316 | Test Loss: 0.0010 | Test Acc: 91.80%
2026-02-20 22:50:16 KST | INFO |   🏆 New best accuracy: 91.80%
2026-02-20 22:50:16 KST | INFO | 
2026-02-20 22:50:16 KST | INFO | Epoch 67/200 | LR: 0.075452
2026-02-20 22:51:24 KST | INFO |   Train Loss: 0.1281 | Test Loss: 0.0011 | Test Acc: 90.82%
2026-02-20 22:51:24 KST | INFO |   No improvement (1/30)
2026-02-20 22:51:24 KST | INFO | 
2026-02-20 22:51:24 KST | INFO | Epoch 68/200 | LR: 0.074773
2026-02-20 22:52:38 KST | INFO |   Train Loss: 0.1317 | Test Loss: 0.0010 | Test Acc: 91.34%
2026-02-20 22:52:38 KST | INFO |   No improvement (2/30)
2026-02-20 22:52:38 KST | INFO | 
2026-02-20 22:52:38 KST | INFO | Epoch 69/200 | LR: 0.074088
2026-02-20 22:53:49 KST | INFO |   Train Loss: 0.1296 | Test Loss: 0.0013 | Test Acc: 88.54%
2026-02-20 22:53:49 KST | INFO |   No improvement (3/30)
2026-02-20 22:53:49 KST | INFO | 
2026-02-20 22:53:49 KST | INFO | Epoch 70/200 | LR: 0.073397
2026-02-20 22:54:58 KST | INFO |   Train Loss: 0.1266 | Test Loss: 0.0013 | Test Acc: 89.92%
2026-02-20 22:54:58 KST | INFO |   No improvement (4/30)
2026-02-20 22:54:58 KST | INFO | 
2026-02-20 22:54:58 KST | INFO | Epoch 71/200 | LR: 0.072700
2026-02-20 22:56:13 KST | INFO |   Train Loss: 0.1223 | Test Loss: 0.0013 | Test Acc: 88.66%
2026-02-20 22:56:13 KST | INFO |   No improvement (5/30)
2026-02-20 22:56:13 KST | INFO | 
2026-02-20 22:56:13 KST | INFO | Epoch 72/200 | LR: 0.071997
2026-02-20 22:57:28 KST | INFO |   Train Loss: 0.1237 | Test Loss: 0.0010 | Test Acc: 91.42%
2026-02-20 22:57:28 KST | INFO |   No improvement (6/30)
2026-02-20 22:57:28 KST | INFO | 
2026-02-20 22:57:28 KST | INFO | Epoch 73/200 | LR: 0.071289
2026-02-20 22:58:39 KST | INFO |   Train Loss: 0.1185 | Test Loss: 0.0015 | Test Acc: 87.68%
2026-02-20 22:58:39 KST | INFO |   No improvement (7/30)
2026-02-20 22:58:39 KST | INFO | 
2026-02-20 22:58:39 KST | INFO | Epoch 74/200 | LR: 0.070576
2026-02-20 22:59:48 KST | INFO |   Train Loss: 0.1213 | Test Loss: 0.0012 | Test Acc: 90.34%
2026-02-20 22:59:48 KST | INFO |   No improvement (8/30)
2026-02-20 22:59:48 KST | INFO | 
2026-02-20 22:59:48 KST | INFO | Epoch 75/200 | LR: 0.069858
2026-02-20 23:01:02 KST | INFO |   Train Loss: 0.1187 | Test Loss: 0.0011 | Test Acc: 90.54%
2026-02-20 23:01:02 KST | INFO |   No improvement (9/30)
2026-02-20 23:01:02 KST | INFO | 
2026-02-20 23:01:02 KST | INFO | Epoch 76/200 | LR: 0.069134
2026-02-20 23:02:17 KST | INFO |   Train Loss: 0.1177 | Test Loss: 0.0012 | Test Acc: 89.82%
2026-02-20 23:02:17 KST | INFO |   No improvement (10/30)
2026-02-20 23:02:17 KST | INFO | 
2026-02-20 23:02:17 KST | INFO | Epoch 77/200 | LR: 0.068407
2026-02-20 23:03:25 KST | INFO |   Train Loss: 0.1108 | Test Loss: 0.0013 | Test Acc: 89.88%
2026-02-20 23:03:25 KST | INFO |   No improvement (11/30)
2026-02-20 23:03:25 KST | INFO | 
2026-02-20 23:03:25 KST | INFO | Epoch 78/200 | LR: 0.067674
2026-02-20 23:04:40 KST | INFO |   Train Loss: 0.1121 | Test Loss: 0.0012 | Test Acc: 90.12%
2026-02-20 23:04:40 KST | INFO |   No improvement (12/30)
2026-02-20 23:04:40 KST | INFO | 
2026-02-20 23:04:40 KST | INFO | Epoch 79/200 | LR: 0.066937
2026-02-20 23:05:55 KST | INFO |   Train Loss: 0.1187 | Test Loss: 0.0015 | Test Acc: 87.90%
2026-02-20 23:05:55 KST | INFO |   No improvement (13/30)
2026-02-20 23:05:55 KST | INFO | 
2026-02-20 23:05:55 KST | INFO | Epoch 80/200 | LR: 0.066196
2026-02-20 23:07:03 KST | INFO |   Train Loss: 0.1122 | Test Loss: 0.0011 | Test Acc: 90.72%
2026-02-20 23:07:03 KST | INFO |   No improvement (14/30)
2026-02-20 23:07:03 KST | INFO | 
2026-02-20 23:07:03 KST | INFO | Epoch 81/200 | LR: 0.065451
2026-02-20 23:08:17 KST | INFO |   Train Loss: 0.1103 | Test Loss: 0.0013 | Test Acc: 88.82%
2026-02-20 23:08:17 KST | INFO |   No improvement (15/30)
2026-02-20 23:08:17 KST | INFO | 
2026-02-20 23:08:17 KST | INFO | Epoch 82/200 | LR: 0.064702
2026-02-20 23:09:32 KST | INFO |   Train Loss: 0.1112 | Test Loss: 0.0010 | Test Acc: 91.30%
2026-02-20 23:09:32 KST | INFO |   No improvement (16/30)
2026-02-20 23:09:32 KST | INFO | 
2026-02-20 23:09:32 KST | INFO | Epoch 83/200 | LR: 0.063950
2026-02-20 23:10:41 KST | INFO |   Train Loss: 0.1012 | Test Loss: 0.0010 | Test Acc: 91.20%
2026-02-20 23:10:41 KST | INFO |   No improvement (17/30)
2026-02-20 23:10:41 KST | INFO | 
2026-02-20 23:10:41 KST | INFO | Epoch 84/200 | LR: 0.063194
2026-02-20 23:11:55 KST | INFO |   Train Loss: 0.1006 | Test Loss: 0.0010 | Test Acc: 92.02%
2026-02-20 23:11:55 KST | INFO |   🏆 New best accuracy: 92.02%
2026-02-20 23:11:55 KST | INFO | 
2026-02-20 23:11:55 KST | INFO | Epoch 85/200 | LR: 0.062435
2026-02-20 23:13:10 KST | INFO |   Train Loss: 0.0979 | Test Loss: 0.0009 | Test Acc: 92.30%
2026-02-20 23:13:10 KST | INFO |   🏆 New best accuracy: 92.30%
2026-02-20 23:13:10 KST | INFO | 
2026-02-20 23:13:10 KST | INFO | Epoch 86/200 | LR: 0.061673
2026-02-20 23:14:17 KST | INFO |   Train Loss: 0.0997 | Test Loss: 0.0013 | Test Acc: 88.88%
2026-02-20 23:14:17 KST | INFO |   No improvement (1/30)
2026-02-20 23:14:17 KST | INFO | 
2026-02-20 23:14:17 KST | INFO | Epoch 87/200 | LR: 0.060908
2026-02-20 23:15:34 KST | INFO |   Train Loss: 0.0970 | Test Loss: 0.0009 | Test Acc: 91.78%
2026-02-20 23:15:34 KST | INFO |   No improvement (2/30)
2026-02-20 23:15:34 KST | INFO | 
2026-02-20 23:15:34 KST | INFO | Epoch 88/200 | LR: 0.060140
2026-02-20 23:16:47 KST | INFO |   Train Loss: 0.0960 | Test Loss: 0.0011 | Test Acc: 90.62%
2026-02-20 23:16:47 KST | INFO |   No improvement (3/30)
2026-02-20 23:16:47 KST | INFO | 
2026-02-20 23:16:47 KST | INFO | Epoch 89/200 | LR: 0.059369
2026-02-20 23:18:01 KST | INFO |   Train Loss: 0.0922 | Test Loss: 0.0012 | Test Acc: 90.46%
2026-02-20 23:18:01 KST | INFO |   No improvement (4/30)
2026-02-20 23:18:01 KST | INFO | 
2026-02-20 23:18:01 KST | INFO | Epoch 90/200 | LR: 0.058597
2026-02-20 23:19:09 KST | INFO |   Train Loss: 0.0906 | Test Loss: 0.0011 | Test Acc: 90.92%
2026-02-20 23:19:09 KST | INFO |   No improvement (5/30)
2026-02-20 23:19:09 KST | INFO | 
2026-02-20 23:19:09 KST | INFO | Epoch 91/200 | LR: 0.057822
2026-02-20 23:20:31 KST | INFO |   Train Loss: 0.0885 | Test Loss: 0.0010 | Test Acc: 91.20%
2026-02-20 23:20:31 KST | INFO |   No improvement (6/30)
2026-02-20 23:20:31 KST | INFO | 
2026-02-20 23:20:31 KST | INFO | Epoch 92/200 | LR: 0.057045
2026-02-20 23:21:38 KST | INFO |   Train Loss: 0.0919 | Test Loss: 0.0010 | Test Acc: 91.56%
2026-02-20 23:21:38 KST | INFO |   No improvement (7/30)
2026-02-20 23:21:38 KST | INFO | 
2026-02-20 23:21:38 KST | INFO | Epoch 93/200 | LR: 0.056267
2026-02-20 23:22:52 KST | INFO |   Train Loss: 0.0887 | Test Loss: 0.0013 | Test Acc: 89.20%
2026-02-20 23:22:52 KST | INFO |   No improvement (8/30)
2026-02-20 23:22:52 KST | INFO | 
2026-02-20 23:22:52 KST | INFO | Epoch 94/200 | LR: 0.055487
2026-02-20 23:24:07 KST | INFO |   Train Loss: 0.0880 | Test Loss: 0.0013 | Test Acc: 89.68%
2026-02-20 23:24:07 KST | INFO |   No improvement (9/30)
2026-02-20 23:24:07 KST | INFO | 
2026-02-20 23:24:07 KST | INFO | Epoch 95/200 | LR: 0.054706
2026-02-20 23:25:15 KST | INFO |   Train Loss: 0.0847 | Test Loss: 0.0012 | Test Acc: 90.20%
2026-02-20 23:25:15 KST | INFO |   No improvement (10/30)
2026-02-20 23:25:15 KST | INFO | 
2026-02-20 23:25:15 KST | INFO | Epoch 96/200 | LR: 0.053923
2026-02-20 23:26:30 KST | INFO |   Train Loss: 0.0893 | Test Loss: 0.0012 | Test Acc: 90.76%
2026-02-20 23:26:30 KST | INFO |   No improvement (11/30)
2026-02-20 23:26:30 KST | INFO | 
2026-02-20 23:26:30 KST | INFO | Epoch 97/200 | LR: 0.053140
2026-02-20 23:27:38 KST | INFO |   Train Loss: 0.0797 | Test Loss: 0.0011 | Test Acc: 91.68%
2026-02-20 23:27:38 KST | INFO |   No improvement (12/30)
2026-02-20 23:27:38 KST | INFO | 
2026-02-20 23:27:38 KST | INFO | Epoch 98/200 | LR: 0.052356
2026-02-20 23:28:53 KST | INFO |   Train Loss: 0.0848 | Test Loss: 0.0012 | Test Acc: 90.72%
2026-02-20 23:28:53 KST | INFO |   No improvement (13/30)
2026-02-20 23:28:53 KST | INFO | 
2026-02-20 23:28:53 KST | INFO | Epoch 99/200 | LR: 0.051571
2026-02-20 23:30:08 KST | INFO |   Train Loss: 0.0795 | Test Loss: 0.0012 | Test Acc: 90.96%
2026-02-20 23:30:08 KST | INFO |   No improvement (14/30)
2026-02-20 23:30:08 KST | INFO | 
2026-02-20 23:30:08 KST | INFO | Epoch 100/200 | LR: 0.050786
2026-02-20 23:31:16 KST | INFO |   Train Loss: 0.0776 | Test Loss: 0.0012 | Test Acc: 90.46%
2026-02-20 23:31:16 KST | INFO |   No improvement (15/30)
2026-02-20 23:31:16 KST | INFO | 
2026-02-20 23:31:16 KST | INFO | Epoch 101/200 | LR: 0.050001
2026-02-20 23:32:34 KST | INFO |   Train Loss: 0.0759 | Test Loss: 0.0009 | Test Acc: 92.36%
2026-02-20 23:32:34 KST | INFO |   🏆 New best accuracy: 92.36%
2026-02-20 23:32:34 KST | INFO | 
2026-02-20 23:32:34 KST | INFO | Epoch 102/200 | LR: 0.049215
2026-02-20 23:33:45 KST | INFO |   Train Loss: 0.0741 | Test Loss: 0.0011 | Test Acc: 90.70%
2026-02-20 23:33:45 KST | INFO |   No improvement (1/30)
2026-02-20 23:33:45 KST | INFO | 
2026-02-20 23:33:45 KST | INFO | Epoch 103/200 | LR: 0.048430
2026-02-20 23:34:53 KST | INFO |   Train Loss: 0.0735 | Test Loss: 0.0011 | Test Acc: 92.04%
2026-02-20 23:34:53 KST | INFO |   No improvement (2/30)
2026-02-20 23:34:53 KST | INFO | 
2026-02-20 23:34:53 KST | INFO | Epoch 104/200 | LR: 0.047645
2026-02-20 23:36:07 KST | INFO |   Train Loss: 0.0705 | Test Loss: 0.0012 | Test Acc: 89.80%
2026-02-20 23:36:07 KST | INFO |   No improvement (3/30)
2026-02-20 23:36:07 KST | INFO | 
2026-02-20 23:36:07 KST | INFO | Epoch 105/200 | LR: 0.046861
2026-02-20 23:37:22 KST | INFO |   Train Loss: 0.0655 | Test Loss: 0.0011 | Test Acc: 91.68%
2026-02-20 23:37:22 KST | INFO |   No improvement (4/30)
2026-02-20 23:37:22 KST | INFO | 
2026-02-20 23:37:22 KST | INFO | Epoch 106/200 | LR: 0.046078
2026-02-20 23:38:30 KST | INFO |   Train Loss: 0.0683 | Test Loss: 0.0012 | Test Acc: 90.88%
2026-02-20 23:38:30 KST | INFO |   No improvement (5/30)
2026-02-20 23:38:30 KST | INFO | 
2026-02-20 23:38:30 KST | INFO | Epoch 107/200 | LR: 0.045295
2026-02-20 23:39:38 KST | INFO |   Train Loss: 0.0676 | Test Loss: 0.0012 | Test Acc: 90.60%
2026-02-20 23:39:38 KST | INFO |   No improvement (6/30)
2026-02-20 23:39:38 KST | INFO | 
2026-02-20 23:39:38 KST | INFO | Epoch 108/200 | LR: 0.044514
2026-02-20 23:41:04 KST | INFO |   Train Loss: 0.0655 | Test Loss: 0.0011 | Test Acc: 91.90%
2026-02-20 23:41:04 KST | INFO |   No improvement (7/30)
2026-02-20 23:41:04 KST | INFO | 
2026-02-20 23:41:04 KST | INFO | Epoch 109/200 | LR: 0.043734
2026-02-20 23:42:12 KST | INFO |   Train Loss: 0.0619 | Test Loss: 0.0013 | Test Acc: 90.20%
2026-02-20 23:42:12 KST | INFO |   No improvement (8/30)
2026-02-20 23:42:12 KST | INFO | 
2026-02-20 23:42:12 KST | INFO | Epoch 110/200 | LR: 0.042956
2026-02-20 23:43:26 KST | INFO |   Train Loss: 0.0636 | Test Loss: 0.0011 | Test Acc: 91.74%
2026-02-20 23:43:26 KST | INFO |   No improvement (9/30)
2026-02-20 23:43:26 KST | INFO | 
2026-02-20 23:43:26 KST | INFO | Epoch 111/200 | LR: 0.042179
2026-02-20 23:44:42 KST | INFO |   Train Loss: 0.0601 | Test Loss: 0.0012 | Test Acc: 90.98%
2026-02-20 23:44:42 KST | INFO |   No improvement (10/30)
2026-02-20 23:44:42 KST | INFO | 
2026-02-20 23:44:42 KST | INFO | Epoch 112/200 | LR: 0.041404
2026-02-20 23:45:50 KST | INFO |   Train Loss: 0.0610 | Test Loss: 0.0010 | Test Acc: 91.90%
2026-02-20 23:45:50 KST | INFO |   No improvement (11/30)
2026-02-20 23:45:50 KST | INFO | 
2026-02-20 23:45:50 KST | INFO | Epoch 113/200 | LR: 0.040632
2026-02-20 23:46:58 KST | INFO |   Train Loss: 0.0573 | Test Loss: 0.0009 | Test Acc: 92.72%
2026-02-20 23:46:58 KST | INFO |   🏆 New best accuracy: 92.72%
2026-02-20 23:46:58 KST | INFO | 
2026-02-20 23:46:58 KST | INFO | Epoch 114/200 | LR: 0.039861
2026-02-20 23:48:18 KST | INFO |   Train Loss: 0.0583 | Test Loss: 0.0011 | Test Acc: 92.00%
2026-02-20 23:48:18 KST | INFO |   No improvement (1/30)
2026-02-20 23:48:18 KST | INFO | 
2026-02-20 23:48:18 KST | INFO | Epoch 115/200 | LR: 0.039093
2026-02-20 23:49:27 KST | INFO |   Train Loss: 0.0545 | Test Loss: 0.0013 | Test Acc: 89.42%
2026-02-20 23:49:27 KST | INFO |   No improvement (2/30)
2026-02-20 23:49:27 KST | INFO | 
2026-02-20 23:49:27 KST | INFO | Epoch 116/200 | LR: 0.038328
2026-02-20 23:50:35 KST | INFO |   Train Loss: 0.0564 | Test Loss: 0.0012 | Test Acc: 90.50%
2026-02-20 23:50:35 KST | INFO |   No improvement (3/30)
2026-02-20 23:50:35 KST | INFO | 
2026-02-20 23:50:35 KST | INFO | Epoch 117/200 | LR: 0.037566
2026-02-20 23:51:49 KST | INFO |   Train Loss: 0.0531 | Test Loss: 0.0013 | Test Acc: 90.32%
2026-02-20 23:51:49 KST | INFO |   No improvement (4/30)
2026-02-20 23:51:49 KST | INFO | 
2026-02-20 23:51:49 KST | INFO | Epoch 118/200 | LR: 0.036807
2026-02-20 23:53:04 KST | INFO |   Train Loss: 0.0509 | Test Loss: 0.0012 | Test Acc: 90.50%
2026-02-20 23:53:04 KST | INFO |   No improvement (5/30)
2026-02-20 23:53:04 KST | INFO | 
2026-02-20 23:53:04 KST | INFO | Epoch 119/200 | LR: 0.036051
2026-02-20 23:54:12 KST | INFO |   Train Loss: 0.0501 | Test Loss: 0.0011 | Test Acc: 91.64%
2026-02-20 23:54:12 KST | INFO |   No improvement (6/30)
2026-02-20 23:54:12 KST | INFO | 
2026-02-20 23:54:12 KST | INFO | Epoch 120/200 | LR: 0.035299
2026-02-20 23:55:33 KST | INFO |   Train Loss: 0.0505 | Test Loss: 0.0012 | Test Acc: 91.28%
2026-02-20 23:55:33 KST | INFO |   No improvement (7/30)
2026-02-20 23:55:33 KST | INFO | 
2026-02-20 23:55:33 KST | INFO | Epoch 121/200 | LR: 0.034550
2026-02-20 23:56:41 KST | INFO |   Train Loss: 0.0457 | Test Loss: 0.0010 | Test Acc: 91.68%
2026-02-20 23:56:41 KST | INFO |   No improvement (8/30)
2026-02-20 23:56:41 KST | INFO | 
2026-02-20 23:56:41 KST | INFO | Epoch 122/200 | LR: 0.033805
2026-02-20 23:57:49 KST | INFO |   Train Loss: 0.0458 | Test Loss: 0.0010 | Test Acc: 92.34%
2026-02-20 23:57:49 KST | INFO |   No improvement (9/30)
2026-02-20 23:57:49 KST | INFO | 
2026-02-20 23:57:49 KST | INFO | Epoch 123/200 | LR: 0.033064
2026-02-20 23:59:03 KST | INFO |   Train Loss: 0.0438 | Test Loss: 0.0010 | Test Acc: 92.04%
2026-02-20 23:59:03 KST | INFO |   No improvement (10/30)
2026-02-20 23:59:03 KST | INFO | 
2026-02-20 23:59:03 KST | INFO | Epoch 124/200 | LR: 0.032327
2026-02-21 00:00:18 KST | INFO |   Train Loss: 0.0447 | Test Loss: 0.0015 | Test Acc: 88.84%
2026-02-21 00:00:18 KST | INFO |   No improvement (11/30)
2026-02-21 00:00:18 KST | INFO | 
2026-02-21 00:00:18 KST | INFO | Epoch 125/200 | LR: 0.031594
2026-02-21 00:01:27 KST | INFO |   Train Loss: 0.0453 | Test Loss: 0.0011 | Test Acc: 92.32%
2026-02-21 00:01:27 KST | INFO |   No improvement (12/30)
2026-02-21 00:01:27 KST | INFO | 
2026-02-21 00:01:27 KST | INFO | Epoch 126/200 | LR: 0.030867
2026-02-21 00:02:34 KST | INFO |   Train Loss: 0.0401 | Test Loss: 0.0011 | Test Acc: 91.66%
2026-02-21 00:02:34 KST | INFO |   No improvement (13/30)
2026-02-21 00:02:34 KST | INFO | 
2026-02-21 00:02:34 KST | INFO | Epoch 127/200 | LR: 0.030143
2026-02-21 00:03:55 KST | INFO |   Train Loss: 0.0394 | Test Loss: 0.0009 | Test Acc: 93.00%
2026-02-21 00:03:55 KST | INFO |   🏆 New best accuracy: 93.00%
2026-02-21 00:03:55 KST | INFO | 
2026-02-21 00:03:55 KST | INFO | Epoch 128/200 | LR: 0.029425
2026-02-21 00:05:03 KST | INFO |   Train Loss: 0.0386 | Test Loss: 0.0010 | Test Acc: 92.70%
2026-02-21 00:05:03 KST | INFO |   No improvement (1/30)
2026-02-21 00:05:03 KST | INFO | 
2026-02-21 00:05:03 KST | INFO | Epoch 129/200 | LR: 0.028712
2026-02-21 00:06:11 KST | INFO |   Train Loss: 0.0368 | Test Loss: 0.0012 | Test Acc: 91.62%
2026-02-21 00:06:11 KST | INFO |   No improvement (2/30)
2026-02-21 00:06:11 KST | INFO | 
2026-02-21 00:06:11 KST | INFO | Epoch 130/200 | LR: 0.028004
2026-02-21 00:07:32 KST | INFO |   Train Loss: 0.0354 | Test Loss: 0.0011 | Test Acc: 92.00%
2026-02-21 00:07:32 KST | INFO |   No improvement (3/30)
2026-02-21 00:07:32 KST | INFO | 
2026-02-21 00:07:32 KST | INFO | Epoch 131/200 | LR: 0.027301
2026-02-21 00:08:39 KST | INFO |   Train Loss: 0.0328 | Test Loss: 0.0010 | Test Acc: 92.48%
2026-02-21 00:08:39 KST | INFO |   No improvement (4/30)
2026-02-21 00:08:39 KST | INFO | 
2026-02-21 00:08:39 KST | INFO | Epoch 132/200 | LR: 0.026604
2026-02-21 00:09:54 KST | INFO |   Train Loss: 0.0320 | Test Loss: 0.0013 | Test Acc: 90.10%
2026-02-21 00:09:54 KST | INFO |   No improvement (5/30)
2026-02-21 00:09:54 KST | INFO | 
2026-02-21 00:09:54 KST | INFO | Epoch 133/200 | LR: 0.025913
2026-02-21 00:11:08 KST | INFO |   Train Loss: 0.0288 | Test Loss: 0.0014 | Test Acc: 90.80%
2026-02-21 00:11:08 KST | INFO |   No improvement (6/30)
2026-02-21 00:11:08 KST | INFO | 
2026-02-21 00:11:08 KST | INFO | Epoch 134/200 | LR: 0.025228
2026-02-21 00:12:17 KST | INFO |   Train Loss: 0.0317 | Test Loss: 0.0009 | Test Acc: 93.50%
2026-02-21 00:12:17 KST | INFO |   🏆 New best accuracy: 93.50%
2026-02-21 00:12:17 KST | INFO | 
2026-02-21 00:12:17 KST | INFO | Epoch 135/200 | LR: 0.024549
2026-02-21 00:13:25 KST | INFO |   Train Loss: 0.0299 | Test Loss: 0.0012 | Test Acc: 91.90%
2026-02-21 00:13:25 KST | INFO |   No improvement (1/30)
2026-02-21 00:13:25 KST | INFO | 
2026-02-21 00:13:25 KST | INFO | Epoch 136/200 | LR: 0.023876
2026-02-21 00:14:46 KST | INFO |   Train Loss: 0.0318 | Test Loss: 0.0010 | Test Acc: 92.96%
2026-02-21 00:14:46 KST | INFO |   No improvement (2/30)
2026-02-21 00:14:46 KST | INFO | 
2026-02-21 00:14:46 KST | INFO | Epoch 137/200 | LR: 0.023209
2026-02-21 00:15:54 KST | INFO |   Train Loss: 0.0291 | Test Loss: 0.0009 | Test Acc: 93.06%
2026-02-21 00:15:54 KST | INFO |   No improvement (3/30)
2026-02-21 00:15:54 KST | INFO | 
2026-02-21 00:15:54 KST | INFO | Epoch 138/200 | LR: 0.022550
2026-02-21 00:17:02 KST | INFO |   Train Loss: 0.0313 | Test Loss: 0.0009 | Test Acc: 93.36%
2026-02-21 00:17:02 KST | INFO |   No improvement (4/30)
2026-02-21 00:17:02 KST | INFO | 
2026-02-21 00:17:02 KST | INFO | Epoch 139/200 | LR: 0.021897
2026-02-21 00:18:25 KST | INFO |   Train Loss: 0.0263 | Test Loss: 0.0010 | Test Acc: 92.92%
2026-02-21 00:18:25 KST | INFO |   No improvement (5/30)
2026-02-21 00:18:25 KST | INFO | 
2026-02-21 00:18:25 KST | INFO | Epoch 140/200 | LR: 0.021251
2026-02-21 00:19:33 KST | INFO |   Train Loss: 0.0256 | Test Loss: 0.0009 | Test Acc: 93.18%
2026-02-21 00:19:33 KST | INFO |   No improvement (6/30)
2026-02-21 00:19:33 KST | INFO | 
2026-02-21 00:19:33 KST | INFO | Epoch 141/200 | LR: 0.020612
2026-02-21 00:20:41 KST | INFO |   Train Loss: 0.0237 | Test Loss: 0.0009 | Test Acc: 93.48%
2026-02-21 00:20:41 KST | INFO |   No improvement (7/30)
2026-02-21 00:20:41 KST | INFO | 
2026-02-21 00:20:41 KST | INFO | Epoch 142/200 | LR: 0.019980
2026-02-21 00:22:08 KST | INFO |   Train Loss: 0.0253 | Test Loss: 0.0011 | Test Acc: 92.02%
2026-02-21 00:22:08 KST | INFO |   No improvement (8/30)
2026-02-21 00:22:08 KST | INFO | 
2026-02-21 00:22:08 KST | INFO | Epoch 143/200 | LR: 0.019355
2026-02-21 00:23:17 KST | INFO |   Train Loss: 0.0227 | Test Loss: 0.0010 | Test Acc: 92.86%
2026-02-21 00:23:17 KST | INFO |   No improvement (9/30)
2026-02-21 00:23:17 KST | INFO | 
2026-02-21 00:23:17 KST | INFO | Epoch 144/200 | LR: 0.018739
2026-02-21 00:24:25 KST | INFO |   Train Loss: 0.0238 | Test Loss: 0.0009 | Test Acc: 92.90%
2026-02-21 00:24:25 KST | INFO |   No improvement (10/30)
2026-02-21 00:24:25 KST | INFO | 
2026-02-21 00:24:25 KST | INFO | Epoch 145/200 | LR: 0.018130
2026-02-21 00:25:39 KST | INFO |   Train Loss: 0.0211 | Test Loss: 0.0011 | Test Acc: 92.32%
2026-02-21 00:25:39 KST | INFO |   No improvement (11/30)
2026-02-21 00:25:39 KST | INFO | 
2026-02-21 00:25:39 KST | INFO | Epoch 146/200 | LR: 0.017528
2026-02-21 00:26:54 KST | INFO |   Train Loss: 0.0211 | Test Loss: 0.0011 | Test Acc: 92.30%
2026-02-21 00:26:54 KST | INFO |   No improvement (12/30)
2026-02-21 00:26:54 KST | INFO | 
2026-02-21 00:26:54 KST | INFO | Epoch 147/200 | LR: 0.016935
2026-02-21 00:28:07 KST | INFO |   Train Loss: 0.0207 | Test Loss: 0.0009 | Test Acc: 93.42%
2026-02-21 00:28:07 KST | INFO |   No improvement (13/30)
2026-02-21 00:28:07 KST | INFO | 
2026-02-21 00:28:07 KST | INFO | Epoch 148/200 | LR: 0.016350
2026-02-21 00:29:15 KST | INFO |   Train Loss: 0.0183 | Test Loss: 0.0012 | Test Acc: 92.16%
2026-02-21 00:29:15 KST | INFO |   No improvement (14/30)
2026-02-21 00:29:15 KST | INFO | 
2026-02-21 00:29:15 KST | INFO | Epoch 149/200 | LR: 0.015773
2026-02-21 00:30:30 KST | INFO |   Train Loss: 0.0191 | Test Loss: 0.0009 | Test Acc: 93.44%
2026-02-21 00:30:30 KST | INFO |   No improvement (15/30)
2026-02-21 00:30:30 KST | INFO | 
2026-02-21 00:30:30 KST | INFO | Epoch 150/200 | LR: 0.015205
2026-02-21 00:31:44 KST | INFO |   Train Loss: 0.0186 | Test Loss: 0.0010 | Test Acc: 93.12%
2026-02-21 00:31:44 KST | INFO |   No improvement (16/30)
2026-02-21 00:31:44 KST | INFO | 
2026-02-21 00:31:44 KST | INFO | Epoch 151/200 | LR: 0.014646
2026-02-21 00:32:54 KST | INFO |   Train Loss: 0.0172 | Test Loss: 0.0010 | Test Acc: 92.72%
2026-02-21 00:32:54 KST | INFO |   No improvement (17/30)
2026-02-21 00:32:54 KST | INFO | 
2026-02-21 00:32:54 KST | INFO | Epoch 152/200 | LR: 0.014095
2026-02-21 00:34:05 KST | INFO |   Train Loss: 0.0163 | Test Loss: 0.0010 | Test Acc: 92.90%
2026-02-21 00:34:05 KST | INFO |   No improvement (18/30)
2026-02-21 00:34:05 KST | INFO | 
2026-02-21 00:34:05 KST | INFO | Epoch 153/200 | LR: 0.013552
2026-02-21 00:35:20 KST | INFO |   Train Loss: 0.0174 | Test Loss: 0.0011 | Test Acc: 92.14%
2026-02-21 00:35:20 KST | INFO |   No improvement (19/30)
2026-02-21 00:35:20 KST | INFO | 
2026-02-21 00:35:20 KST | INFO | Epoch 154/200 | LR: 0.013019
2026-02-21 00:36:27 KST | INFO |   Train Loss: 0.0142 | Test Loss: 0.0011 | Test Acc: 92.22%
2026-02-21 00:36:27 KST | INFO |   No improvement (20/30)
2026-02-21 00:36:27 KST | INFO | 
2026-02-21 00:36:27 KST | INFO | Epoch 155/200 | LR: 0.012495
2026-02-21 00:37:48 KST | INFO |   Train Loss: 0.0152 | Test Loss: 0.0011 | Test Acc: 92.22%
2026-02-21 00:37:48 KST | INFO |   No improvement (21/30)
2026-02-21 00:37:48 KST | INFO | 
2026-02-21 00:37:48 KST | INFO | Epoch 156/200 | LR: 0.011981
2026-02-21 00:38:56 KST | INFO |   Train Loss: 0.0127 | Test Loss: 0.0012 | Test Acc: 92.08%
2026-02-21 00:38:56 KST | INFO |   No improvement (22/30)
2026-02-21 00:38:56 KST | INFO | 
2026-02-21 00:38:56 KST | INFO | Epoch 157/200 | LR: 0.011475
2026-02-21 00:40:04 KST | INFO |   Train Loss: 0.0157 | Test Loss: 0.0010 | Test Acc: 92.64%
2026-02-21 00:40:04 KST | INFO |   No improvement (23/30)
2026-02-21 00:40:04 KST | INFO | 
2026-02-21 00:40:04 KST | INFO | Epoch 158/200 | LR: 0.010979
2026-02-21 00:41:27 KST | INFO |   Train Loss: 0.0156 | Test Loss: 0.0012 | Test Acc: 91.58%
2026-02-21 00:41:27 KST | INFO |   No improvement (24/30)
2026-02-21 00:41:27 KST | INFO | 
2026-02-21 00:41:27 KST | INFO | Epoch 159/200 | LR: 0.010493
2026-02-21 00:42:34 KST | INFO |   Train Loss: 0.0131 | Test Loss: 0.0010 | Test Acc: 93.06%
2026-02-21 00:42:34 KST | INFO |   No improvement (25/30)
2026-02-21 00:42:34 KST | INFO | 
2026-02-21 00:42:34 KST | INFO | Epoch 160/200 | LR: 0.010017
2026-02-21 00:43:42 KST | INFO |   Train Loss: 0.0124 | Test Loss: 0.0012 | Test Acc: 92.42%
2026-02-21 00:43:42 KST | INFO |   No improvement (26/30)
2026-02-21 00:43:42 KST | INFO | 
2026-02-21 00:43:42 KST | INFO | Epoch 161/200 | LR: 0.009550
2026-02-21 00:45:07 KST | INFO |   Train Loss: 0.0114 | Test Loss: 0.0011 | Test Acc: 92.86%
2026-02-21 00:45:07 KST | INFO |   No improvement (27/30)
2026-02-21 00:45:07 KST | INFO | 
2026-02-21 00:45:07 KST | INFO | Epoch 162/200 | LR: 0.009093
2026-02-21 00:46:16 KST | INFO |   Train Loss: 0.0120 | Test Loss: 0.0011 | Test Acc: 92.40%
2026-02-21 00:46:16 KST | INFO |   No improvement (28/30)
2026-02-21 00:46:16 KST | INFO | 
2026-02-21 00:46:16 KST | INFO | Epoch 163/200 | LR: 0.008647
2026-02-21 00:47:30 KST | INFO |   Train Loss: 0.0113 | Test Loss: 0.0012 | Test Acc: 92.16%
2026-02-21 00:47:30 KST | INFO |   No improvement (29/30)
2026-02-21 00:47:30 KST | INFO | 
2026-02-21 00:47:30 KST | INFO | Epoch 164/200 | LR: 0.008211
2026-02-21 00:48:44 KST | INFO |   Train Loss: 0.0103 | Test Loss: 0.0011 | Test Acc: 93.08%
2026-02-21 00:48:44 KST | INFO |   No improvement (30/30)
2026-02-21 00:48:44 KST | INFO | 
2026-02-21 00:48:44 KST | INFO | Early stopping after 30 epochs without improvement
2026-02-21 00:48:44 KST | INFO | 
2026-02-21 00:48:44 KST | INFO | ================================================================================
2026-02-21 00:48:44 KST | INFO | TRAINING COMPLETE
2026-02-21 00:48:44 KST | INFO | ================================================================================
2026-02-21 00:48:44 KST | INFO | Best accuracy:  93.50% (Epoch 134)
2026-02-21 00:48:44 KST | INFO | Final accuracy: 93.08%
2026-02-21 00:48:44 KST | INFO | ================================================================================
2026-02-21 00:48:44 KST | INFO | 
2026-02-21 00:48:44 KST | INFO | Notifying nodes of completion...
2026-02-21 00:48:45 KST | INFO | ✓ Nodes notified
2026-02-21 00:48:45 KST | INFO | 
2026-02-21 00:48:45 KST | INFO | Closing connections...
2026-02-21 00:48:45 KST | INFO | ✓ Cleanup complete
2026-02-21 00:48:45 KST | INFO | 
2026-02-21 00:48:45 KST | INFO | Full log: logs/TL++_secure_20260220_212957.log
2026-02-21 00:48:45 KST | INFO | ================================================================================
