2026-02-20 19:44:33 KST | INFO | ================================================================================
2026-02-20 19:44:33 KST | INFO | TL++ Orchestrator
2026-02-20 19:44:33 KST | INFO | ================================================================================
2026-02-20 19:44:33 KST | INFO | Log file: logs/TL++_secure_20260220_194433.log
2026-02-20 19:44:33 KST | INFO | 
2026-02-20 19:44:33 KST | INFO | --------------------------------------------------------------------------------
2026-02-20 19:44:33 KST | INFO | CONFIGURATION
2026-02-20 19:44:33 KST | INFO | --------------------------------------------------------------------------------
2026-02-20 19:44:33 KST | INFO | Secure mode:      True
2026-02-20 19:44:33 KST | INFO | Helper endpoint:  127.0.0.1:8082
2026-02-20 19:44:33 KST | INFO | Activation noise: 2.0%
2026-02-20 19:44:33 KST | INFO | Gradient noise:   10.0%
2026-02-20 19:44:33 KST | INFO | Nodes:            5
2026-02-20 19:44:33 KST | INFO | Cut layer:        2
2026-02-20 19:44:33 KST | INFO | Batch size:       128
2026-02-20 19:44:33 KST | INFO | Learning rate:    0.1
2026-02-20 19:44:33 KST | INFO | 
2026-02-20 19:44:33 KST | INFO | Computation device: cuda
2026-02-20 19:44:33 KST | INFO | Secure mode: ✓ ENABLED
2026-02-20 19:44:33 KST | INFO | 
2026-02-20 19:44:33 KST | INFO | --------------------------------------------------------------------------------
2026-02-20 19:44:33 KST | INFO | NETWORK SETUP
2026-02-20 19:44:33 KST | INFO | --------------------------------------------------------------------------------
2026-02-20 19:44:33 KST | INFO | ✓ Orchestrator listening on 127.0.0.1:8080
2026-02-20 19:44:33 KST | INFO | ✓ Helper node on 127.0.0.1:8082
2026-02-20 19:44:33 KST | INFO | 
2026-02-20 19:44:33 KST | INFO | Waiting for helper node...
2026-02-20 19:44:34 KST | INFO | ✓ Helper node connected
2026-02-20 19:44:34 KST | INFO | ✓ Noise config sent to helper (activation: 2.0%, gradient: 10.0%)
2026-02-20 19:44:34 KST | INFO | 
2026-02-20 19:44:34 KST | INFO | Waiting for 5 node(s)...
2026-02-20 19:44:39 KST | INFO |   ✓ Node 1/5 connected
2026-02-20 19:44:40 KST | INFO |   ✓ Node 2/5 connected
2026-02-20 19:44:41 KST | INFO |   ✓ Node 3/5 connected
2026-02-20 19:44:42 KST | INFO |   ✓ Node 4/5 connected
2026-02-20 19:44:43 KST | INFO |   ✓ Node 5/5 connected
2026-02-20 19:44:43 KST | INFO | ✓ All 5 node(s) connected
2026-02-20 19:44:43 KST | INFO | 
2026-02-20 19:44:43 KST | INFO | --------------------------------------------------------------------------------
2026-02-20 19:44:43 KST | INFO | MODEL INITIALIZATION
2026-02-20 19:44:43 KST | INFO | --------------------------------------------------------------------------------
2026-02-20 19:44:43 KST | INFO | Node-side parameters: 260,160
2026-02-20 19:44:43 KST | INFO | 
2026-02-20 19:44:43 KST | INFO | --------------------------------------------------------------------------------
2026-02-20 19:44:43 KST | INFO | BROADCASTING CONFIGURATION
2026-02-20 19:44:43 KST | INFO | --------------------------------------------------------------------------------
2026-02-20 19:44:43 KST | INFO | ✓ Configuration broadcast to all nodes
2026-02-20 19:44:44 KST | INFO | 
2026-02-20 19:44:44 KST | INFO | Total parameters:     3,245,637
2026-02-20 19:44:44 KST | INFO | Trainable parameters: 3,245,637
2026-02-20 19:44:44 KST | INFO | 
2026-02-20 19:44:44 KST | INFO | --------------------------------------------------------------------------------
2026-02-20 19:44:44 KST | INFO | DATA LOADING
2026-02-20 19:44:44 KST | INFO | --------------------------------------------------------------------------------
2026-02-20 19:45:09 KST | INFO | ✓ Dataset information collected:
2026-02-20 19:45:09 KST | INFO |     Node 1: 5,000 samples
2026-02-20 19:45:09 KST | INFO |     Node 2: 5,000 samples
2026-02-20 19:45:09 KST | INFO |     Node 3: 5,000 samples
2026-02-20 19:45:09 KST | INFO |     Node 4: 5,000 samples
2026-02-20 19:45:09 KST | INFO |     Node 5: 5,000 samples
2026-02-20 19:45:09 KST | INFO |   Total training samples: 25,000
2026-02-20 19:45:09 KST | INFO | 
2026-02-20 19:45:13 KST | INFO | ✓ Test dataset loaded: 5,000 samples
2026-02-20 19:45:13 KST | INFO | 
2026-02-20 19:45:13 KST | INFO | ✓ Batch scheduler: 196 batches/epoch
2026-02-20 19:45:13 KST | INFO | 
2026-02-20 19:45:13 KST | INFO | --------------------------------------------------------------------------------
2026-02-20 19:45:13 KST | INFO | OPTIMIZATION SETUP
2026-02-20 19:45:13 KST | INFO | --------------------------------------------------------------------------------
2026-02-20 19:45:13 KST | INFO | ✓ Optimizer: SGD (lr=0.1, momentum=0.9)
2026-02-20 19:45:13 KST | INFO | ✓ Scheduler: cosine
2026-02-20 19:45:13 KST | INFO | ✓ Gradient clipping: 1.0
2026-02-20 19:45:13 KST | INFO | 
2026-02-20 19:45:13 KST | INFO | ================================================================================
2026-02-20 19:45:13 KST | INFO | Setup complete - Ready for training
2026-02-20 19:45:13 KST | INFO | ================================================================================
2026-02-20 19:45:13 KST | INFO | 
2026-02-20 19:45:13 KST | INFO | --------------------------------------------------------------------------------
2026-02-20 19:45:13 KST | INFO | TRAINING
2026-02-20 19:45:13 KST | INFO | --------------------------------------------------------------------------------
2026-02-20 19:45:13 KST | INFO | 
2026-02-20 19:45:13 KST | INFO | Epoch 1/200 | LR: 0.100000
2026-02-20 19:46:24 KST | INFO |   Train Loss: 1.1913 | Test Loss: 0.0039 | Test Acc: 63.14%
2026-02-20 19:46:24 KST | INFO |   🏆 New best accuracy: 63.14%
2026-02-20 19:46:24 KST | INFO | 
2026-02-20 19:46:24 KST | INFO | Epoch 2/200 | LR: 0.099994
2026-02-20 19:47:52 KST | INFO |   Train Loss: 0.9100 | Test Loss: 0.0035 | Test Acc: 64.86%
2026-02-20 19:47:52 KST | INFO |   🏆 New best accuracy: 64.86%
2026-02-20 19:47:52 KST | INFO | 
2026-02-20 19:47:52 KST | INFO | Epoch 3/200 | LR: 0.099975
2026-02-20 19:49:01 KST | INFO |   Train Loss: 0.7691 | Test Loss: 0.0033 | Test Acc: 68.96%
2026-02-20 19:49:01 KST | INFO |   🏆 New best accuracy: 68.96%
2026-02-20 19:49:01 KST | INFO | 
2026-02-20 19:49:01 KST | INFO | Epoch 4/200 | LR: 0.099944
2026-02-20 19:50:10 KST | INFO |   Train Loss: 0.6627 | Test Loss: 0.0039 | Test Acc: 65.60%
2026-02-20 19:50:10 KST | INFO |   No improvement (1/30)
2026-02-20 19:50:10 KST | INFO | 
2026-02-20 19:50:10 KST | INFO | Epoch 5/200 | LR: 0.099901
2026-02-20 19:51:37 KST | INFO |   Train Loss: 0.5814 | Test Loss: 0.0034 | Test Acc: 69.78%
2026-02-20 19:51:37 KST | INFO |   🏆 New best accuracy: 69.78%
2026-02-20 19:51:37 KST | INFO | 
2026-02-20 19:51:37 KST | INFO | Epoch 6/200 | LR: 0.099846
2026-02-20 19:52:46 KST | INFO |   Train Loss: 0.5289 | Test Loss: 0.0023 | Test Acc: 80.48%
2026-02-20 19:52:46 KST | INFO |   🏆 New best accuracy: 80.48%
2026-02-20 19:52:46 KST | INFO | 
2026-02-20 19:52:46 KST | INFO | Epoch 7/200 | LR: 0.099778
2026-02-20 19:53:54 KST | INFO |   Train Loss: 0.4703 | Test Loss: 0.0026 | Test Acc: 76.32%
2026-02-20 19:53:54 KST | INFO |   No improvement (1/30)
2026-02-20 19:53:54 KST | INFO | 
2026-02-20 19:53:54 KST | INFO | Epoch 8/200 | LR: 0.099698
2026-02-20 19:55:02 KST | INFO |   Train Loss: 0.4310 | Test Loss: 0.0025 | Test Acc: 78.22%
2026-02-20 19:55:02 KST | INFO |   No improvement (2/30)
2026-02-20 19:55:02 KST | INFO | 
2026-02-20 19:55:02 KST | INFO | Epoch 9/200 | LR: 0.099606
2026-02-20 19:56:31 KST | INFO |   Train Loss: 0.4106 | Test Loss: 0.0023 | Test Acc: 80.22%
2026-02-20 19:56:31 KST | INFO |   No improvement (3/30)
2026-02-20 19:56:31 KST | INFO | 
2026-02-20 19:56:31 KST | INFO | Epoch 10/200 | LR: 0.099501
2026-02-20 19:57:39 KST | INFO |   Train Loss: 0.3853 | Test Loss: 0.0019 | Test Acc: 83.82%
2026-02-20 19:57:39 KST | INFO |   🏆 New best accuracy: 83.82%
2026-02-20 19:57:39 KST | INFO | 
2026-02-20 19:57:39 KST | INFO | Epoch 11/200 | LR: 0.099384
2026-02-20 19:58:52 KST | INFO |   Train Loss: 0.3566 | Test Loss: 0.0017 | Test Acc: 85.62%
2026-02-20 19:58:52 KST | INFO |   🏆 New best accuracy: 85.62%
2026-02-20 19:58:52 KST | INFO | 
2026-02-20 19:58:52 KST | INFO | Epoch 12/200 | LR: 0.099255
2026-02-20 20:00:07 KST | INFO |   Train Loss: 0.3444 | Test Loss: 0.0016 | Test Acc: 85.84%
2026-02-20 20:00:07 KST | INFO |   🏆 New best accuracy: 85.84%
2026-02-20 20:00:07 KST | INFO | 
2026-02-20 20:00:07 KST | INFO | Epoch 13/200 | LR: 0.099114
2026-02-20 20:01:15 KST | INFO |   Train Loss: 0.3253 | Test Loss: 0.0017 | Test Acc: 85.12%
2026-02-20 20:01:15 KST | INFO |   No improvement (1/30)
2026-02-20 20:01:15 KST | INFO | 
2026-02-20 20:01:15 KST | INFO | Epoch 14/200 | LR: 0.098961
2026-02-20 20:02:30 KST | INFO |   Train Loss: 0.3195 | Test Loss: 0.0016 | Test Acc: 85.40%
2026-02-20 20:02:30 KST | INFO |   No improvement (2/30)
2026-02-20 20:02:30 KST | INFO | 
2026-02-20 20:02:30 KST | INFO | Epoch 15/200 | LR: 0.098796
2026-02-20 20:03:45 KST | INFO |   Train Loss: 0.3027 | Test Loss: 0.0016 | Test Acc: 86.40%
2026-02-20 20:03:45 KST | INFO |   🏆 New best accuracy: 86.40%
2026-02-20 20:03:45 KST | INFO | 
2026-02-20 20:03:45 KST | INFO | Epoch 16/200 | LR: 0.098619
2026-02-20 20:04:52 KST | INFO |   Train Loss: 0.2922 | Test Loss: 0.0016 | Test Acc: 85.50%
2026-02-20 20:04:52 KST | INFO |   No improvement (1/30)
2026-02-20 20:04:52 KST | INFO | 
2026-02-20 20:04:52 KST | INFO | Epoch 17/200 | LR: 0.098429
2026-02-20 20:06:07 KST | INFO |   Train Loss: 0.2850 | Test Loss: 0.0016 | Test Acc: 86.52%
2026-02-20 20:06:07 KST | INFO |   🏆 New best accuracy: 86.52%
2026-02-20 20:06:07 KST | INFO | 
2026-02-20 20:06:07 KST | INFO | Epoch 18/200 | LR: 0.098228
2026-02-20 20:07:21 KST | INFO |   Train Loss: 0.2752 | Test Loss: 0.0016 | Test Acc: 86.26%
2026-02-20 20:07:21 KST | INFO |   No improvement (1/30)
2026-02-20 20:07:21 KST | INFO | 
2026-02-20 20:07:21 KST | INFO | Epoch 19/200 | LR: 0.098015
2026-02-20 20:08:30 KST | INFO |   Train Loss: 0.2662 | Test Loss: 0.0015 | Test Acc: 86.76%
2026-02-20 20:08:30 KST | INFO |   🏆 New best accuracy: 86.76%
2026-02-20 20:08:30 KST | INFO | 
2026-02-20 20:08:30 KST | INFO | Epoch 20/200 | LR: 0.097790
2026-02-20 20:09:49 KST | INFO |   Train Loss: 0.2623 | Test Loss: 0.0013 | Test Acc: 88.68%
2026-02-20 20:09:49 KST | INFO |   🏆 New best accuracy: 88.68%
2026-02-20 20:09:49 KST | INFO | 
2026-02-20 20:09:49 KST | INFO | Epoch 21/200 | LR: 0.097553
2026-02-20 20:10:58 KST | INFO |   Train Loss: 0.2504 | Test Loss: 0.0016 | Test Acc: 86.68%
2026-02-20 20:10:58 KST | INFO |   No improvement (1/30)
2026-02-20 20:10:58 KST | INFO | 
2026-02-20 20:10:58 KST | INFO | Epoch 22/200 | LR: 0.097304
2026-02-20 20:12:12 KST | INFO |   Train Loss: 0.2515 | Test Loss: 0.0014 | Test Acc: 87.28%
2026-02-20 20:12:12 KST | INFO |   No improvement (2/30)
2026-02-20 20:12:12 KST | INFO | 
2026-02-20 20:12:12 KST | INFO | Epoch 23/200 | LR: 0.097044
2026-02-20 20:13:27 KST | INFO |   Train Loss: 0.2499 | Test Loss: 0.0014 | Test Acc: 88.32%
2026-02-20 20:13:27 KST | INFO |   No improvement (3/30)
2026-02-20 20:13:27 KST | INFO | 
2026-02-20 20:13:27 KST | INFO | Epoch 24/200 | LR: 0.096772
2026-02-20 20:14:35 KST | INFO |   Train Loss: 0.2366 | Test Loss: 0.0016 | Test Acc: 85.44%
2026-02-20 20:14:35 KST | INFO |   No improvement (4/30)
2026-02-20 20:14:35 KST | INFO | 
2026-02-20 20:14:35 KST | INFO | Epoch 25/200 | LR: 0.096489
2026-02-20 20:15:50 KST | INFO |   Train Loss: 0.2342 | Test Loss: 0.0016 | Test Acc: 86.70%
2026-02-20 20:15:50 KST | INFO |   No improvement (5/30)
2026-02-20 20:15:50 KST | INFO | 
2026-02-20 20:15:50 KST | INFO | Epoch 26/200 | LR: 0.096194
2026-02-20 20:17:05 KST | INFO |   Train Loss: 0.2289 | Test Loss: 0.0014 | Test Acc: 88.02%
2026-02-20 20:17:05 KST | INFO |   No improvement (6/30)
2026-02-20 20:17:05 KST | INFO | 
2026-02-20 20:17:05 KST | INFO | Epoch 27/200 | LR: 0.095888
2026-02-20 20:18:13 KST | INFO |   Train Loss: 0.2234 | Test Loss: 0.0013 | Test Acc: 89.00%
2026-02-20 20:18:13 KST | INFO |   🏆 New best accuracy: 89.00%
2026-02-20 20:18:13 KST | INFO | 
2026-02-20 20:18:13 KST | INFO | Epoch 28/200 | LR: 0.095570
2026-02-20 20:19:21 KST | INFO |   Train Loss: 0.2147 | Test Loss: 0.0012 | Test Acc: 90.08%
2026-02-20 20:19:21 KST | INFO |   🏆 New best accuracy: 90.08%
2026-02-20 20:19:21 KST | INFO | 
2026-02-20 20:19:21 KST | INFO | Epoch 29/200 | LR: 0.095241
2026-02-20 20:20:42 KST | INFO |   Train Loss: 0.2084 | Test Loss: 0.0014 | Test Acc: 88.06%
2026-02-20 20:20:42 KST | INFO |   No improvement (1/30)
2026-02-20 20:20:42 KST | INFO | 
2026-02-20 20:20:42 KST | INFO | Epoch 30/200 | LR: 0.094901
2026-02-20 20:21:51 KST | INFO |   Train Loss: 0.2164 | Test Loss: 0.0013 | Test Acc: 88.40%
2026-02-20 20:21:51 KST | INFO |   No improvement (2/30)
2026-02-20 20:21:51 KST | INFO | 
2026-02-20 20:21:51 KST | INFO | Epoch 31/200 | LR: 0.094550
2026-02-20 20:22:59 KST | INFO |   Train Loss: 0.2051 | Test Loss: 0.0012 | Test Acc: 89.04%
2026-02-20 20:22:59 KST | INFO |   No improvement (3/30)
2026-02-20 20:22:59 KST | INFO | 
2026-02-20 20:22:59 KST | INFO | Epoch 32/200 | LR: 0.094188
2026-02-20 20:24:18 KST | INFO |   Train Loss: 0.2057 | Test Loss: 0.0012 | Test Acc: 89.52%
2026-02-20 20:24:18 KST | INFO |   No improvement (4/30)
2026-02-20 20:24:18 KST | INFO | 
2026-02-20 20:24:18 KST | INFO | Epoch 33/200 | LR: 0.093815
2026-02-20 20:25:29 KST | INFO |   Train Loss: 0.2037 | Test Loss: 0.0012 | Test Acc: 89.64%
2026-02-20 20:25:29 KST | INFO |   No improvement (5/30)
2026-02-20 20:25:29 KST | INFO | 
2026-02-20 20:25:29 KST | INFO | Epoch 34/200 | LR: 0.093432
2026-02-20 20:26:43 KST | INFO |   Train Loss: 0.2009 | Test Loss: 0.0013 | Test Acc: 88.22%
2026-02-20 20:26:43 KST | INFO |   No improvement (6/30)
2026-02-20 20:26:43 KST | INFO | 
2026-02-20 20:26:43 KST | INFO | Epoch 35/200 | LR: 0.093037
2026-02-20 20:27:51 KST | INFO |   Train Loss: 0.1941 | Test Loss: 0.0016 | Test Acc: 85.76%
2026-02-20 20:27:51 KST | INFO |   No improvement (7/30)
2026-02-20 20:27:51 KST | INFO | 
2026-02-20 20:27:51 KST | INFO | Epoch 36/200 | LR: 0.092632
2026-02-20 20:29:06 KST | INFO |   Train Loss: 0.1948 | Test Loss: 0.0013 | Test Acc: 88.68%
2026-02-20 20:29:06 KST | INFO |   No improvement (8/30)
2026-02-20 20:29:06 KST | INFO | 
2026-02-20 20:29:06 KST | INFO | Epoch 37/200 | LR: 0.092216
2026-02-20 20:30:14 KST | INFO |   Train Loss: 0.1909 | Test Loss: 0.0014 | Test Acc: 87.80%
2026-02-20 20:30:14 KST | INFO |   No improvement (9/30)
2026-02-20 20:30:14 KST | INFO | 
2026-02-20 20:30:14 KST | INFO | Epoch 38/200 | LR: 0.091790
2026-02-20 20:31:27 KST | INFO |   Train Loss: 0.1890 | Test Loss: 0.0013 | Test Acc: 88.72%
2026-02-20 20:31:27 KST | INFO |   No improvement (10/30)
2026-02-20 20:31:27 KST | INFO | 
2026-02-20 20:31:27 KST | INFO | Epoch 39/200 | LR: 0.091354
2026-02-20 20:32:42 KST | INFO |   Train Loss: 0.1846 | Test Loss: 0.0012 | Test Acc: 90.02%
2026-02-20 20:32:42 KST | INFO |   No improvement (11/30)
2026-02-20 20:32:42 KST | INFO | 
2026-02-20 20:32:42 KST | INFO | Epoch 40/200 | LR: 0.090908
2026-02-20 20:33:55 KST | INFO |   Train Loss: 0.1852 | Test Loss: 0.0012 | Test Acc: 89.96%
2026-02-20 20:33:55 KST | INFO |   No improvement (12/30)
2026-02-20 20:33:55 KST | INFO | 
2026-02-20 20:33:55 KST | INFO | Epoch 41/200 | LR: 0.090451
2026-02-20 20:35:04 KST | INFO |   Train Loss: 0.1848 | Test Loss: 0.0011 | Test Acc: 89.94%
2026-02-20 20:35:04 KST | INFO |   No improvement (13/30)
2026-02-20 20:35:04 KST | INFO | 
2026-02-20 20:35:04 KST | INFO | Epoch 42/200 | LR: 0.089984
2026-02-20 20:36:19 KST | INFO |   Train Loss: 0.1769 | Test Loss: 0.0012 | Test Acc: 89.64%
2026-02-20 20:36:19 KST | INFO |   No improvement (14/30)
2026-02-20 20:36:19 KST | INFO | 
2026-02-20 20:36:19 KST | INFO | Epoch 43/200 | LR: 0.089508
2026-02-20 20:37:34 KST | INFO |   Train Loss: 0.1776 | Test Loss: 0.0012 | Test Acc: 89.26%
2026-02-20 20:37:34 KST | INFO |   No improvement (15/30)
2026-02-20 20:37:34 KST | INFO | 
2026-02-20 20:37:34 KST | INFO | Epoch 44/200 | LR: 0.089022
2026-02-20 20:38:42 KST | INFO |   Train Loss: 0.1732 | Test Loss: 0.0018 | Test Acc: 85.10%
2026-02-20 20:38:42 KST | INFO |   No improvement (16/30)
2026-02-20 20:38:42 KST | INFO | 
2026-02-20 20:38:42 KST | INFO | Epoch 45/200 | LR: 0.088526
2026-02-20 20:39:57 KST | INFO |   Train Loss: 0.1681 | Test Loss: 0.0014 | Test Acc: 88.30%
2026-02-20 20:39:57 KST | INFO |   No improvement (17/30)
2026-02-20 20:39:57 KST | INFO | 
2026-02-20 20:39:57 KST | INFO | Epoch 46/200 | LR: 0.088020
2026-02-20 20:41:10 KST | INFO |   Train Loss: 0.1689 | Test Loss: 0.0013 | Test Acc: 89.14%
2026-02-20 20:41:10 KST | INFO |   No improvement (18/30)
2026-02-20 20:41:10 KST | INFO | 
2026-02-20 20:41:10 KST | INFO | Epoch 47/200 | LR: 0.087506
2026-02-20 20:42:19 KST | INFO |   Train Loss: 0.1624 | Test Loss: 0.0012 | Test Acc: 90.00%
2026-02-20 20:42:19 KST | INFO |   No improvement (19/30)
2026-02-20 20:42:19 KST | INFO | 
2026-02-20 20:42:19 KST | INFO | Epoch 48/200 | LR: 0.086982
2026-02-20 20:43:33 KST | INFO |   Train Loss: 0.1636 | Test Loss: 0.0014 | Test Acc: 88.34%
2026-02-20 20:43:33 KST | INFO |   No improvement (20/30)
2026-02-20 20:43:33 KST | INFO | 
2026-02-20 20:43:33 KST | INFO | Epoch 49/200 | LR: 0.086449
2026-02-20 20:44:49 KST | INFO |   Train Loss: 0.1614 | Test Loss: 0.0012 | Test Acc: 89.76%
2026-02-20 20:44:49 KST | INFO |   No improvement (21/30)
2026-02-20 20:44:49 KST | INFO | 
2026-02-20 20:44:49 KST | INFO | Epoch 50/200 | LR: 0.085906
2026-02-20 20:45:57 KST | INFO |   Train Loss: 0.1634 | Test Loss: 0.0014 | Test Acc: 88.28%
2026-02-20 20:45:57 KST | INFO |   No improvement (22/30)
2026-02-20 20:45:57 KST | INFO | 
2026-02-20 20:45:57 KST | INFO | Epoch 51/200 | LR: 0.085355
2026-02-20 20:47:12 KST | INFO |   Train Loss: 0.1559 | Test Loss: 0.0012 | Test Acc: 90.08%
2026-02-20 20:47:12 KST | INFO |   No improvement (23/30)
2026-02-20 20:47:12 KST | INFO | 
2026-02-20 20:47:12 KST | INFO | Epoch 52/200 | LR: 0.084796
2026-02-20 20:48:27 KST | INFO |   Train Loss: 0.1599 | Test Loss: 0.0013 | Test Acc: 88.48%
2026-02-20 20:48:27 KST | INFO |   No improvement (24/30)
2026-02-20 20:48:27 KST | INFO | 
2026-02-20 20:48:27 KST | INFO | Epoch 53/200 | LR: 0.084228
2026-02-20 20:49:34 KST | INFO |   Train Loss: 0.1511 | Test Loss: 0.0011 | Test Acc: 90.26%
2026-02-20 20:49:34 KST | INFO |   🏆 New best accuracy: 90.26%
2026-02-20 20:49:34 KST | INFO | 
2026-02-20 20:49:34 KST | INFO | Epoch 54/200 | LR: 0.083651
2026-02-20 20:50:49 KST | INFO |   Train Loss: 0.1508 | Test Loss: 0.0012 | Test Acc: 89.62%
2026-02-20 20:50:49 KST | INFO |   No improvement (1/30)
2026-02-20 20:50:49 KST | INFO | 
2026-02-20 20:50:49 KST | INFO | Epoch 55/200 | LR: 0.083066
2026-02-20 20:52:04 KST | INFO |   Train Loss: 0.1514 | Test Loss: 0.0014 | Test Acc: 88.58%
2026-02-20 20:52:04 KST | INFO |   No improvement (2/30)
2026-02-20 20:52:04 KST | INFO | 
2026-02-20 20:52:04 KST | INFO | Epoch 56/200 | LR: 0.082473
2026-02-20 20:53:12 KST | INFO |   Train Loss: 0.1506 | Test Loss: 0.0010 | Test Acc: 91.88%
2026-02-20 20:53:12 KST | INFO |   🏆 New best accuracy: 91.88%
2026-02-20 20:53:12 KST | INFO | 
2026-02-20 20:53:12 KST | INFO | Epoch 57/200 | LR: 0.081871
2026-02-20 20:54:27 KST | INFO |   Train Loss: 0.1446 | Test Loss: 0.0010 | Test Acc: 91.28%
2026-02-20 20:54:27 KST | INFO |   No improvement (1/30)
2026-02-20 20:54:27 KST | INFO | 
2026-02-20 20:54:27 KST | INFO | Epoch 58/200 | LR: 0.081262
2026-02-20 20:55:42 KST | INFO |   Train Loss: 0.1464 | Test Loss: 0.0011 | Test Acc: 90.68%
2026-02-20 20:55:42 KST | INFO |   No improvement (2/30)
2026-02-20 20:55:42 KST | INFO | 
2026-02-20 20:55:42 KST | INFO | Epoch 59/200 | LR: 0.080646
2026-02-20 20:56:50 KST | INFO |   Train Loss: 0.1484 | Test Loss: 0.0012 | Test Acc: 88.74%
2026-02-20 20:56:50 KST | INFO |   No improvement (3/30)
2026-02-20 20:56:50 KST | INFO | 
2026-02-20 20:56:50 KST | INFO | Epoch 60/200 | LR: 0.080021
2026-02-20 20:58:05 KST | INFO |   Train Loss: 0.1474 | Test Loss: 0.0018 | Test Acc: 85.02%
2026-02-20 20:58:05 KST | INFO |   No improvement (4/30)
2026-02-20 20:58:05 KST | INFO | 
2026-02-20 20:58:05 KST | INFO | Epoch 61/200 | LR: 0.079389
2026-02-20 20:59:20 KST | INFO |   Train Loss: 0.1468 | Test Loss: 0.0011 | Test Acc: 90.66%
2026-02-20 20:59:20 KST | INFO |   No improvement (5/30)
2026-02-20 20:59:20 KST | INFO | 
2026-02-20 20:59:20 KST | INFO | Epoch 62/200 | LR: 0.078750
2026-02-20 21:00:28 KST | INFO |   Train Loss: 0.1391 | Test Loss: 0.0014 | Test Acc: 88.06%
2026-02-20 21:00:28 KST | INFO |   No improvement (6/30)
2026-02-20 21:00:28 KST | INFO | 
2026-02-20 21:00:28 KST | INFO | Epoch 63/200 | LR: 0.078104
2026-02-20 21:01:43 KST | INFO |   Train Loss: 0.1394 | Test Loss: 0.0011 | Test Acc: 90.40%
2026-02-20 21:01:43 KST | INFO |   No improvement (7/30)
2026-02-20 21:01:43 KST | INFO | 
2026-02-20 21:01:43 KST | INFO | Epoch 64/200 | LR: 0.077451
2026-02-20 21:02:58 KST | INFO |   Train Loss: 0.1414 | Test Loss: 0.0011 | Test Acc: 89.88%
2026-02-20 21:02:58 KST | INFO |   No improvement (8/30)
2026-02-20 21:02:58 KST | INFO | 
2026-02-20 21:02:58 KST | INFO | Epoch 65/200 | LR: 0.076792
2026-02-20 21:04:05 KST | INFO |   Train Loss: 0.1350 | Test Loss: 0.0016 | Test Acc: 87.26%
2026-02-20 21:04:05 KST | INFO |   No improvement (9/30)
2026-02-20 21:04:05 KST | INFO | 
2026-02-20 21:04:05 KST | INFO | Epoch 66/200 | LR: 0.076125
2026-02-20 21:05:20 KST | INFO |   Train Loss: 0.1297 | Test Loss: 0.0011 | Test Acc: 90.48%
2026-02-20 21:05:20 KST | INFO |   No improvement (10/30)
2026-02-20 21:05:20 KST | INFO | 
2026-02-20 21:05:20 KST | INFO | Epoch 67/200 | LR: 0.075452
2026-02-20 21:06:35 KST | INFO |   Train Loss: 0.1300 | Test Loss: 0.0011 | Test Acc: 90.56%
2026-02-20 21:06:35 KST | INFO |   No improvement (11/30)
2026-02-20 21:06:35 KST | INFO | 
2026-02-20 21:06:35 KST | INFO | Epoch 68/200 | LR: 0.074773
2026-02-20 21:07:44 KST | INFO |   Train Loss: 0.1241 | Test Loss: 0.0011 | Test Acc: 91.58%
2026-02-20 21:07:44 KST | INFO |   No improvement (12/30)
2026-02-20 21:07:44 KST | INFO | 
2026-02-20 21:07:44 KST | INFO | Epoch 69/200 | LR: 0.074088
2026-02-20 21:08:58 KST | INFO |   Train Loss: 0.1331 | Test Loss: 0.0010 | Test Acc: 91.64%
2026-02-20 21:08:58 KST | INFO |   No improvement (13/30)
2026-02-20 21:08:58 KST | INFO | 
2026-02-20 21:08:58 KST | INFO | Epoch 70/200 | LR: 0.073397
2026-02-20 21:10:13 KST | INFO |   Train Loss: 0.1240 | Test Loss: 0.0011 | Test Acc: 90.84%
2026-02-20 21:10:13 KST | INFO |   No improvement (14/30)
2026-02-20 21:10:13 KST | INFO | 
2026-02-20 21:10:13 KST | INFO | Epoch 71/200 | LR: 0.072700
2026-02-20 21:11:21 KST | INFO |   Train Loss: 0.1271 | Test Loss: 0.0014 | Test Acc: 88.58%
2026-02-20 21:11:21 KST | INFO |   No improvement (15/30)
2026-02-20 21:11:21 KST | INFO | 
2026-02-20 21:11:21 KST | INFO | Epoch 72/200 | LR: 0.071997
2026-02-20 21:12:30 KST | INFO |   Train Loss: 0.1263 | Test Loss: 0.0017 | Test Acc: 86.22%
2026-02-20 21:12:30 KST | INFO |   No improvement (16/30)
2026-02-20 21:12:30 KST | INFO | 
2026-02-20 21:12:30 KST | INFO | Epoch 73/200 | LR: 0.071289
2026-02-20 21:13:52 KST | INFO |   Train Loss: 0.1194 | Test Loss: 0.0011 | Test Acc: 90.74%
2026-02-20 21:13:52 KST | INFO |   No improvement (17/30)
2026-02-20 21:13:52 KST | INFO | 
2026-02-20 21:13:52 KST | INFO | Epoch 74/200 | LR: 0.070576
2026-02-20 21:15:00 KST | INFO |   Train Loss: 0.1182 | Test Loss: 0.0010 | Test Acc: 91.34%
2026-02-20 21:15:00 KST | INFO |   No improvement (18/30)
2026-02-20 21:15:00 KST | INFO | 
2026-02-20 21:15:00 KST | INFO | Epoch 75/200 | LR: 0.069858
2026-02-20 21:16:08 KST | INFO |   Train Loss: 0.1160 | Test Loss: 0.0013 | Test Acc: 90.06%
2026-02-20 21:16:08 KST | INFO |   No improvement (19/30)
2026-02-20 21:16:08 KST | INFO | 
2026-02-20 21:16:08 KST | INFO | Epoch 76/200 | LR: 0.069134
2026-02-20 21:17:30 KST | INFO |   Train Loss: 0.1159 | Test Loss: 0.0011 | Test Acc: 91.04%
2026-02-20 21:17:30 KST | INFO |   No improvement (20/30)
2026-02-20 21:17:30 KST | INFO | 
2026-02-20 21:17:30 KST | INFO | Epoch 77/200 | LR: 0.068407
2026-02-20 21:18:38 KST | INFO |   Train Loss: 0.1105 | Test Loss: 0.0013 | Test Acc: 89.56%
2026-02-20 21:18:38 KST | INFO |   No improvement (21/30)
2026-02-20 21:18:38 KST | INFO | 
2026-02-20 21:18:38 KST | INFO | Epoch 78/200 | LR: 0.067674
2026-02-20 21:19:47 KST | INFO |   Train Loss: 0.1113 | Test Loss: 0.0010 | Test Acc: 91.28%
2026-02-20 21:19:47 KST | INFO |   No improvement (22/30)
2026-02-20 21:19:47 KST | INFO | 
2026-02-20 21:19:47 KST | INFO | Epoch 79/200 | LR: 0.066937
2026-02-20 21:21:14 KST | INFO |   Train Loss: 0.1064 | Test Loss: 0.0012 | Test Acc: 90.42%
2026-02-20 21:21:14 KST | INFO |   No improvement (23/30)
2026-02-20 21:21:14 KST | INFO | 
2026-02-20 21:21:14 KST | INFO | Epoch 80/200 | LR: 0.066196
2026-02-20 21:22:22 KST | INFO |   Train Loss: 0.1117 | Test Loss: 0.0011 | Test Acc: 91.00%
2026-02-20 21:22:22 KST | INFO |   No improvement (24/30)
2026-02-20 21:22:22 KST | INFO | 
2026-02-20 21:22:22 KST | INFO | Epoch 81/200 | LR: 0.065451
2026-02-20 21:23:30 KST | INFO |   Train Loss: 0.1112 | Test Loss: 0.0016 | Test Acc: 87.12%
2026-02-20 21:23:30 KST | INFO |   No improvement (25/30)
2026-02-20 21:23:30 KST | INFO | 
2026-02-20 21:23:30 KST | INFO | Epoch 82/200 | LR: 0.064702
2026-02-20 21:25:00 KST | INFO |   Train Loss: 0.1054 | Test Loss: 0.0014 | Test Acc: 88.58%
2026-02-20 21:25:00 KST | INFO |   No improvement (26/30)
2026-02-20 21:25:00 KST | INFO | 
2026-02-20 21:25:00 KST | INFO | Epoch 83/200 | LR: 0.063950
2026-02-20 21:26:09 KST | INFO |   Train Loss: 0.1036 | Test Loss: 0.0013 | Test Acc: 89.14%
2026-02-20 21:26:09 KST | INFO |   No improvement (27/30)
2026-02-20 21:26:09 KST | INFO | 
2026-02-20 21:26:09 KST | INFO | Epoch 84/200 | LR: 0.063194
2026-02-20 21:27:18 KST | INFO |   Train Loss: 0.1014 | Test Loss: 0.0017 | Test Acc: 86.16%
2026-02-20 21:27:18 KST | INFO |   No improvement (28/30)
2026-02-20 21:27:18 KST | INFO | 
2026-02-20 21:27:18 KST | INFO | Epoch 85/200 | LR: 0.062435
2026-02-20 21:28:39 KST | INFO |   Train Loss: 0.0995 | Test Loss: 0.0010 | Test Acc: 91.42%
2026-02-20 21:28:39 KST | INFO |   No improvement (29/30)
2026-02-20 21:28:39 KST | INFO | 
2026-02-20 21:28:39 KST | INFO | Epoch 86/200 | LR: 0.061673
2026-02-20 21:29:47 KST | INFO |   Train Loss: 0.0993 | Test Loss: 0.0016 | Test Acc: 87.26%
2026-02-20 21:29:47 KST | INFO |   No improvement (30/30)
2026-02-20 21:29:47 KST | INFO | 
2026-02-20 21:29:47 KST | INFO | Early stopping after 30 epochs without improvement
2026-02-20 21:29:47 KST | INFO | 
2026-02-20 21:29:47 KST | INFO | ================================================================================
2026-02-20 21:29:47 KST | INFO | TRAINING COMPLETE
2026-02-20 21:29:47 KST | INFO | ================================================================================
2026-02-20 21:29:47 KST | INFO | Best accuracy:  91.88% (Epoch 56)
2026-02-20 21:29:47 KST | INFO | Final accuracy: 87.26%
2026-02-20 21:29:47 KST | INFO | ================================================================================
2026-02-20 21:29:47 KST | INFO | 
2026-02-20 21:29:47 KST | INFO | Notifying nodes of completion...
2026-02-20 21:29:48 KST | INFO | ✓ Nodes notified
2026-02-20 21:29:48 KST | INFO | 
2026-02-20 21:29:48 KST | INFO | Closing connections...
2026-02-20 21:29:48 KST | INFO | ✓ Cleanup complete
2026-02-20 21:29:48 KST | INFO | 
2026-02-20 21:29:48 KST | INFO | Full log: logs/TL++_secure_20260220_194433.log
2026-02-20 21:29:48 KST | INFO | ================================================================================
