2026-02-20 14:02:37 KST | INFO | ================================================================================
2026-02-20 14:02:37 KST | INFO | TL++ Orchestrator
2026-02-20 14:02:37 KST | INFO | ================================================================================
2026-02-20 14:02:37 KST | INFO | Log file: logs/TL++_secure_20260220_140237.log
2026-02-20 14:02:37 KST | INFO | 
2026-02-20 14:02:37 KST | INFO | --------------------------------------------------------------------------------
2026-02-20 14:02:37 KST | INFO | CONFIGURATION
2026-02-20 14:02:37 KST | INFO | --------------------------------------------------------------------------------
2026-02-20 14:02:37 KST | INFO | Secure mode:      True
2026-02-20 14:02:37 KST | INFO | Helper endpoint:  127.0.0.1:8082
2026-02-20 14:02:37 KST | INFO | Activation noise: 2.0%
2026-02-20 14:02:37 KST | INFO | Gradient noise:   10.0%
2026-02-20 14:02:37 KST | INFO | Nodes:            5
2026-02-20 14:02:37 KST | INFO | Cut layer:        2
2026-02-20 14:02:37 KST | INFO | Batch size:       128
2026-02-20 14:02:37 KST | INFO | Learning rate:    0.1
2026-02-20 14:02:37 KST | INFO | 
2026-02-20 14:02:37 KST | INFO | Computation device: cuda
2026-02-20 14:02:37 KST | INFO | Secure mode: ✓ ENABLED
2026-02-20 14:02:37 KST | INFO | 
2026-02-20 14:02:37 KST | INFO | --------------------------------------------------------------------------------
2026-02-20 14:02:37 KST | INFO | NETWORK SETUP
2026-02-20 14:02:37 KST | INFO | --------------------------------------------------------------------------------
2026-02-20 14:02:37 KST | INFO | ✓ Orchestrator listening on 127.0.0.1:8080
2026-02-20 14:02:37 KST | INFO | ✓ Helper node on 127.0.0.1:8082
2026-02-20 14:02:37 KST | INFO | 
2026-02-20 14:02:37 KST | INFO | Waiting for helper node...
2026-02-20 14:02:38 KST | INFO | ✓ Helper node connected
2026-02-20 14:02:38 KST | INFO | ✓ Noise config sent to helper (activation: 2.0%, gradient: 10.0%)
2026-02-20 14:02:38 KST | INFO | 
2026-02-20 14:02:38 KST | INFO | Waiting for 5 node(s)...
2026-02-20 14:02:44 KST | INFO |   ✓ Node 1/5 connected
2026-02-20 14:02:45 KST | INFO |   ✓ Node 2/5 connected
2026-02-20 14:02:47 KST | INFO |   ✓ Node 3/5 connected
2026-02-20 14:02:47 KST | INFO |   ✓ Node 4/5 connected
2026-02-20 14:02:48 KST | INFO |   ✓ Node 5/5 connected
2026-02-20 14:02:48 KST | INFO | ✓ All 5 node(s) connected
2026-02-20 14:02:48 KST | INFO | 
2026-02-20 14:02:48 KST | INFO | --------------------------------------------------------------------------------
2026-02-20 14:02:48 KST | INFO | MODEL INITIALIZATION
2026-02-20 14:02:48 KST | INFO | --------------------------------------------------------------------------------
2026-02-20 14:02:48 KST | INFO | Node-side parameters: 260,160
2026-02-20 14:02:48 KST | INFO | 
2026-02-20 14:02:48 KST | INFO | --------------------------------------------------------------------------------
2026-02-20 14:02:48 KST | INFO | BROADCASTING CONFIGURATION
2026-02-20 14:02:48 KST | INFO | --------------------------------------------------------------------------------
2026-02-20 14:02:48 KST | INFO | ✓ Configuration broadcast to all nodes
2026-02-20 14:02:49 KST | INFO | 
2026-02-20 14:02:49 KST | INFO | Total parameters:     3,245,637
2026-02-20 14:02:49 KST | INFO | Trainable parameters: 3,245,637
2026-02-20 14:02:49 KST | INFO | 
2026-02-20 14:02:49 KST | INFO | --------------------------------------------------------------------------------
2026-02-20 14:02:49 KST | INFO | DATA LOADING
2026-02-20 14:02:49 KST | INFO | --------------------------------------------------------------------------------
2026-02-20 14:03:15 KST | INFO | ✓ Dataset information collected:
2026-02-20 14:03:15 KST | INFO |     Node 1: 5,000 samples
2026-02-20 14:03:15 KST | INFO |     Node 2: 5,000 samples
2026-02-20 14:03:15 KST | INFO |     Node 3: 5,000 samples
2026-02-20 14:03:15 KST | INFO |     Node 4: 5,000 samples
2026-02-20 14:03:15 KST | INFO |     Node 5: 5,000 samples
2026-02-20 14:03:15 KST | INFO |   Total training samples: 25,000
2026-02-20 14:03:15 KST | INFO | 
2026-02-20 14:03:19 KST | INFO | ✓ Test dataset loaded: 5,000 samples
2026-02-20 14:03:19 KST | INFO | 
2026-02-20 14:03:19 KST | INFO | ✓ Batch scheduler: 196 batches/epoch
2026-02-20 14:03:19 KST | INFO | 
2026-02-20 14:03:19 KST | INFO | --------------------------------------------------------------------------------
2026-02-20 14:03:19 KST | INFO | OPTIMIZATION SETUP
2026-02-20 14:03:19 KST | INFO | --------------------------------------------------------------------------------
2026-02-20 14:03:19 KST | INFO | ✓ Optimizer: SGD (lr=0.1, momentum=0.9)
2026-02-20 14:03:19 KST | INFO | ✓ Scheduler: cosine
2026-02-20 14:03:19 KST | INFO | ✓ Gradient clipping: 1.0
2026-02-20 14:03:19 KST | INFO | 
2026-02-20 14:03:19 KST | INFO | ================================================================================
2026-02-20 14:03:19 KST | INFO | Setup complete - Ready for training
2026-02-20 14:03:19 KST | INFO | ================================================================================
2026-02-20 14:03:19 KST | INFO | 
2026-02-20 14:03:19 KST | INFO | --------------------------------------------------------------------------------
2026-02-20 14:03:19 KST | INFO | TRAINING
2026-02-20 14:03:19 KST | INFO | --------------------------------------------------------------------------------
2026-02-20 14:03:19 KST | INFO | 
2026-02-20 14:03:19 KST | INFO | Epoch 1/200 | LR: 0.100000
2026-02-20 14:04:27 KST | INFO |   Train Loss: 1.1928 | Test Loss: 0.0038 | Test Acc: 63.42%
2026-02-20 14:04:27 KST | INFO |   🏆 New best accuracy: 63.42%
2026-02-20 14:04:27 KST | INFO | 
2026-02-20 14:04:27 KST | INFO | Epoch 2/200 | LR: 0.099994
2026-02-20 14:05:34 KST | INFO |   Train Loss: 0.9058 | Test Loss: 0.0038 | Test Acc: 63.70%
2026-02-20 14:05:34 KST | INFO |   🏆 New best accuracy: 63.70%
2026-02-20 14:05:34 KST | INFO | 
2026-02-20 14:05:34 KST | INFO | Epoch 3/200 | LR: 0.099975
2026-02-20 14:06:47 KST | INFO |   Train Loss: 0.7705 | Test Loss: 0.0031 | Test Acc: 69.90%
2026-02-20 14:06:47 KST | INFO |   🏆 New best accuracy: 69.90%
2026-02-20 14:06:47 KST | INFO | 
2026-02-20 14:06:47 KST | INFO | Epoch 4/200 | LR: 0.099944
2026-02-20 14:07:54 KST | INFO |   Train Loss: 0.6673 | Test Loss: 0.0030 | Test Acc: 73.74%
2026-02-20 14:07:54 KST | INFO |   🏆 New best accuracy: 73.74%
2026-02-20 14:07:54 KST | INFO | 
2026-02-20 14:07:54 KST | INFO | Epoch 5/200 | LR: 0.099901
2026-02-20 14:09:02 KST | INFO |   Train Loss: 0.5776 | Test Loss: 0.0026 | Test Acc: 76.48%
2026-02-20 14:09:02 KST | INFO |   🏆 New best accuracy: 76.48%
2026-02-20 14:09:02 KST | INFO | 
2026-02-20 14:09:02 KST | INFO | Epoch 6/200 | LR: 0.099846
2026-02-20 14:10:14 KST | INFO |   Train Loss: 0.5195 | Test Loss: 0.0021 | Test Acc: 81.72%
2026-02-20 14:10:14 KST | INFO |   🏆 New best accuracy: 81.72%
2026-02-20 14:10:14 KST | INFO | 
2026-02-20 14:10:14 KST | INFO | Epoch 7/200 | LR: 0.099778
2026-02-20 14:11:22 KST | INFO |   Train Loss: 0.4680 | Test Loss: 0.0021 | Test Acc: 82.12%
2026-02-20 14:11:22 KST | INFO |   🏆 New best accuracy: 82.12%
2026-02-20 14:11:22 KST | INFO | 
2026-02-20 14:11:22 KST | INFO | Epoch 8/200 | LR: 0.099698
2026-02-20 14:12:29 KST | INFO |   Train Loss: 0.4386 | Test Loss: 0.0022 | Test Acc: 81.20%
2026-02-20 14:12:29 KST | INFO |   No improvement (1/30)
2026-02-20 14:12:29 KST | INFO | 
2026-02-20 14:12:29 KST | INFO | Epoch 9/200 | LR: 0.099606
2026-02-20 14:13:42 KST | INFO |   Train Loss: 0.4082 | Test Loss: 0.0020 | Test Acc: 82.46%
2026-02-20 14:13:42 KST | INFO |   🏆 New best accuracy: 82.46%
2026-02-20 14:13:42 KST | INFO | 
2026-02-20 14:13:42 KST | INFO | Epoch 10/200 | LR: 0.099501
2026-02-20 14:14:49 KST | INFO |   Train Loss: 0.3842 | Test Loss: 0.0017 | Test Acc: 85.32%
2026-02-20 14:14:49 KST | INFO |   🏆 New best accuracy: 85.32%
2026-02-20 14:14:49 KST | INFO | 
2026-02-20 14:14:49 KST | INFO | Epoch 11/200 | LR: 0.099384
2026-02-20 14:15:56 KST | INFO |   Train Loss: 0.3655 | Test Loss: 0.0017 | Test Acc: 85.72%
2026-02-20 14:15:56 KST | INFO |   🏆 New best accuracy: 85.72%
2026-02-20 14:15:56 KST | INFO | 
2026-02-20 14:15:56 KST | INFO | Epoch 12/200 | LR: 0.099255
2026-02-20 14:17:09 KST | INFO |   Train Loss: 0.3459 | Test Loss: 0.0015 | Test Acc: 86.78%
2026-02-20 14:17:09 KST | INFO |   🏆 New best accuracy: 86.78%
2026-02-20 14:17:09 KST | INFO | 
2026-02-20 14:17:09 KST | INFO | Epoch 13/200 | LR: 0.099114
2026-02-20 14:18:16 KST | INFO |   Train Loss: 0.3374 | Test Loss: 0.0022 | Test Acc: 81.00%
2026-02-20 14:18:16 KST | INFO |   No improvement (1/30)
2026-02-20 14:18:16 KST | INFO | 
2026-02-20 14:18:16 KST | INFO | Epoch 14/200 | LR: 0.098961
2026-02-20 14:19:29 KST | INFO |   Train Loss: 0.3163 | Test Loss: 0.0017 | Test Acc: 85.48%
2026-02-20 14:19:29 KST | INFO |   No improvement (2/30)
2026-02-20 14:19:29 KST | INFO | 
2026-02-20 14:19:29 KST | INFO | Epoch 15/200 | LR: 0.098796
2026-02-20 14:20:37 KST | INFO |   Train Loss: 0.3037 | Test Loss: 0.0018 | Test Acc: 84.86%
2026-02-20 14:20:37 KST | INFO |   No improvement (3/30)
2026-02-20 14:20:37 KST | INFO | 
2026-02-20 14:20:37 KST | INFO | Epoch 16/200 | LR: 0.098619
2026-02-20 14:21:44 KST | INFO |   Train Loss: 0.2967 | Test Loss: 0.0016 | Test Acc: 86.58%
2026-02-20 14:21:44 KST | INFO |   No improvement (4/30)
2026-02-20 14:21:44 KST | INFO | 
2026-02-20 14:21:44 KST | INFO | Epoch 17/200 | LR: 0.098429
2026-02-20 14:22:58 KST | INFO |   Train Loss: 0.2864 | Test Loss: 0.0018 | Test Acc: 84.36%
2026-02-20 14:22:58 KST | INFO |   No improvement (5/30)
2026-02-20 14:22:58 KST | INFO | 
2026-02-20 14:22:58 KST | INFO | Epoch 18/200 | LR: 0.098228
2026-02-20 14:24:06 KST | INFO |   Train Loss: 0.2783 | Test Loss: 0.0017 | Test Acc: 85.46%
2026-02-20 14:24:06 KST | INFO |   No improvement (6/30)
2026-02-20 14:24:06 KST | INFO | 
2026-02-20 14:24:06 KST | INFO | Epoch 19/200 | LR: 0.098015
2026-02-20 14:25:13 KST | INFO |   Train Loss: 0.2648 | Test Loss: 0.0017 | Test Acc: 85.46%
2026-02-20 14:25:13 KST | INFO |   No improvement (7/30)
2026-02-20 14:25:13 KST | INFO | 
2026-02-20 14:25:13 KST | INFO | Epoch 20/200 | LR: 0.097790
2026-02-20 14:26:27 KST | INFO |   Train Loss: 0.2633 | Test Loss: 0.0013 | Test Acc: 88.54%
2026-02-20 14:26:27 KST | INFO |   🏆 New best accuracy: 88.54%
2026-02-20 14:26:27 KST | INFO | 
2026-02-20 14:26:27 KST | INFO | Epoch 21/200 | LR: 0.097553
2026-02-20 14:27:34 KST | INFO |   Train Loss: 0.2571 | Test Loss: 0.0020 | Test Acc: 83.26%
2026-02-20 14:27:34 KST | INFO |   No improvement (1/30)
2026-02-20 14:27:34 KST | INFO | 
2026-02-20 14:27:34 KST | INFO | Epoch 22/200 | LR: 0.097304
2026-02-20 14:28:48 KST | INFO |   Train Loss: 0.2473 | Test Loss: 0.0014 | Test Acc: 87.80%
2026-02-20 14:28:48 KST | INFO |   No improvement (2/30)
2026-02-20 14:28:48 KST | INFO | 
2026-02-20 14:28:48 KST | INFO | Epoch 23/200 | LR: 0.097044
2026-02-20 14:29:55 KST | INFO |   Train Loss: 0.2436 | Test Loss: 0.0017 | Test Acc: 85.78%
2026-02-20 14:29:55 KST | INFO |   No improvement (3/30)
2026-02-20 14:29:55 KST | INFO | 
2026-02-20 14:29:55 KST | INFO | Epoch 24/200 | LR: 0.096772
2026-02-20 14:31:04 KST | INFO |   Train Loss: 0.2395 | Test Loss: 0.0013 | Test Acc: 88.44%
2026-02-20 14:31:04 KST | INFO |   No improvement (4/30)
2026-02-20 14:31:04 KST | INFO | 
2026-02-20 14:31:04 KST | INFO | Epoch 25/200 | LR: 0.096489
2026-02-20 14:32:17 KST | INFO |   Train Loss: 0.2350 | Test Loss: 0.0014 | Test Acc: 87.80%
2026-02-20 14:32:17 KST | INFO |   No improvement (5/30)
2026-02-20 14:32:17 KST | INFO | 
2026-02-20 14:32:17 KST | INFO | Epoch 26/200 | LR: 0.096194
2026-02-20 14:33:24 KST | INFO |   Train Loss: 0.2265 | Test Loss: 0.0013 | Test Acc: 88.56%
2026-02-20 14:33:24 KST | INFO |   🏆 New best accuracy: 88.56%
2026-02-20 14:33:24 KST | INFO | 
2026-02-20 14:33:24 KST | INFO | Epoch 27/200 | LR: 0.095888
2026-02-20 14:34:37 KST | INFO |   Train Loss: 0.2284 | Test Loss: 0.0018 | Test Acc: 85.06%
2026-02-20 14:34:37 KST | INFO |   No improvement (1/30)
2026-02-20 14:34:37 KST | INFO | 
2026-02-20 14:34:37 KST | INFO | Epoch 28/200 | LR: 0.095570
2026-02-20 14:35:44 KST | INFO |   Train Loss: 0.2190 | Test Loss: 0.0014 | Test Acc: 88.40%
2026-02-20 14:35:44 KST | INFO |   No improvement (2/30)
2026-02-20 14:35:44 KST | INFO | 
2026-02-20 14:35:44 KST | INFO | Epoch 29/200 | LR: 0.095241
2026-02-20 14:36:57 KST | INFO |   Train Loss: 0.2181 | Test Loss: 0.0017 | Test Acc: 85.38%
2026-02-20 14:36:57 KST | INFO |   No improvement (3/30)
2026-02-20 14:36:57 KST | INFO | 
2026-02-20 14:36:57 KST | INFO | Epoch 30/200 | LR: 0.094901
2026-02-20 14:38:04 KST | INFO |   Train Loss: 0.2111 | Test Loss: 0.0014 | Test Acc: 87.48%
2026-02-20 14:38:04 KST | INFO |   No improvement (4/30)
2026-02-20 14:38:04 KST | INFO | 
2026-02-20 14:38:04 KST | INFO | Epoch 31/200 | LR: 0.094550
2026-02-20 14:39:10 KST | INFO |   Train Loss: 0.2124 | Test Loss: 0.0013 | Test Acc: 88.68%
2026-02-20 14:39:10 KST | INFO |   🏆 New best accuracy: 88.68%
2026-02-20 14:39:10 KST | INFO | 
2026-02-20 14:39:10 KST | INFO | Epoch 32/200 | LR: 0.094188
2026-02-20 14:40:23 KST | INFO |   Train Loss: 0.2097 | Test Loss: 0.0015 | Test Acc: 86.82%
2026-02-20 14:40:23 KST | INFO |   No improvement (1/30)
2026-02-20 14:40:23 KST | INFO | 
2026-02-20 14:40:23 KST | INFO | Epoch 33/200 | LR: 0.093815
2026-02-20 14:41:31 KST | INFO |   Train Loss: 0.2073 | Test Loss: 0.0011 | Test Acc: 90.80%
2026-02-20 14:41:31 KST | INFO |   🏆 New best accuracy: 90.80%
2026-02-20 14:41:31 KST | INFO | 
2026-02-20 14:41:31 KST | INFO | Epoch 34/200 | LR: 0.093432
2026-02-20 14:42:37 KST | INFO |   Train Loss: 0.1983 | Test Loss: 0.0013 | Test Acc: 88.32%
2026-02-20 14:42:37 KST | INFO |   No improvement (1/30)
2026-02-20 14:42:37 KST | INFO | 
2026-02-20 14:42:37 KST | INFO | Epoch 35/200 | LR: 0.093037
2026-02-20 14:43:50 KST | INFO |   Train Loss: 0.2041 | Test Loss: 0.0014 | Test Acc: 88.32%
2026-02-20 14:43:50 KST | INFO |   No improvement (2/30)
2026-02-20 14:43:50 KST | INFO | 
2026-02-20 14:43:50 KST | INFO | Epoch 36/200 | LR: 0.092632
2026-02-20 14:45:03 KST | INFO |   Train Loss: 0.1895 | Test Loss: 0.0013 | Test Acc: 88.24%
2026-02-20 14:45:03 KST | INFO |   No improvement (3/30)
2026-02-20 14:45:03 KST | INFO | 
2026-02-20 14:45:03 KST | INFO | Epoch 37/200 | LR: 0.092216
2026-02-20 14:46:12 KST | INFO |   Train Loss: 0.1929 | Test Loss: 0.0011 | Test Acc: 90.68%
2026-02-20 14:46:12 KST | INFO |   No improvement (4/30)
2026-02-20 14:46:12 KST | INFO | 
2026-02-20 14:46:12 KST | INFO | Epoch 38/200 | LR: 0.091790
2026-02-20 14:47:21 KST | INFO |   Train Loss: 0.1881 | Test Loss: 0.0011 | Test Acc: 90.46%
2026-02-20 14:47:21 KST | INFO |   No improvement (5/30)
2026-02-20 14:47:21 KST | INFO | 
2026-02-20 14:47:21 KST | INFO | Epoch 39/200 | LR: 0.091354
2026-02-20 14:48:34 KST | INFO |   Train Loss: 0.1905 | Test Loss: 0.0014 | Test Acc: 87.56%
2026-02-20 14:48:34 KST | INFO |   No improvement (6/30)
2026-02-20 14:48:34 KST | INFO | 
2026-02-20 14:48:34 KST | INFO | Epoch 40/200 | LR: 0.090908
2026-02-20 14:49:47 KST | INFO |   Train Loss: 0.1819 | Test Loss: 0.0015 | Test Acc: 86.70%
2026-02-20 14:49:47 KST | INFO |   No improvement (7/30)
2026-02-20 14:49:47 KST | INFO | 
2026-02-20 14:49:47 KST | INFO | Epoch 41/200 | LR: 0.090451
2026-02-20 14:50:55 KST | INFO |   Train Loss: 0.1818 | Test Loss: 0.0013 | Test Acc: 88.88%
2026-02-20 14:50:55 KST | INFO |   No improvement (8/30)
2026-02-20 14:50:55 KST | INFO | 
2026-02-20 14:50:55 KST | INFO | Epoch 42/200 | LR: 0.089984
2026-02-20 14:52:03 KST | INFO |   Train Loss: 0.1887 | Test Loss: 0.0012 | Test Acc: 89.92%
2026-02-20 14:52:03 KST | INFO |   No improvement (9/30)
2026-02-20 14:52:03 KST | INFO | 
2026-02-20 14:52:03 KST | INFO | Epoch 43/200 | LR: 0.089508
2026-02-20 14:53:17 KST | INFO |   Train Loss: 0.1791 | Test Loss: 0.0011 | Test Acc: 90.72%
2026-02-20 14:53:17 KST | INFO |   No improvement (10/30)
2026-02-20 14:53:17 KST | INFO | 
2026-02-20 14:53:17 KST | INFO | Epoch 44/200 | LR: 0.089022
2026-02-20 14:54:24 KST | INFO |   Train Loss: 0.1733 | Test Loss: 0.0011 | Test Acc: 90.56%
2026-02-20 14:54:24 KST | INFO |   No improvement (11/30)
2026-02-20 14:54:24 KST | INFO | 
2026-02-20 14:54:24 KST | INFO | Epoch 45/200 | LR: 0.088526
2026-02-20 14:55:37 KST | INFO |   Train Loss: 0.1738 | Test Loss: 0.0012 | Test Acc: 89.82%
2026-02-20 14:55:37 KST | INFO |   No improvement (12/30)
2026-02-20 14:55:37 KST | INFO | 
2026-02-20 14:55:37 KST | INFO | Epoch 46/200 | LR: 0.088020
2026-02-20 14:56:45 KST | INFO |   Train Loss: 0.1682 | Test Loss: 0.0010 | Test Acc: 91.04%
2026-02-20 14:56:45 KST | INFO |   🏆 New best accuracy: 91.04%
2026-02-20 14:56:45 KST | INFO | 
2026-02-20 14:56:45 KST | INFO | Epoch 47/200 | LR: 0.087506
2026-02-20 14:57:59 KST | INFO |   Train Loss: 0.1711 | Test Loss: 0.0011 | Test Acc: 90.38%
2026-02-20 14:57:59 KST | INFO |   No improvement (1/30)
2026-02-20 14:57:59 KST | INFO | 
2026-02-20 14:57:59 KST | INFO | Epoch 48/200 | LR: 0.086982
2026-02-20 14:59:07 KST | INFO |   Train Loss: 0.1678 | Test Loss: 0.0012 | Test Acc: 89.96%
2026-02-20 14:59:07 KST | INFO |   No improvement (2/30)
2026-02-20 14:59:07 KST | INFO | 
2026-02-20 14:59:07 KST | INFO | Epoch 49/200 | LR: 0.086449
2026-02-20 15:00:14 KST | INFO |   Train Loss: 0.1634 | Test Loss: 0.0014 | Test Acc: 88.36%
2026-02-20 15:00:14 KST | INFO |   No improvement (3/30)
2026-02-20 15:00:14 KST | INFO | 
2026-02-20 15:00:14 KST | INFO | Epoch 50/200 | LR: 0.085906
2026-02-20 15:01:28 KST | INFO |   Train Loss: 0.1654 | Test Loss: 0.0013 | Test Acc: 88.36%
2026-02-20 15:01:28 KST | INFO |   No improvement (4/30)
2026-02-20 15:01:28 KST | INFO | 
2026-02-20 15:01:28 KST | INFO | Epoch 51/200 | LR: 0.085355
2026-02-20 15:02:36 KST | INFO |   Train Loss: 0.1631 | Test Loss: 0.0012 | Test Acc: 89.66%
2026-02-20 15:02:36 KST | INFO |   No improvement (5/30)
2026-02-20 15:02:36 KST | INFO | 
2026-02-20 15:02:36 KST | INFO | Epoch 52/200 | LR: 0.084796
2026-02-20 15:03:49 KST | INFO |   Train Loss: 0.1575 | Test Loss: 0.0013 | Test Acc: 89.00%
2026-02-20 15:03:49 KST | INFO |   No improvement (6/30)
2026-02-20 15:03:49 KST | INFO | 
2026-02-20 15:03:49 KST | INFO | Epoch 53/200 | LR: 0.084228
2026-02-20 15:04:57 KST | INFO |   Train Loss: 0.1532 | Test Loss: 0.0013 | Test Acc: 88.70%
2026-02-20 15:04:57 KST | INFO |   No improvement (7/30)
2026-02-20 15:04:57 KST | INFO | 
2026-02-20 15:04:57 KST | INFO | Epoch 54/200 | LR: 0.083651
2026-02-20 15:06:04 KST | INFO |   Train Loss: 0.1577 | Test Loss: 0.0011 | Test Acc: 90.74%
2026-02-20 15:06:04 KST | INFO |   No improvement (8/30)
2026-02-20 15:06:04 KST | INFO | 
2026-02-20 15:06:04 KST | INFO | Epoch 55/200 | LR: 0.083066
2026-02-20 15:07:14 KST | INFO |   Train Loss: 0.1572 | Test Loss: 0.0010 | Test Acc: 91.58%
2026-02-20 15:07:14 KST | INFO |   🏆 New best accuracy: 91.58%
2026-02-20 15:07:14 KST | INFO | 
2026-02-20 15:07:14 KST | INFO | Epoch 56/200 | LR: 0.082473
2026-02-20 15:08:22 KST | INFO |   Train Loss: 0.1544 | Test Loss: 0.0011 | Test Acc: 90.84%
2026-02-20 15:08:22 KST | INFO |   No improvement (1/30)
2026-02-20 15:08:22 KST | INFO | 
2026-02-20 15:08:22 KST | INFO | Epoch 57/200 | LR: 0.081871
2026-02-20 15:09:30 KST | INFO |   Train Loss: 0.1472 | Test Loss: 0.0011 | Test Acc: 90.84%
2026-02-20 15:09:30 KST | INFO |   No improvement (2/30)
2026-02-20 15:09:30 KST | INFO | 
2026-02-20 15:09:30 KST | INFO | Epoch 58/200 | LR: 0.081262
2026-02-20 15:10:44 KST | INFO |   Train Loss: 0.1437 | Test Loss: 0.0011 | Test Acc: 89.96%
2026-02-20 15:10:44 KST | INFO |   No improvement (3/30)
2026-02-20 15:10:44 KST | INFO | 
2026-02-20 15:10:44 KST | INFO | Epoch 59/200 | LR: 0.080646
2026-02-20 15:11:52 KST | INFO |   Train Loss: 0.1474 | Test Loss: 0.0011 | Test Acc: 90.58%
2026-02-20 15:11:52 KST | INFO |   No improvement (4/30)
2026-02-20 15:11:52 KST | INFO | 
2026-02-20 15:11:52 KST | INFO | Epoch 60/200 | LR: 0.080021
2026-02-20 15:13:06 KST | INFO |   Train Loss: 0.1432 | Test Loss: 0.0010 | Test Acc: 91.48%
2026-02-20 15:13:06 KST | INFO |   No improvement (5/30)
2026-02-20 15:13:06 KST | INFO | 
2026-02-20 15:13:06 KST | INFO | Epoch 61/200 | LR: 0.079389
2026-02-20 15:14:14 KST | INFO |   Train Loss: 0.1406 | Test Loss: 0.0015 | Test Acc: 87.18%
2026-02-20 15:14:14 KST | INFO |   No improvement (6/30)
2026-02-20 15:14:14 KST | INFO | 
2026-02-20 15:14:14 KST | INFO | Epoch 62/200 | LR: 0.078750
2026-02-20 15:15:28 KST | INFO |   Train Loss: 0.1438 | Test Loss: 0.0010 | Test Acc: 91.26%
2026-02-20 15:15:28 KST | INFO |   No improvement (7/30)
2026-02-20 15:15:28 KST | INFO | 
2026-02-20 15:15:28 KST | INFO | Epoch 63/200 | LR: 0.078104
2026-02-20 15:16:37 KST | INFO |   Train Loss: 0.1358 | Test Loss: 0.0011 | Test Acc: 89.78%
2026-02-20 15:16:37 KST | INFO |   No improvement (8/30)
2026-02-20 15:16:37 KST | INFO | 
2026-02-20 15:16:37 KST | INFO | Epoch 64/200 | LR: 0.077451
2026-02-20 15:17:47 KST | INFO |   Train Loss: 0.1311 | Test Loss: 0.0010 | Test Acc: 90.84%
2026-02-20 15:17:47 KST | INFO |   No improvement (9/30)
2026-02-20 15:17:47 KST | INFO | 
2026-02-20 15:17:47 KST | INFO | Epoch 65/200 | LR: 0.076792
2026-02-20 15:18:57 KST | INFO |   Train Loss: 0.1361 | Test Loss: 0.0014 | Test Acc: 88.38%
2026-02-20 15:18:57 KST | INFO |   No improvement (10/30)
2026-02-20 15:18:57 KST | INFO | 
2026-02-20 15:18:57 KST | INFO | Epoch 66/200 | LR: 0.076125
2026-02-20 15:20:12 KST | INFO |   Train Loss: 0.1328 | Test Loss: 0.0014 | Test Acc: 87.86%
2026-02-20 15:20:12 KST | INFO |   No improvement (11/30)
2026-02-20 15:20:12 KST | INFO | 
2026-02-20 15:20:12 KST | INFO | Epoch 67/200 | LR: 0.075452
2026-02-20 15:21:20 KST | INFO |   Train Loss: 0.1304 | Test Loss: 0.0013 | Test Acc: 89.72%
2026-02-20 15:21:20 KST | INFO |   No improvement (12/30)
2026-02-20 15:21:20 KST | INFO | 
2026-02-20 15:21:20 KST | INFO | Epoch 68/200 | LR: 0.074773
2026-02-20 15:22:36 KST | INFO |   Train Loss: 0.1318 | Test Loss: 0.0009 | Test Acc: 92.16%
2026-02-20 15:22:36 KST | INFO |   🏆 New best accuracy: 92.16%
2026-02-20 15:22:36 KST | INFO | 
2026-02-20 15:22:36 KST | INFO | Epoch 69/200 | LR: 0.074088
2026-02-20 15:23:45 KST | INFO |   Train Loss: 0.1234 | Test Loss: 0.0010 | Test Acc: 91.56%
2026-02-20 15:23:45 KST | INFO |   No improvement (1/30)
2026-02-20 15:23:45 KST | INFO | 
2026-02-20 15:23:45 KST | INFO | Epoch 70/200 | LR: 0.073397
2026-02-20 15:25:01 KST | INFO |   Train Loss: 0.1258 | Test Loss: 0.0011 | Test Acc: 91.02%
2026-02-20 15:25:01 KST | INFO |   No improvement (2/30)
2026-02-20 15:25:01 KST | INFO | 
2026-02-20 15:25:01 KST | INFO | Epoch 71/200 | LR: 0.072700
2026-02-20 15:26:12 KST | INFO |   Train Loss: 0.1256 | Test Loss: 0.0011 | Test Acc: 90.98%
2026-02-20 15:26:12 KST | INFO |   No improvement (3/30)
2026-02-20 15:26:12 KST | INFO | 
2026-02-20 15:26:12 KST | INFO | Epoch 72/200 | LR: 0.071997
2026-02-20 15:27:19 KST | INFO |   Train Loss: 0.1268 | Test Loss: 0.0012 | Test Acc: 90.26%
2026-02-20 15:27:19 KST | INFO |   No improvement (4/30)
2026-02-20 15:27:19 KST | INFO | 
2026-02-20 15:27:19 KST | INFO | Epoch 73/200 | LR: 0.071289
2026-02-20 15:28:32 KST | INFO |   Train Loss: 0.1203 | Test Loss: 0.0012 | Test Acc: 90.36%
2026-02-20 15:28:32 KST | INFO |   No improvement (5/30)
2026-02-20 15:28:32 KST | INFO | 
2026-02-20 15:28:32 KST | INFO | Epoch 74/200 | LR: 0.070576
2026-02-20 15:29:39 KST | INFO |   Train Loss: 0.1194 | Test Loss: 0.0011 | Test Acc: 90.88%
2026-02-20 15:29:39 KST | INFO |   No improvement (6/30)
2026-02-20 15:29:39 KST | INFO | 
2026-02-20 15:29:39 KST | INFO | Epoch 75/200 | LR: 0.069858
2026-02-20 15:30:46 KST | INFO |   Train Loss: 0.1128 | Test Loss: 0.0010 | Test Acc: 91.42%
2026-02-20 15:30:46 KST | INFO |   No improvement (7/30)
2026-02-20 15:30:46 KST | INFO | 
2026-02-20 15:30:46 KST | INFO | Epoch 76/200 | LR: 0.069134
2026-02-20 15:32:00 KST | INFO |   Train Loss: 0.1122 | Test Loss: 0.0017 | Test Acc: 86.68%
2026-02-20 15:32:00 KST | INFO |   No improvement (8/30)
2026-02-20 15:32:00 KST | INFO | 
2026-02-20 15:32:00 KST | INFO | Epoch 77/200 | LR: 0.068407
2026-02-20 15:33:07 KST | INFO |   Train Loss: 0.1167 | Test Loss: 0.0010 | Test Acc: 91.02%
2026-02-20 15:33:07 KST | INFO |   No improvement (9/30)
2026-02-20 15:33:07 KST | INFO | 
2026-02-20 15:33:07 KST | INFO | Epoch 78/200 | LR: 0.067674
2026-02-20 15:34:15 KST | INFO |   Train Loss: 0.1092 | Test Loss: 0.0014 | Test Acc: 88.76%
2026-02-20 15:34:15 KST | INFO |   No improvement (10/30)
2026-02-20 15:34:15 KST | INFO | 
2026-02-20 15:34:15 KST | INFO | Epoch 79/200 | LR: 0.066937
2026-02-20 15:35:33 KST | INFO |   Train Loss: 0.1095 | Test Loss: 0.0010 | Test Acc: 91.24%
2026-02-20 15:35:33 KST | INFO |   No improvement (11/30)
2026-02-20 15:35:33 KST | INFO | 
2026-02-20 15:35:33 KST | INFO | Epoch 80/200 | LR: 0.066196
2026-02-20 15:36:41 KST | INFO |   Train Loss: 0.1082 | Test Loss: 0.0012 | Test Acc: 90.36%
2026-02-20 15:36:41 KST | INFO |   No improvement (12/30)
2026-02-20 15:36:41 KST | INFO | 
2026-02-20 15:36:41 KST | INFO | Epoch 81/200 | LR: 0.065451
2026-02-20 15:37:49 KST | INFO |   Train Loss: 0.1063 | Test Loss: 0.0011 | Test Acc: 91.42%
2026-02-20 15:37:49 KST | INFO |   No improvement (13/30)
2026-02-20 15:37:49 KST | INFO | 
2026-02-20 15:37:49 KST | INFO | Epoch 82/200 | LR: 0.064702
2026-02-20 15:39:01 KST | INFO |   Train Loss: 0.1047 | Test Loss: 0.0011 | Test Acc: 91.04%
2026-02-20 15:39:01 KST | INFO |   No improvement (14/30)
2026-02-20 15:39:01 KST | INFO | 
2026-02-20 15:39:01 KST | INFO | Epoch 83/200 | LR: 0.063950
2026-02-20 15:40:09 KST | INFO |   Train Loss: 0.1040 | Test Loss: 0.0010 | Test Acc: 91.70%
2026-02-20 15:40:09 KST | INFO |   No improvement (15/30)
2026-02-20 15:40:09 KST | INFO | 
2026-02-20 15:40:09 KST | INFO | Epoch 84/200 | LR: 0.063194
2026-02-20 15:41:22 KST | INFO |   Train Loss: 0.1024 | Test Loss: 0.0010 | Test Acc: 91.30%
2026-02-20 15:41:22 KST | INFO |   No improvement (16/30)
2026-02-20 15:41:22 KST | INFO | 
2026-02-20 15:41:22 KST | INFO | Epoch 85/200 | LR: 0.062435
2026-02-20 15:42:29 KST | INFO |   Train Loss: 0.1032 | Test Loss: 0.0012 | Test Acc: 90.50%
2026-02-20 15:42:29 KST | INFO |   No improvement (17/30)
2026-02-20 15:42:29 KST | INFO | 
2026-02-20 15:42:29 KST | INFO | Epoch 86/200 | LR: 0.061673
2026-02-20 15:43:36 KST | INFO |   Train Loss: 0.0974 | Test Loss: 0.0011 | Test Acc: 91.38%
2026-02-20 15:43:36 KST | INFO |   No improvement (18/30)
2026-02-20 15:43:36 KST | INFO | 
2026-02-20 15:43:36 KST | INFO | Epoch 87/200 | LR: 0.060908
2026-02-20 15:44:50 KST | INFO |   Train Loss: 0.0975 | Test Loss: 0.0012 | Test Acc: 89.42%
2026-02-20 15:44:50 KST | INFO |   No improvement (19/30)
2026-02-20 15:44:50 KST | INFO | 
2026-02-20 15:44:50 KST | INFO | Epoch 88/200 | LR: 0.060140
2026-02-20 15:46:04 KST | INFO |   Train Loss: 0.1020 | Test Loss: 0.0012 | Test Acc: 90.24%
2026-02-20 15:46:04 KST | INFO |   No improvement (20/30)
2026-02-20 15:46:04 KST | INFO | 
2026-02-20 15:46:04 KST | INFO | Epoch 89/200 | LR: 0.059369
2026-02-20 15:47:12 KST | INFO |   Train Loss: 0.0965 | Test Loss: 0.0011 | Test Acc: 90.88%
2026-02-20 15:47:12 KST | INFO |   No improvement (21/30)
2026-02-20 15:47:12 KST | INFO | 
2026-02-20 15:47:12 KST | INFO | Epoch 90/200 | LR: 0.058597
2026-02-20 15:48:26 KST | INFO |   Train Loss: 0.0918 | Test Loss: 0.0010 | Test Acc: 92.10%
2026-02-20 15:48:26 KST | INFO |   No improvement (22/30)
2026-02-20 15:48:26 KST | INFO | 
2026-02-20 15:48:26 KST | INFO | Epoch 91/200 | LR: 0.057822
2026-02-20 15:49:40 KST | INFO |   Train Loss: 0.0951 | Test Loss: 0.0012 | Test Acc: 89.96%
2026-02-20 15:49:40 KST | INFO |   No improvement (23/30)
2026-02-20 15:49:40 KST | INFO | 
2026-02-20 15:49:40 KST | INFO | Epoch 92/200 | LR: 0.057045
2026-02-20 15:50:48 KST | INFO |   Train Loss: 0.0904 | Test Loss: 0.0010 | Test Acc: 91.34%
2026-02-20 15:50:48 KST | INFO |   No improvement (24/30)
2026-02-20 15:50:48 KST | INFO | 
2026-02-20 15:50:48 KST | INFO | Epoch 93/200 | LR: 0.056267
2026-02-20 15:52:01 KST | INFO |   Train Loss: 0.0883 | Test Loss: 0.0010 | Test Acc: 91.92%
2026-02-20 15:52:01 KST | INFO |   No improvement (25/30)
2026-02-20 15:52:01 KST | INFO | 
2026-02-20 15:52:01 KST | INFO | Epoch 94/200 | LR: 0.055487
2026-02-20 15:53:09 KST | INFO |   Train Loss: 0.0890 | Test Loss: 0.0010 | Test Acc: 91.78%
2026-02-20 15:53:09 KST | INFO |   No improvement (26/30)
2026-02-20 15:53:09 KST | INFO | 
2026-02-20 15:53:09 KST | INFO | Epoch 95/200 | LR: 0.054706
2026-02-20 15:54:19 KST | INFO |   Train Loss: 0.0840 | Test Loss: 0.0015 | Test Acc: 88.58%
2026-02-20 15:54:19 KST | INFO |   No improvement (27/30)
2026-02-20 15:54:19 KST | INFO | 
2026-02-20 15:54:19 KST | INFO | Epoch 96/200 | LR: 0.053923
2026-02-20 15:55:35 KST | INFO |   Train Loss: 0.0850 | Test Loss: 0.0010 | Test Acc: 92.12%
2026-02-20 15:55:35 KST | INFO |   No improvement (28/30)
2026-02-20 15:55:35 KST | INFO | 
2026-02-20 15:55:35 KST | INFO | Epoch 97/200 | LR: 0.053140
2026-02-20 15:56:47 KST | INFO |   Train Loss: 0.0842 | Test Loss: 0.0013 | Test Acc: 89.68%
2026-02-20 15:56:47 KST | INFO |   No improvement (29/30)
2026-02-20 15:56:47 KST | INFO | 
2026-02-20 15:56:47 KST | INFO | Epoch 98/200 | LR: 0.052356
2026-02-20 15:57:55 KST | INFO |   Train Loss: 0.0812 | Test Loss: 0.0010 | Test Acc: 91.64%
2026-02-20 15:57:55 KST | INFO |   No improvement (30/30)
2026-02-20 15:57:55 KST | INFO | 
2026-02-20 15:57:55 KST | INFO | Early stopping after 30 epochs without improvement
2026-02-20 15:57:55 KST | INFO | 
2026-02-20 15:57:55 KST | INFO | ================================================================================
2026-02-20 15:57:55 KST | INFO | TRAINING COMPLETE
2026-02-20 15:57:55 KST | INFO | ================================================================================
2026-02-20 15:57:55 KST | INFO | Best accuracy:  92.16% (Epoch 68)
2026-02-20 15:57:55 KST | INFO | Final accuracy: 91.64%
2026-02-20 15:57:55 KST | INFO | ================================================================================
2026-02-20 15:57:55 KST | INFO | 
2026-02-20 15:57:55 KST | INFO | Notifying nodes of completion...
2026-02-20 15:57:56 KST | INFO | ✓ Nodes notified
2026-02-20 15:57:56 KST | INFO | 
2026-02-20 15:57:56 KST | INFO | Closing connections...
2026-02-20 15:57:56 KST | INFO | ✓ Cleanup complete
2026-02-20 15:57:56 KST | INFO | 
2026-02-20 15:57:56 KST | INFO | Full log: logs/TL++_secure_20260220_140237.log
2026-02-20 15:57:56 KST | INFO | ================================================================================
