2026-02-04 15:12:51 KST | INFO | ================================================================================
2026-02-04 15:12:51 KST | INFO | TL++ Orchestrator
2026-02-04 15:12:51 KST | INFO | ================================================================================
2026-02-04 15:12:51 KST | INFO | Log file: logs/TL++_base_20260204_151251.log
2026-02-04 15:12:51 KST | INFO | 
2026-02-04 15:12:51 KST | INFO | --------------------------------------------------------------------------------
2026-02-04 15:12:51 KST | INFO | CONFIGURATION
2026-02-04 15:12:51 KST | INFO | --------------------------------------------------------------------------------
2026-02-04 15:12:51 KST | INFO | Secure mode:      False
2026-02-04 15:12:51 KST | INFO | Nodes:            5
2026-02-04 15:12:51 KST | INFO | Cut layer:        1
2026-02-04 15:12:51 KST | INFO | Batch size:       128
2026-02-04 15:12:51 KST | INFO | Learning rate:    0.1
2026-02-04 15:12:51 KST | INFO | 
2026-02-04 15:12:51 KST | INFO | Computation device: cuda
2026-02-04 15:12:51 KST | INFO | Secure mode: DISABLED
2026-02-04 15:12:51 KST | INFO | 
2026-02-04 15:12:51 KST | INFO | --------------------------------------------------------------------------------
2026-02-04 15:12:51 KST | INFO | NETWORK SETUP
2026-02-04 15:12:51 KST | INFO | --------------------------------------------------------------------------------
2026-02-04 15:12:51 KST | INFO | ✓ Orchestrator listening on 127.0.0.1:8080
2026-02-04 15:12:51 KST | INFO | Waiting for 5 node(s)...
2026-02-04 15:12:54 KST | INFO |   ✓ Node 1/5 connected
2026-02-04 15:12:56 KST | INFO |   ✓ Node 2/5 connected
2026-02-04 15:12:57 KST | INFO |   ✓ Node 3/5 connected
2026-02-04 15:12:58 KST | INFO |   ✓ Node 4/5 connected
2026-02-04 15:12:58 KST | INFO |   ✓ Node 5/5 connected
2026-02-04 15:12:58 KST | INFO | ✓ All 5 node(s) connected
2026-02-04 15:12:58 KST | INFO | 
2026-02-04 15:12:58 KST | INFO | --------------------------------------------------------------------------------
2026-02-04 15:12:58 KST | INFO | MODEL INITIALIZATION
2026-02-04 15:12:58 KST | INFO | --------------------------------------------------------------------------------
2026-02-04 15:12:58 KST | INFO | Node-side parameters: 38,720
2026-02-04 15:12:58 KST | INFO | 
2026-02-04 15:12:58 KST | INFO | --------------------------------------------------------------------------------
2026-02-04 15:12:58 KST | INFO | BROADCASTING CONFIGURATION
2026-02-04 15:12:58 KST | INFO | --------------------------------------------------------------------------------
2026-02-04 15:12:58 KST | INFO | ✓ Configuration broadcast to all nodes
2026-02-04 15:13:00 KST | INFO | 
2026-02-04 15:13:00 KST | INFO | Total parameters:     3,245,637
2026-02-04 15:13:00 KST | INFO | Trainable parameters: 3,245,637
2026-02-04 15:13:00 KST | INFO | 
2026-02-04 15:13:00 KST | INFO | --------------------------------------------------------------------------------
2026-02-04 15:13:00 KST | INFO | DATA LOADING
2026-02-04 15:13:00 KST | INFO | --------------------------------------------------------------------------------
2026-02-04 15:13:27 KST | INFO | ✓ Dataset information collected:
2026-02-04 15:13:27 KST | INFO |     Node 1: 5,000 samples
2026-02-04 15:13:27 KST | INFO |     Node 2: 5,000 samples
2026-02-04 15:13:27 KST | INFO |     Node 3: 5,000 samples
2026-02-04 15:13:27 KST | INFO |     Node 4: 5,000 samples
2026-02-04 15:13:27 KST | INFO |     Node 5: 5,000 samples
2026-02-04 15:13:27 KST | INFO |   Total training samples: 25,000
2026-02-04 15:13:27 KST | INFO | 
2026-02-04 15:13:30 KST | INFO | ✓ Test dataset loaded: 5,000 samples
2026-02-04 15:13:30 KST | INFO | 
2026-02-04 15:13:30 KST | INFO | ✓ Batch scheduler: 196 batches/epoch
2026-02-04 15:13:30 KST | INFO | 
2026-02-04 15:13:30 KST | INFO | --------------------------------------------------------------------------------
2026-02-04 15:13:30 KST | INFO | OPTIMIZATION SETUP
2026-02-04 15:13:30 KST | INFO | --------------------------------------------------------------------------------
2026-02-04 15:13:30 KST | INFO | ✓ Optimizer: SGD (lr=0.1, momentum=0.9)
2026-02-04 15:13:30 KST | INFO | ✓ Scheduler: cosine
2026-02-04 15:13:30 KST | INFO | ✓ Gradient clipping: 1.0
2026-02-04 15:13:30 KST | INFO | 
2026-02-04 15:13:30 KST | INFO | ================================================================================
2026-02-04 15:13:30 KST | INFO | Setup complete - Ready for training
2026-02-04 15:13:30 KST | INFO | ================================================================================
2026-02-04 15:13:30 KST | INFO | 
2026-02-04 15:13:30 KST | INFO | --------------------------------------------------------------------------------
2026-02-04 15:13:30 KST | INFO | TRAINING
2026-02-04 15:13:30 KST | INFO | --------------------------------------------------------------------------------
2026-02-04 15:13:30 KST | INFO | 
2026-02-04 15:13:30 KST | INFO | Epoch 1/200 | LR: 0.100000
2026-02-04 15:13:42 KST | INFO |   Train Loss: 1.1982 | Test Loss: 0.0035 | Test Acc: 63.84%
2026-02-04 15:13:42 KST | INFO |   🏆 New best accuracy: 63.84%
2026-02-04 15:13:42 KST | INFO | 
2026-02-04 15:13:42 KST | INFO | Epoch 2/200 | LR: 0.099994
2026-02-04 15:13:52 KST | INFO |   Train Loss: 0.8900 | Test Loss: 0.0031 | Test Acc: 69.92%
2026-02-04 15:13:52 KST | INFO |   🏆 New best accuracy: 69.92%
2026-02-04 15:13:52 KST | INFO | 
2026-02-04 15:13:52 KST | INFO | Epoch 3/200 | LR: 0.099975
2026-02-04 15:14:03 KST | INFO |   Train Loss: 0.7386 | Test Loss: 0.0026 | Test Acc: 75.00%
2026-02-04 15:14:03 KST | INFO |   🏆 New best accuracy: 75.00%
2026-02-04 15:14:03 KST | INFO | 
2026-02-04 15:14:03 KST | INFO | Epoch 4/200 | LR: 0.099944
2026-02-04 15:14:13 KST | INFO |   Train Loss: 0.6392 | Test Loss: 0.0022 | Test Acc: 78.64%
2026-02-04 15:14:13 KST | INFO |   🏆 New best accuracy: 78.64%
2026-02-04 15:14:13 KST | INFO | 
2026-02-04 15:14:13 KST | INFO | Epoch 5/200 | LR: 0.099901
2026-02-04 15:14:24 KST | INFO |   Train Loss: 0.5577 | Test Loss: 0.0020 | Test Acc: 81.70%
2026-02-04 15:14:24 KST | INFO |   🏆 New best accuracy: 81.70%
2026-02-04 15:14:24 KST | INFO | 
2026-02-04 15:14:24 KST | INFO | Epoch 6/200 | LR: 0.099846
2026-02-04 15:14:34 KST | INFO |   Train Loss: 0.5023 | Test Loss: 0.0023 | Test Acc: 77.72%
2026-02-04 15:14:34 KST | INFO |   No improvement (1/30)
2026-02-04 15:14:34 KST | INFO | 
2026-02-04 15:14:34 KST | INFO | Epoch 7/200 | LR: 0.099778
2026-02-04 15:14:45 KST | INFO |   Train Loss: 0.4681 | Test Loss: 0.0018 | Test Acc: 82.96%
2026-02-04 15:14:45 KST | INFO |   🏆 New best accuracy: 82.96%
2026-02-04 15:14:45 KST | INFO | 
2026-02-04 15:14:45 KST | INFO | Epoch 8/200 | LR: 0.099698
2026-02-04 15:14:55 KST | INFO |   Train Loss: 0.4302 | Test Loss: 0.0016 | Test Acc: 85.64%
2026-02-04 15:14:55 KST | INFO |   🏆 New best accuracy: 85.64%
2026-02-04 15:14:55 KST | INFO | 
2026-02-04 15:14:55 KST | INFO | Epoch 9/200 | LR: 0.099606
2026-02-04 15:15:06 KST | INFO |   Train Loss: 0.4016 | Test Loss: 0.0016 | Test Acc: 85.92%
2026-02-04 15:15:06 KST | INFO |   🏆 New best accuracy: 85.92%
2026-02-04 15:15:06 KST | INFO | 
2026-02-04 15:15:06 KST | INFO | Epoch 10/200 | LR: 0.099501
2026-02-04 15:15:16 KST | INFO |   Train Loss: 0.3843 | Test Loss: 0.0016 | Test Acc: 86.22%
2026-02-04 15:15:16 KST | INFO |   🏆 New best accuracy: 86.22%
2026-02-04 15:15:16 KST | INFO | 
2026-02-04 15:15:16 KST | INFO | Epoch 11/200 | LR: 0.099384
2026-02-04 15:15:27 KST | INFO |   Train Loss: 0.3665 | Test Loss: 0.0016 | Test Acc: 84.24%
2026-02-04 15:15:27 KST | INFO |   No improvement (1/30)
2026-02-04 15:15:27 KST | INFO | 
2026-02-04 15:15:27 KST | INFO | Epoch 12/200 | LR: 0.099255
2026-02-04 15:15:37 KST | INFO |   Train Loss: 0.3425 | Test Loss: 0.0015 | Test Acc: 87.20%
2026-02-04 15:15:37 KST | INFO |   🏆 New best accuracy: 87.20%
2026-02-04 15:15:37 KST | INFO | 
2026-02-04 15:15:37 KST | INFO | Epoch 13/200 | LR: 0.099114
2026-02-04 15:15:48 KST | INFO |   Train Loss: 0.3271 | Test Loss: 0.0014 | Test Acc: 87.32%
2026-02-04 15:15:48 KST | INFO |   🏆 New best accuracy: 87.32%
2026-02-04 15:15:48 KST | INFO | 
2026-02-04 15:15:48 KST | INFO | Epoch 14/200 | LR: 0.098961
2026-02-04 15:15:58 KST | INFO |   Train Loss: 0.3191 | Test Loss: 0.0015 | Test Acc: 87.60%
2026-02-04 15:15:58 KST | INFO |   🏆 New best accuracy: 87.60%
2026-02-04 15:15:58 KST | INFO | 
2026-02-04 15:15:58 KST | INFO | Epoch 15/200 | LR: 0.098796
2026-02-04 15:16:09 KST | INFO |   Train Loss: 0.3015 | Test Loss: 0.0016 | Test Acc: 86.22%
2026-02-04 15:16:09 KST | INFO |   No improvement (1/30)
2026-02-04 15:16:09 KST | INFO | 
2026-02-04 15:16:09 KST | INFO | Epoch 16/200 | LR: 0.098619
2026-02-04 15:16:19 KST | INFO |   Train Loss: 0.2969 | Test Loss: 0.0015 | Test Acc: 86.98%
2026-02-04 15:16:19 KST | INFO |   No improvement (2/30)
2026-02-04 15:16:19 KST | INFO | 
2026-02-04 15:16:19 KST | INFO | Epoch 17/200 | LR: 0.098429
2026-02-04 15:16:30 KST | INFO |   Train Loss: 0.2863 | Test Loss: 0.0013 | Test Acc: 88.46%
2026-02-04 15:16:30 KST | INFO |   🏆 New best accuracy: 88.46%
2026-02-04 15:16:30 KST | INFO | 
2026-02-04 15:16:30 KST | INFO | Epoch 18/200 | LR: 0.098228
2026-02-04 15:16:40 KST | INFO |   Train Loss: 0.2793 | Test Loss: 0.0015 | Test Acc: 86.58%
2026-02-04 15:16:40 KST | INFO |   No improvement (1/30)
2026-02-04 15:16:40 KST | INFO | 
2026-02-04 15:16:40 KST | INFO | Epoch 19/200 | LR: 0.098015
2026-02-04 15:16:51 KST | INFO |   Train Loss: 0.2676 | Test Loss: 0.0017 | Test Acc: 86.08%
2026-02-04 15:16:51 KST | INFO |   No improvement (2/30)
2026-02-04 15:16:51 KST | INFO | 
2026-02-04 15:16:51 KST | INFO | Epoch 20/200 | LR: 0.097790
2026-02-04 15:17:01 KST | INFO |   Train Loss: 0.2620 | Test Loss: 0.0011 | Test Acc: 89.68%
2026-02-04 15:17:01 KST | INFO |   🏆 New best accuracy: 89.68%
2026-02-04 15:17:01 KST | INFO | 
2026-02-04 15:17:01 KST | INFO | Epoch 21/200 | LR: 0.097553
2026-02-04 15:17:12 KST | INFO |   Train Loss: 0.2539 | Test Loss: 0.0018 | Test Acc: 84.58%
2026-02-04 15:17:12 KST | INFO |   No improvement (1/30)
2026-02-04 15:17:12 KST | INFO | 
2026-02-04 15:17:12 KST | INFO | Epoch 22/200 | LR: 0.097304
2026-02-04 15:17:22 KST | INFO |   Train Loss: 0.2531 | Test Loss: 0.0012 | Test Acc: 89.54%
2026-02-04 15:17:22 KST | INFO |   No improvement (2/30)
2026-02-04 15:17:22 KST | INFO | 
2026-02-04 15:17:22 KST | INFO | Epoch 23/200 | LR: 0.097044
2026-02-04 15:17:32 KST | INFO |   Train Loss: 0.2466 | Test Loss: 0.0017 | Test Acc: 86.64%
2026-02-04 15:17:32 KST | INFO |   No improvement (3/30)
2026-02-04 15:17:32 KST | INFO | 
2026-02-04 15:17:32 KST | INFO | Epoch 24/200 | LR: 0.096772
2026-02-04 15:17:43 KST | INFO |   Train Loss: 0.2379 | Test Loss: 0.0011 | Test Acc: 90.40%
2026-02-04 15:17:43 KST | INFO |   🏆 New best accuracy: 90.40%
2026-02-04 15:17:43 KST | INFO | 
2026-02-04 15:17:43 KST | INFO | Epoch 25/200 | LR: 0.096489
2026-02-04 15:17:54 KST | INFO |   Train Loss: 0.2356 | Test Loss: 0.0012 | Test Acc: 89.82%
2026-02-04 15:17:54 KST | INFO |   No improvement (1/30)
2026-02-04 15:17:54 KST | INFO | 
2026-02-04 15:17:54 KST | INFO | Epoch 26/200 | LR: 0.096194
2026-02-04 15:18:04 KST | INFO |   Train Loss: 0.2272 | Test Loss: 0.0013 | Test Acc: 90.00%
2026-02-04 15:18:04 KST | INFO |   No improvement (2/30)
2026-02-04 15:18:04 KST | INFO | 
2026-02-04 15:18:04 KST | INFO | Epoch 27/200 | LR: 0.095888
2026-02-04 15:18:15 KST | INFO |   Train Loss: 0.2318 | Test Loss: 0.0013 | Test Acc: 88.62%
2026-02-04 15:18:15 KST | INFO |   No improvement (3/30)
2026-02-04 15:18:15 KST | INFO | 
2026-02-04 15:18:15 KST | INFO | Epoch 28/200 | LR: 0.095570
2026-02-04 15:18:25 KST | INFO |   Train Loss: 0.2193 | Test Loss: 0.0011 | Test Acc: 91.04%
2026-02-04 15:18:25 KST | INFO |   🏆 New best accuracy: 91.04%
2026-02-04 15:18:25 KST | INFO | 
2026-02-04 15:18:25 KST | INFO | Epoch 29/200 | LR: 0.095241
2026-02-04 15:18:36 KST | INFO |   Train Loss: 0.2173 | Test Loss: 0.0011 | Test Acc: 90.68%
2026-02-04 15:18:36 KST | INFO |   No improvement (1/30)
2026-02-04 15:18:36 KST | INFO | 
2026-02-04 15:18:36 KST | INFO | Epoch 30/200 | LR: 0.094901
2026-02-04 15:18:47 KST | INFO |   Train Loss: 0.2135 | Test Loss: 0.0011 | Test Acc: 90.94%
2026-02-04 15:18:47 KST | INFO |   No improvement (2/30)
2026-02-04 15:18:47 KST | INFO | 
2026-02-04 15:18:47 KST | INFO | Epoch 31/200 | LR: 0.094550
2026-02-04 15:18:58 KST | INFO |   Train Loss: 0.2101 | Test Loss: 0.0016 | Test Acc: 85.64%
2026-02-04 15:18:58 KST | INFO |   No improvement (3/30)
2026-02-04 15:18:58 KST | INFO | 
2026-02-04 15:18:58 KST | INFO | Epoch 32/200 | LR: 0.094188
2026-02-04 15:19:08 KST | INFO |   Train Loss: 0.2066 | Test Loss: 0.0010 | Test Acc: 91.66%
2026-02-04 15:19:08 KST | INFO |   🏆 New best accuracy: 91.66%
2026-02-04 15:19:08 KST | INFO | 
2026-02-04 15:19:08 KST | INFO | Epoch 33/200 | LR: 0.093815
2026-02-04 15:19:19 KST | INFO |   Train Loss: 0.2002 | Test Loss: 0.0011 | Test Acc: 90.52%
2026-02-04 15:19:19 KST | INFO |   No improvement (1/30)
2026-02-04 15:19:19 KST | INFO | 
2026-02-04 15:19:19 KST | INFO | Epoch 34/200 | LR: 0.093432
2026-02-04 15:19:30 KST | INFO |   Train Loss: 0.1988 | Test Loss: 0.0010 | Test Acc: 90.98%
2026-02-04 15:19:30 KST | INFO |   No improvement (2/30)
2026-02-04 15:19:30 KST | INFO | 
2026-02-04 15:19:30 KST | INFO | Epoch 35/200 | LR: 0.093037
2026-02-04 15:19:40 KST | INFO |   Train Loss: 0.1970 | Test Loss: 0.0013 | Test Acc: 89.06%
2026-02-04 15:19:40 KST | INFO |   No improvement (3/30)
2026-02-04 15:19:40 KST | INFO | 
2026-02-04 15:19:40 KST | INFO | Epoch 36/200 | LR: 0.092632
2026-02-04 15:19:51 KST | INFO |   Train Loss: 0.1958 | Test Loss: 0.0015 | Test Acc: 88.16%
2026-02-04 15:19:51 KST | INFO |   No improvement (4/30)
2026-02-04 15:19:51 KST | INFO | 
2026-02-04 15:19:51 KST | INFO | Epoch 37/200 | LR: 0.092216
2026-02-04 15:20:01 KST | INFO |   Train Loss: 0.1923 | Test Loss: 0.0013 | Test Acc: 88.94%
2026-02-04 15:20:01 KST | INFO |   No improvement (5/30)
2026-02-04 15:20:01 KST | INFO | 
2026-02-04 15:20:01 KST | INFO | Epoch 38/200 | LR: 0.091790
2026-02-04 15:20:12 KST | INFO |   Train Loss: 0.1953 | Test Loss: 0.0012 | Test Acc: 89.74%
2026-02-04 15:20:12 KST | INFO |   No improvement (6/30)
2026-02-04 15:20:12 KST | INFO | 
2026-02-04 15:20:12 KST | INFO | Epoch 39/200 | LR: 0.091354
2026-02-04 15:20:22 KST | INFO |   Train Loss: 0.1880 | Test Loss: 0.0010 | Test Acc: 91.02%
2026-02-04 15:20:22 KST | INFO |   No improvement (7/30)
2026-02-04 15:20:22 KST | INFO | 
2026-02-04 15:20:22 KST | INFO | Epoch 40/200 | LR: 0.090908
2026-02-04 15:20:33 KST | INFO |   Train Loss: 0.1814 | Test Loss: 0.0012 | Test Acc: 90.08%
2026-02-04 15:20:33 KST | INFO |   No improvement (8/30)
2026-02-04 15:20:33 KST | INFO | 
2026-02-04 15:20:33 KST | INFO | Epoch 41/200 | LR: 0.090451
2026-02-04 15:20:44 KST | INFO |   Train Loss: 0.1853 | Test Loss: 0.0012 | Test Acc: 90.46%
2026-02-04 15:20:44 KST | INFO |   No improvement (9/30)
2026-02-04 15:20:44 KST | INFO | 
2026-02-04 15:20:44 KST | INFO | Epoch 42/200 | LR: 0.089984
2026-02-04 15:20:54 KST | INFO |   Train Loss: 0.1780 | Test Loss: 0.0012 | Test Acc: 90.34%
2026-02-04 15:20:54 KST | INFO |   No improvement (10/30)
2026-02-04 15:20:54 KST | INFO | 
2026-02-04 15:20:54 KST | INFO | Epoch 43/200 | LR: 0.089508
2026-02-04 15:21:05 KST | INFO |   Train Loss: 0.1814 | Test Loss: 0.0012 | Test Acc: 90.74%
2026-02-04 15:21:05 KST | INFO |   No improvement (11/30)
2026-02-04 15:21:05 KST | INFO | 
2026-02-04 15:21:05 KST | INFO | Epoch 44/200 | LR: 0.089022
2026-02-04 15:21:15 KST | INFO |   Train Loss: 0.1808 | Test Loss: 0.0011 | Test Acc: 90.78%
2026-02-04 15:21:15 KST | INFO |   No improvement (12/30)
2026-02-04 15:21:15 KST | INFO | 
2026-02-04 15:21:15 KST | INFO | Epoch 45/200 | LR: 0.088526
2026-02-04 15:21:26 KST | INFO |   Train Loss: 0.1735 | Test Loss: 0.0012 | Test Acc: 90.04%
2026-02-04 15:21:26 KST | INFO |   No improvement (13/30)
2026-02-04 15:21:26 KST | INFO | 
2026-02-04 15:21:26 KST | INFO | Epoch 46/200 | LR: 0.088020
2026-02-04 15:21:36 KST | INFO |   Train Loss: 0.1731 | Test Loss: 0.0012 | Test Acc: 89.28%
2026-02-04 15:21:36 KST | INFO |   No improvement (14/30)
2026-02-04 15:21:36 KST | INFO | 
2026-02-04 15:21:36 KST | INFO | Epoch 47/200 | LR: 0.087506
2026-02-04 15:21:47 KST | INFO |   Train Loss: 0.1687 | Test Loss: 0.0012 | Test Acc: 90.40%
2026-02-04 15:21:47 KST | INFO |   No improvement (15/30)
2026-02-04 15:21:47 KST | INFO | 
2026-02-04 15:21:47 KST | INFO | Epoch 48/200 | LR: 0.086982
2026-02-04 15:21:57 KST | INFO |   Train Loss: 0.1667 | Test Loss: 0.0013 | Test Acc: 90.30%
2026-02-04 15:21:57 KST | INFO |   No improvement (16/30)
2026-02-04 15:21:57 KST | INFO | 
2026-02-04 15:21:57 KST | INFO | Epoch 49/200 | LR: 0.086449
2026-02-04 15:22:08 KST | INFO |   Train Loss: 0.1645 | Test Loss: 0.0010 | Test Acc: 91.36%
2026-02-04 15:22:08 KST | INFO |   No improvement (17/30)
2026-02-04 15:22:08 KST | INFO | 
2026-02-04 15:22:08 KST | INFO | Epoch 50/200 | LR: 0.085906
2026-02-04 15:22:18 KST | INFO |   Train Loss: 0.1648 | Test Loss: 0.0010 | Test Acc: 91.74%
2026-02-04 15:22:18 KST | INFO |   🏆 New best accuracy: 91.74%
2026-02-04 15:22:18 KST | INFO | 
2026-02-04 15:22:18 KST | INFO | Epoch 51/200 | LR: 0.085355
2026-02-04 15:22:29 KST | INFO |   Train Loss: 0.1655 | Test Loss: 0.0012 | Test Acc: 90.52%
2026-02-04 15:22:29 KST | INFO |   No improvement (1/30)
2026-02-04 15:22:29 KST | INFO | 
2026-02-04 15:22:29 KST | INFO | Epoch 52/200 | LR: 0.084796
2026-02-04 15:22:39 KST | INFO |   Train Loss: 0.1634 | Test Loss: 0.0010 | Test Acc: 91.88%
2026-02-04 15:22:39 KST | INFO |   🏆 New best accuracy: 91.88%
2026-02-04 15:22:39 KST | INFO | 
2026-02-04 15:22:39 KST | INFO | Epoch 53/200 | LR: 0.084228
2026-02-04 15:22:50 KST | INFO |   Train Loss: 0.1589 | Test Loss: 0.0010 | Test Acc: 91.34%
2026-02-04 15:22:50 KST | INFO |   No improvement (1/30)
2026-02-04 15:22:50 KST | INFO | 
2026-02-04 15:22:50 KST | INFO | Epoch 54/200 | LR: 0.083651
2026-02-04 15:23:00 KST | INFO |   Train Loss: 0.1580 | Test Loss: 0.0011 | Test Acc: 91.34%
2026-02-04 15:23:00 KST | INFO |   No improvement (2/30)
2026-02-04 15:23:00 KST | INFO | 
2026-02-04 15:23:00 KST | INFO | Epoch 55/200 | LR: 0.083066
2026-02-04 15:23:11 KST | INFO |   Train Loss: 0.1564 | Test Loss: 0.0011 | Test Acc: 91.04%
2026-02-04 15:23:11 KST | INFO |   No improvement (3/30)
2026-02-04 15:23:11 KST | INFO | 
2026-02-04 15:23:11 KST | INFO | Epoch 56/200 | LR: 0.082473
2026-02-04 15:23:22 KST | INFO |   Train Loss: 0.1465 | Test Loss: 0.0011 | Test Acc: 90.94%
2026-02-04 15:23:22 KST | INFO |   No improvement (4/30)
2026-02-04 15:23:22 KST | INFO | 
2026-02-04 15:23:22 KST | INFO | Epoch 57/200 | LR: 0.081871
2026-02-04 15:23:32 KST | INFO |   Train Loss: 0.1491 | Test Loss: 0.0013 | Test Acc: 90.46%
2026-02-04 15:23:32 KST | INFO |   No improvement (5/30)
2026-02-04 15:23:32 KST | INFO | 
2026-02-04 15:23:32 KST | INFO | Epoch 58/200 | LR: 0.081262
2026-02-04 15:23:43 KST | INFO |   Train Loss: 0.1509 | Test Loss: 0.0011 | Test Acc: 90.82%
2026-02-04 15:23:43 KST | INFO |   No improvement (6/30)
2026-02-04 15:23:43 KST | INFO | 
2026-02-04 15:23:43 KST | INFO | Epoch 59/200 | LR: 0.080646
2026-02-04 15:23:53 KST | INFO |   Train Loss: 0.1527 | Test Loss: 0.0009 | Test Acc: 92.30%
2026-02-04 15:23:53 KST | INFO |   🏆 New best accuracy: 92.30%
2026-02-04 15:23:53 KST | INFO | 
2026-02-04 15:23:53 KST | INFO | Epoch 60/200 | LR: 0.080021
2026-02-04 15:24:04 KST | INFO |   Train Loss: 0.1469 | Test Loss: 0.0011 | Test Acc: 90.74%
2026-02-04 15:24:04 KST | INFO |   No improvement (1/30)
2026-02-04 15:24:04 KST | INFO | 
2026-02-04 15:24:04 KST | INFO | Epoch 61/200 | LR: 0.079389
2026-02-04 15:24:14 KST | INFO |   Train Loss: 0.1476 | Test Loss: 0.0011 | Test Acc: 91.02%
2026-02-04 15:24:14 KST | INFO |   No improvement (2/30)
2026-02-04 15:24:14 KST | INFO | 
2026-02-04 15:24:14 KST | INFO | Epoch 62/200 | LR: 0.078750
2026-02-04 15:24:25 KST | INFO |   Train Loss: 0.1413 | Test Loss: 0.0011 | Test Acc: 91.68%
2026-02-04 15:24:25 KST | INFO |   No improvement (3/30)
2026-02-04 15:24:25 KST | INFO | 
2026-02-04 15:24:25 KST | INFO | Epoch 63/200 | LR: 0.078104
2026-02-04 15:24:35 KST | INFO |   Train Loss: 0.1391 | Test Loss: 0.0020 | Test Acc: 85.26%
2026-02-04 15:24:35 KST | INFO |   No improvement (4/30)
2026-02-04 15:24:35 KST | INFO | 
2026-02-04 15:24:35 KST | INFO | Epoch 64/200 | LR: 0.077451
2026-02-04 15:24:46 KST | INFO |   Train Loss: 0.1422 | Test Loss: 0.0010 | Test Acc: 91.86%
2026-02-04 15:24:46 KST | INFO |   No improvement (5/30)
2026-02-04 15:24:46 KST | INFO | 
2026-02-04 15:24:46 KST | INFO | Epoch 65/200 | LR: 0.076792
2026-02-04 15:24:56 KST | INFO |   Train Loss: 0.1363 | Test Loss: 0.0009 | Test Acc: 92.30%
2026-02-04 15:24:56 KST | INFO |   No improvement (6/30)
2026-02-04 15:24:56 KST | INFO | 
2026-02-04 15:24:56 KST | INFO | Epoch 66/200 | LR: 0.076125
2026-02-04 15:25:06 KST | INFO |   Train Loss: 0.1380 | Test Loss: 0.0011 | Test Acc: 91.58%
2026-02-04 15:25:06 KST | INFO |   No improvement (7/30)
2026-02-04 15:25:06 KST | INFO | 
2026-02-04 15:25:06 KST | INFO | Epoch 67/200 | LR: 0.075452
2026-02-04 15:25:17 KST | INFO |   Train Loss: 0.1333 | Test Loss: 0.0010 | Test Acc: 92.12%
2026-02-04 15:25:17 KST | INFO |   No improvement (8/30)
2026-02-04 15:25:17 KST | INFO | 
2026-02-04 15:25:17 KST | INFO | Epoch 68/200 | LR: 0.074773
2026-02-04 15:25:28 KST | INFO |   Train Loss: 0.1296 | Test Loss: 0.0010 | Test Acc: 92.20%
2026-02-04 15:25:28 KST | INFO |   No improvement (9/30)
2026-02-04 15:25:28 KST | INFO | 
2026-02-04 15:25:28 KST | INFO | Epoch 69/200 | LR: 0.074088
2026-02-04 15:25:38 KST | INFO |   Train Loss: 0.1269 | Test Loss: 0.0012 | Test Acc: 90.98%
2026-02-04 15:25:38 KST | INFO |   No improvement (10/30)
2026-02-04 15:25:38 KST | INFO | 
2026-02-04 15:25:38 KST | INFO | Epoch 70/200 | LR: 0.073397
2026-02-04 15:25:49 KST | INFO |   Train Loss: 0.1264 | Test Loss: 0.0013 | Test Acc: 91.18%
2026-02-04 15:25:49 KST | INFO |   No improvement (11/30)
2026-02-04 15:25:49 KST | INFO | 
2026-02-04 15:25:49 KST | INFO | Epoch 71/200 | LR: 0.072700
2026-02-04 15:25:59 KST | INFO |   Train Loss: 0.1280 | Test Loss: 0.0010 | Test Acc: 92.40%
2026-02-04 15:25:59 KST | INFO |   🏆 New best accuracy: 92.40%
2026-02-04 15:25:59 KST | INFO | 
2026-02-04 15:25:59 KST | INFO | Epoch 72/200 | LR: 0.071997
2026-02-04 15:26:09 KST | INFO |   Train Loss: 0.1247 | Test Loss: 0.0010 | Test Acc: 92.36%
2026-02-04 15:26:09 KST | INFO |   No improvement (1/30)
2026-02-04 15:26:09 KST | INFO | 
2026-02-04 15:26:09 KST | INFO | Epoch 73/200 | LR: 0.071289
2026-02-04 15:26:20 KST | INFO |   Train Loss: 0.1280 | Test Loss: 0.0010 | Test Acc: 92.04%
2026-02-04 15:26:20 KST | INFO |   No improvement (2/30)
2026-02-04 15:26:20 KST | INFO | 
2026-02-04 15:26:20 KST | INFO | Epoch 74/200 | LR: 0.070576
2026-02-04 15:26:30 KST | INFO |   Train Loss: 0.1235 | Test Loss: 0.0011 | Test Acc: 91.66%
2026-02-04 15:26:30 KST | INFO |   No improvement (3/30)
2026-02-04 15:26:30 KST | INFO | 
2026-02-04 15:26:30 KST | INFO | Epoch 75/200 | LR: 0.069858
2026-02-04 15:26:41 KST | INFO |   Train Loss: 0.1177 | Test Loss: 0.0010 | Test Acc: 92.00%
2026-02-04 15:26:41 KST | INFO |   No improvement (4/30)
2026-02-04 15:26:41 KST | INFO | 
2026-02-04 15:26:41 KST | INFO | Epoch 76/200 | LR: 0.069134
2026-02-04 15:26:51 KST | INFO |   Train Loss: 0.1211 | Test Loss: 0.0012 | Test Acc: 91.08%
2026-02-04 15:26:51 KST | INFO |   No improvement (5/30)
2026-02-04 15:26:51 KST | INFO | 
2026-02-04 15:26:51 KST | INFO | Epoch 77/200 | LR: 0.068407
2026-02-04 15:27:01 KST | INFO |   Train Loss: 0.1196 | Test Loss: 0.0011 | Test Acc: 91.42%
2026-02-04 15:27:01 KST | INFO |   No improvement (6/30)
2026-02-04 15:27:01 KST | INFO | 
2026-02-04 15:27:01 KST | INFO | Epoch 78/200 | LR: 0.067674
2026-02-04 15:27:12 KST | INFO |   Train Loss: 0.1144 | Test Loss: 0.0010 | Test Acc: 92.10%
2026-02-04 15:27:12 KST | INFO |   No improvement (7/30)
2026-02-04 15:27:12 KST | INFO | 
2026-02-04 15:27:12 KST | INFO | Epoch 79/200 | LR: 0.066937
2026-02-04 15:27:22 KST | INFO |   Train Loss: 0.1104 | Test Loss: 0.0012 | Test Acc: 91.10%
2026-02-04 15:27:22 KST | INFO |   No improvement (8/30)
2026-02-04 15:27:22 KST | INFO | 
2026-02-04 15:27:22 KST | INFO | Epoch 80/200 | LR: 0.066196
2026-02-04 15:27:33 KST | INFO |   Train Loss: 0.1090 | Test Loss: 0.0013 | Test Acc: 91.10%
2026-02-04 15:27:33 KST | INFO |   No improvement (9/30)
2026-02-04 15:27:33 KST | INFO | 
2026-02-04 15:27:33 KST | INFO | Epoch 81/200 | LR: 0.065451
2026-02-04 15:27:43 KST | INFO |   Train Loss: 0.1091 | Test Loss: 0.0011 | Test Acc: 92.24%
2026-02-04 15:27:43 KST | INFO |   No improvement (10/30)
2026-02-04 15:27:43 KST | INFO | 
2026-02-04 15:27:43 KST | INFO | Epoch 82/200 | LR: 0.064702
2026-02-04 15:27:54 KST | INFO |   Train Loss: 0.1117 | Test Loss: 0.0012 | Test Acc: 91.24%
2026-02-04 15:27:54 KST | INFO |   No improvement (11/30)
2026-02-04 15:27:54 KST | INFO | 
2026-02-04 15:27:54 KST | INFO | Epoch 83/200 | LR: 0.063950
2026-02-04 15:28:04 KST | INFO |   Train Loss: 0.1087 | Test Loss: 0.0013 | Test Acc: 90.14%
2026-02-04 15:28:04 KST | INFO |   No improvement (12/30)
2026-02-04 15:28:04 KST | INFO | 
2026-02-04 15:28:04 KST | INFO | Epoch 84/200 | LR: 0.063194
2026-02-04 15:28:14 KST | INFO |   Train Loss: 0.1059 | Test Loss: 0.0009 | Test Acc: 92.64%
2026-02-04 15:28:14 KST | INFO |   🏆 New best accuracy: 92.64%
2026-02-04 15:28:14 KST | INFO | 
2026-02-04 15:28:14 KST | INFO | Epoch 85/200 | LR: 0.062435
2026-02-04 15:28:25 KST | INFO |   Train Loss: 0.0992 | Test Loss: 0.0010 | Test Acc: 92.24%
2026-02-04 15:28:25 KST | INFO |   No improvement (1/30)
2026-02-04 15:28:25 KST | INFO | 
2026-02-04 15:28:25 KST | INFO | Epoch 86/200 | LR: 0.061673
2026-02-04 15:28:35 KST | INFO |   Train Loss: 0.1031 | Test Loss: 0.0011 | Test Acc: 91.70%
2026-02-04 15:28:35 KST | INFO |   No improvement (2/30)
2026-02-04 15:28:35 KST | INFO | 
2026-02-04 15:28:35 KST | INFO | Epoch 87/200 | LR: 0.060908
2026-02-04 15:28:45 KST | INFO |   Train Loss: 0.1017 | Test Loss: 0.0011 | Test Acc: 91.72%
2026-02-04 15:28:45 KST | INFO |   No improvement (3/30)
2026-02-04 15:28:45 KST | INFO | 
2026-02-04 15:28:45 KST | INFO | Epoch 88/200 | LR: 0.060140
2026-02-04 15:28:56 KST | INFO |   Train Loss: 0.0984 | Test Loss: 0.0012 | Test Acc: 90.86%
2026-02-04 15:28:56 KST | INFO |   No improvement (4/30)
2026-02-04 15:28:56 KST | INFO | 
2026-02-04 15:28:56 KST | INFO | Epoch 89/200 | LR: 0.059369
2026-02-04 15:29:06 KST | INFO |   Train Loss: 0.1011 | Test Loss: 0.0011 | Test Acc: 91.56%
2026-02-04 15:29:06 KST | INFO |   No improvement (5/30)
2026-02-04 15:29:06 KST | INFO | 
2026-02-04 15:29:06 KST | INFO | Epoch 90/200 | LR: 0.058597
2026-02-04 15:29:17 KST | INFO |   Train Loss: 0.0950 | Test Loss: 0.0010 | Test Acc: 92.30%
2026-02-04 15:29:17 KST | INFO |   No improvement (6/30)
2026-02-04 15:29:17 KST | INFO | 
2026-02-04 15:29:17 KST | INFO | Epoch 91/200 | LR: 0.057822
2026-02-04 15:29:27 KST | INFO |   Train Loss: 0.0959 | Test Loss: 0.0011 | Test Acc: 92.36%
2026-02-04 15:29:27 KST | INFO |   No improvement (7/30)
2026-02-04 15:29:27 KST | INFO | 
2026-02-04 15:29:27 KST | INFO | Epoch 92/200 | LR: 0.057045
2026-02-04 15:29:37 KST | INFO |   Train Loss: 0.0942 | Test Loss: 0.0010 | Test Acc: 92.86%
2026-02-04 15:29:37 KST | INFO |   🏆 New best accuracy: 92.86%
2026-02-04 15:29:37 KST | INFO | 
2026-02-04 15:29:37 KST | INFO | Epoch 93/200 | LR: 0.056267
2026-02-04 15:29:48 KST | INFO |   Train Loss: 0.0924 | Test Loss: 0.0010 | Test Acc: 92.52%
2026-02-04 15:29:48 KST | INFO |   No improvement (1/30)
2026-02-04 15:29:48 KST | INFO | 
2026-02-04 15:29:48 KST | INFO | Epoch 94/200 | LR: 0.055487
2026-02-04 15:29:59 KST | INFO |   Train Loss: 0.0893 | Test Loss: 0.0011 | Test Acc: 91.60%
2026-02-04 15:29:59 KST | INFO |   No improvement (2/30)
2026-02-04 15:29:59 KST | INFO | 
2026-02-04 15:29:59 KST | INFO | Epoch 95/200 | LR: 0.054706
2026-02-04 15:30:09 KST | INFO |   Train Loss: 0.0881 | Test Loss: 0.0011 | Test Acc: 91.90%
2026-02-04 15:30:09 KST | INFO |   No improvement (3/30)
2026-02-04 15:30:09 KST | INFO | 
2026-02-04 15:30:09 KST | INFO | Epoch 96/200 | LR: 0.053923
2026-02-04 15:30:19 KST | INFO |   Train Loss: 0.0898 | Test Loss: 0.0011 | Test Acc: 92.48%
2026-02-04 15:30:19 KST | INFO |   No improvement (4/30)
2026-02-04 15:30:19 KST | INFO | 
2026-02-04 15:30:19 KST | INFO | Epoch 97/200 | LR: 0.053140
2026-02-04 15:30:30 KST | INFO |   Train Loss: 0.0845 | Test Loss: 0.0012 | Test Acc: 91.90%
2026-02-04 15:30:30 KST | INFO |   No improvement (5/30)
2026-02-04 15:30:30 KST | INFO | 
2026-02-04 15:30:30 KST | INFO | Epoch 98/200 | LR: 0.052356
2026-02-04 15:30:40 KST | INFO |   Train Loss: 0.0838 | Test Loss: 0.0012 | Test Acc: 92.04%
2026-02-04 15:30:40 KST | INFO |   No improvement (6/30)
2026-02-04 15:30:40 KST | INFO | 
2026-02-04 15:30:40 KST | INFO | Epoch 99/200 | LR: 0.051571
2026-02-04 15:30:50 KST | INFO |   Train Loss: 0.0802 | Test Loss: 0.0010 | Test Acc: 92.98%
2026-02-04 15:30:50 KST | INFO |   🏆 New best accuracy: 92.98%
2026-02-04 15:30:50 KST | INFO | 
2026-02-04 15:30:50 KST | INFO | Epoch 100/200 | LR: 0.050786
2026-02-04 15:31:01 KST | INFO |   Train Loss: 0.0785 | Test Loss: 0.0010 | Test Acc: 92.42%
2026-02-04 15:31:01 KST | INFO |   No improvement (1/30)
2026-02-04 15:31:01 KST | INFO | 
2026-02-04 15:31:01 KST | INFO | Epoch 101/200 | LR: 0.050001
2026-02-04 15:31:11 KST | INFO |   Train Loss: 0.0822 | Test Loss: 0.0010 | Test Acc: 92.40%
2026-02-04 15:31:11 KST | INFO |   No improvement (2/30)
2026-02-04 15:31:11 KST | INFO | 
2026-02-04 15:31:11 KST | INFO | Epoch 102/200 | LR: 0.049215
2026-02-04 15:31:21 KST | INFO |   Train Loss: 0.0775 | Test Loss: 0.0010 | Test Acc: 92.82%
2026-02-04 15:31:21 KST | INFO |   No improvement (3/30)
2026-02-04 15:31:21 KST | INFO | 
2026-02-04 15:31:21 KST | INFO | Epoch 103/200 | LR: 0.048430
2026-02-04 15:31:32 KST | INFO |   Train Loss: 0.0752 | Test Loss: 0.0011 | Test Acc: 92.10%
2026-02-04 15:31:32 KST | INFO |   No improvement (4/30)
2026-02-04 15:31:32 KST | INFO | 
2026-02-04 15:31:32 KST | INFO | Epoch 104/200 | LR: 0.047645
2026-02-04 15:31:42 KST | INFO |   Train Loss: 0.0730 | Test Loss: 0.0012 | Test Acc: 91.58%
2026-02-04 15:31:42 KST | INFO |   No improvement (5/30)
2026-02-04 15:31:42 KST | INFO | 
2026-02-04 15:31:42 KST | INFO | Epoch 105/200 | LR: 0.046861
2026-02-04 15:31:53 KST | INFO |   Train Loss: 0.0756 | Test Loss: 0.0010 | Test Acc: 92.50%
2026-02-04 15:31:53 KST | INFO |   No improvement (6/30)
2026-02-04 15:31:53 KST | INFO | 
2026-02-04 15:31:53 KST | INFO | Epoch 106/200 | LR: 0.046078
2026-02-04 15:32:03 KST | INFO |   Train Loss: 0.0716 | Test Loss: 0.0010 | Test Acc: 93.38%
2026-02-04 15:32:03 KST | INFO |   🏆 New best accuracy: 93.38%
2026-02-04 15:32:03 KST | INFO | 
2026-02-04 15:32:03 KST | INFO | Epoch 107/200 | LR: 0.045295
2026-02-04 15:32:14 KST | INFO |   Train Loss: 0.0659 | Test Loss: 0.0010 | Test Acc: 93.06%
2026-02-04 15:32:14 KST | INFO |   No improvement (1/30)
2026-02-04 15:32:14 KST | INFO | 
2026-02-04 15:32:14 KST | INFO | Epoch 108/200 | LR: 0.044514
2026-02-04 15:32:25 KST | INFO |   Train Loss: 0.0683 | Test Loss: 0.0012 | Test Acc: 91.86%
2026-02-04 15:32:25 KST | INFO |   No improvement (2/30)
2026-02-04 15:32:25 KST | INFO | 
2026-02-04 15:32:25 KST | INFO | Epoch 109/200 | LR: 0.043734
2026-02-04 15:32:35 KST | INFO |   Train Loss: 0.0683 | Test Loss: 0.0011 | Test Acc: 92.36%
2026-02-04 15:32:35 KST | INFO |   No improvement (3/30)
2026-02-04 15:32:35 KST | INFO | 
2026-02-04 15:32:35 KST | INFO | Epoch 110/200 | LR: 0.042956
2026-02-04 15:32:46 KST | INFO |   Train Loss: 0.0673 | Test Loss: 0.0013 | Test Acc: 91.12%
2026-02-04 15:32:46 KST | INFO |   No improvement (4/30)
2026-02-04 15:32:46 KST | INFO | 
2026-02-04 15:32:46 KST | INFO | Epoch 111/200 | LR: 0.042179
2026-02-04 15:32:56 KST | INFO |   Train Loss: 0.0644 | Test Loss: 0.0011 | Test Acc: 92.54%
2026-02-04 15:32:56 KST | INFO |   No improvement (5/30)
2026-02-04 15:32:56 KST | INFO | 
2026-02-04 15:32:56 KST | INFO | Epoch 112/200 | LR: 0.041404
2026-02-04 15:33:07 KST | INFO |   Train Loss: 0.0635 | Test Loss: 0.0011 | Test Acc: 92.78%
2026-02-04 15:33:07 KST | INFO |   No improvement (6/30)
2026-02-04 15:33:07 KST | INFO | 
2026-02-04 15:33:07 KST | INFO | Epoch 113/200 | LR: 0.040632
2026-02-04 15:33:17 KST | INFO |   Train Loss: 0.0595 | Test Loss: 0.0010 | Test Acc: 92.98%
2026-02-04 15:33:17 KST | INFO |   No improvement (7/30)
2026-02-04 15:33:17 KST | INFO | 
2026-02-04 15:33:17 KST | INFO | Epoch 114/200 | LR: 0.039861
2026-02-04 15:33:28 KST | INFO |   Train Loss: 0.0603 | Test Loss: 0.0009 | Test Acc: 92.98%
2026-02-04 15:33:28 KST | INFO |   No improvement (8/30)
2026-02-04 15:33:28 KST | INFO | 
2026-02-04 15:33:28 KST | INFO | Epoch 115/200 | LR: 0.039093
2026-02-04 15:33:38 KST | INFO |   Train Loss: 0.0585 | Test Loss: 0.0011 | Test Acc: 92.18%
2026-02-04 15:33:38 KST | INFO |   No improvement (9/30)
2026-02-04 15:33:38 KST | INFO | 
2026-02-04 15:33:38 KST | INFO | Epoch 116/200 | LR: 0.038328
2026-02-04 15:33:49 KST | INFO |   Train Loss: 0.0549 | Test Loss: 0.0012 | Test Acc: 91.96%
2026-02-04 15:33:49 KST | INFO |   No improvement (10/30)
2026-02-04 15:33:49 KST | INFO | 
2026-02-04 15:33:49 KST | INFO | Epoch 117/200 | LR: 0.037566
2026-02-04 15:33:59 KST | INFO |   Train Loss: 0.0525 | Test Loss: 0.0012 | Test Acc: 91.70%
2026-02-04 15:33:59 KST | INFO |   No improvement (11/30)
2026-02-04 15:33:59 KST | INFO | 
2026-02-04 15:33:59 KST | INFO | Epoch 118/200 | LR: 0.036807
2026-02-04 15:34:10 KST | INFO |   Train Loss: 0.0528 | Test Loss: 0.0010 | Test Acc: 93.50%
2026-02-04 15:34:10 KST | INFO |   🏆 New best accuracy: 93.50%
2026-02-04 15:34:10 KST | INFO | 
2026-02-04 15:34:10 KST | INFO | Epoch 119/200 | LR: 0.036051
2026-02-04 15:34:20 KST | INFO |   Train Loss: 0.0514 | Test Loss: 0.0010 | Test Acc: 92.92%
2026-02-04 15:34:20 KST | INFO |   No improvement (1/30)
2026-02-04 15:34:20 KST | INFO | 
2026-02-04 15:34:20 KST | INFO | Epoch 120/200 | LR: 0.035299
2026-02-04 15:34:31 KST | INFO |   Train Loss: 0.0492 | Test Loss: 0.0011 | Test Acc: 92.90%
2026-02-04 15:34:31 KST | INFO |   No improvement (2/30)
2026-02-04 15:34:31 KST | INFO | 
2026-02-04 15:34:31 KST | INFO | Epoch 121/200 | LR: 0.034550
2026-02-04 15:34:41 KST | INFO |   Train Loss: 0.0500 | Test Loss: 0.0010 | Test Acc: 93.20%
2026-02-04 15:34:41 KST | INFO |   No improvement (3/30)
2026-02-04 15:34:41 KST | INFO | 
2026-02-04 15:34:41 KST | INFO | Epoch 122/200 | LR: 0.033805
2026-02-04 15:34:52 KST | INFO |   Train Loss: 0.0479 | Test Loss: 0.0013 | Test Acc: 92.44%
2026-02-04 15:34:52 KST | INFO |   No improvement (4/30)
2026-02-04 15:34:52 KST | INFO | 
2026-02-04 15:34:52 KST | INFO | Epoch 123/200 | LR: 0.033064
2026-02-04 15:35:02 KST | INFO |   Train Loss: 0.0504 | Test Loss: 0.0010 | Test Acc: 93.34%
2026-02-04 15:35:02 KST | INFO |   No improvement (5/30)
2026-02-04 15:35:02 KST | INFO | 
2026-02-04 15:35:02 KST | INFO | Epoch 124/200 | LR: 0.032327
2026-02-04 15:35:12 KST | INFO |   Train Loss: 0.0444 | Test Loss: 0.0012 | Test Acc: 92.16%
2026-02-04 15:35:12 KST | INFO |   No improvement (6/30)
2026-02-04 15:35:12 KST | INFO | 
2026-02-04 15:35:12 KST | INFO | Epoch 125/200 | LR: 0.031594
2026-02-04 15:35:23 KST | INFO |   Train Loss: 0.0449 | Test Loss: 0.0010 | Test Acc: 93.44%
2026-02-04 15:35:23 KST | INFO |   No improvement (7/30)
2026-02-04 15:35:23 KST | INFO | 
2026-02-04 15:35:23 KST | INFO | Epoch 126/200 | LR: 0.030867
2026-02-04 15:35:33 KST | INFO |   Train Loss: 0.0453 | Test Loss: 0.0009 | Test Acc: 93.76%
2026-02-04 15:35:33 KST | INFO |   🏆 New best accuracy: 93.76%
2026-02-04 15:35:33 KST | INFO | 
2026-02-04 15:35:33 KST | INFO | Epoch 127/200 | LR: 0.030143
2026-02-04 15:35:43 KST | INFO |   Train Loss: 0.0427 | Test Loss: 0.0011 | Test Acc: 93.26%
2026-02-04 15:35:43 KST | INFO |   No improvement (1/30)
2026-02-04 15:35:43 KST | INFO | 
2026-02-04 15:35:43 KST | INFO | Epoch 128/200 | LR: 0.029425
2026-02-04 15:35:54 KST | INFO |   Train Loss: 0.0425 | Test Loss: 0.0011 | Test Acc: 93.22%
2026-02-04 15:35:54 KST | INFO |   No improvement (2/30)
2026-02-04 15:35:54 KST | INFO | 
2026-02-04 15:35:54 KST | INFO | Epoch 129/200 | LR: 0.028712
2026-02-04 15:36:04 KST | INFO |   Train Loss: 0.0365 | Test Loss: 0.0012 | Test Acc: 92.22%
2026-02-04 15:36:04 KST | INFO |   No improvement (3/30)
2026-02-04 15:36:04 KST | INFO | 
2026-02-04 15:36:04 KST | INFO | Epoch 130/200 | LR: 0.028004
2026-02-04 15:36:15 KST | INFO |   Train Loss: 0.0387 | Test Loss: 0.0010 | Test Acc: 93.80%
2026-02-04 15:36:15 KST | INFO |   🏆 New best accuracy: 93.80%
2026-02-04 15:36:15 KST | INFO | 
2026-02-04 15:36:15 KST | INFO | Epoch 131/200 | LR: 0.027301
2026-02-04 15:36:25 KST | INFO |   Train Loss: 0.0333 | Test Loss: 0.0011 | Test Acc: 93.34%
2026-02-04 15:36:25 KST | INFO |   No improvement (1/30)
2026-02-04 15:36:25 KST | INFO | 
2026-02-04 15:36:25 KST | INFO | Epoch 132/200 | LR: 0.026604
2026-02-04 15:36:36 KST | INFO |   Train Loss: 0.0349 | Test Loss: 0.0012 | Test Acc: 93.34%
2026-02-04 15:36:36 KST | INFO |   No improvement (2/30)
2026-02-04 15:36:36 KST | INFO | 
2026-02-04 15:36:36 KST | INFO | Epoch 133/200 | LR: 0.025913
2026-02-04 15:36:47 KST | INFO |   Train Loss: 0.0306 | Test Loss: 0.0010 | Test Acc: 93.96%
2026-02-04 15:36:47 KST | INFO |   🏆 New best accuracy: 93.96%
2026-02-04 15:36:47 KST | INFO | 
2026-02-04 15:36:47 KST | INFO | Epoch 134/200 | LR: 0.025228
2026-02-04 15:36:57 KST | INFO |   Train Loss: 0.0310 | Test Loss: 0.0011 | Test Acc: 93.62%
2026-02-04 15:36:57 KST | INFO |   No improvement (1/30)
2026-02-04 15:36:57 KST | INFO | 
2026-02-04 15:36:57 KST | INFO | Epoch 135/200 | LR: 0.024549
2026-02-04 15:37:08 KST | INFO |   Train Loss: 0.0319 | Test Loss: 0.0011 | Test Acc: 93.36%
2026-02-04 15:37:08 KST | INFO |   No improvement (2/30)
2026-02-04 15:37:08 KST | INFO | 
2026-02-04 15:37:08 KST | INFO | Epoch 136/200 | LR: 0.023876
2026-02-04 15:37:18 KST | INFO |   Train Loss: 0.0298 | Test Loss: 0.0011 | Test Acc: 92.62%
2026-02-04 15:37:18 KST | INFO |   No improvement (3/30)
2026-02-04 15:37:18 KST | INFO | 
2026-02-04 15:37:18 KST | INFO | Epoch 137/200 | LR: 0.023209
2026-02-04 15:37:29 KST | INFO |   Train Loss: 0.0291 | Test Loss: 0.0010 | Test Acc: 94.02%
2026-02-04 15:37:29 KST | INFO |   🏆 New best accuracy: 94.02%
2026-02-04 15:37:29 KST | INFO | 
2026-02-04 15:37:29 KST | INFO | Epoch 138/200 | LR: 0.022550
2026-02-04 15:37:39 KST | INFO |   Train Loss: 0.0267 | Test Loss: 0.0011 | Test Acc: 93.60%
2026-02-04 15:37:39 KST | INFO |   No improvement (1/30)
2026-02-04 15:37:39 KST | INFO | 
2026-02-04 15:37:39 KST | INFO | Epoch 139/200 | LR: 0.021897
2026-02-04 15:37:50 KST | INFO |   Train Loss: 0.0278 | Test Loss: 0.0013 | Test Acc: 92.32%
2026-02-04 15:37:50 KST | INFO |   No improvement (2/30)
2026-02-04 15:37:50 KST | INFO | 
2026-02-04 15:37:50 KST | INFO | Epoch 140/200 | LR: 0.021251
2026-02-04 15:38:00 KST | INFO |   Train Loss: 0.0248 | Test Loss: 0.0010 | Test Acc: 93.72%
2026-02-04 15:38:00 KST | INFO |   No improvement (3/30)
2026-02-04 15:38:00 KST | INFO | 
2026-02-04 15:38:00 KST | INFO | Epoch 141/200 | LR: 0.020612
2026-02-04 15:38:11 KST | INFO |   Train Loss: 0.0266 | Test Loss: 0.0011 | Test Acc: 93.46%
2026-02-04 15:38:11 KST | INFO |   No improvement (4/30)
2026-02-04 15:38:11 KST | INFO | 
2026-02-04 15:38:11 KST | INFO | Epoch 142/200 | LR: 0.019980
2026-02-04 15:38:22 KST | INFO |   Train Loss: 0.0246 | Test Loss: 0.0011 | Test Acc: 93.28%
2026-02-04 15:38:22 KST | INFO |   No improvement (5/30)
2026-02-04 15:38:22 KST | INFO | 
2026-02-04 15:38:22 KST | INFO | Epoch 143/200 | LR: 0.019355
2026-02-04 15:38:32 KST | INFO |   Train Loss: 0.0234 | Test Loss: 0.0010 | Test Acc: 93.96%
2026-02-04 15:38:32 KST | INFO |   No improvement (6/30)
2026-02-04 15:38:32 KST | INFO | 
2026-02-04 15:38:32 KST | INFO | Epoch 144/200 | LR: 0.018739
2026-02-04 15:38:43 KST | INFO |   Train Loss: 0.0211 | Test Loss: 0.0010 | Test Acc: 93.52%
2026-02-04 15:38:43 KST | INFO |   No improvement (7/30)
2026-02-04 15:38:43 KST | INFO | 
2026-02-04 15:38:43 KST | INFO | Epoch 145/200 | LR: 0.018130
2026-02-04 15:38:53 KST | INFO |   Train Loss: 0.0230 | Test Loss: 0.0011 | Test Acc: 93.86%
2026-02-04 15:38:53 KST | INFO |   No improvement (8/30)
2026-02-04 15:38:53 KST | INFO | 
2026-02-04 15:38:53 KST | INFO | Epoch 146/200 | LR: 0.017528
2026-02-04 15:39:04 KST | INFO |   Train Loss: 0.0220 | Test Loss: 0.0010 | Test Acc: 93.60%
2026-02-04 15:39:04 KST | INFO |   No improvement (9/30)
2026-02-04 15:39:04 KST | INFO | 
2026-02-04 15:39:04 KST | INFO | Epoch 147/200 | LR: 0.016935
2026-02-04 15:39:14 KST | INFO |   Train Loss: 0.0199 | Test Loss: 0.0011 | Test Acc: 93.94%
2026-02-04 15:39:14 KST | INFO |   No improvement (10/30)
2026-02-04 15:39:14 KST | INFO | 
2026-02-04 15:39:14 KST | INFO | Epoch 148/200 | LR: 0.016350
2026-02-04 15:39:25 KST | INFO |   Train Loss: 0.0173 | Test Loss: 0.0011 | Test Acc: 93.80%
2026-02-04 15:39:25 KST | INFO |   No improvement (11/30)
2026-02-04 15:39:25 KST | INFO | 
2026-02-04 15:39:25 KST | INFO | Epoch 149/200 | LR: 0.015773
2026-02-04 15:39:35 KST | INFO |   Train Loss: 0.0183 | Test Loss: 0.0010 | Test Acc: 93.72%
2026-02-04 15:39:35 KST | INFO |   No improvement (12/30)
2026-02-04 15:39:35 KST | INFO | 
2026-02-04 15:39:35 KST | INFO | Epoch 150/200 | LR: 0.015205
2026-02-04 15:39:46 KST | INFO |   Train Loss: 0.0163 | Test Loss: 0.0011 | Test Acc: 93.64%
2026-02-04 15:39:46 KST | INFO |   No improvement (13/30)
2026-02-04 15:39:46 KST | INFO | 
2026-02-04 15:39:46 KST | INFO | Epoch 151/200 | LR: 0.014646
2026-02-04 15:39:56 KST | INFO |   Train Loss: 0.0138 | Test Loss: 0.0010 | Test Acc: 93.80%
2026-02-04 15:39:56 KST | INFO |   No improvement (14/30)
2026-02-04 15:39:56 KST | INFO | 
2026-02-04 15:39:56 KST | INFO | Epoch 152/200 | LR: 0.014095
2026-02-04 15:40:06 KST | INFO |   Train Loss: 0.0167 | Test Loss: 0.0011 | Test Acc: 93.40%
2026-02-04 15:40:06 KST | INFO |   No improvement (15/30)
2026-02-04 15:40:06 KST | INFO | 
2026-02-04 15:40:06 KST | INFO | Epoch 153/200 | LR: 0.013552
2026-02-04 15:40:16 KST | INFO |   Train Loss: 0.0164 | Test Loss: 0.0010 | Test Acc: 93.66%
2026-02-04 15:40:16 KST | INFO |   No improvement (16/30)
2026-02-04 15:40:16 KST | INFO | 
2026-02-04 15:40:16 KST | INFO | Epoch 154/200 | LR: 0.013019
2026-02-04 15:40:27 KST | INFO |   Train Loss: 0.0145 | Test Loss: 0.0011 | Test Acc: 94.08%
2026-02-04 15:40:27 KST | INFO |   🏆 New best accuracy: 94.08%
2026-02-04 15:40:27 KST | INFO | 
2026-02-04 15:40:27 KST | INFO | Epoch 155/200 | LR: 0.012495
2026-02-04 15:40:37 KST | INFO |   Train Loss: 0.0119 | Test Loss: 0.0011 | Test Acc: 94.02%
2026-02-04 15:40:37 KST | INFO |   No improvement (1/30)
2026-02-04 15:40:37 KST | INFO | 
2026-02-04 15:40:37 KST | INFO | Epoch 156/200 | LR: 0.011981
2026-02-04 15:40:47 KST | INFO |   Train Loss: 0.0138 | Test Loss: 0.0011 | Test Acc: 94.00%
2026-02-04 15:40:47 KST | INFO |   No improvement (2/30)
2026-02-04 15:40:47 KST | INFO | 
2026-02-04 15:40:47 KST | INFO | Epoch 157/200 | LR: 0.011475
2026-02-04 15:40:57 KST | INFO |   Train Loss: 0.0119 | Test Loss: 0.0010 | Test Acc: 94.06%
2026-02-04 15:40:57 KST | INFO |   No improvement (3/30)
2026-02-04 15:40:57 KST | INFO | 
2026-02-04 15:40:57 KST | INFO | Epoch 158/200 | LR: 0.010979
2026-02-04 15:41:08 KST | INFO |   Train Loss: 0.0116 | Test Loss: 0.0011 | Test Acc: 93.94%
2026-02-04 15:41:08 KST | INFO |   No improvement (4/30)
2026-02-04 15:41:08 KST | INFO | 
2026-02-04 15:41:08 KST | INFO | Epoch 159/200 | LR: 0.010493
2026-02-04 15:41:18 KST | INFO |   Train Loss: 0.0115 | Test Loss: 0.0011 | Test Acc: 94.04%
2026-02-04 15:41:18 KST | INFO |   No improvement (5/30)
2026-02-04 15:41:18 KST | INFO | 
2026-02-04 15:41:18 KST | INFO | Epoch 160/200 | LR: 0.010017
2026-02-04 15:41:29 KST | INFO |   Train Loss: 0.0114 | Test Loss: 0.0011 | Test Acc: 93.64%
2026-02-04 15:41:29 KST | INFO |   No improvement (6/30)
2026-02-04 15:41:29 KST | INFO | 
2026-02-04 15:41:29 KST | INFO | Epoch 161/200 | LR: 0.009550
2026-02-04 15:41:39 KST | INFO |   Train Loss: 0.0117 | Test Loss: 0.0010 | Test Acc: 94.20%
2026-02-04 15:41:39 KST | INFO |   🏆 New best accuracy: 94.20%
2026-02-04 15:41:39 KST | INFO | 
2026-02-04 15:41:39 KST | INFO | Epoch 162/200 | LR: 0.009093
2026-02-04 15:41:50 KST | INFO |   Train Loss: 0.0109 | Test Loss: 0.0010 | Test Acc: 94.00%
2026-02-04 15:41:50 KST | INFO |   No improvement (1/30)
2026-02-04 15:41:50 KST | INFO | 
2026-02-04 15:41:50 KST | INFO | Epoch 163/200 | LR: 0.008647
2026-02-04 15:42:00 KST | INFO |   Train Loss: 0.0104 | Test Loss: 0.0010 | Test Acc: 93.94%
2026-02-04 15:42:00 KST | INFO |   No improvement (2/30)
2026-02-04 15:42:00 KST | INFO | 
2026-02-04 15:42:00 KST | INFO | Epoch 164/200 | LR: 0.008211
2026-02-04 15:42:10 KST | INFO |   Train Loss: 0.0093 | Test Loss: 0.0010 | Test Acc: 94.00%
2026-02-04 15:42:10 KST | INFO |   No improvement (3/30)
2026-02-04 15:42:10 KST | INFO | 
2026-02-04 15:42:10 KST | INFO | Epoch 165/200 | LR: 0.007785
2026-02-04 15:42:21 KST | INFO |   Train Loss: 0.0091 | Test Loss: 0.0011 | Test Acc: 94.18%
2026-02-04 15:42:21 KST | INFO |   No improvement (4/30)
2026-02-04 15:42:21 KST | INFO | 
2026-02-04 15:42:21 KST | INFO | Epoch 166/200 | LR: 0.007369
2026-02-04 15:42:31 KST | INFO |   Train Loss: 0.0082 | Test Loss: 0.0010 | Test Acc: 94.06%
2026-02-04 15:42:31 KST | INFO |   No improvement (5/30)
2026-02-04 15:42:31 KST | INFO | 
2026-02-04 15:42:31 KST | INFO | Epoch 167/200 | LR: 0.006964
2026-02-04 15:42:42 KST | INFO |   Train Loss: 0.0081 | Test Loss: 0.0010 | Test Acc: 94.10%
2026-02-04 15:42:42 KST | INFO |   No improvement (6/30)
2026-02-04 15:42:42 KST | INFO | 
2026-02-04 15:42:42 KST | INFO | Epoch 168/200 | LR: 0.006569
2026-02-04 15:42:52 KST | INFO |   Train Loss: 0.0074 | Test Loss: 0.0010 | Test Acc: 94.24%
2026-02-04 15:42:52 KST | INFO |   🏆 New best accuracy: 94.24%
2026-02-04 15:42:52 KST | INFO | 
2026-02-04 15:42:52 KST | INFO | Epoch 169/200 | LR: 0.006186
2026-02-04 15:43:03 KST | INFO |   Train Loss: 0.0081 | Test Loss: 0.0010 | Test Acc: 93.86%
2026-02-04 15:43:03 KST | INFO |   No improvement (1/30)
2026-02-04 15:43:03 KST | INFO | 
2026-02-04 15:43:03 KST | INFO | Epoch 170/200 | LR: 0.005813
2026-02-04 15:43:13 KST | INFO |   Train Loss: 0.0076 | Test Loss: 0.0010 | Test Acc: 94.02%
2026-02-04 15:43:13 KST | INFO |   No improvement (2/30)
2026-02-04 15:43:13 KST | INFO | 
2026-02-04 15:43:13 KST | INFO | Epoch 171/200 | LR: 0.005451
2026-02-04 15:43:24 KST | INFO |   Train Loss: 0.0068 | Test Loss: 0.0012 | Test Acc: 93.22%
2026-02-04 15:43:24 KST | INFO |   No improvement (3/30)
2026-02-04 15:43:24 KST | INFO | 
2026-02-04 15:43:24 KST | INFO | Epoch 172/200 | LR: 0.005100
2026-02-04 15:43:34 KST | INFO |   Train Loss: 0.0067 | Test Loss: 0.0010 | Test Acc: 94.16%
2026-02-04 15:43:34 KST | INFO |   No improvement (4/30)
2026-02-04 15:43:34 KST | INFO | 
2026-02-04 15:43:34 KST | INFO | Epoch 173/200 | LR: 0.004760
2026-02-04 15:43:45 KST | INFO |   Train Loss: 0.0064 | Test Loss: 0.0011 | Test Acc: 94.18%
2026-02-04 15:43:45 KST | INFO |   No improvement (5/30)
2026-02-04 15:43:45 KST | INFO | 
2026-02-04 15:43:45 KST | INFO | Epoch 174/200 | LR: 0.004431
2026-02-04 15:43:55 KST | INFO |   Train Loss: 0.0067 | Test Loss: 0.0010 | Test Acc: 94.06%
2026-02-04 15:43:55 KST | INFO |   No improvement (6/30)
2026-02-04 15:43:55 KST | INFO | 
2026-02-04 15:43:55 KST | INFO | Epoch 175/200 | LR: 0.004113
2026-02-04 15:44:06 KST | INFO |   Train Loss: 0.0058 | Test Loss: 0.0010 | Test Acc: 93.80%
2026-02-04 15:44:06 KST | INFO |   No improvement (7/30)
2026-02-04 15:44:06 KST | INFO | 
2026-02-04 15:44:06 KST | INFO | Epoch 176/200 | LR: 0.003807
2026-02-04 15:44:16 KST | INFO |   Train Loss: 0.0058 | Test Loss: 0.0010 | Test Acc: 94.14%
2026-02-04 15:44:16 KST | INFO |   No improvement (8/30)
2026-02-04 15:44:16 KST | INFO | 
2026-02-04 15:44:16 KST | INFO | Epoch 177/200 | LR: 0.003512
2026-02-04 15:44:26 KST | INFO |   Train Loss: 0.0060 | Test Loss: 0.0010 | Test Acc: 94.08%
2026-02-04 15:44:26 KST | INFO |   No improvement (9/30)
2026-02-04 15:44:26 KST | INFO | 
2026-02-04 15:44:26 KST | INFO | Epoch 178/200 | LR: 0.003229
2026-02-04 15:44:37 KST | INFO |   Train Loss: 0.0054 | Test Loss: 0.0011 | Test Acc: 93.74%
2026-02-04 15:44:37 KST | INFO |   No improvement (10/30)
2026-02-04 15:44:37 KST | INFO | 
2026-02-04 15:44:37 KST | INFO | Epoch 179/200 | LR: 0.002957
2026-02-04 15:44:47 KST | INFO |   Train Loss: 0.0058 | Test Loss: 0.0010 | Test Acc: 94.28%
2026-02-04 15:44:47 KST | INFO |   🏆 New best accuracy: 94.28%
2026-02-04 15:44:47 KST | INFO | 
2026-02-04 15:44:47 KST | INFO | Epoch 180/200 | LR: 0.002697
2026-02-04 15:44:58 KST | INFO |   Train Loss: 0.0053 | Test Loss: 0.0010 | Test Acc: 94.04%
2026-02-04 15:44:58 KST | INFO |   No improvement (1/30)
2026-02-04 15:44:58 KST | INFO | 
2026-02-04 15:44:58 KST | INFO | Epoch 181/200 | LR: 0.002448
2026-02-04 15:45:08 KST | INFO |   Train Loss: 0.0054 | Test Loss: 0.0010 | Test Acc: 94.10%
2026-02-04 15:45:08 KST | INFO |   No improvement (2/30)
2026-02-04 15:45:08 KST | INFO | 
2026-02-04 15:45:08 KST | INFO | Epoch 182/200 | LR: 0.002211
2026-02-04 15:45:18 KST | INFO |   Train Loss: 0.0055 | Test Loss: 0.0011 | Test Acc: 94.14%
2026-02-04 15:45:18 KST | INFO |   No improvement (3/30)
2026-02-04 15:45:18 KST | INFO | 
2026-02-04 15:45:18 KST | INFO | Epoch 183/200 | LR: 0.001986
2026-02-04 15:45:29 KST | INFO |   Train Loss: 0.0052 | Test Loss: 0.0011 | Test Acc: 94.02%
2026-02-04 15:45:29 KST | INFO |   No improvement (4/30)
2026-02-04 15:45:29 KST | INFO | 
2026-02-04 15:45:29 KST | INFO | Epoch 184/200 | LR: 0.001773
2026-02-04 15:45:39 KST | INFO |   Train Loss: 0.0050 | Test Loss: 0.0010 | Test Acc: 94.06%
2026-02-04 15:45:39 KST | INFO |   No improvement (5/30)
2026-02-04 15:45:39 KST | INFO | 
2026-02-04 15:45:39 KST | INFO | Epoch 185/200 | LR: 0.001572
2026-02-04 15:45:49 KST | INFO |   Train Loss: 0.0047 | Test Loss: 0.0011 | Test Acc: 94.00%
2026-02-04 15:45:49 KST | INFO |   No improvement (6/30)
2026-02-04 15:45:49 KST | INFO | 
2026-02-04 15:45:49 KST | INFO | Epoch 186/200 | LR: 0.001382
2026-02-04 15:46:00 KST | INFO |   Train Loss: 0.0048 | Test Loss: 0.0011 | Test Acc: 94.06%
2026-02-04 15:46:00 KST | INFO |   No improvement (7/30)
2026-02-04 15:46:00 KST | INFO | 
2026-02-04 15:46:00 KST | INFO | Epoch 187/200 | LR: 0.001205
2026-02-04 15:46:10 KST | INFO |   Train Loss: 0.0054 | Test Loss: 0.0010 | Test Acc: 94.02%
2026-02-04 15:46:10 KST | INFO |   No improvement (8/30)
2026-02-04 15:46:10 KST | INFO | 
2026-02-04 15:46:10 KST | INFO | Epoch 188/200 | LR: 0.001040
2026-02-04 15:46:20 KST | INFO |   Train Loss: 0.0050 | Test Loss: 0.0010 | Test Acc: 94.12%
2026-02-04 15:46:20 KST | INFO |   No improvement (9/30)
2026-02-04 15:46:20 KST | INFO | 
2026-02-04 15:46:20 KST | INFO | Epoch 189/200 | LR: 0.000887
2026-02-04 15:46:31 KST | INFO |   Train Loss: 0.0049 | Test Loss: 0.0011 | Test Acc: 94.08%
2026-02-04 15:46:31 KST | INFO |   No improvement (10/30)
2026-02-04 15:46:31 KST | INFO | 
2026-02-04 15:46:31 KST | INFO | Epoch 190/200 | LR: 0.000746
2026-02-04 15:46:41 KST | INFO |   Train Loss: 0.0049 | Test Loss: 0.0010 | Test Acc: 94.02%
2026-02-04 15:46:41 KST | INFO |   No improvement (11/30)
2026-02-04 15:46:41 KST | INFO | 
2026-02-04 15:46:41 KST | INFO | Epoch 191/200 | LR: 0.000617
2026-02-04 15:46:51 KST | INFO |   Train Loss: 0.0046 | Test Loss: 0.0010 | Test Acc: 93.92%
2026-02-04 15:46:51 KST | INFO |   No improvement (12/30)
2026-02-04 15:46:51 KST | INFO | 
2026-02-04 15:46:51 KST | INFO | Epoch 192/200 | LR: 0.000500
2026-02-04 15:47:02 KST | INFO |   Train Loss: 0.0049 | Test Loss: 0.0010 | Test Acc: 93.84%
2026-02-04 15:47:02 KST | INFO |   No improvement (13/30)
2026-02-04 15:47:02 KST | INFO | 
2026-02-04 15:47:02 KST | INFO | Epoch 193/200 | LR: 0.000395
2026-02-04 15:47:12 KST | INFO |   Train Loss: 0.0047 | Test Loss: 0.0011 | Test Acc: 94.06%
2026-02-04 15:47:12 KST | INFO |   No improvement (14/30)
2026-02-04 15:47:12 KST | INFO | 
2026-02-04 15:47:12 KST | INFO | Epoch 194/200 | LR: 0.000303
2026-02-04 15:47:22 KST | INFO |   Train Loss: 0.0045 | Test Loss: 0.0011 | Test Acc: 94.00%
2026-02-04 15:47:22 KST | INFO |   No improvement (15/30)
2026-02-04 15:47:22 KST | INFO | 
2026-02-04 15:47:22 KST | INFO | Epoch 195/200 | LR: 0.000223
2026-02-04 15:47:33 KST | INFO |   Train Loss: 0.0046 | Test Loss: 0.0010 | Test Acc: 93.92%
2026-02-04 15:47:33 KST | INFO |   No improvement (16/30)
2026-02-04 15:47:33 KST | INFO | 
2026-02-04 15:47:33 KST | INFO | Epoch 196/200 | LR: 0.000155
2026-02-04 15:47:43 KST | INFO |   Train Loss: 0.0043 | Test Loss: 0.0010 | Test Acc: 93.92%
2026-02-04 15:47:43 KST | INFO |   No improvement (17/30)
2026-02-04 15:47:43 KST | INFO | 
2026-02-04 15:47:43 KST | INFO | Epoch 197/200 | LR: 0.000100
2026-02-04 15:47:54 KST | INFO |   Train Loss: 0.0046 | Test Loss: 0.0010 | Test Acc: 94.02%
2026-02-04 15:47:54 KST | INFO |   No improvement (18/30)
2026-02-04 15:47:54 KST | INFO | 
2026-02-04 15:47:54 KST | INFO | Epoch 198/200 | LR: 0.000057
2026-02-04 15:48:04 KST | INFO |   Train Loss: 0.0041 | Test Loss: 0.0010 | Test Acc: 93.98%
2026-02-04 15:48:04 KST | INFO |   No improvement (19/30)
2026-02-04 15:48:04 KST | INFO | 
2026-02-04 15:48:04 KST | INFO | Epoch 199/200 | LR: 0.000026
2026-02-04 15:48:14 KST | INFO |   Train Loss: 0.0043 | Test Loss: 0.0010 | Test Acc: 93.92%
2026-02-04 15:48:14 KST | INFO |   No improvement (20/30)
2026-02-04 15:48:14 KST | INFO | 
2026-02-04 15:48:14 KST | INFO | Epoch 200/200 | LR: 0.000007
2026-02-04 15:48:25 KST | INFO |   Train Loss: 0.0046 | Test Loss: 0.0010 | Test Acc: 93.90%
2026-02-04 15:48:25 KST | INFO |   No improvement (21/30)
2026-02-04 15:48:25 KST | INFO | 
2026-02-04 15:48:25 KST | INFO | ================================================================================
2026-02-04 15:48:25 KST | INFO | TRAINING COMPLETE
2026-02-04 15:48:25 KST | INFO | ================================================================================
2026-02-04 15:48:25 KST | INFO | Best accuracy:  94.28% (Epoch 179)
2026-02-04 15:48:25 KST | INFO | Final accuracy: 93.90%
2026-02-04 15:48:25 KST | INFO | ================================================================================
2026-02-04 15:48:25 KST | INFO | 
2026-02-04 15:48:25 KST | INFO | Notifying nodes of completion...
2026-02-04 15:48:26 KST | INFO | ✓ Nodes notified
2026-02-04 15:48:26 KST | INFO | 
2026-02-04 15:48:26 KST | INFO | Closing connections...
2026-02-04 15:48:26 KST | INFO | ✓ Cleanup complete
2026-02-04 15:48:26 KST | INFO | 
2026-02-04 15:48:26 KST | INFO | Full log: logs/TL++_base_20260204_151251.log
2026-02-04 15:48:26 KST | INFO | ================================================================================
