2026-02-13 20:38:17 KST | INFO | ================================================================================
2026-02-13 20:38:17 KST | INFO | TL++ Orchestrator
2026-02-13 20:38:17 KST | INFO | ================================================================================
2026-02-13 20:38:17 KST | INFO | Log file: logs/TL++_secure_20260213_203817.log
2026-02-13 20:38:17 KST | INFO | 
2026-02-13 20:38:17 KST | INFO | --------------------------------------------------------------------------------
2026-02-13 20:38:17 KST | INFO | CONFIGURATION
2026-02-13 20:38:17 KST | INFO | --------------------------------------------------------------------------------
2026-02-13 20:38:17 KST | INFO | Secure mode:      True
2026-02-13 20:38:17 KST | INFO | Helper endpoint:  127.0.0.1:8082
2026-02-13 20:38:17 KST | INFO | Activation noise: 2.0%
2026-02-13 20:38:17 KST | INFO | Gradient noise:   10.0%
2026-02-13 20:38:17 KST | INFO | Nodes:            4
2026-02-13 20:38:17 KST | INFO | Cut layer:        1
2026-02-13 20:38:17 KST | INFO | Batch size:       128
2026-02-13 20:38:17 KST | INFO | Learning rate:    0.1
2026-02-13 20:38:17 KST | INFO | 
2026-02-13 20:38:17 KST | INFO | Computation device: cuda
2026-02-13 20:38:17 KST | INFO | Secure mode: ✓ ENABLED
2026-02-13 20:38:17 KST | INFO | 
2026-02-13 20:38:17 KST | INFO | --------------------------------------------------------------------------------
2026-02-13 20:38:17 KST | INFO | NETWORK SETUP
2026-02-13 20:38:17 KST | INFO | --------------------------------------------------------------------------------
2026-02-13 20:38:17 KST | INFO | ✓ Orchestrator listening on 127.0.0.1:8080
2026-02-13 20:38:17 KST | INFO | ✓ Helper node on 127.0.0.1:8082
2026-02-13 20:38:17 KST | INFO | 
2026-02-13 20:38:17 KST | INFO | Waiting for helper node...
2026-02-13 20:38:19 KST | INFO | ✓ Helper node connected
2026-02-13 20:38:19 KST | INFO | ✓ Noise config sent to helper (activation: 2.0%, gradient: 10.0%)
2026-02-13 20:38:19 KST | INFO | 
2026-02-13 20:38:19 KST | INFO | Waiting for 4 node(s)...
2026-02-13 20:38:23 KST | INFO |   ✓ Node 1/4 connected
2026-02-13 20:38:24 KST | INFO |   ✓ Node 2/4 connected
2026-02-13 20:38:25 KST | INFO |   ✓ Node 3/4 connected
2026-02-13 20:38:26 KST | INFO |   ✓ Node 4/4 connected
2026-02-13 20:38:26 KST | INFO | ✓ All 4 node(s) connected
2026-02-13 20:38:26 KST | INFO | 
2026-02-13 20:38:26 KST | INFO | --------------------------------------------------------------------------------
2026-02-13 20:38:26 KST | INFO | MODEL INITIALIZATION
2026-02-13 20:38:26 KST | INFO | --------------------------------------------------------------------------------
2026-02-13 20:38:26 KST | INFO | Node-side parameters: 38,720
2026-02-13 20:38:26 KST | INFO | 
2026-02-13 20:38:26 KST | INFO | --------------------------------------------------------------------------------
2026-02-13 20:38:26 KST | INFO | BROADCASTING CONFIGURATION
2026-02-13 20:38:26 KST | INFO | --------------------------------------------------------------------------------
2026-02-13 20:38:26 KST | INFO | ✓ Configuration broadcast to all nodes
2026-02-13 20:38:27 KST | INFO | 
2026-02-13 20:38:27 KST | INFO | Total parameters:     3,245,124
2026-02-13 20:38:27 KST | INFO | Trainable parameters: 3,245,124
2026-02-13 20:38:27 KST | INFO | 
2026-02-13 20:38:27 KST | INFO | --------------------------------------------------------------------------------
2026-02-13 20:38:27 KST | INFO | DATA LOADING
2026-02-13 20:38:27 KST | INFO | --------------------------------------------------------------------------------
2026-02-13 20:38:52 KST | INFO | ✓ Dataset information collected:
2026-02-13 20:38:52 KST | INFO |     Node 1: 5,000 samples
2026-02-13 20:38:52 KST | INFO |     Node 2: 5,000 samples
2026-02-13 20:38:52 KST | INFO |     Node 3: 5,000 samples
2026-02-13 20:38:52 KST | INFO |     Node 4: 5,000 samples
2026-02-13 20:38:52 KST | INFO |   Total training samples: 20,000
2026-02-13 20:38:52 KST | INFO | 
2026-02-13 20:38:55 KST | INFO | ✓ Test dataset loaded: 4,000 samples
2026-02-13 20:38:55 KST | INFO | 
2026-02-13 20:38:55 KST | INFO | ✓ Batch scheduler: 157 batches/epoch
2026-02-13 20:38:55 KST | INFO | 
2026-02-13 20:38:55 KST | INFO | --------------------------------------------------------------------------------
2026-02-13 20:38:55 KST | INFO | OPTIMIZATION SETUP
2026-02-13 20:38:55 KST | INFO | --------------------------------------------------------------------------------
2026-02-13 20:38:55 KST | INFO | ✓ Optimizer: SGD (lr=0.1, momentum=0.9)
2026-02-13 20:38:55 KST | INFO | ✓ Scheduler: cosine
2026-02-13 20:38:55 KST | INFO | ✓ Gradient clipping: 1.0
2026-02-13 20:38:55 KST | INFO | 
2026-02-13 20:38:55 KST | INFO | ================================================================================
2026-02-13 20:38:55 KST | INFO | Setup complete - Ready for training
2026-02-13 20:38:55 KST | INFO | ================================================================================
2026-02-13 20:38:55 KST | INFO | 
2026-02-13 20:38:55 KST | INFO | --------------------------------------------------------------------------------
2026-02-13 20:38:55 KST | INFO | TRAINING
2026-02-13 20:38:55 KST | INFO | --------------------------------------------------------------------------------
2026-02-13 20:38:55 KST | INFO | 
2026-02-13 20:38:55 KST | INFO | Epoch 1/200 | LR: 0.100000
2026-02-13 20:39:37 KST | INFO |   Train Loss: 0.9801 | Test Loss: 0.0036 | Test Acc: 64.90%
2026-02-13 20:39:37 KST | INFO |   🏆 New best accuracy: 64.90%
2026-02-13 20:39:37 KST | INFO | 
2026-02-13 20:39:37 KST | INFO | Epoch 2/200 | LR: 0.099994
2026-02-13 20:40:17 KST | INFO |   Train Loss: 0.7006 | Test Loss: 0.0028 | Test Acc: 72.30%
2026-02-13 20:40:17 KST | INFO |   🏆 New best accuracy: 72.30%
2026-02-13 20:40:17 KST | INFO | 
2026-02-13 20:40:17 KST | INFO | Epoch 3/200 | LR: 0.099975
2026-02-13 20:40:58 KST | INFO |   Train Loss: 0.5869 | Test Loss: 0.0029 | Test Acc: 73.05%
2026-02-13 20:40:58 KST | INFO |   🏆 New best accuracy: 73.05%
2026-02-13 20:40:58 KST | INFO | 
2026-02-13 20:40:58 KST | INFO | Epoch 4/200 | LR: 0.099944
2026-02-13 20:41:40 KST | INFO |   Train Loss: 0.5022 | Test Loss: 0.0024 | Test Acc: 76.58%
2026-02-13 20:41:40 KST | INFO |   🏆 New best accuracy: 76.58%
2026-02-13 20:41:40 KST | INFO | 
2026-02-13 20:41:40 KST | INFO | Epoch 5/200 | LR: 0.099901
2026-02-13 20:42:20 KST | INFO |   Train Loss: 0.4518 | Test Loss: 0.0025 | Test Acc: 77.55%
2026-02-13 20:42:20 KST | INFO |   🏆 New best accuracy: 77.55%
2026-02-13 20:42:20 KST | INFO | 
2026-02-13 20:42:20 KST | INFO | Epoch 6/200 | LR: 0.099846
2026-02-13 20:43:00 KST | INFO |   Train Loss: 0.4079 | Test Loss: 0.0018 | Test Acc: 84.22%
2026-02-13 20:43:00 KST | INFO |   🏆 New best accuracy: 84.22%
2026-02-13 20:43:00 KST | INFO | 
2026-02-13 20:43:00 KST | INFO | Epoch 7/200 | LR: 0.099778
2026-02-13 20:43:44 KST | INFO |   Train Loss: 0.3775 | Test Loss: 0.0019 | Test Acc: 82.55%
2026-02-13 20:43:44 KST | INFO |   No improvement (1/30)
2026-02-13 20:43:44 KST | INFO | 
2026-02-13 20:43:44 KST | INFO | Epoch 8/200 | LR: 0.099698
2026-02-13 20:44:25 KST | INFO |   Train Loss: 0.3476 | Test Loss: 0.0019 | Test Acc: 82.10%
2026-02-13 20:44:25 KST | INFO |   No improvement (2/30)
2026-02-13 20:44:25 KST | INFO | 
2026-02-13 20:44:25 KST | INFO | Epoch 9/200 | LR: 0.099606
2026-02-13 20:45:05 KST | INFO |   Train Loss: 0.3262 | Test Loss: 0.0025 | Test Acc: 77.45%
2026-02-13 20:45:05 KST | INFO |   No improvement (3/30)
2026-02-13 20:45:05 KST | INFO | 
2026-02-13 20:45:05 KST | INFO | Epoch 10/200 | LR: 0.099501
2026-02-13 20:45:50 KST | INFO |   Train Loss: 0.3064 | Test Loss: 0.0020 | Test Acc: 82.55%
2026-02-13 20:45:50 KST | INFO |   No improvement (4/30)
2026-02-13 20:45:50 KST | INFO | 
2026-02-13 20:45:50 KST | INFO | Epoch 11/200 | LR: 0.099384
2026-02-13 20:46:30 KST | INFO |   Train Loss: 0.2888 | Test Loss: 0.0020 | Test Acc: 82.55%
2026-02-13 20:46:30 KST | INFO |   No improvement (5/30)
2026-02-13 20:46:30 KST | INFO | 
2026-02-13 20:46:30 KST | INFO | Epoch 12/200 | LR: 0.099255
2026-02-13 20:47:10 KST | INFO |   Train Loss: 0.2823 | Test Loss: 0.0019 | Test Acc: 83.12%
2026-02-13 20:47:10 KST | INFO |   No improvement (6/30)
2026-02-13 20:47:10 KST | INFO | 
2026-02-13 20:47:10 KST | INFO | Epoch 13/200 | LR: 0.099114
2026-02-13 20:47:51 KST | INFO |   Train Loss: 0.2674 | Test Loss: 0.0016 | Test Acc: 85.67%
2026-02-13 20:47:51 KST | INFO |   🏆 New best accuracy: 85.67%
2026-02-13 20:47:51 KST | INFO | 
2026-02-13 20:47:51 KST | INFO | Epoch 14/200 | LR: 0.098961
2026-02-13 20:48:35 KST | INFO |   Train Loss: 0.2637 | Test Loss: 0.0016 | Test Acc: 86.53%
2026-02-13 20:48:35 KST | INFO |   🏆 New best accuracy: 86.53%
2026-02-13 20:48:35 KST | INFO | 
2026-02-13 20:48:35 KST | INFO | Epoch 15/200 | LR: 0.098796
2026-02-13 20:49:15 KST | INFO |   Train Loss: 0.2468 | Test Loss: 0.0017 | Test Acc: 84.12%
2026-02-13 20:49:15 KST | INFO |   No improvement (1/30)
2026-02-13 20:49:15 KST | INFO | 
2026-02-13 20:49:15 KST | INFO | Epoch 16/200 | LR: 0.098619
2026-02-13 20:49:56 KST | INFO |   Train Loss: 0.2349 | Test Loss: 0.0020 | Test Acc: 81.17%
2026-02-13 20:49:56 KST | INFO |   No improvement (2/30)
2026-02-13 20:49:56 KST | INFO | 
2026-02-13 20:49:56 KST | INFO | Epoch 17/200 | LR: 0.098429
2026-02-13 20:50:36 KST | INFO |   Train Loss: 0.2368 | Test Loss: 0.0014 | Test Acc: 86.78%
2026-02-13 20:50:36 KST | INFO |   🏆 New best accuracy: 86.78%
2026-02-13 20:50:36 KST | INFO | 
2026-02-13 20:50:36 KST | INFO | Epoch 18/200 | LR: 0.098228
2026-02-13 20:51:17 KST | INFO |   Train Loss: 0.2294 | Test Loss: 0.0015 | Test Acc: 86.55%
2026-02-13 20:51:17 KST | INFO |   No improvement (1/30)
2026-02-13 20:51:17 KST | INFO | 
2026-02-13 20:51:17 KST | INFO | Epoch 19/200 | LR: 0.098015
2026-02-13 20:52:01 KST | INFO |   Train Loss: 0.2215 | Test Loss: 0.0014 | Test Acc: 88.20%
2026-02-13 20:52:01 KST | INFO |   🏆 New best accuracy: 88.20%
2026-02-13 20:52:01 KST | INFO | 
2026-02-13 20:52:01 KST | INFO | Epoch 20/200 | LR: 0.097790
2026-02-13 20:52:42 KST | INFO |   Train Loss: 0.2137 | Test Loss: 0.0011 | Test Acc: 90.67%
2026-02-13 20:52:42 KST | INFO |   🏆 New best accuracy: 90.67%
2026-02-13 20:52:42 KST | INFO | 
2026-02-13 20:52:42 KST | INFO | Epoch 21/200 | LR: 0.097553
2026-02-13 20:53:23 KST | INFO |   Train Loss: 0.2015 | Test Loss: 0.0017 | Test Acc: 84.30%
2026-02-13 20:53:23 KST | INFO |   No improvement (1/30)
2026-02-13 20:53:23 KST | INFO | 
2026-02-13 20:53:23 KST | INFO | Epoch 22/200 | LR: 0.097304
2026-02-13 20:54:08 KST | INFO |   Train Loss: 0.2028 | Test Loss: 0.0014 | Test Acc: 88.33%
2026-02-13 20:54:08 KST | INFO |   No improvement (2/30)
2026-02-13 20:54:08 KST | INFO | 
2026-02-13 20:54:08 KST | INFO | Epoch 23/200 | LR: 0.097044
2026-02-13 20:54:50 KST | INFO |   Train Loss: 0.1951 | Test Loss: 0.0013 | Test Acc: 88.30%
2026-02-13 20:54:50 KST | INFO |   No improvement (3/30)
2026-02-13 20:54:50 KST | INFO | 
2026-02-13 20:54:50 KST | INFO | Epoch 24/200 | LR: 0.096772
2026-02-13 20:55:31 KST | INFO |   Train Loss: 0.1909 | Test Loss: 0.0013 | Test Acc: 88.75%
2026-02-13 20:55:31 KST | INFO |   No improvement (4/30)
2026-02-13 20:55:31 KST | INFO | 
2026-02-13 20:55:31 KST | INFO | Epoch 25/200 | LR: 0.096489
2026-02-13 20:56:12 KST | INFO |   Train Loss: 0.1858 | Test Loss: 0.0015 | Test Acc: 85.53%
2026-02-13 20:56:12 KST | INFO |   No improvement (5/30)
2026-02-13 20:56:12 KST | INFO | 
2026-02-13 20:56:12 KST | INFO | Epoch 26/200 | LR: 0.096194
2026-02-13 20:56:56 KST | INFO |   Train Loss: 0.1848 | Test Loss: 0.0014 | Test Acc: 87.45%
2026-02-13 20:56:56 KST | INFO |   No improvement (6/30)
2026-02-13 20:56:56 KST | INFO | 
2026-02-13 20:56:56 KST | INFO | Epoch 27/200 | LR: 0.095888
2026-02-13 20:57:37 KST | INFO |   Train Loss: 0.1796 | Test Loss: 0.0013 | Test Acc: 89.70%
2026-02-13 20:57:37 KST | INFO |   No improvement (7/30)
2026-02-13 20:57:37 KST | INFO | 
2026-02-13 20:57:37 KST | INFO | Epoch 28/200 | LR: 0.095570
2026-02-13 20:58:17 KST | INFO |   Train Loss: 0.1776 | Test Loss: 0.0013 | Test Acc: 88.72%
2026-02-13 20:58:17 KST | INFO |   No improvement (8/30)
2026-02-13 20:58:17 KST | INFO | 
2026-02-13 20:58:17 KST | INFO | Epoch 29/200 | LR: 0.095241
2026-02-13 20:58:58 KST | INFO |   Train Loss: 0.1747 | Test Loss: 0.0011 | Test Acc: 90.70%
2026-02-13 20:58:58 KST | INFO |   🏆 New best accuracy: 90.70%
2026-02-13 20:58:58 KST | INFO | 
2026-02-13 20:58:58 KST | INFO | Epoch 30/200 | LR: 0.094901
2026-02-13 20:59:42 KST | INFO |   Train Loss: 0.1648 | Test Loss: 0.0014 | Test Acc: 87.25%
2026-02-13 20:59:42 KST | INFO |   No improvement (1/30)
2026-02-13 20:59:42 KST | INFO | 
2026-02-13 20:59:42 KST | INFO | Epoch 31/200 | LR: 0.094550
2026-02-13 21:00:23 KST | INFO |   Train Loss: 0.1645 | Test Loss: 0.0014 | Test Acc: 87.67%
2026-02-13 21:00:23 KST | INFO |   No improvement (2/30)
2026-02-13 21:00:23 KST | INFO | 
2026-02-13 21:00:23 KST | INFO | Epoch 32/200 | LR: 0.094188
2026-02-13 21:01:04 KST | INFO |   Train Loss: 0.1661 | Test Loss: 0.0012 | Test Acc: 90.12%
2026-02-13 21:01:04 KST | INFO |   No improvement (3/30)
2026-02-13 21:01:04 KST | INFO | 
2026-02-13 21:01:04 KST | INFO | Epoch 33/200 | LR: 0.093815
2026-02-13 21:01:45 KST | INFO |   Train Loss: 0.1642 | Test Loss: 0.0011 | Test Acc: 90.38%
2026-02-13 21:01:45 KST | INFO |   No improvement (4/30)
2026-02-13 21:01:45 KST | INFO | 
2026-02-13 21:01:45 KST | INFO | Epoch 34/200 | LR: 0.093432
2026-02-13 21:02:28 KST | INFO |   Train Loss: 0.1565 | Test Loss: 0.0014 | Test Acc: 87.12%
2026-02-13 21:02:28 KST | INFO |   No improvement (5/30)
2026-02-13 21:02:28 KST | INFO | 
2026-02-13 21:02:28 KST | INFO | Epoch 35/200 | LR: 0.093037
2026-02-13 21:03:10 KST | INFO |   Train Loss: 0.1641 | Test Loss: 0.0014 | Test Acc: 86.80%
2026-02-13 21:03:10 KST | INFO |   No improvement (6/30)
2026-02-13 21:03:10 KST | INFO | 
2026-02-13 21:03:10 KST | INFO | Epoch 36/200 | LR: 0.092632
2026-02-13 21:03:51 KST | INFO |   Train Loss: 0.1545 | Test Loss: 0.0011 | Test Acc: 89.95%
2026-02-13 21:03:51 KST | INFO |   No improvement (7/30)
2026-02-13 21:03:51 KST | INFO | 
2026-02-13 21:03:51 KST | INFO | Epoch 37/200 | LR: 0.092216
2026-02-13 21:04:32 KST | INFO |   Train Loss: 0.1579 | Test Loss: 0.0012 | Test Acc: 89.38%
2026-02-13 21:04:32 KST | INFO |   No improvement (8/30)
2026-02-13 21:04:32 KST | INFO | 
2026-02-13 21:04:32 KST | INFO | Epoch 38/200 | LR: 0.091790
2026-02-13 21:05:12 KST | INFO |   Train Loss: 0.1535 | Test Loss: 0.0011 | Test Acc: 90.75%
2026-02-13 21:05:12 KST | INFO |   🏆 New best accuracy: 90.75%
2026-02-13 21:05:12 KST | INFO | 
2026-02-13 21:05:12 KST | INFO | Epoch 39/200 | LR: 0.091354
2026-02-13 21:05:56 KST | INFO |   Train Loss: 0.1489 | Test Loss: 0.0015 | Test Acc: 86.90%
2026-02-13 21:05:56 KST | INFO |   No improvement (1/30)
2026-02-13 21:05:56 KST | INFO | 
2026-02-13 21:05:56 KST | INFO | Epoch 40/200 | LR: 0.090908
2026-02-13 21:06:36 KST | INFO |   Train Loss: 0.1438 | Test Loss: 0.0010 | Test Acc: 91.15%
2026-02-13 21:06:36 KST | INFO |   🏆 New best accuracy: 91.15%
2026-02-13 21:06:36 KST | INFO | 
2026-02-13 21:06:36 KST | INFO | Epoch 41/200 | LR: 0.090451
2026-02-13 21:07:18 KST | INFO |   Train Loss: 0.1461 | Test Loss: 0.0011 | Test Acc: 90.42%
2026-02-13 21:07:18 KST | INFO |   No improvement (1/30)
2026-02-13 21:07:18 KST | INFO | 
2026-02-13 21:07:18 KST | INFO | Epoch 42/200 | LR: 0.089984
2026-02-13 21:07:59 KST | INFO |   Train Loss: 0.1446 | Test Loss: 0.0011 | Test Acc: 89.78%
2026-02-13 21:07:59 KST | INFO |   No improvement (2/30)
2026-02-13 21:07:59 KST | INFO | 
2026-02-13 21:07:59 KST | INFO | Epoch 43/200 | LR: 0.089508
2026-02-13 21:08:44 KST | INFO |   Train Loss: 0.1413 | Test Loss: 0.0014 | Test Acc: 87.47%
2026-02-13 21:08:44 KST | INFO |   No improvement (3/30)
2026-02-13 21:08:44 KST | INFO | 
2026-02-13 21:08:44 KST | INFO | Epoch 44/200 | LR: 0.089022
2026-02-13 21:09:24 KST | INFO |   Train Loss: 0.1400 | Test Loss: 0.0013 | Test Acc: 88.65%
2026-02-13 21:09:24 KST | INFO |   No improvement (4/30)
2026-02-13 21:09:24 KST | INFO | 
2026-02-13 21:09:24 KST | INFO | Epoch 45/200 | LR: 0.088526
2026-02-13 21:10:04 KST | INFO |   Train Loss: 0.1328 | Test Loss: 0.0022 | Test Acc: 81.20%
2026-02-13 21:10:04 KST | INFO |   No improvement (5/30)
2026-02-13 21:10:04 KST | INFO | 
2026-02-13 21:10:04 KST | INFO | Epoch 46/200 | LR: 0.088020
2026-02-13 21:10:44 KST | INFO |   Train Loss: 0.1348 | Test Loss: 0.0014 | Test Acc: 88.40%
2026-02-13 21:10:44 KST | INFO |   No improvement (6/30)
2026-02-13 21:10:44 KST | INFO | 
2026-02-13 21:10:44 KST | INFO | Epoch 47/200 | LR: 0.087506
2026-02-13 21:11:29 KST | INFO |   Train Loss: 0.1288 | Test Loss: 0.0009 | Test Acc: 92.25%
2026-02-13 21:11:29 KST | INFO |   🏆 New best accuracy: 92.25%
2026-02-13 21:11:29 KST | INFO | 
2026-02-13 21:11:29 KST | INFO | Epoch 48/200 | LR: 0.086982
2026-02-13 21:12:13 KST | INFO |   Train Loss: 0.1319 | Test Loss: 0.0011 | Test Acc: 90.85%
2026-02-13 21:12:13 KST | INFO |   No improvement (1/30)
2026-02-13 21:12:13 KST | INFO | 
2026-02-13 21:12:13 KST | INFO | Epoch 49/200 | LR: 0.086449
2026-02-13 21:12:54 KST | INFO |   Train Loss: 0.1289 | Test Loss: 0.0011 | Test Acc: 90.30%
2026-02-13 21:12:54 KST | INFO |   No improvement (2/30)
2026-02-13 21:12:54 KST | INFO | 
2026-02-13 21:12:54 KST | INFO | Epoch 50/200 | LR: 0.085906
2026-02-13 21:13:39 KST | INFO |   Train Loss: 0.1319 | Test Loss: 0.0014 | Test Acc: 87.15%
2026-02-13 21:13:39 KST | INFO |   No improvement (3/30)
2026-02-13 21:13:39 KST | INFO | 
2026-02-13 21:13:39 KST | INFO | Epoch 51/200 | LR: 0.085355
2026-02-13 21:14:19 KST | INFO |   Train Loss: 0.1319 | Test Loss: 0.0010 | Test Acc: 91.50%
2026-02-13 21:14:19 KST | INFO |   No improvement (4/30)
2026-02-13 21:14:19 KST | INFO | 
2026-02-13 21:14:19 KST | INFO | Epoch 52/200 | LR: 0.084796
2026-02-13 21:15:04 KST | INFO |   Train Loss: 0.1281 | Test Loss: 0.0010 | Test Acc: 91.65%
2026-02-13 21:15:04 KST | INFO |   No improvement (5/30)
2026-02-13 21:15:04 KST | INFO | 
2026-02-13 21:15:04 KST | INFO | Epoch 53/200 | LR: 0.084228
2026-02-13 21:15:44 KST | INFO |   Train Loss: 0.1220 | Test Loss: 0.0012 | Test Acc: 89.03%
2026-02-13 21:15:44 KST | INFO |   No improvement (6/30)
2026-02-13 21:15:44 KST | INFO | 
2026-02-13 21:15:44 KST | INFO | Epoch 54/200 | LR: 0.083651
2026-02-13 21:16:25 KST | INFO |   Train Loss: 0.1175 | Test Loss: 0.0010 | Test Acc: 91.15%
2026-02-13 21:16:25 KST | INFO |   No improvement (7/30)
2026-02-13 21:16:25 KST | INFO | 
2026-02-13 21:16:25 KST | INFO | Epoch 55/200 | LR: 0.083066
2026-02-13 21:17:06 KST | INFO |   Train Loss: 0.1194 | Test Loss: 0.0012 | Test Acc: 89.70%
2026-02-13 21:17:06 KST | INFO |   No improvement (8/30)
2026-02-13 21:17:06 KST | INFO | 
2026-02-13 21:17:06 KST | INFO | Epoch 56/200 | LR: 0.082473
2026-02-13 21:17:51 KST | INFO |   Train Loss: 0.1174 | Test Loss: 0.0016 | Test Acc: 86.28%
2026-02-13 21:17:51 KST | INFO |   No improvement (9/30)
2026-02-13 21:17:51 KST | INFO | 
2026-02-13 21:17:51 KST | INFO | Epoch 57/200 | LR: 0.081871
2026-02-13 21:18:31 KST | INFO |   Train Loss: 0.1146 | Test Loss: 0.0011 | Test Acc: 90.08%
2026-02-13 21:18:31 KST | INFO |   No improvement (10/30)
2026-02-13 21:18:31 KST | INFO | 
2026-02-13 21:18:31 KST | INFO | Epoch 58/200 | LR: 0.081262
2026-02-13 21:19:12 KST | INFO |   Train Loss: 0.1139 | Test Loss: 0.0012 | Test Acc: 90.03%
2026-02-13 21:19:12 KST | INFO |   No improvement (11/30)
2026-02-13 21:19:12 KST | INFO | 
2026-02-13 21:19:12 KST | INFO | Epoch 59/200 | LR: 0.080646
2026-02-13 21:19:53 KST | INFO |   Train Loss: 0.1155 | Test Loss: 0.0009 | Test Acc: 91.65%
2026-02-13 21:19:53 KST | INFO |   No improvement (12/30)
2026-02-13 21:19:53 KST | INFO | 
2026-02-13 21:19:53 KST | INFO | Epoch 60/200 | LR: 0.080021
2026-02-13 21:20:38 KST | INFO |   Train Loss: 0.1051 | Test Loss: 0.0011 | Test Acc: 90.40%
2026-02-13 21:20:38 KST | INFO |   No improvement (13/30)
2026-02-13 21:20:38 KST | INFO | 
2026-02-13 21:20:38 KST | INFO | Epoch 61/200 | LR: 0.079389
2026-02-13 21:21:18 KST | INFO |   Train Loss: 0.1081 | Test Loss: 0.0010 | Test Acc: 90.97%
2026-02-13 21:21:18 KST | INFO |   No improvement (14/30)
2026-02-13 21:21:18 KST | INFO | 
2026-02-13 21:21:18 KST | INFO | Epoch 62/200 | LR: 0.078750
2026-02-13 21:22:03 KST | INFO |   Train Loss: 0.1109 | Test Loss: 0.0012 | Test Acc: 89.17%
2026-02-13 21:22:03 KST | INFO |   No improvement (15/30)
2026-02-13 21:22:03 KST | INFO | 
2026-02-13 21:22:03 KST | INFO | Epoch 63/200 | LR: 0.078104
2026-02-13 21:22:43 KST | INFO |   Train Loss: 0.1048 | Test Loss: 0.0012 | Test Acc: 90.35%
2026-02-13 21:22:43 KST | INFO |   No improvement (16/30)
2026-02-13 21:22:43 KST | INFO | 
2026-02-13 21:22:43 KST | INFO | Epoch 64/200 | LR: 0.077451
2026-02-13 21:23:24 KST | INFO |   Train Loss: 0.1090 | Test Loss: 0.0011 | Test Acc: 90.22%
2026-02-13 21:23:24 KST | INFO |   No improvement (17/30)
2026-02-13 21:23:24 KST | INFO | 
2026-02-13 21:23:24 KST | INFO | Epoch 65/200 | LR: 0.076792
2026-02-13 21:24:04 KST | INFO |   Train Loss: 0.1030 | Test Loss: 0.0010 | Test Acc: 91.08%
2026-02-13 21:24:04 KST | INFO |   No improvement (18/30)
2026-02-13 21:24:04 KST | INFO | 
2026-02-13 21:24:04 KST | INFO | Epoch 66/200 | LR: 0.076125
2026-02-13 21:24:44 KST | INFO |   Train Loss: 0.1059 | Test Loss: 0.0011 | Test Acc: 90.58%
2026-02-13 21:24:44 KST | INFO |   No improvement (19/30)
2026-02-13 21:24:44 KST | INFO | 
2026-02-13 21:24:44 KST | INFO | Epoch 67/200 | LR: 0.075452
2026-02-13 21:25:29 KST | INFO |   Train Loss: 0.0966 | Test Loss: 0.0010 | Test Acc: 91.53%
2026-02-13 21:25:29 KST | INFO |   No improvement (20/30)
2026-02-13 21:25:29 KST | INFO | 
2026-02-13 21:25:29 KST | INFO | Epoch 68/200 | LR: 0.074773
2026-02-13 21:26:10 KST | INFO |   Train Loss: 0.1002 | Test Loss: 0.0012 | Test Acc: 89.85%
2026-02-13 21:26:10 KST | INFO |   No improvement (21/30)
2026-02-13 21:26:10 KST | INFO | 
2026-02-13 21:26:10 KST | INFO | Epoch 69/200 | LR: 0.074088
2026-02-13 21:26:51 KST | INFO |   Train Loss: 0.0971 | Test Loss: 0.0009 | Test Acc: 91.67%
2026-02-13 21:26:51 KST | INFO |   No improvement (22/30)
2026-02-13 21:26:51 KST | INFO | 
2026-02-13 21:26:51 KST | INFO | Epoch 70/200 | LR: 0.073397
2026-02-13 21:27:31 KST | INFO |   Train Loss: 0.0915 | Test Loss: 0.0011 | Test Acc: 90.67%
2026-02-13 21:27:31 KST | INFO |   No improvement (23/30)
2026-02-13 21:27:31 KST | INFO | 
2026-02-13 21:27:31 KST | INFO | Epoch 71/200 | LR: 0.072700
2026-02-13 21:28:16 KST | INFO |   Train Loss: 0.1005 | Test Loss: 0.0013 | Test Acc: 89.62%
2026-02-13 21:28:16 KST | INFO |   No improvement (24/30)
2026-02-13 21:28:16 KST | INFO | 
2026-02-13 21:28:16 KST | INFO | Epoch 72/200 | LR: 0.071997
2026-02-13 21:28:57 KST | INFO |   Train Loss: 0.0991 | Test Loss: 0.0010 | Test Acc: 91.10%
2026-02-13 21:28:57 KST | INFO |   No improvement (25/30)
2026-02-13 21:28:57 KST | INFO | 
2026-02-13 21:28:57 KST | INFO | Epoch 73/200 | LR: 0.071289
2026-02-13 21:29:37 KST | INFO |   Train Loss: 0.0921 | Test Loss: 0.0016 | Test Acc: 87.33%
2026-02-13 21:29:37 KST | INFO |   No improvement (26/30)
2026-02-13 21:29:37 KST | INFO | 
2026-02-13 21:29:37 KST | INFO | Epoch 74/200 | LR: 0.070576
2026-02-13 21:30:18 KST | INFO |   Train Loss: 0.0905 | Test Loss: 0.0009 | Test Acc: 92.20%
2026-02-13 21:30:18 KST | INFO |   No improvement (27/30)
2026-02-13 21:30:18 KST | INFO | 
2026-02-13 21:30:18 KST | INFO | Epoch 75/200 | LR: 0.069858
2026-02-13 21:30:59 KST | INFO |   Train Loss: 0.0931 | Test Loss: 0.0009 | Test Acc: 92.00%
2026-02-13 21:30:59 KST | INFO |   No improvement (28/30)
2026-02-13 21:30:59 KST | INFO | 
2026-02-13 21:30:59 KST | INFO | Epoch 76/200 | LR: 0.069134
2026-02-13 21:31:43 KST | INFO |   Train Loss: 0.0890 | Test Loss: 0.0009 | Test Acc: 92.42%
2026-02-13 21:31:43 KST | INFO |   🏆 New best accuracy: 92.42%
2026-02-13 21:31:43 KST | INFO | 
2026-02-13 21:31:43 KST | INFO | Epoch 77/200 | LR: 0.068407
2026-02-13 21:32:24 KST | INFO |   Train Loss: 0.0854 | Test Loss: 0.0011 | Test Acc: 90.60%
2026-02-13 21:32:24 KST | INFO |   No improvement (1/30)
2026-02-13 21:32:24 KST | INFO | 
2026-02-13 21:32:24 KST | INFO | Epoch 78/200 | LR: 0.067674
2026-02-13 21:33:04 KST | INFO |   Train Loss: 0.0863 | Test Loss: 0.0010 | Test Acc: 91.15%
2026-02-13 21:33:04 KST | INFO |   No improvement (2/30)
2026-02-13 21:33:04 KST | INFO | 
2026-02-13 21:33:04 KST | INFO | Epoch 79/200 | LR: 0.066937
2026-02-13 21:33:50 KST | INFO |   Train Loss: 0.0848 | Test Loss: 0.0010 | Test Acc: 91.78%
2026-02-13 21:33:50 KST | INFO |   No improvement (3/30)
2026-02-13 21:33:50 KST | INFO | 
2026-02-13 21:33:50 KST | INFO | Epoch 80/200 | LR: 0.066196
2026-02-13 21:34:31 KST | INFO |   Train Loss: 0.0818 | Test Loss: 0.0014 | Test Acc: 87.83%
2026-02-13 21:34:31 KST | INFO |   No improvement (4/30)
2026-02-13 21:34:31 KST | INFO | 
2026-02-13 21:34:31 KST | INFO | Epoch 81/200 | LR: 0.065451
2026-02-13 21:35:12 KST | INFO |   Train Loss: 0.0765 | Test Loss: 0.0008 | Test Acc: 92.70%
2026-02-13 21:35:12 KST | INFO |   🏆 New best accuracy: 92.70%
2026-02-13 21:35:12 KST | INFO | 
2026-02-13 21:35:12 KST | INFO | Epoch 82/200 | LR: 0.064702
2026-02-13 21:35:52 KST | INFO |   Train Loss: 0.0806 | Test Loss: 0.0010 | Test Acc: 91.05%
2026-02-13 21:35:52 KST | INFO |   No improvement (1/30)
2026-02-13 21:35:52 KST | INFO | 
2026-02-13 21:35:52 KST | INFO | Epoch 83/200 | LR: 0.063950
2026-02-13 21:36:33 KST | INFO |   Train Loss: 0.0746 | Test Loss: 0.0012 | Test Acc: 90.33%
2026-02-13 21:36:33 KST | INFO |   No improvement (2/30)
2026-02-13 21:36:33 KST | INFO | 
2026-02-13 21:36:33 KST | INFO | Epoch 84/200 | LR: 0.063194
2026-02-13 21:37:18 KST | INFO |   Train Loss: 0.0777 | Test Loss: 0.0010 | Test Acc: 91.22%
2026-02-13 21:37:18 KST | INFO |   No improvement (3/30)
2026-02-13 21:37:18 KST | INFO | 
2026-02-13 21:37:18 KST | INFO | Epoch 85/200 | LR: 0.062435
2026-02-13 21:37:57 KST | INFO |   Train Loss: 0.0800 | Test Loss: 0.0013 | Test Acc: 88.72%
2026-02-13 21:37:57 KST | INFO |   No improvement (4/30)
2026-02-13 21:37:57 KST | INFO | 
2026-02-13 21:37:57 KST | INFO | Epoch 86/200 | LR: 0.061673
2026-02-13 21:38:37 KST | INFO |   Train Loss: 0.0771 | Test Loss: 0.0011 | Test Acc: 90.25%
2026-02-13 21:38:37 KST | INFO |   No improvement (5/30)
2026-02-13 21:38:37 KST | INFO | 
2026-02-13 21:38:37 KST | INFO | Epoch 87/200 | LR: 0.060908
2026-02-13 21:39:17 KST | INFO |   Train Loss: 0.0712 | Test Loss: 0.0008 | Test Acc: 92.28%
2026-02-13 21:39:17 KST | INFO |   No improvement (6/30)
2026-02-13 21:39:17 KST | INFO | 
2026-02-13 21:39:17 KST | INFO | Epoch 88/200 | LR: 0.060140
2026-02-13 21:39:58 KST | INFO |   Train Loss: 0.0752 | Test Loss: 0.0008 | Test Acc: 92.88%
2026-02-13 21:39:58 KST | INFO |   🏆 New best accuracy: 92.88%
2026-02-13 21:39:58 KST | INFO | 
2026-02-13 21:39:58 KST | INFO | Epoch 89/200 | LR: 0.059369
2026-02-13 21:40:43 KST | INFO |   Train Loss: 0.0752 | Test Loss: 0.0015 | Test Acc: 86.80%
2026-02-13 21:40:43 KST | INFO |   No improvement (1/30)
2026-02-13 21:40:43 KST | INFO | 
2026-02-13 21:40:43 KST | INFO | Epoch 90/200 | LR: 0.058597
2026-02-13 21:41:24 KST | INFO |   Train Loss: 0.0683 | Test Loss: 0.0013 | Test Acc: 88.42%
2026-02-13 21:41:24 KST | INFO |   No improvement (2/30)
2026-02-13 21:41:24 KST | INFO | 
2026-02-13 21:41:24 KST | INFO | Epoch 91/200 | LR: 0.057822
2026-02-13 21:42:06 KST | INFO |   Train Loss: 0.0679 | Test Loss: 0.0012 | Test Acc: 89.60%
2026-02-13 21:42:06 KST | INFO |   No improvement (3/30)
2026-02-13 21:42:06 KST | INFO | 
2026-02-13 21:42:06 KST | INFO | Epoch 92/200 | LR: 0.057045
2026-02-13 21:42:47 KST | INFO |   Train Loss: 0.0716 | Test Loss: 0.0010 | Test Acc: 91.53%
2026-02-13 21:42:47 KST | INFO |   No improvement (4/30)
2026-02-13 21:42:47 KST | INFO | 
2026-02-13 21:42:47 KST | INFO | Epoch 93/200 | LR: 0.056267
2026-02-13 21:43:33 KST | INFO |   Train Loss: 0.0619 | Test Loss: 0.0010 | Test Acc: 91.92%
2026-02-13 21:43:33 KST | INFO |   No improvement (5/30)
2026-02-13 21:43:33 KST | INFO | 
2026-02-13 21:43:33 KST | INFO | Epoch 94/200 | LR: 0.055487
2026-02-13 21:44:13 KST | INFO |   Train Loss: 0.0630 | Test Loss: 0.0014 | Test Acc: 88.78%
2026-02-13 21:44:13 KST | INFO |   No improvement (6/30)
2026-02-13 21:44:13 KST | INFO | 
2026-02-13 21:44:13 KST | INFO | Epoch 95/200 | LR: 0.054706
2026-02-13 21:44:55 KST | INFO |   Train Loss: 0.0686 | Test Loss: 0.0009 | Test Acc: 92.12%
2026-02-13 21:44:55 KST | INFO |   No improvement (7/30)
2026-02-13 21:44:55 KST | INFO | 
2026-02-13 21:44:55 KST | INFO | Epoch 96/200 | LR: 0.053923
2026-02-13 21:45:35 KST | INFO |   Train Loss: 0.0626 | Test Loss: 0.0011 | Test Acc: 91.53%
2026-02-13 21:45:35 KST | INFO |   No improvement (8/30)
2026-02-13 21:45:35 KST | INFO | 
2026-02-13 21:45:35 KST | INFO | Epoch 97/200 | LR: 0.053140
2026-02-13 21:46:16 KST | INFO |   Train Loss: 0.0594 | Test Loss: 0.0009 | Test Acc: 92.78%
2026-02-13 21:46:16 KST | INFO |   No improvement (9/30)
2026-02-13 21:46:16 KST | INFO | 
2026-02-13 21:46:16 KST | INFO | Epoch 98/200 | LR: 0.052356
2026-02-13 21:47:02 KST | INFO |   Train Loss: 0.0595 | Test Loss: 0.0017 | Test Acc: 86.90%
2026-02-13 21:47:02 KST | INFO |   No improvement (10/30)
2026-02-13 21:47:02 KST | INFO | 
2026-02-13 21:47:02 KST | INFO | Epoch 99/200 | LR: 0.051571
2026-02-13 21:47:42 KST | INFO |   Train Loss: 0.0581 | Test Loss: 0.0011 | Test Acc: 91.05%
2026-02-13 21:47:42 KST | INFO |   No improvement (11/30)
2026-02-13 21:47:42 KST | INFO | 
2026-02-13 21:47:42 KST | INFO | Epoch 100/200 | LR: 0.050786
2026-02-13 21:48:23 KST | INFO |   Train Loss: 0.0604 | Test Loss: 0.0008 | Test Acc: 93.67%
2026-02-13 21:48:23 KST | INFO |   🏆 New best accuracy: 93.67%
2026-02-13 21:48:23 KST | INFO | 
2026-02-13 21:48:23 KST | INFO | Epoch 101/200 | LR: 0.050001
2026-02-13 21:49:03 KST | INFO |   Train Loss: 0.0518 | Test Loss: 0.0010 | Test Acc: 91.40%
2026-02-13 21:49:03 KST | INFO |   No improvement (1/30)
2026-02-13 21:49:03 KST | INFO | 
2026-02-13 21:49:03 KST | INFO | Epoch 102/200 | LR: 0.049215
2026-02-13 21:49:48 KST | INFO |   Train Loss: 0.0602 | Test Loss: 0.0008 | Test Acc: 92.95%
2026-02-13 21:49:48 KST | INFO |   No improvement (2/30)
2026-02-13 21:49:48 KST | INFO | 
2026-02-13 21:49:48 KST | INFO | Epoch 103/200 | LR: 0.048430
2026-02-13 21:50:28 KST | INFO |   Train Loss: 0.0507 | Test Loss: 0.0011 | Test Acc: 90.95%
2026-02-13 21:50:28 KST | INFO |   No improvement (3/30)
2026-02-13 21:50:28 KST | INFO | 
2026-02-13 21:50:28 KST | INFO | Epoch 104/200 | LR: 0.047645
2026-02-13 21:51:09 KST | INFO |   Train Loss: 0.0535 | Test Loss: 0.0012 | Test Acc: 89.85%
2026-02-13 21:51:09 KST | INFO |   No improvement (4/30)
2026-02-13 21:51:09 KST | INFO | 
2026-02-13 21:51:09 KST | INFO | Epoch 105/200 | LR: 0.046861
2026-02-13 21:51:50 KST | INFO |   Train Loss: 0.0504 | Test Loss: 0.0010 | Test Acc: 91.97%
2026-02-13 21:51:50 KST | INFO |   No improvement (5/30)
2026-02-13 21:51:50 KST | INFO | 
2026-02-13 21:51:50 KST | INFO | Epoch 106/200 | LR: 0.046078
2026-02-13 21:52:31 KST | INFO |   Train Loss: 0.0501 | Test Loss: 0.0018 | Test Acc: 84.67%
2026-02-13 21:52:31 KST | INFO |   No improvement (6/30)
2026-02-13 21:52:31 KST | INFO | 
2026-02-13 21:52:31 KST | INFO | Epoch 107/200 | LR: 0.045295
2026-02-13 21:53:16 KST | INFO |   Train Loss: 0.0488 | Test Loss: 0.0013 | Test Acc: 90.30%
2026-02-13 21:53:16 KST | INFO |   No improvement (7/30)
2026-02-13 21:53:16 KST | INFO | 
2026-02-13 21:53:16 KST | INFO | Epoch 108/200 | LR: 0.044514
2026-02-13 21:53:57 KST | INFO |   Train Loss: 0.0494 | Test Loss: 0.0009 | Test Acc: 92.53%
2026-02-13 21:53:57 KST | INFO |   No improvement (8/30)
2026-02-13 21:53:57 KST | INFO | 
2026-02-13 21:53:57 KST | INFO | Epoch 109/200 | LR: 0.043734
2026-02-13 21:54:38 KST | INFO |   Train Loss: 0.0445 | Test Loss: 0.0011 | Test Acc: 91.03%
2026-02-13 21:54:38 KST | INFO |   No improvement (9/30)
2026-02-13 21:54:38 KST | INFO | 
2026-02-13 21:54:38 KST | INFO | Epoch 110/200 | LR: 0.042956
2026-02-13 21:55:19 KST | INFO |   Train Loss: 0.0462 | Test Loss: 0.0011 | Test Acc: 91.58%
2026-02-13 21:55:19 KST | INFO |   No improvement (10/30)
2026-02-13 21:55:19 KST | INFO | 
2026-02-13 21:55:19 KST | INFO | Epoch 111/200 | LR: 0.042179
2026-02-13 21:56:04 KST | INFO |   Train Loss: 0.0469 | Test Loss: 0.0009 | Test Acc: 92.67%
2026-02-13 21:56:04 KST | INFO |   No improvement (11/30)
2026-02-13 21:56:04 KST | INFO | 
2026-02-13 21:56:04 KST | INFO | Epoch 112/200 | LR: 0.041404
2026-02-13 21:56:44 KST | INFO |   Train Loss: 0.0456 | Test Loss: 0.0008 | Test Acc: 93.10%
2026-02-13 21:56:44 KST | INFO |   No improvement (12/30)
2026-02-13 21:56:44 KST | INFO | 
2026-02-13 21:56:44 KST | INFO | Epoch 113/200 | LR: 0.040632
2026-02-13 21:57:24 KST | INFO |   Train Loss: 0.0410 | Test Loss: 0.0010 | Test Acc: 92.17%
2026-02-13 21:57:24 KST | INFO |   No improvement (13/30)
2026-02-13 21:57:24 KST | INFO | 
2026-02-13 21:57:24 KST | INFO | Epoch 114/200 | LR: 0.039861
2026-02-13 21:58:05 KST | INFO |   Train Loss: 0.0380 | Test Loss: 0.0014 | Test Acc: 89.95%
2026-02-13 21:58:05 KST | INFO |   No improvement (14/30)
2026-02-13 21:58:05 KST | INFO | 
2026-02-13 21:58:05 KST | INFO | Epoch 115/200 | LR: 0.039093
2026-02-13 21:58:50 KST | INFO |   Train Loss: 0.0434 | Test Loss: 0.0011 | Test Acc: 91.25%
2026-02-13 21:58:50 KST | INFO |   No improvement (15/30)
2026-02-13 21:58:50 KST | INFO | 
2026-02-13 21:58:50 KST | INFO | Epoch 116/200 | LR: 0.038328
2026-02-13 21:59:32 KST | INFO |   Train Loss: 0.0417 | Test Loss: 0.0012 | Test Acc: 90.45%
2026-02-13 21:59:32 KST | INFO |   No improvement (16/30)
2026-02-13 21:59:32 KST | INFO | 
2026-02-13 21:59:32 KST | INFO | Epoch 117/200 | LR: 0.037566
2026-02-13 22:00:12 KST | INFO |   Train Loss: 0.0369 | Test Loss: 0.0009 | Test Acc: 92.92%
2026-02-13 22:00:12 KST | INFO |   No improvement (17/30)
2026-02-13 22:00:12 KST | INFO | 
2026-02-13 22:00:12 KST | INFO | Epoch 118/200 | LR: 0.036807
2026-02-13 22:00:53 KST | INFO |   Train Loss: 0.0360 | Test Loss: 0.0011 | Test Acc: 91.75%
2026-02-13 22:00:53 KST | INFO |   No improvement (18/30)
2026-02-13 22:00:53 KST | INFO | 
2026-02-13 22:00:53 KST | INFO | Epoch 119/200 | LR: 0.036051
2026-02-13 22:01:39 KST | INFO |   Train Loss: 0.0380 | Test Loss: 0.0011 | Test Acc: 91.15%
2026-02-13 22:01:39 KST | INFO |   No improvement (19/30)
2026-02-13 22:01:39 KST | INFO | 
2026-02-13 22:01:39 KST | INFO | Epoch 120/200 | LR: 0.035299
2026-02-13 22:02:20 KST | INFO |   Train Loss: 0.0340 | Test Loss: 0.0013 | Test Acc: 89.92%
2026-02-13 22:02:20 KST | INFO |   No improvement (20/30)
2026-02-13 22:02:20 KST | INFO | 
2026-02-13 22:02:20 KST | INFO | Epoch 121/200 | LR: 0.034550
2026-02-13 22:03:01 KST | INFO |   Train Loss: 0.0333 | Test Loss: 0.0011 | Test Acc: 91.03%
2026-02-13 22:03:01 KST | INFO |   No improvement (21/30)
2026-02-13 22:03:01 KST | INFO | 
2026-02-13 22:03:01 KST | INFO | Epoch 122/200 | LR: 0.033805
2026-02-13 22:03:42 KST | INFO |   Train Loss: 0.0337 | Test Loss: 0.0009 | Test Acc: 93.12%
2026-02-13 22:03:42 KST | INFO |   No improvement (22/30)
2026-02-13 22:03:42 KST | INFO | 
2026-02-13 22:03:42 KST | INFO | Epoch 123/200 | LR: 0.033064
2026-02-13 22:04:23 KST | INFO |   Train Loss: 0.0293 | Test Loss: 0.0010 | Test Acc: 93.10%
2026-02-13 22:04:23 KST | INFO |   No improvement (23/30)
2026-02-13 22:04:23 KST | INFO | 
2026-02-13 22:04:23 KST | INFO | Epoch 124/200 | LR: 0.032327
2026-02-13 22:05:07 KST | INFO |   Train Loss: 0.0283 | Test Loss: 0.0012 | Test Acc: 91.00%
2026-02-13 22:05:07 KST | INFO |   No improvement (24/30)
2026-02-13 22:05:07 KST | INFO | 
2026-02-13 22:05:07 KST | INFO | Epoch 125/200 | LR: 0.031594
2026-02-13 22:05:47 KST | INFO |   Train Loss: 0.0303 | Test Loss: 0.0010 | Test Acc: 92.50%
2026-02-13 22:05:47 KST | INFO |   No improvement (25/30)
2026-02-13 22:05:47 KST | INFO | 
2026-02-13 22:05:47 KST | INFO | Epoch 126/200 | LR: 0.030867
2026-02-13 22:06:32 KST | INFO |   Train Loss: 0.0282 | Test Loss: 0.0011 | Test Acc: 90.97%
2026-02-13 22:06:32 KST | INFO |   No improvement (26/30)
2026-02-13 22:06:32 KST | INFO | 
2026-02-13 22:06:32 KST | INFO | Epoch 127/200 | LR: 0.030143
2026-02-13 22:07:12 KST | INFO |   Train Loss: 0.0270 | Test Loss: 0.0010 | Test Acc: 92.53%
2026-02-13 22:07:12 KST | INFO |   No improvement (27/30)
2026-02-13 22:07:12 KST | INFO | 
2026-02-13 22:07:12 KST | INFO | Epoch 128/200 | LR: 0.029425
2026-02-13 22:07:52 KST | INFO |   Train Loss: 0.0298 | Test Loss: 0.0014 | Test Acc: 89.45%
2026-02-13 22:07:52 KST | INFO |   No improvement (28/30)
2026-02-13 22:07:52 KST | INFO | 
2026-02-13 22:07:52 KST | INFO | Epoch 129/200 | LR: 0.028712
2026-02-13 22:08:38 KST | INFO |   Train Loss: 0.0236 | Test Loss: 0.0011 | Test Acc: 91.25%
2026-02-13 22:08:38 KST | INFO |   No improvement (29/30)
2026-02-13 22:08:38 KST | INFO | 
2026-02-13 22:08:38 KST | INFO | Epoch 130/200 | LR: 0.028004
2026-02-13 22:09:19 KST | INFO |   Train Loss: 0.0239 | Test Loss: 0.0012 | Test Acc: 90.40%
2026-02-13 22:09:19 KST | INFO |   No improvement (30/30)
2026-02-13 22:09:19 KST | INFO | 
2026-02-13 22:09:19 KST | INFO | Early stopping after 30 epochs without improvement
2026-02-13 22:09:19 KST | INFO | 
2026-02-13 22:09:19 KST | INFO | ================================================================================
2026-02-13 22:09:19 KST | INFO | TRAINING COMPLETE
2026-02-13 22:09:19 KST | INFO | ================================================================================
2026-02-13 22:09:19 KST | INFO | Best accuracy:  93.67% (Epoch 100)
2026-02-13 22:09:19 KST | INFO | Final accuracy: 90.40%
2026-02-13 22:09:19 KST | INFO | ================================================================================
2026-02-13 22:09:19 KST | INFO | 
2026-02-13 22:09:19 KST | INFO | Notifying nodes of completion...
2026-02-13 22:09:20 KST | INFO | ✓ Nodes notified
2026-02-13 22:09:20 KST | INFO | 
2026-02-13 22:09:20 KST | INFO | Closing connections...
2026-02-13 22:09:20 KST | INFO | ✓ Cleanup complete
2026-02-13 22:09:20 KST | INFO | 
2026-02-13 22:09:20 KST | INFO | Full log: logs/TL++_secure_20260213_203817.log
2026-02-13 22:09:20 KST | INFO | ================================================================================
