2026-02-12 18:14:43 KST | INFO | ================================================================================
2026-02-12 18:14:43 KST | INFO | TL++ Orchestrator
2026-02-12 18:14:43 KST | INFO | ================================================================================
2026-02-12 18:14:43 KST | INFO | Log file: logs/TL++_base_20260212_181443.log
2026-02-12 18:14:43 KST | INFO | 
2026-02-12 18:14:43 KST | INFO | --------------------------------------------------------------------------------
2026-02-12 18:14:43 KST | INFO | CONFIGURATION
2026-02-12 18:14:43 KST | INFO | --------------------------------------------------------------------------------
2026-02-12 18:14:43 KST | INFO | Secure mode:      False
2026-02-12 18:14:43 KST | INFO | Nodes:            10
2026-02-12 18:14:43 KST | INFO | Cut layer:        3
2026-02-12 18:14:43 KST | INFO | Batch size:       128
2026-02-12 18:14:43 KST | INFO | Learning rate:    0.1
2026-02-12 18:14:43 KST | INFO | 
2026-02-12 18:14:43 KST | INFO | Computation device: cuda
2026-02-12 18:14:43 KST | INFO | Secure mode: DISABLED
2026-02-12 18:14:43 KST | INFO | 
2026-02-12 18:14:43 KST | INFO | --------------------------------------------------------------------------------
2026-02-12 18:14:43 KST | INFO | NETWORK SETUP
2026-02-12 18:14:43 KST | INFO | --------------------------------------------------------------------------------
2026-02-12 18:14:43 KST | INFO | ✓ Orchestrator listening on 127.0.0.1:8080
2026-02-12 18:14:43 KST | INFO | Waiting for 10 node(s)...
2026-02-12 18:14:46 KST | INFO |   ✓ Node 1/10 connected
2026-02-12 18:14:47 KST | INFO |   ✓ Node 2/10 connected
2026-02-12 18:14:48 KST | INFO |   ✓ Node 3/10 connected
2026-02-12 18:14:49 KST | INFO |   ✓ Node 4/10 connected
2026-02-12 18:14:50 KST | INFO |   ✓ Node 5/10 connected
2026-02-12 18:14:51 KST | INFO |   ✓ Node 6/10 connected
2026-02-12 18:14:52 KST | INFO |   ✓ Node 7/10 connected
2026-02-12 18:14:53 KST | INFO |   ✓ Node 8/10 connected
2026-02-12 18:14:54 KST | INFO |   ✓ Node 9/10 connected
2026-02-12 18:14:55 KST | INFO |   ✓ Node 10/10 connected
2026-02-12 18:14:55 KST | INFO | ✓ All 10 node(s) connected
2026-02-12 18:14:55 KST | INFO | 
2026-02-12 18:14:55 KST | INFO | --------------------------------------------------------------------------------
2026-02-12 18:14:55 KST | INFO | MODEL INITIALIZATION
2026-02-12 18:14:55 KST | INFO | --------------------------------------------------------------------------------
2026-02-12 18:14:55 KST | INFO | Node-side parameters: 3,243,072
2026-02-12 18:14:55 KST | INFO | 
2026-02-12 18:14:55 KST | INFO | --------------------------------------------------------------------------------
2026-02-12 18:14:55 KST | INFO | BROADCASTING CONFIGURATION
2026-02-12 18:14:55 KST | INFO | --------------------------------------------------------------------------------
2026-02-12 18:14:55 KST | INFO | ✓ Configuration broadcast to all nodes
2026-02-12 18:14:57 KST | INFO | 
2026-02-12 18:14:57 KST | INFO | Total parameters:     3,248,202
2026-02-12 18:14:57 KST | INFO | Trainable parameters: 3,248,202
2026-02-12 18:14:57 KST | INFO | 
2026-02-12 18:14:57 KST | INFO | --------------------------------------------------------------------------------
2026-02-12 18:14:57 KST | INFO | DATA LOADING
2026-02-12 18:14:57 KST | INFO | --------------------------------------------------------------------------------
2026-02-12 18:15:24 KST | INFO | ✓ Dataset information collected:
2026-02-12 18:15:24 KST | INFO |     Node 1: 5,000 samples
2026-02-12 18:15:24 KST | INFO |     Node 2: 5,000 samples
2026-02-12 18:15:24 KST | INFO |     Node 3: 5,000 samples
2026-02-12 18:15:24 KST | INFO |     Node 4: 5,000 samples
2026-02-12 18:15:24 KST | INFO |     Node 5: 5,000 samples
2026-02-12 18:15:24 KST | INFO |     Node 6: 5,000 samples
2026-02-12 18:15:24 KST | INFO |     Node 7: 5,000 samples
2026-02-12 18:15:24 KST | INFO |     Node 8: 5,000 samples
2026-02-12 18:15:24 KST | INFO |     Node 9: 5,000 samples
2026-02-12 18:15:24 KST | INFO |     Node 10: 5,000 samples
2026-02-12 18:15:24 KST | INFO |   Total training samples: 50,000
2026-02-12 18:15:24 KST | INFO | 
2026-02-12 18:15:24 KST | INFO | ✓ Test dataset loaded: 10,000 samples
2026-02-12 18:15:24 KST | INFO | 
2026-02-12 18:15:25 KST | INFO | ✓ Batch scheduler: 391 batches/epoch
2026-02-12 18:15:25 KST | INFO | 
2026-02-12 18:15:25 KST | INFO | --------------------------------------------------------------------------------
2026-02-12 18:15:25 KST | INFO | OPTIMIZATION SETUP
2026-02-12 18:15:25 KST | INFO | --------------------------------------------------------------------------------
2026-02-12 18:15:25 KST | INFO | ✓ Optimizer: SGD (lr=0.1, momentum=0.9)
2026-02-12 18:15:25 KST | INFO | ✓ Scheduler: cosine
2026-02-12 18:15:25 KST | INFO | ✓ Gradient clipping: 1.0
2026-02-12 18:15:25 KST | INFO | 
2026-02-12 18:15:25 KST | INFO | ================================================================================
2026-02-12 18:15:25 KST | INFO | Setup complete - Ready for training
2026-02-12 18:15:25 KST | INFO | ================================================================================
2026-02-12 18:15:25 KST | INFO | 
2026-02-12 18:15:25 KST | INFO | --------------------------------------------------------------------------------
2026-02-12 18:15:25 KST | INFO | TRAINING
2026-02-12 18:15:25 KST | INFO | --------------------------------------------------------------------------------
2026-02-12 18:15:25 KST | INFO | 
2026-02-12 18:15:25 KST | INFO | Epoch 1/200 | LR: 0.100000
2026-02-12 18:18:06 KST | INFO |   Train Loss: 1.7729 | Test Loss: 0.0055 | Test Acc: 50.79%
2026-02-12 18:18:06 KST | INFO |   🏆 New best accuracy: 50.79%
2026-02-12 18:18:06 KST | INFO | 
2026-02-12 18:18:06 KST | INFO | Epoch 2/200 | LR: 0.099994
2026-02-12 18:20:37 KST | INFO |   Train Loss: 1.3547 | Test Loss: 0.0048 | Test Acc: 56.89%
2026-02-12 18:20:37 KST | INFO |   🏆 New best accuracy: 56.89%
2026-02-12 18:20:37 KST | INFO | 
2026-02-12 18:20:37 KST | INFO | Epoch 3/200 | LR: 0.099975
2026-02-12 18:23:10 KST | INFO |   Train Loss: 1.1231 | Test Loss: 0.0037 | Test Acc: 67.07%
2026-02-12 18:23:10 KST | INFO |   🏆 New best accuracy: 67.07%
2026-02-12 18:23:10 KST | INFO | 
2026-02-12 18:23:10 KST | INFO | Epoch 4/200 | LR: 0.099944
2026-02-12 18:25:44 KST | INFO |   Train Loss: 0.9599 | Test Loss: 0.0035 | Test Acc: 68.45%
2026-02-12 18:25:44 KST | INFO |   🏆 New best accuracy: 68.45%
2026-02-12 18:25:44 KST | INFO | 
2026-02-12 18:25:44 KST | INFO | Epoch 5/200 | LR: 0.099901
2026-02-12 18:28:17 KST | INFO |   Train Loss: 0.8590 | Test Loss: 0.0034 | Test Acc: 70.26%
2026-02-12 18:28:17 KST | INFO |   🏆 New best accuracy: 70.26%
2026-02-12 18:28:17 KST | INFO | 
2026-02-12 18:28:17 KST | INFO | Epoch 6/200 | LR: 0.099846
2026-02-12 18:30:49 KST | INFO |   Train Loss: 0.7948 | Test Loss: 0.0028 | Test Acc: 76.38%
2026-02-12 18:30:49 KST | INFO |   🏆 New best accuracy: 76.38%
2026-02-12 18:30:49 KST | INFO | 
2026-02-12 18:30:49 KST | INFO | Epoch 7/200 | LR: 0.099778
2026-02-12 18:33:19 KST | INFO |   Train Loss: 0.7417 | Test Loss: 0.0027 | Test Acc: 77.05%
2026-02-12 18:33:19 KST | INFO |   🏆 New best accuracy: 77.05%
2026-02-12 18:33:19 KST | INFO | 
2026-02-12 18:33:19 KST | INFO | Epoch 8/200 | LR: 0.099698
2026-02-12 18:35:49 KST | INFO |   Train Loss: 0.6965 | Test Loss: 0.0026 | Test Acc: 77.94%
2026-02-12 18:35:49 KST | INFO |   🏆 New best accuracy: 77.94%
2026-02-12 18:35:49 KST | INFO | 
2026-02-12 18:35:49 KST | INFO | Epoch 9/200 | LR: 0.099606
2026-02-12 18:38:20 KST | INFO |   Train Loss: 0.6656 | Test Loss: 0.0024 | Test Acc: 79.35%
2026-02-12 18:38:20 KST | INFO |   🏆 New best accuracy: 79.35%
2026-02-12 18:38:20 KST | INFO | 
2026-02-12 18:38:20 KST | INFO | Epoch 10/200 | LR: 0.099501
2026-02-12 18:40:52 KST | INFO |   Train Loss: 0.6429 | Test Loss: 0.0024 | Test Acc: 79.88%
2026-02-12 18:40:52 KST | INFO |   🏆 New best accuracy: 79.88%
2026-02-12 18:40:52 KST | INFO | 
2026-02-12 18:40:52 KST | INFO | Epoch 11/200 | LR: 0.099384
2026-02-12 18:43:32 KST | INFO |   Train Loss: 0.6161 | Test Loss: 0.0028 | Test Acc: 76.23%
2026-02-12 18:43:32 KST | INFO |   No improvement (1/30)
2026-02-12 18:43:32 KST | INFO | 
2026-02-12 18:43:32 KST | INFO | Epoch 12/200 | LR: 0.099255
2026-02-12 18:46:14 KST | INFO |   Train Loss: 0.6036 | Test Loss: 0.0022 | Test Acc: 80.67%
2026-02-12 18:46:14 KST | INFO |   🏆 New best accuracy: 80.67%
2026-02-12 18:46:14 KST | INFO | 
2026-02-12 18:46:14 KST | INFO | Epoch 13/200 | LR: 0.099114
2026-02-12 18:48:51 KST | INFO |   Train Loss: 0.5823 | Test Loss: 0.0022 | Test Acc: 81.38%
2026-02-12 18:48:51 KST | INFO |   🏆 New best accuracy: 81.38%
2026-02-12 18:48:51 KST | INFO | 
2026-02-12 18:48:51 KST | INFO | Epoch 14/200 | LR: 0.098961
2026-02-12 18:51:25 KST | INFO |   Train Loss: 0.5688 | Test Loss: 0.0022 | Test Acc: 81.80%
2026-02-12 18:51:25 KST | INFO |   🏆 New best accuracy: 81.80%
2026-02-12 18:51:25 KST | INFO | 
2026-02-12 18:51:25 KST | INFO | Epoch 15/200 | LR: 0.098796
2026-02-12 18:54:01 KST | INFO |   Train Loss: 0.5536 | Test Loss: 0.0025 | Test Acc: 78.65%
2026-02-12 18:54:01 KST | INFO |   No improvement (1/30)
2026-02-12 18:54:01 KST | INFO | 
2026-02-12 18:54:01 KST | INFO | Epoch 16/200 | LR: 0.098619
2026-02-12 18:56:33 KST | INFO |   Train Loss: 0.5447 | Test Loss: 0.0022 | Test Acc: 81.79%
2026-02-12 18:56:33 KST | INFO |   No improvement (2/30)
2026-02-12 18:56:33 KST | INFO | 
2026-02-12 18:56:33 KST | INFO | Epoch 17/200 | LR: 0.098429
2026-02-12 18:59:10 KST | INFO |   Train Loss: 0.5332 | Test Loss: 0.0024 | Test Acc: 79.84%
2026-02-12 18:59:10 KST | INFO |   No improvement (3/30)
2026-02-12 18:59:10 KST | INFO | 
2026-02-12 18:59:10 KST | INFO | Epoch 18/200 | LR: 0.098228
2026-02-12 19:01:44 KST | INFO |   Train Loss: 0.5227 | Test Loss: 0.0024 | Test Acc: 80.07%
2026-02-12 19:01:44 KST | INFO |   No improvement (4/30)
2026-02-12 19:01:44 KST | INFO | 
2026-02-12 19:01:44 KST | INFO | Epoch 19/200 | LR: 0.098015
2026-02-12 19:04:16 KST | INFO |   Train Loss: 0.5159 | Test Loss: 0.0019 | Test Acc: 83.85%
2026-02-12 19:04:16 KST | INFO |   🏆 New best accuracy: 83.85%
2026-02-12 19:04:16 KST | INFO | 
2026-02-12 19:04:16 KST | INFO | Epoch 20/200 | LR: 0.097790
2026-02-12 19:06:47 KST | INFO |   Train Loss: 0.5095 | Test Loss: 0.0021 | Test Acc: 82.26%
2026-02-12 19:06:47 KST | INFO |   No improvement (1/30)
2026-02-12 19:06:47 KST | INFO | 
2026-02-12 19:06:47 KST | INFO | Epoch 21/200 | LR: 0.097553
2026-02-12 19:09:19 KST | INFO |   Train Loss: 0.4990 | Test Loss: 0.0020 | Test Acc: 82.65%
2026-02-12 19:09:19 KST | INFO |   No improvement (2/30)
2026-02-12 19:09:19 KST | INFO | 
2026-02-12 19:09:19 KST | INFO | Epoch 22/200 | LR: 0.097304
2026-02-12 19:11:49 KST | INFO |   Train Loss: 0.4922 | Test Loss: 0.0020 | Test Acc: 82.96%
2026-02-12 19:11:49 KST | INFO |   No improvement (3/30)
2026-02-12 19:11:49 KST | INFO | 
2026-02-12 19:11:49 KST | INFO | Epoch 23/200 | LR: 0.097044
2026-02-12 19:14:22 KST | INFO |   Train Loss: 0.4882 | Test Loss: 0.0019 | Test Acc: 83.60%
2026-02-12 19:14:22 KST | INFO |   No improvement (4/30)
2026-02-12 19:14:22 KST | INFO | 
2026-02-12 19:14:22 KST | INFO | Epoch 24/200 | LR: 0.096772
2026-02-12 19:16:54 KST | INFO |   Train Loss: 0.4791 | Test Loss: 0.0018 | Test Acc: 84.86%
2026-02-12 19:16:54 KST | INFO |   🏆 New best accuracy: 84.86%
2026-02-12 19:16:54 KST | INFO | 
2026-02-12 19:16:54 KST | INFO | Epoch 25/200 | LR: 0.096489
2026-02-12 19:19:24 KST | INFO |   Train Loss: 0.4773 | Test Loss: 0.0020 | Test Acc: 82.57%
2026-02-12 19:19:24 KST | INFO |   No improvement (1/30)
2026-02-12 19:19:24 KST | INFO | 
2026-02-12 19:19:24 KST | INFO | Epoch 26/200 | LR: 0.096194
2026-02-12 19:21:58 KST | INFO |   Train Loss: 0.4681 | Test Loss: 0.0019 | Test Acc: 84.26%
2026-02-12 19:21:58 KST | INFO |   No improvement (2/30)
2026-02-12 19:21:58 KST | INFO | 
2026-02-12 19:21:58 KST | INFO | Epoch 27/200 | LR: 0.095888
2026-02-12 19:24:26 KST | INFO |   Train Loss: 0.4667 | Test Loss: 0.0022 | Test Acc: 81.33%
2026-02-12 19:24:26 KST | INFO |   No improvement (3/30)
2026-02-12 19:24:26 KST | INFO | 
2026-02-12 19:24:26 KST | INFO | Epoch 28/200 | LR: 0.095570
2026-02-12 19:26:58 KST | INFO |   Train Loss: 0.4574 | Test Loss: 0.0018 | Test Acc: 84.37%
2026-02-12 19:26:58 KST | INFO |   No improvement (4/30)
2026-02-12 19:26:58 KST | INFO | 
2026-02-12 19:26:58 KST | INFO | Epoch 29/200 | LR: 0.095241
2026-02-12 19:29:30 KST | INFO |   Train Loss: 0.4523 | Test Loss: 0.0017 | Test Acc: 84.92%
2026-02-12 19:29:30 KST | INFO |   🏆 New best accuracy: 84.92%
2026-02-12 19:29:30 KST | INFO | 
2026-02-12 19:29:30 KST | INFO | Epoch 30/200 | LR: 0.094901
2026-02-12 19:32:05 KST | INFO |   Train Loss: 0.4485 | Test Loss: 0.0025 | Test Acc: 78.65%
2026-02-12 19:32:05 KST | INFO |   No improvement (1/30)
2026-02-12 19:32:05 KST | INFO | 
2026-02-12 19:32:05 KST | INFO | Epoch 31/200 | LR: 0.094550
2026-02-12 19:34:40 KST | INFO |   Train Loss: 0.4470 | Test Loss: 0.0019 | Test Acc: 84.27%
2026-02-12 19:34:40 KST | INFO |   No improvement (2/30)
2026-02-12 19:34:40 KST | INFO | 
2026-02-12 19:34:40 KST | INFO | Epoch 32/200 | LR: 0.094188
2026-02-12 19:37:14 KST | INFO |   Train Loss: 0.4459 | Test Loss: 0.0018 | Test Acc: 84.42%
2026-02-12 19:37:14 KST | INFO |   No improvement (3/30)
2026-02-12 19:37:14 KST | INFO | 
2026-02-12 19:37:14 KST | INFO | Epoch 33/200 | LR: 0.093815
2026-02-12 19:39:51 KST | INFO |   Train Loss: 0.4450 | Test Loss: 0.0019 | Test Acc: 83.79%
2026-02-12 19:39:51 KST | INFO |   No improvement (4/30)
2026-02-12 19:39:51 KST | INFO | 
2026-02-12 19:39:51 KST | INFO | Epoch 34/200 | LR: 0.093432
2026-02-12 19:42:28 KST | INFO |   Train Loss: 0.4378 | Test Loss: 0.0020 | Test Acc: 82.08%
2026-02-12 19:42:28 KST | INFO |   No improvement (5/30)
2026-02-12 19:42:28 KST | INFO | 
2026-02-12 19:42:28 KST | INFO | Epoch 35/200 | LR: 0.093037
2026-02-12 19:44:58 KST | INFO |   Train Loss: 0.4337 | Test Loss: 0.0021 | Test Acc: 82.09%
2026-02-12 19:44:58 KST | INFO |   No improvement (6/30)
2026-02-12 19:44:58 KST | INFO | 
2026-02-12 19:44:58 KST | INFO | Epoch 36/200 | LR: 0.092632
2026-02-12 19:47:36 KST | INFO |   Train Loss: 0.4332 | Test Loss: 0.0017 | Test Acc: 85.00%
2026-02-12 19:47:36 KST | INFO |   🏆 New best accuracy: 85.00%
2026-02-12 19:47:36 KST | INFO | 
2026-02-12 19:47:36 KST | INFO | Epoch 37/200 | LR: 0.092216
2026-02-12 19:50:12 KST | INFO |   Train Loss: 0.4261 | Test Loss: 0.0018 | Test Acc: 84.88%
2026-02-12 19:50:12 KST | INFO |   No improvement (1/30)
2026-02-12 19:50:12 KST | INFO | 
2026-02-12 19:50:12 KST | INFO | Epoch 38/200 | LR: 0.091790
2026-02-12 19:52:52 KST | INFO |   Train Loss: 0.4230 | Test Loss: 0.0018 | Test Acc: 84.80%
2026-02-12 19:52:52 KST | INFO |   No improvement (2/30)
2026-02-12 19:52:52 KST | INFO | 
2026-02-12 19:52:52 KST | INFO | Epoch 39/200 | LR: 0.091354
2026-02-12 19:55:29 KST | INFO |   Train Loss: 0.4206 | Test Loss: 0.0022 | Test Acc: 81.47%
2026-02-12 19:55:29 KST | INFO |   No improvement (3/30)
2026-02-12 19:55:29 KST | INFO | 
2026-02-12 19:55:29 KST | INFO | Epoch 40/200 | LR: 0.090908
2026-02-12 19:58:00 KST | INFO |   Train Loss: 0.4220 | Test Loss: 0.0018 | Test Acc: 84.75%
2026-02-12 19:58:00 KST | INFO |   No improvement (4/30)
2026-02-12 19:58:00 KST | INFO | 
2026-02-12 19:58:00 KST | INFO | Epoch 41/200 | LR: 0.090451
2026-02-12 20:00:36 KST | INFO |   Train Loss: 0.4156 | Test Loss: 0.0017 | Test Acc: 84.62%
2026-02-12 20:00:36 KST | INFO |   No improvement (5/30)
2026-02-12 20:00:36 KST | INFO | 
2026-02-12 20:00:36 KST | INFO | Epoch 42/200 | LR: 0.089984
2026-02-12 20:03:11 KST | INFO |   Train Loss: 0.4116 | Test Loss: 0.0017 | Test Acc: 85.58%
2026-02-12 20:03:11 KST | INFO |   🏆 New best accuracy: 85.58%
2026-02-12 20:03:11 KST | INFO | 
2026-02-12 20:03:11 KST | INFO | Epoch 43/200 | LR: 0.089508
2026-02-12 20:05:42 KST | INFO |   Train Loss: 0.4116 | Test Loss: 0.0018 | Test Acc: 84.45%
2026-02-12 20:05:42 KST | INFO |   No improvement (1/30)
2026-02-12 20:05:42 KST | INFO | 
2026-02-12 20:05:42 KST | INFO | Epoch 44/200 | LR: 0.089022
2026-02-12 20:08:18 KST | INFO |   Train Loss: 0.4045 | Test Loss: 0.0017 | Test Acc: 84.99%
2026-02-12 20:08:18 KST | INFO |   No improvement (2/30)
2026-02-12 20:08:18 KST | INFO | 
2026-02-12 20:08:18 KST | INFO | Epoch 45/200 | LR: 0.088526
2026-02-12 20:10:56 KST | INFO |   Train Loss: 0.4041 | Test Loss: 0.0016 | Test Acc: 86.58%
2026-02-12 20:10:56 KST | INFO |   🏆 New best accuracy: 86.58%
2026-02-12 20:10:56 KST | INFO | 
2026-02-12 20:10:56 KST | INFO | Epoch 46/200 | LR: 0.088020
2026-02-12 20:13:28 KST | INFO |   Train Loss: 0.4060 | Test Loss: 0.0017 | Test Acc: 86.12%
2026-02-12 20:13:28 KST | INFO |   No improvement (1/30)
2026-02-12 20:13:28 KST | INFO | 
2026-02-12 20:13:28 KST | INFO | Epoch 47/200 | LR: 0.087506
2026-02-12 20:16:03 KST | INFO |   Train Loss: 0.4027 | Test Loss: 0.0017 | Test Acc: 85.04%
2026-02-12 20:16:03 KST | INFO |   No improvement (2/30)
2026-02-12 20:16:03 KST | INFO | 
2026-02-12 20:16:03 KST | INFO | Epoch 48/200 | LR: 0.086982
2026-02-12 20:18:37 KST | INFO |   Train Loss: 0.4039 | Test Loss: 0.0019 | Test Acc: 83.93%
2026-02-12 20:18:37 KST | INFO |   No improvement (3/30)
2026-02-12 20:18:37 KST | INFO | 
2026-02-12 20:18:37 KST | INFO | Epoch 49/200 | LR: 0.086449
2026-02-12 20:21:10 KST | INFO |   Train Loss: 0.3985 | Test Loss: 0.0017 | Test Acc: 85.66%
2026-02-12 20:21:10 KST | INFO |   No improvement (4/30)
2026-02-12 20:21:10 KST | INFO | 
2026-02-12 20:21:10 KST | INFO | Epoch 50/200 | LR: 0.085906
2026-02-12 20:23:49 KST | INFO |   Train Loss: 0.3950 | Test Loss: 0.0017 | Test Acc: 85.78%
2026-02-12 20:23:49 KST | INFO |   No improvement (5/30)
2026-02-12 20:23:49 KST | INFO | 
2026-02-12 20:23:49 KST | INFO | Epoch 51/200 | LR: 0.085355
2026-02-12 20:26:24 KST | INFO |   Train Loss: 0.3937 | Test Loss: 0.0017 | Test Acc: 85.22%
2026-02-12 20:26:24 KST | INFO |   No improvement (6/30)
2026-02-12 20:26:24 KST | INFO | 
2026-02-12 20:26:24 KST | INFO | Epoch 52/200 | LR: 0.084796
2026-02-12 20:28:59 KST | INFO |   Train Loss: 0.3882 | Test Loss: 0.0021 | Test Acc: 82.79%
2026-02-12 20:28:59 KST | INFO |   No improvement (7/30)
2026-02-12 20:28:59 KST | INFO | 
2026-02-12 20:28:59 KST | INFO | Epoch 53/200 | LR: 0.084228
2026-02-12 20:31:26 KST | INFO |   Train Loss: 0.3900 | Test Loss: 0.0017 | Test Acc: 85.16%
2026-02-12 20:31:26 KST | INFO |   No improvement (8/30)
2026-02-12 20:31:26 KST | INFO | 
2026-02-12 20:31:26 KST | INFO | Epoch 54/200 | LR: 0.083651
2026-02-12 20:33:54 KST | INFO |   Train Loss: 0.3844 | Test Loss: 0.0017 | Test Acc: 85.61%
2026-02-12 20:33:54 KST | INFO |   No improvement (9/30)
2026-02-12 20:33:54 KST | INFO | 
2026-02-12 20:33:54 KST | INFO | Epoch 55/200 | LR: 0.083066
2026-02-12 20:36:21 KST | INFO |   Train Loss: 0.3833 | Test Loss: 0.0016 | Test Acc: 86.18%
2026-02-12 20:36:21 KST | INFO |   No improvement (10/30)
2026-02-12 20:36:21 KST | INFO | 
2026-02-12 20:36:21 KST | INFO | Epoch 56/200 | LR: 0.082473
2026-02-12 20:38:47 KST | INFO |   Train Loss: 0.3767 | Test Loss: 0.0019 | Test Acc: 84.03%
2026-02-12 20:38:47 KST | INFO |   No improvement (11/30)
2026-02-12 20:38:47 KST | INFO | 
2026-02-12 20:38:47 KST | INFO | Epoch 57/200 | LR: 0.081871
2026-02-12 20:41:15 KST | INFO |   Train Loss: 0.3764 | Test Loss: 0.0016 | Test Acc: 86.21%
2026-02-12 20:41:15 KST | INFO |   No improvement (12/30)
2026-02-12 20:41:15 KST | INFO | 
2026-02-12 20:41:15 KST | INFO | Epoch 58/200 | LR: 0.081262
2026-02-12 20:43:44 KST | INFO |   Train Loss: 0.3799 | Test Loss: 0.0019 | Test Acc: 84.83%
2026-02-12 20:43:44 KST | INFO |   No improvement (13/30)
2026-02-12 20:43:44 KST | INFO | 
2026-02-12 20:43:44 KST | INFO | Epoch 59/200 | LR: 0.080646
2026-02-12 20:46:16 KST | INFO |   Train Loss: 0.3731 | Test Loss: 0.0016 | Test Acc: 85.55%
2026-02-12 20:46:16 KST | INFO |   No improvement (14/30)
2026-02-12 20:46:16 KST | INFO | 
2026-02-12 20:46:16 KST | INFO | Epoch 60/200 | LR: 0.080021
2026-02-12 20:48:43 KST | INFO |   Train Loss: 0.3731 | Test Loss: 0.0021 | Test Acc: 82.20%
2026-02-12 20:48:43 KST | INFO |   No improvement (15/30)
2026-02-12 20:48:43 KST | INFO | 
2026-02-12 20:48:43 KST | INFO | Epoch 61/200 | LR: 0.079389
2026-02-12 20:51:07 KST | INFO |   Train Loss: 0.3707 | Test Loss: 0.0018 | Test Acc: 84.73%
2026-02-12 20:51:07 KST | INFO |   No improvement (16/30)
2026-02-12 20:51:07 KST | INFO | 
2026-02-12 20:51:07 KST | INFO | Epoch 62/200 | LR: 0.078750
2026-02-12 20:53:36 KST | INFO |   Train Loss: 0.3692 | Test Loss: 0.0019 | Test Acc: 84.33%
2026-02-12 20:53:36 KST | INFO |   No improvement (17/30)
2026-02-12 20:53:36 KST | INFO | 
2026-02-12 20:53:36 KST | INFO | Epoch 63/200 | LR: 0.078104
2026-02-12 20:56:08 KST | INFO |   Train Loss: 0.3639 | Test Loss: 0.0017 | Test Acc: 84.79%
2026-02-12 20:56:08 KST | INFO |   No improvement (18/30)
2026-02-12 20:56:08 KST | INFO | 
2026-02-12 20:56:08 KST | INFO | Epoch 64/200 | LR: 0.077451
2026-02-12 20:58:36 KST | INFO |   Train Loss: 0.3668 | Test Loss: 0.0016 | Test Acc: 86.01%
2026-02-12 20:58:36 KST | INFO |   No improvement (19/30)
2026-02-12 20:58:36 KST | INFO | 
2026-02-12 20:58:36 KST | INFO | Epoch 65/200 | LR: 0.076792
2026-02-12 21:01:04 KST | INFO |   Train Loss: 0.3587 | Test Loss: 0.0018 | Test Acc: 84.54%
2026-02-12 21:01:04 KST | INFO |   No improvement (20/30)
2026-02-12 21:01:04 KST | INFO | 
2026-02-12 21:01:04 KST | INFO | Epoch 66/200 | LR: 0.076125
2026-02-12 21:03:36 KST | INFO |   Train Loss: 0.3580 | Test Loss: 0.0017 | Test Acc: 85.67%
2026-02-12 21:03:36 KST | INFO |   No improvement (21/30)
2026-02-12 21:03:36 KST | INFO | 
2026-02-12 21:03:36 KST | INFO | Epoch 67/200 | LR: 0.075452
2026-02-12 21:06:05 KST | INFO |   Train Loss: 0.3576 | Test Loss: 0.0023 | Test Acc: 80.66%
2026-02-12 21:06:05 KST | INFO |   No improvement (22/30)
2026-02-12 21:06:05 KST | INFO | 
2026-02-12 21:06:05 KST | INFO | Epoch 68/200 | LR: 0.074773
2026-02-12 21:08:28 KST | INFO |   Train Loss: 0.3555 | Test Loss: 0.0018 | Test Acc: 84.93%
2026-02-12 21:08:28 KST | INFO |   No improvement (23/30)
2026-02-12 21:08:28 KST | INFO | 
2026-02-12 21:08:28 KST | INFO | Epoch 69/200 | LR: 0.074088
2026-02-12 21:10:56 KST | INFO |   Train Loss: 0.3575 | Test Loss: 0.0016 | Test Acc: 86.10%
2026-02-12 21:10:56 KST | INFO |   No improvement (24/30)
2026-02-12 21:10:56 KST | INFO | 
2026-02-12 21:10:56 KST | INFO | Epoch 70/200 | LR: 0.073397
2026-02-12 21:13:20 KST | INFO |   Train Loss: 0.3572 | Test Loss: 0.0017 | Test Acc: 85.67%
2026-02-12 21:13:20 KST | INFO |   No improvement (25/30)
2026-02-12 21:13:20 KST | INFO | 
2026-02-12 21:13:20 KST | INFO | Epoch 71/200 | LR: 0.072700
2026-02-12 21:15:43 KST | INFO |   Train Loss: 0.3514 | Test Loss: 0.0017 | Test Acc: 85.34%
2026-02-12 21:15:43 KST | INFO |   No improvement (26/30)
2026-02-12 21:15:43 KST | INFO | 
2026-02-12 21:15:43 KST | INFO | Epoch 72/200 | LR: 0.071997
2026-02-12 21:18:10 KST | INFO |   Train Loss: 0.3477 | Test Loss: 0.0016 | Test Acc: 86.61%
2026-02-12 21:18:10 KST | INFO |   🏆 New best accuracy: 86.61%
2026-02-12 21:18:10 KST | INFO | 
2026-02-12 21:18:10 KST | INFO | Epoch 73/200 | LR: 0.071289
2026-02-12 21:20:38 KST | INFO |   Train Loss: 0.3451 | Test Loss: 0.0017 | Test Acc: 85.81%
2026-02-12 21:20:38 KST | INFO |   No improvement (1/30)
2026-02-12 21:20:38 KST | INFO | 
2026-02-12 21:20:38 KST | INFO | Epoch 74/200 | LR: 0.070576
2026-02-12 21:23:09 KST | INFO |   Train Loss: 0.3495 | Test Loss: 0.0016 | Test Acc: 86.22%
2026-02-12 21:23:09 KST | INFO |   No improvement (2/30)
2026-02-12 21:23:09 KST | INFO | 
2026-02-12 21:23:09 KST | INFO | Epoch 75/200 | LR: 0.069858
2026-02-12 21:25:37 KST | INFO |   Train Loss: 0.3437 | Test Loss: 0.0016 | Test Acc: 86.08%
2026-02-12 21:25:37 KST | INFO |   No improvement (3/30)
2026-02-12 21:25:37 KST | INFO | 
2026-02-12 21:25:37 KST | INFO | Epoch 76/200 | LR: 0.069134
2026-02-12 21:28:03 KST | INFO |   Train Loss: 0.3381 | Test Loss: 0.0016 | Test Acc: 86.42%
2026-02-12 21:28:03 KST | INFO |   No improvement (4/30)
2026-02-12 21:28:03 KST | INFO | 
2026-02-12 21:28:03 KST | INFO | Epoch 77/200 | LR: 0.068407
2026-02-12 21:30:35 KST | INFO |   Train Loss: 0.3386 | Test Loss: 0.0016 | Test Acc: 86.41%
2026-02-12 21:30:35 KST | INFO |   No improvement (5/30)
2026-02-12 21:30:35 KST | INFO | 
2026-02-12 21:30:35 KST | INFO | Epoch 78/200 | LR: 0.067674
2026-02-12 21:32:58 KST | INFO |   Train Loss: 0.3366 | Test Loss: 0.0017 | Test Acc: 85.23%
2026-02-12 21:32:58 KST | INFO |   No improvement (6/30)
2026-02-12 21:32:58 KST | INFO | 
2026-02-12 21:32:58 KST | INFO | Epoch 79/200 | LR: 0.066937
2026-02-12 21:35:27 KST | INFO |   Train Loss: 0.3338 | Test Loss: 0.0016 | Test Acc: 86.52%
2026-02-12 21:35:27 KST | INFO |   No improvement (7/30)
2026-02-12 21:35:27 KST | INFO | 
2026-02-12 21:35:27 KST | INFO | Epoch 80/200 | LR: 0.066196
2026-02-12 21:37:51 KST | INFO |   Train Loss: 0.3330 | Test Loss: 0.0017 | Test Acc: 86.62%
2026-02-12 21:37:51 KST | INFO |   🏆 New best accuracy: 86.62%
2026-02-12 21:37:51 KST | INFO | 
2026-02-12 21:37:51 KST | INFO | Epoch 81/200 | LR: 0.065451
2026-02-12 21:40:14 KST | INFO |   Train Loss: 0.3309 | Test Loss: 0.0017 | Test Acc: 86.20%
2026-02-12 21:40:14 KST | INFO |   No improvement (1/30)
2026-02-12 21:40:14 KST | INFO | 
2026-02-12 21:40:14 KST | INFO | Epoch 82/200 | LR: 0.064702
2026-02-12 21:42:39 KST | INFO |   Train Loss: 0.3294 | Test Loss: 0.0015 | Test Acc: 87.10%
2026-02-12 21:42:39 KST | INFO |   🏆 New best accuracy: 87.10%
2026-02-12 21:42:39 KST | INFO | 
2026-02-12 21:42:39 KST | INFO | Epoch 83/200 | LR: 0.063950
2026-02-12 21:45:04 KST | INFO |   Train Loss: 0.3301 | Test Loss: 0.0015 | Test Acc: 87.61%
2026-02-12 21:45:04 KST | INFO |   🏆 New best accuracy: 87.61%
2026-02-12 21:45:04 KST | INFO | 
2026-02-12 21:45:04 KST | INFO | Epoch 84/200 | LR: 0.063194
2026-02-12 21:47:29 KST | INFO |   Train Loss: 0.3270 | Test Loss: 0.0017 | Test Acc: 85.66%
2026-02-12 21:47:29 KST | INFO |   No improvement (1/30)
2026-02-12 21:47:29 KST | INFO | 
2026-02-12 21:47:29 KST | INFO | Epoch 85/200 | LR: 0.062435
2026-02-12 21:49:56 KST | INFO |   Train Loss: 0.3249 | Test Loss: 0.0018 | Test Acc: 85.13%
2026-02-12 21:49:56 KST | INFO |   No improvement (2/30)
2026-02-12 21:49:56 KST | INFO | 
2026-02-12 21:49:56 KST | INFO | Epoch 86/200 | LR: 0.061673
2026-02-12 21:52:21 KST | INFO |   Train Loss: 0.3230 | Test Loss: 0.0018 | Test Acc: 85.33%
2026-02-12 21:52:21 KST | INFO |   No improvement (3/30)
2026-02-12 21:52:21 KST | INFO | 
2026-02-12 21:52:21 KST | INFO | Epoch 87/200 | LR: 0.060908
2026-02-12 21:54:50 KST | INFO |   Train Loss: 0.3138 | Test Loss: 0.0016 | Test Acc: 86.30%
2026-02-12 21:54:50 KST | INFO |   No improvement (4/30)
2026-02-12 21:54:50 KST | INFO | 
2026-02-12 21:54:50 KST | INFO | Epoch 88/200 | LR: 0.060140
2026-02-12 21:57:21 KST | INFO |   Train Loss: 0.3136 | Test Loss: 0.0015 | Test Acc: 87.37%
2026-02-12 21:57:21 KST | INFO |   No improvement (5/30)
2026-02-12 21:57:21 KST | INFO | 
2026-02-12 21:57:21 KST | INFO | Epoch 89/200 | LR: 0.059369
2026-02-12 21:59:49 KST | INFO |   Train Loss: 0.3118 | Test Loss: 0.0014 | Test Acc: 87.87%
2026-02-12 21:59:49 KST | INFO |   🏆 New best accuracy: 87.87%
2026-02-12 21:59:49 KST | INFO | 
2026-02-12 21:59:49 KST | INFO | Epoch 90/200 | LR: 0.058597
2026-02-12 22:02:09 KST | INFO |   Train Loss: 0.3138 | Test Loss: 0.0016 | Test Acc: 85.92%
2026-02-12 22:02:09 KST | INFO |   No improvement (1/30)
2026-02-12 22:02:09 KST | INFO | 
2026-02-12 22:02:09 KST | INFO | Epoch 91/200 | LR: 0.057822
2026-02-12 22:04:35 KST | INFO |   Train Loss: 0.3088 | Test Loss: 0.0015 | Test Acc: 87.14%
2026-02-12 22:04:35 KST | INFO |   No improvement (2/30)
2026-02-12 22:04:35 KST | INFO | 
2026-02-12 22:04:35 KST | INFO | Epoch 92/200 | LR: 0.057045
2026-02-12 22:06:55 KST | INFO |   Train Loss: 0.3068 | Test Loss: 0.0015 | Test Acc: 86.74%
2026-02-12 22:06:55 KST | INFO |   No improvement (3/30)
2026-02-12 22:06:55 KST | INFO | 
2026-02-12 22:06:55 KST | INFO | Epoch 93/200 | LR: 0.056267
2026-02-12 22:09:17 KST | INFO |   Train Loss: 0.3069 | Test Loss: 0.0016 | Test Acc: 86.13%
2026-02-12 22:09:17 KST | INFO |   No improvement (4/30)
2026-02-12 22:09:17 KST | INFO | 
2026-02-12 22:09:17 KST | INFO | Epoch 94/200 | LR: 0.055487
2026-02-12 22:11:38 KST | INFO |   Train Loss: 0.3023 | Test Loss: 0.0015 | Test Acc: 87.04%
2026-02-12 22:11:38 KST | INFO |   No improvement (5/30)
2026-02-12 22:11:38 KST | INFO | 
2026-02-12 22:11:38 KST | INFO | Epoch 95/200 | LR: 0.054706
2026-02-12 22:14:05 KST | INFO |   Train Loss: 0.3012 | Test Loss: 0.0016 | Test Acc: 86.65%
2026-02-12 22:14:05 KST | INFO |   No improvement (6/30)
2026-02-12 22:14:05 KST | INFO | 
2026-02-12 22:14:05 KST | INFO | Epoch 96/200 | LR: 0.053923
2026-02-12 22:16:32 KST | INFO |   Train Loss: 0.3006 | Test Loss: 0.0015 | Test Acc: 87.22%
2026-02-12 22:16:32 KST | INFO |   No improvement (7/30)
2026-02-12 22:16:32 KST | INFO | 
2026-02-12 22:16:32 KST | INFO | Epoch 97/200 | LR: 0.053140
2026-02-12 22:18:54 KST | INFO |   Train Loss: 0.2990 | Test Loss: 0.0015 | Test Acc: 87.36%
2026-02-12 22:18:54 KST | INFO |   No improvement (8/30)
2026-02-12 22:18:54 KST | INFO | 
2026-02-12 22:18:54 KST | INFO | Epoch 98/200 | LR: 0.052356
2026-02-12 22:21:18 KST | INFO |   Train Loss: 0.2970 | Test Loss: 0.0015 | Test Acc: 87.57%
2026-02-12 22:21:18 KST | INFO |   No improvement (9/30)
2026-02-12 22:21:18 KST | INFO | 
2026-02-12 22:21:18 KST | INFO | Epoch 99/200 | LR: 0.051571
2026-02-12 22:23:41 KST | INFO |   Train Loss: 0.2899 | Test Loss: 0.0015 | Test Acc: 87.60%
2026-02-12 22:23:41 KST | INFO |   No improvement (10/30)
2026-02-12 22:23:41 KST | INFO | 
2026-02-12 22:23:41 KST | INFO | Epoch 100/200 | LR: 0.050786
2026-02-12 22:26:04 KST | INFO |   Train Loss: 0.2893 | Test Loss: 0.0016 | Test Acc: 86.52%
2026-02-12 22:26:04 KST | INFO |   No improvement (11/30)
2026-02-12 22:26:04 KST | INFO | 
2026-02-12 22:26:04 KST | INFO | Epoch 101/200 | LR: 0.050001
2026-02-12 22:28:28 KST | INFO |   Train Loss: 0.2846 | Test Loss: 0.0015 | Test Acc: 87.40%
2026-02-12 22:28:28 KST | INFO |   No improvement (12/30)
2026-02-12 22:28:28 KST | INFO | 
2026-02-12 22:28:28 KST | INFO | Epoch 102/200 | LR: 0.049215
2026-02-12 22:30:59 KST | INFO |   Train Loss: 0.2811 | Test Loss: 0.0016 | Test Acc: 86.68%
2026-02-12 22:30:59 KST | INFO |   No improvement (13/30)
2026-02-12 22:30:59 KST | INFO | 
2026-02-12 22:30:59 KST | INFO | Epoch 103/200 | LR: 0.048430
2026-02-12 22:33:20 KST | INFO |   Train Loss: 0.2822 | Test Loss: 0.0015 | Test Acc: 87.59%
2026-02-12 22:33:20 KST | INFO |   No improvement (14/30)
2026-02-12 22:33:20 KST | INFO | 
2026-02-12 22:33:20 KST | INFO | Epoch 104/200 | LR: 0.047645
2026-02-12 22:35:48 KST | INFO |   Train Loss: 0.2832 | Test Loss: 0.0017 | Test Acc: 85.93%
2026-02-12 22:35:48 KST | INFO |   No improvement (15/30)
2026-02-12 22:35:48 KST | INFO | 
2026-02-12 22:35:48 KST | INFO | Epoch 105/200 | LR: 0.046861
2026-02-12 22:38:16 KST | INFO |   Train Loss: 0.2784 | Test Loss: 0.0015 | Test Acc: 87.32%
2026-02-12 22:38:16 KST | INFO |   No improvement (16/30)
2026-02-12 22:38:16 KST | INFO | 
2026-02-12 22:38:16 KST | INFO | Epoch 106/200 | LR: 0.046078
2026-02-12 22:40:38 KST | INFO |   Train Loss: 0.2780 | Test Loss: 0.0015 | Test Acc: 87.54%
2026-02-12 22:40:38 KST | INFO |   No improvement (17/30)
2026-02-12 22:40:38 KST | INFO | 
2026-02-12 22:40:38 KST | INFO | Epoch 107/200 | LR: 0.045295
2026-02-12 22:43:04 KST | INFO |   Train Loss: 0.2766 | Test Loss: 0.0014 | Test Acc: 87.61%
2026-02-12 22:43:04 KST | INFO |   No improvement (18/30)
2026-02-12 22:43:04 KST | INFO | 
2026-02-12 22:43:04 KST | INFO | Epoch 108/200 | LR: 0.044514
2026-02-12 22:45:28 KST | INFO |   Train Loss: 0.2705 | Test Loss: 0.0015 | Test Acc: 87.69%
2026-02-12 22:45:28 KST | INFO |   No improvement (19/30)
2026-02-12 22:45:28 KST | INFO | 
2026-02-12 22:45:28 KST | INFO | Epoch 109/200 | LR: 0.043734
2026-02-12 22:47:48 KST | INFO |   Train Loss: 0.2696 | Test Loss: 0.0016 | Test Acc: 87.44%
2026-02-12 22:47:48 KST | INFO |   No improvement (20/30)
2026-02-12 22:47:48 KST | INFO | 
2026-02-12 22:47:48 KST | INFO | Epoch 110/200 | LR: 0.042956
2026-02-12 22:50:16 KST | INFO |   Train Loss: 0.2697 | Test Loss: 0.0014 | Test Acc: 88.40%
2026-02-12 22:50:16 KST | INFO |   🏆 New best accuracy: 88.40%
2026-02-12 22:50:16 KST | INFO | 
2026-02-12 22:50:16 KST | INFO | Epoch 111/200 | LR: 0.042179
2026-02-12 22:52:35 KST | INFO |   Train Loss: 0.2684 | Test Loss: 0.0014 | Test Acc: 88.27%
2026-02-12 22:52:35 KST | INFO |   No improvement (1/30)
2026-02-12 22:52:35 KST | INFO | 
2026-02-12 22:52:35 KST | INFO | Epoch 112/200 | LR: 0.041404
2026-02-12 22:55:01 KST | INFO |   Train Loss: 0.2608 | Test Loss: 0.0014 | Test Acc: 87.64%
2026-02-12 22:55:01 KST | INFO |   No improvement (2/30)
2026-02-12 22:55:01 KST | INFO | 
2026-02-12 22:55:01 KST | INFO | Epoch 113/200 | LR: 0.040632
2026-02-12 22:57:22 KST | INFO |   Train Loss: 0.2579 | Test Loss: 0.0015 | Test Acc: 87.15%
2026-02-12 22:57:22 KST | INFO |   No improvement (3/30)
2026-02-12 22:57:22 KST | INFO | 
2026-02-12 22:57:22 KST | INFO | Epoch 114/200 | LR: 0.039861
2026-02-12 22:59:48 KST | INFO |   Train Loss: 0.2580 | Test Loss: 0.0014 | Test Acc: 88.26%
2026-02-12 22:59:48 KST | INFO |   No improvement (4/30)
2026-02-12 22:59:48 KST | INFO | 
2026-02-12 22:59:48 KST | INFO | Epoch 115/200 | LR: 0.039093
2026-02-12 23:02:08 KST | INFO |   Train Loss: 0.2531 | Test Loss: 0.0016 | Test Acc: 86.55%
2026-02-12 23:02:08 KST | INFO |   No improvement (5/30)
2026-02-12 23:02:08 KST | INFO | 
2026-02-12 23:02:08 KST | INFO | Epoch 116/200 | LR: 0.038328
2026-02-12 23:04:28 KST | INFO |   Train Loss: 0.2475 | Test Loss: 0.0015 | Test Acc: 86.91%
2026-02-12 23:04:28 KST | INFO |   No improvement (6/30)
2026-02-12 23:04:28 KST | INFO | 
2026-02-12 23:04:28 KST | INFO | Epoch 117/200 | LR: 0.037566
2026-02-12 23:06:50 KST | INFO |   Train Loss: 0.2516 | Test Loss: 0.0015 | Test Acc: 87.97%
2026-02-12 23:06:50 KST | INFO |   No improvement (7/30)
2026-02-12 23:06:50 KST | INFO | 
2026-02-12 23:06:50 KST | INFO | Epoch 118/200 | LR: 0.036807
2026-02-12 23:09:11 KST | INFO |   Train Loss: 0.2465 | Test Loss: 0.0015 | Test Acc: 87.22%
2026-02-12 23:09:11 KST | INFO |   No improvement (8/30)
2026-02-12 23:09:11 KST | INFO | 
2026-02-12 23:09:11 KST | INFO | Epoch 119/200 | LR: 0.036051
2026-02-12 23:11:32 KST | INFO |   Train Loss: 0.2422 | Test Loss: 0.0015 | Test Acc: 87.07%
2026-02-12 23:11:32 KST | INFO |   No improvement (9/30)
2026-02-12 23:11:32 KST | INFO | 
2026-02-12 23:11:32 KST | INFO | Epoch 120/200 | LR: 0.035299
2026-02-12 23:14:01 KST | INFO |   Train Loss: 0.2422 | Test Loss: 0.0016 | Test Acc: 87.21%
2026-02-12 23:14:01 KST | INFO |   No improvement (10/30)
2026-02-12 23:14:01 KST | INFO | 
2026-02-12 23:14:01 KST | INFO | Epoch 121/200 | LR: 0.034550
2026-02-12 23:16:27 KST | INFO |   Train Loss: 0.2363 | Test Loss: 0.0014 | Test Acc: 88.68%
2026-02-12 23:16:27 KST | INFO |   🏆 New best accuracy: 88.68%
2026-02-12 23:16:27 KST | INFO | 
2026-02-12 23:16:27 KST | INFO | Epoch 122/200 | LR: 0.033805
2026-02-12 23:18:51 KST | INFO |   Train Loss: 0.2332 | Test Loss: 0.0014 | Test Acc: 88.76%
2026-02-12 23:18:51 KST | INFO |   🏆 New best accuracy: 88.76%
2026-02-12 23:18:51 KST | INFO | 
2026-02-12 23:18:51 KST | INFO | Epoch 123/200 | LR: 0.033064
2026-02-12 23:21:11 KST | INFO |   Train Loss: 0.2358 | Test Loss: 0.0015 | Test Acc: 88.04%
2026-02-12 23:21:11 KST | INFO |   No improvement (1/30)
2026-02-12 23:21:11 KST | INFO | 
2026-02-12 23:21:11 KST | INFO | Epoch 124/200 | LR: 0.032327
2026-02-12 23:23:30 KST | INFO |   Train Loss: 0.2326 | Test Loss: 0.0014 | Test Acc: 88.53%
2026-02-12 23:23:30 KST | INFO |   No improvement (2/30)
2026-02-12 23:23:30 KST | INFO | 
2026-02-12 23:23:30 KST | INFO | Epoch 125/200 | LR: 0.031594
2026-02-12 23:25:54 KST | INFO |   Train Loss: 0.2271 | Test Loss: 0.0014 | Test Acc: 88.04%
2026-02-12 23:25:54 KST | INFO |   No improvement (3/30)
2026-02-12 23:25:54 KST | INFO | 
2026-02-12 23:25:54 KST | INFO | Epoch 126/200 | LR: 0.030867
2026-02-12 23:28:15 KST | INFO |   Train Loss: 0.2267 | Test Loss: 0.0015 | Test Acc: 88.03%
2026-02-12 23:28:15 KST | INFO |   No improvement (4/30)
2026-02-12 23:28:15 KST | INFO | 
2026-02-12 23:28:15 KST | INFO | Epoch 127/200 | LR: 0.030143
2026-02-12 23:30:43 KST | INFO |   Train Loss: 0.2245 | Test Loss: 0.0014 | Test Acc: 87.94%
2026-02-12 23:30:43 KST | INFO |   No improvement (5/30)
2026-02-12 23:30:43 KST | INFO | 
2026-02-12 23:30:43 KST | INFO | Epoch 128/200 | LR: 0.029425
2026-02-12 23:33:07 KST | INFO |   Train Loss: 0.2222 | Test Loss: 0.0014 | Test Acc: 87.86%
2026-02-12 23:33:07 KST | INFO |   No improvement (6/30)
2026-02-12 23:33:07 KST | INFO | 
2026-02-12 23:33:07 KST | INFO | Epoch 129/200 | LR: 0.028712
2026-02-12 23:35:41 KST | INFO |   Train Loss: 0.2178 | Test Loss: 0.0014 | Test Acc: 88.13%
2026-02-12 23:35:41 KST | INFO |   No improvement (7/30)
2026-02-12 23:35:41 KST | INFO | 
2026-02-12 23:35:41 KST | INFO | Epoch 130/200 | LR: 0.028004
2026-02-12 23:38:06 KST | INFO |   Train Loss: 0.2155 | Test Loss: 0.0015 | Test Acc: 87.58%
2026-02-12 23:38:06 KST | INFO |   No improvement (8/30)
2026-02-12 23:38:06 KST | INFO | 
2026-02-12 23:38:06 KST | INFO | Epoch 131/200 | LR: 0.027301
2026-02-12 23:40:32 KST | INFO |   Train Loss: 0.2130 | Test Loss: 0.0016 | Test Acc: 87.09%
2026-02-12 23:40:32 KST | INFO |   No improvement (9/30)
2026-02-12 23:40:32 KST | INFO | 
2026-02-12 23:40:32 KST | INFO | Epoch 132/200 | LR: 0.026604
2026-02-12 23:42:54 KST | INFO |   Train Loss: 0.2103 | Test Loss: 0.0014 | Test Acc: 88.25%
2026-02-12 23:42:54 KST | INFO |   No improvement (10/30)
2026-02-12 23:42:54 KST | INFO | 
2026-02-12 23:42:54 KST | INFO | Epoch 133/200 | LR: 0.025913
2026-02-12 23:45:27 KST | INFO |   Train Loss: 0.2049 | Test Loss: 0.0013 | Test Acc: 88.66%
2026-02-12 23:45:27 KST | INFO |   No improvement (11/30)
2026-02-12 23:45:27 KST | INFO | 
2026-02-12 23:45:27 KST | INFO | Epoch 134/200 | LR: 0.025228
2026-02-12 23:47:55 KST | INFO |   Train Loss: 0.2052 | Test Loss: 0.0016 | Test Acc: 87.73%
2026-02-12 23:47:55 KST | INFO |   No improvement (12/30)
2026-02-12 23:47:55 KST | INFO | 
2026-02-12 23:47:55 KST | INFO | Epoch 135/200 | LR: 0.024549
2026-02-12 23:50:21 KST | INFO |   Train Loss: 0.2023 | Test Loss: 0.0014 | Test Acc: 88.20%
2026-02-12 23:50:21 KST | INFO |   No improvement (13/30)
2026-02-12 23:50:21 KST | INFO | 
2026-02-12 23:50:21 KST | INFO | Epoch 136/200 | LR: 0.023876
2026-02-12 23:52:45 KST | INFO |   Train Loss: 0.1966 | Test Loss: 0.0015 | Test Acc: 88.18%
2026-02-12 23:52:45 KST | INFO |   No improvement (14/30)
2026-02-12 23:52:45 KST | INFO | 
2026-02-12 23:52:45 KST | INFO | Epoch 137/200 | LR: 0.023209
2026-02-12 23:55:08 KST | INFO |   Train Loss: 0.1961 | Test Loss: 0.0015 | Test Acc: 87.41%
2026-02-12 23:55:08 KST | INFO |   No improvement (15/30)
2026-02-12 23:55:08 KST | INFO | 
2026-02-12 23:55:08 KST | INFO | Epoch 138/200 | LR: 0.022550
2026-02-12 23:57:34 KST | INFO |   Train Loss: 0.1886 | Test Loss: 0.0013 | Test Acc: 88.78%
2026-02-12 23:57:34 KST | INFO |   🏆 New best accuracy: 88.78%
2026-02-12 23:57:34 KST | INFO | 
2026-02-12 23:57:34 KST | INFO | Epoch 139/200 | LR: 0.021897
2026-02-12 23:59:57 KST | INFO |   Train Loss: 0.1865 | Test Loss: 0.0013 | Test Acc: 89.30%
2026-02-12 23:59:57 KST | INFO |   🏆 New best accuracy: 89.30%
2026-02-12 23:59:57 KST | INFO | 
2026-02-12 23:59:57 KST | INFO | Epoch 140/200 | LR: 0.021251
2026-02-13 00:02:19 KST | INFO |   Train Loss: 0.1852 | Test Loss: 0.0014 | Test Acc: 88.16%
2026-02-13 00:02:19 KST | INFO |   No improvement (1/30)
2026-02-13 00:02:19 KST | INFO | 
2026-02-13 00:02:19 KST | INFO | Epoch 141/200 | LR: 0.020612
2026-02-13 00:04:41 KST | INFO |   Train Loss: 0.1837 | Test Loss: 0.0015 | Test Acc: 88.00%
2026-02-13 00:04:41 KST | INFO |   No improvement (2/30)
2026-02-13 00:04:41 KST | INFO | 
2026-02-13 00:04:41 KST | INFO | Epoch 142/200 | LR: 0.019980
2026-02-13 00:07:07 KST | INFO |   Train Loss: 0.1849 | Test Loss: 0.0013 | Test Acc: 89.24%
2026-02-13 00:07:07 KST | INFO |   No improvement (3/30)
2026-02-13 00:07:07 KST | INFO | 
2026-02-13 00:07:07 KST | INFO | Epoch 143/200 | LR: 0.019355
2026-02-13 00:09:31 KST | INFO |   Train Loss: 0.1785 | Test Loss: 0.0014 | Test Acc: 88.77%
2026-02-13 00:09:31 KST | INFO |   No improvement (4/30)
2026-02-13 00:09:31 KST | INFO | 
2026-02-13 00:09:31 KST | INFO | Epoch 144/200 | LR: 0.018739
2026-02-13 00:11:57 KST | INFO |   Train Loss: 0.1739 | Test Loss: 0.0015 | Test Acc: 88.22%
2026-02-13 00:11:57 KST | INFO |   No improvement (5/30)
2026-02-13 00:11:57 KST | INFO | 
2026-02-13 00:11:57 KST | INFO | Epoch 145/200 | LR: 0.018130
2026-02-13 00:14:21 KST | INFO |   Train Loss: 0.1771 | Test Loss: 0.0013 | Test Acc: 89.10%
2026-02-13 00:14:21 KST | INFO |   No improvement (6/30)
2026-02-13 00:14:21 KST | INFO | 
2026-02-13 00:14:21 KST | INFO | Epoch 146/200 | LR: 0.017528
2026-02-13 00:16:48 KST | INFO |   Train Loss: 0.1687 | Test Loss: 0.0014 | Test Acc: 88.35%
2026-02-13 00:16:48 KST | INFO |   No improvement (7/30)
2026-02-13 00:16:48 KST | INFO | 
2026-02-13 00:16:48 KST | INFO | Epoch 147/200 | LR: 0.016935
2026-02-13 00:19:09 KST | INFO |   Train Loss: 0.1679 | Test Loss: 0.0015 | Test Acc: 88.53%
2026-02-13 00:19:09 KST | INFO |   No improvement (8/30)
2026-02-13 00:19:09 KST | INFO | 
2026-02-13 00:19:09 KST | INFO | Epoch 148/200 | LR: 0.016350
2026-02-13 00:21:31 KST | INFO |   Train Loss: 0.1651 | Test Loss: 0.0014 | Test Acc: 88.41%
2026-02-13 00:21:31 KST | INFO |   No improvement (9/30)
2026-02-13 00:21:31 KST | INFO | 
2026-02-13 00:21:31 KST | INFO | Epoch 149/200 | LR: 0.015773
2026-02-13 00:23:57 KST | INFO |   Train Loss: 0.1631 | Test Loss: 0.0014 | Test Acc: 88.58%
2026-02-13 00:23:57 KST | INFO |   No improvement (10/30)
2026-02-13 00:23:57 KST | INFO | 
2026-02-13 00:23:57 KST | INFO | Epoch 150/200 | LR: 0.015205
2026-02-13 00:26:23 KST | INFO |   Train Loss: 0.1583 | Test Loss: 0.0014 | Test Acc: 88.55%
2026-02-13 00:26:23 KST | INFO |   No improvement (11/30)
2026-02-13 00:26:23 KST | INFO | 
2026-02-13 00:26:23 KST | INFO | Epoch 151/200 | LR: 0.014646
2026-02-13 00:28:47 KST | INFO |   Train Loss: 0.1567 | Test Loss: 0.0014 | Test Acc: 88.73%
2026-02-13 00:28:47 KST | INFO |   No improvement (12/30)
2026-02-13 00:28:47 KST | INFO | 
2026-02-13 00:28:47 KST | INFO | Epoch 152/200 | LR: 0.014095
2026-02-13 00:31:13 KST | INFO |   Train Loss: 0.1508 | Test Loss: 0.0014 | Test Acc: 88.75%
2026-02-13 00:31:13 KST | INFO |   No improvement (13/30)
2026-02-13 00:31:13 KST | INFO | 
2026-02-13 00:31:13 KST | INFO | Epoch 153/200 | LR: 0.013552
2026-02-13 00:33:34 KST | INFO |   Train Loss: 0.1514 | Test Loss: 0.0015 | Test Acc: 88.07%
2026-02-13 00:33:34 KST | INFO |   No improvement (14/30)
2026-02-13 00:33:34 KST | INFO | 
2026-02-13 00:33:34 KST | INFO | Epoch 154/200 | LR: 0.013019
2026-02-13 00:35:55 KST | INFO |   Train Loss: 0.1473 | Test Loss: 0.0014 | Test Acc: 88.81%
2026-02-13 00:35:55 KST | INFO |   No improvement (15/30)
2026-02-13 00:35:55 KST | INFO | 
2026-02-13 00:35:55 KST | INFO | Epoch 155/200 | LR: 0.012495
2026-02-13 00:38:13 KST | INFO |   Train Loss: 0.1466 | Test Loss: 0.0015 | Test Acc: 88.21%
2026-02-13 00:38:13 KST | INFO |   No improvement (16/30)
2026-02-13 00:38:13 KST | INFO | 
2026-02-13 00:38:13 KST | INFO | Epoch 156/200 | LR: 0.011981
2026-02-13 00:40:34 KST | INFO |   Train Loss: 0.1420 | Test Loss: 0.0014 | Test Acc: 88.98%
2026-02-13 00:40:34 KST | INFO |   No improvement (17/30)
2026-02-13 00:40:34 KST | INFO | 
2026-02-13 00:40:34 KST | INFO | Epoch 157/200 | LR: 0.011475
2026-02-13 00:42:53 KST | INFO |   Train Loss: 0.1401 | Test Loss: 0.0014 | Test Acc: 88.76%
2026-02-13 00:42:53 KST | INFO |   No improvement (18/30)
2026-02-13 00:42:53 KST | INFO | 
2026-02-13 00:42:53 KST | INFO | Epoch 158/200 | LR: 0.010979
2026-02-13 00:45:13 KST | INFO |   Train Loss: 0.1376 | Test Loss: 0.0014 | Test Acc: 89.05%
2026-02-13 00:45:13 KST | INFO |   No improvement (19/30)
2026-02-13 00:45:13 KST | INFO | 
2026-02-13 00:45:13 KST | INFO | Epoch 159/200 | LR: 0.010493
2026-02-13 00:47:32 KST | INFO |   Train Loss: 0.1342 | Test Loss: 0.0014 | Test Acc: 88.39%
2026-02-13 00:47:32 KST | INFO |   No improvement (20/30)
2026-02-13 00:47:32 KST | INFO | 
2026-02-13 00:47:32 KST | INFO | Epoch 160/200 | LR: 0.010017
2026-02-13 00:49:56 KST | INFO |   Train Loss: 0.1313 | Test Loss: 0.0014 | Test Acc: 88.83%
2026-02-13 00:49:56 KST | INFO |   No improvement (21/30)
2026-02-13 00:49:56 KST | INFO | 
2026-02-13 00:49:56 KST | INFO | Epoch 161/200 | LR: 0.009550
2026-02-13 00:52:22 KST | INFO |   Train Loss: 0.1292 | Test Loss: 0.0014 | Test Acc: 89.02%
2026-02-13 00:52:22 KST | INFO |   No improvement (22/30)
2026-02-13 00:52:22 KST | INFO | 
2026-02-13 00:52:22 KST | INFO | Epoch 162/200 | LR: 0.009093
2026-02-13 00:54:44 KST | INFO |   Train Loss: 0.1253 | Test Loss: 0.0014 | Test Acc: 89.24%
2026-02-13 00:54:44 KST | INFO |   No improvement (23/30)
2026-02-13 00:54:44 KST | INFO | 
2026-02-13 00:54:44 KST | INFO | Epoch 163/200 | LR: 0.008647
2026-02-13 00:57:03 KST | INFO |   Train Loss: 0.1254 | Test Loss: 0.0014 | Test Acc: 89.20%
2026-02-13 00:57:03 KST | INFO |   No improvement (24/30)
2026-02-13 00:57:03 KST | INFO | 
2026-02-13 00:57:03 KST | INFO | Epoch 164/200 | LR: 0.008211
2026-02-13 00:59:24 KST | INFO |   Train Loss: 0.1213 | Test Loss: 0.0014 | Test Acc: 89.18%
2026-02-13 00:59:24 KST | INFO |   No improvement (25/30)
2026-02-13 00:59:24 KST | INFO | 
2026-02-13 00:59:24 KST | INFO | Epoch 165/200 | LR: 0.007785
2026-02-13 01:01:44 KST | INFO |   Train Loss: 0.1198 | Test Loss: 0.0013 | Test Acc: 89.42%
2026-02-13 01:01:44 KST | INFO |   🏆 New best accuracy: 89.42%
2026-02-13 01:01:44 KST | INFO | 
2026-02-13 01:01:44 KST | INFO | Epoch 166/200 | LR: 0.007369
2026-02-13 01:04:05 KST | INFO |   Train Loss: 0.1147 | Test Loss: 0.0013 | Test Acc: 89.19%
2026-02-13 01:04:05 KST | INFO |   No improvement (1/30)
2026-02-13 01:04:05 KST | INFO | 
2026-02-13 01:04:05 KST | INFO | Epoch 167/200 | LR: 0.006964
2026-02-13 01:06:30 KST | INFO |   Train Loss: 0.1134 | Test Loss: 0.0013 | Test Acc: 89.51%
2026-02-13 01:06:30 KST | INFO |   🏆 New best accuracy: 89.51%
2026-02-13 01:06:30 KST | INFO | 
2026-02-13 01:06:30 KST | INFO | Epoch 168/200 | LR: 0.006569
2026-02-13 01:08:51 KST | INFO |   Train Loss: 0.1112 | Test Loss: 0.0013 | Test Acc: 89.57%
2026-02-13 01:08:51 KST | INFO |   🏆 New best accuracy: 89.57%
2026-02-13 01:08:51 KST | INFO | 
2026-02-13 01:08:51 KST | INFO | Epoch 169/200 | LR: 0.006186
2026-02-13 01:11:15 KST | INFO |   Train Loss: 0.1068 | Test Loss: 0.0014 | Test Acc: 89.48%
2026-02-13 01:11:15 KST | INFO |   No improvement (1/30)
2026-02-13 01:11:15 KST | INFO | 
2026-02-13 01:11:15 KST | INFO | Epoch 170/200 | LR: 0.005813
2026-02-13 01:13:40 KST | INFO |   Train Loss: 0.1072 | Test Loss: 0.0014 | Test Acc: 89.23%
2026-02-13 01:13:40 KST | INFO |   No improvement (2/30)
2026-02-13 01:13:40 KST | INFO | 
2026-02-13 01:13:40 KST | INFO | Epoch 171/200 | LR: 0.005451
2026-02-13 01:16:03 KST | INFO |   Train Loss: 0.1036 | Test Loss: 0.0014 | Test Acc: 89.22%
2026-02-13 01:16:03 KST | INFO |   No improvement (3/30)
2026-02-13 01:16:03 KST | INFO | 
2026-02-13 01:16:03 KST | INFO | Epoch 172/200 | LR: 0.005100
2026-02-13 01:18:24 KST | INFO |   Train Loss: 0.1036 | Test Loss: 0.0014 | Test Acc: 89.10%
2026-02-13 01:18:24 KST | INFO |   No improvement (4/30)
2026-02-13 01:18:24 KST | INFO | 
2026-02-13 01:18:24 KST | INFO | Epoch 173/200 | LR: 0.004760
2026-02-13 01:20:50 KST | INFO |   Train Loss: 0.1017 | Test Loss: 0.0014 | Test Acc: 89.04%
2026-02-13 01:20:50 KST | INFO |   No improvement (5/30)
2026-02-13 01:20:50 KST | INFO | 
2026-02-13 01:20:50 KST | INFO | Epoch 174/200 | LR: 0.004431
2026-02-13 01:23:09 KST | INFO |   Train Loss: 0.0983 | Test Loss: 0.0014 | Test Acc: 89.39%
2026-02-13 01:23:09 KST | INFO |   No improvement (6/30)
2026-02-13 01:23:09 KST | INFO | 
2026-02-13 01:23:09 KST | INFO | Epoch 175/200 | LR: 0.004113
2026-02-13 01:25:32 KST | INFO |   Train Loss: 0.0982 | Test Loss: 0.0013 | Test Acc: 89.69%
2026-02-13 01:25:32 KST | INFO |   🏆 New best accuracy: 89.69%
2026-02-13 01:25:32 KST | INFO | 
2026-02-13 01:25:32 KST | INFO | Epoch 176/200 | LR: 0.003807
2026-02-13 01:27:59 KST | INFO |   Train Loss: 0.0955 | Test Loss: 0.0014 | Test Acc: 89.39%
2026-02-13 01:27:59 KST | INFO |   No improvement (1/30)
2026-02-13 01:27:59 KST | INFO | 
2026-02-13 01:27:59 KST | INFO | Epoch 177/200 | LR: 0.003512
2026-02-13 01:30:20 KST | INFO |   Train Loss: 0.0934 | Test Loss: 0.0014 | Test Acc: 89.75%
2026-02-13 01:30:20 KST | INFO |   🏆 New best accuracy: 89.75%
2026-02-13 01:30:20 KST | INFO | 
2026-02-13 01:30:20 KST | INFO | Epoch 178/200 | LR: 0.003229
2026-02-13 01:32:45 KST | INFO |   Train Loss: 0.0894 | Test Loss: 0.0014 | Test Acc: 89.37%
2026-02-13 01:32:45 KST | INFO |   No improvement (1/30)
2026-02-13 01:32:45 KST | INFO | 
2026-02-13 01:32:45 KST | INFO | Epoch 179/200 | LR: 0.002957
2026-02-13 01:35:06 KST | INFO |   Train Loss: 0.0900 | Test Loss: 0.0014 | Test Acc: 89.54%
2026-02-13 01:35:06 KST | INFO |   No improvement (2/30)
2026-02-13 01:35:06 KST | INFO | 
2026-02-13 01:35:06 KST | INFO | Epoch 180/200 | LR: 0.002697
2026-02-13 01:37:36 KST | INFO |   Train Loss: 0.0891 | Test Loss: 0.0013 | Test Acc: 89.85%
2026-02-13 01:37:36 KST | INFO |   🏆 New best accuracy: 89.85%
2026-02-13 01:37:36 KST | INFO | 
2026-02-13 01:37:36 KST | INFO | Epoch 181/200 | LR: 0.002448
2026-02-13 01:39:54 KST | INFO |   Train Loss: 0.0867 | Test Loss: 0.0014 | Test Acc: 89.30%
2026-02-13 01:39:54 KST | INFO |   No improvement (1/30)
2026-02-13 01:39:54 KST | INFO | 
2026-02-13 01:39:54 KST | INFO | Epoch 182/200 | LR: 0.002211
2026-02-13 01:42:18 KST | INFO |   Train Loss: 0.0865 | Test Loss: 0.0014 | Test Acc: 89.45%
2026-02-13 01:42:18 KST | INFO |   No improvement (2/30)
2026-02-13 01:42:18 KST | INFO | 
2026-02-13 01:42:18 KST | INFO | Epoch 183/200 | LR: 0.001986
2026-02-13 01:44:37 KST | INFO |   Train Loss: 0.0858 | Test Loss: 0.0014 | Test Acc: 89.60%
2026-02-13 01:44:37 KST | INFO |   No improvement (3/30)
2026-02-13 01:44:37 KST | INFO | 
2026-02-13 01:44:37 KST | INFO | Epoch 184/200 | LR: 0.001773
2026-02-13 01:47:01 KST | INFO |   Train Loss: 0.0828 | Test Loss: 0.0014 | Test Acc: 89.58%
2026-02-13 01:47:01 KST | INFO |   No improvement (4/30)
2026-02-13 01:47:01 KST | INFO | 
2026-02-13 01:47:01 KST | INFO | Epoch 185/200 | LR: 0.001572
2026-02-13 01:49:19 KST | INFO |   Train Loss: 0.0813 | Test Loss: 0.0014 | Test Acc: 89.45%
2026-02-13 01:49:19 KST | INFO |   No improvement (5/30)
2026-02-13 01:49:19 KST | INFO | 
2026-02-13 01:49:19 KST | INFO | Epoch 186/200 | LR: 0.001382
2026-02-13 01:51:44 KST | INFO |   Train Loss: 0.0807 | Test Loss: 0.0013 | Test Acc: 89.61%
2026-02-13 01:51:44 KST | INFO |   No improvement (6/30)
2026-02-13 01:51:44 KST | INFO | 
2026-02-13 01:51:44 KST | INFO | Epoch 187/200 | LR: 0.001205
2026-02-13 01:54:02 KST | INFO |   Train Loss: 0.0807 | Test Loss: 0.0013 | Test Acc: 89.68%
2026-02-13 01:54:02 KST | INFO |   No improvement (7/30)
2026-02-13 01:54:02 KST | INFO | 
2026-02-13 01:54:02 KST | INFO | Epoch 188/200 | LR: 0.001040
2026-02-13 01:56:31 KST | INFO |   Train Loss: 0.0787 | Test Loss: 0.0013 | Test Acc: 89.59%
2026-02-13 01:56:31 KST | INFO |   No improvement (8/30)
2026-02-13 01:56:31 KST | INFO | 
2026-02-13 01:56:31 KST | INFO | Epoch 189/200 | LR: 0.000887
2026-02-13 01:58:57 KST | INFO |   Train Loss: 0.0780 | Test Loss: 0.0014 | Test Acc: 89.65%
2026-02-13 01:58:57 KST | INFO |   No improvement (9/30)
2026-02-13 01:58:57 KST | INFO | 
2026-02-13 01:58:57 KST | INFO | Epoch 190/200 | LR: 0.000746
2026-02-13 02:01:25 KST | INFO |   Train Loss: 0.0772 | Test Loss: 0.0013 | Test Acc: 89.67%
2026-02-13 02:01:25 KST | INFO |   No improvement (10/30)
2026-02-13 02:01:25 KST | INFO | 
2026-02-13 02:01:25 KST | INFO | Epoch 191/200 | LR: 0.000617
2026-02-13 02:03:44 KST | INFO |   Train Loss: 0.0752 | Test Loss: 0.0014 | Test Acc: 89.50%
2026-02-13 02:03:44 KST | INFO |   No improvement (11/30)
2026-02-13 02:03:44 KST | INFO | 
2026-02-13 02:03:44 KST | INFO | Epoch 192/200 | LR: 0.000500
2026-02-13 02:06:13 KST | INFO |   Train Loss: 0.0762 | Test Loss: 0.0013 | Test Acc: 89.64%
2026-02-13 02:06:13 KST | INFO |   No improvement (12/30)
2026-02-13 02:06:13 KST | INFO | 
2026-02-13 02:06:13 KST | INFO | Epoch 193/200 | LR: 0.000395
2026-02-13 02:08:40 KST | INFO |   Train Loss: 0.0754 | Test Loss: 0.0013 | Test Acc: 89.62%
2026-02-13 02:08:40 KST | INFO |   No improvement (13/30)
2026-02-13 02:08:40 KST | INFO | 
2026-02-13 02:08:40 KST | INFO | Epoch 194/200 | LR: 0.000303
2026-02-13 02:10:58 KST | INFO |   Train Loss: 0.0737 | Test Loss: 0.0013 | Test Acc: 89.60%
2026-02-13 02:10:58 KST | INFO |   No improvement (14/30)
2026-02-13 02:10:58 KST | INFO | 
2026-02-13 02:10:58 KST | INFO | Epoch 195/200 | LR: 0.000223
2026-02-13 02:13:32 KST | INFO |   Train Loss: 0.0748 | Test Loss: 0.0013 | Test Acc: 89.60%
2026-02-13 02:13:32 KST | INFO |   No improvement (15/30)
2026-02-13 02:13:32 KST | INFO | 
2026-02-13 02:13:32 KST | INFO | Epoch 196/200 | LR: 0.000155
2026-02-13 02:15:57 KST | INFO |   Train Loss: 0.0725 | Test Loss: 0.0013 | Test Acc: 89.67%
2026-02-13 02:15:57 KST | INFO |   No improvement (16/30)
2026-02-13 02:15:57 KST | INFO | 
2026-02-13 02:15:57 KST | INFO | Epoch 197/200 | LR: 0.000100
2026-02-13 02:18:24 KST | INFO |   Train Loss: 0.0739 | Test Loss: 0.0013 | Test Acc: 89.64%
2026-02-13 02:18:24 KST | INFO |   No improvement (17/30)
2026-02-13 02:18:24 KST | INFO | 
2026-02-13 02:18:24 KST | INFO | Epoch 198/200 | LR: 0.000057
2026-02-13 02:20:47 KST | INFO |   Train Loss: 0.0737 | Test Loss: 0.0013 | Test Acc: 89.76%
2026-02-13 02:20:47 KST | INFO |   No improvement (18/30)
2026-02-13 02:20:47 KST | INFO | 
2026-02-13 02:20:47 KST | INFO | Epoch 199/200 | LR: 0.000026
2026-02-13 02:23:03 KST | INFO |   Train Loss: 0.0735 | Test Loss: 0.0013 | Test Acc: 89.75%
2026-02-13 02:23:03 KST | INFO |   No improvement (19/30)
2026-02-13 02:23:03 KST | INFO | 
2026-02-13 02:23:03 KST | INFO | Epoch 200/200 | LR: 0.000007
2026-02-13 02:25:22 KST | INFO |   Train Loss: 0.0741 | Test Loss: 0.0013 | Test Acc: 89.74%
2026-02-13 02:25:22 KST | INFO |   No improvement (20/30)
2026-02-13 02:25:22 KST | INFO | 
2026-02-13 02:25:22 KST | INFO | ================================================================================
2026-02-13 02:25:22 KST | INFO | TRAINING COMPLETE
2026-02-13 02:25:22 KST | INFO | ================================================================================
2026-02-13 02:25:22 KST | INFO | Best accuracy:  89.85% (Epoch 180)
2026-02-13 02:25:22 KST | INFO | Final accuracy: 89.74%
2026-02-13 02:25:22 KST | INFO | ================================================================================
2026-02-13 02:25:22 KST | INFO | 
2026-02-13 02:25:22 KST | INFO | Notifying nodes of completion...
2026-02-13 02:25:23 KST | INFO | ✓ Nodes notified
2026-02-13 02:25:23 KST | INFO | 
2026-02-13 02:25:23 KST | INFO | Closing connections...
2026-02-13 02:25:23 KST | INFO | ✓ Cleanup complete
2026-02-13 02:25:23 KST | INFO | 
2026-02-13 02:25:23 KST | INFO | Full log: logs/TL++_base_20260212_181443.log
2026-02-13 02:25:23 KST | INFO | ================================================================================
