2026-02-04 11:28:12 KST | INFO | ================================================================================
2026-02-04 11:28:12 KST | INFO | TL++ Orchestrator
2026-02-04 11:28:12 KST | INFO | ================================================================================
2026-02-04 11:28:12 KST | INFO | Log file: logs/TL++_base_20260204_112812.log
2026-02-04 11:28:12 KST | INFO | 
2026-02-04 11:28:12 KST | INFO | --------------------------------------------------------------------------------
2026-02-04 11:28:12 KST | INFO | CONFIGURATION
2026-02-04 11:28:12 KST | INFO | --------------------------------------------------------------------------------
2026-02-04 11:28:12 KST | INFO | Secure mode:      False
2026-02-04 11:28:12 KST | INFO | Nodes:            3
2026-02-04 11:28:12 KST | INFO | Cut layer:        1
2026-02-04 11:28:12 KST | INFO | Batch size:       128
2026-02-04 11:28:12 KST | INFO | Learning rate:    0.1
2026-02-04 11:28:12 KST | INFO | 
2026-02-04 11:28:12 KST | INFO | Computation device: cuda
2026-02-04 11:28:12 KST | INFO | Secure mode: DISABLED
2026-02-04 11:28:12 KST | INFO | 
2026-02-04 11:28:12 KST | INFO | --------------------------------------------------------------------------------
2026-02-04 11:28:12 KST | INFO | NETWORK SETUP
2026-02-04 11:28:12 KST | INFO | --------------------------------------------------------------------------------
2026-02-04 11:28:12 KST | INFO | ✓ Orchestrator listening on 127.0.0.1:8080
2026-02-04 11:28:12 KST | INFO | Waiting for 3 node(s)...
2026-02-04 11:28:15 KST | INFO |   ✓ Node 1/3 connected
2026-02-04 11:28:16 KST | INFO |   ✓ Node 2/3 connected
2026-02-04 11:28:17 KST | INFO |   ✓ Node 3/3 connected
2026-02-04 11:28:17 KST | INFO | ✓ All 3 node(s) connected
2026-02-04 11:28:17 KST | INFO | 
2026-02-04 11:28:17 KST | INFO | --------------------------------------------------------------------------------
2026-02-04 11:28:17 KST | INFO | MODEL INITIALIZATION
2026-02-04 11:28:17 KST | INFO | --------------------------------------------------------------------------------
2026-02-04 11:28:17 KST | INFO | Node-side parameters: 38,720
2026-02-04 11:28:17 KST | INFO | 
2026-02-04 11:28:17 KST | INFO | --------------------------------------------------------------------------------
2026-02-04 11:28:17 KST | INFO | BROADCASTING CONFIGURATION
2026-02-04 11:28:17 KST | INFO | --------------------------------------------------------------------------------
2026-02-04 11:28:17 KST | INFO | ✓ Configuration broadcast to all nodes
2026-02-04 11:28:18 KST | INFO | 
2026-02-04 11:28:18 KST | INFO | Total parameters:     3,244,611
2026-02-04 11:28:18 KST | INFO | Trainable parameters: 3,244,611
2026-02-04 11:28:18 KST | INFO | 
2026-02-04 11:28:18 KST | INFO | --------------------------------------------------------------------------------
2026-02-04 11:28:18 KST | INFO | DATA LOADING
2026-02-04 11:28:18 KST | INFO | --------------------------------------------------------------------------------
2026-02-04 11:28:44 KST | INFO | ✓ Dataset information collected:
2026-02-04 11:28:44 KST | INFO |     Node 1: 5,000 samples
2026-02-04 11:28:44 KST | INFO |     Node 2: 5,000 samples
2026-02-04 11:28:44 KST | INFO |     Node 3: 5,000 samples
2026-02-04 11:28:44 KST | INFO |   Total training samples: 15,000
2026-02-04 11:28:44 KST | INFO | 
2026-02-04 11:28:47 KST | INFO | ✓ Test dataset loaded: 3,000 samples
2026-02-04 11:28:47 KST | INFO | 
2026-02-04 11:28:47 KST | INFO | ✓ Batch scheduler: 118 batches/epoch
2026-02-04 11:28:47 KST | INFO | 
2026-02-04 11:28:47 KST | INFO | --------------------------------------------------------------------------------
2026-02-04 11:28:47 KST | INFO | OPTIMIZATION SETUP
2026-02-04 11:28:47 KST | INFO | --------------------------------------------------------------------------------
2026-02-04 11:28:47 KST | INFO | ✓ Optimizer: SGD (lr=0.1, momentum=0.9)
2026-02-04 11:28:47 KST | INFO | ✓ Scheduler: cosine
2026-02-04 11:28:47 KST | INFO | ✓ Gradient clipping: 1.0
2026-02-04 11:28:47 KST | INFO | 
2026-02-04 11:28:47 KST | INFO | ================================================================================
2026-02-04 11:28:47 KST | INFO | Setup complete - Ready for training
2026-02-04 11:28:47 KST | INFO | ================================================================================
2026-02-04 11:28:47 KST | INFO | 
2026-02-04 11:28:47 KST | INFO | --------------------------------------------------------------------------------
2026-02-04 11:28:47 KST | INFO | TRAINING
2026-02-04 11:28:47 KST | INFO | --------------------------------------------------------------------------------
2026-02-04 11:28:47 KST | INFO | 
2026-02-04 11:28:47 KST | INFO | Epoch 1/200 | LR: 0.100000
2026-02-04 11:28:55 KST | INFO |   Train Loss: 0.7800 | Test Loss: 0.0021 | Test Acc: 80.17%
2026-02-04 11:28:55 KST | INFO |   🏆 New best accuracy: 80.17%
2026-02-04 11:28:55 KST | INFO | 
2026-02-04 11:28:55 KST | INFO | Epoch 2/200 | LR: 0.099994
2026-02-04 11:29:03 KST | INFO |   Train Loss: 0.5056 | Test Loss: 0.0015 | Test Acc: 85.87%
2026-02-04 11:29:03 KST | INFO |   🏆 New best accuracy: 85.87%
2026-02-04 11:29:03 KST | INFO | 
2026-02-04 11:29:03 KST | INFO | Epoch 3/200 | LR: 0.099975
2026-02-04 11:29:11 KST | INFO |   Train Loss: 0.4175 | Test Loss: 0.0014 | Test Acc: 86.47%
2026-02-04 11:29:11 KST | INFO |   🏆 New best accuracy: 86.47%
2026-02-04 11:29:11 KST | INFO | 
2026-02-04 11:29:11 KST | INFO | Epoch 4/200 | LR: 0.099944
2026-02-04 11:29:18 KST | INFO |   Train Loss: 0.3469 | Test Loss: 0.0012 | Test Acc: 88.37%
2026-02-04 11:29:18 KST | INFO |   🏆 New best accuracy: 88.37%
2026-02-04 11:29:18 KST | INFO | 
2026-02-04 11:29:18 KST | INFO | Epoch 5/200 | LR: 0.099901
2026-02-04 11:29:26 KST | INFO |   Train Loss: 0.2968 | Test Loss: 0.0010 | Test Acc: 90.60%
2026-02-04 11:29:26 KST | INFO |   🏆 New best accuracy: 90.60%
2026-02-04 11:29:26 KST | INFO | 
2026-02-04 11:29:26 KST | INFO | Epoch 6/200 | LR: 0.099846
2026-02-04 11:29:33 KST | INFO |   Train Loss: 0.2627 | Test Loss: 0.0011 | Test Acc: 90.27%
2026-02-04 11:29:33 KST | INFO |   No improvement (1/30)
2026-02-04 11:29:33 KST | INFO | 
2026-02-04 11:29:33 KST | INFO | Epoch 7/200 | LR: 0.099778
2026-02-04 11:29:40 KST | INFO |   Train Loss: 0.2381 | Test Loss: 0.0009 | Test Acc: 91.70%
2026-02-04 11:29:40 KST | INFO |   🏆 New best accuracy: 91.70%
2026-02-04 11:29:40 KST | INFO | 
2026-02-04 11:29:40 KST | INFO | Epoch 8/200 | LR: 0.099698
2026-02-04 11:29:48 KST | INFO |   Train Loss: 0.2217 | Test Loss: 0.0008 | Test Acc: 92.13%
2026-02-04 11:29:48 KST | INFO |   🏆 New best accuracy: 92.13%
2026-02-04 11:29:48 KST | INFO | 
2026-02-04 11:29:48 KST | INFO | Epoch 9/200 | LR: 0.099606
2026-02-04 11:29:55 KST | INFO |   Train Loss: 0.2080 | Test Loss: 0.0007 | Test Acc: 93.33%
2026-02-04 11:29:55 KST | INFO |   🏆 New best accuracy: 93.33%
2026-02-04 11:29:55 KST | INFO | 
2026-02-04 11:29:55 KST | INFO | Epoch 10/200 | LR: 0.099501
2026-02-04 11:30:02 KST | INFO |   Train Loss: 0.1958 | Test Loss: 0.0009 | Test Acc: 91.80%
2026-02-04 11:30:02 KST | INFO |   No improvement (1/30)
2026-02-04 11:30:02 KST | INFO | 
2026-02-04 11:30:02 KST | INFO | Epoch 11/200 | LR: 0.099384
2026-02-04 11:30:10 KST | INFO |   Train Loss: 0.1821 | Test Loss: 0.0009 | Test Acc: 91.33%
2026-02-04 11:30:10 KST | INFO |   No improvement (2/30)
2026-02-04 11:30:10 KST | INFO | 
2026-02-04 11:30:10 KST | INFO | Epoch 12/200 | LR: 0.099255
2026-02-04 11:30:17 KST | INFO |   Train Loss: 0.1665 | Test Loss: 0.0007 | Test Acc: 93.20%
2026-02-04 11:30:17 KST | INFO |   No improvement (3/30)
2026-02-04 11:30:17 KST | INFO | 
2026-02-04 11:30:17 KST | INFO | Epoch 13/200 | LR: 0.099114
2026-02-04 11:30:24 KST | INFO |   Train Loss: 0.1688 | Test Loss: 0.0006 | Test Acc: 94.43%
2026-02-04 11:30:24 KST | INFO |   🏆 New best accuracy: 94.43%
2026-02-04 11:30:24 KST | INFO | 
2026-02-04 11:30:24 KST | INFO | Epoch 14/200 | LR: 0.098961
2026-02-04 11:30:32 KST | INFO |   Train Loss: 0.1619 | Test Loss: 0.0007 | Test Acc: 93.87%
2026-02-04 11:30:32 KST | INFO |   No improvement (1/30)
2026-02-04 11:30:32 KST | INFO | 
2026-02-04 11:30:32 KST | INFO | Epoch 15/200 | LR: 0.098796
2026-02-04 11:30:39 KST | INFO |   Train Loss: 0.1520 | Test Loss: 0.0008 | Test Acc: 93.07%
2026-02-04 11:30:39 KST | INFO |   No improvement (2/30)
2026-02-04 11:30:39 KST | INFO | 
2026-02-04 11:30:39 KST | INFO | Epoch 16/200 | LR: 0.098619
2026-02-04 11:30:46 KST | INFO |   Train Loss: 0.1462 | Test Loss: 0.0008 | Test Acc: 92.90%
2026-02-04 11:30:46 KST | INFO |   No improvement (3/30)
2026-02-04 11:30:46 KST | INFO | 
2026-02-04 11:30:46 KST | INFO | Epoch 17/200 | LR: 0.098429
2026-02-04 11:30:53 KST | INFO |   Train Loss: 0.1428 | Test Loss: 0.0006 | Test Acc: 93.83%
2026-02-04 11:30:53 KST | INFO |   No improvement (4/30)
2026-02-04 11:30:53 KST | INFO | 
2026-02-04 11:30:53 KST | INFO | Epoch 18/200 | LR: 0.098228
2026-02-04 11:31:01 KST | INFO |   Train Loss: 0.1397 | Test Loss: 0.0006 | Test Acc: 94.50%
2026-02-04 11:31:01 KST | INFO |   🏆 New best accuracy: 94.50%
2026-02-04 11:31:01 KST | INFO | 
2026-02-04 11:31:01 KST | INFO | Epoch 19/200 | LR: 0.098015
2026-02-04 11:31:08 KST | INFO |   Train Loss: 0.1359 | Test Loss: 0.0005 | Test Acc: 95.50%
2026-02-04 11:31:08 KST | INFO |   🏆 New best accuracy: 95.50%
2026-02-04 11:31:08 KST | INFO | 
2026-02-04 11:31:08 KST | INFO | Epoch 20/200 | LR: 0.097790
2026-02-04 11:31:15 KST | INFO |   Train Loss: 0.1318 | Test Loss: 0.0007 | Test Acc: 92.80%
2026-02-04 11:31:15 KST | INFO |   No improvement (1/30)
2026-02-04 11:31:15 KST | INFO | 
2026-02-04 11:31:15 KST | INFO | Epoch 21/200 | LR: 0.097553
2026-02-04 11:31:23 KST | INFO |   Train Loss: 0.1298 | Test Loss: 0.0006 | Test Acc: 94.93%
2026-02-04 11:31:23 KST | INFO |   No improvement (2/30)
2026-02-04 11:31:23 KST | INFO | 
2026-02-04 11:31:23 KST | INFO | Epoch 22/200 | LR: 0.097304
2026-02-04 11:31:30 KST | INFO |   Train Loss: 0.1222 | Test Loss: 0.0006 | Test Acc: 94.97%
2026-02-04 11:31:30 KST | INFO |   No improvement (3/30)
2026-02-04 11:31:30 KST | INFO | 
2026-02-04 11:31:30 KST | INFO | Epoch 23/200 | LR: 0.097044
2026-02-04 11:31:37 KST | INFO |   Train Loss: 0.1280 | Test Loss: 0.0005 | Test Acc: 94.97%
2026-02-04 11:31:37 KST | INFO |   No improvement (4/30)
2026-02-04 11:31:37 KST | INFO | 
2026-02-04 11:31:37 KST | INFO | Epoch 24/200 | LR: 0.096772
2026-02-04 11:31:45 KST | INFO |   Train Loss: 0.1164 | Test Loss: 0.0005 | Test Acc: 94.60%
2026-02-04 11:31:45 KST | INFO |   No improvement (5/30)
2026-02-04 11:31:45 KST | INFO | 
2026-02-04 11:31:45 KST | INFO | Epoch 25/200 | LR: 0.096489
2026-02-04 11:31:52 KST | INFO |   Train Loss: 0.1165 | Test Loss: 0.0009 | Test Acc: 92.37%
2026-02-04 11:31:52 KST | INFO |   No improvement (6/30)
2026-02-04 11:31:52 KST | INFO | 
2026-02-04 11:31:52 KST | INFO | Epoch 26/200 | LR: 0.096194
2026-02-04 11:31:59 KST | INFO |   Train Loss: 0.1132 | Test Loss: 0.0005 | Test Acc: 96.03%
2026-02-04 11:31:59 KST | INFO |   🏆 New best accuracy: 96.03%
2026-02-04 11:31:59 KST | INFO | 
2026-02-04 11:31:59 KST | INFO | Epoch 27/200 | LR: 0.095888
2026-02-04 11:32:06 KST | INFO |   Train Loss: 0.1089 | Test Loss: 0.0007 | Test Acc: 94.03%
2026-02-04 11:32:06 KST | INFO |   No improvement (1/30)
2026-02-04 11:32:06 KST | INFO | 
2026-02-04 11:32:06 KST | INFO | Epoch 28/200 | LR: 0.095570
2026-02-04 11:32:14 KST | INFO |   Train Loss: 0.1044 | Test Loss: 0.0006 | Test Acc: 95.10%
2026-02-04 11:32:14 KST | INFO |   No improvement (2/30)
2026-02-04 11:32:14 KST | INFO | 
2026-02-04 11:32:14 KST | INFO | Epoch 29/200 | LR: 0.095241
2026-02-04 11:32:21 KST | INFO |   Train Loss: 0.1039 | Test Loss: 0.0005 | Test Acc: 95.70%
2026-02-04 11:32:21 KST | INFO |   No improvement (3/30)
2026-02-04 11:32:21 KST | INFO | 
2026-02-04 11:32:21 KST | INFO | Epoch 30/200 | LR: 0.094901
2026-02-04 11:32:28 KST | INFO |   Train Loss: 0.1066 | Test Loss: 0.0004 | Test Acc: 95.60%
2026-02-04 11:32:28 KST | INFO |   No improvement (4/30)
2026-02-04 11:32:28 KST | INFO | 
2026-02-04 11:32:28 KST | INFO | Epoch 31/200 | LR: 0.094550
2026-02-04 11:32:35 KST | INFO |   Train Loss: 0.1024 | Test Loss: 0.0005 | Test Acc: 95.80%
2026-02-04 11:32:35 KST | INFO |   No improvement (5/30)
2026-02-04 11:32:35 KST | INFO | 
2026-02-04 11:32:35 KST | INFO | Epoch 32/200 | LR: 0.094188
2026-02-04 11:32:42 KST | INFO |   Train Loss: 0.0978 | Test Loss: 0.0007 | Test Acc: 93.93%
2026-02-04 11:32:42 KST | INFO |   No improvement (6/30)
2026-02-04 11:32:42 KST | INFO | 
2026-02-04 11:32:42 KST | INFO | Epoch 33/200 | LR: 0.093815
2026-02-04 11:32:50 KST | INFO |   Train Loss: 0.1025 | Test Loss: 0.0005 | Test Acc: 95.27%
2026-02-04 11:32:50 KST | INFO |   No improvement (7/30)
2026-02-04 11:32:50 KST | INFO | 
2026-02-04 11:32:50 KST | INFO | Epoch 34/200 | LR: 0.093432
2026-02-04 11:32:57 KST | INFO |   Train Loss: 0.1001 | Test Loss: 0.0007 | Test Acc: 94.27%
2026-02-04 11:32:57 KST | INFO |   No improvement (8/30)
2026-02-04 11:32:57 KST | INFO | 
2026-02-04 11:32:57 KST | INFO | Epoch 35/200 | LR: 0.093037
2026-02-04 11:33:04 KST | INFO |   Train Loss: 0.0943 | Test Loss: 0.0007 | Test Acc: 93.17%
2026-02-04 11:33:04 KST | INFO |   No improvement (9/30)
2026-02-04 11:33:04 KST | INFO | 
2026-02-04 11:33:04 KST | INFO | Epoch 36/200 | LR: 0.092632
2026-02-04 11:33:12 KST | INFO |   Train Loss: 0.0927 | Test Loss: 0.0005 | Test Acc: 95.30%
2026-02-04 11:33:12 KST | INFO |   No improvement (10/30)
2026-02-04 11:33:12 KST | INFO | 
2026-02-04 11:33:12 KST | INFO | Epoch 37/200 | LR: 0.092216
2026-02-04 11:33:19 KST | INFO |   Train Loss: 0.0998 | Test Loss: 0.0005 | Test Acc: 96.03%
2026-02-04 11:33:19 KST | INFO |   No improvement (11/30)
2026-02-04 11:33:19 KST | INFO | 
2026-02-04 11:33:19 KST | INFO | Epoch 38/200 | LR: 0.091790
2026-02-04 11:33:26 KST | INFO |   Train Loss: 0.0901 | Test Loss: 0.0006 | Test Acc: 94.67%
2026-02-04 11:33:26 KST | INFO |   No improvement (12/30)
2026-02-04 11:33:26 KST | INFO | 
2026-02-04 11:33:26 KST | INFO | Epoch 39/200 | LR: 0.091354
2026-02-04 11:33:33 KST | INFO |   Train Loss: 0.0900 | Test Loss: 0.0005 | Test Acc: 95.60%
2026-02-04 11:33:33 KST | INFO |   No improvement (13/30)
2026-02-04 11:33:33 KST | INFO | 
2026-02-04 11:33:33 KST | INFO | Epoch 40/200 | LR: 0.090908
2026-02-04 11:33:40 KST | INFO |   Train Loss: 0.0902 | Test Loss: 0.0005 | Test Acc: 95.73%
2026-02-04 11:33:40 KST | INFO |   No improvement (14/30)
2026-02-04 11:33:40 KST | INFO | 
2026-02-04 11:33:40 KST | INFO | Epoch 41/200 | LR: 0.090451
2026-02-04 11:33:48 KST | INFO |   Train Loss: 0.0857 | Test Loss: 0.0012 | Test Acc: 91.40%
2026-02-04 11:33:48 KST | INFO |   No improvement (15/30)
2026-02-04 11:33:48 KST | INFO | 
2026-02-04 11:33:48 KST | INFO | Epoch 42/200 | LR: 0.089984
2026-02-04 11:33:55 KST | INFO |   Train Loss: 0.0840 | Test Loss: 0.0005 | Test Acc: 95.53%
2026-02-04 11:33:55 KST | INFO |   No improvement (16/30)
2026-02-04 11:33:55 KST | INFO | 
2026-02-04 11:33:55 KST | INFO | Epoch 43/200 | LR: 0.089508
2026-02-04 11:34:02 KST | INFO |   Train Loss: 0.0815 | Test Loss: 0.0007 | Test Acc: 94.33%
2026-02-04 11:34:02 KST | INFO |   No improvement (17/30)
2026-02-04 11:34:02 KST | INFO | 
2026-02-04 11:34:02 KST | INFO | Epoch 44/200 | LR: 0.089022
2026-02-04 11:34:10 KST | INFO |   Train Loss: 0.0841 | Test Loss: 0.0007 | Test Acc: 94.03%
2026-02-04 11:34:10 KST | INFO |   No improvement (18/30)
2026-02-04 11:34:10 KST | INFO | 
2026-02-04 11:34:10 KST | INFO | Epoch 45/200 | LR: 0.088526
2026-02-04 11:34:17 KST | INFO |   Train Loss: 0.0825 | Test Loss: 0.0005 | Test Acc: 94.90%
2026-02-04 11:34:17 KST | INFO |   No improvement (19/30)
2026-02-04 11:34:17 KST | INFO | 
2026-02-04 11:34:17 KST | INFO | Epoch 46/200 | LR: 0.088020
2026-02-04 11:34:24 KST | INFO |   Train Loss: 0.0758 | Test Loss: 0.0006 | Test Acc: 95.03%
2026-02-04 11:34:24 KST | INFO |   No improvement (20/30)
2026-02-04 11:34:24 KST | INFO | 
2026-02-04 11:34:24 KST | INFO | Epoch 47/200 | LR: 0.087506
2026-02-04 11:34:31 KST | INFO |   Train Loss: 0.0804 | Test Loss: 0.0006 | Test Acc: 94.97%
2026-02-04 11:34:31 KST | INFO |   No improvement (21/30)
2026-02-04 11:34:31 KST | INFO | 
2026-02-04 11:34:31 KST | INFO | Epoch 48/200 | LR: 0.086982
2026-02-04 11:34:38 KST | INFO |   Train Loss: 0.0757 | Test Loss: 0.0005 | Test Acc: 95.13%
2026-02-04 11:34:38 KST | INFO |   No improvement (22/30)
2026-02-04 11:34:38 KST | INFO | 
2026-02-04 11:34:38 KST | INFO | Epoch 49/200 | LR: 0.086449
2026-02-04 11:34:45 KST | INFO |   Train Loss: 0.0743 | Test Loss: 0.0005 | Test Acc: 95.93%
2026-02-04 11:34:45 KST | INFO |   No improvement (23/30)
2026-02-04 11:34:45 KST | INFO | 
2026-02-04 11:34:45 KST | INFO | Epoch 50/200 | LR: 0.085906
2026-02-04 11:34:53 KST | INFO |   Train Loss: 0.0724 | Test Loss: 0.0005 | Test Acc: 95.47%
2026-02-04 11:34:53 KST | INFO |   No improvement (24/30)
2026-02-04 11:34:53 KST | INFO | 
2026-02-04 11:34:53 KST | INFO | Epoch 51/200 | LR: 0.085355
2026-02-04 11:35:00 KST | INFO |   Train Loss: 0.0721 | Test Loss: 0.0005 | Test Acc: 95.80%
2026-02-04 11:35:00 KST | INFO |   No improvement (25/30)
2026-02-04 11:35:00 KST | INFO | 
2026-02-04 11:35:00 KST | INFO | Epoch 52/200 | LR: 0.084796
2026-02-04 11:35:07 KST | INFO |   Train Loss: 0.0737 | Test Loss: 0.0008 | Test Acc: 94.17%
2026-02-04 11:35:07 KST | INFO |   No improvement (26/30)
2026-02-04 11:35:07 KST | INFO | 
2026-02-04 11:35:07 KST | INFO | Epoch 53/200 | LR: 0.084228
2026-02-04 11:35:14 KST | INFO |   Train Loss: 0.0719 | Test Loss: 0.0004 | Test Acc: 96.13%
2026-02-04 11:35:14 KST | INFO |   🏆 New best accuracy: 96.13%
2026-02-04 11:35:14 KST | INFO | 
2026-02-04 11:35:14 KST | INFO | Epoch 54/200 | LR: 0.083651
2026-02-04 11:35:21 KST | INFO |   Train Loss: 0.0695 | Test Loss: 0.0006 | Test Acc: 95.33%
2026-02-04 11:35:21 KST | INFO |   No improvement (1/30)
2026-02-04 11:35:21 KST | INFO | 
2026-02-04 11:35:21 KST | INFO | Epoch 55/200 | LR: 0.083066
2026-02-04 11:35:29 KST | INFO |   Train Loss: 0.0689 | Test Loss: 0.0009 | Test Acc: 92.57%
2026-02-04 11:35:29 KST | INFO |   No improvement (2/30)
2026-02-04 11:35:29 KST | INFO | 
2026-02-04 11:35:29 KST | INFO | Epoch 56/200 | LR: 0.082473
2026-02-04 11:35:36 KST | INFO |   Train Loss: 0.0678 | Test Loss: 0.0007 | Test Acc: 94.07%
2026-02-04 11:35:36 KST | INFO |   No improvement (3/30)
2026-02-04 11:35:36 KST | INFO | 
2026-02-04 11:35:36 KST | INFO | Epoch 57/200 | LR: 0.081871
2026-02-04 11:35:43 KST | INFO |   Train Loss: 0.0669 | Test Loss: 0.0007 | Test Acc: 94.43%
2026-02-04 11:35:43 KST | INFO |   No improvement (4/30)
2026-02-04 11:35:43 KST | INFO | 
2026-02-04 11:35:43 KST | INFO | Epoch 58/200 | LR: 0.081262
2026-02-04 11:35:50 KST | INFO |   Train Loss: 0.0634 | Test Loss: 0.0006 | Test Acc: 95.33%
2026-02-04 11:35:50 KST | INFO |   No improvement (5/30)
2026-02-04 11:35:50 KST | INFO | 
2026-02-04 11:35:50 KST | INFO | Epoch 59/200 | LR: 0.080646
2026-02-04 11:35:57 KST | INFO |   Train Loss: 0.0679 | Test Loss: 0.0005 | Test Acc: 95.73%
2026-02-04 11:35:57 KST | INFO |   No improvement (6/30)
2026-02-04 11:35:57 KST | INFO | 
2026-02-04 11:35:57 KST | INFO | Epoch 60/200 | LR: 0.080021
2026-02-04 11:36:04 KST | INFO |   Train Loss: 0.0651 | Test Loss: 0.0006 | Test Acc: 95.37%
2026-02-04 11:36:04 KST | INFO |   No improvement (7/30)
2026-02-04 11:36:04 KST | INFO | 
2026-02-04 11:36:04 KST | INFO | Epoch 61/200 | LR: 0.079389
2026-02-04 11:36:12 KST | INFO |   Train Loss: 0.0632 | Test Loss: 0.0007 | Test Acc: 94.47%
2026-02-04 11:36:12 KST | INFO |   No improvement (8/30)
2026-02-04 11:36:12 KST | INFO | 
2026-02-04 11:36:12 KST | INFO | Epoch 62/200 | LR: 0.078750
2026-02-04 11:36:19 KST | INFO |   Train Loss: 0.0689 | Test Loss: 0.0006 | Test Acc: 94.50%
2026-02-04 11:36:19 KST | INFO |   No improvement (9/30)
2026-02-04 11:36:19 KST | INFO | 
2026-02-04 11:36:19 KST | INFO | Epoch 63/200 | LR: 0.078104
2026-02-04 11:36:26 KST | INFO |   Train Loss: 0.0645 | Test Loss: 0.0006 | Test Acc: 94.83%
2026-02-04 11:36:26 KST | INFO |   No improvement (10/30)
2026-02-04 11:36:26 KST | INFO | 
2026-02-04 11:36:26 KST | INFO | Epoch 64/200 | LR: 0.077451
2026-02-04 11:36:33 KST | INFO |   Train Loss: 0.0634 | Test Loss: 0.0005 | Test Acc: 95.50%
2026-02-04 11:36:33 KST | INFO |   No improvement (11/30)
2026-02-04 11:36:33 KST | INFO | 
2026-02-04 11:36:33 KST | INFO | Epoch 65/200 | LR: 0.076792
2026-02-04 11:36:41 KST | INFO |   Train Loss: 0.0620 | Test Loss: 0.0004 | Test Acc: 95.57%
2026-02-04 11:36:41 KST | INFO |   No improvement (12/30)
2026-02-04 11:36:41 KST | INFO | 
2026-02-04 11:36:41 KST | INFO | Epoch 66/200 | LR: 0.076125
2026-02-04 11:36:48 KST | INFO |   Train Loss: 0.0610 | Test Loss: 0.0006 | Test Acc: 95.13%
2026-02-04 11:36:48 KST | INFO |   No improvement (13/30)
2026-02-04 11:36:48 KST | INFO | 
2026-02-04 11:36:48 KST | INFO | Epoch 67/200 | LR: 0.075452
2026-02-04 11:36:55 KST | INFO |   Train Loss: 0.0588 | Test Loss: 0.0005 | Test Acc: 95.97%
2026-02-04 11:36:55 KST | INFO |   No improvement (14/30)
2026-02-04 11:36:55 KST | INFO | 
2026-02-04 11:36:55 KST | INFO | Epoch 68/200 | LR: 0.074773
2026-02-04 11:37:03 KST | INFO |   Train Loss: 0.0521 | Test Loss: 0.0007 | Test Acc: 94.50%
2026-02-04 11:37:03 KST | INFO |   No improvement (15/30)
2026-02-04 11:37:03 KST | INFO | 
2026-02-04 11:37:03 KST | INFO | Epoch 69/200 | LR: 0.074088
2026-02-04 11:37:10 KST | INFO |   Train Loss: 0.0571 | Test Loss: 0.0004 | Test Acc: 96.20%
2026-02-04 11:37:10 KST | INFO |   🏆 New best accuracy: 96.20%
2026-02-04 11:37:10 KST | INFO | 
2026-02-04 11:37:10 KST | INFO | Epoch 70/200 | LR: 0.073397
2026-02-04 11:37:17 KST | INFO |   Train Loss: 0.0553 | Test Loss: 0.0005 | Test Acc: 95.93%
2026-02-04 11:37:17 KST | INFO |   No improvement (1/30)
2026-02-04 11:37:17 KST | INFO | 
2026-02-04 11:37:17 KST | INFO | Epoch 71/200 | LR: 0.072700
2026-02-04 11:37:24 KST | INFO |   Train Loss: 0.0523 | Test Loss: 0.0005 | Test Acc: 96.00%
2026-02-04 11:37:24 KST | INFO |   No improvement (2/30)
2026-02-04 11:37:24 KST | INFO | 
2026-02-04 11:37:24 KST | INFO | Epoch 72/200 | LR: 0.071997
2026-02-04 11:37:31 KST | INFO |   Train Loss: 0.0526 | Test Loss: 0.0010 | Test Acc: 92.43%
2026-02-04 11:37:31 KST | INFO |   No improvement (3/30)
2026-02-04 11:37:31 KST | INFO | 
2026-02-04 11:37:31 KST | INFO | Epoch 73/200 | LR: 0.071289
2026-02-04 11:37:39 KST | INFO |   Train Loss: 0.0563 | Test Loss: 0.0005 | Test Acc: 95.90%
2026-02-04 11:37:39 KST | INFO |   No improvement (4/30)
2026-02-04 11:37:39 KST | INFO | 
2026-02-04 11:37:39 KST | INFO | Epoch 74/200 | LR: 0.070576
2026-02-04 11:37:46 KST | INFO |   Train Loss: 0.0507 | Test Loss: 0.0004 | Test Acc: 96.23%
2026-02-04 11:37:46 KST | INFO |   🏆 New best accuracy: 96.23%
2026-02-04 11:37:46 KST | INFO | 
2026-02-04 11:37:46 KST | INFO | Epoch 75/200 | LR: 0.069858
2026-02-04 11:37:53 KST | INFO |   Train Loss: 0.0555 | Test Loss: 0.0010 | Test Acc: 92.27%
2026-02-04 11:37:53 KST | INFO |   No improvement (1/30)
2026-02-04 11:37:53 KST | INFO | 
2026-02-04 11:37:53 KST | INFO | Epoch 76/200 | LR: 0.069134
2026-02-04 11:38:00 KST | INFO |   Train Loss: 0.0534 | Test Loss: 0.0005 | Test Acc: 95.83%
2026-02-04 11:38:00 KST | INFO |   No improvement (2/30)
2026-02-04 11:38:00 KST | INFO | 
2026-02-04 11:38:00 KST | INFO | Epoch 77/200 | LR: 0.068407
2026-02-04 11:38:08 KST | INFO |   Train Loss: 0.0517 | Test Loss: 0.0006 | Test Acc: 95.37%
2026-02-04 11:38:08 KST | INFO |   No improvement (3/30)
2026-02-04 11:38:08 KST | INFO | 
2026-02-04 11:38:08 KST | INFO | Epoch 78/200 | LR: 0.067674
2026-02-04 11:38:15 KST | INFO |   Train Loss: 0.0472 | Test Loss: 0.0006 | Test Acc: 95.87%
2026-02-04 11:38:15 KST | INFO |   No improvement (4/30)
2026-02-04 11:38:15 KST | INFO | 
2026-02-04 11:38:15 KST | INFO | Epoch 79/200 | LR: 0.066937
2026-02-04 11:38:22 KST | INFO |   Train Loss: 0.0462 | Test Loss: 0.0008 | Test Acc: 94.23%
2026-02-04 11:38:22 KST | INFO |   No improvement (5/30)
2026-02-04 11:38:22 KST | INFO | 
2026-02-04 11:38:22 KST | INFO | Epoch 80/200 | LR: 0.066196
2026-02-04 11:38:29 KST | INFO |   Train Loss: 0.0459 | Test Loss: 0.0006 | Test Acc: 95.57%
2026-02-04 11:38:29 KST | INFO |   No improvement (6/30)
2026-02-04 11:38:29 KST | INFO | 
2026-02-04 11:38:29 KST | INFO | Epoch 81/200 | LR: 0.065451
2026-02-04 11:38:37 KST | INFO |   Train Loss: 0.0428 | Test Loss: 0.0005 | Test Acc: 96.40%
2026-02-04 11:38:37 KST | INFO |   🏆 New best accuracy: 96.40%
2026-02-04 11:38:37 KST | INFO | 
2026-02-04 11:38:37 KST | INFO | Epoch 82/200 | LR: 0.064702
2026-02-04 11:38:44 KST | INFO |   Train Loss: 0.0411 | Test Loss: 0.0005 | Test Acc: 95.90%
2026-02-04 11:38:44 KST | INFO |   No improvement (1/30)
2026-02-04 11:38:44 KST | INFO | 
2026-02-04 11:38:44 KST | INFO | Epoch 83/200 | LR: 0.063950
2026-02-04 11:38:51 KST | INFO |   Train Loss: 0.0449 | Test Loss: 0.0005 | Test Acc: 95.93%
2026-02-04 11:38:51 KST | INFO |   No improvement (2/30)
2026-02-04 11:38:51 KST | INFO | 
2026-02-04 11:38:51 KST | INFO | Epoch 84/200 | LR: 0.063194
2026-02-04 11:38:58 KST | INFO |   Train Loss: 0.0421 | Test Loss: 0.0006 | Test Acc: 95.17%
2026-02-04 11:38:58 KST | INFO |   No improvement (3/30)
2026-02-04 11:38:58 KST | INFO | 
2026-02-04 11:38:58 KST | INFO | Epoch 85/200 | LR: 0.062435
2026-02-04 11:39:05 KST | INFO |   Train Loss: 0.0419 | Test Loss: 0.0006 | Test Acc: 95.23%
2026-02-04 11:39:05 KST | INFO |   No improvement (4/30)
2026-02-04 11:39:05 KST | INFO | 
2026-02-04 11:39:05 KST | INFO | Epoch 86/200 | LR: 0.061673
2026-02-04 11:39:13 KST | INFO |   Train Loss: 0.0414 | Test Loss: 0.0007 | Test Acc: 95.07%
2026-02-04 11:39:13 KST | INFO |   No improvement (5/30)
2026-02-04 11:39:13 KST | INFO | 
2026-02-04 11:39:13 KST | INFO | Epoch 87/200 | LR: 0.060908
2026-02-04 11:39:20 KST | INFO |   Train Loss: 0.0422 | Test Loss: 0.0006 | Test Acc: 95.47%
2026-02-04 11:39:20 KST | INFO |   No improvement (6/30)
2026-02-04 11:39:20 KST | INFO | 
2026-02-04 11:39:20 KST | INFO | Epoch 88/200 | LR: 0.060140
2026-02-04 11:39:27 KST | INFO |   Train Loss: 0.0392 | Test Loss: 0.0005 | Test Acc: 96.07%
2026-02-04 11:39:27 KST | INFO |   No improvement (7/30)
2026-02-04 11:39:27 KST | INFO | 
2026-02-04 11:39:27 KST | INFO | Epoch 89/200 | LR: 0.059369
2026-02-04 11:39:34 KST | INFO |   Train Loss: 0.0421 | Test Loss: 0.0006 | Test Acc: 95.13%
2026-02-04 11:39:34 KST | INFO |   No improvement (8/30)
2026-02-04 11:39:34 KST | INFO | 
2026-02-04 11:39:34 KST | INFO | Epoch 90/200 | LR: 0.058597
2026-02-04 11:39:41 KST | INFO |   Train Loss: 0.0434 | Test Loss: 0.0006 | Test Acc: 95.63%
2026-02-04 11:39:41 KST | INFO |   No improvement (9/30)
2026-02-04 11:39:41 KST | INFO | 
2026-02-04 11:39:41 KST | INFO | Epoch 91/200 | LR: 0.057822
2026-02-04 11:39:49 KST | INFO |   Train Loss: 0.0375 | Test Loss: 0.0005 | Test Acc: 96.67%
2026-02-04 11:39:49 KST | INFO |   🏆 New best accuracy: 96.67%
2026-02-04 11:39:49 KST | INFO | 
2026-02-04 11:39:49 KST | INFO | Epoch 92/200 | LR: 0.057045
2026-02-04 11:39:56 KST | INFO |   Train Loss: 0.0372 | Test Loss: 0.0006 | Test Acc: 95.30%
2026-02-04 11:39:56 KST | INFO |   No improvement (1/30)
2026-02-04 11:39:56 KST | INFO | 
2026-02-04 11:39:56 KST | INFO | Epoch 93/200 | LR: 0.056267
2026-02-04 11:40:03 KST | INFO |   Train Loss: 0.0337 | Test Loss: 0.0005 | Test Acc: 96.70%
2026-02-04 11:40:03 KST | INFO |   🏆 New best accuracy: 96.70%
2026-02-04 11:40:03 KST | INFO | 
2026-02-04 11:40:03 KST | INFO | Epoch 94/200 | LR: 0.055487
2026-02-04 11:40:10 KST | INFO |   Train Loss: 0.0368 | Test Loss: 0.0005 | Test Acc: 96.43%
2026-02-04 11:40:10 KST | INFO |   No improvement (1/30)
2026-02-04 11:40:10 KST | INFO | 
2026-02-04 11:40:10 KST | INFO | Epoch 95/200 | LR: 0.054706
2026-02-04 11:40:18 KST | INFO |   Train Loss: 0.0325 | Test Loss: 0.0006 | Test Acc: 95.73%
2026-02-04 11:40:18 KST | INFO |   No improvement (2/30)
2026-02-04 11:40:18 KST | INFO | 
2026-02-04 11:40:18 KST | INFO | Epoch 96/200 | LR: 0.053923
2026-02-04 11:40:25 KST | INFO |   Train Loss: 0.0322 | Test Loss: 0.0005 | Test Acc: 96.20%
2026-02-04 11:40:25 KST | INFO |   No improvement (3/30)
2026-02-04 11:40:25 KST | INFO | 
2026-02-04 11:40:25 KST | INFO | Epoch 97/200 | LR: 0.053140
2026-02-04 11:40:32 KST | INFO |   Train Loss: 0.0321 | Test Loss: 0.0006 | Test Acc: 95.77%
2026-02-04 11:40:32 KST | INFO |   No improvement (4/30)
2026-02-04 11:40:32 KST | INFO | 
2026-02-04 11:40:32 KST | INFO | Epoch 98/200 | LR: 0.052356
2026-02-04 11:40:39 KST | INFO |   Train Loss: 0.0301 | Test Loss: 0.0004 | Test Acc: 96.93%
2026-02-04 11:40:39 KST | INFO |   🏆 New best accuracy: 96.93%
2026-02-04 11:40:39 KST | INFO | 
2026-02-04 11:40:39 KST | INFO | Epoch 99/200 | LR: 0.051571
2026-02-04 11:40:47 KST | INFO |   Train Loss: 0.0326 | Test Loss: 0.0006 | Test Acc: 95.83%
2026-02-04 11:40:47 KST | INFO |   No improvement (1/30)
2026-02-04 11:40:47 KST | INFO | 
2026-02-04 11:40:47 KST | INFO | Epoch 100/200 | LR: 0.050786
2026-02-04 11:40:54 KST | INFO |   Train Loss: 0.0283 | Test Loss: 0.0006 | Test Acc: 95.27%
2026-02-04 11:40:54 KST | INFO |   No improvement (2/30)
2026-02-04 11:40:54 KST | INFO | 
2026-02-04 11:40:54 KST | INFO | Epoch 101/200 | LR: 0.050001
2026-02-04 11:41:01 KST | INFO |   Train Loss: 0.0266 | Test Loss: 0.0005 | Test Acc: 96.60%
2026-02-04 11:41:01 KST | INFO |   No improvement (3/30)
2026-02-04 11:41:01 KST | INFO | 
2026-02-04 11:41:01 KST | INFO | Epoch 102/200 | LR: 0.049215
2026-02-04 11:41:08 KST | INFO |   Train Loss: 0.0261 | Test Loss: 0.0005 | Test Acc: 95.90%
2026-02-04 11:41:08 KST | INFO |   No improvement (4/30)
2026-02-04 11:41:08 KST | INFO | 
2026-02-04 11:41:08 KST | INFO | Epoch 103/200 | LR: 0.048430
2026-02-04 11:41:15 KST | INFO |   Train Loss: 0.0284 | Test Loss: 0.0006 | Test Acc: 96.10%
2026-02-04 11:41:15 KST | INFO |   No improvement (5/30)
2026-02-04 11:41:15 KST | INFO | 
2026-02-04 11:41:15 KST | INFO | Epoch 104/200 | LR: 0.047645
2026-02-04 11:41:23 KST | INFO |   Train Loss: 0.0301 | Test Loss: 0.0005 | Test Acc: 95.70%
2026-02-04 11:41:23 KST | INFO |   No improvement (6/30)
2026-02-04 11:41:23 KST | INFO | 
2026-02-04 11:41:23 KST | INFO | Epoch 105/200 | LR: 0.046861
2026-02-04 11:41:30 KST | INFO |   Train Loss: 0.0245 | Test Loss: 0.0005 | Test Acc: 96.20%
2026-02-04 11:41:30 KST | INFO |   No improvement (7/30)
2026-02-04 11:41:30 KST | INFO | 
2026-02-04 11:41:30 KST | INFO | Epoch 106/200 | LR: 0.046078
2026-02-04 11:41:37 KST | INFO |   Train Loss: 0.0257 | Test Loss: 0.0005 | Test Acc: 96.40%
2026-02-04 11:41:37 KST | INFO |   No improvement (8/30)
2026-02-04 11:41:37 KST | INFO | 
2026-02-04 11:41:37 KST | INFO | Epoch 107/200 | LR: 0.045295
2026-02-04 11:41:44 KST | INFO |   Train Loss: 0.0266 | Test Loss: 0.0005 | Test Acc: 96.30%
2026-02-04 11:41:44 KST | INFO |   No improvement (9/30)
2026-02-04 11:41:44 KST | INFO | 
2026-02-04 11:41:44 KST | INFO | Epoch 108/200 | LR: 0.044514
2026-02-04 11:41:51 KST | INFO |   Train Loss: 0.0227 | Test Loss: 0.0005 | Test Acc: 96.57%
2026-02-04 11:41:51 KST | INFO |   No improvement (10/30)
2026-02-04 11:41:51 KST | INFO | 
2026-02-04 11:41:51 KST | INFO | Epoch 109/200 | LR: 0.043734
2026-02-04 11:41:58 KST | INFO |   Train Loss: 0.0275 | Test Loss: 0.0005 | Test Acc: 96.33%
2026-02-04 11:41:58 KST | INFO |   No improvement (11/30)
2026-02-04 11:41:58 KST | INFO | 
2026-02-04 11:41:58 KST | INFO | Epoch 110/200 | LR: 0.042956
2026-02-04 11:42:06 KST | INFO |   Train Loss: 0.0217 | Test Loss: 0.0006 | Test Acc: 95.83%
2026-02-04 11:42:06 KST | INFO |   No improvement (12/30)
2026-02-04 11:42:06 KST | INFO | 
2026-02-04 11:42:06 KST | INFO | Epoch 111/200 | LR: 0.042179
2026-02-04 11:42:13 KST | INFO |   Train Loss: 0.0227 | Test Loss: 0.0006 | Test Acc: 95.77%
2026-02-04 11:42:13 KST | INFO |   No improvement (13/30)
2026-02-04 11:42:13 KST | INFO | 
2026-02-04 11:42:13 KST | INFO | Epoch 112/200 | LR: 0.041404
2026-02-04 11:42:20 KST | INFO |   Train Loss: 0.0233 | Test Loss: 0.0005 | Test Acc: 96.13%
2026-02-04 11:42:20 KST | INFO |   No improvement (14/30)
2026-02-04 11:42:20 KST | INFO | 
2026-02-04 11:42:20 KST | INFO | Epoch 113/200 | LR: 0.040632
2026-02-04 11:42:27 KST | INFO |   Train Loss: 0.0197 | Test Loss: 0.0005 | Test Acc: 95.80%
2026-02-04 11:42:27 KST | INFO |   No improvement (15/30)
2026-02-04 11:42:27 KST | INFO | 
2026-02-04 11:42:27 KST | INFO | Epoch 114/200 | LR: 0.039861
2026-02-04 11:42:34 KST | INFO |   Train Loss: 0.0208 | Test Loss: 0.0005 | Test Acc: 96.63%
2026-02-04 11:42:34 KST | INFO |   No improvement (16/30)
2026-02-04 11:42:34 KST | INFO | 
2026-02-04 11:42:34 KST | INFO | Epoch 115/200 | LR: 0.039093
2026-02-04 11:42:41 KST | INFO |   Train Loss: 0.0229 | Test Loss: 0.0006 | Test Acc: 95.47%
2026-02-04 11:42:41 KST | INFO |   No improvement (17/30)
2026-02-04 11:42:41 KST | INFO | 
2026-02-04 11:42:41 KST | INFO | Epoch 116/200 | LR: 0.038328
2026-02-04 11:42:49 KST | INFO |   Train Loss: 0.0198 | Test Loss: 0.0005 | Test Acc: 96.60%
2026-02-04 11:42:49 KST | INFO |   No improvement (18/30)
2026-02-04 11:42:49 KST | INFO | 
2026-02-04 11:42:49 KST | INFO | Epoch 117/200 | LR: 0.037566
2026-02-04 11:42:56 KST | INFO |   Train Loss: 0.0183 | Test Loss: 0.0006 | Test Acc: 95.93%
2026-02-04 11:42:56 KST | INFO |   No improvement (19/30)
2026-02-04 11:42:56 KST | INFO | 
2026-02-04 11:42:56 KST | INFO | Epoch 118/200 | LR: 0.036807
2026-02-04 11:43:03 KST | INFO |   Train Loss: 0.0192 | Test Loss: 0.0005 | Test Acc: 96.50%
2026-02-04 11:43:03 KST | INFO |   No improvement (20/30)
2026-02-04 11:43:03 KST | INFO | 
2026-02-04 11:43:03 KST | INFO | Epoch 119/200 | LR: 0.036051
2026-02-04 11:43:10 KST | INFO |   Train Loss: 0.0172 | Test Loss: 0.0004 | Test Acc: 96.60%
2026-02-04 11:43:10 KST | INFO |   No improvement (21/30)
2026-02-04 11:43:10 KST | INFO | 
2026-02-04 11:43:10 KST | INFO | Epoch 120/200 | LR: 0.035299
2026-02-04 11:43:18 KST | INFO |   Train Loss: 0.0137 | Test Loss: 0.0006 | Test Acc: 96.13%
2026-02-04 11:43:18 KST | INFO |   No improvement (22/30)
2026-02-04 11:43:18 KST | INFO | 
2026-02-04 11:43:18 KST | INFO | Epoch 121/200 | LR: 0.034550
2026-02-04 11:43:25 KST | INFO |   Train Loss: 0.0192 | Test Loss: 0.0005 | Test Acc: 96.23%
2026-02-04 11:43:25 KST | INFO |   No improvement (23/30)
2026-02-04 11:43:25 KST | INFO | 
2026-02-04 11:43:25 KST | INFO | Epoch 122/200 | LR: 0.033805
2026-02-04 11:43:32 KST | INFO |   Train Loss: 0.0162 | Test Loss: 0.0005 | Test Acc: 96.23%
2026-02-04 11:43:32 KST | INFO |   No improvement (24/30)
2026-02-04 11:43:32 KST | INFO | 
2026-02-04 11:43:32 KST | INFO | Epoch 123/200 | LR: 0.033064
2026-02-04 11:43:39 KST | INFO |   Train Loss: 0.0153 | Test Loss: 0.0005 | Test Acc: 96.47%
2026-02-04 11:43:39 KST | INFO |   No improvement (25/30)
2026-02-04 11:43:39 KST | INFO | 
2026-02-04 11:43:39 KST | INFO | Epoch 124/200 | LR: 0.032327
2026-02-04 11:43:47 KST | INFO |   Train Loss: 0.0110 | Test Loss: 0.0005 | Test Acc: 96.97%
2026-02-04 11:43:47 KST | INFO |   🏆 New best accuracy: 96.97%
2026-02-04 11:43:47 KST | INFO | 
2026-02-04 11:43:47 KST | INFO | Epoch 125/200 | LR: 0.031594
2026-02-04 11:43:54 KST | INFO |   Train Loss: 0.0148 | Test Loss: 0.0004 | Test Acc: 96.77%
2026-02-04 11:43:54 KST | INFO |   No improvement (1/30)
2026-02-04 11:43:54 KST | INFO | 
2026-02-04 11:43:54 KST | INFO | Epoch 126/200 | LR: 0.030867
2026-02-04 11:44:01 KST | INFO |   Train Loss: 0.0129 | Test Loss: 0.0005 | Test Acc: 96.23%
2026-02-04 11:44:01 KST | INFO |   No improvement (2/30)
2026-02-04 11:44:01 KST | INFO | 
2026-02-04 11:44:01 KST | INFO | Epoch 127/200 | LR: 0.030143
2026-02-04 11:44:08 KST | INFO |   Train Loss: 0.0138 | Test Loss: 0.0005 | Test Acc: 96.30%
2026-02-04 11:44:08 KST | INFO |   No improvement (3/30)
2026-02-04 11:44:08 KST | INFO | 
2026-02-04 11:44:08 KST | INFO | Epoch 128/200 | LR: 0.029425
2026-02-04 11:44:15 KST | INFO |   Train Loss: 0.0147 | Test Loss: 0.0005 | Test Acc: 96.83%
2026-02-04 11:44:15 KST | INFO |   No improvement (4/30)
2026-02-04 11:44:15 KST | INFO | 
2026-02-04 11:44:15 KST | INFO | Epoch 129/200 | LR: 0.028712
2026-02-04 11:44:23 KST | INFO |   Train Loss: 0.0126 | Test Loss: 0.0005 | Test Acc: 96.17%
2026-02-04 11:44:23 KST | INFO |   No improvement (5/30)
2026-02-04 11:44:23 KST | INFO | 
2026-02-04 11:44:23 KST | INFO | Epoch 130/200 | LR: 0.028004
2026-02-04 11:44:30 KST | INFO |   Train Loss: 0.0113 | Test Loss: 0.0005 | Test Acc: 96.77%
2026-02-04 11:44:30 KST | INFO |   No improvement (6/30)
2026-02-04 11:44:30 KST | INFO | 
2026-02-04 11:44:30 KST | INFO | Epoch 131/200 | LR: 0.027301
2026-02-04 11:44:37 KST | INFO |   Train Loss: 0.0111 | Test Loss: 0.0005 | Test Acc: 96.40%
2026-02-04 11:44:37 KST | INFO |   No improvement (7/30)
2026-02-04 11:44:37 KST | INFO | 
2026-02-04 11:44:37 KST | INFO | Epoch 132/200 | LR: 0.026604
2026-02-04 11:44:44 KST | INFO |   Train Loss: 0.0109 | Test Loss: 0.0007 | Test Acc: 95.13%
2026-02-04 11:44:44 KST | INFO |   No improvement (8/30)
2026-02-04 11:44:44 KST | INFO | 
2026-02-04 11:44:44 KST | INFO | Epoch 133/200 | LR: 0.025913
2026-02-04 11:44:51 KST | INFO |   Train Loss: 0.0124 | Test Loss: 0.0005 | Test Acc: 96.73%
2026-02-04 11:44:51 KST | INFO |   No improvement (9/30)
2026-02-04 11:44:51 KST | INFO | 
2026-02-04 11:44:51 KST | INFO | Epoch 134/200 | LR: 0.025228
2026-02-04 11:44:59 KST | INFO |   Train Loss: 0.0098 | Test Loss: 0.0004 | Test Acc: 96.90%
2026-02-04 11:44:59 KST | INFO |   No improvement (10/30)
2026-02-04 11:44:59 KST | INFO | 
2026-02-04 11:44:59 KST | INFO | Epoch 135/200 | LR: 0.024549
2026-02-04 11:45:06 KST | INFO |   Train Loss: 0.0088 | Test Loss: 0.0005 | Test Acc: 96.80%
2026-02-04 11:45:06 KST | INFO |   No improvement (11/30)
2026-02-04 11:45:06 KST | INFO | 
2026-02-04 11:45:06 KST | INFO | Epoch 136/200 | LR: 0.023876
2026-02-04 11:45:13 KST | INFO |   Train Loss: 0.0096 | Test Loss: 0.0005 | Test Acc: 96.73%
2026-02-04 11:45:13 KST | INFO |   No improvement (12/30)
2026-02-04 11:45:13 KST | INFO | 
2026-02-04 11:45:13 KST | INFO | Epoch 137/200 | LR: 0.023209
2026-02-04 11:45:20 KST | INFO |   Train Loss: 0.0096 | Test Loss: 0.0006 | Test Acc: 96.23%
2026-02-04 11:45:20 KST | INFO |   No improvement (13/30)
2026-02-04 11:45:20 KST | INFO | 
2026-02-04 11:45:20 KST | INFO | Epoch 138/200 | LR: 0.022550
2026-02-04 11:45:28 KST | INFO |   Train Loss: 0.0077 | Test Loss: 0.0004 | Test Acc: 97.17%
2026-02-04 11:45:28 KST | INFO |   🏆 New best accuracy: 97.17%
2026-02-04 11:45:28 KST | INFO | 
2026-02-04 11:45:28 KST | INFO | Epoch 139/200 | LR: 0.021897
2026-02-04 11:45:35 KST | INFO |   Train Loss: 0.0087 | Test Loss: 0.0005 | Test Acc: 97.07%
2026-02-04 11:45:35 KST | INFO |   No improvement (1/30)
2026-02-04 11:45:35 KST | INFO | 
2026-02-04 11:45:35 KST | INFO | Epoch 140/200 | LR: 0.021251
2026-02-04 11:45:42 KST | INFO |   Train Loss: 0.0075 | Test Loss: 0.0006 | Test Acc: 96.43%
2026-02-04 11:45:42 KST | INFO |   No improvement (2/30)
2026-02-04 11:45:42 KST | INFO | 
2026-02-04 11:45:42 KST | INFO | Epoch 141/200 | LR: 0.020612
2026-02-04 11:45:49 KST | INFO |   Train Loss: 0.0065 | Test Loss: 0.0005 | Test Acc: 96.77%
2026-02-04 11:45:49 KST | INFO |   No improvement (3/30)
2026-02-04 11:45:49 KST | INFO | 
2026-02-04 11:45:49 KST | INFO | Epoch 142/200 | LR: 0.019980
2026-02-04 11:45:57 KST | INFO |   Train Loss: 0.0072 | Test Loss: 0.0005 | Test Acc: 97.10%
2026-02-04 11:45:57 KST | INFO |   No improvement (4/30)
2026-02-04 11:45:57 KST | INFO | 
2026-02-04 11:45:57 KST | INFO | Epoch 143/200 | LR: 0.019355
2026-02-04 11:46:04 KST | INFO |   Train Loss: 0.0055 | Test Loss: 0.0005 | Test Acc: 96.87%
2026-02-04 11:46:04 KST | INFO |   No improvement (5/30)
2026-02-04 11:46:04 KST | INFO | 
2026-02-04 11:46:04 KST | INFO | Epoch 144/200 | LR: 0.018739
2026-02-04 11:46:11 KST | INFO |   Train Loss: 0.0051 | Test Loss: 0.0005 | Test Acc: 97.10%
2026-02-04 11:46:11 KST | INFO |   No improvement (6/30)
2026-02-04 11:46:11 KST | INFO | 
2026-02-04 11:46:11 KST | INFO | Epoch 145/200 | LR: 0.018130
2026-02-04 11:46:18 KST | INFO |   Train Loss: 0.0045 | Test Loss: 0.0005 | Test Acc: 96.83%
2026-02-04 11:46:18 KST | INFO |   No improvement (7/30)
2026-02-04 11:46:18 KST | INFO | 
2026-02-04 11:46:18 KST | INFO | Epoch 146/200 | LR: 0.017528
2026-02-04 11:46:25 KST | INFO |   Train Loss: 0.0059 | Test Loss: 0.0005 | Test Acc: 96.40%
2026-02-04 11:46:25 KST | INFO |   No improvement (8/30)
2026-02-04 11:46:25 KST | INFO | 
2026-02-04 11:46:25 KST | INFO | Epoch 147/200 | LR: 0.016935
2026-02-04 11:46:33 KST | INFO |   Train Loss: 0.0052 | Test Loss: 0.0005 | Test Acc: 96.83%
2026-02-04 11:46:33 KST | INFO |   No improvement (9/30)
2026-02-04 11:46:33 KST | INFO | 
2026-02-04 11:46:33 KST | INFO | Epoch 148/200 | LR: 0.016350
2026-02-04 11:46:40 KST | INFO |   Train Loss: 0.0062 | Test Loss: 0.0005 | Test Acc: 96.40%
2026-02-04 11:46:40 KST | INFO |   No improvement (10/30)
2026-02-04 11:46:40 KST | INFO | 
2026-02-04 11:46:40 KST | INFO | Epoch 149/200 | LR: 0.015773
2026-02-04 11:46:47 KST | INFO |   Train Loss: 0.0049 | Test Loss: 0.0005 | Test Acc: 96.57%
2026-02-04 11:46:47 KST | INFO |   No improvement (11/30)
2026-02-04 11:46:47 KST | INFO | 
2026-02-04 11:46:47 KST | INFO | Epoch 150/200 | LR: 0.015205
2026-02-04 11:46:54 KST | INFO |   Train Loss: 0.0034 | Test Loss: 0.0005 | Test Acc: 97.33%
2026-02-04 11:46:54 KST | INFO |   🏆 New best accuracy: 97.33%
2026-02-04 11:46:54 KST | INFO | 
2026-02-04 11:46:54 KST | INFO | Epoch 151/200 | LR: 0.014646
2026-02-04 11:47:02 KST | INFO |   Train Loss: 0.0050 | Test Loss: 0.0005 | Test Acc: 96.80%
2026-02-04 11:47:02 KST | INFO |   No improvement (1/30)
2026-02-04 11:47:02 KST | INFO | 
2026-02-04 11:47:02 KST | INFO | Epoch 152/200 | LR: 0.014095
2026-02-04 11:47:09 KST | INFO |   Train Loss: 0.0050 | Test Loss: 0.0005 | Test Acc: 96.73%
2026-02-04 11:47:09 KST | INFO |   No improvement (2/30)
2026-02-04 11:47:09 KST | INFO | 
2026-02-04 11:47:09 KST | INFO | Epoch 153/200 | LR: 0.013552
2026-02-04 11:47:16 KST | INFO |   Train Loss: 0.0055 | Test Loss: 0.0005 | Test Acc: 96.93%
2026-02-04 11:47:16 KST | INFO |   No improvement (3/30)
2026-02-04 11:47:16 KST | INFO | 
2026-02-04 11:47:16 KST | INFO | Epoch 154/200 | LR: 0.013019
2026-02-04 11:47:23 KST | INFO |   Train Loss: 0.0046 | Test Loss: 0.0005 | Test Acc: 97.20%
2026-02-04 11:47:23 KST | INFO |   No improvement (4/30)
2026-02-04 11:47:23 KST | INFO | 
2026-02-04 11:47:23 KST | INFO | Epoch 155/200 | LR: 0.012495
2026-02-04 11:47:31 KST | INFO |   Train Loss: 0.0046 | Test Loss: 0.0004 | Test Acc: 97.03%
2026-02-04 11:47:31 KST | INFO |   No improvement (5/30)
2026-02-04 11:47:31 KST | INFO | 
2026-02-04 11:47:31 KST | INFO | Epoch 156/200 | LR: 0.011981
2026-02-04 11:47:38 KST | INFO |   Train Loss: 0.0036 | Test Loss: 0.0005 | Test Acc: 96.80%
2026-02-04 11:47:38 KST | INFO |   No improvement (6/30)
2026-02-04 11:47:38 KST | INFO | 
2026-02-04 11:47:38 KST | INFO | Epoch 157/200 | LR: 0.011475
2026-02-04 11:47:45 KST | INFO |   Train Loss: 0.0046 | Test Loss: 0.0005 | Test Acc: 97.03%
2026-02-04 11:47:45 KST | INFO |   No improvement (7/30)
2026-02-04 11:47:45 KST | INFO | 
2026-02-04 11:47:45 KST | INFO | Epoch 158/200 | LR: 0.010979
2026-02-04 11:47:53 KST | INFO |   Train Loss: 0.0040 | Test Loss: 0.0005 | Test Acc: 96.77%
2026-02-04 11:47:53 KST | INFO |   No improvement (8/30)
2026-02-04 11:47:53 KST | INFO | 
2026-02-04 11:47:53 KST | INFO | Epoch 159/200 | LR: 0.010493
2026-02-04 11:48:00 KST | INFO |   Train Loss: 0.0036 | Test Loss: 0.0005 | Test Acc: 97.03%
2026-02-04 11:48:00 KST | INFO |   No improvement (9/30)
2026-02-04 11:48:00 KST | INFO | 
2026-02-04 11:48:00 KST | INFO | Epoch 160/200 | LR: 0.010017
2026-02-04 11:48:07 KST | INFO |   Train Loss: 0.0031 | Test Loss: 0.0005 | Test Acc: 97.17%
2026-02-04 11:48:07 KST | INFO |   No improvement (10/30)
2026-02-04 11:48:07 KST | INFO | 
2026-02-04 11:48:07 KST | INFO | Epoch 161/200 | LR: 0.009550
2026-02-04 11:48:15 KST | INFO |   Train Loss: 0.0031 | Test Loss: 0.0005 | Test Acc: 96.93%
2026-02-04 11:48:15 KST | INFO |   No improvement (11/30)
2026-02-04 11:48:15 KST | INFO | 
2026-02-04 11:48:15 KST | INFO | Epoch 162/200 | LR: 0.009093
2026-02-04 11:48:22 KST | INFO |   Train Loss: 0.0030 | Test Loss: 0.0005 | Test Acc: 97.20%
2026-02-04 11:48:22 KST | INFO |   No improvement (12/30)
2026-02-04 11:48:22 KST | INFO | 
2026-02-04 11:48:22 KST | INFO | Epoch 163/200 | LR: 0.008647
2026-02-04 11:48:29 KST | INFO |   Train Loss: 0.0034 | Test Loss: 0.0004 | Test Acc: 96.90%
2026-02-04 11:48:29 KST | INFO |   No improvement (13/30)
2026-02-04 11:48:29 KST | INFO | 
2026-02-04 11:48:29 KST | INFO | Epoch 164/200 | LR: 0.008211
2026-02-04 11:48:36 KST | INFO |   Train Loss: 0.0033 | Test Loss: 0.0004 | Test Acc: 97.17%
2026-02-04 11:48:36 KST | INFO |   No improvement (14/30)
2026-02-04 11:48:36 KST | INFO | 
2026-02-04 11:48:36 KST | INFO | Epoch 165/200 | LR: 0.007785
2026-02-04 11:48:43 KST | INFO |   Train Loss: 0.0024 | Test Loss: 0.0005 | Test Acc: 96.67%
2026-02-04 11:48:43 KST | INFO |   No improvement (15/30)
2026-02-04 11:48:43 KST | INFO | 
2026-02-04 11:48:43 KST | INFO | Epoch 166/200 | LR: 0.007369
2026-02-04 11:48:50 KST | INFO |   Train Loss: 0.0030 | Test Loss: 0.0005 | Test Acc: 97.00%
2026-02-04 11:48:50 KST | INFO |   No improvement (16/30)
2026-02-04 11:48:50 KST | INFO | 
2026-02-04 11:48:50 KST | INFO | Epoch 167/200 | LR: 0.006964
2026-02-04 11:48:58 KST | INFO |   Train Loss: 0.0028 | Test Loss: 0.0005 | Test Acc: 96.80%
2026-02-04 11:48:58 KST | INFO |   No improvement (17/30)
2026-02-04 11:48:58 KST | INFO | 
2026-02-04 11:48:58 KST | INFO | Epoch 168/200 | LR: 0.006569
2026-02-04 11:49:05 KST | INFO |   Train Loss: 0.0025 | Test Loss: 0.0004 | Test Acc: 97.33%
2026-02-04 11:49:05 KST | INFO |   No improvement (18/30)
2026-02-04 11:49:05 KST | INFO | 
2026-02-04 11:49:05 KST | INFO | Epoch 169/200 | LR: 0.006186
2026-02-04 11:49:12 KST | INFO |   Train Loss: 0.0031 | Test Loss: 0.0005 | Test Acc: 96.80%
2026-02-04 11:49:12 KST | INFO |   No improvement (19/30)
2026-02-04 11:49:12 KST | INFO | 
2026-02-04 11:49:12 KST | INFO | Epoch 170/200 | LR: 0.005813
2026-02-04 11:49:19 KST | INFO |   Train Loss: 0.0024 | Test Loss: 0.0005 | Test Acc: 96.90%
2026-02-04 11:49:19 KST | INFO |   No improvement (20/30)
2026-02-04 11:49:19 KST | INFO | 
2026-02-04 11:49:19 KST | INFO | Epoch 171/200 | LR: 0.005451
2026-02-04 11:49:27 KST | INFO |   Train Loss: 0.0022 | Test Loss: 0.0005 | Test Acc: 97.20%
2026-02-04 11:49:27 KST | INFO |   No improvement (21/30)
2026-02-04 11:49:27 KST | INFO | 
2026-02-04 11:49:27 KST | INFO | Epoch 172/200 | LR: 0.005100
2026-02-04 11:49:34 KST | INFO |   Train Loss: 0.0022 | Test Loss: 0.0005 | Test Acc: 96.93%
2026-02-04 11:49:34 KST | INFO |   No improvement (22/30)
2026-02-04 11:49:34 KST | INFO | 
2026-02-04 11:49:34 KST | INFO | Epoch 173/200 | LR: 0.004760
2026-02-04 11:49:41 KST | INFO |   Train Loss: 0.0023 | Test Loss: 0.0005 | Test Acc: 97.03%
2026-02-04 11:49:41 KST | INFO |   No improvement (23/30)
2026-02-04 11:49:41 KST | INFO | 
2026-02-04 11:49:41 KST | INFO | Epoch 174/200 | LR: 0.004431
2026-02-04 11:49:48 KST | INFO |   Train Loss: 0.0026 | Test Loss: 0.0005 | Test Acc: 96.83%
2026-02-04 11:49:48 KST | INFO |   No improvement (24/30)
2026-02-04 11:49:48 KST | INFO | 
2026-02-04 11:49:48 KST | INFO | Epoch 175/200 | LR: 0.004113
2026-02-04 11:49:55 KST | INFO |   Train Loss: 0.0023 | Test Loss: 0.0005 | Test Acc: 96.97%
2026-02-04 11:49:55 KST | INFO |   No improvement (25/30)
2026-02-04 11:49:55 KST | INFO | 
2026-02-04 11:49:55 KST | INFO | Epoch 176/200 | LR: 0.003807
2026-02-04 11:50:03 KST | INFO |   Train Loss: 0.0025 | Test Loss: 0.0005 | Test Acc: 97.17%
2026-02-04 11:50:03 KST | INFO |   No improvement (26/30)
2026-02-04 11:50:03 KST | INFO | 
2026-02-04 11:50:03 KST | INFO | Epoch 177/200 | LR: 0.003512
2026-02-04 11:50:10 KST | INFO |   Train Loss: 0.0022 | Test Loss: 0.0005 | Test Acc: 96.77%
2026-02-04 11:50:10 KST | INFO |   No improvement (27/30)
2026-02-04 11:50:10 KST | INFO | 
2026-02-04 11:50:10 KST | INFO | Epoch 178/200 | LR: 0.003229
2026-02-04 11:50:17 KST | INFO |   Train Loss: 0.0024 | Test Loss: 0.0005 | Test Acc: 97.07%
2026-02-04 11:50:17 KST | INFO |   No improvement (28/30)
2026-02-04 11:50:17 KST | INFO | 
2026-02-04 11:50:17 KST | INFO | Epoch 179/200 | LR: 0.002957
2026-02-04 11:50:24 KST | INFO |   Train Loss: 0.0021 | Test Loss: 0.0005 | Test Acc: 97.13%
2026-02-04 11:50:24 KST | INFO |   No improvement (29/30)
2026-02-04 11:50:24 KST | INFO | 
2026-02-04 11:50:24 KST | INFO | Epoch 180/200 | LR: 0.002697
2026-02-04 11:50:32 KST | INFO |   Train Loss: 0.0023 | Test Loss: 0.0005 | Test Acc: 97.07%
2026-02-04 11:50:32 KST | INFO |   No improvement (30/30)
2026-02-04 11:50:32 KST | INFO | 
2026-02-04 11:50:32 KST | INFO | Early stopping after 30 epochs without improvement
2026-02-04 11:50:32 KST | INFO | 
2026-02-04 11:50:32 KST | INFO | ================================================================================
2026-02-04 11:50:32 KST | INFO | TRAINING COMPLETE
2026-02-04 11:50:32 KST | INFO | ================================================================================
2026-02-04 11:50:32 KST | INFO | Best accuracy:  97.33% (Epoch 150)
2026-02-04 11:50:32 KST | INFO | Final accuracy: 97.07%
2026-02-04 11:50:32 KST | INFO | ================================================================================
2026-02-04 11:50:32 KST | INFO | 
2026-02-04 11:50:32 KST | INFO | Notifying nodes of completion...
2026-02-04 11:50:33 KST | INFO | ✓ Nodes notified
2026-02-04 11:50:33 KST | INFO | 
2026-02-04 11:50:33 KST | INFO | Closing connections...
2026-02-04 11:50:33 KST | INFO | ✓ Cleanup complete
2026-02-04 11:50:33 KST | INFO | 
2026-02-04 11:50:33 KST | INFO | Full log: logs/TL++_base_20260204_112812.log
2026-02-04 11:50:33 KST | INFO | ================================================================================
