2026-02-14 08:54:43 KST | INFO | ================================================================================
2026-02-14 08:54:43 KST | INFO | TL++ Orchestrator
2026-02-14 08:54:43 KST | INFO | ================================================================================
2026-02-14 08:54:43 KST | INFO | Log file: logs/TL++_secure_20260214_085443.log
2026-02-14 08:54:43 KST | INFO | 
2026-02-14 08:54:43 KST | INFO | --------------------------------------------------------------------------------
2026-02-14 08:54:43 KST | INFO | CONFIGURATION
2026-02-14 08:54:43 KST | INFO | --------------------------------------------------------------------------------
2026-02-14 08:54:43 KST | INFO | Secure mode:      True
2026-02-14 08:54:43 KST | INFO | Helper endpoint:  127.0.0.1:8082
2026-02-14 08:54:43 KST | INFO | Activation noise: 2.0%
2026-02-14 08:54:43 KST | INFO | Gradient noise:   10.0%
2026-02-14 08:54:43 KST | INFO | Nodes:            5
2026-02-14 08:54:43 KST | INFO | Cut layer:        1
2026-02-14 08:54:43 KST | INFO | Batch size:       128
2026-02-14 08:54:43 KST | INFO | Learning rate:    0.1
2026-02-14 08:54:43 KST | INFO | 
2026-02-14 08:54:43 KST | INFO | Computation device: cuda
2026-02-14 08:54:43 KST | INFO | Secure mode: ✓ ENABLED
2026-02-14 08:54:43 KST | INFO | 
2026-02-14 08:54:43 KST | INFO | --------------------------------------------------------------------------------
2026-02-14 08:54:43 KST | INFO | NETWORK SETUP
2026-02-14 08:54:43 KST | INFO | --------------------------------------------------------------------------------
2026-02-14 08:54:43 KST | INFO | ✓ Orchestrator listening on 127.0.0.1:8080
2026-02-14 08:54:43 KST | INFO | ✓ Helper node on 127.0.0.1:8082
2026-02-14 08:54:43 KST | INFO | 
2026-02-14 08:54:43 KST | INFO | Waiting for helper node...
2026-02-14 08:54:45 KST | INFO | ✓ Helper node connected
2026-02-14 08:54:45 KST | INFO | ✓ Noise config sent to helper (activation: 2.0%, gradient: 10.0%)
2026-02-14 08:54:45 KST | INFO | 
2026-02-14 08:54:45 KST | INFO | Waiting for 5 node(s)...
2026-02-14 08:54:49 KST | INFO |   ✓ Node 1/5 connected
2026-02-14 08:54:51 KST | INFO |   ✓ Node 2/5 connected
2026-02-14 08:54:51 KST | INFO |   ✓ Node 3/5 connected
2026-02-14 08:54:52 KST | INFO |   ✓ Node 4/5 connected
2026-02-14 08:54:53 KST | INFO |   ✓ Node 5/5 connected
2026-02-14 08:54:53 KST | INFO | ✓ All 5 node(s) connected
2026-02-14 08:54:53 KST | INFO | 
2026-02-14 08:54:53 KST | INFO | --------------------------------------------------------------------------------
2026-02-14 08:54:53 KST | INFO | MODEL INITIALIZATION
2026-02-14 08:54:53 KST | INFO | --------------------------------------------------------------------------------
2026-02-14 08:54:53 KST | INFO | Node-side parameters: 38,720
2026-02-14 08:54:53 KST | INFO | 
2026-02-14 08:54:53 KST | INFO | --------------------------------------------------------------------------------
2026-02-14 08:54:53 KST | INFO | BROADCASTING CONFIGURATION
2026-02-14 08:54:53 KST | INFO | --------------------------------------------------------------------------------
2026-02-14 08:54:53 KST | INFO | ✓ Configuration broadcast to all nodes
2026-02-14 08:54:54 KST | INFO | 
2026-02-14 08:54:54 KST | INFO | Total parameters:     3,245,637
2026-02-14 08:54:54 KST | INFO | Trainable parameters: 3,245,637
2026-02-14 08:54:54 KST | INFO | 
2026-02-14 08:54:54 KST | INFO | --------------------------------------------------------------------------------
2026-02-14 08:54:54 KST | INFO | DATA LOADING
2026-02-14 08:54:54 KST | INFO | --------------------------------------------------------------------------------
2026-02-14 08:55:19 KST | INFO | ✓ Dataset information collected:
2026-02-14 08:55:19 KST | INFO |     Node 1: 5,000 samples
2026-02-14 08:55:19 KST | INFO |     Node 2: 5,000 samples
2026-02-14 08:55:19 KST | INFO |     Node 3: 5,000 samples
2026-02-14 08:55:19 KST | INFO |     Node 4: 5,000 samples
2026-02-14 08:55:19 KST | INFO |     Node 5: 5,000 samples
2026-02-14 08:55:19 KST | INFO |   Total training samples: 25,000
2026-02-14 08:55:19 KST | INFO | 
2026-02-14 08:55:22 KST | INFO | ✓ Test dataset loaded: 5,000 samples
2026-02-14 08:55:22 KST | INFO | 
2026-02-14 08:55:22 KST | INFO | ✓ Batch scheduler: 196 batches/epoch
2026-02-14 08:55:22 KST | INFO | 
2026-02-14 08:55:22 KST | INFO | --------------------------------------------------------------------------------
2026-02-14 08:55:22 KST | INFO | OPTIMIZATION SETUP
2026-02-14 08:55:22 KST | INFO | --------------------------------------------------------------------------------
2026-02-14 08:55:22 KST | INFO | ✓ Optimizer: SGD (lr=0.1, momentum=0.9)
2026-02-14 08:55:22 KST | INFO | ✓ Scheduler: cosine
2026-02-14 08:55:22 KST | INFO | ✓ Gradient clipping: 1.0
2026-02-14 08:55:22 KST | INFO | 
2026-02-14 08:55:22 KST | INFO | ================================================================================
2026-02-14 08:55:22 KST | INFO | Setup complete - Ready for training
2026-02-14 08:55:22 KST | INFO | ================================================================================
2026-02-14 08:55:22 KST | INFO | 
2026-02-14 08:55:22 KST | INFO | --------------------------------------------------------------------------------
2026-02-14 08:55:22 KST | INFO | TRAINING
2026-02-14 08:55:22 KST | INFO | --------------------------------------------------------------------------------
2026-02-14 08:55:22 KST | INFO | 
2026-02-14 08:55:22 KST | INFO | Epoch 1/200 | LR: 0.100000
2026-02-14 08:56:19 KST | INFO |   Train Loss: 1.2005 | Test Loss: 0.0037 | Test Acc: 63.24%
2026-02-14 08:56:19 KST | INFO |   🏆 New best accuracy: 63.24%
2026-02-14 08:56:19 KST | INFO | 
2026-02-14 08:56:19 KST | INFO | Epoch 2/200 | LR: 0.099994
2026-02-14 08:57:19 KST | INFO |   Train Loss: 0.9070 | Test Loss: 0.0037 | Test Acc: 64.68%
2026-02-14 08:57:19 KST | INFO |   🏆 New best accuracy: 64.68%
2026-02-14 08:57:19 KST | INFO | 
2026-02-14 08:57:19 KST | INFO | Epoch 3/200 | LR: 0.099975
2026-02-14 08:58:14 KST | INFO |   Train Loss: 0.7583 | Test Loss: 0.0035 | Test Acc: 66.96%
2026-02-14 08:58:14 KST | INFO |   🏆 New best accuracy: 66.96%
2026-02-14 08:58:14 KST | INFO | 
2026-02-14 08:58:14 KST | INFO | Epoch 4/200 | LR: 0.099944
2026-02-14 08:59:09 KST | INFO |   Train Loss: 0.6426 | Test Loss: 0.0030 | Test Acc: 71.34%
2026-02-14 08:59:09 KST | INFO |   🏆 New best accuracy: 71.34%
2026-02-14 08:59:09 KST | INFO | 
2026-02-14 08:59:09 KST | INFO | Epoch 5/200 | LR: 0.099901
2026-02-14 09:00:08 KST | INFO |   Train Loss: 0.5564 | Test Loss: 0.0029 | Test Acc: 75.80%
2026-02-14 09:00:08 KST | INFO |   🏆 New best accuracy: 75.80%
2026-02-14 09:00:08 KST | INFO | 
2026-02-14 09:00:08 KST | INFO | Epoch 6/200 | LR: 0.099846
2026-02-14 09:01:03 KST | INFO |   Train Loss: 0.5029 | Test Loss: 0.0028 | Test Acc: 75.26%
2026-02-14 09:01:03 KST | INFO |   No improvement (1/30)
2026-02-14 09:01:03 KST | INFO | 
2026-02-14 09:01:03 KST | INFO | Epoch 7/200 | LR: 0.099778
2026-02-14 09:01:58 KST | INFO |   Train Loss: 0.4568 | Test Loss: 0.0027 | Test Acc: 76.94%
2026-02-14 09:01:58 KST | INFO |   🏆 New best accuracy: 76.94%
2026-02-14 09:01:58 KST | INFO | 
2026-02-14 09:01:58 KST | INFO | Epoch 8/200 | LR: 0.099698
2026-02-14 09:02:52 KST | INFO |   Train Loss: 0.4238 | Test Loss: 0.0026 | Test Acc: 75.92%
2026-02-14 09:02:52 KST | INFO |   No improvement (1/30)
2026-02-14 09:02:52 KST | INFO | 
2026-02-14 09:02:52 KST | INFO | Epoch 9/200 | LR: 0.099606
2026-02-14 09:03:51 KST | INFO |   Train Loss: 0.3897 | Test Loss: 0.0027 | Test Acc: 74.90%
2026-02-14 09:03:51 KST | INFO |   No improvement (2/30)
2026-02-14 09:03:51 KST | INFO | 
2026-02-14 09:03:51 KST | INFO | Epoch 10/200 | LR: 0.099501
2026-02-14 09:04:46 KST | INFO |   Train Loss: 0.3743 | Test Loss: 0.0022 | Test Acc: 80.10%
2026-02-14 09:04:46 KST | INFO |   🏆 New best accuracy: 80.10%
2026-02-14 09:04:46 KST | INFO | 
2026-02-14 09:04:46 KST | INFO | Epoch 11/200 | LR: 0.099384
2026-02-14 09:05:40 KST | INFO |   Train Loss: 0.3527 | Test Loss: 0.0023 | Test Acc: 80.06%
2026-02-14 09:05:40 KST | INFO |   No improvement (1/30)
2026-02-14 09:05:40 KST | INFO | 
2026-02-14 09:05:40 KST | INFO | Epoch 12/200 | LR: 0.099255
2026-02-14 09:06:40 KST | INFO |   Train Loss: 0.3389 | Test Loss: 0.0021 | Test Acc: 81.80%
2026-02-14 09:06:40 KST | INFO |   🏆 New best accuracy: 81.80%
2026-02-14 09:06:40 KST | INFO | 
2026-02-14 09:06:40 KST | INFO | Epoch 13/200 | LR: 0.099114
2026-02-14 09:07:36 KST | INFO |   Train Loss: 0.3234 | Test Loss: 0.0018 | Test Acc: 85.70%
2026-02-14 09:07:36 KST | INFO |   🏆 New best accuracy: 85.70%
2026-02-14 09:07:36 KST | INFO | 
2026-02-14 09:07:36 KST | INFO | Epoch 14/200 | LR: 0.098961
2026-02-14 09:08:31 KST | INFO |   Train Loss: 0.3084 | Test Loss: 0.0020 | Test Acc: 82.50%
2026-02-14 09:08:31 KST | INFO |   No improvement (1/30)
2026-02-14 09:08:31 KST | INFO | 
2026-02-14 09:08:31 KST | INFO | Epoch 15/200 | LR: 0.098796
2026-02-14 09:09:30 KST | INFO |   Train Loss: 0.3008 | Test Loss: 0.0017 | Test Acc: 86.18%
2026-02-14 09:09:30 KST | INFO |   🏆 New best accuracy: 86.18%
2026-02-14 09:09:30 KST | INFO | 
2026-02-14 09:09:30 KST | INFO | Epoch 16/200 | LR: 0.098619
2026-02-14 09:10:25 KST | INFO |   Train Loss: 0.2876 | Test Loss: 0.0016 | Test Acc: 86.96%
2026-02-14 09:10:25 KST | INFO |   🏆 New best accuracy: 86.96%
2026-02-14 09:10:25 KST | INFO | 
2026-02-14 09:10:25 KST | INFO | Epoch 17/200 | LR: 0.098429
2026-02-14 09:11:26 KST | INFO |   Train Loss: 0.2820 | Test Loss: 0.0017 | Test Acc: 85.34%
2026-02-14 09:11:26 KST | INFO |   No improvement (1/30)
2026-02-14 09:11:26 KST | INFO | 
2026-02-14 09:11:26 KST | INFO | Epoch 18/200 | LR: 0.098228
2026-02-14 09:12:21 KST | INFO |   Train Loss: 0.2721 | Test Loss: 0.0017 | Test Acc: 85.98%
2026-02-14 09:12:21 KST | INFO |   No improvement (2/30)
2026-02-14 09:12:21 KST | INFO | 
2026-02-14 09:12:21 KST | INFO | Epoch 19/200 | LR: 0.098015
2026-02-14 09:13:17 KST | INFO |   Train Loss: 0.2636 | Test Loss: 0.0017 | Test Acc: 86.00%
2026-02-14 09:13:17 KST | INFO |   No improvement (3/30)
2026-02-14 09:13:17 KST | INFO | 
2026-02-14 09:13:17 KST | INFO | Epoch 20/200 | LR: 0.097790
2026-02-14 09:14:17 KST | INFO |   Train Loss: 0.2533 | Test Loss: 0.0016 | Test Acc: 86.56%
2026-02-14 09:14:17 KST | INFO |   No improvement (4/30)
2026-02-14 09:14:17 KST | INFO | 
2026-02-14 09:14:17 KST | INFO | Epoch 21/200 | LR: 0.097553
2026-02-14 09:15:13 KST | INFO |   Train Loss: 0.2571 | Test Loss: 0.0024 | Test Acc: 79.08%
2026-02-14 09:15:13 KST | INFO |   No improvement (5/30)
2026-02-14 09:15:13 KST | INFO | 
2026-02-14 09:15:13 KST | INFO | Epoch 22/200 | LR: 0.097304
2026-02-14 09:16:09 KST | INFO |   Train Loss: 0.2473 | Test Loss: 0.0014 | Test Acc: 88.50%
2026-02-14 09:16:09 KST | INFO |   🏆 New best accuracy: 88.50%
2026-02-14 09:16:09 KST | INFO | 
2026-02-14 09:16:09 KST | INFO | Epoch 23/200 | LR: 0.097044
2026-02-14 09:17:08 KST | INFO |   Train Loss: 0.2362 | Test Loss: 0.0014 | Test Acc: 88.30%
2026-02-14 09:17:08 KST | INFO |   No improvement (1/30)
2026-02-14 09:17:08 KST | INFO | 
2026-02-14 09:17:08 KST | INFO | Epoch 24/200 | LR: 0.096772
2026-02-14 09:18:04 KST | INFO |   Train Loss: 0.2313 | Test Loss: 0.0013 | Test Acc: 88.46%
2026-02-14 09:18:04 KST | INFO |   No improvement (2/30)
2026-02-14 09:18:04 KST | INFO | 
2026-02-14 09:18:04 KST | INFO | Epoch 25/200 | LR: 0.096489
2026-02-14 09:19:04 KST | INFO |   Train Loss: 0.2321 | Test Loss: 0.0020 | Test Acc: 83.18%
2026-02-14 09:19:04 KST | INFO |   No improvement (3/30)
2026-02-14 09:19:04 KST | INFO | 
2026-02-14 09:19:04 KST | INFO | Epoch 26/200 | LR: 0.096194
2026-02-14 09:19:59 KST | INFO |   Train Loss: 0.2269 | Test Loss: 0.0015 | Test Acc: 87.66%
2026-02-14 09:19:59 KST | INFO |   No improvement (4/30)
2026-02-14 09:19:59 KST | INFO | 
2026-02-14 09:19:59 KST | INFO | Epoch 27/200 | LR: 0.095888
2026-02-14 09:20:55 KST | INFO |   Train Loss: 0.2218 | Test Loss: 0.0017 | Test Acc: 84.86%
2026-02-14 09:20:55 KST | INFO |   No improvement (5/30)
2026-02-14 09:20:55 KST | INFO | 
2026-02-14 09:20:55 KST | INFO | Epoch 28/200 | LR: 0.095570
2026-02-14 09:21:53 KST | INFO |   Train Loss: 0.2150 | Test Loss: 0.0014 | Test Acc: 87.56%
2026-02-14 09:21:53 KST | INFO |   No improvement (6/30)
2026-02-14 09:21:53 KST | INFO | 
2026-02-14 09:21:53 KST | INFO | Epoch 29/200 | LR: 0.095241
2026-02-14 09:22:49 KST | INFO |   Train Loss: 0.2151 | Test Loss: 0.0021 | Test Acc: 81.40%
2026-02-14 09:22:49 KST | INFO |   No improvement (7/30)
2026-02-14 09:22:49 KST | INFO | 
2026-02-14 09:22:49 KST | INFO | Epoch 30/200 | LR: 0.094901
2026-02-14 09:23:44 KST | INFO |   Train Loss: 0.2139 | Test Loss: 0.0016 | Test Acc: 85.98%
2026-02-14 09:23:44 KST | INFO |   No improvement (8/30)
2026-02-14 09:23:44 KST | INFO | 
2026-02-14 09:23:44 KST | INFO | Epoch 31/200 | LR: 0.094550
2026-02-14 09:24:44 KST | INFO |   Train Loss: 0.2071 | Test Loss: 0.0015 | Test Acc: 87.14%
2026-02-14 09:24:44 KST | INFO |   No improvement (9/30)
2026-02-14 09:24:44 KST | INFO | 
2026-02-14 09:24:44 KST | INFO | Epoch 32/200 | LR: 0.094188
2026-02-14 09:25:40 KST | INFO |   Train Loss: 0.2037 | Test Loss: 0.0015 | Test Acc: 87.16%
2026-02-14 09:25:40 KST | INFO |   No improvement (10/30)
2026-02-14 09:25:40 KST | INFO | 
2026-02-14 09:25:40 KST | INFO | Epoch 33/200 | LR: 0.093815
2026-02-14 09:26:35 KST | INFO |   Train Loss: 0.2037 | Test Loss: 0.0016 | Test Acc: 87.18%
2026-02-14 09:26:35 KST | INFO |   No improvement (11/30)
2026-02-14 09:26:35 KST | INFO | 
2026-02-14 09:26:35 KST | INFO | Epoch 34/200 | LR: 0.093432
2026-02-14 09:27:36 KST | INFO |   Train Loss: 0.1969 | Test Loss: 0.0020 | Test Acc: 81.82%
2026-02-14 09:27:36 KST | INFO |   No improvement (12/30)
2026-02-14 09:27:36 KST | INFO | 
2026-02-14 09:27:36 KST | INFO | Epoch 35/200 | LR: 0.093037
2026-02-14 09:28:31 KST | INFO |   Train Loss: 0.1956 | Test Loss: 0.0018 | Test Acc: 85.36%
2026-02-14 09:28:31 KST | INFO |   No improvement (13/30)
2026-02-14 09:28:31 KST | INFO | 
2026-02-14 09:28:31 KST | INFO | Epoch 36/200 | LR: 0.092632
2026-02-14 09:29:27 KST | INFO |   Train Loss: 0.1965 | Test Loss: 0.0021 | Test Acc: 81.46%
2026-02-14 09:29:27 KST | INFO |   No improvement (14/30)
2026-02-14 09:29:27 KST | INFO | 
2026-02-14 09:29:27 KST | INFO | Epoch 37/200 | LR: 0.092216
2026-02-14 09:30:24 KST | INFO |   Train Loss: 0.1889 | Test Loss: 0.0013 | Test Acc: 88.70%
2026-02-14 09:30:24 KST | INFO |   🏆 New best accuracy: 88.70%
2026-02-14 09:30:24 KST | INFO | 
2026-02-14 09:30:24 KST | INFO | Epoch 38/200 | LR: 0.091790
2026-02-14 09:31:22 KST | INFO |   Train Loss: 0.1866 | Test Loss: 0.0012 | Test Acc: 89.40%
2026-02-14 09:31:22 KST | INFO |   🏆 New best accuracy: 89.40%
2026-02-14 09:31:22 KST | INFO | 
2026-02-14 09:31:22 KST | INFO | Epoch 39/200 | LR: 0.091354
2026-02-14 09:32:17 KST | INFO |   Train Loss: 0.1918 | Test Loss: 0.0014 | Test Acc: 88.32%
2026-02-14 09:32:17 KST | INFO |   No improvement (1/30)
2026-02-14 09:32:17 KST | INFO | 
2026-02-14 09:32:17 KST | INFO | Epoch 40/200 | LR: 0.090908
2026-02-14 09:33:18 KST | INFO |   Train Loss: 0.1826 | Test Loss: 0.0014 | Test Acc: 87.86%
2026-02-14 09:33:18 KST | INFO |   No improvement (2/30)
2026-02-14 09:33:18 KST | INFO | 
2026-02-14 09:33:18 KST | INFO | Epoch 41/200 | LR: 0.090451
2026-02-14 09:34:13 KST | INFO |   Train Loss: 0.1840 | Test Loss: 0.0013 | Test Acc: 88.82%
2026-02-14 09:34:13 KST | INFO |   No improvement (3/30)
2026-02-14 09:34:13 KST | INFO | 
2026-02-14 09:34:13 KST | INFO | Epoch 42/200 | LR: 0.089984
2026-02-14 09:35:08 KST | INFO |   Train Loss: 0.1742 | Test Loss: 0.0013 | Test Acc: 89.28%
2026-02-14 09:35:08 KST | INFO |   No improvement (4/30)
2026-02-14 09:35:08 KST | INFO | 
2026-02-14 09:35:08 KST | INFO | Epoch 43/200 | LR: 0.089508
2026-02-14 09:36:08 KST | INFO |   Train Loss: 0.1765 | Test Loss: 0.0013 | Test Acc: 88.00%
2026-02-14 09:36:08 KST | INFO |   No improvement (5/30)
2026-02-14 09:36:08 KST | INFO | 
2026-02-14 09:36:08 KST | INFO | Epoch 44/200 | LR: 0.089022
2026-02-14 09:37:04 KST | INFO |   Train Loss: 0.1691 | Test Loss: 0.0015 | Test Acc: 86.78%
2026-02-14 09:37:04 KST | INFO |   No improvement (6/30)
2026-02-14 09:37:04 KST | INFO | 
2026-02-14 09:37:04 KST | INFO | Epoch 45/200 | LR: 0.088526
2026-02-14 09:38:01 KST | INFO |   Train Loss: 0.1648 | Test Loss: 0.0013 | Test Acc: 89.50%
2026-02-14 09:38:01 KST | INFO |   🏆 New best accuracy: 89.50%
2026-02-14 09:38:01 KST | INFO | 
2026-02-14 09:38:01 KST | INFO | Epoch 46/200 | LR: 0.088020
2026-02-14 09:38:59 KST | INFO |   Train Loss: 0.1681 | Test Loss: 0.0018 | Test Acc: 84.40%
2026-02-14 09:38:59 KST | INFO |   No improvement (1/30)
2026-02-14 09:38:59 KST | INFO | 
2026-02-14 09:38:59 KST | INFO | Epoch 47/200 | LR: 0.087506
2026-02-14 09:39:55 KST | INFO |   Train Loss: 0.1671 | Test Loss: 0.0013 | Test Acc: 88.40%
2026-02-14 09:39:55 KST | INFO |   No improvement (2/30)
2026-02-14 09:39:55 KST | INFO | 
2026-02-14 09:39:55 KST | INFO | Epoch 48/200 | LR: 0.086982
2026-02-14 09:40:50 KST | INFO |   Train Loss: 0.1644 | Test Loss: 0.0013 | Test Acc: 88.32%
2026-02-14 09:40:50 KST | INFO |   No improvement (3/30)
2026-02-14 09:40:50 KST | INFO | 
2026-02-14 09:40:50 KST | INFO | Epoch 49/200 | LR: 0.086449
2026-02-14 09:41:49 KST | INFO |   Train Loss: 0.1637 | Test Loss: 0.0016 | Test Acc: 85.96%
2026-02-14 09:41:49 KST | INFO |   No improvement (4/30)
2026-02-14 09:41:49 KST | INFO | 
2026-02-14 09:41:49 KST | INFO | Epoch 50/200 | LR: 0.085906
2026-02-14 09:42:44 KST | INFO |   Train Loss: 0.1585 | Test Loss: 0.0011 | Test Acc: 90.06%
2026-02-14 09:42:44 KST | INFO |   🏆 New best accuracy: 90.06%
2026-02-14 09:42:44 KST | INFO | 
2026-02-14 09:42:44 KST | INFO | Epoch 51/200 | LR: 0.085355
2026-02-14 09:43:39 KST | INFO |   Train Loss: 0.1623 | Test Loss: 0.0013 | Test Acc: 88.96%
2026-02-14 09:43:39 KST | INFO |   No improvement (1/30)
2026-02-14 09:43:39 KST | INFO | 
2026-02-14 09:43:39 KST | INFO | Epoch 52/200 | LR: 0.084796
2026-02-14 09:44:39 KST | INFO |   Train Loss: 0.1556 | Test Loss: 0.0013 | Test Acc: 89.42%
2026-02-14 09:44:39 KST | INFO |   No improvement (2/30)
2026-02-14 09:44:39 KST | INFO | 
2026-02-14 09:44:39 KST | INFO | Epoch 53/200 | LR: 0.084228
2026-02-14 09:45:35 KST | INFO |   Train Loss: 0.1554 | Test Loss: 0.0012 | Test Acc: 89.70%
2026-02-14 09:45:35 KST | INFO |   No improvement (3/30)
2026-02-14 09:45:35 KST | INFO | 
2026-02-14 09:45:35 KST | INFO | Epoch 54/200 | LR: 0.083651
2026-02-14 09:46:31 KST | INFO |   Train Loss: 0.1545 | Test Loss: 0.0014 | Test Acc: 87.66%
2026-02-14 09:46:31 KST | INFO |   No improvement (4/30)
2026-02-14 09:46:31 KST | INFO | 
2026-02-14 09:46:31 KST | INFO | Epoch 55/200 | LR: 0.083066
2026-02-14 09:47:31 KST | INFO |   Train Loss: 0.1521 | Test Loss: 0.0013 | Test Acc: 88.68%
2026-02-14 09:47:31 KST | INFO |   No improvement (5/30)
2026-02-14 09:47:31 KST | INFO | 
2026-02-14 09:47:31 KST | INFO | Epoch 56/200 | LR: 0.082473
2026-02-14 09:48:27 KST | INFO |   Train Loss: 0.1469 | Test Loss: 0.0015 | Test Acc: 87.16%
2026-02-14 09:48:27 KST | INFO |   No improvement (6/30)
2026-02-14 09:48:27 KST | INFO | 
2026-02-14 09:48:27 KST | INFO | Epoch 57/200 | LR: 0.081871
2026-02-14 09:49:24 KST | INFO |   Train Loss: 0.1523 | Test Loss: 0.0011 | Test Acc: 90.04%
2026-02-14 09:49:24 KST | INFO |   No improvement (7/30)
2026-02-14 09:49:24 KST | INFO | 
2026-02-14 09:49:24 KST | INFO | Epoch 58/200 | LR: 0.081262
2026-02-14 09:50:23 KST | INFO |   Train Loss: 0.1461 | Test Loss: 0.0012 | Test Acc: 89.68%
2026-02-14 09:50:23 KST | INFO |   No improvement (8/30)
2026-02-14 09:50:23 KST | INFO | 
2026-02-14 09:50:23 KST | INFO | Epoch 59/200 | LR: 0.080646
2026-02-14 09:51:19 KST | INFO |   Train Loss: 0.1461 | Test Loss: 0.0013 | Test Acc: 89.20%
2026-02-14 09:51:19 KST | INFO |   No improvement (9/30)
2026-02-14 09:51:19 KST | INFO | 
2026-02-14 09:51:19 KST | INFO | Epoch 60/200 | LR: 0.080021
2026-02-14 09:52:14 KST | INFO |   Train Loss: 0.1438 | Test Loss: 0.0018 | Test Acc: 84.48%
2026-02-14 09:52:14 KST | INFO |   No improvement (10/30)
2026-02-14 09:52:14 KST | INFO | 
2026-02-14 09:52:14 KST | INFO | Epoch 61/200 | LR: 0.079389
2026-02-14 09:53:10 KST | INFO |   Train Loss: 0.1370 | Test Loss: 0.0012 | Test Acc: 89.08%
2026-02-14 09:53:10 KST | INFO |   No improvement (11/30)
2026-02-14 09:53:10 KST | INFO | 
2026-02-14 09:53:10 KST | INFO | Epoch 62/200 | LR: 0.078750
2026-02-14 09:54:10 KST | INFO |   Train Loss: 0.1399 | Test Loss: 0.0018 | Test Acc: 85.04%
2026-02-14 09:54:10 KST | INFO |   No improvement (12/30)
2026-02-14 09:54:10 KST | INFO | 
2026-02-14 09:54:10 KST | INFO | Epoch 63/200 | LR: 0.078104
2026-02-14 09:55:06 KST | INFO |   Train Loss: 0.1359 | Test Loss: 0.0012 | Test Acc: 88.92%
2026-02-14 09:55:06 KST | INFO |   No improvement (13/30)
2026-02-14 09:55:06 KST | INFO | 
2026-02-14 09:55:06 KST | INFO | Epoch 64/200 | LR: 0.077451
2026-02-14 09:56:02 KST | INFO |   Train Loss: 0.1385 | Test Loss: 0.0015 | Test Acc: 87.38%
2026-02-14 09:56:02 KST | INFO |   No improvement (14/30)
2026-02-14 09:56:02 KST | INFO | 
2026-02-14 09:56:02 KST | INFO | Epoch 65/200 | LR: 0.076792
2026-02-14 09:57:03 KST | INFO |   Train Loss: 0.1387 | Test Loss: 0.0015 | Test Acc: 86.78%
2026-02-14 09:57:03 KST | INFO |   No improvement (15/30)
2026-02-14 09:57:03 KST | INFO | 
2026-02-14 09:57:03 KST | INFO | Epoch 66/200 | LR: 0.076125
2026-02-14 09:58:03 KST | INFO |   Train Loss: 0.1320 | Test Loss: 0.0015 | Test Acc: 86.90%
2026-02-14 09:58:03 KST | INFO |   No improvement (16/30)
2026-02-14 09:58:03 KST | INFO | 
2026-02-14 09:58:03 KST | INFO | Epoch 67/200 | LR: 0.075452
2026-02-14 09:59:02 KST | INFO |   Train Loss: 0.1308 | Test Loss: 0.0015 | Test Acc: 87.06%
2026-02-14 09:59:02 KST | INFO |   No improvement (17/30)
2026-02-14 09:59:02 KST | INFO | 
2026-02-14 09:59:02 KST | INFO | Epoch 68/200 | LR: 0.074773
2026-02-14 09:59:57 KST | INFO |   Train Loss: 0.1298 | Test Loss: 0.0012 | Test Acc: 89.26%
2026-02-14 09:59:57 KST | INFO |   No improvement (18/30)
2026-02-14 09:59:57 KST | INFO | 
2026-02-14 09:59:57 KST | INFO | Epoch 69/200 | LR: 0.074088
2026-02-14 10:00:53 KST | INFO |   Train Loss: 0.1270 | Test Loss: 0.0014 | Test Acc: 87.62%
2026-02-14 10:00:53 KST | INFO |   No improvement (19/30)
2026-02-14 10:00:53 KST | INFO | 
2026-02-14 10:00:53 KST | INFO | Epoch 70/200 | LR: 0.073397
2026-02-14 10:01:49 KST | INFO |   Train Loss: 0.1277 | Test Loss: 0.0016 | Test Acc: 86.66%
2026-02-14 10:01:49 KST | INFO |   No improvement (20/30)
2026-02-14 10:01:49 KST | INFO | 
2026-02-14 10:01:49 KST | INFO | Epoch 71/200 | LR: 0.072700
2026-02-14 10:02:49 KST | INFO |   Train Loss: 0.1248 | Test Loss: 0.0011 | Test Acc: 89.96%
2026-02-14 10:02:49 KST | INFO |   No improvement (21/30)
2026-02-14 10:02:49 KST | INFO | 
2026-02-14 10:02:49 KST | INFO | Epoch 72/200 | LR: 0.071997
2026-02-14 10:03:44 KST | INFO |   Train Loss: 0.1209 | Test Loss: 0.0018 | Test Acc: 85.02%
2026-02-14 10:03:44 KST | INFO |   No improvement (22/30)
2026-02-14 10:03:44 KST | INFO | 
2026-02-14 10:03:44 KST | INFO | Epoch 73/200 | LR: 0.071289
2026-02-14 10:04:39 KST | INFO |   Train Loss: 0.1189 | Test Loss: 0.0015 | Test Acc: 87.34%
2026-02-14 10:04:39 KST | INFO |   No improvement (23/30)
2026-02-14 10:04:39 KST | INFO | 
2026-02-14 10:04:39 KST | INFO | Epoch 74/200 | LR: 0.070576
2026-02-14 10:05:44 KST | INFO |   Train Loss: 0.1183 | Test Loss: 0.0016 | Test Acc: 85.86%
2026-02-14 10:05:44 KST | INFO |   No improvement (24/30)
2026-02-14 10:05:44 KST | INFO | 
2026-02-14 10:05:44 KST | INFO | Epoch 75/200 | LR: 0.069858
2026-02-14 10:06:39 KST | INFO |   Train Loss: 0.1214 | Test Loss: 0.0011 | Test Acc: 91.12%
2026-02-14 10:06:39 KST | INFO |   🏆 New best accuracy: 91.12%
2026-02-14 10:06:39 KST | INFO | 
2026-02-14 10:06:39 KST | INFO | Epoch 76/200 | LR: 0.069134
2026-02-14 10:07:39 KST | INFO |   Train Loss: 0.1190 | Test Loss: 0.0014 | Test Acc: 88.28%
2026-02-14 10:07:39 KST | INFO |   No improvement (1/30)
2026-02-14 10:07:39 KST | INFO | 
2026-02-14 10:07:39 KST | INFO | Epoch 77/200 | LR: 0.068407
2026-02-14 10:08:34 KST | INFO |   Train Loss: 0.1176 | Test Loss: 0.0012 | Test Acc: 90.12%
2026-02-14 10:08:34 KST | INFO |   No improvement (2/30)
2026-02-14 10:08:34 KST | INFO | 
2026-02-14 10:08:34 KST | INFO | Epoch 78/200 | LR: 0.067674
2026-02-14 10:09:34 KST | INFO |   Train Loss: 0.1113 | Test Loss: 0.0012 | Test Acc: 89.68%
2026-02-14 10:09:34 KST | INFO |   No improvement (3/30)
2026-02-14 10:09:34 KST | INFO | 
2026-02-14 10:09:34 KST | INFO | Epoch 79/200 | LR: 0.066937
2026-02-14 10:10:30 KST | INFO |   Train Loss: 0.1047 | Test Loss: 0.0015 | Test Acc: 87.42%
2026-02-14 10:10:30 KST | INFO |   No improvement (4/30)
2026-02-14 10:10:30 KST | INFO | 
2026-02-14 10:10:30 KST | INFO | Epoch 80/200 | LR: 0.066196
2026-02-14 10:11:26 KST | INFO |   Train Loss: 0.1079 | Test Loss: 0.0017 | Test Acc: 85.66%
2026-02-14 10:11:26 KST | INFO |   No improvement (5/30)
2026-02-14 10:11:26 KST | INFO | 
2026-02-14 10:11:26 KST | INFO | Epoch 81/200 | LR: 0.065451
2026-02-14 10:12:22 KST | INFO |   Train Loss: 0.1078 | Test Loss: 0.0011 | Test Acc: 90.60%
2026-02-14 10:12:22 KST | INFO |   No improvement (6/30)
2026-02-14 10:12:22 KST | INFO | 
2026-02-14 10:12:22 KST | INFO | Epoch 82/200 | LR: 0.064702
2026-02-14 10:13:22 KST | INFO |   Train Loss: 0.1023 | Test Loss: 0.0012 | Test Acc: 89.22%
2026-02-14 10:13:22 KST | INFO |   No improvement (7/30)
2026-02-14 10:13:22 KST | INFO | 
2026-02-14 10:13:22 KST | INFO | Epoch 83/200 | LR: 0.063950
2026-02-14 10:14:18 KST | INFO |   Train Loss: 0.1081 | Test Loss: 0.0012 | Test Acc: 89.32%
2026-02-14 10:14:18 KST | INFO |   No improvement (8/30)
2026-02-14 10:14:18 KST | INFO | 
2026-02-14 10:14:18 KST | INFO | Epoch 84/200 | LR: 0.063194
2026-02-14 10:15:13 KST | INFO |   Train Loss: 0.1034 | Test Loss: 0.0013 | Test Acc: 88.38%
2026-02-14 10:15:13 KST | INFO |   No improvement (9/30)
2026-02-14 10:15:13 KST | INFO | 
2026-02-14 10:15:13 KST | INFO | Epoch 85/200 | LR: 0.062435
2026-02-14 10:16:14 KST | INFO |   Train Loss: 0.1037 | Test Loss: 0.0011 | Test Acc: 90.68%
2026-02-14 10:16:14 KST | INFO |   No improvement (10/30)
2026-02-14 10:16:14 KST | INFO | 
2026-02-14 10:16:14 KST | INFO | Epoch 86/200 | LR: 0.061673
2026-02-14 10:17:10 KST | INFO |   Train Loss: 0.0964 | Test Loss: 0.0012 | Test Acc: 89.50%
2026-02-14 10:17:10 KST | INFO |   No improvement (11/30)
2026-02-14 10:17:10 KST | INFO | 
2026-02-14 10:17:10 KST | INFO | Epoch 87/200 | LR: 0.060908
2026-02-14 10:18:06 KST | INFO |   Train Loss: 0.1018 | Test Loss: 0.0013 | Test Acc: 88.48%
2026-02-14 10:18:06 KST | INFO |   No improvement (12/30)
2026-02-14 10:18:06 KST | INFO | 
2026-02-14 10:18:06 KST | INFO | Epoch 88/200 | LR: 0.060140
2026-02-14 10:19:03 KST | INFO |   Train Loss: 0.0944 | Test Loss: 0.0011 | Test Acc: 91.04%
2026-02-14 10:19:03 KST | INFO |   No improvement (13/30)
2026-02-14 10:19:03 KST | INFO | 
2026-02-14 10:19:03 KST | INFO | Epoch 89/200 | LR: 0.059369
2026-02-14 10:20:02 KST | INFO |   Train Loss: 0.0927 | Test Loss: 0.0012 | Test Acc: 89.80%
2026-02-14 10:20:02 KST | INFO |   No improvement (14/30)
2026-02-14 10:20:02 KST | INFO | 
2026-02-14 10:20:02 KST | INFO | Epoch 90/200 | LR: 0.058597
2026-02-14 10:21:03 KST | INFO |   Train Loss: 0.0928 | Test Loss: 0.0011 | Test Acc: 90.16%
2026-02-14 10:21:03 KST | INFO |   No improvement (15/30)
2026-02-14 10:21:03 KST | INFO | 
2026-02-14 10:21:03 KST | INFO | Epoch 91/200 | LR: 0.057822
2026-02-14 10:22:04 KST | INFO |   Train Loss: 0.0890 | Test Loss: 0.0012 | Test Acc: 89.74%
2026-02-14 10:22:04 KST | INFO |   No improvement (16/30)
2026-02-14 10:22:04 KST | INFO | 
2026-02-14 10:22:04 KST | INFO | Epoch 92/200 | LR: 0.057045
2026-02-14 10:23:05 KST | INFO |   Train Loss: 0.0903 | Test Loss: 0.0013 | Test Acc: 89.04%
2026-02-14 10:23:05 KST | INFO |   No improvement (17/30)
2026-02-14 10:23:05 KST | INFO | 
2026-02-14 10:23:05 KST | INFO | Epoch 93/200 | LR: 0.056267
2026-02-14 10:24:05 KST | INFO |   Train Loss: 0.0885 | Test Loss: 0.0011 | Test Acc: 90.42%
2026-02-14 10:24:05 KST | INFO |   No improvement (18/30)
2026-02-14 10:24:05 KST | INFO | 
2026-02-14 10:24:05 KST | INFO | Epoch 94/200 | LR: 0.055487
2026-02-14 10:25:01 KST | INFO |   Train Loss: 0.0848 | Test Loss: 0.0011 | Test Acc: 90.74%
2026-02-14 10:25:01 KST | INFO |   No improvement (19/30)
2026-02-14 10:25:01 KST | INFO | 
2026-02-14 10:25:01 KST | INFO | Epoch 95/200 | LR: 0.054706
2026-02-14 10:25:56 KST | INFO |   Train Loss: 0.0836 | Test Loss: 0.0011 | Test Acc: 90.48%
2026-02-14 10:25:56 KST | INFO |   No improvement (20/30)
2026-02-14 10:25:56 KST | INFO | 
2026-02-14 10:25:56 KST | INFO | Epoch 96/200 | LR: 0.053923
2026-02-14 10:26:57 KST | INFO |   Train Loss: 0.0826 | Test Loss: 0.0013 | Test Acc: 88.78%
2026-02-14 10:26:57 KST | INFO |   No improvement (21/30)
2026-02-14 10:26:57 KST | INFO | 
2026-02-14 10:26:57 KST | INFO | Epoch 97/200 | LR: 0.053140
2026-02-14 10:27:53 KST | INFO |   Train Loss: 0.0809 | Test Loss: 0.0012 | Test Acc: 89.82%
2026-02-14 10:27:53 KST | INFO |   No improvement (22/30)
2026-02-14 10:27:53 KST | INFO | 
2026-02-14 10:27:53 KST | INFO | Epoch 98/200 | LR: 0.052356
2026-02-14 10:28:49 KST | INFO |   Train Loss: 0.0808 | Test Loss: 0.0012 | Test Acc: 89.68%
2026-02-14 10:28:49 KST | INFO |   No improvement (23/30)
2026-02-14 10:28:49 KST | INFO | 
2026-02-14 10:28:49 KST | INFO | Epoch 99/200 | LR: 0.051571
2026-02-14 10:29:44 KST | INFO |   Train Loss: 0.0757 | Test Loss: 0.0016 | Test Acc: 87.00%
2026-02-14 10:29:44 KST | INFO |   No improvement (24/30)
2026-02-14 10:29:44 KST | INFO | 
2026-02-14 10:29:44 KST | INFO | Epoch 100/200 | LR: 0.050786
2026-02-14 10:30:45 KST | INFO |   Train Loss: 0.0723 | Test Loss: 0.0011 | Test Acc: 90.94%
2026-02-14 10:30:45 KST | INFO |   No improvement (25/30)
2026-02-14 10:30:45 KST | INFO | 
2026-02-14 10:30:45 KST | INFO | Epoch 101/200 | LR: 0.050001
2026-02-14 10:31:41 KST | INFO |   Train Loss: 0.0760 | Test Loss: 0.0011 | Test Acc: 90.78%
2026-02-14 10:31:41 KST | INFO |   No improvement (26/30)
2026-02-14 10:31:41 KST | INFO | 
2026-02-14 10:31:41 KST | INFO | Epoch 102/200 | LR: 0.049215
2026-02-14 10:32:37 KST | INFO |   Train Loss: 0.0743 | Test Loss: 0.0013 | Test Acc: 89.02%
2026-02-14 10:32:37 KST | INFO |   No improvement (27/30)
2026-02-14 10:32:37 KST | INFO | 
2026-02-14 10:32:37 KST | INFO | Epoch 103/200 | LR: 0.048430
2026-02-14 10:33:37 KST | INFO |   Train Loss: 0.0726 | Test Loss: 0.0013 | Test Acc: 88.62%
2026-02-14 10:33:37 KST | INFO |   No improvement (28/30)
2026-02-14 10:33:37 KST | INFO | 
2026-02-14 10:33:37 KST | INFO | Epoch 104/200 | LR: 0.047645
2026-02-14 10:34:32 KST | INFO |   Train Loss: 0.0749 | Test Loss: 0.0013 | Test Acc: 89.68%
2026-02-14 10:34:32 KST | INFO |   No improvement (29/30)
2026-02-14 10:34:32 KST | INFO | 
2026-02-14 10:34:32 KST | INFO | Epoch 105/200 | LR: 0.046861
2026-02-14 10:35:28 KST | INFO |   Train Loss: 0.0713 | Test Loss: 0.0011 | Test Acc: 90.70%
2026-02-14 10:35:28 KST | INFO |   No improvement (30/30)
2026-02-14 10:35:28 KST | INFO | 
2026-02-14 10:35:28 KST | INFO | Early stopping after 30 epochs without improvement
2026-02-14 10:35:28 KST | INFO | 
2026-02-14 10:35:28 KST | INFO | ================================================================================
2026-02-14 10:35:28 KST | INFO | TRAINING COMPLETE
2026-02-14 10:35:28 KST | INFO | ================================================================================
2026-02-14 10:35:28 KST | INFO | Best accuracy:  91.12% (Epoch 75)
2026-02-14 10:35:28 KST | INFO | Final accuracy: 90.70%
2026-02-14 10:35:28 KST | INFO | ================================================================================
2026-02-14 10:35:28 KST | INFO | 
2026-02-14 10:35:28 KST | INFO | Notifying nodes of completion...
2026-02-14 10:35:29 KST | INFO | ✓ Nodes notified
2026-02-14 10:35:29 KST | INFO | 
2026-02-14 10:35:29 KST | INFO | Closing connections...
2026-02-14 10:35:29 KST | INFO | ✓ Cleanup complete
2026-02-14 10:35:29 KST | INFO | 
2026-02-14 10:35:29 KST | INFO | Full log: logs/TL++_secure_20260214_085443.log
2026-02-14 10:35:29 KST | INFO | ================================================================================
