2026-02-21 22:20:21 KST | INFO | ================================================================================
2026-02-21 22:20:21 KST | INFO | TL++ Orchestrator
2026-02-21 22:20:21 KST | INFO | ================================================================================
2026-02-21 22:20:21 KST | INFO | Log file: logs/TL++_secure_20260221_222021.log
2026-02-21 22:20:21 KST | INFO | 
2026-02-21 22:20:21 KST | INFO | --------------------------------------------------------------------------------
2026-02-21 22:20:21 KST | INFO | CONFIGURATION
2026-02-21 22:20:21 KST | INFO | --------------------------------------------------------------------------------
2026-02-21 22:20:21 KST | INFO | Secure mode:      True
2026-02-21 22:20:21 KST | INFO | Helper endpoint:  127.0.0.1:8082
2026-02-21 22:20:21 KST | INFO | Activation noise: 2.0%
2026-02-21 22:20:21 KST | INFO | Gradient noise:   10.0%
2026-02-21 22:20:21 KST | INFO | Nodes:            6
2026-02-21 22:20:21 KST | INFO | Cut layer:        2
2026-02-21 22:20:21 KST | INFO | Batch size:       128
2026-02-21 22:20:21 KST | INFO | Learning rate:    0.1
2026-02-21 22:20:21 KST | INFO | 
2026-02-21 22:20:21 KST | INFO | Computation device: cuda
2026-02-21 22:20:21 KST | INFO | Secure mode: ✓ ENABLED
2026-02-21 22:20:21 KST | INFO | 
2026-02-21 22:20:21 KST | INFO | --------------------------------------------------------------------------------
2026-02-21 22:20:21 KST | INFO | NETWORK SETUP
2026-02-21 22:20:21 KST | INFO | --------------------------------------------------------------------------------
2026-02-21 22:20:21 KST | INFO | ✓ Orchestrator listening on 127.0.0.1:8080
2026-02-21 22:20:21 KST | INFO | ✓ Helper node on 127.0.0.1:8082
2026-02-21 22:20:21 KST | INFO | 
2026-02-21 22:20:21 KST | INFO | Waiting for helper node...
2026-02-21 22:20:22 KST | INFO | ✓ Helper node connected
2026-02-21 22:20:22 KST | INFO | ✓ Noise config sent to helper (activation: 2.0%, gradient: 10.0%)
2026-02-21 22:20:22 KST | INFO | 
2026-02-21 22:20:22 KST | INFO | Waiting for 6 node(s)...
2026-02-21 22:20:26 KST | INFO |   ✓ Node 1/6 connected
2026-02-21 22:20:27 KST | INFO |   ✓ Node 2/6 connected
2026-02-21 22:20:28 KST | INFO |   ✓ Node 3/6 connected
2026-02-21 22:20:29 KST | INFO |   ✓ Node 4/6 connected
2026-02-21 22:20:30 KST | INFO |   ✓ Node 5/6 connected
2026-02-21 22:20:31 KST | INFO |   ✓ Node 6/6 connected
2026-02-21 22:20:31 KST | INFO | ✓ All 6 node(s) connected
2026-02-21 22:20:31 KST | INFO | 
2026-02-21 22:20:31 KST | INFO | --------------------------------------------------------------------------------
2026-02-21 22:20:31 KST | INFO | MODEL INITIALIZATION
2026-02-21 22:20:31 KST | INFO | --------------------------------------------------------------------------------
2026-02-21 22:20:31 KST | INFO | Node-side parameters: 260,160
2026-02-21 22:20:31 KST | INFO | 
2026-02-21 22:20:31 KST | INFO | --------------------------------------------------------------------------------
2026-02-21 22:20:31 KST | INFO | BROADCASTING CONFIGURATION
2026-02-21 22:20:31 KST | INFO | --------------------------------------------------------------------------------
2026-02-21 22:20:31 KST | INFO | ✓ Configuration broadcast to all nodes
2026-02-21 22:20:33 KST | INFO | 
2026-02-21 22:20:33 KST | INFO | Total parameters:     3,246,150
2026-02-21 22:20:33 KST | INFO | Trainable parameters: 3,246,150
2026-02-21 22:20:33 KST | INFO | 
2026-02-21 22:20:33 KST | INFO | --------------------------------------------------------------------------------
2026-02-21 22:20:33 KST | INFO | DATA LOADING
2026-02-21 22:20:33 KST | INFO | --------------------------------------------------------------------------------
2026-02-21 22:21:01 KST | INFO | ✓ Dataset information collected:
2026-02-21 22:21:01 KST | INFO |     Node 1: 5,000 samples
2026-02-21 22:21:01 KST | INFO |     Node 2: 5,000 samples
2026-02-21 22:21:01 KST | INFO |     Node 3: 5,000 samples
2026-02-21 22:21:01 KST | INFO |     Node 4: 5,000 samples
2026-02-21 22:21:01 KST | INFO |     Node 5: 5,000 samples
2026-02-21 22:21:01 KST | INFO |     Node 6: 5,000 samples
2026-02-21 22:21:01 KST | INFO |   Total training samples: 30,000
2026-02-21 22:21:01 KST | INFO | 
2026-02-21 22:21:04 KST | INFO | ✓ Test dataset loaded: 6,000 samples
2026-02-21 22:21:04 KST | INFO | 
2026-02-21 22:21:04 KST | INFO | ✓ Batch scheduler: 235 batches/epoch
2026-02-21 22:21:04 KST | INFO | 
2026-02-21 22:21:04 KST | INFO | --------------------------------------------------------------------------------
2026-02-21 22:21:04 KST | INFO | OPTIMIZATION SETUP
2026-02-21 22:21:04 KST | INFO | --------------------------------------------------------------------------------
2026-02-21 22:21:04 KST | INFO | ✓ Optimizer: SGD (lr=0.1, momentum=0.9)
2026-02-21 22:21:04 KST | INFO | ✓ Scheduler: cosine
2026-02-21 22:21:04 KST | INFO | ✓ Gradient clipping: 1.0
2026-02-21 22:21:04 KST | INFO | 
2026-02-21 22:21:04 KST | INFO | ================================================================================
2026-02-21 22:21:04 KST | INFO | Setup complete - Ready for training
2026-02-21 22:21:04 KST | INFO | ================================================================================
2026-02-21 22:21:04 KST | INFO | 
2026-02-21 22:21:04 KST | INFO | --------------------------------------------------------------------------------
2026-02-21 22:21:04 KST | INFO | TRAINING
2026-02-21 22:21:04 KST | INFO | --------------------------------------------------------------------------------
2026-02-21 22:21:04 KST | INFO | 
2026-02-21 22:21:04 KST | INFO | Epoch 1/200 | LR: 0.100000
2026-02-21 22:22:43 KST | INFO |   Train Loss: 1.3608 | Test Loss: 0.0046 | Test Acc: 55.35%
2026-02-21 22:22:43 KST | INFO |   🏆 New best accuracy: 55.35%
2026-02-21 22:22:43 KST | INFO | 
2026-02-21 22:22:43 KST | INFO | Epoch 2/200 | LR: 0.099994
2026-02-21 22:24:24 KST | INFO |   Train Loss: 1.0717 | Test Loss: 0.0041 | Test Acc: 61.77%
2026-02-21 22:24:24 KST | INFO |   🏆 New best accuracy: 61.77%
2026-02-21 22:24:24 KST | INFO | 
2026-02-21 22:24:24 KST | INFO | Epoch 3/200 | LR: 0.099975
2026-02-21 22:26:05 KST | INFO |   Train Loss: 0.9088 | Test Loss: 0.0035 | Test Acc: 67.32%
2026-02-21 22:26:05 KST | INFO |   🏆 New best accuracy: 67.32%
2026-02-21 22:26:05 KST | INFO | 
2026-02-21 22:26:05 KST | INFO | Epoch 4/200 | LR: 0.099944
2026-02-21 22:27:46 KST | INFO |   Train Loss: 0.7761 | Test Loss: 0.0031 | Test Acc: 70.53%
2026-02-21 22:27:46 KST | INFO |   🏆 New best accuracy: 70.53%
2026-02-21 22:27:46 KST | INFO | 
2026-02-21 22:27:46 KST | INFO | Epoch 5/200 | LR: 0.099901
2026-02-21 22:29:28 KST | INFO |   Train Loss: 0.6830 | Test Loss: 0.0030 | Test Acc: 72.70%
2026-02-21 22:29:28 KST | INFO |   🏆 New best accuracy: 72.70%
2026-02-21 22:29:28 KST | INFO | 
2026-02-21 22:29:28 KST | INFO | Epoch 6/200 | LR: 0.099846
2026-02-21 22:31:02 KST | INFO |   Train Loss: 0.6194 | Test Loss: 0.0026 | Test Acc: 76.95%
2026-02-21 22:31:02 KST | INFO |   🏆 New best accuracy: 76.95%
2026-02-21 22:31:02 KST | INFO | 
2026-02-21 22:31:02 KST | INFO | Epoch 7/200 | LR: 0.099778
2026-02-21 22:32:50 KST | INFO |   Train Loss: 0.5736 | Test Loss: 0.0028 | Test Acc: 74.90%
2026-02-21 22:32:50 KST | INFO |   No improvement (1/30)
2026-02-21 22:32:50 KST | INFO | 
2026-02-21 22:32:50 KST | INFO | Epoch 8/200 | LR: 0.099698
2026-02-21 22:34:24 KST | INFO |   Train Loss: 0.5376 | Test Loss: 0.0027 | Test Acc: 73.93%
2026-02-21 22:34:24 KST | INFO |   No improvement (2/30)
2026-02-21 22:34:24 KST | INFO | 
2026-02-21 22:34:24 KST | INFO | Epoch 9/200 | LR: 0.099606
2026-02-21 22:36:11 KST | INFO |   Train Loss: 0.5090 | Test Loss: 0.0023 | Test Acc: 80.90%
2026-02-21 22:36:11 KST | INFO |   🏆 New best accuracy: 80.90%
2026-02-21 22:36:11 KST | INFO | 
2026-02-21 22:36:11 KST | INFO | Epoch 10/200 | LR: 0.099501
2026-02-21 22:37:45 KST | INFO |   Train Loss: 0.4807 | Test Loss: 0.0027 | Test Acc: 77.15%
2026-02-21 22:37:45 KST | INFO |   No improvement (1/30)
2026-02-21 22:37:45 KST | INFO | 
2026-02-21 22:37:45 KST | INFO | Epoch 11/200 | LR: 0.099384
2026-02-21 22:39:25 KST | INFO |   Train Loss: 0.4651 | Test Loss: 0.0022 | Test Acc: 80.53%
2026-02-21 22:39:25 KST | INFO |   No improvement (2/30)
2026-02-21 22:39:25 KST | INFO | 
2026-02-21 22:39:25 KST | INFO | Epoch 12/200 | LR: 0.099255
2026-02-21 22:41:06 KST | INFO |   Train Loss: 0.4435 | Test Loss: 0.0022 | Test Acc: 80.55%
2026-02-21 22:41:06 KST | INFO |   No improvement (3/30)
2026-02-21 22:41:06 KST | INFO | 
2026-02-21 22:41:06 KST | INFO | Epoch 13/200 | LR: 0.099114
2026-02-21 22:42:40 KST | INFO |   Train Loss: 0.4293 | Test Loss: 0.0023 | Test Acc: 80.13%
2026-02-21 22:42:40 KST | INFO |   No improvement (4/30)
2026-02-21 22:42:40 KST | INFO | 
2026-02-21 22:42:40 KST | INFO | Epoch 14/200 | LR: 0.098961
2026-02-21 22:44:29 KST | INFO |   Train Loss: 0.4143 | Test Loss: 0.0022 | Test Acc: 80.33%
2026-02-21 22:44:29 KST | INFO |   No improvement (5/30)
2026-02-21 22:44:29 KST | INFO | 
2026-02-21 22:44:29 KST | INFO | Epoch 15/200 | LR: 0.098796
2026-02-21 22:46:03 KST | INFO |   Train Loss: 0.4008 | Test Loss: 0.0022 | Test Acc: 79.92%
2026-02-21 22:46:03 KST | INFO |   No improvement (6/30)
2026-02-21 22:46:03 KST | INFO | 
2026-02-21 22:46:03 KST | INFO | Epoch 16/200 | LR: 0.098619
2026-02-21 22:47:51 KST | INFO |   Train Loss: 0.3897 | Test Loss: 0.0022 | Test Acc: 81.43%
2026-02-21 22:47:51 KST | INFO |   🏆 New best accuracy: 81.43%
2026-02-21 22:47:51 KST | INFO | 
2026-02-21 22:47:51 KST | INFO | Epoch 17/200 | LR: 0.098429
2026-02-21 22:49:25 KST | INFO |   Train Loss: 0.3817 | Test Loss: 0.0019 | Test Acc: 83.85%
2026-02-21 22:49:25 KST | INFO |   🏆 New best accuracy: 83.85%
2026-02-21 22:49:25 KST | INFO | 
2026-02-21 22:49:25 KST | INFO | Epoch 18/200 | LR: 0.098228
2026-02-21 22:51:04 KST | INFO |   Train Loss: 0.3670 | Test Loss: 0.0019 | Test Acc: 82.52%
2026-02-21 22:51:04 KST | INFO |   No improvement (1/30)
2026-02-21 22:51:04 KST | INFO | 
2026-02-21 22:51:04 KST | INFO | Epoch 19/200 | LR: 0.098015
2026-02-21 22:52:46 KST | INFO |   Train Loss: 0.3584 | Test Loss: 0.0021 | Test Acc: 80.42%
2026-02-21 22:52:46 KST | INFO |   No improvement (2/30)
2026-02-21 22:52:46 KST | INFO | 
2026-02-21 22:52:46 KST | INFO | Epoch 20/200 | LR: 0.097790
2026-02-21 22:54:19 KST | INFO |   Train Loss: 0.3551 | Test Loss: 0.0017 | Test Acc: 84.62%
2026-02-21 22:54:19 KST | INFO |   🏆 New best accuracy: 84.62%
2026-02-21 22:54:19 KST | INFO | 
2026-02-21 22:54:19 KST | INFO | Epoch 21/200 | LR: 0.097553
2026-02-21 22:56:14 KST | INFO |   Train Loss: 0.3434 | Test Loss: 0.0018 | Test Acc: 84.42%
2026-02-21 22:56:14 KST | INFO |   No improvement (1/30)
2026-02-21 22:56:14 KST | INFO | 
2026-02-21 22:56:14 KST | INFO | Epoch 22/200 | LR: 0.097304
2026-02-21 22:57:48 KST | INFO |   Train Loss: 0.3401 | Test Loss: 0.0017 | Test Acc: 84.73%
2026-02-21 22:57:48 KST | INFO |   🏆 New best accuracy: 84.73%
2026-02-21 22:57:48 KST | INFO | 
2026-02-21 22:57:48 KST | INFO | Epoch 23/200 | LR: 0.097044
2026-02-21 22:59:34 KST | INFO |   Train Loss: 0.3300 | Test Loss: 0.0022 | Test Acc: 79.83%
2026-02-21 22:59:34 KST | INFO |   No improvement (1/30)
2026-02-21 22:59:34 KST | INFO | 
2026-02-21 22:59:34 KST | INFO | Epoch 24/200 | LR: 0.096772
2026-02-21 23:01:08 KST | INFO |   Train Loss: 0.3259 | Test Loss: 0.0017 | Test Acc: 85.25%
2026-02-21 23:01:08 KST | INFO |   🏆 New best accuracy: 85.25%
2026-02-21 23:01:08 KST | INFO | 
2026-02-21 23:01:08 KST | INFO | Epoch 25/200 | LR: 0.096489
2026-02-21 23:02:48 KST | INFO |   Train Loss: 0.3149 | Test Loss: 0.0018 | Test Acc: 83.03%
2026-02-21 23:02:48 KST | INFO |   No improvement (1/30)
2026-02-21 23:02:48 KST | INFO | 
2026-02-21 23:02:48 KST | INFO | Epoch 26/200 | LR: 0.096194
2026-02-21 23:04:29 KST | INFO |   Train Loss: 0.3109 | Test Loss: 0.0016 | Test Acc: 85.77%
2026-02-21 23:04:29 KST | INFO |   🏆 New best accuracy: 85.77%
2026-02-21 23:04:29 KST | INFO | 
2026-02-21 23:04:29 KST | INFO | Epoch 27/200 | LR: 0.095888
2026-02-21 23:06:05 KST | INFO |   Train Loss: 0.3103 | Test Loss: 0.0017 | Test Acc: 84.82%
2026-02-21 23:06:05 KST | INFO |   No improvement (1/30)
2026-02-21 23:06:05 KST | INFO | 
2026-02-21 23:06:05 KST | INFO | Epoch 28/200 | LR: 0.095570
2026-02-21 23:07:50 KST | INFO |   Train Loss: 0.3036 | Test Loss: 0.0017 | Test Acc: 84.82%
2026-02-21 23:07:50 KST | INFO |   No improvement (2/30)
2026-02-21 23:07:50 KST | INFO | 
2026-02-21 23:07:50 KST | INFO | Epoch 29/200 | LR: 0.095241
2026-02-21 23:09:23 KST | INFO |   Train Loss: 0.3011 | Test Loss: 0.0017 | Test Acc: 85.17%
2026-02-21 23:09:23 KST | INFO |   No improvement (3/30)
2026-02-21 23:09:23 KST | INFO | 
2026-02-21 23:09:23 KST | INFO | Epoch 30/200 | LR: 0.094901
2026-02-21 23:11:10 KST | INFO |   Train Loss: 0.2936 | Test Loss: 0.0021 | Test Acc: 81.12%
2026-02-21 23:11:10 KST | INFO |   No improvement (4/30)
2026-02-21 23:11:10 KST | INFO | 
2026-02-21 23:11:10 KST | INFO | Epoch 31/200 | LR: 0.094550
2026-02-21 23:12:51 KST | INFO |   Train Loss: 0.2906 | Test Loss: 0.0016 | Test Acc: 85.77%
2026-02-21 23:12:51 KST | INFO |   No improvement (5/30)
2026-02-21 23:12:51 KST | INFO | 
2026-02-21 23:12:51 KST | INFO | Epoch 32/200 | LR: 0.094188
2026-02-21 23:14:32 KST | INFO |   Train Loss: 0.2852 | Test Loss: 0.0017 | Test Acc: 85.98%
2026-02-21 23:14:32 KST | INFO |   🏆 New best accuracy: 85.98%
2026-02-21 23:14:32 KST | INFO | 
2026-02-21 23:14:32 KST | INFO | Epoch 33/200 | LR: 0.093815
2026-02-21 23:16:12 KST | INFO |   Train Loss: 0.2788 | Test Loss: 0.0016 | Test Acc: 85.80%
2026-02-21 23:16:12 KST | INFO |   No improvement (1/30)
2026-02-21 23:16:12 KST | INFO | 
2026-02-21 23:16:12 KST | INFO | Epoch 34/200 | LR: 0.093432
2026-02-21 23:17:53 KST | INFO |   Train Loss: 0.2789 | Test Loss: 0.0021 | Test Acc: 81.42%
2026-02-21 23:17:53 KST | INFO |   No improvement (2/30)
2026-02-21 23:17:53 KST | INFO | 
2026-02-21 23:17:53 KST | INFO | Epoch 35/200 | LR: 0.093037
2026-02-21 23:19:34 KST | INFO |   Train Loss: 0.2806 | Test Loss: 0.0017 | Test Acc: 84.33%
2026-02-21 23:19:34 KST | INFO |   No improvement (3/30)
2026-02-21 23:19:34 KST | INFO | 
2026-02-21 23:19:34 KST | INFO | Epoch 36/200 | LR: 0.092632
2026-02-21 23:21:15 KST | INFO |   Train Loss: 0.2804 | Test Loss: 0.0017 | Test Acc: 84.68%
2026-02-21 23:21:15 KST | INFO |   No improvement (4/30)
2026-02-21 23:21:15 KST | INFO | 
2026-02-21 23:21:15 KST | INFO | Epoch 37/200 | LR: 0.092216
2026-02-21 23:22:55 KST | INFO |   Train Loss: 0.2680 | Test Loss: 0.0021 | Test Acc: 80.43%
2026-02-21 23:22:55 KST | INFO |   No improvement (5/30)
2026-02-21 23:22:55 KST | INFO | 
2026-02-21 23:22:55 KST | INFO | Epoch 38/200 | LR: 0.091790
2026-02-21 23:24:35 KST | INFO |   Train Loss: 0.2678 | Test Loss: 0.0017 | Test Acc: 84.82%
2026-02-21 23:24:35 KST | INFO |   No improvement (6/30)
2026-02-21 23:24:35 KST | INFO | 
2026-02-21 23:24:35 KST | INFO | Epoch 39/200 | LR: 0.091354
2026-02-21 23:26:16 KST | INFO |   Train Loss: 0.2679 | Test Loss: 0.0021 | Test Acc: 81.40%
2026-02-21 23:26:16 KST | INFO |   No improvement (7/30)
2026-02-21 23:26:16 KST | INFO | 
2026-02-21 23:26:16 KST | INFO | Epoch 40/200 | LR: 0.090908
2026-02-21 23:27:50 KST | INFO |   Train Loss: 0.2610 | Test Loss: 0.0018 | Test Acc: 83.97%
2026-02-21 23:27:50 KST | INFO |   No improvement (8/30)
2026-02-21 23:27:50 KST | INFO | 
2026-02-21 23:27:50 KST | INFO | Epoch 41/200 | LR: 0.090451
2026-02-21 23:29:31 KST | INFO |   Train Loss: 0.2582 | Test Loss: 0.0021 | Test Acc: 81.82%
2026-02-21 23:29:31 KST | INFO |   No improvement (9/30)
2026-02-21 23:29:31 KST | INFO | 
2026-02-21 23:29:31 KST | INFO | Epoch 42/200 | LR: 0.089984
2026-02-21 23:31:12 KST | INFO |   Train Loss: 0.2523 | Test Loss: 0.0014 | Test Acc: 87.83%
2026-02-21 23:31:12 KST | INFO |   🏆 New best accuracy: 87.83%
2026-02-21 23:31:12 KST | INFO | 
2026-02-21 23:31:12 KST | INFO | Epoch 43/200 | LR: 0.089508
2026-02-21 23:32:53 KST | INFO |   Train Loss: 0.2563 | Test Loss: 0.0019 | Test Acc: 83.63%
2026-02-21 23:32:53 KST | INFO |   No improvement (1/30)
2026-02-21 23:32:53 KST | INFO | 
2026-02-21 23:32:53 KST | INFO | Epoch 44/200 | LR: 0.089022
2026-02-21 23:34:33 KST | INFO |   Train Loss: 0.2442 | Test Loss: 0.0018 | Test Acc: 83.73%
2026-02-21 23:34:33 KST | INFO |   No improvement (2/30)
2026-02-21 23:34:33 KST | INFO | 
2026-02-21 23:34:33 KST | INFO | Epoch 45/200 | LR: 0.088526
2026-02-21 23:36:14 KST | INFO |   Train Loss: 0.2443 | Test Loss: 0.0019 | Test Acc: 83.02%
2026-02-21 23:36:14 KST | INFO |   No improvement (3/30)
2026-02-21 23:36:14 KST | INFO | 
2026-02-21 23:36:14 KST | INFO | Epoch 46/200 | LR: 0.088020
2026-02-21 23:37:48 KST | INFO |   Train Loss: 0.2450 | Test Loss: 0.0017 | Test Acc: 85.43%
2026-02-21 23:37:48 KST | INFO |   No improvement (4/30)
2026-02-21 23:37:48 KST | INFO | 
2026-02-21 23:37:48 KST | INFO | Epoch 47/200 | LR: 0.087506
2026-02-21 23:39:34 KST | INFO |   Train Loss: 0.2441 | Test Loss: 0.0015 | Test Acc: 86.80%
2026-02-21 23:39:34 KST | INFO |   No improvement (5/30)
2026-02-21 23:39:34 KST | INFO | 
2026-02-21 23:39:34 KST | INFO | Epoch 48/200 | LR: 0.086982
2026-02-21 23:41:08 KST | INFO |   Train Loss: 0.2409 | Test Loss: 0.0014 | Test Acc: 87.78%
2026-02-21 23:41:08 KST | INFO |   No improvement (6/30)
2026-02-21 23:41:08 KST | INFO | 
2026-02-21 23:41:08 KST | INFO | Epoch 49/200 | LR: 0.086449
2026-02-21 23:42:56 KST | INFO |   Train Loss: 0.2360 | Test Loss: 0.0017 | Test Acc: 84.35%
2026-02-21 23:42:56 KST | INFO |   No improvement (7/30)
2026-02-21 23:42:56 KST | INFO | 
2026-02-21 23:42:56 KST | INFO | Epoch 50/200 | LR: 0.085906
2026-02-21 23:44:31 KST | INFO |   Train Loss: 0.2300 | Test Loss: 0.0017 | Test Acc: 86.02%
2026-02-21 23:44:31 KST | INFO |   No improvement (8/30)
2026-02-21 23:44:31 KST | INFO | 
2026-02-21 23:44:31 KST | INFO | Epoch 51/200 | LR: 0.085355
2026-02-21 23:46:11 KST | INFO |   Train Loss: 0.2345 | Test Loss: 0.0016 | Test Acc: 85.98%
2026-02-21 23:46:11 KST | INFO |   No improvement (9/30)
2026-02-21 23:46:11 KST | INFO | 
2026-02-21 23:46:11 KST | INFO | Epoch 52/200 | LR: 0.084796
2026-02-21 23:47:52 KST | INFO |   Train Loss: 0.2327 | Test Loss: 0.0013 | Test Acc: 87.97%
2026-02-21 23:47:52 KST | INFO |   🏆 New best accuracy: 87.97%
2026-02-21 23:47:52 KST | INFO | 
2026-02-21 23:47:52 KST | INFO | Epoch 53/200 | LR: 0.084228
2026-02-21 23:49:29 KST | INFO |   Train Loss: 0.2249 | Test Loss: 0.0014 | Test Acc: 87.60%
2026-02-21 23:49:29 KST | INFO |   No improvement (1/30)
2026-02-21 23:49:29 KST | INFO | 
2026-02-21 23:49:29 KST | INFO | Epoch 54/200 | LR: 0.083651
2026-02-21 23:51:13 KST | INFO |   Train Loss: 0.2266 | Test Loss: 0.0015 | Test Acc: 86.13%
2026-02-21 23:51:13 KST | INFO |   No improvement (2/30)
2026-02-21 23:51:13 KST | INFO | 
2026-02-21 23:51:13 KST | INFO | Epoch 55/200 | LR: 0.083066
2026-02-21 23:52:47 KST | INFO |   Train Loss: 0.2268 | Test Loss: 0.0015 | Test Acc: 87.08%
2026-02-21 23:52:47 KST | INFO |   No improvement (3/30)
2026-02-21 23:52:47 KST | INFO | 
2026-02-21 23:52:47 KST | INFO | Epoch 56/200 | LR: 0.082473
2026-02-21 23:54:34 KST | INFO |   Train Loss: 0.2186 | Test Loss: 0.0014 | Test Acc: 87.60%
2026-02-21 23:54:34 KST | INFO |   No improvement (4/30)
2026-02-21 23:54:34 KST | INFO | 
2026-02-21 23:54:34 KST | INFO | Epoch 57/200 | LR: 0.081871
2026-02-21 23:56:08 KST | INFO |   Train Loss: 0.2173 | Test Loss: 0.0018 | Test Acc: 84.70%
2026-02-21 23:56:08 KST | INFO |   No improvement (5/30)
2026-02-21 23:56:08 KST | INFO | 
2026-02-21 23:56:08 KST | INFO | Epoch 58/200 | LR: 0.081262
2026-02-21 23:57:58 KST | INFO |   Train Loss: 0.2152 | Test Loss: 0.0017 | Test Acc: 85.38%
2026-02-21 23:57:58 KST | INFO |   No improvement (6/30)
2026-02-21 23:57:58 KST | INFO | 
2026-02-21 23:57:58 KST | INFO | Epoch 59/200 | LR: 0.080646
2026-02-21 23:59:32 KST | INFO |   Train Loss: 0.2138 | Test Loss: 0.0013 | Test Acc: 88.40%
2026-02-21 23:59:32 KST | INFO |   🏆 New best accuracy: 88.40%
2026-02-21 23:59:32 KST | INFO | 
2026-02-21 23:59:32 KST | INFO | Epoch 60/200 | LR: 0.080021
2026-02-22 00:01:11 KST | INFO |   Train Loss: 0.2147 | Test Loss: 0.0015 | Test Acc: 87.15%
2026-02-22 00:01:11 KST | INFO |   No improvement (1/30)
2026-02-22 00:01:11 KST | INFO | 
2026-02-22 00:01:11 KST | INFO | Epoch 61/200 | LR: 0.079389
2026-02-22 00:02:53 KST | INFO |   Train Loss: 0.2085 | Test Loss: 0.0020 | Test Acc: 82.03%
2026-02-22 00:02:53 KST | INFO |   No improvement (2/30)
2026-02-22 00:02:53 KST | INFO | 
2026-02-22 00:02:53 KST | INFO | Epoch 62/200 | LR: 0.078750
2026-02-22 00:04:34 KST | INFO |   Train Loss: 0.2064 | Test Loss: 0.0015 | Test Acc: 86.73%
2026-02-22 00:04:34 KST | INFO |   No improvement (3/30)
2026-02-22 00:04:34 KST | INFO | 
2026-02-22 00:04:34 KST | INFO | Epoch 63/200 | LR: 0.078104
2026-02-22 00:06:15 KST | INFO |   Train Loss: 0.2030 | Test Loss: 0.0018 | Test Acc: 85.22%
2026-02-22 00:06:15 KST | INFO |   No improvement (4/30)
2026-02-22 00:06:15 KST | INFO | 
2026-02-22 00:06:15 KST | INFO | Epoch 64/200 | LR: 0.077451
2026-02-22 00:07:56 KST | INFO |   Train Loss: 0.2045 | Test Loss: 0.0014 | Test Acc: 87.62%
2026-02-22 00:07:56 KST | INFO |   No improvement (5/30)
2026-02-22 00:07:56 KST | INFO | 
2026-02-22 00:07:56 KST | INFO | Epoch 65/200 | LR: 0.076792
2026-02-22 00:09:37 KST | INFO |   Train Loss: 0.1982 | Test Loss: 0.0015 | Test Acc: 86.47%
2026-02-22 00:09:37 KST | INFO |   No improvement (6/30)
2026-02-22 00:09:37 KST | INFO | 
2026-02-22 00:09:37 KST | INFO | Epoch 66/200 | LR: 0.076125
2026-02-22 00:11:18 KST | INFO |   Train Loss: 0.1997 | Test Loss: 0.0016 | Test Acc: 85.92%
2026-02-22 00:11:18 KST | INFO |   No improvement (7/30)
2026-02-22 00:11:18 KST | INFO | 
2026-02-22 00:11:18 KST | INFO | Epoch 67/200 | LR: 0.075452
2026-02-22 00:12:58 KST | INFO |   Train Loss: 0.1944 | Test Loss: 0.0017 | Test Acc: 84.85%
2026-02-22 00:12:58 KST | INFO |   No improvement (8/30)
2026-02-22 00:12:58 KST | INFO | 
2026-02-22 00:12:58 KST | INFO | Epoch 68/200 | LR: 0.074773
2026-02-22 00:14:32 KST | INFO |   Train Loss: 0.1891 | Test Loss: 0.0021 | Test Acc: 81.88%
2026-02-22 00:14:32 KST | INFO |   No improvement (9/30)
2026-02-22 00:14:32 KST | INFO | 
2026-02-22 00:14:32 KST | INFO | Epoch 69/200 | LR: 0.074088
2026-02-22 00:16:13 KST | INFO |   Train Loss: 0.1925 | Test Loss: 0.0014 | Test Acc: 87.57%
2026-02-22 00:16:13 KST | INFO |   No improvement (10/30)
2026-02-22 00:16:13 KST | INFO | 
2026-02-22 00:16:13 KST | INFO | Epoch 70/200 | LR: 0.073397
2026-02-22 00:17:53 KST | INFO |   Train Loss: 0.1895 | Test Loss: 0.0018 | Test Acc: 84.85%
2026-02-22 00:17:53 KST | INFO |   No improvement (11/30)
2026-02-22 00:17:53 KST | INFO | 
2026-02-22 00:17:53 KST | INFO | Epoch 71/200 | LR: 0.072700
2026-02-22 00:19:33 KST | INFO |   Train Loss: 0.1903 | Test Loss: 0.0017 | Test Acc: 85.07%
2026-02-22 00:19:33 KST | INFO |   No improvement (12/30)
2026-02-22 00:19:33 KST | INFO | 
2026-02-22 00:19:33 KST | INFO | Epoch 72/200 | LR: 0.071997
2026-02-22 00:21:14 KST | INFO |   Train Loss: 0.1874 | Test Loss: 0.0013 | Test Acc: 88.30%
2026-02-22 00:21:14 KST | INFO |   No improvement (13/30)
2026-02-22 00:21:14 KST | INFO | 
2026-02-22 00:21:14 KST | INFO | Epoch 73/200 | LR: 0.071289
2026-02-22 00:22:48 KST | INFO |   Train Loss: 0.1830 | Test Loss: 0.0016 | Test Acc: 85.83%
2026-02-22 00:22:48 KST | INFO |   No improvement (14/30)
2026-02-22 00:22:48 KST | INFO | 
2026-02-22 00:22:48 KST | INFO | Epoch 74/200 | LR: 0.070576
2026-02-22 00:24:35 KST | INFO |   Train Loss: 0.1789 | Test Loss: 0.0015 | Test Acc: 86.85%
2026-02-22 00:24:35 KST | INFO |   No improvement (15/30)
2026-02-22 00:24:35 KST | INFO | 
2026-02-22 00:24:35 KST | INFO | Epoch 75/200 | LR: 0.069858
2026-02-22 00:26:09 KST | INFO |   Train Loss: 0.1803 | Test Loss: 0.0015 | Test Acc: 86.90%
2026-02-22 00:26:09 KST | INFO |   No improvement (16/30)
2026-02-22 00:26:09 KST | INFO | 
2026-02-22 00:26:09 KST | INFO | Epoch 76/200 | LR: 0.069134
2026-02-22 00:27:56 KST | INFO |   Train Loss: 0.1770 | Test Loss: 0.0014 | Test Acc: 87.77%
2026-02-22 00:27:56 KST | INFO |   No improvement (17/30)
2026-02-22 00:27:56 KST | INFO | 
2026-02-22 00:27:56 KST | INFO | Epoch 77/200 | LR: 0.068407
2026-02-22 00:29:30 KST | INFO |   Train Loss: 0.1766 | Test Loss: 0.0014 | Test Acc: 87.48%
2026-02-22 00:29:30 KST | INFO |   No improvement (18/30)
2026-02-22 00:29:30 KST | INFO | 
2026-02-22 00:29:30 KST | INFO | Epoch 78/200 | LR: 0.067674
2026-02-22 00:31:11 KST | INFO |   Train Loss: 0.1701 | Test Loss: 0.0014 | Test Acc: 88.15%
2026-02-22 00:31:11 KST | INFO |   No improvement (19/30)
2026-02-22 00:31:11 KST | INFO | 
2026-02-22 00:31:11 KST | INFO | Epoch 79/200 | LR: 0.066937
2026-02-22 00:32:51 KST | INFO |   Train Loss: 0.1688 | Test Loss: 0.0013 | Test Acc: 88.83%
2026-02-22 00:32:51 KST | INFO |   🏆 New best accuracy: 88.83%
2026-02-22 00:32:51 KST | INFO | 
2026-02-22 00:32:51 KST | INFO | Epoch 80/200 | LR: 0.066196
2026-02-22 00:34:32 KST | INFO |   Train Loss: 0.1684 | Test Loss: 0.0014 | Test Acc: 87.67%
2026-02-22 00:34:32 KST | INFO |   No improvement (1/30)
2026-02-22 00:34:32 KST | INFO | 
2026-02-22 00:34:32 KST | INFO | Epoch 81/200 | LR: 0.065451
2026-02-22 00:36:13 KST | INFO |   Train Loss: 0.1683 | Test Loss: 0.0014 | Test Acc: 87.67%
2026-02-22 00:36:13 KST | INFO |   No improvement (2/30)
2026-02-22 00:36:13 KST | INFO | 
2026-02-22 00:36:13 KST | INFO | Epoch 82/200 | LR: 0.064702
2026-02-22 00:37:54 KST | INFO |   Train Loss: 0.1616 | Test Loss: 0.0015 | Test Acc: 86.50%
2026-02-22 00:37:54 KST | INFO |   No improvement (3/30)
2026-02-22 00:37:54 KST | INFO | 
2026-02-22 00:37:54 KST | INFO | Epoch 83/200 | LR: 0.063950
2026-02-22 00:39:35 KST | INFO |   Train Loss: 0.1618 | Test Loss: 0.0013 | Test Acc: 88.73%
2026-02-22 00:39:35 KST | INFO |   No improvement (4/30)
2026-02-22 00:39:35 KST | INFO | 
2026-02-22 00:39:35 KST | INFO | Epoch 84/200 | LR: 0.063194
2026-02-22 00:41:15 KST | INFO |   Train Loss: 0.1544 | Test Loss: 0.0015 | Test Acc: 87.32%
2026-02-22 00:41:15 KST | INFO |   No improvement (5/30)
2026-02-22 00:41:15 KST | INFO | 
2026-02-22 00:41:15 KST | INFO | Epoch 85/200 | LR: 0.062435
2026-02-22 00:42:48 KST | INFO |   Train Loss: 0.1583 | Test Loss: 0.0013 | Test Acc: 88.85%
2026-02-22 00:42:48 KST | INFO |   🏆 New best accuracy: 88.85%
2026-02-22 00:42:48 KST | INFO | 
2026-02-22 00:42:48 KST | INFO | Epoch 86/200 | LR: 0.061673
2026-02-22 00:44:36 KST | INFO |   Train Loss: 0.1570 | Test Loss: 0.0013 | Test Acc: 88.18%
2026-02-22 00:44:36 KST | INFO |   No improvement (1/30)
2026-02-22 00:44:36 KST | INFO | 
2026-02-22 00:44:36 KST | INFO | Epoch 87/200 | LR: 0.060908
2026-02-22 00:46:10 KST | INFO |   Train Loss: 0.1469 | Test Loss: 0.0016 | Test Acc: 87.18%
2026-02-22 00:46:10 KST | INFO |   No improvement (2/30)
2026-02-22 00:46:10 KST | INFO | 
2026-02-22 00:46:10 KST | INFO | Epoch 88/200 | LR: 0.060140
2026-02-22 00:47:51 KST | INFO |   Train Loss: 0.1559 | Test Loss: 0.0014 | Test Acc: 87.80%
2026-02-22 00:47:51 KST | INFO |   No improvement (3/30)
2026-02-22 00:47:51 KST | INFO | 
2026-02-22 00:47:51 KST | INFO | Epoch 89/200 | LR: 0.059369
2026-02-22 00:49:32 KST | INFO |   Train Loss: 0.1505 | Test Loss: 0.0015 | Test Acc: 86.37%
2026-02-22 00:49:32 KST | INFO |   No improvement (4/30)
2026-02-22 00:49:32 KST | INFO | 
2026-02-22 00:49:32 KST | INFO | Epoch 90/200 | LR: 0.058597
2026-02-22 00:51:09 KST | INFO |   Train Loss: 0.1473 | Test Loss: 0.0015 | Test Acc: 87.02%
2026-02-22 00:51:09 KST | INFO |   No improvement (5/30)
2026-02-22 00:51:09 KST | INFO | 
2026-02-22 00:51:09 KST | INFO | Epoch 91/200 | LR: 0.057822
2026-02-22 00:52:52 KST | INFO |   Train Loss: 0.1432 | Test Loss: 0.0014 | Test Acc: 87.25%
2026-02-22 00:52:52 KST | INFO |   No improvement (6/30)
2026-02-22 00:52:52 KST | INFO | 
2026-02-22 00:52:52 KST | INFO | Epoch 92/200 | LR: 0.057045
2026-02-22 00:54:26 KST | INFO |   Train Loss: 0.1427 | Test Loss: 0.0013 | Test Acc: 88.60%
2026-02-22 00:54:26 KST | INFO |   No improvement (7/30)
2026-02-22 00:54:26 KST | INFO | 
2026-02-22 00:54:26 KST | INFO | Epoch 93/200 | LR: 0.056267
2026-02-22 00:56:13 KST | INFO |   Train Loss: 0.1416 | Test Loss: 0.0012 | Test Acc: 88.83%
2026-02-22 00:56:13 KST | INFO |   No improvement (8/30)
2026-02-22 00:56:13 KST | INFO | 
2026-02-22 00:56:13 KST | INFO | Epoch 94/200 | LR: 0.055487
2026-02-22 00:57:47 KST | INFO |   Train Loss: 0.1385 | Test Loss: 0.0016 | Test Acc: 86.68%
2026-02-22 00:57:47 KST | INFO |   No improvement (9/30)
2026-02-22 00:57:47 KST | INFO | 
2026-02-22 00:57:47 KST | INFO | Epoch 95/200 | LR: 0.054706
2026-02-22 00:59:42 KST | INFO |   Train Loss: 0.1337 | Test Loss: 0.0016 | Test Acc: 86.70%
2026-02-22 00:59:42 KST | INFO |   No improvement (10/30)
2026-02-22 00:59:42 KST | INFO | 
2026-02-22 00:59:42 KST | INFO | Epoch 96/200 | LR: 0.053923
2026-02-22 01:01:17 KST | INFO |   Train Loss: 0.1352 | Test Loss: 0.0013 | Test Acc: 88.60%
2026-02-22 01:01:17 KST | INFO |   No improvement (11/30)
2026-02-22 01:01:17 KST | INFO | 
2026-02-22 01:01:17 KST | INFO | Epoch 97/200 | LR: 0.053140
2026-02-22 01:02:50 KST | INFO |   Train Loss: 0.1321 | Test Loss: 0.0013 | Test Acc: 88.33%
2026-02-22 01:02:50 KST | INFO |   No improvement (12/30)
2026-02-22 01:02:50 KST | INFO | 
2026-02-22 01:02:50 KST | INFO | Epoch 98/200 | LR: 0.052356
2026-02-22 01:04:38 KST | INFO |   Train Loss: 0.1275 | Test Loss: 0.0014 | Test Acc: 88.42%
2026-02-22 01:04:38 KST | INFO |   No improvement (13/30)
2026-02-22 01:04:38 KST | INFO | 
2026-02-22 01:04:38 KST | INFO | Epoch 99/200 | LR: 0.051571
2026-02-22 01:06:13 KST | INFO |   Train Loss: 0.1256 | Test Loss: 0.0013 | Test Acc: 88.57%
2026-02-22 01:06:13 KST | INFO |   No improvement (14/30)
2026-02-22 01:06:13 KST | INFO | 
2026-02-22 01:06:13 KST | INFO | Epoch 100/200 | LR: 0.050786
2026-02-22 01:07:59 KST | INFO |   Train Loss: 0.1188 | Test Loss: 0.0013 | Test Acc: 88.32%
2026-02-22 01:07:59 KST | INFO |   No improvement (15/30)
2026-02-22 01:07:59 KST | INFO | 
2026-02-22 01:07:59 KST | INFO | Epoch 101/200 | LR: 0.050001
2026-02-22 01:09:33 KST | INFO |   Train Loss: 0.1237 | Test Loss: 0.0018 | Test Acc: 85.22%
2026-02-22 01:09:33 KST | INFO |   No improvement (16/30)
2026-02-22 01:09:33 KST | INFO | 
2026-02-22 01:09:33 KST | INFO | Epoch 102/200 | LR: 0.049215
2026-02-22 01:11:21 KST | INFO |   Train Loss: 0.1201 | Test Loss: 0.0013 | Test Acc: 88.67%
2026-02-22 01:11:21 KST | INFO |   No improvement (17/30)
2026-02-22 01:11:21 KST | INFO | 
2026-02-22 01:11:21 KST | INFO | Epoch 103/200 | LR: 0.048430
2026-02-22 01:12:55 KST | INFO |   Train Loss: 0.1145 | Test Loss: 0.0013 | Test Acc: 89.33%
2026-02-22 01:12:55 KST | INFO |   🏆 New best accuracy: 89.33%
2026-02-22 01:12:55 KST | INFO | 
2026-02-22 01:12:55 KST | INFO | Epoch 104/200 | LR: 0.047645
2026-02-22 01:14:35 KST | INFO |   Train Loss: 0.1130 | Test Loss: 0.0015 | Test Acc: 87.77%
2026-02-22 01:14:35 KST | INFO |   No improvement (1/30)
2026-02-22 01:14:35 KST | INFO | 
2026-02-22 01:14:35 KST | INFO | Epoch 105/200 | LR: 0.046861
2026-02-22 01:16:15 KST | INFO |   Train Loss: 0.1137 | Test Loss: 0.0014 | Test Acc: 88.10%
2026-02-22 01:16:15 KST | INFO |   No improvement (2/30)
2026-02-22 01:16:15 KST | INFO | 
2026-02-22 01:16:15 KST | INFO | Epoch 106/200 | LR: 0.046078
2026-02-22 01:17:55 KST | INFO |   Train Loss: 0.1093 | Test Loss: 0.0013 | Test Acc: 88.67%
2026-02-22 01:17:55 KST | INFO |   No improvement (3/30)
2026-02-22 01:17:55 KST | INFO | 
2026-02-22 01:17:55 KST | INFO | Epoch 107/200 | LR: 0.045295
2026-02-22 01:19:36 KST | INFO |   Train Loss: 0.1095 | Test Loss: 0.0014 | Test Acc: 89.27%
2026-02-22 01:19:36 KST | INFO |   No improvement (4/30)
2026-02-22 01:19:36 KST | INFO | 
2026-02-22 01:19:36 KST | INFO | Epoch 108/200 | LR: 0.044514
2026-02-22 01:21:10 KST | INFO |   Train Loss: 0.1022 | Test Loss: 0.0013 | Test Acc: 89.50%
2026-02-22 01:21:10 KST | INFO |   🏆 New best accuracy: 89.50%
2026-02-22 01:21:10 KST | INFO | 
2026-02-22 01:21:10 KST | INFO | Epoch 109/200 | LR: 0.043734
2026-02-22 01:22:58 KST | INFO |   Train Loss: 0.1070 | Test Loss: 0.0013 | Test Acc: 89.40%
2026-02-22 01:22:58 KST | INFO |   No improvement (1/30)
2026-02-22 01:22:58 KST | INFO | 
2026-02-22 01:22:58 KST | INFO | Epoch 110/200 | LR: 0.042956
2026-02-22 01:24:32 KST | INFO |   Train Loss: 0.1021 | Test Loss: 0.0013 | Test Acc: 88.98%
2026-02-22 01:24:32 KST | INFO |   No improvement (2/30)
2026-02-22 01:24:32 KST | INFO | 
2026-02-22 01:24:32 KST | INFO | Epoch 111/200 | LR: 0.042179
2026-02-22 01:26:23 KST | INFO |   Train Loss: 0.1008 | Test Loss: 0.0015 | Test Acc: 88.33%
2026-02-22 01:26:23 KST | INFO |   No improvement (3/30)
2026-02-22 01:26:23 KST | INFO | 
2026-02-22 01:26:23 KST | INFO | Epoch 112/200 | LR: 0.041404
2026-02-22 01:27:57 KST | INFO |   Train Loss: 0.1028 | Test Loss: 0.0013 | Test Acc: 89.00%
2026-02-22 01:27:57 KST | INFO |   No improvement (4/30)
2026-02-22 01:27:57 KST | INFO | 
2026-02-22 01:27:57 KST | INFO | Epoch 113/200 | LR: 0.040632
2026-02-22 01:29:44 KST | INFO |   Train Loss: 0.0979 | Test Loss: 0.0013 | Test Acc: 89.07%
2026-02-22 01:29:44 KST | INFO |   No improvement (5/30)
2026-02-22 01:29:44 KST | INFO | 
2026-02-22 01:29:44 KST | INFO | Epoch 114/200 | LR: 0.039861
2026-02-22 01:31:19 KST | INFO |   Train Loss: 0.0929 | Test Loss: 0.0017 | Test Acc: 87.58%
2026-02-22 01:31:19 KST | INFO |   No improvement (6/30)
2026-02-22 01:31:19 KST | INFO | 
2026-02-22 01:31:19 KST | INFO | Epoch 115/200 | LR: 0.039093
2026-02-22 01:33:00 KST | INFO |   Train Loss: 0.0886 | Test Loss: 0.0012 | Test Acc: 90.40%
2026-02-22 01:33:00 KST | INFO |   🏆 New best accuracy: 90.40%
2026-02-22 01:33:00 KST | INFO | 
2026-02-22 01:33:00 KST | INFO | Epoch 116/200 | LR: 0.038328
2026-02-22 01:34:39 KST | INFO |   Train Loss: 0.0935 | Test Loss: 0.0014 | Test Acc: 88.27%
2026-02-22 01:34:39 KST | INFO |   No improvement (1/30)
2026-02-22 01:34:39 KST | INFO | 
2026-02-22 01:34:39 KST | INFO | Epoch 117/200 | LR: 0.037566
2026-02-22 01:36:12 KST | INFO |   Train Loss: 0.0868 | Test Loss: 0.0014 | Test Acc: 88.85%
2026-02-22 01:36:12 KST | INFO |   No improvement (2/30)
2026-02-22 01:36:12 KST | INFO | 
2026-02-22 01:36:12 KST | INFO | Epoch 118/200 | LR: 0.036807
2026-02-22 01:37:59 KST | INFO |   Train Loss: 0.0839 | Test Loss: 0.0014 | Test Acc: 89.12%
2026-02-22 01:37:59 KST | INFO |   No improvement (3/30)
2026-02-22 01:37:59 KST | INFO | 
2026-02-22 01:37:59 KST | INFO | Epoch 119/200 | LR: 0.036051
2026-02-22 01:39:32 KST | INFO |   Train Loss: 0.0804 | Test Loss: 0.0015 | Test Acc: 88.25%
2026-02-22 01:39:32 KST | INFO |   No improvement (4/30)
2026-02-22 01:39:32 KST | INFO | 
2026-02-22 01:39:32 KST | INFO | Epoch 120/200 | LR: 0.035299
2026-02-22 01:41:19 KST | INFO |   Train Loss: 0.0834 | Test Loss: 0.0017 | Test Acc: 86.98%
2026-02-22 01:41:19 KST | INFO |   No improvement (5/30)
2026-02-22 01:41:19 KST | INFO | 
2026-02-22 01:41:19 KST | INFO | Epoch 121/200 | LR: 0.034550
2026-02-22 01:42:53 KST | INFO |   Train Loss: 0.0796 | Test Loss: 0.0013 | Test Acc: 88.92%
2026-02-22 01:42:53 KST | INFO |   No improvement (6/30)
2026-02-22 01:42:53 KST | INFO | 
2026-02-22 01:42:53 KST | INFO | Epoch 122/200 | LR: 0.033805
2026-02-22 01:44:39 KST | INFO |   Train Loss: 0.0762 | Test Loss: 0.0015 | Test Acc: 88.07%
2026-02-22 01:44:39 KST | INFO |   No improvement (7/30)
2026-02-22 01:44:39 KST | INFO | 
2026-02-22 01:44:39 KST | INFO | Epoch 123/200 | LR: 0.033064
2026-02-22 01:46:13 KST | INFO |   Train Loss: 0.0734 | Test Loss: 0.0012 | Test Acc: 89.95%
2026-02-22 01:46:13 KST | INFO |   No improvement (8/30)
2026-02-22 01:46:13 KST | INFO | 
2026-02-22 01:46:13 KST | INFO | Epoch 124/200 | LR: 0.032327
2026-02-22 01:48:00 KST | INFO |   Train Loss: 0.0719 | Test Loss: 0.0014 | Test Acc: 89.33%
2026-02-22 01:48:00 KST | INFO |   No improvement (9/30)
2026-02-22 01:48:00 KST | INFO | 
2026-02-22 01:48:00 KST | INFO | Epoch 125/200 | LR: 0.031594
2026-02-22 01:49:34 KST | INFO |   Train Loss: 0.0705 | Test Loss: 0.0013 | Test Acc: 89.47%
2026-02-22 01:49:34 KST | INFO |   No improvement (10/30)
2026-02-22 01:49:34 KST | INFO | 
2026-02-22 01:49:34 KST | INFO | Epoch 126/200 | LR: 0.030867
2026-02-22 01:51:15 KST | INFO |   Train Loss: 0.0645 | Test Loss: 0.0014 | Test Acc: 88.75%
2026-02-22 01:51:15 KST | INFO |   No improvement (11/30)
2026-02-22 01:51:15 KST | INFO | 
2026-02-22 01:51:15 KST | INFO | Epoch 127/200 | LR: 0.030143
2026-02-22 01:52:55 KST | INFO |   Train Loss: 0.0698 | Test Loss: 0.0013 | Test Acc: 90.00%
2026-02-22 01:52:55 KST | INFO |   No improvement (12/30)
2026-02-22 01:52:55 KST | INFO | 
2026-02-22 01:52:55 KST | INFO | Epoch 128/200 | LR: 0.029425
2026-02-22 01:54:29 KST | INFO |   Train Loss: 0.0660 | Test Loss: 0.0013 | Test Acc: 90.00%
2026-02-22 01:54:29 KST | INFO |   No improvement (13/30)
2026-02-22 01:54:29 KST | INFO | 
2026-02-22 01:54:29 KST | INFO | Epoch 129/200 | LR: 0.028712
2026-02-22 01:56:16 KST | INFO |   Train Loss: 0.0655 | Test Loss: 0.0017 | Test Acc: 87.77%
2026-02-22 01:56:16 KST | INFO |   No improvement (14/30)
2026-02-22 01:56:16 KST | INFO | 
2026-02-22 01:56:16 KST | INFO | Epoch 130/200 | LR: 0.028004
2026-02-22 01:57:49 KST | INFO |   Train Loss: 0.0608 | Test Loss: 0.0013 | Test Acc: 90.25%
2026-02-22 01:57:49 KST | INFO |   No improvement (15/30)
2026-02-22 01:57:49 KST | INFO | 
2026-02-22 01:57:49 KST | INFO | Epoch 131/200 | LR: 0.027301
2026-02-22 01:59:33 KST | INFO |   Train Loss: 0.0602 | Test Loss: 0.0013 | Test Acc: 89.85%
2026-02-22 01:59:33 KST | INFO |   No improvement (16/30)
2026-02-22 01:59:33 KST | INFO | 
2026-02-22 01:59:33 KST | INFO | Epoch 132/200 | LR: 0.026604
2026-02-22 02:01:07 KST | INFO |   Train Loss: 0.0608 | Test Loss: 0.0012 | Test Acc: 90.50%
2026-02-22 02:01:07 KST | INFO |   🏆 New best accuracy: 90.50%
2026-02-22 02:01:07 KST | INFO | 
2026-02-22 02:01:07 KST | INFO | Epoch 133/200 | LR: 0.025913
2026-02-22 02:02:57 KST | INFO |   Train Loss: 0.0541 | Test Loss: 0.0013 | Test Acc: 89.83%
2026-02-22 02:02:57 KST | INFO |   No improvement (1/30)
2026-02-22 02:02:57 KST | INFO | 
2026-02-22 02:02:57 KST | INFO | Epoch 134/200 | LR: 0.025228
2026-02-22 02:04:31 KST | INFO |   Train Loss: 0.0526 | Test Loss: 0.0013 | Test Acc: 90.20%
2026-02-22 02:04:31 KST | INFO |   No improvement (2/30)
2026-02-22 02:04:31 KST | INFO | 
2026-02-22 02:04:31 KST | INFO | Epoch 135/200 | LR: 0.024549
2026-02-22 02:06:19 KST | INFO |   Train Loss: 0.0523 | Test Loss: 0.0013 | Test Acc: 89.62%
2026-02-22 02:06:19 KST | INFO |   No improvement (3/30)
2026-02-22 02:06:19 KST | INFO | 
2026-02-22 02:06:19 KST | INFO | Epoch 136/200 | LR: 0.023876
2026-02-22 02:07:53 KST | INFO |   Train Loss: 0.0540 | Test Loss: 0.0014 | Test Acc: 89.38%
2026-02-22 02:07:53 KST | INFO |   No improvement (4/30)
2026-02-22 02:07:53 KST | INFO | 
2026-02-22 02:07:53 KST | INFO | Epoch 137/200 | LR: 0.023209
2026-02-22 02:09:43 KST | INFO |   Train Loss: 0.0475 | Test Loss: 0.0014 | Test Acc: 89.10%
2026-02-22 02:09:43 KST | INFO |   No improvement (5/30)
2026-02-22 02:09:43 KST | INFO | 
2026-02-22 02:09:43 KST | INFO | Epoch 138/200 | LR: 0.022550
2026-02-22 02:11:17 KST | INFO |   Train Loss: 0.0457 | Test Loss: 0.0013 | Test Acc: 89.87%
2026-02-22 02:11:17 KST | INFO |   No improvement (6/30)
2026-02-22 02:11:17 KST | INFO | 
2026-02-22 02:11:17 KST | INFO | Epoch 139/200 | LR: 0.021897
2026-02-22 02:12:57 KST | INFO |   Train Loss: 0.0466 | Test Loss: 0.0014 | Test Acc: 89.67%
2026-02-22 02:12:57 KST | INFO |   No improvement (7/30)
2026-02-22 02:12:57 KST | INFO | 
2026-02-22 02:12:57 KST | INFO | Epoch 140/200 | LR: 0.021251
2026-02-22 02:14:38 KST | INFO |   Train Loss: 0.0434 | Test Loss: 0.0015 | Test Acc: 88.93%
2026-02-22 02:14:38 KST | INFO |   No improvement (8/30)
2026-02-22 02:14:38 KST | INFO | 
2026-02-22 02:14:38 KST | INFO | Epoch 141/200 | LR: 0.020612
2026-02-22 02:16:12 KST | INFO |   Train Loss: 0.0409 | Test Loss: 0.0016 | Test Acc: 88.18%
2026-02-22 02:16:12 KST | INFO |   No improvement (9/30)
2026-02-22 02:16:12 KST | INFO | 
2026-02-22 02:16:12 KST | INFO | Epoch 142/200 | LR: 0.019980
2026-02-22 02:17:59 KST | INFO |   Train Loss: 0.0424 | Test Loss: 0.0012 | Test Acc: 89.98%
2026-02-22 02:17:59 KST | INFO |   No improvement (10/30)
2026-02-22 02:17:59 KST | INFO | 
2026-02-22 02:17:59 KST | INFO | Epoch 143/200 | LR: 0.019355
2026-02-22 02:19:32 KST | INFO |   Train Loss: 0.0416 | Test Loss: 0.0014 | Test Acc: 89.67%
2026-02-22 02:19:32 KST | INFO |   No improvement (11/30)
2026-02-22 02:19:32 KST | INFO | 
2026-02-22 02:19:32 KST | INFO | Epoch 144/200 | LR: 0.018739
2026-02-22 02:21:19 KST | INFO |   Train Loss: 0.0391 | Test Loss: 0.0013 | Test Acc: 89.87%
2026-02-22 02:21:19 KST | INFO |   No improvement (12/30)
2026-02-22 02:21:19 KST | INFO | 
2026-02-22 02:21:19 KST | INFO | Epoch 145/200 | LR: 0.018130
2026-02-22 02:22:53 KST | INFO |   Train Loss: 0.0403 | Test Loss: 0.0014 | Test Acc: 88.85%
2026-02-22 02:22:53 KST | INFO |   No improvement (13/30)
2026-02-22 02:22:53 KST | INFO | 
2026-02-22 02:22:53 KST | INFO | Epoch 146/200 | LR: 0.017528
2026-02-22 02:24:42 KST | INFO |   Train Loss: 0.0387 | Test Loss: 0.0014 | Test Acc: 89.73%
2026-02-22 02:24:42 KST | INFO |   No improvement (14/30)
2026-02-22 02:24:42 KST | INFO | 
2026-02-22 02:24:42 KST | INFO | Epoch 147/200 | LR: 0.016935
2026-02-22 02:26:16 KST | INFO |   Train Loss: 0.0356 | Test Loss: 0.0014 | Test Acc: 89.62%
2026-02-22 02:26:16 KST | INFO |   No improvement (15/30)
2026-02-22 02:26:16 KST | INFO | 
2026-02-22 02:26:16 KST | INFO | Epoch 148/200 | LR: 0.016350
2026-02-22 02:27:56 KST | INFO |   Train Loss: 0.0331 | Test Loss: 0.0013 | Test Acc: 90.70%
2026-02-22 02:27:56 KST | INFO |   🏆 New best accuracy: 90.70%
2026-02-22 02:27:56 KST | INFO | 
2026-02-22 02:27:56 KST | INFO | Epoch 149/200 | LR: 0.015773
2026-02-22 02:29:37 KST | INFO |   Train Loss: 0.0306 | Test Loss: 0.0014 | Test Acc: 89.80%
2026-02-22 02:29:37 KST | INFO |   No improvement (1/30)
2026-02-22 02:29:37 KST | INFO | 
2026-02-22 02:29:37 KST | INFO | Epoch 150/200 | LR: 0.015205
2026-02-22 02:31:18 KST | INFO |   Train Loss: 0.0308 | Test Loss: 0.0013 | Test Acc: 90.20%
2026-02-22 02:31:18 KST | INFO |   No improvement (2/30)
2026-02-22 02:31:18 KST | INFO | 
2026-02-22 02:31:18 KST | INFO | Epoch 151/200 | LR: 0.014646
2026-02-22 02:32:58 KST | INFO |   Train Loss: 0.0302 | Test Loss: 0.0013 | Test Acc: 90.43%
2026-02-22 02:32:58 KST | INFO |   No improvement (3/30)
2026-02-22 02:32:58 KST | INFO | 
2026-02-22 02:32:58 KST | INFO | Epoch 152/200 | LR: 0.014095
2026-02-22 02:34:39 KST | INFO |   Train Loss: 0.0307 | Test Loss: 0.0013 | Test Acc: 90.60%
2026-02-22 02:34:39 KST | INFO |   No improvement (4/30)
2026-02-22 02:34:39 KST | INFO | 
2026-02-22 02:34:39 KST | INFO | Epoch 153/200 | LR: 0.013552
2026-02-22 02:36:18 KST | INFO |   Train Loss: 0.0260 | Test Loss: 0.0012 | Test Acc: 90.45%
2026-02-22 02:36:18 KST | INFO |   No improvement (5/30)
2026-02-22 02:36:18 KST | INFO | 
2026-02-22 02:36:18 KST | INFO | Epoch 154/200 | LR: 0.013019
2026-02-22 02:38:00 KST | INFO |   Train Loss: 0.0259 | Test Loss: 0.0013 | Test Acc: 90.62%
2026-02-22 02:38:00 KST | INFO |   No improvement (6/30)
2026-02-22 02:38:00 KST | INFO | 
2026-02-22 02:38:00 KST | INFO | Epoch 155/200 | LR: 0.012495
2026-02-22 02:39:34 KST | INFO |   Train Loss: 0.0273 | Test Loss: 0.0014 | Test Acc: 89.68%
2026-02-22 02:39:34 KST | INFO |   No improvement (7/30)
2026-02-22 02:39:34 KST | INFO | 
2026-02-22 02:39:34 KST | INFO | Epoch 156/200 | LR: 0.011981
2026-02-22 02:41:21 KST | INFO |   Train Loss: 0.0244 | Test Loss: 0.0013 | Test Acc: 90.27%
2026-02-22 02:41:21 KST | INFO |   No improvement (8/30)
2026-02-22 02:41:21 KST | INFO | 
2026-02-22 02:41:21 KST | INFO | Epoch 157/200 | LR: 0.011475
2026-02-22 02:42:55 KST | INFO |   Train Loss: 0.0243 | Test Loss: 0.0012 | Test Acc: 90.82%
2026-02-22 02:42:55 KST | INFO |   🏆 New best accuracy: 90.82%
2026-02-22 02:42:55 KST | INFO | 
2026-02-22 02:42:55 KST | INFO | Epoch 158/200 | LR: 0.010979
2026-02-22 02:44:36 KST | INFO |   Train Loss: 0.0223 | Test Loss: 0.0013 | Test Acc: 90.32%
2026-02-22 02:44:36 KST | INFO |   No improvement (1/30)
2026-02-22 02:44:36 KST | INFO | 
2026-02-22 02:44:36 KST | INFO | Epoch 159/200 | LR: 0.010493
2026-02-22 02:46:17 KST | INFO |   Train Loss: 0.0227 | Test Loss: 0.0013 | Test Acc: 90.13%
2026-02-22 02:46:17 KST | INFO |   No improvement (2/30)
2026-02-22 02:46:17 KST | INFO | 
2026-02-22 02:46:17 KST | INFO | Epoch 160/200 | LR: 0.010017
2026-02-22 02:47:58 KST | INFO |   Train Loss: 0.0191 | Test Loss: 0.0014 | Test Acc: 90.52%
2026-02-22 02:47:58 KST | INFO |   No improvement (3/30)
2026-02-22 02:47:58 KST | INFO | 
2026-02-22 02:47:58 KST | INFO | Epoch 161/200 | LR: 0.009550
2026-02-22 02:49:39 KST | INFO |   Train Loss: 0.0199 | Test Loss: 0.0014 | Test Acc: 89.80%
2026-02-22 02:49:39 KST | INFO |   No improvement (4/30)
2026-02-22 02:49:39 KST | INFO | 
2026-02-22 02:49:39 KST | INFO | Epoch 162/200 | LR: 0.009093
2026-02-22 02:51:20 KST | INFO |   Train Loss: 0.0203 | Test Loss: 0.0012 | Test Acc: 91.35%
2026-02-22 02:51:20 KST | INFO |   🏆 New best accuracy: 91.35%
2026-02-22 02:51:20 KST | INFO | 
2026-02-22 02:51:20 KST | INFO | Epoch 163/200 | LR: 0.008647
2026-02-22 02:53:01 KST | INFO |   Train Loss: 0.0189 | Test Loss: 0.0014 | Test Acc: 90.67%
2026-02-22 02:53:01 KST | INFO |   No improvement (1/30)
2026-02-22 02:53:01 KST | INFO | 
2026-02-22 02:53:01 KST | INFO | Epoch 164/200 | LR: 0.008211
2026-02-22 02:54:35 KST | INFO |   Train Loss: 0.0196 | Test Loss: 0.0015 | Test Acc: 89.97%
2026-02-22 02:54:35 KST | INFO |   No improvement (2/30)
2026-02-22 02:54:35 KST | INFO | 
2026-02-22 02:54:35 KST | INFO | Epoch 165/200 | LR: 0.007785
2026-02-22 02:56:23 KST | INFO |   Train Loss: 0.0169 | Test Loss: 0.0013 | Test Acc: 90.55%
2026-02-22 02:56:23 KST | INFO |   No improvement (3/30)
2026-02-22 02:56:23 KST | INFO | 
2026-02-22 02:56:23 KST | INFO | Epoch 166/200 | LR: 0.007369
2026-02-22 02:57:57 KST | INFO |   Train Loss: 0.0171 | Test Loss: 0.0014 | Test Acc: 90.05%
2026-02-22 02:57:57 KST | INFO |   No improvement (4/30)
2026-02-22 02:57:57 KST | INFO | 
2026-02-22 02:57:57 KST | INFO | Epoch 167/200 | LR: 0.006964
2026-02-22 02:59:44 KST | INFO |   Train Loss: 0.0172 | Test Loss: 0.0014 | Test Acc: 90.15%
2026-02-22 02:59:44 KST | INFO |   No improvement (5/30)
2026-02-22 02:59:44 KST | INFO | 
2026-02-22 02:59:44 KST | INFO | Epoch 168/200 | LR: 0.006569
2026-02-22 03:01:19 KST | INFO |   Train Loss: 0.0153 | Test Loss: 0.0013 | Test Acc: 90.62%
2026-02-22 03:01:19 KST | INFO |   No improvement (6/30)
2026-02-22 03:01:19 KST | INFO | 
2026-02-22 03:01:19 KST | INFO | Epoch 169/200 | LR: 0.006186
2026-02-22 03:02:51 KST | INFO |   Train Loss: 0.0152 | Test Loss: 0.0013 | Test Acc: 90.55%
2026-02-22 03:02:51 KST | INFO |   No improvement (7/30)
2026-02-22 03:02:51 KST | INFO | 
2026-02-22 03:02:51 KST | INFO | Epoch 170/200 | LR: 0.005813
2026-02-22 03:04:38 KST | INFO |   Train Loss: 0.0150 | Test Loss: 0.0013 | Test Acc: 90.50%
2026-02-22 03:04:38 KST | INFO |   No improvement (8/30)
2026-02-22 03:04:38 KST | INFO | 
2026-02-22 03:04:38 KST | INFO | Epoch 171/200 | LR: 0.005451
2026-02-22 03:06:11 KST | INFO |   Train Loss: 0.0156 | Test Loss: 0.0013 | Test Acc: 90.92%
2026-02-22 03:06:11 KST | INFO |   No improvement (9/30)
2026-02-22 03:06:11 KST | INFO | 
2026-02-22 03:06:11 KST | INFO | Epoch 172/200 | LR: 0.005100
2026-02-22 03:07:58 KST | INFO |   Train Loss: 0.0148 | Test Loss: 0.0013 | Test Acc: 90.63%
2026-02-22 03:07:58 KST | INFO |   No improvement (10/30)
2026-02-22 03:07:58 KST | INFO | 
2026-02-22 03:07:58 KST | INFO | Epoch 173/200 | LR: 0.004760
2026-02-22 03:09:31 KST | INFO |   Train Loss: 0.0125 | Test Loss: 0.0014 | Test Acc: 90.15%
2026-02-22 03:09:31 KST | INFO |   No improvement (11/30)
2026-02-22 03:09:31 KST | INFO | 
2026-02-22 03:09:31 KST | INFO | Epoch 174/200 | LR: 0.004431
2026-02-22 03:11:19 KST | INFO |   Train Loss: 0.0139 | Test Loss: 0.0013 | Test Acc: 90.83%
2026-02-22 03:11:19 KST | INFO |   No improvement (12/30)
2026-02-22 03:11:19 KST | INFO | 
2026-02-22 03:11:19 KST | INFO | Epoch 175/200 | LR: 0.004113
2026-02-22 03:12:52 KST | INFO |   Train Loss: 0.0134 | Test Loss: 0.0013 | Test Acc: 90.72%
2026-02-22 03:12:52 KST | INFO |   No improvement (13/30)
2026-02-22 03:12:52 KST | INFO | 
2026-02-22 03:12:52 KST | INFO | Epoch 176/200 | LR: 0.003807
2026-02-22 03:14:33 KST | INFO |   Train Loss: 0.0128 | Test Loss: 0.0013 | Test Acc: 91.05%
2026-02-22 03:14:33 KST | INFO |   No improvement (14/30)
2026-02-22 03:14:33 KST | INFO | 
2026-02-22 03:14:33 KST | INFO | Epoch 177/200 | LR: 0.003512
2026-02-22 03:16:13 KST | INFO |   Train Loss: 0.0127 | Test Loss: 0.0014 | Test Acc: 90.70%
2026-02-22 03:16:13 KST | INFO |   No improvement (15/30)
2026-02-22 03:16:13 KST | INFO | 
2026-02-22 03:16:13 KST | INFO | Epoch 178/200 | LR: 0.003229
2026-02-22 03:17:54 KST | INFO |   Train Loss: 0.0127 | Test Loss: 0.0014 | Test Acc: 90.23%
2026-02-22 03:17:54 KST | INFO |   No improvement (16/30)
2026-02-22 03:17:54 KST | INFO | 
2026-02-22 03:17:54 KST | INFO | Epoch 179/200 | LR: 0.002957
2026-02-22 03:19:34 KST | INFO |   Train Loss: 0.0116 | Test Loss: 0.0014 | Test Acc: 90.43%
2026-02-22 03:19:34 KST | INFO |   No improvement (17/30)
2026-02-22 03:19:34 KST | INFO | 
2026-02-22 03:19:34 KST | INFO | Epoch 180/200 | LR: 0.002697
2026-02-22 03:21:15 KST | INFO |   Train Loss: 0.0111 | Test Loss: 0.0013 | Test Acc: 90.82%
2026-02-22 03:21:15 KST | INFO |   No improvement (18/30)
2026-02-22 03:21:15 KST | INFO | 
2026-02-22 03:21:15 KST | INFO | Epoch 181/200 | LR: 0.002448
2026-02-22 03:22:56 KST | INFO |   Train Loss: 0.0120 | Test Loss: 0.0013 | Test Acc: 90.85%
2026-02-22 03:22:56 KST | INFO |   No improvement (19/30)
2026-02-22 03:22:56 KST | INFO | 
2026-02-22 03:22:56 KST | INFO | Epoch 182/200 | LR: 0.002211
2026-02-22 03:24:30 KST | INFO |   Train Loss: 0.0120 | Test Loss: 0.0014 | Test Acc: 90.72%
2026-02-22 03:24:30 KST | INFO |   No improvement (20/30)
2026-02-22 03:24:30 KST | INFO | 
2026-02-22 03:24:30 KST | INFO | Epoch 183/200 | LR: 0.001986
2026-02-22 03:26:17 KST | INFO |   Train Loss: 0.0104 | Test Loss: 0.0014 | Test Acc: 90.75%
2026-02-22 03:26:17 KST | INFO |   No improvement (21/30)
2026-02-22 03:26:17 KST | INFO | 
2026-02-22 03:26:17 KST | INFO | Epoch 184/200 | LR: 0.001773
2026-02-22 03:27:51 KST | INFO |   Train Loss: 0.0100 | Test Loss: 0.0015 | Test Acc: 89.88%
2026-02-22 03:27:51 KST | INFO |   No improvement (22/30)
2026-02-22 03:27:51 KST | INFO | 
2026-02-22 03:27:51 KST | INFO | Epoch 185/200 | LR: 0.001572
2026-02-22 03:29:42 KST | INFO |   Train Loss: 0.0110 | Test Loss: 0.0014 | Test Acc: 90.27%
2026-02-22 03:29:42 KST | INFO |   No improvement (23/30)
2026-02-22 03:29:42 KST | INFO | 
2026-02-22 03:29:42 KST | INFO | Epoch 186/200 | LR: 0.001382
2026-02-22 03:31:16 KST | INFO |   Train Loss: 0.0109 | Test Loss: 0.0014 | Test Acc: 90.57%
2026-02-22 03:31:16 KST | INFO |   No improvement (24/30)
2026-02-22 03:31:16 KST | INFO | 
2026-02-22 03:31:16 KST | INFO | Epoch 187/200 | LR: 0.001205
2026-02-22 03:32:56 KST | INFO |   Train Loss: 0.0103 | Test Loss: 0.0013 | Test Acc: 90.82%
2026-02-22 03:32:56 KST | INFO |   No improvement (25/30)
2026-02-22 03:32:56 KST | INFO | 
2026-02-22 03:32:56 KST | INFO | Epoch 188/200 | LR: 0.001040
2026-02-22 03:34:37 KST | INFO |   Train Loss: 0.0101 | Test Loss: 0.0014 | Test Acc: 90.55%
2026-02-22 03:34:37 KST | INFO |   No improvement (26/30)
2026-02-22 03:34:37 KST | INFO | 
2026-02-22 03:34:37 KST | INFO | Epoch 189/200 | LR: 0.000887
2026-02-22 03:36:18 KST | INFO |   Train Loss: 0.0099 | Test Loss: 0.0013 | Test Acc: 90.87%
2026-02-22 03:36:18 KST | INFO |   No improvement (27/30)
2026-02-22 03:36:18 KST | INFO | 
2026-02-22 03:36:18 KST | INFO | Epoch 190/200 | LR: 0.000746
2026-02-22 03:37:59 KST | INFO |   Train Loss: 0.0098 | Test Loss: 0.0013 | Test Acc: 90.80%
2026-02-22 03:37:59 KST | INFO |   No improvement (28/30)
2026-02-22 03:37:59 KST | INFO | 
2026-02-22 03:37:59 KST | INFO | Epoch 191/200 | LR: 0.000617
2026-02-22 03:39:39 KST | INFO |   Train Loss: 0.0101 | Test Loss: 0.0014 | Test Acc: 90.83%
2026-02-22 03:39:39 KST | INFO |   No improvement (29/30)
2026-02-22 03:39:39 KST | INFO | 
2026-02-22 03:39:39 KST | INFO | Epoch 192/200 | LR: 0.000500
2026-02-22 03:41:20 KST | INFO |   Train Loss: 0.0099 | Test Loss: 0.0014 | Test Acc: 90.87%
2026-02-22 03:41:20 KST | INFO |   No improvement (30/30)
2026-02-22 03:41:20 KST | INFO | 
2026-02-22 03:41:20 KST | INFO | Early stopping after 30 epochs without improvement
2026-02-22 03:41:20 KST | INFO | 
2026-02-22 03:41:20 KST | INFO | ================================================================================
2026-02-22 03:41:20 KST | INFO | TRAINING COMPLETE
2026-02-22 03:41:20 KST | INFO | ================================================================================
2026-02-22 03:41:20 KST | INFO | Best accuracy:  91.35% (Epoch 162)
2026-02-22 03:41:20 KST | INFO | Final accuracy: 90.87%
2026-02-22 03:41:20 KST | INFO | ================================================================================
2026-02-22 03:41:20 KST | INFO | 
2026-02-22 03:41:20 KST | INFO | Notifying nodes of completion...
2026-02-22 03:41:21 KST | INFO | ✓ Nodes notified
2026-02-22 03:41:21 KST | INFO | 
2026-02-22 03:41:21 KST | INFO | Closing connections...
2026-02-22 03:41:21 KST | INFO | ✓ Cleanup complete
2026-02-22 03:41:21 KST | INFO | 
2026-02-22 03:41:21 KST | INFO | Full log: logs/TL++_secure_20260221_222021.log
2026-02-22 03:41:21 KST | INFO | ================================================================================
