2026-02-21 15:07:16 KST | INFO | ================================================================================
2026-02-21 15:07:16 KST | INFO | TL++ Orchestrator
2026-02-21 15:07:16 KST | INFO | ================================================================================
2026-02-21 15:07:16 KST | INFO | Log file: logs/TL++_secure_20260221_150716.log
2026-02-21 15:07:16 KST | INFO | 
2026-02-21 15:07:16 KST | INFO | --------------------------------------------------------------------------------
2026-02-21 15:07:16 KST | INFO | CONFIGURATION
2026-02-21 15:07:16 KST | INFO | --------------------------------------------------------------------------------
2026-02-21 15:07:16 KST | INFO | Secure mode:      True
2026-02-21 15:07:16 KST | INFO | Helper endpoint:  127.0.0.1:8082
2026-02-21 15:07:16 KST | INFO | Activation noise: 2.0%
2026-02-21 15:07:16 KST | INFO | Gradient noise:   10.0%
2026-02-21 15:07:16 KST | INFO | Nodes:            6
2026-02-21 15:07:16 KST | INFO | Cut layer:        2
2026-02-21 15:07:16 KST | INFO | Batch size:       128
2026-02-21 15:07:16 KST | INFO | Learning rate:    0.1
2026-02-21 15:07:16 KST | INFO | 
2026-02-21 15:07:16 KST | INFO | Computation device: cuda
2026-02-21 15:07:16 KST | INFO | Secure mode: ✓ ENABLED
2026-02-21 15:07:16 KST | INFO | 
2026-02-21 15:07:16 KST | INFO | --------------------------------------------------------------------------------
2026-02-21 15:07:16 KST | INFO | NETWORK SETUP
2026-02-21 15:07:16 KST | INFO | --------------------------------------------------------------------------------
2026-02-21 15:07:16 KST | INFO | ✓ Orchestrator listening on 127.0.0.1:8080
2026-02-21 15:07:16 KST | INFO | ✓ Helper node on 127.0.0.1:8082
2026-02-21 15:07:16 KST | INFO | 
2026-02-21 15:07:16 KST | INFO | Waiting for helper node...
2026-02-21 15:07:18 KST | INFO | ✓ Helper node connected
2026-02-21 15:07:18 KST | INFO | ✓ Noise config sent to helper (activation: 2.0%, gradient: 10.0%)
2026-02-21 15:07:18 KST | INFO | 
2026-02-21 15:07:18 KST | INFO | Waiting for 6 node(s)...
2026-02-21 15:07:22 KST | INFO |   ✓ Node 1/6 connected
2026-02-21 15:07:23 KST | INFO |   ✓ Node 2/6 connected
2026-02-21 15:07:24 KST | INFO |   ✓ Node 3/6 connected
2026-02-21 15:07:25 KST | INFO |   ✓ Node 4/6 connected
2026-02-21 15:07:26 KST | INFO |   ✓ Node 5/6 connected
2026-02-21 15:07:27 KST | INFO |   ✓ Node 6/6 connected
2026-02-21 15:07:27 KST | INFO | ✓ All 6 node(s) connected
2026-02-21 15:07:27 KST | INFO | 
2026-02-21 15:07:27 KST | INFO | --------------------------------------------------------------------------------
2026-02-21 15:07:27 KST | INFO | MODEL INITIALIZATION
2026-02-21 15:07:27 KST | INFO | --------------------------------------------------------------------------------
2026-02-21 15:07:27 KST | INFO | Node-side parameters: 260,160
2026-02-21 15:07:27 KST | INFO | 
2026-02-21 15:07:27 KST | INFO | --------------------------------------------------------------------------------
2026-02-21 15:07:27 KST | INFO | BROADCASTING CONFIGURATION
2026-02-21 15:07:27 KST | INFO | --------------------------------------------------------------------------------
2026-02-21 15:07:27 KST | INFO | ✓ Configuration broadcast to all nodes
2026-02-21 15:07:29 KST | INFO | 
2026-02-21 15:07:29 KST | INFO | Total parameters:     3,246,150
2026-02-21 15:07:29 KST | INFO | Trainable parameters: 3,246,150
2026-02-21 15:07:29 KST | INFO | 
2026-02-21 15:07:29 KST | INFO | --------------------------------------------------------------------------------
2026-02-21 15:07:29 KST | INFO | DATA LOADING
2026-02-21 15:07:29 KST | INFO | --------------------------------------------------------------------------------
2026-02-21 15:07:56 KST | INFO | ✓ Dataset information collected:
2026-02-21 15:07:56 KST | INFO |     Node 1: 5,000 samples
2026-02-21 15:07:56 KST | INFO |     Node 2: 5,000 samples
2026-02-21 15:07:56 KST | INFO |     Node 3: 5,000 samples
2026-02-21 15:07:56 KST | INFO |     Node 4: 5,000 samples
2026-02-21 15:07:56 KST | INFO |     Node 5: 5,000 samples
2026-02-21 15:07:56 KST | INFO |     Node 6: 5,000 samples
2026-02-21 15:07:56 KST | INFO |   Total training samples: 30,000
2026-02-21 15:07:56 KST | INFO | 
2026-02-21 15:08:00 KST | INFO | ✓ Test dataset loaded: 6,000 samples
2026-02-21 15:08:00 KST | INFO | 
2026-02-21 15:08:00 KST | INFO | ✓ Batch scheduler: 235 batches/epoch
2026-02-21 15:08:00 KST | INFO | 
2026-02-21 15:08:00 KST | INFO | --------------------------------------------------------------------------------
2026-02-21 15:08:00 KST | INFO | OPTIMIZATION SETUP
2026-02-21 15:08:00 KST | INFO | --------------------------------------------------------------------------------
2026-02-21 15:08:00 KST | INFO | ✓ Optimizer: SGD (lr=0.1, momentum=0.9)
2026-02-21 15:08:00 KST | INFO | ✓ Scheduler: cosine
2026-02-21 15:08:00 KST | INFO | ✓ Gradient clipping: 1.0
2026-02-21 15:08:00 KST | INFO | 
2026-02-21 15:08:00 KST | INFO | ================================================================================
2026-02-21 15:08:00 KST | INFO | Setup complete - Ready for training
2026-02-21 15:08:00 KST | INFO | ================================================================================
2026-02-21 15:08:00 KST | INFO | 
2026-02-21 15:08:00 KST | INFO | --------------------------------------------------------------------------------
2026-02-21 15:08:00 KST | INFO | TRAINING
2026-02-21 15:08:00 KST | INFO | --------------------------------------------------------------------------------
2026-02-21 15:08:00 KST | INFO | 
2026-02-21 15:08:00 KST | INFO | Epoch 1/200 | LR: 0.100000
2026-02-21 15:09:40 KST | INFO |   Train Loss: 1.3621 | Test Loss: 0.0050 | Test Acc: 50.00%
2026-02-21 15:09:40 KST | INFO |   🏆 New best accuracy: 50.00%
2026-02-21 15:09:40 KST | INFO | 
2026-02-21 15:09:40 KST | INFO | Epoch 2/200 | LR: 0.099994
2026-02-21 15:11:21 KST | INFO |   Train Loss: 1.0869 | Test Loss: 0.0045 | Test Acc: 53.23%
2026-02-21 15:11:21 KST | INFO |   🏆 New best accuracy: 53.23%
2026-02-21 15:11:21 KST | INFO | 
2026-02-21 15:11:21 KST | INFO | Epoch 3/200 | LR: 0.099975
2026-02-21 15:13:03 KST | INFO |   Train Loss: 0.9346 | Test Loss: 0.0045 | Test Acc: 56.27%
2026-02-21 15:13:03 KST | INFO |   🏆 New best accuracy: 56.27%
2026-02-21 15:13:03 KST | INFO | 
2026-02-21 15:13:03 KST | INFO | Epoch 4/200 | LR: 0.099944
2026-02-21 15:14:44 KST | INFO |   Train Loss: 0.8021 | Test Loss: 0.0039 | Test Acc: 65.53%
2026-02-21 15:14:44 KST | INFO |   🏆 New best accuracy: 65.53%
2026-02-21 15:14:44 KST | INFO | 
2026-02-21 15:14:44 KST | INFO | Epoch 5/200 | LR: 0.099901
2026-02-21 15:16:26 KST | INFO |   Train Loss: 0.7036 | Test Loss: 0.0034 | Test Acc: 69.67%
2026-02-21 15:16:26 KST | INFO |   🏆 New best accuracy: 69.67%
2026-02-21 15:16:26 KST | INFO | 
2026-02-21 15:16:26 KST | INFO | Epoch 6/200 | LR: 0.099846
2026-02-21 15:18:00 KST | INFO |   Train Loss: 0.6288 | Test Loss: 0.0035 | Test Acc: 69.88%
2026-02-21 15:18:00 KST | INFO |   🏆 New best accuracy: 69.88%
2026-02-21 15:18:00 KST | INFO | 
2026-02-21 15:18:00 KST | INFO | Epoch 7/200 | LR: 0.099778
2026-02-21 15:19:47 KST | INFO |   Train Loss: 0.5881 | Test Loss: 0.0028 | Test Acc: 76.65%
2026-02-21 15:19:47 KST | INFO |   🏆 New best accuracy: 76.65%
2026-02-21 15:19:47 KST | INFO | 
2026-02-21 15:19:47 KST | INFO | Epoch 8/200 | LR: 0.099698
2026-02-21 15:21:21 KST | INFO |   Train Loss: 0.5410 | Test Loss: 0.0026 | Test Acc: 77.37%
2026-02-21 15:21:21 KST | INFO |   🏆 New best accuracy: 77.37%
2026-02-21 15:21:21 KST | INFO | 
2026-02-21 15:21:21 KST | INFO | Epoch 9/200 | LR: 0.099606
2026-02-21 15:23:01 KST | INFO |   Train Loss: 0.5141 | Test Loss: 0.0025 | Test Acc: 78.70%
2026-02-21 15:23:01 KST | INFO |   🏆 New best accuracy: 78.70%
2026-02-21 15:23:01 KST | INFO | 
2026-02-21 15:23:01 KST | INFO | Epoch 10/200 | LR: 0.099501
2026-02-21 15:24:41 KST | INFO |   Train Loss: 0.4899 | Test Loss: 0.0025 | Test Acc: 78.73%
2026-02-21 15:24:41 KST | INFO |   🏆 New best accuracy: 78.73%
2026-02-21 15:24:41 KST | INFO | 
2026-02-21 15:24:41 KST | INFO | Epoch 11/200 | LR: 0.099384
2026-02-21 15:26:22 KST | INFO |   Train Loss: 0.4685 | Test Loss: 0.0025 | Test Acc: 77.90%
2026-02-21 15:26:22 KST | INFO |   No improvement (1/30)
2026-02-21 15:26:22 KST | INFO | 
2026-02-21 15:26:22 KST | INFO | Epoch 12/200 | LR: 0.099255
2026-02-21 15:28:03 KST | INFO |   Train Loss: 0.4533 | Test Loss: 0.0020 | Test Acc: 83.03%
2026-02-21 15:28:03 KST | INFO |   🏆 New best accuracy: 83.03%
2026-02-21 15:28:03 KST | INFO | 
2026-02-21 15:28:03 KST | INFO | Epoch 13/200 | LR: 0.099114
2026-02-21 15:29:41 KST | INFO |   Train Loss: 0.4290 | Test Loss: 0.0021 | Test Acc: 81.25%
2026-02-21 15:29:41 KST | INFO |   No improvement (1/30)
2026-02-21 15:29:41 KST | INFO | 
2026-02-21 15:29:41 KST | INFO | Epoch 14/200 | LR: 0.098961
2026-02-21 15:31:17 KST | INFO |   Train Loss: 0.4194 | Test Loss: 0.0031 | Test Acc: 73.02%
2026-02-21 15:31:17 KST | INFO |   No improvement (2/30)
2026-02-21 15:31:17 KST | INFO | 
2026-02-21 15:31:17 KST | INFO | Epoch 15/200 | LR: 0.098796
2026-02-21 15:33:05 KST | INFO |   Train Loss: 0.4052 | Test Loss: 0.0021 | Test Acc: 81.08%
2026-02-21 15:33:05 KST | INFO |   No improvement (3/30)
2026-02-21 15:33:05 KST | INFO | 
2026-02-21 15:33:05 KST | INFO | Epoch 16/200 | LR: 0.098619
2026-02-21 15:34:38 KST | INFO |   Train Loss: 0.3907 | Test Loss: 0.0020 | Test Acc: 82.92%
2026-02-21 15:34:38 KST | INFO |   No improvement (4/30)
2026-02-21 15:34:38 KST | INFO | 
2026-02-21 15:34:38 KST | INFO | Epoch 17/200 | LR: 0.098429
2026-02-21 15:36:26 KST | INFO |   Train Loss: 0.3829 | Test Loss: 0.0018 | Test Acc: 84.88%
2026-02-21 15:36:26 KST | INFO |   🏆 New best accuracy: 84.88%
2026-02-21 15:36:26 KST | INFO | 
2026-02-21 15:36:26 KST | INFO | Epoch 18/200 | LR: 0.098228
2026-02-21 15:38:00 KST | INFO |   Train Loss: 0.3730 | Test Loss: 0.0017 | Test Acc: 86.17%
2026-02-21 15:38:00 KST | INFO |   🏆 New best accuracy: 86.17%
2026-02-21 15:38:00 KST | INFO | 
2026-02-21 15:38:00 KST | INFO | Epoch 19/200 | LR: 0.098015
2026-02-21 15:39:47 KST | INFO |   Train Loss: 0.3630 | Test Loss: 0.0018 | Test Acc: 84.23%
2026-02-21 15:39:47 KST | INFO |   No improvement (1/30)
2026-02-21 15:39:47 KST | INFO | 
2026-02-21 15:39:47 KST | INFO | Epoch 20/200 | LR: 0.097790
2026-02-21 15:41:21 KST | INFO |   Train Loss: 0.3541 | Test Loss: 0.0020 | Test Acc: 83.65%
2026-02-21 15:41:21 KST | INFO |   No improvement (2/30)
2026-02-21 15:41:21 KST | INFO | 
2026-02-21 15:41:21 KST | INFO | Epoch 21/200 | LR: 0.097553
2026-02-21 15:43:02 KST | INFO |   Train Loss: 0.3470 | Test Loss: 0.0021 | Test Acc: 81.68%
2026-02-21 15:43:02 KST | INFO |   No improvement (3/30)
2026-02-21 15:43:02 KST | INFO | 
2026-02-21 15:43:02 KST | INFO | Epoch 22/200 | LR: 0.097304
2026-02-21 15:44:43 KST | INFO |   Train Loss: 0.3415 | Test Loss: 0.0017 | Test Acc: 85.23%
2026-02-21 15:44:43 KST | INFO |   No improvement (4/30)
2026-02-21 15:44:43 KST | INFO | 
2026-02-21 15:44:43 KST | INFO | Epoch 23/200 | LR: 0.097044
2026-02-21 15:46:18 KST | INFO |   Train Loss: 0.3384 | Test Loss: 0.0017 | Test Acc: 85.43%
2026-02-21 15:46:18 KST | INFO |   No improvement (5/30)
2026-02-21 15:46:18 KST | INFO | 
2026-02-21 15:46:18 KST | INFO | Epoch 24/200 | LR: 0.096772
2026-02-21 15:48:04 KST | INFO |   Train Loss: 0.3330 | Test Loss: 0.0019 | Test Acc: 83.15%
2026-02-21 15:48:04 KST | INFO |   No improvement (6/30)
2026-02-21 15:48:04 KST | INFO | 
2026-02-21 15:48:04 KST | INFO | Epoch 25/200 | LR: 0.096489
2026-02-21 15:49:37 KST | INFO |   Train Loss: 0.3212 | Test Loss: 0.0018 | Test Acc: 83.78%
2026-02-21 15:49:37 KST | INFO |   No improvement (7/30)
2026-02-21 15:49:37 KST | INFO | 
2026-02-21 15:49:37 KST | INFO | Epoch 26/200 | LR: 0.096194
2026-02-21 15:51:24 KST | INFO |   Train Loss: 0.3137 | Test Loss: 0.0018 | Test Acc: 84.52%
2026-02-21 15:51:24 KST | INFO |   No improvement (8/30)
2026-02-21 15:51:24 KST | INFO | 
2026-02-21 15:51:24 KST | INFO | Epoch 27/200 | LR: 0.095888
2026-02-21 15:52:58 KST | INFO |   Train Loss: 0.3130 | Test Loss: 0.0023 | Test Acc: 79.65%
2026-02-21 15:52:58 KST | INFO |   No improvement (9/30)
2026-02-21 15:52:58 KST | INFO | 
2026-02-21 15:52:58 KST | INFO | Epoch 28/200 | LR: 0.095570
2026-02-21 15:54:44 KST | INFO |   Train Loss: 0.3118 | Test Loss: 0.0020 | Test Acc: 82.75%
2026-02-21 15:54:44 KST | INFO |   No improvement (10/30)
2026-02-21 15:54:44 KST | INFO | 
2026-02-21 15:54:44 KST | INFO | Epoch 29/200 | LR: 0.095241
2026-02-21 15:56:18 KST | INFO |   Train Loss: 0.2977 | Test Loss: 0.0021 | Test Acc: 81.85%
2026-02-21 15:56:18 KST | INFO |   No improvement (11/30)
2026-02-21 15:56:18 KST | INFO | 
2026-02-21 15:56:18 KST | INFO | Epoch 30/200 | LR: 0.094901
2026-02-21 15:58:03 KST | INFO |   Train Loss: 0.2951 | Test Loss: 0.0017 | Test Acc: 84.53%
2026-02-21 15:58:03 KST | INFO |   No improvement (12/30)
2026-02-21 15:58:03 KST | INFO | 
2026-02-21 15:58:03 KST | INFO | Epoch 31/200 | LR: 0.094550
2026-02-21 15:59:40 KST | INFO |   Train Loss: 0.2928 | Test Loss: 0.0017 | Test Acc: 85.17%
2026-02-21 15:59:40 KST | INFO |   No improvement (13/30)
2026-02-21 15:59:40 KST | INFO | 
2026-02-21 15:59:40 KST | INFO | Epoch 32/200 | LR: 0.094188
2026-02-21 16:01:20 KST | INFO |   Train Loss: 0.2877 | Test Loss: 0.0017 | Test Acc: 85.43%
2026-02-21 16:01:20 KST | INFO |   No improvement (14/30)
2026-02-21 16:01:20 KST | INFO | 
2026-02-21 16:01:20 KST | INFO | Epoch 33/200 | LR: 0.093815
2026-02-21 16:03:04 KST | INFO |   Train Loss: 0.2864 | Test Loss: 0.0019 | Test Acc: 83.47%
2026-02-21 16:03:04 KST | INFO |   No improvement (15/30)
2026-02-21 16:03:04 KST | INFO | 
2026-02-21 16:03:04 KST | INFO | Epoch 34/200 | LR: 0.093432
2026-02-21 16:04:37 KST | INFO |   Train Loss: 0.2833 | Test Loss: 0.0019 | Test Acc: 83.08%
2026-02-21 16:04:37 KST | INFO |   No improvement (16/30)
2026-02-21 16:04:37 KST | INFO | 
2026-02-21 16:04:37 KST | INFO | Epoch 35/200 | LR: 0.093037
2026-02-21 16:06:25 KST | INFO |   Train Loss: 0.2782 | Test Loss: 0.0017 | Test Acc: 85.42%
2026-02-21 16:06:25 KST | INFO |   No improvement (17/30)
2026-02-21 16:06:25 KST | INFO | 
2026-02-21 16:06:25 KST | INFO | Epoch 36/200 | LR: 0.092632
2026-02-21 16:07:59 KST | INFO |   Train Loss: 0.2712 | Test Loss: 0.0015 | Test Acc: 86.47%
2026-02-21 16:07:59 KST | INFO |   🏆 New best accuracy: 86.47%
2026-02-21 16:07:59 KST | INFO | 
2026-02-21 16:07:59 KST | INFO | Epoch 37/200 | LR: 0.092216
2026-02-21 16:09:47 KST | INFO |   Train Loss: 0.2664 | Test Loss: 0.0022 | Test Acc: 80.87%
2026-02-21 16:09:47 KST | INFO |   No improvement (1/30)
2026-02-21 16:09:47 KST | INFO | 
2026-02-21 16:09:47 KST | INFO | Epoch 38/200 | LR: 0.091790
2026-02-21 16:11:28 KST | INFO |   Train Loss: 0.2680 | Test Loss: 0.0017 | Test Acc: 84.60%
2026-02-21 16:11:28 KST | INFO |   No improvement (2/30)
2026-02-21 16:11:28 KST | INFO | 
2026-02-21 16:11:28 KST | INFO | Epoch 39/200 | LR: 0.091354
2026-02-21 16:13:10 KST | INFO |   Train Loss: 0.2643 | Test Loss: 0.0015 | Test Acc: 87.10%
2026-02-21 16:13:10 KST | INFO |   🏆 New best accuracy: 87.10%
2026-02-21 16:13:10 KST | INFO | 
2026-02-21 16:13:10 KST | INFO | Epoch 40/200 | LR: 0.090908
2026-02-21 16:14:48 KST | INFO |   Train Loss: 0.2672 | Test Loss: 0.0015 | Test Acc: 86.97%
2026-02-21 16:14:48 KST | INFO |   No improvement (1/30)
2026-02-21 16:14:48 KST | INFO | 
2026-02-21 16:14:48 KST | INFO | Epoch 41/200 | LR: 0.090451
2026-02-21 16:16:29 KST | INFO |   Train Loss: 0.2589 | Test Loss: 0.0016 | Test Acc: 86.03%
2026-02-21 16:16:29 KST | INFO |   No improvement (2/30)
2026-02-21 16:16:29 KST | INFO | 
2026-02-21 16:16:29 KST | INFO | Epoch 42/200 | LR: 0.089984
2026-02-21 16:18:10 KST | INFO |   Train Loss: 0.2573 | Test Loss: 0.0017 | Test Acc: 84.25%
2026-02-21 16:18:10 KST | INFO |   No improvement (3/30)
2026-02-21 16:18:10 KST | INFO | 
2026-02-21 16:18:10 KST | INFO | Epoch 43/200 | LR: 0.089508
2026-02-21 16:19:51 KST | INFO |   Train Loss: 0.2510 | Test Loss: 0.0019 | Test Acc: 82.85%
2026-02-21 16:19:51 KST | INFO |   No improvement (4/30)
2026-02-21 16:19:51 KST | INFO | 
2026-02-21 16:19:51 KST | INFO | Epoch 44/200 | LR: 0.089022
2026-02-21 16:21:31 KST | INFO |   Train Loss: 0.2482 | Test Loss: 0.0019 | Test Acc: 82.57%
2026-02-21 16:21:31 KST | INFO |   No improvement (5/30)
2026-02-21 16:21:31 KST | INFO | 
2026-02-21 16:21:31 KST | INFO | Epoch 45/200 | LR: 0.088526
2026-02-21 16:23:05 KST | INFO |   Train Loss: 0.2449 | Test Loss: 0.0016 | Test Acc: 85.73%
2026-02-21 16:23:05 KST | INFO |   No improvement (6/30)
2026-02-21 16:23:05 KST | INFO | 
2026-02-21 16:23:05 KST | INFO | Epoch 46/200 | LR: 0.088020
2026-02-21 16:24:52 KST | INFO |   Train Loss: 0.2455 | Test Loss: 0.0017 | Test Acc: 84.83%
2026-02-21 16:24:52 KST | INFO |   No improvement (7/30)
2026-02-21 16:24:52 KST | INFO | 
2026-02-21 16:24:52 KST | INFO | Epoch 47/200 | LR: 0.087506
2026-02-21 16:26:26 KST | INFO |   Train Loss: 0.2487 | Test Loss: 0.0016 | Test Acc: 85.83%
2026-02-21 16:26:26 KST | INFO |   No improvement (8/30)
2026-02-21 16:26:26 KST | INFO | 
2026-02-21 16:26:26 KST | INFO | Epoch 48/200 | LR: 0.086982
2026-02-21 16:28:13 KST | INFO |   Train Loss: 0.2382 | Test Loss: 0.0018 | Test Acc: 83.67%
2026-02-21 16:28:13 KST | INFO |   No improvement (9/30)
2026-02-21 16:28:13 KST | INFO | 
2026-02-21 16:28:13 KST | INFO | Epoch 49/200 | LR: 0.086449
2026-02-21 16:29:46 KST | INFO |   Train Loss: 0.2407 | Test Loss: 0.0016 | Test Acc: 85.58%
2026-02-21 16:29:46 KST | INFO |   No improvement (10/30)
2026-02-21 16:29:46 KST | INFO | 
2026-02-21 16:29:46 KST | INFO | Epoch 50/200 | LR: 0.085906
2026-02-21 16:31:35 KST | INFO |   Train Loss: 0.2348 | Test Loss: 0.0016 | Test Acc: 85.88%
2026-02-21 16:31:35 KST | INFO |   No improvement (11/30)
2026-02-21 16:31:35 KST | INFO | 
2026-02-21 16:31:35 KST | INFO | Epoch 51/200 | LR: 0.085355
2026-02-21 16:33:09 KST | INFO |   Train Loss: 0.2355 | Test Loss: 0.0018 | Test Acc: 85.42%
2026-02-21 16:33:09 KST | INFO |   No improvement (12/30)
2026-02-21 16:33:09 KST | INFO | 
2026-02-21 16:33:09 KST | INFO | Epoch 52/200 | LR: 0.084796
2026-02-21 16:34:56 KST | INFO |   Train Loss: 0.2303 | Test Loss: 0.0017 | Test Acc: 84.83%
2026-02-21 16:34:56 KST | INFO |   No improvement (13/30)
2026-02-21 16:34:56 KST | INFO | 
2026-02-21 16:34:56 KST | INFO | Epoch 53/200 | LR: 0.084228
2026-02-21 16:36:30 KST | INFO |   Train Loss: 0.2333 | Test Loss: 0.0014 | Test Acc: 88.20%
2026-02-21 16:36:30 KST | INFO |   🏆 New best accuracy: 88.20%
2026-02-21 16:36:30 KST | INFO | 
2026-02-21 16:36:30 KST | INFO | Epoch 54/200 | LR: 0.083651
2026-02-21 16:38:18 KST | INFO |   Train Loss: 0.2239 | Test Loss: 0.0019 | Test Acc: 83.85%
2026-02-21 16:38:18 KST | INFO |   No improvement (1/30)
2026-02-21 16:38:18 KST | INFO | 
2026-02-21 16:38:18 KST | INFO | Epoch 55/200 | LR: 0.083066
2026-02-21 16:39:51 KST | INFO |   Train Loss: 0.2231 | Test Loss: 0.0017 | Test Acc: 84.72%
2026-02-21 16:39:51 KST | INFO |   No improvement (2/30)
2026-02-21 16:39:51 KST | INFO | 
2026-02-21 16:39:51 KST | INFO | Epoch 56/200 | LR: 0.082473
2026-02-21 16:41:39 KST | INFO |   Train Loss: 0.2251 | Test Loss: 0.0014 | Test Acc: 88.18%
2026-02-21 16:41:39 KST | INFO |   No improvement (3/30)
2026-02-21 16:41:39 KST | INFO | 
2026-02-21 16:41:39 KST | INFO | Epoch 57/200 | LR: 0.081871
2026-02-21 16:43:14 KST | INFO |   Train Loss: 0.2153 | Test Loss: 0.0015 | Test Acc: 86.27%
2026-02-21 16:43:14 KST | INFO |   No improvement (4/30)
2026-02-21 16:43:14 KST | INFO | 
2026-02-21 16:43:14 KST | INFO | Epoch 58/200 | LR: 0.081262
2026-02-21 16:44:55 KST | INFO |   Train Loss: 0.2184 | Test Loss: 0.0013 | Test Acc: 87.93%
2026-02-21 16:44:55 KST | INFO |   No improvement (5/30)
2026-02-21 16:44:55 KST | INFO | 
2026-02-21 16:44:55 KST | INFO | Epoch 59/200 | LR: 0.080646
2026-02-21 16:46:35 KST | INFO |   Train Loss: 0.2134 | Test Loss: 0.0014 | Test Acc: 87.17%
2026-02-21 16:46:35 KST | INFO |   No improvement (6/30)
2026-02-21 16:46:35 KST | INFO | 
2026-02-21 16:46:35 KST | INFO | Epoch 60/200 | LR: 0.080021
2026-02-21 16:48:10 KST | INFO |   Train Loss: 0.2116 | Test Loss: 0.0020 | Test Acc: 82.52%
2026-02-21 16:48:10 KST | INFO |   No improvement (7/30)
2026-02-21 16:48:10 KST | INFO | 
2026-02-21 16:48:10 KST | INFO | Epoch 61/200 | LR: 0.079389
2026-02-21 16:49:56 KST | INFO |   Train Loss: 0.2136 | Test Loss: 0.0015 | Test Acc: 86.03%
2026-02-21 16:49:56 KST | INFO |   No improvement (8/30)
2026-02-21 16:49:56 KST | INFO | 
2026-02-21 16:49:56 KST | INFO | Epoch 62/200 | LR: 0.078750
2026-02-21 16:51:30 KST | INFO |   Train Loss: 0.2090 | Test Loss: 0.0015 | Test Acc: 87.22%
2026-02-21 16:51:30 KST | INFO |   No improvement (9/30)
2026-02-21 16:51:30 KST | INFO | 
2026-02-21 16:51:30 KST | INFO | Epoch 63/200 | LR: 0.078104
2026-02-21 16:53:22 KST | INFO |   Train Loss: 0.2098 | Test Loss: 0.0015 | Test Acc: 86.57%
2026-02-21 16:53:22 KST | INFO |   No improvement (10/30)
2026-02-21 16:53:22 KST | INFO | 
2026-02-21 16:53:22 KST | INFO | Epoch 64/200 | LR: 0.077451
2026-02-21 16:54:56 KST | INFO |   Train Loss: 0.2074 | Test Loss: 0.0015 | Test Acc: 87.38%
2026-02-21 16:54:56 KST | INFO |   No improvement (11/30)
2026-02-21 16:54:56 KST | INFO | 
2026-02-21 16:54:56 KST | INFO | Epoch 65/200 | LR: 0.076792
2026-02-21 16:56:43 KST | INFO |   Train Loss: 0.2018 | Test Loss: 0.0015 | Test Acc: 87.08%
2026-02-21 16:56:43 KST | INFO |   No improvement (12/30)
2026-02-21 16:56:43 KST | INFO | 
2026-02-21 16:56:43 KST | INFO | Epoch 66/200 | LR: 0.076125
2026-02-21 16:58:17 KST | INFO |   Train Loss: 0.1971 | Test Loss: 0.0014 | Test Acc: 88.18%
2026-02-21 16:58:17 KST | INFO |   No improvement (13/30)
2026-02-21 16:58:17 KST | INFO | 
2026-02-21 16:58:17 KST | INFO | Epoch 67/200 | LR: 0.075452
2026-02-21 17:00:05 KST | INFO |   Train Loss: 0.1978 | Test Loss: 0.0014 | Test Acc: 87.03%
2026-02-21 17:00:05 KST | INFO |   No improvement (14/30)
2026-02-21 17:00:05 KST | INFO | 
2026-02-21 17:00:05 KST | INFO | Epoch 68/200 | LR: 0.074773
2026-02-21 17:01:39 KST | INFO |   Train Loss: 0.1929 | Test Loss: 0.0015 | Test Acc: 87.30%
2026-02-21 17:01:39 KST | INFO |   No improvement (15/30)
2026-02-21 17:01:39 KST | INFO | 
2026-02-21 17:01:39 KST | INFO | Epoch 69/200 | LR: 0.074088
2026-02-21 17:03:13 KST | INFO |   Train Loss: 0.1934 | Test Loss: 0.0014 | Test Acc: 87.75%
2026-02-21 17:03:13 KST | INFO |   No improvement (16/30)
2026-02-21 17:03:13 KST | INFO | 
2026-02-21 17:03:13 KST | INFO | Epoch 70/200 | LR: 0.073397
2026-02-21 17:05:06 KST | INFO |   Train Loss: 0.1937 | Test Loss: 0.0014 | Test Acc: 87.42%
2026-02-21 17:05:06 KST | INFO |   No improvement (17/30)
2026-02-21 17:05:06 KST | INFO | 
2026-02-21 17:05:06 KST | INFO | Epoch 71/200 | LR: 0.072700
2026-02-21 17:06:40 KST | INFO |   Train Loss: 0.1868 | Test Loss: 0.0014 | Test Acc: 87.85%
2026-02-21 17:06:40 KST | INFO |   No improvement (18/30)
2026-02-21 17:06:40 KST | INFO | 
2026-02-21 17:06:40 KST | INFO | Epoch 72/200 | LR: 0.071997
2026-02-21 17:08:27 KST | INFO |   Train Loss: 0.1892 | Test Loss: 0.0014 | Test Acc: 87.83%
2026-02-21 17:08:27 KST | INFO |   No improvement (19/30)
2026-02-21 17:08:27 KST | INFO | 
2026-02-21 17:08:27 KST | INFO | Epoch 73/200 | LR: 0.071289
2026-02-21 17:10:02 KST | INFO |   Train Loss: 0.1793 | Test Loss: 0.0014 | Test Acc: 88.13%
2026-02-21 17:10:02 KST | INFO |   No improvement (20/30)
2026-02-21 17:10:02 KST | INFO | 
2026-02-21 17:10:02 KST | INFO | Epoch 74/200 | LR: 0.070576
2026-02-21 17:11:50 KST | INFO |   Train Loss: 0.1826 | Test Loss: 0.0016 | Test Acc: 85.72%
2026-02-21 17:11:50 KST | INFO |   No improvement (21/30)
2026-02-21 17:11:50 KST | INFO | 
2026-02-21 17:11:50 KST | INFO | Epoch 75/200 | LR: 0.069858
2026-02-21 17:13:25 KST | INFO |   Train Loss: 0.1822 | Test Loss: 0.0015 | Test Acc: 87.07%
2026-02-21 17:13:25 KST | INFO |   No improvement (22/30)
2026-02-21 17:13:25 KST | INFO | 
2026-02-21 17:13:25 KST | INFO | Epoch 76/200 | LR: 0.069134
2026-02-21 17:15:20 KST | INFO |   Train Loss: 0.1750 | Test Loss: 0.0014 | Test Acc: 87.42%
2026-02-21 17:15:20 KST | INFO |   No improvement (23/30)
2026-02-21 17:15:20 KST | INFO | 
2026-02-21 17:15:20 KST | INFO | Epoch 77/200 | LR: 0.068407
2026-02-21 17:16:54 KST | INFO |   Train Loss: 0.1741 | Test Loss: 0.0014 | Test Acc: 87.43%
2026-02-21 17:16:54 KST | INFO |   No improvement (24/30)
2026-02-21 17:16:54 KST | INFO | 
2026-02-21 17:16:54 KST | INFO | Epoch 78/200 | LR: 0.067674
2026-02-21 17:18:47 KST | INFO |   Train Loss: 0.1699 | Test Loss: 0.0015 | Test Acc: 87.97%
2026-02-21 17:18:47 KST | INFO |   No improvement (25/30)
2026-02-21 17:18:47 KST | INFO | 
2026-02-21 17:18:47 KST | INFO | Epoch 79/200 | LR: 0.066937
2026-02-21 17:20:21 KST | INFO |   Train Loss: 0.1687 | Test Loss: 0.0014 | Test Acc: 88.13%
2026-02-21 17:20:21 KST | INFO |   No improvement (26/30)
2026-02-21 17:20:21 KST | INFO | 
2026-02-21 17:20:21 KST | INFO | Epoch 80/200 | LR: 0.066196
2026-02-21 17:22:02 KST | INFO |   Train Loss: 0.1698 | Test Loss: 0.0013 | Test Acc: 88.37%
2026-02-21 17:22:02 KST | INFO |   🏆 New best accuracy: 88.37%
2026-02-21 17:22:02 KST | INFO | 
2026-02-21 17:22:02 KST | INFO | Epoch 81/200 | LR: 0.065451
2026-02-21 17:23:41 KST | INFO |   Train Loss: 0.1625 | Test Loss: 0.0013 | Test Acc: 88.37%
2026-02-21 17:23:41 KST | INFO |   No improvement (1/30)
2026-02-21 17:23:41 KST | INFO | 
2026-02-21 17:23:41 KST | INFO | Epoch 82/200 | LR: 0.064702
2026-02-21 17:25:15 KST | INFO |   Train Loss: 0.1629 | Test Loss: 0.0015 | Test Acc: 86.98%
2026-02-21 17:25:15 KST | INFO |   No improvement (2/30)
2026-02-21 17:25:15 KST | INFO | 
2026-02-21 17:25:15 KST | INFO | Epoch 83/200 | LR: 0.063950
2026-02-21 17:27:03 KST | INFO |   Train Loss: 0.1605 | Test Loss: 0.0016 | Test Acc: 86.90%
2026-02-21 17:27:03 KST | INFO |   No improvement (3/30)
2026-02-21 17:27:03 KST | INFO | 
2026-02-21 17:27:03 KST | INFO | Epoch 84/200 | LR: 0.063194
2026-02-21 17:28:37 KST | INFO |   Train Loss: 0.1565 | Test Loss: 0.0015 | Test Acc: 87.63%
2026-02-21 17:28:37 KST | INFO |   No improvement (4/30)
2026-02-21 17:28:37 KST | INFO | 
2026-02-21 17:28:37 KST | INFO | Epoch 85/200 | LR: 0.062435
2026-02-21 17:30:25 KST | INFO |   Train Loss: 0.1560 | Test Loss: 0.0014 | Test Acc: 88.12%
2026-02-21 17:30:25 KST | INFO |   No improvement (5/30)
2026-02-21 17:30:25 KST | INFO | 
2026-02-21 17:30:25 KST | INFO | Epoch 86/200 | LR: 0.061673
2026-02-21 17:31:59 KST | INFO |   Train Loss: 0.1608 | Test Loss: 0.0013 | Test Acc: 88.48%
2026-02-21 17:31:59 KST | INFO |   🏆 New best accuracy: 88.48%
2026-02-21 17:31:59 KST | INFO | 
2026-02-21 17:31:59 KST | INFO | Epoch 87/200 | LR: 0.060908
2026-02-21 17:33:47 KST | INFO |   Train Loss: 0.1495 | Test Loss: 0.0013 | Test Acc: 88.50%
2026-02-21 17:33:47 KST | INFO |   🏆 New best accuracy: 88.50%
2026-02-21 17:33:47 KST | INFO | 
2026-02-21 17:33:47 KST | INFO | Epoch 88/200 | LR: 0.060140
2026-02-21 17:35:21 KST | INFO |   Train Loss: 0.1536 | Test Loss: 0.0017 | Test Acc: 86.02%
2026-02-21 17:35:21 KST | INFO |   No improvement (1/30)
2026-02-21 17:35:21 KST | INFO | 
2026-02-21 17:35:21 KST | INFO | Epoch 89/200 | LR: 0.059369
2026-02-21 17:37:08 KST | INFO |   Train Loss: 0.1513 | Test Loss: 0.0014 | Test Acc: 87.63%
2026-02-21 17:37:08 KST | INFO |   No improvement (2/30)
2026-02-21 17:37:08 KST | INFO | 
2026-02-21 17:37:08 KST | INFO | Epoch 90/200 | LR: 0.058597
2026-02-21 17:38:42 KST | INFO |   Train Loss: 0.1406 | Test Loss: 0.0014 | Test Acc: 88.13%
2026-02-21 17:38:42 KST | INFO |   No improvement (3/30)
2026-02-21 17:38:42 KST | INFO | 
2026-02-21 17:38:42 KST | INFO | Epoch 91/200 | LR: 0.057822
2026-02-21 17:40:21 KST | INFO |   Train Loss: 0.1424 | Test Loss: 0.0013 | Test Acc: 88.82%
2026-02-21 17:40:21 KST | INFO |   🏆 New best accuracy: 88.82%
2026-02-21 17:40:21 KST | INFO | 
2026-02-21 17:40:21 KST | INFO | Epoch 92/200 | LR: 0.057045
2026-02-21 17:42:03 KST | INFO |   Train Loss: 0.1425 | Test Loss: 0.0013 | Test Acc: 89.00%
2026-02-21 17:42:03 KST | INFO |   🏆 New best accuracy: 89.00%
2026-02-21 17:42:03 KST | INFO | 
2026-02-21 17:42:03 KST | INFO | Epoch 93/200 | LR: 0.056267
2026-02-21 17:43:40 KST | INFO |   Train Loss: 0.1362 | Test Loss: 0.0014 | Test Acc: 88.17%
2026-02-21 17:43:40 KST | INFO |   No improvement (1/30)
2026-02-21 17:43:40 KST | INFO | 
2026-02-21 17:43:40 KST | INFO | Epoch 94/200 | LR: 0.055487
2026-02-21 17:45:24 KST | INFO |   Train Loss: 0.1397 | Test Loss: 0.0015 | Test Acc: 87.47%
2026-02-21 17:45:24 KST | INFO |   No improvement (2/30)
2026-02-21 17:45:24 KST | INFO | 
2026-02-21 17:45:24 KST | INFO | Epoch 95/200 | LR: 0.054706
2026-02-21 17:46:58 KST | INFO |   Train Loss: 0.1342 | Test Loss: 0.0013 | Test Acc: 89.37%
2026-02-21 17:46:58 KST | INFO |   🏆 New best accuracy: 89.37%
2026-02-21 17:46:58 KST | INFO | 
2026-02-21 17:46:58 KST | INFO | Epoch 96/200 | LR: 0.053923
2026-02-21 17:48:45 KST | INFO |   Train Loss: 0.1312 | Test Loss: 0.0015 | Test Acc: 87.72%
2026-02-21 17:48:45 KST | INFO |   No improvement (1/30)
2026-02-21 17:48:45 KST | INFO | 
2026-02-21 17:48:45 KST | INFO | Epoch 97/200 | LR: 0.053140
2026-02-21 17:50:19 KST | INFO |   Train Loss: 0.1323 | Test Loss: 0.0014 | Test Acc: 87.88%
2026-02-21 17:50:19 KST | INFO |   No improvement (2/30)
2026-02-21 17:50:19 KST | INFO | 
2026-02-21 17:50:19 KST | INFO | Epoch 98/200 | LR: 0.052356
2026-02-21 17:51:59 KST | INFO |   Train Loss: 0.1273 | Test Loss: 0.0018 | Test Acc: 85.82%
2026-02-21 17:51:59 KST | INFO |   No improvement (3/30)
2026-02-21 17:51:59 KST | INFO | 
2026-02-21 17:51:59 KST | INFO | Epoch 99/200 | LR: 0.051571
2026-02-21 17:53:40 KST | INFO |   Train Loss: 0.1256 | Test Loss: 0.0013 | Test Acc: 89.10%
2026-02-21 17:53:40 KST | INFO |   No improvement (4/30)
2026-02-21 17:53:40 KST | INFO | 
2026-02-21 17:53:40 KST | INFO | Epoch 100/200 | LR: 0.050786
2026-02-21 17:55:20 KST | INFO |   Train Loss: 0.1238 | Test Loss: 0.0012 | Test Acc: 90.20%
2026-02-21 17:55:20 KST | INFO |   🏆 New best accuracy: 90.20%
2026-02-21 17:55:20 KST | INFO | 
2026-02-21 17:55:20 KST | INFO | Epoch 101/200 | LR: 0.050001
2026-02-21 17:57:01 KST | INFO |   Train Loss: 0.1196 | Test Loss: 0.0018 | Test Acc: 85.60%
2026-02-21 17:57:01 KST | INFO |   No improvement (1/30)
2026-02-21 17:57:01 KST | INFO | 
2026-02-21 17:57:01 KST | INFO | Epoch 102/200 | LR: 0.049215
2026-02-21 17:58:35 KST | INFO |   Train Loss: 0.1234 | Test Loss: 0.0014 | Test Acc: 88.55%
2026-02-21 17:58:35 KST | INFO |   No improvement (2/30)
2026-02-21 17:58:35 KST | INFO | 
2026-02-21 17:58:35 KST | INFO | Epoch 103/200 | LR: 0.048430
2026-02-21 18:00:23 KST | INFO |   Train Loss: 0.1152 | Test Loss: 0.0016 | Test Acc: 86.55%
2026-02-21 18:00:23 KST | INFO |   No improvement (3/30)
2026-02-21 18:00:23 KST | INFO | 
2026-02-21 18:00:23 KST | INFO | Epoch 104/200 | LR: 0.047645
2026-02-21 18:01:57 KST | INFO |   Train Loss: 0.1156 | Test Loss: 0.0013 | Test Acc: 89.18%
2026-02-21 18:01:57 KST | INFO |   No improvement (4/30)
2026-02-21 18:01:57 KST | INFO | 
2026-02-21 18:01:57 KST | INFO | Epoch 105/200 | LR: 0.046861
2026-02-21 18:03:45 KST | INFO |   Train Loss: 0.1131 | Test Loss: 0.0014 | Test Acc: 88.17%
2026-02-21 18:03:45 KST | INFO |   No improvement (5/30)
2026-02-21 18:03:45 KST | INFO | 
2026-02-21 18:03:45 KST | INFO | Epoch 106/200 | LR: 0.046078
2026-02-21 18:05:19 KST | INFO |   Train Loss: 0.1138 | Test Loss: 0.0013 | Test Acc: 88.93%
2026-02-21 18:05:19 KST | INFO |   No improvement (6/30)
2026-02-21 18:05:19 KST | INFO | 
2026-02-21 18:05:19 KST | INFO | Epoch 107/200 | LR: 0.045295
2026-02-21 18:07:06 KST | INFO |   Train Loss: 0.1079 | Test Loss: 0.0012 | Test Acc: 89.62%
2026-02-21 18:07:06 KST | INFO |   No improvement (7/30)
2026-02-21 18:07:06 KST | INFO | 
2026-02-21 18:07:06 KST | INFO | Epoch 108/200 | LR: 0.044514
2026-02-21 18:08:40 KST | INFO |   Train Loss: 0.1074 | Test Loss: 0.0012 | Test Acc: 90.18%
2026-02-21 18:08:40 KST | INFO |   No improvement (8/30)
2026-02-21 18:08:40 KST | INFO | 
2026-02-21 18:08:40 KST | INFO | Epoch 109/200 | LR: 0.043734
2026-02-21 18:10:15 KST | INFO |   Train Loss: 0.1021 | Test Loss: 0.0014 | Test Acc: 88.88%
2026-02-21 18:10:15 KST | INFO |   No improvement (9/30)
2026-02-21 18:10:15 KST | INFO | 
2026-02-21 18:10:15 KST | INFO | Epoch 110/200 | LR: 0.042956
2026-02-21 18:12:01 KST | INFO |   Train Loss: 0.1029 | Test Loss: 0.0014 | Test Acc: 88.42%
2026-02-21 18:12:01 KST | INFO |   No improvement (10/30)
2026-02-21 18:12:01 KST | INFO | 
2026-02-21 18:12:01 KST | INFO | Epoch 111/200 | LR: 0.042179
2026-02-21 18:13:35 KST | INFO |   Train Loss: 0.1025 | Test Loss: 0.0014 | Test Acc: 88.57%
2026-02-21 18:13:35 KST | INFO |   No improvement (11/30)
2026-02-21 18:13:35 KST | INFO | 
2026-02-21 18:13:35 KST | INFO | Epoch 112/200 | LR: 0.041404
2026-02-21 18:15:23 KST | INFO |   Train Loss: 0.0967 | Test Loss: 0.0015 | Test Acc: 88.05%
2026-02-21 18:15:23 KST | INFO |   No improvement (12/30)
2026-02-21 18:15:23 KST | INFO | 
2026-02-21 18:15:23 KST | INFO | Epoch 113/200 | LR: 0.040632
2026-02-21 18:16:57 KST | INFO |   Train Loss: 0.0921 | Test Loss: 0.0014 | Test Acc: 88.13%
2026-02-21 18:16:57 KST | INFO |   No improvement (13/30)
2026-02-21 18:16:57 KST | INFO | 
2026-02-21 18:16:57 KST | INFO | Epoch 114/200 | LR: 0.039861
2026-02-21 18:18:44 KST | INFO |   Train Loss: 0.0945 | Test Loss: 0.0019 | Test Acc: 86.73%
2026-02-21 18:18:44 KST | INFO |   No improvement (14/30)
2026-02-21 18:18:44 KST | INFO | 
2026-02-21 18:18:44 KST | INFO | Epoch 115/200 | LR: 0.039093
2026-02-21 18:20:19 KST | INFO |   Train Loss: 0.0922 | Test Loss: 0.0015 | Test Acc: 87.95%
2026-02-21 18:20:19 KST | INFO |   No improvement (15/30)
2026-02-21 18:20:19 KST | INFO | 
2026-02-21 18:20:19 KST | INFO | Epoch 116/200 | LR: 0.038328
2026-02-21 18:22:05 KST | INFO |   Train Loss: 0.0879 | Test Loss: 0.0013 | Test Acc: 88.97%
2026-02-21 18:22:05 KST | INFO |   No improvement (16/30)
2026-02-21 18:22:05 KST | INFO | 
2026-02-21 18:22:05 KST | INFO | Epoch 117/200 | LR: 0.037566
2026-02-21 18:23:40 KST | INFO |   Train Loss: 0.0877 | Test Loss: 0.0013 | Test Acc: 89.18%
2026-02-21 18:23:40 KST | INFO |   No improvement (17/30)
2026-02-21 18:23:40 KST | INFO | 
2026-02-21 18:23:40 KST | INFO | Epoch 118/200 | LR: 0.036807
2026-02-21 18:25:14 KST | INFO |   Train Loss: 0.0846 | Test Loss: 0.0013 | Test Acc: 89.35%
2026-02-21 18:25:14 KST | INFO |   No improvement (18/30)
2026-02-21 18:25:14 KST | INFO | 
2026-02-21 18:25:14 KST | INFO | Epoch 119/200 | LR: 0.036051
2026-02-21 18:27:00 KST | INFO |   Train Loss: 0.0797 | Test Loss: 0.0013 | Test Acc: 89.37%
2026-02-21 18:27:00 KST | INFO |   No improvement (19/30)
2026-02-21 18:27:00 KST | INFO | 
2026-02-21 18:27:00 KST | INFO | Epoch 120/200 | LR: 0.035299
2026-02-21 18:28:34 KST | INFO |   Train Loss: 0.0797 | Test Loss: 0.0015 | Test Acc: 88.88%
2026-02-21 18:28:34 KST | INFO |   No improvement (20/30)
2026-02-21 18:28:34 KST | INFO | 
2026-02-21 18:28:34 KST | INFO | Epoch 121/200 | LR: 0.034550
2026-02-21 18:30:21 KST | INFO |   Train Loss: 0.0757 | Test Loss: 0.0015 | Test Acc: 88.18%
2026-02-21 18:30:21 KST | INFO |   No improvement (21/30)
2026-02-21 18:30:21 KST | INFO | 
2026-02-21 18:30:21 KST | INFO | Epoch 122/200 | LR: 0.033805
2026-02-21 18:31:55 KST | INFO |   Train Loss: 0.0754 | Test Loss: 0.0019 | Test Acc: 85.87%
2026-02-21 18:31:55 KST | INFO |   No improvement (22/30)
2026-02-21 18:31:55 KST | INFO | 
2026-02-21 18:31:55 KST | INFO | Epoch 123/200 | LR: 0.033064
2026-02-21 18:33:42 KST | INFO |   Train Loss: 0.0712 | Test Loss: 0.0013 | Test Acc: 89.42%
2026-02-21 18:33:42 KST | INFO |   No improvement (23/30)
2026-02-21 18:33:42 KST | INFO | 
2026-02-21 18:33:42 KST | INFO | Epoch 124/200 | LR: 0.032327
2026-02-21 18:35:16 KST | INFO |   Train Loss: 0.0710 | Test Loss: 0.0013 | Test Acc: 89.53%
2026-02-21 18:35:16 KST | INFO |   No improvement (24/30)
2026-02-21 18:35:16 KST | INFO | 
2026-02-21 18:35:16 KST | INFO | Epoch 125/200 | LR: 0.031594
2026-02-21 18:37:10 KST | INFO |   Train Loss: 0.0694 | Test Loss: 0.0015 | Test Acc: 88.03%
2026-02-21 18:37:10 KST | INFO |   No improvement (25/30)
2026-02-21 18:37:10 KST | INFO | 
2026-02-21 18:37:10 KST | INFO | Epoch 126/200 | LR: 0.030867
2026-02-21 18:38:44 KST | INFO |   Train Loss: 0.0671 | Test Loss: 0.0013 | Test Acc: 89.92%
2026-02-21 18:38:44 KST | INFO |   No improvement (26/30)
2026-02-21 18:38:44 KST | INFO | 
2026-02-21 18:38:44 KST | INFO | Epoch 127/200 | LR: 0.030143
2026-02-21 18:40:29 KST | INFO |   Train Loss: 0.0665 | Test Loss: 0.0012 | Test Acc: 90.70%
2026-02-21 18:40:29 KST | INFO |   🏆 New best accuracy: 90.70%
2026-02-21 18:40:29 KST | INFO | 
2026-02-21 18:40:29 KST | INFO | Epoch 128/200 | LR: 0.029425
2026-02-21 18:42:04 KST | INFO |   Train Loss: 0.0615 | Test Loss: 0.0015 | Test Acc: 87.60%
2026-02-21 18:42:04 KST | INFO |   No improvement (1/30)
2026-02-21 18:42:04 KST | INFO | 
2026-02-21 18:42:04 KST | INFO | Epoch 129/200 | LR: 0.028712
2026-02-21 18:43:45 KST | INFO |   Train Loss: 0.0628 | Test Loss: 0.0013 | Test Acc: 89.93%
2026-02-21 18:43:45 KST | INFO |   No improvement (2/30)
2026-02-21 18:43:45 KST | INFO | 
2026-02-21 18:43:45 KST | INFO | Epoch 130/200 | LR: 0.028004
2026-02-21 18:45:25 KST | INFO |   Train Loss: 0.0637 | Test Loss: 0.0013 | Test Acc: 89.48%
2026-02-21 18:45:25 KST | INFO |   No improvement (3/30)
2026-02-21 18:45:25 KST | INFO | 
2026-02-21 18:45:25 KST | INFO | Epoch 131/200 | LR: 0.027301
2026-02-21 18:47:06 KST | INFO |   Train Loss: 0.0595 | Test Loss: 0.0015 | Test Acc: 87.85%
2026-02-21 18:47:06 KST | INFO |   No improvement (4/30)
2026-02-21 18:47:06 KST | INFO | 
2026-02-21 18:47:06 KST | INFO | Epoch 132/200 | LR: 0.026604
2026-02-21 18:48:47 KST | INFO |   Train Loss: 0.0576 | Test Loss: 0.0013 | Test Acc: 89.95%
2026-02-21 18:48:47 KST | INFO |   No improvement (5/30)
2026-02-21 18:48:47 KST | INFO | 
2026-02-21 18:48:47 KST | INFO | Epoch 133/200 | LR: 0.025913
2026-02-21 18:50:27 KST | INFO |   Train Loss: 0.0551 | Test Loss: 0.0015 | Test Acc: 88.58%
2026-02-21 18:50:27 KST | INFO |   No improvement (6/30)
2026-02-21 18:50:27 KST | INFO | 
2026-02-21 18:50:27 KST | INFO | Epoch 134/200 | LR: 0.025228
2026-02-21 18:52:08 KST | INFO |   Train Loss: 0.0542 | Test Loss: 0.0015 | Test Acc: 88.80%
2026-02-21 18:52:08 KST | INFO |   No improvement (7/30)
2026-02-21 18:52:08 KST | INFO | 
2026-02-21 18:52:08 KST | INFO | Epoch 135/200 | LR: 0.024549
2026-02-21 18:53:42 KST | INFO |   Train Loss: 0.0538 | Test Loss: 0.0012 | Test Acc: 90.33%
2026-02-21 18:53:42 KST | INFO |   No improvement (8/30)
2026-02-21 18:53:42 KST | INFO | 
2026-02-21 18:53:42 KST | INFO | Epoch 136/200 | LR: 0.023876
2026-02-21 18:55:29 KST | INFO |   Train Loss: 0.0516 | Test Loss: 0.0013 | Test Acc: 89.17%
2026-02-21 18:55:29 KST | INFO |   No improvement (9/30)
2026-02-21 18:55:29 KST | INFO | 
2026-02-21 18:55:29 KST | INFO | Epoch 137/200 | LR: 0.023209
2026-02-21 18:57:04 KST | INFO |   Train Loss: 0.0482 | Test Loss: 0.0013 | Test Acc: 90.48%
2026-02-21 18:57:04 KST | INFO |   No improvement (10/30)
2026-02-21 18:57:04 KST | INFO | 
2026-02-21 18:57:04 KST | INFO | Epoch 138/200 | LR: 0.022550
2026-02-21 18:58:44 KST | INFO |   Train Loss: 0.0502 | Test Loss: 0.0015 | Test Acc: 89.02%
2026-02-21 18:58:44 KST | INFO |   No improvement (11/30)
2026-02-21 18:58:44 KST | INFO | 
2026-02-21 18:58:44 KST | INFO | Epoch 139/200 | LR: 0.021897
2026-02-21 19:00:24 KST | INFO |   Train Loss: 0.0470 | Test Loss: 0.0014 | Test Acc: 89.05%
2026-02-21 19:00:24 KST | INFO |   No improvement (12/30)
2026-02-21 19:00:24 KST | INFO | 
2026-02-21 19:00:24 KST | INFO | Epoch 140/200 | LR: 0.021251
2026-02-21 19:02:05 KST | INFO |   Train Loss: 0.0442 | Test Loss: 0.0015 | Test Acc: 89.20%
2026-02-21 19:02:05 KST | INFO |   No improvement (13/30)
2026-02-21 19:02:05 KST | INFO | 
2026-02-21 19:02:05 KST | INFO | Epoch 141/200 | LR: 0.020612
2026-02-21 19:03:46 KST | INFO |   Train Loss: 0.0423 | Test Loss: 0.0014 | Test Acc: 89.82%
2026-02-21 19:03:46 KST | INFO |   No improvement (14/30)
2026-02-21 19:03:46 KST | INFO | 
2026-02-21 19:03:46 KST | INFO | Epoch 142/200 | LR: 0.019980
2026-02-21 19:05:20 KST | INFO |   Train Loss: 0.0405 | Test Loss: 0.0012 | Test Acc: 90.67%
2026-02-21 19:05:20 KST | INFO |   No improvement (15/30)
2026-02-21 19:05:20 KST | INFO | 
2026-02-21 19:05:20 KST | INFO | Epoch 143/200 | LR: 0.019355
2026-02-21 19:07:05 KST | INFO |   Train Loss: 0.0421 | Test Loss: 0.0014 | Test Acc: 89.57%
2026-02-21 19:07:05 KST | INFO |   No improvement (16/30)
2026-02-21 19:07:05 KST | INFO | 
2026-02-21 19:07:05 KST | INFO | Epoch 144/200 | LR: 0.018739
2026-02-21 19:08:40 KST | INFO |   Train Loss: 0.0382 | Test Loss: 0.0015 | Test Acc: 89.32%
2026-02-21 19:08:40 KST | INFO |   No improvement (17/30)
2026-02-21 19:08:40 KST | INFO | 
2026-02-21 19:08:40 KST | INFO | Epoch 145/200 | LR: 0.018130
2026-02-21 19:10:34 KST | INFO |   Train Loss: 0.0343 | Test Loss: 0.0014 | Test Acc: 89.58%
2026-02-21 19:10:34 KST | INFO |   No improvement (18/30)
2026-02-21 19:10:34 KST | INFO | 
2026-02-21 19:10:34 KST | INFO | Epoch 146/200 | LR: 0.017528
2026-02-21 19:12:08 KST | INFO |   Train Loss: 0.0349 | Test Loss: 0.0014 | Test Acc: 89.72%
2026-02-21 19:12:08 KST | INFO |   No improvement (19/30)
2026-02-21 19:12:08 KST | INFO | 
2026-02-21 19:12:08 KST | INFO | Epoch 147/200 | LR: 0.016935
2026-02-21 19:13:48 KST | INFO |   Train Loss: 0.0336 | Test Loss: 0.0014 | Test Acc: 89.42%
2026-02-21 19:13:48 KST | INFO |   No improvement (20/30)
2026-02-21 19:13:48 KST | INFO | 
2026-02-21 19:13:48 KST | INFO | Epoch 148/200 | LR: 0.016350
2026-02-21 19:15:28 KST | INFO |   Train Loss: 0.0339 | Test Loss: 0.0014 | Test Acc: 89.90%
2026-02-21 19:15:28 KST | INFO |   No improvement (21/30)
2026-02-21 19:15:28 KST | INFO | 
2026-02-21 19:15:28 KST | INFO | Epoch 149/200 | LR: 0.015773
2026-02-21 19:17:09 KST | INFO |   Train Loss: 0.0314 | Test Loss: 0.0016 | Test Acc: 88.72%
2026-02-21 19:17:09 KST | INFO |   No improvement (22/30)
2026-02-21 19:17:09 KST | INFO | 
2026-02-21 19:17:09 KST | INFO | Epoch 150/200 | LR: 0.015205
2026-02-21 19:18:50 KST | INFO |   Train Loss: 0.0297 | Test Loss: 0.0015 | Test Acc: 89.47%
2026-02-21 19:18:50 KST | INFO |   No improvement (23/30)
2026-02-21 19:18:50 KST | INFO | 
2026-02-21 19:18:50 KST | INFO | Epoch 151/200 | LR: 0.014646
2026-02-21 19:20:30 KST | INFO |   Train Loss: 0.0289 | Test Loss: 0.0014 | Test Acc: 89.58%
2026-02-21 19:20:30 KST | INFO |   No improvement (24/30)
2026-02-21 19:20:30 KST | INFO | 
2026-02-21 19:20:30 KST | INFO | Epoch 152/200 | LR: 0.014095
2026-02-21 19:22:10 KST | INFO |   Train Loss: 0.0299 | Test Loss: 0.0013 | Test Acc: 90.10%
2026-02-21 19:22:10 KST | INFO |   No improvement (25/30)
2026-02-21 19:22:10 KST | INFO | 
2026-02-21 19:22:10 KST | INFO | Epoch 153/200 | LR: 0.013552
2026-02-21 19:23:51 KST | INFO |   Train Loss: 0.0267 | Test Loss: 0.0014 | Test Acc: 89.58%
2026-02-21 19:23:51 KST | INFO |   No improvement (26/30)
2026-02-21 19:23:51 KST | INFO | 
2026-02-21 19:23:51 KST | INFO | Epoch 154/200 | LR: 0.013019
2026-02-21 19:25:31 KST | INFO |   Train Loss: 0.0252 | Test Loss: 0.0013 | Test Acc: 90.17%
2026-02-21 19:25:31 KST | INFO |   No improvement (27/30)
2026-02-21 19:25:31 KST | INFO | 
2026-02-21 19:25:31 KST | INFO | Epoch 155/200 | LR: 0.012495
2026-02-21 19:27:11 KST | INFO |   Train Loss: 0.0273 | Test Loss: 0.0015 | Test Acc: 89.67%
2026-02-21 19:27:11 KST | INFO |   No improvement (28/30)
2026-02-21 19:27:11 KST | INFO | 
2026-02-21 19:27:11 KST | INFO | Epoch 156/200 | LR: 0.011981
2026-02-21 19:28:51 KST | INFO |   Train Loss: 0.0250 | Test Loss: 0.0015 | Test Acc: 88.88%
2026-02-21 19:28:51 KST | INFO |   No improvement (29/30)
2026-02-21 19:28:51 KST | INFO | 
2026-02-21 19:28:51 KST | INFO | Epoch 157/200 | LR: 0.011475
2026-02-21 19:30:25 KST | INFO |   Train Loss: 0.0231 | Test Loss: 0.0014 | Test Acc: 90.03%
2026-02-21 19:30:25 KST | INFO |   No improvement (30/30)
2026-02-21 19:30:25 KST | INFO | 
2026-02-21 19:30:25 KST | INFO | Early stopping after 30 epochs without improvement
2026-02-21 19:30:25 KST | INFO | 
2026-02-21 19:30:25 KST | INFO | ================================================================================
2026-02-21 19:30:25 KST | INFO | TRAINING COMPLETE
2026-02-21 19:30:25 KST | INFO | ================================================================================
2026-02-21 19:30:25 KST | INFO | Best accuracy:  90.70% (Epoch 127)
2026-02-21 19:30:25 KST | INFO | Final accuracy: 90.03%
2026-02-21 19:30:25 KST | INFO | ================================================================================
2026-02-21 19:30:25 KST | INFO | 
2026-02-21 19:30:25 KST | INFO | Notifying nodes of completion...
2026-02-21 19:30:26 KST | INFO | ✓ Nodes notified
2026-02-21 19:30:26 KST | INFO | 
2026-02-21 19:30:26 KST | INFO | Closing connections...
2026-02-21 19:30:26 KST | INFO | ✓ Cleanup complete
2026-02-21 19:30:26 KST | INFO | 
2026-02-21 19:30:26 KST | INFO | Full log: logs/TL++_secure_20260221_150716.log
2026-02-21 19:30:26 KST | INFO | ================================================================================
